
Currently Loaded Modules:
  1) easybuild        18) libpng/1.6.38       35) libfabric/1.16.1
  2) site             19) Brotli/1.0.9        36) PMIx/4.2.2
  3) slurm/wulver     20) freetype/2.12.1     37) UCC/1.1.0
  4) GCCcore/12.2.0   21) util-linux/2.38.1   38) OpenMPI/4.1.4
  5) zlib/1.2.12      22) fontconfig/2.14.1   39) gzip/1.12
  6) binutils/2.39    23) xorg-macros/1.19.3  40) lz4/1.9.4
  7) Bison/3.8.2      24) libpciaccess/0.17   41) zstd/1.5.2
  8) GCC/12.2.0       25) X11/20221110        42) libdrm/2.4.114
  9) XZ/5.2.7         26) FriBidi/1.0.12      43) libglvnd/1.6.0
 10) libunwind/1.6.2  27) SDL2/2.26.3         44) LLVM/15.0.5
 11) NASM/2.15.05     28) FFmpeg/6.1.1        45) Mesa/22.2.4
 12) bzip2/1.0.8      29) numactl/2.0.16      46) intel-compilers/2022.2.1
 13) x264/20230226    30) libxml2/2.10.3      47) impi/2021.7.1
 14) ncurses/6.3      31) hwloc/2.8.0         48) imkl/2022.2.1
 15) LAME/3.100       32) OpenSSL/1.1         49) imkl-FFTW/2022.2.1
 16) x265/3.5         33) libevent/2.1.12     50) intel/2022b
 17) expat/2.4.9      34) UCX/1.13.1

 

0 0.999957
0.000437188 0.999986
0.00100254 1.00002
0.001569 1.00013
0.00213546 1.00013
0.00270193 1.00028
0.00326839 1.0003
0.00383486 1.00044
0.00440132 1.00053
0.00496779 1.00058
0.00553425 1.00071
0.00610072 1.00085
0.00666718 1.00097
0.00723365 1.00111
0.00780011 1.00125
0.00836658 1.00138
0.00893304 1.00152
0.00949951 1.00167
0.010066 1.00183
0.0106324 1.00198
0.0111989 1.00218
0.0117654 1.00238
0.0123318 1.00259
0.0128983 1.00283
0.0134648 1.00307
0.0140312 1.00333
0.0145977 1.0036
0.0151642 1.00389
0.0157306 1.00416
0.0162971 1.00442
0.0168636 1.00466
0.01743 1.00491
0.0179965 1.00515
0.0185629 1.00537
0.0191294 1.0056
0.0196959 1.00583
0.0202623 1.00605
0.0208288 1.00628
0.0213953 1.00652
0.0219617 1.00673
0.0225282 1.00696
0.0230947 1.00719
0.0236611 1.00743
0.0242276 1.00767
0.0246499 1.00786
0.0248376 1.00796
0.0249619 1.0082
0.0251423 1.00945
0.0254225 1.01406
0.0257956 1.02654
0.0262615 1.05702
0.0268169 1.17478
0.0273832 1.31734
0.0279497 1.43938
0.0285162 1.54517
0.0290826 1.6378
0.0296491 1.71952
0.0302156 1.79206
0.030782 1.85651
0.0313485 1.91401
0.031915 1.96552
0.0324814 2.01168
0.0330479 2.05296
0.0336144 2.09002
0.0341808 2.12309
0.0347473 2.15268
0.0353138 2.17899
0.0358802 2.20219
0.0364467 2.22263
0.0370132 2.24044
0.0375796 2.2558
0.0381461 2.26892
0.0387125 2.27998
0.039279 2.28894
0.0398455 2.29598
0.0404119 2.30128
0.0409784 2.30483
0.0415449 2.30697
0.0421113 2.30752
0.0426778 2.30667
0.0432443 2.30452
0.0438107 2.30116
0.0443772 2.29685
0.0449437 2.29122
0.0455101 2.28504
0.0460766 2.27764
0.0466431 2.26936
0.0472095 2.26027
0.047776 2.25046
0.0483425 2.23997
0.0489089 2.22893
0.0494754 2.21739
0.0500418 2.20527
0.0506083 2.19264
0.0511748 2.17941
0.0517412 2.16577
0.0523077 2.15181
0.0528742 2.13747
0.0534406 2.12284
0.0540071 2.10792
0.0545736 2.0927
0.05514 2.07726
0.0557065 2.06151
0.056273 2.0458
0.0568394 2.02975
0.0574059 2.01349
0.0579724 1.99717
0.0585388 1.98074
0.0591053 1.9642
0.0596718 1.94756
0.0602382 1.93084
0.0608047 1.9141
0.0613711 1.89728
0.0619376 1.88049
0.0625041 1.86358
0.0630705 1.84677
0.063637 1.83004
0.0642035 1.81348
0.0647699 1.79701
0.0653364 1.78071
0.0659029 1.76461
0.0664693 1.74863
0.0670358 1.73283
0.0676023 1.71732
0.0681687 1.70186
0.0687352 1.68683
0.0693017 1.67198
0.0698681 1.65716
0.0704346 1.64296
0.0710011 1.62888
0.0715675 1.61508
0.072134 1.60119
0.0727004 1.5884
0.0732669 1.57551
0.0738334 1.5629
0.0743998 1.55051
0.0749663 1.53847
0.0755328 1.52679
0.0760992 1.51544
0.0766657 1.5044
0.0772322 1.49371
0.0777986 1.48338
0.0783651 1.47343
0.0789316 1.46372
0.079498 1.4544
0.0800645 1.44572
0.080631 1.43719
0.0811974 1.42906
0.0817639 1.42127
0.0823304 1.41336
0.0828968 1.40622
0.0834633 1.40016
0.0840298 1.39382
0.0845962 1.38784
0.0851627 1.38223
0.0857291 1.37696
0.0862956 1.37203
0.0868621 1.36746
0.0874285 1.36326
0.087995 1.35932
0.0885615 1.3557
0.0891279 1.35264
0.0896944 1.34977
0.0902609 1.34721
0.0908273 1.34498
0.0913938 1.34307
0.0919603 1.34145
0.0925267 1.34014
0.0930932 1.33911
0.0936597 1.33834
0.0942261 1.33783
0.0947926 1.33753
0.0953591 1.33747
0.0959255 1.33765
0.096492 1.33806
0.0970584 1.33865
0.0976249 1.33942
0.0981914 1.3404
0.0987578 1.34156
0.0993243 1.34293
0.0998908 1.34441
0.100457 1.34605
0.101024 1.34783
0.10159 1.34975
0.102157 1.35178
0.102723 1.35391
0.10329 1.3561
0.103856 1.35834
0.104422 1.36066
0.104989 1.36302
0.105555 1.36544
0.106122 1.36795
0.106688 1.37044
0.107255 1.37299
0.107821 1.37562
0.108388 1.37822
0.108954 1.38078
0.109521 1.38334
0.110087 1.38588
0.110654 1.38839
0.11122 1.39089
0.111787 1.39354
0.112353 1.39605
0.112919 1.3985
0.113486 1.40088
0.114052 1.4032
0.114619 1.4053
0.115185 1.40753
0.115752 1.4097
0.116318 1.4118
0.116885 1.41383
0.117451 1.41598
0.118018 1.41787
0.118584 1.41971
0.119151 1.42141
0.119717 1.42297
0.120284 1.42447
0.12085 1.42595
0.121416 1.42732
0.121983 1.4283
0.122549 1.42949
0.123116 1.43006
0.123682 1.43108
0.124249 1.432
0.124815 1.43285
0.125382 1.43363
0.125948 1.43435
0.126515 1.43502
0.127081 1.43558
0.127648 1.43605
0.128214 1.43643
0.12878 1.4367
0.129347 1.43688
0.129913 1.43701
0.13048 1.43712
0.131046 1.43715
0.131613 1.43711
0.132179 1.43702
0.132746 1.43688
0.133312 1.43667
0.133879 1.43639
0.134445 1.43606
0.135012 1.43569
0.135578 1.43528
0.136145 1.43484
0.136711 1.43434
0.137277 1.43382
0.137844 1.43328
0.13841 1.43272
0.138977 1.43216
0.139543 1.43156
0.14011 1.43095
0.140676 1.43031
0.141243 1.42968
0.141809 1.42904
0.142376 1.42841
0.142942 1.42779
0.143509 1.42716
0.144075 1.42653
0.144642 1.42671
0.145208 1.42607
0.145774 1.42545
0.146341 1.42486
0.146907 1.42427
0.147474 1.4237
0.14804 1.42311
0.148607 1.42255
0.149173 1.42201
0.14974 1.4215
0.150306 1.42102
0.150873 1.42057
0.151439 1.41939
0.152006 1.4189
0.152572 1.41842
0.153138 1.41794
0.153705 1.41749
0.154271 1.41709
0.154838 1.4167
0.155404 1.41634
0.155971 1.416
0.156537 1.4157
0.157104 1.41537
0.15767 1.41503
0.158237 1.41471
0.158803 1.41442
0.15937 1.41414
0.159936 1.41387
0.160503 1.41364
0.161069 1.41339
0.161635 1.41315
0.162202 1.41291
0.162768 1.4127
0.163335 1.41251
0.163901 1.41235
0.164468 1.41223
0.165034 1.41214
0.165601 1.41207
0.166167 1.412
0.166734 1.41197
0.1673 1.41195
0.167867 1.4119
0.168433 1.41184
0.169 1.4118
0.169566 1.41178
0.170132 1.41177
0.170699 1.41173
0.171265 1.41171
0.171832 1.41166
0.172398 1.41161
0.172965 1.41157
0.173531 1.41156
0.174098 1.41156
0.174664 1.41157
0.175231 1.41158
0.175797 1.4116
0.176364 1.41164
0.17693 1.41167
0.177496 1.4117
0.178063 1.41173
0.178629 1.41178
0.179196 1.41182
0.179762 1.41186
0.180329 1.4119
0.180895 1.41195
0.181462 1.41201
0.182028 1.41207
0.182595 1.41214
0.183161 1.41222
0.183728 1.41232
0.184294 1.4124
0.184861 1.41249
0.185427 1.41257
0.185993 1.41264
0.18656 1.41272
0.187126 1.41281
0.187693 1.41289
0.188259 1.41294
0.188826 1.413
0.189392 1.41305
0.189959 1.41312
0.190525 1.41318
0.191092 1.41326
0.191658 1.41333
0.192225 1.4134
0.192791 1.41348
0.193358 1.41355
0.193924 1.41362
0.19449 1.41369
0.195057 1.41377
0.195623 1.41384
0.19619 1.41387
0.196756 1.41387
0.197323 1.41388
0.197889 1.4139
0.198456 1.41394
0.199022 1.41399
0.199589 1.41406
0.200155 1.41413
0.200722 1.41421
0.201288 1.41429
0.201854 1.41436
0.202421 1.41443
0.202987 1.41449
0.203554 1.41455
0.20412 1.41461
0.204687 1.41468
0.205253 1.41472
0.20582 1.41476
0.206386 1.4148
0.206953 1.41485
0.207519 1.41489
0.208086 1.41494
0.208652 1.41499
0.209219 1.41505
0.209785 1.4151
0.210351 1.41515
0.210918 1.4152
0.211484 1.4152
0.212051 1.41519
0.212617 1.41518
0.213184 1.41516
0.21375 1.41513
0.214317 1.41512
0.214883 1.41511
0.21545 1.41511
0.216016 1.41513
0.216583 1.41511
0.217149 1.41508
0.217715 1.41506
0.218282 1.41504
0.218848 1.41503
0.219415 1.41502
0.219981 1.41501
0.220548 1.41499
0.221114 1.41497
0.221681 1.41495
0.222247 1.41494
0.222814 1.41496
0.22338 1.41498
0.223947 1.41499
0.224513 1.415
0.22508 1.415
0.225646 1.41499
0.226212 1.41499
0.226779 1.41498
0.227345 1.41497
0.227912 1.41494
0.228478 1.41491
0.229045 1.41489
0.229611 1.41488
0.230178 1.41486
0.230744 1.41486
0.231311 1.41486
0.231877 1.41485
0.232444 1.41486
0.23301 1.41486
0.233577 1.41487
0.234143 1.41487
0.234709 1.41488
0.235276 1.41488
0.235842 1.41487
0.236409 1.41484
0.236975 1.41481
0.237542 1.41479
0.238108 1.41476
0.238675 1.41472
0.239241 1.41469
0.239808 1.41467
0.240374 1.41466
0.240941 1.41465
0.241507 1.41465
0.242073 1.41465
0.24264 1.41463
0.243206 1.41461
0.243773 1.4146
0.244339 1.41459
0.244906 1.41458
0.245472 1.41458
0.246039 1.41459
0.246605 1.4146
0.247172 1.4146
0.247738 1.41459
0.248305 1.41461
0.248871 1.41463
0.249438 1.41465
0.250004 1.41466
0.25057 1.41466
0.251137 1.41467
0.251703 1.41467
0.25227 1.41468
0.252836 1.41466
0.253403 1.41464
0.253969 1.41462
0.254536 1.41463
0.255102 1.41465
0.255669 1.41466
0.256235 1.41465
0.256802 1.41464
0.257368 1.41463
0.257935 1.41462
0.258501 1.41461
0.259067 1.4146
0.259634 1.41459
0.2602 1.41459
0.260767 1.41457
0.261333 1.41455
0.2619 1.4145
0.262466 1.41446
0.263033 1.41444
0.263599 1.41444
0.264166 1.41446
0.264732 1.41448
0.265299 1.41449
0.265865 1.41449
0.266431 1.41448
0.266998 1.41448
0.267564 1.41447
0.268131 1.41446
0.268697 1.41442
0.269264 1.41438
0.26983 1.41438
0.270397 1.41442
0.270963 1.41445
0.27153 1.41447
0.272096 1.41447
0.272663 1.41445
0.273229 1.41445
0.273796 1.41445
0.274362 1.41443
0.274928 1.41437
0.275495 1.41429
0.276061 1.41418
0.276628 1.4141
0.277194 1.41407
0.277761 1.41403
0.278327 1.41399
0.278894 1.41395
0.27946 1.41392
0.280027 1.41391
0.280593 1.4139
0.28116 1.41388
0.281726 1.41386
0.282293 1.41388
0.282859 1.41385
0.283425 1.4138
0.283992 1.41376
0.284558 1.41371
0.285125 1.4137
0.285691 1.41367
0.286258 1.41363
0.286824 1.41359
0.287391 1.41355
0.287957 1.41352
0.288524 1.41351
0.28909 1.41351
0.289657 1.41352
0.290223 1.41351
0.290789 1.41349
0.291356 1.41347
0.291922 1.41341
0.292489 1.41335
0.293055 1.41331
0.293622 1.41328
0.294188 1.41326
0.294755 1.41325
0.295321 1.41323
0.295888 1.41321
0.296454 1.41319
0.297021 1.41318
0.297587 1.41318
0.298154 1.41319
0.29872 1.4132
0.299286 1.41323
0.299853 1.41325
0.300419 1.41328
0.300986 1.41332
0.301552 1.41335
0.302119 1.41339
0.302685 1.41343
0.303252 1.41347
0.303818 1.41351
0.304385 1.41357
0.304951 1.4136
0.305518 1.41361
0.306084 1.41358
0.306651 1.41356
0.307217 1.41356
0.307783 1.41357
0.30835 1.41359
0.308916 1.41361
0.309483 1.41364
0.310049 1.41369
0.310616 1.41369
0.311182 1.41368
0.311749 1.41368
0.312315 1.4137
0.312882 1.41373
0.313448 1.41376
0.314015 1.41379
0.314581 1.41383
0.315147 1.41387
0.315714 1.41392
0.31628 1.41396
0.316847 1.414
0.317413 1.41405
0.31798 1.41409
0.318546 1.41413
0.319113 1.41418
0.319679 1.41422
0.320246 1.41426
0.320812 1.41431
0.321379 1.41435
0.321945 1.41437
0.322512 1.41437
0.323078 1.41438
0.323644 1.4144
0.324211 1.41442
0.324777 1.41444
0.325344 1.41447
0.32591 1.41449
0.326477 1.41452
0.327043 1.41454
0.32761 1.41457
0.328176 1.41459
0.328743 1.41463
0.329309 1.41463
0.329876 1.41462
0.330442 1.41461
0.331009 1.41462
0.331575 1.41463
0.332141 1.41464
0.332708 1.41467
0.333274 1.41468
0.333841 1.41469
0.334407 1.4147
0.334974 1.41472
0.33554 1.41473
0.336107 1.41474
0.336673 1.41476
0.33724 1.41476
0.337806 1.41477
0.338373 1.41479
0.338939 1.41478
0.339505 1.41476
0.340072 1.41474
0.340638 1.41473
0.341205 1.41473
0.341771 1.41474
0.342338 1.41474
0.342904 1.41475
0.343471 1.41476
0.344037 1.41477
0.344604 1.41478
0.34517 1.41479
0.345737 1.41481
0.346303 1.41481
0.34687 1.41481
0.347436 1.41482
0.348002 1.41484
0.348569 1.41485
0.349135 1.41487
0.349702 1.41489
0.350268 1.41491
0.350835 1.41493
0.351401 1.41495
0.351968 1.41497
0.352534 1.41498
0.353101 1.415
0.353667 1.41503
0.354234 1.41504
0.3548 1.41502
0.355366 1.415
0.355933 1.41497
0.356499 1.41494
0.357066 1.41493
0.357632 1.41492
0.358199 1.41492
0.358765 1.41492
0.359332 1.41493
0.359898 1.41493
0.360465 1.41495
0.361031 1.41496
0.361598 1.41496
0.362164 1.41494
0.362731 1.41493
0.363297 1.41489
0.363863 1.41487
0.36443 1.41486
0.364996 1.41485
0.365563 1.41484
0.366129 1.41484
0.366696 1.41484
0.367262 1.41483
0.367829 1.41481
0.368395 1.4148
0.368962 1.41478
0.369528 1.41476
0.370095 1.41475
0.370661 1.41474
0.371228 1.41472
0.371794 1.41468
0.37236 1.41465
0.372927 1.41462
0.373493 1.41459
0.37406 1.41457
0.374626 1.41455
0.375193 1.41453
0.375759 1.41452
0.376326 1.41448
0.376892 1.41444
0.377459 1.41441
0.378025 1.41438
0.378592 1.41436
0.379158 1.41434
0.379724 1.41433
0.380291 1.41433
0.380857 1.41431
0.381424 1.4143
0.38199 1.41429
0.382557 1.41427
0.383123 1.41427
0.38369 1.41426
0.384256 1.41426
0.384823 1.41425
0.385389 1.41425
0.385956 1.41425
0.386522 1.41425
0.387089 1.41425
0.387655 1.41424
0.388221 1.41423
0.388788 1.41423
0.389354 1.41422
0.389921 1.41422
0.390487 1.41422
0.391054 1.41422
0.39162 1.41422
0.392187 1.41421
0.392753 1.41421
0.39332 1.41421
0.393886 1.41422
0.394453 1.41422
0.395019 1.41422
0.395586 1.41422
0.396152 1.41423
0.396718 1.41423
0.397285 1.41424
0.397851 1.41425
0.398418 1.41427
0.398984 1.41426
0.399551 1.41423
0.400117 1.41418
0.400684 1.41414
0.40125 1.41412
0.401817 1.4141
0.402383 1.41409
0.40295 1.41409
0.403516 1.41409
0.404082 1.4141
0.404649 1.41411
0.405215 1.41412
0.405782 1.41414
0.406348 1.41412
0.406915 1.4141
0.407481 1.41409
0.408048 1.41408
0.408614 1.41408
0.409181 1.41408
0.409747 1.41409
0.410314 1.41409
0.41088 1.4141
0.411447 1.41411
0.412013 1.41412
0.412579 1.41413
0.413146 1.41415
0.413712 1.41417
0.414279 1.41419
0.414845 1.4142
0.415412 1.41417
0.415978 1.41414
0.416545 1.41412
0.417111 1.41411
0.417678 1.41412
0.418244 1.41411
0.418811 1.4141
0.419377 1.4141
0.419944 1.41411
0.42051 1.41411
0.421076 1.41412
0.421643 1.41413
0.422209 1.41415
0.422776 1.41417
0.423342 1.41419
0.423909 1.41422
0.424475 1.41423
0.425042 1.41421
0.425608 1.4142
0.426175 1.4142
0.426741 1.41421
0.427308 1.41422
0.427874 1.41423
0.42844 1.41424
0.429007 1.41425
0.429573 1.41426
0.43014 1.41427
0.430706 1.41428
0.431273 1.41429
0.431839 1.41429
0.432406 1.4143
0.432972 1.41429
0.433539 1.41429
0.434105 1.41429
0.434672 1.41429
0.435238 1.41429
0.435805 1.4143
0.436371 1.41431
0.436937 1.41433
0.437504 1.41432
0.43807 1.4143
0.438637 1.41429
0.439203 1.41428
0.43977 1.41428
0.440336 1.41429
0.440903 1.41426
0.441469 1.41423
0.442036 1.41421
0.442602 1.4142
0.443169 1.41419
0.443735 1.41419
0.444302 1.4142
0.444868 1.41419
0.445434 1.4142
0.446001 1.41422
0.446567 1.41424
0.447134 1.41426
0.4477 1.41429
0.448267 1.41433
0.448833 1.41435
0.4494 1.41437
0.449966 1.41438
0.450533 1.41441
0.451099 1.41443
0.451666 1.41445
0.452232 1.41447
0.452798 1.41449
0.453365 1.41451
0.453931 1.41453
0.454498 1.41456
0.455064 1.41454
0.455631 1.41452
0.456197 1.4145
0.456764 1.41447
0.45733 1.41446
0.457897 1.41445
0.458463 1.41444
0.45903 1.41444
0.459596 1.41445
0.460163 1.41446
0.460729 1.41447
0.461295 1.41448
0.461862 1.41447
0.462428 1.41446
0.462995 1.41446
0.463561 1.41446
0.464128 1.41446
0.464694 1.41446
0.465261 1.41448
0.465827 1.41447
0.466394 1.41447
0.46696 1.41447
0.467527 1.41448
0.468093 1.41448
0.46866 1.41448
0.469226 1.41448
0.469792 1.41448
0.470359 1.41448
0.470925 1.41449
0.471492 1.4145
0.472058 1.41447
0.472625 1.41443
0.473191 1.4144
0.473758 1.41439
0.474324 1.41437
0.474891 1.41437
0.475457 1.41436
0.476024 1.41436
0.47659 1.41436
0.477156 1.41435
0.477723 1.41434
0.478289 1.41435
0.478856 1.41434
0.479422 1.41434
0.479989 1.41434
0.480555 1.41435
0.481122 1.41435
0.481688 1.41436
0.482255 1.41439
0.482821 1.41439
0.483388 1.41437
0.483954 1.41435
0.484521 1.41434
0.485087 1.41433
0.485653 1.41434
0.48622 1.41434
0.486786 1.41432
0.487353 1.41432
0.487919 1.41431
0.488486 1.41431
0.489052 1.41432
0.489619 1.41432
0.490185 1.41433
0.490752 1.41435
0.491318 1.41436
0.491885 1.41438
0.492451 1.4144
0.493018 1.41439
0.493584 1.41438
0.49415 1.4144
0.494717 1.41442
0.495283 1.41444
0.49585 1.41446
0.496416 1.41448
0.496983 1.41451
0.497549 1.41453
0.498116 1.41454
0.498682 1.41456
0.499249 1.41458
0.499815 1.4146
0.500382 1.41462
0.500948 1.41464
0.501514 1.41465
0.502081 1.41467
0.502647 1.41468
0.503214 1.4147
0.50378 1.41472
0.504347 1.4147
0.504913 1.41469
0.50548 1.41468
0.506046 1.41468
0.506613 1.41467
0.507179 1.41466
0.507746 1.41463
0.508312 1.41458
0.508879 1.41454
0.509445 1.41451
0.510011 1.41449
0.510578 1.41448
0.511144 1.41447
0.511711 1.41446
0.512277 1.41446
0.512844 1.41446
0.51341 1.41446
0.513977 1.41447
0.514543 1.41448
0.51511 1.41449
0.515676 1.4145
0.516243 1.41452
0.516809 1.41453
0.517375 1.41455
0.517942 1.41456
0.518508 1.41458
0.519075 1.4146
0.519641 1.41462
0.520208 1.41465
0.520774 1.41465
0.521341 1.41461
0.521907 1.41456
0.522474 1.41452
0.52304 1.41449
0.523607 1.41448
0.524173 1.41447
0.52474 1.41447
0.525306 1.41446
0.525872 1.41446
0.526439 1.41447
0.527005 1.41447
0.527572 1.41448
0.528138 1.41449
0.528705 1.4145
0.529271 1.41451
0.529838 1.41452
0.530404 1.41454
0.530971 1.41456
0.531537 1.41457
0.532104 1.41457
0.53267 1.41457
0.533237 1.41458
0.533803 1.41458
0.534369 1.4146
0.534936 1.41464
0.535502 1.41469
0.536069 1.41474
0.536635 1.41478
0.537202 1.41482
0.537768 1.41486
0.538335 1.4149
0.538901 1.41494
0.539468 1.41498
0.540034 1.41502
0.540601 1.41503
0.541167 1.41502
0.541733 1.41501
0.5423 1.41502
0.542866 1.41502
0.543433 1.41502
0.543999 1.41502
0.544566 1.41503
0.545132 1.415
0.545699 1.41497
0.546265 1.41494
0.546832 1.41492
0.547398 1.4149
0.547965 1.41488
0.548531 1.41487
0.549098 1.41486
0.549664 1.41484
0.55023 1.41482
0.550797 1.41481
0.551363 1.4148
0.55193 1.4148
0.552496 1.41479
0.553063 1.41478
0.553629 1.41478
0.554196 1.41478
0.554762 1.41479
0.555329 1.4148
0.555895 1.41479
0.556462 1.41479
0.557028 1.41479
0.557595 1.41479
0.558161 1.41479
0.558727 1.41479
0.559294 1.41479
0.55986 1.41479
0.560427 1.41481
0.560993 1.41481
0.56156 1.41481
0.562126 1.41482
0.562693 1.41483
0.563259 1.41484
0.563826 1.41486
0.564392 1.41488
0.564959 1.4149
0.565525 1.41492
0.566091 1.41495
0.566658 1.41496
0.567224 1.41495
0.567791 1.41495
0.568357 1.41495
0.568924 1.41496
0.56949 1.41496
0.570057 1.41497
0.570623 1.41499
0.57119 1.41499
0.571756 1.415
0.572323 1.41501
0.572889 1.41501
0.573456 1.41502
0.574022 1.41503
0.574588 1.41505
0.575155 1.41505
0.575721 1.41506
0.576288 1.41507
0.576854 1.41508
0.577421 1.4151
0.577987 1.41508
0.578554 1.41504
0.57912 1.41502
0.579687 1.415
0.580253 1.41498
0.58082 1.41496
0.581386 1.41493
0.581953 1.41489
0.582519 1.41486
0.583085 1.41483
0.583652 1.41482
0.584218 1.41481
0.584785 1.4148
0.585351 1.41481
0.585918 1.41481
0.586484 1.41481
0.587051 1.4148
0.587617 1.41479
0.588184 1.41479
0.58875 1.4148
0.589317 1.4148
0.589883 1.41481
0.590449 1.41482
0.591016 1.41482
0.591582 1.41483
0.592149 1.41483
0.592715 1.41484
0.593282 1.41484
0.593848 1.41485
0.594415 1.41485
0.594981 1.41486
0.595548 1.41487
0.596114 1.41489
0.596681 1.41488
0.597247 1.41485
0.597814 1.41483
0.59838 1.41482
0.598946 1.41481
0.599513 1.4148
0.600079 1.4148
0.600646 1.4148
0.601212 1.41481
0.601779 1.41482
0.602345 1.41482
0.602912 1.41483
0.603478 1.41483
0.604045 1.41484
0.604611 1.41485
0.605178 1.41486
0.605744 1.41487
0.606311 1.41489
0.606877 1.41488
0.607443 1.41486
0.60801 1.41485
0.608576 1.41484
0.609143 1.41484
0.609709 1.41483
0.610276 1.41483
0.610842 1.41482
0.611409 1.41481
0.611975 1.4148
0.612542 1.41479
0.613108 1.41479
0.613675 1.41481
0.614241 1.4148
0.614807 1.41478
0.615374 1.41477
0.61594 1.41477
0.616507 1.41477
0.617073 1.41476
0.61764 1.41475
0.618206 1.41473
0.618773 1.41471
0.619339 1.4147
0.619906 1.4147
0.620472 1.41469
0.621039 1.41469
0.621605 1.4147
0.622172 1.4147
0.622738 1.4147
0.623304 1.4147
0.623871 1.4147
0.624437 1.4147
0.625004 1.41471
0.62557 1.41472
0.626137 1.41471
0.626703 1.41472
0.62727 1.41473
0.627836 1.41474
0.628403 1.41475
0.628969 1.41476
0.629536 1.41478
0.630102 1.4148
0.630669 1.41479
0.631235 1.41478
0.631801 1.41478
0.632368 1.41477
0.632934 1.41477
0.633501 1.41478
0.634067 1.41478
0.634634 1.41479
0.6352 1.41479
0.635767 1.41481
0.636333 1.41481
0.6369 1.41482
0.637466 1.41483
0.638033 1.41484
0.638599 1.41484
0.639165 1.41485
0.639732 1.41485
0.640298 1.41483
0.640865 1.41479
0.641431 1.41477
0.641998 1.41476
0.642564 1.41475
0.643131 1.41475
0.643697 1.41475
0.644264 1.41476
0.64483 1.41476
0.645397 1.41476
0.645963 1.41475
0.64653 1.41473
0.647096 1.41472
0.647662 1.41472
0.648229 1.41472
0.648795 1.41472
0.649362 1.41473
0.649928 1.41473
0.650495 1.41474
0.651061 1.41475
0.651628 1.41476
0.652194 1.41477
0.652761 1.41478
0.653327 1.41479
0.653894 1.4148
0.65446 1.41482
0.655026 1.41481
0.655593 1.4148
0.656159 1.4148
0.656726 1.4148
0.657292 1.41478
0.657859 1.41477
0.658425 1.41477
0.658992 1.41477
0.659558 1.41477
0.660125 1.41478
0.660691 1.41478
0.661258 1.41477
0.661824 1.41478
0.662391 1.41478
0.662957 1.41479
0.663523 1.41479
0.66409 1.41479
0.664656 1.41479
0.665223 1.41479
0.665789 1.4148
0.666356 1.41481
0.666922 1.41482
0.667489 1.41484
0.668055 1.41483
0.668622 1.41482
0.669188 1.41481
0.669755 1.4148
0.670321 1.4148
0.670888 1.41478
0.671454 1.41473
0.67202 1.4147
0.672587 1.41469
0.673153 1.41467
0.67372 1.41467
0.674286 1.41468
0.674853 1.41469
0.675419 1.4147
0.675986 1.41472
0.676552 1.41474
0.677119 1.41476
0.677685 1.41479
0.678252 1.41481
0.678818 1.41484
0.679384 1.41487
0.679951 1.4149
0.680517 1.41494
0.681084 1.41497
0.68165 1.41501
0.682217 1.41505
0.682783 1.41505
0.68335 1.41503
0.683916 1.41503
0.684483 1.41503
0.685049 1.41504
0.685616 1.41505
0.686182 1.41507
0.686749 1.41508
0.687315 1.4151
0.687881 1.41512
0.688448 1.41515
0.689014 1.41517
0.689581 1.4152
0.690147 1.41522
0.690714 1.41525
0.69128 1.41528
0.691847 1.41531
0.692413 1.41533
0.69298 1.41537
0.693546 1.41541
0.694113 1.41542
0.694679 1.4154
0.695246 1.41539
0.695812 1.41538
0.696378 1.41538
0.696945 1.41538
0.697511 1.41539
0.698078 1.4154
0.698644 1.41542
0.699211 1.41544
0.699777 1.41546
0.700344 1.41546
0.70091 1.41547
0.701477 1.41548
0.702043 1.41549
0.70261 1.41551
0.703176 1.41551
0.703742 1.4155
0.704309 1.4155
0.704875 1.41551
0.705442 1.41552
0.706008 1.41553
0.706575 1.41554
0.707141 1.41556
0.707708 1.41557
0.708274 1.41559
0.708841 1.4156
0.709407 1.41558
0.709974 1.41554
0.71054 1.4155
0.711107 1.41547
0.711673 1.41546
0.712239 1.41545
0.712806 1.41545
0.713372 1.41545
0.713939 1.41546
0.714505 1.41547
0.715072 1.41548
0.715638 1.41549
0.716205 1.41551
0.716771 1.41552
0.717338 1.41554
0.717904 1.41556
0.718471 1.41557
0.719037 1.41559
0.719604 1.41561
0.72017 1.41562
0.720736 1.4156
0.721303 1.41558
0.721869 1.41557
0.722436 1.41556
0.723002 1.41556
0.723569 1.41556
0.724135 1.41555
0.724702 1.41554
0.725268 1.41553
0.725835 1.41551
0.726401 1.4155
0.726968 1.41549
0.727534 1.41549
0.7281 1.41549
0.728667 1.41549
0.729233 1.41551
0.7298 1.41551
0.730366 1.41549
0.730933 1.41547
0.731499 1.41545
0.732066 1.41544
0.732632 1.41543
0.733199 1.41542
0.733765 1.41543
0.734332 1.41543
0.734898 1.4154
0.735465 1.41539
0.736031 1.41538
0.736597 1.41538
0.737164 1.41538
0.73773 1.41538
0.738297 1.41539
0.738863 1.41541
0.73943 1.41542
0.739996 1.41542
0.740563 1.41542
0.741129 1.41542
0.741696 1.41543
0.742262 1.41544
0.742829 1.41545
0.743395 1.41545
0.743962 1.41546
0.744528 1.41544
0.745094 1.41541
0.745661 1.41539
0.746227 1.41538
0.746794 1.41538
0.74736 1.41537
0.747927 1.41537
0.748493 1.41537
0.74906 1.41537
0.749626 1.41538
0.750193 1.41539
0.750759 1.41541
0.751326 1.41541
0.751892 1.41541
0.752458 1.41541
0.753025 1.41542
0.753591 1.41543
0.754158 1.41544
0.754724 1.41546
0.755291 1.41547
0.755857 1.41549
0.756424 1.4155
0.75699 1.41552
0.757557 1.41553
0.758123 1.4155
0.75869 1.41547
0.759256 1.41545
0.759823 1.41544
0.760389 1.41542
0.760955 1.41541
0.761522 1.41542
0.762088 1.41542
0.762655 1.4154
0.763221 1.41536
0.763788 1.41532
0.764354 1.41529
0.764921 1.41527
0.765487 1.41525
0.766054 1.41524
0.76662 1.41524
0.767187 1.41525
0.767753 1.41524
0.76832 1.41523
0.768886 1.41523
0.769452 1.41523
0.770019 1.41523
0.770585 1.41524
0.771152 1.41526
0.771718 1.41527
0.772285 1.41527
0.772851 1.41529
0.773418 1.4153
0.773984 1.41531
0.774551 1.41533
0.775117 1.41535
0.775684 1.41535
0.77625 1.41535
0.776816 1.41536
0.777383 1.41537
0.777949 1.41538
0.778516 1.41539
0.779082 1.4154
0.779649 1.41542
0.780215 1.41545
0.780782 1.41547
0.781348 1.41545
0.781915 1.41542
0.782481 1.41541
0.783048 1.4154
0.783614 1.4154
0.784181 1.4154
0.784747 1.41541
0.785313 1.41541
0.78588 1.41541
0.786446 1.4154
0.787013 1.4154
0.787579 1.4154
0.788146 1.41541
0.788712 1.4154
0.789279 1.4154
0.789845 1.4154
0.790412 1.4154
0.790978 1.41541
0.791545 1.41542
0.792111 1.41543
0.792678 1.41544
0.793244 1.41546
0.79381 1.41549
0.794377 1.41548
0.794943 1.41545
0.79551 1.41543
0.796076 1.41542
0.796643 1.41541
0.797209 1.41541
0.797776 1.41541
0.798342 1.41541
0.798909 1.41543
0.799475 1.41544
0.800042 1.41544
0.800608 1.41544
0.801174 1.41545
0.801741 1.41546
0.802307 1.41547
0.802874 1.41547
0.80344 1.41544
0.804007 1.41542
0.804573 1.41537
0.80514 1.41532
0.805706 1.41529
0.806273 1.41527
0.806839 1.41527
0.807406 1.41526
0.807972 1.41526
0.808539 1.41526
0.809105 1.41527
0.809671 1.41527
0.810238 1.41528
0.810804 1.4153
0.811371 1.41531
0.811937 1.41533
0.812504 1.41535
0.81307 1.41537
0.813637 1.41539
0.814203 1.41541
0.81477 1.41543
0.815336 1.41546
0.815903 1.41548
0.816469 1.4155
0.817035 1.41552
0.817602 1.41556
0.818168 1.41558
0.818735 1.41557
0.819301 1.41556
0.819868 1.41555
0.820434 1.41555
0.821001 1.41555
0.821567 1.41555
0.822134 1.41556
0.8227 1.41557
0.823267 1.41557
0.823833 1.41558
0.8244 1.41558
0.824966 1.41559
0.825532 1.4156
0.826099 1.41561
0.826665 1.41563
0.827232 1.41564
0.827798 1.41566
0.828365 1.41565
0.828931 1.41563
0.829498 1.41561
0.830064 1.4156
0.830631 1.4156
0.831197 1.4156
0.831764 1.4156
0.83233 1.41559
0.832897 1.41559
0.833463 1.41559
0.834029 1.41559
0.834596 1.41559
0.835162 1.41559
0.835729 1.4156
0.836295 1.4156
0.836862 1.41561
0.837428 1.41561
0.837995 1.41562
0.838561 1.41562
0.839128 1.41562
0.839694 1.41564
0.840261 1.41563
0.840827 1.4156
0.841393 1.41558
0.84196 1.41557
0.842526 1.41554
0.843093 1.41551
0.843659 1.41548
0.844226 1.41545
0.844792 1.41542
0.845359 1.4154
0.845925 1.4154
0.846492 1.41538
0.847058 1.41536
0.847625 1.41536
0.848191 1.41535
0.848758 1.41535
0.849324 1.41535
0.84989 1.41536
0.850457 1.41535
0.851023 1.41534
0.85159 1.41532
0.852156 1.4153
0.852723 1.41528
0.853289 1.41527
0.853856 1.41527
0.854422 1.41526
0.854989 1.41526
0.855555 1.41527
0.856122 1.41527
0.856688 1.41527
0.857255 1.41527
0.857821 1.41527
0.858387 1.41528
0.858954 1.41528
0.85952 1.4153
0.860087 1.4153
0.860653 1.41529
0.86122 1.41528
0.861786 1.41528
0.862353 1.41528
0.862919 1.41529
0.863486 1.41531
0.864052 1.4153
0.864619 1.41528
0.865185 1.41528
0.865751 1.41528
0.866318 1.41529
0.866884 1.4153
0.867451 1.41532
0.868017 1.41532
0.868584 1.41533
0.86915 1.41534
0.869717 1.41535
0.870283 1.41535
0.87085 1.41536
0.871416 1.41538
0.871983 1.41541
0.872549 1.4154
0.873116 1.41539
0.873682 1.41538
0.874248 1.41539
0.874815 1.41539
0.875381 1.4154
0.875948 1.4154
0.876514 1.4154
0.877081 1.41541
0.877647 1.41542
0.878214 1.41543
0.87878 1.41545
0.879347 1.41544
0.879913 1.41544
0.88048 1.41545
0.881046 1.41545
0.881613 1.41546
0.882179 1.41548
0.882745 1.4155
0.883312 1.4155
0.883878 1.41549
0.884445 1.41548
0.885011 1.41548
0.885578 1.41548
0.886144 1.41547
0.886711 1.41548
0.887277 1.41548
0.887844 1.41546
0.88841 1.41545
0.888977 1.41544
0.889543 1.41544
0.890109 1.41544
0.890676 1.41544
0.891242 1.41545
0.891809 1.41546
0.892375 1.41546
0.892942 1.41547
0.893508 1.41547
0.894075 1.41548
0.894641 1.41548
0.895208 1.41549
0.895774 1.41549
0.896341 1.41552
0.896907 1.41552
0.897474 1.4155
0.89804 1.4155
0.898606 1.41549
0.899173 1.41549
0.899739 1.41549
0.900306 1.4155
0.900872 1.4155
0.901439 1.41551
0.902005 1.41552
0.902572 1.41553
0.903138 1.41554
0.903705 1.41555
0.904271 1.41556
0.904838 1.41557
0.905404 1.41557
0.905971 1.41559
0.906537 1.4156
0.907103 1.41555
0.90767 1.4155
0.908236 1.41545
0.908803 1.41542
0.909369 1.41539
0.909936 1.41539
0.910502 1.41538
0.911069 1.41534
0.911635 1.41531
0.912202 1.41529
0.912768 1.41527
0.913335 1.41526
0.913901 1.41525
0.914467 1.41525
0.915034 1.41524
0.9156 1.41524
0.916167 1.41525
0.916733 1.41525
0.9173 1.41526
0.917866 1.41528
0.918433 1.41527
0.918999 1.41527
0.919566 1.41527
0.920132 1.41527
0.920699 1.41528
0.921265 1.41528
0.921832 1.41528
0.922398 1.41529
0.922964 1.41531
0.923531 1.4153
0.924097 1.41527
0.924664 1.41526
0.92523 1.41525
0.925797 1.41524
0.926363 1.41524
0.92693 1.41525
0.927496 1.41525
0.928063 1.41526
0.928629 1.41526
0.929196 1.41526
0.929762 1.41522
0.930329 1.41518
0.930895 1.41516
0.931461 1.41514
0.932028 1.41514
0.932594 1.41514
0.933161 1.41514
0.933727 1.41515
0.934294 1.41517
0.93486 1.41518
0.935427 1.41519
0.935993 1.41519
0.93656 1.41518
0.937126 1.41518
0.937693 1.41518
0.938259 1.41518
0.938825 1.41519
0.939392 1.41521
0.939958 1.41522
0.940525 1.41524
0.941091 1.41525
0.941658 1.41527
0.942224 1.41529
0.942791 1.41532
0.943357 1.41534
0.943924 1.41533
0.94449 1.4153
0.945057 1.41529
0.945623 1.41528
0.94619 1.41527
0.946756 1.41527
0.947322 1.41527
0.947889 1.41528
0.948455 1.41529
0.949022 1.41528
0.949588 1.41526
0.950155 1.41525
0.950721 1.41525
0.951288 1.41524
0.951854 1.41522
0.952421 1.4152
0.952987 1.4152
0.953554 1.4152
0.95412 1.41521
0.954686 1.41522
0.955253 1.41523
0.955819 1.41526
0.956386 1.41527
0.956952 1.41528
0.957519 1.41529
0.958085 1.41531
0.958652 1.41532
0.959218 1.41532
0.959785 1.41533
0.960351 1.41534
0.960918 1.41534
0.961484 1.41533
0.962051 1.41534
0.962617 1.41534
0.963183 1.41535
0.96375 1.41536
0.964316 1.41537
0.964883 1.41536
0.965449 1.41536
0.966016 1.41536
0.966582 1.41536
0.967149 1.41537
0.967715 1.41538
0.968282 1.41539
0.968848 1.41541
0.969415 1.41542
0.969981 1.41543
0.970548 1.41545
0.971114 1.41547
0.97168 1.41548
0.972247 1.4155
0.972813 1.41551
0.97338 1.41553
0.973946 1.41554
0.974513 1.41557
0.975079 1.41557
0.975646 1.41554
0.976212 1.4155
0.976779 1.41546
0.977345 1.41543
0.977912 1.41541
0.978478 1.41539
0.979044 1.41536
0.979611 1.41534
0.980177 1.41534
0.980744 1.41532
0.98131 1.41529
0.981877 1.41527
0.982443 1.41526
0.98301 1.41526
0.983576 1.41526
0.984143 1.41528
0.984709 1.41528
0.985276 1.41529
0.985842 1.4153
0.986409 1.41531
0.986975 1.41532
0.987541 1.41533
0.988108 1.41535
0.988674 1.41537
0.989241 1.41536
0.989807 1.41536
0.990374 1.41536
0.99094 1.41536
0.991507 1.41537
0.992073 1.41537
0.99264 1.41538
0.993206 1.41539
0.993773 1.41538
0.994339 1.41537
0.994906 1.41536
0.995472 1.41535
0.996038 1.41535
0.996605 1.41535
0.997171 1.41535
0.997738 1.41536
0.998304 1.41537
0.998871 1.41538
0.999437 1.41538
