
Currently Loaded Modules:
  1) easybuild        18) libpng/1.6.38       35) libfabric/1.16.1
  2) site             19) Brotli/1.0.9        36) PMIx/4.2.2
  3) slurm/wulver     20) freetype/2.12.1     37) UCC/1.1.0
  4) GCCcore/12.2.0   21) util-linux/2.38.1   38) OpenMPI/4.1.4
  5) zlib/1.2.12      22) fontconfig/2.14.1   39) gzip/1.12
  6) binutils/2.39    23) xorg-macros/1.19.3  40) lz4/1.9.4
  7) Bison/3.8.2      24) libpciaccess/0.17   41) zstd/1.5.2
  8) GCC/12.2.0       25) X11/20221110        42) libdrm/2.4.114
  9) XZ/5.2.7         26) FriBidi/1.0.12      43) libglvnd/1.6.0
 10) libunwind/1.6.2  27) SDL2/2.26.3         44) LLVM/15.0.5
 11) NASM/2.15.05     28) FFmpeg/6.1.1        45) Mesa/22.2.4
 12) bzip2/1.0.8      29) numactl/2.0.16      46) intel-compilers/2022.2.1
 13) x264/20230226    30) libxml2/2.10.3      47) impi/2021.7.1
 14) ncurses/6.3      31) hwloc/2.8.0         48) imkl/2022.2.1
 15) LAME/3.100       32) OpenSSL/1.1         49) imkl-FFTW/2022.2.1
 16) x265/3.5         33) libevent/2.1.12     50) intel/2022b
 17) expat/2.4.9      34) UCX/1.13.1

 

0 0.999957
0.000424429 1.00026
0.000989637 1.00073
0.00155609 1.00139
0.00212256 1.00206
0.00268902 1.00276
0.00325549 1.00353
0.00382195 1.00434
0.00438842 1.00517
0.00495488 1.00604
0.00552135 1.00694
0.00608781 1.00787
0.00665428 1.0088
0.00722074 1.00973
0.00778587 1.01069
0.0083286 1.01159
0.00884467 1.01245
0.00933758 1.01325
0.00973854 1.01397
0.00996168 1.01438
0.0100554 1.01457
0.010115 1.01483
0.0101895 1.01572
0.0102927 1.01832
0.0104207 1.02413
0.010564 1.03449
0.0107302 1.0529
0.0109305 1.14116
0.0111834 1.29533
0.0114739 1.44813
0.0117708 1.58369
0.012077 1.70707
0.0123951 1.82114
0.0127272 1.92762
0.0130758 2.02824
0.0134446 2.12398
0.013838 2.21603
0.0142619 2.30502
0.0147258 2.39226
0.0152097 2.47332
0.015682 2.54398
0.0161472 2.60611
0.016609 2.66131
0.01707 2.71066
0.0175325 2.75474
0.0179986 2.79438
0.018471 2.82985
0.0189531 2.86154
0.0194489 2.89004
0.0199636 2.91532
0.0205034 2.93778
0.021067 2.9571
0.0216335 2.97266
0.0221999 2.98478
0.0227664 2.99359
0.0233329 2.99939
0.0238992 3.00266
0.0244583 3.0034
0.0250146 3.00168
0.0255793 2.99796
0.0261457 2.99232
0.0267122 2.98494
0.0272787 2.97638
0.0278451 2.96635
0.0284116 2.95497
0.028978 2.94228
0.0295445 2.92853
0.030111 2.91423
0.0306774 2.89859
0.0312439 2.88224
0.0318104 2.86511
0.0323768 2.84735
0.0329433 2.82891
0.0335098 2.81009
0.0340762 2.79072
0.0346427 2.77092
0.0352092 2.75067
0.0357756 2.73004
0.0363421 2.70902
0.0369086 2.68786
0.037475 2.66627
0.0380415 2.64442
0.038608 2.62243
0.0391744 2.60008
0.0397409 2.57764
0.0403073 2.55502
0.0408738 2.53228
0.0414403 2.50919
0.0420067 2.48619
0.0425732 2.46276
0.0431397 2.43969
0.0437061 2.41615
0.0442726 2.39285
0.0448391 2.36941
0.0454055 2.34607
0.045972 2.32275
0.0465385 2.2996
0.0471049 2.27659
0.0476714 2.25379
0.0482379 2.23122
0.0488043 2.20889
0.0493708 2.18697
0.0499373 2.16519
0.0505037 2.14376
0.0510702 2.12231
0.0516366 2.10139
0.0522031 2.08055
0.0527696 2.05995
0.053336 2.03947
0.0539025 2.01901
0.054469 1.99901
0.0550354 1.97904
0.0556019 1.95914
0.0561684 1.93948
0.0567348 1.91999
0.0573013 1.90083
0.0578678 1.88191
0.0584342 1.86302
0.0590007 1.84441
0.0595672 1.82604
0.0601336 1.80795
0.0607001 1.79004
0.0612666 1.77236
0.061833 1.75492
0.0623995 1.73773
0.0629659 1.72076
0.0635324 1.70413
0.0640989 1.68791
0.0646653 1.67212
0.0652318 1.65641
0.0657983 1.64056
0.0663647 1.62461
0.0669312 1.60877
0.0674977 1.59304
0.0680641 1.57778
0.0686306 1.56348
0.0691971 1.54965
0.0697635 1.53671
0.07033 1.52548
0.0708965 1.51638
0.0714629 1.50761
0.0720294 1.49834
0.0725959 1.48903
0.0731623 1.47994
0.0737288 1.47137
0.0742953 1.46354
0.0748617 1.45622
0.0754282 1.45003
0.0759946 1.44516
0.0765611 1.44035
0.0771276 1.43502
0.077694 1.4296
0.0782605 1.42415
0.078827 1.41878
0.0793934 1.41382
0.0799599 1.40942
0.0805264 1.40567
0.0810928 1.40252
0.0816593 1.40005
0.0822258 1.39847
0.0827922 1.3981
0.0833587 1.39856
0.0839252 1.39847
0.0844916 1.39782
0.0850581 1.39708
0.0856246 1.39643
0.086191 1.39605
0.0867575 1.39592
0.0873239 1.39625
0.0878904 1.39677
0.0884569 1.39741
0.0890233 1.39811
0.0895898 1.39905
0.0901563 1.40022
0.0907227 1.40152
0.0912892 1.40312
0.0918557 1.40493
0.0924221 1.40685
0.0929886 1.4089
0.0935551 1.41105
0.0941215 1.41288
0.094688 1.4156
0.0952545 1.41801
0.0958209 1.42043
0.0963874 1.42283
0.0969539 1.42524
0.0975203 1.42765
0.0980868 1.43002
0.0986532 1.43237
0.0992197 1.43438
0.0997862 1.43665
0.100353 1.43886
0.100919 1.44095
0.101486 1.443
0.102052 1.44356
0.102619 1.44686
0.103185 1.44719
0.103751 1.44887
0.104318 1.45041
0.104884 1.45191
0.105451 1.45332
0.106017 1.45453
0.106584 1.4556
0.10715 1.45654
0.107717 1.45735
0.108283 1.45803
0.10885 1.45861
0.109416 1.45913
0.109983 1.4597
0.110549 1.4602
0.111115 1.46065
0.111682 1.46105
0.112248 1.46139
0.112815 1.46162
0.113381 1.4618
0.113948 1.46199
0.114514 1.46228
0.115081 1.46381
0.115647 1.46433
0.116214 1.46471
0.11678 1.46489
0.117347 1.46463
0.117913 1.46422
0.11848 1.46364
0.119046 1.46292
0.119612 1.46209
0.120179 1.46059
0.120745 1.45953
0.121312 1.45839
0.121878 1.45718
0.122445 1.45597
0.123011 1.45476
0.123578 1.45358
0.124144 1.45247
0.124711 1.45139
0.125277 1.45028
0.125844 1.44912
0.12641 1.44796
0.126976 1.44686
0.127543 1.44584
0.128109 1.44489
0.128676 1.44395
0.129242 1.44303
0.129809 1.44211
0.130375 1.44116
0.130942 1.44021
0.131508 1.43926
0.132075 1.43831
0.132641 1.43737
0.133208 1.43645
0.133774 1.43553
0.134341 1.43459
0.134907 1.43365
0.135473 1.43273
0.13604 1.4318
0.136606 1.43088
0.137173 1.42997
0.137739 1.42918
0.138306 1.42863
0.138872 1.42836
0.139439 1.42824
0.140005 1.428
0.140572 1.4276
0.141138 1.42699
0.141705 1.4262
0.142271 1.42533
0.142838 1.42482
0.143404 1.42391
0.14397 1.42302
0.144537 1.42213
0.145103 1.42127
0.14567 1.42045
0.146236 1.41917
0.146803 1.41838
0.147369 1.41757
0.147936 1.4168
0.148502 1.41609
0.149069 1.41545
0.149635 1.41489
0.150202 1.41439
0.150768 1.41399
0.151334 1.41367
0.151901 1.41344
0.152467 1.41328
0.153034 1.4132
0.1536 1.4132
0.154167 1.4131
0.154733 1.41294
0.1553 1.41267
0.155866 1.41232
0.156433 1.4119
0.156999 1.41143
0.157566 1.41093
0.158132 1.41044
0.158699 1.40996
0.159265 1.40951
0.159831 1.40907
0.160398 1.40866
0.160964 1.40829
0.161531 1.408
0.162097 1.40779
0.162664 1.40771
0.16323 1.40763
0.163797 1.40742
0.164363 1.40715
0.16493 1.40686
0.165496 1.40657
0.166063 1.40631
0.166629 1.40608
0.167196 1.40581
0.167762 1.40553
0.168328 1.40525
0.168895 1.40497
0.169461 1.40471
0.170028 1.4045
0.170594 1.40433
0.171161 1.4042
0.171727 1.40409
0.172294 1.40402
0.17286 1.404
0.173427 1.40403
0.173993 1.40406
0.17456 1.40406
0.175126 1.40406
0.175692 1.40404
0.176259 1.404
0.176825 1.40393
0.177392 1.40385
0.177958 1.40378
0.178525 1.40372
0.179091 1.40368
0.179658 1.40367
0.180224 1.40367
0.180791 1.40369
0.181357 1.40373
0.181924 1.40378
0.18249 1.40382
0.183057 1.40385
0.183623 1.40391
0.184189 1.40402
0.184756 1.40415
0.185322 1.40426
0.185889 1.40436
0.186455 1.40444
0.187022 1.40452
0.187588 1.40459
0.188155 1.40467
0.188721 1.40474
0.189288 1.4048
0.189854 1.40487
0.190421 1.40497
0.190987 1.40509
0.191554 1.40522
0.19212 1.40535
0.192686 1.40548
0.193253 1.4056
0.193819 1.40574
0.194386 1.40587
0.194952 1.40599
0.195519 1.40612
0.196085 1.40624
0.196652 1.40638
0.197218 1.40652
0.197785 1.40665
0.198351 1.4068
0.198918 1.40696
0.199484 1.40712
0.20005 1.4073
0.200617 1.40746
0.201183 1.40763
0.20175 1.40782
0.202316 1.408
0.202883 1.40818
0.203449 1.40834
0.204016 1.4085
0.204582 1.40865
0.205149 1.4088
0.205715 1.40894
0.206282 1.40908
0.206848 1.40919
0.207415 1.4093
0.207981 1.40942
0.208547 1.40953
0.209114 1.40963
0.20968 1.40973
0.210247 1.40982
0.210813 1.4099
0.21138 1.40999
0.211946 1.41006
0.212513 1.41013
0.213079 1.4102
0.213646 1.41028
0.214212 1.41037
0.214779 1.41044
0.215345 1.41049
0.215912 1.41054
0.216478 1.41058
0.217044 1.41061
0.217611 1.41065
0.218177 1.41068
0.218744 1.4107
0.21931 1.41075
0.219877 1.41078
0.220443 1.41081
0.22101 1.41084
0.221576 1.41086
0.222143 1.41089
slurmstepd: error: *** JOB 62719 ON n0112 CANCELLED AT 2024-04-15T14:28:34 DUE TO TIME LIMIT ***
