
Currently Loaded Modules:
  1) easybuild        18) libpng/1.6.38       35) libfabric/1.16.1
  2) site             19) Brotli/1.0.9        36) PMIx/4.2.2
  3) slurm/wulver     20) freetype/2.12.1     37) UCC/1.1.0
  4) GCCcore/12.2.0   21) util-linux/2.38.1   38) OpenMPI/4.1.4
  5) zlib/1.2.12      22) fontconfig/2.14.1   39) gzip/1.12
  6) binutils/2.39    23) xorg-macros/1.19.3  40) lz4/1.9.4
  7) Bison/3.8.2      24) libpciaccess/0.17   41) zstd/1.5.2
  8) GCC/12.2.0       25) X11/20221110        42) libdrm/2.4.114
  9) XZ/5.2.7         26) FriBidi/1.0.12      43) libglvnd/1.6.0
 10) libunwind/1.6.2  27) SDL2/2.26.3         44) LLVM/15.0.5
 11) NASM/2.15.05     28) FFmpeg/6.1.1        45) Mesa/22.2.4
 12) bzip2/1.0.8      29) numactl/2.0.16      46) intel-compilers/2022.2.1
 13) x264/20230226    30) libxml2/2.10.3      47) impi/2021.7.1
 14) ncurses/6.3      31) hwloc/2.8.0         48) imkl/2022.2.1
 15) LAME/3.100       32) OpenSSL/1.1         49) imkl-FFTW/2022.2.1
 16) x265/3.5         33) libevent/2.1.12     50) intel/2022b
 17) expat/2.4.9      34) UCX/1.13.1

 

0 0.999957
0.000426901 1.00018
0.000992137 1.00053
0.00155859 1.00104
0.00212506 1.00154
0.00269152 1.00209
0.00325799 1.00268
0.00382445 1.00327
0.00439092 1.00391
0.00495738 1.00455
0.00552385 1.0052
0.00609031 1.00589
0.00665678 1.00659
0.00722324 1.0073
0.00778971 1.008
0.00835617 1.00872
0.00892264 1.00943
0.0094891 1.01012
0.0100556 1.01084
0.0106206 1.01155
0.011102 1.01217
0.0113818 1.01255
0.0115048 1.01274
0.0115721 1.01293
0.011655 1.01371
0.0117714 1.01609
0.0119224 1.02196
0.0120948 1.03303
0.0122987 1.05385
0.012553 1.15902
0.0128714 1.32198
0.0132061 1.46859
0.0135538 1.60056
0.0139191 1.72229
0.0143069 1.83645
0.0147247 1.94532
0.0151846 2.05129
0.0157069 2.15751
0.0162717 2.25828
0.0168382 2.34686
0.0174007 2.42428
0.0179471 2.49061
0.018482 2.54793
0.0190104 2.59802
0.0195358 2.64183
0.0200611 2.68045
0.020588 2.71424
0.0211175 2.74372
0.0216485 2.76924
0.0221775 2.79084
0.0227002 2.80898
0.0232179 2.82378
0.0237339 2.83583
0.0242536 2.84523
0.0247885 2.85239
0.0253488 2.85801
0.0259151 2.86084
0.0264816 2.86157
0.0270481 2.86024
0.0276145 2.85671
0.028181 2.85193
0.0287475 2.8455
0.0293139 2.83765
0.0298804 2.82831
0.0304469 2.81795
0.0310133 2.80619
0.0315798 2.79365
0.0321463 2.78013
0.0327127 2.7657
0.0332792 2.75039
0.0338457 2.73437
0.0344121 2.71773
0.0349786 2.70063
0.035545 2.68294
0.0361115 2.66472
0.036678 2.64611
0.0372444 2.627
0.0378109 2.60752
0.0383774 2.58766
0.0389438 2.56773
0.0395103 2.54728
0.0400768 2.5268
0.0406432 2.50592
0.0412097 2.48489
0.0417762 2.46367
0.0423426 2.44234
0.0429091 2.42071
0.0434756 2.39891
0.044042 2.37701
0.0446085 2.35495
0.045175 2.33297
0.0457414 2.31073
0.0463079 2.28862
0.0468743 2.26641
0.0474408 2.24427
0.0480073 2.22215
0.0485737 2.20015
0.0491402 2.17828
0.0497067 2.15655
0.0502731 2.135
0.0508396 2.11366
0.0514061 2.09254
0.0519725 2.07166
0.052539 2.051
0.0531055 2.03057
0.0536719 2.01032
0.0542384 1.99037
0.0548049 1.97057
0.0553713 1.95101
0.0559378 1.93171
0.0565043 1.91249
0.0570707 1.89349
0.0576372 1.87467
0.0582036 1.85615
0.0587701 1.83774
0.0593366 1.81953
0.059903 1.80162
0.0604695 1.78388
0.061036 1.76644
0.0616024 1.74923
0.0621689 1.73218
0.0627354 1.71546
0.0633018 1.69904
0.0638683 1.68292
0.0644348 1.66712
0.0650012 1.65161
0.0655677 1.63636
0.0661342 1.62142
0.0667006 1.60681
0.0672671 1.59265
0.0678336 1.57898
0.0684 1.56553
0.0689665 1.55184
0.0695329 1.53788
0.0700994 1.52405
0.0706659 1.51119
0.0712323 1.49925
0.0717988 1.48774
0.0723653 1.47648
0.0729317 1.46567
0.0734982 1.45506
0.0740647 1.44491
0.0746311 1.4353
0.0751976 1.42655
0.0757641 1.41863
0.0763305 1.41137
0.076897 1.40501
0.0774635 1.39985
0.0780299 1.39592
0.0785964 1.39224
0.0791629 1.38828
0.0797293 1.38431
0.0802958 1.3806
0.0808622 1.37706
0.0814287 1.37372
0.0819952 1.37082
0.0825616 1.36837
0.0831281 1.3663
0.0836946 1.36474
0.084261 1.36368
0.0848275 1.36304
0.085394 1.36287
0.0859604 1.3631
0.0865269 1.36378
0.0870934 1.36486
0.0876598 1.36622
0.0882263 1.3679
0.0887928 1.36963
0.0893592 1.37172
0.0899257 1.37399
0.0904922 1.37644
0.0910586 1.37905
0.0916251 1.38169
0.0921916 1.38458
0.092758 1.38752
0.0933245 1.39094
0.0938909 1.39477
0.0944574 1.39856
0.0950239 1.40204
0.0955903 1.40503
0.0961568 1.40782
0.0967233 1.41031
0.0972897 1.41254
0.0978562 1.4148
0.0984227 1.41726
0.0989891 1.41957
0.0995556 1.42187
0.100122 1.42416
0.100689 1.42635
0.101255 1.42846
0.101821 1.43054
0.102388 1.43259
0.102954 1.43459
0.103521 1.43654
0.104087 1.43836
0.104654 1.44008
0.10522 1.44131
0.105787 1.44238
0.106353 1.44381
0.10692 1.44523
0.107486 1.44662
0.108053 1.44795
0.108619 1.44922
0.109186 1.45034
0.109752 1.45133
0.110318 1.4521
0.110885 1.45257
0.111451 1.45281
0.112018 1.4528
0.112584 1.45258
0.113151 1.45217
0.113717 1.45161
0.114284 1.45094
0.11485 1.45017
0.115417 1.44933
0.115983 1.44851
0.11655 1.44772
0.117116 1.44693
0.117682 1.44614
0.118249 1.44539
0.118815 1.44458
0.119382 1.4437
0.119948 1.44277
0.120515 1.44182
0.121081 1.44088
0.121648 1.43995
0.122214 1.43903
0.122781 1.43799
0.123347 1.43687
0.123914 1.4357
0.12448 1.43449
0.125047 1.43326
0.125613 1.43204
0.126179 1.43086
0.126746 1.42967
0.127312 1.42846
0.127879 1.42723
0.128445 1.426
0.129012 1.4257
0.129578 1.42448
0.130145 1.42325
0.130711 1.42206
0.131278 1.42007
0.131844 1.41896
0.132411 1.41794
0.132977 1.417
0.133543 1.41611
0.13411 1.41527
0.134676 1.41445
0.135243 1.41368
0.135809 1.41297
0.136376 1.41222
0.136942 1.41146
0.137509 1.41067
0.138075 1.40984
0.138642 1.40901
0.139208 1.40819
0.139775 1.4074
0.140341 1.40666
0.140908 1.40595
0.141474 1.40529
0.14204 1.40469
0.142607 1.40414
0.143173 1.40366
0.14374 1.40322
0.144306 1.40278
0.144873 1.40236
0.145439 1.40194
0.146006 1.40152
0.146572 1.40112
0.147139 1.40074
0.147705 1.40043
0.148272 1.40019
0.148838 1.39996
0.149405 1.39974
0.149971 1.39953
0.150537 1.39936
0.151104 1.39916
0.15167 1.39897
0.152237 1.39877
0.152803 1.39854
0.15337 1.3983
0.153936 1.39806
0.154503 1.39784
0.155069 1.39766
0.155636 1.3975
0.156202 1.39741
0.156769 1.39737
0.157335 1.39736
0.157901 1.39739
0.158468 1.39745
0.159034 1.39749
0.159601 1.39754
0.160167 1.3976
0.160734 1.39766
0.1613 1.39772
0.161867 1.39778
0.162433 1.3995
0.163 1.39782
0.163566 1.39772
0.164133 1.39766
0.164699 1.39768
0.165266 1.39779
0.165832 1.39797
0.166398 1.39822
0.166965 1.39854
0.167531 1.39893
0.168098 1.39936
0.168664 1.39984
0.169231 1.40034
0.169797 1.40086
0.170364 1.40136
0.17093 1.40188
0.171497 1.40237
0.172063 1.40285
0.17263 1.40331
0.173196 1.40375
0.173763 1.40417
0.174329 1.40458
0.174895 1.40498
0.175462 1.40535
0.176028 1.4057
0.176595 1.40607
0.177161 1.40644
0.177728 1.4068
0.178294 1.40715
0.178861 1.4075
0.179427 1.40786
0.179994 1.40819
0.18056 1.40852
0.181127 1.40883
0.181693 1.40913
0.182259 1.40942
0.182826 1.4097
0.183392 1.40996
0.183959 1.41022
0.184525 1.41046
0.185092 1.4107
0.185658 1.41093
0.186225 1.41115
0.186791 1.41135
0.187358 1.41154
0.187924 1.41171
0.188491 1.41189
0.189057 1.41206
0.189624 1.41219
0.19019 1.41231
0.190756 1.41243
0.191323 1.41254
0.191889 1.41263
0.192456 1.41273
0.193022 1.41282
0.193589 1.41289
0.194155 1.41292
0.194722 1.41296
0.195288 1.41297
0.195855 1.41297
0.196421 1.41298
0.196988 1.41295
0.197554 1.41293
0.198121 1.41289
0.198687 1.41285
0.199253 1.41279
0.19982 1.41275
0.200386 1.4127
0.200953 1.41358
0.201519 1.41256
0.202086 1.41248
0.202652 1.41239
0.203219 1.41229
0.203785 1.41217
0.204352 1.41205
0.204918 1.41193
0.205485 1.41179
0.206051 1.41165
0.206617 1.41152
0.207184 1.41139
0.20775 1.41129
0.208317 1.41119
0.208883 1.41109
0.20945 1.41104
0.210016 1.41102
0.210583 1.41102
0.211149 1.41105
0.211716 1.41109
0.212282 1.41112
0.212849 1.41117
0.213415 1.41122
0.213982 1.41128
0.214548 1.41135
0.215114 1.41143
0.215681 1.41146
0.216247 1.41148
0.216814 1.4115
0.21738 1.41155
0.217947 1.41159
0.218513 1.41161
0.21908 1.41164
0.219646 1.41169
0.220213 1.41175
0.220779 1.41183
0.221346 1.41192
0.221912 1.41201
0.222479 1.41211
0.223045 1.41218
0.223611 1.41224
0.224178 1.4123
0.224744 1.41236
0.225311 1.41241
0.225877 1.41243
0.226444 1.41243
0.22701 1.41244
0.227577 1.41246
0.228143 1.4125
0.22871 1.41254
0.229276 1.41256
0.229843 1.41257
0.230409 1.4126
0.230975 1.41266
0.231542 1.41273
0.232108 1.41279
0.232675 1.41285
0.233241 1.4129
0.233808 1.41294
0.234374 1.41301
0.234941 1.41303
0.235507 1.41303
0.236074 1.41305
0.23664 1.41309
0.237207 1.41314
0.237773 1.4132
0.23834 1.41328
0.238906 1.41335
0.239472 1.41341
0.240039 1.41346
0.240605 1.41353
0.241172 1.4136
0.241738 1.41369
0.242305 1.41374
0.242871 1.41378
0.243438 1.41382
0.244004 1.4138
0.244571 1.41377
0.245137 1.41375
0.245704 1.41375
0.24627 1.41377
0.246837 1.4138
0.247403 1.41383
0.247969 1.41387
0.248536 1.41392
0.249102 1.41397
0.249669 1.41403
0.250235 1.41408
0.250802 1.41414
0.251368 1.4142
0.251935 1.41425
0.252501 1.4143
0.253068 1.41435
0.253634 1.41441
0.254201 1.41443
0.254767 1.41437
0.255333 1.41427
0.2559 1.41418
0.256466 1.4141
0.257033 1.41405
0.257599 1.41399
0.258166 1.4139
0.258732 1.4138
0.259299 1.41369
0.259865 1.4136
0.260432 1.41353
0.260998 1.41347
0.261565 1.41341
0.262131 1.41333
0.262698 1.41327
0.263264 1.41321
0.26383 1.41316
slurmstepd: error: *** JOB 62718 ON n0108 CANCELLED AT 2024-04-15T14:28:34 DUE TO TIME LIMIT ***
