9.69703e-05 0
9.76563e-05 1.99894e-06

0.000102106 0
0.00012207 4.00611e-06

0.000140674 0
0.000146484 2.24316e-06

0.000170898 2.08739e-06
0.00016609 2.44141e-05

0.000170898 4.75536e-05
0.000170766 4.88281e-05

0.000195313 7.01661e-06
0.000191476 2.44141e-05

0.000189228 2.44141e-05
0.000184228 4.88281e-05

0.000170881 4.88281e-05
0.000170898 4.89091e-05

0.000184727 4.88281e-05
0.000188207 7.32422e-05

0.00018768 7.32422e-05
0.000195313 8.87224e-05

0.000203016 0
0.000197048 2.44141e-05

0.000195313 2.47691e-05
0.000195401 2.44141e-05

0.000195313 8.89013e-05
0.00019973 9.76563e-05

0.000198839 9.76563e-05
0.000219727 0.00011913

0.000219727 0.000118196
0.000226848 0.00012207

0.000226968 0.00012207
0.000244141 0.000131134

0.000244141 0.000130549
0.000268555 0.000134679

0.000268555 0.000134654
0.000292969 0.000131251

0.000341797 9.36076e-05
0.000339751 9.76563e-05

0.000342956 0
0.000346855 2.44141e-05

0.000350693 2.44141e-05
0.000354715 4.88281e-05

0.000354698 4.88281e-05
0.000351205 7.32422e-05

0.000341797 9.31731e-05
0.00035182 7.32422e-05

0.000317383 0.000120328
0.000313903 0.00012207

0.000292969 0.000131756
0.000312445 0.00012207

0.000317383 0.000120789
0.000340631 9.76563e-05

0.000876612 0
0.000878906 6.03027e-06

0.000878906 4.57967e-06
0.00090332 3.44058e-06

0.00090332 4.54689e-06
0.000904951 0

0.00146279 0
0.00146484 5.91982e-06

0.00146484 5.25606e-06
0.00148395 2.44141e-05

0.00148342 2.44141e-05
0.00148926 2.64448e-05

0.00148926 1.71046e-05
0.00151367 1.7353e-05

0.00148926 2.44556e-05
0.00150897 2.44141e-05

0.00151367 1.73497e-05
0.00153809 1.71013e-05

0.00151844 2.44141e-05
0.00153809 2.4456e-05

0.0015625 5.26476e-06
0.0015434 2.44141e-05

0.00153809 2.64481e-05
0.00154393 2.44141e-05

0 0.00312465
0.000390625 0.00311357

0.000390625 0.00311387
0.00078125 0.00308006

0.00078125 0.00308069
0.00117187 0.00302231

0.00117188 0.00302337
0.0015625 0.00293705

0.0015625 5.96384e-06
0.00156457 0

0.00165649 0
0.00166016 8.94945e-06

0.00166016 1.04953e-05
0.00167493 2.44141e-05

0.00167406 2.44141e-05
0.00168457 2.83611e-05

0.00168457 1.88413e-05
0.00170898 1.91446e-05

0.00169678 2.44141e-05
0.00170898 2.44851e-05

0.0017334 1.14985e-05
0.0017187 2.44141e-05

0.00170898 2.81869e-05
0.00171949 2.44141e-05

0.0017334 1.28512e-05
0.00173897 0

0.00179064 0
0.00180664 1.88249e-05

0.00180664 2.78808e-06
0.00183105 1.31292e-05

0.00183105 8.51352e-06
0.00185547 1.31192e-05

0.00185547 8.27728e-06
0.00187988 1.26795e-05

0.00187988 1.39251e-05
0.0019043 1.31547e-05

0.0019043 1.38314e-05
0.00192871 6.12535e-06

0.00192871 6.32665e-06
0.00195312 1.17976e-05

0.00195312 1.01735e-05
0.00197754 1.59316e-05

0.00197754 1.55015e-05
0.00200195 1.01705e-05

0.00200195 1.59516e-05
0.00202637 3.1276e-06

0.00202637 3.3944e-06
0.00205078 8.94165e-06

0.00205078 8.31921e-06
0.0020752 1.59086e-05

0.0020752 9.21891e-06
0.00209961 1.15707e-05

0.00209961 1.36663e-05
0.00212402 1.35484e-05

0.00212402 1.32039e-05
0.00214844 7.43139e-06

0.00214844 6.99693e-06
0.00217285 1.32264e-05

0.00217285 1.41053e-05
0.00219727 1.41263e-05

0.00219727 1.3339e-05
0.00222168 6.91219e-06

0.00222168 6.85079e-06
0.00224609 1.35587e-05

0.00224609 1.42101e-05
0.00227051 1.42398e-05

0.00227051 1.4138e-05
0.00229492 6.31126e-06

0.00229492 7.13287e-06
0.00231934 1.18752e-05

0.00231934 1.03016e-05
0.00234375 1.5611e-05

0.00234375 1.56186e-05
0.00236816 1.04113e-05

0.00236816 1.25269e-05
0.00239258 6.48992e-06

0.00239258 6.50562e-06
0.00241699 1.26638e-05

0.00241699 1.04508e-05
0.00244141 1.55769e-05

0.00244141 1.55657e-05
0.00246582 1.04064e-05

0.00246582 1.24867e-05
0.00249023 6.6971e-06

0.00249023 6.70641e-06
0.00251465 1.26498e-05

0.00251465 1.05222e-05
0.00253906 1.54688e-05

0.00253906 1.54557e-05
0.00256348 1.04695e-05

0.00256348 1.24442e-05
0.00258789 6.92852e-06

0.00258789 6.92896e-06
0.0026123 1.26515e-05

0.0026123 1.06847e-05
0.00263672 1.52909e-05

0.00263672 1.5238e-05
0.00266113 1.04569e-05

0.00266113 1.17603e-05
0.00268555 7.88282e-06

0.00268555 7.10122e-06
0.00270996 1.40347e-05

0.00270996 1.40898e-05
0.00273438 1.40814e-05

0.00273437 1.38798e-05
0.00275879 7.24483e-06

0.00275879 8.06253e-06
0.0027832 1.19191e-05

0.0027832 1.07054e-05
0.00280762 1.49888e-05

0.00280762 1.4979e-05
0.00283203 1.0677e-05

0.00283203 1.19042e-05
0.00285645 8.09247e-06

0.00285645 7.31829e-06
0.00288086 1.38211e-05

0.00288086 1.39029e-05
0.00290527 1.41099e-05

0.00290527 1.37289e-05
0.00292969 7.68914e-06

0.00292969 8.41848e-06
0.0029541 1.20629e-05

0.0029541 1.14273e-05
0.00297852 1.43788e-05

0.00297852 1.19753e-05
0.00300293 1.23933e-05

0.00300293 1.24072e-05
0.00302734 1.39748e-05

0.00302734 1.28411e-05
0.00305176 1.37475e-05

0.00305176 1.32889e-05
0.00307617 1.44207e-05

0.00307617 1.3688e-05
0.00310059 1.46049e-05

0.00310059 1.40656e-05
0.003125 1.50639e-05

0.00175781 0.00288071
0.00158222 0.00292969

0.0015625 0.00293585
0.00158461 0.00292969

0.00175781 0.00288129
0.00195312 0.00281808

0.00234375 0.00265961
0.00217331 0.00273438

0.00195312 0.00281842
0.00214844 0.00274478

0.00214844 0.00274495
0.00217255 0.00273438

0.00292969 0.00230983
0.00288286 0.00234375

0.003125 0.00214557
0.00312187 0.00214844

0.00302734 0.0022325
0.00301058 0.00224609

0.00297852 0.00227052
0.00294719 0.00229492

0.00292969 0.00230976
0.00294901 0.00229492

0.00297852 0.00227055
0.00300902 0.00224609

0.00302734 0.0022324
0.0031234 0.00214844

0.00244141 0.00261108
0.00238893 0.00263672

0.00234375 0.00265877
0.00238888 0.00263672

0.00244141 0.00261121
0.00253906 0.00255998

0.00273438 0.00244632
0.00257802 0.00253906

0.00253906 0.00256004
0.00257506 0.00253906

0.00283203 0.00237966
0.00273963 0.00244141

0.00273438 0.00244589
0.00274137 0.00244141

0.00283203 0.00237959
0.00288186 0.00234375

0.003125 1.44537e-05
0.00314941 1.54261e-05

0.00314941 1.49092e-05
0.00317383 1.58084e-05

0.00317383 1.53179e-05
0.00319824 1.60682e-05

0.00319824 1.55486e-05
0.00322266 1.64545e-05

0.00322266 1.5861e-05
0.00324707 1.71129e-05

0.00324707 1.65371e-05
0.00327148 1.77259e-05

0.00327148 1.70365e-05
0.0032959 1.8156e-05

0.0032959 1.7688e-05
0.00332031 1.87312e-05

0.00332031 1.79837e-05
0.00334473 1.92781e-05

0.00334473 1.94388e-05
0.00336914 1.95691e-05

0.00336914 1.28554e-05
0.0033931 2.44141e-05

0.0033914 2.44141e-05
0.00339355 2.52701e-05

0.00339355 2.74055e-05
0.00341789 4.88281e-05

0.00341769 4.88281e-05
0.00341797 4.90949e-05

0.00341797 4.95134e-05
0.0034416 7.32422e-05

0.00344165 7.32422e-05
0.00344238 7.40022e-05

0.00344238 7.41775e-05
0.0034642 9.76563e-05

0.00346473 9.76563e-05
0.0034668 9.99787e-05

0.0034668 0.000100453
0.00350584 0.000146484

0.00350583 0.000146484
0.00351563 0.000159378

0.00351563 0.000159622
0.00354207 0.000195313

0.00354243 0.000195313
0.00356445 0.000228457

0.00356445 0.000229566
0.00357395 0.000244141

0.00357451 0.000244141
0.00360326 0.000292969

0.00360401 0.000292969
0.00361328 0.000311708

0.00361328 0.000313079
0.00362823 0.000341797

0.00362845 0.000341797
0.00365099 0.000390625

0.00365165 0.000390625
0.00368896 0.000488281

0.00368875 0.000488281
0.00371094 0.000566968

0.00371094 0.000568393
0.00371588 0.000585938

0.00371601 0.000585937
0.00373475 0.000683594

0.00373439 0.000683594
0.00374548 0.00078125

0.00374746 0.00078125
0.00374788 0.000976562

0.00374758 0.000976562
0.00371939 0.00117188

0.00371094 0.00120202
0.0036633 0.00136719

0.00366354 0.00136719
0.0035781 0.0015625

0.00371094 0.00119804
0.00371848 0.00117187

0.00332031 0.0019411
0.00331036 0.00195312

0.00351563 0.00167115
0.00346098 0.00175781

0.00341797 0.00181844
0.00339151 0.00185547

0.00332031 0.00194364
0.00339136 0.00185547

0.00346036 0.00175781
0.00342642 0.00180664

0.00341797 0.00181546
0.00342417 0.00180664

0.00331573 0.00195312
0.00312704 0.00214844

0.00357603 0.0015625
0.00352217 0.00166016

0.00351563 0.00167084
0.00352209 0.00166016

