9.70498e-05 0
9.76563e-05 1.7782e-06

0.000102664 0
0.00012207 4.10195e-06

0.00014027 0
0.000146484 2.14178e-06

0.000170898 3.07057e-06
0.000166042 2.44141e-05

0.000170898 4.76938e-05
0.000170774 4.88281e-05

0.000195313 6.82067e-06
0.000191457 2.44141e-05

0.000189184 2.44141e-05
0.000184188 4.88281e-05

0.000184685 4.88281e-05
0.000188166 7.32422e-05

0.000187638 7.32422e-05
0.000195313 8.88024e-05

0.000202891 0
0.000196965 2.44141e-05

0.000195313 2.47518e-05
0.000195396 2.44141e-05

0.000195313 8.89827e-05
0.00019969 9.76563e-05

0.000198797 9.76563e-05
0.000219727 0.000119161

0.000219727 0.000118225
0.000226805 0.00012207

0.000226925 0.00012207
0.000244141 0.000131148

0.000244141 0.000130562
0.000268555 0.000134678

0.000268555 0.000134654
0.000292969 0.000131238

0.000341797 9.3519e-05
0.000339706 9.76563e-05

0.000342912 0
0.000346811 2.44141e-05

0.000350649 2.44141e-05
0.000354671 4.88281e-05

0.000354653 4.88281e-05
0.000351161 7.32422e-05

0.000341797 9.30874e-05
0.000351774 7.32422e-05

0.000317383 0.000120294
0.000313841 0.00012207

0.000292969 0.000131741
0.000312391 0.00012207

0.000317383 0.000120756
0.000340584 9.76563e-05

0.000876548 0
0.000878906 6.16079e-06

0.000878906 4.70263e-06
0.00090332 3.31747e-06

0.00090332 4.34383e-06
0.000904868 0

0.00146278 0
0.00146484 5.94301e-06

0.00146484 5.25057e-06
0.00148393 2.44141e-05

0.0014834 2.44141e-05
0.00148926 2.64576e-05

0.00148926 1.7134e-05
0.00151367 1.73879e-05

0.00148926 2.44555e-05
0.00150909 2.44141e-05

0.00151367 1.73599e-05
0.00153809 1.71111e-05

0.00151857 2.44141e-05
0.00153809 2.44563e-05

0.0015625 5.31228e-06
0.00154343 2.44141e-05

0.00153809 2.64563e-05
0.00154395 2.44141e-05

0 0.00312461
0.000390625 0.00311354

0.000390625 0.00311383
0.00078125 0.00308003

0.00078125 0.00308066
0.00117187 0.00302229

0.00117188 0.00302335
0.0015625 0.00293703

0.0015625 5.97099e-06
0.00156457 0

0.00165648 0
0.00166016 8.96929e-06

0.00166016 1.05058e-05
0.00167493 2.44141e-05

0.00167407 2.44141e-05
0.00168457 2.83553e-05

0.00168457 1.88307e-05
0.00170898 1.91376e-05

0.00169681 2.44141e-05
0.00170898 2.44858e-05

0.0017334 1.15118e-05
0.00171871 2.44141e-05

0.00170898 2.81824e-05
0.00171948 2.44141e-05

0.0017334 1.28319e-05
0.00173897 0

0.00179062 0
0.00180664 1.88558e-05

0.00180664 2.83767e-06
0.00183105 1.31368e-05

0.00183105 8.54501e-06
0.00185547 1.31084e-05

0.00185547 8.30003e-06
0.00187988 1.26749e-05

0.00187988 1.39138e-05
0.0019043 1.31556e-05

0.0019043 1.38233e-05
0.00192871 6.16713e-06

0.00192871 6.36913e-06
0.00195312 1.17929e-05

0.00195312 1.01818e-05
0.00197754 1.59111e-05

0.00197754 1.54872e-05
0.00200195 1.01859e-05

0.00200195 1.59316e-05
0.00202637 3.17348e-06

0.00202637 3.43897e-06
0.00205078 8.94855e-06

0.00205078 8.33956e-06
0.0020752 1.58889e-05

0.0020752 9.22681e-06
0.00209961 1.15764e-05

0.00209961 1.36634e-05
0.00212402 1.355e-05

0.00212402 1.3208e-05
0.00214844 7.4467e-06

0.00214844 7.02008e-06
0.00217285 1.32118e-05

0.00217285 1.40882e-05
0.00219727 1.41178e-05

0.00219727 1.33458e-05
0.00222168 6.92521e-06

0.00222168 6.85388e-06
0.00224609 1.35379e-05

0.00224609 1.41817e-05
0.00227051 1.42563e-05

0.00227051 1.41471e-05
0.00229492 6.34418e-06

0.00229492 7.15915e-06
0.00231934 1.18572e-05

0.00231934 1.03019e-05
0.00234375 1.56051e-05

0.00234375 1.56112e-05
0.00236816 1.04185e-05

0.00236816 1.253e-05
0.00239258 6.5001e-06

0.00239258 6.51559e-06
0.00241699 1.26591e-05

0.00241699 1.04517e-05
0.00244141 1.55745e-05

0.00244141 1.55647e-05
0.00246582 1.04085e-05

0.00246582 1.24881e-05
0.00249023 6.69815e-06

0.00249023 6.70747e-06
0.00251465 1.26489e-05

0.00251465 1.05217e-05
0.00253906 1.54698e-05

0.00253906 1.54579e-05
0.00256348 1.04696e-05

0.00256348 1.24459e-05
0.00258789 6.92453e-06

0.00258789 6.92681e-06
0.0026123 1.26499e-05

0.0026123 1.06863e-05
0.00263672 1.52865e-05

0.00263672 1.52301e-05
0.00266113 1.04518e-05

0.00266113 1.1756e-05
0.00268555 7.88973e-06

0.00268555 7.1011e-06
0.00270996 1.40353e-05

0.00270996 1.40962e-05
0.00273438 1.40791e-05

0.00273437 1.38782e-05
0.00275879 7.23528e-06

0.00275879 8.05756e-06
0.0027832 1.19205e-05

0.0027832 1.0702e-05
0.00280762 1.49873e-05

0.00280762 1.49867e-05
0.00283203 1.06673e-05

0.00283203 1.18311e-05
0.00285645 8.13968e-06

0.00285645 7.39092e-06
0.00288086 1.38847e-05

0.00288086 1.40034e-05
0.00290527 1.39929e-05

0.00290527 1.35659e-05
0.00292969 7.6956e-06

0.00292969 8.43491e-06
0.0029541 1.22514e-05

0.0029541 1.1512e-05
0.00297852 1.43614e-05

0.00297852 1.20489e-05
0.00300293 1.24068e-05

0.00300293 1.24587e-05
0.00302734 1.3909e-05

0.00302734 1.28239e-05
0.00305176 1.36852e-05

0.00305176 1.32238e-05
0.00307617 1.44024e-05

0.00307617 1.36564e-05
0.00310059 1.46236e-05

0.00310059 1.41028e-05
0.003125 1.50196e-05

0.00175781 0.0028807
0.00158216 0.00292969

0.0015625 0.00293584
0.00158455 0.00292969

0.00175781 0.00288127
0.00195312 0.00281807

0.00234375 0.00265961
0.0021733 0.00273438

0.00195312 0.00281841
0.00214844 0.00274478

0.00214844 0.00274494
0.00217252 0.00273438

0.00292969 0.00230983
0.00288287 0.00234375

0.003125 0.00214555
0.00312184 0.00214844

0.00302734 0.00223253
0.00301062 0.00224609

0.00297852 0.00227052
0.00294719 0.00229492

0.00292969 0.00230976
0.00294901 0.00229492

0.00297852 0.00227054
0.003009 0.00224609

0.00302734 0.0022324
0.00312339 0.00214844

0.00244141 0.00261108
0.00238893 0.00263672

0.00234375 0.00265876
0.00238887 0.00263672

0.00244141 0.00261121
0.00253906 0.00255998

0.00273438 0.00244632
0.00257803 0.00253906

0.00253906 0.00256003
0.00257504 0.00253906

0.00283203 0.00237966
0.00273963 0.00244141

0.00273438 0.00244588
0.00274136 0.00244141

0.00283203 0.00237959
0.00288186 0.00234375

0.003125 1.44728e-05
0.00314941 1.52624e-05

0.00314941 1.47791e-05
0.00317383 1.56263e-05

0.00317383 1.5101e-05
0.00319824 1.60417e-05

0.00319824 1.5504e-05
0.00322266 1.65029e-05

0.00322266 1.58776e-05
0.00324707 1.70114e-05

0.00324707 1.62409e-05
0.00327148 1.78069e-05

0.00327148 1.69919e-05
0.0032959 1.88221e-05

0.0032959 1.88855e-05
0.00332031 1.87431e-05

0.00332031 1.68763e-05
0.00334473 1.86529e-05

0.00334473 2.00901e-05
0.00336914 2.10915e-05

0.00336914 1.31902e-05
0.00339355 2.42674e-05

0.00339053 2.44141e-05
0.00339355 2.56193e-05

0.00339355 2.36369e-05
0.00339428 2.44141e-05

0.00339355 2.8127e-05
0.00341687 4.88281e-05

0.00341708 4.88281e-05
0.00341797 4.96725e-05

0.00341797 5.00739e-05
0.00344132 7.32422e-05

0.00344134 7.32422e-05
0.00344238 7.43264e-05

0.00344238 7.45172e-05
0.00346401 9.76563e-05

0.00346454 9.76563e-05
0.0034668 0.000100188

0.0034668 0.000100967
0.0034853 0.00012207

0.0034851 0.00012207
0.00349121 0.000129381

0.00349121 0.000129007
0.00350557 0.000146484

0.00350577 0.000146484
0.00351563 0.000159415

0.00351563 0.000159775
0.00354233 0.000195313

0.00354245 0.000195313
0.00356445 0.000228384

0.00356445 0.000229184
0.0035742 0.000244141

0.00357462 0.000244141
0.0036034 0.000292969

0.00360415 0.000292969
0.00361328 0.0003114

0.00361328 0.000312814
0.00362838 0.000341797

0.0036286 0.000341797
0.00365114 0.000390625

0.0036518 0.000390625
0.00368912 0.000488281

0.00368891 0.000488281
0.00371094 0.000566436

0.00371094 0.00056784
0.00371604 0.000585938

0.00371615 0.000585937
0.00373488 0.000683594

0.00373452 0.000683594
0.00374559 0.00078125

0.00374757 0.00078125
0.00374796 0.000976562

0.00374766 0.000976562
0.00371945 0.00117188

0.00371094 0.00120221
0.00366334 0.00136719

0.00366358 0.00136719
0.00357813 0.0015625

0.00371094 0.0011981
0.0037185 0.00117187

0.00332031 0.00194106
0.00331032 0.00195312

0.00351563 0.00167119
0.003461 0.00175781

0.00341797 0.00181849
0.00339154 0.00185547

0.00332031 0.00194366
0.00339138 0.00185547

0.00346037 0.00175781
0.00342643 0.00180664

0.00341797 0.00181537
0.00342411 0.00180664

0.00331573 0.00195312
0.00312703 0.00214844

0.00357606 0.0015625
0.00352219 0.00166016

0.00351563 0.00167086
0.0035221 0.00166016

