9.70692e-05 0
9.76563e-05 1.72351e-06

0.000102796 0
0.00012207 4.12489e-06

0.000140162 0
0.000146484 2.11654e-06

0.000170898 3.2968e-06
0.000166032 2.44141e-05

0.000170898 4.77197e-05
0.000170776 4.88281e-05

0.000195313 6.77709e-06
0.000191453 2.44141e-05

0.000189173 2.44141e-05
0.000184179 4.88281e-05

0.000184675 4.88281e-05
0.000188156 7.32422e-05

0.000187628 7.32422e-05
0.000195313 8.88205e-05

0.00020286 0
0.000196944 2.44141e-05

0.000195313 2.47497e-05
0.000195396 2.44141e-05

0.000195313 8.90013e-05
0.00019968 9.76563e-05

0.000198788 9.76563e-05
0.000219727 0.000119168

0.000219727 0.000118231
0.000226796 0.00012207

0.000226916 0.00012207
0.000244141 0.00013115

0.000244141 0.000130564
0.000268555 0.000134677

0.000268555 0.000134653
0.000292969 0.000131235

0.000341797 9.3506e-05
0.000339699 9.76563e-05

0.000342904 0
0.000346804 2.44141e-05

0.000350641 2.44141e-05
0.000354664 4.88281e-05

0.000354647 4.88281e-05
0.000351154 7.32422e-05

0.000341797 9.30735e-05
0.000351767 7.32422e-05

0.000317383 0.000120287
0.000313828 0.00012207

0.000292969 0.000131738
0.000312381 0.00012207

0.000317383 0.00012075
0.000340577 9.76563e-05

0.000877037 0
0.000878906 5.11036e-06

0.000878906 3.83996e-06
0.00090332 4.18762e-06

0.00090332 5.55981e-06
0.000905391 0

0.00146279 0
0.00146484 5.91954e-06

0.00146484 5.25555e-06
0.00148393 2.44141e-05

0.0014834 2.44141e-05
0.00148926 2.64564e-05

0.00148926 1.71209e-05
0.00151367 1.73783e-05

0.00148926 2.44552e-05
0.00150941 2.44141e-05

0.00151367 1.73603e-05
0.00153809 1.71195e-05

0.00151902 2.44141e-05
0.00153809 2.4457e-05

0.0015625 5.30614e-06
0.00154342 2.44141e-05

0.00153809 2.64542e-05
0.00154395 2.44141e-05

0 0.0031246
0.000390625 0.00311353

0.000390625 0.00311382
0.00078125 0.00308002

0.00078125 0.00308065
0.00117187 0.00302228

0.00117188 0.00302334
0.0015625 0.00293703

0.0015625 5.9933e-06
0.00156458 0

0.00165647 0
0.00166016 8.97622e-06

0.00166016 1.05038e-05
0.00167493 2.44141e-05

0.00167408 2.44141e-05
0.00168457 2.83535e-05

0.00168457 1.88357e-05
0.00170898 1.91466e-05

0.00169683 2.44141e-05
0.00170898 2.44872e-05

0.0017334 1.15131e-05
0.00171871 2.44141e-05

0.00170898 2.81891e-05
0.00171949 2.44141e-05

0.0017334 1.28366e-05
0.00173897 0

0.00179062 0
0.00180664 1.88631e-05

0.00180664 2.84959e-06
0.00183105 1.31419e-05

0.00183105 8.55389e-06
0.00185547 1.31033e-05

0.00185547 8.30375e-06
0.00187988 1.26746e-05

0.00187988 1.39116e-05
0.0019043 1.31571e-05

0.0019043 1.38235e-05
0.00192871 6.17501e-06

0.00192871 6.37726e-06
0.00195312 1.17908e-05

0.00195312 1.01834e-05
0.00197754 1.59073e-05

0.00197754 1.54835e-05
0.00200195 1.01887e-05

0.00200195 1.59274e-05
0.00202637 3.18384e-06

0.00202637 3.44742e-06
0.00205078 8.95042e-06

0.00205078 8.34467e-06
0.0020752 1.58861e-05

0.0020752 9.23249e-06
0.00209961 1.15741e-05

0.00209961 1.36616e-05
0.00212402 1.3544e-05

0.00212402 1.32033e-05
0.00214844 7.44925e-06

0.00214844 7.02106e-06
0.00217285 1.32126e-05

0.00217285 1.40898e-05
0.00219727 1.41137e-05

0.00219727 1.32521e-05
0.00222168 7.01326e-06

0.00222168 6.97073e-06
0.00224609 1.36237e-05

0.00224609 1.4326e-05
0.00227051 1.4104e-05

0.00227051 1.40597e-05
0.00229492 6.23842e-06

0.00229492 7.07376e-06
0.00231934 1.19533e-05

0.00231934 1.03088e-05
0.00234375 1.56033e-05

0.00234375 1.5613e-05
0.00236816 1.04174e-05

0.00236816 1.25296e-05
0.00239258 6.50131e-06

0.00239258 6.51709e-06
0.00241699 1.26597e-05

0.00241699 1.04532e-05
0.00244141 1.55732e-05

0.00244141 1.55626e-05
0.00246582 1.04091e-05

0.00246582 1.24886e-05
0.00249023 6.70147e-06

0.00249023 6.71008e-06
0.00251465 1.26475e-05

0.00251465 1.05221e-05
0.00253906 1.5469e-05

0.00253906 1.54566e-05
0.00256348 1.04706e-05

0.00256348 1.2447e-05
0.00258789 6.9259e-06

0.00258789 6.9256e-06
0.0026123 1.26507e-05

0.0026123 1.06857e-05
0.00263672 1.52926e-05

0.00263672 1.52389e-05
0.00266113 1.04529e-05

0.00266113 1.17573e-05
0.00268555 7.8825e-06

0.00268555 7.09889e-06
0.00270996 1.40375e-05

0.00270996 1.40956e-05
0.00273438 1.40785e-05

0.00273437 1.38791e-05
0.00275879 7.23425e-06

0.00275879 8.05272e-06
0.0027832 1.1922e-05

0.0027832 1.07022e-05
0.00280762 1.49946e-05

0.00280762 1.49832e-05
0.00283203 1.06781e-05

0.00283203 1.1893e-05
0.00285645 8.10148e-06

0.00285645 7.3481e-06
0.00288086 1.38189e-05

0.00288086 1.38793e-05
0.00290527 1.40931e-05

0.00290527 1.36392e-05
0.00292969 7.81559e-06

0.00292969 8.57158e-06
0.0029541 1.21197e-05

0.0029541 1.14389e-05
0.00297852 1.43071e-05

0.00297852 1.19891e-05
0.00300293 1.24874e-05

0.00300293 1.24706e-05
0.00302734 1.39636e-05

0.00302734 1.29088e-05
0.00305176 1.36867e-05

0.00305176 1.33012e-05
0.00307617 1.42715e-05

0.00307617 1.36295e-05
0.00310059 1.44204e-05

0.00310059 1.39288e-05
0.003125 1.48583e-05

0.00175781 0.0028807
0.00158215 0.00292969

0.0015625 0.00293583
0.00158453 0.00292969

0.00175781 0.00288127
0.00195312 0.00281806

0.00234375 0.00265961
0.00217329 0.00273438

0.00195312 0.00281841
0.00214844 0.00274477

0.00214844 0.00274493
0.0021725 0.00273438

0.00292969 0.00230983
0.00288286 0.00234375

0.003125 0.00214555
0.00312184 0.00214844

0.00302734 0.00223253
0.00301062 0.00224609

0.00297852 0.00227051
0.00294718 0.00229492

0.00292969 0.00230976
0.00294901 0.00229492

0.00297852 0.00227053
0.00300899 0.00224609

0.00302734 0.00223239
0.00312339 0.00214844

0.00244141 0.00261108
0.00238892 0.00263672

0.00234375 0.00265876
0.00238886 0.00263672

0.00244141 0.00261121
0.00253906 0.00255998

0.00273438 0.00244632
0.00257802 0.00253906

0.00253906 0.00256002
0.00257503 0.00253906

0.00283203 0.00237965
0.00273963 0.00244141

0.00273438 0.00244588
0.00274135 0.00244141

0.00283203 0.00237959
0.00288186 0.00234375

0.003125 1.42089e-05
0.00314941 1.53021e-05

0.00314941 1.4615e-05
0.00317383 1.59386e-05

0.00317383 1.52728e-05
0.00319824 1.64492e-05

0.00319824 1.58143e-05
0.00322266 1.67725e-05

0.00322266 1.66299e-05
0.00324707 1.67972e-05

0.00324707 1.62045e-05
0.00327148 1.66846e-05

0.00327148 1.54688e-05
0.0032959 1.88334e-05

0.0032959 1.88626e-05
0.00332031 2.0497e-05

0.00332031 1.89643e-05
0.00334473 1.86067e-05

0.00334473 1.92563e-05
0.00336914 1.93881e-05

0.00336914 1.30766e-05
0.00339287 2.44141e-05

0.00339178 2.44141e-05
0.00339355 2.5097e-05

0.00339355 2.69445e-05
0.00341797 4.81798e-05

0.00341792 4.88281e-05
0.00341797 4.88768e-05

0.00341797 4.83722e-05
0.00341844 4.88281e-05

0.00341797 4.90479e-05
0.00344186 7.32422e-05

0.00344189 7.32422e-05
0.00344238 7.37596e-05

0.00344238 7.39078e-05
0.0034643 9.76563e-05

0.0034648 9.76563e-05
0.0034668 9.99123e-05

0.0034668 0.000100644
0.00348542 0.00012207

0.00348521 0.00012207
0.00349121 0.000129285

0.00349121 0.000128928
0.00350557 0.000146484

0.0035058 0.000146484
0.00351563 0.000159428

0.00351563 0.000159818
0.00354221 0.000195313

0.00354236 0.000195313
0.00356445 0.000228552

0.00356445 0.000229413
0.00357404 0.000244141

0.0035745 0.000244141
0.00360326 0.000292969

0.00360401 0.000292969
0.00361328 0.000311685

0.00361328 0.000313093
0.00362823 0.000341797

0.00362846 0.000341797
0.00365102 0.000390625

0.00365167 0.000390625
0.00368901 0.000488281

0.0036888 0.000488281
0.00371094 0.00056674

0.00371094 0.000568205
0.00371594 0.000585938

0.00371607 0.000585937
0.00373483 0.000683594

0.00373446 0.000683594
0.00374556 0.00078125

0.00374754 0.00078125
0.00374796 0.000976562

0.00374766 0.000976562
0.00371946 0.00117188

0.00371094 0.00120227
0.00366336 0.00136719

0.0036636 0.00136719
0.00357814 0.0015625

0.00371094 0.00119814
0.00371851 0.00117187

0.00332031 0.00194105
0.00331031 0.00195312

0.00351563 0.00167121
0.003461 0.00175781

0.00341797 0.0018185
0.00339154 0.00185547

0.00332031 0.00194367
0.00339139 0.00185547

0.00346038 0.00175781
0.00342644 0.00180664

0.00341797 0.00181536
0.0034241 0.00180664

0.00331574 0.00195312
0.00312703 0.00214844

0.00357608 0.0015625
0.0035222 0.00166016

0.00351563 0.00167087
0.00352211 0.00166016

