7.04308e-05 0
7.32422e-05 7.82826e-06

7.32422e-05 3.82804e-08
9.76563e-05 2.32604e-05

9.76563e-05 1.05621e-05
0.00012207 1.28093e-05

0.00012207 1.45511e-05
0.000146484 1.17021e-05

0.000146484 1.2227e-05
0.000170898 7.42839e-06

0.000170898 6.73363e-06
0.000195313 1.38739e-05

0.000195313 1.4074e-05
0.000219727 1.42796e-05

0.000219727 1.38757e-05
0.000244141 7.00755e-06

0.000244141 7.91423e-06
0.000268555 1.19969e-05

0.000268555 1.12988e-05
0.000292969 1.44008e-05

0.000292969 1.18988e-05
0.000317383 1.20467e-05

0.000317383 1.22946e-05
0.000341797 1.36059e-05

0.000341797 1.26473e-05
0.000366211 1.31155e-05

0.000366211 1.29348e-05
0.000390625 1.36306e-05

0.000390625 1.31823e-05
0.000415039 1.35842e-05

0.000415039 1.33931e-05
0.000439453 1.37609e-05

0.000439453 1.35345e-05
0.000463867 1.37764e-05

0.000463867 1.36593e-05
0.000488281 1.38556e-05

0.000488281 1.36715e-05
0.000512695 1.39339e-05

0.000512695 1.3844e-05
0.000537109 1.40672e-05

0.000537109 1.38707e-05
0.000561523 1.40741e-05

0.000561523 1.3972e-05
0.000585937 1.42504e-05

0.000585938 1.40374e-05
0.000610352 1.4336e-05

0.000610352 1.4184e-05
0.000634766 1.45017e-05

0.000634766 1.43587e-05
0.00065918 1.45118e-05

0.00065918 1.43464e-05
0.000683594 1.45805e-05

0.000683594 1.46917e-05
0.000708008 1.45496e-05

0.000708008 1.43713e-05
0.000732422 1.43303e-05

0.000732422 1.45141e-05
0.000756836 1.46624e-05

0.000756836 1.47249e-05
0.00078125 1.42116e-05

0.00078125 1.4408e-05
0.000805664 1.39594e-05

0.000805664 1.42628e-05
0.000830078 1.3976e-05

0.000830078 1.4098e-05
0.000854492 1.38277e-05

0.000854492 1.40038e-05
0.000878906 1.38219e-05

0.000878906 1.39392e-05
0.00090332 1.37103e-05

0.00090332 1.38582e-05
0.000927734 1.36217e-05

0.000927734 1.37551e-05
0.000952148 1.35395e-05

0.000952148 1.37131e-05
0.000976562 1.34453e-05

0.000976562 1.36283e-05
0.00100098 1.32695e-05

0.00100098 1.35752e-05
0.00102539 1.30561e-05

0.00102539 1.33172e-05
0.0010498 1.28272e-05

0.0010498 1.33782e-05
0.00107422 1.25516e-05

0.00107422 1.27722e-05
0.00109863 1.22098e-05

0.00109863 1.33846e-05
0.00112305 1.17692e-05

0.00112305 1.14531e-05
0.00114746 1.1365e-05

0.00114746 1.45156e-05
0.00117187 1.0523e-05

0.00117188 1.08106e-05
0.00119629 7.05981e-06

0.00119629 6.02311e-06
0.0012207 1.48348e-05

0.0012207 1.4228e-05
0.00124512 1.42355e-05

0.00124512 1.3946e-05
0.00126953 6.92195e-06

0.00126953 7.59397e-06
0.00129395 1.22356e-05

0.00129395 1.21973e-05
0.00131836 1.4178e-05

0.00131836 1.32312e-05
0.00134277 9.16703e-06

0.00134277 1.15668e-05
0.00136719 9.68023e-06

0.00136719 2.14707e-05
0.00139016 0

0.0013916 9.93735e-06
0.00139542 0

0.00146237 0
0.00146484 7.06317e-06

0.00146484 1.28417e-06
0.0014871 2.44141e-05

0.00148822 2.44141e-05
0.00148926 2.47733e-05

0.00148926 1.44836e-05
0.00151367 1.63763e-05

0.00151367 1.61738e-05
0.00153809 1.46804e-05

0.00151367 2.44214e-05
0.00151396 2.44141e-05

0.0015625 1.75391e-06
0.00154048 2.44141e-05

0.00153809 2.47566e-05
0.00153908 2.44141e-05

0 0.00290564
9.76563e-05 0.00290495

9.76563e-05 0.00290492
0.000195313 0.00290292

0.000195313 0.00290294
0.000292969 0.00289965

0.000292969 0.00289965
0.000390625 0.00289502

0.000390625 0.00289502
0.000488281 0.00288906

0.000488281 0.00288897
0.000537109 0.00288549

0.000537109 0.00288549
0.000585938 0.00288168

0.000634766 0.00287754
0.000595668 0.00288086

0.000585937 0.00288168
0.000595651 0.00288086

0.000634766 0.00287754
0.000683594 0.00287305

0.000683594 0.00287305
0.000732422 0.00286823

0.000732422 0.00286823
0.00078125 0.00286307

0.00078125 0.00286307
0.000830078 0.00285757

0.000830078 0.00285757
0.000878906 0.00285174

0.000878906 0.00285173
0.000927734 0.00284556

0.000927734 0.00284557
0.000976562 0.00283905

0.00107422 0.00282507
0.00102661 0.00283203

0.000976563 0.00283903
0.00102539 0.0028322

0.00102539 0.00283213
0.00102607 0.00283203

0.00107422 0.00282506
0.00112305 0.00281761

0.00112305 0.00281761
0.00117187 0.00280984

0.00117188 0.00280985
0.0012207 0.00280174

0.0012207 0.00280171
0.00124512 0.00279753

0.00124512 0.00279753
0.00126953 0.00279328

0.00126953 0.00279328
0.00129395 0.00278896

0.00129395 0.00278896
0.00131836 0.00278455

0.00136719 0.00277553
0.00132576 0.0027832

0.00131836 0.00278457
0.00132578 0.0027832

0.00136719 0.00277553
0.00141602 0.00276618

0.00141602 0.00276618
0.00146484 0.0027565

0.00146484 0.00275651
0.00151367 0.00274648

0.00151367 0.00274648
0.0015625 0.00273609

0.0015625 6.49156e-06
0.00156475 0

0.00165534 0
0.00166016 1.1492e-05

0.00166016 1.06865e-05
0.00167598 2.44141e-05

0.00167491 2.44141e-05
0.00168457 2.77044e-05

0.00168457 1.78867e-05
0.00170898 1.76034e-05

0.00168457 2.44972e-05
0.00169819 2.44141e-05

0.0017334 9.90479e-06
0.00171752 2.44141e-05

0.00170898 2.76833e-05
0.00171826 2.44141e-05

0.0017334 8.26017e-06
0.00173672 0

0.00180494 0
0.00180664 4.5576e-06

0.00182142 0
0.00183105 1.35032e-05

0.00183728 0
0.00185547 1.37146e-05

0.00185547 3.02365e-06
0.00187988 1.27467e-05

0.00187988 7.47376e-06
0.0019043 1.06981e-05

0.0019043 8.13054e-06
0.00192871 1.07659e-05

0.00192871 8.98556e-06
0.00195312 1.19534e-05

0.00195312 8.88476e-06
0.00197754 1.33764e-05

0.00197754 1.40985e-05
0.00200195 1.24853e-05

0.00200195 1.63468e-05
0.00202637 3.80903e-06

0.00202637 4.43476e-06
0.00205078 8.48592e-06

0.00205078 8.50937e-06
0.0020752 1.55197e-05

0.0020752 9.09884e-06
0.00209961 1.16438e-05

0.00209961 1.36254e-05
0.00212402 1.36271e-05

0.00212402 1.32937e-05
0.00214844 7.45115e-06

0.00214844 6.99948e-06
0.00217285 1.31612e-05

0.00217285 1.40801e-05
0.00219727 1.41795e-05

0.00219727 1.33801e-05
0.00222168 6.91219e-06

0.00222168 6.85908e-06
0.00224609 1.35212e-05

0.00224609 1.41839e-05
0.00227051 1.4248e-05

0.00227051 1.40246e-05
0.00229492 6.44111e-06

0.00229492 7.29871e-06
0.00231934 1.19575e-05

0.00231934 1.03759e-05
0.00234375 1.54864e-05

0.00234375 1.55857e-05
0.00236816 1.04391e-05

0.00236816 1.23064e-05
0.00239258 6.74263e-06

0.00239258 6.82588e-06
0.00241699 1.28345e-05

0.00241699 1.06462e-05
0.00244141 1.53216e-05

0.00244141 1.53825e-05
0.00246582 1.05003e-05

0.00246582 1.22284e-05
0.00249023 7.25885e-06

0.00249023 7.31604e-06
0.00251465 1.28012e-05

0.00251465 1.08422e-05
0.00253906 1.50573e-05

0.00253906 1.50911e-05
0.00256348 1.06463e-05

0.00256348 1.21581e-05
0.00258789 7.83278e-06

0.00258789 7.85785e-06
0.0026123 1.27798e-05

0.0026123 1.11455e-05
0.00263672 1.46992e-05

0.00263672 1.46575e-05
0.00266113 1.07207e-05

0.00266113 1.17074e-05
0.00268555 8.91176e-06

0.00268555 8.25379e-06
0.00270996 1.37422e-05

0.00270996 1.37716e-05
0.00273438 1.37517e-05

0.00273437 1.33295e-05
0.00275879 8.63966e-06

0.00275879 9.3896e-06
0.0027832 1.21769e-05

0.0027832 1.13452e-05
0.00280762 1.40686e-05

0.00280762 1.40754e-05
0.00283203 1.11199e-05

0.00283203 1.18166e-05
0.00285645 9.67111e-06

0.00285645 9.14221e-06
0.00288086 1.3396e-05

0.00288086 1.34676e-05
0.00290527 1.34493e-05

0.00290527 1.28171e-05
0.00292969 9.69634e-06

0.00292969 9.91607e-06
0.0029541 1.29606e-05

0.0029541 1.32316e-05
0.00297852 1.32191e-05

0.00297852 1.26662e-05
0.00300293 1.01935e-05

0.00300293 1.04134e-05
0.00302734 1.28165e-05

0.00302734 1.30176e-05
0.00305176 1.29692e-05

0.00305176 1.23982e-05
0.00307617 1.07667e-05

0.00307617 1.10794e-05
0.00310059 1.27652e-05

0.00310059 1.22759e-05
0.003125 1.3104e-05

0.00161133 0.00272536
0.00157025 0.00273438

0.00161133 0.0027254
0.00166016 0.00271432

0.00168457 0.00270859
0.0016787 0.00270996

0.00166016 0.00271428
0.00167868 0.00270996

0.00168457 0.00270859
0.00170898 0.00270282

0.00170898 0.00270282
0.0017334 0.00269697

0.0017334 0.00269698
0.00175781 0.00269103

0.00180664 0.00267888
0.00177989 0.00268555

0.00175781 0.00269103
0.00177998 0.00268555

0.00180664 0.00267889
0.00185547 0.00266633

0.00185547 0.00266634
0.0019043 0.00265338

0.0019043 0.00265338
0.00195312 0.00263997

0.0015625 0.00273607
0.00157029 0.00273437

0.00200195 0.00262612
0.00196451 0.00263672

0.00200195 0.00262615
0.00205078 0.00261189

0.00195312 0.00263994
0.00196456 0.00263672

0.00205078 0.00261185
0.0020752 0.00260454

0.0020752 0.00260455
0.00209961 0.00259714

0.00214844 0.00258204
0.00212955 0.00258789

0.00209961 0.00259714
0.00212402 0.00258963

0.00212402 0.00258961
0.00212954 0.00258789

0.00229492 0.00253382
0.00227951 0.00253906

0.00229492 0.00253384
0.00234375 0.0025167

0.00214844 0.00258205
0.00219727 0.00256649

0.00219727 0.00256652
0.00224609 0.00255045

0.00224609 0.0025504
0.00227051 0.00254215

0.00227051 0.00254213
0.00227948 0.00253906

0.0027832 0.00233468
0.00276406 0.00234375

0.0027832 0.00233465
0.00283203 0.00231067

0.00288086 0.00228586
0.00286307 0.00229492

0.00283203 0.00231068
0.00286295 0.00229492

0.00288086 0.00228583
0.00292969 0.00225996

0.003125 0.0021453
0.00311981 0.00214844

0.00297852 0.00223304
0.00295484 0.00224609

0.00297852 0.00223309
0.00302734 0.00220504

0.00292969 0.00225999
0.0029549 0.00224609

0.00307617 0.00217581
0.00304038 0.00219727

0.00302734 0.00220494
0.00304019 0.00219727

0.00307617 0.0021758
0.00311984 0.00214844

0.00236816 0.00250786
0.00234931 0.00251465

0.00234375 0.00251665
0.00234931 0.00251465

0.00236816 0.00250786
0.00239258 0.00249894

0.00244141 0.00248073
0.00241596 0.00249023

0.00239258 0.00249895
0.00241606 0.00249023

0.00244141 0.00248076
0.00249023 0.00246195

0.00249023 0.00246198
0.00253906 0.00244252

0.00258789 0.00242238
0.00254167 0.00244141

0.00258789 0.00242245
0.00263672 0.00240166

0.00253906 0.00244248
0.00254168 0.00244141

0.00268555 0.00238008
0.00265724 0.00239258

0.00263672 0.0024016
0.00265732 0.00239258

0.00268555 0.0023801
0.00273438 0.00235778

0.00273438 0.00235778
0.00276398 0.00234375

0.003125 1.24215e-05
0.00314941 1.2549e-05

0.00314941 1.25466e-05
0.00317383 1.30091e-05

0.00317383 1.26874e-05
0.00319824 1.29253e-05

0.00319824 1.28187e-05
0.00322266 1.30705e-05

0.00322266 1.29251e-05
0.00324707 1.30431e-05

0.00324707 1.29893e-05
0.00327148 1.30673e-05

0.00327148 1.29761e-05
0.0032959 1.31029e-05

0.0032959 1.30908e-05
0.00332031 1.31467e-05

0.00332031 1.30519e-05
0.00334473 1.3107e-05

0.00334473 1.29891e-05
0.00336914 1.33273e-05

0.00336914 1.33341e-05
0.00339355 1.33117e-05

0.00339355 1.32666e-05
0.00341797 1.30173e-05

0.00341797 1.31097e-05
0.00344238 1.31769e-05

0.00344238 1.32081e-05
0.0034668 1.31724e-05

0.0034668 1.31807e-05
0.00349121 1.30547e-05

0.00349121 1.31574e-05
0.00351563 1.30424e-05

0.00351563 1.31729e-05
0.00354004 1.2898e-05

0.00354004 1.29456e-05
0.00356445 1.28633e-05

0.00356445 1.39209e-05
0.00358887 1.20337e-05

0.00358887 1.28295e-05
0.00361328 1.03788e-05

0.00361328 8.97469e-06
0.0036377 1.37963e-05

0.0036377 1.13372e-05
0.00366211 1.83515e-05

0.00366211 1.44915e-05
0.00368652 1.93916e-05

0.00368652 1.73312e-05
0.00371094 2.14736e-05

0.00371094 1.99785e-05
0.00373535 2.21894e-05

0.00373535 2.04292e-05
0.00375977 2.27973e-05

0.00375977 2.11639e-05
0.00377599 2.44141e-05

0.00377543 2.44141e-05
0.00378418 2.57275e-05

0.00378418 2.14473e-05
0.00378993 2.44141e-05

0.00378876 2.44141e-05
0.00380859 3.64292e-05

0.00380859 4.13063e-05
0.00381608 4.88281e-05

0.00381737 4.88281e-05
0.00383301 6.59008e-05

0.00383301 6.67457e-05
0.0038388 7.32422e-05

0.00383955 7.32422e-05
0.00385742 9.46607e-05

0.00385742 9.51388e-05
0.00385945 9.76563e-05

0.00385979 9.76563e-05
0.0038783 0.00012207

0.0038783 0.00012207
0.00388184 0.00012719

0.00388184 0.000127293
0.00389514 0.000146484

0.00389516 0.000146484
0.00390625 0.000163892

0.00390625 0.00132021
0.00388216 0.00136719

0.00380859 0.0014912
0.00379404 0.00151367

0.00379412 0.00151367
0.00376013 0.0015625

0.00385742 0.00141168
0.00385501 0.00141602

0.00385501 0.00141602
0.00382567 0.00146484

0.00385742 0.00141171
0.0038822 0.00136719

0.00380859 0.00149138
0.00382577 0.00146484

0.00390625 0.00016407
0.00391055 0.000170898

0.00391063 0.000170898
0.00392499 0.000195313

0.003925 0.000195313
0.00393066 0.000205709

0.00393066 0.000205801
0.00393825 0.000219727

0.00393825 0.000219727
0.00395058 0.000244141

0.00395066 0.000244141
0.00395508 0.000253905

0.00395508 0.000253799
0.00396199 0.000268555

0.00396199 0.000268555
0.0039726 0.000292969

0.0039726 0.000292969
0.00397949 0.000310095

0.00397949 0.000310182
0.00398239 0.000317383

0.0039824 0.000317383
0.00399147 0.000341797

0.00399147 0.000341797
0.00399983 0.000366211

0.00399982 0.000366211
0.00400391 0.000379195

0.00400391 0.000379238
0.00400749 0.000390625

0.00400749 0.000390625
0.00401451 0.000415039

0.00401451 0.000415039
0.0040209 0.000439453

0.00402103 0.000439453
0.00403204 0.000488281

0.00403203 0.000488281
0.00404071 0.000537109

0.00404068 0.000537109
0.0040471 0.000585938

0.00404708 0.000585937
0.00405136 0.000634766

0.00405136 0.000634766
0.00405273 0.000665024

0.00405273 0.00066375
0.00405342 0.000683594

0.00405273 0.000761194
0.00405203 0.00078125

0.00405342 0.000683594
0.00405379 0.000708008

0.00405379 0.000708008
0.00405366 0.000732422

0.00405365 0.000732422
0.00405304 0.000756836

0.00405273 0.000763565
0.00405304 0.000756836

0.00405206 0.00078125
0.00404844 0.000830078

0.00404845 0.000830078
0.00404294 0.000878906

0.00404293 0.000878906
0.00403553 0.000927734

0.00403553 0.000927734
0.00402624 0.000976562

0.00400391 0.0010666
0.00400201 0.00107422

0.00400194 0.00107422
0.0039869 0.00112305

0.0039869 0.00112305
0.00396995 0.00117187

0.00402625 0.000976563
0.00401507 0.00102539

0.00400391 0.00106693
0.00401507 0.00102539

0.00395508 0.00121028
0.00395104 0.0012207

0.00395103 0.0012207
0.00393012 0.00126953

0.00395508 0.00121033
0.00396998 0.00117188

0.00393016 0.00126953
0.00390721 0.00131836

0.00390625 0.00132032
0.00390724 0.00131836

0.00341797 0.00192969
0.00338959 0.00195312

0.00351563 0.00184143
0.00350076 0.00185547

0.0034668 0.00188684
0.00344699 0.0019043

0.00341797 0.00192928
0.00344717 0.0019043

0.0034668 0.00188656
0.00350095 0.00185547

0.003125 0.00214517
0.00317383 0.00211325

0.00322266 0.00208011
0.00319408 0.00209961

0.00317383 0.00211311
0.00319375 0.00209961

0.00332031 0.00200906
0.00326346 0.00205078

0.00322266 0.00208002
0.00326364 0.00205078

0.00336914 0.00197009
0.00332878 0.00200195

0.00332031 0.00200851
0.00332882 0.00200195

0.00336914 0.00196989
0.00338984 0.00195312

0.00361328 0.00174201
0.00359869 0.00175781

0.00371094 0.00162742
0.00368481 0.00166016

0.00366211 0.00168684
0.0036432 0.00170898

0.00361328 0.00174216
0.00364288 0.00170898

0.00366211 0.00168713
0.00368449 0.00166016

0.00356445 0.00179344
0.00355136 0.00180664

0.00351563 0.00184138
0.00355131 0.00180664

0.00356445 0.00179343
0.00359849 0.00175781

0.00375977 0.00156302
0.00372374 0.00161133

0.00371094 0.00162761
0.00372355 0.00161133

0.00375977 0.00156295
0.00376009 0.0015625

