9.71944e-05 0
9.76563e-05 1.36684e-06

0.000103608 0
0.00012207 4.2682e-06

0.000139349 0
0.000146484 1.94735e-06

0.000170898 4.65311e-06
0.000165975 2.44141e-05

0.000170898 4.78672e-05
0.000170784 4.88281e-05

0.000195313 6.53856e-06
0.000191436 2.44141e-05

0.000189106 2.44141e-05
0.000184119 4.88281e-05

0.000184612 4.88281e-05
0.000188095 7.32422e-05

0.000187564 7.32422e-05
0.000195313 8.89381e-05

0.000202666 0
0.000196812 2.44141e-05

0.000195313 2.4705e-05
0.000195384 2.44141e-05

0.000195313 8.91201e-05
0.000199622 9.76563e-05

0.000198727 9.76563e-05
0.000219727 0.00011921

0.000219727 0.000118272
0.000226738 0.00012207

0.000226858 0.00012207
0.000244141 0.000131166

0.000244141 0.000130579
0.000268555 0.000134671

0.000268555 0.000134648
0.000292969 0.000131208

0.000341797 9.33602e-05
0.000339625 9.76563e-05

0.000342835 0
0.000346734 2.44141e-05

0.000350571 2.44141e-05
0.000354594 4.88281e-05

0.000354576 4.88281e-05
0.000351083 7.32422e-05

0.000341797 9.293e-05
0.000351693 7.32422e-05

0.000317383 0.000120226
0.000313717 0.00012207

0.000292969 0.00013171
0.000312284 0.00012207

0.000317383 0.000120692
0.000340497 9.76563e-05

0.000877042 0
0.000878906 5.09863e-06

0.000878906 3.84326e-06
0.00090332 4.18877e-06

0.00090332 5.54694e-06
0.000905385 0

0.00146279 0
0.00146484 5.92057e-06

0.00146484 5.40467e-06
0.00148391 2.44141e-05

0.00148317 2.44141e-05
0.00148926 2.65204e-05

0.00148926 1.70991e-05
0.00151367 1.71674e-05

0.00148926 2.44768e-05
0.00150159 2.44141e-05

0.00151367 1.71619e-05
0.00153809 1.71109e-05

0.001526 2.44141e-05
0.00153809 2.44776e-05

0.0015625 5.43249e-06
0.00154344 2.44141e-05

0.00153809 2.651e-05
0.00154414 2.44141e-05

0 0.0031246
0.000390625 0.00311353

0.000390625 0.00311382
0.00078125 0.00308002

0.00078125 0.00308065
0.00117187 0.00302228

0.00117188 0.00302334
0.0015625 0.00293703

0.0015625 5.99966e-06
0.00156459 0

0.00165648 0
0.00166016 8.96148e-06

0.00166016 1.04965e-05
0.00167493 2.44141e-05

0.00167408 2.44141e-05
0.00168457 2.83553e-05

0.00168457 1.88399e-05
0.00170898 1.91526e-05

0.00169688 2.44141e-05
0.00170898 2.44873e-05

0.0017334 1.1511e-05
0.00171871 2.44141e-05

0.00170898 2.81913e-05
0.00171949 2.44141e-05

0.0017334 1.28468e-05
0.00173897 0

0.0017906 0
0.00180664 1.891e-05

0.00180664 2.92741e-06
0.00183105 1.31594e-05

0.00183105 8.60039e-06
0.00185547 1.30813e-05

0.00185547 8.33696e-06
0.00187988 1.26724e-05

0.00187988 1.38953e-05
0.0019043 1.31584e-05

0.0019043 1.38138e-05
0.00192871 6.23803e-06

0.00192871 6.44034e-06
0.00195312 1.17821e-05

0.00195312 1.01953e-05
0.00197754 1.58786e-05

0.00197754 1.54642e-05
0.00200195 1.0211e-05

0.00200195 1.58985e-05
0.00202637 3.24895e-06

0.00202637 3.51047e-06
0.00205078 8.96238e-06

0.00205078 8.37547e-06
0.0020752 1.5858e-05

0.0020752 9.2479e-06
0.00209961 1.15783e-05

0.00209961 1.36493e-05
0.00212402 1.35457e-05

0.00212402 1.32026e-05
0.00214844 7.48784e-06

0.00214844 7.05461e-06
0.00217285 1.32087e-05

0.00217285 1.40959e-05
0.00219727 1.4108e-05

0.00219727 1.33348e-05
0.00222168 6.94457e-06

0.00222168 6.87643e-06
0.00224609 1.35462e-05

0.00224609 1.41955e-05
0.00227051 1.42396e-05

0.00227051 1.41362e-05
0.00229492 6.34525e-06

0.00229492 7.16205e-06
0.00231934 1.18669e-05

0.00231934 1.03071e-05
0.00234375 1.55988e-05

0.00234375 1.56054e-05
0.00236816 1.04221e-05

0.00236816 1.25304e-05
0.00239258 6.51073e-06

0.00239258 6.52592e-06
0.00241699 1.2656e-05

0.00241699 1.04542e-05
0.00244141 1.55696e-05

0.00244141 1.55582e-05
0.00246582 1.04125e-05

0.00246582 1.24865e-05
0.00249023 6.71093e-06

0.00249023 6.72001e-06
0.00251465 1.26478e-05

0.00251465 1.05268e-05
0.00253906 1.54628e-05

0.00253906 1.54485e-05
0.00256348 1.04746e-05

0.00256348 1.24402e-05
0.00258789 6.94701e-06

0.00258789 6.94805e-06
0.0026123 1.26526e-05

0.0026123 1.06932e-05
0.00263672 1.52803e-05

0.00263672 1.52212e-05
0.00266113 1.04694e-05

0.00266113 1.18372e-05
0.00268555 7.84101e-06

0.00268555 7.04097e-06
0.00270996 1.3955e-05

0.00270996 1.39664e-05
0.00273438 1.41915e-05

0.00273437 1.39349e-05
0.00275879 7.36418e-06

0.00275879 8.16474e-06
0.0027832 1.185e-05

0.0027832 1.07199e-05
0.00280762 1.49568e-05

0.00280762 1.49416e-05
0.00283203 1.06839e-05

0.00283203 1.18038e-05
0.00285645 8.2361e-06

0.00285645 7.47542e-06
0.00288086 1.39079e-05

0.00288086 1.40346e-05
0.00290527 1.39818e-05

0.00290527 1.38038e-05
0.00292969 7.50839e-06

0.00292969 8.29728e-06
0.0029541 1.19103e-05

0.0029541 1.12839e-05
0.00297852 1.43372e-05

0.00297852 1.1852e-05
0.00300293 1.23429e-05

0.00300293 1.23061e-05
0.00302734 1.39874e-05

0.00302734 1.27846e-05
0.00305176 1.37828e-05

0.00305176 1.3275e-05
0.00307617 1.44792e-05

0.00307617 1.37067e-05
0.00310059 1.46768e-05

0.00310059 1.41174e-05
0.003125 1.5144e-05

0.00175781 0.0028807
0.00158215 0.00292969

0.0015625 0.00293583
0.00158452 0.00292969

0.00175781 0.00288127
0.00195312 0.00281806

0.00234375 0.00265961
0.0021733 0.00273438

0.00195312 0.00281841
0.00214844 0.00274477

0.00214844 0.00274492
0.00217247 0.00273438

0.00292969 0.00230984
0.00288287 0.00234375

0.003125 0.00214552
0.00312181 0.00214844

0.00302734 0.00223258
0.00301068 0.00224609

0.00297852 0.00227051
0.00294719 0.00229492

0.00292969 0.00230977
0.00294901 0.00229492

0.00297852 0.00227051
0.00300897 0.00224609

0.00302734 0.0022324
0.0031234 0.00214844

0.00244141 0.00261108
0.00238893 0.00263672

0.00234375 0.00265876
0.00238885 0.00263672

0.00244141 0.00261121
0.00253906 0.00255998

0.00273438 0.00244633
0.00257803 0.00253906

0.00253906 0.00256
0.002575 0.00253906

0.00283203 0.00237966
0.00273963 0.00244141

0.00273438 0.00244586
0.00274133 0.00244141

0.00283203 0.00237959
0.00288186 0.00234375

0.003125 1.45368e-05
0.00314941 1.54856e-05

0.00314941 1.4978e-05
0.00317383 1.58395e-05

0.00317383 1.53572e-05
0.00319824 1.61136e-05

0.00319824 1.564e-05
0.00322266 1.64775e-05

0.00322266 1.59239e-05
0.00324707 1.70179e-05

0.00324707 1.63768e-05
0.00327148 1.77137e-05

0.00327148 1.69684e-05
0.0032959 1.84661e-05

0.0032959 1.85117e-05
0.00332031 1.84815e-05

0.00332031 1.69025e-05
0.00334473 1.84722e-05

0.00334473 1.96035e-05
0.00336914 2.0529e-05

0.00336914 1.3011e-05
0.00339355 2.41704e-05

0.00339119 2.44141e-05
0.00339355 2.53302e-05

0.00339355 2.36038e-05
0.00339433 2.44141e-05

0.00339355 2.73263e-05
0.00341797 4.87997e-05

0.00341765 4.88281e-05
0.00341797 4.9138e-05

0.00341797 4.85207e-05
0.00341829 4.88281e-05

0.00341797 4.93406e-05
0.00344179 7.32422e-05

0.00344178 7.32422e-05
0.00344238 7.38719e-05

0.00344238 7.40314e-05
0.00346429 9.76563e-05

0.00346487 9.76563e-05
0.0034668 9.98303e-05

0.0034668 0.000100637
0.00348548 0.00012207

0.00348527 0.00012207
0.00349121 0.000129209

0.00349121 0.000128852
0.00350565 0.000146484

0.00350587 0.000146484
0.00351563 0.000159335

0.00351563 0.000159719
0.0035423 0.000195313

0.00354244 0.000195313
0.00356445 0.000228436

0.00356445 0.000229307
0.00357411 0.000244141

0.00357458 0.000244141
0.00360332 0.000292969

0.00360407 0.000292969
0.00361328 0.00031157

0.00361328 0.000312983
0.00362828 0.000341797

0.00362851 0.000341797
0.00365106 0.000390625

0.00365172 0.000390625
0.00368905 0.000488281

0.00368883 0.000488281
0.00371094 0.000566658

0.00371094 0.000568143
0.00371596 0.000585938

0.00371609 0.000585937
0.00373483 0.000683594

0.00373447 0.000683594
0.00374556 0.00078125

0.00374754 0.00078125
0.00374795 0.000976562

0.00374765 0.000976562
0.00371945 0.00117188

0.00371094 0.00120227
0.00366337 0.00136719

0.00366359 0.00136719
0.00357814 0.0015625

0.00371094 0.00119792
0.00371845 0.00117187

0.00332031 0.00194097
0.00331025 0.00195312

0.00351563 0.00167122
0.00346102 0.00175781

0.00341797 0.00181856
0.00339159 0.00185547

0.00332031 0.0019437
0.00339141 0.00185547

0.00346039 0.00175781
0.00342645 0.00180664

0.00341797 0.00181521
0.00342399 0.00180664

0.00331575 0.00195312
0.00312704 0.00214844

0.00357608 0.0015625
0.00352221 0.00166016

0.00351563 0.00167086
0.0035221 0.00166016

