9.7204e-05 0
9.76563e-05 1.33939e-06

0.000103668 0
0.00012207 4.27882e-06

0.000139269 0
0.000146484 1.93189e-06

0.000170898 4.75384e-06
0.000165972 2.44141e-05

0.000170898 4.79011e-05
0.000170788 4.88281e-05

0.000195313 6.52294e-06
0.000191436 2.44141e-05

0.000189103 2.44141e-05
0.000184117 4.88281e-05

0.000184611 4.88281e-05
0.000188094 7.32422e-05

0.000187564 7.32422e-05
0.000195313 8.8937e-05

0.000202652 0
0.000196804 2.44141e-05

0.000195313 2.46976e-05
0.000195382 2.44141e-05

0.000195313 8.9119e-05
0.000199623 9.76563e-05

0.000198728 9.76563e-05
0.000219727 0.000119207

0.000219727 0.000118268
0.000226745 0.00012207

0.000226865 0.00012207
0.000244141 0.000131161

0.000244141 0.000130574
0.000268555 0.000134664

0.000268555 0.000134641
0.000292969 0.000131199

0.000341797 9.33327e-05
0.000339611 9.76563e-05

0.000342825 0
0.000346724 2.44141e-05

0.000350561 2.44141e-05
0.000354583 4.88281e-05

0.000354565 4.88281e-05
0.00035107 7.32422e-05

0.000341797 9.29031e-05
0.00035168 7.32422e-05

0.000317383 0.000120211
0.000313688 0.00012207

0.000292969 0.000131701
0.000312261 0.00012207

0.000317383 0.000120678
0.000340481 9.76563e-05

0.000876617 0
0.000878906 6.01937e-06

0.000878906 4.56382e-06
0.00090332 3.45421e-06

0.00090332 4.57822e-06
0.000904964 0

0.00146279 0
0.00146484 5.92152e-06

0.00146484 5.26818e-06
0.00148394 2.44141e-05

0.00148341 2.44141e-05
0.00148926 2.64478e-05

0.00148926 1.71026e-05
0.00151367 1.73495e-05

0.00148926 2.4456e-05
0.0015088 2.44141e-05

0.00151367 1.73565e-05
0.00153809 1.71059e-05

0.00151825 2.44141e-05
0.00153809 2.44555e-05

0.0015625 5.25475e-06
0.00154339 2.44141e-05

0.00153809 2.64469e-05
0.00154393 2.44141e-05

0 0.0031246
0.000390625 0.00311353

0.000390625 0.00311382
0.00078125 0.00308002

0.00078125 0.00308065
0.00117187 0.00302228

0.00117188 0.00302334
0.0015625 0.00293703

0.0015625 5.96253e-06
0.00156457 0

0.00165649 0
0.00166016 8.93709e-06

0.00166016 1.04917e-05
0.00167493 2.44141e-05

0.00167405 2.44141e-05
0.00168457 2.83677e-05

0.00168457 1.88519e-05
0.00170898 1.91514e-05

0.00169678 2.44141e-05
0.00170898 2.44839e-05

0.0017334 1.14927e-05
0.00171869 2.44141e-05

0.00170898 2.81882e-05
0.00171949 2.44141e-05

0.0017334 1.28655e-05
0.00173898 0

0.00179061 0
0.00180664 1.89115e-05

0.00180664 2.92718e-06
0.00183105 1.31682e-05

0.00183105 8.60268e-06
0.00185547 1.30844e-05

0.00185547 8.34672e-06
0.00187988 1.2674e-05

0.00187988 1.38975e-05
0.0019043 1.3153e-05

0.0019043 1.3812e-05
0.00192871 6.24141e-06

0.00192871 6.44238e-06
0.00195312 1.17827e-05

0.00195312 1.01941e-05
0.00197754 1.58803e-05

0.00197754 1.54695e-05
0.00200195 1.02131e-05

0.00200195 1.58958e-05
0.00202637 3.24723e-06

0.00202637 3.51209e-06
0.00205078 8.96815e-06

0.00205078 8.3786e-06
0.0020752 1.58551e-05

0.0020752 9.24779e-06
0.00209961 1.158e-05

0.00209961 1.36526e-05
0.00212402 1.35453e-05

0.00212402 1.32012e-05
0.00214844 7.48611e-06

0.00214844 7.06099e-06
0.00217285 1.32047e-05

0.00217285 1.40936e-05
0.00219727 1.40934e-05

0.00219727 1.32535e-05
0.00222168 7.012e-06

0.00222168 6.95951e-06
0.00224609 1.36179e-05

0.00224609 1.43069e-05
0.00227051 1.41272e-05

0.00227051 1.40711e-05
0.00229492 6.26644e-06

0.00229492 7.1008e-06
0.00231934 1.19401e-05

0.00231934 1.0312e-05
0.00234375 1.55973e-05

0.00234375 1.56093e-05
0.00236816 1.04235e-05

0.00236816 1.25318e-05
0.00239258 6.50845e-06

0.00239258 6.52452e-06
0.00241699 1.26581e-05

0.00241699 1.04561e-05
0.00244141 1.55712e-05

0.00244141 1.55607e-05
0.00246582 1.04108e-05

0.00246582 1.24853e-05
0.00249023 6.70999e-06

0.00249023 6.7187e-06
0.00251465 1.26504e-05

0.00251465 1.05287e-05
0.00253906 1.54636e-05

0.00253906 1.54501e-05
0.00256348 1.04734e-05

0.00256348 1.24408e-05
0.00258789 6.94524e-06

0.00258789 6.94471e-06
0.0026123 1.2654e-05

0.0026123 1.06951e-05
0.00263672 1.52824e-05

0.00263672 1.52226e-05
0.00266113 1.04666e-05

0.00266113 1.18354e-05
0.00268555 7.84131e-06

0.00268555 7.04108e-06
0.00270996 1.39562e-05

0.00270996 1.39671e-05
0.00273438 1.41908e-05

0.00273437 1.39336e-05
0.00275879 7.36497e-06

0.00275879 8.16741e-06
0.0027832 1.18497e-05

0.0027832 1.07183e-05
0.00280762 1.49545e-05

0.00280762 1.49428e-05
0.00283203 1.06841e-05

0.00283203 1.18045e-05
0.00285645 8.23058e-06

0.00285645 7.46699e-06
0.00288086 1.3911e-05

0.00288086 1.40409e-05
0.00290527 1.39844e-05

0.00290527 1.3819e-05
0.00292969 7.48292e-06

0.00292969 8.27137e-06
0.0029541 1.1899e-05

0.0029541 1.12578e-05
0.00297852 1.43664e-05

0.00297852 1.18583e-05
0.00300293 1.23717e-05

0.00300293 1.23354e-05
0.00302734 1.39928e-05

0.00302734 1.27929e-05
0.00305176 1.37784e-05

0.00305176 1.32605e-05
0.00307617 1.45106e-05

0.00307617 1.37329e-05
0.00310059 1.47255e-05

0.00310059 1.41914e-05
0.003125 1.51248e-05

0.00175781 0.0028807
0.00158215 0.00292969

0.0015625 0.00293583
0.00158452 0.00292969

0.00175781 0.00288127
0.00195312 0.00281806

0.00234375 0.00265961
0.0021733 0.00273438

0.00195312 0.00281841
0.00214844 0.00274477

0.00214844 0.00274491
0.00217247 0.00273438

0.00292969 0.00230984
0.00288287 0.00234375

0.003125 0.00214552
0.0031218 0.00214844

0.00302734 0.00223259
0.00301068 0.00224609

0.00297852 0.00227051
0.00294719 0.00229492

0.00292969 0.00230977
0.00294901 0.00229492

0.00297852 0.00227051
0.00300896 0.00224609

0.00302734 0.0022324
0.0031234 0.00214844

0.00244141 0.00261108
0.00238894 0.00263672

0.00234375 0.00265876
0.00238885 0.00263672

0.00244141 0.00261121
0.00253906 0.00255998

0.00273438 0.00244633
0.00257803 0.00253906

0.00253906 0.00256
0.002575 0.00253906

0.00283203 0.00237966
0.00273963 0.00244141

0.00273438 0.00244586
0.00274133 0.00244141

0.00283203 0.00237959
0.00288185 0.00234375

0.003125 1.457e-05
0.00314941 1.53801e-05

0.00314941 1.49169e-05
0.00317383 1.57251e-05

0.00317383 1.52446e-05
0.00319824 1.60577e-05

0.00319824 1.55486e-05
0.00322266 1.64842e-05

0.00322266 1.58956e-05
0.00324707 1.70456e-05

0.00324707 1.63933e-05
0.00327148 1.77124e-05

0.00327148 1.70636e-05
0.0032959 1.8337e-05

0.0032959 1.76911e-05
0.00332031 1.88742e-05

0.00332031 1.8085e-05
0.00334473 1.96787e-05

0.00334473 1.95334e-05
0.00336914 2.02191e-05

0.00336914 1.38754e-05
0.00339177 2.44141e-05

0.00339046 2.44141e-05
0.00339355 2.55981e-05

0.00339355 2.75776e-05
0.00341797 4.85792e-05

0.00341752 4.88281e-05
0.00341797 4.92561e-05

0.00341797 4.85832e-05
0.00341822 4.88281e-05

0.00341797 4.93984e-05
0.00344179 7.32422e-05

0.00344183 7.32422e-05
0.00344238 7.38178e-05

0.00344238 7.39452e-05
0.00346444 9.76563e-05

0.00346497 9.76563e-05
0.0034668 9.97015e-05

0.0034668 0.000100201
0.00350606 0.000146484

0.003506 0.000146484
0.00351563 0.000159162

0.00351563 0.000159563
0.0035424 0.000195313

0.00354256 0.000195313
0.00356445 0.00022829

0.00356445 0.000229177
0.0035742 0.000244141

0.00357466 0.000244141
0.00360338 0.000292969

0.00360413 0.000292969
0.00361328 0.000311464

0.00361328 0.000312873
0.00362833 0.000341797

0.00362856 0.000341797
0.0036511 0.000390625

0.00365176 0.000390625
0.00368907 0.000488281

0.00368886 0.000488281
0.00371094 0.000566578

0.00371094 0.000568052
0.00371598 0.000585938

0.00371611 0.000585937
0.00373485 0.000683594

0.00373449 0.000683594
0.00374557 0.00078125

0.00374756 0.00078125
0.00374795 0.000976562

0.00374765 0.000976562
0.00371945 0.00117188

0.00371094 0.00120228
0.00366337 0.00136719

0.00366359 0.00136719
0.00357814 0.0015625

0.00371094 0.00119791
0.00371845 0.00117187

0.00332031 0.00194096
0.00331024 0.00195312

0.00351563 0.00167122
0.00346101 0.00175781

0.00341797 0.00181856
0.00339159 0.00185547

0.00332031 0.00194369
0.00339141 0.00185547

0.00346039 0.00175781
0.00342645 0.00180664

0.00341797 0.00181519
0.00342398 0.00180664

0.00331575 0.00195312
0.00312704 0.00214844

0.00357608 0.0015625
0.00352221 0.00166016

0.00351563 0.00167085
0.0035221 0.00166016

