9.72719e-05 0
9.76563e-05 1.14235e-06

0.000104086 0
0.00012207 4.35334e-06

0.000138685 0
0.000146484 1.8282e-06

0.000170898 5.42442e-06
0.000165951 2.44141e-05

0.000170898 4.80227e-05
0.000170799 4.88281e-05

0.000195313 6.42391e-06
0.000191434 2.44141e-05

0.000189075 2.44141e-05
0.000184093 4.88281e-05

0.000184586 4.88281e-05
0.000188071 7.32422e-05

0.00018754 7.32422e-05
0.000195313 8.89809e-05

0.000202553 0
0.000196737 2.44141e-05

0.000195313 2.46951e-05
0.000195381 2.44141e-05

0.000195313 8.91645e-05
0.000199601 9.76563e-05

0.000198706 9.76563e-05
0.000219727 0.00011922

0.000219727 0.000118282
0.000226728 0.00012207

0.000226849 0.00012207
0.000244141 0.000131163

0.000244141 0.000130575
0.000268555 0.000134656

0.000268555 0.000134634
0.000292969 0.000131182

0.000341797 9.32612e-05
0.000339575 9.76563e-05

0.000342793 0
0.000346691 2.44141e-05

0.000350528 2.44141e-05
0.000354549 4.88281e-05

0.000354532 4.88281e-05
0.000351036 7.32422e-05

0.000341797 9.28313e-05
0.000351644 7.32422e-05

0.000317383 0.000120178
0.000313625 0.00012207

0.000292969 0.000131682
0.000312208 0.00012207

0.000317383 0.000120646
0.000340442 9.76563e-05

0.00087698 0
0.000878906 5.24144e-06

0.000878906 3.99326e-06
0.00090332 4.05557e-06

0.00090332 5.32334e-06
0.000905284 0

0.00146278 0
0.00146484 5.91933e-06

0.00146484 5.44141e-06
0.00148389 2.44141e-05

0.00148317 2.44141e-05
0.00148926 2.65196e-05

0.00148926 1.70944e-05
0.00151367 1.71632e-05

0.00148926 2.44767e-05
0.0015016 2.44141e-05

0.00151367 1.7187e-05
0.00153809 1.71288e-05

0.0015259 2.44141e-05
0.00153809 2.44771e-05

0.0015625 5.4059e-06
0.00154344 2.44141e-05

0.00153809 2.65142e-05
0.00154415 2.44141e-05

0 0.00312461
0.000390625 0.00311354

0.000390625 0.00311383
0.00078125 0.00308003

0.00078125 0.00308066
0.00117187 0.00302229

0.00117188 0.00302335
0.0015625 0.00293704

0.0015625 6.01122e-06
0.00156459 0

0.0016565 0
0.00166016 8.92211e-06

0.00166016 1.04891e-05
0.00167492 2.44141e-05

0.00167405 2.44141e-05
0.00168457 2.83707e-05

0.00168457 1.88643e-05
0.00170898 1.91699e-05

0.00169687 2.44141e-05
0.00170898 2.4485e-05

0.0017334 1.15027e-05
0.00171871 2.44141e-05

0.00170898 2.81922e-05
0.00171949 2.44141e-05

0.0017334 1.28704e-05
0.00173898 0

0.00179061 0
0.00180664 1.89345e-05

0.00180664 2.96459e-06
0.00183105 1.31815e-05

0.00183105 8.62679e-06
0.00185547 1.30736e-05

0.00185547 8.36549e-06
0.00187988 1.26732e-05

0.00187988 1.38879e-05
0.0019043 1.3154e-05

0.0019043 1.38052e-05
0.00192871 6.27959e-06

0.00192871 6.48097e-06
0.00195312 1.17788e-05

0.00195312 1.02015e-05
0.00197754 1.5863e-05

0.00197754 1.54571e-05
0.00200195 1.02291e-05

0.00200195 1.58825e-05
0.00202637 3.28631e-06

0.00202637 3.55001e-06
0.00205078 8.97191e-06

0.00205078 8.39483e-06
0.0020752 1.5841e-05

0.0020752 9.25856e-06
0.00209961 1.15831e-05

0.00209961 1.36486e-05
0.00212402 1.35423e-05

0.00212402 1.32102e-05
0.00214844 7.49226e-06

0.00214844 7.05706e-06
0.00217285 1.31975e-05

0.00217285 1.40792e-05
0.00219727 1.41191e-05

0.00219727 1.33348e-05
0.00222168 6.97259e-06

0.00222168 6.9035e-06
0.00224609 1.35413e-05

0.00224609 1.42059e-05
0.00227051 1.42243e-05

0.00227051 1.4125e-05
0.00229492 6.34427e-06

0.00229492 7.16425e-06
0.00231934 1.18742e-05

0.00231934 1.03066e-05
0.00234375 1.55931e-05

0.00234375 1.56033e-05
0.00236816 1.0427e-05

0.00236816 1.25291e-05
0.00239258 6.5149e-06

0.00239258 6.53085e-06
0.00241699 1.26586e-05

0.00241699 1.04582e-05
0.00244141 1.55676e-05

0.00244141 1.55561e-05
0.00246582 1.04149e-05

0.00246582 1.24862e-05
0.00249023 6.7187e-06

0.00249023 6.72787e-06
0.00251465 1.26477e-05

0.00251465 1.05305e-05
0.00253906 1.54594e-05

0.00253906 1.54453e-05
0.00256348 1.04767e-05

0.00256348 1.24402e-05
0.00258789 6.95391e-06

0.00258789 6.95492e-06
0.0026123 1.26512e-05

0.0026123 1.06964e-05
0.00263672 1.52757e-05

0.00263672 1.52235e-05
0.00266113 1.0462e-05

0.00266113 1.17577e-05
0.00268555 7.90786e-06

0.00268555 7.12684e-06
0.00270996 1.40292e-05

0.00270996 1.40863e-05
0.00273438 1.40738e-05

0.00273437 1.38713e-05
0.00275879 7.26795e-06

0.00275879 8.08493e-06
0.0027832 1.19209e-05

0.0027832 1.07131e-05
0.00280762 1.49742e-05

0.00280762 1.49605e-05
0.00283203 1.06904e-05

0.00283203 1.18978e-05
0.00285645 8.13313e-06

0.00285645 7.36376e-06
0.00288086 1.38206e-05

0.00288086 1.38911e-05
0.00290527 1.41092e-05

0.00290527 1.37568e-05
0.00292969 7.72129e-06

0.00292969 8.51789e-06
0.0029541 1.19487e-05

0.0029541 1.13779e-05
0.00297852 1.42229e-05

0.00297852 1.18779e-05
0.00300293 1.23122e-05

0.00300293 1.22711e-05
0.00302734 1.39238e-05

0.00302734 1.27419e-05
0.00305176 1.37745e-05

0.00305176 1.32509e-05
0.00307617 1.44515e-05

0.00307617 1.36746e-05
0.00310059 1.46491e-05

0.00310059 1.40688e-05
0.003125 1.51445e-05

0.00175781 0.00288071
0.00158219 0.00292969

0.0015625 0.00293583
0.00158454 0.00292969

0.00175781 0.00288128
0.00195312 0.00281807

0.00234375 0.00265962
0.00217332 0.00273438

0.00195312 0.00281842
0.00214844 0.00274478

0.00214844 0.00274491
0.00217246 0.00273438

0.00292969 0.00230984
0.00288288 0.00234375

0.003125 0.00214549
0.00312178 0.00214844

0.00302734 0.00223261
0.00301072 0.00224609

0.00297852 0.00227051
0.00294719 0.00229492

0.00292969 0.00230978
0.00294902 0.00229492

0.00297852 0.0022705
0.00300895 0.00224609

0.00302734 0.0022324
0.0031234 0.00214844

0.00244141 0.00261109
0.00238895 0.00263672

0.00234375 0.00265876
0.00238886 0.00263672

0.00244141 0.00261122
0.00253906 0.00255998

0.00273438 0.00244633
0.00257804 0.00253906

0.00253906 0.00256
0.00257498 0.00253906

0.00283203 0.00237966
0.00273964 0.00244141

0.00273438 0.00244586
0.00274132 0.00244141

0.00283203 0.00237959
0.00288186 0.00234375

0.003125 1.45382e-05
0.00314941 1.55007e-05

0.00314941 1.49819e-05
0.00317383 1.58094e-05

0.00317383 1.52865e-05
0.00319824 1.61427e-05

0.00319824 1.57764e-05
0.00322266 1.64868e-05

0.00322266 1.59177e-05
0.00324707 1.67592e-05

0.00324707 1.61343e-05
0.00327148 1.76384e-05

0.00327148 1.70131e-05
0.0032959 1.84503e-05

0.0032959 1.77945e-05
0.00332031 1.87498e-05

0.00332031 1.79195e-05
0.00334473 1.94471e-05

0.00334473 1.97374e-05
0.00336914 1.98622e-05

0.00336914 1.29536e-05
0.00339315 2.44141e-05

0.00339091 2.44141e-05
0.00339355 2.54759e-05

0.00339355 2.773e-05
0.00341747 4.88281e-05

0.00341754 4.88281e-05
0.00341797 4.92389e-05

0.00341797 4.97567e-05
0.00344152 7.32422e-05

0.00344159 7.32422e-05
0.00344238 7.40607e-05

0.00344238 7.42355e-05
0.00346421 9.76563e-05

0.00346473 9.76563e-05
0.0034668 9.99775e-05

0.0034668 0.000100478
0.00350589 0.000146484

0.00350585 0.000146484
0.00351563 0.000159333

0.00351563 0.00015974
0.0035423 0.000195313

0.00354248 0.000195313
0.00356445 0.000228377

0.00356445 0.000229418
0.00357404 0.000244141

0.00357458 0.000244141
0.00360334 0.000292969

0.00360409 0.000292969
0.00361328 0.000311539

0.00361328 0.000312968
0.00362829 0.000341797

0.00362852 0.000341797
0.00365107 0.000390625

0.00365173 0.000390625
0.00368905 0.000488281

0.00368884 0.000488281
0.00371094 0.000566625

0.00371094 0.000568125
0.00371596 0.000585938

0.0037161 0.000585937
0.00373485 0.000683594

0.00373448 0.000683594
0.00374557 0.00078125

0.00374755 0.00078125
0.00374796 0.000976562

0.00374766 0.000976562
0.00371947 0.00117188

0.00371094 0.00120236
0.00366339 0.00136719

0.00366362 0.00136719
0.00357816 0.0015625

0.00371094 0.00119789
0.00371844 0.00117187

0.00332031 0.00194092
0.0033102 0.00195312

0.00351563 0.00167125
0.00346103 0.00175781

0.00341797 0.0018186
0.00339162 0.00185547

0.00332031 0.00194372
0.00339143 0.00185547

0.00346041 0.00175781
0.00342646 0.00180664

0.00341797 0.00181512
0.00342393 0.00180664

0.00331576 0.00195312
0.00312704 0.00214844

0.0035761 0.0015625
0.00352223 0.00166016

0.00351563 0.00167087
0.00352211 0.00166016

