9.7348e-05 0
9.76563e-05 9.19058e-07

0.00010454 0
0.00012207 4.43475e-06

0.000137889 0
0.000146484 1.70494e-06

0.000170898 6.1394e-06
0.00016593 2.44141e-05

0.000170898 4.80642e-05
0.0001708 4.88281e-05

0.000195313 6.33135e-06
0.000191433 2.44141e-05

0.00018904 2.44141e-05
0.000184061 4.88281e-05

0.000184552 4.88281e-05
0.000188037 7.32422e-05

0.000187505 7.32422e-05
0.000195313 8.90459e-05

0.000202439 0
0.000196659 2.44141e-05

0.000195313 2.46921e-05
0.00019538 2.44141e-05

0.000195313 8.92317e-05
0.000199567 9.76563e-05

0.000198671 9.76563e-05
0.000219727 0.000119246

0.000219727 0.000118308
0.000226689 0.00012207

0.000226813 0.00012207
0.000244141 0.000131175

0.000244141 0.000130587
0.000268555 0.000134657

0.000268555 0.000134636
0.000292969 0.000131173

0.000341797 9.31894e-05
0.000339539 9.76563e-05

0.000342753 0
0.000346652 2.44141e-05

0.00035049 2.44141e-05
0.000354511 4.88281e-05

0.000354494 4.88281e-05
0.000350999 7.32422e-05

0.000341797 9.27619e-05
0.000351606 7.32422e-05

0.000317383 0.000120152
0.000313578 0.00012207

0.000292969 0.000131673
0.000312168 0.00012207

0.000317383 0.000120621
0.000340404 9.76563e-05

0.000876585 0
0.000878906 6.08593e-06

0.000878906 4.63842e-06
0.00090332 3.38441e-06

0.00090332 4.44395e-06
0.000904908 0

0.00146277 0
0.00146484 5.95322e-06

0.00146484 5.4085e-06
0.00148389 2.44141e-05

0.00148318 2.44141e-05
0.00148926 2.65227e-05

0.00148926 1.71327e-05
0.00151367 1.71992e-05

0.00148926 2.44765e-05
0.00150151 2.44141e-05

0.00151367 1.71758e-05
0.00153809 1.71106e-05

0.00152578 2.44141e-05
0.00153809 2.44772e-05

0.0015625 5.45945e-06
0.00154346 2.44141e-05

0.00153809 2.65214e-05
0.00154417 2.44141e-05

0 0.00312463
0.000390625 0.00311355

0.000390625 0.00311385
0.00078125 0.00308004

0.00078125 0.00308067
0.00117187 0.0030223

0.00117188 0.00302336
0.0015625 0.00293704

0.0015625 5.99524e-06
0.00156459 0

0.00165649 0
0.00166016 8.93171e-06

0.00166016 1.0511e-05
0.0016749 2.44141e-05

0.00167403 2.44141e-05
0.00168457 2.83762e-05

0.00168457 1.8861e-05
0.00170898 1.91633e-05

0.00169686 2.44141e-05
0.00170898 2.44837e-05

0.0017334 1.15235e-05
0.00171872 2.44141e-05

0.00170898 2.8188e-05
0.00171948 2.44141e-05

0.0017334 1.28763e-05
0.00173899 0

0.00179057 0
0.00180664 1.89667e-05

0.00180664 3.02148e-06
0.00183105 1.31752e-05

0.00183105 8.6547e-06
0.00185547 1.30581e-05

0.00185547 8.37752e-06
0.00187988 1.26691e-05

0.00187988 1.3875e-05
0.0019043 1.31606e-05

0.0019043 1.37963e-05
0.00192871 6.32137e-06

0.00192871 6.52453e-06
0.00195312 1.17777e-05

0.00195312 1.02191e-05
0.00197754 1.58355e-05

0.00197754 1.54313e-05
0.00200195 1.02387e-05

0.00200195 1.58614e-05
0.00202637 3.34461e-06

0.00202637 3.60127e-06
0.00205078 8.96904e-06

0.00205078 8.41297e-06
0.0020752 1.58191e-05

0.0020752 9.26806e-06
0.00209961 1.15823e-05

0.00209961 1.36423e-05
0.00212402 1.35316e-05

0.00212402 1.31239e-05
0.00214844 7.58161e-06

0.00214844 7.17e-06
0.00217285 1.32676e-05

0.00217285 1.41882e-05
0.00219727 1.39899e-05

0.00219727 1.32576e-05
0.00222168 6.91739e-06

0.00222168 6.86258e-06
0.00224609 1.3611e-05

0.00224609 1.42097e-05
0.00227051 1.42161e-05

0.00227051 1.41248e-05
0.00229492 6.35736e-06

0.00229492 7.17343e-06
0.00231934 1.18736e-05

0.00231934 1.03158e-05
0.00234375 1.55877e-05

0.00234375 1.55928e-05
0.00236816 1.04272e-05

0.00236816 1.25248e-05
0.00239258 6.5371e-06

0.00239258 6.55148e-06
0.00241699 1.26544e-05

0.00241699 1.04633e-05
0.00244141 1.55557e-05

0.00244141 1.55449e-05
0.00246582 1.04197e-05

0.00246582 1.24856e-05
0.00249023 6.73409e-06

0.00249023 6.74208e-06
0.00251465 1.26429e-05

0.00251465 1.05328e-05
0.00253906 1.54523e-05

0.00253906 1.5439e-05
0.00256348 1.04796e-05

0.00256348 1.24396e-05
0.00258789 6.96212e-06

0.00258789 6.96287e-06
0.0026123 1.26487e-05

0.0026123 1.06972e-05
0.00263672 1.52716e-05

0.00263672 1.5218e-05
0.00266113 1.04663e-05

0.00266113 1.17632e-05
0.00268555 7.91176e-06

0.00268555 7.1281e-06
0.00270996 1.4024e-05

0.00270996 1.40869e-05
0.00273438 1.40751e-05

0.00273437 1.38768e-05
0.00275879 7.25938e-06

0.00275879 8.07633e-06
0.0027832 1.19156e-05

0.0027832 1.07036e-05
0.00280762 1.49829e-05

0.00280762 1.49757e-05
0.00283203 1.06852e-05

0.00283203 1.19035e-05
0.00285645 8.10012e-06

0.00285645 7.32431e-06
0.00288086 1.38282e-05

0.00288086 1.39161e-05
0.00290527 1.41091e-05

0.00290527 1.37735e-05
0.00292969 7.63883e-06

0.00292969 8.38877e-06
0.0029541 1.19948e-05

0.0029541 1.13646e-05
0.00297852 1.43764e-05

0.00297852 1.19364e-05
0.00300293 1.24033e-05

0.00300293 1.23946e-05
0.00302734 1.3989e-05

0.00302734 1.28327e-05
0.00305176 1.37645e-05

0.00305176 1.32939e-05
0.00307617 1.44553e-05

0.00307617 1.37203e-05
0.00310059 1.46283e-05

0.00310059 1.41165e-05
0.003125 1.50411e-05

0.00175781 0.00288071
0.00158219 0.00292969

0.0015625 0.00293583
0.00158453 0.00292969

0.00175781 0.00288128
0.00195312 0.00281807

0.00234375 0.00265961
0.0021733 0.00273438

0.00195312 0.00281841
0.00214844 0.00274477

0.00214844 0.00274489
0.00217241 0.00273438

0.00292969 0.00230982
0.00288285 0.00234375

0.003125 0.00214544
0.00312172 0.00214844

0.00302734 0.00223261
0.00301072 0.00224609

0.00297852 0.00227049
0.00294716 0.00229492

0.00292969 0.00230976
0.00294899 0.00229492

0.00297852 0.00227046
0.0030089 0.00224609

0.00302734 0.00223237
0.00312338 0.00214844

0.00244141 0.00261107
0.00238893 0.00263672

0.00234375 0.00265874
0.00238882 0.00263672

0.00244141 0.0026112
0.00253906 0.00255997

0.00273438 0.00244631
0.00257802 0.00253906

0.00253906 0.00255997
0.00257494 0.00253906

0.00283203 0.00237964
0.00273961 0.00244141

0.00273438 0.00244583
0.00274127 0.00244141

0.00283203 0.00237957
0.00288182 0.00234375

0.003125 1.4483e-05
0.00314941 1.5336e-05

0.00314941 1.48444e-05
0.00317383 1.57031e-05

0.00317383 1.5188e-05
0.00319824 1.60634e-05

0.00319824 1.5548e-05
0.00322266 1.64947e-05

0.00322266 1.59433e-05
0.00324707 1.69658e-05

0.00324707 1.63939e-05
0.00327148 1.74881e-05

0.00327148 1.69445e-05
0.0032959 1.79906e-05

0.0032959 1.73996e-05
0.00332031 1.84766e-05

0.00332031 1.76704e-05
0.00334473 1.93782e-05

0.00334473 1.93743e-05
0.00336914 1.99176e-05

0.00336914 1.33803e-05
0.00339285 2.44141e-05

0.00339189 2.44141e-05
0.00339355 2.50436e-05

0.00339355 2.70164e-05
0.00341797 4.81906e-05

0.00341783 4.88281e-05
0.00341797 4.8962e-05

0.00341797 4.86665e-05
0.00341813 4.88281e-05

0.00341797 4.91019e-05
0.00344187 7.32422e-05

0.00344189 7.32422e-05
0.00344238 7.37581e-05

0.00344238 7.38645e-05
0.00346442 9.76563e-05

0.00346497 9.76563e-05
0.0034668 9.97111e-05

0.0034668 0.000100194
0.003506 0.000146484

0.00350599 0.000146484
0.00351563 0.00015917

0.00351563 0.000159594
0.00354238 0.000195313

0.00354259 0.000195313
0.00356445 0.000228231

0.00356445 0.000229381
0.00357407 0.000244141

0.00357465 0.000244141
0.00360339 0.000292969

0.00360415 0.000292969
0.00361328 0.000311422

0.00361328 0.000312875
0.00362833 0.000341797

0.00362856 0.000341797
0.0036511 0.000390625

0.00365176 0.000390625
0.00368907 0.000488281

0.00368886 0.000488281
0.00371094 0.000566613

0.00371094 0.000568134
0.00371596 0.000585938

0.0037161 0.000585937
0.00373484 0.000683594

0.00373447 0.000683594
0.00374556 0.00078125

0.00374754 0.00078125
0.00374793 0.000976562

0.00374763 0.000976562
0.00371943 0.00117188

0.00371094 0.00120223
0.00366335 0.00136719

0.00366357 0.00136719
0.00357811 0.0015625

0.00371094 0.00119761
0.00371836 0.00117187

0.00332031 0.00194082
0.00331012 0.00195312

0.00351563 0.00167117
0.00346098 0.00175781

0.00341797 0.00181856
0.00339158 0.00185547

0.00332031 0.00194368
0.00339139 0.00185547

0.00346036 0.00175781
0.00342641 0.00180664

0.00341797 0.00181494
0.0034238 0.00180664

0.00331572 0.00195312
0.00312702 0.00214844

0.00357605 0.0015625
0.00352217 0.00166016

0.00351563 0.00167077
0.00352205 0.00166016

