7.02941e-05 0
7.32422e-05 8.15723e-06

7.32422e-05 4.88389e-08
9.76563e-05 2.33381e-05

9.76563e-05 1.08285e-05
0.00012207 1.28821e-05

0.00012207 1.45202e-05
0.000146484 1.15839e-05

0.000146484 1.21751e-05
0.000170898 7.69516e-06

0.000170898 6.98798e-06
0.000195313 1.38161e-05

0.000195313 1.40059e-05
0.000219727 1.4228e-05

0.000219727 1.38502e-05
0.000244141 7.2522e-06

0.000244141 8.11289e-06
0.000268555 1.19667e-05

0.000268555 1.13258e-05
0.000292969 1.43511e-05

0.000292969 1.19197e-05
0.000317383 1.21026e-05

0.000317383 1.23239e-05
0.000341797 1.36018e-05

0.000341797 1.26727e-05
0.000366211 1.31237e-05

0.000366211 1.29547e-05
0.000390625 1.36119e-05

0.000390625 1.3196e-05
0.000415039 1.35487e-05

0.000415039 1.33792e-05
0.000439453 1.37033e-05

0.000439453 1.34979e-05
0.000463867 1.37251e-05

0.000463867 1.35805e-05
0.000488281 1.38399e-05

0.000488281 1.36347e-05
0.000512695 1.39768e-05

0.000512695 1.39377e-05
0.000537109 1.39992e-05

0.000537109 1.37927e-05
0.000561523 1.39122e-05

0.000561523 1.37192e-05
0.000585937 1.43997e-05

0.000585938 1.42187e-05
0.000610352 1.45333e-05

0.000610352 1.43777e-05
0.000634766 1.42319e-05

0.000634766 1.42046e-05
0.00065918 1.43194e-05

0.00065918 1.41885e-05
0.000683594 1.46005e-05

0.000683594 1.45406e-05
0.000708008 1.46319e-05

0.000708008 1.45721e-05
0.000732422 1.43616e-05

0.000732422 1.45339e-05
0.000756836 1.43057e-05

0.000756836 1.445e-05
0.00078125 1.41248e-05

0.00078125 1.43256e-05
0.000805664 1.40063e-05

0.000805664 1.41668e-05
0.000830078 1.3914e-05

0.000830078 1.40884e-05
0.000854492 1.38554e-05

0.000854492 1.39599e-05
0.000878906 1.37655e-05

0.000878906 1.39232e-05
0.00090332 1.37259e-05

0.00090332 1.38448e-05
0.000927734 1.35833e-05

0.000927734 1.37383e-05
0.000952148 1.35189e-05

0.000952148 1.36988e-05
0.000976562 1.34027e-05

0.000976562 1.3586e-05
0.00100098 1.32334e-05

0.00100098 1.35296e-05
0.00102539 1.30552e-05

0.00102539 1.32992e-05
0.0010498 1.28329e-05

0.0010498 1.33785e-05
0.00107422 1.25393e-05

0.00107422 1.27668e-05
0.00109863 1.21861e-05

0.00109863 1.33615e-05
0.00112305 1.1756e-05

0.00112305 1.14324e-05
0.00114746 1.13725e-05

0.00114746 1.44716e-05
0.00117187 1.05676e-05

0.00117188 1.07748e-05
0.00119629 7.18778e-06

0.00119629 6.18187e-06
0.0012207 1.48419e-05

0.0012207 1.4308e-05
0.00124512 1.41103e-05

0.00124512 1.3813e-05
0.00126953 6.9445e-06

0.00126953 7.6335e-06
0.00129395 1.23523e-05

0.00129395 1.22636e-05
0.00131836 1.41054e-05

0.00131836 1.31659e-05
0.00134277 9.21128e-06

0.00134277 1.15547e-05
0.00136719 9.82002e-06

0.00136719 2.15466e-05
0.00139025 0

0.0013916 9.94212e-06
0.00139542 0

0.00146236 0
0.00146484 7.10278e-06

0.00146484 1.39424e-06
0.00148714 2.44141e-05

0.0014876 2.44141e-05
0.00148926 2.49838e-05

0.00148926 1.43448e-05
0.00151367 1.62729e-05

0.00151315 2.44141e-05
0.00151367 2.44308e-05

0.00151367 1.60896e-05
0.00153809 1.48841e-05

0.00151367 2.4454e-05
0.00151566 2.44141e-05

0.0015625 1.91737e-06
0.00154056 2.44141e-05

0.00153809 2.50774e-05
0.00154003 2.44141e-05

0 0.00295559
9.76563e-05 0.00295488

9.76563e-05 0.00295491
0.000195313 0.00295274

0.000195313 0.00295263
0.000244141 0.00295098

0.000244141 0.00295099
0.000292969 0.00294899

0.000292969 0.00294899
0.000341797 0.00294662

0.000341797 0.00294663
0.000390625 0.0029439

0.000585938 0.00292943
0.000582787 0.00292969

0.000390625 0.0029439
0.000439453 0.00294081

0.000439453 0.00294081
0.000488281 0.00293735

0.000488281 0.00293734
0.000537109 0.00293352

0.000537109 0.00293352
0.000581785 0.00292969

0.000585937 0.00292943
0.000683594 0.00291995

0.000683594 0.00291984
0.000732422 0.00291455

0.000732422 0.00291456
0.00078125 0.00290893

0.00078125 0.00290894
0.000830078 0.00290297

0.000830078 0.00290297
0.000878906 0.00289666

0.000878906 0.00289666
0.000927734 0.00288998

0.000927734 0.00288998
0.000976562 0.00288293

0.00102539 0.00287554
0.000990273 0.00288086

0.000976562 0.00288292
0.000990349 0.00288086

0.00102539 0.00287555
0.00107422 0.00286779

0.00107422 0.00286779
0.00112305 0.00285968

0.00112305 0.00285969
0.00117187 0.00285121

0.00117188 0.0028512
0.0012207 0.00284234

0.0012207 0.00284234
0.00126953 0.00283314

0.00131836 0.0028236
0.00127518 0.00283203

0.00131836 0.00282361
0.00136719 0.00281373

0.00126953 0.00283313
0.0012752 0.00283203

0.00136719 0.00281372
0.00141602 0.00280347

0.00141602 0.00280344
0.00144043 0.00279819

0.00144043 0.00279819
0.00146484 0.00279286

0.00151367 0.00278195
0.00150807 0.0027832

0.00146484 0.00279286
0.00148926 0.00278744

0.00148926 0.00278743
0.00150799 0.0027832

0.00151367 0.00278195
0.0015625 0.00277066

0.0015625 6.77309e-06
0.00156486 0

0.00165534 0
0.00166016 1.15014e-05

0.00166016 1.06735e-05
0.00167599 2.44141e-05

0.00167491 2.44141e-05
0.00168457 2.77083e-05

0.00168457 1.79077e-05
0.00170898 1.76136e-05

0.00168457 2.44993e-05
0.00169799 2.44141e-05

0.0017334 9.87046e-06
0.00171751 2.44141e-05

0.00170898 2.76819e-05
0.00171825 2.44141e-05

0.0017334 8.2147e-06
0.0017367 0

0.00180494 0
0.00180664 4.5576e-06

0.00182174 0
0.00183105 1.39645e-05

0.00183538 0
0.00185547 1.40879e-05

0.00185547 4.05879e-06
0.00187988 1.15974e-05

0.00187988 7.23885e-06
0.0019043 1.06039e-05

0.0019043 8.00503e-06
0.00192871 1.08775e-05

0.00192871 8.92351e-06
0.00195312 1.19174e-05

0.00195312 8.84235e-06
0.00197754 1.34261e-05

0.00197754 1.41612e-05
0.00200195 1.24359e-05

0.00200195 1.63043e-05
0.00202637 3.715e-06

0.00202637 4.37777e-06
0.00205078 8.54438e-06

0.00205078 8.39456e-06
0.0020752 1.55988e-05

0.0020752 9.22539e-06
0.00209961 1.17512e-05

0.00209961 1.37399e-05
0.00212402 1.34659e-05

0.00212402 1.31803e-05
0.00214844 7.43704e-06

0.00214844 7.01194e-06
0.00217285 1.32392e-05

0.00217285 1.40838e-05
0.00219727 1.41287e-05

0.00219727 1.3349e-05
0.00222168 6.96149e-06

0.00222168 6.89702e-06
0.00224609 1.35309e-05

0.00224609 1.41908e-05
0.00227051 1.42344e-05

0.00227051 1.40182e-05
0.00229492 6.46801e-06

0.00229492 7.32203e-06
0.00231934 1.19616e-05

0.00231934 1.03933e-05
0.00234375 1.54721e-05

0.00234375 1.55587e-05
0.00236816 1.0453e-05

0.00236816 1.23105e-05
0.00239258 6.79351e-06

0.00239258 6.87199e-06
0.00241699 1.2819e-05

0.00241699 1.06607e-05
0.00244141 1.53002e-05

0.00244141 1.53497e-05
0.00246582 1.0516e-05

0.00246582 1.22356e-05
0.00249023 7.30811e-06

0.00249023 7.36024e-06
0.00251465 1.27807e-05

0.00251465 1.08463e-05
0.00253906 1.50407e-05

0.00253906 1.50703e-05
0.00256348 1.06628e-05

0.00256348 1.21794e-05
0.00258789 7.84762e-06

0.00258789 7.86851e-06
0.0026123 1.2754e-05

0.0026123 1.1141e-05
0.00263672 1.46966e-05

0.00263672 1.46455e-05
0.00266113 1.07181e-05

0.00266113 1.16981e-05
0.00268555 8.92777e-06

0.00268555 8.27209e-06
0.00270996 1.37392e-05

0.00270996 1.37543e-05
0.00273438 1.37503e-05

0.00273437 1.3314e-05
0.00275879 8.69179e-06

0.00275879 9.43863e-06
0.0027832 1.21879e-05

0.0027832 1.13685e-05
0.00280762 1.40406e-05

0.00280762 1.40332e-05
0.00283203 1.11553e-05

0.00283203 1.18907e-05
0.00285645 9.69253e-06

0.00285645 9.14893e-06
0.00288086 1.33139e-05

0.00288086 1.3376e-05
0.00290527 1.35188e-05

0.00290527 1.28786e-05
0.00292969 9.77707e-06

0.00292969 9.97122e-06
0.0029541 1.28975e-05

0.0029541 1.3235e-05
0.00297852 1.32098e-05

0.00297852 1.26737e-05
0.00300293 1.01611e-05

0.00300293 1.03841e-05
0.00302734 1.27917e-05

0.00302734 1.29939e-05
0.00305176 1.29686e-05

0.00305176 1.23129e-05
0.00307617 1.08291e-05

0.00307617 1.10779e-05
0.00310059 1.29344e-05

0.00310059 1.23621e-05
0.003125 1.32327e-05

0.00175781 0.00272164
0.00170945 0.00273438

0.00175781 0.00272166
0.00180664 0.0027084

0.00180664 0.00270837
0.00183105 0.00270158

0.00183105 0.00270159
0.00185547 0.00269471

0.0019043 0.00268067
0.00188737 0.00268555

0.00185547 0.00269471
0.00187988 0.00268773

0.00187988 0.00268771
0.00188734 0.00268555

0.0019043 0.00268068
0.00195312 0.0026662

0.0015625 0.00277067
0.00161133 0.00275902

0.00161133 0.00275904
0.00166016 0.00274698

0.00166016 0.00274697
0.00170898 0.0027345

0.00170898 0.0027345
0.00170945 0.00273437

0.00205078 0.00263582
0.00204794 0.00263672

0.00195312 0.00266622
0.00200195 0.00265127

0.00200195 0.00265126
0.00204793 0.00263672

0.00205078 0.00263582
0.00209961 0.0026199

0.00212402 0.00261173
0.0021223 0.0026123

0.00209961 0.00261987
0.0021223 0.0026123

0.00212402 0.00261173
0.00214844 0.00260347

0.00234375 0.00253291
0.00232751 0.00253906

0.00219727 0.00258664
0.00219364 0.00258789

0.00214844 0.00260347
0.00217285 0.0025951

0.00217285 0.0025951
0.00219357 0.00258789

0.00219727 0.00258663
0.00224609 0.00256928

0.00224609 0.00256932
0.00229492 0.00255142

0.00229492 0.00255137
0.00231934 0.00254219

0.00231934 0.00254217
0.00232749 0.00253906

0.0027832 0.00233671
0.00276939 0.00234375

0.0027832 0.00233668
0.00283203 0.00231086

0.00288086 0.00228415
0.00286123 0.00229492

0.00283203 0.00231088
0.00286113 0.00229492

0.00288086 0.00228412
0.00292969 0.0022563

0.003125 0.00213378
0.00310251 0.00214844

0.00297852 0.00222745
0.00294702 0.00224609

0.00297852 0.00222745
0.00302734 0.00219737

0.00292969 0.00225628
0.0029469 0.00224609

0.00307617 0.00216605
0.0030275 0.00219727

0.00302734 0.00219736
0.0030275 0.00219727

0.00307617 0.002166
0.00310242 0.00214844

0.00234375 0.00253293
0.00239258 0.00251385

0.00239258 0.00251381
0.00241699 0.00250404

0.00241699 0.00250405
0.00244141 0.00249412

0.00249023 0.00247387
0.00245083 0.00249023

0.00244141 0.00249414
0.00245088 0.00249023

0.00249023 0.00247392
0.00253906 0.00245297

0.00258789 0.00243127
0.00256509 0.00244141

0.00258789 0.00243128
0.00263672 0.00240883

0.00253906 0.00245295
0.00256504 0.00244141

0.00268555 0.00238559
0.00267088 0.00239258

0.00263672 0.00240878
0.00266113 0.00239725

0.00266113 0.00239723
0.00267082 0.00239258

0.00268555 0.00238559
0.00273438 0.00236156

0.00273438 0.00236159
0.00276935 0.00234375

0.003125 1.25394e-05
0.00314941 1.26664e-05

0.00314941 1.26921e-05
0.00317383 1.3079e-05

0.00317383 1.28164e-05
0.00319824 1.29308e-05

0.00319824 1.29056e-05
0.00322266 1.30268e-05

0.00322266 1.29211e-05
0.00324707 1.29973e-05

0.00324707 1.29584e-05
0.00327148 1.30821e-05

0.00327148 1.30122e-05
0.0032959 1.30821e-05

0.0032959 1.30146e-05
0.00332031 1.31256e-05

0.00332031 1.31377e-05
0.00334473 1.31151e-05

0.00334473 1.30824e-05
0.00336914 1.30254e-05

0.00336914 1.30483e-05
0.00339355 1.31231e-05

0.00339355 1.31565e-05
0.00341797 1.30582e-05

0.00341797 1.30878e-05
0.00344238 1.29432e-05

0.00344238 1.30474e-05
0.0034668 1.29614e-05

0.0034668 1.30728e-05
0.00349121 1.28361e-05

0.00349121 1.2869e-05
0.00351563 1.28055e-05

0.00351563 1.39113e-05
0.00354004 1.19082e-05

0.00354004 1.27433e-05
0.00356445 1.01895e-05

0.00356445 8.57639e-06
0.00358887 1.39579e-05

0.00358887 1.15472e-05
0.00361328 1.85968e-05

0.00361328 1.46958e-05
0.0036377 1.90592e-05

0.0036377 1.70881e-05
0.00366211 2.11517e-05

0.00366211 1.94505e-05
0.00368652 2.24317e-05

0.00368652 2.09343e-05
0.00371094 2.32679e-05

0.00371094 2.21733e-05
0.00373535 2.43761e-05

0.00373535 1.97126e-05
0.00374572 2.44141e-05

0.00374627 2.44141e-05
0.00375977 3.08432e-05

0.00375977 3.40977e-05
0.00377489 4.88281e-05

0.00377451 4.88281e-05
0.00378418 6.02751e-05

0.00378418 6.12268e-05
0.00379393 7.32422e-05

0.00379457 7.32422e-05
0.00380859 9.13406e-05

0.00380859 9.15768e-05
0.00381317 9.76563e-05

0.0038134 9.76563e-05
0.00383089 0.00012207

0.00383088 0.00012207
0.00383301 0.000125302

0.00383301 0.000125351
0.00384703 0.000146484

0.0038472 0.000146484
0.00385742 0.000163588

0.00385742 0.000163471
0.00386198 0.000170898

0.00386204 0.000170898
0.00387607 0.000195313

0.00387607 0.000195313
0.00388184 0.000206086

0.00388184 0.000206151
0.0038891 0.000219727

0.0038891 0.000219727
0.00390126 0.000244141

0.00390126 0.000244141
0.00390625 0.000254918

0.00390625 0.00121523
0.00390417 0.0012207

0.00390416 0.0012207
0.00388369 0.00126953

0.00385742 0.00132602
0.00383679 0.00136719

0.00388372 0.00126953
0.00386127 0.00131836

0.00385742 0.00132607
0.00386121 0.00131836

0.00380859 0.0014189
0.00378165 0.00146484

0.00375977 0.00149949
0.00375083 0.00151367

0.00375087 0.00151367
0.00371782 0.0015625

0.00375977 0.00149962
0.00378171 0.00146484

0.00383682 0.00136719
0.00381029 0.00141602

0.00380859 0.00141898
0.00381029 0.00141602

0.00390625 0.000254961
0.00391255 0.000268555

0.00391255 0.000268555
0.00392305 0.000292969

0.00392319 0.000292969
0.00394206 0.000341797

0.0039421 0.000341797
0.00395508 0.000381288

0.00395508 0.000381638
0.00395789 0.000390625

0.00395787 0.000390625
0.00396488 0.000415039

0.00396488 0.000415039
0.00397127 0.000439453

0.00397127 0.000439453
0.00397706 0.000463867

0.00397705 0.000463867
0.00397949 0.000475318

0.00397949 0.00047533
0.00398225 0.000488281

0.00398225 0.000488281
0.00398687 0.000512695

0.00398687 0.000512695
0.00399093 0.000537109

0.00399105 0.000537109
0.00399755 0.000585938

0.00399754 0.000585937
0.00400192 0.000634766

0.00400191 0.000634766
0.00400391 0.000676375

0.00400391 0.000754282
0.00400304 0.00078125

0.00400391 0.000677869
0.00400412 0.000683594

0.00400423 0.000683594
0.00400461 0.000732422

0.00400391 0.000754297
0.00400461 0.000732422

0.0040035 0.00078125
0.0039947 0.000878906

0.00399467 0.000878906
0.00397836 0.000976562

0.00395508 0.00107036
0.00395406 0.00107422

0.00397793 0.000976563
0.00396696 0.00102539

0.00395508 0.00107037
0.00396694 0.00102539

0.00395406 0.00107422
0.0039393 0.00112305

0.0039393 0.00112305
0.00392268 0.00117187

0.00390625 0.00121525
0.00392271 0.00117188

0.00336914 0.00194555
0.00336034 0.00195312

0.00341797 0.00190195
0.00341541 0.0019043

0.00336914 0.00194559
0.00341528 0.0019043

0.00351563 0.0018068
0.00346715 0.00185547

0.00341797 0.00190197
0.0034668 0.00185575

0.0034668 0.0018558
0.00346714 0.00185547

0.00317383 0.00209931
0.0031734 0.00209961

0.003125 0.00213346
0.00317339 0.00209961

0.00317383 0.00209931
0.00322266 0.00206363

0.00327148 0.00202631
0.00323954 0.00205078

0.00332031 0.00198714
0.00330188 0.00200195

0.00327148 0.00202615
0.00330176 0.00200195

0.00322266 0.00206352
0.00323976 0.00205078

0.00332031 0.00198696
0.00336019 0.00195312

0.00356445 0.00175445
0.00356142 0.00175781

0.00361328 0.00169829
0.00360433 0.00170898

0.00356445 0.00175443
0.00360446 0.00170898

0.00366211 0.00163754
0.00364476 0.00166016

0.00371094 0.00157207
0.00368251 0.00161133

0.00366211 0.00163795
0.00368245 0.00161133

0.00361328 0.00169832
0.00364477 0.00166016

0.00356151 0.00175781
0.00351576 0.00180664

0.00351563 0.00180679
0.00351577 0.00180664

0.00371094 0.00157221
0.00371775 0.0015625

