9.73957e-05 0
9.76563e-05 7.78095e-07

0.000104817 0
0.00012207 4.4846e-06

0.000137281 0
0.000146484 1.62115e-06

0.000170898 6.56838e-06
0.000165919 2.44141e-05

0.000170898 4.80744e-05
0.000170799 4.88281e-05

0.000195313 6.28432e-06
0.000191435 2.44141e-05

0.00018902 2.44141e-05
0.000184043 4.88281e-05

0.000184533 4.88281e-05
0.000188018 7.32422e-05

0.000187485 7.32422e-05
0.000195313 8.90838e-05

0.000202368 0
0.000196609 2.44141e-05

0.000195313 2.46899e-05
0.000195379 2.44141e-05

0.000195313 8.92711e-05
0.000199547 9.76563e-05

0.000198651 9.76563e-05
0.000219727 0.000119261

0.000219727 0.000118323
0.000226666 0.00012207

0.000226792 0.00012207
0.000244141 0.000131182

0.000244141 0.000130594
0.000268555 0.000134658

0.000268555 0.000134637
0.000292969 0.000131169

0.000341797 9.31561e-05
0.000339522 9.76563e-05

0.000342735 0
0.000346634 2.44141e-05

0.000350471 2.44141e-05
0.000354493 4.88281e-05

0.000354476 4.88281e-05
0.000350982 7.32422e-05

0.000341797 9.2729e-05
0.000351588 7.32422e-05

0.000317383 0.000120138
0.000313555 0.00012207

0.000292969 0.000131668
0.000312149 0.00012207

0.000317383 0.000120609
0.000340386 9.76563e-05

0.000876963 0
0.000878906 5.2794e-06

0.000878906 4.02276e-06
0.00090332 4.02637e-06

0.00090332 5.28415e-06
0.000905266 0

0.00146279 0
0.00146484 5.91801e-06

0.00146484 5.29791e-06
0.00148392 2.44141e-05

0.00148339 2.44141e-05
0.00148926 2.64562e-05

0.00148926 1.71089e-05
0.00151367 1.73632e-05

0.00148926 2.44557e-05
0.0015092 2.44141e-05

0.00151367 1.7382e-05
0.00153809 1.71373e-05

0.00151885 2.44141e-05
0.00153809 2.44566e-05

0.0015625 5.27006e-06
0.00154342 2.44141e-05

0.00153809 2.64571e-05
0.00154395 2.44141e-05

0 0.00312464
0.000390625 0.00311356

0.000390625 0.00311386
0.00078125 0.00308005

0.00078125 0.00308068
0.00117187 0.0030223

0.00117188 0.00302337
0.0015625 0.00293704

0.0015625 5.99756e-06
0.00156458 0

0.0016565 0
0.00166016 8.91548e-06

0.00166016 1.04928e-05
0.00167491 2.44141e-05

0.00167404 2.44141e-05
0.00168457 2.83761e-05

0.00168457 1.88731e-05
0.00170898 1.91768e-05

0.00169685 2.44141e-05
0.00170898 2.44847e-05

0.0017334 1.15062e-05
0.00171871 2.44141e-05

0.00170898 2.81971e-05
0.0017195 2.44141e-05

0.0017334 1.28952e-05
0.001739 0

0.00179058 0
0.00180664 1.8983e-05

0.00180664 3.04748e-06
0.00183105 1.31905e-05

0.00183105 8.67154e-06
0.00185547 1.30504e-05

0.00185547 8.39505e-06
0.00187988 1.26705e-05

0.00187988 1.38701e-05
0.0019043 1.31569e-05

0.0019043 1.37944e-05
0.00192871 6.34365e-06

0.00192871 6.54613e-06
0.00195312 1.17709e-05

0.00195312 1.02184e-05
0.00197754 1.58276e-05

0.00197754 1.54287e-05
0.00200195 1.02469e-05

0.00200195 1.58486e-05
0.00202637 3.36237e-06

0.00202637 3.61895e-06
0.00205078 8.98134e-06

0.00205078 8.42639e-06
0.0020752 1.58106e-05

0.0020752 9.27224e-06
0.00209961 1.15887e-05

0.00209961 1.36433e-05
0.00212402 1.35397e-05

0.00212402 1.32014e-05
0.00214844 7.52387e-06

0.00214844 7.09529e-06
0.00217285 1.31946e-05

0.00217285 1.407e-05
0.00219727 1.41069e-05

0.00219727 1.33458e-05
0.00222168 6.99284e-06

0.00222168 6.91642e-06
0.00224609 1.35159e-05

0.00224609 1.4172e-05
0.00227051 1.42415e-05

0.00227051 1.41356e-05
0.00229492 6.38945e-06

0.00229492 7.19646e-06
0.00231934 1.18556e-05

0.00231934 1.03176e-05
0.00234375 1.55847e-05

0.00234375 1.55894e-05
0.00236816 1.04293e-05

0.00236816 1.25254e-05
0.00239258 6.54248e-06

0.00239258 6.55726e-06
0.00241699 1.26517e-05

0.00241699 1.04634e-05
0.00244141 1.55526e-05

0.00244141 1.55415e-05
0.00246582 1.04217e-05

0.00246582 1.24854e-05
0.00249023 6.73851e-06

0.00249023 6.74713e-06
0.00251465 1.26408e-05

0.00251465 1.05318e-05
0.00253906 1.545e-05

0.00253906 1.54372e-05
0.00256348 1.04824e-05

0.00256348 1.24446e-05
0.00258789 6.95996e-06

0.00258789 6.96029e-06
0.0026123 1.26441e-05

0.0026123 1.06936e-05
0.00263672 1.52747e-05

0.00263672 1.5223e-05
0.00266113 1.04627e-05

0.00266113 1.17595e-05
0.00268555 7.90423e-06

0.00268555 7.12037e-06
0.00270996 1.40299e-05

0.00270996 1.40925e-05
0.00273438 1.4074e-05

0.00273437 1.38773e-05
0.00275879 7.24798e-06

0.00275879 8.0657e-06
0.0027832 1.19183e-05

0.0027832 1.07007e-05
0.00280762 1.49895e-05

0.00280762 1.49814e-05
0.00283203 1.06843e-05

0.00283203 1.19087e-05
0.00285645 8.08931e-06

0.00285645 7.32796e-06
0.00288086 1.38113e-05

0.00288086 1.38886e-05
0.00290527 1.40996e-05

0.00290527 1.36179e-05
0.00292969 7.80525e-06

0.00292969 8.5451e-06
0.0029541 1.2177e-05

0.0029541 1.15418e-05
0.00297852 1.42791e-05

0.00297852 1.20391e-05
0.00300293 1.22971e-05

0.00300293 1.23757e-05
0.00302734 1.37999e-05

0.00302734 1.27091e-05
0.00305176 1.36303e-05

0.00305176 1.31215e-05
0.00307617 1.4392e-05

0.00307617 1.35861e-05
0.00310059 1.46545e-05

0.00310059 1.40604e-05
0.003125 1.51038e-05

0.00175781 0.00288071
0.00158221 0.00292969

0.0015625 0.00293583
0.00158454 0.00292969

0.00175781 0.00288128
0.00195312 0.00281807

0.00234375 0.00265961
0.00217329 0.00273438

0.00195312 0.00281841
0.00214844 0.00274477

0.00214844 0.00274488
0.0021724 0.00273438

0.00292969 0.00230981
0.00288284 0.00234375

0.003125 0.00214541
0.00312168 0.00214844

0.00302734 0.00223261
0.00301072 0.00224609

0.00297852 0.00227047
0.00294714 0.00229492

0.00292969 0.00230975
0.00294898 0.00229492

0.00297852 0.00227043
0.00300887 0.00224609

0.00302734 0.00223236
0.00312335 0.00214844

0.00244141 0.00261107
0.00238893 0.00263672

0.00234375 0.00265874
0.00238881 0.00263672

0.00244141 0.0026112
0.00253906 0.00255996

0.00273438 0.00244631
0.00257801 0.00253906

0.00253906 0.00255996
0.00257492 0.00253906

0.00283203 0.00237963
0.0027396 0.00244141

0.00273438 0.00244582
0.00274125 0.00244141

0.00283203 0.00237956
0.00288181 0.00234375

0.003125 1.44892e-05
0.00314941 1.54108e-05

0.00314941 1.49043e-05
0.00317383 1.57652e-05

0.00317383 1.52537e-05
0.00319824 1.6087e-05

0.00319824 1.55416e-05
0.00322266 1.65553e-05

0.00322266 1.59978e-05
0.00324707 1.71236e-05

0.00324707 1.65665e-05
0.00327148 1.75666e-05

0.00327148 1.68001e-05
0.0032959 1.81832e-05

0.0032959 1.77734e-05
0.00332031 1.90203e-05

0.00332031 1.8077e-05
0.00334473 1.93926e-05

0.00334473 1.96266e-05
0.00336914 1.97983e-05

0.00336914 1.31874e-05
0.00339316 2.44141e-05

0.00339159 2.44141e-05
0.00339355 2.5171e-05

0.00339355 2.71693e-05
0.00341797 4.84949e-05

0.00341782 4.88281e-05
0.00341797 4.89761e-05

0.00341797 4.85117e-05
0.00341829 4.88281e-05

0.00341797 4.92749e-05
0.00344174 7.32422e-05

0.00344179 7.32422e-05
0.00344238 7.38666e-05

0.00344238 7.40187e-05
0.00346429 9.76563e-05

0.00346482 9.76563e-05
0.0034668 9.98754e-05

0.0034668 0.000100369
0.00350587 0.000146484

0.00350588 0.000146484
0.00351563 0.000159297

0.00351563 0.000159753
0.00354229 0.000195313

0.00354252 0.000195313
0.00356445 0.000228304

0.00356445 0.000229544
0.00357397 0.000244141

0.00357459 0.000244141
0.00360335 0.000292969

0.00360412 0.000292969
0.00361328 0.000311479

0.00361328 0.000312954
0.0036283 0.000341797

0.00362854 0.000341797
0.0036511 0.000390625

0.00365176 0.000390625
0.0036891 0.000488281

0.00368889 0.000488281
0.00371094 0.000566458

0.00371094 0.000568005
0.003716 0.000585938

0.00371614 0.000585937
0.00373489 0.000683594

0.00373452 0.000683594
0.00374561 0.00078125

0.00374759 0.00078125
0.00374799 0.000976562

0.00374768 0.000976562
0.00371948 0.00117188

0.00371094 0.00120239
0.00366339 0.00136719

0.0036636 0.00136719
0.00357814 0.0015625

0.00371094 0.0011977
0.00371839 0.00117187

0.00332031 0.00194078
0.00331009 0.00195312

0.00351563 0.0016712
0.003461 0.00175781

0.00341797 0.00181859
0.0033916 0.00185547

0.00332031 0.00194368
0.00339141 0.00185547

0.00346037 0.00175781
0.00342643 0.00180664

0.00341797 0.00181489
0.00342377 0.00180664

0.00331572 0.00195312
0.003127 0.00214844

0.00357607 0.0015625
0.0035222 0.00166016

0.00351563 0.0016708
0.00352207 0.00166016

