9.74244e-05 0
9.76563e-05 6.93124e-07

0.000104979 0
0.00012207 4.51379e-06

0.000136879 0
0.000146484 1.5706e-06

0.000170898 6.81009e-06
0.000165914 2.44141e-05

0.000170898 4.80801e-05
0.000170799 4.88281e-05

0.000195313 6.25715e-06
0.000191435 2.44141e-05

0.000189006 2.44141e-05
0.00018403 4.88281e-05

0.00018452 4.88281e-05
0.000188004 7.32422e-05

0.000187471 7.32422e-05
0.000195313 8.91105e-05

0.000202326 0
0.00019658 2.44141e-05

0.000195313 2.46842e-05
0.000195377 2.44141e-05

0.000195313 8.92994e-05
0.000199533 9.76563e-05

0.000198637 9.76563e-05
0.000219727 0.000119272

0.000219727 0.000118334
0.000226647 0.00012207

0.000226775 0.00012207
0.000244141 0.000131188

0.000244141 0.0001306
0.000268555 0.00013466

0.000268555 0.00013464
0.000292969 0.000131168

0.000341797 9.31392e-05
0.000339514 9.76563e-05

0.000342724 0
0.000346623 2.44141e-05

0.00035046 2.44141e-05
0.000354484 4.88281e-05

0.000354466 4.88281e-05
0.000350974 7.32422e-05

0.000341797 9.27131e-05
0.000351579 7.32422e-05

0.000317383 0.000120133
0.000313546 0.00012207

0.000292969 0.000131667
0.000312141 0.00012207

0.000317383 0.000120604
0.000340377 9.76563e-05

0.000877034 0
0.000878906 5.11722e-06

0.000878906 3.88572e-06
0.00090332 4.15722e-06

0.00090332 5.47255e-06
0.000905351 0

0.00146278 0
0.00146484 5.93154e-06

0.00146484 5.4414e-06
0.00148388 2.44141e-05

0.00148315 2.44141e-05
0.00148926 2.65298e-05

0.00148926 1.71148e-05
0.00151367 1.7189e-05

0.00148926 2.44765e-05
0.00150163 2.44141e-05

0.00151367 1.71985e-05
0.00153809 1.71394e-05

0.00152588 2.44141e-05
0.00153809 2.44773e-05

0.0015625 5.43867e-06
0.00154346 2.44141e-05

0.00153809 2.65194e-05
0.00154416 2.44141e-05

0 0.00312464
0.000390625 0.00311357

0.000390625 0.00311386
0.00078125 0.00308006

0.00078125 0.00308069
0.00117187 0.00302231

0.00117188 0.00302337
0.0015625 0.00293705

0.0015625 6.02516e-06
0.0015646 0

0.0016565 0
0.00166016 8.92351e-06

0.00166016 1.04994e-05
0.0016749 2.44141e-05

0.00167404 2.44141e-05
0.00168457 2.8378e-05

0.00168457 1.88768e-05
0.00170898 1.91811e-05

0.00169689 2.44141e-05
0.00170898 2.44844e-05

0.0017334 1.15147e-05
0.00171872 2.44141e-05

0.00170898 2.81963e-05
0.0017195 2.44141e-05

0.0017334 1.28945e-05
0.001739 0

0.00179058 0
0.00180664 1.89941e-05

0.00180664 3.06611e-06
0.00183105 1.31938e-05

0.00183105 8.68371e-06
0.00185547 1.30439e-05

0.00185547 8.39968e-06
0.00187988 1.26694e-05

0.00187988 1.38666e-05
0.0019043 1.31595e-05

0.0019043 1.37945e-05
0.00192871 6.35479e-06

0.00192871 6.55775e-06
0.00195312 1.17682e-05

0.00195312 1.02186e-05
0.00197754 1.58243e-05

0.00197754 1.54288e-05
0.00200195 1.02518e-05

0.00200195 1.5841e-05
0.00202637 3.37273e-06

0.00202637 3.63223e-06
0.00205078 8.98681e-06

0.00205078 8.43334e-06
0.0020752 1.5802e-05

0.0020752 9.27524e-06
0.00209961 1.15889e-05

0.00209961 1.36413e-05
0.00212402 1.35363e-05

0.00212402 1.31951e-05
0.00214844 7.53155e-06

0.00214844 7.09769e-06
0.00217285 1.32031e-05

0.00217285 1.40945e-05
0.00219727 1.40943e-05

0.00219727 1.33098e-05
0.00222168 6.99074e-06

0.00222168 6.92763e-06
0.00224609 1.35587e-05

0.00224609 1.42104e-05
0.00227051 1.42108e-05

0.00227051 1.41142e-05
0.00229492 6.37268e-06

0.00229492 7.19091e-06
0.00231934 1.18797e-05

0.00231934 1.03217e-05
0.00234375 1.55763e-05

0.00234375 1.55859e-05
0.00236816 1.04358e-05

0.00236816 1.25296e-05
0.00239258 6.54643e-06

0.00239258 6.56158e-06
0.00241699 1.26484e-05

0.00241699 1.04637e-05
0.00244141 1.55527e-05

0.00244141 1.55417e-05
0.00246582 1.04223e-05

0.00246582 1.2486e-05
0.00249023 6.73867e-06

0.00249023 6.74731e-06
0.00251465 1.26407e-05

0.00251465 1.05323e-05
0.00253906 1.54501e-05

0.00253906 1.54372e-05
0.00256348 1.0482e-05

0.00256348 1.2442e-05
0.00258789 6.96256e-06

0.00258789 6.9628e-06
0.0026123 1.26468e-05

0.0026123 1.06968e-05
0.00263672 1.52728e-05

0.00263672 1.52188e-05
0.00266113 1.04658e-05

0.00266113 1.17638e-05
0.00268555 7.91019e-06

0.00268555 7.1251e-06
0.00270996 1.4025e-05

0.00270996 1.40936e-05
0.00273438 1.40722e-05

0.00273437 1.38696e-05
0.00275879 7.25169e-06

0.00275879 8.06825e-06
0.0027832 1.19288e-05

0.0027832 1.07224e-05
0.00280762 1.49747e-05

0.00280762 1.49588e-05
0.00283203 1.06711e-05

0.00283203 1.17962e-05
0.00285645 8.22373e-06

0.00285645 7.48203e-06
0.00288086 1.39016e-05

0.00288086 1.39977e-05
0.00290527 1.39775e-05

0.00290527 1.36909e-05
0.00292969 7.66554e-06

0.00292969 8.46315e-06
0.0029541 1.20124e-05

0.0029541 1.13417e-05
0.00297852 1.42755e-05

0.00297852 1.19151e-05
0.00300293 1.2407e-05

0.00300293 1.23706e-05
0.00302734 1.39219e-05

0.00302734 1.28065e-05
0.00305176 1.37061e-05

0.00305176 1.32241e-05
0.00307617 1.43819e-05

0.00307617 1.36314e-05
0.00310059 1.46196e-05

0.00310059 1.40689e-05
0.003125 1.50649e-05

0.00175781 0.00288071
0.00158222 0.00292969

0.0015625 0.00293584
0.00158455 0.00292969

0.00175781 0.00288128
0.00195312 0.00281807

0.00234375 0.00265961
0.0021733 0.00273438

0.00195312 0.00281841
0.00214844 0.00274477

0.00214844 0.00274488
0.00217239 0.00273438

0.00292969 0.00230981
0.00288284 0.00234375

0.003125 0.0021454
0.00312167 0.00214844

0.00302734 0.00223262
0.00301073 0.00224609

0.00297852 0.00227047
0.00294714 0.00229492

0.00292969 0.00230975
0.00294898 0.00229492

0.00297852 0.00227043
0.00300887 0.00224609

0.00302734 0.00223236
0.00312336 0.00214844

0.00244141 0.00261108
0.00238893 0.00263672

0.00234375 0.00265874
0.00238881 0.00263672

0.00244141 0.0026112
0.00253906 0.00255996

0.00273438 0.00244631
0.00257802 0.00253906

0.00253906 0.00255995
0.00257491 0.00253906

0.00283203 0.00237963
0.00273961 0.00244141

0.00273438 0.00244582
0.00274125 0.00244141

0.00283203 0.00237956
0.00288181 0.00234375

0.003125 1.4493e-05
0.00314941 1.53403e-05

0.00314941 1.48138e-05
0.00317383 1.57002e-05

0.00317383 1.51175e-05
0.00319824 1.61942e-05

0.00319824 1.56539e-05
0.00322266 1.6705e-05

0.00322266 1.60478e-05
0.00324707 1.71181e-05

0.00324707 1.66714e-05
0.00327148 1.76309e-05

0.00327148 1.69556e-05
0.0032959 1.80015e-05

0.0032959 1.76869e-05
0.00332031 1.86222e-05

0.00332031 1.77333e-05
0.00334473 1.90675e-05

0.00334473 1.93143e-05
0.00336914 1.96632e-05

0.00336914 1.27037e-05
0.00339283 2.44141e-05

0.00339153 2.44141e-05
0.00339355 2.52491e-05

0.00339355 2.78503e-05
0.00341714 4.88281e-05

0.00341709 4.88281e-05
0.00341797 4.96757e-05

0.00341797 5.00425e-05
0.0034412 7.32422e-05

0.00344131 7.32422e-05
0.00344238 7.43581e-05

0.00344238 7.45752e-05
0.00346393 9.76563e-05

0.00346448 9.76563e-05
0.0034668 0.000100244

0.0034668 0.000100761
0.00350573 0.000146484

0.00350571 0.000146484
0.00351563 0.000159486

0.00351563 0.000159728
0.00354206 0.000195313

0.00354244 0.000195313
0.00356445 0.000228393

0.00356445 0.000229669
0.00357389 0.000244141

0.00357454 0.000244141
0.00360332 0.000292969

0.00360409 0.000292969
0.00361328 0.000311511

0.00361328 0.000312994
0.00362829 0.000341797

0.00362853 0.000341797
0.0036511 0.000390625

0.00365177 0.000390625
0.00368912 0.000488281

0.00368891 0.000488281
0.00371094 0.000566337

0.00371094 0.000567894
0.00371603 0.000585938

0.00371618 0.000585937
0.00373493 0.000683594

0.00373456 0.000683594
0.00374565 0.00078125

0.00374763 0.00078125
0.00374802 0.000976562

0.00374772 0.000976562
0.00371951 0.00117188

0.00371094 0.00120251
0.00366342 0.00136719

0.00366363 0.00136719
0.00357817 0.0015625

0.00371094 0.00119779
0.00371841 0.00117187

0.00332031 0.00194076
0.00331007 0.00195312

0.00351563 0.00167124
0.00346102 0.00175781

0.00341797 0.00181862
0.00339163 0.00185547

0.00332031 0.0019437
0.00339143 0.00185547

0.00346039 0.00175781
0.00342644 0.00180664

0.00341797 0.00181488
0.00342376 0.00180664

0.00331572 0.00195312
0.003127 0.00214844

0.0035761 0.0015625
0.00352222 0.00166016

0.00351563 0.00167083
0.00352209 0.00166016

