9.74337e-05 0
9.76563e-05 6.6544e-07

0.000105034 0
0.00012207 4.52357e-06

0.000136721 0
0.000146484 1.55109e-06

0.000170898 6.89994e-06
0.000165911 2.44141e-05

0.000170898 4.80778e-05
0.000170798 4.88281e-05

0.000195313 6.25166e-06
0.000191436 2.44141e-05

0.000189001 2.44141e-05
0.000184026 4.88281e-05

0.000184515 4.88281e-05
0.000187999 7.32422e-05

0.000187466 7.32422e-05
0.000195313 8.91209e-05

0.000202311 0
0.000196569 2.44141e-05

0.000195313 2.4681e-05
0.000195377 2.44141e-05

0.000195313 8.93101e-05
0.000199527 9.76563e-05

0.000198631 9.76563e-05
0.000219727 0.000119277

0.000219727 0.000118339
0.000226639 0.00012207

0.000226768 0.00012207
0.000244141 0.000131191

0.000244141 0.000130603
0.000268555 0.000134661

0.000268555 0.000134641
0.000292969 0.000131167

0.000341797 9.31256e-05
0.000339507 9.76563e-05

0.000342717 0
0.000346617 2.44141e-05

0.000350454 2.44141e-05
0.000354477 4.88281e-05

0.000354459 4.88281e-05
0.000350967 7.32422e-05

0.000341797 9.27009e-05
0.000351572 7.32422e-05

0.000317383 0.00012013
0.00031354 0.00012207

0.000292969 0.000131666
0.000312136 0.00012207

0.000317383 0.000120601
0.00034037 9.76563e-05

0.000876598 0
0.000878906 6.05879e-06

0.000878906 4.615e-06
0.00090332 3.40863e-06

0.00090332 4.48031e-06
0.000904923 0

0.00146278 0
0.00146484 5.94631e-06

0.00146484 5.26304e-06
0.00148392 2.44141e-05

0.0014834 2.44141e-05
0.00148926 2.64582e-05

0.00148926 1.71384e-05
0.00151367 1.739e-05

0.00148926 2.44558e-05
0.00150893 2.44141e-05

0.00151367 1.73669e-05
0.00153809 1.71161e-05

0.00151848 2.44141e-05
0.00153809 2.44563e-05

0.0015625 5.31195e-06
0.00154343 2.44141e-05

0.00153809 2.64596e-05
0.00154396 2.44141e-05

0 0.00312465
0.000390625 0.00311357

0.000390625 0.00311386
0.00078125 0.00308006

0.00078125 0.00308069
0.00117187 0.00302231

0.00117188 0.00302337
0.0015625 0.00293705

0.0015625 5.97874e-06
0.00156458 0

0.00165649 0
0.00166016 8.92791e-06

0.00166016 1.05152e-05
0.0016749 2.44141e-05

0.00167402 2.44141e-05
0.00168457 2.83827e-05

0.00168457 1.88701e-05
0.00170898 1.91684e-05

0.00169682 2.44141e-05
0.00170898 2.44828e-05

0.0017334 1.15238e-05
0.00171872 2.44141e-05

0.00170898 2.81909e-05
0.00171949 2.44141e-05

0.0017334 1.28929e-05
0.001739 0

0.00179057 0
0.00180664 1.89973e-05

0.00180664 3.07118e-06
0.00183105 1.31941e-05

0.00183105 8.68515e-06
0.00185547 1.3045e-05

0.00185547 8.40512e-06
0.00187988 1.26699e-05

0.00187988 1.38668e-05
0.0019043 1.31566e-05

0.0019043 1.37921e-05
0.00192871 6.3591e-06

0.00192871 6.56081e-06
0.00195312 1.17696e-05

0.00195312 1.02197e-05
0.00197754 1.58241e-05

0.00197754 1.54318e-05
0.00200195 1.02524e-05

0.00200195 1.58378e-05
0.00202637 3.37317e-06

0.00202637 3.63527e-06
0.00205078 8.99038e-06

0.00205078 8.43594e-06
0.0020752 1.57977e-05

0.0020752 9.27684e-06
0.00209961 1.15865e-05

0.00209961 1.36426e-05
0.00212402 1.35279e-05

0.00212402 1.31295e-05
0.00214844 7.58354e-06

0.00214844 7.16703e-06
0.00217285 1.32623e-05

0.00217285 1.41915e-05
0.00219727 1.3991e-05

0.00219727 1.31748e-05
0.00222168 6.98921e-06

0.00222168 6.96083e-06
0.00224609 1.36916e-05

0.00224609 1.43283e-05
0.00227051 1.40966e-05

0.00227051 1.40499e-05
0.00229492 6.29299e-06

0.00229492 7.13109e-06
0.00231934 1.19533e-05

0.00231934 1.03276e-05
0.00234375 1.5573e-05

0.00234375 1.55887e-05
0.00236816 1.04361e-05

0.00236816 1.25301e-05
0.00239258 6.54473e-06

0.00239258 6.55972e-06
0.00241699 1.26508e-05

0.00241699 1.04656e-05
0.00244141 1.55548e-05

0.00244141 1.55446e-05
0.00246582 1.0421e-05

0.00246582 1.2486e-05
0.00249023 6.73654e-06

0.00249023 6.74467e-06
0.00251465 1.26429e-05

0.00251465 1.05339e-05
0.00253906 1.54518e-05

0.00253906 1.5439e-05
0.00256348 1.04805e-05

0.00256348 1.24407e-05
0.00258789 6.96259e-06

0.00258789 6.96326e-06
0.0026123 1.26481e-05

0.0026123 1.06982e-05
0.00263672 1.52713e-05

0.00263672 1.52178e-05
0.00266113 1.04646e-05

0.00266113 1.17622e-05
0.00268555 7.91175e-06

0.00268555 7.12631e-06
0.00270996 1.40254e-05

0.00270996 1.40935e-05
0.00273438 1.40714e-05

0.00273437 1.3866e-05
0.00275879 7.25595e-06

0.00275879 8.07167e-06
0.0027832 1.19335e-05

0.0027832 1.07257e-05
0.00280762 1.49746e-05

0.00280762 1.49552e-05
0.00283203 1.06794e-05

0.00283203 1.18677e-05
0.00285645 8.16956e-06

0.00285645 7.40737e-06
0.00288086 1.38368e-05

0.00288086 1.39034e-05
0.00290527 1.40789e-05

0.00290527 1.37709e-05
0.00292969 7.7098e-06

0.00292969 8.46897e-06
0.0029541 1.19525e-05

0.0029541 1.13544e-05
0.00297852 1.43112e-05

0.00297852 1.19184e-05
0.00300293 1.23806e-05

0.00300293 1.23604e-05
0.00302734 1.39398e-05

0.00302734 1.28177e-05
0.00305176 1.37118e-05

0.00305176 1.32533e-05
0.00307617 1.43526e-05

0.00307617 1.36171e-05
0.00310059 1.45621e-05

0.00310059 1.40031e-05
0.003125 1.50612e-05

0.00175781 0.00288071
0.00158222 0.00292969

0.0015625 0.00293584
0.00158455 0.00292969

0.00175781 0.00288128
0.00195312 0.00281807

0.00234375 0.00265961
0.0021733 0.00273438

0.00195312 0.00281841
0.00214844 0.00274477

0.00214844 0.00274488
0.00217239 0.00273438

0.00292969 0.00230981
0.00288284 0.00234375

0.003125 0.00214539
0.00312167 0.00214844

0.00302734 0.00223263
0.00301074 0.00224609

0.00297852 0.00227047
0.00294714 0.00229492

0.00292969 0.00230975
0.00294898 0.00229492

0.00297852 0.00227043
0.00300886 0.00224609

0.00302734 0.00223236
0.00312336 0.00214844

0.00244141 0.00261108
0.00238893 0.00263672

0.00234375 0.00265874
0.00238881 0.00263672

0.00244141 0.0026112
0.00253906 0.00255996

0.00273438 0.00244631
0.00257802 0.00253906

0.00253906 0.00255995
0.00257491 0.00253906

0.00283203 0.00237963
0.0027396 0.00244141

0.00273438 0.00244581
0.00274125 0.00244141

0.00283203 0.00237956
0.0028818 0.00234375

0.003125 1.4447e-05
0.00314941 1.54106e-05

0.00314941 1.48688e-05
0.00317383 1.57666e-05

0.00317383 1.52034e-05
0.00319824 1.61556e-05

0.00319824 1.55987e-05
0.00322266 1.66701e-05

0.00322266 1.6129e-05
0.00324707 1.71191e-05

0.00324707 1.66161e-05
0.00327148 1.74482e-05

0.00327148 1.68705e-05
0.0032959 1.79246e-05

0.0032959 1.71469e-05
0.00332031 1.89284e-05

0.00332031 1.80035e-05
0.00334473 2.03253e-05

0.00334473 1.9966e-05
0.00336914 2.07528e-05

0.00336914 1.44774e-05
0.00339128 2.44141e-05

0.00339024 2.44141e-05
0.00339355 2.56548e-05

0.00339355 2.77849e-05
0.00341797 4.86595e-05

0.00341746 4.88281e-05
0.00341797 4.93149e-05

0.00341797 4.95519e-05
0.00344167 7.32422e-05

0.00344174 7.32422e-05
0.00344238 7.39064e-05

0.00344238 7.40651e-05
0.00346438 9.76563e-05

0.00346491 9.76563e-05
0.0034668 9.97741e-05

0.0034668 0.000100268
0.0035061 0.000146484

0.00350604 0.000146484
0.00351563 0.000159066

0.00351563 0.00015943
0.00354257 0.000195313

0.00354272 0.000195313
0.00356445 0.00022808

0.00356445 0.000228815
0.00357442 0.000244141

0.00357475 0.000244141
0.00360338 0.000292969

0.00360414 0.000292969
0.00361328 0.000311471

0.00361328 0.000312903
0.00362829 0.000341797

0.00362854 0.000341797
0.00365107 0.000390625

0.00365172 0.000390625
0.00368903 0.000488281

0.00368884 0.000488281
0.00371094 0.000566599

0.00371094 0.00056818
0.00371595 0.000585938

0.00371611 0.000585937
0.00373487 0.000683594

0.0037345 0.000683594
0.00374561 0.00078125

0.00374759 0.00078125
0.00374801 0.000976562

0.00374771 0.000976562
0.00371951 0.00117188

0.00371094 0.0012025
0.00366342 0.00136719

0.00366364 0.00136719
0.00357817 0.0015625

0.00371094 0.00119777
0.00371841 0.00117187

0.00332031 0.00194076
0.00331007 0.00195312

0.00351563 0.00167125
0.00346102 0.00175781

0.00341797 0.00181863
0.00339163 0.00185547

0.00332031 0.00194371
0.00339143 0.00185547

0.0034604 0.00175781
0.00342645 0.00180664

0.00341797 0.00181488
0.00342376 0.00180664

0.00331573 0.00195312
0.003127 0.00214844

0.0035761 0.0015625
0.00352222 0.00166016

0.00351563 0.00167084
0.00352209 0.00166016

