9.74439e-05 0
9.76563e-05 6.35286e-07

0.000105093 0
0.00012207 4.53412e-06

0.000136551 0
0.000146484 1.5308e-06

0.000170898 6.98901e-06
0.00016591 2.44141e-05

0.000170898 4.80761e-05
0.000170797 4.88281e-05

0.000195313 6.24459e-06
0.000191437 2.44141e-05

0.000188998 2.44141e-05
0.000184023 4.88281e-05

0.000184512 4.88281e-05
0.000187996 7.32422e-05

0.000187463 7.32422e-05
0.000195313 8.91266e-05

0.000202296 0
0.000196559 2.44141e-05

0.000195313 2.4684e-05
0.000195377 2.44141e-05

0.000195313 8.93158e-05
0.000199524 9.76563e-05

0.000198628 9.76563e-05
0.000219727 0.000119279

0.000219727 0.000118341
0.000226637 0.00012207

0.000226765 0.00012207
0.000244141 0.000131192

0.000244141 0.000130603
0.000268555 0.00013466

0.000268555 0.00013464
0.000292969 0.000131165

0.000341797 9.31197e-05
0.000339504 9.76563e-05

0.000342715 0
0.000346614 2.44141e-05

0.000350451 2.44141e-05
0.000354474 4.88281e-05

0.000354457 4.88281e-05
0.000350964 7.32422e-05

0.000341797 9.26947e-05
0.000351569 7.32422e-05

0.000317383 0.000120127
0.000313534 0.00012207

0.000292969 0.000131664
0.000312131 0.00012207

0.000317383 0.000120598
0.000340367 9.76563e-05

0.000877019 0
0.000878906 5.15075e-06

0.000878906 3.91798e-06
0.00090332 4.12788e-06

0.00090332 5.42604e-06
0.00090533 0

0.00146278 0
0.00146484 5.92817e-06

0.00146484 5.44311e-06
0.00148388 2.44141e-05

0.00148315 2.44141e-05
0.00148926 2.65284e-05

0.00148926 1.71117e-05
0.00151367 1.71846e-05

0.00148926 2.44765e-05
0.00150162 2.44141e-05

0.00151367 1.71974e-05
0.00153809 1.71384e-05

0.00152587 2.44141e-05
0.00153809 2.44774e-05

0.0015625 5.43302e-06
0.00154346 2.44141e-05

0.00153809 2.65187e-05
0.00154416 2.44141e-05

0 0.00312465
0.000390625 0.00311358

0.000390625 0.00311387
0.00078125 0.00308006

0.00078125 0.00308069
0.00117187 0.00302231

0.00117188 0.00302337
0.0015625 0.00293705

0.0015625 6.02431e-06
0.0015646 0

0.0016565 0
0.00166016 8.91655e-06

0.00166016 1.05015e-05
0.0016749 2.44141e-05

0.00167403 2.44141e-05
0.00168457 2.83811e-05

0.00168457 1.88785e-05
0.00170898 1.91822e-05

0.00169688 2.44141e-05
0.00170898 2.4484e-05

0.0017334 1.15183e-05
0.00171872 2.44141e-05

0.00170898 2.81944e-05
0.00171949 2.44141e-05

0.0017334 1.28903e-05
0.001739 0

0.00179057 0
0.00180664 1.89994e-05

0.00180664 3.0725e-06
0.00183105 1.31973e-05

0.00183105 8.69025e-06
0.00185547 1.30455e-05

0.00185547 8.40819e-06
0.00187988 1.26672e-05

0.00187988 1.38652e-05
0.0019043 1.31569e-05

0.0019043 1.37911e-05
0.00192871 6.363e-06

0.00192871 6.56521e-06
0.00195312 1.1769e-05

0.00195312 1.02209e-05
0.00197754 1.58206e-05

0.00197754 1.54264e-05
0.00200195 1.02549e-05

0.00200195 1.58372e-05
0.00202637 3.38177e-06

0.00202637 3.64211e-06
0.00205078 8.9874e-06

0.00205078 8.43722e-06
0.0020752 1.57964e-05

0.0020752 9.27832e-06
0.00209961 1.15865e-05

0.00209961 1.364e-05
0.00212402 1.35287e-05

0.00212402 1.31244e-05
0.00214844 7.59472e-06

0.00214844 7.18743e-06
0.00217285 1.3258e-05

0.00217285 1.4178e-05
0.00219727 1.39814e-05

0.00219727 1.31935e-05
0.00222168 6.99163e-06

0.00222168 6.95074e-06
0.00224609 1.36606e-05

0.00224609 1.42896e-05
0.00227051 1.41243e-05

0.00227051 1.4069e-05
0.00229492 6.32151e-06

0.00229492 7.14839e-06
0.00231934 1.19281e-05

0.00231934 1.03259e-05
0.00234375 1.55755e-05

0.00234375 1.55859e-05
0.00236816 1.0436e-05

0.00236816 1.25293e-05
0.00239258 6.55e-06

0.00239258 6.56529e-06
0.00241699 1.26486e-05

0.00241699 1.04654e-05
0.00244141 1.55511e-05

0.00244141 1.5541e-05
0.00246582 1.04229e-05

0.00246582 1.2486e-05
0.00249023 6.74029e-06

0.00249023 6.7485e-06
0.00251465 1.26409e-05

0.00251465 1.05337e-05
0.00253906 1.54495e-05

0.00253906 1.54366e-05
0.00256348 1.04816e-05

0.00256348 1.24426e-05
0.00258789 6.96318e-06

0.00258789 6.96389e-06
0.0026123 1.26447e-05

0.0026123 1.06944e-05
0.00263672 1.52724e-05

0.00263672 1.52205e-05
0.00266113 1.04654e-05

0.00266113 1.17605e-05
0.00268555 7.90827e-06

0.00268555 7.1255e-06
0.00270996 1.40278e-05

0.00270996 1.40917e-05
0.00273438 1.40717e-05

0.00273437 1.38651e-05
0.00275879 7.26138e-06

0.00275879 8.07562e-06
0.0027832 1.19348e-05

0.0027832 1.07285e-05
0.00280762 1.4974e-05

0.00280762 1.49534e-05
0.00283203 1.06826e-05

0.00283203 1.18863e-05
0.00285645 8.15898e-06

0.00285645 7.39098e-06
0.00288086 1.38208e-05

0.00288086 1.38887e-05
0.00290527 1.40974e-05

0.00290527 1.37786e-05
0.00292969 7.71431e-06

0.00292969 8.46571e-06
0.0029541 1.19534e-05

0.0029541 1.13603e-05
0.00297852 1.43239e-05

0.00297852 1.19327e-05
0.00300293 1.23748e-05

0.00300293 1.23776e-05
0.00302734 1.39137e-05

0.00302734 1.27958e-05
0.00305176 1.36795e-05

0.00305176 1.32134e-05
0.00307617 1.43669e-05

0.00307617 1.36149e-05
0.00310059 1.45904e-05

0.00310059 1.40328e-05
0.003125 1.50534e-05

0.00175781 0.00288072
0.00158223 0.00292969

0.0015625 0.00293584
0.00158456 0.00292969

0.00175781 0.00288129
0.00195312 0.00281807

0.00234375 0.00265961
0.00217331 0.00273438

0.00195312 0.00281842
0.00214844 0.00274477

0.00214844 0.00274488
0.00217239 0.00273438

0.00292969 0.00230981
0.00288284 0.00234375

0.003125 0.00214539
0.00312167 0.00214844

0.00302734 0.00223263
0.00301074 0.00224609

0.00297852 0.00227047
0.00294714 0.00229492

0.00292969 0.00230976
0.00294898 0.00229492

0.00297852 0.00227043
0.00300886 0.00224609

0.00302734 0.00223236
0.00312336 0.00214844

0.00244141 0.00261108
0.00238894 0.00263672

0.00234375 0.00265874
0.00238881 0.00263672

0.00244141 0.0026112
0.00253906 0.00255996

0.00273438 0.00244631
0.00257802 0.00253906

0.00253906 0.00255995
0.00257491 0.00253906

0.00283203 0.00237963
0.00273961 0.00244141

0.00273438 0.00244581
0.00274125 0.00244141

0.00283203 0.00237956
0.00288181 0.00234375

0.003125 1.44695e-05
0.00314941 1.5355e-05

0.00314941 1.48698e-05
0.00317383 1.56583e-05

0.00317383 1.51218e-05
0.00319824 1.60163e-05

0.00319824 1.53782e-05
0.00322266 1.66748e-05

0.00322266 1.60164e-05
0.00324707 1.73994e-05

0.00324707 1.68184e-05
0.00327148 1.77546e-05

0.00327148 1.68665e-05
0.0032959 1.83098e-05

0.0032959 1.78149e-05
0.00332031 1.95624e-05

0.00332031 1.87329e-05
0.00334473 1.99385e-05

0.00334473 1.98687e-05
0.00336914 1.992e-05

0.00336914 1.37594e-05
0.00339231 2.44141e-05

0.00339082 2.44141e-05
0.00339355 2.5448e-05

0.00339355 2.72636e-05
0.00341797 4.8391e-05

0.00341775 4.88281e-05
0.00341797 4.90403e-05

0.00341797 4.85209e-05
0.00341828 4.88281e-05

0.00341797 4.93464e-05
0.00344161 7.32422e-05

0.00344167 7.32422e-05
0.00344238 7.3989e-05

0.00344238 7.41453e-05
0.00346417 9.76563e-05

0.0034647 9.76563e-05
0.0034668 0.000100013

0.0034668 0.000100485
0.00350583 0.000146484

0.00350583 0.000146484
0.00351563 0.000159353

0.00351563 0.000159745
0.00354234 0.000195313

0.00354248 0.000195313
0.00356445 0.000228355

0.00356445 0.000229137
0.00357423 0.000244141

0.00357463 0.000244141
0.00360336 0.000292969

0.00360412 0.000292969
0.00361328 0.000311485

0.00361328 0.000312931
0.00362831 0.000341797

0.00362855 0.000341797
0.00365111 0.000390625

0.00365177 0.000390625
0.00368911 0.000488281

0.0036889 0.000488281
0.00371094 0.000566421

0.00371094 0.000567982
0.003716 0.000585938

0.00371615 0.000585937
0.0037349 0.000683594

0.00373453 0.000683594
0.00374562 0.00078125

0.0037476 0.00078125
0.00374801 0.000976562

0.00374771 0.000976562
0.00371951 0.00117188

0.00371094 0.00120251
0.00366343 0.00136719

0.00366364 0.00136719
0.00357818 0.0015625

0.00371094 0.00119777
0.00371841 0.00117187

0.00332031 0.00194075
0.00331007 0.00195312

0.00351563 0.00167126
0.00346103 0.00175781

0.00341797 0.00181864
0.00339164 0.00185547

0.00332031 0.00194371
0.00339144 0.00185547

0.00346041 0.00175781
0.00342645 0.00180664

0.00341797 0.00181488
0.00342376 0.00180664

0.00331573 0.00195312
0.00312701 0.00214844

0.00357611 0.0015625
0.00352223 0.00166016

0.00351563 0.00167085
0.0035221 0.00166016

