9.7462e-05 0
9.76563e-05 5.81188e-07

0.000105194 0
0.00012207 4.55241e-06

0.000136235 0
0.000146484 1.49443e-06

0.000170898 7.14229e-06
0.000165907 2.44141e-05

0.000170898 4.80965e-05
0.000170799 4.88281e-05

0.000195313 6.2336e-06
0.00019144 2.44141e-05

0.000188992 2.44141e-05
0.000184018 4.88281e-05

0.000184507 4.88281e-05
0.000187992 7.32422e-05

0.000187459 7.32422e-05
0.000195313 8.91329e-05

0.00020227 0
0.000196541 2.44141e-05

0.000195313 2.46714e-05
0.000195374 2.44141e-05

0.000195313 8.93216e-05
0.000199522 9.76563e-05

0.000198626 9.76563e-05
0.000219727 0.000119279

0.000219727 0.000118341
0.000226639 0.00012207

0.000226767 0.00012207
0.000244141 0.000131189

0.000244141 0.0001306
0.000268555 0.000134655

0.000268555 0.000134635
0.000292969 0.000131157

0.000341797 9.3094e-05
0.00033949 9.76563e-05

0.000342706 0
0.000346605 2.44141e-05

0.000350442 2.44141e-05
0.000354464 4.88281e-05

0.000354447 4.88281e-05
0.000350953 7.32422e-05

0.000341797 9.26699e-05
0.000351557 7.32422e-05

0.000317383 0.000120113
0.000313509 0.00012207

0.000292969 0.000131656
0.00031211 0.00012207

0.000317383 0.000120585
0.000340353 9.76563e-05

0.000877009 0
0.000878906 5.17557e-06

0.000878906 3.94061e-06
0.00090332 4.10689e-06

0.00090332 5.3939e-06
0.000905315 0

0.00146278 0
0.00146484 5.93318e-06

0.00146484 5.45076e-06
0.00148387 2.44141e-05

0.00148315 2.44141e-05
0.00148926 2.65295e-05

0.00148926 1.71172e-05
0.00151367 1.71916e-05

0.00148926 2.44765e-05
0.00150165 2.44141e-05

0.00151367 1.72061e-05
0.00153809 1.71442e-05

0.00152585 2.44141e-05
0.00153809 2.44772e-05

0.0015625 5.43589e-06
0.00154346 2.44141e-05

0.00153809 2.65223e-05
0.00154417 2.44141e-05

0 0.00312465
0.000390625 0.00311358

0.000390625 0.00311387
0.00078125 0.00308006

0.00078125 0.00308069
0.00117187 0.00302232

0.00117188 0.00302338
0.0015625 0.00293705

0.0015625 6.02862e-06
0.0015646 0

0.0016565 0
0.00166016 8.90994e-06

0.00166016 1.05021e-05
0.0016749 2.44141e-05

0.00167403 2.44141e-05
0.00168457 2.83833e-05

0.00168457 1.88815e-05
0.00170898 1.91846e-05

0.00169689 2.44141e-05
0.00170898 2.44838e-05

0.0017334 1.15196e-05
0.00171873 2.44141e-05

0.00170898 2.8195e-05
0.00171949 2.44141e-05

0.0017334 1.2896e-05
0.001739 0

0.00179057 0
0.00180664 1.90071e-05

0.00180664 3.08692e-06
0.00183105 1.31961e-05

0.00183105 8.69711e-06
0.00185547 1.30398e-05

0.00185547 8.40828e-06
0.00187988 1.26674e-05

0.00187988 1.38622e-05
0.0019043 1.31614e-05

0.0019043 1.37911e-05
0.00192871 6.37286e-06

0.00192871 6.57594e-06
0.00195312 1.17681e-05

0.00195312 1.02244e-05
0.00197754 1.58158e-05

0.00197754 1.54217e-05
0.00200195 1.02592e-05

0.00200195 1.58365e-05
0.00202637 3.39269e-06

0.00202637 3.65167e-06
0.00205078 8.98504e-06

0.00205078 8.44008e-06
0.0020752 1.57944e-05

0.0020752 9.28196e-06
0.00209961 1.15858e-05

0.00209961 1.36345e-05
0.00212402 1.35295e-05

0.00212402 1.31213e-05
0.00214844 7.60886e-06

0.00214844 7.20181e-06
0.00217285 1.32574e-05

0.00217285 1.41863e-05
0.00219727 1.39688e-05

0.00219727 1.31828e-05
0.00222168 6.98855e-06

0.00222168 6.94838e-06
0.00224609 1.36699e-05

0.00224609 1.42939e-05
0.00227051 1.41206e-05

0.00227051 1.40657e-05
0.00229492 6.32116e-06

0.00229492 7.14874e-06
0.00231934 1.19322e-05

0.00231934 1.03287e-05
0.00234375 1.55737e-05

0.00234375 1.55843e-05
0.00236816 1.04363e-05

0.00236816 1.25289e-05
0.00239258 6.55389e-06

0.00239258 6.56892e-06
0.00241699 1.26478e-05

0.00241699 1.04663e-05
0.00244141 1.55494e-05

0.00244141 1.55392e-05
0.00246582 1.04242e-05

0.00246582 1.24867e-05
0.00249023 6.74274e-06

0.00249023 6.75069e-06
0.00251465 1.26398e-05

0.00251465 1.05335e-05
0.00253906 1.54495e-05

0.00253906 1.54373e-05
0.00256348 1.04823e-05

0.00256348 1.24429e-05
0.00258789 6.96248e-06

0.00258789 6.9618e-06
0.0026123 1.26471e-05

0.0026123 1.06987e-05
0.00263672 1.52731e-05

0.00263672 1.52175e-05
0.00266113 1.04642e-05

0.00266113 1.17632e-05
0.00268555 7.91277e-06

0.00268555 7.1285e-06
0.00270996 1.40224e-05

0.00270996 1.40868e-05
0.00273438 1.40733e-05

0.00273437 1.38584e-05
0.00275879 7.27433e-06

0.00275879 8.09329e-06
0.0027832 1.19356e-05

0.0027832 1.0729e-05
0.00280762 1.49615e-05

0.00280762 1.49537e-05
0.00283203 1.06832e-05

0.00283203 1.18176e-05
0.00285645 8.21722e-06

0.00285645 7.4678e-06
0.00288086 1.38893e-05

0.00288086 1.40044e-05
0.00290527 1.3986e-05

0.00290527 1.37033e-05
0.00292969 7.62899e-06

0.00292969 8.4074e-06
0.0029541 1.20284e-05

0.0029541 1.13476e-05
0.00297852 1.43294e-05

0.00297852 1.19255e-05
0.00300293 1.24244e-05

0.00300293 1.24318e-05
0.00302734 1.39315e-05

0.00302734 1.2879e-05
0.00305176 1.3591e-05

0.00305176 1.32149e-05
0.00307617 1.41857e-05

0.00307617 1.34712e-05
0.00310059 1.4446e-05

0.00310059 1.37904e-05
0.003125 1.51026e-05

0.00175781 0.00288072
0.00158223 0.00292969

0.0015625 0.00293584
0.00158456 0.00292969

0.00175781 0.00288129
0.00195312 0.00281807

0.00234375 0.00265961
0.00217331 0.00273438

0.00195312 0.00281842
0.00214844 0.00274477

0.00214844 0.00274488
0.00217239 0.00273438

0.00292969 0.00230981
0.00288284 0.00234375

0.003125 0.00214538
0.00312166 0.00214844

0.00302734 0.00223264
0.00301075 0.00224609

0.00297852 0.00227047
0.00294714 0.00229492

0.00292969 0.00230975
0.00294898 0.00229492

0.00297852 0.00227042
0.00300885 0.00224609

0.00302734 0.00223236
0.00312335 0.00214844

0.00244141 0.00261108
0.00238893 0.00263672

0.00234375 0.00265874
0.00238881 0.00263672

0.00244141 0.0026112
0.00253906 0.00255996

0.00273438 0.00244631
0.00257802 0.00253906

0.00253906 0.00255995
0.0025749 0.00253906

0.00283203 0.00237963
0.0027396 0.00244141

0.00273438 0.00244581
0.00274124 0.00244141

0.00283203 0.00237955
0.0028818 0.00234375

0.003125 1.43364e-05
0.00314941 1.56534e-05

0.00314941 1.51341e-05
0.00317383 1.59153e-05

0.00317383 1.50967e-05
0.00319824 1.62093e-05

0.00319824 1.62711e-05
0.00322266 1.6702e-05

0.00322266 1.58627e-05
0.00324707 1.62042e-05

0.00324707 1.51982e-05
0.00327148 1.83843e-05

0.00327148 1.82796e-05
0.0032959 1.97586e-05

0.0032959 1.85378e-05
0.00332031 1.79966e-05

0.00332031 1.79761e-05
0.00334473 1.89797e-05

0.00334473 1.9066e-05
0.00336914 1.94756e-05

0.00336914 1.26887e-05
0.00339241 2.44141e-05

0.00338974 2.44141e-05
0.00339355 2.59988e-05

0.00339355 2.79785e-05
0.00341721 4.88281e-05

0.00341744 4.88281e-05
0.00341797 4.93356e-05

0.00341797 4.98879e-05
0.00344149 7.32422e-05

0.00344153 7.32422e-05
0.00344238 7.41257e-05

0.00344238 7.42989e-05
0.0034642 9.76563e-05

0.0034647 9.76563e-05
0.0034668 0.000100012

0.0034668 0.000100473
0.00350595 0.000146484

0.00350588 0.000146484
0.00351563 0.00015929

0.00351563 0.00015968
0.00354236 0.000195313

0.0035425 0.000195313
0.00356445 0.000228345

0.00356445 0.000229166
0.00357421 0.000244141

0.00357464 0.000244141
0.00360339 0.000292969

0.00360415 0.000292969
0.00361328 0.000311416

0.00361328 0.000312859
0.00362835 0.000341797

0.00362858 0.000341797
0.00365113 0.000390625

0.00365179 0.000390625
0.00368911 0.000488281

0.0036889 0.000488281
0.00371094 0.000566429

0.00371094 0.000567985
0.003716 0.000585938

0.00371615 0.000585937
0.00373489 0.000683594

0.00373452 0.000683594
0.00374561 0.00078125

0.00374759 0.00078125
0.00374799 0.000976562

0.00374769 0.000976562
0.00371949 0.00117188

0.00371094 0.00120248
0.00366342 0.00136719

0.00366363 0.00136719
0.00357817 0.0015625

0.00371094 0.0011977
0.00371839 0.00117187

0.00332031 0.00194074
0.00331005 0.00195312

0.00351563 0.00167125
0.00346103 0.00175781

0.00341797 0.00181865
0.00339164 0.00185547

0.00332031 0.00194371
0.00339144 0.00185547

0.0034604 0.00175781
0.00342645 0.00180664

0.00341797 0.00181485
0.00342374 0.00180664

0.00331573 0.00195312
0.003127 0.00214844

0.0035761 0.0015625
0.00352223 0.00166016

0.00351563 0.00167084
0.00352209 0.00166016

