9.75917e-05 0
9.76563e-05 1.93679e-07

0.000105907 0
0.00012207 4.68069e-06

0.000132961 0
0.000146484 1.19657e-06

0.000170898 8.20637e-06
0.000165888 2.44141e-05

0.000170898 4.80675e-05
0.000170789 4.88281e-05

0.000195313 6.17995e-06
0.000191456 2.44141e-05

0.000188936 2.44141e-05
0.000183965 4.88281e-05

0.000184452 4.88281e-05
0.000187937 7.32422e-05

0.000187402 7.32422e-05
0.000195313 8.92421e-05

0.000202075 0
0.000196401 2.44141e-05

0.000195313 2.4656e-05
0.00019537 2.44141e-05

0.000195313 8.94344e-05
0.000199465 9.76563e-05

0.000198567 9.76563e-05
0.000219727 0.000119324

0.000219727 0.000118385
0.000226569 0.00012207

0.000226703 0.00012207
0.000244141 0.000131211

0.000244141 0.000130622
0.000268555 0.00013466

0.000268555 0.000134641
0.000292969 0.000131147

0.000341797 9.29914e-05
0.000339439 9.76563e-05

0.000342651 0
0.00034655 2.44141e-05

0.000350388 2.44141e-05
0.000354411 4.88281e-05

0.000354393 4.88281e-05
0.000350901 7.32422e-05

0.000341797 9.25727e-05
0.000351504 7.32422e-05

0.000317383 0.000120074
0.000313439 0.00012207

0.000292969 0.000131645
0.000312058 0.00012207

0.000317383 0.000120551
0.0003403 9.76563e-05

0.000876584 0
0.000878906 6.08848e-06

0.000878906 4.6393e-06
0.00090332 3.38293e-06

0.00090332 4.44413e-06
0.000904908 0

0.00146276 0
0.00146484 5.98033e-06

0.00146484 5.44886e-06
0.00148385 2.44141e-05

0.00148314 2.44141e-05
0.00148926 2.65401e-05

0.00148926 1.71649e-05
0.00151367 1.72403e-05

0.00148926 2.44763e-05
0.00150156 2.44141e-05

0.00151367 1.72219e-05
0.00153809 1.71484e-05

0.00152569 2.44141e-05
0.00153809 2.44771e-05

0.0015625 5.49052e-06
0.0015435 2.44141e-05

0.00153809 2.65379e-05
0.00154421 2.44141e-05

0 0.00312467
0.000390625 0.0031136

0.000390625 0.00311389
0.00078125 0.00308008

0.00078125 0.00308071
0.00117187 0.00302233

0.00117188 0.00302339
0.0015625 0.00293706

0.0015625 6.03042e-06
0.00156461 0

0.0016565 0
0.00166016 8.92198e-06

0.00166016 1.05118e-05
0.00167489 2.44141e-05

0.00167402 2.44141e-05
0.00168457 2.83868e-05

0.00168457 1.88819e-05
0.00170898 1.918e-05

0.00169684 2.44141e-05
0.00170898 2.44828e-05

0.0017334 1.15208e-05
0.00171872 2.44141e-05

0.00170898 2.81983e-05
0.0017195 2.44141e-05

0.0017334 1.29139e-05
0.00173901 0

0.00179056 0
0.00180664 1.90499e-05

0.00180664 3.15346e-06
0.00183105 1.32219e-05

0.00183105 8.74409e-06
0.00185547 1.3024e-05

0.00185547 8.44682e-06
0.00187988 1.26631e-05

0.00187988 1.38476e-05
0.0019043 1.31587e-05

0.0019043 1.37802e-05
0.00192871 6.43296e-06

0.00192871 6.63567e-06
0.00195312 1.17607e-05

0.00195312 1.02346e-05
0.00197754 1.57884e-05

0.00197754 1.54046e-05
0.00200195 1.0281e-05

0.00200195 1.58054e-05
0.00202637 3.45605e-06

0.00202637 3.71252e-06
0.00205078 9.0029e-06

0.00205078 8.47221e-06
0.0020752 1.57684e-05

0.0020752 9.29728e-06
0.00209961 1.15957e-05

0.00209961 1.36314e-05
0.00212402 1.35336e-05

0.00212402 1.31955e-05
0.00214844 7.56917e-06

0.00214844 7.14557e-06
0.00217285 1.3181e-05

0.00217285 1.40666e-05
0.00219727 1.40784e-05

0.00219727 1.32303e-05
0.00222168 7.11195e-06

0.00222168 7.06332e-06
0.00224609 1.36054e-05

0.00224609 1.4306e-05
0.00227051 1.40811e-05

0.00227051 1.40352e-05
0.00229492 6.33312e-06

0.00229492 7.15874e-06
0.00231934 1.195e-05

0.00231934 1.03371e-05
0.00234375 1.55576e-05

0.00234375 1.55705e-05
0.00236816 1.0446e-05

0.00236816 1.25309e-05
0.00239258 6.57462e-06

0.00239258 6.58885e-06
0.00241699 1.26407e-05

0.00241699 1.047e-05
0.00244141 1.55412e-05

0.00244141 1.55312e-05
0.00246582 1.04292e-05

0.00246582 1.24854e-05
0.00249023 6.75674e-06

0.00249023 6.76465e-06
0.00251465 1.26376e-05

0.00251465 1.05378e-05
0.00253906 1.5442e-05

0.00253906 1.54292e-05
0.00256348 1.04867e-05

0.00256348 1.24448e-05
0.00258789 6.9738e-06

0.00258789 6.97381e-06
0.0026123 1.26401e-05

0.0026123 1.06964e-05
0.00263672 1.5268e-05

0.00263672 1.52091e-05
0.00266113 1.04734e-05

0.00266113 1.18331e-05
0.00268555 7.85815e-06

0.00268555 7.0582e-06
0.00270996 1.39529e-05

0.00270996 1.39648e-05
0.00273438 1.41858e-05

0.00273437 1.39302e-05
0.00275879 7.37847e-06

0.00275879 8.17441e-06
0.0027832 1.18542e-05

0.0027832 1.07236e-05
0.00280762 1.49584e-05

0.00280762 1.49454e-05
0.00283203 1.06934e-05

0.00283203 1.18201e-05
0.00285645 8.23019e-06

0.00285645 7.4703e-06
0.00288086 1.38989e-05

0.00288086 1.40292e-05
0.00290527 1.39916e-05

0.00290527 1.38171e-05
0.00292969 7.50152e-06

0.00292969 8.28671e-06
0.0029541 1.19007e-05

0.0029541 1.12538e-05
0.00297852 1.43734e-05

0.00297852 1.18725e-05
0.00300293 1.23912e-05

0.00300293 1.23816e-05
0.00302734 1.39574e-05

0.00302734 1.28226e-05
0.00305176 1.36664e-05

0.00305176 1.32073e-05
0.00307617 1.43631e-05

0.00307617 1.3604e-05
0.00310059 1.46185e-05

0.00310059 1.40513e-05
0.003125 1.50864e-05

0.00175781 0.00288073
0.00158228 0.00292969

0.0015625 0.00293585
0.00158458 0.00292969

0.00175781 0.0028813
0.00195312 0.00281808

0.00234375 0.00265962
0.00217332 0.00273438

0.00195312 0.00281842
0.00214844 0.00274478

0.00214844 0.00274487
0.00217236 0.00273438

0.00292969 0.0023098
0.00288283 0.00234375

0.003125 0.00214533
0.0031216 0.00214844

0.00302734 0.00223267
0.00301079 0.00224609

0.00297852 0.00227046
0.00294712 0.00229492

0.00292969 0.00230975
0.00294897 0.00229492

0.00297852 0.00227038
0.00300881 0.00224609

0.00302734 0.00223235
0.00312334 0.00214844

0.00244141 0.00261108
0.00238895 0.00263672

0.00234375 0.00265874
0.0023888 0.00263672

0.00244141 0.00261121
0.00253906 0.00255996

0.00273438 0.00244631
0.00257803 0.00253906

0.00253906 0.00255993
0.00257486 0.00253906

0.00283203 0.00237962
0.0027396 0.00244141

0.00273438 0.00244579
0.00274121 0.00244141

0.00283203 0.00237955
0.00288179 0.00234375

0.003125 1.44541e-05
0.00314941 1.5413e-05

0.00314941 1.48404e-05
0.00317383 1.58628e-05

0.00317383 1.52931e-05
0.00319824 1.62888e-05

0.00319824 1.57396e-05
0.00322266 1.66804e-05

0.00322266 1.60509e-05
0.00324707 1.71966e-05

0.00324707 1.72399e-05
0.00327148 1.72672e-05

0.00327148 1.64162e-05
0.0032959 1.68818e-05

0.0032959 1.57811e-05
0.00332031 1.95936e-05

0.00332031 1.97813e-05
0.00334473 2.10584e-05

0.00334473 1.96391e-05
0.00336914 1.82897e-05

0.00336914 1.31365e-05
0.00339231 2.44141e-05

0.00339212 2.44141e-05
0.00339355 2.49644e-05

0.00339355 2.66687e-05
0.00341797 4.78916e-05

0.00341789 4.88281e-05
0.00341797 4.89073e-05

0.00341797 4.82455e-05
0.00341856 4.88281e-05

0.00341797 4.90528e-05
0.00344161 7.32422e-05

0.00344174 7.32422e-05
0.00344238 7.39224e-05

0.00344238 7.41222e-05
0.00346407 9.76563e-05

0.00346461 9.76563e-05
0.0034668 0.000100135

0.0034668 0.000100587
0.00350561 0.000146484

0.0035056 0.000146484
0.00351563 0.000159686

0.00351563 0.000160031
0.00354208 0.000195313

0.00354218 0.000195313
0.00356445 0.000228781

0.00356445 0.000229395
0.00357406 0.000244141

0.00357441 0.000244141
0.00360321 0.000292969

0.00360397 0.000292969
0.00361328 0.000311744

0.00361328 0.00031318
0.0036282 0.000341797

0.00362844 0.000341797
0.00365103 0.000390625

0.00365169 0.000390625
0.00368908 0.000488281

0.00368887 0.000488281
0.00371094 0.000566429

0.00371094 0.000568061
0.00371599 0.000585938

0.00371615 0.000585937
0.00373492 0.000683594

0.00373455 0.000683594
0.00374565 0.00078125

0.00374763 0.00078125
0.00374804 0.000976562

0.00374774 0.000976562
0.00371953 0.00117188

0.00371094 0.00120262
0.00366345 0.00136719

0.00366365 0.00136719
0.00357818 0.0015625

0.00371094 0.00119762
0.00371837 0.00117187

0.00332031 0.00194063
0.00330996 0.00195312

0.00351563 0.00167126
0.00346103 0.00175781

0.00341797 0.00181868
0.00339167 0.00185547

0.00332031 0.00194372
0.00339145 0.00185547

0.0034604 0.00175781
0.00342645 0.00180664

0.00341797 0.00181467
0.00342361 0.00180664

0.00331572 0.00195312
0.00312699 0.00214844

0.00357611 0.0015625
0.00352223 0.00166016

0.00351563 0.00167082
0.00352208 0.00166016

