0 7.4741e-05
0.000244141 7.04377e-05

0.000244141 7.42701e-05
0.000488281 6.75165e-05

0.000488281 7.07156e-05
0.000610352 7.07269e-05

0.000610352 6.92506e-05
0.000732422 6.91765e-05

0.000732422 7.07403e-05
0.000854492 7.05889e-05

0.000854492 6.93512e-05
0.000976562 6.88446e-05

0 0.00107757
0.000244141 0.00108135

0.000244141 0.00108068
0.000488281 0.00109335

0.000488281 0.00109291
0.000732422 0.00111668

0.000732422 0.00111743
0.000854492 0.0011338

0.000854492 0.00113381
0.000976562 0.00115316

0.000976562 7.03618e-05
0.00109863 7.01951e-05

0.00109863 6.91533e-05
0.0012207 6.87889e-05

0.0012207 7.32219e-05
0.00134277 6.67814e-05

0.00134277 6.62175e-05
0.00146484 6.21173e-05

0.00146484 7.17866e-05
0.00158691 6.22743e-05

0.00158691 0.000121184
0.0017028 0

0.00170898 4.21085e-05
0.00172431 0

0.000976562 0.00115317
0.00109863 0.00117549

0.00109863 0.00117547
0.0012207 0.00120081

0.0012207 0.00120078
0.00130628 0.0012207

0.00130583 0.0012207
0.00134277 0.00122931

0.00134277 0.00122937
0.00146484 0.0012606

0.00146484 0.00126072
0.00158691 0.00129425

0.00158691 0.00129433
0.00170898 0.00132976

0.00170898 0.00132962
0.00175255 0.00134277

0.0017511 0.00134277
0.00183105 0.00136692

0.00183105 0.00136691
0.00195312 0.00140464

0.00201595 0
0.0020752 0.000102145

0.0020752 9.357e-05
0.00219727 4.04049e-05

0.00219727 3.26192e-05
0.00220863 0

0.00195312 0.0014048
0.0020752 0.00144276

0.0020752 0.0014427
0.00214702 0.00146484

0.00214564 0.00146484
0.00219727 0.00148076

0.00219727 0.0014806
0.00231934 0.00151753

0.00231934 0.0015177
0.00244141 0.00155339

0.00244141 0.00155338
0.00256146 0.00158691

0.00256062 0.00158691
0.00256348 0.00158771

0.00256348 0.00158612
0.00256648 0.00158691

0.00256348 0.00158772
0.00268555 0.00161979

0.00268555 0.00161973
0.00280762 0.00164941

0.00280762 0.00164953
0.00292969 0.0016767

0.00292969 0.00167668
0.00305176 0.00170113

0.00305176 0.00170056
0.00309951 0.00170898

0.00309346 0.00170898
0.00317383 0.00172316

0.00317383 0.0017227
0.0032959 0.00174123

0.0032959 0.00174129
0.00341797 0.00175684

0.00341797 0.00175685
0.00354004 0.00176927

0.00354004 0.00176928
0.00366211 0.00177852

0.00366211 0.00177853
0.00378418 0.00178456

0.00378418 0.00178457
0.00390625 0.00178739

0.00390625 0.0017874
0.00402832 0.00178701

0.00402832 0.00178701
0.00415039 0.00178339

0.00415039 0.0017834
0.00427246 0.00177653

0.00427246 0.00177655
0.00439453 0.0017664

0.00439453 0.00176641
0.0045166 0.00175292

0.0045166 0.00175292
0.00463867 0.00173607

0.00488281 0.0016934
0.00479563 0.00170898

0.00463867 0.00173599
0.00476074 0.00171594

0.00476074 0.00171569
0.0047958 0.00170898

0.00549674 0
0.00558734 0.00012207

0.00560141 0.00012207
0.00561523 0.000129754

0.00561523 0.000119249
0.00562153 0.00012207

0.00562172 0.00012207
0.0057373 0.000150732

0.0057373 0.000136103
0.00585938 0.000132244

0.00488281 0.00169276
0.00500488 0.00166572

0.00500488 0.00166569
0.00512695 0.00163493

0.00512695 0.00163602
0.00537109 0.00156283

0.00585938 0.00137017
0.00563896 0.00146484

0.00537109 0.00156266
0.00561523 0.00147414

0.00561523 0.0014724
0.00563282 0.00146484

0.00598145 0.00011724
0.00597147 0.00012207

0.00585938 0.000141788
0.00593336 0.00012207

0.00609657 0
0.00600423 0.00012207

0.00598145 0.000126559
0.00599002 0.00012207

0.0065918 0.000923174
0.00652126 0.000976562

0.00683594 0.000701764
0.00680378 0.000732422

0.0065918 0.000918983
0.0068002 0.000732422

0.00598145 0.00131049
0.00591495 0.00134277

0.00585938 0.00136833
0.00591201 0.00134277

0.00598145 0.0013101
0.00610352 0.00124558

0.00634766 0.0011001
0.00615001 0.0012207

0.00610352 0.00124447
0.00614481 0.0012207

0.00634766 0.00109798
0.00646973 0.00101243

0.00646973 0.00100706
0.00651071 0.000976562

0.00708008 0.000436209
0.00703846 0.000488281

0.00732422 0.000106816
0.00731899 0.00012207

0.00730238 0.00012207
0.00721726 0.000244141

0.00720215 0.000265908
0.00712818 0.000366211

0.00708008 0.000417816
0.00712065 0.000366211

0.00720215 0.000264952
0.00721732 0.000244141

0.00695801 0.000576088
0.00692622 0.000610352

0.00683594 0.000697034
0.00692039 0.000610352

0.00695801 0.000568493
0.00702827 0.000488281

0.00732422 0.000117711
0.00736447 0

