0.000106441 0
0.00012207 4.77692e-06

0.00012718 0
0.000146484 8.77452e-07

0.000170898 8.96441e-06
0.000165885 2.44141e-05

0.000170898 4.81494e-05
0.000170797 4.88281e-05

0.000195313 6.16306e-06
0.000191473 2.44141e-05

0.000188897 2.44141e-05
0.00018393 4.88281e-05

0.000184415 4.88281e-05
0.000187901 7.32422e-05

0.000187365 7.32422e-05
0.000195313 8.93101e-05

0.00020193 0
0.000196298 2.44141e-05

0.000195313 2.46337e-05
0.000195364 2.44141e-05

0.000195313 8.95075e-05
0.000199428 9.76563e-05

0.000198531 9.76563e-05
0.000219727 0.00011935

0.000219727 0.000118413
0.000226528 0.00012207

0.000226666 0.00012207
0.000244141 0.000131222

0.000244141 0.000130633
0.000268555 0.000134659

0.000268555 0.000134641
0.000292969 0.000131136

0.000341797 9.2918e-05
0.000339402 9.76563e-05

0.000342613 0
0.000346512 2.44141e-05

0.00035035 2.44141e-05
0.000354374 4.88281e-05

0.000354356 4.88281e-05
0.000350864 7.32422e-05

0.000341797 9.25008e-05
0.000351465 7.32422e-05

0.000317383 0.000120043
0.000313384 0.00012207

0.000292969 0.000131634
0.000312015 0.00012207

0.000317383 0.000120524
0.000340261 9.76563e-05

0.000876593 0
0.000878906 6.06941e-06

0.000878906 4.62285e-06
0.00090332 3.39996e-06

0.00090332 4.46966e-06
0.000904919 0

0.00146276 0
0.00146484 5.98e-06

0.00146484 5.31484e-06
0.00148388 2.44141e-05

0.00148335 2.44141e-05
0.00148926 2.64771e-05

0.00148926 1.7174e-05
0.00151367 1.74298e-05

0.00148926 2.44561e-05
0.00150883 2.44141e-05

0.00151367 1.74137e-05
0.00153809 1.71592e-05

0.00151861 2.44141e-05
0.00153809 2.44566e-05

0.0015625 5.34979e-06
0.00154347 2.44141e-05

0.00153809 2.64789e-05
0.001544 2.44141e-05

0 0.00312469
0.000390625 0.00311362

0.000390625 0.00311391
0.00078125 0.0030801

0.00078125 0.00308073
0.00117187 0.00302235

0.00117188 0.00302341
0.0015625 0.00293708

0.0015625 6.01114e-06
0.00156459 0

0.0016565 0
0.00166016 8.91026e-06

0.00166016 1.05134e-05
0.00167489 2.44141e-05

0.00167401 2.44141e-05
0.00168457 2.83915e-05

0.00168457 1.88871e-05
0.00170898 1.91834e-05

0.00169684 2.44141e-05
0.00170898 2.44821e-05

0.0017334 1.15237e-05
0.00171872 2.44141e-05

0.00170898 2.81968e-05
0.0017195 2.44141e-05

0.0017334 1.29195e-05
0.00173901 0

0.00179055 0
0.00180664 1.908e-05

0.00180664 3.20197e-06
0.00183105 1.32385e-05

0.00183105 8.77649e-06
0.00185547 1.30101e-05

0.00185547 8.46984e-06
0.00187988 1.26609e-05

0.00187988 1.38375e-05
0.0019043 1.31589e-05

0.0019043 1.37736e-05
0.00192871 6.4735e-06

0.00192871 6.67613e-06
0.00195312 1.17562e-05

0.00195312 1.02422e-05
0.00197754 1.57705e-05

0.00197754 1.53931e-05
0.00200195 1.02965e-05

0.00200195 1.57827e-05
0.00202637 3.50269e-06

0.00202637 3.75313e-06
0.00205078 9.02068e-06

0.00205078 8.52008e-06
0.0020752 1.5734e-05

0.0020752 9.28995e-06
0.00209961 1.15748e-05

0.00209961 1.35999e-05
0.00212402 1.35598e-05

0.00212402 1.32065e-05
0.00214844 7.6057e-06

0.00214844 7.18253e-06
0.00217285 1.31616e-05

0.00217285 1.40608e-05
0.00219727 1.40683e-05

0.00219727 1.32279e-05
0.00222168 7.12613e-06

0.00222168 7.07196e-06
0.00224609 1.36001e-05

0.00224609 1.43009e-05
0.00227051 1.40822e-05

0.00227051 1.40337e-05
0.00229492 6.34615e-06

0.00229492 7.17038e-06
0.00231934 1.19486e-05

0.00231934 1.03413e-05
0.00234375 1.55521e-05

0.00234375 1.55653e-05
0.00236816 1.04491e-05

0.00236816 1.25287e-05
0.00239258 6.5863e-06

0.00239258 6.60043e-06
0.00241699 1.26405e-05

0.00241699 1.04745e-05
0.00244141 1.55353e-05

0.00244141 1.55251e-05
0.00246582 1.04332e-05

0.00246582 1.24862e-05
0.00249023 6.76738e-06

0.00249023 6.77467e-06
0.00251465 1.26346e-05

0.00251465 1.05396e-05
0.00253906 1.54387e-05

0.00253906 1.54266e-05
0.00256348 1.04897e-05

0.00256348 1.24453e-05
0.00258789 6.9788e-06

0.00258789 6.97866e-06
0.0026123 1.26397e-05

0.0026123 1.07001e-05
0.00263672 1.52649e-05

0.00263672 1.52105e-05
0.00266113 1.04674e-05

0.00266113 1.17618e-05
0.00268555 7.92121e-06

0.00268555 7.13793e-06
0.00270996 1.40198e-05

0.00270996 1.408e-05
0.00273438 1.40739e-05

0.00273437 1.38626e-05
0.00275879 7.28699e-06

0.00275879 8.10599e-06
0.0027832 1.19244e-05

0.0027832 1.07213e-05
0.00280762 1.49582e-05

0.00280762 1.49533e-05
0.00283203 1.06902e-05

0.00283203 1.18264e-05
0.00285645 8.20717e-06

0.00285645 7.45099e-06
0.00288086 1.38909e-05

0.00288086 1.40068e-05
0.00290527 1.40042e-05

0.00290527 1.37519e-05
0.00292969 7.58662e-06

0.00292969 8.39249e-06
0.0029541 1.19555e-05

0.0029541 1.13447e-05
0.00297852 1.4257e-05

0.00297852 1.18658e-05
0.00300293 1.22877e-05

0.00300293 1.22616e-05
0.00302734 1.39166e-05

0.00302734 1.2723e-05
0.00305176 1.37577e-05

0.00305176 1.32121e-05
0.00307617 1.44751e-05

0.00307617 1.36572e-05
0.00310059 1.47245e-05

0.00310059 1.41411e-05
0.003125 1.52043e-05

0.00175781 0.00288074
0.00158234 0.00292969

0.0015625 0.00293586
0.00158463 0.00292969

0.00175781 0.00288131
0.00195312 0.0028181

0.00234375 0.00265963
0.00217337 0.00273438

0.00195312 0.00281844
0.00214844 0.0027448

0.00214844 0.00274487
0.00217237 0.00273438

0.00292969 0.00230982
0.00288286 0.00234375

0.003125 0.00214531
0.00312158 0.00214844

0.00302734 0.00223272
0.00301085 0.00224609

0.00297852 0.00227047
0.00294714 0.00229492

0.00292969 0.00230977
0.00294899 0.00229492

0.00297852 0.00227038
0.00300881 0.00224609

0.00302734 0.00223236
0.00312337 0.00214844

0.00244141 0.0026111
0.00238899 0.00263672

0.00234375 0.00265875
0.00238883 0.00263672

0.00244141 0.00261122
0.00253906 0.00255998

0.00273438 0.00244633
0.00257806 0.00253906

0.00253906 0.00255993
0.00257486 0.00253906

0.00283203 0.00237964
0.00273963 0.00244141

0.00273438 0.0024458
0.00274122 0.00244141

0.00283203 0.00237956
0.0028818 0.00234375

0.003125 1.46439e-05
0.00314941 1.54384e-05

0.00314941 1.49842e-05
0.00317383 1.56646e-05

0.00317383 1.51942e-05
0.00319824 1.60268e-05

0.00319824 1.558e-05
0.00322266 1.64916e-05

0.00322266 1.58307e-05
0.00324707 1.69858e-05

0.00324707 1.64469e-05
0.00327148 1.77043e-05

0.00327148 1.7035e-05
0.0032959 1.8121e-05

0.0032959 1.76386e-05
0.00332031 1.85989e-05

0.00332031 1.79281e-05
0.00334473 1.91248e-05

0.00334473 1.92325e-05
0.00336914 1.93983e-05

0.00336914 1.27551e-05
0.00339317 2.44141e-05

0.00339152 2.44141e-05
0.00339355 2.52177e-05

0.00339355 2.71868e-05
0.00341797 4.86224e-05

0.00341777 4.88281e-05
0.00341797 4.90181e-05

0.00341797 4.93031e-05
0.00344176 7.32422e-05

0.00344179 7.32422e-05
0.00344238 7.38641e-05

0.00344238 7.40062e-05
0.00346431 9.76563e-05

0.00346486 9.76563e-05
0.0034668 9.98316e-05

0.0034668 0.000100343
0.00350588 0.000146484

0.00350586 0.000146484
0.00351563 0.000159351

0.00351563 0.000159539
0.00354211 0.000195313

0.00354239 0.000195313
0.00356445 0.00022854

0.00356445 0.000229289
0.00357412 0.000244141

0.00357453 0.000244141
0.00360327 0.000292969

0.00360401 0.000292969
0.00361328 0.000311701

0.00361328 0.000313107
0.00362821 0.000341797

0.00362844 0.000341797
0.00365099 0.000390625

0.00365165 0.000390625
0.00368898 0.000488281

0.00368878 0.000488281
0.00371094 0.000566823

0.00371094 0.000568434
0.00371588 0.000585938

0.00371604 0.000585937
0.0037348 0.000683594

0.00373443 0.000683594
0.00374554 0.00078125

0.00374752 0.00078125
0.00374795 0.000976562

0.00374765 0.000976562
0.00371947 0.00117188

0.00371094 0.00120247
0.00366343 0.00136719

0.00366362 0.00136719
0.00357817 0.0015625

0.00371094 0.0011973
0.00371827 0.00117187

0.00332031 0.00194055
0.0033099 0.00195312

0.00351563 0.00167126
0.00346104 0.00175781

0.00341797 0.00181872
0.0033917 0.00185547

0.00332031 0.00194375
0.00339146 0.00185547

0.0034604 0.00175781
0.00342645 0.00180664

0.00341797 0.00181454
0.00342352 0.00180664

0.00331574 0.00195312
0.00312702 0.00214844

0.0035761 0.0015625
0.00352223 0.00166016

0.00351563 0.0016708
0.00352207 0.00166016

