0.000106639 0
0.00012207 4.81405e-06

0.000122145 0
0.000146484 7.08441e-07

0.000170898 9.24078e-06
0.000165886 2.44141e-05

0.000170898 4.81823e-05
0.0001708 4.88281e-05

0.000195313 6.1628e-06
0.00019148 2.44141e-05

0.000188883 2.44141e-05
0.000183917 4.88281e-05

0.000184402 4.88281e-05
0.000187888 7.32422e-05

0.000187352 7.32422e-05
0.000195313 8.93342e-05

0.000201877 0
0.000196259 2.44141e-05

0.000195313 2.46159e-05
0.00019536 2.44141e-05

0.000195313 8.95343e-05
0.000199415 9.76563e-05

0.000198518 9.76563e-05
0.000219727 0.000119359

0.000219727 0.000118422
0.000226514 0.00012207

0.000226654 0.00012207
0.000244141 0.000131225

0.000244141 0.000130636
0.000268555 0.000134658

0.000268555 0.00013464
0.000292969 0.000131129

0.000341797 9.28863e-05
0.000339386 9.76563e-05

0.000342599 0
0.000346498 2.44141e-05

0.000350336 2.44141e-05
0.000354359 4.88281e-05

0.000354341 4.88281e-05
0.000350849 7.32422e-05

0.000341797 9.24697e-05
0.000351449 7.32422e-05

0.000317383 0.00012003
0.00031336 0.00012207

0.000292969 0.000131627
0.000311993 0.00012207

0.000317383 0.000120511
0.000340244 9.76563e-05

0.000876548 0
0.000878906 6.16081e-06

0.000878906 4.69911e-06
0.00090332 3.31962e-06

0.00090332 4.35379e-06
0.000904872 0

0.00146277 0
0.00146484 5.97271e-06

0.00146484 5.29804e-06
0.00148388 2.44141e-05

0.00148335 2.44141e-05
0.00148926 2.64778e-05

0.00148926 1.71735e-05
0.00151367 1.74321e-05

0.00148926 2.44558e-05
0.00150899 2.44141e-05

0.00151367 1.74047e-05
0.00153809 1.71543e-05

0.0015188 2.44141e-05
0.00153809 2.44571e-05

0.0015625 5.3613e-06
0.00154348 2.44141e-05

0.00153809 2.64764e-05
0.001544 2.44141e-05

0 0.0031247
0.000390625 0.00311363

0.000390625 0.00311392
0.00078125 0.00308011

0.00078125 0.00308074
0.00117187 0.00302236

0.00117188 0.00302342
0.0015625 0.00293709

0.0015625 6.01735e-06
0.00156459 0

0.0016565 0
0.00166016 8.91972e-06

0.00166016 1.05216e-05
0.00167488 2.44141e-05

0.00167401 2.44141e-05
0.00168457 2.83897e-05

0.00168457 1.8885e-05
0.00170898 1.9184e-05

0.00169685 2.44141e-05
0.00170898 2.44825e-05

0.0017334 1.15358e-05
0.00171874 2.44141e-05

0.00170898 2.81933e-05
0.00171949 2.44141e-05

0.0017334 1.29063e-05
0.00173901 0

0.00179054 0
0.00180664 1.90919e-05

0.00180664 3.22371e-06
0.00183105 1.32356e-05

0.00183105 8.78449e-06
0.00185547 1.30049e-05

0.00185547 8.47547e-06
0.00187988 1.26615e-05

0.00187988 1.38335e-05
0.0019043 1.31601e-05

0.0019043 1.3771e-05
0.00192871 6.48905e-06

0.00192871 6.69244e-06
0.00195312 1.17547e-05

0.00195312 1.02446e-05
0.00197754 1.57633e-05

0.00197754 1.53902e-05
0.00200195 1.03021e-05

0.00200195 1.57708e-05
0.00202637 3.52044e-06

0.00202637 3.76767e-06
0.00205078 9.0331e-06

0.00205078 8.55058e-06
0.0020752 1.57123e-05

0.0020752 9.27964e-06
0.00209961 1.1555e-05

0.00209961 1.35806e-05
0.00212402 1.35741e-05

0.00212402 1.31382e-05
0.00214844 7.68799e-06

0.00214844 7.27385e-06
0.00217285 1.32347e-05

0.00217285 1.41842e-05
0.00219727 1.39661e-05

0.00219727 1.32588e-05
0.00222168 6.96091e-06

0.00222168 6.90218e-06
0.00224609 1.35884e-05

0.00224609 1.41733e-05
0.00227051 1.42258e-05

0.00227051 1.41204e-05
0.00229492 6.4403e-06

0.00229492 7.25178e-06
0.00231934 1.18541e-05

0.00231934 1.03287e-05
0.00234375 1.55513e-05

0.00234375 1.55616e-05
0.00236816 1.04524e-05

0.00236816 1.25264e-05
0.00239258 6.5857e-06

0.00239258 6.59954e-06
0.00241699 1.26433e-05

0.00241699 1.04751e-05
0.00244141 1.55363e-05

0.00244141 1.5526e-05
0.00246582 1.04355e-05

0.00246582 1.24885e-05
0.00249023 6.76793e-06

0.00249023 6.77613e-06
0.00251465 1.26337e-05

0.00251465 1.05393e-05
0.00253906 1.54394e-05

0.00253906 1.54273e-05
0.00256348 1.04912e-05

0.00256348 1.24465e-05
0.00258789 6.97874e-06

0.00258789 6.97835e-06
0.0026123 1.26404e-05

0.0026123 1.06996e-05
0.00263672 1.5268e-05

0.00263672 1.52134e-05
0.00266113 1.04704e-05

0.00266113 1.17651e-05
0.00268555 7.91976e-06

0.00268555 7.13869e-06
0.00270996 1.40189e-05

0.00270996 1.40796e-05
0.00273438 1.40741e-05

0.00273437 1.38626e-05
0.00275879 7.28748e-06

0.00275879 8.1056e-06
0.0027832 1.19251e-05

0.0027832 1.0723e-05
0.00280762 1.49584e-05

0.00280762 1.49484e-05
0.00283203 1.06936e-05

0.00283203 1.18876e-05
0.00285645 8.15821e-06

0.00285645 7.37447e-06
0.00288086 1.38402e-05

0.00288086 1.39483e-05
0.00290527 1.40878e-05

0.00290527 1.38749e-05
0.00292969 7.52772e-06

0.00292969 8.26362e-06
0.0029541 1.18872e-05

0.0029541 1.12934e-05
0.00297852 1.44348e-05

0.00297852 1.18991e-05
0.00300293 1.23635e-05

0.00300293 1.23512e-05
0.00302734 1.40149e-05

0.00302734 1.28125e-05
0.00305176 1.38037e-05

0.00305176 1.33158e-05
0.00307617 1.45041e-05

0.00307617 1.37877e-05
0.00310059 1.4624e-05

0.00310059 1.41848e-05
0.003125 1.49339e-05

0.00175781 0.00288075
0.00158238 0.00292969

0.0015625 0.00293587
0.00158466 0.00292969

0.00175781 0.00288132
0.00195312 0.00281811

0.00234375 0.00265965
0.00217339 0.00273438

0.00195312 0.00281845
0.00214844 0.00274481

0.00214844 0.00274488
0.00217238 0.00273438

0.00292969 0.00230984
0.00288288 0.00234375

0.003125 0.00214531
0.00312157 0.00214844

0.00302734 0.00223275
0.00301088 0.00224609

0.00297852 0.00227048
0.00294715 0.00229492

0.00292969 0.00230979
0.002949 0.00229492

0.00297852 0.00227039
0.00300881 0.00224609

0.00302734 0.00223237
0.00312337 0.00214844

0.00244141 0.00261112
0.00238902 0.00263672

0.00234375 0.00265876
0.00238885 0.00263672

0.00244141 0.00261124
0.00253906 0.00255999

0.00273438 0.00244635
0.00257808 0.00253906

0.00253906 0.00255993
0.00257487 0.00253906

0.00283203 0.00237965
0.00273965 0.00244141

0.00273438 0.0024458
0.00274123 0.00244141

0.00283203 0.00237957
0.00288182 0.00234375

0.003125 1.44407e-05
0.00314941 1.51601e-05

0.00314941 1.46508e-05
0.00317383 1.5633e-05

0.00317383 1.50583e-05
0.00319824 1.61704e-05

0.00319824 1.56138e-05
0.00322266 1.65666e-05

0.00322266 1.58475e-05
0.00324707 1.70528e-05

0.00324707 1.65757e-05
0.00327148 1.77824e-05

0.00327148 1.6674e-05
0.0032959 1.84797e-05

0.0032959 1.87131e-05
0.00332031 1.91591e-05

0.00332031 1.76303e-05
0.00334473 1.84155e-05

0.00334473 1.9297e-05
0.00336914 2.01456e-05

0.00336914 1.29968e-05
0.003393 2.44141e-05

0.00339054 2.44141e-05
0.00339355 2.56185e-05

0.00339355 2.42945e-05
0.00339367 2.44141e-05

0.00339355 2.75785e-05
0.00341754 4.88281e-05

0.00341722 4.88281e-05
0.00341797 4.95551e-05

0.00341797 4.98865e-05
0.00344111 7.32422e-05

0.00344122 7.32422e-05
0.00344238 7.44557e-05

0.00344238 7.46996e-05
0.00346371 9.76563e-05

0.00346427 9.76563e-05
0.0034668 0.0001005

0.0034668 0.000101264
0.00348499 0.00012207

0.0034848 0.00012207
0.00349121 0.000129753

0.00349121 0.00012942
0.00350523 0.000146484

0.00350552 0.000146484
0.00351563 0.000159739

0.00351563 0.000160183
0.00354205 0.000195313

0.00354221 0.000195313
0.00356445 0.000228685

0.00356445 0.000229554
0.00357397 0.000244141

0.00357444 0.000244141
0.00360326 0.000292969

0.00360402 0.000292969
0.00361328 0.000311631

0.00361328 0.00031307
0.00362827 0.000341797

0.0036285 0.000341797
0.00365109 0.000390625

0.00365175 0.000390625
0.00368913 0.000488281

0.00368892 0.000488281
0.00371094 0.000566289

0.00371094 0.000567878
0.00371603 0.000585938

0.00371619 0.000585937
0.00373494 0.000683594

0.00373457 0.000683594
0.00374565 0.00078125

0.00374763 0.00078125
0.00374802 0.000976562

0.00374771 0.000976562
0.0037195 0.00117188

0.00371094 0.00120255
0.00366343 0.00136719

0.00366362 0.00136719
0.00357816 0.0015625

0.00371094 0.00119731
0.00371828 0.00117187

0.00332031 0.00194053
0.00330988 0.00195312

0.00351563 0.00167125
0.00346103 0.00175781

0.00341797 0.00181873
0.0033917 0.00185547

0.00332031 0.00194375
0.00339147 0.00185547

0.0034604 0.00175781
0.00342645 0.00180664

0.00341797 0.00181449
0.00342348 0.00180664

0.00331574 0.00195312
0.00312702 0.00214844

0.0035761 0.0015625
0.00352222 0.00166016

0.00351563 0.00167079
0.00352206 0.00166016

