0.000114866 0
0.00012207 6.59414e-06

0.00012207 6.99773e-07
0.000146484 1.00887e-06

0.000170898 1.37938e-05
0.000166425 2.44141e-05

0.000170898 4.52644e-05
0.000170275 4.88281e-05

0.000195313 4.86156e-06
0.000191408 2.44141e-05

0.000188851 2.44141e-05
0.000183911 4.88281e-05

0.000170798 4.88281e-05
0.000170898 4.93028e-05

0.000184342 4.88281e-05
0.000187831 7.32422e-05

0.000187286 7.32422e-05
0.000195313 8.94613e-05

0.000201142 0
0.000195863 2.44141e-05

0.000195313 2.48543e-05
0.00019541 2.44141e-05

0.000195313 8.96244e-05
0.00019937 9.76563e-05

0.000198454 9.76563e-05
0.000219727 0.000119408

0.000219727 0.000118448
0.000226479 0.00012207

0.000226578 0.00012207
0.000244141 0.000131252

0.000244141 0.000130656
0.000268555 0.000134661

0.000268555 0.000134644
0.000292969 0.000131117

0.000341797 9.27842e-05
0.000339335 9.76563e-05

0.000342546 0
0.000346446 2.44141e-05

0.000350283 2.44141e-05
0.000354307 4.88281e-05

0.000354289 4.88281e-05
0.000350798 7.32422e-05

0.000341797 9.23724e-05
0.000351396 7.32422e-05

0.000317383 0.000119988
0.000313285 0.00012207

0.000292969 0.000131615
0.00031194 0.00012207

0.000317383 0.000120476
0.000340191 9.76563e-05

0.000876567 0
0.000878906 6.12221e-06

0.000878906 4.67043e-06
0.00090332 3.35149e-06

0.00090332 4.39312e-06
0.000904888 0

0.00146254 0
0.00146484 6.55973e-06

0.00146484 5.40677e-06
0.00148389 2.44141e-05

0.00148402 2.44141e-05
0.00148926 2.62427e-05

0.00148926 1.73099e-05
0.00151367 1.74195e-05

0.00148926 2.44289e-05
0.00149387 2.44141e-05

0.00151367 1.73265e-05
0.00153809 1.70074e-05

0.00151367 2.44315e-05
0.00151808 2.44141e-05

0.0015625 5.56426e-06
0.00154333 2.44141e-05

0.00153809 2.60533e-05
0.00154285 2.44141e-05

0 0.00312474
0.000390625 0.00311367

0.000390625 0.00311396
0.00078125 0.00308015

0.00078125 0.00308078
0.00117187 0.0030224

0.00117188 0.00302346
0.0015625 0.00293713

0.0015625 7.17842e-06
0.00156503 0

0.0016565 0
0.00166016 8.93109e-06

0.00166016 1.04856e-05
0.00167492 2.44141e-05

0.00167403 2.44141e-05
0.00168457 2.83771e-05

0.00168457 1.88607e-05
0.00170898 1.91646e-05

0.00169685 2.44141e-05
0.00170898 2.44849e-05

0.0017334 1.14976e-05
0.0017187 2.44141e-05

0.00170898 2.8201e-05
0.00171952 2.44141e-05

0.0017334 1.29051e-05
0.001739 0

0.00179055 0
0.00180664 1.91355e-05

0.00180664 3.28995e-06
0.00183105 1.32742e-05

0.00183105 8.83951e-06
0.00185547 1.29841e-05

0.00185547 8.51371e-06
0.00187988 1.26556e-05

0.00187988 1.38173e-05
0.0019043 1.31603e-05

0.0019043 1.37663e-05
0.00192871 6.54689e-06

0.00192871 6.74972e-06
0.00195312 1.17416e-05

0.00195312 1.02516e-05
0.00197754 1.57379e-05

0.00197754 1.53738e-05
0.00200195 1.03209e-05

0.00200195 1.57324e-05
0.00202637 3.58615e-06

0.00202637 3.82382e-06
0.00205078 9.06487e-06

0.00205078 8.60762e-06
0.0020752 1.56755e-05

0.0020752 9.28202e-06
0.00209961 1.15471e-05

0.00209961 1.3562e-05
0.00212402 1.36005e-05

0.00212402 1.32244e-05
0.00214844 7.65532e-06

0.00214844 7.22397e-06
0.00217285 1.31488e-05

0.00217285 1.40634e-05
0.00219727 1.4078e-05

0.00219727 1.33135e-05
0.00222168 7.07867e-06

0.00222168 7.01017e-06
0.00224609 1.35165e-05

0.00224609 1.41734e-05
0.00227051 1.41974e-05

0.00227051 1.40942e-05
0.00229492 6.46458e-06

0.00229492 7.27164e-06
0.00231934 1.18669e-05

0.00231934 1.03417e-05
0.00234375 1.55318e-05

0.00234375 1.55423e-05
0.00236816 1.04621e-05

0.00236816 1.25263e-05
0.00239258 6.61733e-06

0.00239258 6.62966e-06
0.00241699 1.26338e-05

0.00241699 1.04809e-05
0.00244141 1.5522e-05

0.00244141 1.5512e-05
0.00246582 1.04433e-05

0.00246582 1.24851e-05
0.00249023 6.79186e-06

0.00249023 6.79916e-06
0.00251465 1.26314e-05

0.00251465 1.05481e-05
0.00253906 1.54266e-05

0.00253906 1.54135e-05
0.00256348 1.04974e-05

0.00256348 1.24368e-05
0.00258789 7.0108e-06

0.00258789 7.01181e-06
0.0026123 1.26421e-05

0.0026123 1.07177e-05
0.00263672 1.5242e-05

0.00263672 1.51842e-05
0.00266113 1.0476e-05

0.00266113 1.17593e-05
0.00268555 7.96484e-06

0.00268555 7.18229e-06
0.00270996 1.4007e-05

0.00270996 1.40725e-05
0.00273438 1.40599e-05

0.00273437 1.38415e-05
0.00275879 7.33089e-06

0.00275879 8.14839e-06
0.0027832 1.1934e-05

0.0027832 1.07538e-05
0.00280762 1.49156e-05

0.00280762 1.49031e-05
0.00283203 1.0692e-05

0.00283203 1.177e-05
0.00285645 8.32499e-06

0.00285645 7.53777e-06
0.00288086 1.39523e-05

0.00288086 1.41502e-05
0.00290527 1.3928e-05

0.00290527 1.40308e-05
0.00292969 7.15945e-06

0.00292969 7.96261e-06
0.0029541 1.1664e-05

0.0029541 1.1048e-05
0.00297852 1.44874e-05

0.00297852 1.17138e-05
0.00300293 1.23635e-05

0.00300293 1.22942e-05
0.00302734 1.41292e-05

0.00302734 1.28443e-05
0.00305176 1.38285e-05

0.00305176 1.33159e-05
0.00307617 1.45541e-05

0.00307617 1.374e-05
0.00310059 1.48087e-05

0.00310059 1.42253e-05
0.003125 1.53155e-05

0.00175781 0.0028808
0.00158253 0.00292969

0.0015625 0.0029359
0.00158478 0.00292969

0.00175781 0.00288136
0.00195312 0.00281815

0.00234375 0.00265968
0.00217349 0.00273438

0.00195312 0.00281849
0.00214844 0.00274485

0.00214844 0.00274489
0.00217242 0.00273438

0.00292969 0.00230987
0.00288292 0.00234375

0.003125 0.00214529
0.00312155 0.00214844

0.00302734 0.00223283
0.00301099 0.00224609

0.00297852 0.0022705
0.00294718 0.00229492

0.00292969 0.00230982
0.00294904 0.00229492

0.00297852 0.00227038
0.0030088 0.00224609

0.00302734 0.0022324
0.00312341 0.00214844

0.00244141 0.00261115
0.0023891 0.00263672

0.00234375 0.00265879
0.0023889 0.00263672

0.00244141 0.00261127
0.00253906 0.00256002

0.00273438 0.00244638
0.00257814 0.00253906

0.00253906 0.00255994
0.00257488 0.00253906

0.00283203 0.00237968
0.00273969 0.00244141

0.00273438 0.00244581
0.00274124 0.00244141

0.00283203 0.00237959
0.00288184 0.00234375

0.003125 1.47156e-05
0.00314941 1.55885e-05

0.00314941 1.51015e-05
0.00317383 1.5883e-05

0.00317383 1.54215e-05
0.00319824 1.62047e-05

0.00319824 1.58291e-05
0.00322266 1.65088e-05

0.00322266 1.58846e-05
0.00324707 1.69399e-05

0.00324707 1.6629e-05
0.00327148 1.7614e-05

0.00327148 1.66384e-05
0.0032959 1.80146e-05

0.0032959 1.80038e-05
0.00332031 1.8878e-05

0.00332031 1.76723e-05
0.00334473 1.8709e-05

0.00334473 1.92037e-05
0.00336914 1.97514e-05

0.00336914 1.26913e-05
0.00339299 2.44141e-05

0.00339013 2.44141e-05
0.00339355 2.5815e-05

0.00339355 2.4038e-05
0.00339391 2.44141e-05

0.00339355 2.77269e-05
0.00341734 4.88281e-05

0.00341722 4.88281e-05
0.00341797 4.9551e-05

0.00341797 4.99627e-05
0.00344131 7.32422e-05

0.00344151 7.32422e-05
0.00344238 7.414e-05

0.00344238 7.43561e-05
0.00346418 9.76563e-05

0.0034647 9.76563e-05
0.0034668 0.000100009

0.0034668 0.000100831
0.00348537 0.00012207

0.00348517 0.00012207
0.00349121 0.000129306

0.00349121 0.000128931
0.00350561 0.000146484

0.0035058 0.000146484
0.00351563 0.000159402

0.00351563 0.000159797
0.00354226 0.000195313

0.00354242 0.000195313
0.00356445 0.000228468

0.00356445 0.000229449
0.00357402 0.000244141

0.00357453 0.000244141
0.00360328 0.000292969

0.00360403 0.000292969
0.00361328 0.000311653

0.00361328 0.000313073
0.00362823 0.000341797

0.00362847 0.000341797
0.00365101 0.000390625

0.00365167 0.000390625
0.003689 0.000488281

0.0036888 0.000488281
0.00371094 0.000566785

0.00371094 0.000568418
0.00371588 0.000585938

0.00371605 0.000585937
0.0037348 0.000683594

0.00373443 0.000683594
0.00374552 0.00078125

0.0037475 0.00078125
0.00374791 0.000976562

0.00374761 0.000976562
0.00371942 0.00117188

0.00371094 0.00120235
0.00366339 0.00136719

0.00366357 0.00136719
0.00357813 0.0015625

0.00371094 0.00119679
0.00371812 0.00117187

0.00332031 0.00194041
0.00330979 0.00195312

0.00351563 0.00167121
0.00346101 0.00175781

0.00341797 0.00181876
0.00339173 0.00185547

0.00332031 0.00194377
0.00339146 0.00185547

0.00346038 0.00175781
0.00342644 0.00180664

0.00341797 0.00181424
0.0034233 0.00180664

0.00331576 0.00195312
0.00312706 0.00214844

0.00357606 0.0015625
0.00352219 0.00166016

0.00351563 0.0016707
0.00352201 0.00166016

