0.000115164 0
0.00012207 6.63515e-06

0.00012207 7.32759e-07
0.000146484 1.03579e-06

0.000170898 1.40967e-05
0.000166457 2.44141e-05

0.000170898 4.53246e-05
0.000170278 4.88281e-05

0.000195313 4.89317e-06
0.000191423 2.44141e-05

0.000188839 2.44141e-05
0.000183899 4.88281e-05

0.000170804 4.88281e-05
0.000170898 4.92775e-05

0.00018433 4.88281e-05
0.000187817 7.32422e-05

0.000187271 7.32422e-05
0.000195313 8.94906e-05

0.000201074 0
0.000195814 2.44141e-05

0.000195313 2.47416e-05
0.000195385 2.44141e-05

0.000195313 8.96557e-05
0.000199353 9.76563e-05

0.000198438 9.76563e-05
0.000219727 0.000119422

0.000219727 0.000118463
0.000226455 0.00012207

0.000226554 0.00012207
0.000244141 0.000131262

0.000244141 0.000130666
0.000268555 0.000134665

0.000268555 0.000134649
0.000292969 0.000131118

0.000341797 9.27692e-05
0.000339327 9.76563e-05

0.000342538 0
0.000346438 2.44141e-05

0.000350276 2.44141e-05
0.0003543 4.88281e-05

0.000354282 4.88281e-05
0.00035079 7.32422e-05

0.000341797 9.23571e-05
0.000351388 7.32422e-05

0.000317383 0.000119984
0.000313279 0.00012207

0.000292969 0.000131616
0.000311936 0.00012207

0.000317383 0.000120471
0.000340182 9.76563e-05

0.000876611 0
0.000878906 6.03256e-06

0.000878906 4.57439e-06
0.00090332 3.44299e-06

0.00090332 4.56308e-06
0.000904957 0

0.00146248 0
0.00146484 6.77014e-06

0.00146484 5.2816e-06
0.001484 2.44141e-05

0.00148464 2.44141e-05
0.00148926 2.60278e-05

0.00148926 1.7151e-05
0.00151367 1.75974e-05

0.00151367 1.76151e-05
0.00153809 1.71396e-05

0.0015625 5.26449e-06
0.00154329 2.44141e-05

0.00153809 2.59883e-05
0.0015426 2.44141e-05

0 0.00312474
0.000390625 0.00311367

0.000390625 0.00311396
0.00078125 0.00308015

0.00078125 0.00308078
0.00117187 0.0030224

0.00117188 0.00302346
0.0015625 0.00293713

0.0015625 7.13646e-06
0.001565 0

0.00165651 0
0.00166016 8.89747e-06

0.00166016 1.0474e-05
0.00167492 2.44141e-05

0.00167402 2.44141e-05
0.00168457 2.83842e-05

0.00168457 1.88743e-05
0.00170898 1.91706e-05

0.00169678 2.44141e-05
0.00170898 2.44828e-05

0.0017334 1.148e-05
0.00171868 2.44141e-05

0.00170898 2.81976e-05
0.00171951 2.44141e-05

0.0017334 1.29119e-05
0.001739 0

0.00179054 0
0.00180664 1.91435e-05

0.00180664 3.3056e-06
0.00183105 1.3275e-05

0.00183105 8.84425e-06
0.00185547 1.29788e-05

0.00185547 8.5175e-06
0.00187988 1.26584e-05

0.00187988 1.38156e-05
0.0019043 1.31609e-05

0.0019043 1.3763e-05
0.00192871 6.55967e-06

0.00192871 6.76288e-06
0.00195312 1.1743e-05

0.00195312 1.02565e-05
0.00197754 1.57316e-05

0.00197754 1.5372e-05
0.00200195 1.03235e-05

0.00200195 1.57296e-05
0.00202637 3.59316e-06

0.00202637 3.84522e-06
0.00205078 9.05177e-06

0.00205078 8.54788e-06
0.0020752 1.57062e-05

0.0020752 9.34274e-06
0.00209961 1.16028e-05

0.00209961 1.3622e-05
0.00212402 1.35103e-05

0.00212402 1.31118e-05
0.00214844 7.68722e-06

0.00214844 7.28069e-06
0.00217285 1.32412e-05

0.00217285 1.41776e-05
0.00219727 1.39427e-05

0.00219727 1.31438e-05
0.00222168 7.06708e-06

0.00222168 7.032e-06
0.00224609 1.36829e-05

0.00224609 1.43072e-05
0.00227051 1.40788e-05

0.00227051 1.40279e-05
0.00229492 6.3817e-06

0.00229492 7.21175e-06
0.00231934 1.19492e-05

0.00231934 1.03525e-05
0.00234375 1.553e-05

0.00234375 1.555e-05
0.00236816 1.04636e-05

0.00236816 1.253e-05
0.00239258 6.61269e-06

0.00239258 6.62658e-06
0.00241699 1.2636e-05

0.00241699 1.04831e-05
0.00244141 1.55251e-05

0.00244141 1.55152e-05
0.00246582 1.0441e-05

0.00246582 1.24842e-05
0.00249023 6.79039e-06

0.00249023 6.79739e-06
0.00251465 1.26337e-05

0.00251465 1.05489e-05
0.00253906 1.54283e-05

0.00253906 1.5416e-05
0.00256348 1.04971e-05

0.00256348 1.2441e-05
0.00258789 7.00509e-06

0.00258789 7.00436e-06
0.0026123 1.26409e-05

0.0026123 1.07149e-05
0.00263672 1.52497e-05

0.00263672 1.51911e-05
0.00266113 1.04748e-05

0.00266113 1.17647e-05
0.00268555 7.95282e-06

0.00268555 7.1693e-06
0.00270996 1.40064e-05

0.00270996 1.40699e-05
0.00273438 1.40684e-05

0.00273437 1.38548e-05
0.00275879 7.31906e-06

0.00275879 8.13915e-06
0.0027832 1.19195e-05

0.0027832 1.07306e-05
0.00280762 1.49312e-05

0.00280762 1.49325e-05
0.00283203 1.06896e-05

0.00283203 1.18e-05
0.00285645 8.24539e-06

0.00285645 7.4495e-06
0.00288086 1.39451e-05

0.00288086 1.41595e-05
0.00290527 1.39516e-05

0.00290527 1.39965e-05
0.00292969 7.11785e-06

0.00292969 7.87826e-06
0.0029541 1.17805e-05

0.0029541 1.10833e-05
0.00297852 1.46202e-05

0.00297852 1.18033e-05
0.00300293 1.24589e-05

0.00300293 1.23998e-05
0.00302734 1.42063e-05

0.00302734 1.29334e-05
0.00305176 1.39016e-05

0.00305176 1.34419e-05
0.00307617 1.45959e-05

0.00307617 1.38781e-05
0.00310059 1.47138e-05

0.00310059 1.42515e-05
0.003125 1.50934e-05

0.00175781 0.00288079
0.00158253 0.00292969

0.0015625 0.0029359
0.00158478 0.00292969

0.00175781 0.00288136
0.00195312 0.00281814

0.00234375 0.00265968
0.00217348 0.00273438

0.00195312 0.00281849
0.00214844 0.00274484

0.00214844 0.00274489
0.0021724 0.00273438

0.00292969 0.00230986
0.00288291 0.00234375

0.003125 0.00214527
0.00312154 0.00214844

0.00302734 0.00223284
0.00301099 0.00224609

0.00297852 0.00227049
0.00294717 0.00229492

0.00292969 0.00230982
0.00294903 0.00229492

0.00297852 0.00227037
0.00300879 0.00224609

0.00302734 0.00223239
0.0031234 0.00214844

0.00244141 0.00261115
0.00238909 0.00263672

0.00234375 0.00265878
0.00238889 0.00263672

0.00244141 0.00261127
0.00253906 0.00256001

0.00273438 0.00244638
0.00257814 0.00253906

0.00253906 0.00255993
0.00257486 0.00253906

0.00283203 0.00237967
0.00273968 0.00244141

0.00273438 0.00244581
0.00274123 0.00244141

0.00283203 0.00237959
0.00288183 0.00234375

0.003125 1.45692e-05
0.00314941 1.53701e-05

0.00314941 1.49084e-05
0.00317383 1.57474e-05

0.00317383 1.52614e-05
0.00319824 1.60823e-05

0.00319824 1.56129e-05
0.00322266 1.64485e-05

0.00322266 1.59312e-05
0.00324707 1.68758e-05

0.00324707 1.62815e-05
0.00327148 1.7475e-05

0.00327148 1.68709e-05
0.0032959 1.81414e-05

0.0032959 1.74343e-05
0.00332031 1.87501e-05

0.00332031 1.79849e-05
0.00334473 1.96323e-05

0.00334473 1.95933e-05
0.00336914 1.9886e-05

0.00336914 1.35597e-05
0.00339305 2.44141e-05

0.00339296 2.44141e-05
0.00339355 2.46339e-05

0.00339355 2.6666e-05
0.00341797 4.78063e-05

0.0034178 4.88281e-05
0.00341797 4.89984e-05

0.00341797 4.78226e-05
0.00341898 4.88281e-05

0.00341797 4.89202e-05
0.00344173 7.32422e-05

0.00344178 7.32422e-05
0.00344238 7.38767e-05

0.00344238 7.40587e-05
0.00346412 9.76563e-05

0.00346473 9.76563e-05
0.0034668 9.999e-05

0.0034668 0.000100473
0.00350572 0.000146484

0.00350576 0.000146484
0.00351563 0.000159465

0.00351563 0.000159875
0.0035422 0.000195313

0.00354239 0.000195313
0.00356445 0.00022849

0.00356445 0.000229535
0.00357397 0.000244141

0.00357451 0.000244141
0.00360328 0.000292969

0.00360403 0.000292969
0.00361328 0.000311658

0.00361328 0.000313086
0.00362823 0.000341797

0.00362846 0.000341797
0.00365101 0.000390625

0.00365167 0.000390625
0.003689 0.000488281

0.00368879 0.000488281
0.00371094 0.000566807

0.00371094 0.00056843
0.00371587 0.000585938

0.00371604 0.000585937
0.00373478 0.000683594

0.00373442 0.000683594
0.00374551 0.00078125

0.00374749 0.00078125
0.0037479 0.000976562

0.0037476 0.000976562
0.00371941 0.00117188

0.00371094 0.00120229
0.00366338 0.00136719

0.00366355 0.00136719
0.00357811 0.0015625

0.00371094 0.00119668
0.00371809 0.00117187

0.00332031 0.00194038
0.00330976 0.00195312

0.00351563 0.00167119
0.003461 0.00175781

0.00341797 0.00181874
0.00339172 0.00185547

0.00332031 0.00194376
0.00339145 0.00185547

0.00346037 0.00175781
0.00342642 0.00180664

0.00341797 0.00181417
0.00342325 0.00180664

0.00331575 0.00195312
0.00312705 0.00214844

0.00357604 0.0015625
0.00352218 0.00166016

0.00351563 0.00167067
0.00352199 0.00166016

