0.000115077 0
0.00012207 6.62385e-06

0.00012207 7.21663e-07
0.000146484 1.02925e-06

0.000170898 1.40058e-05
0.000166447 2.44141e-05

0.000170898 4.5301e-05
0.000170276 4.88281e-05

0.000195313 4.8796e-06
0.000191418 2.44141e-05

0.000188842 2.44141e-05
0.000183902 4.88281e-05

0.000170801 4.88281e-05
0.000170898 4.92882e-05

0.000184333 4.88281e-05
0.00018782 7.32422e-05

0.000187275 7.32422e-05
0.000195313 8.94847e-05

0.000201095 0
0.000195829 2.44141e-05

0.000195313 2.47802e-05
0.000195394 2.44141e-05

0.000195313 8.96495e-05
0.000199356 9.76563e-05

0.000198441 9.76563e-05
0.000219727 0.000119421

0.000219727 0.000118461
0.000226456 0.00012207

0.000226556 0.00012207
0.000244141 0.000131262

0.000244141 0.000130666
0.000268555 0.000134667

0.000268555 0.000134651
0.000292969 0.000131122

0.000341797 9.2787e-05
0.000339336 9.76563e-05

0.000342544 0
0.000346444 2.44141e-05

0.000350282 2.44141e-05
0.000354306 4.88281e-05

0.000354289 4.88281e-05
0.000350798 7.32422e-05

0.000341797 9.23741e-05
0.000351396 7.32422e-05

0.000317383 0.000119992
0.000313292 0.00012207

0.000292969 0.00013162
0.000311947 0.00012207

0.000317383 0.000120479
0.000340192 9.76563e-05

0.000877089 0
0.000878906 4.98993e-06

0.000878906 3.69434e-06
0.00090332 4.31094e-06

0.00090332 5.77478e-06
0.000905492 0

0.00146249 0
0.00146484 6.73066e-06

0.00146484 5.28517e-06
0.00148404 2.44141e-05

0.00148444 2.44141e-05
0.00148926 2.6088e-05

0.00148926 1.71595e-05
0.00151367 1.74166e-05

0.00150225 2.44141e-05
0.00151367 2.44445e-05

0.00151367 1.72472e-05
0.00153809 1.71348e-05

0.0015625 5.8084e-06
0.0015434 2.44141e-05

0.00153809 2.59812e-05
0.00154265 2.44141e-05

0 0.00312474
0.000390625 0.00311367

0.000390625 0.00311396
0.00078125 0.00308015

0.00078125 0.00308078
0.00117187 0.0030224

0.00117188 0.00302346
0.0015625 0.00293713

0.0015625 7.71116e-06
0.00156525 0

0.00165652 0
0.00166016 8.88545e-06

0.00166016 1.04796e-05
0.00167491 2.44141e-05

0.00167401 2.44141e-05
0.00168457 2.83897e-05

0.00168457 1.88787e-05
0.00170898 1.91745e-05

0.0016971 2.44141e-05
0.00170898 2.44801e-05

0.0017334 1.14942e-05
0.00171869 2.44141e-05

0.00170898 2.81869e-05
0.00171948 2.44141e-05

0.0017334 1.29142e-05
0.001739 0

0.00179055 0
0.00180664 1.91414e-05

0.00180664 3.30214e-06
0.00183105 1.32774e-05

0.00183105 8.84324e-06
0.00185547 1.29782e-05

0.00185547 8.51581e-06
0.00187988 1.26591e-05

0.00187988 1.38174e-05
0.0019043 1.31603e-05

0.0019043 1.37642e-05
0.00192871 6.5544e-06

0.00192871 6.7571e-06
0.00195312 1.17435e-05

0.00195312 1.02559e-05
0.00197754 1.57346e-05

0.00197754 1.53739e-05
0.00200195 1.0321e-05

0.00200195 1.57324e-05
0.00202637 3.58687e-06

0.00202637 3.85743e-06
0.00205078 9.03191e-06

0.00205078 8.48126e-06
0.0020752 1.57349e-05

0.0020752 9.3762e-06
0.00209961 1.16707e-05

0.00209961 1.36976e-05
0.00212402 1.34463e-05

0.00212402 1.30753e-05
0.00214844 7.64201e-06

0.00214844 7.2533e-06
0.00217285 1.328e-05

0.00217285 1.41619e-05
0.00219727 1.39527e-05

0.00219727 1.32342e-05
0.00222168 7.02194e-06

0.00222168 6.95876e-06
0.00224609 1.35919e-05

0.00224609 1.41871e-05
0.00227051 1.41965e-05

0.00227051 1.41013e-05
0.00229492 6.46198e-06

0.00229492 7.26851e-06
0.00231934 1.18689e-05

0.00231934 1.03461e-05
0.00234375 1.55386e-05

0.00234375 1.55484e-05
0.00236816 1.04598e-05

0.00236816 1.25269e-05
0.00239258 6.61563e-06

0.00239258 6.62913e-06
0.00241699 1.26353e-05

0.00241699 1.04826e-05
0.00244141 1.55217e-05

0.00244141 1.55115e-05
0.00246582 1.04422e-05

0.00246582 1.24838e-05
0.00249023 6.79383e-06

0.00249023 6.80066e-06
0.00251465 1.26319e-05

0.00251465 1.05488e-05
0.00253906 1.54259e-05

0.00253906 1.54131e-05
0.00256348 1.0498e-05

0.00256348 1.24408e-05
0.00258789 7.00798e-06

0.00258789 7.0059e-06
0.0026123 1.26406e-05

0.0026123 1.07128e-05
0.00263672 1.52527e-05

0.00263672 1.51966e-05
0.00266113 1.04781e-05

0.00266113 1.17645e-05
0.00268555 7.95009e-06

0.00268555 7.17294e-06
0.00270996 1.4008e-05

0.00270996 1.40684e-05
0.00273438 1.40648e-05

0.00273437 1.38469e-05
0.00275879 7.32918e-06

0.00275879 8.1467e-06
0.0027832 1.19276e-05

0.0027832 1.0742e-05
0.00280762 1.49249e-05

0.00280762 1.49188e-05
0.00283203 1.06965e-05

0.00283203 1.18135e-05
0.00285645 8.26293e-06

0.00285645 7.46491e-06
0.00288086 1.39252e-05

0.00288086 1.41314e-05
0.00290527 1.39679e-05

0.00290527 1.4014e-05
0.00292969 7.15567e-06

0.00292969 7.93684e-06
0.0029541 1.17254e-05

0.0029541 1.10913e-05
0.00297852 1.4533e-05

0.00297852 1.17377e-05
0.00300293 1.23904e-05

0.00300293 1.23097e-05
0.00302734 1.42094e-05

0.00302734 1.28929e-05
0.00305176 1.39325e-05

0.00305176 1.34325e-05
0.00307617 1.46228e-05

0.00307617 1.38785e-05
0.00310059 1.476e-05

0.00310059 1.42834e-05
0.003125 1.51531e-05

0.00175781 0.00288079
0.00158253 0.00292969

0.0015625 0.0029359
0.00158478 0.00292969

0.00175781 0.00288136
0.00195312 0.00281815

0.00234375 0.00265968
0.00217348 0.00273438

0.00195312 0.00281849
0.00214844 0.00274484

0.00214844 0.00274489
0.00217241 0.00273438

0.00292969 0.00230986
0.00288292 0.00234375

0.003125 0.00214528
0.00312154 0.00214844

0.00302734 0.00223284
0.00301099 0.00224609

0.00297852 0.0022705
0.00294718 0.00229492

0.00292969 0.00230982
0.00294903 0.00229492

0.00297852 0.00227037
0.0030088 0.00224609

0.00302734 0.0022324
0.0031234 0.00214844

0.00244141 0.00261115
0.0023891 0.00263672

0.00234375 0.00265879
0.0023889 0.00263672

0.00244141 0.00261127
0.00253906 0.00256002

0.00273438 0.00244638
0.00257814 0.00253906

0.00253906 0.00255993
0.00257487 0.00253906

0.00283203 0.00237967
0.00273969 0.00244141

0.00273438 0.00244581
0.00274124 0.00244141

0.00283203 0.00237959
0.00288184 0.00234375

0.003125 1.46265e-05
0.00314941 1.54077e-05

0.00314941 1.49337e-05
0.00317383 1.57852e-05

0.00317383 1.53071e-05
0.00319824 1.61564e-05

0.00319824 1.57461e-05
0.00322266 1.64319e-05

0.00322266 1.57737e-05
0.00324707 1.68927e-05

0.00324707 1.65239e-05
0.00327148 1.76663e-05

0.00327148 1.67586e-05
0.0032959 1.80264e-05

0.0032959 1.77103e-05
0.00332031 1.89098e-05

0.00332031 1.81667e-05
0.00334473 1.89962e-05

0.00334473 1.91144e-05
0.00336914 1.91647e-05

0.00336914 1.25706e-05
0.00339309 2.44141e-05

0.00339103 2.44141e-05
0.00339355 2.54283e-05

0.00339355 2.72497e-05
0.00341797 4.8778e-05

0.00341766 4.88281e-05
0.00341797 4.91265e-05

0.00341797 4.94421e-05
0.00344162 7.32422e-05

0.0034417 7.32422e-05
0.00344238 7.39506e-05

0.00344238 7.41324e-05
0.00346421 9.76563e-05

0.00346475 9.76563e-05
0.0034668 9.99602e-05

0.0034668 0.000100763
0.00348537 0.00012207

0.00348517 0.00012207
0.00349121 0.00012933

0.00349121 0.000128972
0.00350555 0.000146484

0.00350577 0.000146484
0.00351563 0.00015946

0.00351563 0.000159866
0.00354219 0.000195313

0.00354237 0.000195313
0.00356445 0.000228547

0.00356445 0.000229571
0.00357394 0.000244141

0.00357447 0.000244141
0.00360322 0.000292969

0.00360397 0.000292969
0.00361328 0.000311775

0.00361328 0.000313195
0.00362817 0.000341797

0.00362841 0.000341797
0.00365096 0.000390625

0.00365162 0.000390625
0.00368897 0.000488281

0.00368876 0.000488281
0.00371094 0.00056687

0.00371094 0.000568519
0.00371585 0.000585938

0.00371603 0.000585937
0.00373478 0.000683594

0.00373442 0.000683594
0.00374552 0.00078125

0.0037475 0.00078125
0.00374791 0.000976562

0.00374761 0.000976562
0.00371942 0.00117188

0.00371094 0.00120233
0.00366338 0.00136719

0.00366356 0.00136719
0.00357812 0.0015625

0.00371094 0.00119674
0.00371811 0.00117187

0.00332031 0.0019404
0.00330977 0.00195312

0.00351563 0.0016712
0.00346101 0.00175781

0.00341797 0.00181875
0.00339172 0.00185547

0.00332031 0.00194377
0.00339146 0.00185547

0.00346037 0.00175781
0.00342643 0.00180664

0.00341797 0.00181419
0.00342327 0.00180664

0.00331575 0.00195312
0.00312706 0.00214844

0.00357605 0.0015625
0.00352218 0.00166016

0.00351563 0.00167068
0.003522 0.00166016

