0.000115284 0
0.00012207 6.64991e-06

0.00012207 7.40256e-07
0.000146484 1.05303e-06

0.000170898 1.4218e-05
0.00016647 2.44141e-05

0.000170898 4.53401e-05
0.000170278 4.88281e-05

0.000195313 4.909e-06
0.00019143 2.44141e-05

0.000188834 2.44141e-05
0.000183896 4.88281e-05

0.000170803 4.88281e-05
0.000170898 4.92784e-05

0.000184327 4.88281e-05
0.000187814 7.32422e-05

0.000187269 7.32422e-05
0.000195313 8.94963e-05

0.000201047 0
0.000195795 2.44141e-05

0.000195313 2.47057e-05
0.000195377 2.44141e-05

0.000195313 8.96614e-05
0.00019935 9.76563e-05

0.000198435 9.76563e-05
0.000219727 0.000119426

0.000219727 0.000118466
0.000226449 0.00012207

0.000226548 0.00012207
0.000244141 0.000131264

0.000244141 0.000130668
0.000268555 0.000134668

0.000268555 0.000134651
0.000292969 0.00013112

0.000341797 9.27768e-05
0.000339331 9.76563e-05

0.00034254 0
0.000346439 2.44141e-05

0.000350277 2.44141e-05
0.000354301 4.88281e-05

0.000354284 4.88281e-05
0.000350793 7.32422e-05

0.000341797 9.23631e-05
0.00035139 7.32422e-05

0.000317383 0.000119986
0.000313283 0.00012207

0.000292969 0.000131619
0.000311942 0.00012207

0.000317383 0.000120475
0.000340186 9.76563e-05

0.000877034 0
0.000878906 5.11709e-06

0.000878906 3.88691e-06
0.00090332 4.15652e-06

0.00090332 5.47008e-06
0.00090535 0

0.00146237 0
0.00146484 7.03643e-06

0.00146484 5.53606e-06
0.00148406 2.44141e-05

0.00148462 2.44141e-05
0.00148926 2.60052e-05

0.00148926 1.68269e-05
0.00151367 1.73799e-05

0.00151367 1.77009e-05
0.00153809 1.74078e-05

0.0015625 5.00699e-06
0.00154329 2.44141e-05

0.00153809 2.59999e-05
0.00154258 2.44141e-05

0 0.00312474
0.000390625 0.00311367

0.000390625 0.00311396
0.00078125 0.00308016

0.00078125 0.00308078
0.00117187 0.0030224

0.00117188 0.00302347
0.0015625 0.00293713

0.0015625 6.79926e-06
0.00156486 0

0.00165651 0
0.00166016 8.89759e-06

0.00166016 1.04656e-05
0.00167492 2.44141e-05

0.00167403 2.44141e-05
0.00168457 2.83836e-05

0.00168457 1.88859e-05
0.00170898 1.91861e-05

0.00169685 2.44141e-05
0.00170898 2.44839e-05

0.0017334 1.14756e-05
0.00171869 2.44141e-05

0.00170898 2.82071e-05
0.00171953 2.44141e-05

0.0017334 1.29265e-05
0.00173901 0

0.00179056 0
0.00180664 1.91432e-05

0.00180664 3.30278e-06
0.00183105 1.32873e-05

0.00183105 8.84663e-06
0.00185547 1.29798e-05

0.00185547 8.52565e-06
0.00187988 1.26595e-05

0.00187988 1.38157e-05
0.0019043 1.31564e-05

0.0019043 1.37629e-05
0.00192871 6.56305e-06

0.00192871 6.76547e-06
0.00195312 1.174e-05

0.00195312 1.02512e-05
0.00197754 1.57339e-05

0.00197754 1.53761e-05
0.00200195 1.03293e-05

0.00200195 1.57284e-05
0.00202637 3.59236e-06

0.00202637 3.84926e-06
0.00205078 9.05572e-06

0.00205078 8.55315e-06
0.0020752 1.56998e-05

0.0020752 9.334e-06
0.00209961 1.16064e-05

0.00209961 1.36218e-05
0.00212402 1.35253e-05

0.00212402 1.32022e-05
0.00214844 7.6117e-06

0.00214844 7.17845e-06
0.00217285 1.31662e-05

0.00217285 1.40537e-05
0.00219727 1.40891e-05

0.00219727 1.33075e-05
0.00222168 7.084e-06

0.00222168 7.01461e-06
0.00224609 1.3526e-05

0.00224609 1.41825e-05
0.00227051 1.41971e-05

0.00227051 1.40929e-05
0.00229492 6.46722e-06

0.00229492 7.28005e-06
0.00231934 1.18698e-05

0.00231934 1.03405e-05
0.00234375 1.55292e-05

0.00234375 1.55442e-05
0.00236816 1.04706e-05

0.00236816 1.2533e-05
0.00239258 6.614e-06

0.00239258 6.62818e-06
0.00241699 1.2633e-05

0.00241699 1.04814e-05
0.00244141 1.55259e-05

0.00244141 1.5515e-05
0.00246582 1.04431e-05

0.00246582 1.24863e-05
0.00249023 6.79007e-06

0.00249023 6.798e-06
0.00251465 1.26318e-05

0.00251465 1.05471e-05
0.00253906 1.54289e-05

0.00253906 1.54157e-05
0.00256348 1.04992e-05

0.00256348 1.24405e-05
0.00258789 7.00704e-06

0.00258789 7.00608e-06
0.0026123 1.26432e-05

0.0026123 1.07163e-05
0.00263672 1.52513e-05

0.00263672 1.51885e-05
0.00266113 1.04826e-05

0.00266113 1.18254e-05
0.00268555 7.90706e-06

0.00268555 7.1089e-06
0.00270996 1.39508e-05

0.00270996 1.39853e-05
0.00273438 1.41536e-05

0.00273437 1.39129e-05
0.00275879 7.37342e-06

0.00275879 8.17862e-06
0.0027832 1.18578e-05

0.0027832 1.07113e-05
0.00280762 1.49462e-05

0.00280762 1.49398e-05
0.00283203 1.0705e-05

0.00283203 1.19009e-05
0.00285645 8.1483e-06

0.00285645 7.33202e-06
0.00288086 1.38586e-05

0.00288086 1.40409e-05
0.00290527 1.40771e-05

0.00290527 1.40231e-05
0.00292969 7.21621e-06

0.00292969 7.92527e-06
0.0029541 1.17986e-05

0.0029541 1.1142e-05
0.00297852 1.46718e-05

0.00297852 1.18619e-05
0.00300293 1.24735e-05

0.00300293 1.2453e-05
0.00302734 1.42056e-05

0.00302734 1.29729e-05
0.00305176 1.38628e-05

0.00305176 1.34416e-05
0.00307617 1.45328e-05

0.00307617 1.3839e-05
0.00310059 1.46546e-05

0.00310059 1.42028e-05
0.003125 1.50434e-05

0.00175781 0.00288079
0.00158253 0.00292969

0.0015625 0.0029359
0.00158478 0.00292969

0.00175781 0.00288136
0.00195312 0.00281814

0.00234375 0.00265968
0.00217348 0.00273438

0.00195312 0.00281849
0.00214844 0.00274484

0.00214844 0.00274489
0.0021724 0.00273438

0.00292969 0.00230986
0.00288291 0.00234375

0.003125 0.00214526
0.00312153 0.00214844

0.00302734 0.00223284
0.00301099 0.00224609

0.00297852 0.00227049
0.00294717 0.00229492

0.00292969 0.00230982
0.00294903 0.00229492

0.00297852 0.00227037
0.00300878 0.00224609

0.00302734 0.00223239
0.00312339 0.00214844

0.00244141 0.00261115
0.00238909 0.00263672

0.00234375 0.00265878
0.00238889 0.00263672

0.00244141 0.00261127
0.00253906 0.00256001

0.00273438 0.00244638
0.00257814 0.00253906

0.00253906 0.00255993
0.00257486 0.00253906

0.00283203 0.00237967
0.00273968 0.00244141

0.00273438 0.0024458
0.00274123 0.00244141

0.00283203 0.00237959
0.00288183 0.00234375

0.003125 1.4519e-05
0.00314941 1.53155e-05

0.00314941 1.485e-05
0.00317383 1.56953e-05

0.00317383 1.51703e-05
0.00319824 1.6074e-05

0.00319824 1.54948e-05
0.00322266 1.65943e-05

0.00322266 1.60201e-05
0.00324707 1.71546e-05

0.00324707 1.65692e-05
0.00327148 1.75736e-05

0.00327148 1.68751e-05
0.0032959 1.81716e-05

0.0032959 1.77909e-05
0.00332031 1.88455e-05

0.00332031 1.79819e-05
0.00334473 1.91591e-05

0.00334473 1.93421e-05
0.00336914 1.96485e-05

0.00336914 1.30384e-05
0.00339297 2.44141e-05

0.00339161 2.44141e-05
0.00339355 2.51721e-05

0.00339355 2.72068e-05
0.00341797 4.85606e-05

0.00341769 4.88281e-05
0.00341797 4.90987e-05

0.00341797 4.85558e-05
0.00341825 4.88281e-05

0.00341797 4.93048e-05
0.00344171 7.32422e-05

0.00344175 7.32422e-05
0.00344238 7.39078e-05

0.00344238 7.40661e-05
0.00346425 9.76563e-05

0.00346479 9.76563e-05
0.0034668 9.99162e-05

0.0034668 0.00010038
0.00350587 0.000146484

0.00350584 0.000146484
0.00351563 0.000159361

0.00351563 0.000159771
0.00354226 0.000195313

0.00354245 0.000195313
0.00356445 0.000228426

0.00356445 0.000229481
0.003574 0.000244141

0.00357455 0.000244141
0.00360329 0.000292969

0.00360405 0.000292969
0.00361328 0.00031162

0.00361328 0.000313051
0.00362824 0.000341797

0.00362848 0.000341797
0.00365103 0.000390625

0.00365169 0.000390625
0.00368901 0.000488281

0.00368881 0.000488281
0.00371094 0.000566757

0.00371094 0.000568384
0.00371589 0.000585938

0.00371605 0.000585937
0.00373479 0.000683594

0.00373443 0.000683594
0.00374552 0.00078125

0.0037475 0.00078125
0.0037479 0.000976562

0.0037476 0.000976562
0.0037194 0.00117188

0.00371094 0.00120228
0.00366337 0.00136719

0.00366355 0.00136719
0.00357811 0.0015625

0.00371094 0.00119666
0.00371809 0.00117187

0.00332031 0.00194038
0.00330976 0.00195312

0.00351563 0.00167118
0.003461 0.00175781

0.00341797 0.00181875
0.00339172 0.00185547

0.00332031 0.00194376
0.00339146 0.00185547

0.00346037 0.00175781
0.00342642 0.00180664

0.00341797 0.00181416
0.00342324 0.00180664

0.00331574 0.00195312
0.00312704 0.00214844

0.00357604 0.0015625
0.00352218 0.00166016

0.00351563 0.00167067
0.00352199 0.00166016

