0.000116625 0
0.00012207 6.71603e-06

0.00012207 9.19636e-07
0.000146484 1.1719e-06

0.000170898 1.58468e-05
0.000166622 2.44141e-05

0.000170898 4.59433e-05
0.000170346 4.88281e-05

0.000195313 5.51052e-06
0.000191587 2.44141e-05

0.000188757 2.44141e-05
0.000183831 4.88281e-05

0.000170837 4.88281e-05
0.000170898 4.91205e-05

0.000184265 4.88281e-05
0.000187752 7.32422e-05

0.000187205 7.32422e-05
0.000195313 8.96158e-05

0.000200631 0
0.000195473 2.44141e-05

0.000195313 8.97906e-05
0.000199285 9.76563e-05

0.000198371 9.76563e-05
0.000219727 0.000119474

0.000219727 0.000118517
0.000226368 0.00012207

0.000226481 0.00012207
0.000244141 0.000131286

0.000244141 0.000130691
0.000268555 0.000134671

0.000268555 0.000134656
0.000292969 0.000131105

0.000341797 9.26569e-05
0.000339271 9.76563e-05

0.000342477 0
0.000346377 2.44141e-05

0.000350215 2.44141e-05
0.00035424 4.88281e-05

0.000354222 4.88281e-05
0.000350732 7.32422e-05

0.000341797 9.22468e-05
0.000351327 7.32422e-05

0.000317383 0.000119931
0.000313183 0.00012207

0.000292969 0.000131605
0.000311882 0.00012207

0.000317383 0.000120434
0.000340124 9.76563e-05

0.000876605 0
0.000878906 6.04407e-06

0.000878906 4.59378e-06
0.00090332 3.42696e-06

0.00090332 4.52281e-06
0.000904941 0

0.00146236 0
0.00146484 7.04082e-06

0.00146484 5.60085e-06
0.001484 2.44141e-05

0.0014844 2.44141e-05
0.00148926 2.60809e-05

0.00148926 1.70984e-05
0.00151367 1.7147e-05

0.00148926 2.4424e-05
0.00149221 2.44141e-05

0.00151367 1.7156e-05
0.00153809 1.71103e-05

0.00153507 2.44141e-05
0.00153809 2.44246e-05

0.0015625 5.5896e-06
0.00154333 2.44141e-05

0.00153809 2.60976e-05
0.00154299 2.44141e-05

0 0.00312475
0.000390625 0.00311368

0.000390625 0.00311397
0.00078125 0.00308016

0.00078125 0.00308079
0.00117187 0.0030224

0.00117188 0.00302347
0.0015625 0.00293713

0.0015625 7.15167e-06
0.00156502 0

0.00165652 0
0.00166016 8.87456e-06

0.00166016 1.04685e-05
0.00167491 2.44141e-05

0.00167401 2.44141e-05
0.00168457 2.83931e-05

0.00168457 1.88886e-05
0.00170898 1.91891e-05

0.00169685 2.44141e-05
0.00170898 2.4484e-05

0.0017334 1.1485e-05
0.00171869 2.44141e-05

0.00170898 2.82144e-05
0.00171955 2.44141e-05

0.0017334 1.296e-05
0.00173902 0

0.00179055 0
0.00180664 1.91918e-05

0.00180664 3.37653e-06
0.00183105 1.33216e-05

0.00183105 8.90496e-06
0.00185547 1.29616e-05

0.00185547 8.56821e-06
0.00187988 1.26523e-05

0.00187988 1.37971e-05
0.0019043 1.31585e-05

0.0019043 1.37515e-05
0.00192871 6.63611e-06

0.00192871 6.8394e-06
0.00195312 1.17321e-05

0.00195312 1.02646e-05
0.00197754 1.57006e-05

0.00197754 1.53574e-05
0.00200195 1.03551e-05

0.00200195 1.56753e-05
0.00202637 3.68219e-06

0.00202637 3.92032e-06
0.00205078 9.10895e-06

0.00205078 8.65092e-06
0.0020752 1.56451e-05

0.0020752 9.34087e-06
0.00209961 1.15697e-05

0.00209961 1.35687e-05
0.00212402 1.3565e-05

0.00212402 1.32033e-05
0.00214844 7.70245e-06

0.00214844 7.27779e-06
0.00217285 1.3144e-05

0.00217285 1.40357e-05
0.00219727 1.40666e-05

0.00219727 1.33137e-05
0.00222168 7.14899e-06

0.00222168 7.0687e-06
0.00224609 1.34929e-05

0.00224609 1.41647e-05
0.00227051 1.41866e-05

0.00227051 1.40844e-05
0.00229492 6.5065e-06

0.00229492 7.30859e-06
0.00231934 1.18648e-05

0.00231934 1.03514e-05
0.00234375 1.5515e-05

0.00234375 1.55295e-05
0.00236816 1.04764e-05

0.00236816 1.25313e-05
0.00239258 6.63952e-06

0.00239258 6.65306e-06
0.00241699 1.26257e-05

0.00241699 1.04839e-05
0.00244141 1.55145e-05

0.00244141 1.55054e-05
0.00246582 1.04516e-05

0.00246582 1.24973e-05
0.00249023 6.79392e-06

0.00249023 6.80007e-06
0.00251465 1.26191e-05

0.00251465 1.05387e-05
0.00253906 1.54344e-05

0.00253906 1.5424e-05
0.00256348 1.04981e-05

0.00256348 1.24549e-05
0.00258789 6.97761e-06

0.00258789 6.97541e-06
0.0026123 1.26352e-05

0.0026123 1.06999e-05
0.00263672 1.5272e-05

0.00263672 1.52092e-05
0.00266113 1.04711e-05

0.00266113 1.1835e-05
0.00268555 7.86011e-06

0.00268555 7.05878e-06
0.00270996 1.395e-05

0.00270996 1.3964e-05
0.00273438 1.41862e-05

0.00273437 1.39227e-05
0.00275879 7.38521e-06

0.00275879 8.18665e-06
0.0027832 1.18579e-05

0.0027832 1.07246e-05
0.00280762 1.49477e-05

0.00280762 1.49299e-05
0.00283203 1.07092e-05

0.00283203 1.19108e-05
0.00285645 8.16991e-06

0.00285645 7.4039e-06
0.00288086 1.37918e-05

0.00288086 1.38711e-05
0.00290527 1.40975e-05

0.00290527 1.37081e-05
0.00292969 7.79248e-06

0.00292969 8.55516e-06
0.0029541 1.20196e-05

0.0029541 1.14281e-05
0.00297852 1.42505e-05

0.00297852 1.19299e-05
0.00300293 1.23525e-05

0.00300293 1.23423e-05
0.00302734 1.39163e-05

0.00302734 1.27814e-05
0.00305176 1.3721e-05

0.00305176 1.32281e-05
0.00307617 1.44017e-05

0.00307617 1.36315e-05
0.00310059 1.4634e-05

0.00310059 1.40447e-05
0.003125 1.51364e-05

0.00175781 0.00288079
0.00158252 0.00292969

0.0015625 0.00293589
0.00158473 0.00292969

0.00175781 0.00288135
0.00195312 0.00281813

0.00234375 0.00265966
0.00217345 0.00273438

0.00195312 0.00281848
0.00214844 0.00274483

0.00214844 0.00274484
0.0021723 0.00273438

0.00292969 0.00230983
0.00288287 0.00234375

0.003125 0.00214518
0.00312143 0.00214844

0.00302734 0.00223286
0.00301102 0.00224609

0.00297852 0.00227045
0.00294712 0.00229492

0.00292969 0.00230979
0.00294898 0.00229492

0.00297852 0.00227029
0.00300869 0.00224609

0.00302734 0.00223235
0.00312335 0.00214844

0.00244141 0.00261113
0.00238906 0.00263672

0.00234375 0.00265875
0.00238883 0.00263672

0.00244141 0.00261124
0.00253906 0.00255999

0.00273438 0.00244635
0.00257811 0.00253906

0.00253906 0.00255987
0.00257476 0.00253906

0.00283203 0.00237964
0.00273964 0.00244141

0.00273438 0.00244576
0.00274115 0.00244141

0.00283203 0.00237955
0.00288178 0.00234375

0.003125 1.44817e-05
0.00314941 1.55223e-05

0.00314941 1.49617e-05
0.00317383 1.59255e-05

0.00317383 1.5443e-05
0.00319824 1.61849e-05

0.00319824 1.57507e-05
0.00322266 1.64162e-05

0.00322266 1.58576e-05
0.00324707 1.69402e-05

0.00324707 1.63683e-05
0.00327148 1.77479e-05

0.00327148 1.70101e-05
0.0032959 1.83568e-05

0.0032959 1.79995e-05
0.00332031 1.87197e-05

0.00332031 1.78623e-05
0.00334473 1.89363e-05

0.00334473 1.91071e-05
0.00336914 1.97601e-05

0.00336914 1.32948e-05
0.00339273 2.44141e-05

0.003392 2.44141e-05
0.00339355 2.50039e-05

0.00339355 2.68706e-05
0.00341797 4.80742e-05

0.00341782 4.88281e-05
0.00341797 4.89743e-05

0.00341797 4.83003e-05
0.00341851 4.88281e-05

0.00341797 4.90846e-05
0.00344175 7.32422e-05

0.00344182 7.32422e-05
0.00344238 7.38286e-05

0.00344238 7.39845e-05
0.00346428 9.76563e-05

0.0034648 9.76563e-05
0.0034668 9.99052e-05

0.0034668 0.000100337
0.00350588 0.000146484

0.0035059 0.000146484
0.00351563 0.000159274

0.00351563 0.000159744
0.00354228 0.000195313

0.00354254 0.000195313
0.00356445 0.000228292

0.00356445 0.000229649
0.00357389 0.000244141

0.00357457 0.000244141
0.00360332 0.000292969

0.00360409 0.000292969
0.00361328 0.000311533

0.00361328 0.000312997
0.00362828 0.000341797

0.00362852 0.000341797
0.00365107 0.000390625

0.00365173 0.000390625
0.00368907 0.000488281

0.00368887 0.000488281
0.00371094 0.000566519

0.00371094 0.000568177
0.00371595 0.000585938

0.00371612 0.000585937
0.00373487 0.000683594

0.0037345 0.000683594
0.00374559 0.00078125

0.00374757 0.00078125
0.00374797 0.000976562

0.00374767 0.000976562
0.00371947 0.00117188

0.00371094 0.00120254
0.00366344 0.00136719

0.0036636 0.00136719
0.00357814 0.0015625

0.00371094 0.00119662
0.00371808 0.00117187

0.00332031 0.0019402
0.00330961 0.00195312

0.00351563 0.00167123
0.00346102 0.00175781

0.00341797 0.00181881
0.00339176 0.00185547

0.00332031 0.00194377
0.00339148 0.00185547

0.00346038 0.00175781
0.00342643 0.00180664

0.00341797 0.00181388
0.00342305 0.00180664

0.00331573 0.00195312
0.00312701 0.00214844

0.00357608 0.0015625
0.0035222 0.00166016

0.00351563 0.00167068
0.00352199 0.00166016

