0 7.15941e-05
0.00012207 7.16451e-05

0.00012207 7.16722e-05
0.000244141 7.16468e-05

0.000244141 7.16574e-05
0.000366211 7.15421e-05

0.000366211 7.15772e-05
0.000488281 7.15614e-05

0.000488281 7.16308e-05
0.000610352 7.1544e-05

0.000610352 7.16203e-05
0.000732422 7.13827e-05

0.000732422 7.15128e-05
0.000854492 7.12908e-05

0.000854492 7.18679e-05
0.000976562 7.07889e-05

0 0.0012202
1.95578e-05 0.0012207

0 0.00122101
0.00012207 0.00122261

0.00012207 0.00122262
0.000244141 0.00122735

0.000244141 0.00122733
0.000366211 0.00123511

0.000366211 0.00123515
0.000488281 0.00124593

0.000488281 0.001246
0.000610352 0.00125957

0.000610352 0.00125962
0.000732422 0.00127573

0.000732422 0.0012758
0.000854492 0.00129419

0.000854492 0.00129427
0.000976562 0.00131464

0.000976562 7.2594e-05
0.00109863 6.85325e-05

0.00109863 7.04685e-05
0.0012207 6.59626e-05

0.0012207 7.07377e-05
0.00134277 6.36417e-05

0.00134277 6.55695e-05
0.00146484 6.05661e-05

0.00146484 6.77706e-05
0.00158691 5.95861e-05

0.00158691 0.000119157
0.00170478 0

0.00170898 4.16364e-05
0.00172411 0

0.000976562 0.0013147
0.00109863 0.00133677

0.00109863 0.00133653
0.0011311 0.00134277

0.00112883 0.00134277
0.0012207 0.00136044

0.0012207 0.0013604
0.00134277 0.00138495

0.00134277 0.00138506
0.00146484 0.00141029

0.00146484 0.00141039
0.00158691 0.00143587

0.00158691 0.00143591
0.00170898 0.00146135

0.00170898 0.00146063
0.0017295 0.00146484

0.00172476 0.00146484
0.00183105 0.0014867

0.00183105 0.00148658
0.00195312 0.00151106

0.00201768 0
0.0020752 0.000101247

0.0020752 9.29216e-05
0.00219727 4.2546e-05

0.00219727 3.44642e-05
0.00220933 0

0.00195312 0.00151115
0.0020752 0.00153479

0.0020752 0.00153485
0.00219727 0.00155733

0.00219727 0.00155735
0.00231934 0.00157851

0.00231934 0.0015781
0.00237405 0.00158691

0.00236879 0.00158691
0.00244141 0.00159862

0.00244141 0.00159824
0.00256348 0.00161632

0.00256348 0.00161636
0.00268555 0.00163279

0.00268555 0.00163281
0.00280762 0.00164746

0.00280762 0.00164751
0.00292969 0.00166023

0.00292969 0.00166072
0.00317383 0.00168009

0.00317383 0.00168017
0.00341797 0.00169134

0.00341797 0.0016914
0.00366211 0.00169411

0.00366211 0.00169416
0.00390625 0.00168821

0.00390625 0.00168833
0.00415039 0.00167339

0.00415039 0.00167347
0.00439453 0.00164914

0.00439453 0.00164927
0.00463867 0.0016151

0.00463867 0.00161526
0.00488281 0.00157068

0.00549613 0
0.0055874 0.00012207

0.00560393 0.00012207
0.00561523 0.000128299

0.00561523 0.000118157
0.00562411 0.00012207

0.00562469 0.00012207
0.0057373 0.000149316

0.0057373 0.00013461
0.00585938 0.000131041

0.00537109 0.00144916
0.00531365 0.00146484

0.00488281 0.00157069
0.00512695 0.00151536

0.00512695 0.00151475
0.00524902 0.00148302

0.00524902 0.00148266
0.0053118 0.00146484

0.00537109 0.00144858
0.00549316 0.00141064

0.00549316 0.00141066
0.00561523 0.00136904

0.0057373 0.00132393
0.00568666 0.00134277

0.00561523 0.00136888
0.00568541 0.00134277

0.0057373 0.0013238
0.00585938 0.00127424

0.00598145 0.000117369
0.00597111 0.00012207

0.00585938 0.000140339
0.00593268 0.00012207

0.0061004 0
0.00600629 0.00012207

0.00598145 0.000125162
0.00598737 0.00012207

0.00646973 0.000954133
0.00643375 0.000976562

0.00646973 0.0009532
0.0065918 0.000870146

0.00683594 0.0006829
0.00677542 0.000732422

0.00671387 0.000779197
0.00661307 0.000854492

0.0065918 0.000870457
0.0066138 0.000854492

0.00671387 0.000774679
0.0067668 0.000732422

0.00610352 0.00116392
0.0059806 0.0012207

0.00585938 0.00127397
0.00598102 0.0012207

0.00622559 0.00109838
0.0062251 0.00109863

0.00610352 0.00116242
0.00622494 0.00109863

0.00634766 0.00102902
0.00622574 0.00109863

0.00634766 0.00102846
0.0064309 0.000976562

0.00708008 0.000449856
0.00704412 0.000488281

0.00732422 0.000147402
0.00725019 0.000244141

0.00720215 0.000303691
0.00715042 0.000366211

0.00708008 0.000438968
0.00714538 0.000366211

0.00720215 0.000302848
0.00724989 0.000244141

0.00695801 0.000572312
0.00691747 0.000610352

0.00683594 0.000675686
0.00690918 0.000610352

0.00695801 0.000563514
0.00703346 0.000488281

0.00740974 0
0.00736468 0.00012207

0.00732422 0.000148986
0.00734418 0.00012207

