0.000117007 0
0.00012207 6.68918e-06

0.00012207 9.83923e-07
0.000146484 1.19943e-06

0.000170898 1.63928e-05
0.000166668 2.44141e-05

0.000170898 4.62261e-05
0.000170385 4.88281e-05

0.000195313 5.85519e-06
0.000191663 2.44141e-05

0.000188715 2.44141e-05
0.000183792 4.88281e-05

0.000170843 4.88281e-05
0.000170898 4.90931e-05

0.00018423 4.88281e-05
0.000187713 7.32422e-05

0.000187166 7.32422e-05
0.000195313 8.96956e-05

0.000200463 0
0.000195334 2.44141e-05

0.000195313 8.98777e-05
0.000199239 9.76563e-05

0.000198326 9.76563e-05
0.000219727 0.000119515

0.000219727 0.00011856
0.000226295 0.00012207

0.000226417 0.00012207
0.000244141 0.000131314

0.000244141 0.000130718
0.000268555 0.000134689

0.000268555 0.000134675
0.000292969 0.000131116

0.000341797 9.263e-05
0.000339259 9.76563e-05

0.000342455 0
0.000346356 2.44141e-05

0.000350194 2.44141e-05
0.000354221 4.88281e-05

0.000354203 4.88281e-05
0.000350716 7.32422e-05

0.000341797 9.2224e-05
0.000351311 7.32422e-05

0.000317383 0.000119929
0.000313184 0.00012207

0.000292969 0.000131617
0.000311892 0.00012207

0.000317383 0.000120435
0.000340113 9.76563e-05

0.000876612 0
0.000878906 6.03166e-06

0.000878906 4.60176e-06
0.00090332 3.42652e-06

0.00090332 4.4891e-06
0.000904927 0

0.00146243 0
0.00146484 6.90859e-06

0.00146484 5.22997e-06
0.00148408 2.44141e-05

0.00148461 2.44141e-05
0.00148926 2.60309e-05

0.00148926 1.71579e-05
0.00151367 1.74757e-05

0.0015116 2.44141e-05
0.00151367 2.44223e-05

0.00151367 1.74137e-05
0.00153809 1.69972e-05

0.0015625 5.31929e-06
0.00154322 2.44141e-05

0.00153809 2.60241e-05
0.00154275 2.44141e-05

0 0.00312475
0.000390625 0.00311367

0.000390625 0.00311396
0.00078125 0.00308015

0.00078125 0.00308078
0.00117187 0.00302239

0.00117188 0.00302346
0.0015625 0.00293712

0.0015625 7.09636e-06
0.00156498 0

0.00165651 0
0.00166016 8.89372e-06

0.00166016 1.0473e-05
0.00167492 2.44141e-05

0.00167401 2.44141e-05
0.00168457 2.83895e-05

0.00168457 1.88817e-05
0.00170898 1.91795e-05

0.00169682 2.44141e-05
0.00170898 2.44833e-05

0.0017334 1.14833e-05
0.00171868 2.44141e-05

0.00170898 2.82088e-05
0.00171954 2.44141e-05

0.0017334 1.29513e-05
0.00173902 0

0.00179053 0
0.00180664 1.92161e-05

0.00180664 3.41851e-06
0.00183105 1.33227e-05

0.00183105 8.92798e-06
0.00185547 1.29492e-05

0.00185547 8.57915e-06
0.00187988 1.2649e-05

0.00187988 1.37865e-05
0.0019043 1.3163e-05

0.0019043 1.37468e-05
0.00192871 6.66801e-06

0.00192871 6.87346e-06
0.00195312 1.17275e-05

0.00195312 1.02704e-05
0.00197754 1.56829e-05

0.00197754 1.53465e-05
0.00200195 1.03648e-05

0.00200195 1.56384e-05
0.00202637 3.73439e-06

0.00202637 3.9661e-06
0.00205078 9.13911e-06

0.00205078 8.70058e-06
0.0020752 1.56086e-05

0.0020752 9.34605e-06
0.00209961 1.15519e-05

0.00209961 1.35467e-05
0.00212402 1.357e-05

0.00212402 1.31285e-05
0.00214844 7.80002e-06

0.00214844 7.39655e-06
0.00217285 1.32035e-05

0.00217285 1.41405e-05
0.00219727 1.39403e-05

0.00219727 1.31838e-05
0.00222168 7.15092e-06

0.00222168 7.09928e-06
0.00224609 1.36126e-05

0.00224609 1.42563e-05
0.00227051 1.40914e-05

0.00227051 1.40358e-05
0.00229492 6.45559e-06

0.00229492 7.26978e-06
0.00231934 1.19169e-05

0.00231934 1.03581e-05
0.00234375 1.55094e-05

0.00234375 1.55246e-05
0.00236816 1.04791e-05

0.00236816 1.2529e-05
0.00239258 6.65249e-06

0.00239258 6.66606e-06
0.00241699 1.26254e-05

0.00241699 1.04906e-05
0.00244141 1.55061e-05

0.00244141 1.54967e-05
0.00246582 1.04532e-05

0.00246582 1.24874e-05
0.00249023 6.81607e-06

0.00249023 6.82221e-06
0.00251465 1.26232e-05

0.00251465 1.05511e-05
0.00253906 1.54184e-05

0.00253906 1.54066e-05
0.00256348 1.05046e-05

0.00256348 1.24474e-05
0.00258789 7.01295e-06

0.00258789 7.01576e-06
0.0026123 1.26274e-05

0.0026123 1.07055e-05
0.00263672 1.52441e-05

0.00263672 1.5191e-05
0.00266113 1.0476e-05

0.00266113 1.17633e-05
0.00268555 7.94263e-06

0.00268555 7.15572e-06
0.00270996 1.40122e-05

0.00270996 1.40788e-05
0.00273438 1.40702e-05

0.00273437 1.38625e-05
0.00275879 7.29383e-06

0.00275879 8.11009e-06
0.0027832 1.19229e-05

0.0027832 1.07147e-05
0.00280762 1.49657e-05

0.00280762 1.49631e-05
0.00283203 1.07033e-05

0.00283203 1.19115e-05
0.00285645 8.12441e-06

0.00285645 7.36008e-06
0.00288086 1.38125e-05

0.00288086 1.39122e-05
0.00290527 1.40858e-05

0.00290527 1.3681e-05
0.00292969 7.72515e-06

0.00292969 8.48717e-06
0.0029541 1.20803e-05

0.0029541 1.14199e-05
0.00297852 1.4317e-05

0.00297852 1.19372e-05
0.00300293 1.24441e-05

0.00300293 1.24023e-05
0.00302734 1.40332e-05

0.00302734 1.28905e-05
0.00305176 1.38056e-05

0.00305176 1.33707e-05
0.00307617 1.44093e-05

0.00307617 1.37358e-05
0.00310059 1.45275e-05

0.00310059 1.40333e-05
0.003125 1.49716e-05

0.00175781 0.00288077
0.00158247 0.00292969

0.0015625 0.00293587
0.00158467 0.00292969

0.00175781 0.00288134
0.00195312 0.00281812

0.00234375 0.00265965
0.00217342 0.00273438

0.00195312 0.00281846
0.00214844 0.00274481

0.00214844 0.00274481
0.00217223 0.00273438

0.00292969 0.0023098
0.00288284 0.00234375

0.003125 0.00214515
0.0031214 0.00214844

0.00302734 0.00223286
0.00301102 0.00224609

0.00297852 0.00227042
0.00294709 0.00229492

0.00292969 0.00230977
0.00294896 0.00229492

0.00297852 0.00227025
0.00300864 0.00224609

0.00302734 0.00223233
0.00312333 0.00214844

0.00244141 0.00261112
0.00238903 0.00263672

0.00234375 0.00265873
0.00238879 0.00263672

0.00244141 0.00261123
0.00253906 0.00255997

0.00273438 0.00244633
0.00257808 0.00253906

0.00253906 0.00255983
0.0025747 0.00253906

0.00283203 0.00237961
0.00273961 0.00244141

0.00273438 0.00244573
0.00274111 0.00244141

0.00283203 0.00237952
0.00288174 0.00234375

0.003125 1.43789e-05
0.00314941 1.53707e-05

0.00314941 1.48497e-05
0.00317383 1.57683e-05

0.00317383 1.52521e-05
0.00319824 1.6031e-05

0.00319824 1.54817e-05
0.00322266 1.64671e-05

0.00322266 1.58489e-05
0.00324707 1.71589e-05

0.00324707 1.64773e-05
0.00327148 1.78374e-05

0.00327148 1.70469e-05
0.0032959 1.85085e-05

0.0032959 1.8682e-05
0.00332031 1.84783e-05

0.00332031 1.6917e-05
0.00334473 1.82351e-05

0.00334473 1.9461e-05
0.00336914 2.03356e-05

0.00336914 1.27222e-05
0.00339355 2.41308e-05

0.00339112 2.44141e-05
0.00339355 2.53783e-05

0.00339355 2.3574e-05
0.00339434 2.44141e-05

0.00339355 2.74286e-05
0.00341774 4.88281e-05

0.00341761 4.88281e-05
0.00341797 4.9173e-05

0.00341797 4.87741e-05
0.00341803 4.88281e-05

0.00341797 4.94681e-05
0.00344173 7.32422e-05

0.00344172 7.32422e-05
0.00344238 7.39374e-05

0.00344238 7.4072e-05
0.00346432 9.76563e-05

0.00346488 9.76563e-05
0.0034668 9.98155e-05

0.0034668 0.00010061
0.00348554 0.00012207

0.00348532 0.00012207
0.00349121 0.000129124

0.00349121 0.000128767
0.00350574 0.000146484

0.00350597 0.000146484
0.00351563 0.000159171

0.00351563 0.000159618
0.00354239 0.000195313

0.00354267 0.000195313
0.00356445 0.000228089

0.00356445 0.000229541
0.00357397 0.000244141

0.00357469 0.000244141
0.00360344 0.000292969

0.00360421 0.000292969
0.00361328 0.000311296

0.00361328 0.000312797
0.00362837 0.000341797

0.00362862 0.000341797
0.00365116 0.000390625

0.00365182 0.000390625
0.00368914 0.000488281

0.00368894 0.000488281
0.00371094 0.000566299

0.00371094 0.000567966
0.003716 0.000585938

0.00371618 0.000585937
0.00373492 0.000683594

0.00373455 0.000683594
0.00374563 0.00078125

0.00374762 0.00078125
0.00374801 0.000976562

0.0037477 0.000976562
0.00371949 0.00117188

0.00371094 0.00120264
0.00366346 0.00136719

0.00366362 0.00136719
0.00357815 0.0015625

0.00371094 0.00119658
0.00371807 0.00117187

0.00332031 0.00194012
0.00330954 0.00195312

0.00351563 0.00167124
0.00346102 0.00175781

0.00341797 0.00181883
0.00339178 0.00185547

0.00332031 0.00194377
0.00339148 0.00185547

0.00346038 0.00175781
0.00342643 0.00180664

0.00341797 0.00181375
0.00342295 0.00180664

0.00331572 0.00195312
0.00312699 0.00214844

0.00357609 0.0015625
0.00352221 0.00166016

0.00351563 0.00167067
0.00352199 0.00166016

