0.000117077 0
0.00012207 6.68107e-06

0.00012207 1.01315e-06
0.000146484 1.187e-06

0.000170898 1.65106e-05
0.000166678 2.44141e-05

0.000170898 4.63241e-05
0.000170401 4.88281e-05

0.000195313 5.94581e-06
0.000191682 2.44141e-05

0.000188706 2.44141e-05
0.000183784 4.88281e-05

0.00017085 4.88281e-05
0.000170898 4.9058e-05

0.000184222 4.88281e-05
0.000187705 7.32422e-05

0.000187159 7.32422e-05
0.000195313 8.97086e-05

0.000195313 2.43649e-05
0.000200425 0

0.000195313 8.98941e-05
0.000199231 9.76563e-05

0.000198319 9.76563e-05
0.000219727 0.000119519

0.000219727 0.000118565
0.000226288 0.00012207

0.000226411 0.00012207
0.000244141 0.000131316

0.000244141 0.000130719
0.000268555 0.000134688

0.000268555 0.000134673
0.000292969 0.000131112

0.000341797 9.26162e-05
0.000339251 9.76563e-05

0.000342452 0
0.000346352 2.44141e-05

0.000350189 2.44141e-05
0.000354215 4.88281e-05

0.000354198 4.88281e-05
0.00035071 7.32422e-05

0.000341797 9.22088e-05
0.000351304 7.32422e-05

0.000317383 0.00011992
0.000313168 0.00012207

0.000292969 0.000131614
0.000311881 0.00012207

0.000317383 0.000120428
0.000340104 9.76563e-05

0.000876975 0
0.000878906 5.25151e-06

0.000878906 4.00166e-06
0.00090332 4.04748e-06

0.00090332 5.31175e-06
0.000905278 0

0.00146279 0
0.00146484 5.92137e-06

0.00146484 5.30781e-06
0.00148391 2.44141e-05

0.00148338 2.44141e-05
0.00148926 2.64619e-05

0.00148926 1.71182e-05
0.00151367 1.73743e-05

0.00148926 2.44557e-05
0.00150919 2.44141e-05

0.00151367 1.7393e-05
0.00153809 1.71474e-05

0.00151886 2.44141e-05
0.00153809 2.44567e-05

0.0015625 5.28174e-06
0.00154343 2.44141e-05

0.00153809 2.64616e-05
0.00154396 2.44141e-05

0 0.00312475
0.000390625 0.00311367

0.000390625 0.00311397
0.00078125 0.00308016

0.00078125 0.00308078
0.00117187 0.0030224

0.00117188 0.00302346
0.0015625 0.00293712

0.0015625 6.01764e-06
0.00156459 0

0.00165648 0
0.00166016 8.95644e-06

0.00166016 1.04909e-05
0.00167492 2.44141e-05

0.00167405 2.44141e-05
0.00168457 2.83691e-05

0.00168457 1.88638e-05
0.00170898 1.91689e-05

0.00169683 2.44141e-05
0.00170898 2.44856e-05

0.0017334 1.14978e-05
0.0017187 2.44141e-05

0.00170898 2.82008e-05
0.00171951 2.44141e-05

0.0017334 1.28865e-05
0.00173899 0

0.00179054 0
0.00180664 1.92196e-05

0.00180664 3.42213e-06
0.00183105 1.33285e-05

0.00183105 8.93169e-06
0.00185547 1.29518e-05

0.00185547 8.58801e-06
0.00187988 1.26501e-05

0.00187988 1.37868e-05
0.0019043 1.31607e-05

0.0019043 1.3749e-05
0.00192871 6.67228e-06

0.00192871 6.876e-06
0.00195312 1.17244e-05

0.00195312 1.0264e-05
0.00197754 1.56898e-05

0.00197754 1.53568e-05
0.00200195 1.0373e-05

0.00200195 1.56358e-05
0.00202637 3.73235e-06

0.00202637 3.97594e-06
0.00205078 9.1443e-06

0.00205078 8.6854e-06
0.0020752 1.5616e-05

0.0020752 9.36578e-06
0.00209961 1.15768e-05

0.00209961 1.35666e-05
0.00212402 1.35515e-05

0.00212402 1.31925e-05
0.00214844 7.7302e-06

0.00214844 7.31044e-06
0.00217285 1.31393e-05

0.00217285 1.40252e-05
0.00219727 1.4052e-05

0.00219727 1.32473e-05
0.00222168 7.238e-06

0.00222168 7.16899e-06
0.00224609 1.35436e-05

0.00224609 1.42538e-05
0.00227051 1.40865e-05

0.00227051 1.40292e-05
0.00229492 6.45977e-06

0.00229492 7.27299e-06
0.00231934 1.19199e-05

0.00231934 1.03574e-05
0.00234375 1.55078e-05

0.00234375 1.55244e-05
0.00236816 1.04848e-05

0.00236816 1.25333e-05
0.00239258 6.653e-06

0.00239258 6.66791e-06
0.00241699 1.26235e-05

0.00241699 1.04909e-05
0.00244141 1.55068e-05

0.00244141 1.54965e-05
0.00246582 1.04542e-05

0.00246582 1.24888e-05
0.00249023 6.81688e-06

0.00249023 6.82424e-06
0.00251465 1.26209e-05

0.00251465 1.05487e-05
0.00253906 1.54179e-05

0.00253906 1.54076e-05
0.00256348 1.05055e-05

0.00256348 1.2454e-05
0.00258789 7.00363e-06

0.00258789 7.00125e-06
0.0026123 1.26271e-05

0.0026123 1.07026e-05
0.00263672 1.5259e-05

0.00263672 1.52051e-05
0.00266113 1.04718e-05

0.00266113 1.17612e-05
0.00268555 7.93124e-06

0.00268555 7.15031e-06
0.00270996 1.40174e-05

0.00270996 1.40769e-05
0.00273438 1.40703e-05

0.00273437 1.38553e-05
0.00275879 7.30343e-06

0.00275879 8.12194e-06
0.0027832 1.19282e-05

0.0027832 1.07251e-05
0.00280762 1.49515e-05

0.00280762 1.49503e-05
0.00283203 1.07003e-05

0.00283203 1.18561e-05
0.00285645 8.19051e-06

0.00285645 7.44282e-06
0.00288086 1.38518e-05

0.00288086 1.39875e-05
0.00290527 1.39879e-05

0.00290527 1.35715e-05
0.00292969 7.72379e-06

0.00292969 8.45859e-06
0.0029541 1.2231e-05

0.0029541 1.14968e-05
0.00297852 1.43582e-05

0.00297852 1.2052e-05
0.00300293 1.24221e-05

0.00300293 1.24775e-05
0.00302734 1.38888e-05

0.00302734 1.28375e-05
0.00305176 1.36343e-05

0.00305176 1.32055e-05
0.00307617 1.43229e-05

0.00307617 1.35928e-05
0.00310059 1.45523e-05

0.00310059 1.39879e-05
0.003125 1.50186e-05

0.00175781 0.00288078
0.00158249 0.00292969

0.0015625 0.00293588
0.00158469 0.00292969

0.00175781 0.00288135
0.00195312 0.00281812

0.00234375 0.00265966
0.00217344 0.00273438

0.00195312 0.00281847
0.00214844 0.00274482

0.00214844 0.00274482
0.00217224 0.00273438

0.00292969 0.00230982
0.00288286 0.00234375

0.003125 0.00214515
0.00312141 0.00214844

0.00302734 0.00223289
0.00301105 0.00224609

0.00297852 0.00227044
0.00294711 0.00229492

0.00292969 0.00230979
0.00294898 0.00229492

0.00297852 0.00227026
0.00300866 0.00224609

0.00302734 0.00223234
0.00312334 0.00214844

0.00244141 0.00261113
0.00238906 0.00263672

0.00234375 0.00265874
0.00238881 0.00263672

0.00244141 0.00261124
0.00253906 0.00255998

0.00273438 0.00244635
0.0025781 0.00253906

0.00253906 0.00255984
0.00257472 0.00253906

0.00283203 0.00237963
0.00273964 0.00244141

0.00273438 0.00244574
0.00274113 0.00244141

0.00283203 0.00237954
0.00288176 0.00234375

0.003125 1.43667e-05
0.00314941 1.54098e-05

0.00314941 1.48163e-05
0.00317383 1.58886e-05

0.00317383 1.53348e-05
0.00319824 1.6239e-05

0.00319824 1.57208e-05
0.00322266 1.6541e-05

0.00322266 1.59342e-05
0.00324707 1.70853e-05

0.00324707 1.66834e-05
0.00327148 1.76632e-05

0.00327148 1.68459e-05
0.0032959 1.80004e-05

0.0032959 1.75595e-05
0.00332031 1.90033e-05

0.00332031 1.83262e-05
0.00334473 1.9392e-05

0.00334473 1.93017e-05
0.00336914 1.93928e-05

0.00336914 1.29491e-05
0.00339253 2.44141e-05

0.00339092 2.44141e-05
0.00339355 2.54685e-05

0.00339355 2.73429e-05
0.00341768 4.88281e-05

0.00341691 4.88281e-05
0.00341797 4.98752e-05

0.00341797 5.01136e-05
0.00344072 7.32422e-05

0.00344103 7.32422e-05
0.00344238 7.46512e-05

0.00344238 7.4945e-05
0.00346357 9.76563e-05

0.00346415 9.76563e-05
0.0034668 0.000100623

0.0034668 0.000101418
0.0034849 0.00012207

0.00348472 0.00012207
0.00349121 0.000129838

0.00349121 0.000129476
0.00350519 0.000146484

0.00350544 0.000146484
0.00351563 0.000159834

0.00351563 0.000160229
0.00354203 0.000195313

0.00354221 0.000195313
0.00356445 0.000228661

0.00356445 0.000229686
0.00357389 0.000244141

0.00357443 0.000244141
0.00360327 0.000292969

0.00360406 0.000292969
0.00361328 0.000311553

0.00361328 0.000313052
0.00362829 0.000341797

0.00362853 0.000341797
0.00365113 0.000390625

0.00365179 0.000390625
0.00368919 0.000488281

0.00368899 0.000488281
0.00371094 0.000566004

0.00371094 0.000567695
0.00371609 0.000585938

0.00371627 0.000585937
0.00373503 0.000683594

0.00373466 0.000683594
0.00374575 0.00078125

0.00374773 0.00078125
0.00374812 0.000976562

0.00374782 0.000976562
0.00371959 0.00117188

0.00371094 0.00120298
0.00366354 0.00136719

0.0036637 0.00136719
0.00357822 0.0015625

0.00371094 0.00119692
0.00371817 0.00117187

0.00332031 0.00194014
0.00330955 0.00195312

0.00351563 0.00167134
0.00346107 0.00175781

0.00341797 0.00181891
0.00339183 0.00185547

0.00332031 0.00194383
0.00339154 0.00185547

0.00346044 0.00175781
0.00342648 0.00180664

0.00341797 0.00181382
0.003423 0.00180664

0.00331575 0.00195312
0.003127 0.00214844

0.00357616 0.0015625
0.00352227 0.00166016

0.00351563 0.00167078
0.00352206 0.00166016

