0.000117065 0
0.00012207 6.68278e-06

0.00012207 9.96303e-07
0.000146484 1.20101e-06

0.000170898 1.64784e-05
0.000166676 2.44141e-05

0.000170898 4.62893e-05
0.000170395 4.88281e-05

0.000195313 5.91466e-06
0.000191676 2.44141e-05

0.000188706 2.44141e-05
0.000183783 4.88281e-05

0.000170847 4.88281e-05
0.000170898 4.90753e-05

0.000184221 4.88281e-05
0.000187704 7.32422e-05

0.000187157 7.32422e-05
0.000195313 8.9714e-05

0.000195313 2.44004e-05
0.000200434 0

0.000195313 8.98993e-05
0.000199228 9.76563e-05

0.000198316 9.76563e-05
0.000219727 0.000119524

0.000219727 0.00011857
0.000226279 0.00012207

0.000226403 0.00012207
0.000244141 0.000131321

0.000244141 0.000130724
0.000268555 0.000134694

0.000268555 0.000134679
0.000292969 0.000131119

0.000341797 9.26322e-05
0.00033926 9.76563e-05

0.000342454 0
0.000346355 2.44141e-05

0.000350193 2.44141e-05
0.00035422 4.88281e-05

0.000354202 4.88281e-05
0.000350716 7.32422e-05

0.000341797 9.22255e-05
0.000351311 7.32422e-05

0.000317383 0.000119931
0.000313188 0.00012207

0.000292969 0.000131621
0.000311896 0.00012207

0.000317383 0.000120438
0.000340114 9.76563e-05

0.000876544 0
0.000878906 6.16928e-06

0.000878906 4.7076e-06
0.00090332 3.31126e-06

0.00090332 4.33894e-06
0.000904866 0

0.00146276 0
0.00146484 6.00428e-06

0.00146484 5.37082e-06
0.00148391 2.44141e-05

0.00148322 2.44141e-05
0.00148926 2.65087e-05

0.00148926 1.7137e-05
0.00151367 1.72378e-05

0.00148926 2.44724e-05
0.00150213 2.44141e-05

0.00151367 1.71942e-05
0.00153809 1.71119e-05

0.00152514 2.44141e-05
0.00153809 2.44755e-05

0.0015625 5.48138e-06
0.00154346 2.44141e-05

0.00153809 2.64958e-05
0.0015441 2.44141e-05

0 0.00312475
0.000390625 0.00311367

0.000390625 0.00311397
0.00078125 0.00308016

0.00078125 0.00308078
0.00117187 0.0030224

0.00117188 0.00302346
0.0015625 0.00293712

0.0015625 6.16005e-06
0.00156465 0

0.00165647 0
0.00166016 8.98871e-06

0.00166016 1.05062e-05
0.00167492 2.44141e-05

0.00167405 2.44141e-05
0.00168457 2.83659e-05

0.00168457 1.88466e-05
0.00170898 1.91514e-05

0.0016968 2.44141e-05
0.00170898 2.44858e-05

0.0017334 1.15089e-05
0.0017187 2.44141e-05

0.00170898 2.82003e-05
0.00171952 2.44141e-05

0.0017334 1.28872e-05
0.00173899 0

0.00179053 0
0.00180664 1.92191e-05

0.00180664 3.42308e-06
0.00183105 1.33238e-05

0.00183105 8.92876e-06
0.00185547 1.29511e-05

0.00185547 8.58535e-06
0.00187988 1.26507e-05

0.00187988 1.37872e-05
0.0019043 1.31603e-05

0.0019043 1.37482e-05
0.00192871 6.67004e-06

0.00192871 6.87424e-06
0.00195312 1.17252e-05

0.00195312 1.02644e-05
0.00197754 1.56889e-05

0.00197754 1.53574e-05
0.00200195 1.03693e-05

0.00200195 1.56362e-05
0.00202637 3.7267e-06

0.00202637 3.97752e-06
0.00205078 9.13655e-06

0.00205078 8.6572e-06
0.0020752 1.56276e-05

0.0020752 9.38163e-06
0.00209961 1.15996e-05

0.00209961 1.35826e-05
0.00212402 1.35293e-05

0.00212402 1.31928e-05
0.00214844 7.71844e-06

0.00214844 7.29814e-06
0.00217285 1.31342e-05

0.00217285 1.40039e-05
0.00219727 1.40664e-05

0.00219727 1.32446e-05
0.00222168 7.27058e-06

0.00222168 7.20336e-06
0.00224609 1.35389e-05

0.00224609 1.42728e-05
0.00227051 1.40559e-05

0.00227051 1.40082e-05
0.00229492 6.44434e-06

0.00229492 7.25861e-06
0.00231934 1.19378e-05

0.00231934 1.03584e-05
0.00234375 1.55059e-05

0.00234375 1.55268e-05
0.00236816 1.04821e-05

0.00236816 1.25305e-05
0.00239258 6.64854e-06

0.00239258 6.66281e-06
0.00241699 1.26277e-05

0.00241699 1.04909e-05
0.00244141 1.55097e-05

0.00244141 1.55006e-05
0.00246582 1.04534e-05

0.00246582 1.24888e-05
0.00249023 6.81292e-06

0.00249023 6.82007e-06
0.00251465 1.26243e-05

0.00251465 1.055e-05
0.00253906 1.54213e-05

0.00253906 1.54114e-05
0.00256348 1.05046e-05

0.00256348 1.24561e-05
0.00258789 6.99934e-06

0.00258789 6.99813e-06
0.0026123 1.26259e-05

0.0026123 1.07021e-05
0.00263672 1.52589e-05

0.00263672 1.52028e-05
0.00266113 1.04697e-05

0.00266113 1.17585e-05
0.00268555 7.93405e-06

0.00268555 7.15123e-06
0.00270996 1.40188e-05

0.00270996 1.40798e-05
0.00273438 1.40686e-05

0.00273437 1.38542e-05
0.00275879 7.30072e-06

0.00275879 8.11941e-06
0.0027832 1.19305e-05

0.0027832 1.07266e-05
0.00280762 1.49518e-05

0.00280762 1.495e-05
0.00283203 1.06988e-05

0.00283203 1.1844e-05
0.00285645 8.20294e-06

0.00285645 7.45337e-06
0.00288086 1.38674e-05

0.00288086 1.40161e-05
0.00290527 1.39715e-05

0.00290527 1.36e-05
0.00292969 7.66071e-06

0.00292969 8.39555e-06
0.0029541 1.22039e-05

0.0029541 1.14604e-05
0.00297852 1.43923e-05

0.00297852 1.20262e-05
0.00300293 1.24472e-05

0.00300293 1.24721e-05
0.00302734 1.39624e-05

0.00302734 1.28959e-05
0.00305176 1.36923e-05

0.00305176 1.32908e-05
0.00307617 1.43095e-05

0.00307617 1.36194e-05
0.00310059 1.44974e-05

0.00310059 1.39572e-05
0.003125 1.49951e-05

0.00175781 0.00288078
0.00158249 0.00292969

0.0015625 0.00293588
0.00158469 0.00292969

0.00175781 0.00288135
0.00195312 0.00281812

0.00234375 0.00265965
0.00217343 0.00273438

0.00195312 0.00281847
0.00214844 0.00274481

0.00214844 0.00274482
0.00217224 0.00273438

0.00292969 0.00230982
0.00288286 0.00234375

0.003125 0.00214515
0.0031214 0.00214844

0.00302734 0.00223288
0.00301105 0.00224609

0.00297852 0.00227044
0.00294711 0.00229492

0.00292969 0.00230978
0.00294897 0.00229492

0.00297852 0.00227026
0.00300865 0.00224609

0.00302734 0.00223234
0.00312334 0.00214844

0.00244141 0.00261113
0.00238905 0.00263672

0.00234375 0.00265874
0.0023888 0.00263672

0.00244141 0.00261123
0.00253906 0.00255997

0.00273438 0.00244635
0.00257809 0.00253906

0.00253906 0.00255984
0.00257471 0.00253906

0.00283203 0.00237963
0.00273963 0.00244141

0.00273438 0.00244574
0.00274112 0.00244141

0.00283203 0.00237954
0.00288176 0.00234375

0.003125 1.43534e-05
0.00314941 1.5404e-05

0.00314941 1.48194e-05
0.00317383 1.58417e-05

0.00317383 1.52935e-05
0.00319824 1.61745e-05

0.00319824 1.56569e-05
0.00322266 1.65172e-05

0.00322266 1.58935e-05
0.00324707 1.70873e-05

0.00324707 1.64498e-05
0.00327148 1.78834e-05

0.00327148 1.70173e-05
0.0032959 1.86512e-05

0.0032959 1.89732e-05
0.00332031 1.85543e-05

0.00332031 1.65977e-05
0.00334473 1.82381e-05

0.00334473 1.99291e-05
0.00336914 2.08794e-05

0.00336914 1.24596e-05
0.00339355 2.41553e-05

0.00338983 2.44141e-05
0.00339355 2.60078e-05

0.00339355 2.35105e-05
0.00339432 2.44141e-05

0.00339355 2.88438e-05
0.00341558 4.88281e-05

0.00341645 4.88281e-05
0.00341797 5.02613e-05

0.00341797 5.08219e-05
0.00344085 7.32422e-05

0.00344092 7.32422e-05
0.00344238 7.47447e-05

0.00344238 7.49393e-05
0.00346378 9.76563e-05

0.0034643 9.76563e-05
0.0034668 0.000100441

0.0034668 0.000100954
0.00350578 0.000146484

0.00350569 0.000146484
0.00351563 0.000159475

0.00351563 0.000159842
0.00354234 0.000195313

0.00354249 0.000195313
0.00356445 0.000228273

0.00356445 0.000229272
0.00357416 0.000244141

0.00357468 0.000244141
0.00360348 0.000292969

0.00360427 0.000292969
0.00361328 0.00031115

0.00361328 0.000312667
0.00362847 0.000341797

0.00362871 0.000341797
0.00365127 0.000390625

0.00365193 0.000390625
0.00368928 0.000488281

0.00368907 0.000488281
0.00371094 0.000565856

0.00371094 0.000567483
0.00371614 0.000585938

0.0037163 0.000585937
0.00373503 0.000683594

0.00373466 0.000683594
0.00374573 0.00078125

0.00374771 0.00078125
0.00374808 0.000976562

0.00374778 0.000976562
0.00371955 0.00117188

0.00371094 0.00120283
0.0036635 0.00136719

0.00366366 0.00136719
0.00357819 0.0015625

0.00371094 0.00119676
0.00371812 0.00117187

0.00332031 0.00194013
0.00330955 0.00195312

0.00351563 0.00167129
0.00346105 0.00175781

0.00341797 0.00181888
0.00339181 0.00185547

0.00332031 0.00194381
0.00339152 0.00185547

0.00346042 0.00175781
0.00342646 0.00180664

0.00341797 0.00181379
0.00342298 0.00180664

0.00331574 0.00195312
0.003127 0.00214844

0.00357613 0.0015625
0.00352224 0.00166016

0.00351563 0.00167073
0.00352203 0.00166016

