0.000117226 0
0.00012207 6.66119e-06

0.00012207 1.03069e-06
0.000146484 1.20608e-06

0.000170898 1.67187e-05
0.000166701 2.44141e-05

0.000170898 4.64383e-05
0.000170419 4.88281e-05

0.000195313 6.08188e-06
0.000191713 2.44141e-05

0.00018869 2.44141e-05
0.00018377 4.88281e-05

0.000170853 4.88281e-05
0.000170898 4.90483e-05

0.00018421 4.88281e-05
0.000187693 7.32422e-05

0.000187147 7.32422e-05
0.000195313 8.97322e-05

0.000195313 2.41077e-05
0.00020036 0

0.000195313 8.99211e-05
0.000199217 9.76563e-05

0.000198306 9.76563e-05
0.000219727 0.000119529

0.000219727 0.000118576
0.00022627 0.00012207

0.000226397 0.00012207
0.000244141 0.000131321

0.000244141 0.000130725
0.000268555 0.00013469

0.000268555 0.000134676
0.000292969 0.000131113

0.000341797 9.26049e-05
0.000339246 9.76563e-05

0.000342441 0
0.000346342 2.44141e-05

0.000350179 2.44141e-05
0.000354207 4.88281e-05

0.000354189 4.88281e-05
0.000350703 7.32422e-05

0.000341797 9.21984e-05
0.000351297 7.32422e-05

0.000317383 0.000119915
0.000313158 0.00012207

0.000292969 0.000131615
0.000311879 0.00012207

0.000317383 0.000120427
0.000340099 9.76563e-05

0.00087704 0
0.000878906 5.10424e-06

0.000878906 3.86243e-06
0.00090332 4.17529e-06

0.00090332 5.51202e-06
0.000905369 0

0.00146278 0
0.00146484 5.94016e-06

0.00146484 5.43689e-06
0.00148388 2.44141e-05

0.00148314 2.44141e-05
0.00148926 2.65347e-05

0.00148926 1.71271e-05
0.00151367 1.72029e-05

0.00148926 2.44765e-05
0.00150163 2.44141e-05

0.00151367 1.72006e-05
0.00153809 1.71413e-05

0.00152587 2.44141e-05
0.00153809 2.44775e-05

0.0015625 5.45911e-06
0.00154347 2.44141e-05

0.00153809 2.65224e-05
0.00154417 2.44141e-05

0 0.00312475
0.000390625 0.00311367

0.000390625 0.00311397
0.00078125 0.00308015

0.00078125 0.00308078
0.00117187 0.0030224

0.00117188 0.00302346
0.0015625 0.00293712

0.0015625 6.02958e-06
0.0015646 0

0.00165649 0
0.00166016 8.92937e-06

0.00166016 1.05032e-05
0.00167491 2.44141e-05

0.00167405 2.44141e-05
0.00168457 2.83713e-05

0.00168457 1.88637e-05
0.00170898 1.91699e-05

0.0016969 2.44141e-05
0.00170898 2.44848e-05

0.0017334 1.15198e-05
0.00171872 2.44141e-05

0.00170898 2.8189e-05
0.00171948 2.44141e-05

0.0017334 1.28719e-05
0.00173899 0

0.00179051 0
0.00180664 1.92323e-05

0.00180664 3.44881e-06
0.00183105 1.33146e-05

0.00183105 8.93577e-06
0.00185547 1.29441e-05

0.00185547 8.58786e-06
0.00187988 1.26501e-05

0.00187988 1.37796e-05
0.0019043 1.3164e-05

0.0019043 1.37415e-05
0.00192871 6.69328e-06

0.00192871 6.8988e-06
0.00195312 1.17267e-05

0.00195312 1.0274e-05
0.00197754 1.56736e-05

0.00197754 1.53424e-05
0.00200195 1.03782e-05

0.00200195 1.56231e-05
0.00202637 3.76512e-06

0.00202637 4.00109e-06
0.00205078 9.14841e-06

0.00205078 8.70704e-06
0.0020752 1.56003e-05

0.0020752 9.36235e-06
0.00209961 1.15702e-05

0.00209961 1.35525e-05
0.00212402 1.35671e-05

0.00212402 1.32194e-05
0.00214844 7.73236e-06

0.00214844 7.31007e-06
0.00217285 1.31088e-05

0.00217285 1.39985e-05
0.00219727 1.40674e-05

0.00219727 1.32359e-05
0.00222168 7.27429e-06

0.00222168 7.21032e-06
0.00224609 1.3543e-05

0.00224609 1.42681e-05
0.00227051 1.40529e-05

0.00227051 1.40025e-05
0.00229492 6.4633e-06

0.00229492 7.27575e-06
0.00231934 1.19389e-05

0.00231934 1.03669e-05
0.00234375 1.54952e-05

0.00234375 1.55144e-05
0.00236816 1.0488e-05

0.00236816 1.25323e-05
0.00239258 6.66822e-06

0.00239258 6.68137e-06
0.00241699 1.26194e-05

0.00241699 1.04927e-05
0.00244141 1.55015e-05

0.00244141 1.54923e-05
0.00246582 1.04583e-05

0.00246582 1.2491e-05
0.00249023 6.82191e-06

0.00249023 6.82831e-06
0.00251465 1.26187e-05

0.00251465 1.05504e-05
0.00253906 1.54172e-05

0.00253906 1.54059e-05
0.00256348 1.0506e-05

0.00256348 1.24493e-05
0.00258789 7.01207e-06

0.00258789 7.01083e-06
0.0026123 1.26299e-05

0.0026123 1.07065e-05
0.00263672 1.52532e-05

0.00263672 1.51993e-05
0.00266113 1.04777e-05

0.00266113 1.17661e-05
0.00268555 7.93913e-06

0.00268555 7.15812e-06
0.00270996 1.40118e-05

0.00270996 1.40758e-05
0.00273438 1.40691e-05

0.00273437 1.38519e-05
0.00275879 7.30902e-06

0.00275879 8.12349e-06
0.0027832 1.19347e-05

0.0027832 1.07446e-05
0.00280762 1.49414e-05

0.00280762 1.49279e-05
0.00283203 1.06912e-05

0.00283203 1.17978e-05
0.00285645 8.27731e-06

0.00285645 7.54118e-06
0.00288086 1.38866e-05

0.00288086 1.4001e-05
0.00290527 1.39477e-05

0.00290527 1.364e-05
0.00292969 7.71602e-06

0.00292969 8.50273e-06
0.0029541 1.2067e-05

0.0029541 1.13968e-05
0.00297852 1.42486e-05

0.00297852 1.19323e-05
0.00300293 1.23822e-05

0.00300293 1.23488e-05
0.00302734 1.3914e-05

0.00302734 1.27848e-05
0.00305176 1.37385e-05

0.00305176 1.32414e-05
0.00307617 1.44143e-05

0.00307617 1.36667e-05
0.00310059 1.46201e-05

0.00310059 1.40733e-05
0.003125 1.5058e-05

0.00175781 0.00288078
0.00158249 0.00292969

0.0015625 0.00293588
0.00158469 0.00292969

0.00175781 0.00288135
0.00195312 0.00281813

0.00234375 0.00265966
0.00217345 0.00273438

0.00195312 0.00281847
0.00214844 0.00274482

0.00214844 0.00274482
0.00217224 0.00273438

0.00292969 0.00230983
0.00288288 0.00234375

0.003125 0.00214515
0.00312141 0.00214844

0.00302734 0.00223291
0.00301108 0.00224609

0.00297852 0.00227045
0.00294712 0.00229492

0.00292969 0.0023098
0.00294899 0.00229492

0.00297852 0.00227026
0.00300866 0.00224609

0.00302734 0.00223235
0.00312336 0.00214844

0.00244141 0.00261114
0.00238907 0.00263672

0.00234375 0.00265875
0.00238881 0.00263672

0.00244141 0.00261124
0.00253906 0.00255998

0.00273438 0.00244636
0.00257812 0.00253906

0.00253906 0.00255984
0.00257472 0.00253906

0.00283203 0.00237964
0.00273965 0.00244141

0.00273438 0.00244574
0.00274113 0.00244141

0.00283203 0.00237955
0.00288177 0.00234375

0.003125 1.44703e-05
0.00314941 1.53815e-05

0.00314941 1.48686e-05
0.00317383 1.57488e-05

0.00317383 1.52116e-05
0.00319824 1.61113e-05

0.00319824 1.5505e-05
0.00322266 1.66532e-05

0.00322266 1.59151e-05
0.00324707 1.74298e-05

0.00324707 1.74012e-05
0.00327148 1.75236e-05

0.00327148 1.66321e-05
0.0032959 1.69415e-05

0.0032959 1.57835e-05
0.00332031 1.97225e-05

0.00332031 2.00923e-05
0.00334473 2.13338e-05

0.00334473 1.99651e-05
0.00336914 1.8024e-05

0.00336914 1.28224e-05
0.00339292 2.44141e-05

0.00339278 2.44141e-05
0.00339355 2.47155e-05

0.00339355 2.66987e-05
0.00341797 4.80611e-05

0.00341781 4.88281e-05
0.00341797 4.89848e-05

0.00341797 4.79076e-05
0.0034189 4.88281e-05

0.00341797 4.90548e-05
0.00344164 7.32422e-05

0.00344173 7.32422e-05
0.00344238 7.39346e-05

0.00344238 7.41406e-05
0.00346404 9.76563e-05

0.0034646 9.76563e-05
0.0034668 0.000100145

0.0034668 0.000100594
0.0035056 0.000146484

0.00350564 0.000146484
0.00351563 0.000159628

0.00351563 0.000160057
0.00354207 0.000195313

0.00354228 0.000195313
0.00356445 0.000228628

0.00356445 0.000229733
0.00357384 0.000244141

0.00357442 0.000244141
0.00360322 0.000292969

0.00360399 0.000292969
0.00361328 0.000311709

0.00361328 0.00031319
0.0036282 0.000341797

0.00362844 0.000341797
0.00365103 0.000390625

0.00365169 0.000390625
0.00368908 0.000488281

0.00368887 0.000488281
0.00371094 0.000566417

0.00371094 0.000568116
0.00371597 0.000585938

0.00371615 0.000585937
0.00373492 0.000683594

0.00373455 0.000683594
0.00374566 0.00078125

0.00374764 0.00078125
0.00374806 0.000976562

0.00374776 0.000976562
0.00371957 0.00117188

0.00371094 0.00120293
0.00366355 0.00136719

0.00366371 0.00136719
0.00357825 0.0015625

0.00371094 0.00119684
0.00371814 0.00117187

0.00332031 0.00194012
0.00330954 0.00195312

0.00351563 0.00167138
0.0034611 0.00175781

0.00341797 0.00181897
0.00339187 0.00185547

0.00332031 0.00194386
0.00339157 0.00185547

0.00346047 0.00175781
0.00342651 0.00180664

0.00341797 0.00181382
0.003423 0.00180664

0.00331577 0.00195312
0.00312701 0.00214844

0.00357618 0.0015625
0.0035223 0.00166016

0.00351563 0.00167082
0.00352208 0.00166016

