0.000117447 0
0.00012207 6.62223e-06

0.00012207 1.07405e-06
0.000146484 1.21746e-06

0.000170898 1.70505e-05
0.000166738 2.44141e-05

0.000170898 4.66528e-05
0.000170454 4.88281e-05

0.000195313 6.3246e-06
0.000191764 2.44141e-05

0.000188664 2.44141e-05
0.000183747 4.88281e-05

0.000170858 4.88281e-05
0.000170898 4.90216e-05

0.000184188 4.88281e-05
0.00018767 7.32422e-05

0.000187124 7.32422e-05
0.000195313 8.9777e-05

0.000195313 2.36689e-05
0.00020025 0

0.000195313 8.99712e-05
0.000199191 9.76563e-05

0.000198281 9.76563e-05
0.000219727 0.00011955

0.000219727 0.000118597
0.000226235 0.00012207

0.000226366 0.00012207
0.000244141 0.000131333

0.000244141 0.000130736
0.000268555 0.000134695

0.000268555 0.000134681
0.000292969 0.000131111

0.000341797 9.25646e-05
0.000339226 9.76563e-05

0.00034242 0
0.000346321 2.44141e-05

0.000350159 2.44141e-05
0.000354186 4.88281e-05

0.000354169 4.88281e-05
0.000350683 7.32422e-05

0.000341797 9.2161e-05
0.000351276 7.32422e-05

0.000317383 0.000119898
0.000313128 0.00012207

0.000292969 0.000131614
0.000311865 0.00012207

0.000317383 0.000120415
0.00034008 9.76563e-05

0.000876566 0
0.000878906 6.12379e-06

0.000878906 4.67008e-06
0.00090332 3.35112e-06

0.00090332 4.39574e-06
0.000904889 0

0.00146278 0
0.00146484 5.95343e-06

0.00146484 5.26866e-06
0.00148392 2.44141e-05

0.00148339 2.44141e-05
0.00148926 2.64628e-05

0.00148926 1.71472e-05
0.00151367 1.74007e-05

0.00148926 2.44557e-05
0.00150896 2.44141e-05

0.00151367 1.7374e-05
0.00153809 1.71243e-05

0.00151859 2.44141e-05
0.00153809 2.44566e-05

0.0015625 5.32651e-06
0.00154344 2.44141e-05

0.00153809 2.64632e-05
0.00154397 2.44141e-05

0 0.00312475
0.000390625 0.00311368

0.000390625 0.00311397
0.00078125 0.00308016

0.00078125 0.00308079
0.00117187 0.00302241

0.00117188 0.00302347
0.0015625 0.00293713

0.0015625 5.98421e-06
0.00156458 0

0.00165649 0
0.00166016 8.94562e-06

0.00166016 1.05134e-05
0.00167491 2.44141e-05

0.00167404 2.44141e-05
0.00168457 2.83719e-05

0.00168457 1.88548e-05
0.00170898 1.91553e-05

0.0016968 2.44141e-05
0.00170898 2.44838e-05

0.0017334 1.15189e-05
0.00171871 2.44141e-05

0.00170898 2.81879e-05
0.00171948 2.44141e-05

0.0017334 1.28742e-05
0.00173899 0

0.00179052 0
0.00180664 1.92475e-05

0.00180664 3.46822e-06
0.00183105 1.33372e-05

0.00183105 8.95876e-06
0.00185547 1.29409e-05

0.00185547 8.60908e-06
0.00187988 1.26471e-05

0.00187988 1.37746e-05
0.0019043 1.31613e-05

0.0019043 1.37332e-05
0.00192871 6.7225e-06

0.00192871 6.9285e-06
0.00195312 1.17273e-05

0.00195312 1.02801e-05
0.00197754 1.56601e-05

0.00197754 1.53363e-05
0.00200195 1.03906e-05

0.00200195 1.56101e-05
0.00202637 3.79383e-06

0.00202637 4.06384e-06
0.00205078 9.12388e-06

0.00205078 8.59462e-06
0.0020752 1.56468e-05

0.0020752 9.46618e-06
0.00209961 1.16973e-05

0.00209961 1.36872e-05
0.00212402 1.34075e-05

0.00212402 1.3055e-05
0.00214844 7.74141e-06

0.00214844 7.34864e-06
0.00217285 1.32672e-05

0.00217285 1.41393e-05
0.00219727 1.39385e-05

0.00219727 1.31666e-05
0.00222168 7.18296e-06

0.00222168 7.13902e-06
0.00224609 1.36237e-05

0.00224609 1.42744e-05
0.00227051 1.40622e-05

0.00227051 1.40094e-05
0.00229492 6.4696e-06

0.00229492 7.28854e-06
0.00231934 1.19357e-05

0.00231934 1.03688e-05
0.00234375 1.54897e-05

0.00234375 1.551e-05
0.00236816 1.04923e-05

0.00236816 1.25308e-05
0.00239258 6.67752e-06

0.00239258 6.6909e-06
0.00241699 1.262e-05

0.00241699 1.04973e-05
0.00244141 1.54967e-05

0.00244141 1.54878e-05
0.00246582 1.0461e-05

0.00246582 1.24878e-05
0.00249023 6.83416e-06

0.00249023 6.84024e-06
0.00251465 1.26204e-05

0.00251465 1.05571e-05
0.00253906 1.54107e-05

0.00253906 1.53988e-05
0.00256348 1.05102e-05

0.00256348 1.24409e-05
0.00258789 7.03512e-06

0.00258789 7.03394e-06
0.0026123 1.2636e-05

0.0026123 1.07201e-05
0.00263672 1.52402e-05

0.00263672 1.51819e-05
0.00266113 1.04907e-05

0.00266113 1.18423e-05
0.00268555 7.90198e-06

0.00268555 7.10258e-06
0.00270996 1.39328e-05

0.00270996 1.39563e-05
0.00273438 1.4176e-05

0.00273437 1.39138e-05
0.00275879 7.41745e-06

0.00275879 8.21621e-06
0.0027832 1.18565e-05

0.0027832 1.07318e-05
0.00280762 1.49304e-05

0.00280762 1.49164e-05
0.00283203 1.07186e-05

0.00283203 1.19101e-05
0.00285645 8.19086e-06

0.00285645 7.41611e-06
0.00288086 1.37985e-05

0.00288086 1.38863e-05
0.00290527 1.41025e-05

0.00290527 1.38256e-05
0.00292969 7.6803e-06

0.00292969 8.4352e-06
0.0029541 1.18909e-05

0.0029541 1.13037e-05
0.00297852 1.43451e-05

0.00297852 1.1894e-05
0.00300293 1.24159e-05

0.00300293 1.23667e-05
0.00302734 1.39992e-05

0.00302734 1.28398e-05
0.00305176 1.37805e-05

0.00305176 1.33082e-05
0.00307617 1.44364e-05

0.00307617 1.3717e-05
0.00310059 1.46044e-05

0.00310059 1.40946e-05
0.003125 1.50253e-05

0.00175781 0.0028808
0.00158254 0.00292969

0.0015625 0.00293589
0.00158473 0.00292969

0.00175781 0.00288136
0.00195312 0.00281815

0.00234375 0.00265969
0.0021735 0.00273438

0.00195312 0.00281849
0.00214844 0.00274484

0.00214844 0.00274483
0.00217227 0.00273438

0.00292969 0.00230986
0.00288292 0.00234375

0.003125 0.00214515
0.0031214 0.00214844

0.00302734 0.00223296
0.00301115 0.00224609

0.00297852 0.00227047
0.00294715 0.00229492

0.00292969 0.00230983
0.00294902 0.00229492

0.00297852 0.00227028
0.00300867 0.00224609

0.00302734 0.00223237
0.00312338 0.00214844

0.00244141 0.00261116
0.00238912 0.00263672

0.00234375 0.00265877
0.00238886 0.00263672

0.00244141 0.00261127
0.00253906 0.00256001

0.00273438 0.00244639
0.00257816 0.00253906

0.00253906 0.00255986
0.00257474 0.00253906

0.00283203 0.00237966
0.00273969 0.00244141

0.00273438 0.00244576
0.00274116 0.00244141

0.00283203 0.00237957
0.0028818 0.00234375

0.003125 1.44544e-05
0.00314941 1.53455e-05

0.00314941 1.48417e-05
0.00317383 1.57296e-05

0.00317383 1.51964e-05
0.00319824 1.60852e-05

0.00319824 1.54797e-05
0.00322266 1.66111e-05

0.00322266 1.60468e-05
0.00324707 1.72234e-05

0.00324707 1.6747e-05
0.00327148 1.74781e-05

0.00327148 1.66506e-05
0.0032959 1.79806e-05

0.0032959 1.77563e-05
0.00332031 1.90157e-05

0.00332031 1.7804e-05
0.00334473 1.93256e-05

0.00334473 1.98588e-05
0.00336914 1.99565e-05

0.00336914 1.25457e-05
0.00339304 2.44141e-05

0.00338994 2.44141e-05
0.00339355 2.5967e-05

0.00339355 2.86677e-05
0.00341578 4.88281e-05

0.00341623 4.88281e-05
0.00341797 5.05005e-05

0.00341797 5.09807e-05
0.00344043 7.32422e-05

0.00344059 7.32422e-05
0.00344238 7.50946e-05

0.00344238 7.53733e-05
0.00346331 9.76563e-05

0.00346387 9.76563e-05
0.0034668 0.000100922

0.0034668 0.000101721
0.00348469 0.00012207

0.0034845 0.00012207
0.00349121 0.000130072

0.00349121 0.000129702
0.00350504 0.000146484

0.0035053 0.000146484
0.00351563 0.000159968

0.00351563 0.000160392
0.00354196 0.000195313

0.00354218 0.000195313
0.00356445 0.000228663

0.00356445 0.00022989
0.00357376 0.000244141

0.0035744 0.000244141
0.00360327 0.000292969

0.00360405 0.000292969
0.00361328 0.000311555

0.00361328 0.000313059
0.00362829 0.000341797

0.00362854 0.000341797
0.00365115 0.000390625

0.00365181 0.000390625
0.00368923 0.000488281

0.00368902 0.000488281
0.00371094 0.000565891

0.00371094 0.000567554
0.00371613 0.000585938

0.0037163 0.000585937
0.00373506 0.000683594

0.00373469 0.000683594
0.00374578 0.00078125

0.00374776 0.00078125
0.00374816 0.000976562

0.00374785 0.000976562
0.00371963 0.00117188

0.00371094 0.00120314
0.00366359 0.00136719

0.00366375 0.00136719
0.00357827 0.0015625

0.00371094 0.00119695
0.00371817 0.00117187

0.00332031 0.00194008
0.0033095 0.00195312

0.00351563 0.00167142
0.00346113 0.00175781

0.00341797 0.00181902
0.00339191 0.00185547

0.00332031 0.0019439
0.0033916 0.00185547

0.00346049 0.00175781
0.00342653 0.00180664

0.00341797 0.00181377
0.00342297 0.00180664

0.00331579 0.00195312
0.00312703 0.00214844

0.00357621 0.0015625
0.00352232 0.00166016

0.00351563 0.00167086
0.00352211 0.00166016

