0.000117497 0
0.00012207 6.61173e-06

0.00012207 1.08092e-06
0.000146484 1.22317e-06

0.000170898 1.71237e-05
0.000166748 2.44141e-05

0.000170898 4.66962e-05
0.000170462 4.88281e-05

0.000195313 6.37839e-06
0.000191775 2.44141e-05

0.000188659 2.44141e-05
0.000183743 4.88281e-05

0.000170859 4.88281e-05
0.000170898 4.90175e-05

0.000184185 4.88281e-05
0.000187667 7.32422e-05

0.000187121 7.32422e-05
0.000195313 8.97825e-05

0.000195313 2.35749e-05
0.000200226 0

0.000195313 8.9978e-05
0.000199188 9.76563e-05

0.000198278 9.76563e-05
0.000219727 0.000119552

0.000219727 0.0001186
0.000226231 0.00012207

0.000226364 0.00012207
0.000244141 0.000131333

0.000244141 0.000130737
0.000268555 0.000134695

0.000268555 0.000134682
0.000292969 0.00013111

0.000341797 9.25617e-05
0.000339225 9.76563e-05

0.000342418 0
0.000346319 2.44141e-05

0.000350157 2.44141e-05
0.000354184 4.88281e-05

0.000354166 4.88281e-05
0.000350681 7.32422e-05

0.000341797 9.21577e-05
0.000351274 7.32422e-05

0.000317383 0.000119895
0.000313123 0.00012207

0.000292969 0.000131614
0.000311864 0.00012207

0.000317383 0.000120414
0.000340078 9.76563e-05

0.000876539 0
0.000878906 6.1789e-06

0.000878906 4.71411e-06
0.00090332 3.30368e-06

0.00090332 4.33094e-06
0.000904862 0

0.00146278 0
0.00146484 5.94428e-06

0.00146484 5.26215e-06
0.00148392 2.44141e-05

0.00148339 2.44141e-05
0.00148926 2.64622e-05

0.00148926 1.71429e-05
0.00151367 1.73981e-05

0.00148926 2.44555e-05
0.00150909 2.44141e-05

0.00151367 1.73699e-05
0.00153809 1.71229e-05

0.00151873 2.44141e-05
0.00153809 2.44568e-05

0.0015625 5.32693e-06
0.00154344 2.44141e-05

0.00153809 2.6461e-05
0.00154396 2.44141e-05

0 0.00312475
0.000390625 0.00311368

0.000390625 0.00311397
0.00078125 0.00308016

0.00078125 0.00308079
0.00117187 0.00302241

0.00117188 0.00302347
0.0015625 0.00293713

0.0015625 5.9904e-06
0.00156458 0

0.00165649 0
0.00166016 8.94245e-06

0.00166016 1.05123e-05
0.00167491 2.44141e-05

0.00167404 2.44141e-05
0.00168457 2.8371e-05

0.00168457 1.88566e-05
0.00170898 1.91599e-05

0.00169684 2.44141e-05
0.00170898 2.44843e-05

0.0017334 1.1523e-05
0.00171872 2.44141e-05

0.00170898 2.8187e-05
0.00171948 2.44141e-05

0.0017334 1.28694e-05
0.00173899 0

0.00179051 0
0.00180664 1.92522e-05

0.00180664 3.47676e-06
0.00183105 1.33338e-05

0.00183105 8.96375e-06
0.00185547 1.29375e-05

0.00185547 8.60746e-06
0.00187988 1.26446e-05

0.00187988 1.37702e-05
0.0019043 1.31658e-05

0.0019043 1.37337e-05
0.00192871 6.7297e-06

0.00192871 6.93601e-06
0.00195312 1.17258e-05

0.00195312 1.02823e-05
0.00197754 1.56566e-05

0.00197754 1.53311e-05
0.00200195 1.03944e-05

0.00200195 1.56009e-05
0.00202637 3.81319e-06

0.00202637 4.05586e-06
0.00205078 9.15426e-06

0.00205078 8.7041e-06
0.0020752 1.55917e-05

0.0020752 9.39535e-06
0.00209961 1.1601e-05

0.00209961 1.35772e-05
0.00212402 1.35313e-05

0.00212402 1.3198e-05
0.00214844 7.7381e-06

0.00214844 7.3099e-06
0.00217285 1.31324e-05

0.00217285 1.401e-05
0.00219727 1.40732e-05

0.00219727 1.3327e-05
0.00222168 7.19908e-06

0.00222168 7.11553e-06
0.00224609 1.34617e-05

0.00224609 1.41371e-05
0.00227051 1.41876e-05

0.00227051 1.40793e-05
0.00229492 6.56549e-06

0.00229492 7.36069e-06
0.00231934 1.18515e-05

0.00231934 1.03622e-05
0.00234375 1.54894e-05

0.00234375 1.55026e-05
0.00236816 1.04938e-05

0.00236816 1.25297e-05
0.00239258 6.68443e-06

0.00239258 6.69589e-06
0.00241699 1.26176e-05

0.00241699 1.04978e-05
0.00244141 1.54944e-05

0.00244141 1.54841e-05
0.00246582 1.04635e-05

0.00246582 1.24879e-05
0.00249023 6.84028e-06

0.00249023 6.84657e-06
0.00251465 1.26185e-05

0.00251465 1.05584e-05
0.00253906 1.54071e-05

0.00253906 1.53942e-05
0.00256348 1.05124e-05

0.00256348 1.2444e-05
0.00258789 7.03884e-06

0.00258789 7.03791e-06
0.0026123 1.26297e-05

0.0026123 1.0719e-05
0.00263672 1.5236e-05

0.00263672 1.51807e-05
0.00266113 1.0484e-05

0.00266113 1.17511e-05
0.00268555 7.98259e-06

0.00268555 7.20518e-06
0.00270996 1.40164e-05

0.00270996 1.40941e-05
0.00273438 1.40379e-05

0.00273437 1.38314e-05
0.00275879 7.31436e-06

0.00275879 8.13472e-06
0.0027832 1.19444e-05

0.0027832 1.07353e-05
0.00280762 1.49344e-05

0.00280762 1.49265e-05
0.00283203 1.07174e-05

0.00283203 1.19175e-05
0.00285645 8.17492e-06

0.00285645 7.39951e-06
0.00288086 1.37975e-05

0.00288086 1.39003e-05
0.00290527 1.40962e-05

0.00290527 1.37963e-05
0.00292969 7.66453e-06

0.00292969 8.38966e-06
0.0029541 1.19655e-05

0.0029541 1.13455e-05
0.00297852 1.4408e-05

0.00297852 1.19581e-05
0.00300293 1.24213e-05

0.00300293 1.24365e-05
0.00302734 1.39552e-05

0.00302734 1.28505e-05
0.00305176 1.36791e-05

0.00305176 1.3231e-05
0.00307617 1.43718e-05

0.00307617 1.36262e-05
0.00310059 1.46165e-05

0.00310059 1.40813e-05
0.003125 1.50523e-05

0.00175781 0.0028808
0.00158255 0.00292969

0.0015625 0.00293589
0.00158474 0.00292969

0.00175781 0.00288137
0.00195312 0.00281815

0.00234375 0.00265969
0.00217351 0.00273438

0.00195312 0.00281849
0.00214844 0.00274485

0.00214844 0.00274483
0.00217227 0.00273438

0.00292969 0.00230986
0.00288292 0.00234375

0.003125 0.00214515
0.0031214 0.00214844

0.00302734 0.00223297
0.00301115 0.00224609

0.00297852 0.00227047
0.00294715 0.00229492

0.00292969 0.00230983
0.00294902 0.00229492

0.00297852 0.00227027
0.00300867 0.00224609

0.00302734 0.00223237
0.00312338 0.00214844

0.00244141 0.00261117
0.00238913 0.00263672

0.00234375 0.00265877
0.00238886 0.00263672

0.00244141 0.00261127
0.00253906 0.00256001

0.00273438 0.00244639
0.00257817 0.00253906

0.00253906 0.00255986
0.00257474 0.00253906

0.00283203 0.00237967
0.0027397 0.00244141

0.00273438 0.00244576
0.00274116 0.00244141

0.00283203 0.00237957
0.0028818 0.00234375

0.003125 1.44712e-05
0.00314941 1.53132e-05

0.00314941 1.47518e-05
0.00317383 1.57522e-05

0.00317383 1.50644e-05
0.00319824 1.63896e-05

0.00319824 1.62432e-05
0.00322266 1.65444e-05

0.00322266 1.57764e-05
0.00324707 1.62081e-05

0.00324707 1.53784e-05
0.00327148 1.81772e-05

0.00327148 1.78086e-05
0.0032959 1.93839e-05

0.0032959 1.86141e-05
0.00332031 1.80517e-05

0.00332031 1.76233e-05
0.00334473 1.84444e-05

0.00334473 1.88855e-05
0.00336914 1.94225e-05

0.00336914 1.25112e-05
0.00339324 2.44141e-05

0.00339082 2.44141e-05
0.00339355 2.55141e-05

0.00339355 2.39461e-05
0.003394 2.44141e-05

0.00339355 2.71786e-05
0.00341793 4.88281e-05

0.00341742 4.88281e-05
0.00341797 4.9369e-05

0.00341797 4.96676e-05
0.0034413 7.32422e-05

0.00344154 7.32422e-05
0.00344238 7.41252e-05

0.00344238 7.43649e-05
0.00346402 9.76563e-05

0.00346456 9.76563e-05
0.0034668 0.000100187

0.0034668 0.000101004
0.00348515 0.00012207

0.00348496 0.00012207
0.00349121 0.000129578

0.00349121 0.000129209
0.00350535 0.000146484

0.00350559 0.000146484
0.00351563 0.000159699

0.00351563 0.000160146
0.00354198 0.000195313

0.00354221 0.000195313
0.00356445 0.00022877

0.00356445 0.00023002
0.00357364 0.000244141

0.00357429 0.000244141
0.00360306 0.000292969

0.00360381 0.000292969
0.00361328 0.000312067

0.00361328 0.000313511
0.00362802 0.000341797

0.00362828 0.000341797
0.00365086 0.000390625

0.00365152 0.000390625
0.00368893 0.000488281

0.00368874 0.000488281
0.00371094 0.000566796

0.00371094 0.000568521
0.00371586 0.000585938

0.00371606 0.000585937
0.00373486 0.000683594

0.00373449 0.000683594
0.00374564 0.00078125

0.00374763 0.00078125
0.00374811 0.000976562

0.0037478 0.000976562
0.00371963 0.00117188

0.00371094 0.00120315
0.00366362 0.00136719

0.00366378 0.00136719
0.00357831 0.0015625

0.00371094 0.00119699
0.00371818 0.00117187

0.00332031 0.00194007
0.00330949 0.00195312

0.00351563 0.00167146
0.00346115 0.00175781

0.00341797 0.00181905
0.00339193 0.00185547

0.00332031 0.00194392
0.00339162 0.00185547

0.00346051 0.00175781
0.00342655 0.00180664

0.00341797 0.00181378
0.00342297 0.00180664

0.0033158 0.00195312
0.00312704 0.00214844

0.00357624 0.0015625
0.00352235 0.00166016

0.00351563 0.00167089
0.00352213 0.00166016

