6.99945e-05 0
7.32422e-05 8.85911e-06

7.32422e-05 7.05614e-08
9.76563e-05 2.3555e-05

9.76563e-05 1.15177e-05
0.00012207 1.30744e-05

0.00012207 1.44492e-05
0.000146484 1.12705e-05

0.000146484 1.20003e-05
0.000170898 8.40631e-06

0.000170898 7.73682e-06
0.000195313 1.36677e-05

0.000195313 1.37891e-05
0.000219727 1.39857e-05

0.000219727 1.34191e-05
0.000244141 8.25027e-06

0.000244141 8.98524e-06
0.000268555 1.22708e-05

0.000268555 1.16752e-05
0.000292969 1.40263e-05

0.000292969 1.21071e-05
0.000317383 1.22636e-05

0.000317383 1.24256e-05
0.000341797 1.34904e-05

0.000341797 1.27172e-05
0.000366211 1.31372e-05

0.000366211 1.29687e-05
0.000390625 1.35444e-05

0.000390625 1.31888e-05
0.000415039 1.34953e-05

0.000415039 1.33523e-05
0.000439453 1.3608e-05

0.000439453 1.3422e-05
0.000463867 1.36381e-05

0.000463867 1.35297e-05
0.000488281 1.37504e-05

0.000488281 1.36051e-05
0.000512695 1.37835e-05

0.000512695 1.36974e-05
0.000537109 1.38497e-05

0.000537109 1.36408e-05
0.000561523 1.39768e-05

0.000561523 1.39595e-05
0.000585937 1.4096e-05

0.000585938 1.3844e-05
0.000610352 1.39815e-05

0.000610352 1.37017e-05
0.000634766 1.4564e-05

0.000634766 1.45913e-05
0.00065918 1.45707e-05

0.00065918 1.43773e-05
0.000683594 1.38563e-05

0.000683594 1.38596e-05
0.000708008 1.44917e-05

0.000708008 1.4616e-05
0.000732422 1.46028e-05

0.000732422 1.45941e-05
0.000756836 1.37365e-05

0.000756836 1.40108e-05
0.00078125 1.38759e-05

0.00078125 1.40311e-05
0.000805664 1.40927e-05

0.000805664 1.4154e-05
0.000830078 1.38269e-05

0.000830078 1.3974e-05
0.000854492 1.3651e-05

0.000854492 1.38331e-05
0.000878906 1.36596e-05

0.000878906 1.37791e-05
0.00090332 1.35853e-05

0.00090332 1.37169e-05
0.000927734 1.34863e-05

0.000927734 1.36316e-05
0.000952148 1.33903e-05

0.000952148 1.35647e-05
0.000976562 1.32825e-05

0.000976562 1.34537e-05
0.00100098 1.31547e-05

0.00100098 1.34225e-05
0.00102539 1.299e-05

0.00102539 1.3211e-05
0.0010498 1.27747e-05

0.0010498 1.32847e-05
0.00107422 1.25072e-05

0.00107422 1.27095e-05
0.00109863 1.21885e-05

0.00109863 1.32903e-05
0.00112305 1.17856e-05

0.00112305 1.14577e-05
0.00114746 1.14283e-05

0.00114746 1.43658e-05
0.00117187 1.06717e-05

0.00117188 1.09558e-05
0.00119629 7.32813e-06

0.00119629 6.34755e-06
0.0012207 1.46011e-05

0.0012207 1.40195e-05
0.00124512 1.42295e-05

0.00124512 1.36725e-05
0.00126953 7.55929e-06

0.00126953 8.21893e-06
0.00129395 1.24065e-05

0.00129395 1.25183e-05
0.00131836 1.37901e-05

0.00131836 1.291e-05
0.00134277 9.37426e-06

0.00134277 1.14695e-05
0.00136719 1.03633e-05

0.00136719 2.1834e-05
0.00139064 0

0.0013916 9.96163e-06
0.00139541 0

0.0014623 0
0.00146484 7.24059e-06

0.00146484 1.56996e-06
0.00148686 2.44141e-05

0.00148851 2.44141e-05
0.00148926 2.46718e-05

0.00148926 1.47328e-05
0.00151367 1.66728e-05

0.00151367 1.66986e-05
0.00153809 1.47805e-05

0.0015625 1.52216e-06
0.00154049 2.44141e-05

0.00153809 2.46115e-05
0.00153866 2.44141e-05

0 0.00310302
0.000195313 0.0030997

0.000195313 0.0030993
0.000292969 0.00309513

0.000292969 0.00309514
0.000390625 0.00308927

0.000390625 0.00308928
0.000488281 0.00308167

0.000488281 0.00308164
0.000585938 0.00307233

0.000585937 0.00307222
0.000634766 0.00306694

0.000634766 0.00306695
0.000683594 0.00306126

0.000683594 0.00306126
0.000732422 0.00305515

0.000732422 0.00305516
0.00078125 0.00304861

0.00078125 0.00304861
0.000830078 0.00304163

0.000830078 0.00304164
0.000878906 0.0030342

0.000976562 0.00301815
0.000921031 0.00302734

0.000878906 0.00303419
0.0009214 0.00302734

0.000976563 0.00301803
0.00102539 0.0030093

0.00102539 0.00300931
0.00107422 0.00300016

0.00107422 0.00300016
0.00112305 0.00299055

0.00112305 0.00299052
0.00114746 0.00298555

0.00114746 0.00298555
0.00117187 0.00298048

0.0012207 0.00297002
0.00118114 0.00297852

0.00117188 0.00298049
0.00118118 0.00297852

0.0012207 0.00297002
0.00126953 0.0029591

0.00126953 0.0029591
0.00131836 0.00294774

0.00131836 0.00294775
0.00136719 0.00293591

0.00141602 0.00292358
0.00139181 0.00292969

0.00141602 0.0029236
0.00146484 0.00291082

0.00146484 0.00291081
0.00151367 0.00289756

0.00151367 0.00289753
0.00153809 0.00289073

0.00153809 0.00289073
0.0015625 0.00288381

0.00136719 0.00293587
0.0013916 0.00292977

0.0013916 0.00292974
0.00139181 0.00292969

0.0015625 7.23221e-06
0.00156504 0

0.00165529 0
0.00166016 1.16226e-05

0.00166016 1.06415e-05
0.00167599 2.44141e-05

0.00167488 2.44141e-05
0.00168457 2.77292e-05

0.00168457 1.80275e-05
0.00170898 1.76556e-05

0.00168457 2.45149e-05
0.00169697 2.44141e-05

0.0017334 9.68589e-06
0.00171745 2.44141e-05

0.00170898 2.76604e-05
0.00171812 2.44141e-05

0.0017334 7.94999e-06
0.00173658 0

0.00180494 0
0.00180664 4.55762e-06

0.00182232 0
0.00183105 1.49057e-05

0.00183127 0
0.00185547 1.53672e-05

0.00185547 7.22068e-06
0.00187988 9.15172e-06

0.00187988 7.11257e-06
0.0019043 9.83367e-06

0.0019043 7.73104e-06
0.00192871 1.12126e-05

0.00192871 8.77098e-06
0.00195312 1.17576e-05

0.00195312 8.7033e-06
0.00197754 1.35963e-05

0.00197754 1.43766e-05
0.00200195 1.22839e-05

0.00200195 1.62139e-05
0.00202637 3.36558e-06

0.00202637 4.01978e-06
0.00205078 8.83882e-06

0.00205078 8.51685e-06
0.0020752 1.56319e-05

0.0020752 9.21288e-06
0.00209961 1.16095e-05

0.00209961 1.36177e-05
0.00212402 1.35737e-05

0.00212402 1.32112e-05
0.00214844 7.55347e-06

0.00214844 7.13209e-06
0.00217285 1.31816e-05

0.00217285 1.40639e-05
0.00219727 1.40976e-05

0.00219727 1.32963e-05
0.00222168 7.06216e-06

0.00222168 7.01366e-06
0.00224609 1.3536e-05

0.00224609 1.41685e-05
0.00227051 1.41881e-05

0.00227051 1.39716e-05
0.00229492 6.6042e-06

0.00229492 7.44382e-06
0.00231934 1.19683e-05

0.00231934 1.04512e-05
0.00234375 1.53904e-05

0.00234375 1.54466e-05
0.00236816 1.05104e-05

0.00236816 1.23244e-05
0.00239258 6.97596e-06

0.00239258 7.03086e-06
0.00241699 1.27662e-05

0.00241699 1.07123e-05
0.00244141 1.52315e-05

0.00244141 1.52459e-05
0.00246582 1.05669e-05

0.00246582 1.22392e-05
0.00249023 7.48879e-06

0.00249023 7.51998e-06
0.00251465 1.27452e-05

0.00251465 1.09125e-05
0.00253906 1.49602e-05

0.00253906 1.49481e-05
0.00256348 1.07149e-05

0.00256348 1.2157e-05
0.00258789 8.0839e-06

0.00258789 8.08968e-06
0.0026123 1.27368e-05

0.0026123 1.1218e-05
0.00263672 1.45872e-05

0.00263672 1.45058e-05
0.00266113 1.08178e-05

0.00266113 1.1831e-05
0.00268555 9.07192e-06

0.00268555 8.39754e-06
0.00270996 1.35697e-05

0.00270996 1.36077e-05
0.00273438 1.38101e-05

0.00273437 1.33514e-05
0.00275879 8.88947e-06

0.00275879 9.5939e-06
0.0027832 1.21208e-05

0.0027832 1.1403e-05
0.00280762 1.39793e-05

0.00280762 1.39447e-05
0.00283203 1.1204e-05

0.00283203 1.19131e-05
0.00285645 9.82388e-06

0.00285645 9.2959e-06
0.00288086 1.32523e-05

0.00288086 1.33228e-05
0.00290527 1.34716e-05

0.00290527 1.28422e-05
0.00292969 9.90686e-06

0.00292969 1.01266e-05
0.0029541 1.28498e-05

0.0029541 1.31284e-05
0.00297852 1.31521e-05

0.00297852 1.25441e-05
0.00300293 1.04642e-05

0.00300293 1.0873e-05
0.00302734 1.26855e-05

0.00302734 1.21266e-05
0.00305176 1.32448e-05

0.00305176 1.25031e-05
0.00307617 1.25726e-05

0.00307617 1.26306e-05
0.00310059 1.28366e-05

0.00310059 1.26813e-05
0.003125 1.26795e-05

0.00161133 0.00286965
0.00157276 0.00288086

0.0015625 0.00288383
0.00157281 0.00288086

0.00161133 0.00286966
0.00166016 0.00285498

0.00175781 0.00282403
0.00173297 0.00283203

0.00166016 0.00285499
0.00170898 0.00283978

0.00170898 0.00283974
0.00173308 0.00283203

0.00175781 0.00282404
0.00180664 0.00280779

0.00183105 0.00279943
0.00180705 0.00280762

0.00180664 0.00280776
0.00180705 0.00280762

0.00183105 0.00279943
0.00185547 0.00279098

0.0019043 0.0027737
0.00187748 0.0027832

0.00185547 0.00279098
0.00187758 0.0027832

0.0019043 0.00277372
0.00195312 0.00275588

0.00205078 0.0027184
0.00200982 0.00273438

0.0020752 0.00270862
0.00207184 0.00270996

0.00205078 0.00271836
0.00207184 0.00270996

0.0020752 0.00270862
0.00209961 0.00269873

0.00214844 0.00267855
0.00213154 0.00268555

0.00209961 0.00269873
0.00212402 0.0026887

0.00212402 0.00268868
0.00213152 0.00268555

0.00224609 0.00263618
0.00224487 0.00263672

0.00214844 0.00267856
0.00219727 0.0026577

0.00219727 0.00265772
0.00224488 0.00263672

0.00224609 0.00263618
0.00229492 0.00261396

0.00231934 0.00260254
0.00229837 0.0026123

0.00229492 0.00261391
0.00229837 0.0026123

0.00231934 0.00260254
0.00234375 0.002591

0.00195312 0.00275589
0.00200195 0.00273745

0.00200195 0.00273743
0.00200984 0.00273437

0.00283203 0.00231579
0.00278935 0.00234375

0.00288086 0.00228267
0.00286275 0.00229492

0.00283203 0.00231571
0.00285645 0.00229929

0.00285645 0.00229921
0.00286285 0.00229492

0.00288086 0.00228267
0.00292969 0.0022482

0.00307617 0.00213621
0.00306082 0.00214844

0.003125 0.00209547
0.0031201 0.00209961

0.00307617 0.00213616
0.00312002 0.00209961

0.00297852 0.00221237
0.00293258 0.00224609

0.00302734 0.00217509
0.00299832 0.00219727

0.00297852 0.00221229
0.00299839 0.00219727

0.00292969 0.00224818
0.00293261 0.00224609

0.00302734 0.00217503
0.00306076 0.00214844

0.00249023 0.00251785
0.00244916 0.00253906

0.00251465 0.00250488
0.00249618 0.00251465

0.00249023 0.0025178
0.00249619 0.00251465

0.00251465 0.00250488
0.00253906 0.00249176

0.00239258 0.00256742
0.00235025 0.00258789

0.00234375 0.00259103
0.00235028 0.00258789

0.00239258 0.00256746
0.00244141 0.00254307

0.00244141 0.00254304
0.00244918 0.00253906

0.00263672 0.00243715
0.00262924 0.00244141

0.00258789 0.00246492
0.00254192 0.00249023

0.00253906 0.0024918
0.00254193 0.00249023

0.00258789 0.00246495
0.00262925 0.00244141

0.00263672 0.00243716
0.00268555 0.00240838

0.00273438 0.0023786
0.00271146 0.00239258

0.00268555 0.00240831
0.00270996 0.00239355

0.00270996 0.00239349
0.00271149 0.00239258

0.00273438 0.00237863
0.0027832 0.00234778

0.0027832 0.00234773
0.00278942 0.00234375

0.003125 1.27373e-05
0.00314941 1.27275e-05

0.00314941 1.26312e-05
0.00317383 1.2716e-05

0.00317383 1.27462e-05
0.00319824 1.28365e-05

0.00319824 1.28085e-05
0.00322266 1.26645e-05

0.00322266 1.2706e-05
0.00324707 1.26762e-05

0.00324707 1.27193e-05
0.00327148 1.27124e-05

0.00327148 1.27258e-05
0.0032959 1.26468e-05

0.0032959 1.28161e-05
0.00332031 1.25061e-05

0.00332031 1.28425e-05
0.00334473 1.21027e-05

0.00334473 1.35909e-05
0.00336914 1.0726e-05

0.00336914 9.55098e-06
0.00339355 1.16855e-05

0.00339355 9.84879e-06
0.00341797 1.7203e-05

0.00341797 1.43677e-05
0.00344238 1.76484e-05

0.00344238 1.47922e-05
0.0034668 1.77994e-05

0.0034668 1.67145e-05
0.00349121 2.08341e-05

0.00349121 1.86152e-05
0.00351563 2.22156e-05

0.00351563 2.0432e-05
0.00354004 2.43173e-05

0.00354004 2.27533e-05
0.00355344 2.44141e-05

0.0035464 2.44141e-05
0.00356445 2.62676e-05

0.00356445 1.94565e-05
0.00357434 2.44141e-05

0.00357198 2.44141e-05
0.00358887 3.59157e-05

0.00358887 4.57775e-05
0.00359134 4.88281e-05

0.00359464 4.88281e-05
0.00361328 7.29925e-05

0.00361361 7.32422e-05
0.00363182 9.76563e-05

0.00363189 9.76563e-05
0.0036377 0.000105908

0.0036377 0.000105973
0.00364914 0.00012207

0.00364922 0.00012207
0.00366211 0.000141169

0.00366211 0.000141364
0.00366546 0.000146484

0.00366565 0.000146484
0.00368125 0.000170898

0.00368126 0.000170898
0.00368652 0.000179607

0.00368652 0.000179654
0.00369599 0.000195313

0.00369622 0.000195313
0.00371094 0.000221913

0.00371094 0.00022169
0.00372295 0.000244141

0.00372312 0.000244141
0.00374704 0.000292969

0.00374712 0.000292969
0.00375977 0.000322465

0.00375977 0.000322392
0.00376775 0.000341797

0.00376775 0.000341797
0.00377713 0.000366211

0.00377713 0.000366211
0.00378418 0.000386032

0.00378418 0.000386045
0.00378581 0.000390625

0.00378595 0.000390625
0.0038014 0.000439453

0.00380141 0.000439453
0.00380859 0.000466502

0.00380859 0.000466166
0.00381417 0.000488281

0.00381431 0.000488281
0.00382492 0.000537109

0.0038249 0.000537109
0.00383327 0.000585938

0.00383325 0.000585937
0.00383946 0.000634766

0.00383944 0.000634766
0.00384358 0.000683594

0.00384356 0.000683594
0.00384567 0.000732422

0.00384566 0.000732422
0.00384579 0.00078125

0.00384577 0.00078125
0.00384399 0.000830078

0.003844 0.000830078
0.00384034 0.000878906

0.00384033 0.000878906
0.00383479 0.000927734

0.00383479 0.000927734
0.0038274 0.000976562

0.00380859 0.00106773
0.00380713 0.00107422

0.00380713 0.00107422
0.00379428 0.00112305

0.00379429 0.00112305
0.00377964 0.00117187

0.0038274 0.000976563
0.00381818 0.00102539

0.00380859 0.00106777
0.00381818 0.00102539

0.00371094 0.00134885
0.00370267 0.00136719

0.00361328 0.00153349
0.00359563 0.0015625

0.00366211 0.00144758
0.00365299 0.00146484

0.0037027 0.00136719
0.00367881 0.00141602

0.00367871 0.00141602
0.00366606 0.00144043

0.00366211 0.00144784
0.00366609 0.00144043

0.00365305 0.00146484
0.00362533 0.00151367

0.00361328 0.00153365
0.00362523 0.00151367

0.00375977 0.00122983
0.00374489 0.00126953

0.00377953 0.00117188
0.00377152 0.00119629

0.00377152 0.00119629
0.00376306 0.0012207

0.00375977 0.00122984
0.0037631 0.0012207

0.00374489 0.00126953
0.00372473 0.00131836

0.00372465 0.00131836
0.00371386 0.00134277

0.00371094 0.00134893
0.00371378 0.00134277

0.00332031 0.00191183
0.00327997 0.00195312

0.0034668 0.00174396
0.00345596 0.00175781

0.00351563 0.00167975
0.00349412 0.00170898

0.0034668 0.00174415
0.00349423 0.00170898

0.00341797 0.00180383
0.0034156 0.00180664

0.00341567 0.00180664
0.00337288 0.00185547

0.00336914 0.00185953
0.00332768 0.0019043

0.00332031 0.00191206
0.00332773 0.0019043

0.00336914 0.0018596
0.00337288 0.00185547

0.00341797 0.00180384
0.00345608 0.00175781

0.00322266 0.00200831
0.00317619 0.00205078

0.003125 0.0020955
0.00317383 0.0020529

0.00317383 0.00205289
0.00317618 0.00205078

0.00327148 0.0019615
0.00322936 0.00200195

0.00322266 0.00200824
0.00322935 0.00200195

0.00327148 0.0019615
0.00327994 0.00195312

0.00356445 0.00161047
0.00356389 0.00161133

0.00356389 0.00161133
0.00353006 0.00166016

0.00356445 0.00161048
0.00359565 0.0015625

0.00351563 0.00168
0.00353002 0.00166016

