0.000117771 0
0.00012207 6.54345e-06

0.00012207 1.11924e-06
0.000146484 1.25389e-06

0.000170898 1.75274e-05
0.000166802 2.44141e-05

0.000170898 4.69749e-05
0.000170511 4.88281e-05

0.000195313 6.7051e-06
0.000191843 2.44141e-05

0.000188639 2.44141e-05
0.000183729 4.88281e-05

0.000170867 4.88281e-05
0.000170898 4.8978e-05

0.000184173 4.88281e-05
0.000187658 7.32422e-05

0.000187112 7.32422e-05
0.000195313 8.97917e-05

0.000195313 2.30603e-05
0.000200096 0

0.000195313 8.99933e-05
0.000199182 9.76563e-05

0.000198275 9.76563e-05
0.000219727 0.000119546

0.000219727 0.000118597
0.000226241 0.00012207

0.000226378 0.00012207
0.000244141 0.00013132

0.000244141 0.000130725
0.000268555 0.000134676

0.000268555 0.000134663
0.000292969 0.000131084

0.000341797 9.24811e-05
0.000339183 9.76563e-05

0.000342387 0
0.000346287 2.44141e-05

0.000350124 2.44141e-05
0.00035415 4.88281e-05

0.000354133 4.88281e-05
0.000350644 7.32422e-05

0.000341797 9.20765e-05
0.000351235 7.32422e-05

0.000317383 0.000119846
0.00031303 0.00012207

0.000292969 0.000131588
0.000311799 0.00012207

0.000317383 0.000120374
0.000340033 9.76563e-05

0.000877007 0
0.000878906 5.17821e-06

0.000878906 3.94359e-06
0.00090332 4.1043e-06

0.00090332 5.3893e-06
0.000905313 0

0.00146279 0
0.00146484 5.92563e-06

0.00146484 5.30586e-06
0.00148391 2.44141e-05

0.00148338 2.44141e-05
0.00148926 2.64633e-05

0.00148926 1.7122e-05
0.00151367 1.73797e-05

0.00148926 2.44555e-05
0.00150926 2.44141e-05

0.00151367 1.7394e-05
0.00153809 1.71493e-05

0.00151892 2.44141e-05
0.00153809 2.44569e-05

0.0015625 5.2897e-06
0.00154343 2.44141e-05

0.00153809 2.64624e-05
0.00154396 2.44141e-05

0 0.00312476
0.000390625 0.00311369

0.000390625 0.00311398
0.00078125 0.00308017

0.00078125 0.0030808
0.00117187 0.00302242

0.00117188 0.00302348
0.0015625 0.00293715

0.0015625 6.01139e-06
0.00156459 0

0.0016565 0
0.00166016 8.91448e-06

0.00166016 1.04964e-05
0.0016749 2.44141e-05

0.00167404 2.44141e-05
0.00168457 2.83777e-05

0.00168457 1.88763e-05
0.00170898 1.91796e-05

0.00169687 2.44141e-05
0.00170898 2.44843e-05

0.0017334 1.15105e-05
0.00171872 2.44141e-05

0.00170898 2.81959e-05
0.0017195 2.44141e-05

0.0017334 1.28959e-05
0.001739 0

0.00179051 0
0.00180664 1.92782e-05

0.00180664 3.52067e-06
0.00183105 1.3351e-05

0.00183105 8.98917e-06
0.00185547 1.29235e-05

0.00185547 8.62882e-06
0.00187988 1.26462e-05

0.00187988 1.37604e-05
0.0019043 1.31649e-05

0.0019043 1.37262e-05
0.00192871 6.77133e-06

0.00192871 6.97855e-06
0.00195312 1.17216e-05

0.00195312 1.029e-05
0.00197754 1.56357e-05

0.00197754 1.5318e-05
0.00200195 1.04092e-05

0.00200195 1.55768e-05
0.00202637 3.86014e-06

0.00202637 4.10761e-06
0.00205078 9.16245e-06

0.00205078 8.70963e-06
0.0020752 1.55765e-05

0.0020752 9.4187e-06
0.00209961 1.16221e-05

0.00209961 1.35899e-05
0.00212402 1.35081e-05

0.00212402 1.31715e-05
0.00214844 7.76202e-06

0.00214844 7.34302e-06
0.00217285 1.3148e-05

0.00217285 1.40216e-05
0.00219727 1.40436e-05

0.00219727 1.33087e-05
0.00222168 7.2115e-06

0.00222168 7.12775e-06
0.00224609 1.34699e-05

0.00224609 1.4134e-05
0.00227051 1.41822e-05

0.00227051 1.40738e-05
0.00229492 6.58826e-06

0.00229492 7.38135e-06
0.00231934 1.18517e-05

0.00231934 1.03707e-05
0.00234375 1.5478e-05

0.00234375 1.54916e-05
0.00236816 1.05e-05

0.00236816 1.25261e-05
0.00239258 6.70736e-06

0.00239258 6.71945e-06
0.00241699 1.26152e-05

0.00241699 1.05051e-05
0.00244141 1.54812e-05

0.00244141 1.54717e-05
0.00246582 1.047e-05

0.00246582 1.24859e-05
0.00249023 6.86154e-06

0.00249023 6.86773e-06
0.00251465 1.26145e-05

0.00251465 1.05632e-05
0.00253906 1.53963e-05

0.00253906 1.53854e-05
0.00256348 1.05177e-05

0.00256348 1.24456e-05
0.00258789 7.04981e-06

0.00258789 7.04793e-06
0.0026123 1.26251e-05

0.0026123 1.07185e-05
0.00263672 1.52337e-05

0.00263672 1.51793e-05
0.00266113 1.04885e-05

0.00266113 1.17674e-05
0.00268555 7.97078e-06

0.00268555 7.19095e-06
0.00270996 1.40016e-05

0.00270996 1.40714e-05
0.00273438 1.40592e-05

0.00273437 1.38394e-05
0.00275879 7.33659e-06

0.00275879 8.15106e-06
0.0027832 1.19381e-05

0.0027832 1.07497e-05
0.00280762 1.49263e-05

0.00280762 1.49181e-05
0.00283203 1.07061e-05

0.00283203 1.18217e-05
0.00285645 8.27476e-06

0.00285645 7.52922e-06
0.00288086 1.38713e-05

0.00288086 1.4002e-05
0.00290527 1.39622e-05

0.00290527 1.36706e-05
0.00292969 7.67633e-06

0.00292969 8.44992e-06
0.0029541 1.20535e-05

0.0029541 1.13766e-05
0.00297852 1.43016e-05

0.00297852 1.19466e-05
0.00300293 1.23988e-05

0.00300293 1.24013e-05
0.00302734 1.38985e-05

0.00302734 1.28139e-05
0.00305176 1.36453e-05

0.00305176 1.31939e-05
0.00307617 1.43174e-05

0.00307617 1.35724e-05
0.00310059 1.45682e-05

0.00310059 1.40047e-05
0.003125 1.50406e-05

0.00175781 0.00288081
0.0015826 0.00292969

0.0015625 0.0029359
0.00158476 0.00292969

0.00175781 0.00288138
0.00195312 0.00281816

0.00234375 0.0026597
0.00217353 0.00273438

0.00195312 0.0028185
0.00214844 0.00274485

0.00214844 0.00274482
0.00217226 0.00273438

0.00292969 0.00230985
0.00288291 0.00234375

0.003125 0.0021451
0.00312135 0.00214844

0.00302734 0.00223299
0.00301118 0.00224609

0.00297852 0.00227045
0.00294713 0.00229492

0.00292969 0.00230982
0.00294901 0.00229492

0.00297852 0.00227024
0.00300863 0.00224609

0.00302734 0.00223236
0.00312337 0.00214844

0.00244141 0.00261117
0.00238915 0.00263672

0.00234375 0.00265877
0.00238886 0.00263672

0.00244141 0.00261128
0.00253906 0.00256001

0.00273438 0.00244639
0.00257818 0.00253906

0.00253906 0.00255984
0.0025747 0.00253906

0.00283203 0.00237966
0.00273969 0.00244141

0.00273438 0.00244575
0.00274114 0.00244141

0.00283203 0.00237956
0.00288178 0.00234375

0.003125 1.44317e-05
0.00314941 1.53497e-05

0.00314941 1.47836e-05
0.00317383 1.57553e-05

0.00317383 1.51876e-05
0.00319824 1.62159e-05

0.00319824 1.58089e-05
0.00322266 1.6494e-05

0.00322266 1.55914e-05
0.00324707 1.7015e-05

0.00324707 1.71539e-05
0.00327148 1.77222e-05

0.00327148 1.66897e-05
0.0032959 1.69721e-05

0.0032959 1.55136e-05
0.00332031 1.98931e-05

0.00332031 2.05747e-05
0.00334473 2.18461e-05

0.00334473 2.01848e-05
0.00336914 1.77647e-05

0.00336914 1.24866e-05
0.00339229 2.44141e-05

0.00339092 2.44141e-05
0.00339355 2.55215e-05

0.00339355 2.79064e-05
0.00341719 4.88281e-05

0.00341723 4.88281e-05
0.00341797 4.95353e-05

0.00341797 4.9918e-05
0.00344143 7.32422e-05

0.00344149 7.32422e-05
0.00344238 7.41681e-05

0.00344238 7.43277e-05
0.00346418 9.76563e-05

0.0034647 9.76563e-05
0.0034668 0.000100017

0.0034668 0.000100516
0.00350592 0.000146484

0.00350589 0.000146484
0.00351563 0.000159257

0.00351563 0.000159732
0.00354233 0.000195313

0.0035426 0.000195313
0.00356445 0.000228172

0.00356445 0.000229561
0.00357396 0.000244141

0.00357466 0.000244141
0.00360342 0.000292969

0.0036042 0.000292969
0.00361328 0.00031131

0.00361328 0.000312812
0.00362837 0.000341797

0.00362861 0.000341797
0.00365117 0.000390625

0.00365183 0.000390625
0.00368916 0.000488281

0.00368896 0.000488281
0.00371094 0.000566229

0.00371094 0.000567862
0.00371603 0.000585938

0.0037162 0.000585937
0.00373494 0.000683594

0.00373458 0.000683594
0.00374566 0.00078125

0.00374765 0.00078125
0.00374804 0.000976562

0.00374774 0.000976562
0.00371953 0.00117188

0.00371094 0.00120281
0.00366351 0.00136719

0.00366366 0.00136719
0.00357819 0.0015625

0.00371094 0.00119645
0.00371803 0.00117187

0.00332031 0.00193993
0.00330938 0.00195312

0.00351563 0.0016713
0.00346106 0.00175781

0.00341797 0.00181895
0.00339186 0.00185547

0.00332031 0.00194386
0.00339155 0.00185547

0.00346042 0.00175781
0.00342647 0.00180664

0.00341797 0.0018135
0.00342277 0.00180664

0.00331576 0.00195312
0.00312703 0.00214844

0.00357613 0.0015625
0.00352225 0.00166016

0.00351563 0.00167072
0.00352202 0.00166016

