0.000117974 0
0.00012207 6.47872e-06

0.00012207 1.16513e-06
0.000146484 1.25883e-06

0.000170898 1.78481e-05
0.00016685 2.44141e-05

0.000170898 4.72438e-05
0.000170562 4.88281e-05

0.000195313 6.98973e-06
0.000191902 2.44141e-05

0.000188622 2.44141e-05
0.000183717 4.88281e-05

0.00017088 4.88281e-05
0.000170898 4.89158e-05

0.000184162 4.88281e-05
0.000187651 7.32422e-05

0.000187106 7.32422e-05
0.000195313 8.97971e-05

0.000195313 2.2618e-05
0.000199987 0

0.000195313 9.00053e-05
0.000199178 9.76563e-05

0.000198273 9.76563e-05
0.000219727 0.000119539

0.000219727 0.000118592
0.000226253 0.00012207

0.000226395 0.00012207
0.000244141 0.000131307

0.000244141 0.000130712
0.000268555 0.000134657

0.000268555 0.000134644
0.000292969 0.000131058

0.000341797 9.24032e-05
0.000339142 9.76563e-05

0.000342357 0
0.000346257 2.44141e-05

0.000350094 2.44141e-05
0.000354117 4.88281e-05

0.0003541 4.88281e-05
0.000350609 7.32422e-05

0.000341797 9.19991e-05
0.000351197 7.32422e-05

0.000317383 0.0001198
0.000312946 0.00012207

0.000292969 0.000131561
0.000311734 0.00012207

0.000317383 0.000120335
0.00033999 9.76563e-05

0.000877031 0
0.000878906 5.12348e-06

0.000878906 3.89132e-06
0.00090332 4.15201e-06

0.00090332 5.46475e-06
0.000905347 0

0.00146277 0
0.00146484 5.94482e-06

0.00146484 5.45781e-06
0.00148386 2.44141e-05

0.00148314 2.44141e-05
0.00148926 2.65363e-05

0.00148926 1.71291e-05
0.00151367 1.72081e-05

0.00148926 2.44763e-05
0.00150168 2.44141e-05

0.00151367 1.72194e-05
0.00153809 1.71553e-05

0.00152581 2.44141e-05
0.00153809 2.44772e-05

0.0015625 5.45125e-06
0.00154348 2.44141e-05

0.00153809 2.65261e-05
0.00154417 2.44141e-05

0 0.0031249
0.000390625 0.00311383

0.000390625 0.00311412
0.00078125 0.00308032

0.00078125 0.00308095
0.00117187 0.00302259

0.00117188 0.00302365
0.0015625 0.00293734

0.0015625 6.03768e-06
0.0015646 0

0.0016565 0
0.00166016 8.92267e-06

0.00166016 1.04966e-05
0.00167491 2.44141e-05

0.00167404 2.44141e-05
0.00168457 2.83756e-05

0.00168457 1.88731e-05
0.00170898 1.91766e-05

0.00169687 2.44141e-05
0.00170898 2.44843e-05

0.0017334 1.15094e-05
0.00171871 2.44141e-05

0.00170898 2.81951e-05
0.0017195 2.44141e-05

0.0017334 1.28912e-05
0.00173899 0

0.00179052 0
0.00180664 1.92996e-05

0.00180664 3.55117e-06
0.00183105 1.33725e-05

0.00183105 9.01823e-06
0.00185547 1.29164e-05

0.00185547 8.65057e-06
0.00187988 1.26418e-05

0.00187988 1.37523e-05
0.0019043 1.3165e-05

0.0019043 1.37215e-05
0.00192871 6.80391e-06

0.00192871 7.01124e-06
0.00195312 1.17177e-05

0.00195312 1.02946e-05
0.00197754 1.56221e-05

0.00197754 1.53107e-05
0.00200195 1.04227e-05

0.00200195 1.55657e-05
0.00202637 3.88837e-06

0.00202637 4.15303e-06
0.00205078 9.1528e-06

0.00205078 8.65455e-06
0.0020752 1.55999e-05

0.0020752 9.48271e-06
0.00209961 1.16928e-05

0.00209961 1.36636e-05
0.00212402 1.34178e-05

0.00212402 1.30675e-05
0.00214844 7.78517e-06

0.00214844 7.38789e-06
0.00217285 1.32444e-05

0.00217285 1.41121e-05
0.00219727 1.39516e-05

0.00219727 1.32475e-05
0.00222168 7.17192e-06

0.00222168 7.10549e-06
0.00224609 1.35308e-05

0.00224609 1.41479e-05
0.00227051 1.41675e-05

0.00227051 1.40618e-05
0.00229492 6.60064e-06

0.00229492 7.39942e-06
0.00231934 1.18598e-05

0.00231934 1.03768e-05
0.00234375 1.54634e-05

0.00234375 1.54809e-05
0.00236816 1.05101e-05

0.00236816 1.25287e-05
0.00239258 6.72328e-06

0.00239258 6.73479e-06
0.00241699 1.26108e-05

0.00241699 1.0509e-05
0.00244141 1.54763e-05

0.00244141 1.54665e-05
0.00246582 1.04752e-05

0.00246582 1.2486e-05
0.00249023 6.87338e-06

0.00249023 6.87928e-06
0.00251465 1.26137e-05

0.00251465 1.05683e-05
0.00253906 1.53915e-05

0.00253906 1.53788e-05
0.00256348 1.05226e-05

0.00256348 1.24424e-05
0.00258789 7.06803e-06

0.00258789 7.06659e-06
0.0026123 1.2626e-05

0.0026123 1.07249e-05
0.00263672 1.52256e-05

0.00263672 1.51655e-05
0.00266113 1.05039e-05

0.00266113 1.18475e-05
0.00268555 7.92541e-06

0.00268555 7.12712e-06
0.00270996 1.39228e-05

0.00270996 1.3952e-05
0.00273438 1.41711e-05

0.00273437 1.39174e-05
0.00275879 7.42766e-06

0.00275879 8.22239e-06
0.0027832 1.18478e-05

0.0027832 1.07309e-05
0.00280762 1.49277e-05

0.00280762 1.492e-05
0.00283203 1.07092e-05

0.00283203 1.18243e-05
0.00285645 8.25763e-06

0.00285645 7.49687e-06
0.00288086 1.38871e-05

0.00288086 1.40565e-05
0.00290527 1.39526e-05

0.00290527 1.37109e-05
0.00292969 7.53317e-06

0.00292969 8.27312e-06
0.0029541 1.20736e-05

0.0029541 1.13817e-05
0.00297852 1.44149e-05

0.00297852 1.19662e-05
0.00300293 1.23675e-05

0.00300293 1.24078e-05
0.00302734 1.3941e-05

0.00302734 1.28197e-05
0.00305176 1.36813e-05

0.00305176 1.32429e-05
0.00307617 1.43641e-05

0.00307617 1.36369e-05
0.00310059 1.45463e-05

0.00310059 1.40144e-05
0.003125 1.49955e-05

0.00175781 0.00288101
0.00158327 0.00292969

0.0015625 0.00293607
0.0015854 0.00292969

0.00175781 0.00288157
0.00195312 0.00281836

0.00234375 0.00265986
0.00217396 0.00273438

0.00195312 0.0028187
0.00214844 0.00274505

0.00214844 0.00274503
0.00217272 0.00273438

0.00292969 0.00230973
0.0028828 0.00234375

0.003125 0.0021448
0.00312104 0.00214844

0.00302734 0.00223275
0.00301092 0.00224609

0.00297852 0.00227026
0.00294693 0.00229492

0.00292969 0.00230973
0.00294885 0.00229492

0.00297852 0.00227001
0.00300834 0.00224609

0.00302734 0.00223226
0.00312272 0.00214844

0.00244141 0.00261132
0.00238947 0.00263672

0.00234375 0.00265894
0.00238919 0.00263672

0.00244141 0.00261142
0.00253906 0.00256013

0.00273438 0.00244643
0.00257837 0.00253906

0.00253906 0.00255996
0.0025749 0.00253906

0.00283203 0.00237962
0.00273973 0.00244141

0.00273438 0.00244576
0.00274114 0.00244141

0.00283203 0.00237953
0.00288168 0.00234375

0.003125 1.43899e-05
0.00314941 1.53463e-05

0.00314941 1.48211e-05
0.00317383 1.57432e-05

0.00317383 1.52339e-05
0.00319824 1.60399e-05

0.00319824 1.55079e-05
0.00322266 1.64326e-05

0.00322266 1.5838e-05
0.00324707 1.70525e-05

0.00324707 1.64744e-05
0.00327148 1.76522e-05

0.00327148 1.69534e-05
0.0032959 1.81277e-05

0.0032959 1.76774e-05
0.00332031 1.87047e-05

0.00332031 1.78611e-05
0.00334473 1.92532e-05

0.00334473 1.95387e-05
0.00336914 1.96276e-05

0.00336914 1.28641e-05
0.00339355 2.44016e-05

0.00339174 2.44141e-05
0.00339355 2.51218e-05

0.00339355 2.71086e-05
0.00341797 4.85458e-05

0.00341783 4.88281e-05
0.00341797 4.89585e-05

0.00341797 4.84641e-05
0.00341834 4.88281e-05

0.00341797 4.92429e-05
0.00344178 7.32422e-05

0.00344183 7.32422e-05
0.00344238 7.3821e-05

0.00344238 7.39874e-05
0.00346433 9.76563e-05

0.00346488 9.76563e-05
0.0034668 9.98063e-05

0.0034668 0.000100294
0.00350595 0.000146484

0.00350598 0.000146484
0.00351563 0.000159161

0.00351563 0.000159659
0.00354236 0.000195313

0.00354265 0.000195313
0.00356445 0.000228111

0.00356445 0.000229607
0.00357393 0.000244141

0.00357466 0.000244141
0.00360342 0.000292969

0.0036042 0.000292969
0.00361328 0.000311309

0.00361328 0.000312824
0.00362836 0.000341797

0.00362861 0.000341797
0.00365116 0.000390625

0.00365182 0.000390625
0.00368915 0.000488281

0.00368895 0.000488281
0.00371094 0.000566243

0.00371094 0.000567903
0.00371602 0.000585938

0.0037162 0.000585937
0.00373494 0.000683594

0.00373457 0.000683594
0.00374566 0.00078125

0.00374764 0.00078125
0.00374803 0.000976562

0.00374774 0.000976562
0.00371951 0.00117188

0.00371094 0.00120274
0.00366345 0.00136719

0.0036636 0.00136719
0.00357804 0.0015625

0.00371094 0.0011962
0.00371796 0.00117187

0.00332031 0.00194026
0.0033094 0.00195312

0.00351563 0.00167098
0.00346074 0.00175781

0.00339355 0.00185097
0.00339014 0.00185547

0.00341797 0.00181915
0.00340932 0.00183105

0.00339355 0.00185048
0.00340809 0.00183105

0.00336914 0.00188191
0.00335166 0.0019043

0.00334473 0.00191267
0.0033316 0.00192871

0.00332031 0.00194341
0.00333268 0.00192871

0.00334473 0.00191251
0.00335118 0.0019043

0.00336914 0.00188246
0.00338995 0.00185547

0.00346009 0.00175781
0.00342602 0.00180664

0.00341797 0.00181574
0.00342444 0.00180664

0.00322266 0.00204935
0.00322128 0.00205078

0.003125 0.00214676
0.00322266 0.00205095

0.00327148 0.00199739
0.00326738 0.00200195

0.00322266 0.00205016
0.00326783 0.00200195

0.00327148 0.00199791
0.0033111 0.00195312

0.00357597 0.0015625
0.00352202 0.00166016

0.00351563 0.00167
0.00352158 0.00166016

