0.000118981 0
0.00012207 5.9295e-06

0.00012207 9.64973e-07
0.000146484 1.70005e-06

0.000170898 1.90636e-05
0.000167451 2.44141e-05

0.000170898 4.42643e-05
0.000169909 4.88281e-05

0.000195313 6.09329e-06
0.000191764 2.44141e-05

0.000188644 2.44141e-05
0.000183808 4.88281e-05

0.000170702 4.88281e-05
0.000170898 4.97574e-05

0.000184167 4.88281e-05
0.00018768 7.32422e-05

0.000187109 7.32422e-05
0.000195313 8.9793e-05

0.000195313 2.20583e-05
0.000199714 0

0.000195313 8.98751e-05
0.000199244 9.76563e-05

0.000198288 9.76563e-05
0.000219727 0.000119529

0.000219727 0.000118569
0.000226291 0.00012207

0.000226417 0.00012207
0.000244141 0.000131295

0.000244141 0.0001307
0.000268555 0.000134647

0.000268555 0.000134634
0.000292969 0.000131047

0.000341797 9.23708e-05
0.000339125 9.76563e-05

0.000342345 0
0.000346244 2.44141e-05

0.000350082 2.44141e-05
0.000354105 4.88281e-05

0.000354087 4.88281e-05
0.000350594 7.32422e-05

0.000341797 9.19694e-05
0.000351183 7.32422e-05

0.000317383 0.000119778
0.000312904 0.00012207

0.000292969 0.000131551
0.000311712 0.00012207

0.000317383 0.000120321
0.000339974 9.76563e-05

0.000876573 0
0.000878906 6.11028e-06

0.000878906 4.65757e-06
0.00090332 3.36376e-06

0.00090332 4.41633e-06
0.000904897 0

0.00146278 0
0.00146484 5.95621e-06

0.00146484 5.28457e-06
0.00148391 2.44141e-05

0.00148338 2.44141e-05
0.00148926 2.64663e-05

0.00148926 1.71484e-05
0.00151367 1.74029e-05

0.00148926 2.44558e-05
0.00150895 2.44141e-05

0.00151367 1.73851e-05
0.00153809 1.71357e-05

0.00151868 2.44141e-05
0.00153809 2.44568e-05

0.0015625 5.32571e-06
0.00154345 2.44141e-05

0.00153809 2.64664e-05
0.00154397 2.44141e-05

0 0.00312497
0.000390625 0.0031139

0.000390625 0.00311419
0.00078125 0.00308039

0.00078125 0.00308102
0.00117187 0.00302266

0.00117188 0.00302372
0.0015625 0.0029374

0.0015625 5.99593e-06
0.00156458 0

0.0016565 0
0.00166016 8.92594e-06

0.00166016 1.05072e-05
0.0016749 2.44141e-05

0.00167403 2.44141e-05
0.00168457 2.83772e-05

0.00168457 1.88681e-05
0.00170898 1.91686e-05

0.00169683 2.44141e-05
0.00170898 2.44836e-05

0.0017334 1.15167e-05
0.00171872 2.44141e-05

0.00170898 2.81918e-05
0.00171949 2.44141e-05

0.0017334 1.28911e-05
0.001739 0

0.0017905 0
0.00180664 1.93081e-05

0.00180664 3.56863e-06
0.00183105 1.33625e-05

0.00183105 9.02179e-06
0.00185547 1.29113e-05

0.00185547 8.64914e-06
0.00187988 1.26411e-05

0.00187988 1.37477e-05
0.0019043 1.31687e-05

0.0019043 1.37201e-05
0.00192871 6.81402e-06

0.00192871 7.02243e-06
0.00195312 1.17167e-05

0.00195312 1.02986e-05
0.00197754 1.56145e-05

0.00197754 1.53051e-05
0.00200195 1.0423e-05

0.00200195 1.55531e-05
0.00202637 3.9057e-06

0.00202637 4.17137e-06
0.00205078 9.15686e-06

0.00205078 8.65391e-06
0.0020752 1.55944e-05

0.0020752 9.48792e-06
0.00209961 1.17074e-05

0.00209961 1.36755e-05
0.00212402 1.34131e-05

0.00212402 1.31261e-05
0.00214844 7.72452e-06

0.00214844 7.31198e-06
0.00217285 1.31913e-05

0.00217285 1.40168e-05
0.00219727 1.40524e-05

0.00219727 1.33037e-05
0.00222168 7.24683e-06

0.00222168 7.16963e-06
0.00224609 1.34724e-05

0.00224609 1.41481e-05
0.00227051 1.41595e-05

0.00227051 1.40557e-05
0.00229492 6.6016e-06

0.00229492 7.39668e-06
0.00231934 1.1865e-05

0.00231934 1.03813e-05
0.00234375 1.54632e-05

0.00234375 1.54793e-05
0.00236816 1.05085e-05

0.00236816 1.25261e-05
0.00239258 6.73007e-06

0.00239258 6.74168e-06
0.00241699 1.26105e-05

0.00241699 1.05112e-05
0.00244141 1.54711e-05

0.00244141 1.54615e-05
0.00246582 1.04767e-05

0.00246582 1.24837e-05
0.00249023 6.88164e-06

0.00249023 6.88775e-06
0.00251465 1.26126e-05

0.00251465 1.05699e-05
0.00253906 1.53864e-05

0.00253906 1.53746e-05
0.00256348 1.05252e-05

0.00256348 1.24433e-05
0.00258789 7.07253e-06

0.00258789 7.07065e-06
0.0026123 1.26236e-05

0.0026123 1.07241e-05
0.00263672 1.52249e-05

0.00263672 1.51654e-05
0.00266113 1.05058e-05

0.00266113 1.18486e-05
0.00268555 7.92534e-06

0.00268555 7.12735e-06
0.00270996 1.39229e-05

0.00270996 1.3953e-05
0.00273438 1.41711e-05

0.00273437 1.39214e-05
0.00275879 7.42261e-06

0.00275879 8.2167e-06
0.0027832 1.18442e-05

0.0027832 1.07233e-05
0.00280762 1.49358e-05

0.00280762 1.49306e-05
0.00283203 1.07104e-05

0.00283203 1.18404e-05
0.00285645 8.22903e-06

0.00285645 7.47806e-06
0.00288086 1.38671e-05

0.00288086 1.39988e-05
0.00290527 1.39864e-05

0.00290527 1.36627e-05
0.00292969 7.66589e-06

0.00292969 8.44271e-06
0.0029541 1.20784e-05

0.0029541 1.14196e-05
0.00297852 1.42808e-05

0.00297852 1.19377e-05
0.00300293 1.23415e-05

0.00300293 1.23318e-05
0.00302734 1.39227e-05

0.00302734 1.27729e-05
0.00305176 1.37503e-05

0.00305176 1.32693e-05
0.00307617 1.44128e-05

0.00307617 1.37172e-05
0.00310059 1.45255e-05

0.00310059 1.4072e-05
0.003125 1.48583e-05

0.00175781 0.00288106
0.00158348 0.00292969

0.0015625 0.00293613
0.00158558 0.00292969

0.00175781 0.00288162
0.00195312 0.00281839

0.00234375 0.00265986
0.002174 0.00273438

0.00195312 0.00281874
0.00214844 0.00274507

0.00214844 0.00274504
0.00217274 0.00273438

0.00292969 0.00230964
0.00288268 0.00234375

0.003125 0.0021447
0.00312094 0.00214844

0.00302734 0.00223264
0.00301078 0.00224609

0.00297852 0.00227015
0.00294681 0.00229492

0.00292969 0.00230964
0.00294873 0.00229492

0.00297852 0.00226989
0.00300819 0.00224609

0.00302734 0.00223214
0.00312256 0.00214844

0.00244141 0.0026113
0.00238945 0.00263672

0.00234375 0.00265894
0.00238917 0.00263672

0.00244141 0.00261141
0.00253906 0.0025601

0.00273438 0.00244637
0.00257831 0.00253906

0.00253906 0.00255993
0.00257482 0.00253906

0.00283203 0.00237954
0.00273964 0.00244141

0.00273438 0.00244569
0.00274105 0.00244141

0.00283203 0.00237944
0.00288156 0.00234375

0.003125 1.43152e-05
0.00314941 1.51683e-05

0.00314941 1.45941e-05
0.00317383 1.57129e-05

0.00317383 1.51077e-05
0.00319824 1.62307e-05

0.00319824 1.56912e-05
0.00322266 1.65356e-05

0.00322266 1.58648e-05
0.00324707 1.69565e-05

0.00324707 1.6577e-05
0.00327148 1.76183e-05

0.00327148 1.66983e-05
0.0032959 1.8056e-05

0.0032959 1.7542e-05
0.00332031 1.92577e-05

0.00332031 1.86776e-05
0.00334473 1.95082e-05

0.00334473 1.92436e-05
0.00336914 1.92172e-05

0.00336914 1.31234e-05
0.00339235 2.44141e-05

0.0033909 2.44141e-05
0.00339355 2.54516e-05

0.00339355 2.71693e-05
0.00341797 4.84242e-05

0.00341773 4.88281e-05
0.00341797 4.90561e-05

0.00341797 4.84606e-05
0.00341835 4.88281e-05

0.00341797 4.92992e-05
0.00344168 7.32422e-05

0.00344173 7.32422e-05
0.00344238 7.39205e-05

0.00344238 7.40663e-05
0.00346426 9.76563e-05

0.0034648 9.76563e-05
0.0034668 9.99113e-05

0.0034668 0.000100381
0.00350591 0.000146484

0.00350596 0.000146484
0.00351563 0.000159171

0.00351563 0.000159683
0.00354237 0.000195313

0.00354268 0.000195313
0.00356445 0.000228043

0.00356445 0.000229568
0.00357396 0.000244141

0.00357471 0.000244141
0.00360348 0.000292969

0.00360427 0.000292969
0.00361328 0.00031116

0.00361328 0.000312693
0.00362844 0.000341797

0.00362868 0.000341797
0.00365124 0.000390625

0.0036519 0.000390625
0.00368924 0.000488281

0.00368904 0.000488281
0.00371094 0.000565941

0.00371094 0.00056759
0.00371611 0.000585938

0.00371628 0.000585937
0.00373501 0.000683594

0.00373465 0.000683594
0.00374572 0.00078125

0.0037477 0.00078125
0.00374806 0.000976562

0.00374776 0.000976562
0.00371949 0.00117188

0.00371094 0.00120267
0.00366339 0.00136719

0.00366354 0.00136719
0.00357793 0.0015625

0.00371094 0.00119603
0.00371792 0.00117187

0.00332031 0.00194015
0.00330931 0.00195312

0.00351563 0.00167078
0.0034606 0.00175781

0.00339355 0.00185075
0.00338998 0.00185547

0.00341797 0.00181882
0.00340907 0.00183105

0.00339355 0.00185026
0.00340792 0.00183105

0.00336914 0.00188169
0.0033515 0.0019043

0.00334473 0.00191246
0.00333142 0.00192871

0.00332031 0.00194318
0.00333248 0.00192871

0.00334473 0.00191231
0.00335103 0.0019043

0.00336914 0.00188225
0.00338978 0.00185547

0.00345994 0.00175781
0.00342587 0.00180664

0.00341797 0.00181559
0.00342433 0.00180664

0.00322266 0.00204927
0.00322121 0.00205078

0.003125 0.00214662
0.00322266 0.00205079

0.00327148 0.00199719
0.0032672 0.00200195

0.00322266 0.00204998
0.00326766 0.00200195

0.00327148 0.00199772
0.00331093 0.00195312

0.00357586 0.0015625
0.00352189 0.00166016

0.00351563 0.00166971
0.0035214 0.00166016

