0.000119419 0
0.00012207 5.53907e-06

0.00012207 9.81966e-07
0.000146484 1.77806e-06

0.000170898 1.96583e-05
0.000167795 2.44141e-05

0.000170898 4.40659e-05
0.000169855 4.88281e-05

0.000195313 5.7361e-06
0.000191707 2.44141e-05

0.000188631 2.44141e-05
0.000183813 4.88281e-05

0.00017066 4.88281e-05
0.000170898 4.99533e-05

0.000184157 4.88281e-05
0.000187673 7.32422e-05

0.000187091 7.32422e-05
0.000195313 8.98227e-05

0.000195313 2.17779e-05
0.000199606 0

0.000195313 8.98462e-05
0.00019926 9.76563e-05

0.000198281 9.76563e-05
0.000219727 0.000119528

0.000219727 0.000118558
0.000226314 0.00012207

0.000226425 0.00012207
0.000244141 0.000131286

0.000244141 0.000130691
0.000268555 0.000134635

0.000268555 0.000134623
0.000292969 0.000131034

0.000341797 9.23486e-05
0.000339113 9.76563e-05

0.000342342 0
0.00034624 2.44141e-05

0.000350077 2.44141e-05
0.000354098 4.88281e-05

0.000354081 4.88281e-05
0.000350586 7.32422e-05

0.000341797 9.19459e-05
0.000351173 7.32422e-05

0.000317383 0.000119759
0.000312868 0.00012207

0.000292969 0.000131538
0.000311685 0.00012207

0.000317383 0.000120306
0.00033996 9.76563e-05

0.000876995 0
0.000878906 5.20699e-06

0.000878906 3.96786e-06
0.00090332 4.08113e-06

0.00090332 5.35588e-06
0.000905298 0

0.00146277 0
0.00146484 5.94641e-06

0.00146484 5.47326e-06
0.00148386 2.44141e-05

0.00148314 2.44141e-05
0.00148926 2.65355e-05

0.00148926 1.71273e-05
0.00151367 1.72047e-05

0.00148926 2.44765e-05
0.00150169 2.44141e-05

0.00151367 1.72272e-05
0.00153809 1.71616e-05

0.00152585 2.44141e-05
0.00153809 2.4477e-05

0.0015625 5.44145e-06
0.00154348 2.44141e-05

0.00153809 2.65298e-05
0.00154418 2.44141e-05

0 0.00312499
0.000390625 0.00311392

0.000390625 0.00311422
0.00078125 0.00308042

0.00078125 0.00308105
0.00117187 0.00302268

0.00117188 0.00302375
0.0015625 0.00293742

0.0015625 6.03976e-06
0.00156461 0

0.0016565 0
0.00166016 8.90922e-06

0.00166016 1.049e-05
0.00167491 2.44141e-05

0.00167404 2.44141e-05
0.00168457 2.83774e-05

0.00168457 1.88775e-05
0.00170898 1.91819e-05

0.00169689 2.44141e-05
0.00170898 2.44847e-05

0.0017334 1.15055e-05
0.00171871 2.44141e-05

0.00170898 2.81997e-05
0.00171951 2.44141e-05

0.0017334 1.29049e-05
0.001739 0

0.00179052 0
0.00180664 1.93077e-05

0.00180664 3.56639e-06
0.00183105 1.33772e-05

0.00183105 9.02431e-06
0.00185547 1.29107e-05

0.00185547 8.65665e-06
0.00187988 1.26441e-05

0.00187988 1.37489e-05
0.0019043 1.31648e-05

0.0019043 1.37205e-05
0.00192871 6.8173e-06

0.00192871 7.02439e-06
0.00195312 1.17149e-05

0.00195312 1.02955e-05
0.00197754 1.56173e-05

0.00197754 1.53097e-05
0.00200195 1.04269e-05

0.00200195 1.555e-05
0.00202637 3.90668e-06

0.00202637 4.15716e-06
0.00205078 9.18167e-06

0.00205078 8.73086e-06
0.0020752 1.55568e-05

0.0020752 9.44099e-06
0.00209961 1.1632e-05

0.00209961 1.35902e-05
0.00212402 1.34951e-05

0.00212402 1.31618e-05
0.00214844 7.78632e-06

0.00214844 7.37031e-06
0.00217285 1.31464e-05

0.00217285 1.40117e-05
0.00219727 1.40364e-05

0.00219727 1.33057e-05
0.00222168 7.24386e-06

0.00222168 7.15821e-06
0.00224609 1.34605e-05

0.00224609 1.41243e-05
0.00227051 1.41772e-05

0.00227051 1.40668e-05
0.00229492 6.62258e-06

0.00229492 7.41239e-06
0.00231934 1.18491e-05

0.00231934 1.03786e-05
0.00234375 1.5463e-05

0.00234375 1.54793e-05
0.00236816 1.05113e-05

0.00236816 1.25284e-05
0.00239258 6.72843e-06

0.00239258 6.74061e-06
0.00241699 1.26097e-05

0.00241699 1.05099e-05
0.00244141 1.54733e-05

0.00244141 1.54635e-05
0.00246582 1.04777e-05

0.00246582 1.24858e-05
0.00249023 6.87872e-06

0.00249023 6.88511e-06
0.00251465 1.26126e-05

0.00251465 1.05685e-05
0.00253906 1.53896e-05

0.00253906 1.53776e-05
0.00256348 1.0526e-05

0.00256348 1.24473e-05
0.00258789 7.06704e-06

0.00258789 7.06498e-06
0.0026123 1.26226e-05

0.0026123 1.07247e-05
0.00263672 1.52273e-05

0.00263672 1.51636e-05
0.00266113 1.0503e-05

0.00266113 1.18487e-05
0.00268555 7.9271e-06

0.00268555 7.12679e-06
0.00270996 1.39209e-05

0.00270996 1.39525e-05
0.00273438 1.41715e-05

0.00273437 1.39175e-05
0.00275879 7.42524e-06

0.00275879 8.22089e-06
0.0027832 1.18476e-05

0.0027832 1.07247e-05
0.00280762 1.49328e-05

0.00280762 1.49199e-05
0.00283203 1.07232e-05

0.00283203 1.19091e-05
0.00285645 8.18797e-06

0.00285645 7.42097e-06
0.00288086 1.37991e-05

0.00288086 1.38914e-05
0.00290527 1.40882e-05

0.00290527 1.3751e-05
0.00292969 7.73426e-06

0.00292969 8.50674e-06
0.0029541 1.19629e-05

0.0029541 1.13456e-05
0.00297852 1.42952e-05

0.00297852 1.18957e-05
0.00300293 1.24437e-05

0.00300293 1.24141e-05
0.00302734 1.39802e-05

0.00302734 1.28977e-05
0.00305176 1.36587e-05

0.00305176 1.32717e-05
0.00307617 1.42343e-05

0.00307617 1.35598e-05
0.00310059 1.44366e-05

0.00310059 1.39058e-05
0.003125 1.49452e-05

0.00175781 0.00288107
0.00158355 0.00292969

0.0015625 0.00293614
0.00158563 0.00292969

0.00175781 0.00288164
0.00195312 0.0028184

0.00234375 0.00265986
0.00217401 0.00273438

0.00195312 0.00281875
0.00214844 0.00274507

0.00214844 0.00274505
0.00217275 0.00273438

0.00292969 0.00230961
0.00288265 0.00234375

0.003125 0.00214467
0.0031209 0.00214844

0.00302734 0.00223261
0.00301074 0.00224609

0.00297852 0.00227012
0.00294677 0.00229492

0.00292969 0.00230962
0.00294869 0.00229492

0.00297852 0.00226986
0.00300815 0.00224609

0.00302734 0.00223211
0.00312252 0.00214844

0.00244141 0.0026113
0.00238944 0.00263672

0.00234375 0.00265893
0.00238916 0.00263672

0.00244141 0.0026114
0.00253906 0.00256009

0.00273438 0.00244635
0.00257829 0.00253906

0.00253906 0.00255991
0.0025748 0.00253906

0.00283203 0.00237952
0.00273961 0.00244141

0.00273438 0.00244567
0.00274101 0.00244141

0.00283203 0.00237942
0.00288152 0.00234375

0.003125 1.43237e-05
0.00314941 1.53094e-05

0.00314941 1.47398e-05
0.00317383 1.57068e-05

0.00317383 1.50965e-05
0.00319824 1.61442e-05

0.00319824 1.55415e-05
0.00322266 1.66955e-05

0.00322266 1.61155e-05
0.00324707 1.71577e-05

0.00324707 1.65467e-05
0.00327148 1.75817e-05

0.00327148 1.69836e-05
0.0032959 1.82219e-05

0.0032959 1.76876e-05
0.00332031 1.88257e-05

0.00332031 1.80992e-05
0.00334473 1.93704e-05

0.00334473 1.95369e-05
0.00336914 1.95189e-05

0.00336914 1.28526e-05
0.00339324 2.44141e-05

0.00339182 2.44141e-05
0.00339355 2.51001e-05

0.00339355 2.73284e-05
0.00341797 4.88043e-05

0.00341773 4.88281e-05
0.00341797 4.90634e-05

0.00341797 4.85033e-05
0.0034183 4.88281e-05

0.00341797 4.94324e-05
0.00344167 7.32422e-05

0.00344171 7.32422e-05
0.00344238 7.39407e-05

0.00344238 7.41213e-05
0.00346426 9.76563e-05

0.0034648 9.76563e-05
0.0034668 9.98981e-05

0.0034668 0.000100655
0.00348552 0.00012207

0.0034853 0.00012207
0.00349121 0.000129151

0.00349121 0.000128793
0.00350573 0.000146484

0.00350599 0.000146484
0.00351563 0.000159135

0.00351563 0.000159658
0.00354238 0.000195313

0.00354269 0.000195313
0.00356445 0.000228036

0.00356445 0.00022957
0.00357396 0.000244141

0.00357471 0.000244141
0.00360348 0.000292969

0.00360427 0.000292969
0.00361328 0.000311158

0.00361328 0.000312698
0.00362844 0.000341797

0.00362868 0.000341797
0.00365124 0.000390625

0.0036519 0.000390625
0.00368925 0.000488281

0.00368904 0.000488281
0.00371094 0.000565917

0.00371094 0.000567575
0.00371612 0.000585938

0.00371629 0.000585937
0.00373502 0.000683594

0.00373465 0.000683594
0.00374573 0.00078125

0.00374771 0.00078125
0.00374806 0.000976562

0.00374777 0.000976562
0.00371949 0.00117188

0.00371094 0.00120265
0.00366338 0.00136719

0.00366353 0.00136719
0.00357791 0.0015625

0.00371094 0.00119599
0.00371791 0.00117187

0.00332031 0.00194012
0.00330929 0.00195312

0.00351563 0.00167073
0.00346056 0.00175781

0.00339355 0.00185069
0.00338994 0.00185547

0.00341797 0.00181874
0.00340901 0.00183105

0.00339355 0.0018502
0.00340788 0.00183105

0.00336914 0.00188164
0.00335146 0.0019043

0.00334473 0.0019124
0.00333137 0.00192871

0.00332031 0.00194312
0.00333242 0.00192871

0.00334473 0.00191226
0.00335099 0.0019043

0.00336914 0.0018822
0.00338974 0.00185547

0.0034599 0.00175781
0.00342583 0.00180664

0.00341797 0.00181556
0.00342431 0.00180664

0.00322266 0.00204925
0.00322119 0.00205078

0.003125 0.00214658
0.00322262 0.00205078

0.00327148 0.00199714
0.00326715 0.00200195

0.00322266 0.00204994
0.00326761 0.00200195

0.00327148 0.00199768
0.00331089 0.00195312

0.00357583 0.0015625
0.00352185 0.00166016

0.00351563 0.00166963
0.00352135 0.00166016

