6.99533e-05 0
7.32422e-05 8.95387e-06

7.32422e-05 8.59027e-08
9.76563e-05 2.35801e-05

9.76563e-05 1.16021e-05
0.00012207 1.30967e-05

0.00012207 1.44452e-05
0.000146484 1.12358e-05

0.000146484 1.19784e-05
0.000170898 8.49059e-06

0.000170898 7.83133e-06
0.000195313 1.36541e-05

0.000195313 1.37708e-05
0.000219727 1.39451e-05

0.000219727 1.33644e-05
0.000244141 8.35562e-06

0.000244141 9.07183e-06
0.000268555 1.23153e-05

0.000268555 1.17054e-05
0.000292969 1.40095e-05

0.000292969 1.21322e-05
0.000317383 1.23148e-05

0.000317383 1.24568e-05
0.000341797 1.35088e-05

0.000341797 1.27641e-05
0.000366211 1.31522e-05

0.000366211 1.30104e-05
0.000390625 1.3508e-05

0.000390625 1.31625e-05
0.000415039 1.34711e-05

0.000415039 1.34285e-05
0.000439453 1.35397e-05

0.000439453 1.33036e-05
0.000463867 1.3493e-05

0.000463867 1.33619e-05
0.000488281 1.3885e-05

0.000488281 1.36813e-05
0.000512695 1.38928e-05

0.000512695 1.38434e-05
0.000537109 1.37209e-05

0.000537109 1.36282e-05
0.000561523 1.37618e-05

0.000561523 1.35403e-05
0.000585937 1.42249e-05

0.000585938 1.40456e-05
0.000610352 1.43851e-05

0.000610352 1.42503e-05
0.000634766 1.40384e-05

0.000634766 1.40976e-05
0.00065918 1.40058e-05

0.00065918 1.36756e-05
0.000683594 1.44719e-05

0.000683594 1.45726e-05
0.000708008 1.47675e-05

0.000708008 1.46204e-05
0.000732422 1.3834e-05

0.000732422 1.41285e-05
0.000756836 1.39836e-05

0.000756836 1.41459e-05
0.00078125 1.40851e-05

0.00078125 1.41372e-05
0.000805664 1.38816e-05

0.000805664 1.40513e-05
0.000830078 1.37884e-05

0.000830078 1.3947e-05
0.000854492 1.36721e-05

0.000854492 1.38051e-05
0.000878906 1.36199e-05

0.000878906 1.37591e-05
0.00090332 1.35824e-05

0.00090332 1.36997e-05
0.000927734 1.34617e-05

0.000927734 1.35953e-05
0.000952148 1.33933e-05

0.000952148 1.35517e-05
0.000976562 1.33118e-05

0.000976562 1.34777e-05
0.00100098 1.31592e-05

0.00100098 1.34441e-05
0.00102539 1.29561e-05

0.00102539 1.32008e-05
0.0010498 1.27341e-05

0.0010498 1.32479e-05
0.00107422 1.24895e-05

0.00107422 1.26768e-05
0.00109863 1.2199e-05

0.00109863 1.32716e-05
0.00112305 1.18097e-05

0.00112305 1.14821e-05
0.00114746 1.14384e-05

0.00114746 1.43445e-05
0.00117187 1.06796e-05

0.00117188 1.08845e-05
0.00119629 7.46647e-06

0.00119629 6.51345e-06
0.0012207 1.46428e-05

0.0012207 1.41387e-05
0.00124512 1.40771e-05

0.00124512 1.35417e-05
0.00126953 7.53162e-06

0.00126953 8.21246e-06
0.00129395 1.25277e-05

0.00129395 1.25678e-05
0.00131836 1.3741e-05

0.00131836 1.28749e-05
0.00134277 9.39703e-06

0.00134277 1.14519e-05
0.00136719 1.04524e-05

0.00136719 2.18812e-05
0.00139071 0

0.0013916 9.96502e-06
0.00139541 0

0.00146248 0
0.00146484 6.79169e-06

0.00146484 1.99443e-06
0.00148675 2.44141e-05

0.00148772 2.44141e-05
0.00148926 2.49391e-05

0.00148926 1.48039e-05
0.00151367 1.62287e-05

0.00151307 2.44141e-05
0.00151367 2.44287e-05

0.00151367 1.62851e-05
0.00153809 1.48062e-05

0.00151367 2.44251e-05
0.00151411 2.44141e-05

0.0015625 1.87343e-06
0.00154055 2.44141e-05

0.00153809 2.48434e-05
0.00153934 2.44141e-05

0 0.00312064
0.000195313 0.00311726

0.000195313 0.00311683
0.000292969 0.0031126

0.000292969 0.00311261
0.000390625 0.00310668

0.000390625 0.00310668
0.000488281 0.00309902

0.000488281 0.00309905
0.000585938 0.00308965

0.000585937 0.00308952
0.000634766 0.00308416

0.000634766 0.00308416
0.000683594 0.00307838

0.000732422 0.00307219
0.000700996 0.00307617

0.000683594 0.00307838
0.000701001 0.00307617

0.000732422 0.00307219
0.00078125 0.00306557

0.00078125 0.00306557
0.000830078 0.00305852

0.000830078 0.00305852
0.000878906 0.00305104

0.000878906 0.00305105
0.000927734 0.00304312

0.000927734 0.00304312
0.000976562 0.00303473

0.00102539 0.00302587
0.00101724 0.00302734

0.00102539 0.00302587
0.00107422 0.00301658

0.000976563 0.00303472
0.00101725 0.00302734

0.00107422 0.00301658
0.00112305 0.00300685

0.00112305 0.00300686
0.00117187 0.00299668

0.00117188 0.00299664
0.00119629 0.00299138

0.00119629 0.00299138
0.0012207 0.002986

0.00126953 0.00297493
0.00125375 0.00297852

0.0012207 0.002986
0.00124512 0.0029805

0.00124512 0.00298049
0.00125371 0.00297852

0.00126953 0.00297493
0.00131836 0.00296338

0.00131836 0.00296338
0.00136719 0.00295137

0.00146484 0.0029259
0.00145061 0.00292969

0.00146484 0.00292591
0.00151367 0.00291243

0.00151367 0.00291243
0.0015625 0.00289847

0.00136719 0.00295138
0.00141602 0.0029389

0.00141602 0.00293886
0.00144043 0.00293242

0.00144043 0.00293241
0.00145057 0.00292969

0.0015625 6.85272e-06
0.00156489 0

0.00165526 0
0.00166016 1.16813e-05

0.00166016 1.06304e-05
0.001676 2.44141e-05

0.00167488 2.44141e-05
0.00168457 2.77293e-05

0.00168457 1.80502e-05
0.00170898 1.76532e-05

0.00168457 2.45196e-05
0.00169667 2.44141e-05

0.0017334 9.62476e-06
0.00171741 2.44141e-05

0.00170898 2.76431e-05
0.00171806 2.44141e-05

0.0017334 7.85825e-06
0.00173653 0

0.00180494 0
0.00180664 4.56572e-06

0.00182214 0
0.00183105 1.5107e-05

0.00183105 1.26687e-07
0.00185547 1.53445e-05

0.00185547 7.4811e-06
0.00187988 9.0407e-06

0.00187988 7.1341e-06
0.0019043 9.72926e-06

0.0019043 7.71631e-06
0.00192871 1.12582e-05

0.00192871 8.76654e-06
0.00195312 1.17391e-05

0.00195312 8.69861e-06
0.00197754 1.36162e-05

0.00197754 1.44036e-05
0.00200195 1.22659e-05

0.00200195 1.62105e-05
0.00202637 3.32595e-06

0.00202637 3.98592e-06
0.00205078 8.8588e-06

0.00205078 8.53049e-06
0.0020752 1.56218e-05

0.0020752 9.18721e-06
0.00209961 1.15895e-05

0.00209961 1.36051e-05
0.00212402 1.35945e-05

0.00212402 1.31475e-05
0.00214844 7.61536e-06

0.00214844 7.22723e-06
0.00217285 1.32357e-05

0.00217285 1.41814e-05
0.00219727 1.39499e-05

0.00219727 1.31139e-05
0.00222168 7.04274e-06

0.00222168 7.03405e-06
0.00224609 1.37047e-05

0.00224609 1.42839e-05
0.00227051 1.40685e-05

0.00227051 1.38957e-05
0.00229492 6.55519e-06

0.00229492 7.40991e-06
0.00231934 1.20512e-05

0.00231934 1.04793e-05
0.00234375 1.53722e-05

0.00234375 1.54374e-05
0.00236816 1.05113e-05

0.00236816 1.23172e-05
0.00239258 7.00543e-06

0.00239258 7.05715e-06
0.00241699 1.27691e-05

0.00241699 1.07281e-05
0.00244141 1.52172e-05

0.00244141 1.52378e-05
0.00246582 1.05655e-05

0.00246582 1.22256e-05
0.00249023 7.51319e-06

0.00249023 7.54242e-06
0.00251465 1.27547e-05

0.00251465 1.09277e-05
0.00253906 1.49461e-05

0.00253906 1.49439e-05
0.00256348 1.07136e-05

0.00256348 1.21559e-05
0.00258789 8.09023e-06

0.00258789 8.08979e-06
0.0026123 1.27395e-05

0.0026123 1.12277e-05
0.00263672 1.45873e-05

0.00263672 1.45099e-05
0.00266113 1.08043e-05

0.00266113 1.18061e-05
0.00268555 9.08452e-06

0.00268555 8.41724e-06
0.00270996 1.35862e-05

0.00270996 1.3611e-05
0.00273438 1.37937e-05

0.00273437 1.33349e-05
0.00275879 8.91576e-06

0.00275879 9.61971e-06
0.0027832 1.2134e-05

0.0027832 1.14189e-05
0.00280762 1.39603e-05

0.00280762 1.39314e-05
0.00283203 1.12107e-05

0.00283203 1.19084e-05
0.00285645 9.85182e-06

0.00285645 9.33596e-06
0.00288086 1.32442e-05

0.00288086 1.33012e-05
0.00290527 1.34578e-05

0.00290527 1.27928e-05
0.00292969 9.99877e-06

0.00292969 1.02651e-05
0.0029541 1.28523e-05

0.0029541 1.30811e-05
0.00297852 1.30727e-05

0.00297852 1.2439e-05
0.00300293 1.0667e-05

0.00300293 1.10222e-05
0.00302734 1.28043e-05

0.00302734 1.22941e-05
0.00305176 1.31528e-05

0.00305176 1.24923e-05
0.00307617 1.25033e-05

0.00307617 1.26444e-05
0.00310059 1.28177e-05

0.00310059 1.25905e-05
0.003125 1.26444e-05

0.0015625 0.00289843
0.00158691 0.00289127

0.00158691 0.00289127
0.00161133 0.00288398

0.00166016 0.00286905
0.0016216 0.00288086

0.00161133 0.00288399
0.00162164 0.00288086

0.00166016 0.00286905
0.00170898 0.00285359

0.00170898 0.0028536
0.00175781 0.0028376

0.00180664 0.00282102
0.0017742 0.00283203

0.00180664 0.00282102
0.00185547 0.00280391

0.00175781 0.00283757
0.00177426 0.00283203

0.00185547 0.00280388
0.00187988 0.00279513

0.00187988 0.00279513
0.0019043 0.00278624

0.00195312 0.00276806
0.00191251 0.0027832

0.0019043 0.00278626
0.00191255 0.0027832

0.00205078 0.00272986
0.00203944 0.00273438

0.00205078 0.00272987
0.00209961 0.00270983

0.00209961 0.00270979
0.00212402 0.00269953

0.00212402 0.00269954
0.00214844 0.00268912

0.00219727 0.00266786
0.00215672 0.00268555

0.00214844 0.00268915
0.00215676 0.00268555

0.00219727 0.00266789
0.00224609 0.00264592

0.00229492 0.00262321
0.00226587 0.00263672

0.00231934 0.00261153
0.00231771 0.0026123

0.00229492 0.00262316
0.00231771 0.0026123

0.00231934 0.00261153
0.00234375 0.00259973

0.00224609 0.00264587
0.00226594 0.00263672

0.00195312 0.00276809
0.00200195 0.00274929

0.00200195 0.00274925
0.00202637 0.00273961

0.00202637 0.0027396
0.0020394 0.00273437

0.00283203 0.00231815
0.00279389 0.00234375

0.00288086 0.00228425
0.00286536 0.00229492

0.00283203 0.00231807
0.00285645 0.00230123

0.00285645 0.00230114
0.00286541 0.00229492

0.00288086 0.00228419
0.00292969 0.00224884

0.00307617 0.00213388
0.00305838 0.00214844

0.003125 0.002092
0.00311623 0.00209961

0.00307617 0.00213381
0.00311611 0.00209961

0.00297852 0.00221208
0.00293336 0.00224609

0.00302734 0.0021738
0.00299741 0.00219727

0.00297852 0.002212
0.0029975 0.00219727

0.00292969 0.00224881
0.0029334 0.00224609

0.00302734 0.00217368
0.00305842 0.00214844

0.00249023 0.00252496
0.00246354 0.00253906

0.00251465 0.00251168
0.00250917 0.00251465

0.00249023 0.00252491
0.00250918 0.00251465

0.00251465 0.00251169
0.00253906 0.00249826

0.00239258 0.00257562
0.00236776 0.00258789

0.00234375 0.00259973
0.00236786 0.00258789

0.00239258 0.00257566
0.00244141 0.00255074

0.00244141 0.00255069
0.00246361 0.00253906

0.00258789 0.00247081
0.00255339 0.00249023

0.00253906 0.00249828
0.00255345 0.00249023

0.00258789 0.00247085
0.00263672 0.00244241

0.00268555 0.00241295
0.00263838 0.00244141

0.00273438 0.00238248
0.0027182 0.00239258

0.00268555 0.00241289
0.00270996 0.00239778

0.00270996 0.00239775
0.00271819 0.00239258

0.00263672 0.00244239
0.0026384 0.00244141

0.00273438 0.0023825
0.0027832 0.00235091

0.0027832 0.00235086
0.00279392 0.00234375

0.003125 1.28105e-05
0.00314941 1.27263e-05

0.00314941 1.25427e-05
0.00317383 1.25755e-05

0.00317383 1.27725e-05
0.00319824 1.28097e-05

0.00319824 1.25594e-05
0.00322266 1.26105e-05

0.00322266 1.29259e-05
0.00324707 1.27273e-05

0.00324707 1.26289e-05
0.00327148 1.22661e-05

0.00327148 1.28095e-05
0.0032959 1.23454e-05

0.0032959 1.2084e-05
0.00332031 1.21807e-05

0.00332031 1.40329e-05
0.00334473 1.12525e-05

0.00334473 1.04784e-05
0.00336914 1.01619e-05

0.00336914 8.36449e-06
0.00339355 1.65257e-05

0.00339355 1.34531e-05
0.00341797 1.86063e-05

0.00341797 1.51279e-05
0.00344238 1.83826e-05

0.00344238 1.68683e-05
0.0034668 2.12896e-05

0.0034668 1.83906e-05
0.00349121 2.39626e-05

0.00349121 2.0239e-05
0.00350137 2.44141e-05

0.00349793 2.44141e-05
0.00351563 3.05146e-05

0.00351563 3.18957e-05
0.00354004 4.41314e-05

0.00354004 4.34357e-05
0.00354904 4.88281e-05

0.00355061 4.88281e-05
0.00356445 5.7272e-05

0.00356445 5.77623e-05
0.00358334 7.32422e-05

0.00358344 7.32422e-05
0.00358887 7.8133e-05

0.00358887 7.84947e-05
0.00360775 9.76563e-05

0.00360781 9.76563e-05
0.00361328 0.000103819

0.00361328 0.000104076
0.00362849 0.00012207

0.00362853 0.00012207
0.0036377 0.000134311

0.0036377 0.000134546
0.00364647 0.000146484

0.00364655 0.000146484
0.00366211 0.000169514

0.00366211 0.000169894
0.00366276 0.000170898

0.00366297 0.000170898
0.00367811 0.000195313

0.00367812 0.000195313
0.00368652 0.000209991

0.00368652 0.000210193
0.00369198 0.000219727

0.00369202 0.000219727
0.00370498 0.000244141

0.003705 0.000244141
0.00371094 0.000256179

0.00371094 0.000256308
0.00371698 0.000268555

0.00371699 0.000268555
0.00372821 0.000292969

0.00372824 0.000292969
0.00373535 0.000309611

0.00373535 0.000309898
0.00373855 0.000317383

0.00373862 0.000317383
0.00374834 0.000341797

0.00374853 0.000341797
0.00375977 0.000373488

0.00375977 0.000373396
0.00376561 0.000390625

0.00376558 0.000390625
0.00377324 0.000415039

0.00377323 0.000415039
0.00378028 0.000439453

0.00378027 0.000439453
0.00378418 0.000454216

0.00378418 0.000454187
0.00378674 0.000463867

0.00378673 0.000463867
0.00379262 0.000488281

0.00379262 0.000488281
0.00379796 0.000512695

0.00379796 0.000512695
0.00380275 0.000537109

0.00380274 0.000537109
0.003807 0.000561523

0.00380699 0.000561523
0.00380859 0.000572

0.00380859 0.000571974
0.00381073 0.000585937

0.00381072 0.000585938
0.00381395 0.000610352

0.00381395 0.000610352
0.00381667 0.000634766

0.00381667 0.000634766
0.00381891 0.00065918

0.00381891 0.00065918
0.00382065 0.000683594

0.00382065 0.000683594
0.00382192 0.000708008

0.00382192 0.000708008
0.00382272 0.000732422

0.00382272 0.000732422
0.00382305 0.000756836

0.00382305 0.000756836
0.00382292 0.00078125

0.00380859 0.00095394
0.00380574 0.000976562

0.00382303 0.00078125
0.00382139 0.000830078

0.00382138 0.000830078
0.00381791 0.000878906

0.00381791 0.000878906
0.00381262 0.000927734

0.00380859 0.000955563
0.00381262 0.000927734

0.00380555 0.000976563
0.00379671 0.00102539

0.00379669 0.00102539
0.00378611 0.00107422

0.00375977 0.00117106
0.00375953 0.00117187

0.00378613 0.00107422
0.00377378 0.00112305

0.00377367 0.00112305
0.00376682 0.00114746

0.00375977 0.00117107
0.00376682 0.00114746

0.00371094 0.00130713
0.00370644 0.00131836

0.00370646 0.00131836
0.00368509 0.00136719

0.00361328 0.00150727
0.00360974 0.00151367

0.00360977 0.00151367
0.00358077 0.0015625

0.00366211 0.00141531
0.00366177 0.00141602

0.00366189 0.00141602
0.00363679 0.00146484

0.00368499 0.00136719
0.00367362 0.0013916

0.00366211 0.00141532
0.00367362 0.0013916

0.00361328 0.00150734
0.00363681 0.00146484

0.00375964 0.00117188
0.00374372 0.0012207

0.00374374 0.0012207
0.00372602 0.00126953

0.00371094 0.00130721
0.00372602 0.00126953

0.00332031 0.00190271
0.00331884 0.0019043

0.00331889 0.0019043
0.00327217 0.00195312

0.0034668 0.00172845
0.0034444 0.00175781

0.00351563 0.00166177
0.00348165 0.00170898

0.0034668 0.00172861
0.00348156 0.00170898

0.00336914 0.0018484
0.00336298 0.00185547

0.00341797 0.00179046
0.00340484 0.00180664

0.00336914 0.00184843
0.00340495 0.00180664

0.00332031 0.00190271
0.00336312 0.00185547

0.00341797 0.00179069
0.00344442 0.00175781

0.00317383 0.00204818
0.00317099 0.00205078

0.00317383 0.00204821
0.00322266 0.00200217

0.003125 0.00209203
0.00317092 0.00205078

0.00327148 0.00195381
0.00322293 0.00200195

0.00322266 0.00200221
0.00322293 0.00200195

0.00327148 0.00195382
0.00327217 0.00195312

0.00356445 0.00158822
0.00354979 0.00161133

0.00354981 0.00161133
0.00351678 0.00166016

0.00358066 0.0015625
0.00356542 0.00158691

0.00356445 0.00158844
0.0035654 0.00158691

0.00351563 0.00166174
0.00351672 0.00166016

