0.000121778 0
0.00012207 8.70755e-07

0.00012207 1.40233e-06
0.000146484 1.45578e-06

0.000170898 2.37765e-05
0.000170455 2.44141e-05

0.000170898 4.78627e-05
0.000170669 4.88281e-05

0.000195313 5.17103e-06
0.000191694 2.44141e-05

0.00018829 2.44141e-05
0.000183591 4.88281e-05

0.000170825 4.88281e-05
0.000170898 4.9191e-05

0.00018396 4.88281e-05
0.000187478 7.32422e-05

0.000186823 7.32422e-05
0.000195313 9.03339e-05

0.000195313 1.79159e-05
0.000198682 0

0.000195313 8.98537e-05
0.000199264 9.76563e-05

0.000198073 9.76563e-05
0.000219727 0.000119652

0.000219727 0.000118573
0.00022633 0.00012207

0.000226269 0.00012207
0.000244141 0.000131304

0.000244141 0.000130696
0.000268555 0.000134584

0.000268555 0.000134576
0.000292969 0.000130933

0.000341797 9.19655e-05
0.000338915 9.76563e-05

0.000342184 0
0.000346079 2.44141e-05

0.000349915 2.44141e-05
0.000353927 4.88281e-05

0.00035391 4.88281e-05
0.000350401 7.32422e-05

0.000341797 9.15533e-05
0.000350979 7.32422e-05

0.000317383 0.000119573
0.000312534 0.00012207

0.000292969 0.000131431
0.000311391 0.00012207

0.000317383 0.000120125
0.000339743 9.76563e-05

0.000876999 0
0.000878906 5.19622e-06

0.000878906 3.95783e-06
0.00090332 4.0904e-06

0.00090332 5.37038e-06
0.000905305 0

0.00146278 0
0.00146484 5.94564e-06

0.00146484 5.32057e-06
0.00148389 2.44141e-05

0.00148336 2.44141e-05
0.00148926 2.64699e-05

0.00148926 1.7139e-05
0.00151367 1.73973e-05

0.00148926 2.44557e-05
0.00150915 2.44141e-05

0.00151367 1.7408e-05
0.00153809 1.71621e-05

0.001519 2.44141e-05
0.00153809 2.44571e-05

0.0015625 5.31042e-06
0.00154345 2.44141e-05

0.00153809 2.64702e-05
0.00154398 2.44141e-05

0.000390625 0.00311423
1.0923e-05 0.003125

0.000390625 0.00311452
0.00078125 0.0030807

0.00078125 0.00308133
0.00117187 0.00302291

0.00117188 0.00302398
0.0015625 0.00293757

0.0015625 6.02223e-06
0.00156459 0

0.0016565 0
0.00166016 8.90914e-06

0.00166016 1.05019e-05
0.0016749 2.44141e-05

0.00167402 2.44141e-05
0.00168457 2.83851e-05

0.00168457 1.88843e-05
0.00170898 1.91852e-05

0.00169686 2.44141e-05
0.00170898 2.44834e-05

0.0017334 1.15166e-05
0.00171872 2.44141e-05

0.00170898 2.81972e-05
0.0017195 2.44141e-05

0.0017334 1.29105e-05
0.00173901 0

0.0017905 0
0.00180664 1.93308e-05

0.00180664 3.60386e-06
0.00183105 1.33802e-05

0.00183105 9.04948e-06
0.00185547 1.29009e-05

0.00185547 8.66759e-06
0.00187988 1.26384e-05

0.00187988 1.37386e-05
0.0019043 1.31709e-05

0.0019043 1.37157e-05
0.00192871 6.84863e-06

0.00192871 7.05711e-06
0.00195312 1.17134e-05

0.00195312 1.03039e-05
0.00197754 1.56013e-05

0.00197754 1.52997e-05
0.00200195 1.04372e-05

0.00200195 1.55183e-05
0.00202637 3.95673e-06

0.00202637 4.19217e-06
0.00205078 9.21697e-06

0.00205078 8.81075e-06
0.0020752 1.55087e-05

0.0020752 9.42085e-06
0.00209961 1.15833e-05

0.00209961 1.35374e-05
0.00212402 1.35398e-05

0.00212402 1.31242e-05
0.00214844 7.88313e-06

0.00214844 7.47811e-06
0.00217285 1.3177e-05

0.00217285 1.41122e-05
0.00219727 1.39255e-05

0.00219727 1.31513e-05
0.00222168 7.25614e-06

0.00222168 7.20945e-06
0.00224609 1.36106e-05

0.00224609 1.42576e-05
0.00227051 1.40463e-05

0.00227051 1.3988e-05
0.00229492 6.5494e-06

0.00229492 7.36164e-06
0.00231934 1.19362e-05

0.00231934 1.03969e-05
0.00234375 1.5448e-05

0.00234375 1.54695e-05
0.00236816 1.0516e-05

0.00236816 1.25266e-05
0.00239258 6.75152e-06

0.00239258 6.76298e-06
0.00241699 1.26062e-05

0.00241699 1.05171e-05
0.00244141 1.54622e-05

0.00244141 1.54541e-05
0.00246582 1.04821e-05

0.00246582 1.24847e-05
0.00249023 6.89411e-06

0.00249023 6.8994e-06
0.00251465 1.26095e-05

0.00251465 1.05728e-05
0.00253906 1.53822e-05

0.00253906 1.53716e-05
0.00256348 1.05276e-05

0.00256348 1.24418e-05
0.00258789 7.07983e-06

0.00258789 7.07742e-06
0.0026123 1.2625e-05

0.0026123 1.07333e-05
0.00263672 1.52172e-05

0.00263672 1.51602e-05
0.00266113 1.04965e-05

0.00266113 1.17671e-05
0.00268555 8.00459e-06

0.00268555 7.22476e-06
0.00270996 1.39927e-05

0.00270996 1.40712e-05
0.00273438 1.40468e-05

0.00273437 1.3828e-05
0.00275879 7.35661e-06

0.00275879 8.16914e-06
0.0027832 1.19438e-05

0.0027832 1.07609e-05
0.00280762 1.49117e-05

0.00280762 1.49012e-05
0.00283203 1.07132e-05

0.00283203 1.18254e-05
0.00285645 8.29922e-06

0.00285645 7.54716e-06
0.00288086 1.38654e-05

0.00288086 1.39848e-05
0.00290527 1.39828e-05

0.00290527 1.37469e-05
0.00292969 7.66289e-06

0.00292969 8.48053e-06
0.0029541 1.1913e-05

0.0029541 1.13293e-05
0.00297852 1.41913e-05

0.00297852 1.18332e-05
0.00300293 1.22946e-05

0.00300293 1.22534e-05
0.00302734 1.38968e-05

0.00302734 1.27188e-05
0.00305176 1.37171e-05

0.00305176 1.31893e-05
0.00307617 1.44142e-05

0.00307617 1.36401e-05
0.00310059 1.4634e-05

0.00310059 1.40846e-05
0.003125 1.50563e-05

0.00175781 0.00288118
0.00158409 0.00292969

0.0015625 0.00293627
0.00158608 0.00292969

0.00175781 0.00288175
0.00195312 0.00281846

0.00234375 0.00265981
0.00217401 0.00273438

0.00195312 0.00281881
0.00214844 0.00274507

0.00214844 0.00274504
0.00217271 0.00273438

0.00292969 0.0023094
0.00288238 0.00234375

0.003125 0.00214443
0.00312064 0.00214844

0.00302734 0.00223241
0.0030105 0.00224609

0.00297852 0.0022699
0.00294649 0.00229492

0.00292969 0.00230944
0.00294845 0.00229492

0.00297852 0.00226959
0.00300783 0.00224609

0.00302734 0.00223188
0.00312224 0.00214844

0.00244141 0.00261122
0.00238932 0.00263672

0.00234375 0.00265888
0.00238902 0.00263672

0.00244141 0.00261133
0.00253906 0.00255998

0.00273438 0.00244619
0.00257809 0.00253906

0.00253906 0.00255978
0.00257457 0.00253906

0.00283203 0.00237934
0.00273938 0.00244141

0.00273438 0.00244551
0.00274076 0.00244141

0.00283203 0.00237922
0.00288125 0.00234375

0 0.00312531
1.08451e-05 0.003125

0.003125 1.44683e-05
0.00314941 1.53497e-05

0.00314941 1.48474e-05
0.00317383 1.57297e-05

0.00317383 1.52214e-05
0.00319824 1.60694e-05

0.00319824 1.55332e-05
0.00322266 1.64934e-05

0.00322266 1.59915e-05
0.00324707 1.69814e-05

0.00324707 1.64991e-05
0.00327148 1.73087e-05

0.00327148 1.65272e-05
0.0032959 1.79386e-05

0.0032959 1.74962e-05
0.00332031 1.89946e-05

0.00332031 1.79591e-05
0.00334473 1.94708e-05

0.00334473 1.97473e-05
0.00336914 1.97669e-05

0.00336914 1.28023e-05
0.00339314 2.44141e-05

0.00339097 2.44141e-05
0.00339355 2.54708e-05

0.00339355 2.7911e-05
0.00341714 4.88281e-05

0.0034171 4.88281e-05
0.00341797 4.96598e-05

0.00341797 4.99481e-05
0.0034414 7.32422e-05

0.00344144 7.32422e-05
0.00344238 7.42133e-05

0.00344238 7.43729e-05
0.00346414 9.76563e-05

0.00346465 9.76563e-05
0.0034668 0.00010007

0.0034668 0.000100539
0.00350593 0.000146484

0.00350592 0.000146484
0.00351563 0.000159195

0.00351563 0.000159695
0.00354239 0.000195313

0.00354271 0.000195313
0.00356445 0.000227989

0.00356445 0.000229623
0.00357393 0.000244141

0.00357473 0.000244141
0.00360351 0.000292969

0.00360431 0.000292969
0.00361328 0.000311087

0.00361328 0.000312659
0.00362845 0.000341797

0.0036287 0.000341797
0.00365125 0.000390625

0.00365191 0.000390625
0.00368922 0.000488281

0.00368902 0.000488281
0.00371094 0.000566083

0.00371094 0.000567749
0.00371606 0.000585938

0.00371624 0.000585937
0.00373495 0.000683594

0.00373458 0.000683594
0.00374564 0.00078125

0.00374763 0.00078125
0.00374795 0.000976562

0.00374765 0.000976562
0.00371934 0.00117188

0.00371094 0.00120213
0.0036632 0.00136719

0.00366334 0.00136719
0.00357768 0.0015625

0.00371094 0.00119524
0.0037177 0.00117187

0.00332031 0.00194003
0.00330923 0.00195312

0.00351563 0.00167036
0.00346032 0.00175781

0.00339355 0.00185035
0.0033897 0.00185547

0.00341797 0.00181807
0.00340852 0.00183105

0.00339355 0.00184982
0.0034076 0.00183105

0.00336914 0.00188129
0.0033512 0.0019043

0.00334473 0.00191203
0.00333106 0.00192871

0.00332031 0.00194264
0.00333199 0.00192871

0.00334473 0.00191198
0.0033508 0.0019043

0.00336914 0.00188185
0.00338946 0.00185547

0.00345965 0.00175781
0.00342556 0.00180664

0.00341797 0.00181549
0.00342427 0.00180664

0.00322266 0.00204909
0.00322104 0.00205078

0.003125 0.00214632
0.00322234 0.00205078

0.00327148 0.00199675
0.00326679 0.00200195

0.00322266 0.00204964
0.00326733 0.00200195

0.00327148 0.00199737
0.00331062 0.00195312

0.00357561 0.0015625
0.00352161 0.00166016

0.00351563 0.00166896
0.00352094 0.00166016

