0.000121784 0
0.00012207 8.5254e-07

0.00012207 1.38243e-06
0.000146484 1.43647e-06

0.000170898 2.3783e-05
0.000170458 2.44141e-05

0.000170898 4.7904e-05
0.000170678 4.88281e-05

0.000195313 5.22205e-06
0.000191716 2.44141e-05

0.000188277 2.44141e-05
0.000183591 4.88281e-05

0.000170823 4.88281e-05
0.000170898 4.92022e-05

0.000183952 4.88281e-05
0.000187467 7.32422e-05

0.000186806 7.32422e-05
0.000195313 9.037e-05

0.000195313 1.75841e-05
0.000198608 0

0.000195313 8.98585e-05
0.00019926 9.76563e-05

0.000198056 9.76563e-05
0.000219727 0.000119667

0.000219727 0.000118581
0.000226317 0.00012207

0.000226248 0.00012207
0.000244141 0.000131313

0.000244141 0.000130703
0.000268555 0.000134588

0.000268555 0.00013458
0.000292969 0.000130933

0.000341797 9.19419e-05
0.000338903 9.76563e-05

0.000342167 0
0.000346062 2.44141e-05

0.000349899 2.44141e-05
0.000353912 4.88281e-05

0.000353895 4.88281e-05
0.000350388 7.32422e-05

0.000341797 9.15305e-05
0.000350965 7.32422e-05

0.000317383 0.000119568
0.000312527 0.00012207

0.000292969 0.000131431
0.000311384 0.00012207

0.000317383 0.000120119
0.000339731 9.76563e-05

0.000876553 0
0.000878906 6.14989e-06

0.000878906 4.69166e-06
0.00090332 3.32825e-06

0.00090332 4.36306e-06
0.000904875 0

0.00146276 0
0.00146484 5.97777e-06

0.00146484 5.43363e-06
0.00148386 2.44141e-05

0.00148315 2.44141e-05
0.00148926 2.65373e-05

0.00148926 1.71627e-05
0.00151367 1.72361e-05

0.00148926 2.44763e-05
0.00150154 2.44141e-05

0.00151367 1.72089e-05
0.00153809 1.71372e-05

0.00152569 2.44141e-05
0.00153809 2.44772e-05

0.0015625 5.49265e-06
0.00154349 2.44141e-05

0.00153809 2.65335e-05
0.0015442 2.44141e-05

0.000390625 0.00311426
1.19209e-05 0.003125

0.000390625 0.00311455
0.00078125 0.00308072

0.00078125 0.00308135
0.00117187 0.00302293

0.00117188 0.003024
0.0015625 0.00293758

0.0015625 6.01645e-06
0.0015646 0

0.0016565 0
0.00166016 8.91601e-06

0.00166016 1.05169e-05
0.00167489 2.44141e-05

0.00167401 2.44141e-05
0.00168457 2.83869e-05

0.00168457 1.88768e-05
0.00170898 1.91746e-05

0.00169685 2.44141e-05
0.00170898 2.44822e-05

0.0017334 1.15288e-05
0.00171873 2.44141e-05

0.00170898 2.81899e-05
0.00171948 2.44141e-05

0.0017334 1.29004e-05
0.001739 0

0.0017905 0
0.00180664 1.93329e-05

0.00180664 3.60843e-06
0.00183105 1.33785e-05

0.00183105 9.04798e-06
0.00185547 1.29012e-05

0.00185547 8.67106e-06
0.00187988 1.26401e-05

0.00187988 1.37381e-05
0.0019043 1.31683e-05

0.0019043 1.37138e-05
0.00192871 6.85289e-06

0.00192871 7.06137e-06
0.00195312 1.17128e-05

0.00195312 1.0305e-05
0.00197754 1.55975e-05

0.00197754 1.52969e-05
0.00200195 1.04369e-05

0.00200195 1.55211e-05
0.00202637 3.9551e-06

0.00202637 4.21722e-06
0.00205078 9.18525e-06

0.00205078 8.69438e-06
0.0020752 1.55667e-05

0.0020752 9.50394e-06
0.00209961 1.16983e-05

0.00209961 1.36616e-05
0.00212402 1.34078e-05

0.00212402 1.30434e-05
0.00214844 7.82545e-06

0.00214844 7.44237e-06
0.00217285 1.32508e-05

0.00217285 1.412e-05
0.00219727 1.39088e-05

0.00219727 1.31614e-05
0.00222168 7.25163e-06

0.00222168 7.2003e-06
0.00224609 1.35948e-05

0.00224609 1.42326e-05
0.00227051 1.40642e-05

0.00227051 1.40004e-05
0.00229492 6.56957e-06

0.00229492 7.37487e-06
0.00231934 1.19196e-05

0.00231934 1.03956e-05
0.00234375 1.5449e-05

0.00234375 1.54684e-05
0.00236816 1.05166e-05

0.00236816 1.25259e-05
0.00239258 6.75415e-06

0.00239258 6.76606e-06
0.00241699 1.26059e-05

0.00241699 1.05178e-05
0.00244141 1.546e-05

0.00244141 1.54518e-05
0.00246582 1.04831e-05

0.00246582 1.24845e-05
0.00249023 6.89735e-06

0.00249023 6.90252e-06
0.00251465 1.26085e-05

0.00251465 1.05738e-05
0.00253906 1.53801e-05

0.00253906 1.5369e-05
0.00256348 1.0528e-05

0.00256348 1.24408e-05
0.00258789 7.08374e-06

0.00258789 7.08209e-06
0.0026123 1.26234e-05

0.0026123 1.07315e-05
0.00263672 1.52149e-05

0.00263672 1.51608e-05
0.00266113 1.04981e-05

0.00266113 1.17673e-05
0.00268555 8.00189e-06

0.00268555 7.22343e-06
0.00270996 1.39929e-05

0.00270996 1.40676e-05
0.00273438 1.40494e-05

0.00273437 1.383e-05
0.00275879 7.36181e-06

0.00275879 8.17159e-06
0.0027832 1.19429e-05

0.0027832 1.07619e-05
0.00280762 1.49147e-05

0.00280762 1.48979e-05
0.00283203 1.07214e-05

0.00283203 1.18859e-05
0.00285645 8.25617e-06

0.00285645 7.4871e-06
0.00288086 1.38107e-05

0.00288086 1.38958e-05
0.00290527 1.40781e-05

0.00290527 1.38632e-05
0.00292969 7.68052e-06

0.00292969 8.47744e-06
0.0029541 1.17873e-05

0.0029541 1.12539e-05
0.00297852 1.42473e-05

0.00297852 1.18208e-05
0.00300293 1.23442e-05

0.00300293 1.22825e-05
0.00302734 1.39337e-05

0.00302734 1.27603e-05
0.00305176 1.37286e-05

0.00305176 1.32246e-05
0.00307617 1.44039e-05

0.00307617 1.36485e-05
0.00310059 1.46116e-05

0.00310059 1.408e-05
0.003125 1.50378e-05

0.00175781 0.00288119
0.00158413 0.00292969

0.0015625 0.00293628
0.00158611 0.00292969

0.00175781 0.00288176
0.00195312 0.00281847

0.00234375 0.00265981
0.00217401 0.00273438

0.00195312 0.00281881
0.00214844 0.00274508

0.00214844 0.00274504
0.00217272 0.00273438

0.00292969 0.00230939
0.00288237 0.00234375

0.003125 0.00214442
0.00312063 0.00214844

0.00302734 0.00223241
0.00301049 0.00224609

0.00297852 0.00226989
0.00294649 0.00229492

0.00292969 0.00230944
0.00294844 0.00229492

0.00297852 0.00226958
0.00300781 0.00224609

0.00302734 0.00223188
0.00312223 0.00214844

0.00244141 0.00261122
0.00238932 0.00263672

0.00234375 0.00265888
0.00238902 0.00263672

0.00244141 0.00261132
0.00253906 0.00255998

0.00273438 0.00244619
0.00257809 0.00253906

0.00253906 0.00255978
0.00257456 0.00253906

0.00283203 0.00237933
0.00273937 0.00244141

0.00273438 0.0024455
0.00274075 0.00244141

0.00283203 0.00237922
0.00288124 0.00234375

0 0.00312534
1.1833e-05 0.003125

0.003125 1.44762e-05
0.00314941 1.53045e-05

0.00314941 1.48068e-05
0.00317383 1.56585e-05

0.00317383 1.51276e-05
0.00319824 1.60708e-05

0.00319824 1.55038e-05
0.00322266 1.65704e-05

0.00322266 1.58621e-05
0.00324707 1.72064e-05

0.00324707 1.71713e-05
0.00327148 1.7339e-05

0.00327148 1.65106e-05
0.0032959 1.68679e-05

0.0032959 1.56849e-05
0.00332031 1.94911e-05

0.00332031 1.9634e-05
0.00334473 2.12601e-05

0.00334473 1.98661e-05
0.00336914 1.85621e-05

0.00336914 1.32228e-05
0.00339219 2.44141e-05

0.00339187 2.44141e-05
0.00339355 2.50698e-05

0.00339355 2.70696e-05
0.00341797 4.8379e-05

0.0034176 4.88281e-05
0.00341797 4.91873e-05

0.00341797 4.87708e-05
0.00341803 4.88281e-05

0.00341797 4.93991e-05
0.00344146 7.32422e-05

0.00344158 7.32422e-05
0.00344238 7.40874e-05

0.00344238 7.42676e-05
0.00346407 9.76563e-05

0.00346461 9.76563e-05
0.0034668 0.000100119

0.0034668 0.000100876
0.00348529 0.00012207

0.00348508 0.00012207
0.00349121 0.000129424

0.00349121 0.000129076
0.00350549 0.000146484

0.00350578 0.000146484
0.00351563 0.000159404

0.00351563 0.000159898
0.00354222 0.000195313

0.00354254 0.000195313
0.00356445 0.00022823

0.00356445 0.000229876
0.00357376 0.000244141

0.00357457 0.000244141
0.00360337 0.000292969

0.00360418 0.000292969
0.00361328 0.000311333

0.00361328 0.000312905
0.00362834 0.000341797

0.0036286 0.000341797
0.00365117 0.000390625

0.00365183 0.000390625
0.00368919 0.000488281

0.00368898 0.000488281
0.00371094 0.000566126

0.00371094 0.000567831
0.00371604 0.000585938

0.00371623 0.000585937
0.00373495 0.000683594

0.00373459 0.000683594
0.00374565 0.00078125

0.00374763 0.00078125
0.00374795 0.000976562

0.00374765 0.000976562
0.00371934 0.00117188

0.00371094 0.00120214
0.0036632 0.00136719

0.00366334 0.00136719
0.00357768 0.0015625

0.00371094 0.00119523
0.00371769 0.00117187

0.00332031 0.00194004
0.00330924 0.00195312

0.00351563 0.00167035
0.00346031 0.00175781

0.00339355 0.00185034
0.0033897 0.00185547

0.00341797 0.00181803
0.00340849 0.00183105

0.00339355 0.00184981
0.00340759 0.00183105

0.00336914 0.00188128
0.00335119 0.0019043

0.00334473 0.00191202
0.00333105 0.00192871

0.00332031 0.00194261
0.00333197 0.00192871

0.00334473 0.00191198
0.0033508 0.0019043

0.00336914 0.00188184
0.00338946 0.00185547

0.00345964 0.00175781
0.00342555 0.00180664

0.00341797 0.00181551
0.00342428 0.00180664

0.00322266 0.00204909
0.00322104 0.00205078

0.003125 0.00214632
0.00322233 0.00205078

0.00327148 0.00199673
0.00326678 0.00200195

0.00322266 0.00204963
0.00326732 0.00200195

0.00327148 0.00199737
0.00331061 0.00195312

0.00357561 0.0015625
0.0035216 0.00166016

0.00351563 0.00166892
0.00352092 0.00166016

