0 7.53998e-05
0.000244141 7.14003e-05

0.000244141 7.53697e-05
0.000488281 6.82414e-05

0.000488281 7.12065e-05
0.000610352 7.11843e-05

0.000610352 7.04172e-05
0.000732422 6.95955e-05

0.000732422 7.06116e-05
0.000854492 7.05146e-05

0.000854492 7.04331e-05
0.000976562 6.94307e-05

0 0.00138465
0.00012207 0.00138547

0.00012207 0.00138548
0.000244141 0.00138792

0.000244141 0.00138793
0.000366211 0.00139197

0.000366211 0.00139199
0.000488281 0.0013976

0.000488281 0.00139761
0.000610352 0.00140473

0.000610352 0.00140476
0.000732422 0.0014133

0.000732422 0.00141334
0.000854492 0.00142317

0.000854492 0.00142322
0.000976562 0.00143416

0.000976562 7.08461e-05
0.00109863 6.8746e-05

0.00109863 6.98869e-05
0.0012207 6.679e-05

0.0012207 7.12137e-05
0.00134277 6.37448e-05

0.00134277 6.72024e-05
0.00146484 5.86159e-05

0.00146484 6.51472e-05
0.00158691 5.78627e-05

0.00158691 0.000117919
0.00170711 0

0.00170898 4.16521e-05
0.0017241 0

0.000976562 0.00143421
0.00109863 0.00144609

0.00109863 0.00144613
0.0012207 0.00145874

0.0012207 0.00145864
0.00127819 0.00146484

0.00127564 0.00146484
0.00134277 0.00147209

0.00134277 0.001472
0.00146484 0.00148557

0.00146484 0.00148564
0.00158691 0.0014994

0.00158691 0.00149945
0.00170898 0.00151317

0.00170898 0.00151322
0.00183105 0.00152672

0.00183105 0.00152676
0.00195312 0.00153985

0.00201952 0
0.0020752 0.000100088

0.0020752 9.16798e-05
0.00219727 4.48395e-05

0.00219727 3.89148e-05
0.00221085 0

0.00195312 0.00153989
0.0020752 0.00155242

0.0020752 0.00155245
0.00219727 0.00156428

0.00219727 0.00156432
0.00231934 0.00157531

0.00231934 0.00157533
0.00244141 0.00158536

0.00244141 0.00158529
0.00246348 0.00158691

0.00246209 0.00158691
0.00256348 0.00159436

0.00256348 0.00159438
0.00268555 0.0016022

0.00268555 0.00160247
0.00292969 0.00161459

0.00292969 0.00161476
0.00317383 0.00162187

0.00317383 0.00162193
0.00341797 0.00162356

0.00341797 0.0016237
0.00366211 0.00161949

0.00366211 0.00161954
0.00390625 0.00160911

0.00390625 0.00160929
0.00415039 0.00159218

0.00415039 0.00159231
0.00439453 0.00156789

0.00439453 0.0015678
0.00463867 0.00153601

0.00463867 0.00153648
0.00488281 0.00149657

0.0054988 0
0.00558962 0.00012207

0.00560802 0.00012207
0.00561523 0.000126006

0.00561523 0.000117037
0.00562611 0.00012207

0.00563388 0.00012207
0.0057373 0.000148298

0.0057373 0.000134172
0.00585938 0.000131935

0.00512695 0.00144733
0.00504058 0.00146484

0.00512695 0.00144689
0.00524902 0.0014182

0.00524902 0.00141822
0.00537109 0.00138664

0.00488281 0.00149606
0.00500488 0.00147269

0.00500488 0.00147262
0.0050415 0.00146484

0.00537109 0.00138666
0.00549316 0.0013521

0.00561523 0.00131455
0.00552404 0.00134277

0.00549316 0.00135176
0.0055222 0.00134277

0.00561523 0.00131448
0.0057373 0.00127318

0.0057373 0.00127314
0.00585938 0.00122826

0.00598145 0.000118548
0.00597341 0.00012207

0.00585938 0.000141785
0.00594094 0.00012207

0.00610282 0
0.00600813 0.00012207

0.00598145 0.000123422
0.00598401 0.00012207

0.00646973 0.000935022
0.00639725 0.000976562

0.00646973 0.00093393
0.0065918 0.000857427

0.00683594 0.000684678
0.00677296 0.000732422

0.00671387 0.000773802
0.00659659 0.000854492

0.0065918 0.000856258
0.00659446 0.000854492

0.00671387 0.000769552
0.0067638 0.000732422

0.00610352 0.00112731
0.00588218 0.0012207

0.00585938 0.0012269
0.00587487 0.0012207

0.00622559 0.00106816
0.00616224 0.00109863

0.00610352 0.00112553
0.00615942 0.00109863

0.00622559 0.00106764
0.00634766 0.00100358

0.00634766 0.00100173
0.00639156 0.000976562

0.00708008 0.000470438
0.00706172 0.000488281

0.00732422 0.00019414
0.00728312 0.000244141

0.00720215 0.000339946
0.00717831 0.000366211

0.00708008 0.000465298
0.00717647 0.000366211

0.00720215 0.00033832
0.0072849 0.000244141

0.00695801 0.000583039
0.00692624 0.000610352

0.00683594 0.000680013
0.00691954 0.000610352

0.00695801 0.000578326
0.00705557 0.000488281

0.00744629 1.06195e-05
0.00740368 0.00012207

0.00732422 0.000196438
0.007383 0.00012207

0.00744629 1.17799e-05
0.00745039 0

