0.000121782 0
0.00012207 8.58078e-07

0.00012207 1.37094e-06
0.000146484 1.41196e-06

0.000170898 2.38121e-05
0.000170475 2.44141e-05

0.000170898 4.79041e-05
0.000170676 4.88281e-05

0.000195313 5.38054e-06
0.000191747 2.44141e-05

0.000188263 2.44141e-05
0.000183579 4.88281e-05

0.000170829 4.88281e-05
0.000170898 4.91722e-05

0.000183939 4.88281e-05
0.000187455 7.32422e-05

0.000186791 7.32422e-05
0.000195313 9.03988e-05

0.000195313 1.72885e-05
0.000198552 0

0.000195313 8.98607e-05
0.000199259 9.76563e-05

0.000198044 9.76563e-05
0.000219727 0.000119675

0.000219727 0.000118584
0.000226315 0.00012207

0.000226236 0.00012207
0.000244141 0.000131315

0.000244141 0.000130705
0.000268555 0.000134586

0.000268555 0.000134578
0.000292969 0.000130928

0.000341797 9.19203e-05
0.000338892 9.76563e-05

0.000342156 0
0.000346051 2.44141e-05

0.000349887 2.44141e-05
0.000353901 4.88281e-05

0.000353883 4.88281e-05
0.000350377 7.32422e-05

0.000341797 9.15068e-05
0.000350953 7.32422e-05

0.000317383 0.000119558
0.000312509 0.00012207

0.000292969 0.000131426
0.000311369 0.00012207

0.000317383 0.000120109
0.000339718 9.76563e-05

0.000876981 0
0.000878906 5.23759e-06

0.000878906 3.99105e-06
0.00090332 4.05804e-06

0.00090332 5.32565e-06
0.000905285 0

0.00146278 0
0.00146484 5.93885e-06

0.00146484 5.3334e-06
0.00148388 2.44141e-05

0.00148336 2.44141e-05
0.00148926 2.64718e-05

0.00148926 1.71364e-05
0.00151367 1.73951e-05

0.00148926 2.44559e-05
0.00150918 2.44141e-05

0.00151367 1.74165e-05
0.00153809 1.71698e-05

0.00151896 2.44141e-05
0.00153809 2.4457e-05

0.0015625 5.30232e-06
0.00154345 2.44141e-05

0.00153809 2.64714e-05
0.00154398 2.44141e-05

0.000390625 0.00311428
1.28376e-05 0.003125

0.000390625 0.00311458
0.00078125 0.00308074

0.00078125 0.00308137
0.00117187 0.00302294

0.00117188 0.00302401
0.0015625 0.0029376

0.0015625 6.02808e-06
0.00156459 0

0.00165651 0
0.00166016 8.89871e-06

0.00166016 1.04956e-05
0.0016749 2.44141e-05

0.00167403 2.44141e-05
0.00168457 2.83858e-05

0.00168457 1.88912e-05
0.00170898 1.91928e-05

0.00169689 2.44141e-05
0.00170898 2.44836e-05

0.0017334 1.15119e-05
0.00171872 2.44141e-05

0.00170898 2.82002e-05
0.0017195 2.44141e-05

0.0017334 1.29171e-05
0.00173901 0

0.00179052 0
0.00180664 1.93323e-05

0.00180664 3.60478e-06
0.00183105 1.33939e-05

0.00183105 9.05297e-06
0.00185547 1.29006e-05

0.00185547 8.67723e-06
0.00187988 1.26409e-05

0.00187988 1.37388e-05
0.0019043 1.31663e-05

0.0019043 1.37144e-05
0.00192871 6.85574e-06

0.00192871 7.06359e-06
0.00195312 1.17113e-05

0.00195312 1.03014e-05
0.00197754 1.56005e-05

0.00197754 1.53011e-05
0.00200195 1.04428e-05

0.00200195 1.55194e-05
0.00202637 3.95724e-06

0.00202637 4.20304e-06
0.00205078 9.21027e-06

0.00205078 8.77888e-06
0.0020752 1.55248e-05

0.0020752 9.44569e-06
0.00209961 1.16202e-05

0.00209961 1.35663e-05
0.00212402 1.35138e-05

0.00212402 1.31871e-05
0.00214844 7.80988e-06

0.00214844 7.38394e-06
0.00217285 1.31197e-05

0.00217285 1.39937e-05
0.00219727 1.40555e-05

0.00219727 1.3314e-05
0.00222168 7.27171e-06

0.00222168 7.18796e-06
0.00224609 1.34483e-05

0.00224609 1.41215e-05
0.00227051 1.41696e-05

0.00227051 1.40553e-05
0.00229492 6.64522e-06

0.00229492 7.43647e-06
0.00231934 1.18522e-05

0.00231934 1.03858e-05
0.00234375 1.5446e-05

0.00234375 1.54639e-05
0.00236816 1.05222e-05

0.00236816 1.25278e-05
0.00239258 6.75366e-06

0.00239258 6.76493e-06
0.00241699 1.26054e-05

0.00241699 1.05171e-05
0.00244141 1.54628e-05

0.00244141 1.54529e-05
0.00246582 1.04855e-05

0.00246582 1.24876e-05
0.00249023 6.89721e-06

0.00249023 6.90311e-06
0.00251465 1.26072e-05

0.00251465 1.05735e-05
0.00253906 1.53812e-05

0.00253906 1.53687e-05
0.00256348 1.05297e-05

0.00256348 1.24428e-05
0.00258789 7.08488e-06

0.00258789 7.08271e-06
0.0026123 1.26226e-05

0.0026123 1.07298e-05
0.00263672 1.52185e-05

0.00263672 1.51644e-05
0.00266113 1.05021e-05

0.00266113 1.17722e-05
0.00268555 7.99811e-06

0.00268555 7.22256e-06
0.00270996 1.39908e-05

0.00270996 1.4063e-05
0.00273438 1.40531e-05

0.00273437 1.38348e-05
0.00275879 7.36526e-06

0.00275879 8.17496e-06
0.0027832 1.1936e-05

0.0027832 1.07603e-05
0.00280762 1.4912e-05

0.00280762 1.4892e-05
0.00283203 1.07212e-05

0.00283203 1.18897e-05
0.00285645 8.25636e-06

0.00285645 7.47961e-06
0.00288086 1.38081e-05

0.00288086 1.3901e-05
0.00290527 1.40825e-05

0.00290527 1.38986e-05
0.00292969 7.63378e-06

0.00292969 8.4062e-06
0.0029541 1.17739e-05

0.0029541 1.12377e-05
0.00297852 1.43156e-05

0.00297852 1.1834e-05
0.00300293 1.23585e-05

0.00300293 1.23085e-05
0.00302734 1.39625e-05

0.00302734 1.27956e-05
0.00305176 1.37289e-05

0.00305176 1.32574e-05
0.00307617 1.43764e-05

0.00307617 1.3654e-05
0.00310059 1.45511e-05

0.00310059 1.40396e-05
0.003125 1.49791e-05

0.00175781 0.0028812
0.00158417 0.00292969

0.0015625 0.00293629
0.00158614 0.00292969

0.00175781 0.00288176
0.00195312 0.00281847

0.00234375 0.00265981
0.00217401 0.00273438

0.00195312 0.00281882
0.00214844 0.00274508

0.00214844 0.00274504
0.00217272 0.00273438

0.00292969 0.00230938
0.00288236 0.00234375

0.003125 0.0021444
0.00312061 0.00214844

0.00302734 0.0022324
0.00301048 0.00224609

0.00297852 0.00226988
0.00294647 0.00229492

0.00292969 0.00230943
0.00294843 0.00229492

0.00297852 0.00226957
0.0030078 0.00224609

0.00302734 0.00223187
0.00312222 0.00214844

0.00244141 0.00261122
0.00238932 0.00263672

0.00234375 0.00265888
0.00238901 0.00263672

0.00244141 0.00261132
0.00253906 0.00255998

0.00273438 0.00244618
0.00257808 0.00253906

0.00253906 0.00255978
0.00257455 0.00253906

0.00283203 0.00237932
0.00273936 0.00244141

0.00273438 0.0024455
0.00274073 0.00244141

0.00283203 0.00237921
0.00288123 0.00234375

0 0.00312536
1.27396e-05 0.003125

0.003125 1.441e-05
0.00314941 1.52823e-05

0.00314941 1.4751e-05
0.00317383 1.56831e-05

0.00317383 1.51426e-05
0.00319824 1.60999e-05

0.00319824 1.55689e-05
0.00322266 1.64987e-05

0.00322266 1.58233e-05
0.00324707 1.70474e-05

0.00324707 1.65338e-05
0.00327148 1.77414e-05

0.00327148 1.69302e-05
0.0032959 1.81919e-05

0.0032959 1.78622e-05
0.00332031 1.88459e-05

0.00332031 1.80403e-05
0.00334473 1.90376e-05

0.00334473 1.91112e-05
0.00336914 1.95915e-05

0.00336914 1.31473e-05
0.00339262 2.44141e-05

0.00339115 2.44141e-05
0.00339355 2.53468e-05

0.00339355 2.70778e-05
0.00341797 4.83601e-05

0.0034178 4.88281e-05
0.00341797 4.89931e-05

0.00341797 4.87461e-05
0.00341805 4.88281e-05

0.00341797 4.92718e-05
0.00344167 7.32422e-05

0.00344174 7.32422e-05
0.00344238 7.39199e-05

0.00344238 7.40517e-05
0.00346425 9.76563e-05

0.00346476 9.76563e-05
0.0034668 9.99524e-05

0.0034668 0.00010042
0.00350582 0.000146484

0.00350584 0.000146484
0.00351563 0.000159339

0.00351563 0.000159821
0.00354223 0.000195313

0.00354255 0.000195313
0.00356445 0.000228256

0.00356445 0.00022991
0.00357373 0.000244141

0.00357454 0.000244141
0.00360332 0.000292969

0.00360411 0.000292969
0.00361328 0.000311474

0.00361328 0.000313035
0.00362827 0.000341797

0.00362852 0.000341797
0.00365109 0.000390625

0.00365175 0.000390625
0.00368911 0.000488281

0.00368891 0.000488281
0.00371094 0.000566367

0.00371094 0.000568094
0.00371597 0.000585938

0.00371616 0.000585937
0.0037349 0.000683594

0.00373453 0.000683594
0.00374561 0.00078125

0.00374759 0.00078125
0.00374793 0.000976562

0.00374763 0.000976562
0.00371933 0.00117188

0.00371094 0.00120209
0.00366319 0.00136719

0.00366333 0.00136719
0.00357767 0.0015625

0.00371094 0.00119518
0.00371768 0.00117187

0.00332031 0.00194005
0.00330925 0.00195312

0.00351563 0.00167034
0.0034603 0.00175781

0.00339355 0.00185033
0.00338969 0.00185547

0.00341797 0.001818
0.00340847 0.00183105

0.00339355 0.00184979
0.00340758 0.00183105

0.00336914 0.00188126
0.00335118 0.0019043

0.00334473 0.001912
0.00333103 0.00192871

0.00332031 0.00194258
0.00333194 0.00192871

0.00334473 0.00191197
0.00335079 0.0019043

0.00336914 0.00188182
0.00338945 0.00185547

0.00345963 0.00175781
0.00342554 0.00180664

0.00341797 0.00181552
0.00342429 0.00180664

0.00322266 0.00204909
0.00322103 0.00205078

0.003125 0.00214631
0.00322232 0.00205078

0.00327148 0.00199672
0.00326676 0.00200195

0.00322266 0.00204962
0.00326731 0.00200195

0.00327148 0.00199735
0.0033106 0.00195312

0.0035756 0.0015625
0.00352159 0.00166016

0.00351563 0.00166888
0.0035209 0.00166016

