0.000121817 0
0.00012207 7.5653e-07

0.00012207 1.29349e-06
0.000146484 1.34002e-06

0.000170898 2.38684e-05
0.000170504 2.44141e-05

0.000170898 4.79819e-05
0.00017069 4.88281e-05

0.000195313 5.84592e-06
0.000191857 2.44141e-05

0.000188193 2.44141e-05
0.000183537 4.88281e-05

0.000170835 4.88281e-05
0.000170898 4.91447e-05

0.000183881 4.88281e-05
0.000187392 7.32422e-05

0.000186709 7.32422e-05
0.000195313 9.05671e-05

0.000195313 1.58123e-05
0.000198255 0

0.000195313 8.99051e-05
0.000199235 9.76563e-05

0.000197964 9.76563e-05
0.000219727 0.000119741

0.000219727 0.000118621
0.000226258 0.00012207

0.000226137 0.00012207
0.000244141 0.000131351

0.000244141 0.000130736
0.000268555 0.000134601

0.000268555 0.000134594
0.000292969 0.000130927

0.000341797 9.18382e-05
0.000338852 9.76563e-05

0.000342102 0
0.000345998 2.44141e-05

0.000349835 2.44141e-05
0.000353851 4.88281e-05

0.000353834 4.88281e-05
0.000350331 7.32422e-05

0.000341797 9.14238e-05
0.000350905 7.32422e-05

0.000317383 0.000119535
0.000312474 0.00012207

0.000292969 0.000131424
0.000311338 0.00012207

0.000317383 0.000120086
0.000339675 9.76563e-05

0.00087704 0
0.000878906 5.1026e-06

0.000878906 3.86102e-06
0.00090332 4.17662e-06

0.00090332 5.51393e-06
0.00090537 0

0.00146276 0
0.00146484 5.9637e-06

0.00146484 5.46873e-06
0.00148384 2.44141e-05

0.00148312 2.44141e-05
0.00148926 2.65458e-05

0.00148926 1.71521e-05
0.00151367 1.72371e-05

0.00148926 2.44762e-05
0.00150177 2.44141e-05

0.00151367 1.72398e-05
0.00153809 1.71718e-05

0.0015258 2.44141e-05
0.00153809 2.44771e-05

0.0015625 5.48068e-06
0.0015435 2.44141e-05

0.00153809 2.65349e-05
0.00154419 2.44141e-05

0.000390625 0.0031144
1.71565e-05 0.003125

0.000390625 0.00311469
0.00078125 0.00308085

0.00078125 0.00308147
0.00117187 0.00302302

0.00117188 0.00302409
0.0015625 0.00293765

0.0015625 6.04906e-06
0.00156461 0

0.0016565 0
0.00166016 8.90887e-06

0.00166016 1.05035e-05
0.00167489 2.44141e-05

0.00167403 2.44141e-05
0.00168457 2.83839e-05

0.00168457 1.8885e-05
0.00170898 1.91894e-05

0.00169692 2.44141e-05
0.00170898 2.44841e-05

0.0017334 1.15238e-05
0.00171873 2.44141e-05

0.00170898 2.8198e-05
0.0017195 2.44141e-05

0.0017334 1.29088e-05
0.00173901 0

0.0017905 0
0.00180664 1.93434e-05

0.00180664 3.62322e-06
0.00183105 1.3394e-05

0.00183105 9.065e-06
0.00185547 1.28948e-05

0.00185547 8.68049e-06
0.00187988 1.26378e-05

0.00187988 1.37328e-05
0.0019043 1.31709e-05

0.0019043 1.37124e-05
0.00192871 6.87162e-06

0.00192871 7.08067e-06
0.00195312 1.171e-05

0.00195312 1.03068e-05
0.00197754 1.55905e-05

0.00197754 1.52919e-05
0.00200195 1.04477e-05

0.00200195 1.55126e-05
0.00202637 3.97805e-06

0.00202637 4.24184e-06
0.00205078 9.18996e-06

0.00205078 8.70168e-06
0.0020752 1.55596e-05

0.0020752 9.50923e-06
0.00209961 1.17104e-05

0.00209961 1.36633e-05
0.00212402 1.34164e-05

0.00212402 1.31271e-05
0.00214844 7.7679e-06

0.00214844 7.36196e-06
0.00217285 1.31757e-05

0.00217285 1.40036e-05
0.00219727 1.40361e-05

0.00219727 1.3239e-05
0.00222168 7.34162e-06

0.00222168 7.27751e-06
0.00224609 1.35159e-05

0.00224609 1.42292e-05
0.00227051 1.40557e-05

0.00227051 1.39906e-05
0.00229492 6.57089e-06

0.00229492 7.3755e-06
0.00231934 1.19232e-05

0.00231934 1.03946e-05
0.00234375 1.54444e-05

0.00234375 1.54621e-05
0.00236816 1.05217e-05

0.00236816 1.25247e-05
0.00239258 6.7649e-06

0.00239258 6.777e-06
0.00241699 1.26053e-05

0.00241699 1.05217e-05
0.00244141 1.54547e-05

0.00244141 1.54452e-05
0.00246582 1.04884e-05

0.00246582 1.24845e-05
0.00249023 6.911e-06

0.00249023 6.91655e-06
0.00251465 1.26061e-05

0.00251465 1.0578e-05
0.00253906 1.53732e-05

0.00253906 1.53608e-05
0.00256348 1.05332e-05

0.00256348 1.24405e-05
0.00258789 7.09873e-06

0.00258789 7.09757e-06
0.0026123 1.26198e-05

0.0026123 1.0733e-05
0.00263672 1.52086e-05

0.00263672 1.51542e-05
0.00266113 1.05066e-05

0.00266113 1.17748e-05
0.00268555 8.00864e-06

0.00268555 7.23058e-06
0.00270996 1.39853e-05

0.00270996 1.40611e-05
0.00273438 1.40528e-05

0.00273437 1.38409e-05
0.00275879 7.36387e-06

0.00275879 8.17274e-06
0.0027832 1.19271e-05

0.0027832 1.07452e-05
0.00280762 1.49229e-05

0.00280762 1.49125e-05
0.00283203 1.07244e-05

0.00283203 1.19048e-05
0.00285645 8.21326e-06

0.00285645 7.4396e-06
0.00288086 1.38064e-05

0.00288086 1.39095e-05
0.00290527 1.40845e-05

0.00290527 1.38314e-05
0.00292969 7.65044e-06

0.00292969 8.41048e-06
0.0029541 1.18828e-05

0.0029541 1.12938e-05
0.00297852 1.43462e-05

0.00297852 1.18991e-05
0.00300293 1.23892e-05

0.00300293 1.24012e-05
0.00302734 1.39115e-05

0.00302734 1.28375e-05
0.00305176 1.35817e-05

0.00305176 1.31839e-05
0.00307617 1.42114e-05

0.00307617 1.34864e-05
0.00310059 1.44642e-05

0.00310059 1.38641e-05
0.003125 1.50291e-05

0.00175781 0.00288124
0.00158436 0.00292969

0.0015625 0.00293634
0.00158631 0.00292969

0.00175781 0.00288181
0.00195312 0.0028185

0.00234375 0.00265982
0.00217405 0.00273438

0.00195312 0.00281885
0.00214844 0.00274509

0.00214844 0.00274506
0.00217275 0.00273438

0.00292969 0.00230936
0.00288233 0.00234375

0.003125 0.00214435
0.00312055 0.00214844

0.00302734 0.0022324
0.00301048 0.00224609

0.00297852 0.00226986
0.00294644 0.00229492

0.00292969 0.00230942
0.00294841 0.00229492

0.00297852 0.00226953
0.00300776 0.00224609

0.00302734 0.00223185
0.00312219 0.00214844

0.00244141 0.00261122
0.00238933 0.00263672

0.00234375 0.00265888
0.00238902 0.00263672

0.00244141 0.00261132
0.00253906 0.00255997

0.00273438 0.00244617
0.00257807 0.00253906

0.00253906 0.00255977
0.00257455 0.00253906

0.00283203 0.00237931
0.00273935 0.00244141

0.00273438 0.00244548
0.00274071 0.00244141

0.00283203 0.00237919
0.0028812 0.00234375

0 0.00312548
1.70164e-05 0.003125

0.003125 1.43342e-05
0.00314941 1.5454e-05

0.00314941 1.48408e-05
0.00317383 1.58747e-05

0.00317383 1.52145e-05
0.00319824 1.63062e-05

0.00319824 1.61981e-05
0.00322266 1.64007e-05

0.00322266 1.56533e-05
0.00324707 1.62232e-05

0.00324707 1.53464e-05
0.00327148 1.82635e-05

0.00327148 1.78302e-05
0.0032959 1.94791e-05

0.0032959 1.87302e-05
0.00332031 1.81465e-05

0.00332031 1.77286e-05
0.00334473 1.84132e-05

0.00334473 1.88562e-05
0.00336914 1.93896e-05

0.00336914 1.24921e-05
0.00339308 2.44141e-05

0.00339065 2.44141e-05
0.00339355 2.55956e-05

0.00339355 2.40522e-05
0.0033939 2.44141e-05

0.00339355 2.73312e-05
0.0034178 4.88281e-05

0.0034174 4.88281e-05
0.00341797 4.93865e-05

0.00341797 4.9691e-05
0.00344142 7.32422e-05

0.00344159 7.32422e-05
0.00344238 7.40652e-05

0.00344238 7.42363e-05
0.00346422 9.76563e-05

0.00346472 9.76563e-05
0.0034668 9.9994e-05

0.0034668 0.000100768
0.00348541 0.00012207

0.0034852 0.00012207
0.00349121 0.000129265

0.00349121 0.000128893
0.00350564 0.000146484

0.00350586 0.000146484
0.00351563 0.000159308

0.00351563 0.00015978
0.00354227 0.000195313

0.00354259 0.000195313
0.00356445 0.000228212

0.00356445 0.000229907
0.00357373 0.000244141

0.00357456 0.000244141
0.00360331 0.000292969

0.00360411 0.000292969
0.00361328 0.000311502

0.00361328 0.000313066
0.00362824 0.000341797

0.0036285 0.000341797
0.00365104 0.000390625

0.0036517 0.000390625
0.00368903 0.000488281

0.00368883 0.000488281
0.00371094 0.000566705

0.00371094 0.000568434
0.00371587 0.000585938

0.00371606 0.000585937
0.00373479 0.000683594

0.00373442 0.000683594
0.00374549 0.00078125

0.00374748 0.00078125
0.00374782 0.000976562

0.00374752 0.000976562
0.00371923 0.00117188

0.00371094 0.00120175
0.0036631 0.00136719

0.00366324 0.00136719
0.0035776 0.0015625

0.00371094 0.00119477
0.00371756 0.00117187

0.00332031 0.00194009
0.00330929 0.00195312

0.00351563 0.00167024
0.00346025 0.00175781

0.00339355 0.00185027
0.00338965 0.00185547

0.00341797 0.00181781
0.00340833 0.00183105

0.00339355 0.00184972
0.00340752 0.00183105

0.00336914 0.0018812
0.00335113 0.0019043

0.00334473 0.00191192
0.00333097 0.00192871

0.00332031 0.00194246
0.00333182 0.00192871

0.00334473 0.00191195
0.00335079 0.0019043

0.00336914 0.00188176
0.0033894 0.00185547

0.00345957 0.00175781
0.00342548 0.00180664

0.00341797 0.00181559
0.00342434 0.00180664

0.00322266 0.00204909
0.00322103 0.00205078

0.003125 0.00214628
0.00322229 0.00205078

0.00327148 0.00199664
0.00326669 0.00200195

0.00322266 0.00204959
0.00326727 0.00200195

0.00327148 0.00199732
0.00331056 0.00195312

0.00357552 0.0015625
0.00352153 0.00166016

0.00351563 0.00166866
0.00352076 0.00166016

