0.000121834 0
0.00012207 7.04104e-07

0.00012207 1.23661e-06
0.000146484 1.27506e-06

0.000170898 2.39175e-05
0.000170533 2.44141e-05

0.000170898 4.80604e-05
0.000170706 4.88281e-05

0.000195313 6.21251e-06
0.000191947 2.44141e-05

0.000188142 2.44141e-05
0.000183514 4.88281e-05

0.000170841 4.88281e-05
0.000170898 4.91154e-05

0.000183843 4.88281e-05
0.000187351 7.32422e-05

0.000186654 7.32422e-05
0.000195313 9.06764e-05

0.000195313 1.45265e-05
0.000197999 0

0.000195313 8.99155e-05
0.000199229 9.76563e-05

0.000197916 9.76563e-05
0.000219727 0.000119775

0.000219727 0.000118634
0.000226241 0.00012207

0.000226089 0.00012207
0.000244141 0.000131363

0.000244141 0.000130746
0.000268555 0.000134598

0.000268555 0.000134592
0.000292969 0.000130912

0.000341797 9.17466e-05
0.000338806 9.76563e-05

0.000342051 0
0.000345948 2.44141e-05

0.000349785 2.44141e-05
0.000353803 4.88281e-05

0.000353785 4.88281e-05
0.000350284 7.32422e-05

0.000341797 9.13333e-05
0.000350855 7.32422e-05

0.000317383 0.000119498
0.000312409 0.00012207

0.000292969 0.000131409
0.000311287 0.00012207

0.000317383 0.000120052
0.000339627 9.76563e-05

0.00087659 0
0.000878906 6.07566e-06

0.000878906 4.63239e-06
0.00090332 3.39185e-06

0.00090332 4.45e-06
0.000904911 0

0.00146276 0
0.00146484 5.98189e-06

0.00146484 5.31272e-06
0.00148387 2.44141e-05

0.00148335 2.44141e-05
0.00148926 2.648e-05

0.00148926 1.71785e-05
0.00151367 1.74361e-05

0.00148926 2.4456e-05
0.0015089 2.44141e-05

0.00151367 1.74154e-05
0.00153809 1.71613e-05

0.00151864 2.44141e-05
0.00153809 2.44568e-05

0.0015625 5.35872e-06
0.00154348 2.44141e-05

0.00153809 2.648e-05
0.001544 2.44141e-05

0.000390625 0.0031145
2.06329e-05 0.003125

0.000390625 0.00311479
0.00078125 0.00308093

0.00078125 0.00308156
0.00117187 0.00302309

0.00117188 0.00302416
0.0015625 0.0029377

0.0015625 6.017e-06
0.00156459 0

0.0016565 0
0.00166016 8.90951e-06

0.00166016 1.05124e-05
0.00167489 2.44141e-05

0.00167401 2.44141e-05
0.00168457 2.83907e-05

0.00168457 1.88874e-05
0.00170898 1.91841e-05

0.00169684 2.44141e-05
0.00170898 2.44822e-05

0.0017334 1.15231e-05
0.00171872 2.44141e-05

0.00170898 2.81968e-05
0.0017195 2.44141e-05

0.0017334 1.29209e-05
0.00173901 0

0.00179051 0
0.00180664 1.93514e-05

0.00180664 3.63179e-06
0.00183105 1.34049e-05

0.00183105 9.07863e-06
0.00185547 1.28957e-05

0.00185547 8.69281e-06
0.00187988 1.26336e-05

0.00187988 1.37293e-05
0.0019043 1.31696e-05

0.0019043 1.37098e-05
0.00192871 6.8852e-06

0.00192871 7.09447e-06
0.00195312 1.17081e-05

0.00195312 1.03073e-05
0.00197754 1.55848e-05

0.00197754 1.52905e-05
0.00200195 1.04532e-05

0.00200195 1.54915e-05
0.00202637 4.0026e-06

0.00202637 4.23441e-06
0.00205078 9.24156e-06

0.00205078 8.84743e-06
0.0020752 1.54854e-05

0.0020752 9.42852e-06
0.00209961 1.15837e-05

0.00209961 1.35268e-05
0.00212402 1.35554e-05

0.00212402 1.31918e-05
0.00214844 7.85792e-06

0.00214844 7.44056e-06
0.00217285 1.31072e-05

0.00217285 1.40007e-05
0.00219727 1.40254e-05

0.00219727 1.32944e-05
0.00222168 7.28605e-06

0.00222168 7.20064e-06
0.00224609 1.34552e-05

0.00224609 1.41189e-05
0.00227051 1.41619e-05

0.00227051 1.40503e-05
0.00229492 6.66308e-06

0.00229492 7.4508e-06
0.00231934 1.18524e-05

0.00231934 1.03933e-05
0.00234375 1.54373e-05

0.00234375 1.54527e-05
0.00236816 1.05267e-05

0.00236816 1.25237e-05
0.00239258 6.777e-06

0.00239258 6.78797e-06
0.00241699 1.26029e-05

0.00241699 1.05251e-05
0.00244141 1.54491e-05

0.00244141 1.54396e-05
0.00246582 1.04905e-05

0.00246582 1.24822e-05
0.00249023 6.92153e-06

0.00249023 6.92686e-06
0.00251465 1.26054e-05

0.00251465 1.05814e-05
0.00253906 1.53672e-05

0.00253906 1.53556e-05
0.00256348 1.05358e-05

0.00256348 1.24379e-05
0.00258789 7.10916e-06

0.00258789 7.10751e-06
0.0026123 1.26206e-05

0.0026123 1.07375e-05
0.00263672 1.52035e-05

0.00263672 1.51508e-05
0.00266113 1.05083e-05

0.00266113 1.17749e-05
0.00268555 8.01462e-06

0.00268555 7.23674e-06
0.00270996 1.39835e-05

0.00270996 1.40618e-05
0.00273438 1.40496e-05

0.00273437 1.38326e-05
0.00275879 7.37118e-06

0.00275879 8.17913e-06
0.0027832 1.19365e-05

0.0027832 1.07595e-05
0.00280762 1.4913e-05

0.00280762 1.4895e-05
0.00283203 1.0726e-05

0.00283203 1.1885e-05
0.00285645 8.26264e-06

0.00285645 7.49246e-06
0.00288086 1.38148e-05

0.00288086 1.39029e-05
0.00290527 1.40776e-05

0.00290527 1.38915e-05
0.00292969 7.65132e-06

0.00292969 8.44954e-06
0.0029541 1.17548e-05

0.0029541 1.12365e-05
0.00297852 1.42523e-05

0.00297852 1.18195e-05
0.00300293 1.23093e-05

0.00300293 1.22662e-05
0.00302734 1.38907e-05

0.00302734 1.27159e-05
0.00305176 1.36942e-05

0.00305176 1.31668e-05
0.00307617 1.44134e-05

0.00307617 1.36195e-05
0.00310059 1.46603e-05

0.00310059 1.40954e-05
0.003125 1.50952e-05

0.00175781 0.00288128
0.00158454 0.00292969

0.0015625 0.00293638
0.00158646 0.00292969

0.00175781 0.00288185
0.00195312 0.00281853

0.00234375 0.00265983
0.0021741 0.00273438

0.00195312 0.00281888
0.00214844 0.00274512

0.00214844 0.00274508
0.0021728 0.00273438

0.00292969 0.00230935
0.00288232 0.00234375

0.003125 0.00214429
0.00312049 0.00214844

0.00302734 0.0022324
0.00301048 0.00224609

0.00297852 0.00226984
0.00294642 0.00229492

0.00292969 0.00230942
0.00294841 0.00229492

0.00297852 0.0022695
0.00300772 0.00224609

0.00302734 0.00223183
0.00312217 0.00214844

0.00244141 0.00261123
0.00238936 0.00263672

0.00234375 0.0026589
0.00238904 0.00263672

0.00244141 0.00261133
0.00253906 0.00255998

0.00273438 0.00244617
0.00257808 0.00253906

0.00253906 0.00255978
0.00257455 0.00253906

0.00283203 0.0023793
0.00273934 0.00244141

0.00273438 0.00244547
0.00274069 0.00244141

0.00283203 0.00237918
0.00288119 0.00234375

0 0.00312558
2.04672e-05 0.003125

0.003125 1.45248e-05
0.00314941 1.53457e-05

0.00314941 1.48654e-05
0.00317383 1.56641e-05

0.00317383 1.51514e-05
0.00319824 1.6051e-05

0.00319824 1.55107e-05
0.00322266 1.65541e-05

0.00322266 1.59594e-05
0.00324707 1.70717e-05

0.00324707 1.64565e-05
0.00327148 1.7616e-05

0.00327148 1.70225e-05
0.0032959 1.81674e-05

0.0032959 1.74965e-05
0.00332031 1.87759e-05

0.00332031 1.79844e-05
0.00334473 1.97466e-05

0.00334473 1.98539e-05
0.00336914 1.99427e-05

0.00336914 1.32277e-05
0.00339305 2.44141e-05

0.00339145 2.44141e-05
0.00339355 2.52368e-05

0.00339355 2.75315e-05
0.00341786 4.88281e-05

0.00341755 4.88281e-05
0.00341797 4.92286e-05

0.00341797 4.9544e-05
0.00344163 7.32422e-05

0.00344166 7.32422e-05
0.00344238 7.39916e-05

0.00344238 7.41485e-05
0.00346426 9.76563e-05

0.00346482 9.76563e-05
0.0034668 9.98735e-05

0.0034668 0.000100366
0.00350597 0.000146484

0.00350591 0.000146484
0.00351563 0.000159258

0.00351563 0.000159618
0.00354239 0.000195313

0.00354258 0.000195313
0.00356445 0.000228253

0.00356445 0.0002294
0.00357405 0.000244141

0.00357462 0.000244141
0.00360334 0.000292969

0.00360414 0.000292969
0.00361328 0.000311443

0.00361328 0.000312997
0.00362826 0.000341797

0.00362852 0.000341797
0.00365105 0.000390625

0.0036517 0.000390625
0.003689 0.000488281

0.0036888 0.000488281
0.00371094 0.000566884

0.00371094 0.000568604
0.00371582 0.000585938

0.00371601 0.000585937
0.00373472 0.000683594

0.00373436 0.000683594
0.00374541 0.00078125

0.0037474 0.00078125
0.00374772 0.000976562

0.00374742 0.000976562
0.00371913 0.00117188

0.00371094 0.0012014
0.003663 0.00136719

0.00366314 0.00136719
0.00357751 0.0015625

0.00371094 0.00119433
0.00371743 0.00117187

0.00332031 0.00194012
0.00330932 0.00195312

0.00351563 0.00167012
0.00346018 0.00175781

0.00339355 0.00185019
0.0033896 0.00185547

0.00341797 0.00181761
0.00340819 0.00183105

0.00339355 0.00184963
0.00340745 0.00183105

0.00336914 0.00188112
0.00335107 0.0019043

0.00334473 0.00191184
0.0033309 0.00192871

0.00332031 0.00194232
0.00333169 0.00192871

0.00334473 0.00191191
0.00335077 0.0019043

0.00336914 0.00188168
0.00338934 0.00185547

0.0034595 0.00175781
0.00342541 0.00180664

0.00341797 0.00181563
0.00342438 0.00180664

0.00322266 0.00204908
0.00322102 0.00205078

0.003125 0.00214626
0.00322225 0.00205078

0.00327148 0.00199655
0.00326661 0.00200195

0.00322266 0.00204954
0.00326722 0.00200195

0.00327148 0.00199727
0.00331052 0.00195312

0.00357543 0.0015625
0.00352145 0.00166016

0.00351563 0.00166841
0.00352061 0.00166016

