0.00012184 0
0.00012207 6.86246e-07

0.00012207 1.21101e-06
0.000146484 1.24088e-06

0.000170898 2.39453e-05
0.000170551 2.44141e-05

0.000170898 4.81074e-05
0.000170716 4.88281e-05

0.000195313 6.37144e-06
0.000191989 2.44141e-05

0.000188118 2.44141e-05
0.000183503 4.88281e-05

0.000170846 4.88281e-05
0.000170898 4.90917e-05

0.000183822 4.88281e-05
0.000187327 7.32422e-05

0.000186624 7.32422e-05
0.000195313 9.07386e-05

0.000195313 1.38352e-05
0.000197861 0

0.000195313 8.99332e-05
0.00019922 9.76563e-05

0.000197886 9.76563e-05
0.000219727 0.000119799

0.000219727 0.000118648
0.00022622 0.00012207

0.000226053 0.00012207
0.000244141 0.000131375

0.000244141 0.000130756
0.000268555 0.000134602

0.000268555 0.000134597
0.000292969 0.00013091

0.000341797 9.17159e-05
0.000338791 9.76563e-05

0.000342033 0
0.00034593 2.44141e-05

0.000349767 2.44141e-05
0.000353785 4.88281e-05

0.000353768 4.88281e-05
0.000350267 7.32422e-05

0.000341797 9.13009e-05
0.000350837 7.32422e-05

0.000317383 0.000119485
0.000312389 0.00012207

0.000292969 0.000131408
0.000311274 0.00012207

0.000317383 0.000120042
0.00033961 9.76563e-05

0.000876988 0
0.000878906 5.22169e-06

0.000878906 3.97965e-06
0.00090332 4.06964e-06

0.00090332 5.34001e-06
0.000905291 0

0.00146276 0
0.00146484 5.96712e-06

0.00146484 5.49645e-06
0.00148383 2.44141e-05

0.00148312 2.44141e-05
0.00148926 2.65456e-05

0.00148926 1.7151e-05
0.00151367 1.72352e-05

0.00148926 2.44763e-05
0.00150176 2.44141e-05

0.00151367 1.72577e-05
0.00153809 1.71849e-05

0.00152576 2.44141e-05
0.00153809 2.44768e-05

0.0015625 5.46424e-06
0.0015435 2.44141e-05

0.00153809 2.65403e-05
0.0015442 2.44141e-05

0.000390625 0.00311454
2.23323e-05 0.003125

0.000390625 0.00311483
0.00078125 0.00308097

0.00078125 0.0030816
0.00117187 0.00302313

0.00117188 0.00302419
0.0015625 0.00293773

0.0015625 6.05775e-06
0.00156461 0

0.00165651 0
0.00166016 8.89031e-06

0.00166016 1.04949e-05
0.00167489 2.44141e-05

0.00167402 2.44141e-05
0.00168457 2.83896e-05

0.00168457 1.88946e-05
0.00170898 1.91954e-05

0.00169689 2.44141e-05
0.00170898 2.44832e-05

0.0017334 1.15127e-05
0.00171872 2.44141e-05

0.00170898 2.82002e-05
0.0017195 2.44141e-05

0.0017334 1.29223e-05
0.00173901 0

0.00179051 0
0.00180664 1.93565e-05

0.00180664 3.6422e-06
0.00183105 1.34125e-05

0.00183105 9.08143e-06
0.00185547 1.28911e-05

0.00185547 8.69958e-06
0.00187988 1.26379e-05

0.00187988 1.37283e-05
0.0019043 1.31667e-05

0.0019043 1.37077e-05
0.00192871 6.8957e-06

0.00192871 7.10365e-06
0.00195312 1.17078e-05

0.00195312 1.03072e-05
0.00197754 1.5584e-05

0.00197754 1.5294e-05
0.00200195 1.04587e-05

0.00200195 1.54866e-05
0.00202637 4.00804e-06

0.00202637 4.24428e-06
0.00205078 9.24751e-06

0.00205078 8.85415e-06
0.0020752 1.54776e-05

0.0020752 9.42814e-06
0.00209961 1.15847e-05

0.00209961 1.35248e-05
0.00212402 1.35582e-05

0.00212402 1.3208e-05
0.00214844 7.8487e-06

0.00214844 7.42558e-06
0.00217285 1.30928e-05

0.00217285 1.39841e-05
0.00219727 1.40461e-05

0.00219727 1.33022e-05
0.00222168 7.29856e-06

0.00222168 7.21401e-06
0.00224609 1.34477e-05

0.00224609 1.412e-05
0.00227051 1.41578e-05

0.00227051 1.40435e-05
0.00229492 6.66873e-06

0.00229492 7.45853e-06
0.00231934 1.18562e-05

0.00231934 1.03947e-05
0.00234375 1.54312e-05

0.00234375 1.54507e-05
0.00236816 1.05306e-05

0.00236816 1.25253e-05
0.00239258 6.7784e-06

0.00239258 6.78995e-06
0.00241699 1.26019e-05

0.00241699 1.05248e-05
0.00244141 1.54494e-05

0.00244141 1.54396e-05
0.00246582 1.04925e-05

0.00246582 1.24834e-05
0.00249023 6.92254e-06

0.00249023 6.92837e-06
0.00251465 1.26051e-05

0.00251465 1.05816e-05
0.00253906 1.53675e-05

0.00253906 1.53556e-05
0.00256348 1.05374e-05

0.00256348 1.24429e-05
0.00258789 7.10644e-06

0.00258789 7.10408e-06
0.0026123 1.26168e-05

0.0026123 1.07342e-05
0.00263672 1.52078e-05

0.00263672 1.51529e-05
0.00266113 1.05089e-05

0.00266113 1.1775e-05
0.00268555 8.01319e-06

0.00268555 7.23842e-06
0.00270996 1.39828e-05

0.00270996 1.40558e-05
0.00273438 1.40509e-05

0.00273437 1.38282e-05
0.00275879 7.3864e-06

0.00275879 8.19477e-06
0.0027832 1.19375e-05

0.0027832 1.07668e-05
0.00280762 1.49011e-05

0.00280762 1.48852e-05
0.00283203 1.07268e-05

0.00283203 1.18885e-05
0.00285645 8.26935e-06

0.00285645 7.48447e-06
0.00288086 1.38173e-05

0.00288086 1.39419e-05
0.00290527 1.40641e-05

0.00290527 1.39252e-05
0.00292969 7.54144e-06

0.00292969 8.29189e-06
0.0029541 1.17815e-05

0.0029541 1.12381e-05
0.00297852 1.43849e-05

0.00297852 1.18574e-05
0.00300293 1.23188e-05

0.00300293 1.23086e-05
0.00302734 1.39457e-05

0.00302734 1.27689e-05
0.00305176 1.37133e-05

0.00305176 1.32505e-05
0.00307617 1.43816e-05

0.00307617 1.36645e-05
0.00310059 1.45153e-05

0.00310059 1.40027e-05
0.003125 1.49412e-05

0.00175781 0.00288131
0.00158464 0.00292969

0.0015625 0.00293641
0.00158655 0.00292969

0.00175781 0.00288187
0.00195312 0.00281855

0.00234375 0.00265985
0.00217414 0.00273438

0.00195312 0.0028189
0.00214844 0.00274513

0.00214844 0.0027451
0.00217284 0.00273438

0.00292969 0.00230935
0.00288232 0.00234375

0.003125 0.00214426
0.00312045 0.00214844

0.00302734 0.0022324
0.00301049 0.00224609

0.00297852 0.00226983
0.00294641 0.00229492

0.00292969 0.00230942
0.0029484 0.00229492

0.00297852 0.00226949
0.0030077 0.00224609

0.00302734 0.00223182
0.00312215 0.00214844

0.00244141 0.00261124
0.00238938 0.00263672

0.00234375 0.00265891
0.00238906 0.00263672

0.00244141 0.00261134
0.00253906 0.00255999

0.00273438 0.00244617
0.00257809 0.00253906

0.00253906 0.00255978
0.00257456 0.00253906

0.00283203 0.0023793
0.00273935 0.00244141

0.00273438 0.00244547
0.00274068 0.00244141

0.00283203 0.00237918
0.00288118 0.00234375

0 0.00312563
2.21594e-05 0.003125

0.003125 1.4327e-05
0.00314941 1.53358e-05

0.00314941 1.4757e-05
0.00317383 1.58239e-05

0.00317383 1.5253e-05
0.00319824 1.61908e-05

0.00319824 1.56387e-05
0.00322266 1.65511e-05

0.00322266 1.59899e-05
0.00324707 1.70593e-05

0.00324707 1.65228e-05
0.00327148 1.76004e-05

0.00327148 1.6865e-05
0.0032959 1.81902e-05

0.0032959 1.76691e-05
0.00332031 1.90036e-05

0.00332031 1.82986e-05
0.00334473 1.9419e-05

0.00334473 1.945e-05
0.00336914 1.94635e-05

0.00336914 1.29754e-05
0.00339287 2.44141e-05

0.00339145 2.44141e-05
0.00339355 2.52431e-05

0.00339355 2.73215e-05
0.00341797 4.87466e-05

0.0034176 4.88281e-05
0.00341797 4.91836e-05

0.00341797 4.85976e-05
0.00341821 4.88281e-05

0.00341797 4.94574e-05
0.00344158 7.32422e-05

0.00344163 7.32422e-05
0.00344238 7.40288e-05

0.00344238 7.42133e-05
0.00346415 9.76563e-05

0.00346471 9.76563e-05
0.0034668 0.0001

0.0034668 0.000100788
0.00348538 0.00012207

0.00348517 0.00012207
0.00349121 0.000129321

0.00349121 0.000128952
0.00350557 0.000146484

0.00350578 0.000146484
0.00351563 0.000159439

0.00351563 0.000159814
0.00354224 0.000195313

0.00354245 0.000195313
0.00356445 0.000228422

0.00356445 0.000229616
0.00357391 0.000244141

0.00357452 0.000244141
0.00360326 0.000292969

0.00360406 0.000292969
0.00361328 0.000311609

0.00361328 0.000313164
0.00362818 0.000341797

0.00362844 0.000341797
0.00365099 0.000390625

0.00365165 0.000390625
0.00368896 0.000488281

0.00368876 0.000488281
0.00371094 0.000566999

0.00371094 0.000568733
0.00371578 0.000585938

0.00371598 0.000585937
0.00373469 0.000683594

0.00373433 0.000683594
0.00374538 0.00078125

0.00374737 0.00078125
0.00374769 0.000976562

0.0037474 0.000976562
0.0037191 0.00117188

0.00371094 0.0012013
0.00366297 0.00136719

0.00366311 0.00136719
0.00357747 0.0015625

0.00371094 0.00119416
0.00371738 0.00117187

0.00332031 0.00194015
0.00330934 0.00195312

0.00351563 0.00167007
0.00346015 0.00175781

0.00339355 0.00185016
0.00338958 0.00185547

0.00341797 0.00181751
0.00340812 0.00183105

0.00339355 0.00184958
0.00340741 0.00183105

0.00336914 0.00188108
0.00335105 0.0019043

0.00334473 0.00191179
0.00333086 0.00192871

0.00332031 0.00194224
0.00333161 0.00192871

0.00334473 0.0019119
0.00335076 0.0019043

0.00336914 0.00188164
0.00338931 0.00185547

0.00345947 0.00175781
0.00342538 0.00180664

0.00341797 0.00181567
0.0034244 0.00180664

0.00322266 0.00204907
0.00322102 0.00205078

0.003125 0.00214625
0.00322224 0.00205078

0.00327148 0.0019965
0.00326656 0.00200195

0.00322266 0.00204952
0.0032672 0.00200195

0.00327148 0.00199724
0.00331049 0.00195312

0.0035754 0.0015625
0.00352141 0.00166016

0.00351563 0.00166828
0.00352053 0.00166016

