0.000121852 0
0.00012207 6.51163e-07

0.00012207 1.184e-06
0.000146484 1.20983e-06

0.000170898 2.39619e-05
0.00017056 2.44141e-05

0.000170898 4.82304e-05
0.000170746 4.88281e-05

0.000195313 6.57996e-06
0.000192031 2.44141e-05

0.000188064 2.44141e-05
0.00018347 4.88281e-05

0.000170849 4.88281e-05
0.000170898 4.90746e-05

0.000183791 4.88281e-05
0.000187337 7.32422e-05

0.000186638 7.32422e-05
0.000195313 9.06514e-05

0.000195313 1.30337e-05
0.000197711 0

0.000195313 8.97781e-05
0.000199264 9.76563e-05

0.000197985 9.76563e-05
0.000219727 0.000119739

0.000219727 0.000118675
0.000226138 0.00012207

0.000226046 0.00012207
0.000244141 0.000131417

0.000244141 0.000130786
0.000268555 0.000134635

0.000268555 0.000134631
0.000292969 0.00013094

0.000341797 9.172e-05
0.000338796 9.76563e-05

0.000342012 0
0.000345911 2.44141e-05

0.000349748 2.44141e-05
0.000353771 4.88281e-05

0.000353753 4.88281e-05
0.000350261 7.32422e-05

0.000341797 9.13041e-05
0.000350831 7.32422e-05

0.000317383 0.000119501
0.000312422 0.00012207

0.000292969 0.000131437
0.000311316 0.00012207

0.000317383 0.000120062
0.000339616 9.76563e-05

0.000876615 0
0.000878906 6.02369e-06

0.000878906 4.54674e-06
0.00090332 3.46315e-06

0.00090332 4.62691e-06
0.000904984 0

0.00146276 0
0.00146484 5.98138e-06

0.00146484 5.48887e-06
0.00148383 2.44141e-05

0.00148313 2.44141e-05
0.00148926 2.65439e-05

0.00148926 1.71643e-05
0.00151367 1.72454e-05

0.00148926 2.4476e-05
0.00150166 2.44141e-05

0.00151367 1.72554e-05
0.00153809 1.71754e-05

0.00152558 2.44141e-05
0.00153809 2.44767e-05

0.0015625 5.47329e-06
0.00154351 2.44141e-05

0.00153809 2.65421e-05
0.00154421 2.44141e-05

0.000390625 0.00311459
2.40037e-05 0.003125

0.000390625 0.00311488
0.00078125 0.00308102

0.00078125 0.00308164
0.00117187 0.00302317

0.00117188 0.00302423
0.0015625 0.00293776

0.0015625 6.04492e-06
0.00156461 0

0.00165651 0
0.00166016 8.89665e-06

0.00166016 1.05034e-05
0.00167489 2.44141e-05

0.00167401 2.44141e-05
0.00168457 2.83911e-05

0.00168457 1.88907e-05
0.00170898 1.91882e-05

0.00169688 2.44141e-05
0.00170898 2.44822e-05

0.0017334 1.15167e-05
0.00171872 2.44141e-05

0.00170898 2.81968e-05
0.0017195 2.44141e-05

0.0017334 1.29191e-05
0.00173901 0

0.0017905 0
0.00180664 1.93655e-05

0.00180664 3.65589e-06
0.00183105 1.34094e-05

0.00183105 9.09298e-06
0.00185547 1.28877e-05

0.00185547 8.69975e-06
0.00187988 1.26326e-05

0.00187988 1.37236e-05
0.0019043 1.31725e-05

0.0019043 1.37049e-05
0.00192871 6.9071e-06

0.00192871 7.11707e-06
0.00195312 1.17092e-05

0.00195312 1.03152e-05
0.00197754 1.55731e-05

0.00197754 1.52812e-05
0.00200195 1.04615e-05

0.00200195 1.54827e-05
0.00202637 4.02994e-06

0.00202637 4.2755e-06
0.00205078 9.22803e-06

0.00205078 8.8008e-06
0.0020752 1.55006e-05

0.0020752 9.48212e-06
0.00209961 1.16342e-05

0.00209961 1.35731e-05
0.00212402 1.34782e-05

0.00212402 1.30766e-05
0.00214844 7.91508e-06

0.00214844 7.51529e-06
0.00217285 1.32104e-05

0.00217285 1.41238e-05
0.00219727 1.39026e-05

0.00219727 1.3229e-05
0.00222168 7.20305e-06

0.00222168 7.13381e-06
0.00224609 1.35249e-05

0.00224609 1.41156e-05
0.00227051 1.41732e-05

0.00227051 1.40583e-05
0.00229492 6.67755e-06

0.00229492 7.46803e-06
0.00231934 1.18446e-05

0.00231934 1.03959e-05
0.00234375 1.54304e-05

0.00234375 1.54456e-05
0.00236816 1.05307e-05

0.00236816 1.25222e-05
0.00239258 6.78878e-06

0.00239258 6.79928e-06
0.00241699 1.26015e-05

0.00241699 1.05281e-05
0.00244141 1.54441e-05

0.00244141 1.54348e-05
0.00246582 1.04952e-05

0.00246582 1.24833e-05
0.00249023 6.93036e-06

0.00249023 6.93577e-06
0.00251465 1.26031e-05

0.00251465 1.05834e-05
0.00253906 1.5364e-05

0.00253906 1.53522e-05
0.00256348 1.05392e-05

0.00256348 1.24408e-05
0.00258789 7.11367e-06

0.00258789 7.11143e-06
0.0026123 1.26173e-05

0.0026123 1.07375e-05
0.00263672 1.52033e-05

0.00263672 1.51484e-05
0.00266113 1.05112e-05

0.00266113 1.17772e-05
0.00268555 8.01855e-06

0.00268555 7.24224e-06
0.00270996 1.39796e-05

0.00270996 1.4055e-05
0.00273438 1.40515e-05

0.00273437 1.38352e-05
0.00275879 7.38198e-06

0.00275879 8.19167e-06
0.0027832 1.1927e-05

0.0027832 1.07528e-05
0.00280762 1.49072e-05

0.00280762 1.48969e-05
0.00283203 1.07274e-05

0.00283203 1.18941e-05
0.00285645 8.24145e-06

0.00285645 7.46052e-06
0.00288086 1.38164e-05

0.00288086 1.39323e-05
0.00290527 1.40737e-05

0.00290527 1.38817e-05
0.00292969 7.5858e-06

0.00292969 8.36771e-06
0.0029541 1.18061e-05

0.0029541 1.12446e-05
0.00297852 1.43252e-05

0.00297852 1.18446e-05
0.00300293 1.23462e-05

0.00300293 1.23242e-05
0.00302734 1.39318e-05

0.00302734 1.27727e-05
0.00305176 1.36823e-05

0.00305176 1.32059e-05
0.00307617 1.43756e-05

0.00307617 1.36156e-05
0.00310059 1.45934e-05

0.00310059 1.40345e-05
0.003125 1.50568e-05

0.00175781 0.00288133
0.00158474 0.00292969

0.0015625 0.00293643
0.00158664 0.00292969

0.00175781 0.0028819
0.00195312 0.00281857

0.00234375 0.00265985
0.00217417 0.00273438

0.00195312 0.00281892
0.00214844 0.00274515

0.00214844 0.00274511
0.00217287 0.00273438

0.00292969 0.00230933
0.0028823 0.00234375

0.003125 0.00214421
0.0031204 0.00214844

0.00302734 0.0022324
0.00301048 0.00224609

0.00297852 0.0022698
0.00294639 0.00229492

0.00292969 0.00230941
0.00294839 0.00229492

0.00297852 0.00226946
0.00300766 0.00224609

0.00302734 0.0022318
0.00312212 0.00214844

0.00244141 0.00261125
0.00238939 0.00263672

0.00234375 0.00265891
0.00238907 0.00263672

0.00244141 0.00261135
0.00253906 0.00255999

0.00273438 0.00244616
0.00257809 0.00253906

0.00253906 0.00255978
0.00257456 0.00253906

0.00283203 0.00237929
0.00273933 0.00244141

0.00273438 0.00244545
0.00274067 0.00244141

0.00283203 0.00237917
0.00288116 0.00234375

0 0.00312568
2.38271e-05 0.003125

0.003125 1.44382e-05
0.00314941 1.5393e-05

0.00314941 1.48367e-05
0.00317383 1.58113e-05

0.00317383 1.5184e-05
0.00319824 1.62784e-05

0.00319824 1.61739e-05
0.00322266 1.63584e-05

0.00322266 1.56466e-05
0.00324707 1.61392e-05

0.00324707 1.53512e-05
0.00327148 1.80521e-05

0.00327148 1.76035e-05
0.0032959 1.9174e-05

0.0032959 1.8489e-05
0.00332031 1.799e-05

0.00332031 1.7485e-05
0.00334473 1.83012e-05

0.00334473 1.88131e-05
0.00336914 1.92947e-05

0.00336914 1.21674e-05
0.00339338 2.44141e-05

0.00339053 2.44141e-05
0.00339355 2.56702e-05

0.00339355 2.37619e-05
0.00339415 2.44141e-05

0.00339355 2.75332e-05
0.0034175 4.88281e-05

0.00341761 4.88281e-05
0.00341797 4.91763e-05

0.00341797 4.96476e-05
0.00344158 7.32422e-05

0.00344161 7.32422e-05
0.00344238 7.40499e-05

0.00344238 7.4207e-05
0.00346419 9.76563e-05

0.00346471 9.76563e-05
0.0034668 0.000100012

0.0034668 0.000100498
0.00350582 0.000146484

0.00350578 0.000146484
0.00351563 0.000159437

0.00351563 0.000159834
0.00354222 0.000195313

0.00354244 0.000195313
0.00356445 0.000228434

0.00356445 0.00022968
0.00357387 0.000244141

0.0035745 0.000244141
0.00360324 0.000292969

0.00360404 0.000292969
0.00361328 0.000311652

0.00361328 0.000313209
0.00362816 0.000341797

0.00362842 0.000341797
0.00365096 0.000390625

0.00365162 0.000390625
0.00368892 0.000488281

0.00368872 0.000488281
0.00371094 0.000567152

0.00371094 0.000568893
0.00371574 0.000585938

0.00371593 0.000585937
0.00373464 0.000683594

0.00373428 0.000683594
0.00374533 0.00078125

0.00374731 0.00078125
0.00374763 0.000976562

0.00374733 0.000976562
0.00371903 0.00117188

0.00371094 0.00120106
0.0036629 0.00136719

0.00366304 0.00136719
0.00357741 0.0015625

0.00371094 0.00119385
0.00371729 0.00117187

0.00332031 0.00194017
0.00330936 0.00195312

0.00351563 0.00166999
0.0034601 0.00175781

0.00339355 0.0018501
0.00338955 0.00185547

0.00341797 0.00181736
0.00340801 0.00183105

0.00339355 0.00184951
0.00340736 0.00183105

0.00336914 0.00188102
0.003351 0.0019043

0.00334473 0.00191172
0.00333081 0.00192871

0.00332031 0.00194213
0.00333151 0.00192871

0.00334473 0.00191187
0.00335074 0.0019043

0.00336914 0.00188158
0.00338926 0.00185547

0.00345941 0.00175781
0.00342532 0.00180664

0.00341797 0.0018157
0.00342442 0.00180664

0.00322266 0.00204905
0.003221 0.00205078

0.003125 0.00214622
0.0032222 0.00205078

0.00327148 0.00199643
0.0032665 0.00200195

0.00322266 0.00204948
0.00326716 0.00200195

0.00327148 0.0019972
0.00331045 0.00195312

0.00357534 0.0015625
0.00352135 0.00166016

0.00351563 0.00166808
0.00352041 0.00166016

