0.000121881 0
0.00012207 5.65319e-07

0.00012207 1.06651e-06
0.000146484 1.12669e-06

0.000170898 2.39684e-05
0.000170559 2.44141e-05

0.000170898 4.81198e-05
0.000170714 4.88281e-05

0.000195313 7.19549e-06
0.000192187 2.44141e-05

0.000188278 2.44141e-05
0.000183725 4.88281e-05

0.000170839 4.88281e-05
0.000170898 4.9125e-05

0.000184011 4.88281e-05
0.000187503 7.32422e-05

0.000186812 7.32422e-05
0.000195313 9.03554e-05

0.000195313 1.32828e-05
0.000197724 0

0.000195313 8.97361e-05
0.000199309 9.76563e-05

0.000198123 9.76563e-05
0.000219727 0.000119615

0.000219727 0.000118901
0.000225684 0.00012207

0.000226501 0.00012207
0.000244141 0.000131222

0.000244141 0.000130734
0.000268555 0.000134672

0.000268555 0.00013466
0.000292969 0.000131071

0.000341797 9.24042e-05
0.000339142 9.76563e-05

0.000342365 0
0.000346264 2.44141e-05

0.0003501 2.44141e-05
0.000354122 4.88281e-05

0.000354105 4.88281e-05
0.000350611 7.32422e-05

0.000341797 9.20073e-05
0.000351197 7.32422e-05

0.000317383 0.000119715
0.000312779 0.00012207

0.000292969 0.000131599
0.00031181 0.00012207

0.000317383 0.000120356
0.000340003 9.76563e-05

0.000877001 0
0.000878906 5.1921e-06

0.000878906 3.95424e-06
0.00090332 4.09378e-06

0.00090332 5.37539e-06
0.000905307 0

0.00146277 0
0.00146484 5.96401e-06

0.00146484 5.35521e-06
0.00148385 2.44141e-05

0.00148333 2.44141e-05
0.00148926 2.64855e-05

0.00148926 1.71676e-05
0.00151367 1.74292e-05

0.00148926 2.44561e-05
0.00150911 2.44141e-05

0.00151367 1.74421e-05
0.00153809 1.71924e-05

0.00151899 2.44141e-05
0.00153809 2.44573e-05

0.0015625 5.34112e-06
0.00154348 2.44141e-05

0.00153809 2.6485e-05
0.00154401 2.44141e-05

0.000390625 0.00311464
2.57986e-05 0.003125

0.000390625 0.00311493
0.00078125 0.00308107

0.00078125 0.0030817
0.00117187 0.00302321

0.00117188 0.00302428
0.0015625 0.0029378

0.0015625 6.04962e-06
0.00156461 0

0.00165651 0
0.00166016 8.90224e-06

0.00166016 1.05043e-05
0.00167489 2.44141e-05

0.00167402 2.44141e-05
0.00168457 2.83901e-05

0.00168457 1.88937e-05
0.00170898 1.91936e-05

0.00169687 2.44141e-05
0.00170898 2.4483e-05

0.0017334 1.15197e-05
0.00171873 2.44141e-05

0.00170898 2.81998e-05
0.0017195 2.44141e-05

0.0017334 1.29198e-05
0.00173901 0

0.00179051 0
0.00180664 1.93796e-05

0.00180664 3.67406e-06
0.00183105 1.34295e-05

0.00183105 9.11367e-06
0.00185547 1.28857e-05

0.00185547 8.72026e-06
0.00187988 1.26297e-05

0.00187988 1.37175e-05
0.0019043 1.31705e-05

0.0019043 1.36995e-05
0.00192871 6.93525e-06

0.00192871 7.14528e-06
0.00195312 1.17069e-05

0.00195312 1.03171e-05
0.00197754 1.5563e-05

0.00197754 1.52781e-05
0.00200195 1.04763e-05

0.00200195 1.54618e-05
0.00202637 4.06449e-06

0.00202637 4.30298e-06
0.00205078 9.2567e-06

0.00205078 8.86757e-06
0.0020752 1.54589e-05

0.0020752 9.458e-06
0.00209961 1.15951e-05

0.00209961 1.35283e-05
0.00212402 1.3526e-05

0.00212402 1.31055e-05
0.00214844 7.94448e-06

0.00214844 7.54858e-06
0.00217285 1.31726e-05

0.00217285 1.4105e-05
0.00219727 1.38935e-05

0.00219727 1.31429e-05
0.00222168 7.29766e-06

0.00222168 7.24543e-06
0.00224609 1.3593e-05

0.00224609 1.42294e-05
0.00227051 1.40449e-05

0.00227051 1.39793e-05
0.00229492 6.61234e-06

0.00229492 7.41819e-06
0.00231934 1.19243e-05

0.00231934 1.04076e-05
0.00234375 1.542e-05

0.00234375 1.54407e-05
0.00236816 1.05384e-05

0.00236816 1.25248e-05
0.00239258 6.80258e-06

0.00239258 6.81406e-06
0.00241699 1.25987e-05

0.00241699 1.05329e-05
0.00244141 1.54386e-05

0.00244141 1.54296e-05
0.00246582 1.04992e-05

0.00246582 1.24834e-05
0.00249023 6.94135e-06

0.00249023 6.94638e-06
0.00251465 1.26017e-05

0.00251465 1.0587e-05
0.00253906 1.53599e-05

0.00253906 1.53485e-05
0.00256348 1.05423e-05

0.00256348 1.24403e-05
0.00258789 7.1223e-06

0.00258789 7.1195e-06
0.0026123 1.26175e-05

0.0026123 1.07413e-05
0.00263672 1.52003e-05

0.00263672 1.51456e-05
0.00266113 1.05137e-05

0.00266113 1.17774e-05
0.00268555 8.02575e-06

0.00268555 7.24857e-06
0.00270996 1.39802e-05

0.00270996 1.40635e-05
0.00273438 1.40455e-05

0.00273437 1.38367e-05
0.00275879 7.36782e-06

0.00275879 8.17662e-06
0.0027832 1.19284e-05

0.0027832 1.07472e-05
0.00280762 1.49179e-05

0.00280762 1.49093e-05
0.00283203 1.0723e-05

0.00283203 1.19003e-05
0.00285645 8.21776e-06

0.00285645 7.44549e-06
0.00288086 1.38065e-05

0.00288086 1.38836e-05
0.00290527 1.41038e-05

0.00290527 1.38601e-05
0.00292969 7.68883e-06

0.00292969 8.50195e-06
0.0029541 1.17864e-05

0.0029541 1.1277e-05
0.00297852 1.42004e-05

0.00297852 1.17988e-05
0.00300293 1.22948e-05

0.00300293 1.22272e-05
0.00302734 1.39261e-05

0.00302734 1.27261e-05
0.00305176 1.3754e-05

0.00305176 1.324e-05
0.00307617 1.44117e-05

0.00307617 1.36823e-05
0.00310059 1.4558e-05

0.00310059 1.40717e-05
0.003125 1.49326e-05

0.00175781 0.00288137
0.00158489 0.00292969

0.0015625 0.00293647
0.00158677 0.00292969

0.00175781 0.00288193
0.00195312 0.00281861

0.00234375 0.00265987
0.00217423 0.00273438

0.00195312 0.00281895
0.00214844 0.00274518

0.00214844 0.00274514
0.00217292 0.00273438

0.00292969 0.00230933
0.0028823 0.00234375

0.003125 0.00214412
0.00312031 0.00214844

0.00302734 0.00223243
0.00301052 0.00224609

0.00297852 0.00226979
0.00294637 0.00229492

0.00292969 0.00230943
0.0029484 0.00229492

0.00297852 0.00226943
0.00300763 0.00224609

0.00302734 0.0022318
0.00312212 0.00214844

0.00244141 0.00261127
0.00238943 0.00263672

0.00234375 0.00265893
0.00238911 0.00263672

0.00244141 0.00261137
0.00253906 0.00256

0.00273438 0.00244617
0.00257811 0.00253906

0.00253906 0.00255979
0.00257457 0.00253906

0.00283203 0.00237929
0.00273935 0.00244141

0.00273438 0.00244545
0.00274066 0.00244141

0.00283203 0.00237917
0.00288116 0.00234375

0 0.00312573
2.56596e-05 0.003125

0.003125 1.43786e-05
0.00314941 1.52234e-05

0.00314941 1.46504e-05
0.00317383 1.57216e-05

0.00317383 1.5096e-05
0.00319824 1.62864e-05

0.00319824 1.57446e-05
0.00322266 1.66681e-05

0.00322266 1.59617e-05
0.00324707 1.705e-05

0.00324707 1.66594e-05
0.00327148 1.77269e-05

0.00327148 1.67243e-05
0.0032959 1.82812e-05

0.0032959 1.80017e-05
0.00332031 1.93987e-05

0.00332031 1.85448e-05
0.00334473 1.92548e-05

0.00334473 1.93494e-05
0.00336914 1.94712e-05

0.00336914 1.31137e-05
0.00339254 2.44141e-05

0.00339115 2.44141e-05
0.00339355 2.53594e-05

0.00339355 2.73034e-05
0.00341797 4.86673e-05

0.00341756 4.88281e-05
0.00341797 4.92268e-05

0.00341797 4.87067e-05
0.00341809 4.88281e-05

0.00341797 4.94596e-05
0.00344152 7.32422e-05

0.00344158 7.32422e-05
0.00344238 7.40873e-05

0.00344238 7.42757e-05
0.00346405 9.76563e-05

0.0034646 9.76563e-05
0.0034668 0.000100133

0.0034668 0.000100613
0.0035057 0.000146484

0.00350572 0.000146484
0.00351563 0.000159499

0.00351563 0.000159965
0.00354214 0.000195313

0.00354241 0.000195313
0.00356445 0.000228454

0.00356445 0.000229844
0.00357377 0.000244141

0.00357447 0.000244141
0.00360322 0.000292969

0.00360402 0.000292969
0.00361328 0.000311685

0.00361328 0.00031325
0.00362814 0.000341797

0.0036284 0.000341797
0.00365094 0.000390625

0.0036516 0.000390625
0.00368889 0.000488281

0.00368869 0.000488281
0.00371094 0.000567279

0.00371094 0.000569037
0.0037157 0.000585938

0.0037159 0.000585937
0.0037346 0.000683594

0.00373423 0.000683594
0.00374528 0.00078125

0.00374726 0.00078125
0.00374758 0.000976562

0.00374728 0.000976562
0.00371898 0.00117188

0.00371094 0.00120089
0.00366285 0.00136719

0.00366299 0.00136719
0.00357736 0.0015625

0.00371094 0.00119354
0.0037172 0.00117187

0.00332031 0.00194028
0.00330946 0.00195312

0.00351563 0.00166993
0.00346007 0.00175781

0.00339355 0.00185009
0.00338955 0.00185547

0.00341797 0.00181715
0.00340786 0.00183105

0.00339355 0.00184945
0.00340731 0.00183105

0.00336914 0.00188097
0.00335097 0.0019043

0.00334473 0.00191166
0.00333075 0.00192871

0.00332031 0.00194197
0.00333135 0.00192871

0.00334473 0.00191189
0.00335077 0.0019043

0.00336914 0.00188153
0.00338923 0.00185547

0.00345938 0.00175781
0.00342528 0.00180664

0.00341797 0.00181588
0.00342455 0.00180664

0.00322266 0.00204906
0.00322101 0.00205078

0.003125 0.00214622
0.00322219 0.00205078

0.00327148 0.00199633
0.0032664 0.00200195

0.00322266 0.00204946
0.00326713 0.00200195

0.00327148 0.00199719
0.00331043 0.00195312

0.00357529 0.0015625
0.00352131 0.00166016

0.00351563 0.00166779
0.00352023 0.00166016

