0.00012189 0
0.00012207 5.37516e-07

0.00012207 1.0644e-06
0.000146484 1.14625e-06

0.000170898 2.39423e-05
0.000170539 2.44141e-05

0.000170898 4.80835e-05
0.000170705 4.88281e-05

0.000195313 7.13963e-06
0.000192179 2.44141e-05

0.000188282 2.44141e-05
0.000183742 4.88281e-05

0.00017084 4.88281e-05
0.000170898 4.91151e-05

0.000184031 4.88281e-05
0.000187539 7.32422e-05

0.00018685 7.32422e-05
0.000195313 9.02655e-05

0.000195313 1.33713e-05
0.000197738 0

0.000195313 8.96571e-05
0.000199354 9.76563e-05

0.000198179 9.76563e-05
0.000219727 0.000119564

0.000219727 0.000118862
0.000225745 0.00012207

0.00022658 0.00012207
0.000244141 0.000131193

0.000244141 0.000130711
0.000268555 0.000134667

0.000268555 0.000134654
0.000292969 0.000131081

0.000341797 9.24581e-05
0.000339171 9.76563e-05

0.000342371 0
0.000346272 2.44141e-05

0.00035011 2.44141e-05
0.000354139 4.88281e-05

0.000354122 4.88281e-05
0.000350635 7.32422e-05

0.000341797 9.20653e-05
0.000351222 7.32422e-05

0.000317383 0.000119737
0.000312816 0.00012207

0.000292969 0.000131612
0.000311857 0.00012207

0.000317383 0.000120385
0.000340037 9.76563e-05

0.00087658 0
0.000878906 6.09623e-06

0.000878906 4.64761e-06
0.00090332 3.37501e-06

0.00090332 4.42928e-06
0.000904902 0

0.00146275 0
0.00146484 5.99937e-06

0.00146484 5.46071e-06
0.00148383 2.44141e-05

0.00148313 2.44141e-05
0.00148926 2.6547e-05

0.00148926 1.71856e-05
0.00151367 1.72676e-05

0.00148926 2.44761e-05
0.00150167 2.44141e-05

0.00151367 1.72436e-05
0.00153809 1.71641e-05

0.00152562 2.44141e-05
0.00153809 2.44768e-05

0.0015625 5.51323e-06
0.00154352 2.44141e-05

0.00153809 2.65449e-05
0.00154422 2.44141e-05

0.000390625 0.00311463
2.55845e-05 0.003125

0.000390625 0.00311493
0.00078125 0.00308106

0.00078125 0.00308169
0.00117187 0.00302321

0.00117188 0.00302427
0.0015625 0.00293779

0.0015625 6.03661e-06
0.00156461 0

0.0016565 0
0.00166016 8.91091e-06

0.00166016 1.05161e-05
0.00167488 2.44141e-05

0.00167401 2.44141e-05
0.00168457 2.83906e-05

0.00168457 1.88843e-05
0.00170898 1.91823e-05

0.00169687 2.44141e-05
0.00170898 2.44824e-05

0.0017334 1.15294e-05
0.00171873 2.44141e-05

0.00170898 2.81965e-05
0.0017195 2.44141e-05

0.0017334 1.29203e-05
0.00173901 0

0.00179051 0
0.00180664 1.93763e-05

0.00180664 3.66812e-06
0.00183105 1.3432e-05

0.00183105 9.10832e-06
0.00185547 1.28898e-05

0.00185547 8.72474e-06
0.00187988 1.26324e-05

0.00187988 1.372e-05
0.0019043 1.31651e-05

0.0019043 1.36993e-05
0.00192871 6.93232e-06

0.00192871 7.14095e-06
0.00195312 1.17064e-05

0.00195312 1.03132e-05
0.00197754 1.55673e-05

0.00197754 1.52848e-05
0.00200195 1.04756e-05

0.00200195 1.54657e-05
0.00202637 4.05098e-06

0.00202637 4.29967e-06
0.00205078 9.25085e-06

0.00205078 8.83426e-06
0.0020752 1.54772e-05

0.0020752 9.47964e-06
0.00209961 1.1624e-05

0.00209961 1.35601e-05
0.00212402 1.34909e-05

0.00212402 1.30958e-05
0.00214844 7.91679e-06

0.00214844 7.51628e-06
0.00217285 1.31863e-05

0.00217285 1.41038e-05
0.00219727 1.39096e-05

0.00219727 1.31411e-05
0.00222168 7.30384e-06

0.00222168 7.25687e-06
0.00224609 1.36026e-05

0.00224609 1.42509e-05
0.00227051 1.40303e-05

0.00227051 1.39682e-05
0.00229492 6.59615e-06

0.00229492 7.40898e-06
0.00231934 1.19385e-05

0.00231934 1.04072e-05
0.00234375 1.5419e-05

0.00234375 1.54443e-05
0.00236816 1.05394e-05

0.00236816 1.25269e-05
0.00239258 6.7956e-06

0.00239258 6.80805e-06
0.00241699 1.25997e-05

0.00241699 1.05316e-05
0.00244141 1.54421e-05

0.00244141 1.54326e-05
0.00246582 1.04977e-05

0.00246582 1.24842e-05
0.00249023 6.9367e-06

0.00249023 6.94191e-06
0.00251465 1.26021e-05

0.00251465 1.05857e-05
0.00253906 1.53621e-05

0.00253906 1.53502e-05
0.00256348 1.05411e-05

0.00256348 1.24416e-05
0.00258789 7.11817e-06

0.00258789 7.11623e-06
0.0026123 1.26158e-05

0.0026123 1.07386e-05
0.00263672 1.52008e-05

0.00263672 1.51454e-05
0.00266113 1.05127e-05

0.00266113 1.17762e-05
0.00268555 8.02428e-06

0.00268555 7.24676e-06
0.00270996 1.3981e-05

0.00270996 1.40629e-05
0.00273438 1.40461e-05

0.00273437 1.38377e-05
0.00275879 7.36747e-06

0.00275879 8.17414e-06
0.0027832 1.19292e-05

0.0027832 1.07489e-05
0.00280762 1.49209e-05

0.00280762 1.49111e-05
0.00283203 1.0722e-05

0.00283203 1.19048e-05
0.00285645 8.21388e-06

0.00285645 7.44052e-06
0.00288086 1.38026e-05

0.00288086 1.38952e-05
0.00290527 1.40927e-05

0.00290527 1.38069e-05
0.00292969 7.70237e-06

0.00292969 8.50037e-06
0.0029541 1.18714e-05

0.0029541 1.13433e-05
0.00297852 1.42072e-05

0.00297852 1.18546e-05
0.00300293 1.22546e-05

0.00300293 1.22536e-05
0.00302734 1.38423e-05

0.00302734 1.26704e-05
0.00305176 1.36651e-05

0.00305176 1.31202e-05
0.00307617 1.44194e-05

0.00307617 1.3608e-05
0.00310059 1.46732e-05

0.00310059 1.41131e-05
0.003125 1.50742e-05

0.00175781 0.00288136
0.00158487 0.00292969

0.0015625 0.00293646
0.00158675 0.00292969

0.00175781 0.00288193
0.00195312 0.0028186

0.00234375 0.00265987
0.00217422 0.00273438

0.00195312 0.00281895
0.00214844 0.00274517

0.00214844 0.00274513
0.00217291 0.00273438

0.00292969 0.00230932
0.00288229 0.00234375

0.003125 0.00214413
0.00312031 0.00214844

0.00302734 0.00223242
0.00301051 0.00224609

0.00297852 0.00226979
0.00294637 0.00229492

0.00292969 0.00230942
0.00294839 0.00229492

0.00297852 0.00226943
0.00300763 0.00224609

0.00302734 0.0022318
0.00312211 0.00214844

0.00244141 0.00261126
0.00238942 0.00263672

0.00234375 0.00265893
0.0023891 0.00263672

0.00244141 0.00261136
0.00253906 0.00256

0.00273438 0.00244617
0.00257811 0.00253906

0.00253906 0.00255979
0.00257457 0.00253906

0.00283203 0.00237929
0.00273934 0.00244141

0.00273438 0.00244545
0.00274065 0.00244141

0.00283203 0.00237917
0.00288115 0.00234375

0 0.00312572
2.54454e-05 0.003125

0.003125 1.45034e-05
0.00314941 1.53062e-05

0.00314941 1.47962e-05
0.00317383 1.56987e-05

0.00317383 1.51821e-05
0.00319824 1.61321e-05

0.00319824 1.56223e-05
0.00322266 1.64971e-05

0.00322266 1.58358e-05
0.00324707 1.70121e-05

0.00324707 1.64986e-05
0.00327148 1.77416e-05

0.00327148 1.69185e-05
0.0032959 1.82458e-05

0.0032959 1.78886e-05
0.00332031 1.89135e-05

0.00332031 1.80851e-05
0.00334473 1.91218e-05

0.00334473 1.91855e-05
0.00336914 1.96898e-05

0.00336914 1.33169e-05
0.00339258 2.44141e-05

0.00339122 2.44141e-05
0.00339355 2.53059e-05

0.00339355 2.69004e-05
0.00341797 4.8252e-05

0.00341761 4.88281e-05
0.00341797 4.91829e-05

0.00341797 4.94406e-05
0.00344138 7.32422e-05

0.00344161 7.32422e-05
0.00344238 7.40484e-05

0.00344238 7.42209e-05
0.00346417 9.76563e-05

0.0034647 9.76563e-05
0.0034668 0.000100026

0.0034668 0.000100809
0.00348533 0.00012207

0.00348511 0.00012207
0.00349121 0.000129399

0.00349121 0.000129054
0.00350549 0.000146484

0.00350575 0.000146484
0.00351563 0.000159472

0.00351563 0.000159902
0.00354217 0.000195313

0.00354242 0.000195313
0.00356445 0.000228479

0.00356445 0.00022984
0.00357376 0.000244141

0.00357445 0.000244141
0.00360319 0.000292969

0.00360398 0.000292969
0.00361328 0.000311763

0.00361328 0.000313321
0.0036281 0.000341797

0.00362836 0.000341797
0.0036509 0.000390625

0.00365156 0.000390625
0.00368886 0.000488281

0.00368866 0.000488281
0.00371094 0.000567363

0.00371094 0.000569135
0.00371567 0.000585938

0.00371587 0.000585937
0.00373459 0.000683594

0.00373422 0.000683594
0.00374527 0.00078125

0.00374726 0.00078125
0.00374757 0.000976562

0.00374728 0.000976562
0.00371897 0.00117188

0.00371094 0.00120089
0.00366285 0.00136719

0.00366299 0.00136719
0.00357736 0.0015625

0.00371094 0.00119355
0.0037172 0.00117187

0.00332031 0.00194026
0.00330945 0.00195312

0.00351563 0.00166993
0.00346006 0.00175781

0.00339355 0.00185008
0.00338954 0.00185547

0.00341797 0.00181716
0.00340787 0.00183105

0.00339355 0.00184944
0.00340731 0.00183105

0.00336914 0.00188097
0.00335097 0.0019043

0.00334473 0.00191165
0.00333075 0.00192871

0.00332031 0.00194198
0.00333136 0.00192871

0.00334473 0.00191187
0.00335076 0.0019043

0.00336914 0.00188153
0.00338922 0.00185547

0.00345937 0.00175781
0.00342528 0.00180664

0.00341797 0.00181585
0.00342453 0.00180664

0.00322266 0.00204905
0.003221 0.00205078

0.003125 0.00214621
0.00322218 0.00205078

0.00327148 0.00199633
0.00326641 0.00200195

0.00322266 0.00204946
0.00326713 0.00200195

0.00327148 0.00199718
0.00331043 0.00195312

0.00357529 0.0015625
0.00352131 0.00166016

0.00351563 0.00166781
0.00352024 0.00166016

