0.000121868 0
0.00012207 6.03849e-07

0.00012207 1.04211e-06
0.000146484 1.10985e-06

0.000170898 2.39114e-05
0.000170512 2.44141e-05

0.000170898 4.82873e-05
0.000170758 4.88281e-05

0.000195313 7.37474e-06
0.000192236 2.44141e-05

0.000188277 2.44141e-05
0.000183791 4.88281e-05

0.000170872 4.88281e-05
0.000170898 4.8956e-05

0.000184081 4.88281e-05
0.000187673 7.32422e-05

0.00018701 7.32422e-05
0.000195313 8.98209e-05

0.000195313 1.28943e-05
0.000197642 0

0.000195313 8.93305e-05
0.000199551 9.76563e-05

0.000198528 9.76563e-05
0.000219727 0.000119301

0.000219727 0.000118786
0.000225794 0.00012207

0.000226768 0.00012207
0.000244141 0.000131216

0.000244141 0.000130737
0.000268555 0.000134781

0.000268555 0.00013476
0.000292969 0.000131247

0.000341797 9.2883e-05
0.000339397 9.76563e-05

0.000342469 0
0.000346381 2.44141e-05

0.000350221 2.44141e-05
0.000354276 4.88281e-05

0.000354259 4.88281e-05
0.00035081 7.32422e-05

0.000341797 9.24968e-05
0.000351407 7.32422e-05

0.000317383 0.000119951
0.00031321 0.00012207

0.000292969 0.000131788
0.000312284 0.00012207

0.000317383 0.000120633
0.000340292 9.76563e-05

0.000876543 0
0.000878906 6.17137e-06

0.000878906 4.71158e-06
0.00090332 3.30805e-06

0.00090332 4.32993e-06
0.000904862 0

0.00146275 0
0.00146484 6.00572e-06

0.00146484 5.45982e-06
0.00148383 2.44141e-05

0.00148312 2.44141e-05
0.00148926 2.65505e-05

0.00148926 1.71961e-05
0.00151367 1.72763e-05

0.00148926 2.44766e-05
0.00150166 2.44141e-05

0.00151367 1.72454e-05
0.00153809 1.71626e-05

0.00152563 2.44141e-05
0.00153809 2.44764e-05

0.0015625 5.52321e-06
0.00154353 2.44141e-05

0.00153809 2.65483e-05
0.00154423 2.44141e-05

0.000390625 0.00311464
2.59187e-05 0.003125

0.000390625 0.00311494
0.00078125 0.00308107

0.00078125 0.0030817
0.00117187 0.00302322

0.00117188 0.00302428
0.0015625 0.0029378

0.0015625 6.03278e-06
0.00156461 0

0.0016565 0
0.00166016 8.90745e-06

0.00166016 1.05186e-05
0.00167488 2.44141e-05

0.001674 2.44141e-05
0.00168457 2.83934e-05

0.00168457 1.88861e-05
0.00170898 1.91819e-05

0.00169686 2.44141e-05
0.00170898 2.44815e-05

0.0017334 1.15306e-05
0.00171873 2.44141e-05

0.00170898 2.81937e-05
0.00171949 2.44141e-05

0.0017334 1.29172e-05
0.00173901 0

0.00179051 0
0.00180664 1.93859e-05

0.00180664 3.68653e-06
0.00183105 1.34337e-05

0.00183105 9.11636e-06
0.00185547 1.28819e-05

0.00185547 8.72763e-06
0.00187988 1.26329e-05

0.00187988 1.37154e-05
0.0019043 1.31672e-05

0.0019043 1.36972e-05
0.00192871 6.94658e-06

0.00192871 7.15573e-06
0.00195312 1.17053e-05

0.00195312 1.03189e-05
0.00197754 1.55577e-05

0.00197754 1.52769e-05
0.00200195 1.04771e-05

0.00200195 1.54538e-05
0.00202637 4.07204e-06

0.00202637 4.30534e-06
0.00205078 9.26858e-06

0.00205078 8.88694e-06
0.0020752 1.5451e-05

0.0020752 9.45473e-06
0.00209961 1.15835e-05

0.00209961 1.35179e-05
0.00212402 1.35367e-05

0.00212402 1.31222e-05
0.00214844 7.94076e-06

0.00214844 7.53826e-06
0.00217285 1.31582e-05

0.00217285 1.40922e-05
0.00219727 1.39117e-05

0.00219727 1.31479e-05
0.00222168 7.30899e-06

0.00222168 7.25483e-06
0.00224609 1.35929e-05

0.00224609 1.42408e-05
0.00227051 1.4042e-05

0.00227051 1.39749e-05
0.00229492 6.60669e-06

0.00229492 7.41641e-06
0.00231934 1.19334e-05

0.00231934 1.04126e-05
0.00234375 1.54181e-05

0.00234375 1.54414e-05
0.00236816 1.05369e-05

0.00236816 1.25223e-05
0.00239258 6.80533e-06

0.00239258 6.81764e-06
0.00241699 1.25999e-05

0.00241699 1.05351e-05
0.00244141 1.54346e-05

0.00244141 1.54255e-05
0.00246582 1.04997e-05

0.00246582 1.24811e-05
0.00249023 6.94823e-06

0.00249023 6.95269e-06
0.00251465 1.26014e-05

0.00251465 1.05896e-05
0.00253906 1.53554e-05

0.00253906 1.5344e-05
0.00256348 1.05434e-05

0.00256348 1.24391e-05
0.00258789 7.12912e-06

0.00258789 7.12818e-06
0.0026123 1.26137e-05

0.0026123 1.07412e-05
0.00263672 1.5192e-05

0.00263672 1.51375e-05
0.00266113 1.05147e-05

0.00266113 1.17756e-05
0.00268555 8.03239e-06

0.00268555 7.25275e-06
0.00270996 1.39787e-05

0.00270996 1.40644e-05
0.00273438 1.40433e-05

0.00273437 1.38349e-05
0.00275879 7.36816e-06

0.00275879 8.1725e-06
0.0027832 1.19341e-05

0.0027832 1.07535e-05
0.00280762 1.49225e-05

0.00280762 1.49121e-05
0.00283203 1.0721e-05

0.00283203 1.18962e-05
0.00285645 8.22564e-06

0.00285645 7.44973e-06
0.00288086 1.38162e-05

0.00288086 1.39255e-05
0.00290527 1.40764e-05

0.00290527 1.38519e-05
0.00292969 7.61738e-06

0.00292969 8.3765e-06
0.0029541 1.18639e-05

0.0029541 1.13331e-05
0.00297852 1.43067e-05

0.00297852 1.18741e-05
0.00300293 1.22494e-05

0.00300293 1.2277e-05
0.00302734 1.38755e-05

0.00302734 1.27215e-05
0.00305176 1.36455e-05

0.00305176 1.3174e-05
0.00307617 1.43207e-05

0.00307617 1.35639e-05
0.00310059 1.45164e-05

0.00310059 1.3936e-05
0.003125 1.50233e-05

0.00175781 0.00288137
0.0015849 0.00292969

0.0015625 0.00293647
0.00158679 0.00292969

0.00175781 0.00288194
0.00195312 0.00281861

0.00234375 0.00265988
0.00217424 0.00273438

0.00195312 0.00281896
0.00214844 0.00274518

0.00214844 0.00274514
0.00217293 0.00273438

0.00292969 0.00230933
0.0028823 0.00234375

0.003125 0.0021441
0.00312028 0.00214844

0.00302734 0.00223245
0.00301054 0.00224609

0.00297852 0.00226979
0.00294637 0.00229492

0.00292969 0.00230943
0.00294841 0.00229492

0.00297852 0.00226943
0.00300762 0.00224609

0.00302734 0.00223181
0.00312213 0.00214844

0.00244141 0.00261127
0.00238944 0.00263672

0.00234375 0.00265894
0.00238912 0.00263672

0.00244141 0.00261137
0.00253906 0.00256

0.00273438 0.00244617
0.00257812 0.00253906

0.00253906 0.00255979
0.00257458 0.00253906

0.00283203 0.00237929
0.00273935 0.00244141

0.00273438 0.00244545
0.00274066 0.00244141

0.00283203 0.00237917
0.00288116 0.00234375

0 0.00312573
2.5787e-05 0.003125

0.003125 1.43566e-05
0.00314941 1.54427e-05

0.00314941 1.48654e-05
0.00317383 1.58629e-05

0.00317383 1.53072e-05
0.00319824 1.61635e-05

0.00319824 1.56254e-05
0.00322266 1.65745e-05

0.00322266 1.60262e-05
0.00324707 1.71163e-05

0.00324707 1.65248e-05
0.00327148 1.76497e-05

0.00327148 1.69924e-05
0.0032959 1.82501e-05

0.0032959 1.76151e-05
0.00332031 1.89852e-05

0.00332031 1.82231e-05
0.00334473 1.97584e-05

0.00334473 1.95825e-05
0.00336914 2.00883e-05

0.00336914 1.379e-05
0.00339189 2.44141e-05

0.00339071 2.44141e-05
0.00339355 2.55036e-05

0.00339355 2.75387e-05
0.00341797 4.85859e-05

0.00341754 4.88281e-05
0.00341797 4.9241e-05

0.00341797 4.85923e-05
0.00341821 4.88281e-05

0.00341797 4.93884e-05
0.00344175 7.32422e-05

0.0034418 7.32422e-05
0.00344238 7.3847e-05

0.00344238 7.40131e-05
0.00346433 9.76563e-05

0.00346486 9.76563e-05
0.0034668 9.98349e-05

0.0034668 0.000100317
0.0035059 0.000146484

0.00350587 0.000146484
0.00351563 0.000159342

0.00351563 0.000159782
0.00354222 0.000195313

0.00354248 0.000195313
0.00356445 0.000228415

0.00356445 0.000229819
0.00357377 0.000244141

0.00357447 0.000244141
0.00360318 0.000292969

0.00360397 0.000292969
0.00361328 0.000311793

0.00361328 0.000313343
0.00362808 0.000341797

0.00362834 0.000341797
0.00365087 0.000390625

0.00365153 0.000390625
0.00368883 0.000488281

0.00368863 0.000488281
0.00371094 0.000567453

0.00371094 0.000569242
0.00371564 0.000585938

0.00371585 0.000585937
0.00373456 0.000683594

0.0037342 0.000683594
0.00374526 0.00078125

0.00374724 0.00078125
0.00374756 0.000976562

0.00374726 0.000976562
0.00371897 0.00117188

0.00371094 0.00120086
0.00366285 0.00136719

0.00366298 0.00136719
0.00357735 0.0015625

0.00371094 0.00119347
0.00371718 0.00117187

0.00332031 0.00194032
0.0033095 0.00195312

0.00351563 0.00166993
0.00346007 0.00175781

0.00339355 0.0018501
0.00338955 0.00185547

0.00341797 0.0018171
0.00340782 0.00183105

0.00339355 0.00184944
0.0034073 0.00183105

0.00336914 0.00188096
0.00335097 0.0019043

0.00334473 0.00191164
0.00333074 0.00192871

0.00332031 0.00194192
0.00333131 0.00192871

0.00334473 0.0019119
0.00335079 0.0019043

0.00336914 0.00188152
0.00338922 0.00185547

0.00345937 0.00175781
0.00342528 0.00180664

0.00341797 0.00181594
0.0034246 0.00180664

0.00322266 0.00204907
0.00322101 0.00205078

0.003125 0.00214622
0.00322219 0.00205078

0.00327148 0.0019963
0.00326638 0.00200195

0.00322266 0.00204946
0.00326713 0.00200195

0.00327148 0.00199719
0.00331043 0.00195312

0.00357528 0.0015625
0.0035213 0.00166016

0.00351563 0.0016677
0.00352018 0.00166016

