0.000121897 0
0.00012207 5.1839e-07

0.00012207 1.00696e-06
0.000146484 1.10166e-06

0.000170898 2.39137e-05
0.000170513 2.44141e-05

0.000170898 4.82354e-05
0.000170744 4.88281e-05

0.000195313 7.47105e-06
0.00019227 2.44141e-05

0.00018836 2.44141e-05
0.000183886 4.88281e-05

0.000184145 4.88281e-05
0.000187739 7.32422e-05

0.000187115 7.32422e-05
0.000195313 8.96719e-05

0.000195313 1.31611e-05
0.000197677 0

0.000195313 8.91322e-05
0.000199634 9.76563e-05

0.000198521 9.76563e-05
0.000219727 0.000119355

0.000219727 0.000118846
0.000225683 0.00012207

0.000226832 0.00012207
0.000244141 0.000131172

0.000244141 0.000130725
0.000268555 0.000134787

0.000268555 0.000134769
0.000292969 0.000131285

0.000341797 9.30703e-05
0.00033949 9.76563e-05

0.000342573 0
0.000346485 2.44141e-05

0.000350325 2.44141e-05
0.00035438 4.88281e-05

0.000354364 4.88281e-05
0.000350913 7.32422e-05

0.000341797 9.26909e-05
0.000351513 7.32422e-05

0.000317383 0.000120005
0.000313304 0.00012207

0.000292969 0.000131835
0.000312422 0.00012207

0.000317383 0.000120708
0.000340393 9.76563e-05

0.000876531 0
0.000878906 6.1948e-06

0.000878906 4.72733e-06
0.00090332 3.28962e-06

0.00090332 4.31072e-06
0.000904854 0

0.00146275 0
0.00146484 5.99568e-06

0.00146484 5.45635e-06
0.00148383 2.44141e-05

0.00148312 2.44141e-05
0.00148926 2.65494e-05

0.00148926 1.71862e-05
0.00151367 1.72694e-05

0.00148926 2.4476e-05
0.00150167 2.44141e-05

0.00151367 1.72417e-05
0.00153809 1.71643e-05

0.00152563 2.44141e-05
0.00153809 2.4477e-05

0.0015625 5.51943e-06
0.00154353 2.44141e-05

0.00153809 2.65436e-05
0.00154422 2.44141e-05

0.000390625 0.00311464
2.59123e-05 0.003125

0.000390625 0.00311494
0.00078125 0.00308107

0.00078125 0.0030817
0.00117187 0.00302322

0.00117188 0.00302428
0.0015625 0.0029378

0.0015625 6.04124e-06
0.00156461 0

0.0016565 0
0.00166016 8.91145e-06

0.00166016 1.05175e-05
0.00167488 2.44141e-05

0.00167401 2.44141e-05
0.00168457 2.83884e-05

0.00168457 1.88816e-05
0.00170898 1.91814e-05

0.00169688 2.44141e-05
0.00170898 2.44826e-05

0.0017334 1.15338e-05
0.00171873 2.44141e-05

0.00170898 2.81918e-05
0.00171948 2.44141e-05

0.0017334 1.29051e-05
0.00173901 0

0.0017905 0
0.00180664 1.93903e-05

0.00180664 3.69344e-06
0.00183105 1.34304e-05

0.00183105 9.12185e-06
0.00185547 1.28798e-05

0.00185547 8.72609e-06
0.00187988 1.26298e-05

0.00187988 1.37125e-05
0.0019043 1.31712e-05

0.0019043 1.36981e-05
0.00192871 6.95e-06

0.00192871 7.16058e-06
0.00195312 1.17034e-05

0.00195312 1.03189e-05
0.00197754 1.55548e-05

0.00197754 1.52725e-05
0.00200195 1.04804e-05

0.00200195 1.5453e-05
0.00202637 4.07985e-06

0.00202637 4.32048e-06
0.00205078 9.25871e-06

0.00205078 8.86174e-06
0.0020752 1.5459e-05

0.0020752 9.46815e-06
0.00209961 1.16146e-05

0.00209961 1.35441e-05
0.00212402 1.35181e-05

0.00212402 1.31842e-05
0.00214844 7.86439e-06

0.00214844 7.44392e-06
0.00217285 1.31027e-05

0.00217285 1.39772e-05
0.00219727 1.40369e-05

0.00219727 1.32996e-05
0.00222168 7.32635e-06

0.00222168 7.23951e-06
0.00224609 1.34392e-05

0.00224609 1.41079e-05
0.00227051 1.41573e-05

0.00227051 1.404e-05
0.00229492 6.70478e-06

0.00229492 7.49127e-06
0.00231934 1.18508e-05

0.00231934 1.04041e-05
0.00234375 1.54149e-05

0.00234375 1.54325e-05
0.00236816 1.05426e-05

0.00236816 1.25248e-05
0.00239258 6.81107e-06

0.00239258 6.82229e-06
0.00241699 1.25949e-05

0.00241699 1.05334e-05
0.00244141 1.54338e-05

0.00244141 1.54242e-05
0.00246582 1.05015e-05

0.00246582 1.24823e-05
0.00249023 6.94864e-06

0.00249023 6.95385e-06
0.00251465 1.25997e-05

0.00251465 1.05879e-05
0.00253906 1.53552e-05

0.00253906 1.53437e-05
0.00256348 1.05449e-05

0.00256348 1.24443e-05
0.00258789 7.12439e-06

0.00258789 7.12264e-06
0.0026123 1.26095e-05

0.0026123 1.07377e-05
0.00263672 1.51963e-05

0.00263672 1.5141e-05
0.00266113 1.05113e-05

0.00266113 1.17726e-05
0.00268555 8.02745e-06

0.00268555 7.24897e-06
0.00270996 1.39812e-05

0.00270996 1.40617e-05
0.00273438 1.40446e-05

0.00273437 1.38286e-05
0.00275879 7.37857e-06

0.00275879 8.18615e-06
0.0027832 1.19376e-05

0.0027832 1.07563e-05
0.00280762 1.49133e-05

0.00280762 1.49032e-05
0.00283203 1.07314e-05

0.00283203 1.19042e-05
0.00285645 8.23598e-06

0.00285645 7.46126e-06
0.00288086 1.38069e-05

0.00288086 1.39116e-05
0.00290527 1.40844e-05

0.00290527 1.38615e-05
0.00292969 7.63959e-06

0.00292969 8.42365e-06
0.0029541 1.18212e-05

0.0029541 1.13017e-05
0.00297852 1.42608e-05

0.00297852 1.18566e-05
0.00300293 1.22455e-05

0.00300293 1.22527e-05
0.00302734 1.38401e-05

0.00302734 1.26763e-05
0.00305176 1.36497e-05

0.00305176 1.3136e-05
0.00307617 1.43689e-05

0.00307617 1.35821e-05
0.00310059 1.45873e-05

0.00310059 1.40041e-05
0.003125 1.50502e-05

0.00175781 0.00288138
0.00158491 0.00292969

0.0015625 0.00293648
0.00158679 0.00292969

0.00175781 0.00288194
0.00195312 0.00281861

0.00234375 0.00265988
0.00217424 0.00273438

0.00195312 0.00281896
0.00214844 0.00274518

0.00214844 0.00274514
0.00217294 0.00273438

0.00292969 0.00230934
0.00288231 0.00234375

0.003125 0.00214408
0.00312026 0.00214844

0.00302734 0.00223246
0.00301056 0.00224609

0.00297852 0.0022698
0.00294638 0.00229492

0.00292969 0.00230944
0.00294841 0.00229492

0.00297852 0.00226943
0.00300762 0.00224609

0.00302734 0.00223181
0.00312213 0.00214844

0.00244141 0.00261127
0.00238945 0.00263672

0.00234375 0.00265894
0.00238913 0.00263672

0.00244141 0.00261137
0.00253906 0.00256001

0.00273438 0.00244618
0.00257812 0.00253906

0.00253906 0.0025598
0.00257458 0.00253906

0.00283203 0.0023793
0.00273936 0.00244141

0.00273438 0.00244545
0.00274066 0.00244141

0.00283203 0.00237918
0.00288117 0.00234375

0 0.00312573
2.57916e-05 0.003125

0.003125 1.4393e-05
0.00314941 1.54348e-05

0.00314941 1.48402e-05
0.00317383 1.59133e-05

0.00317383 1.53702e-05
0.00319824 1.62591e-05

0.00319824 1.5765e-05
0.00322266 1.65214e-05

0.00322266 1.58294e-05
0.00324707 1.7134e-05

0.00324707 1.66977e-05
0.00327148 1.79553e-05

0.00327148 1.70993e-05
0.0032959 1.82266e-05

0.0032959 1.84555e-05
0.00332031 1.83854e-05

0.00332031 1.69472e-05
0.00334473 1.82407e-05

0.00334473 1.87024e-05
0.00336914 2.07255e-05

0.00336914 1.4012e-05
0.0033918 2.44141e-05

0.00339077 2.44141e-05
0.00339355 2.54406e-05

0.00339355 2.6966e-05
0.00341797 4.79007e-05

0.00341792 4.88281e-05
0.00341797 4.8879e-05

0.00341797 4.84502e-05
0.00341835 4.88281e-05

0.00341797 4.91098e-05
0.00344169 7.32422e-05

0.0034418 7.32422e-05
0.00344238 7.38587e-05

0.00344238 7.40142e-05
0.00346422 9.76563e-05

0.00346474 9.76563e-05
0.0034668 9.99911e-05

0.0034668 0.000100743
0.00348532 0.00012207

0.00348511 0.00012207
0.00349121 0.000129423

0.00349121 0.000129068
0.00350545 0.000146484

0.00350571 0.000146484
0.00351563 0.000159554

0.00351563 0.000159988
0.00354207 0.000195313

0.00354234 0.000195313
0.00356445 0.000228611

0.00356445 0.000230046
0.00357362 0.000244141

0.00357435 0.000244141
0.00360308 0.000292969

0.00360387 0.000292969
0.00361328 0.000311979

0.00361328 0.000313526
0.00362799 0.000341797

0.00362826 0.000341797
0.00365081 0.000390625

0.00365147 0.000390625
0.00368879 0.000488281

0.00368859 0.000488281
0.00371094 0.00056757

0.00371094 0.000569383
0.0037156 0.000585938

0.00371582 0.000585937
0.00373454 0.000683594

0.00373418 0.000683594
0.00374524 0.00078125

0.00374722 0.00078125
0.00374755 0.000976562

0.00374725 0.000976562
0.00371896 0.00117188

0.00371094 0.00120084
0.00366284 0.00136719

0.00366298 0.00136719
0.00357735 0.0015625

0.00371094 0.00119342
0.00371717 0.00117187

0.00332031 0.00194035
0.00330953 0.00195312

0.00351563 0.00166993
0.00346007 0.00175781

0.00339355 0.00185011
0.00338957 0.00185547

0.00341797 0.00181707
0.00340779 0.00183105

0.00339355 0.00184944
0.0034073 0.00183105

0.00336914 0.00188097
0.00335097 0.0019043

0.00334473 0.00191164
0.00333074 0.00192871

0.00332031 0.0019419
0.00333128 0.00192871

0.00334473 0.00191192
0.00335081 0.0019043

0.00336914 0.00188153
0.00338923 0.00185547

0.00345937 0.00175781
0.00342528 0.00180664

0.00341797 0.00181599
0.00342464 0.00180664

0.00322266 0.00204908
0.00322102 0.00205078

0.003125 0.00214623
0.0032222 0.00205078

0.00327148 0.00199629
0.00326637 0.00200195

0.00322266 0.00204947
0.00326713 0.00200195

0.00327148 0.00199719
0.00331044 0.00195312

0.00357528 0.0015625
0.0035213 0.00166016

0.00351563 0.00166765
0.00352015 0.00166016

