0.000121901 0
0.00012207 5.06499e-07

0.00012207 9.87962e-07
0.000146484 1.0761e-06

0.000170898 2.39551e-05
0.000170544 2.44141e-05

0.000170898 4.81175e-05
0.000170711 4.88281e-05

0.000195313 7.64756e-06
0.000192296 2.44141e-05

0.000188416 2.44141e-05
0.000183909 4.88281e-05

0.000170847 4.88281e-05
0.000170898 4.90806e-05

0.000184181 4.88281e-05
0.00018768 7.32422e-05

0.000187007 7.32422e-05
0.000195313 8.99721e-05

0.000195313 1.35013e-05
0.000197742 0

0.000195313 8.9478e-05
0.000199437 9.76563e-05

0.000198335 9.76563e-05
0.000219727 0.000119468

0.000219727 0.000118904
0.000225625 0.00012207

0.000226745 0.00012207
0.000244141 0.000131163

0.000244141 0.00013072
0.000268555 0.000134745

0.000268555 0.000134728
0.000292969 0.000131227

0.000341797 9.30194e-05
0.000339458 9.76563e-05

0.000342622 0
0.000346525 2.44141e-05

0.000350363 2.44141e-05
0.000354399 4.88281e-05

0.000354382 4.88281e-05
0.000350906 7.32422e-05

0.000341797 9.2632e-05
0.000351504 7.32422e-05

0.000317383 0.000119942
0.00031318 0.00012207

0.000292969 0.000131776
0.00031231 0.00012207

0.000317383 0.000120647
0.000340355 9.76563e-05

0.00087704 0
0.000878906 5.10197e-06

0.000878906 3.845e-06
0.00090332 4.18677e-06

0.00090332 5.54533e-06
0.000905385 0

0.00146276 0
0.00146484 5.98226e-06

0.00146484 5.47858e-06
0.00148382 2.44141e-05

0.00148311 2.44141e-05
0.00148926 2.6553e-05

0.00148926 1.7173e-05
0.00151367 1.72628e-05

0.00148926 2.4476e-05
0.00150182 2.44141e-05

0.00151367 1.72581e-05
0.00153809 1.71849e-05

0.00152575 2.44141e-05
0.00153809 2.44769e-05

0.0015625 5.50446e-06
0.00154353 2.44141e-05

0.00153809 2.65432e-05
0.00154421 2.44141e-05

0.000390625 0.00311464
2.57898e-05 0.003125

0.000390625 0.00311493
0.00078125 0.00308107

0.00078125 0.0030817
0.00117187 0.00302322

0.00117188 0.00302428
0.0015625 0.0029378

0.0015625 6.06182e-06
0.00156462 0

0.0016565 0
0.00166016 8.91492e-06

0.00166016 1.05074e-05
0.00167489 2.44141e-05

0.00167403 2.44141e-05
0.00168457 2.83832e-05

0.00168457 1.88845e-05
0.00170898 1.91898e-05

0.00169691 2.44141e-05
0.00170898 2.44846e-05

0.0017334 1.15273e-05
0.00171873 2.44141e-05

0.00170898 2.8202e-05
0.00171951 2.44141e-05

0.0017334 1.29164e-05
0.00173901 0

0.00179051 0
0.00180664 1.93938e-05

0.00180664 3.69927e-06
0.00183105 1.34372e-05

0.00183105 9.12799e-06
0.00185547 1.28754e-05

0.00185547 8.72763e-06
0.00187988 1.263e-05

0.00187988 1.37109e-05
0.0019043 1.31731e-05

0.0019043 1.36982e-05
0.00192871 6.95614e-06

0.00192871 7.16682e-06
0.00195312 1.17029e-05

0.00195312 1.03212e-05
0.00197754 1.5552e-05

0.00197754 1.52694e-05
0.00200195 1.04829e-05

0.00200195 1.54555e-05
0.00202637 4.08402e-06

0.00202637 4.33452e-06
0.00205078 9.24392e-06

0.00205078 8.82183e-06
0.0020752 1.54764e-05

0.0020752 9.49746e-06
0.00209961 1.16516e-05

0.00209961 1.35776e-05
0.00212402 1.3475e-05

0.00212402 1.31482e-05
0.00214844 7.86607e-06

0.00214844 7.45513e-06
0.00217285 1.31309e-05

0.00217285 1.40011e-05
0.00219727 1.40022e-05

0.00219727 1.32128e-05
0.00222168 7.37473e-06

0.00222168 7.30786e-06
0.00224609 1.3521e-05

0.00224609 1.42156e-05
0.00227051 1.405e-05

0.00227051 1.39786e-05
0.00229492 6.62873e-06

0.00229492 7.43002e-06
0.00231934 1.19213e-05

0.00231934 1.04124e-05
0.00234375 1.54156e-05

0.00234375 1.54346e-05
0.00236816 1.05417e-05

0.00236816 1.25255e-05
0.00239258 6.81443e-06

0.00239258 6.82615e-06
0.00241699 1.25942e-05

0.00241699 1.05346e-05
0.00244141 1.54322e-05

0.00244141 1.54228e-05
0.00246582 1.05025e-05

0.00246582 1.24831e-05
0.00249023 6.9505e-06

0.00249023 6.95558e-06
0.00251465 1.25984e-05

0.00251465 1.05874e-05
0.00253906 1.53551e-05

0.00253906 1.53442e-05
0.00256348 1.05455e-05

0.00256348 1.24443e-05
0.00258789 7.12394e-06

0.00258789 7.12038e-06
0.0026123 1.26123e-05

0.0026123 1.07385e-05
0.00263672 1.52014e-05

0.00263672 1.51467e-05
0.00266113 1.05131e-05

0.00266113 1.17767e-05
0.00268555 8.0228e-06

0.00268555 7.24745e-06
0.00270996 1.39798e-05

0.00270996 1.40575e-05
0.00273438 1.40476e-05

0.00273437 1.38308e-05
0.00275879 7.38305e-06

0.00275879 8.19182e-06
0.0027832 1.19325e-05

0.0027832 1.0758e-05
0.00280762 1.49056e-05

0.00280762 1.48926e-05
0.00283203 1.07288e-05

0.00283203 1.18946e-05
0.00285645 8.25155e-06

0.00285645 7.47266e-06
0.00288086 1.38116e-05

0.00288086 1.39082e-05
0.00290527 1.40888e-05

0.00290527 1.39137e-05
0.00292969 7.61415e-06

0.00292969 8.41348e-06
0.0029541 1.1739e-05

0.0029541 1.12451e-05
0.00297852 1.42478e-05

0.00297852 1.18096e-05
0.00300293 1.22455e-05

0.00300293 1.22168e-05
0.00302734 1.38694e-05

0.00302734 1.26565e-05
0.00305176 1.37135e-05

0.00305176 1.31465e-05
0.00307617 1.44758e-05

0.00307617 1.36529e-05
0.00310059 1.47132e-05

0.00310059 1.41463e-05
0.003125 1.5121e-05

0.00175781 0.00288137
0.0015849 0.00292969

0.0015625 0.00293647
0.00158678 0.00292969

0.00175781 0.00288194
0.00195312 0.00281861

0.00234375 0.00265988
0.00217424 0.00273438

0.00195312 0.00281896
0.00214844 0.00274518

0.00214844 0.00274514
0.00217293 0.00273438

0.00292969 0.00230933
0.0028823 0.00234375

0.003125 0.00214406
0.00312024 0.00214844

0.00302734 0.00223246
0.00301056 0.00224609

0.00297852 0.00226979
0.00294637 0.00229492

0.00292969 0.00230944
0.00294841 0.00229492

0.00297852 0.00226942
0.00300761 0.00224609

0.00302734 0.00223181
0.00312213 0.00214844

0.00244141 0.00261127
0.00238944 0.00263672

0.00234375 0.00265894
0.00238912 0.00263672

0.00244141 0.00261137
0.00253906 0.00256001

0.00273438 0.00244618
0.00257812 0.00253906

0.00253906 0.0025598
0.00257458 0.00253906

0.00283203 0.0023793
0.00273935 0.00244141

0.00273438 0.00244545
0.00274066 0.00244141

0.00283203 0.00237918
0.00288116 0.00234375

0 0.00312573
2.5675e-05 0.003125

0.003125 1.4563e-05
0.00314941 1.53577e-05

0.00314941 1.48669e-05
0.00317383 1.56989e-05

0.00317383 1.51606e-05
0.00319824 1.61501e-05

0.00319824 1.56765e-05
0.00322266 1.65841e-05

0.00322266 1.59721e-05
0.00324707 1.69338e-05

0.00324707 1.64432e-05
0.00327148 1.75515e-05

0.00327148 1.68513e-05
0.0032959 1.81104e-05

0.0032959 1.78187e-05
0.00332031 1.85883e-05

0.00332031 1.76329e-05
0.00334473 1.88444e-05

0.00334473 1.90803e-05
0.00336914 1.97497e-05

0.00336914 1.3029e-05
0.00339281 2.44141e-05

0.00339181 2.44141e-05
0.00339355 2.5099e-05

0.00339355 2.72378e-05
0.00341797 4.85727e-05

0.00341779 4.88281e-05
0.00341797 4.90055e-05

0.00341797 4.87743e-05
0.00341802 4.88281e-05

0.00341797 4.93156e-05
0.00344175 7.32422e-05

0.0034418 7.32422e-05
0.00344238 7.38543e-05

0.00344238 7.4003e-05
0.00346432 9.76563e-05

0.00346483 9.76563e-05
0.0034668 9.98736e-05

0.0034668 0.000100317
0.0035059 0.000146484

0.00350587 0.000146484
0.00351563 0.000159337

0.00351563 0.000159574
0.00354206 0.000195313

0.00354248 0.000195313
0.00356445 0.000228433

0.00356445 0.000229878
0.00357373 0.000244141

0.00357445 0.000244141
0.00360317 0.000292969

0.00360396 0.000292969
0.00361328 0.00031182

0.00361328 0.000313365
0.00362806 0.000341797

0.00362833 0.000341797
0.00365085 0.000390625

0.00365151 0.000390625
0.00368879 0.000488281

0.00368859 0.000488281
0.00371094 0.000567624

0.00371094 0.000569417
0.00371559 0.000585938

0.0037158 0.000585937
0.00373451 0.000683594

0.00373414 0.000683594
0.0037452 0.00078125

0.00374718 0.00078125
0.00374751 0.000976562

0.00374721 0.000976562
0.00371892 0.00117188

0.00371094 0.00120071
0.00366281 0.00136719

0.00366295 0.00136719
0.00357733 0.0015625

0.00371094 0.00119325
0.00371712 0.00117187

0.00332031 0.00194037
0.00330955 0.00195312

0.00351563 0.0016699
0.00346005 0.00175781

0.00339355 0.0018501
0.00338956 0.00185547

0.00341797 0.00181701
0.00340776 0.00183105

0.00339355 0.00184941
0.00340728 0.00183105

0.00336914 0.00188095
0.00335096 0.0019043

0.00334473 0.00191162
0.00333072 0.00192871

0.00332031 0.00194186
0.00333124 0.00192871

0.00334473 0.00191191
0.00335081 0.0019043

0.00336914 0.00188151
0.00338921 0.00185547

0.00345936 0.00175781
0.00342526 0.00180664

0.00341797 0.00181602
0.00342466 0.00180664

0.00322266 0.00204907
0.00322102 0.00205078

0.003125 0.00214622
0.00322219 0.00205078

0.00327148 0.00199627
0.00326635 0.00200195

0.00322266 0.00204946
0.00326712 0.00200195

0.00327148 0.00199719
0.00331043 0.00195312

0.00357525 0.0015625
0.00352128 0.00166016

0.00351563 0.00166757
0.00352009 0.00166016

