0.000121877 0
0.00012207 5.76592e-07

0.00012207 1.002e-06
0.000146484 1.03036e-06

0.000170898 2.40319e-05
0.000170601 2.44141e-05

0.000170898 4.81905e-05
0.000170729 4.88281e-05

0.000195313 7.8413e-06
0.000192317 2.44141e-05

0.000188403 2.44141e-05
0.000183859 4.88281e-05

0.000170844 4.88281e-05
0.000170898 4.90984e-05

0.000184131 4.88281e-05
0.000187599 7.32422e-05

0.000186923 7.32422e-05
0.000195313 9.01627e-05

0.000195313 1.33505e-05
0.000197725 0

0.000195313 8.96483e-05
0.000199343 9.76563e-05

0.000198219 9.76563e-05
0.000219727 0.00011957

0.000219727 0.000118977
0.000225512 0.00012207

0.000226588 0.00012207
0.000244141 0.000131217

0.000244141 0.00013076
0.000268555 0.000134744

0.000268555 0.000134728
0.000292969 0.000131189

0.000341797 9.2837e-05
0.000339364 9.76563e-05

0.00034257 0
0.000346469 2.44141e-05

0.000350306 2.44141e-05
0.000354328 4.88281e-05

0.00035431 4.88281e-05
0.00035082 7.32422e-05

0.000341797 9.24389e-05
0.000351413 7.32422e-05

0.000317383 0.000119872
0.000313059 0.00012207

0.000292969 0.000131732
0.000312163 0.00012207

0.000317383 0.000120558
0.000340245 9.76563e-05

0.000876602 0
0.000878906 6.0519e-06

0.000878906 4.60855e-06
0.00090332 3.41508e-06

0.00090332 4.49088e-06
0.000904928 0

0.00146276 0
0.00146484 5.99578e-06

0.00146484 5.33811e-06
0.00148385 2.44141e-05

0.00148333 2.44141e-05
0.00148926 2.64865e-05

0.00148926 1.71922e-05
0.00151367 1.74507e-05

0.00148926 2.44562e-05
0.00150883 2.44141e-05

0.00151367 1.74363e-05
0.00153809 1.71797e-05

0.00151865 2.44141e-05
0.00153809 2.44569e-05

0.0015625 5.36985e-06
0.0015435 2.44141e-05

0.00153809 2.6489e-05
0.00154402 2.44141e-05

0.000390625 0.00311464
2.56597e-05 0.003125

0.000390625 0.00311493
0.00078125 0.00308107

0.00078125 0.00308169
0.00117187 0.00302321

0.00117188 0.00302428
0.0015625 0.0029378

0.0015625 6.03144e-06
0.0015646 0

0.00165651 0
0.00166016 8.89883e-06

0.00166016 1.05126e-05
0.00167488 2.44141e-05

0.001674 2.44141e-05
0.00168457 2.83945e-05

0.00168457 1.88923e-05
0.00170898 1.9188e-05

0.00169684 2.44141e-05
0.00170898 2.44818e-05

0.0017334 1.15245e-05
0.00171873 2.44141e-05

0.00170898 2.8198e-05
0.0017195 2.44141e-05

0.0017334 1.29279e-05
0.00173901 0

0.00179051 0
0.00180664 1.93985e-05

0.00180664 3.70544e-06
0.00183105 1.34446e-05

0.00183105 9.13326e-06
0.00185547 1.28761e-05

0.00185547 8.73779e-06
0.00187988 1.26301e-05

0.00187988 1.3709e-05
0.0019043 1.31695e-05

0.0019043 1.36944e-05
0.00192871 6.96794e-06

0.00192871 7.17827e-06
0.00195312 1.17026e-05

0.00195312 1.03231e-05
0.00197754 1.55461e-05

0.00197754 1.52669e-05
0.00200195 1.04864e-05

0.00200195 1.54512e-05
0.00202637 4.09209e-06

0.00202637 4.33785e-06
0.00205078 9.25183e-06

0.00205078 8.83672e-06
0.0020752 1.54722e-05

0.0020752 9.49605e-06
0.00209961 1.16447e-05

0.00209961 1.35721e-05
0.00212402 1.34841e-05

0.00212402 1.31585e-05
0.00214844 7.86659e-06

0.00214844 7.45568e-06
0.00217285 1.31207e-05

0.00217285 1.39863e-05
0.00219727 1.40138e-05

0.00219727 1.32161e-05
0.00222168 7.39685e-06

0.00222168 7.32977e-06
0.00224609 1.35142e-05

0.00224609 1.42222e-05
0.00227051 1.40374e-05

0.00227051 1.3968e-05
0.00229492 6.62876e-06

0.00229492 7.43138e-06
0.00231934 1.19287e-05

0.00231934 1.04139e-05
0.00234375 1.54109e-05

0.00234375 1.54325e-05
0.00236816 1.05446e-05

0.00236816 1.25255e-05
0.00239258 6.81781e-06

0.00239258 6.82979e-06
0.00241699 1.25945e-05

0.00241699 1.05363e-05
0.00244141 1.54309e-05

0.00244141 1.54216e-05
0.00246582 1.05039e-05

0.00246582 1.24836e-05
0.00249023 6.95351e-06

0.00249023 6.95811e-06
0.00251465 1.25981e-05

0.00251465 1.05895e-05
0.00253906 1.53541e-05

0.00253906 1.53423e-05
0.00256348 1.05456e-05

0.00256348 1.244e-05
0.00258789 7.13189e-06

0.00258789 7.1291e-06
0.0026123 1.26148e-05

0.0026123 1.07422e-05
0.00263672 1.51959e-05

0.00263672 1.51419e-05
0.00266113 1.05173e-05

0.00266113 1.17802e-05
0.00268555 8.02904e-06

0.00268555 7.25277e-06
0.00270996 1.3976e-05

0.00270996 1.40577e-05
0.00273438 1.40472e-05

0.00273437 1.38354e-05
0.00275879 7.37933e-06

0.00275879 8.18642e-06
0.0027832 1.19281e-05

0.0027832 1.07572e-05
0.00280762 1.49076e-05

0.00280762 1.48929e-05
0.00283203 1.07216e-05

0.00283203 1.18795e-05
0.00285645 8.25907e-06

0.00285645 7.47025e-06
0.00288086 1.38341e-05

0.00288086 1.39566e-05
0.00290527 1.4069e-05

0.00290527 1.39897e-05
0.00292969 7.46631e-06

0.00292969 8.22611e-06
0.0029541 1.17062e-05

0.0029541 1.11787e-05
0.00297852 1.44065e-05

0.00297852 1.18163e-05
0.00300293 1.23129e-05

0.00300293 1.22841e-05
0.00302734 1.398e-05

0.00302734 1.27594e-05
0.00305176 1.37588e-05

0.00305176 1.32583e-05
0.00307617 1.44661e-05

0.00307617 1.37246e-05
0.00310059 1.46125e-05

0.00310059 1.41173e-05
0.003125 1.49829e-05

0.00175781 0.00288137
0.00158489 0.00292969

0.0015625 0.00293647
0.00158677 0.00292969

0.00175781 0.00288194
0.00195312 0.00281861

0.00234375 0.00265988
0.00217424 0.00273438

0.00195312 0.00281895
0.00214844 0.00274518

0.00214844 0.00274514
0.00217293 0.00273438

0.00292969 0.00230933
0.0028823 0.00234375

0.003125 0.00214403
0.00312021 0.00214844

0.00302734 0.00223247
0.00301057 0.00224609

0.00297852 0.00226979
0.00294637 0.00229492

0.00292969 0.00230944
0.00294841 0.00229492

0.00297852 0.00226941
0.0030076 0.00224609

0.00302734 0.00223181
0.00312213 0.00214844

0.00244141 0.00261127
0.00238944 0.00263672

0.00234375 0.00265894
0.00238912 0.00263672

0.00244141 0.00261137
0.00253906 0.00256

0.00273438 0.00244617
0.00257812 0.00253906

0.00253906 0.00255979
0.00257457 0.00253906

0.00283203 0.00237929
0.00273935 0.00244141

0.00273438 0.00244544
0.00274065 0.00244141

0.00283203 0.00237917
0.00288116 0.00234375

0 0.00312573
2.55408e-05 0.003125

0.003125 1.44231e-05
0.00314941 1.52878e-05

0.00314941 1.47794e-05
0.00317383 1.5726e-05

0.00317383 1.52117e-05
0.00319824 1.60761e-05

0.00319824 1.55431e-05
0.00322266 1.64383e-05

0.00322266 1.58182e-05
0.00324707 1.70355e-05

0.00324707 1.64175e-05
0.00327148 1.77556e-05

0.00327148 1.71108e-05
0.0032959 1.82375e-05

0.0032959 1.7762e-05
0.00332031 1.85835e-05

0.00332031 1.78305e-05
0.00334473 1.91443e-05

0.00334473 1.93443e-05
0.00336914 1.96287e-05

0.00336914 1.29417e-05
0.00339321 2.44141e-05

0.00339179 2.44141e-05
0.00339355 2.5103e-05

0.00339355 2.71256e-05
0.00341797 4.85426e-05

0.00341775 4.88281e-05
0.00341797 4.90378e-05

0.00341797 4.87186e-05
0.00341808 4.88281e-05

0.00341797 4.93047e-05
0.00344168 7.32422e-05

0.00344172 7.32422e-05
0.00344238 7.39407e-05

0.00344238 7.40897e-05
0.00346422 9.76563e-05

0.00346479 9.76563e-05
0.0034668 9.99124e-05

0.0034668 0.000100414
0.00350583 0.000146484

0.00350582 0.000146484
0.00351563 0.000159381

0.00351563 0.0001596
0.00354206 0.000195313

0.0035425 0.000195313
0.00356445 0.000228373

0.00356445 0.00022985
0.00357375 0.000244141

0.00357449 0.000244141
0.00360322 0.000292969

0.00360402 0.000292969
0.00361328 0.000311683

0.00361328 0.000313251
0.00362813 0.000341797

0.00362839 0.000341797
0.00365092 0.000390625

0.00365158 0.000390625
0.00368887 0.000488281

0.00368867 0.000488281
0.00371094 0.000567378

0.00371094 0.000569151
0.00371566 0.000585938

0.00371587 0.000585937
0.00373456 0.000683594

0.0037342 0.000683594
0.00374524 0.00078125

0.00374722 0.00078125
0.00374752 0.000976562

0.00374723 0.000976562
0.00371892 0.00117188

0.00371094 0.0012007
0.0036628 0.00136719

0.00366293 0.00136719
0.00357731 0.0015625

0.00371094 0.00119319
0.0037171 0.00117187

0.00332031 0.0019404
0.00330958 0.00195312

0.00351563 0.00166988
0.00346004 0.00175781

0.00339355 0.00185009
0.00338956 0.00185547

0.00341797 0.00181694
0.00340771 0.00183105

0.00339355 0.00184939
0.00340726 0.00183105

0.00336914 0.00188093
0.00335095 0.0019043

0.00334473 0.00191159
0.0033307 0.00192871

0.00332031 0.0019418
0.00333119 0.00192871

0.00334473 0.00191191
0.00335081 0.0019043

0.00336914 0.00188149
0.0033892 0.00185547

0.00345934 0.00175781
0.00342524 0.00180664

0.00341797 0.00181606
0.00342469 0.00180664

0.00322266 0.00204907
0.00322101 0.00205078

0.003125 0.00214622
0.00322218 0.00205078

0.00327148 0.00199623
0.00326631 0.00200195

0.00322266 0.00204945
0.00326711 0.00200195

0.00327148 0.00199718
0.00331042 0.00195312

0.00357523 0.0015625
0.00352126 0.00166016

0.00351563 0.00166746
0.00352003 0.00166016

