0.000121884 0
0.00012207 5.56946e-07

0.00012207 1.00071e-06
0.000146484 1.03734e-06

0.000170898 2.40275e-05
0.000170598 2.44141e-05

0.000170898 4.81783e-05
0.000170726 4.88281e-05

0.000195313 7.8148e-06
0.000192315 2.44141e-05

0.000188408 2.44141e-05
0.00018387 4.88281e-05

0.000170842 4.88281e-05
0.000170898 4.91056e-05

0.000184143 4.88281e-05
0.000187617 7.32422e-05

0.000186941 7.32422e-05
0.000195313 9.01262e-05

0.000195313 1.34025e-05
0.000197733 0

0.000195313 8.96144e-05
0.000199361 9.76563e-05

0.00019824 9.76563e-05
0.000219727 0.000119552

0.000219727 0.000118965
0.000225531 0.00012207

0.000226616 0.00012207
0.000244141 0.000131207

0.000244141 0.000130753
0.000268555 0.000134743

0.000268555 0.000134728
0.000292969 0.000131196

0.000341797 9.28813e-05
0.000339386 9.76563e-05

0.000342592 0
0.00034649 2.44141e-05

0.000350327 2.44141e-05
0.00035435 4.88281e-05

0.000354332 4.88281e-05
0.000350843 7.32422e-05

0.000341797 9.24855e-05
0.000351437 7.32422e-05

0.000317383 0.000119887
0.000313083 0.00012207

0.000292969 0.00013174
0.000312192 0.00012207

0.000317383 0.000120576
0.000340271 9.76563e-05

0.000877034 0
0.000878906 5.11694e-06

0.000878906 3.88206e-06
0.00090332 4.15958e-06

0.00090332 5.47976e-06
0.000905354 0

0.00146276 0
0.00146484 5.97771e-06

0.00146484 5.49108e-06
0.00148382 2.44141e-05

0.0014831 2.44141e-05
0.00148926 2.65551e-05

0.00148926 1.71738e-05
0.00151367 1.72654e-05

0.00148926 2.44758e-05
0.00150183 2.44141e-05

0.00151367 1.72696e-05
0.00153809 1.71935e-05

0.00152568 2.44141e-05
0.00153809 2.44768e-05

0.0015625 5.49941e-06
0.00154353 2.44141e-05

0.00153809 2.65442e-05
0.00154421 2.44141e-05

0.000390625 0.00311464
2.57154e-05 0.003125

0.000390625 0.00311493
0.00078125 0.00308107

0.00078125 0.0030817
0.00117187 0.00302322

0.00117188 0.00302428
0.0015625 0.0029378

0.0015625 6.07241e-06
0.00156462 0

0.0016565 0
0.00166016 8.9053e-06

0.00166016 1.05084e-05
0.00167489 2.44141e-05

0.00167402 2.44141e-05
0.00168457 2.83893e-05

0.00168457 1.8892e-05
0.00170898 1.9193e-05

0.0016969 2.44141e-05
0.00170898 2.44829e-05

0.0017334 1.15265e-05
0.00171873 2.44141e-05

0.00170898 2.81959e-05
0.00171949 2.44141e-05

0.0017334 1.29124e-05
0.00173901 0

0.0017905 0
0.00180664 1.93977e-05

0.00180664 3.70656e-06
0.00183105 1.34352e-05

0.00183105 9.1276e-06
0.00185547 1.28762e-05

0.00185547 8.73319e-06
0.00187988 1.26316e-05

0.00187988 1.37092e-05
0.0019043 1.31708e-05

0.0019043 1.36954e-05
0.00192871 6.96536e-06

0.00192871 7.17554e-06
0.00195312 1.1703e-05

0.00195312 1.03241e-05
0.00197754 1.5547e-05

0.00197754 1.52666e-05
0.00200195 1.04842e-05

0.00200195 1.54576e-05
0.00202637 4.08521e-06

0.00202637 4.35227e-06
0.00205078 9.22336e-06

0.00205078 8.74936e-06
0.0020752 1.55125e-05

0.0020752 9.5526e-06
0.00209961 1.17217e-05

0.00209961 1.36582e-05
0.00212402 1.33831e-05

0.00212402 1.30269e-05
0.00214844 7.88586e-06

0.00214844 7.50203e-06
0.00217285 1.32488e-05

0.00217285 1.41218e-05
0.00219727 1.38857e-05

0.00219727 1.31243e-05
0.00222168 7.3132e-06

0.00222168 7.27161e-06
0.00224609 1.36137e-05

0.00224609 1.42542e-05
0.00227051 1.40181e-05

0.00227051 1.39599e-05
0.00229492 6.60955e-06

0.00229492 7.41931e-06
0.00231934 1.19439e-05

0.00231934 1.04176e-05
0.00234375 1.54103e-05

0.00234375 1.54337e-05
0.00236816 1.05413e-05

0.00236816 1.25236e-05
0.00239258 6.81701e-06

0.00239258 6.8286e-06
0.00241699 1.25953e-05

0.00241699 1.05359e-05
0.00244141 1.54307e-05

0.00244141 1.54218e-05
0.00246582 1.05036e-05

0.00246582 1.24836e-05
0.00249023 6.95236e-06

0.00249023 6.95698e-06
0.00251465 1.25981e-05

0.00251465 1.05886e-05
0.00253906 1.53548e-05

0.00253906 1.53432e-05
0.00256348 1.05457e-05

0.00256348 1.2441e-05
0.00258789 7.12958e-06

0.00258789 7.12689e-06
0.0026123 1.26146e-05

0.0026123 1.07419e-05
0.00263672 1.51967e-05

0.00263672 1.51422e-05
0.00266113 1.05159e-05

0.00266113 1.17797e-05
0.00268555 8.0281e-06

0.00268555 7.25133e-06
0.00270996 1.3976e-05

0.00270996 1.40567e-05
0.00273438 1.40481e-05

0.00273437 1.38344e-05
0.00275879 7.38136e-06

0.00275879 8.18919e-06
0.0027832 1.19285e-05

0.0027832 1.07568e-05
0.00280762 1.49065e-05

0.00280762 1.48915e-05
0.00283203 1.07255e-05

0.00283203 1.1884e-05
0.00285645 8.25953e-06

0.00285645 7.47488e-06
0.00288086 1.38266e-05

0.00288086 1.39305e-05
0.00290527 1.40841e-05

0.00290527 1.40003e-05
0.00292969 7.50855e-06

0.00292969 8.29727e-06
0.0029541 1.16532e-05

0.0029541 1.11357e-05
0.00297852 1.43549e-05

0.00297852 1.17803e-05
0.00300293 1.23483e-05

0.00300293 1.22933e-05
0.00302734 1.3973e-05

0.00302734 1.27739e-05
0.00305176 1.37205e-05

0.00305176 1.32243e-05
0.00307617 1.44236e-05

0.00307617 1.3655e-05
0.00310059 1.46419e-05

0.00310059 1.40873e-05
0.003125 1.50888e-05

0.00175781 0.00288137
0.0015849 0.00292969

0.0015625 0.00293647
0.00158678 0.00292969

0.00175781 0.00288194
0.00195312 0.00281861

0.00234375 0.00265988
0.00217424 0.00273438

0.00195312 0.00281896
0.00214844 0.00274518

0.00214844 0.00274514
0.00217293 0.00273438

0.00292969 0.00230933
0.0028823 0.00234375

0.003125 0.00214404
0.00312022 0.00214844

0.00302734 0.00223247
0.00301057 0.00224609

0.00297852 0.00226979
0.00294637 0.00229492

0.00292969 0.00230944
0.00294841 0.00229492

0.00297852 0.00226941
0.00300761 0.00224609

0.00302734 0.00223181
0.00312213 0.00214844

0.00244141 0.00261127
0.00238944 0.00263672

0.00234375 0.00265894
0.00238912 0.00263672

0.00244141 0.00261137
0.00253906 0.00256001

0.00273438 0.00244618
0.00257812 0.00253906

0.00253906 0.00255979
0.00257457 0.00253906

0.00283203 0.0023793
0.00273935 0.00244141

0.00273438 0.00244545
0.00274065 0.00244141

0.00283203 0.00237917
0.00288116 0.00234375

0 0.00312573
2.55981e-05 0.003125

0.003125 1.44934e-05
0.00314941 1.53971e-05

0.00314941 1.4914e-05
0.00317383 1.57379e-05

0.00317383 1.52971e-05
0.00319824 1.59709e-05

0.00319824 1.54903e-05
0.00322266 1.63114e-05

0.00322266 1.56988e-05
0.00324707 1.69995e-05

0.00324707 1.63985e-05
0.00327148 1.77354e-05

0.00327148 1.69511e-05
0.0032959 1.82323e-05

0.0032959 1.77861e-05
0.00332031 1.8816e-05

0.00332031 1.80294e-05
0.00334473 1.92015e-05

0.00334473 1.93511e-05
0.00336914 1.95952e-05

0.00336914 1.29886e-05
0.00339296 2.44141e-05

0.00339135 2.44141e-05
0.00339355 2.52796e-05

0.00339355 2.72606e-05
0.00341797 4.86426e-05

0.00341777 4.88281e-05
0.00341797 4.90169e-05

0.00341797 4.93691e-05
0.00344169 7.32422e-05

0.00344173 7.32422e-05
0.00344238 7.39273e-05

0.00344238 7.40613e-05
0.00346428 9.76563e-05

0.00346482 9.76563e-05
0.0034668 9.98778e-05

0.0034668 0.000100376
0.00350588 0.000146484

0.00350586 0.000146484
0.00351563 0.000159332

0.00351563 0.000159554
0.0035421 0.000195313

0.00354252 0.000195313
0.00356445 0.000228339

0.00356445 0.000229801
0.00357379 0.000244141

0.00357452 0.000244141
0.00360324 0.000292969

0.00360404 0.000292969
0.00361328 0.000311667

0.00361328 0.000313225
0.00362814 0.000341797

0.0036284 0.000341797
0.00365092 0.000390625

0.00365158 0.000390625
0.00368886 0.000488281

0.00368865 0.000488281
0.00371094 0.000567439

0.00371094 0.000569206
0.00371565 0.000585938

0.00371585 0.000585937
0.00373455 0.000683594

0.00373418 0.000683594
0.00374523 0.00078125

0.00374721 0.00078125
0.00374752 0.000976562

0.00374722 0.000976562
0.00371891 0.00117188

0.00371094 0.00120068
0.0036628 0.00136719

0.00366293 0.00136719
0.00357731 0.0015625

0.00371094 0.00119319
0.0037171 0.00117187

0.00332031 0.00194039
0.00330957 0.00195312

0.00351563 0.00166988
0.00346004 0.00175781

0.00339355 0.00185009
0.00338956 0.00185547

0.00341797 0.00181696
0.00340772 0.00183105

0.00339355 0.00184939
0.00340727 0.00183105

0.00336914 0.00188093
0.00335095 0.0019043

0.00334473 0.0019116
0.00333071 0.00192871

0.00332031 0.00194182
0.0033312 0.00192871

0.00334473 0.00191191
0.00335081 0.0019043

0.00336914 0.00188149
0.0033892 0.00185547

0.00345934 0.00175781
0.00342525 0.00180664

0.00341797 0.00181605
0.00342468 0.00180664

0.00322266 0.00204907
0.00322101 0.00205078

0.003125 0.00214622
0.00322218 0.00205078

0.00327148 0.00199624
0.00326632 0.00200195

0.00322266 0.00204945
0.00326712 0.00200195

0.00327148 0.00199718
0.00331042 0.00195312

0.00357524 0.0015625
0.00352126 0.00166016

0.00351563 0.00166749
0.00352005 0.00166016

