0.000121867 0
0.00012207 6.06074e-07

0.00012207 9.84723e-07
0.000146484 1.02905e-06

0.000170898 2.39545e-05
0.000170541 2.44141e-05

0.000170898 4.83718e-05
0.000170778 4.88281e-05

0.000195313 7.81735e-06
0.000192336 2.44141e-05

0.000188377 2.44141e-05
0.000183909 4.88281e-05

0.000170876 4.88281e-05
0.000170898 4.89342e-05

0.000184181 4.88281e-05
0.000187749 7.32422e-05

0.00018709 7.32422e-05
0.000195313 8.96956e-05

0.000195313 1.28088e-05
0.000197611 0

0.000195313 8.92389e-05
0.000199586 9.76563e-05

0.000198597 9.76563e-05
0.000219727 0.000119286

0.000219727 0.000118872
0.000225613 0.00012207

0.000226773 0.00012207
0.000244141 0.000131243

0.000244141 0.000130774
0.000268555 0.000134838

0.000268555 0.000134817
0.000292969 0.000131336

0.000341797 9.31977e-05
0.000339557 9.76563e-05

0.000342615 0
0.000346527 2.44141e-05

0.000350367 2.44141e-05
0.000354423 4.88281e-05

0.000354406 4.88281e-05
0.00035096 7.32422e-05

0.000341797 9.28054e-05
0.000351561 7.32422e-05

0.000317383 0.000120066
0.000313419 0.00012207

0.000292969 0.00013189
0.000312546 0.00012207

0.000317383 0.000120779
0.000340463 9.76563e-05

0.000876572 0
0.000878906 6.11289e-06

0.000878906 4.66202e-06
0.00090332 3.36008e-06

0.00090332 4.40674e-06
0.000904893 0

0.00146276 0
0.00146484 5.99519e-06

0.00146484 5.32337e-06
0.00148386 2.44141e-05

0.00148333 2.44141e-05
0.00148926 2.64874e-05

0.00148926 1.71961e-05
0.00151367 1.74551e-05

0.00148926 2.44562e-05
0.00150885 2.44141e-05

0.00151367 1.7428e-05
0.00153809 1.71733e-05

0.00151871 2.44141e-05
0.00153809 2.44571e-05

0.0015625 5.38239e-06
0.0015435 2.44141e-05

0.00153809 2.64876e-05
0.00154402 2.44141e-05

0.000390625 0.00311462
2.51585e-05 0.003125

0.000390625 0.00311492
0.00078125 0.00308105

0.00078125 0.00308168
0.00117187 0.0030232

0.00117188 0.00302426
0.0015625 0.00293779

0.0015625 6.02768e-06
0.0015646 0

0.0016565 0
0.00166016 8.90863e-06

0.00166016 1.05212e-05
0.00167488 2.44141e-05

0.001674 2.44141e-05
0.00168457 2.83935e-05

0.00168457 1.88875e-05
0.00170898 1.91832e-05

0.00169684 2.44141e-05
0.00170898 2.44816e-05

0.0017334 1.15329e-05
0.00171873 2.44141e-05

0.00170898 2.81933e-05
0.00171949 2.44141e-05

0.0017334 1.29177e-05
0.00173901 0

0.0017905 0
0.00180664 1.94074e-05

0.00180664 3.72208e-06
0.00183105 1.34431e-05

0.00183105 9.1395e-06
0.00185547 1.2871e-05

0.00185547 8.74041e-06
0.00187988 1.26309e-05

0.00187988 1.37061e-05
0.0019043 1.31716e-05

0.0019043 1.3694e-05
0.00192871 6.97821e-06

0.00192871 7.1888e-06
0.00195312 1.17013e-05

0.00195312 1.0326e-05
0.00197754 1.55413e-05

0.00197754 1.52647e-05
0.00200195 1.04881e-05

0.00200195 1.54446e-05
0.00202637 4.10189e-06

0.00202637 4.36684e-06
0.00205078 9.23679e-06

0.00205078 8.76427e-06
0.0020752 1.55046e-05

0.0020752 9.56001e-06
0.00209961 1.17208e-05

0.00209961 1.36568e-05
0.00212402 1.33814e-05

0.00212402 1.30225e-05
0.00214844 7.89632e-06

0.00214844 7.51709e-06
0.00217285 1.32472e-05

0.00217285 1.4114e-05
0.00219727 1.38807e-05

0.00219727 1.31379e-05
0.00222168 7.31678e-06

0.00222168 7.26872e-06
0.00224609 1.35917e-05

0.00224609 1.42253e-05
0.00227051 1.40368e-05

0.00227051 1.39686e-05
0.00229492 6.63969e-06

0.00229492 7.44334e-06
0.00231934 1.19281e-05

0.00231934 1.04195e-05
0.00234375 1.54041e-05

0.00234375 1.54279e-05
0.00236816 1.05444e-05

0.00236816 1.25229e-05
0.00239258 6.8254e-06

0.00239258 6.83622e-06
0.00241699 1.2594e-05

0.00241699 1.0538e-05
0.00244141 1.54274e-05

0.00244141 1.54192e-05
0.00246582 1.05055e-05

0.00246582 1.24829e-05
0.00249023 6.9579e-06

0.00249023 6.96258e-06
0.00251465 1.25979e-05

0.00251465 1.05906e-05
0.00253906 1.5352e-05

0.00253906 1.53412e-05
0.00256348 1.05469e-05

0.00256348 1.2442e-05
0.00258789 7.13209e-06

0.00258789 7.12955e-06
0.0026123 1.26123e-05

0.0026123 1.07418e-05
0.00263672 1.51948e-05

0.00263672 1.51394e-05
0.00266113 1.05162e-05

0.00266113 1.17782e-05
0.00268555 8.03184e-06

0.00268555 7.25362e-06
0.00270996 1.39772e-05

0.00270996 1.4062e-05
0.00273438 1.40447e-05

0.00273437 1.38366e-05
0.00275879 7.371e-06

0.00275879 8.17938e-06
0.0027832 1.19269e-05

0.0027832 1.0748e-05
0.00280762 1.49154e-05

0.00280762 1.49094e-05
0.00283203 1.07197e-05

0.00283203 1.18889e-05
0.00285645 8.22376e-06

0.00285645 7.43731e-06
0.00288086 1.3832e-05

0.00288086 1.39813e-05
0.00290527 1.40485e-05

0.00290527 1.38219e-05
0.00292969 7.53792e-06

0.00292969 8.30117e-06
0.0029541 1.19234e-05

0.0029541 1.1335e-05
0.00297852 1.43519e-05

0.00297852 1.18784e-05
0.00300293 1.22909e-05

0.00300293 1.23209e-05
0.00302734 1.39307e-05

0.00302734 1.27806e-05
0.00305176 1.36551e-05

0.00305176 1.32146e-05
0.00307617 1.43103e-05

0.00307617 1.35671e-05
0.00310059 1.45076e-05

0.00310059 1.39371e-05
0.003125 1.50343e-05

0.00175781 0.00288136
0.00158485 0.00292969

0.0015625 0.00293646
0.00158673 0.00292969

0.00175781 0.00288193
0.00195312 0.0028186

0.00234375 0.00265987
0.00217422 0.00273438

0.00195312 0.00281895
0.00214844 0.00274517

0.00214844 0.00274513
0.00217291 0.00273438

0.00292969 0.00230932
0.00288229 0.00234375

0.003125 0.00214399
0.00312016 0.00214844

0.00302734 0.00223248
0.00301059 0.00224609

0.00297852 0.00226978
0.00294635 0.00229492

0.00292969 0.00230944
0.00294841 0.00229492

0.00297852 0.00226939
0.00300758 0.00224609

0.00302734 0.0022318
0.00312212 0.00214844

0.00244141 0.00261126
0.00238943 0.00263672

0.00234375 0.00265893
0.0023891 0.00263672

0.00244141 0.00261136
0.00253906 0.00256

0.00273438 0.00244617
0.00257811 0.00253906

0.00253906 0.00255978
0.00257456 0.00253906

0.00283203 0.00237929
0.00273934 0.00244141

0.00273438 0.00244543
0.00274063 0.00244141

0.00283203 0.00237917
0.00288115 0.00234375

0 0.00312571
2.50424e-05 0.003125

0.003125 1.43801e-05
0.00314941 1.54296e-05

0.00314941 1.48303e-05
0.00317383 1.58502e-05

0.00317383 1.52682e-05
0.00319824 1.62501e-05

0.00319824 1.58614e-05
0.00322266 1.65096e-05

0.00322266 1.5656e-05
0.00324707 1.70034e-05

0.00324707 1.71591e-05
0.00327148 1.76493e-05

0.00327148 1.67789e-05
0.0032959 1.67897e-05

0.0032959 1.55045e-05
0.00332031 1.93241e-05

0.00332031 1.98343e-05
0.00334473 2.12609e-05

0.00334473 1.97979e-05
0.00336914 1.78839e-05

0.00336914 1.24834e-05
0.00339283 2.44141e-05

0.00339211 2.44141e-05
0.00339355 2.49964e-05

0.00339355 2.7021e-05
0.00341797 4.86907e-05

0.00341744 4.88281e-05
0.00341797 4.93548e-05

0.00341797 4.96404e-05
0.00344126 7.32422e-05

0.00344149 7.32422e-05
0.00344238 7.41697e-05

0.00344238 7.43691e-05
0.0034641 9.76563e-05

0.00346465 9.76563e-05
0.0034668 0.000100064

0.0034668 0.000100843
0.00348536 0.00012207

0.00348515 0.00012207
0.00349121 0.000129336

0.00349121 0.000129
0.00350556 0.000146484

0.00350582 0.000146484
0.00351563 0.000159354

0.00351563 0.000159806
0.00354226 0.000195313

0.00354254 0.000195313
0.00356445 0.000228282

0.00356445 0.00022981
0.00357379 0.000244141

0.00357455 0.000244141
0.00360328 0.000292969

0.00360409 0.000292969
0.00361328 0.000311555

0.00361328 0.000313149
0.00362818 0.000341797

0.00362845 0.000341797
0.00365098 0.000390625

0.00365164 0.000390625
0.00368893 0.000488281

0.00368872 0.000488281
0.00371094 0.000567195

0.00371094 0.00056896
0.00371572 0.000585938

0.00371592 0.000585937
0.00373461 0.000683594

0.00373424 0.000683594
0.00374528 0.00078125

0.00374726 0.00078125
0.00374756 0.000976562

0.00374726 0.000976562
0.00371894 0.00117188

0.00371094 0.00120077
0.00366281 0.00136719

0.00366295 0.00136719
0.00357731 0.0015625

0.00371094 0.00119324
0.00371711 0.00117187

0.00332031 0.00194045
0.00330962 0.00195312

0.00351563 0.00166989
0.00346004 0.00175781

0.00339355 0.00185011
0.00338958 0.00185547

0.00341797 0.00181688
0.00340766 0.00183105

0.00339355 0.00184937
0.00340725 0.00183105

0.00336914 0.00188092
0.00335094 0.0019043

0.00334473 0.00191157
0.00333069 0.00192871

0.00332031 0.00194174
0.00333113 0.00192871

0.00334473 0.00191193
0.00335083 0.0019043

0.00336914 0.00188148
0.0033892 0.00185547

0.00345934 0.00175781
0.00342524 0.00180664

0.00341797 0.00181615
0.00342476 0.00180664

0.00322266 0.00204906
0.00322101 0.00205078

0.003125 0.00214622
0.00322218 0.00205078

0.00327148 0.00199619
0.00326627 0.00200195

0.00322266 0.00204945
0.00326711 0.00200195

0.00327148 0.00199718
0.00331042 0.00195312

0.00357524 0.0015625
0.00352126 0.00166016

0.00351563 0.00166737
0.00351997 0.00166016

