0.000121899 0
0.00012207 5.11406e-07

0.00012207 9.33053e-07
0.000146484 9.79501e-07

0.000170898 2.40411e-05
0.000170605 2.44141e-05

0.000170898 4.81846e-05
0.000170725 4.88281e-05

0.000195313 8.25365e-06
0.000192417 2.44141e-05

0.000188529 2.44141e-05
0.000184023 4.88281e-05

0.000170844 4.88281e-05
0.000170898 4.9094e-05

0.000184277 4.88281e-05
0.000187742 7.32422e-05

0.000187072 7.32422e-05
0.000195313 8.98844e-05

0.000195313 1.35073e-05
0.000197732 0

0.000195313 8.94175e-05
0.000199453 9.76563e-05

0.000198372 9.76563e-05
0.000219727 0.000119472

0.000219727 0.000118983
0.000225461 0.00012207

0.000226753 0.00012207
0.000244141 0.000131181

0.000244141 0.000130757
0.000268555 0.000134807

0.000268555 0.000134787
0.000292969 0.000131317

0.000341797 9.33609e-05
0.000339631 9.76563e-05

0.000342797 0
0.000346698 2.44141e-05

0.000350536 2.44141e-05
0.000354566 4.88281e-05

0.000354547 4.88281e-05
0.000351068 7.32422e-05

0.000341797 9.29571e-05
0.00035167 7.32422e-05

0.000317383 0.00012006
0.000313394 0.00012207

0.000292969 0.000131876
0.000312572 0.00012207

0.000317383 0.000120795
0.000340537 9.76563e-05

0.000877047 0
0.000878906 5.08634e-06

0.000878906 3.85003e-06
0.00090332 4.1879e-06

0.00090332 5.52687e-06
0.000905376 0

0.00146276 0
0.00146484 5.98185e-06

0.00146484 5.35437e-06
0.00148384 2.44141e-05

0.00148331 2.44141e-05
0.00148926 2.64941e-05

0.00148926 1.71871e-05
0.00151367 1.74556e-05

0.00148926 2.44555e-05
0.00150937 2.44141e-05

0.00151367 1.74537e-05
0.00153809 1.72039e-05

0.00151912 2.44141e-05
0.00153809 2.44576e-05

0.0015625 5.37413e-06
0.00154351 2.44141e-05

0.00153809 2.64913e-05
0.00154402 2.44141e-05

0.000390625 0.00311457
2.33854e-05 0.003125

0.000390625 0.00311487
0.00078125 0.003081

0.00078125 0.00308163
0.00117187 0.00302315

0.00117188 0.00302422
0.0015625 0.00293774

0.0015625 6.06218e-06
0.00156461 0

0.0016565 0
0.00166016 8.90357e-06

0.00166016 1.05075e-05
0.00167488 2.44141e-05

0.00167402 2.44141e-05
0.00168457 2.83905e-05

0.00168457 1.88984e-05
0.00170898 1.92002e-05

0.00169689 2.44141e-05
0.00170898 2.44835e-05

0.0017334 1.15261e-05
0.00171873 2.44141e-05

0.00170898 2.82026e-05
0.00171951 2.44141e-05

0.0017334 1.29296e-05
0.00173902 0

0.00179051 0
0.00180664 1.94176e-05

0.00180664 3.73782e-06
0.00183105 1.34546e-05

0.00183105 9.15349e-06
0.00185547 1.28651e-05

0.00185547 8.74953e-06
0.00187988 1.26291e-05

0.00187988 1.37002e-05
0.0019043 1.31729e-05

0.0019043 1.36917e-05
0.00192871 6.99715e-06

0.00192871 7.20865e-06
0.00195312 1.1698e-05

0.00195312 1.03272e-05
0.00197754 1.55326e-05

0.00197754 1.52584e-05
0.00200195 1.04983e-05

0.00200195 1.54297e-05
0.00202637 4.13031e-06

0.00202637 4.37631e-06
0.00205078 9.26673e-06

0.00205078 8.85734e-06
0.0020752 1.54539e-05

0.0020752 9.5087e-06
0.00209961 1.16477e-05

0.00209961 1.35665e-05
0.00212402 1.34804e-05

0.00212402 1.31508e-05
0.00214844 7.89241e-06

0.00214844 7.48209e-06
0.00217285 1.31221e-05

0.00217285 1.39826e-05
0.00219727 1.40099e-05

0.00219727 1.32945e-05
0.00222168 7.34578e-06

0.00222168 7.25555e-06
0.00224609 1.34304e-05

0.00224609 1.4092e-05
0.00227051 1.41581e-05

0.00227051 1.40368e-05
0.00229492 6.7376e-06

0.00229492 7.51839e-06
0.00231934 1.18459e-05

0.00231934 1.0413e-05
0.00234375 1.54024e-05

0.00234375 1.54192e-05
0.00236816 1.05506e-05

0.00236816 1.25232e-05
0.00239258 6.83682e-06

0.00239258 6.84782e-06
0.00241699 1.25905e-05

0.00241699 1.05398e-05
0.00244141 1.54219e-05

0.00244141 1.54123e-05
0.00246582 1.05106e-05

0.00246582 1.24837e-05
0.00249023 6.96875e-06

0.00249023 6.97377e-06
0.00251465 1.25943e-05

0.00251465 1.05923e-05
0.00253906 1.53467e-05

0.00253906 1.5335e-05
0.00256348 1.05513e-05

0.00256348 1.2443e-05
0.00258789 7.14143e-06

0.00258789 7.13855e-06
0.0026123 1.26094e-05

0.0026123 1.07421e-05
0.00263672 1.51925e-05

0.00263672 1.51387e-05
0.00266113 1.052e-05

0.00266113 1.17798e-05
0.00268555 8.03371e-06

0.00268555 7.25636e-06
0.00270996 1.39772e-05

0.00270996 1.40655e-05
0.00273438 1.40422e-05

0.00273437 1.38395e-05
0.00275879 7.36255e-06

0.00275879 8.16949e-06
0.0027832 1.19257e-05

0.0027832 1.0746e-05
0.00280762 1.49209e-05

0.00280762 1.49077e-05
0.00283203 1.07198e-05

0.00283203 1.18937e-05
0.00285645 8.2245e-06

0.00285645 7.44225e-06
0.00288086 1.38205e-05

0.00288086 1.39234e-05
0.00290527 1.40895e-05

0.00290527 1.39224e-05
0.00292969 7.56425e-06

0.00292969 8.33533e-06
0.0029541 1.17699e-05

0.0029541 1.12402e-05
0.00297852 1.43391e-05

0.00297852 1.18392e-05
0.00300293 1.23026e-05

0.00300293 1.22819e-05
0.00302734 1.39306e-05

0.00302734 1.27336e-05
0.00305176 1.37275e-05

0.00305176 1.32118e-05
0.00307617 1.445e-05

0.00307617 1.36922e-05
0.00310059 1.46303e-05

0.00310059 1.41201e-05
0.003125 1.49944e-05

0.00175781 0.00288131
0.00158467 0.00292969

0.0015625 0.00293641
0.00158654 0.00292969

0.00175781 0.00288187
0.00195312 0.00281855

0.00234375 0.00265981
0.00217409 0.00273438

0.00195312 0.00281889
0.00214844 0.00274511

0.00214844 0.00274507
0.00217276 0.00273438

0.00292969 0.00230925
0.0028822 0.00234375

0.003125 0.00214403
0.0031202 0.00214844

0.00302734 0.00223238
0.00301046 0.00224609

0.00297852 0.0022697
0.00294627 0.00229492

0.00292969 0.00230936
0.0029483 0.00229492

0.00297852 0.0022693
0.00300746 0.00224609

0.00302734 0.00223163
0.00312204 0.00214844

0.00244141 0.00261121
0.00238931 0.00263672

0.00234375 0.00265887
0.00238897 0.00263672

0.00244141 0.0026113
0.00253906 0.00255993

0.00273438 0.0024461
0.002578 0.00253906

0.00253906 0.00255971
0.00257443 0.00253906

0.00283203 0.00237922
0.00273925 0.00244141

0.00273438 0.00244536
0.00274052 0.00244141

0.00283203 0.00237909
0.00288105 0.00234375

0 0.00312566
2.32852e-05 0.003125

0.003125 1.44215e-05
0.00314941 1.5289e-05

0.00314941 1.47516e-05
0.00317383 1.57731e-05

0.00317383 1.52301e-05
0.00319824 1.61843e-05

0.00319824 1.56574e-05
0.00322266 1.65024e-05

0.00322266 1.59401e-05
0.00324707 1.69584e-05

0.00324707 1.64648e-05
0.00327148 1.75297e-05

0.00327148 1.69115e-05
0.0032959 1.79609e-05

0.0032959 1.72526e-05
0.00332031 1.87439e-05

0.00332031 1.81118e-05
0.00334473 1.97065e-05

0.00334473 1.95995e-05
0.00336914 1.95865e-05

0.00336914 1.32473e-05
0.00339331 2.44141e-05

0.00339179 2.44141e-05
0.00339355 2.50762e-05

0.00339355 2.67207e-05
0.00341797 4.79499e-05

0.00341785 4.88281e-05
0.00341797 4.89496e-05

0.00341797 4.78949e-05
0.00341892 4.88281e-05

0.00341797 4.89518e-05
0.0034418 7.32422e-05

0.00344186 7.32422e-05
0.00344238 7.37943e-05

0.00344238 7.39765e-05
0.00346422 9.76563e-05

0.00346479 9.76563e-05
0.0034668 9.99202e-05

0.0034668 0.000100691
0.0034854 0.00012207

0.00348519 0.00012207
0.00349121 0.000129314

0.00349121 0.00012897
0.00350554 0.000146484

0.00350581 0.000146484
0.00351563 0.000159396

0.00351563 0.00015985
0.0035422 0.000195313

0.0035425 0.000195313
0.00356445 0.000228354

0.00356445 0.000229933
0.0035737 0.000244141

0.00357449 0.000244141
0.00360323 0.000292969

0.00360403 0.000292969
0.00361328 0.000311658

0.00361328 0.000313253
0.00362813 0.000341797

0.0036284 0.000341797
0.00365094 0.000390625

0.0036516 0.000390625
0.00368891 0.000488281

0.0036887 0.000488281
0.00371094 0.000567219

0.00371094 0.000569015
0.0037157 0.000585938

0.00371591 0.000585937
0.00373462 0.000683594

0.00373425 0.000683594
0.0037453 0.00078125

0.00374728 0.00078125
0.00374759 0.000976562

0.00374729 0.000976562
0.00371899 0.00117188

0.00371094 0.00120097
0.00366289 0.00136719

0.00366302 0.00136719
0.00357742 0.0015625

0.00371094 0.00119346
0.00371718 0.00117187

0.00332031 0.00194059
0.00330991 0.00195312

0.00351563 0.00167007
0.00346018 0.00175781

0.00341797 0.00181645
0.00338996 0.00185547

0.00332031 0.00194183
0.00339018 0.00185547

0.00345948 0.00175781
0.00342541 0.00180664

0.00341797 0.00181637
0.00342488 0.00180664

0.00331404 0.00195312
0.00312548 0.00214844

0.00357535 0.0015625
0.00352139 0.00166016

0.00351563 0.00166763
0.00352013 0.00166016

