0.000121914 0
0.00012207 4.66026e-07

0.00012207 8.70632e-07
0.000146484 9.55187e-07

0.000170898 2.39953e-05
0.000170566 2.44141e-05

0.000170898 4.8195e-05
0.000170726 4.88281e-05

0.000195313 8.57877e-06
0.000192496 2.44141e-05

0.000188625 2.44141e-05
0.000184159 4.88281e-05

0.000170853 4.88281e-05
0.000170898 4.9045e-05

0.000184406 4.88281e-05
0.000187881 7.32422e-05

0.00018722 7.32422e-05
0.000195313 8.96022e-05

0.000195313 1.36544e-05
0.000197742 0

0.000195313 8.91758e-05
0.000199572 9.76563e-05

0.000198526 9.76563e-05
0.000219727 0.000119375

0.000219727 0.000118934
0.000225512 0.00012207

0.000226885 0.00012207
0.000244141 0.000131162

0.000244141 0.000130755
0.000268555 0.000134873

0.000268555 0.000134849
0.000292969 0.000131446

0.000341797 9.3847e-05
0.000339881 9.76563e-05

0.000342975 0
0.000346882 2.44141e-05

0.000350721 2.44141e-05
0.000354765 4.88281e-05

0.000354748 4.88281e-05
0.000351288 7.32422e-05

0.000341797 9.34333e-05
0.000351897 7.32422e-05

0.000317383 0.000120244
0.000313732 0.00012207

0.000292969 0.000132017
0.000312971 0.00012207

0.000317383 0.000121024
0.000340807 9.76563e-05

0.000876979 0
0.000878906 5.24287e-06

0.000878906 3.99446e-06
0.00090332 4.05442e-06

0.00090332 5.32167e-06
0.000905283 0

0.00146276 0
0.00146484 5.98618e-06

0.00146484 5.3879e-06
0.00148382 2.44141e-05

0.0014833 2.44141e-05
0.00148926 2.64978e-05

0.00148926 1.71923e-05
0.00151367 1.74564e-05

0.00148926 2.44564e-05
0.00150904 2.44141e-05

0.00151367 1.74726e-05
0.00153809 1.72194e-05

0.00151904 2.44141e-05
0.00153809 2.44574e-05

0.0015625 5.36646e-06
0.00154351 2.44141e-05

0.00153809 2.64981e-05
0.00154404 2.44141e-05

0.000390625 0.00311442
1.81651e-05 0.003125

0.000390625 0.00311472
0.00078125 0.00308085

0.00078125 0.00308148
0.00117187 0.003023

0.00117188 0.00302407
0.0015625 0.00293759

0.0015625 6.07141e-06
0.00156462 0

0.00165651 0
0.00166016 8.88486e-06

0.00166016 1.05018e-05
0.00167488 2.44141e-05

0.00167401 2.44141e-05
0.00168457 2.83966e-05

0.00168457 1.89041e-05
0.00170898 1.92026e-05

0.00169689 2.44141e-05
0.00170898 2.44825e-05

0.0017334 1.15195e-05
0.00171873 2.44141e-05

0.00170898 2.82029e-05
0.00171951 2.44141e-05

0.0017334 1.29383e-05
0.00173902 0

0.00179051 0
0.00180664 1.94346e-05

0.00180664 3.76372e-06
0.00183105 1.34691e-05

0.00183105 9.17438e-06
0.00185547 1.28584e-05

0.00185547 8.76529e-06
0.00187988 1.26267e-05

0.00187988 1.36937e-05
0.0019043 1.31727e-05

0.0019043 1.36873e-05
0.00192871 7.02297e-06

0.00192871 7.23461e-06
0.00195312 1.16959e-05

0.00195312 1.03312e-05
0.00197754 1.55214e-05

0.00197754 1.52534e-05
0.00200195 1.05082e-05

0.00200195 1.54058e-05
0.00202637 4.16585e-06

0.00202637 4.40143e-06
0.00205078 9.29741e-06

0.00205078 8.91712e-06
0.0020752 1.54212e-05

0.0020752 9.50251e-06
0.00209961 1.16103e-05

0.00209961 1.35243e-05
0.00212402 1.35076e-05

0.00212402 1.30931e-05
0.00214844 7.99785e-06

0.00214844 7.60147e-06
0.00217285 1.31704e-05

0.00217285 1.40893e-05
0.00219727 1.38915e-05

0.00219727 1.32101e-05
0.00222168 7.29909e-06

0.00222168 7.228e-06
0.00224609 1.35104e-05

0.00224609 1.41176e-05
0.00227051 1.41317e-05

0.00227051 1.40223e-05
0.00229492 6.73491e-06

0.00229492 7.52067e-06
0.00231934 1.18591e-05

0.00231934 1.04186e-05
0.00234375 1.5393e-05

0.00234375 1.5412e-05
0.00236816 1.05536e-05

0.00236816 1.25194e-05
0.00239258 6.85035e-06

0.00239258 6.86093e-06
0.00241699 1.25907e-05

0.00241699 1.0545e-05
0.00244141 1.54143e-05

0.00244141 1.54048e-05
0.00246582 1.05149e-05

0.00246582 1.24832e-05
0.00249023 6.98243e-06

0.00249023 6.98735e-06
0.00251465 1.25914e-05

0.00251465 1.05948e-05
0.00253906 1.53407e-05

0.00253906 1.53299e-05
0.00256348 1.05559e-05

0.00256348 1.24468e-05
0.00258789 7.14658e-06

0.00258789 7.1434e-06
0.0026123 1.26043e-05

0.0026123 1.07418e-05
0.00263672 1.51908e-05

0.00263672 1.51369e-05
0.00266113 1.05192e-05

0.00266113 1.17777e-05
0.00268555 8.03556e-06

0.00268555 7.2575e-06
0.00270996 1.39782e-05

0.00270996 1.40666e-05
0.00273438 1.4041e-05

0.00273437 1.38379e-05
0.00275879 7.36333e-06

0.00275879 8.17023e-06
0.0027832 1.19276e-05

0.0027832 1.07445e-05
0.00280762 1.49233e-05

0.00280762 1.49126e-05
0.00283203 1.07235e-05

0.00283203 1.19038e-05
0.00285645 8.21275e-06

0.00285645 7.43276e-06
0.00288086 1.38132e-05

0.00288086 1.39232e-05
0.00290527 1.40876e-05

0.00290527 1.38713e-05
0.00292969 7.59631e-06

0.00292969 8.3734e-06
0.0029541 1.18283e-05

0.0029541 1.12629e-05
0.00297852 1.43305e-05

0.00297852 1.18505e-05
0.00300293 1.2355e-05

0.00300293 1.23552e-05
0.00302734 1.3929e-05

0.00302734 1.27972e-05
0.00305176 1.36257e-05

0.00305176 1.31625e-05
0.00307617 1.43278e-05

0.00307617 1.35434e-05
0.00310059 1.4623e-05

0.00310059 1.40183e-05
0.003125 1.51373e-05

0.00175781 0.00288117
0.00158416 0.00292969

0.0015625 0.00293625
0.001586 0.00292969

0.00175781 0.00288173
0.00195312 0.0028184

0.00234375 0.00265969
0.00217379 0.00273438

0.00195312 0.00281875
0.00214844 0.00274498

0.00214844 0.00274491
0.00217242 0.00273438

0.00292969 0.00230929
0.00288221 0.00234375

0.003125 0.00214439
0.00312058 0.00214844

0.00302734 0.00223252
0.00301061 0.00224609

0.00297852 0.00226979
0.00294634 0.00229492

0.00292969 0.00230937
0.00294834 0.00229492

0.00297852 0.00226939
0.00300758 0.00224609

0.00302734 0.00223169
0.00312242 0.00214844

0.00244141 0.00261109
0.00238908 0.00263672

0.00234375 0.00265874
0.00238872 0.00263672

0.00244141 0.00261119
0.00253906 0.00255983

0.00273438 0.00244604
0.00257783 0.00253906

0.00253906 0.00255959
0.00257424 0.00253906

0.00283203 0.0023792
0.00273916 0.00244141

0.00273438 0.0024453
0.00274043 0.00244141

0.00283203 0.00237906
0.00288103 0.00234375

0 0.00312551
1.80502e-05 0.003125

0.003125 1.44998e-05
0.00314941 1.54453e-05

0.00314941 1.49109e-05
0.00317383 1.57905e-05

0.00317383 1.53084e-05
0.00319824 1.61111e-05

0.00319824 1.5781e-05
0.00322266 1.62972e-05

0.00322266 1.54462e-05
0.00324707 1.68746e-05

0.00324707 1.70197e-05
0.00327148 1.76203e-05

0.00327148 1.66079e-05
0.0032959 1.68202e-05

0.0032959 1.54497e-05
0.00332031 1.95861e-05

0.00332031 2.02234e-05
0.00334473 2.14004e-05

0.00334473 1.97894e-05
0.00336914 1.76003e-05

0.00336914 1.24257e-05
0.00339279 2.44141e-05

0.00339166 2.44141e-05
0.00339355 2.5179e-05

0.00339355 2.69629e-05
0.00341797 4.84949e-05

0.00341764 4.88281e-05
0.00341797 4.91468e-05

0.00341797 4.9382e-05
0.00344159 7.32422e-05

0.00344176 7.32422e-05
0.00344238 7.38945e-05

0.00344238 7.40572e-05
0.00346433 9.76563e-05

0.0034649 9.76563e-05
0.0034668 9.97982e-05

0.0034668 0.000100629
0.00348551 0.00012207

0.0034853 0.00012207
0.00349121 0.000129153

0.00349121 0.0001288
0.00350571 0.000146484

0.00350595 0.000146484
0.00351563 0.000159204

0.00351563 0.00015967
0.00354234 0.000195313

0.00354265 0.000195313
0.00356445 0.000228148

0.00356445 0.000229782
0.0035738 0.000244141

0.00357461 0.000244141
0.00360333 0.000292969

0.00360414 0.000292969
0.00361328 0.000311453

0.00361328 0.000313062
0.00362823 0.000341797

0.00362849 0.000341797
0.00365102 0.000390625

0.00365168 0.000390625
0.00368898 0.000488281

0.00368878 0.000488281
0.00371094 0.000566958

0.00371094 0.000568757
0.00371578 0.000585938

0.00371599 0.000585937
0.00373469 0.000683594

0.00373433 0.000683594
0.00374538 0.00078125

0.00374736 0.00078125
0.00374769 0.000976562

0.00374739 0.000976562
0.0037191 0.00117188

0.00371094 0.00120135
0.003663 0.00136719

0.00366313 0.00136719
0.00357754 0.0015625

0.00371094 0.00119388
0.0037173 0.00117187

0.00332031 0.00194097
0.00331024 0.00195312

0.00351563 0.00167029
0.00346036 0.00175781

0.00341797 0.00181679
0.00339025 0.00185547

0.00332031 0.0019424
0.00339046 0.00185547

0.00345966 0.00175781
0.00342562 0.00180664

0.00341797 0.00181653
0.00342498 0.00180664

0.00331471 0.00195312
0.00312607 0.00214844

0.00357548 0.0015625
0.00352153 0.00166016

0.00351563 0.001668
0.00352036 0.00166016

