0.000121901 0
0.00012207 5.06513e-07

0.00012207 8.86323e-07
0.000146484 9.24305e-07

0.000170898 2.40642e-05
0.00017062 2.44141e-05

0.000170898 4.82154e-05
0.000170731 4.88281e-05

0.000195313 8.66332e-06
0.0001925 2.44141e-05

0.000188615 2.44141e-05
0.000184114 4.88281e-05

0.000170843 4.88281e-05
0.000170898 4.90968e-05

0.000184357 4.88281e-05
0.000187802 7.32422e-05

0.000187139 7.32422e-05
0.000195313 8.97823e-05

0.000195313 1.36081e-05
0.000197742 0

0.000195313 8.93516e-05
0.000199477 9.76563e-05

0.000198417 9.76563e-05
0.000219727 0.000119468

0.000219727 0.000119003
0.000225407 0.00012207

0.000226742 0.00012207
0.000244141 0.000131212

0.000244141 0.000130791
0.000268555 0.000134871

0.000268555 0.000134849
0.000292969 0.000131414

0.000341797 9.36986e-05
0.000339804 9.76563e-05

0.000342943 0
0.000346845 2.44141e-05

0.000350682 2.44141e-05
0.000354714 4.88281e-05

0.000354695 4.88281e-05
0.000351221 7.32422e-05

0.000341797 9.3277e-05
0.000351827 7.32422e-05

0.000317383 0.000120191
0.000313638 0.00012207

0.000292969 0.00013198
0.000312845 0.00012207

0.000317383 0.000120949
0.000340717 9.76563e-05

0.000876961 0
0.000878906 5.28394e-06

0.000878906 4.02748e-06
0.00090332 4.02213e-06

0.00090332 5.27691e-06
0.000905263 0

0.00146275 0
0.00146484 5.99524e-06

0.00146484 5.39853e-06
0.00148381 2.44141e-05

0.0014833 2.44141e-05
0.00148926 2.65004e-05

0.00148926 1.71966e-05
0.00151367 1.7461e-05

0.00148926 2.44564e-05
0.001509 2.44141e-05

0.00151367 1.74814e-05
0.00153809 1.72259e-05

0.00151896 2.44141e-05
0.00153809 2.44573e-05

0.0015625 5.36704e-06
0.00154352 2.44141e-05

0.00153809 2.65013e-05
0.00154404 2.44141e-05

0.000390625 0.00311439
1.68334e-05 0.003125

0.000390625 0.00311468
0.00078125 0.00308082

0.00078125 0.00308144
0.00117187 0.00302296

0.00117188 0.00302403
0.0015625 0.00293755

0.0015625 6.07502e-06
0.00156462 0

0.00165652 0
0.00166016 8.87778e-06

0.00166016 1.04978e-05
0.00167488 2.44141e-05

0.001674 2.44141e-05
0.00168457 2.83995e-05

0.00168457 1.89097e-05
0.00170898 1.92063e-05

0.00169688 2.44141e-05
0.00170898 2.4482e-05

0.0017334 1.15135e-05
0.00171872 2.44141e-05

0.00170898 2.82056e-05
0.00171951 2.44141e-05

0.0017334 1.2948e-05
0.00173902 0

0.00179052 0
0.00180664 1.94355e-05

0.00180664 3.76144e-06
0.00183105 1.34808e-05

0.00183105 9.18006e-06
0.00185547 1.28612e-05

0.00185547 8.77406e-06
0.00187988 1.26259e-05

0.00187988 1.36948e-05
0.0019043 1.31692e-05

0.0019043 1.36869e-05
0.00192871 7.02537e-06

0.00192871 7.23631e-06
0.00195312 1.16949e-05

0.00195312 1.03289e-05
0.00197754 1.55227e-05

0.00197754 1.52573e-05
0.00200195 1.051e-05

0.00200195 1.53993e-05
0.00202637 4.16818e-06

0.00202637 4.40952e-06
0.00205078 9.30281e-06

0.00205078 8.91055e-06
0.0020752 1.54221e-05

0.0020752 9.50958e-06
0.00209961 1.16276e-05

0.00209961 1.35375e-05
0.00212402 1.35033e-05

0.00212402 1.31619e-05
0.00214844 7.93035e-06

0.00214844 7.52466e-06
0.00217285 1.30985e-05

0.00217285 1.39714e-05
0.00219727 1.3993e-05

0.00219727 1.31979e-05
0.00222168 7.45394e-06

0.00222168 7.38383e-06
0.00224609 1.35097e-05

0.00224609 1.42249e-05
0.00227051 1.40108e-05

0.00227051 1.39494e-05
0.00229492 6.65784e-06

0.00229492 7.45615e-06
0.00231934 1.19351e-05

0.00231934 1.04241e-05
0.00234375 1.53937e-05

0.00234375 1.54163e-05
0.00236816 1.05564e-05

0.00236816 1.25226e-05
0.00239258 6.84987e-06

0.00239258 6.86251e-06
0.00241699 1.2591e-05

0.00241699 1.05466e-05
0.00244141 1.54146e-05

0.00244141 1.54057e-05
0.00246582 1.05147e-05

0.00246582 1.24829e-05
0.00249023 6.98301e-06

0.00249023 6.98752e-06
0.00251465 1.25927e-05

0.00251465 1.05965e-05
0.00253906 1.5341e-05

0.00253906 1.53306e-05
0.00256348 1.05551e-05

0.00256348 1.24437e-05
0.00258789 7.1495e-06

0.00258789 7.14588e-06
0.0026123 1.26083e-05

0.0026123 1.07446e-05
0.00263672 1.51907e-05

0.00263672 1.51387e-05
0.00266113 1.05209e-05

0.00266113 1.17791e-05
0.00268555 8.03612e-06

0.00268555 7.25959e-06
0.00270996 1.39781e-05

0.00270996 1.40667e-05
0.00273438 1.40407e-05

0.00273437 1.38402e-05
0.00275879 7.36238e-06

0.00275879 8.16863e-06
0.0027832 1.19252e-05

0.0027832 1.07449e-05
0.00280762 1.49228e-05

0.00280762 1.49115e-05
0.00283203 1.07189e-05

0.00283203 1.18974e-05
0.00285645 8.21554e-06

0.00285645 7.43536e-06
0.00288086 1.38162e-05

0.00288086 1.39231e-05
0.00290527 1.40849e-05

0.00290527 1.38562e-05
0.00292969 7.61342e-06

0.00292969 8.40443e-06
0.0029541 1.18316e-05

0.0029541 1.1283e-05
0.00297852 1.42812e-05

0.00297852 1.18136e-05
0.00300293 1.23323e-05

0.00300293 1.22926e-05
0.00302734 1.39807e-05

0.00302734 1.28009e-05
0.00305176 1.37239e-05

0.00305176 1.32602e-05
0.00307617 1.4361e-05

0.00307617 1.36404e-05
0.00310059 1.45368e-05

0.00310059 1.40098e-05
0.003125 1.4994e-05

0.00175781 0.00288113
0.00158403 0.00292969

0.0015625 0.00293622
0.00158588 0.00292969

0.00175781 0.0028817
0.00195312 0.00281838

0.00234375 0.00265968
0.00217374 0.00273438

0.00195312 0.00281872
0.00214844 0.00274496

0.00214844 0.00274489
0.00217237 0.00273438

0.00292969 0.00230934
0.00288227 0.00234375

0.003125 0.00214447
0.00312067 0.00214844

0.00302734 0.0022326
0.00301071 0.00224609

0.00297852 0.00226984
0.00294641 0.00229492

0.00292969 0.00230942
0.0029484 0.00229492

0.00297852 0.00226945
0.00300766 0.00224609

0.00302734 0.00223176
0.00312252 0.00214844

0.00244141 0.00261109
0.00238906 0.00263672

0.00234375 0.00265873
0.0023887 0.00263672

0.00244141 0.00261118
0.00253906 0.00255983

0.00273438 0.00244606
0.00257784 0.00253906

0.00253906 0.00255959
0.00257424 0.00253906

0.00283203 0.00237923
0.00273919 0.00244141

0.00273438 0.00244532
0.00274046 0.00244141

0.00283203 0.0023791
0.00288109 0.00234375

0 0.00312547
1.67089e-05 0.003125

0.003125 1.43734e-05
0.00314941 1.53614e-05

0.00314941 1.48033e-05
0.00317383 1.58068e-05

0.00317383 1.52869e-05
0.00319824 1.61244e-05

0.00319824 1.56141e-05
0.00322266 1.64309e-05

0.00322266 1.58598e-05
0.00324707 1.69829e-05

0.00324707 1.64566e-05
0.00327148 1.76093e-05

0.00327148 1.68368e-05
0.0032959 1.81456e-05

0.0032959 1.75902e-05
0.00332031 1.89881e-05

0.00332031 1.80188e-05
0.00334473 1.97483e-05

0.00334473 1.99436e-05
0.00336914 2.00936e-05

0.00336914 1.33008e-05
0.0033929 2.44141e-05

0.00339101 2.44141e-05
0.00339355 2.54171e-05

0.00339355 2.77361e-05
0.00341754 4.88281e-05

0.0034172 4.88281e-05
0.00341797 4.95652e-05

0.00341797 4.97964e-05
0.00344139 7.32422e-05

0.00344144 7.32422e-05
0.00344238 7.42249e-05

0.00344238 7.43871e-05
0.00346406 9.76563e-05

0.00346456 9.76563e-05
0.0034668 0.000100159

0.0034668 0.000100604
0.00350584 0.000146484

0.00350582 0.000146484
0.00351563 0.000159321

0.00351563 0.000159776
0.00354233 0.000195313

0.00354264 0.000195313
0.00356445 0.000228078

0.00356445 0.000229731
0.00357385 0.000244141

0.00357467 0.000244141
0.00360344 0.000292969

0.00360425 0.000292969
0.00361328 0.000311208

0.00361328 0.000312831
0.00362836 0.000341797

0.00362862 0.000341797
0.00365115 0.000390625

0.00365181 0.000390625
0.00368909 0.000488281

0.00368889 0.000488281
0.00371094 0.000566609

0.00371094 0.000568356
0.00371589 0.000585938

0.00371608 0.000585937
0.00373477 0.000683594

0.00373441 0.000683594
0.00374544 0.00078125

0.00374743 0.00078125
0.00374773 0.000976562

0.00374743 0.000976562
0.00371914 0.00117188

0.00371094 0.00120149
0.00366305 0.00136719

0.00366317 0.00136719
0.0035776 0.0015625

0.00371094 0.00119404
0.00371734 0.00117187

0.00332031 0.00194106
0.00331032 0.00195312

0.00351563 0.0016704
0.00346043 0.00175781

0.00341797 0.00181691
0.00339035 0.00185547

0.00332031 0.00194253
0.00339055 0.00185547

0.00345973 0.00175781
0.0034257 0.00180664

0.00341797 0.00181662
0.00342504 0.00180664

0.00331482 0.00195312
0.00312617 0.00214844

0.00357553 0.0015625
0.0035216 0.00166016

0.00351563 0.00166815
0.00352045 0.00166016

