6.982e-05 0
7.32422e-05 9.25665e-06

7.32422e-05 1.30244e-07
9.76563e-05 2.36583e-05

9.76563e-05 1.18809e-05
0.00012207 1.31615e-05

0.00012207 1.44145e-05
0.000146484 1.1112e-05

0.000146484 1.19336e-05
0.000170898 8.74524e-06

0.000170898 8.1035e-06
0.000195313 1.3568e-05

0.000195313 1.36568e-05
0.000219727 1.3851e-05

0.000219727 1.31106e-05
0.000244141 8.82236e-06

0.000244141 9.471e-06
0.000268555 1.25676e-05

0.000268555 1.19238e-05
0.000292969 1.38914e-05

0.000292969 1.2278e-05
0.000317383 1.24026e-05

0.000317383 1.25564e-05
0.000341797 1.34308e-05

0.000341797 1.28026e-05
0.000366211 1.31023e-05

0.000366211 1.29825e-05
0.000390625 1.34312e-05

0.000390625 1.31234e-05
0.000415039 1.34264e-05

0.000415039 1.33228e-05
0.000439453 1.3531e-05

0.000439453 1.33099e-05
0.000463867 1.35444e-05

0.000463867 1.3546e-05
0.000488281 1.36528e-05

0.000488281 1.34441e-05
0.000512695 1.3568e-05

0.000512695 1.33693e-05
0.000537109 1.4013e-05

0.000537109 1.40023e-05
0.000561523 1.39743e-05

0.000561523 1.37793e-05
0.000585937 1.35607e-05

0.000585938 1.35025e-05
0.000610352 1.41449e-05

0.000610352 1.38114e-05
0.000634766 1.45018e-05

0.000634766 1.44545e-05
0.00065918 1.4258e-05

0.00065918 1.41552e-05
0.000683594 1.38529e-05

0.000683594 1.39032e-05
0.000708008 1.4343e-05

0.000708008 1.42413e-05
0.000732422 1.44464e-05

0.000732422 1.46472e-05
0.000756836 1.3919e-05

0.000756836 1.40764e-05
0.00078125 1.3484e-05

0.00078125 1.37433e-05
0.000805664 1.39223e-05

0.000805664 1.39748e-05
0.000830078 1.38563e-05

0.000830078 1.3876e-05
0.000854492 1.36103e-05

0.000854492 1.3826e-05
0.000878906 1.36052e-05

0.000878906 1.36808e-05
0.00090332 1.34755e-05

0.00090332 1.36437e-05
0.000927734 1.34824e-05

0.000927734 1.36137e-05
0.000952148 1.33041e-05

0.000952148 1.34395e-05
0.000976562 1.32317e-05

0.000976562 1.34925e-05
0.00100098 1.31221e-05

0.00100098 1.31897e-05
0.00102539 1.29452e-05

0.00102539 1.35221e-05
0.0010498 1.27415e-05

0.0010498 1.25355e-05
0.00107422 1.24942e-05

0.00107422 1.40507e-05
0.00109863 1.21551e-05

0.00109863 1.32102e-05
0.00112305 9.23438e-06

0.00112305 8.53393e-06
0.00114746 1.26621e-05

0.00114746 1.38409e-05
0.00117187 1.38169e-05

0.00117188 1.34166e-05
0.00119629 7.74744e-06

0.00119629 7.57061e-06
0.0012207 1.30722e-05

0.0012207 1.39301e-05
0.00124512 1.40248e-05

0.00124512 1.32704e-05
0.00126953 7.49819e-06

0.00126953 8.08114e-06
0.00129395 1.2755e-05

0.00129395 1.27171e-05
0.00131836 1.37233e-05

0.00131836 1.27931e-05
0.00134277 9.36006e-06

0.00134277 1.14187e-05
0.00136719 1.06703e-05

0.00136719 2.19821e-05
0.0013908 0

0.0013916 9.97032e-06
0.00139541 0

0.00146249 0
0.00146484 6.7816e-06

0.00146484 1.81803e-06
0.00148672 2.44141e-05

0.00148713 2.44141e-05
0.00148926 2.51458e-05

0.00148926 1.48817e-05
0.00151367 1.64098e-05

0.00151188 2.44141e-05
0.00151367 2.446e-05

0.00151367 1.62909e-05
0.00153809 1.4863e-05

0.00151367 2.4426e-05
0.00151417 2.44141e-05

0.0015625 2.0452e-06
0.00154073 2.44141e-05

0.00153809 2.52151e-05
0.00154043 2.44141e-05

0.00078125 0.00311345
0.000695318 0.003125

0.00078125 0.00311333
0.000830078 0.00310609

0.000830078 0.00310609
0.000878906 0.00309841

0.000878906 0.00309841
0.000927734 0.00309029

0.000927734 0.00309029
0.000976562 0.00308171

0.00102539 0.00307267
0.00100649 0.00307617

0.000976563 0.00308171
0.00100651 0.00307617

0.00102539 0.00307268
0.00107422 0.00306317

0.00107422 0.00306316
0.00112305 0.00305318

0.00112305 0.0030532
0.00117187 0.00304274

0.00126953 0.00302035
0.00123966 0.00302734

0.00117188 0.00304273
0.0012207 0.00303178

0.0012207 0.00303179
0.00123968 0.00302734

0.00126953 0.00302035
0.00131836 0.00300842

0.00131836 0.00300843
0.00136719 0.002996

0.00136719 0.00299597
0.0013916 0.00298957

0.0013916 0.00298957
0.00141602 0.00298304

0.00146484 0.00296964
0.00143258 0.00297852

0.00141602 0.00298305
0.00143265 0.00297852

0.00146484 0.00296963
0.00151367 0.00295569

0.00151367 0.00295571
0.0015625 0.00294124

0.0015625 6.30696e-06
0.00156468 0

0.00165535 0
0.00166016 1.1489e-05

0.00166016 1.06467e-05
0.00167601 2.44141e-05

0.00167493 2.44141e-05
0.00168457 2.77012e-05

0.00168457 1.79044e-05
0.00170898 1.76023e-05

0.00168457 2.45008e-05
0.00169799 2.44141e-05

0.0017334 9.8218e-06
0.00171748 2.44141e-05

0.00170898 2.76871e-05
0.00171826 2.44141e-05

0.0017334 8.17125e-06
0.00173668 0

0.00180499 0
0.00180664 4.68539e-06

0.00181506 0
0.00183105 1.64526e-05

0.00183105 1.81045e-06
0.00185547 1.00851e-05

0.00185547 5.51467e-06
0.00187988 1.10432e-05

0.00187988 6.9657e-06
0.0019043 9.57607e-06

0.0019043 7.58689e-06
0.00192871 1.14175e-05

0.00192871 8.75317e-06
0.00195312 1.1712e-05

0.00195312 8.71654e-06
0.00197754 1.36111e-05

0.00197754 1.4308e-05
0.00200195 1.22862e-05

0.00200195 1.6328e-05
0.00202637 3.37125e-06

0.00202637 3.98892e-06
0.00205078 8.68834e-06

0.00205078 8.44202e-06
0.0020752 1.56968e-05

0.0020752 9.18929e-06
0.00209961 1.15833e-05

0.00209961 1.35978e-05
0.00212402 1.35763e-05

0.00212402 1.31119e-05
0.00214844 7.63246e-06

0.00214844 7.2378e-06
0.00217285 1.32655e-05

0.00217285 1.41741e-05
0.00219727 1.39683e-05

0.00219727 1.31434e-05
0.00222168 7.08729e-06

0.00222168 7.08721e-06
0.00224609 1.36666e-05

0.00224609 1.42601e-05
0.00227051 1.40606e-05

0.00227051 1.38889e-05
0.00229492 6.59837e-06

0.00229492 7.44383e-06
0.00231934 1.20398e-05

0.00231934 1.04925e-05
0.00234375 1.5347e-05

0.00234375 1.53786e-05
0.00236816 1.05397e-05

0.00236816 1.23302e-05
0.00239258 7.0943e-06

0.00239258 7.13294e-06
0.00241699 1.2735e-05

0.00241699 1.07462e-05
0.00244141 1.51868e-05

0.00244141 1.51766e-05
0.00246582 1.06037e-05

0.00246582 1.22558e-05
0.00249023 7.59919e-06

0.00249023 7.61743e-06
0.00251465 1.27069e-05

0.00251465 1.09344e-05
0.00253906 1.49215e-05

0.00253906 1.48918e-05
0.00256348 1.07498e-05

0.00256348 1.21785e-05
0.00258789 8.16449e-06

0.00258789 8.1561e-06
0.0026123 1.2707e-05

0.0026123 1.12448e-05
0.00263672 1.45581e-05

0.00263672 1.44571e-05
0.00266113 1.08282e-05

0.00266113 1.17637e-05
0.00268555 9.2157e-06

0.00268555 8.57218e-06
0.00270996 1.36024e-05

0.00270996 1.36706e-05
0.00273438 1.36734e-05

0.00273437 1.3225e-05
0.00275879 8.95332e-06

0.00275879 9.656e-06
0.0027832 1.22298e-05

0.0027832 1.1527e-05
0.00280762 1.3861e-05

0.00280762 1.37771e-05
0.00283203 1.12207e-05

0.00283203 1.1793e-05
0.00285645 1.01964e-05

0.00285645 9.77458e-06
0.00288086 1.32184e-05

0.00288086 1.32224e-05
0.00290527 1.32058e-05

0.00290527 1.25255e-05
0.00292969 1.04451e-05

0.00292969 1.08632e-05
0.0029541 1.2836e-05

0.0029541 1.27637e-05
0.00297852 1.27906e-05

0.00297852 1.23041e-05
0.00300293 1.14313e-05

0.00300293 1.17663e-05
0.00302734 1.2627e-05

0.00302734 1.22655e-05
0.00305176 1.26144e-05

0.00305176 1.24328e-05
0.00307617 1.24322e-05

0.00307617 1.24305e-05
0.00310059 1.24485e-05

0.00310059 1.24556e-05
0.003125 1.24338e-05

0.00161133 0.00292622
0.00160006 0.00292969

0.00161133 0.00292623
0.00166016 0.00291066

0.00166016 0.00291066
0.00170898 0.00289454

0.00175781 0.00287787
0.00174906 0.00288086

0.00170898 0.00289451
0.0017334 0.00288624

0.0017334 0.00288623
0.001749 0.00288086

0.0015625 0.00294124
0.00160007 0.00292969

0.00175781 0.00287787
0.00180664 0.00286064

0.00180664 0.00286065
0.00185547 0.00284283

0.0019043 0.00282438
0.00188404 0.00283203

0.0019043 0.00282438
0.00195312 0.00280532

0.00185547 0.00284278
0.00187988 0.00283364

0.00187988 0.00283361
0.00188403 0.00283203

0.00214844 0.00272264
0.00212202 0.00273438

0.00214844 0.00272265
0.00219727 0.00270025

0.00224609 0.00267711
0.00222829 0.00268555

0.00219727 0.0027002
0.00222168 0.00268873

0.00222168 0.0026887
0.00222828 0.00268555

0.00234375 0.00262855
0.00232758 0.00263672

0.00224609 0.00267713
0.00229492 0.00265323

0.00229492 0.00265318
0.00231934 0.00264094

0.00231934 0.00264091
0.00232756 0.00263672

0.00195312 0.00280528
0.00197754 0.00279552

0.00197754 0.00279552
0.00200195 0.0027856

0.00205078 0.00276531
0.00200779 0.0027832

0.00200195 0.00278563
0.00200782 0.0027832

0.00205078 0.00276533
0.00209961 0.00274434

0.00209961 0.00274429
0.00212211 0.00273437

0.00283203 0.0023294
0.0028119 0.00234375

0.00288086 0.00229297
0.00287826 0.00229492

0.00283203 0.00232938
0.00287823 0.00229492

0.00288086 0.00229298
0.00292969 0.00225507

0.00307617 0.00213096
0.00305653 0.00214844

0.003125 0.00208563
0.00311013 0.00209961

0.00307617 0.0021309
0.00311049 0.00209961

0.00297852 0.00221561
0.00294085 0.00224609

0.00302734 0.00217445
0.00300008 0.00219727

0.00297852 0.00221551
0.00300033 0.00219727

0.00292969 0.00225494
0.00294098 0.00224609

0.00302734 0.00217412
0.00305699 0.00214844

0.00253906 0.00252126
0.00250825 0.00253906

0.00234375 0.00262856
0.00239258 0.00260305

0.00244141 0.00257669
0.00242067 0.00258789

0.00239258 0.002603
0.00241699 0.00258992

0.00241699 0.00258988
0.00242066 0.00258789

0.00244141 0.00257671
0.00249023 0.00254945

0.00249023 0.00254941
0.0025083 0.00253906

0.00253906 0.00252126
0.00258789 0.00249206

0.00263672 0.00246182
0.00259085 0.00249023

0.00258789 0.00249204
0.00259089 0.00249023

0.00268555 0.00243051
0.00266856 0.00244141

0.00268555 0.00243053
0.00273438 0.00239804

0.00263672 0.00246176
0.00266113 0.00244624

0.00266113 0.00244619
0.00266858 0.00244141

0.0027832 0.00236433
0.0027423 0.00239258

0.00273437 0.00239799
0.00274239 0.00239258

0.0027832 0.00236425
0.00280762 0.00234693

0.00280762 0.00234682
0.00281196 0.00234375

0 0.00316913
9.76563e-05 0.00316827

9.76563e-05 0.00316826
0.000195313 0.00316569

0.000195313 0.0031657
0.000292969 0.0031614

0.000292969 0.0031614
0.000390625 0.00315533

0.000390625 0.00315533
0.000488281 0.00314749

0.000488281 0.00314737
0.000537109 0.00314279

0.000537109 0.00314279
0.000585938 0.00313778

0.000585937 0.00313778
0.000634766 0.00313233

0.000634766 0.00313234
0.000683594 0.00312646

0.000683594 0.00312655
0.000695528 0.003125

0.003125 1.24335e-05
0.00314941 1.2416e-05

0.00314941 1.25576e-05
0.00317383 1.2308e-05

0.00317383 1.21877e-05
0.00319824 1.23241e-05

0.00319824 1.35029e-05
0.00322266 1.15471e-05

0.00322266 1.14565e-05
0.00324707 1.04772e-05

0.00324707 9.53954e-06
0.00327148 1.42707e-05

0.00327148 1.25355e-05
0.0032959 1.57161e-05

0.0032959 1.33092e-05
0.00332031 1.5228e-05

0.00332031 1.45445e-05
0.00334473 1.67626e-05

0.00334473 1.54836e-05
0.00336914 1.67915e-05

0.00336914 1.61965e-05
0.00339355 1.74228e-05

0.00339355 1.67981e-05
0.00341797 1.77213e-05

0.00341797 1.7542e-05
0.00344238 1.7817e-05

0.00344238 1.73791e-05
0.0034668 1.76669e-05

0.0034668 9.72096e-06
0.00348832 2.44141e-05

0.00348919 2.44141e-05
0.00349121 2.57286e-05

0.00349121 3.13396e-05
0.00350564 4.88281e-05

0.00350525 4.88281e-05
0.00351563 6.37762e-05

0.00351563 6.43563e-05
0.00352178 7.32422e-05

0.00352206 7.32422e-05
0.0035384 9.76563e-05

0.00353841 9.76563e-05
0.00354004 0.00010024

0.00354004 0.000100217
0.0035541 0.00012207

0.00355412 0.00012207
0.00356445 0.000138815

0.00356445 0.000138879
0.00356913 0.000146484

0.00356917 0.000146484
0.00358356 0.000170898

0.00358353 0.000170898
0.00358887 0.000180372

0.00358887 0.000180353
0.00359729 0.000195313

0.00359745 0.000195313
0.00361328 0.000225475

0.00361328 0.000225444
0.0036231 0.000244141

0.00362308 0.000244141
0.00364622 0.000292969

0.00364629 0.000292969
0.00366211 0.000330495

0.00366211 0.000330868
0.00366672 0.000341797

0.00366674 0.000341797
0.0036849 0.000390625

0.00368492 0.000390625
0.0037008 0.000439453

0.00370075 0.000439453
0.00371094 0.000475996

0.00371094 0.000475859
0.0037144 0.000488281

0.00371434 0.000488281
0.00372583 0.000537109

0.00372582 0.000537109
0.00373525 0.000585938

0.00373568 0.000585937
0.00374871 0.000683594

0.00374821 0.000683594
0.00375184 0.000732422

0.00375183 0.000732422
0.00375358 0.00078125

0.00371094 0.00114237
0.00370346 0.00117187

0.00375358 0.00078125
0.0037535 0.000830078

0.00375348 0.000830078
0.0037516 0.000878906

0.0037516 0.000878906
0.00374795 0.000927734

0.00374794 0.000927734
0.00374255 0.000976562

0.00374255 0.000976563
0.0037354 0.00102539

0.0037354 0.00102539
0.00372649 0.00107422

0.00372648 0.00107422
0.00371582 0.00112305

0.00371094 0.00114261
0.00371572 0.00112305

0.00370344 0.00117188
0.00368934 0.0012207

0.00368652 0.00122926
0.00368152 0.00124512

0.00368153 0.00124512
0.00367339 0.00126953

0.00368652 0.00122934
0.00368925 0.0012207

0.00366211 0.00130103
0.00365586 0.00131836

0.00365591 0.00131836
0.00363654 0.00136719

0.00367338 0.00126953
0.00366481 0.00129395

0.00366211 0.00130131
0.00366483 0.00129395

0.00361328 0.00142044
0.00359238 0.00146484

0.00356445 0.00151942
0.0035409 0.0015625

0.00358887 0.00147165
0.00358009 0.00148926

0.0035801 0.00148926
0.00356746 0.00151367

0.00358887 0.00147177
0.00359232 0.00146484

0.00356445 0.00151938
0.00356752 0.00151367

0.00363653 0.00136719
0.00361536 0.00141602

0.00361328 0.00142045
0.00361532 0.00141602

0.00327148 0.00193444
0.00325481 0.00195312

0.00332031 0.00187781
0.00329828 0.0019043

0.0032959 0.00190675
0.00327668 0.00192871

0.00327148 0.00193453
0.00327666 0.00192871

0.0032959 0.00190695
0.00329819 0.0019043

0.00341797 0.00175307
0.00341459 0.00175781

0.00351563 0.00160554
0.00351224 0.00161133

0.00351227 0.00161133
0.00348172 0.00166016

0.0034668 0.0016826
0.00344922 0.00170898

0.00341797 0.00175311
0.00344923 0.00170898

0.0034668 0.00168276
0.00348161 0.00166016

0.00336914 0.00181774
0.00333916 0.00185547

0.00341464 0.00175781
0.00337795 0.00180664

0.00336914 0.00181794
0.00337781 0.00180664

0.00332031 0.0018781
0.00333905 0.00185547

0.00317383 0.00203801
0.00316098 0.00205078

0.00322266 0.00198783
0.00320925 0.00200195

0.00317383 0.00203815
0.00320914 0.00200195

0.003125 0.00208568
0.00316116 0.00205078

0.00322266 0.00198798
0.00325465 0.00195312

0.00351563 0.00160561
0.00354089 0.0015625

