0.000121892 0
0.00012207 5.33922e-07

0.00012207 8.8758e-07
0.000146484 9.22116e-07

0.000170898 2.40527e-05
0.00017061 2.44141e-05

0.000170898 4.82264e-05
0.000170734 4.88281e-05

0.000195313 8.68245e-06
0.0001925 2.44141e-05

0.000188604 2.44141e-05
0.000184095 4.88281e-05

0.000170843 4.88281e-05
0.000170898 4.90987e-05

0.00018434 4.88281e-05
0.000187782 7.32422e-05

0.000187119 7.32422e-05
0.000195313 8.9825e-05

0.000195313 1.35729e-05
0.00019774 0

0.000195313 8.93977e-05
0.000199453 9.76563e-05

0.000198391 9.76563e-05
0.000219727 0.000119489

0.000219727 0.00011902
0.000225381 0.00012207

0.000226707 0.00012207
0.000244141 0.000131225

0.000244141 0.000130801
0.000268555 0.000134874

0.000268555 0.000134852
0.000292969 0.000131408

0.000341797 9.36642e-05
0.000339787 9.76563e-05

0.000342926 0
0.000346828 2.44141e-05

0.000350665 2.44141e-05
0.000354697 4.88281e-05

0.000354677 4.88281e-05
0.000351203 7.32422e-05

0.000341797 9.32389e-05
0.000351807 7.32422e-05

0.000317383 0.000120182
0.000313622 0.00012207

0.000292969 0.000131973
0.000312819 0.00012207

0.000317383 0.000120934
0.000340696 9.76563e-05

0.000877042 0
0.000878906 5.09789e-06

0.000878906 3.83207e-06
0.00090332 4.19594e-06

0.00090332 5.56854e-06
0.000905395 0

0.00146274 0
0.00146484 6.01137e-06

0.00146484 5.50206e-06
0.00148379 2.44141e-05

0.00148308 2.44141e-05
0.00148926 2.65665e-05

0.00148926 1.72097e-05
0.00151367 1.73081e-05

0.00148926 2.44757e-05
0.00150193 2.44141e-05

0.00151367 1.72954e-05
0.00153809 1.72115e-05

0.00152564 2.44141e-05
0.00153809 2.44765e-05

0.0015625 5.54238e-06
0.00154356 2.44141e-05

0.00153809 2.65585e-05
0.00154424 2.44141e-05

0.000390625 0.00311437
1.61067e-05 0.003125

0.000390625 0.00311466
0.00078125 0.0030808

0.00078125 0.00308142
0.00117187 0.00302295

0.00117188 0.00302401
0.0015625 0.00293754

0.0015625 6.08443e-06
0.00156463 0

0.0016565 0
0.00166016 8.90216e-06

0.00166016 1.05128e-05
0.00167488 2.44141e-05

0.00167401 2.44141e-05
0.00168457 2.83928e-05

0.00168457 1.88946e-05
0.00170898 1.91962e-05

0.00169689 2.44141e-05
0.00170898 2.44834e-05

0.0017334 1.15327e-05
0.00171874 2.44141e-05

0.00170898 2.82028e-05
0.00171951 2.44141e-05

0.0017334 1.29325e-05
0.00173902 0

0.0017905 0
0.00180664 1.94404e-05

0.00180664 3.77265e-06
0.00183105 1.34685e-05

0.00183105 9.18154e-06
0.00185547 1.28562e-05

0.00185547 8.76646e-06
0.00187988 1.26243e-05

0.00187988 1.36914e-05
0.0019043 1.31757e-05

0.0019043 1.36878e-05
0.00192871 7.02808e-06

0.00192871 7.24074e-06
0.00195312 1.16944e-05

0.00195312 1.03317e-05
0.00197754 1.55186e-05

0.00197754 1.52522e-05
0.00200195 1.05097e-05

0.00200195 1.54027e-05
0.00202637 4.17004e-06

0.00202637 4.43542e-06
0.00205078 9.27012e-06

0.00205078 8.80505e-06
0.0020752 1.54716e-05

0.0020752 9.58466e-06
0.00209961 1.17276e-05

0.00209961 1.36464e-05
0.00212402 1.33784e-05

0.00212402 1.30378e-05
0.00214844 7.92195e-06

0.00214844 7.53709e-06
0.00217285 1.3222e-05

0.00217285 1.40778e-05
0.00219727 1.39032e-05

0.00219727 1.31576e-05
0.00222168 7.36959e-06

0.00222168 7.313e-06
0.00224609 1.35627e-05

0.00224609 1.42161e-05
0.00227051 1.40361e-05

0.00227051 1.39665e-05
0.00229492 6.66835e-06

0.00229492 7.46893e-06
0.00231934 1.19235e-05

0.00231934 1.04267e-05
0.00234375 1.53923e-05

0.00234375 1.54129e-05
0.00236816 1.05557e-05

0.00236816 1.25218e-05
0.00239258 6.85555e-06

0.00239258 6.86749e-06
0.00241699 1.25887e-05

0.00241699 1.0547e-05
0.00244141 1.54113e-05

0.00244141 1.54024e-05
0.00246582 1.05153e-05

0.00246582 1.2482e-05
0.00249023 6.98646e-06

0.00249023 6.99083e-06
0.00251465 1.25914e-05

0.00251465 1.05967e-05
0.00253906 1.53384e-05

0.00253906 1.53277e-05
0.00256348 1.05561e-05

0.00256348 1.24426e-05
0.00258789 7.15367e-06

0.00258789 7.15108e-06
0.0026123 1.26068e-05

0.0026123 1.07443e-05
0.00263672 1.51866e-05

0.00263672 1.51341e-05
0.00266113 1.05238e-05

0.00266113 1.17811e-05
0.00268555 8.03976e-06

0.00268555 7.26222e-06
0.00270996 1.39752e-05

0.00270996 1.40664e-05
0.00273438 1.40404e-05

0.00273437 1.38406e-05
0.00275879 7.36189e-06

0.00275879 8.167e-06
0.0027832 1.19253e-05

0.0027832 1.07447e-05
0.00280762 1.49249e-05

0.00280762 1.49137e-05
0.00283203 1.07184e-05

0.00283203 1.18972e-05
0.00285645 8.21365e-06

0.00285645 7.43322e-06
0.00288086 1.3818e-05

0.00288086 1.3923e-05
0.00290527 1.4088e-05

0.00290527 1.38893e-05
0.00292969 7.58447e-06

0.00292969 8.35085e-06
0.0029541 1.18159e-05

0.0029541 1.12441e-05
0.00297852 1.43653e-05

0.00297852 1.18731e-05
0.00300293 1.23687e-05

0.00300293 1.23612e-05
0.00302734 1.39273e-05

0.00302734 1.27899e-05
0.00305176 1.36601e-05

0.00305176 1.32009e-05
0.00307617 1.43558e-05

0.00307617 1.36131e-05
0.00310059 1.45673e-05

0.00310059 1.4035e-05
0.003125 1.49933e-05

0.00175781 0.00288112
0.00158397 0.00292969

0.0015625 0.0029362
0.00158581 0.00292969

0.00175781 0.00288168
0.00195312 0.00281836

0.00234375 0.00265967
0.00217372 0.00273438

0.00195312 0.0028187
0.00214844 0.00274495

0.00214844 0.00274488
0.00217235 0.00273438

0.00292969 0.00230936
0.0028823 0.00234375

0.003125 0.00214451
0.00312071 0.00214844

0.00302734 0.00223264
0.00301075 0.00224609

0.00297852 0.00226988
0.00294644 0.00229492

0.00292969 0.00230944
0.00294844 0.00229492

0.00297852 0.00226948
0.0030077 0.00224609

0.00302734 0.0022318
0.00312257 0.00214844

0.00244141 0.00261109
0.00238905 0.00263672

0.00234375 0.00265872
0.00238869 0.00263672

0.00244141 0.00261118
0.00253906 0.00255983

0.00273438 0.00244607
0.00257785 0.00253906

0.00253906 0.00255959
0.00257425 0.00253906

0.00283203 0.00237925
0.00273921 0.00244141

0.00273438 0.00244534
0.00274049 0.00244141

0.00283203 0.00237912
0.00288112 0.00234375

0 0.00312545
1.59773e-05 0.003125

0.003125 1.44075e-05
0.00314941 1.52899e-05

0.00314941 1.47627e-05
0.00317383 1.56977e-05

0.00317383 1.51245e-05
0.00319824 1.61288e-05

0.00319824 1.55252e-05
0.00322266 1.66513e-05

0.00322266 1.60695e-05
0.00324707 1.71647e-05

0.00324707 1.66018e-05
0.00327148 1.75605e-05

0.00327148 1.67677e-05
0.0032959 1.82543e-05

0.0032959 1.77664e-05
0.00332031 1.92625e-05

0.00332031 1.84541e-05
0.00334473 1.95601e-05

0.00334473 1.95136e-05
0.00336914 1.97274e-05

0.00336914 1.34743e-05
0.00339243 2.44141e-05

0.00339106 2.44141e-05
0.00339355 2.53674e-05

0.00339355 2.71495e-05
0.00341797 4.83802e-05

0.00341773 4.88281e-05
0.00341797 4.90631e-05

0.00341797 4.86089e-05
0.00341819 4.88281e-05

0.00341797 4.9344e-05
0.00344154 7.32422e-05

0.0034416 7.32422e-05
0.00344238 7.40642e-05

0.00344238 7.42241e-05
0.00346406 9.76563e-05

0.00346456 9.76563e-05
0.0034668 0.000100176

0.0034668 0.00010062
0.00350566 0.000146484

0.00350569 0.000146484
0.00351563 0.000159524

0.00351563 0.000159975
0.00354215 0.000195313

0.00354247 0.000195313
0.00356445 0.000228343

0.00356445 0.000230003
0.00357367 0.000244141

0.00357449 0.000244141
0.00360328 0.000292969

0.0036041 0.000292969
0.00361328 0.000311505

0.00361328 0.000313116
0.00362823 0.000341797

0.00362849 0.000341797
0.00365105 0.000390625

0.00365172 0.000390625
0.00368905 0.000488281

0.00368885 0.000488281
0.00371094 0.000566639

0.00371094 0.00056844
0.00371587 0.000585938

0.00371608 0.000585937
0.00373479 0.000683594

0.00373443 0.000683594
0.00374548 0.00078125

0.00374746 0.00078125
0.00374777 0.000976562

0.00374747 0.000976562
0.00371918 0.00117188

0.00371094 0.00120162
0.00366308 0.00136719

0.00366321 0.00136719
0.00357764 0.0015625

0.00371094 0.00119421
0.00371739 0.00117187

0.00332031 0.00194111
0.00331036 0.00195312

0.00351563 0.00167046
0.00346048 0.00175781

0.00341797 0.00181698
0.0033904 0.00185547

0.00332031 0.00194259
0.00339059 0.00185547

0.00345978 0.00175781
0.00342575 0.00180664

0.00341797 0.00181667
0.00342508 0.00180664

0.00331488 0.00195312
0.00312623 0.00214844

0.00357557 0.0015625
0.00352164 0.00166016

0.00351563 0.00166824
0.0035205 0.00166016

