0.000121869 0
0.00012207 6.0191e-07

0.00012207 8.90943e-07
0.000146484 9.1615e-07

0.000170898 2.40213e-05
0.000170587 2.44141e-05

0.000170898 4.82603e-05
0.000170743 4.88281e-05

0.000195313 8.5933e-06
0.000192483 2.44141e-05

0.000188572 2.44141e-05
0.00018406 4.88281e-05

0.000170841 4.88281e-05
0.000170898 4.91117e-05

0.000184305 4.88281e-05
0.000187743 7.32422e-05

0.000187081 7.32422e-05
0.000195313 8.99027e-05

0.000195313 1.33618e-05
0.000197702 0

0.000195313 8.94817e-05
0.00019941 9.76563e-05

0.000198345 9.76563e-05
0.000219727 0.000119529

0.000219727 0.000119048
0.000225338 0.00012207

0.000226642 0.00012207
0.000244141 0.00013125

0.000244141 0.00013082
0.000268555 0.000134877

0.000268555 0.000134856
0.000292969 0.000131397

0.000341797 9.35688e-05
0.000339739 9.76563e-05

0.000342867 0
0.00034677 2.44141e-05

0.000350608 2.44141e-05
0.000354641 4.88281e-05

0.000354622 4.88281e-05
0.00035115 7.32422e-05

0.000341797 9.31375e-05
0.000351752 7.32422e-05

0.000317383 0.000120158
0.000313584 0.00012207

0.000292969 0.00013196
0.000312759 0.00012207

0.000317383 0.000120898
0.000340641 9.76563e-05

0.000876613 0
0.000878906 6.02919e-06

0.000878906 4.58299e-06
0.00090332 3.43892e-06

0.00090332 4.537e-06
0.000904947 0

0.00146275 0
0.00146484 6.0165e-06

0.00146484 5.37227e-06
0.00148382 2.44141e-05

0.0014833 2.44141e-05
0.00148926 2.64999e-05

0.00148926 1.72188e-05
0.00151367 1.74792e-05

0.00148926 2.44566e-05
0.00150873 2.44141e-05

0.00151367 1.74677e-05
0.00153809 1.72076e-05

0.0015187 2.44141e-05
0.00153809 2.44571e-05

0.0015625 5.39754e-06
0.00154353 2.44141e-05

0.00153809 2.65033e-05
0.00154405 2.44141e-05

0.000390625 0.0031143
1.37012e-05 0.003125

0.000390625 0.00311459
0.00078125 0.00308073

0.00078125 0.00308136
0.00117187 0.00302288

0.00117188 0.00302394
0.0015625 0.00293748

0.0015625 6.05664e-06
0.00156461 0

0.00165651 0
0.00166016 8.8847e-06

0.00166016 1.05131e-05
0.00167487 2.44141e-05

0.00167399 2.44141e-05
0.00168457 2.84019e-05

0.00168457 1.89021e-05
0.00170898 1.91955e-05

0.00169684 2.44141e-05
0.00170898 2.4481e-05

0.0017334 1.15255e-05
0.00171873 2.44141e-05

0.00170898 2.82006e-05
0.0017195 2.44141e-05

0.0017334 1.29441e-05
0.00173902 0

0.00179051 0
0.00180664 1.94426e-05

0.00180664 3.77287e-06
0.00183105 1.34811e-05

0.00183105 9.18605e-06
0.00185547 1.286e-05

0.00185547 8.78015e-06
0.00187988 1.26247e-05

0.00187988 1.36908e-05
0.0019043 1.31695e-05

0.0019043 1.36843e-05
0.00192871 7.03844e-06

0.00192871 7.24939e-06
0.00195312 1.16941e-05

0.00195312 1.03312e-05
0.00197754 1.55169e-05

0.00197754 1.52549e-05
0.00200195 1.05147e-05

0.00200195 1.53918e-05
0.00202637 4.18103e-06

0.00202637 4.42709e-06
0.00205078 9.30448e-06

0.00205078 8.89778e-06
0.0020752 1.54272e-05

0.0020752 9.5309e-06
0.00209961 1.16501e-05

0.00209961 1.35607e-05
0.00212402 1.34761e-05

0.00212402 1.31477e-05
0.00214844 7.92197e-06

0.00214844 7.52018e-06
0.00217285 1.3109e-05

0.00217285 1.39699e-05
0.00219727 1.39893e-05

0.00219727 1.3191e-05
0.00222168 7.46402e-06

0.00222168 7.39654e-06
0.00224609 1.35116e-05

0.00224609 1.42256e-05
0.00227051 1.40018e-05

0.00227051 1.39402e-05
0.00229492 6.66855e-06

0.00229492 7.46681e-06
0.00231934 1.19393e-05

0.00231934 1.04286e-05
0.00234375 1.5385e-05

0.00234375 1.54097e-05
0.00236816 1.05607e-05

0.00236816 1.25243e-05
0.00239258 6.85828e-06

0.00239258 6.86999e-06
0.00241699 1.25873e-05

0.00241699 1.05476e-05
0.00244141 1.54122e-05

0.00244141 1.54033e-05
0.00246582 1.05162e-05

0.00246582 1.24824e-05
0.00249023 6.98714e-06

0.00249023 6.99125e-06
0.00251465 1.25927e-05

0.00251465 1.05987e-05
0.00253906 1.5339e-05

0.00253906 1.5328e-05
0.00256348 1.05562e-05

0.00256348 1.24426e-05
0.00258789 7.15565e-06

0.00258789 7.15257e-06
0.0026123 1.26075e-05

0.0026123 1.07471e-05
0.00263672 1.51855e-05

0.00263672 1.51318e-05
0.00266113 1.05233e-05

0.00266113 1.17808e-05
0.00268555 8.04416e-06

0.00268555 7.26545e-06
0.00270996 1.39744e-05

0.00270996 1.40682e-05
0.00273438 1.40383e-05

0.00273437 1.38393e-05
0.00275879 7.36023e-06

0.00275879 8.16651e-06
0.0027832 1.19257e-05

0.0027832 1.07423e-05
0.00280762 1.49251e-05

0.00280762 1.49172e-05
0.00283203 1.07181e-05

0.00283203 1.18996e-05
0.00285645 8.20416e-06

0.00285645 7.42691e-06
0.00288086 1.38146e-05

0.00288086 1.39238e-05
0.00290527 1.40807e-05

0.00290527 1.38111e-05
0.00292969 7.64186e-06

0.00292969 8.40438e-06
0.0029541 1.19157e-05

0.0029541 1.13568e-05
0.00297852 1.43031e-05

0.00297852 1.19037e-05
0.00300293 1.22708e-05

0.00300293 1.22999e-05
0.00302734 1.38621e-05

0.00302734 1.27183e-05
0.00305176 1.36502e-05

0.00305176 1.3159e-05
0.00307617 1.4357e-05

0.00307617 1.35698e-05
0.00310059 1.45908e-05

0.00310059 1.40124e-05
0.003125 1.50778e-05

0.00175781 0.00288107
0.00158377 0.00292969

0.0015625 0.00293615
0.00158562 0.00292969

0.00175781 0.00288163
0.00195312 0.00281832

0.00234375 0.00265966
0.00217366 0.00273438

0.00195312 0.00281866
0.00214844 0.00274492

0.00214844 0.00274485
0.00217229 0.00273438

0.00292969 0.00230945
0.0028824 0.00234375

0.003125 0.00214463
0.00312083 0.00214844

0.00302734 0.00223276
0.0030109 0.00224609

0.00297852 0.00226997
0.00294655 0.00229492

0.00292969 0.00230952
0.00294854 0.00229492

0.00297852 0.00226958
0.00300783 0.00224609

0.00302734 0.0022319
0.00312273 0.00214844

0.00244141 0.00261109
0.00238904 0.00263672

0.00234375 0.00265871
0.00238868 0.00263672

0.00244141 0.00261118
0.00253906 0.00255985

0.00273438 0.00244612
0.00257788 0.00253906

0.00253906 0.00255961
0.00257429 0.00253906

0.00283203 0.00237931
0.00273928 0.00244141

0.00273438 0.00244539
0.00274057 0.00244141

0.00283203 0.00237918
0.00288122 0.00234375

0 0.00312539
1.35609e-05 0.003125

0.003125 1.44557e-05
0.00314941 1.53952e-05

0.00314941 1.48233e-05
0.00317383 1.57986e-05

0.00317383 1.52111e-05
0.00319824 1.62721e-05

0.00319824 1.5819e-05
0.00322266 1.66288e-05

0.00322266 1.61189e-05
0.00324707 1.67938e-05

0.00324707 1.60809e-05
0.00327148 1.75826e-05

0.00327148 1.73642e-05
0.0032959 1.83358e-05

0.0032959 1.77217e-05
0.00332031 1.78067e-05

0.00332031 1.62049e-05
0.00334473 1.96606e-05

0.00334473 2.08009e-05
0.00336914 2.16389e-05

0.00336914 1.38365e-05
0.00339355 2.37002e-05

0.00339275 2.44141e-05
0.00339355 2.47044e-05

0.00339355 2.69352e-05
0.00341797 4.85713e-05

0.00341729 4.88281e-05
0.00341797 4.95082e-05

0.00341797 4.96442e-05
0.00344114 7.32422e-05

0.00344141 7.32422e-05
0.00344238 7.42611e-05

0.00344238 7.45143e-05
0.00346392 9.76563e-05

0.0034645 9.76563e-05
0.0034668 0.000100241

0.0034668 0.000101033
0.00348519 0.00012207

0.00348499 0.00012207
0.00349121 0.000129518

0.00349121 0.000129203
0.0035054 0.000146484

0.00350569 0.000146484
0.00351563 0.000159513

0.00351563 0.000159993
0.00354215 0.000195313

0.00354247 0.000195313
0.00356445 0.000228352

0.00356445 0.000230013
0.00357366 0.000244141

0.00357449 0.000244141
0.00360326 0.000292969

0.00360406 0.000292969
0.00361328 0.000311583

0.00361328 0.00031318
0.00362818 0.000341797

0.00362845 0.000341797
0.00365101 0.000390625

0.00365167 0.000390625
0.00368899 0.000488281

0.0036888 0.000488281
0.00371094 0.000566817

0.00371094 0.00056862
0.00371582 0.000585938

0.00371603 0.000585937
0.00373476 0.000683594

0.00373439 0.000683594
0.00374546 0.00078125

0.00374745 0.00078125
0.0037478 0.000976562

0.0037475 0.000976562
0.00371924 0.00117188

0.00371094 0.00120185
0.00366317 0.00136719

0.0036633 0.00136719
0.00357775 0.0015625

0.00371094 0.00119451
0.00371748 0.00117187

0.00332031 0.00194124
0.00331047 0.00195312

0.00351563 0.00167065
0.00346061 0.00175781

0.00341797 0.00181718
0.00339055 0.00185547

0.00332031 0.00194279
0.00339074 0.00185547

0.00345991 0.00175781
0.00342588 0.00180664

0.00341797 0.00181683
0.00342519 0.00180664

0.00331505 0.00195312
0.00312637 0.00214844

0.00357568 0.0015625
0.00352176 0.00166016

0.00351563 0.0016685
0.00352066 0.00166016

