0.00012189 0
0.00012207 5.39532e-07

0.00012207 8.57248e-07
0.000146484 9.21197e-07

0.000170898 2.39762e-05
0.000170549 2.44141e-05

0.000170898 4.83537e-05
0.00017077 4.88281e-05

0.000195313 8.70778e-06
0.000192531 2.44141e-05

0.000188593 2.44141e-05
0.000184176 4.88281e-05

0.000170876 4.88281e-05
0.000170898 4.89332e-05

0.000184421 4.88281e-05
0.000187973 7.32422e-05

0.000187335 7.32422e-05
0.000195313 8.92612e-05

0.000195313 1.30285e-05
0.00019762 0

0.000195313 8.89099e-05
0.000199737 9.76563e-05

0.00019882 9.76563e-05
0.000219727 0.000119176

0.000219727 0.000118856
0.000225577 0.00012207

0.000226887 0.00012207
0.000244141 0.000131271

0.000244141 0.000130821
0.000268555 0.000134995

0.000268555 0.000134965
0.000292969 0.0001316

0.000341797 9.42088e-05
0.00034007 9.76563e-05

0.000343046 0
0.000346963 2.44141e-05

0.000350804 2.44141e-05
0.000354871 4.88281e-05

0.000354852 4.88281e-05
0.000351426 7.32422e-05

0.000341797 9.37884e-05
0.000352041 7.32422e-05

0.000317383 0.000120437
0.000314106 0.00012207

0.000292969 0.000132176
0.000313346 0.00012207

0.000317383 0.000121235
0.000341014 9.76563e-05

0.000876581 0
0.000878906 6.09394e-06

0.000878906 4.64547e-06
0.00090332 3.37716e-06

0.00090332 4.4328e-06
0.000904904 0

0.00146275 0
0.00146484 6.02144e-06

0.00146484 5.36649e-06
0.00148382 2.44141e-05

0.0014833 2.44141e-05
0.00148926 2.65032e-05

0.00148926 1.72253e-05
0.00151367 1.74883e-05

0.00148926 2.44564e-05
0.00150879 2.44141e-05

0.00151367 1.74678e-05
0.00153809 1.72092e-05

0.00151878 2.44141e-05
0.00153809 2.44573e-05

0.0015625 5.41252e-06
0.00154354 2.44141e-05

0.00153809 2.65036e-05
0.00154405 2.44141e-05

0.000390625 0.00311419
9.75072e-06 0.003125

0.000390625 0.00311448
0.00078125 0.00308062

0.00078125 0.00308125
0.00117187 0.00302278

0.00117188 0.00302384
0.0015625 0.0029374

0.0015625 6.05969e-06
0.00156461 0

0.00165651 0
0.00166016 8.89396e-06

0.00166016 1.05173e-05
0.00167487 2.44141e-05

0.00167399 2.44141e-05
0.00168457 2.83999e-05

0.00168457 1.89009e-05
0.00170898 1.91953e-05

0.00169686 2.44141e-05
0.00170898 2.44812e-05

0.0017334 1.15301e-05
0.00171873 2.44141e-05

0.00170898 2.8199e-05
0.0017195 2.44141e-05

0.0017334 1.29379e-05
0.00173902 0

0.00179051 0
0.00180664 1.94503e-05

0.00180664 3.78597e-06
0.00183105 1.34839e-05

0.00183105 9.19466e-06
0.00185547 1.28551e-05

0.00185547 8.78326e-06
0.00187988 1.26236e-05

0.00187988 1.36874e-05
0.0019043 1.31718e-05

0.0019043 1.36829e-05
0.00192871 7.04924e-06

0.00192871 7.26094e-06
0.00195312 1.16934e-05

0.00195312 1.03342e-05
0.00197754 1.55108e-05

0.00197754 1.52502e-05
0.00200195 1.05184e-05

0.00200195 1.53873e-05
0.00202637 4.19344e-06

0.00202637 4.45625e-06
0.00205078 9.28822e-06

0.00205078 8.83483e-06
0.0020752 1.54536e-05

0.0020752 9.5805e-06
0.00209961 1.17208e-05

0.00209961 1.36348e-05
0.00212402 1.33984e-05

0.00212402 1.31054e-05
0.00214844 7.88482e-06

0.00214844 7.49203e-06
0.00217285 1.31505e-05

0.00217285 1.39732e-05
0.00219727 1.39885e-05

0.00219727 1.31916e-05
0.00222168 7.47124e-06

0.00222168 7.40552e-06
0.00224609 1.35111e-05

0.00224609 1.42257e-05
0.00227051 1.39998e-05

0.00227051 1.39383e-05
0.00229492 6.67612e-06

0.00229492 7.47388e-06
0.00231934 1.19401e-05

0.00231934 1.04324e-05
0.00234375 1.53808e-05

0.00234375 1.54057e-05
0.00236816 1.05624e-05

0.00236816 1.25242e-05
0.00239258 6.86547e-06

0.00239258 6.87673e-06
0.00241699 1.25853e-05

0.00241699 1.0549e-05
0.00244141 1.54088e-05

0.00244141 1.54e-05
0.00246582 1.05178e-05

0.00246582 1.24813e-05
0.00249023 6.99285e-06

0.00249023 6.99706e-06
0.00251465 1.2592e-05

0.00251465 1.06003e-05
0.00253906 1.53355e-05

0.00253906 1.53245e-05
0.00256348 1.0558e-05

0.00256348 1.2442e-05
0.00258789 7.16144e-06

0.00258789 7.15817e-06
0.0026123 1.26066e-05

0.0026123 1.07485e-05
0.00263672 1.51829e-05

0.00263672 1.51299e-05
0.00266113 1.05248e-05

0.00266113 1.17809e-05
0.00268555 8.04729e-06

0.00268555 7.26889e-06
0.00270996 1.39737e-05

0.00270996 1.40685e-05
0.00273438 1.40369e-05

0.00273437 1.38385e-05
0.00275879 7.36157e-06

0.00275879 8.16708e-06
0.0027832 1.19265e-05

0.0027832 1.0745e-05
0.00280762 1.49235e-05

0.00280762 1.49115e-05
0.00283203 1.07194e-05

0.00283203 1.18976e-05
0.00285645 8.21639e-06

0.00285645 7.43804e-06
0.00288086 1.38146e-05

0.00288086 1.39054e-05
0.00290527 1.40983e-05

0.00290527 1.39096e-05
0.00292969 7.60304e-06

0.00292969 8.369e-06
0.0029541 1.17834e-05

0.0029541 1.12382e-05
0.00297852 1.43492e-05

0.00297852 1.18747e-05
0.00300293 1.23358e-05

0.00300293 1.23388e-05
0.00302734 1.38795e-05

0.00302734 1.27375e-05
0.00305176 1.36402e-05

0.00305176 1.31455e-05
0.00307617 1.43855e-05

0.00307617 1.36054e-05
0.00310059 1.46291e-05

0.00310059 1.40691e-05
0.003125 1.50429e-05

0.00175781 0.00288101
0.00158349 0.00292969

0.0015625 0.00293607
0.00158535 0.00292969

0.00175781 0.00288156
0.00195312 0.00281827

0.00234375 0.00265966
0.0021736 0.00273438

0.00195312 0.00281861
0.00214844 0.00274489

0.00214844 0.00274482
0.00217223 0.00273438

0.00292969 0.00230956
0.00288254 0.00234375

0.003125 0.00214477
0.00312099 0.00214844

0.00302734 0.00223292
0.00301109 0.00224609

0.00297852 0.00227009
0.0029467 0.00229492

0.00292969 0.00230962
0.00294869 0.00229492

0.00297852 0.00226972
0.00300799 0.00224609

0.00302734 0.00223204
0.00312291 0.00214844

0.00244141 0.0026111
0.00238905 0.00263672

0.00234375 0.00265871
0.00238869 0.00263672

0.00244141 0.00261119
0.00253906 0.00255988

0.00273438 0.00244618
0.00257794 0.00253906

0.00253906 0.00255964
0.00257435 0.00253906

0.00283203 0.0023794
0.00273938 0.00244141

0.00273438 0.00244546
0.00274068 0.00244141

0.00283203 0.00237928
0.00288136 0.00234375

0 0.00312527
9.6308e-06 0.003125

0.003125 1.44234e-05
0.00314941 1.53565e-05

0.00314941 1.47845e-05
0.00317383 1.58474e-05

0.00317383 1.5299e-05
0.00319824 1.62601e-05

0.00319824 1.57357e-05
0.00322266 1.655e-05

0.00322266 1.59738e-05
0.00324707 1.70208e-05

0.00324707 1.65923e-05
0.00327148 1.75869e-05

0.00327148 1.68249e-05
0.0032959 1.80193e-05

0.0032959 1.75471e-05
0.00332031 1.89205e-05

0.00332031 1.82636e-05
0.00334473 1.93062e-05

0.00334473 1.91786e-05
0.00336914 1.93743e-05

0.00336914 1.30296e-05
0.00339253 2.44141e-05

0.00339131 2.44141e-05
0.00339355 2.52977e-05

0.00339355 2.72322e-05
0.00341797 4.85736e-05

0.00341762 4.88281e-05
0.00341797 4.91681e-05

0.00341797 4.85292e-05
0.00341828 4.88281e-05

0.00341797 4.93748e-05
0.00344161 7.32422e-05

0.00344167 7.32422e-05
0.00344238 7.39907e-05

0.00344238 7.41685e-05
0.00346417 9.76563e-05

0.00346476 9.76563e-05
0.0034668 9.99495e-05

0.0034668 0.000100458
0.00350582 0.000146484

0.0035058 0.000146484
0.00351563 0.0001594

0.00351563 0.000159638
0.00354205 0.000195313

0.00354252 0.000195313
0.00356445 0.000228322

0.00356445 0.000229998
0.00357366 0.000244141

0.00357449 0.000244141
0.00360323 0.000292969

0.00360404 0.000292969
0.00361328 0.000311651

0.00361328 0.000313239
0.00362814 0.000341797

0.00362841 0.000341797
0.00365096 0.000390625

0.00365162 0.000390625
0.00368894 0.000488281

0.00368874 0.000488281
0.00371094 0.000567016

0.00371094 0.000568835
0.00371576 0.000585938

0.00371597 0.000585937
0.00373471 0.000683594

0.00373434 0.000683594
0.00374543 0.00078125

0.00374741 0.00078125
0.0037478 0.000976562

0.00374749 0.000976562
0.00371926 0.00117188

0.00371094 0.00120197
0.00366324 0.00136719

0.00366336 0.00136719
0.00357785 0.0015625

0.00371094 0.00119466
0.00371752 0.00117187

0.00332031 0.00194139
0.00331059 0.00195312

0.00351563 0.00167084
0.00346074 0.00175781

0.00341797 0.00181739
0.00339071 0.00185547

0.00332031 0.00194299
0.00339089 0.00185547

0.00346004 0.00175781
0.00342603 0.00180664

0.00341797 0.00181698
0.00342529 0.00180664

0.00331523 0.00195312
0.00312655 0.00214844

0.00357578 0.0015625
0.00352187 0.00166016

0.00351563 0.00166875
0.00352082 0.00166016

