0.00012191 0
0.00012207 4.79355e-07

0.00012207 8.37466e-07
0.000146484 8.74e-07

0.000170898 2.40807e-05
0.00017063 2.44141e-05

0.000170898 4.82678e-05
0.000170743 4.88281e-05

0.000195313 9.07567e-06
0.000192584 2.44141e-05

0.0001887 2.44141e-05
0.000184209 4.88281e-05

0.000170848 4.88281e-05
0.000170898 4.90744e-05

0.000184443 4.88281e-05
0.000187871 7.32422e-05

0.000187229 7.32422e-05
0.000195313 8.96475e-05

0.000195313 1.37046e-05
0.00019775 0

0.000195313 8.93215e-05
0.000199481 9.76563e-05

0.000198458 9.76563e-05
0.000219727 0.000119489

0.000219727 0.000118991
0.000225408 0.00012207

0.000226644 0.00012207
0.000244141 0.000131299

0.000244141 0.00013086
0.000268555 0.000134982

0.000268555 0.000134956
0.000292969 0.000131568

0.000341797 9.41974e-05
0.000340059 9.76563e-05

0.000343144 0
0.000347049 2.44141e-05

0.000350886 2.44141e-05
0.000354926 4.88281e-05

0.000354905 4.88281e-05
0.000351445 7.32422e-05

0.000341797 9.37623e-05
0.000352057 7.32422e-05

0.000317383 0.000120404
0.000314041 0.00012207

0.000292969 0.000132143
0.000313268 0.00012207

0.000317383 0.000121189
0.00034099 9.76563e-05

0.000876526 0
0.000878906 6.20363e-06

0.000878906 4.73347e-06
0.00090332 3.28253e-06

0.00090332 4.3029e-06
0.000904851 0

0.00146274 0
0.00146484 6.02521e-06

0.00146484 5.36525e-06
0.00148381 2.44141e-05

0.00148329 2.44141e-05
0.00148926 2.65075e-05

0.00148926 1.72343e-05
0.00151367 1.74995e-05

0.00148926 2.44563e-05
0.00150885 2.44141e-05

0.00151367 1.74713e-05
0.00153809 1.72137e-05

0.00151888 2.44141e-05
0.00153809 2.44576e-05

0.0015625 5.42921e-06
0.00154355 2.44141e-05

0.00153809 2.65064e-05
0.00154406 2.44141e-05

0.000390625 0.00311402
3.75902e-06 0.003125

0.000390625 0.00311431
0.00078125 0.00308047

0.00078125 0.0030811
0.00117187 0.00302265

0.00117188 0.00302371
0.0015625 0.0029373

0.0015625 6.06655e-06
0.00156462 0

0.0016565 0
0.00166016 8.90545e-06

0.00166016 1.05242e-05
0.00167487 2.44141e-05

0.001674 2.44141e-05
0.00168457 2.83976e-05

0.00168457 1.88965e-05
0.00170898 1.91921e-05

0.00169685 2.44141e-05
0.00170898 2.44815e-05

0.0017334 1.15379e-05
0.00171874 2.44141e-05

0.00170898 2.81962e-05
0.00171949 2.44141e-05

0.0017334 1.29279e-05
0.00173902 0

0.00179049 0
0.00180664 1.94614e-05

0.00180664 3.806e-06
0.00183105 1.34818e-05

0.00183105 9.20299e-06
0.00185547 1.28496e-05

0.00185547 8.78704e-06
0.00187988 1.26233e-05

0.00187988 1.36831e-05
0.0019043 1.31741e-05

0.0019043 1.36819e-05
0.00192871 7.06221e-06

0.00192871 7.2744e-06
0.00195312 1.16915e-05

0.00195312 1.03373e-05
0.00197754 1.55039e-05

0.00197754 1.52452e-05
0.00200195 1.05221e-05

0.00200195 1.53737e-05
0.00202637 4.21478e-06

0.00202637 4.4775e-06
0.00205078 9.29657e-06

0.00205078 8.83814e-06
0.0020752 1.54498e-05

0.0020752 9.60077e-06
0.00209961 1.1727e-05

0.00209961 1.36421e-05
0.00212402 1.33735e-05

0.00212402 1.30173e-05
0.00214844 7.95722e-06

0.00214844 7.58171e-06
0.00217285 1.32314e-05

0.00217285 1.40877e-05
0.00219727 1.38724e-05

0.00219727 1.31433e-05
0.00222168 7.38387e-06

0.00222168 7.3278e-06
0.00224609 1.35627e-05

0.00224609 1.42036e-05
0.00227051 1.40312e-05

0.00227051 1.39606e-05
0.00229492 6.69907e-06

0.00229492 7.4952e-06
0.00231934 1.19188e-05

0.00231934 1.04332e-05
0.00234375 1.53784e-05

0.00234375 1.54001e-05
0.00236816 1.05632e-05

0.00236816 1.25207e-05
0.00239258 6.87603e-06

0.00239258 6.88682e-06
0.00241699 1.2585e-05

0.00241699 1.05521e-05
0.00244141 1.54028e-05

0.00244141 1.53945e-05
0.00246582 1.05212e-05

0.00246582 1.24821e-05
0.00249023 7.00071e-06

0.00249023 7.00444e-06
0.00251465 1.25892e-05

0.00251465 1.06011e-05
0.00253906 1.53328e-05

0.00253906 1.53223e-05
0.00256348 1.05602e-05

0.00256348 1.24434e-05
0.00258789 7.16381e-06

0.00258789 7.16075e-06
0.0026123 1.26046e-05

0.0026123 1.07488e-05
0.00263672 1.51811e-05

0.00263672 1.51269e-05
0.00266113 1.05251e-05

0.00266113 1.17812e-05
0.00268555 8.05012e-06

0.00268555 7.27153e-06
0.00270996 1.39712e-05

0.00270996 1.40645e-05
0.00273438 1.40376e-05

0.00273437 1.3834e-05
0.00275879 7.37235e-06

0.00275879 8.17861e-06
0.0027832 1.19285e-05

0.0027832 1.0749e-05
0.00280762 1.49161e-05

0.00280762 1.49068e-05
0.00283203 1.07229e-05

0.00283203 1.18942e-05
0.00285645 8.22715e-06

0.00285645 7.44386e-06
0.00288086 1.3823e-05

0.00288086 1.39478e-05
0.00290527 1.40709e-05

0.00290527 1.38912e-05
0.00292969 7.54171e-06

0.00292969 8.28468e-06
0.0029541 1.1844e-05

0.0029541 1.12712e-05
0.00297852 1.44074e-05

0.00297852 1.18971e-05
0.00300293 1.233e-05

0.00300293 1.23711e-05
0.00302734 1.39011e-05

0.00302734 1.27888e-05
0.00305176 1.35931e-05

0.00305176 1.315e-05
0.00307617 1.42915e-05

0.00307617 1.35084e-05
0.00310059 1.45778e-05

0.00310059 1.39589e-05
0.003125 1.51281e-05

0.00175781 0.00288094
0.00158317 0.00292969

0.0015625 0.00293598
0.00158505 0.00292969

0.00175781 0.00288149
0.00195312 0.00281823

0.00234375 0.00265969
0.00217359 0.00273438

0.00195312 0.00281857
0.00214844 0.00274488

0.00214844 0.00274482
0.00217223 0.00273438

0.00292969 0.00230973
0.00288275 0.00234375

0.003125 0.00214495
0.00312118 0.00214844

0.00302734 0.00223313
0.00301135 0.00224609

0.00297852 0.00227026
0.00294691 0.00229492

0.00292969 0.00230978
0.00294889 0.00229492

0.00297852 0.00226991
0.00300822 0.00224609

0.00302734 0.00223223
0.00312315 0.00214844

0.00244141 0.00261115
0.00238913 0.00263672

0.00234375 0.00265874
0.00238877 0.00263672

0.00244141 0.00261124
0.00253906 0.00255995

0.00273438 0.0024463
0.00257808 0.00253906

0.00253906 0.00255972
0.00257449 0.00253906

0.00283203 0.00237954
0.00273955 0.00244141

0.00273438 0.00244558
0.00274087 0.00244141

0.00283203 0.00237942
0.00288157 0.00234375

0 0.0031251
3.69102e-06 0.003125

0.003125 1.44494e-05
0.00314941 1.54917e-05

0.00314941 1.49038e-05
0.00317383 1.58875e-05

0.00317383 1.53618e-05
0.00319824 1.62329e-05

0.00319824 1.57057e-05
0.00322266 1.65875e-05

0.00322266 1.62366e-05
0.00324707 1.69153e-05

0.00324707 1.64541e-05
0.00327148 1.70635e-05

0.00327148 1.55566e-05
0.0032959 1.87139e-05

0.0032959 1.92445e-05
0.00332031 2.03806e-05

0.00332031 1.87401e-05
0.00334473 1.78027e-05

0.00334473 1.85057e-05
0.00336914 1.92447e-05

0.00336914 1.26723e-05
0.00339181 2.44141e-05

0.00339026 2.44141e-05
0.00339355 2.57944e-05

0.00339355 2.79257e-05
0.00341737 4.88281e-05

0.00341745 4.88281e-05
0.00341797 4.93192e-05

0.00341797 4.97806e-05
0.00344156 7.32422e-05

0.00344158 7.32422e-05
0.00344238 7.40722e-05

0.00344238 7.42415e-05
0.0034642 9.76563e-05

0.0034647 9.76563e-05
0.0034668 0.00010002

0.0034668 0.000100769
0.00348537 0.00012207

0.00348514 0.00012207
0.00349121 0.000129367

0.00349121 0.000129013
0.00350551 0.000146484

0.00350575 0.000146484
0.00351563 0.000159491

0.00351563 0.000159841
0.00354221 0.000195313

0.00354234 0.000195313
0.00356445 0.000228595

0.00356445 0.00022945
0.00357401 0.000244141

0.00357447 0.000244141
0.00360321 0.000292969

0.00360401 0.000292969
0.00361328 0.000311707

0.00361328 0.000313282
0.00362812 0.000341797

0.00362839 0.000341797
0.00365095 0.000390625

0.00365161 0.000390625
0.00368894 0.000488281

0.00368875 0.000488281
0.00371094 0.000566933

0.00371094 0.000568751
0.00371579 0.000585938

0.003716 0.000585937
0.00373475 0.000683594

0.00373439 0.000683594
0.00374548 0.00078125

0.00374747 0.00078125
0.00374787 0.000976562

0.00374757 0.000976562
0.00371936 0.00117188

0.00371094 0.00120233
0.00366336 0.00136719

0.00366348 0.00136719
0.003578 0.0015625

0.00371094 0.00119509
0.00371764 0.00117187

0.00332031 0.00194158
0.00331075 0.00195312

0.00351563 0.00167111
0.00346093 0.00175781

0.00341797 0.00181769
0.00339093 0.00185547

0.00332031 0.00194327
0.0033911 0.00185547

0.00346023 0.00175781
0.00342622 0.00180664

0.00341797 0.00181719
0.00342544 0.00180664

0.00331546 0.00195312
0.00312677 0.00214844

0.00357593 0.0015625
0.00352204 0.00166016

0.00351563 0.00166912
0.00352104 0.00166016

