0.000121876 0
0.00012207 5.80608e-07

0.00012207 8.39113e-07
0.000146484 8.62174e-07

0.000170898 2.39992e-05
0.000170565 2.44141e-05

0.000170898 4.87412e-05
0.000170875 4.88281e-05

0.000195313 9.00964e-06
0.000192589 2.44141e-05

0.000188632 2.44141e-05
0.000184215 4.88281e-05

0.000184452 4.88281e-05
0.000187995 7.32422e-05

0.000187377 7.32422e-05
0.000195313 8.91864e-05

0.000195313 1.29411e-05
0.000197601 0

0.000195313 8.89394e-05
0.000199722 9.76563e-05

0.000198847 9.76563e-05
0.000219727 0.000119173

0.000219727 0.00011881
0.000225648 0.00012207

0.000226824 0.00012207
0.000244141 0.000131327

0.000244141 0.000130858
0.000268555 0.000135057

0.000268555 0.000135024
0.000292969 0.000131684

0.000341797 9.44768e-05
0.000340207 9.76563e-05

0.000343138 0
0.000347057 2.44141e-05

0.000350898 2.44141e-05
0.000354972 4.88281e-05

0.000354952 4.88281e-05
0.000351537 7.32422e-05

0.000341797 9.404e-05
0.000352155 7.32422e-05

0.000317383 0.000120561
0.000314344 0.00012207

0.000292969 0.000132264
0.000313576 0.00012207

0.000317383 0.000121366
0.000341158 9.76563e-05

0.000876596 0
0.000878906 6.06252e-06

0.000878906 4.61707e-06
0.00090332 3.406e-06

0.00090332 4.47843e-06
0.000904922 0

0.00146272 0
0.00146484 6.05535e-06

0.00146484 5.52706e-06
0.00148376 2.44141e-05

0.00148307 2.44141e-05
0.00148926 2.65733e-05

0.00148926 1.72456e-05
0.00151367 1.73435e-05

0.00148926 2.44755e-05
0.00150183 2.44141e-05

0.00151367 1.73236e-05
0.00153809 1.72263e-05

0.00152546 2.44141e-05
0.00153809 2.44762e-05

0.0015625 5.56943e-06
0.00154359 2.44141e-05

0.00153809 2.65748e-05
0.00154428 2.44141e-05

0 0.00312491
0.000390625 0.00311383

0.000390625 0.00311412
0.00078125 0.00308029

0.00078125 0.00308092
0.00117187 0.00302251

0.00117188 0.00302357
0.0015625 0.0029372

0.0015625 6.09034e-06
0.00156463 0

0.00165651 0
0.00166016 8.88667e-06

0.00166016 1.05179e-05
0.00167487 2.44141e-05

0.00167399 2.44141e-05
0.00168457 2.84022e-05

0.00168457 1.89018e-05
0.00170898 1.91968e-05

0.00169688 2.44141e-05
0.00170898 2.44812e-05

0.0017334 1.15336e-05
0.00171873 2.44141e-05

0.00170898 2.8201e-05
0.00171951 2.44141e-05

0.0017334 1.29485e-05
0.00173903 0

0.00179051 0
0.00180664 1.94695e-05

0.00180664 3.81585e-06
0.00183105 1.35003e-05

0.00183105 9.21622e-06
0.00185547 1.28484e-05

0.00185547 8.80256e-06
0.00187988 1.26234e-05

0.00187988 1.36804e-05
0.0019043 1.31715e-05

0.0019043 1.36784e-05
0.00192871 7.0812e-06

0.00192871 7.29242e-06
0.00195312 1.16912e-05

0.00195312 1.03384e-05
0.00197754 1.55e-05

0.00197754 1.52479e-05
0.00200195 1.05321e-05

0.00200195 1.53547e-05
0.00202637 4.2387e-06

0.00202637 4.48412e-06
0.00205078 9.33815e-06

0.00205078 8.94896e-06
0.0020752 1.53879e-05

0.0020752 9.54246e-06
0.00209961 1.16359e-05

0.00209961 1.35372e-05
0.00212402 1.34781e-05

0.00212402 1.30817e-05
0.00214844 8.0189e-06

0.00214844 7.62586e-06
0.00217285 1.31676e-05

0.00217285 1.40802e-05
0.00219727 1.3879e-05

0.00219727 1.31221e-05
0.00222168 7.40415e-06

0.00222168 7.35486e-06
0.00224609 1.35821e-05

0.00224609 1.42312e-05
0.00227051 1.40009e-05

0.00227051 1.39373e-05
0.00229492 6.6913e-06

0.00229492 7.49507e-06
0.00231934 1.19396e-05

0.00231934 1.04369e-05
0.00234375 1.53681e-05

0.00234375 1.53961e-05
0.00236816 1.057e-05

0.00236816 1.25229e-05
0.00239258 6.88108e-06

0.00239258 6.8918e-06
0.00241699 1.25845e-05

0.00241699 1.05545e-05
0.00244141 1.54027e-05

0.00244141 1.53942e-05
0.00246582 1.05233e-05

0.00246582 1.24835e-05
0.00249023 7.00433e-06

0.00249023 7.00807e-06
0.00251465 1.25889e-05

0.00251465 1.06028e-05
0.00253906 1.53325e-05

0.00253906 1.53217e-05
0.00256348 1.05617e-05

0.00256348 1.24432e-05
0.00258789 7.16767e-06

0.00258789 7.16366e-06
0.0026123 1.26063e-05

0.0026123 1.07521e-05
0.00263672 1.51814e-05

0.00263672 1.51262e-05
0.00266113 1.05274e-05

0.00266113 1.17847e-05
0.00268555 8.05328e-06

0.00268555 7.27527e-06
0.00270996 1.39677e-05

0.00270996 1.40626e-05
0.00273438 1.40379e-05

0.00273437 1.38347e-05
0.00275879 7.3751e-06

0.00275879 8.1828e-06
0.0027832 1.19249e-05

0.0027832 1.07482e-05
0.00280762 1.49109e-05

0.00280762 1.49023e-05
0.00283203 1.07211e-05

0.00283203 1.18852e-05
0.00285645 8.23486e-06

0.00285645 7.44669e-06
0.00288086 1.38336e-05

0.00288086 1.39605e-05
0.00290527 1.40697e-05

0.00290527 1.39515e-05
0.00292969 7.47598e-06

0.00292969 8.23105e-06
0.0029541 1.17641e-05

0.0029541 1.12e-05
0.00297852 1.44264e-05

0.00297852 1.18393e-05
0.00300293 1.23604e-05

0.00300293 1.23383e-05
0.00302734 1.40021e-05

0.00302734 1.28141e-05
0.00305176 1.37352e-05

0.00305176 1.32698e-05
0.00307617 1.4418e-05

0.00307617 1.3677e-05
0.00310059 1.45999e-05

0.00310059 1.40667e-05
0.003125 1.50495e-05

0.00175781 0.00288086
0.00158282 0.00292969

0.0015625 0.00293589
0.00158472 0.00292969

0.00175781 0.00288142
0.00195312 0.00281818

0.00234375 0.0026597
0.00217356 0.00273438

0.00195312 0.00281853
0.00214844 0.00274486

0.00214844 0.0027448
0.0021722 0.00273438

0.00292969 0.00230986
0.00288291 0.00234375

0.003125 0.00214509
0.00312134 0.00214844

0.00302734 0.0022333
0.00301156 0.00224609

0.00297852 0.0022704
0.00294707 0.00229492

0.00292969 0.00230989
0.00294905 0.00229492

0.00297852 0.00227005
0.0030084 0.00224609

0.00302734 0.00223237
0.00312334 0.00214844

0.00244141 0.00261118
0.00238917 0.00263672

0.00234375 0.00265875
0.00238882 0.00263672

0.00244141 0.00261127
0.00253906 0.00255999

0.00273438 0.00244639
0.00257817 0.00253906

0.00253906 0.00255976
0.00257458 0.00253906

0.00283203 0.00237964
0.00273967 0.00244141

0.00273438 0.00244567
0.00274101 0.00244141

0.00283203 0.00237953
0.00288172 0.00234375

0.003125 1.44582e-05
0.00314941 1.53799e-05

0.00314941 1.48818e-05
0.00317383 1.57371e-05

0.00317383 1.52207e-05
0.00319824 1.60461e-05

0.00319824 1.54676e-05
0.00322266 1.6562e-05

0.00322266 1.59916e-05
0.00324707 1.71953e-05

0.00324707 1.66674e-05
0.00327148 1.75417e-05

0.00327148 1.67802e-05
0.0032959 1.80352e-05

0.0032959 1.77644e-05
0.00332031 1.88513e-05

0.00332031 1.78446e-05
0.00334473 1.91227e-05

0.00334473 1.95478e-05
0.00336914 1.9624e-05

0.00336914 1.27077e-05
0.00339355 2.43786e-05

0.00339153 2.44141e-05
0.00339355 2.52185e-05

0.00339355 2.7311e-05
0.0034179 4.88281e-05

0.00341752 4.88281e-05
0.00341797 4.92637e-05

0.00341797 4.8675e-05
0.00341813 4.88281e-05

0.00341797 4.94822e-05
0.00344162 7.32422e-05

0.00344168 7.32422e-05
0.00344238 7.39795e-05

0.00344238 7.41432e-05
0.00346423 9.76563e-05

0.00346478 9.76563e-05
0.0034668 9.99226e-05

0.0034668 0.000100422
0.0035059 0.000146484

0.00350586 0.000146484
0.00351563 0.000159324

0.00351563 0.000159707
0.00354233 0.000195313

0.00354249 0.000195313
0.00356445 0.000228354

0.00356445 0.000229314
0.00357411 0.000244141

0.00357461 0.000244141
0.00360337 0.000292969

0.00360417 0.000292969
0.00361328 0.000311368

0.00361328 0.000312959
0.00362829 0.000341797

0.00362855 0.000341797
0.00365109 0.000390625

0.00365175 0.000390625
0.00368907 0.000488281

0.00368887 0.000488281
0.00371094 0.000566567

0.00371094 0.000568351
0.0037159 0.000585938

0.0037161 0.000585937
0.00373483 0.000683594

0.00373447 0.000683594
0.00374555 0.00078125

0.00374753 0.00078125
0.00374792 0.000976562

0.00374762 0.000976562
0.00371941 0.00117188

0.00371094 0.0012025
0.00366342 0.00136719

0.00366354 0.00136719
0.00357807 0.0015625

0.00371094 0.00119525
0.00371768 0.00117187

0.00332031 0.00194169
0.00331084 0.00195312

0.00351563 0.00167125
0.00346103 0.00175781

0.00341797 0.00181788
0.00339108 0.00185547

0.00332031 0.00194346
0.00339123 0.00185547

0.00346033 0.00175781
0.00342633 0.00180664

0.00341797 0.00181726
0.00342548 0.00180664

0.00331563 0.00195312
0.00312695 0.00214844

0.00357601 0.0015625
0.00352213 0.00166016

0.00351563 0.00166932
0.00352116 0.00166016

