0.00012192 0
0.00012207 4.48715e-07

0.00012207 7.78913e-07
0.000146484 8.5371e-07

0.000170898 2.40433e-05
0.000170598 2.44141e-05

0.000170898 4.81943e-05
0.000170721 4.88281e-05

0.000195313 9.34586e-06
0.000192642 2.44141e-05

0.000188784 2.44141e-05
0.000184303 4.88281e-05

0.000170835 4.88281e-05
0.000170898 4.91392e-05

0.000184526 4.88281e-05
0.000187942 7.32422e-05

0.000187271 7.32422e-05
0.000195313 8.95842e-05

0.000195313 1.39774e-05
0.00019779 0

0.000195313 8.9089e-05
0.000199591 9.76563e-05

0.000198519 9.76563e-05
0.000219727 0.00011945

0.000219727 0.000118998
0.000225375 0.00012207

0.000226733 0.00012207
0.000244141 0.000131272

0.000244141 0.000130854
0.000268555 0.000135009

0.000268555 0.000134981
0.000292969 0.000131626

0.000341797 9.44829e-05
0.000340204 9.76563e-05

0.000343264 0
0.00034717 2.44141e-05

0.000351007 2.44141e-05
0.000355048 4.88281e-05

0.000355028 4.88281e-05
0.000351571 7.32422e-05

0.000341797 9.40163e-05
0.000352185 7.32422e-05

0.000317383 0.000120506
0.000314232 0.00012207

0.000292969 0.000132204
0.000313459 0.00012207

0.000317383 0.000121299
0.000341133 9.76563e-05

0.00087704 0
0.000878906 5.1037e-06

0.000878906 3.82118e-06
0.00090332 4.20114e-06

0.00090332 5.59291e-06
0.000905407 0

0.00146273 0
0.00146484 6.03166e-06

0.00146484 5.5167e-06
0.00148377 2.44141e-05

0.00148307 2.44141e-05
0.00148926 2.65754e-05

0.00148926 1.72355e-05
0.00151367 1.73382e-05

0.00148926 2.44758e-05
0.001502 2.44141e-05

0.00151367 1.7317e-05
0.00153809 1.72285e-05

0.00152564 2.44141e-05
0.00153809 2.44764e-05

0.0015625 5.57336e-06
0.00154359 2.44141e-05

0.00153809 2.65697e-05
0.00154427 2.44141e-05

0 0.00312471
0.000390625 0.00311364

0.000390625 0.00311393
0.00078125 0.00308012

0.00078125 0.00308075
0.00117187 0.00302237

0.00117188 0.00302343
0.0015625 0.0029371

0.0015625 6.1015e-06
0.00156464 0

0.00165651 0
0.00166016 8.88789e-06

0.00166016 1.05179e-05
0.00167487 2.44141e-05

0.00167399 2.44141e-05
0.00168457 2.84015e-05

0.00168457 1.8904e-05
0.00170898 1.92038e-05

0.00169691 2.44141e-05
0.00170898 2.44823e-05

0.0017334 1.15417e-05
0.00171874 2.44141e-05

0.00170898 2.82012e-05
0.0017195 2.44141e-05

0.0017334 1.29443e-05
0.00173903 0

0.00179051 0
0.00180664 1.94807e-05

0.00180664 3.83178e-06
0.00183105 1.35112e-05

0.00183105 9.23219e-06
0.00185547 1.28444e-05

0.00185547 8.81388e-06
0.00187988 1.2619e-05

0.00187988 1.36729e-05
0.0019043 1.31723e-05

0.0019043 1.36741e-05
0.00192871 7.1033e-06

0.00192871 7.31617e-06
0.00195312 1.16878e-05

0.00195312 1.03412e-05
0.00197754 1.54865e-05

0.00197754 1.52363e-05
0.00200195 1.05424e-05

0.00200195 1.53426e-05
0.00202637 4.26866e-06

0.00202637 4.51533e-06
0.00205078 9.34042e-06

0.00205078 8.94854e-06
0.0020752 1.53833e-05

0.0020752 9.56166e-06
0.00209961 1.16504e-05

0.00209961 1.35456e-05
0.00212402 1.346e-05

0.00212402 1.30663e-05
0.00214844 8.03315e-06

0.00214844 7.64162e-06
0.00217285 1.31777e-05

0.00217285 1.40779e-05
0.00219727 1.38766e-05

0.00219727 1.32059e-05
0.00222168 7.3461e-06

0.00222168 7.27237e-06
0.00224609 1.34955e-05

0.00224609 1.40983e-05
0.00227051 1.41273e-05

0.00227051 1.4012e-05
0.00229492 6.79464e-06

0.00229492 7.57735e-06
0.00231934 1.18517e-05

0.00231934 1.04298e-05
0.00234375 1.53641e-05

0.00234375 1.53856e-05
0.00236816 1.05768e-05

0.00236816 1.2523e-05
0.00239258 6.89327e-06

0.00239258 6.90403e-06
0.00241699 1.25802e-05

0.00241699 1.05558e-05
0.00244141 1.53966e-05

0.00244141 1.53875e-05
0.00246582 1.05279e-05

0.00246582 1.24841e-05
0.00249023 7.01371e-06

0.00249023 7.01796e-06
0.00251465 1.25852e-05

0.00251465 1.06034e-05
0.00253906 1.53277e-05

0.00253906 1.5317e-05
0.00256348 1.05654e-05

0.00256348 1.24466e-05
0.00258789 7.17127e-06

0.00258789 7.16844e-06
0.0026123 1.25999e-05

0.0026123 1.07487e-05
0.00263672 1.51786e-05

0.00263672 1.51246e-05
0.00266113 1.05273e-05

0.00266113 1.17811e-05
0.00268555 8.05357e-06

0.00268555 7.27429e-06
0.00270996 1.39718e-05

0.00270996 1.40687e-05
0.00273438 1.40353e-05

0.00273437 1.38402e-05
0.00275879 7.36092e-06

0.00275879 8.16589e-06
0.0027832 1.19237e-05

0.0027832 1.07379e-05
0.00280762 1.49294e-05

0.00280762 1.49233e-05
0.00283203 1.07213e-05

0.00283203 1.19112e-05
0.00285645 8.18784e-06

0.00285645 7.40884e-06
0.00288086 1.38099e-05

0.00288086 1.39336e-05
0.00290527 1.40792e-05

0.00290527 1.38e-05
0.00292969 7.61489e-06

0.00292969 8.3475e-06
0.0029541 1.19672e-05

0.0029541 1.1365e-05
0.00297852 1.4389e-05

0.00297852 1.19411e-05
0.00300293 1.23415e-05

0.00300293 1.23715e-05
0.00302734 1.39326e-05

0.00302734 1.28067e-05
0.00305176 1.36793e-05

0.00305176 1.32428e-05
0.00307617 1.43343e-05

0.00307617 1.3616e-05
0.00310059 1.45058e-05

0.00310059 1.39679e-05
0.003125 1.49792e-05

0.00175781 0.00288078
0.00158247 0.00292969

0.0015625 0.00293579
0.00158439 0.00292969

0.00175781 0.00288134
0.00195312 0.00281813

0.00234375 0.0026597
0.0021735 0.00273438

0.00195312 0.00281847
0.00214844 0.00274483

0.00214844 0.00274476
0.00217212 0.00273438

0.00292969 0.00230994
0.00288302 0.00234375

0.003125 0.00214521
0.00312147 0.00214844

0.00302734 0.00223342
0.0030117 0.00224609

0.00297852 0.00227049
0.00294718 0.00229492

0.00292969 0.00230997
0.00294916 0.00229492

0.00297852 0.00227015
0.00300852 0.00224609

0.00302734 0.00223247
0.00312348 0.00214844

0.00244141 0.00261119
0.00238918 0.00263672

0.00234375 0.00265875
0.00238882 0.00263672

0.00244141 0.00261128
0.00253906 0.00256002

0.00273438 0.00244644
0.00257822 0.00253906

0.00253906 0.00255978
0.00257462 0.00253906

0.00283203 0.00237971
0.00273975 0.00244141

0.00273438 0.00244572
0.0027411 0.00244141

0.00283203 0.0023796
0.00288183 0.00234375

0.003125 1.43439e-05
0.00314941 1.5376e-05

0.00314941 1.47777e-05
0.00317383 1.58465e-05

0.00317383 1.5188e-05
0.00319824 1.63192e-05

0.00319824 1.62134e-05
0.00322266 1.63601e-05

0.00322266 1.55842e-05
0.00324707 1.61803e-05

0.00324707 1.53289e-05
0.00327148 1.83002e-05

0.00327148 1.79152e-05
0.0032959 1.93795e-05

0.0032959 1.85335e-05
0.00332031 1.79895e-05

0.00332031 1.76824e-05
0.00334473 1.85243e-05

0.00334473 1.87854e-05
0.00336914 1.94215e-05

0.00336914 1.26263e-05
0.0033928 2.44141e-05

0.00339052 2.44141e-05
0.00339355 2.56393e-05

0.00339355 2.42293e-05
0.00339373 2.44141e-05

0.00339355 2.74e-05
0.00341796 4.88281e-05

0.00341769 4.88281e-05
0.00341797 4.9101e-05

0.00341797 4.94243e-05
0.00344174 7.32422e-05

0.00344174 7.32422e-05
0.00344238 7.3909e-05

0.00344238 7.40377e-05
0.00346433 9.76563e-05

0.00346486 9.76563e-05
0.0034668 9.98386e-05

0.0034668 0.000100325
0.00350595 0.000146484

0.00350593 0.000146484
0.00351563 0.000159234

0.00351563 0.00015966
0.00354236 0.000195313

0.00354255 0.000195313
0.00356445 0.000228261

0.00356445 0.000229357
0.00357409 0.000244141

0.00357465 0.000244141
0.0036034 0.000292969

0.00360421 0.000292969
0.00361328 0.000311282

0.00361328 0.000312892
0.00362833 0.000341797

0.0036286 0.000341797
0.00365115 0.000390625

0.00365181 0.000390625
0.00368915 0.000488281

0.00368896 0.000488281
0.00371094 0.000566186

0.00371094 0.000567998
0.003716 0.000585938

0.00371621 0.000585937
0.00373496 0.000683594

0.00373459 0.000683594
0.00374568 0.00078125

0.00374766 0.00078125
0.00374806 0.000976562

0.00374776 0.000976562
0.00371956 0.00117188

0.00371094 0.00120301
0.00366357 0.00136719

0.00366368 0.00136719
0.00357822 0.0015625

0.00371094 0.00119581
0.00371784 0.00117187

0.00332031 0.00194178
0.00331092 0.00195312

0.00351563 0.00167147
0.00346117 0.00175781

0.00341797 0.0018181
0.00339124 0.00185547

0.00332031 0.00194364
0.00339137 0.00185547

0.00346047 0.00175781
0.00342647 0.00180664

0.00341797 0.00181736
0.00342555 0.00180664

0.00331578 0.00195312
0.00312708 0.00214844

0.00357615 0.0015625
0.00352227 0.00166016

0.00351563 0.0016696
0.00352134 0.00166016

