0.000121909 0
0.00012207 4.81269e-07

0.00012207 7.81548e-07
0.000146484 8.50228e-07

0.000170898 2.40358e-05
0.000170593 2.44141e-05

0.000170898 4.82008e-05
0.000170723 4.88281e-05

0.000195313 9.28583e-06
0.000192631 2.44141e-05

0.000188765 2.44141e-05
0.000184283 4.88281e-05

0.00017083 4.88281e-05
0.000170898 4.91634e-05

0.000184506 4.88281e-05
0.000187919 7.32422e-05

0.000187249 7.32422e-05
0.000195313 8.96315e-05

0.000195313 1.38681e-05
0.000197771 0

0.000195313 8.91396e-05
0.000199564 9.76563e-05

0.000198491 9.76563e-05
0.000219727 0.000119477

0.000219727 0.00011902
0.000225338 0.00012207

0.000226688 0.00012207
0.000244141 0.000131292

0.000244141 0.000130871
0.000268555 0.000135019

0.000268555 0.000134992
0.000292969 0.000131631

0.000341797 9.44586e-05
0.000340192 9.76563e-05

0.000343243 0
0.000347149 2.44141e-05

0.000350987 2.44141e-05
0.00035503 4.88281e-05

0.000355009 4.88281e-05
0.000351555 7.32422e-05

0.000341797 9.39919e-05
0.000352169 7.32422e-05

0.000317383 0.000120508
0.00031424 0.00012207

0.000292969 0.000132208
0.000313455 0.00012207

0.000317383 0.000121296
0.00034112 9.76563e-05

0.000876615 0
0.000878906 6.02371e-06

0.000878906 4.56368e-06
0.00090332 3.45274e-06

0.00090332 4.58276e-06
0.000904966 0

0.00146274 0
0.00146484 6.02861e-06

0.00146484 5.40764e-06
0.00148379 2.44141e-05

0.00148328 2.44141e-05
0.00148926 2.65104e-05

0.00148926 1.72318e-05
0.00151367 1.74951e-05

0.00148926 2.44568e-05
0.00150869 2.44141e-05

0.00151367 1.74968e-05
0.00153809 1.72349e-05

0.00151876 2.44141e-05
0.00153809 2.44572e-05

0.0015625 5.40774e-06
0.00154355 2.44141e-05

0.00153809 2.65124e-05
0.00154407 2.44141e-05

0 0.00312469
0.000390625 0.00311362

0.000390625 0.00311391
0.00078125 0.00308011

0.00078125 0.00308074
0.00117187 0.00302236

0.00117188 0.00302341
0.0015625 0.00293709

0.0015625 6.07926e-06
0.00156462 0

0.00165652 0
0.00166016 8.86889e-06

0.00166016 1.05098e-05
0.00167487 2.44141e-05

0.00167398 2.44141e-05
0.00168457 2.84091e-05

0.00168457 1.89164e-05
0.00170898 1.92076e-05

0.00169686 2.44141e-05
0.00170898 2.44801e-05

0.0017334 1.15237e-05
0.00171873 2.44141e-05

0.00170898 2.82015e-05
0.0017195 2.44141e-05

0.0017334 1.29578e-05
0.00173903 0

0.0017905 0
0.00180664 1.94839e-05

0.00180664 3.8381e-06
0.00183105 1.35107e-05

0.00183105 9.23675e-06
0.00185547 1.28396e-05

0.00185547 8.81055e-06
0.00187988 1.26177e-05

0.00187988 1.36715e-05
0.0019043 1.31755e-05

0.0019043 1.36738e-05
0.00192871 7.10491e-06

0.00192871 7.31837e-06
0.00195312 1.1689e-05

0.00195312 1.03448e-05
0.00197754 1.54835e-05

0.00197754 1.52327e-05
0.00200195 1.05407e-05

0.00200195 1.53362e-05
0.00202637 4.27878e-06

0.00202637 4.50968e-06
0.00205078 9.35671e-06

0.00205078 9.00213e-06
0.0020752 1.53584e-05

0.0020752 9.52287e-06
0.00209961 1.1609e-05

0.00209961 1.34991e-05
0.00212402 1.35289e-05

0.00212402 1.31876e-05
0.00214844 7.98349e-06

0.00214844 7.56781e-06
0.00217285 1.30652e-05

0.00217285 1.39415e-05
0.00219727 1.40143e-05

0.00219727 1.32996e-05
0.00222168 7.43003e-06

0.00222168 7.33415e-06
0.00224609 1.33973e-05

0.00224609 1.40723e-05
0.00227051 1.41414e-05

0.00227051 1.40169e-05
0.00229492 6.80695e-06

0.00229492 7.58167e-06
0.00231934 1.18427e-05

0.00231934 1.04308e-05
0.00234375 1.53654e-05

0.00234375 1.53831e-05
0.00236816 1.05748e-05

0.00236816 1.25212e-05
0.00239258 6.89838e-06

0.00239258 6.90828e-06
0.00241699 1.25792e-05

0.00241699 1.05565e-05
0.00244141 1.53936e-05

0.00244141 1.53851e-05
0.00246582 1.05284e-05

0.00246582 1.24831e-05
0.00249023 7.01654e-06

0.00249023 7.02066e-06
0.00251465 1.25848e-05

0.00251465 1.0604e-05
0.00253906 1.53257e-05

0.00253906 1.53154e-05
0.00256348 1.05656e-05

0.00256348 1.24467e-05
0.00258789 7.17232e-06

0.00258789 7.16926e-06
0.0026123 1.25988e-05

0.0026123 1.07476e-05
0.00263672 1.51786e-05

0.00263672 1.51258e-05
0.00266113 1.0527e-05

0.00266113 1.17798e-05
0.00268555 8.05184e-06

0.00268555 7.27337e-06
0.00270996 1.39735e-05

0.00270996 1.40692e-05
0.00273438 1.40348e-05

0.00273437 1.38391e-05
0.00275879 7.36134e-06

0.00275879 8.16601e-06
0.0027832 1.19254e-05

0.0027832 1.0739e-05
0.00280762 1.49296e-05

0.00280762 1.49236e-05
0.00283203 1.07219e-05

0.00283203 1.19158e-05
0.00285645 8.18479e-06

0.00285645 7.40839e-06
0.00288086 1.38024e-05

0.00288086 1.39195e-05
0.00290527 1.4084e-05

0.00290527 1.37725e-05
0.00292969 7.65994e-06

0.00292969 8.40859e-06
0.0029541 1.1979e-05

0.0029541 1.13689e-05
0.00297852 1.43497e-05

0.00297852 1.19404e-05
0.00300293 1.23593e-05

0.00300293 1.24012e-05
0.00302734 1.38928e-05

0.00302734 1.27969e-05
0.00305176 1.36063e-05

0.00305176 1.31595e-05
0.00307617 1.43122e-05

0.00307617 1.35392e-05
0.00310059 1.45869e-05

0.00310059 1.39985e-05
0.003125 1.50868e-05

0.00175781 0.00288078
0.00158244 0.00292969

0.0015625 0.00293578
0.00158436 0.00292969

0.00175781 0.00288133
0.00195312 0.00281812

0.00234375 0.0026597
0.0021735 0.00273438

0.00195312 0.00281847
0.00214844 0.00274483

0.00214844 0.00274476
0.00217212 0.00273438

0.00292969 0.00230996
0.00288304 0.00234375

0.003125 0.00214522
0.00312148 0.00214844

0.00302734 0.00223344
0.00301173 0.00224609

0.00297852 0.0022705
0.0029472 0.00229492

0.00292969 0.00230998
0.00294918 0.00229492

0.00297852 0.00227016
0.00300854 0.00224609

0.00302734 0.00223249
0.0031235 0.00214844

0.00244141 0.00261119
0.00238918 0.00263672

0.00234375 0.00265875
0.00238882 0.00263672

0.00244141 0.00261128
0.00253906 0.00256002

0.00273438 0.00244645
0.00257823 0.00253906

0.00253906 0.00255979
0.00257462 0.00253906

0.00283203 0.00237972
0.00273976 0.00244141

0.00273438 0.00244573
0.00274112 0.00244141

0.00283203 0.00237961
0.00288184 0.00234375

0.003125 1.44599e-05
0.00314941 1.5392e-05

0.00314941 1.48451e-05
0.00317383 1.57597e-05

0.00317383 1.51469e-05
0.00319824 1.62339e-05

0.00319824 1.61543e-05
0.00322266 1.63182e-05

0.00322266 1.55384e-05
0.00324707 1.61289e-05

0.00324707 1.52482e-05
0.00327148 1.82669e-05

0.00327148 1.78924e-05
0.0032959 1.93788e-05

0.0032959 1.84135e-05
0.00332031 1.80343e-05

0.00332031 1.74799e-05
0.00334473 1.90332e-05

0.00334473 1.94016e-05
0.00336914 2.01528e-05

0.00336914 1.317e-05
0.0033928 2.44141e-05

0.00339032 2.44141e-05
0.00339355 2.56946e-05

0.00339355 2.41892e-05
0.00339377 2.44141e-05

0.00339355 2.76555e-05
0.00341773 4.88281e-05

0.00341752 4.88281e-05
0.00341797 4.92626e-05

0.00341797 4.96142e-05
0.00344159 7.32422e-05

0.00344159 7.32422e-05
0.00344238 7.40672e-05

0.00344238 7.42117e-05
0.00346419 9.76563e-05

0.00346474 9.76563e-05
0.0034668 9.99762e-05

0.0034668 0.000100767
0.00348541 0.00012207

0.00348521 0.00012207
0.00349121 0.000129261

0.00349121 0.000128898
0.00350564 0.000146484

0.00350588 0.000146484
0.00351563 0.000159279

0.00351563 0.000159714
0.00354235 0.000195313

0.00354256 0.000195313
0.00356445 0.000228217

0.00356445 0.000229327
0.00357412 0.000244141

0.00357468 0.000244141
0.00360346 0.000292969

0.00360427 0.000292969
0.00361328 0.00031116

0.00361328 0.00031278
0.0036284 0.000341797

0.00362866 0.000341797
0.00365122 0.000390625

0.00365188 0.000390625
0.00368922 0.000488281

0.00368902 0.000488281
0.00371094 0.000565994

0.00371094 0.000567772
0.00371606 0.000585938

0.00371626 0.000585937
0.003735 0.000683594

0.00373463 0.000683594
0.00374572 0.00078125

0.0037477 0.00078125
0.00374809 0.000976562

0.00374779 0.000976562
0.00371958 0.00117188

0.00371094 0.0012031
0.00366359 0.00136719

0.00366371 0.00136719
0.00357824 0.0015625

0.00371094 0.00119591
0.00371787 0.00117187

0.00332031 0.0019418
0.00331093 0.00195312

0.00351563 0.00167151
0.00346119 0.00175781

0.00341797 0.00181814
0.00339127 0.00185547

0.00332031 0.00194367
0.0033914 0.00185547

0.0034605 0.00175781
0.0034265 0.00180664

0.00341797 0.00181738
0.00342556 0.00180664

0.00331581 0.00195312
0.0031271 0.00214844

0.00357618 0.0015625
0.0035223 0.00166016

0.00351563 0.00166965
0.00352137 0.00166016

