0.000121901 0
0.00012207 5.05402e-07

0.00012207 7.83122e-07
0.000146484 8.47903e-07

0.000170898 2.40282e-05
0.000170587 2.44141e-05

0.000170898 4.82064e-05
0.000170725 4.88281e-05

0.000195313 9.238e-06
0.000192622 2.44141e-05

0.000188751 2.44141e-05
0.000184268 4.88281e-05

0.000170827 4.88281e-05
0.000170898 4.91776e-05

0.000184492 4.88281e-05
0.000187905 7.32422e-05

0.000187234 7.32422e-05
0.000195313 8.96594e-05

0.000195313 1.37801e-05
0.000197755 0

0.000195313 8.91686e-05
0.00019955 9.76563e-05

0.000198475 9.76563e-05
0.000219727 0.000119489

0.000219727 0.000119029
0.000225325 0.00012207

0.000226667 0.00012207
0.000244141 0.000131299

0.000244141 0.000130876
0.000268555 0.000135017

0.000268555 0.000134991
0.000292969 0.000131624

0.000341797 9.44217e-05
0.000340173 9.76563e-05

0.000343226 0
0.000347132 2.44141e-05

0.000350969 2.44141e-05
0.000355012 4.88281e-05

0.000354991 4.88281e-05
0.000351536 7.32422e-05

0.000341797 9.39514e-05
0.000352149 7.32422e-05

0.000317383 0.000120498
0.000314222 0.00012207

0.000292969 0.0001322
0.000313426 0.00012207

0.000317383 0.000121279
0.000341097 9.76563e-05

0.000877034 0
0.000878906 5.11672e-06

0.000878906 3.87272e-06
0.00090332 4.16546e-06

0.00090332 5.49837e-06
0.000905363 0

0.00146274 0
0.00146484 6.02353e-06

0.00146484 5.53655e-06
0.00148376 2.44141e-05

0.00148306 2.44141e-05
0.00148926 2.6577e-05

0.00148926 1.7224e-05
0.00151367 1.73287e-05

0.00148926 2.44755e-05
0.00150198 2.44141e-05

0.00151367 1.73293e-05
0.00153809 1.72404e-05

0.00152558 2.44141e-05
0.00153809 2.44764e-05

0.0015625 5.55219e-06
0.00154359 2.44141e-05

0.00153809 2.6567e-05
0.00154426 2.44141e-05

0 0.00312467
0.000390625 0.0031136

0.000390625 0.00311389
0.00078125 0.00308009

0.00078125 0.00308072
0.00117187 0.00302234

0.00117188 0.0030234
0.0015625 0.00293708

0.0015625 6.11111e-06
0.00156464 0

0.00165651 0
0.00166016 8.88454e-06

0.00166016 1.05089e-05
0.00167487 2.44141e-05

0.001674 2.44141e-05
0.00168457 2.84006e-05

0.00168457 1.89112e-05
0.00170898 1.9211e-05

0.00169694 2.44141e-05
0.00170898 2.44823e-05

0.0017334 1.15313e-05
0.00171874 2.44141e-05

0.00170898 2.82043e-05
0.00171951 2.44141e-05

0.0017334 1.2948e-05
0.00173903 0

0.0017905 0
0.00180664 1.94874e-05

0.00180664 3.84769e-06
0.00183105 1.35062e-05

0.00183105 9.23623e-06
0.00185547 1.28338e-05

0.00185547 8.80678e-06
0.00187988 1.26202e-05

0.00187988 1.367e-05
0.0019043 1.31782e-05

0.0019043 1.36751e-05
0.00192871 7.10799e-06

0.00192871 7.3222e-06
0.00195312 1.16874e-05

0.00195312 1.03454e-05
0.00197754 1.54815e-05

0.00197754 1.52313e-05
0.00200195 1.05407e-05

0.00200195 1.53355e-05
0.00202637 4.28011e-06

0.00202637 4.52373e-06
0.00205078 9.34333e-06

0.00205078 8.95284e-06
0.0020752 1.53798e-05

0.0020752 9.55944e-06
0.00209961 1.16564e-05

0.00209961 1.35478e-05
0.00212402 1.34699e-05

0.00212402 1.31425e-05
0.00214844 7.97098e-06

0.00214844 7.56977e-06
0.00217285 1.30992e-05

0.00217285 1.39596e-05
0.00219727 1.39779e-05

0.00219727 1.31908e-05
0.00222168 7.50244e-06

0.00222168 7.43103e-06
0.00224609 1.3497e-05

0.00224609 1.42102e-05
0.00227051 1.39998e-05

0.00227051 1.39343e-05
0.00229492 6.71219e-06

0.00229492 7.50516e-06
0.00231934 1.19346e-05

0.00231934 1.04423e-05
0.00234375 1.53648e-05

0.00234375 1.53875e-05
0.00236816 1.05723e-05

0.00236816 1.25215e-05
0.00239258 6.89883e-06

0.00239258 6.90992e-06
0.00241699 1.25791e-05

0.00241699 1.05568e-05
0.00244141 1.53924e-05

0.00244141 1.5384e-05
0.00246582 1.0529e-05

0.00246582 1.24831e-05
0.00249023 7.01791e-06

0.00249023 7.02217e-06
0.00251465 1.25841e-05

0.00251465 1.06037e-05
0.00253906 1.53249e-05

0.00253906 1.53148e-05
0.00256348 1.05663e-05

0.00256348 1.24473e-05
0.00258789 7.17235e-06

0.00258789 7.16915e-06
0.0026123 1.25982e-05

0.0026123 1.07473e-05
0.00263672 1.51789e-05

0.00263672 1.51256e-05
0.00266113 1.05274e-05

0.00266113 1.17806e-05
0.00268555 8.0517e-06

0.00268555 7.27311e-06
0.00270996 1.39727e-05

0.00270996 1.40687e-05
0.00273438 1.40353e-05

0.00273437 1.38385e-05
0.00275879 7.36244e-06

0.00275879 8.16778e-06
0.0027832 1.19255e-05

0.0027832 1.0738e-05
0.00280762 1.49293e-05

0.00280762 1.49244e-05
0.00283203 1.07241e-05

0.00283203 1.19196e-05
0.00285645 8.18128e-06

0.00285645 7.40891e-06
0.00288086 1.37963e-05

0.00288086 1.39023e-05
0.00290527 1.40914e-05

0.00290527 1.37541e-05
0.00292969 7.70575e-06

0.00292969 8.45882e-06
0.0029541 1.19901e-05

0.0029541 1.14068e-05
0.00297852 1.4299e-05

0.00297852 1.19464e-05
0.00300293 1.22976e-05

0.00300293 1.23269e-05
0.00302734 1.38602e-05

0.00302734 1.27245e-05
0.00305176 1.36762e-05

0.00305176 1.31794e-05
0.00307617 1.43923e-05

0.00307617 1.36297e-05
0.00310059 1.45886e-05

0.00310059 1.40515e-05
0.003125 1.50006e-05

0.00175781 0.00288077
0.00158241 0.00292969

0.0015625 0.00293577
0.00158432 0.00292969

0.00175781 0.00288133
0.00195312 0.00281812

0.00234375 0.0026597
0.00217349 0.00273438

0.00195312 0.00281846
0.00214844 0.00274483

0.00214844 0.00274476
0.00217211 0.00273438

0.00292969 0.00230997
0.00288305 0.00234375

0.003125 0.00214524
0.0031215 0.00214844

0.00302734 0.00223346
0.00301175 0.00224609

0.00297852 0.00227052
0.00294721 0.00229492

0.00292969 0.00230999
0.00294919 0.00229492

0.00297852 0.00227018
0.00300855 0.00224609

0.00302734 0.0022325
0.00312352 0.00214844

0.00244141 0.00261119
0.00238918 0.00263672

0.00234375 0.00265875
0.00238882 0.00263672

0.00244141 0.00261129
0.00253906 0.00256002

0.00273438 0.00244645
0.00257824 0.00253906

0.00253906 0.00255979
0.00257463 0.00253906

0.00283203 0.00237973
0.00273977 0.00244141

0.00273438 0.00244574
0.00274113 0.00244141

0.00283203 0.00237962
0.00288186 0.00234375

0.003125 1.44216e-05
0.00314941 1.53005e-05

0.00314941 1.47985e-05
0.00317383 1.56813e-05

0.00317383 1.51464e-05
0.00319824 1.60445e-05

0.00319824 1.54643e-05
0.00322266 1.65466e-05

0.00322266 1.59483e-05
0.00324707 1.71385e-05

0.00324707 1.64988e-05
0.00327148 1.76628e-05

0.00327148 1.69277e-05
0.0032959 1.83312e-05

0.0032959 1.78131e-05
0.00332031 1.90612e-05

0.00332031 1.82771e-05
0.00334473 1.94781e-05

0.00334473 1.96227e-05
0.00336914 1.96535e-05

0.00336914 1.31597e-05
0.00339307 2.44141e-05

0.00339192 2.44141e-05
0.00339355 2.50458e-05

0.00339355 2.7117e-05
0.00341797 4.853e-05

0.00341753 4.88281e-05
0.00341797 4.92545e-05

0.00341797 4.8295e-05
0.00341851 4.88281e-05

0.00341797 4.93872e-05
0.00344149 7.32422e-05

0.00344156 7.32422e-05
0.00344238 7.41029e-05

0.00344238 7.43047e-05
0.00346401 9.76563e-05

0.00346458 9.76563e-05
0.0034668 0.000100143

0.0034668 0.000100625
0.00350572 0.000146484

0.00350575 0.000146484
0.00351563 0.00015944

0.00351563 0.000159896
0.00354223 0.000195313

0.00354245 0.000195313
0.00356445 0.000228359

0.00356445 0.0002295
0.003574 0.000244141

0.00357459 0.000244141
0.00360339 0.000292969

0.0036042 0.000292969
0.00361328 0.000311283

0.00361328 0.00031291
0.00362834 0.000341797

0.00362861 0.000341797
0.00365119 0.000390625

0.00365185 0.000390625
0.00368922 0.000488281

0.00368902 0.000488281
0.00371094 0.000565939

0.00371094 0.000567741
0.00371607 0.000585938

0.00371628 0.000585937
0.00373503 0.000683594

0.00373466 0.000683594
0.00374575 0.00078125

0.00374773 0.00078125
0.00374813 0.000976562

0.00374783 0.000976562
0.00371961 0.00117188

0.00371094 0.00120321
0.00366362 0.00136719

0.00366374 0.00136719
0.00357827 0.0015625

0.00371094 0.00119604
0.00371791 0.00117187

0.00332031 0.00194181
0.00331094 0.00195312

0.00351563 0.00167156
0.00346122 0.00175781

0.00341797 0.00181818
0.0033913 0.00185547

0.00332031 0.0019437
0.00339142 0.00185547

0.00346052 0.00175781
0.00342652 0.00180664

0.00341797 0.0018174
0.00342558 0.00180664

0.00331583 0.00195312
0.00312712 0.00214844

0.0035762 0.0015625
0.00352232 0.00166016

0.00351563 0.0016697
0.0035214 0.00166016

