0 7.04346e-05
0.00012207 7.05918e-05

0.00012207 7.04201e-05
0.000244141 7.08486e-05

0.000244141 7.09067e-05
0.000366211 7.07811e-05

0.000366211 7.07514e-05
0.000488281 7.03233e-05

0.000488281 7.05422e-05
0.000610352 7.04854e-05

0.000610352 7.06445e-05
0.000732422 7.03428e-05

0.000732422 7.04768e-05
0.000854492 7.00865e-05

0.000854492 7.03355e-05
0.000976562 7.00523e-05

0 0.00151823
0.000244141 0.00151896

0.000244141 0.00151893
0.000366211 0.0015199

0.000366211 0.00151992
0.000488281 0.0015215

0.000488281 0.00152151
0.000610352 0.00152362

0.000610352 0.00152364
0.000732422 0.00152623

0.000732422 0.00152624
0.000854492 0.00152926

0.000854492 0.00152928
0.000976562 0.00153265

0.000976562 7.10264e-05
0.00109863 6.91026e-05

0.00109863 6.99405e-05
0.0012207 6.75154e-05

0.0012207 7.19512e-05
0.00134277 6.45256e-05

0.00134277 6.60825e-05
0.00146484 6.04852e-05

0.00146484 6.64313e-05
0.00158691 6.21256e-05

0.00158691 0.000120589
0.00170898 4.88829e-08

0.00170898 1.70082e-05
0.00174583 0

0.000976562 0.00153267
0.00109863 0.00153635

0.00109863 0.00153636
0.0012207 0.00154027

0.0012207 0.00154029
0.00134277 0.00154435

0.00134277 0.00154437
0.00146484 0.00154853

0.00146484 0.00154854
0.00158691 0.00155273

0.00158691 0.00155275
0.00170898 0.00155689

0.00170898 0.00155691
0.00183105 0.00156095

0.00183105 0.00156097
0.00195312 0.00156483

0.00201954 0
0.0020752 9.99275e-05

0.0020752 9.08262e-05
0.00219727 4.49798e-05

0.00219727 4.20742e-05
0.00221237 0

0.00195312 0.00156485
0.0020752 0.00156847

0.0020752 0.00156848
0.00219727 0.0015718

0.00219727 0.00157181
0.00231934 0.00157475

0.00231934 0.00157476
0.00244141 0.00157725

0.00244141 0.00157727
0.00256348 0.00157925

0.00256348 0.00157926
0.00268555 0.00158066

0.00268555 0.00158068
0.00280762 0.00158143

0.00280762 0.00158145
0.00292969 0.00158149

0.00292969 0.00158151
0.00305176 0.00158078

0.00305176 0.0015808
0.00317383 0.00157923

0.00317383 0.00157924
0.0032959 0.00157678

0.0032959 0.00157679
0.00341797 0.00157336

0.00341797 0.00157337
0.00354004 0.00156891

0.00354004 0.00156892
0.00366211 0.00156336

0.00366211 0.00156338
0.00378418 0.00155664

0.00378418 0.00155666
0.00390625 0.00154869

0.00390625 0.00154871
0.00402832 0.00153942

0.00402832 0.00153944
0.00415039 0.00152876

0.00415039 0.00152878
0.00427246 0.00151662

0.00427246 0.00151664
0.00439453 0.00150291

0.00476074 0.00145152
0.00467502 0.00146484

0.00476074 0.00145149
0.00488281 0.00143059

0.00439453 0.00150293
0.0045166 0.00148753

0.0045166 0.00148755
0.00463867 0.00147041

0.00463867 0.00147031
0.00467385 0.00146484

0.00550072 0
0.0055911 0.00012207

0.00561066 0.00012207
0.00561523 0.000124568

0.00561523 0.000116006
0.00562793 0.00012207

0.00563933 0.00012207
0.0057373 0.000147689

0.0057373 0.000133821
0.00585938 0.000132599

0.00488281 0.00143061
0.00500488 0.00140769

0.00500488 0.00140773
0.00512695 0.00138265

0.00512695 0.00138268
0.00524902 0.00135529

0.00537109 0.00132561
0.00530093 0.00134277

0.00524902 0.00135517
0.00529967 0.00134277

0.00537109 0.00132552
0.00549316 0.00129298

0.00549316 0.00129302
0.00561523 0.00125765

0.00585938 0.00117864
0.0057319 0.0012207

0.00561523 0.00125766
0.00573312 0.0012207

0.00598145 0.000118412
0.00597303 0.00012207

0.00585938 0.000143384
0.00594806 0.00012207

0.00610317 0
0.0060088 0.00012207

0.00598145 0.00012221
0.00598171 0.00012207

0.00634766 0.000972741
0.00633957 0.000976562

0.00634766 0.000972786
0.00646973 0.000909914

0.0065918 0.000841908
0.00656943 0.000854492

0.00646973 0.000909909
0.00656821 0.000854492

0.00683594 0.000686064
0.00676752 0.000732422

0.0065918 0.000841592
0.00671387 0.000766365

0.00671387 0.0007633
0.0067598 0.000732422

0.00585938 0.00117858
0.00610352 0.00108379

0.00610352 0.0010832
0.00622559 0.00103017

0.00622559 0.00103026
0.00633926 0.000976562

0.00720215 0.000378022
0.00708435 0.000488281

0.00732422 0.000249529
0.00721394 0.000366211

0.00720215 0.000377667
0.00721365 0.000366211

0.00695801 0.000594677
0.00693749 0.000610352

0.00683594 0.000683783
0.00693408 0.000610352

0.00695801 0.000593425
0.00708008 0.000491714

0.00708008 0.000491474
0.00708369 0.000488281

0.00744629 0.000116667
0.00744405 0.00012207

0.00743175 0.00012207
0.0073287 0.000244141

0.00750216 0
0.00745341 0.00012207

0.00744629 0.000122311
0.00744648 0.00012207

0.00732422 0.000249564
0.00732907 0.000244141

