0.000121877 0
0.00012207 5.77828e-07

0.00012207 7.89912e-07
0.000146484 8.38822e-07

0.000170898 2.4009e-05
0.000170574 2.44141e-05

0.000170898 4.82243e-05
0.00017073 4.88281e-05

0.000195313 9.06851e-06
0.000192592 2.44141e-05

0.000188703 2.44141e-05
0.000184221 4.88281e-05

0.000170819 4.88281e-05
0.000170898 4.92184e-05

0.000184445 4.88281e-05
0.000187857 7.32422e-05

0.000187187 7.32422e-05
0.000195313 8.97505e-05

0.000195313 1.34848e-05
0.000197703 0

0.000195313 8.92644e-05
0.000199502 9.76563e-05

0.000198423 9.76563e-05
0.000219727 0.00011953

0.000219727 0.000119058
0.000225281 0.00012207

0.0002266 0.00012207
0.000244141 0.000131323

0.000244141 0.000130894
0.000268555 0.00013502

0.000268555 0.000134994
0.000292969 0.000131611

0.000341797 9.43237e-05
0.000340124 9.76563e-05

0.000343168 0
0.000347075 2.44141e-05

0.000350913 2.44141e-05
0.000354957 4.88281e-05

0.000354936 4.88281e-05
0.000351483 7.32422e-05

0.000341797 9.38495e-05
0.000352094 7.32422e-05

0.000317383 0.000120475
0.000314182 0.00012207

0.000292969 0.000132185
0.000313362 0.00012207

0.000317383 0.000121242
0.000341041 9.76563e-05

0.000876583 0
0.000878906 6.08934e-06

0.000878906 4.64111e-06
0.00090332 3.38152e-06

0.00090332 4.44008e-06
0.000904907 0

0.00146274 0
0.00146484 6.03524e-06

0.00146484 5.38608e-06
0.0014838 2.44141e-05

0.00148328 2.44141e-05
0.00148926 2.65125e-05

0.00148926 1.72424e-05
0.00151367 1.75081e-05

0.00148926 2.44565e-05
0.0015088 2.44141e-05

0.00151367 1.74884e-05
0.00153809 1.72271e-05

0.0015188 2.44141e-05
0.00153809 2.44574e-05

0.0015625 5.43096e-06
0.00154356 2.44141e-05

0.00153809 2.65131e-05
0.00154408 2.44141e-05

0 0.00312462
0.000390625 0.00311355

0.000390625 0.00311384
0.00078125 0.00308004

0.00078125 0.00308067
0.00117187 0.0030223

0.00117188 0.00302336
0.0015625 0.00293705

0.0015625 6.07846e-06
0.00156462 0

0.00165651 0
0.00166016 8.88195e-06

0.00166016 1.0518e-05
0.00167486 2.44141e-05

0.00167398 2.44141e-05
0.00168457 2.84063e-05

0.00168457 1.89118e-05
0.00170898 1.92049e-05

0.00169687 2.44141e-05
0.00170898 2.44806e-05

0.0017334 1.15327e-05
0.00171874 2.44141e-05

0.00170898 2.82019e-05
0.0017195 2.44141e-05

0.0017334 1.29549e-05
0.00173903 0

0.0017905 0
0.00180664 1.9491e-05

0.00180664 3.85071e-06
0.00183105 1.351e-05

0.00183105 9.24276e-06
0.00185547 1.28359e-05

0.00185547 8.81269e-06
0.00187988 1.26172e-05

0.00187988 1.36681e-05
0.0019043 1.31782e-05

0.0019043 1.3674e-05
0.00192871 7.11438e-06

0.00192871 7.32851e-06
0.00195312 1.16867e-05

0.00195312 1.03456e-05
0.00197754 1.54794e-05

0.00197754 1.52307e-05
0.00200195 1.05444e-05

0.00200195 1.53286e-05
0.00202637 4.29043e-06

0.00202637 4.51936e-06
0.00205078 9.36516e-06

0.00205078 9.01509e-06
0.0020752 1.53514e-05

0.0020752 9.52396e-06
0.00209961 1.16056e-05

0.00209961 1.34946e-05
0.00212402 1.35337e-05

0.00212402 1.31875e-05
0.00214844 7.99357e-06

0.00214844 7.57649e-06
0.00217285 1.30671e-05

0.00217285 1.39508e-05
0.00219727 1.40092e-05

0.00219727 1.32876e-05
0.00222168 7.43361e-06

0.00222168 7.34411e-06
0.00224609 1.341e-05

0.00224609 1.40861e-05
0.00227051 1.41254e-05

0.00227051 1.40065e-05
0.00229492 6.80014e-06

0.00229492 7.57789e-06
0.00231934 1.18519e-05

0.00231934 1.04317e-05
0.00234375 1.53619e-05

0.00234375 1.53813e-05
0.00236816 1.05761e-05

0.00236816 1.25202e-05
0.00239258 6.90102e-06

0.00239258 6.91037e-06
0.00241699 1.25803e-05

0.00241699 1.05579e-05
0.00244141 1.53934e-05

0.00244141 1.53847e-05
0.00246582 1.05303e-05

0.00246582 1.24852e-05
0.00249023 7.0183e-06

0.00249023 7.02218e-06
0.00251465 1.25836e-05

0.00251465 1.06038e-05
0.00253906 1.5327e-05

0.00253906 1.53169e-05
0.00256348 1.05668e-05

0.00256348 1.24459e-05
0.00258789 7.17339e-06

0.00258789 7.16928e-06
0.0026123 1.26032e-05

0.0026123 1.07538e-05
0.00263672 1.51788e-05

0.00263672 1.51241e-05
0.00266113 1.05261e-05

0.00266113 1.17835e-05
0.00268555 8.05512e-06

0.00268555 7.27506e-06
0.00270996 1.39683e-05

0.00270996 1.40661e-05
0.00273438 1.40362e-05

0.00273437 1.38311e-05
0.00275879 7.372e-06

0.00275879 8.18013e-06
0.0027832 1.19306e-05

0.0027832 1.07481e-05
0.00280762 1.49144e-05

0.00280762 1.49106e-05
0.00283203 1.07218e-05

0.00283203 1.18414e-05
0.00285645 8.27131e-06

0.00285645 7.51827e-06
0.00288086 1.38617e-05

0.00288086 1.40024e-05
0.00290527 1.39792e-05

0.00290527 1.37203e-05
0.00292969 7.62849e-06

0.00292969 8.38871e-06
0.0029541 1.20171e-05

0.0029541 1.13801e-05
0.00297852 1.43213e-05

0.00297852 1.19615e-05
0.00300293 1.23023e-05

0.00300293 1.23498e-05
0.00302734 1.38187e-05

0.00302734 1.27095e-05
0.00305176 1.36185e-05

0.00305176 1.31112e-05
0.00307617 1.43768e-05

0.00307617 1.35791e-05
0.00310059 1.46413e-05

0.00310059 1.40785e-05
0.003125 1.50492e-05

0.00175781 0.00288074
0.00158229 0.00292969

0.0015625 0.00293574
0.00158421 0.00292969

0.00175781 0.0028813
0.00195312 0.0028181

0.00234375 0.00265969
0.00217346 0.00273438

0.00195312 0.00281844
0.00214844 0.00274481

0.00214844 0.00274474
0.00217208 0.00273438

0.00292969 0.00230999
0.00288308 0.00234375

0.003125 0.00214527
0.00312153 0.00214844

0.00302734 0.00223349
0.00301178 0.00224609

0.00297852 0.00227054
0.00294724 0.00229492

0.00292969 0.00231001
0.00294921 0.00229492

0.00297852 0.0022702
0.00300858 0.00224609

0.00302734 0.00223253
0.00312355 0.00214844

0.00244141 0.00261119
0.00238917 0.00263672

0.00234375 0.00265874
0.00238881 0.00263672

0.00244141 0.00261128
0.00253906 0.00256002

0.00273438 0.00244647
0.00257824 0.00253906

0.00253906 0.00255979
0.00257463 0.00253906

0.00283203 0.00237974
0.00273979 0.00244141

0.00273438 0.00244575
0.00274114 0.00244141

0.00283203 0.00237964
0.00288188 0.00234375

0.003125 1.44687e-05
0.00314941 1.52923e-05

0.00314941 1.47739e-05
0.00317383 1.56931e-05

0.00317383 1.51548e-05
0.00319824 1.6137e-05

0.00319824 1.55708e-05
0.00322266 1.65753e-05

0.00322266 1.59423e-05
0.00324707 1.71138e-05

0.00324707 1.65115e-05
0.00327148 1.77542e-05

0.00327148 1.68916e-05
0.0032959 1.84883e-05

0.0032959 1.87388e-05
0.00332031 1.86311e-05

0.00332031 1.72192e-05
0.00334473 1.79472e-05

0.00334473 1.89993e-05
0.00336914 1.98266e-05

0.00336914 1.25157e-05
0.00339355 2.42644e-05

0.00339131 2.44141e-05
0.00339355 2.5307e-05

0.00339355 2.36885e-05
0.00339424 2.44141e-05

0.00339355 2.71618e-05
0.00341797 4.86975e-05

0.00341773 4.88281e-05
0.00341797 4.90547e-05

0.00341797 4.83141e-05
0.0034185 4.88281e-05

0.00341797 4.92407e-05
0.00344184 7.32422e-05

0.00344183 7.32422e-05
0.00344238 7.38189e-05

0.00344238 7.397e-05
0.00346433 9.76563e-05

0.00346482 9.76563e-05
0.0034668 9.98802e-05

0.0034668 0.000100591
0.00348552 0.00012207

0.0034853 0.00012207
0.00349121 0.000129164

0.00349121 0.000128813
0.00350568 0.000146484

0.00350592 0.000146484
0.00351563 0.000159256

0.00351563 0.00015969
0.00354232 0.000195313

0.00354255 0.000195313
0.00356445 0.00022826

0.00356445 0.00022944
0.00357403 0.000244141

0.00357463 0.000244141
0.00360339 0.000292969

0.00360421 0.000292969
0.00361328 0.000311286

0.00361328 0.0003129
0.00362833 0.000341797

0.00362859 0.000341797
0.00365115 0.000390625

0.00365182 0.000390625
0.00368916 0.000488281

0.00368897 0.000488281
0.00371094 0.00056612

0.00371094 0.000567939
0.00371602 0.000585938

0.00371622 0.000585937
0.00373498 0.000683594

0.00373462 0.000683594
0.00374572 0.00078125

0.0037477 0.00078125
0.00374812 0.000976562

0.00374782 0.000976562
0.00371963 0.00117188

0.00371094 0.00120329
0.00366366 0.00136719

0.00366377 0.00136719
0.00357831 0.0015625

0.00371094 0.00119613
0.00371793 0.00117187

0.00332031 0.00194183
0.00331096 0.00195312

0.00351563 0.00167163
0.00346126 0.00175781

0.00341797 0.00181825
0.00339135 0.00185547

0.00332031 0.00194376
0.00339147 0.00185547

0.00346057 0.00175781
0.00342657 0.00180664

0.00341797 0.00181743
0.0034256 0.00180664

0.00331587 0.00195312
0.00312715 0.00214844

0.00357625 0.0015625
0.00352237 0.00166016

0.00351563 0.00166979
0.00352145 0.00166016

