0.000121897 0
0.00012207 5.16656e-07

0.00012207 7.65348e-07
0.000146484 7.93808e-07

0.000170898 2.40324e-05
0.000170588 2.44141e-05

0.000170898 4.87478e-05
0.000170876 4.88281e-05

0.000195313 9.48547e-06
0.000192692 2.44141e-05

0.000188746 2.44141e-05
0.000184351 4.88281e-05

0.000184572 4.88281e-05
0.00018809 7.32422e-05

0.000187473 7.32422e-05
0.000195313 8.90515e-05

0.000195313 1.30341e-05
0.000197601 0

0.000195313 8.87948e-05
0.000199777 9.76563e-05

0.0001989 9.76563e-05
0.000219727 0.000119185

0.000219727 0.00011883
0.000225579 0.00012207

0.000226762 0.00012207
0.000244141 0.000131403

0.000244141 0.000130932
0.000268555 0.000135192

0.000268555 0.000135156
0.000292969 0.000131887

0.000341797 9.51905e-05
0.000340568 9.76563e-05

0.000343418 0
0.00034734 2.44141e-05

0.000351182 2.44141e-05
0.000355267 4.88281e-05

0.000355247 4.88281e-05
0.000351851 7.32422e-05

0.000341797 9.47216e-05
0.000352476 7.32422e-05

0.000317383 0.000120864
0.000314932 0.00012207

0.000292969 0.000132474
0.000314156 0.00012207

0.000317383 0.000121691
0.000341538 9.76563e-05

0.000877002 0
0.000878906 5.19009e-06

0.000878906 3.95269e-06
0.00090332 4.09532e-06

0.00090332 5.37742e-06
0.000905308 0

0.00146274 0
0.00146484 6.02381e-06

0.00146484 5.438e-06
0.00148377 2.44141e-05

0.00148326 2.44141e-05
0.00148926 2.65192e-05

0.00148926 1.72342e-05
0.00151367 1.75031e-05

0.00148926 2.44567e-05
0.00150892 2.44141e-05

0.00151367 1.75211e-05
0.00153809 1.7263e-05

0.0015191 2.44141e-05
0.00153809 2.44578e-05

0.0015625 5.41313e-06
0.00154356 2.44141e-05

0.00153809 2.65192e-05
0.00154408 2.44141e-05

0 0.00312445
0.000390625 0.00311338

0.000390625 0.00311368
0.00078125 0.00307989

0.00078125 0.00308052
0.00117187 0.00302218

0.00117188 0.00302324
0.0015625 0.00293697

0.0015625 6.10896e-06
0.00156463 0

0.00165653 0
0.00166016 8.85619e-06

0.00166016 1.05049e-05
0.00167486 2.44141e-05

0.00167398 2.44141e-05
0.00168457 2.84133e-05

0.00168457 1.89305e-05
0.00170898 1.92246e-05

0.00169691 2.44141e-05
0.00170898 2.44807e-05

0.0017334 1.15251e-05
0.00171874 2.44141e-05

0.00170898 2.82083e-05
0.00171951 2.44141e-05

0.0017334 1.2968e-05
0.00173903 0

0.00179052 0
0.00180664 1.9514e-05

0.00180664 3.88674e-06
0.00183105 1.35432e-05

0.00183105 9.27206e-06
0.00185547 1.28237e-05

0.00185547 8.84005e-06
0.00187988 1.26186e-05

0.00187988 1.36587e-05
0.0019043 1.31755e-05

0.0019043 1.36673e-05
0.00192871 7.15836e-06

0.00192871 7.37216e-06
0.00195312 1.16824e-05

0.00195312 1.03508e-05
0.00197754 1.54622e-05

0.00197754 1.52241e-05
0.00200195 1.05627e-05

0.00200195 1.53011e-05
0.00202637 4.33691e-06

0.00202637 4.57701e-06
0.00205078 9.38066e-06

0.00205078 9.01255e-06
0.0020752 1.53415e-05

0.0020752 9.57097e-06
0.00209961 1.16341e-05

0.00209961 1.35127e-05
0.00212402 1.34825e-05

0.00212402 1.30973e-05
0.00214844 8.06807e-06

0.00214844 7.66852e-06
0.00217285 1.31377e-05

0.00217285 1.40431e-05
0.00219727 1.38964e-05

0.00219727 1.3217e-05
0.00222168 7.39433e-06

0.00222168 7.31467e-06
0.00224609 1.34737e-05

0.00224609 1.40967e-05
0.00227051 1.41167e-05

0.00227051 1.4e-05
0.00229492 6.81513e-06

0.00229492 7.59537e-06
0.00231934 1.18582e-05

0.00231934 1.04418e-05
0.00234375 1.53505e-05

0.00234375 1.53724e-05
0.00236816 1.05816e-05

0.00236816 1.25182e-05
0.00239258 6.92021e-06

0.00239258 6.92995e-06
0.00241699 1.2578e-05

0.00241699 1.05644e-05
0.00244141 1.53826e-05

0.00244141 1.53737e-05
0.00246582 1.05358e-05

0.00246582 1.24801e-05
0.00249023 7.04066e-06

0.00249023 7.04455e-06
0.00251465 1.25835e-05

0.00251465 1.06132e-05
0.00253906 1.53133e-05

0.00253906 1.53022e-05
0.00256348 1.05734e-05

0.00256348 1.24403e-05
0.00258789 7.2028e-06

0.00258789 7.19978e-06
0.0026123 1.26002e-05

0.0026123 1.07616e-05
0.00263672 1.51611e-05

0.00263672 1.51076e-05
0.00266113 1.05364e-05

0.00266113 1.17855e-05
0.00268555 8.07856e-06

0.00268555 7.30222e-06
0.00270996 1.39571e-05

0.00270996 1.40494e-05
0.00273438 1.40347e-05

0.00273437 1.38202e-05
0.00275879 7.41928e-06

0.00275879 8.22626e-06
0.0027832 1.19295e-05

0.0027832 1.07657e-05
0.00280762 1.48827e-05

0.00280762 1.48794e-05
0.00283203 1.07325e-05

0.00283203 1.18218e-05
0.00285645 8.33314e-06

0.00285645 7.5695e-06
0.00288086 1.38807e-05

0.00288086 1.40529e-05
0.00290527 1.39483e-05

0.00290527 1.37878e-05
0.00292969 7.52127e-06

0.00292969 8.34231e-06
0.0029541 1.1886e-05

0.0029541 1.12945e-05
0.00297852 1.42384e-05

0.00297852 1.18062e-05
0.00300293 1.22547e-05

0.00300293 1.22188e-05
0.00302734 1.39252e-05

0.00302734 1.27052e-05
0.00305176 1.3751e-05

0.00305176 1.32112e-05
0.00307617 1.44566e-05

0.00307617 1.36738e-05
0.00310059 1.46549e-05

0.00310059 1.41075e-05
0.003125 1.5081e-05

0.00175781 0.00288068
0.001582 0.00292969

0.0015625 0.00293566
0.00158393 0.00292969

0.00175781 0.00288124
0.00195312 0.00281806

0.00234375 0.00265971
0.00217345 0.00273438

0.00195312 0.0028184
0.00214844 0.0027448

0.00214844 0.00274472
0.00217203 0.00273438

0.00292969 0.00231012
0.00288324 0.00234375

0.003125 0.00214542
0.0031217 0.00214844

0.00302734 0.00223367
0.00301201 0.00224609

0.00297852 0.00227067
0.00294739 0.00229492

0.00292969 0.00231012
0.00294937 0.00229492

0.00297852 0.00227033
0.00300874 0.00224609

0.00302734 0.00223266
0.00312374 0.00214844

0.00244141 0.00261123
0.00238923 0.00263672

0.00234375 0.00265875
0.00238885 0.00263672

0.00244141 0.00261132
0.00253906 0.00256007

0.00273438 0.00244655
0.00257835 0.00253906

0.00253906 0.00255983
0.0025747 0.00253906

0.00283203 0.00237984
0.00273992 0.00244141

0.00273438 0.00244583
0.00274127 0.00244141

0.00283203 0.00237974
0.00288203 0.00234375

0.003125 1.44767e-05
0.00314941 1.54015e-05

0.00314941 1.48339e-05
0.00317383 1.58651e-05

0.00317383 1.53157e-05
0.00319824 1.62927e-05

0.00319824 1.59064e-05
0.00322266 1.64774e-05

0.00322266 1.55651e-05
0.00324707 1.70489e-05

0.00324707 1.7201e-05
0.00327148 1.78709e-05

0.00327148 1.69495e-05
0.0032959 1.6914e-05

0.0032959 1.55696e-05
0.00332031 1.94356e-05

0.00332031 2.01812e-05
0.00334473 2.13577e-05

0.00334473 1.94708e-05
0.00336914 1.78873e-05

0.00336914 1.30892e-05
0.00339172 2.44141e-05

0.003392 2.44141e-05
0.00339355 2.50204e-05

0.00339355 2.68799e-05
0.00341797 4.79804e-05

0.00341787 4.88281e-05
0.00341797 4.89271e-05

0.00341797 4.80909e-05
0.00341872 4.88281e-05

0.00341797 4.90062e-05
0.00344181 7.32422e-05

0.00344188 7.32422e-05
0.00344238 7.37745e-05

0.00344238 7.39444e-05
0.00346425 9.76563e-05

0.00346482 9.76563e-05
0.0034668 9.98954e-05

0.0034668 0.000100397
0.00350577 0.000146484

0.00350579 0.000146484
0.00351563 0.000159423

0.00351563 0.00015983
0.00354223 0.000195313

0.00354243 0.000195313
0.00356445 0.000228416

0.00356445 0.000229515
0.00357399 0.000244141

0.00357455 0.000244141
0.00360334 0.000292969

0.00360414 0.000292969
0.00361328 0.000311404

0.00361328 0.000312966
0.00362831 0.000341797

0.00362857 0.000341797
0.00365115 0.000390625

0.00365181 0.000390625
0.0036892 0.000488281

0.003689 0.000488281
0.00371094 0.000565938

0.00371094 0.000567753
0.00371607 0.000585938

0.00371628 0.000585937
0.00373506 0.000683594

0.00373469 0.000683594
0.00374581 0.00078125

0.00374779 0.00078125
0.00374824 0.000976562

0.00374793 0.000976562
0.00371977 0.00117188

0.00371094 0.00120381
0.00366383 0.00136719

0.00366393 0.00136719
0.00357849 0.0015625

0.00371094 0.00119659
0.00371807 0.00117187

0.00332031 0.00194191
0.00331102 0.00195312

0.00351563 0.00167192
0.00346145 0.00175781

0.00341797 0.00181858
0.00339159 0.00185547

0.00332031 0.00194401
0.00339167 0.00185547

0.00346076 0.00175781
0.00342676 0.00180664

0.00341797 0.0018175
0.00342564 0.00180664

0.00331607 0.00195312
0.00312733 0.00214844

0.00357642 0.0015625
0.00352255 0.00166016

0.00351563 0.00167016
0.00352168 0.00166016

