0.000121922 0
0.00012207 4.4404e-07

0.00012207 7.34824e-07
0.000146484 8.07985e-07

0.000170898 2.40217e-05
0.000170576 2.44141e-05

0.000170898 4.84279e-05
0.000170787 4.88281e-05

0.000195313 9.71862e-06
0.000192746 2.44141e-05

0.000188826 2.44141e-05
0.000184455 4.88281e-05

0.000170879 4.88281e-05
0.000170898 4.89171e-05

0.00018467 4.88281e-05
0.000188185 7.32422e-05

0.000187586 7.32422e-05
0.000195313 8.88683e-05

0.000195313 1.32756e-05
0.000197632 0

0.000195313 8.86783e-05
0.000199827 9.76563e-05

0.00019894 9.76563e-05
0.000219727 0.000119163

0.000219727 0.000118747
0.00022572 0.00012207

0.000226884 0.00012207
0.000244141 0.000131347

0.000244141 0.000130905
0.000268555 0.000135213

0.000268555 0.000135171
0.000292969 0.000131944

0.000341797 9.5479e-05
0.000340712 9.76563e-05

0.000343542 0
0.000347467 2.44141e-05

0.000351309 2.44141e-05
0.0003554 4.88281e-05

0.000355381 4.88281e-05
0.000351991 7.32422e-05

0.000341797 9.50146e-05
0.00035262 7.32422e-05

0.000317383 0.000120949
0.000315094 0.00012207

0.000292969 0.000132535
0.000314374 0.00012207

0.000317383 0.000121821
0.000341693 9.76563e-05

0.000876989 0
0.000878906 5.21945e-06

0.000878906 3.97702e-06
0.00090332 4.07191e-06

0.00090332 5.34417e-06
0.000905293 0

0.00146274 0
0.00146484 6.02159e-06

0.00146484 5.43224e-06
0.00148377 2.44141e-05

0.00148326 2.44141e-05
0.00148926 2.65174e-05

0.00148926 1.72324e-05
0.00151367 1.75029e-05

0.00148926 2.44564e-05
0.00150906 2.44141e-05

0.00151367 1.75186e-05
0.00153809 1.72608e-05

0.00151916 2.44141e-05
0.00153809 2.44577e-05

0.0015625 5.41294e-06
0.00154356 2.44141e-05

0.00153809 2.65188e-05
0.00154408 2.44141e-05

0 0.00312444
0.000390625 0.00311337

0.000390625 0.00311367
0.00078125 0.00307989

0.00078125 0.00308051
0.00117187 0.00302217

0.00117188 0.00302323
0.0015625 0.00293696

0.0015625 6.1098e-06
0.00156463 0

0.00165653 0
0.00166016 8.85483e-06

0.00166016 1.05057e-05
0.00167486 2.44141e-05

0.00167398 2.44141e-05
0.00168457 2.84127e-05

0.00168457 1.89292e-05
0.00170898 1.92254e-05

0.00169693 2.44141e-05
0.00170898 2.44811e-05

0.0017334 1.15298e-05
0.00171874 2.44141e-05

0.00170898 2.8208e-05
0.00171951 2.44141e-05

0.0017334 1.29676e-05
0.00173904 0

0.00179051 0
0.00180664 1.95168e-05

0.00180664 3.88949e-06
0.00183105 1.35432e-05

0.00183105 9.27736e-06
0.00185547 1.28243e-05

0.00185547 8.8416e-06
0.00187988 1.2615e-05

0.00187988 1.36565e-05
0.0019043 1.31771e-05

0.0019043 1.36663e-05
0.00192871 7.16236e-06

0.00192871 7.37705e-06
0.00195312 1.16821e-05

0.00195312 1.0352e-05
0.00197754 1.54585e-05

0.00197754 1.52202e-05
0.00200195 1.05644e-05

0.00200195 1.52958e-05
0.00202637 4.34728e-06

0.00202637 4.58305e-06
0.00205078 9.38632e-06

0.00205078 9.02788e-06
0.0020752 1.53333e-05

0.0020752 9.56e-06
0.00209961 1.16308e-05

0.00209961 1.35079e-05
0.00212402 1.35041e-05

0.00212402 1.31723e-05
0.00214844 8.01363e-06

0.00214844 7.60236e-06
0.00217285 1.30669e-05

0.00217285 1.39329e-05
0.00219727 1.40021e-05

0.00219727 1.3298e-05
0.00222168 7.46322e-06

0.00222168 7.36389e-06
0.00224609 1.3385e-05

0.00224609 1.40619e-05
0.00227051 1.41355e-05

0.00227051 1.40096e-05
0.00229492 6.83776e-06

0.00229492 7.60848e-06
0.00231934 1.18407e-05

0.00231934 1.04387e-05
0.00234375 1.53512e-05

0.00234375 1.537e-05
0.00236816 1.0584e-05

0.00236816 1.25189e-05
0.00239258 6.92337e-06

0.00239258 6.93337e-06
0.00241699 1.25766e-05

0.00241699 1.05645e-05
0.00244141 1.53813e-05

0.00244141 1.53724e-05
0.00246582 1.05373e-05

0.00246582 1.24804e-05
0.00249023 7.04279e-06

0.00249023 7.04696e-06
0.00251465 1.2583e-05

0.00251465 1.06133e-05
0.00253906 1.53126e-05

0.00253906 1.53017e-05
0.00256348 1.05748e-05

0.00256348 1.24422e-05
0.00258789 7.2026e-06

0.00258789 7.19908e-06
0.0026123 1.25992e-05

0.0026123 1.07623e-05
0.00263672 1.51618e-05

0.00263672 1.51068e-05
0.00266113 1.05354e-05

0.00266113 1.17852e-05
0.00268555 8.08007e-06

0.00268555 7.30296e-06
0.00270996 1.39567e-05

0.00270996 1.40496e-05
0.00273438 1.40343e-05

0.00273437 1.38203e-05
0.00275879 7.41865e-06

0.00275879 8.22531e-06
0.0027832 1.19297e-05

0.0027832 1.07666e-05
0.00280762 1.48825e-05

0.00280762 1.4877e-05
0.00283203 1.07325e-05

0.00283203 1.18191e-05
0.00285645 8.3396e-06

0.00285645 7.57247e-06
0.00288086 1.38857e-05

0.00288086 1.40559e-05
0.00290527 1.3954e-05

0.00290527 1.38753e-05
0.00292969 7.44536e-06

0.00292969 8.23045e-06
0.0029541 1.18169e-05

0.0029541 1.12149e-05
0.00297852 1.43658e-05

0.00297852 1.18439e-05
0.00300293 1.23058e-05

0.00300293 1.2292e-05
0.00302734 1.39199e-05

0.00302734 1.27252e-05
0.00305176 1.37141e-05

0.00305176 1.31872e-05
0.00307617 1.4466e-05

0.00307617 1.36677e-05
0.00310059 1.4694e-05

0.00310059 1.41404e-05
0.003125 1.51048e-05

0.00175781 0.00288068
0.00158198 0.00292969

0.0015625 0.00293565
0.00158391 0.00292969

0.00175781 0.00288123
0.00195312 0.00281806

0.00234375 0.00265971
0.00217344 0.00273438

0.00195312 0.0028184
0.00214844 0.0027448

0.00214844 0.00274471
0.00217202 0.00273438

0.00292969 0.00231012
0.00288324 0.00234375

0.003125 0.00214542
0.0031217 0.00214844

0.00302734 0.00223368
0.00301202 0.00224609

0.00297852 0.00227067
0.0029474 0.00229492

0.00292969 0.00231013
0.00294937 0.00229492

0.00297852 0.00227033
0.00300874 0.00224609

0.00302734 0.00223267
0.00312374 0.00214844

0.00244141 0.00261123
0.00238923 0.00263672

0.00234375 0.00265875
0.00238885 0.00263672

0.00244141 0.00261132
0.00253906 0.00256007

0.00273438 0.00244656
0.00257835 0.00253906

0.00253906 0.00255982
0.00257469 0.00253906

0.00283203 0.00237984
0.00273992 0.00244141

0.00273438 0.00244583
0.00274127 0.00244141

0.00283203 0.00237974
0.00288203 0.00234375

0.003125 1.45163e-05
0.00314941 1.53827e-05

0.00314941 1.48502e-05
0.00317383 1.5811e-05

0.00317383 1.52763e-05
0.00319824 1.62326e-05

0.00319824 1.57014e-05
0.00322266 1.66047e-05

0.00322266 1.59875e-05
0.00324707 1.71152e-05

0.00324707 1.65444e-05
0.00327148 1.78073e-05

0.00327148 1.69441e-05
0.0032959 1.85256e-05

0.0032959 1.88088e-05
0.00332031 1.86248e-05

0.00332031 1.71438e-05
0.00334473 1.79604e-05

0.00334473 1.91188e-05
0.00336914 1.9948e-05

0.00336914 1.25053e-05
0.00339355 2.4217e-05

0.00339133 2.44141e-05
0.00339355 2.53018e-05

0.00339355 2.36371e-05
0.00339428 2.44141e-05

0.00339355 2.72836e-05
0.00341787 4.88281e-05

0.00341754 4.88281e-05
0.00341797 4.92427e-05

0.00341797 4.85019e-05
0.00341831 4.88281e-05

0.00341797 4.94146e-05
0.00344169 7.32422e-05

0.00344169 7.32422e-05
0.00344238 7.39672e-05

0.00344238 7.41277e-05
0.00346421 9.76563e-05

0.00346478 9.76563e-05
0.0034668 9.99312e-05

0.0034668 0.000100721
0.00348543 0.00012207

0.00348522 0.00012207
0.00349121 0.000129248

0.00349121 0.000128895
0.00350564 0.000146484

0.00350588 0.000146484
0.00351563 0.000159293

0.00351563 0.000159715
0.00354234 0.000195313

0.00354254 0.000195313
0.00356445 0.000228261

0.00356445 0.000229391
0.00357407 0.000244141

0.00357465 0.000244141
0.00360342 0.000292969

0.00360421 0.000292969
0.00361328 0.000311274

0.00361328 0.00031284
0.00362837 0.000341797

0.00362862 0.000341797
0.00365119 0.000390625

0.00365185 0.000390625
0.00368921 0.000488281

0.00368902 0.000488281
0.00371094 0.00056592

0.00371094 0.000567727
0.00371608 0.000585938

0.00371628 0.000585937
0.00373505 0.000683594

0.00373468 0.000683594
0.0037458 0.00078125

0.00374778 0.00078125
0.00374822 0.000976562

0.00374792 0.000976562
0.00371975 0.00117188

0.00371094 0.00120375
0.00366381 0.00136719

0.00366391 0.00136719
0.00357847 0.0015625

0.00371094 0.0011965
0.00371804 0.00117187

0.00332031 0.00194189
0.00331101 0.00195312

0.00351563 0.0016719
0.00346144 0.00175781

0.00341797 0.00181858
0.00339159 0.00185547

0.00332031 0.001944
0.00339167 0.00185547

0.00346074 0.00175781
0.00342675 0.00180664

0.00341797 0.00181746
0.00342561 0.00180664

0.00331607 0.00195312
0.00312733 0.00214844

0.00357641 0.0015625
0.00352254 0.00166016

0.00351563 0.00167013
0.00352166 0.00166016

