0.000121909 0
0.00012207 4.82103e-07

0.00012207 7.38143e-07
0.000146484 7.70947e-07

0.000170898 2.40905e-05
0.000170633 2.44141e-05

0.000170898 4.83161e-05
0.000170753 4.88281e-05

0.000195313 9.84592e-06
0.000192746 2.44141e-05

0.000188857 2.44141e-05
0.000184392 4.88281e-05

0.000170843 4.88281e-05
0.000170898 4.90951e-05

0.000184602 4.88281e-05
0.000187994 7.32422e-05

0.000187372 7.32422e-05
0.000195313 8.94413e-05

0.000195313 1.37407e-05
0.000197734 0

0.000195313 8.92036e-05
0.000199517 9.76563e-05

0.000198524 9.76563e-05
0.000219727 0.000119521

0.000219727 0.000119004
0.000225344 0.00012207

0.000226496 0.00012207
0.000244141 0.000131441

0.000244141 0.000130983
0.000268555 0.000135181

0.000268555 0.00013515
0.000292969 0.000131847

0.000341797 9.51356e-05
0.000340536 9.76563e-05

0.0003435 0
0.000347411 2.44141e-05

0.00035125 2.44141e-05
0.000355305 4.88281e-05

0.000355283 4.88281e-05
0.00035185 7.32422e-05

0.000341797 9.4647e-05
0.000352472 7.32422e-05

0.000317383 0.000120819
0.000314844 0.00012207

0.000292969 0.000132432
0.000314039 0.00012207

0.000317383 0.000121624
0.000341486 9.76563e-05

0.000876616 0
0.000878906 6.02231e-06

0.000878906 4.56984e-06
0.00090332 3.44946e-06

0.00090332 4.56519e-06
0.000904958 0

0.00146273 0
0.00146484 6.05226e-06

0.00146484 5.42309e-06
0.00148377 2.44141e-05

0.00148326 2.44141e-05
0.00148926 2.65205e-05

0.00148926 1.72578e-05
0.00151367 1.75236e-05

0.00148926 2.44568e-05
0.00150864 2.44141e-05

0.00151367 1.75169e-05
0.00153809 1.7251e-05

0.00151872 2.44141e-05
0.00153809 2.44573e-05

0.0015625 5.43829e-06
0.00154358 2.44141e-05

0.00153809 2.65237e-05
0.0015441 2.44141e-05

0 0.00312443
0.000390625 0.00311337

0.000390625 0.00311366
0.00078125 0.00307988

0.00078125 0.00308051
0.00117187 0.00302217

0.00117188 0.00302323
0.0015625 0.00293696

0.0015625 6.09383e-06
0.00156463 0

0.00165653 0
0.00166016 8.84485e-06

0.00166016 1.05186e-05
0.00167485 2.44141e-05

0.00167395 2.44141e-05
0.00168457 2.84241e-05

0.00168457 1.89345e-05
0.00170898 1.92213e-05

0.00169687 2.44141e-05
0.00170898 2.44783e-05

0.0017334 1.15348e-05
0.00171874 2.44141e-05

0.00170898 2.82039e-05
0.0017195 2.44141e-05

0.0017334 1.29801e-05
0.00173904 0

0.00179051 0
0.00180664 1.9527e-05

0.00180664 3.90655e-06
0.00183105 1.35473e-05

0.00183105 9.28675e-06
0.00185547 1.28206e-05

0.00185547 8.84967e-06
0.00187988 1.26152e-05

0.00187988 1.36528e-05
0.0019043 1.31777e-05

0.0019043 1.36642e-05
0.00192871 7.17815e-06

0.00192871 7.39326e-06
0.00195312 1.16807e-05

0.00195312 1.03549e-05
0.00197754 1.54513e-05

0.00197754 1.52182e-05
0.00200195 1.05687e-05

0.00200195 1.52876e-05
0.00202637 4.35931e-06

0.00202637 4.62453e-06
0.00205078 9.36456e-06

0.00205078 8.92756e-06
0.0020752 1.53742e-05

0.0020752 9.64264e-06
0.00209961 1.17376e-05

0.00209961 1.36257e-05
0.00212402 1.33664e-05

0.00212402 1.30169e-05
0.00214844 8.02219e-06

0.00214844 7.64523e-06
0.00217285 1.32142e-05

0.00217285 1.40757e-05
0.00219727 1.38592e-05

0.00219727 1.31133e-05
0.00222168 7.45862e-06

0.00222168 7.40911e-06
0.00224609 1.35727e-05

0.00224609 1.42237e-05
0.00227051 1.39846e-05

0.00227051 1.39204e-05
0.00229492 6.74129e-06

0.00229492 7.54096e-06
0.00231934 1.19421e-05

0.00231934 1.04545e-05
0.00234375 1.53404e-05

0.00234375 1.53688e-05
0.00236816 1.0587e-05

0.00236816 1.25204e-05
0.00239258 6.93122e-06

0.00239258 6.94141e-06
0.00241699 1.25756e-05

0.00241699 1.05682e-05
0.00244141 1.53784e-05

0.00244141 1.53703e-05
0.00246582 1.05382e-05

0.00246582 1.24791e-05
0.00249023 7.04876e-06

0.00249023 7.0523e-06
0.00251465 1.25837e-05

0.00251465 1.06168e-05
0.00253906 1.53098e-05

0.00253906 1.5299e-05
0.00256348 1.05757e-05

0.00256348 1.244e-05
0.00258789 7.2102e-06

0.00258789 7.20665e-06
0.0026123 1.26e-05

0.0026123 1.07654e-05
0.00263672 1.51577e-05

0.00263672 1.51023e-05
0.00266113 1.05389e-05

0.00266113 1.17876e-05
0.00268555 8.08686e-06

0.00268555 7.30932e-06
0.00270996 1.39535e-05

0.00270996 1.40507e-05
0.00273438 1.4032e-05

0.00273437 1.38209e-05
0.00275879 7.41676e-06

0.00275879 8.22371e-06
0.0027832 1.19276e-05

0.0027832 1.07626e-05
0.00280762 1.48841e-05

0.00280762 1.48827e-05
0.00283203 1.07303e-05

0.00283203 1.18203e-05
0.00285645 8.32602e-06

0.00285645 7.55351e-06
0.00288086 1.38921e-05

0.00288086 1.40948e-05
0.00290527 1.39326e-05

0.00290527 1.38193e-05
0.00292969 7.40775e-06

0.00292969 8.19449e-06
0.0029541 1.19036e-05

0.0029541 1.12562e-05
0.00297852 1.43798e-05

0.00297852 1.18212e-05
0.00300293 1.23516e-05

0.00300293 1.23065e-05
0.00302734 1.40561e-05

0.00302734 1.28323e-05
0.00305176 1.3814e-05

0.00305176 1.33426e-05
0.00307617 1.44604e-05

0.00307617 1.37489e-05
0.00310059 1.45852e-05

0.00310059 1.40996e-05
0.003125 1.50003e-05

0.00175781 0.00288068
0.00158199 0.00292969

0.0015625 0.00293565
0.00158391 0.00292969

0.00175781 0.00288124
0.00195312 0.00281806

0.00234375 0.00265972
0.00217346 0.00273438

0.00195312 0.0028184
0.00214844 0.00274481

0.00214844 0.00274471
0.00217202 0.00273438

0.00292969 0.00231013
0.00288325 0.00234375

0.003125 0.00214543
0.0031217 0.00214844

0.00302734 0.00223369
0.00301204 0.00224609

0.00297852 0.00227067
0.0029474 0.00229492

0.00292969 0.00231013
0.00294937 0.00229492

0.00297852 0.00227033
0.00300874 0.00224609

0.00302734 0.00223267
0.00312374 0.00214844

0.00244141 0.00261124
0.00238925 0.00263672

0.00234375 0.00265876
0.00238886 0.00263672

0.00244141 0.00261133
0.00253906 0.00256008

0.00273438 0.00244657
0.00257837 0.00253906

0.00253906 0.00255982
0.00257469 0.00253906

0.00283203 0.00237985
0.00273993 0.00244141

0.00273438 0.00244583
0.00274128 0.00244141

0.00283203 0.00237975
0.00288204 0.00234375

0.003125 1.44487e-05
0.00314941 1.53156e-05

0.00314941 1.48194e-05
0.00317383 1.56907e-05

0.00317383 1.51304e-05
0.00319824 1.60852e-05

0.00319824 1.54876e-05
0.00322266 1.6653e-05

0.00322266 1.60622e-05
0.00324707 1.72021e-05

0.00324707 1.65414e-05
0.00327148 1.76672e-05

0.00327148 1.69093e-05
0.0032959 1.84616e-05

0.0032959 1.87204e-05
0.00332031 1.85013e-05

0.00332031 1.68543e-05
0.00334473 1.80835e-05

0.00334473 1.94172e-05
0.00336914 2.02629e-05

0.00336914 1.25392e-05
0.00339355 2.40435e-05

0.00339117 2.44141e-05
0.00339355 2.53669e-05

0.00339355 2.35146e-05
0.00339438 2.44141e-05

0.00339355 2.74478e-05
0.00341759 4.88281e-05

0.0034176 4.88281e-05
0.00341797 4.91814e-05

0.00341797 4.95695e-05
0.00344162 7.32422e-05

0.00344163 7.32422e-05
0.00344238 7.40235e-05

0.00344238 7.41904e-05
0.0034642 9.76563e-05

0.00346477 9.76563e-05
0.0034668 9.99432e-05

0.0034668 0.000100759
0.00348541 0.00012207

0.0034852 0.00012207
0.00349121 0.000129281

0.00349121 0.000128924
0.00350561 0.000146484

0.00350585 0.000146484
0.00351563 0.000159331

0.00351563 0.000159759
0.0035423 0.000195313

0.00354252 0.000195313
0.00356445 0.000228284

0.00356445 0.000229493
0.003574 0.000244141

0.00357462 0.000244141
0.00360339 0.000292969

0.00360419 0.000292969
0.00361328 0.000311315

0.00361328 0.000312884
0.00362835 0.000341797

0.0036286 0.000341797
0.00365117 0.000390625

0.00365183 0.000390625
0.00368921 0.000488281

0.00368902 0.000488281
0.00371094 0.000565907

0.00371094 0.000567725
0.00371608 0.000585938

0.00371629 0.000585937
0.00373506 0.000683594

0.0037347 0.000683594
0.00374582 0.00078125

0.0037478 0.00078125
0.00374825 0.000976562

0.00374794 0.000976562
0.00371977 0.00117188

0.00371094 0.00120383
0.00366383 0.00136719

0.00366393 0.00136719
0.00357849 0.0015625

0.00371094 0.00119653
0.00371805 0.00117187

0.00332031 0.00194185
0.00331097 0.00195312

0.00351563 0.00167192
0.00346145 0.00175781

0.00341797 0.00181861
0.00339161 0.00185547

0.00332031 0.00194402
0.00339168 0.00185547

0.00346075 0.00175781
0.00342676 0.00180664

0.00341797 0.0018174
0.00342556 0.00180664

0.00331607 0.00195312
0.00312733 0.00214844

0.00357642 0.0015625
0.00352255 0.00166016

0.00351563 0.00167016
0.00352168 0.00166016

