0.000121898 0
0.00012207 5.13016e-07

0.00012207 7.16697e-07
0.000146484 7.42685e-07

0.000170898 2.40791e-05
0.000170623 2.44141e-05

0.000170898 4.83567e-05
0.000170764 4.88281e-05

0.000195313 9.969e-06
0.000192773 2.44141e-05

0.000188866 2.44141e-05
0.000184409 4.88281e-05

0.000170843 4.88281e-05
0.000170898 4.90964e-05

0.000184613 4.88281e-05
0.000187995 7.32422e-05

0.000187373 7.32422e-05
0.000195313 8.94576e-05

0.000195313 1.3539e-05
0.000197693 0

0.000195313 8.92239e-05
0.0001995 9.76563e-05

0.000198504 9.76563e-05
0.000219727 0.000119553

0.000219727 0.000119052
0.00022525 0.00012207

0.000226427 0.00012207
0.000244141 0.000131489

0.000244141 0.00013103
0.000268555 0.00013524

0.000268555 0.000135208
0.000292969 0.00013192

0.000341797 9.53507e-05
0.000340645 9.76563e-05

0.000343573 0
0.000347486 2.44141e-05

0.000351325 2.44141e-05
0.000355385 4.88281e-05

0.000355363 4.88281e-05
0.000351938 7.32422e-05

0.000341797 9.4846e-05
0.000352562 7.32422e-05

0.000317383 0.000120932
0.000315069 0.00012207

0.000292969 0.000132505
0.000314225 0.00012207

0.000317383 0.00012173
0.000341593 9.76563e-05

0.000876613 0
0.000878906 6.02847e-06

0.000878906 4.57353e-06
0.00090332 3.44499e-06

0.00090332 4.56141e-06
0.000904957 0

0.00146271 0
0.00146484 6.07665e-06

0.00146484 5.57728e-06
0.00148371 2.44141e-05

0.00148304 2.44141e-05
0.00148926 2.65887e-05

0.00148926 1.72749e-05
0.00151367 1.73824e-05

0.00148926 2.44753e-05
0.00150195 2.44141e-05

0.00151367 1.73775e-05
0.00153809 1.72679e-05

0.00152528 2.44141e-05
0.00153809 2.44758e-05

0.0015625 5.58834e-06
0.00154363 2.44141e-05

0.00153809 2.65907e-05
0.00154431 2.44141e-05

0 0.00312449
0.000390625 0.00311342

0.000390625 0.00311371
0.00078125 0.00307993

0.00078125 0.00308056
0.00117187 0.00302222

0.00117188 0.00302328
0.0015625 0.002937

0.0015625 6.12397e-06
0.00156465 0

0.00165654 0
0.00166016 8.81485e-06

0.00166016 1.05188e-05
0.00167483 2.44141e-05

0.00167393 2.44141e-05
0.00168457 2.84384e-05

0.00168457 1.89544e-05
0.00170898 1.92386e-05

0.00169691 2.44141e-05
0.00170898 2.44769e-05

0.0017334 1.15403e-05
0.00171875 2.44141e-05

0.00170898 2.82059e-05
0.0017195 2.44141e-05

0.0017334 1.29981e-05
0.00173905 0

0.00179051 0
0.00180664 1.95487e-05

0.00180664 3.93985e-06
0.00183105 1.3569e-05

0.00183105 9.31438e-06
0.00185547 1.28112e-05

0.00185547 8.87068e-06
0.00187988 1.26125e-05

0.00187988 1.36431e-05
0.0019043 1.31782e-05

0.0019043 1.36591e-05
0.00192871 7.21461e-06

0.00192871 7.42977e-06
0.00195312 1.1677e-05

0.00195312 1.03601e-05
0.00197754 1.5436e-05

0.00197754 1.5211e-05
0.00200195 1.05831e-05

0.00200195 1.52547e-05
0.00202637 4.40933e-06

0.00202637 4.64652e-06
0.00205078 9.42154e-06

0.00205078 9.07328e-06
0.0020752 1.52958e-05

0.0020752 9.5816e-06
0.00209961 1.16239e-05

0.00209961 1.34932e-05
0.00212402 1.34904e-05

0.00212402 1.30754e-05
0.00214844 8.1265e-06

0.00214844 7.74209e-06
0.00217285 1.3142e-05

0.00217285 1.40619e-05
0.00219727 1.38396e-05

0.00219727 1.31137e-05
0.00222168 7.47505e-06

0.00222168 7.41525e-06
0.00224609 1.35538e-05

0.00224609 1.41895e-05
0.00227051 1.40026e-05

0.00227051 1.39264e-05
0.00229492 6.79238e-06

0.00229492 7.58411e-06
0.00231934 1.19255e-05

0.00231934 1.04637e-05
0.00234375 1.53247e-05

0.00234375 1.53523e-05
0.00236816 1.05976e-05

0.00236816 1.25187e-05
0.00239258 6.96176e-06

0.00239258 6.97204e-06
0.00241699 1.25703e-05

0.00241699 1.05763e-05
0.00244141 1.53633e-05

0.00244141 1.53557e-05
0.00246582 1.05476e-05

0.00246582 1.24781e-05
0.00249023 7.07406e-06

0.00249023 7.07774e-06
0.00251465 1.25787e-05

0.00251465 1.06234e-05
0.00253906 1.52968e-05

0.00253906 1.52864e-05
0.00256348 1.05828e-05

0.00256348 1.24375e-05
0.00258789 7.23229e-06

0.00258789 7.22904e-06
0.0026123 1.25968e-05

0.0026123 1.07697e-05
0.00263672 1.51471e-05

0.00263672 1.50936e-05
0.00266113 1.05476e-05

0.00266113 1.17878e-05
0.00268555 8.10273e-06

0.00268555 7.32555e-06
0.00270996 1.39533e-05

0.00270996 1.40602e-05
0.00273438 1.40227e-05

0.00273437 1.38279e-05
0.00275879 7.40046e-06

0.00275879 8.20283e-06
0.0027832 1.19236e-05

0.0027832 1.07494e-05
0.00280762 1.49054e-05

0.00280762 1.49017e-05
0.00283203 1.07327e-05

0.00283203 1.1909e-05
0.00285645 8.22151e-06

0.00285645 7.44293e-06
0.00288086 1.38042e-05

0.00288086 1.39423e-05
0.00290527 1.40593e-05

0.00290527 1.37826e-05
0.00292969 7.62205e-06

0.00292969 8.34508e-06
0.0029541 1.199e-05

0.0029541 1.13794e-05
0.00297852 1.43973e-05

0.00297852 1.19566e-05
0.00300293 1.23418e-05

0.00300293 1.23821e-05
0.00302734 1.39241e-05

0.00302734 1.27918e-05
0.00305176 1.36833e-05

0.00305176 1.32203e-05
0.00307617 1.43866e-05

0.00307617 1.36294e-05
0.00310059 1.4596e-05

0.00310059 1.40342e-05
0.003125 1.50661e-05

0.00175781 0.00288071
0.00158213 0.00292969

0.0015625 0.00293569
0.00158402 0.00292969

0.00175781 0.00288127
0.00195312 0.00281809

0.00234375 0.00265974
0.00217351 0.00273438

0.00195312 0.00281843
0.00214844 0.00274483

0.00214844 0.00274472
0.00217203 0.00273438

0.00292969 0.00231013
0.00288326 0.00234375

0.003125 0.0021454
0.00312168 0.00214844

0.00302734 0.00223371
0.00301205 0.00224609

0.00297852 0.00227066
0.00294739 0.00229492

0.00292969 0.00231013
0.00294936 0.00229492

0.00297852 0.0022703
0.0030087 0.00224609

0.00302734 0.00223265
0.00312371 0.00214844

0.00244141 0.00261125
0.00238929 0.00263672

0.00234375 0.00265877
0.00238888 0.00263672

0.00244141 0.00261134
0.00253906 0.00256009

0.00273438 0.00244657
0.00257839 0.00253906

0.00253906 0.0025598
0.00257466 0.00253906

0.00283203 0.00237984
0.00273993 0.00244141

0.00273438 0.00244582
0.00274125 0.00244141

0.00283203 0.00237974
0.00288202 0.00234375

0.003125 1.44416e-05
0.00314941 1.54223e-05

0.00314941 1.48462e-05
0.00317383 1.58544e-05

0.00317383 1.52889e-05
0.00319824 1.62656e-05

0.00319824 1.58771e-05
0.00322266 1.65064e-05

0.00322266 1.56044e-05
0.00324707 1.70584e-05

0.00324707 1.7194e-05
0.00327148 1.78243e-05

0.00327148 1.6865e-05
0.0032959 1.69728e-05

0.0032959 1.55539e-05
0.00332031 1.96673e-05

0.00332031 2.04523e-05
0.00334473 2.16042e-05

0.00334473 1.99159e-05
0.00336914 1.7609e-05

0.00336914 1.24254e-05
0.0033924 2.44141e-05

0.00339144 2.44141e-05
0.00339355 2.52882e-05

0.00339355 2.74757e-05
0.00341769 4.88281e-05

0.00341743 4.88281e-05
0.00341797 4.93558e-05

0.00341797 4.96934e-05
0.0034414 7.32422e-05

0.00344148 7.32422e-05
0.00344238 7.41831e-05

0.00344238 7.4371e-05
0.00346403 9.76563e-05

0.00346454 9.76563e-05
0.0034668 0.000100202

0.0034668 0.000100653
0.00350573 0.000146484

0.00350574 0.000146484
0.00351563 0.000159462

0.00351563 0.000159918
0.0035422 0.000195313

0.00354247 0.000195313
0.00356445 0.000228338

0.00356445 0.000229735
0.00357385 0.000244141

0.00357455 0.000244141
0.00360335 0.000292969

0.00360414 0.000292969
0.00361328 0.0003114

0.00361328 0.000312946
0.00362832 0.000341797

0.00362857 0.000341797
0.00365116 0.000390625

0.00365182 0.000390625
0.0036892 0.000488281

0.00368901 0.000488281
0.00371094 0.000565921

0.00371094 0.000567713
0.00371608 0.000585938

0.00371628 0.000585937
0.00373506 0.000683594

0.00373469 0.000683594
0.00374581 0.00078125

0.00374779 0.00078125
0.00374823 0.000976562

0.00374793 0.000976562
0.00371977 0.00117188

0.00371094 0.00120382
0.00366383 0.00136719

0.00366393 0.00136719
0.00357849 0.0015625

0.00371094 0.00119636
0.003718 0.00117187

0.00332031 0.00194172
0.00331086 0.00195312

0.00351563 0.00167191
0.00346145 0.00175781

0.00341797 0.00181867
0.00339165 0.00185547

0.00332031 0.00194403
0.00339169 0.00185547

0.00346075 0.00175781
0.00342676 0.00180664

0.00341797 0.0018172
0.00342542 0.00180664

0.00331606 0.00195312
0.00312731 0.00214844

0.00357642 0.0015625
0.00352255 0.00166016

0.00351563 0.00167017
0.00352169 0.00166016

