0.000121892 0
0.00012207 5.30947e-07

0.00012207 7.19199e-07
0.000146484 7.39504e-07

0.000170898 2.40746e-05
0.00017062 2.44141e-05

0.000170898 4.83707e-05
0.000170768 4.88281e-05

0.000195313 9.8643e-06
0.000192754 2.44141e-05

0.000188832 2.44141e-05
0.000184381 4.88281e-05

0.000170838 4.88281e-05
0.000170898 4.91183e-05

0.000184589 4.88281e-05
0.000187993 7.32422e-05

0.000187369 7.32422e-05
0.000195313 8.94234e-05

0.000195313 1.33729e-05
0.000197664 0

0.000195313 8.91059e-05
0.000199504 9.76563e-05

0.000198571 9.76563e-05
0.000219727 0.000119504

0.000219727 0.000119069
0.000225203 0.00012207

0.000226375 0.00012207
0.000244141 0.00013154

0.000244141 0.00013105
0.000268555 0.000135246

0.000268555 0.000135219
0.000292969 0.000131924

0.000341797 9.53265e-05
0.000340634 9.76563e-05

0.000343556 0
0.000347468 2.44141e-05

0.000351307 2.44141e-05
0.000355368 4.88281e-05

0.000355347 4.88281e-05
0.000351924 7.32422e-05

0.000341797 9.48209e-05
0.000352547 7.32422e-05

0.000317383 0.000120934
0.000315075 0.00012207

0.000292969 0.000132508
0.000314214 0.00012207

0.000317383 0.000121723
0.00034158 9.76563e-05

0.000877043 0
0.000878906 5.09739e-06

0.000878906 3.86808e-06
0.00090332 4.17364e-06

0.00090332 5.49698e-06
0.000905362 0

0.00146273 0
0.00146484 6.04711e-06

0.00146484 5.44847e-06
0.00148375 2.44141e-05

0.00148323 2.44141e-05
0.00148926 2.65336e-05

0.00148926 1.72636e-05
0.00151367 1.75399e-05

0.00148926 2.44564e-05
0.00150908 2.44141e-05

0.00151367 1.75428e-05
0.00153809 1.72846e-05

0.00151931 2.44141e-05
0.00153809 2.44584e-05

0.0015625 5.45896e-06
0.0015436 2.44141e-05

0.00153809 2.65312e-05
0.00154411 2.44141e-05

0 0.00312449
0.000390625 0.00311343

0.000390625 0.00311372
0.00078125 0.00307994

0.00078125 0.00308056
0.00117187 0.00302222

0.00117188 0.00302329
0.0015625 0.00293701

0.0015625 6.13568e-06
0.00156465 0

0.00165653 0
0.00166016 8.83559e-06

0.00166016 1.05152e-05
0.00167484 2.44141e-05

0.00167395 2.44141e-05
0.00168457 2.84281e-05

0.00168457 1.89541e-05
0.00170898 1.92465e-05

0.00169696 2.44141e-05
0.00170898 2.44794e-05

0.0017334 1.1542e-05
0.00171876 2.44141e-05

0.00170898 2.82113e-05
0.00171951 2.44141e-05

0.0017334 1.29915e-05
0.00173905 0

0.00179051 0
0.00180664 1.95506e-05

0.00180664 3.94345e-06
0.00183105 1.35698e-05

0.00183105 9.3167e-06
0.00185547 1.28089e-05

0.00185547 8.87001e-06
0.00187988 1.26124e-05

0.00187988 1.3642e-05
0.0019043 1.318e-05

0.0019043 1.36601e-05
0.00192871 7.21677e-06

0.00192871 7.43276e-06
0.00195312 1.16754e-05

0.00195312 1.0359e-05
0.00197754 1.54351e-05

0.00197754 1.52096e-05
0.00200195 1.0586e-05

0.00200195 1.52567e-05
0.00202637 4.41066e-06

0.00202637 4.65797e-06
0.00205078 9.40964e-06

0.00205078 9.03123e-06
0.0020752 1.5317e-05

0.0020752 9.60969e-06
0.00209961 1.16708e-05

0.00209961 1.35384e-05
0.00212402 1.34522e-05

0.00212402 1.31325e-05
0.00214844 8.0345e-06

0.00214844 7.62856e-06
0.00217285 1.30944e-05

0.00217285 1.39486e-05
0.00219727 1.39747e-05

0.00219727 1.32558e-05
0.00222168 7.50178e-06

0.00222168 7.41368e-06
0.00224609 1.34179e-05

0.00224609 1.40914e-05
0.00227051 1.40939e-05

0.00227051 1.39755e-05
0.00229492 6.8594e-06

0.00229492 7.63652e-06
0.00231934 1.18668e-05

0.00231934 1.04564e-05
0.00234375 1.53238e-05

0.00234375 1.53484e-05
0.00236816 1.06022e-05

0.00236816 1.25202e-05
0.00239258 6.96367e-06

0.00239258 6.97403e-06
0.00241699 1.2569e-05

0.00241699 1.0576e-05
0.00244141 1.53634e-05

0.00244141 1.5355e-05
0.00246582 1.05497e-05

0.00246582 1.24798e-05
0.00249023 7.07566e-06

0.00249023 7.07975e-06
0.00251465 1.25773e-05

0.00251465 1.06233e-05
0.00253906 1.52965e-05

0.00253906 1.52855e-05
0.00256348 1.05841e-05

0.00256348 1.24386e-05
0.00258789 7.23354e-06

0.00258789 7.22909e-06
0.0026123 1.2597e-05

0.0026123 1.07707e-05
0.00263672 1.51489e-05

0.00263672 1.50951e-05
0.00266113 1.05478e-05

0.00266113 1.17887e-05
0.00268555 8.10264e-06

0.00268555 7.32598e-06
0.00270996 1.39533e-05

0.00270996 1.40608e-05
0.00273438 1.40225e-05

0.00273437 1.38296e-05
0.00275879 7.39822e-06

0.00275879 8.20238e-06
0.0027832 1.19199e-05

0.0027832 1.07445e-05
0.00280762 1.49054e-05

0.00280762 1.49023e-05
0.00283203 1.07339e-05

0.00283203 1.19136e-05
0.00285645 8.21296e-06

0.00285645 7.43712e-06
0.00288086 1.37971e-05

0.00288086 1.39237e-05
0.00290527 1.4069e-05

0.00290527 1.37545e-05
0.00292969 7.67534e-06

0.00292969 8.42573e-06
0.0029541 1.19915e-05

0.0029541 1.13854e-05
0.00297852 1.43276e-05

0.00297852 1.19294e-05
0.00300293 1.23491e-05

0.00300293 1.23699e-05
0.00302734 1.39194e-05

0.00302734 1.27915e-05
0.00305176 1.36729e-05

0.00305176 1.32047e-05
0.00307617 1.43696e-05

0.00307617 1.35986e-05
0.00310059 1.46125e-05

0.00310059 1.40211e-05
0.003125 1.51194e-05

0.00175781 0.00288072
0.00158215 0.00292969

0.0015625 0.00293569
0.00158404 0.00292969

0.00175781 0.00288128
0.00195312 0.00281809

0.00234375 0.00265974
0.00217352 0.00273438

0.00195312 0.00281844
0.00214844 0.00274483

0.00214844 0.00274472
0.00217204 0.00273438

0.00292969 0.00231013
0.00288326 0.00234375

0.003125 0.0021454
0.00312168 0.00214844

0.00302734 0.00223371
0.00301206 0.00224609

0.00297852 0.00227066
0.00294739 0.00229492

0.00292969 0.00231013
0.00294936 0.00229492

0.00297852 0.0022703
0.0030087 0.00224609

0.00302734 0.00223265
0.00312371 0.00214844

0.00244141 0.00261126
0.00238929 0.00263672

0.00234375 0.00265877
0.00238888 0.00263672

0.00244141 0.00261134
0.00253906 0.00256009

0.00273438 0.00244658
0.0025784 0.00253906

0.00253906 0.00255981
0.00257466 0.00253906

0.00283203 0.00237985
0.00273994 0.00244141

0.00273438 0.00244582
0.00274126 0.00244141

0.00283203 0.00237974
0.00288202 0.00234375

0.003125 1.44546e-05
0.00314941 1.55028e-05

0.00314941 1.49259e-05
0.00317383 1.59307e-05

0.00317383 1.5416e-05
0.00319824 1.62333e-05

0.00319824 1.57788e-05
0.00322266 1.64886e-05

0.00322266 1.59846e-05
0.00324707 1.69157e-05

0.00324707 1.6393e-05
0.00327148 1.75526e-05

0.00327148 1.68312e-05
0.0032959 1.82199e-05

0.0032959 1.79409e-05
0.00332031 1.86717e-05

0.00332031 1.74294e-05
0.00334473 1.90661e-05

0.00334473 1.97345e-05
0.00336914 2.01516e-05

0.00336914 1.28729e-05
0.00339355 2.44111e-05

0.0033912 2.44141e-05
0.00339355 2.53606e-05

0.00339355 2.76809e-05
0.00341729 4.88281e-05

0.00341705 4.88281e-05
0.00341797 4.97239e-05

0.00341797 4.99652e-05
0.00344115 7.32422e-05

0.00344127 7.32422e-05
0.00344238 7.43998e-05

0.00344238 7.46298e-05
0.00346382 9.76563e-05

0.00346433 9.76563e-05
0.0034668 0.000100427

0.0034668 0.000100893
0.00350559 0.000146484

0.0035056 0.000146484
0.00351563 0.000159625

0.00351563 0.000160077
0.00354212 0.000195313

0.00354239 0.000195313
0.00356445 0.000228426

0.00356445 0.000229834
0.00357379 0.000244141

0.0035745 0.000244141
0.00360333 0.000292969

0.00360413 0.000292969
0.00361328 0.000311426

0.00361328 0.000312976
0.00362832 0.000341797

0.00362857 0.000341797
0.00365116 0.000390625

0.00365182 0.000390625
0.00368921 0.000488281

0.00368902 0.000488281
0.00371094 0.00056589

0.00371094 0.000567681
0.00371609 0.000585938

0.00371629 0.000585937
0.00373507 0.000683594

0.0037347 0.000683594
0.00374582 0.00078125

0.0037478 0.00078125
0.00374824 0.000976562

0.00374794 0.000976562
0.00371977 0.00117188

0.00371094 0.00120385
0.00366384 0.00136719

0.00366393 0.00136719
0.00357849 0.0015625

0.00371094 0.00119637
0.003718 0.00117187

0.00332031 0.00194171
0.00331086 0.00195312

0.00351563 0.00167192
0.00346145 0.00175781

0.00341797 0.00181867
0.00339165 0.00185547

0.00332031 0.00194403
0.0033917 0.00185547

0.00346076 0.00175781
0.00342676 0.00180664

0.00341797 0.00181719
0.00342541 0.00180664

0.00331606 0.00195312
0.00312731 0.00214844

0.00357642 0.0015625
0.00352255 0.00166016

0.00351563 0.00167017
0.00352169 0.00166016

