0.000121899 0
0.00012207 5.10221e-07

0.00012207 7.20416e-07
0.000146484 7.36085e-07

0.000170898 2.40645e-05
0.000170613 2.44141e-05

0.000170898 4.86614e-05
0.000170851 4.88281e-05

0.000195313 9.78841e-06
0.000192754 2.44141e-05

0.000188821 2.44141e-05
0.000184423 4.88281e-05

0.000170876 4.88281e-05
0.000170898 4.89339e-05

0.000184629 4.88281e-05
0.000188103 7.32422e-05

0.000187505 7.32422e-05
0.000195313 8.90697e-05

0.000195313 1.31388e-05
0.000197611 0

0.000195313 8.88877e-05
0.000199705 9.76563e-05

0.000198808 9.76563e-05
0.000219727 0.000119302

0.000219727 0.000118889
0.000225472 0.00012207

0.000226614 0.00012207
0.000244141 0.000131492

0.000244141 0.000131032
0.000268555 0.000135324

0.000268555 0.000135282
0.000292969 0.000132044

0.000341797 9.56577e-05
0.000340803 9.76563e-05

0.000343608 0
0.000347531 2.44141e-05

0.000351372 2.44141e-05
0.000355459 4.88281e-05

0.000355437 4.88281e-05
0.00035205 7.32422e-05

0.000341797 9.51654e-05
0.000352679 7.32422e-05

0.000317383 0.000121094
0.000315391 0.00012207

0.000292969 0.000132632
0.000314561 0.00012207

0.000317383 0.000121923
0.000341777 9.76563e-05

0.00087661 0
0.000878906 6.03553e-06

0.000878906 4.59058e-06
0.00090332 3.43199e-06

0.00090332 4.52295e-06
0.000904941 0

0.00146271 0
0.00146484 6.08061e-06

0.00146484 5.57505e-06
0.00148371 2.44141e-05

0.00148304 2.44141e-05
0.00148926 2.65892e-05

0.00148926 1.72765e-05
0.00151367 1.73853e-05

0.00148926 2.44753e-05
0.00150198 2.44141e-05

0.00151367 1.73775e-05
0.00153809 1.72685e-05

0.00152532 2.44141e-05
0.00153809 2.44757e-05

0.0015625 5.59278e-06
0.00154363 2.44141e-05

0.00153809 2.65915e-05
0.00154431 2.44141e-05

0 0.0031245
0.000390625 0.00311343

0.000390625 0.00311372
0.00078125 0.00307994

0.00078125 0.00308057
0.00117187 0.00302223

0.00117188 0.00302329
0.0015625 0.00293701

0.0015625 6.12326e-06
0.00156465 0

0.00165655 0
0.00166016 8.80575e-06

0.00166016 1.05144e-05
0.00167483 2.44141e-05

0.00167393 2.44141e-05
0.00168457 2.84374e-05

0.00168457 1.89551e-05
0.00170898 1.92422e-05

0.00169693 2.44141e-05
0.00170898 2.44777e-05

0.0017334 1.15406e-05
0.00171875 2.44141e-05

0.00170898 2.82093e-05
0.00171951 2.44141e-05

0.0017334 1.30056e-05
0.00173906 0

0.00179052 0
0.00180664 1.95508e-05

0.00180664 3.94167e-06
0.00183105 1.35757e-05

0.00183105 9.32012e-06
0.00185547 1.28104e-05

0.00185547 8.87445e-06
0.00187988 1.26108e-05

0.00187988 1.36411e-05
0.0019043 1.31785e-05

0.0019043 1.36585e-05
0.00192871 7.22035e-06

0.00192871 7.43583e-06
0.00195312 1.16757e-05

0.00195312 1.036e-05
0.00197754 1.54334e-05

0.00197754 1.5208e-05
0.00200195 1.05876e-05

0.00200195 1.52532e-05
0.00202637 4.41757e-06

0.00202637 4.65321e-06
0.00205078 9.42336e-06

0.00205078 9.08506e-06
0.0020752 1.52877e-05

0.0020752 9.57018e-06
0.00209961 1.16213e-05

0.00209961 1.34851e-05
0.00212402 1.35132e-05

0.00212402 1.31571e-05
0.00214844 8.07125e-06

0.00214844 7.66505e-06
0.00217285 1.30705e-05

0.00217285 1.39552e-05
0.00219727 1.39609e-05

0.00219727 1.32515e-05
0.00222168 7.49167e-06

0.00222168 7.40214e-06
0.00224609 1.34187e-05

0.00224609 1.40801e-05
0.00227051 1.41028e-05

0.00227051 1.3982e-05
0.00229492 6.86926e-06

0.00229492 7.64358e-06
0.00231934 1.18587e-05

0.00231934 1.04569e-05
0.00234375 1.53228e-05

0.00234375 1.53452e-05
0.00236816 1.0602e-05

0.00236816 1.25194e-05
0.00239258 6.96802e-06

0.00239258 6.97765e-06
0.00241699 1.25674e-05

0.00241699 1.05765e-05
0.00244141 1.53609e-05

0.00244141 1.5352e-05
0.00246582 1.05503e-05

0.00246582 1.24794e-05
0.00249023 7.07898e-06

0.00249023 7.08259e-06
0.00251465 1.25761e-05

0.00251465 1.06235e-05
0.00253906 1.52948e-05

0.00253906 1.52837e-05
0.00256348 1.05847e-05

0.00256348 1.24392e-05
0.00258789 7.23479e-06

0.00258789 7.2311e-06
0.0026123 1.25945e-05

0.0026123 1.07687e-05
0.00263672 1.51473e-05

0.00263672 1.5094e-05
0.00266113 1.05483e-05

0.00266113 1.17877e-05
0.00268555 8.10253e-06

0.00268555 7.32584e-06
0.00270996 1.39541e-05

0.00270996 1.40611e-05
0.00273438 1.40221e-05

0.00273437 1.38318e-05
0.00275879 7.39548e-06

0.00275879 8.19631e-06
0.0027832 1.19204e-05

0.0027832 1.0745e-05
0.00280762 1.49119e-05

0.00280762 1.4906e-05
0.00283203 1.07332e-05

0.00283203 1.19204e-05
0.00285645 8.20667e-06

0.00285645 7.43335e-06
0.00288086 1.37887e-05

0.00288086 1.39014e-05
0.00290527 1.40833e-05

0.00290527 1.37574e-05
0.00292969 7.70963e-06

0.00292969 8.46792e-06
0.0029541 1.1973e-05

0.0029541 1.13834e-05
0.00297852 1.42964e-05

0.00297852 1.19323e-05
0.00300293 1.23292e-05

0.00300293 1.23449e-05
0.00302734 1.38791e-05

0.00302734 1.27375e-05
0.00305176 1.36841e-05

0.00305176 1.31673e-05
0.00307617 1.44354e-05

0.00307617 1.36331e-05
0.00310059 1.46923e-05

0.00310059 1.41103e-05
0.003125 1.51337e-05

0.00175781 0.00288072
0.00158216 0.00292969

0.0015625 0.00293569
0.00158404 0.00292969

0.00175781 0.00288128
0.00195312 0.0028181

0.00234375 0.00265974
0.00217353 0.00273438

0.00195312 0.00281844
0.00214844 0.00274483

0.00214844 0.00274472
0.00217203 0.00273438

0.00292969 0.00231012
0.00288325 0.00234375

0.003125 0.0021454
0.00312167 0.00214844

0.00302734 0.00223371
0.00301205 0.00224609

0.00297852 0.00227065
0.00294739 0.00229492

0.00292969 0.00231012
0.00294936 0.00229492

0.00297852 0.00227029
0.00300869 0.00224609

0.00302734 0.00223264
0.00312371 0.00214844

0.00244141 0.00261126
0.00238929 0.00263672

0.00234375 0.00265877
0.00238888 0.00263672

0.00244141 0.00261134
0.00253906 0.00256009

0.00273438 0.00244657
0.0025784 0.00253906

0.00253906 0.0025598
0.00257465 0.00253906

0.00283203 0.00237984
0.00273993 0.00244141

0.00273438 0.00244582
0.00274125 0.00244141

0.00283203 0.00237973
0.00288201 0.00234375

0.003125 1.45172e-05
0.00314941 1.54399e-05

0.00314941 1.49215e-05
0.00317383 1.58333e-05

0.00317383 1.53466e-05
0.00319824 1.61412e-05

0.00319824 1.56551e-05
0.00322266 1.64649e-05

0.00322266 1.5926e-05
0.00324707 1.6984e-05

0.00324707 1.64186e-05
0.00327148 1.76078e-05

0.00327148 1.68261e-05
0.0032959 1.82934e-05

0.0032959 1.77503e-05
0.00332031 1.91031e-05

0.00332031 1.84032e-05
0.00334473 1.94217e-05

0.00334473 1.9423e-05
0.00336914 1.94674e-05

0.00336914 1.32225e-05
0.00339299 2.44141e-05

0.003392 2.44141e-05
0.00339355 2.50026e-05

0.00339355 2.67702e-05
0.00341797 4.80076e-05

0.00341789 4.88281e-05
0.00341797 4.89023e-05

0.00341797 4.78625e-05
0.00341895 4.88281e-05

0.00341797 4.90123e-05
0.00344171 7.32422e-05

0.00344179 7.32422e-05
0.00344238 7.38715e-05

0.00344238 7.40785e-05
0.0034641 9.76563e-05

0.00346464 9.76563e-05
0.0034668 0.000100097

0.0034668 0.000100538
0.00350564 0.000146484

0.00350568 0.000146484
0.00351563 0.000159567

0.00351563 0.000160025
0.00354209 0.000195313

0.00354237 0.000195313
0.00356445 0.000228499

0.00356445 0.000229917
0.00357372 0.000244141

0.00357444 0.000244141
0.00360323 0.000292969

0.00360402 0.000292969
0.00361328 0.000311635

0.00361328 0.000313171
0.00362821 0.000341797

0.00362847 0.000341797
0.00365106 0.000390625

0.00365172 0.000390625
0.00368913 0.000488281

0.00368893 0.000488281
0.00371094 0.000566135

0.00371094 0.000567958
0.00371602 0.000585938

0.00371623 0.000585937
0.00373502 0.000683594

0.00373465 0.000683594
0.00374578 0.00078125

0.00374776 0.00078125
0.00374823 0.000976562

0.00374792 0.000976562
0.00371976 0.00117188

0.00371094 0.00120381
0.00366383 0.00136719

0.00366393 0.00136719
0.00357848 0.0015625

0.00371094 0.00119632
0.00371799 0.00117187

0.00332031 0.00194169
0.00331084 0.00195312

0.00351563 0.0016719
0.00346144 0.00175781

0.00341797 0.00181866
0.00339165 0.00185547

0.00332031 0.00194402
0.00339169 0.00185547

0.00346074 0.00175781
0.00342675 0.00180664

0.00341797 0.00181716
0.00342539 0.00180664

0.00331605 0.00195312
0.0031273 0.00214844

0.00357641 0.0015625
0.00352254 0.00166016

0.00351563 0.00167015
0.00352168 0.00166016

