0.000121913 0
0.00012207 4.69551e-07

0.00012207 6.99795e-07
0.000146484 7.50307e-07

0.000170898 2.40367e-05
0.000170585 2.44141e-05

0.000170898 4.8606e-05
0.000170836 4.88281e-05

0.000195313 1.01127e-05
0.00019282 2.44141e-05

0.00018887 2.44141e-05
0.000184504 4.88281e-05

0.000184711 4.88281e-05
0.000188218 7.32422e-05

0.000187629 7.32422e-05
0.000195313 8.87888e-05

0.000195313 1.31398e-05
0.000197603 0

0.000195313 8.86521e-05
0.000199835 9.76563e-05

0.000198995 9.76563e-05
0.000219727 0.000119158

0.000219727 0.000118807
0.000225579 0.00012207

0.00022671 0.00012207
0.000244141 0.000131493

0.000244141 0.000131013
0.000268555 0.000135347

0.000268555 0.000135305
0.000292969 0.000132117

0.000341797 9.60045e-05
0.000340977 9.76563e-05

0.000343728 0
0.000347657 2.44141e-05

0.000351501 2.44141e-05
0.000355602 4.88281e-05

0.000355581 4.88281e-05
0.00035221 7.32422e-05

0.000341797 9.55176e-05
0.000352844 7.32422e-05

0.000317383 0.000121203
0.000315602 0.00012207

0.000292969 0.000132711
0.000314837 0.00012207

0.000341797 9.78231e-05
0.000317397 0.00012207

0.000341797 9.78004e-05
0.000341902 9.76563e-05

0.000876603 0
0.000878906 6.04893e-06

0.000878906 4.60644e-06
0.00090332 3.41744e-06

0.00090332 4.49359e-06
0.000904929 0

0.00146271 0
0.00146484 6.09092e-06

0.00146484 5.57214e-06
0.00148371 2.44141e-05

0.00148304 2.44141e-05
0.00148926 2.65916e-05

0.00148926 1.72849e-05
0.00151367 1.73941e-05

0.00148926 2.44754e-05
0.00150198 2.44141e-05

0.00151367 1.73786e-05
0.00153809 1.72684e-05

0.00152531 2.44141e-05
0.00153809 2.44757e-05

0.0015625 5.60427e-06
0.00154364 2.44141e-05

0.00153809 2.65935e-05
0.00154432 2.44141e-05

0 0.00312451
0.000390625 0.00311344

0.000390625 0.00311374
0.00078125 0.00307995

0.00078125 0.00308058
0.00117187 0.00302223

0.00117188 0.0030233
0.0015625 0.00293702

0.0015625 6.11735e-06
0.00156465 0

0.00165654 0
0.00166016 8.81766e-06

0.00166016 1.05203e-05
0.00167483 2.44141e-05

0.00167394 2.44141e-05
0.00168457 2.84339e-05

0.00168457 1.89485e-05
0.00170898 1.92368e-05

0.00169694 2.44141e-05
0.00170898 2.4478e-05

0.0017334 1.15466e-05
0.00171876 2.44141e-05

0.00170898 2.82071e-05
0.00171951 2.44141e-05

0.0017334 1.29979e-05
0.00173905 0

0.00179051 0
0.00180664 1.95545e-05

0.00180664 3.9483e-06
0.00183105 1.35731e-05

0.00183105 9.3223e-06
0.00185547 1.28092e-05

0.00185547 8.87538e-06
0.00187988 1.26103e-05

0.00187988 1.36396e-05
0.0019043 1.31793e-05

0.0019043 1.36575e-05
0.00192871 7.22476e-06

0.00192871 7.44105e-06
0.00195312 1.16753e-05

0.00195312 1.03614e-05
0.00197754 1.54294e-05

0.00197754 1.52047e-05
0.00200195 1.05885e-05

0.00200195 1.52579e-05
0.00202637 4.41604e-06

0.00202637 4.67844e-06
0.00205078 9.38955e-06

0.00205078 8.96078e-06
0.0020752 1.53523e-05

0.0020752 9.66237e-06
0.00209961 1.17448e-05

0.00209961 1.36176e-05
0.00212402 1.33715e-05

0.00212402 1.30991e-05
0.00214844 7.98395e-06

0.00214844 7.58702e-06
0.00217285 1.31257e-05

0.00217285 1.39287e-05
0.00219727 1.39929e-05

0.00219727 1.33016e-05
0.00222168 7.49652e-06

0.00222168 7.39688e-06
0.00224609 1.3369e-05

0.00224609 1.40388e-05
0.00227051 1.41392e-05

0.00227051 1.40014e-05
0.00229492 6.8988e-06

0.00229492 7.6657e-06
0.00231934 1.18352e-05

0.00231934 1.04561e-05
0.00234375 1.53216e-05

0.00234375 1.53428e-05
0.00236816 1.06019e-05

0.00236816 1.25175e-05
0.00239258 6.97136e-06

0.00239258 6.98034e-06
0.00241699 1.25679e-05

0.00241699 1.05776e-05
0.00244141 1.53594e-05

0.00244141 1.53516e-05
0.00246582 1.05508e-05

0.00246582 1.24791e-05
0.00249023 7.08014e-06

0.00249023 7.08344e-06
0.00251465 1.25768e-05

0.00251465 1.06242e-05
0.00253906 1.52952e-05

0.00253906 1.5285e-05
0.00256348 1.05849e-05

0.00256348 1.24407e-05
0.00258789 7.23266e-06

0.00258789 7.22969e-06
0.0026123 1.25933e-05

0.0026123 1.07698e-05
0.00263672 1.51454e-05

0.00263672 1.50902e-05
0.00266113 1.05449e-05

0.00266113 1.17846e-05
0.00268555 8.10604e-06

0.00268555 7.32603e-06
0.00270996 1.39547e-05

0.00270996 1.40642e-05
0.00273438 1.40204e-05

0.00273437 1.38279e-05
0.00275879 7.3938e-06

0.00275879 8.19809e-06
0.0027832 1.19232e-05

0.0027832 1.07491e-05
0.00280762 1.49034e-05

0.00280762 1.49039e-05
0.00283203 1.07222e-05

0.00283203 1.18256e-05
0.00285645 8.28775e-06

0.00285645 7.53609e-06
0.00288086 1.38749e-05

0.00288086 1.40172e-05
0.00290527 1.39647e-05

0.00290527 1.37262e-05
0.00292969 7.61401e-06

0.00292969 8.42323e-06
0.0029541 1.19606e-05

0.0029541 1.13184e-05
0.00297852 1.42566e-05

0.00297852 1.18536e-05
0.00300293 1.23718e-05

0.00300293 1.2311e-05
0.00302734 1.39738e-05

0.00302734 1.2795e-05
0.00305176 1.37771e-05

0.00305176 1.32712e-05
0.00307617 1.44503e-05

0.00307617 1.36898e-05
0.00310059 1.46591e-05

0.00310059 1.41031e-05
0.003125 1.51224e-05

0.00175781 0.00288073
0.00158218 0.00292969

0.0015625 0.0029357
0.00158406 0.00292969

0.00175781 0.00288128
0.00195312 0.0028181

0.00234375 0.00265974
0.00217353 0.00273438

0.00195312 0.00281844
0.00214844 0.00274484

0.00214844 0.00274472
0.00217203 0.00273438

0.00292969 0.00231012
0.00288324 0.00234375

0.003125 0.00214539
0.00312166 0.00214844

0.00302734 0.0022337
0.00301204 0.00224609

0.00297852 0.00227064
0.00294737 0.00229492

0.00292969 0.00231012
0.00294934 0.00229492

0.00297852 0.00227028
0.00300868 0.00224609

0.00302734 0.00223263
0.0031237 0.00214844

0.00244141 0.00261126
0.00238929 0.00263672

0.00234375 0.00265877
0.00238888 0.00263672

0.00244141 0.00261134
0.00253906 0.00256009

0.00273438 0.00244657
0.00257839 0.00253906

0.00253906 0.0025598
0.00257464 0.00253906

0.00283203 0.00237983
0.00273993 0.00244141

0.00273438 0.00244581
0.00274124 0.00244141

0.00283203 0.00237973
0.002882 0.00234375

0.003125 1.45238e-05
0.00314941 1.54501e-05

0.00314941 1.49645e-05
0.00317383 1.57776e-05

0.00317383 1.53347e-05
0.00319824 1.60024e-05

0.00319824 1.55266e-05
0.00322266 1.63578e-05

0.00322266 1.57617e-05
0.00324707 1.70268e-05

0.00324707 1.63796e-05
0.00327148 1.77783e-05

0.00327148 1.70352e-05
0.0032959 1.83601e-05

0.0032959 1.79188e-05
0.00332031 1.88019e-05

0.00332031 1.79532e-05
0.00334473 1.92023e-05

0.00334473 1.95515e-05
0.00336914 1.96674e-05

0.00336914 1.28391e-05
0.00339335 2.44141e-05

0.00339145 2.44141e-05
0.00339355 2.52479e-05

0.00339355 2.7386e-05
0.00341786 4.88281e-05

0.00341767 4.88281e-05
0.00341797 4.91198e-05

0.00341797 4.95331e-05
0.00344158 7.32422e-05

0.00344164 7.32422e-05
0.00344238 7.40191e-05

0.00344238 7.41894e-05
0.00346418 9.76563e-05

0.00346471 9.76563e-05
0.0034668 9.99988e-05

0.0034668 0.0001005
0.00350582 0.000146484

0.00350581 0.000146484
0.00351563 0.000159373

0.00351563 0.000159602
0.0035421 0.000195313

0.00354252 0.000195313
0.00356445 0.000228284

0.00356445 0.000229699
0.00357387 0.000244141

0.00357457 0.000244141
0.00360335 0.000292969

0.00360414 0.000292969
0.00361328 0.000311429

0.00361328 0.000312969
0.0036283 0.000341797

0.00362855 0.000341797
0.00365112 0.000390625

0.00365179 0.000390625
0.00368915 0.000488281

0.00368896 0.000488281
0.00371094 0.000566125

0.00371094 0.000567916
0.00371603 0.000585938

0.00371623 0.000585937
0.003735 0.000683594

0.00373463 0.000683594
0.00374575 0.00078125

0.00374774 0.00078125
0.00374819 0.000976562

0.00374788 0.000976562
0.00371972 0.00117188

0.00371094 0.00120369
0.0036638 0.00136719

0.00366389 0.00136719
0.00357846 0.0015625

0.00371094 0.00119616
0.00371794 0.00117187

0.00332031 0.00194166
0.00331081 0.00195312

0.00351563 0.00167186
0.00346142 0.00175781

0.00341797 0.00181864
0.00339163 0.00185547

0.00332031 0.001944
0.00339166 0.00185547

0.00346072 0.00175781
0.00342673 0.00180664

0.00341797 0.0018171
0.00342535 0.00180664

0.00331603 0.00195312
0.00312729 0.00214844

0.00357639 0.0015625
0.00352252 0.00166016

0.00351563 0.00167011
0.00352165 0.00166016

