0.000121902 0
0.00012207 5.02473e-07

0.00012207 6.95635e-07
0.000146484 7.16299e-07

0.000170898 2.40922e-05
0.000170632 2.44141e-05

0.000170898 4.83889e-05
0.000170772 4.88281e-05

0.000195313 1.01552e-05
0.000192811 2.44141e-05

0.000188902 2.44141e-05
0.000184448 4.88281e-05

0.000170842 4.88281e-05
0.000170898 4.91019e-05

0.000184648 4.88281e-05
0.000188016 7.32422e-05

0.000187411 7.32422e-05
0.000195313 8.94134e-05

0.000195313 1.35485e-05
0.000197689 0

0.000195313 8.92616e-05
0.000199472 9.76563e-05

0.000198497 9.76563e-05
0.000219727 0.000119591

0.000219727 0.000119064
0.000225217 0.00012207

0.00022631 0.00012207
0.000244141 0.000131573

0.000244141 0.000131098
0.000268555 0.000135331

0.000268555 0.000135297
0.000292969 0.000132037

0.000341797 9.56792e-05
0.000340812 9.76563e-05

0.000343699 0
0.000347615 2.44141e-05

0.000351454 2.44141e-05
0.000355522 4.88281e-05

0.000355499 4.88281e-05
0.000352088 7.32422e-05

0.000341797 9.51925e-05
0.000352717 7.32422e-05

0.000317383 0.000121105
0.000315413 0.00012207

0.000292969 0.000132625
0.00031454 0.00012207

0.000317383 0.000121911
0.00034178 9.76563e-05

0.000876618 0
0.000878906 6.01754e-06

0.000878906 4.54268e-06
0.00090332 3.46785e-06

0.00090332 4.63158e-06
0.000904986 0

0.00146272 0
0.00146484 6.07703e-06

0.00146484 5.48243e-06
0.00148372 2.44141e-05

0.00148321 2.44141e-05
0.00148926 2.654e-05

0.00148926 1.72839e-05
0.00151367 1.75537e-05

0.00148926 2.44573e-05
0.00150852 2.44141e-05

0.00151367 1.75655e-05
0.00153809 1.72975e-05

0.00151885 2.44141e-05
0.00153809 2.44578e-05

0.0015625 5.46273e-06
0.00154361 2.44141e-05

0.00153809 2.65408e-05
0.00154413 2.44141e-05

0 0.00312457
0.000390625 0.0031135

0.000390625 0.0031138
0.00078125 0.00308001

0.00078125 0.00308063
0.00117187 0.00302228

0.00117188 0.00302334
0.0015625 0.00293705

0.0015625 6.13147e-06
0.00156465 0

0.00165655 0
0.00166016 8.78957e-06

0.00166016 1.05118e-05
0.00167483 2.44141e-05

0.00167392 2.44141e-05
0.00168457 2.84451e-05

0.00168457 1.89688e-05
0.00170898 1.92519e-05

0.00169694 2.44141e-05
0.00170898 2.44762e-05

0.0017334 1.15361e-05
0.00171875 2.44141e-05

0.00170898 2.82084e-05
0.0017195 2.44141e-05

0.0017334 1.30079e-05
0.00173906 0

0.00179052 0
0.00180664 1.95675e-05

0.00180664 3.96909e-06
0.00183105 1.35891e-05

0.00183105 9.33855e-06
0.00185547 1.28022e-05

0.00185547 8.88936e-06
0.00187988 1.261e-05

0.00187988 1.3634e-05
0.0019043 1.31778e-05

0.0019043 1.36545e-05
0.00192871 7.24691e-06

0.00192871 7.4629e-06
0.00195312 1.16722e-05

0.00195312 1.03643e-05
0.00197754 1.54195e-05

0.00197754 1.52005e-05
0.00200195 1.05949e-05

0.00200195 1.5234e-05
0.00202637 4.44688e-06

0.00202637 4.68691e-06
0.00205078 9.43264e-06

0.00205078 9.07239e-06
0.0020752 1.52922e-05

0.0020752 9.61323e-06
0.00209961 1.16491e-05

0.00209961 1.35107e-05
0.00212402 1.34629e-05

0.00212402 1.30762e-05
0.00214844 8.1233e-06

0.00214844 7.73458e-06
0.00217285 1.31365e-05

0.00217285 1.40375e-05
0.00219727 1.38618e-05

0.00219727 1.31321e-05
0.00222168 7.50545e-06

0.00222168 7.44352e-06
0.00224609 1.35304e-05

0.00224609 1.41801e-05
0.00227051 1.40007e-05

0.00227051 1.3921e-05
0.00229492 6.81257e-06

0.00229492 7.60269e-06
0.00231934 1.19234e-05

0.00231934 1.04679e-05
0.00234375 1.53135e-05

0.00234375 1.53412e-05
0.00236816 1.06045e-05

0.00236816 1.25173e-05
0.00239258 6.98002e-06

0.00239258 6.9902e-06
0.00241699 1.25673e-05

0.00241699 1.05815e-05
0.00244141 1.53538e-05

0.00244141 1.53457e-05
0.00246582 1.05535e-05

0.00246582 1.24777e-05
0.00249023 7.09111e-06

0.00249023 7.0943e-06
0.00251465 1.25751e-05

0.00251465 1.06268e-05
0.00253906 1.52896e-05

0.00253906 1.52793e-05
0.00256348 1.0589e-05

0.00256348 1.24421e-05
0.00258789 7.24101e-06

0.00258789 7.23772e-06
0.0026123 1.25902e-05

0.0026123 1.07703e-05
0.00263672 1.51429e-05

0.00263672 1.50895e-05
0.00266113 1.05466e-05

0.00266113 1.17868e-05
0.00268555 8.1051e-06

0.00268555 7.32624e-06
0.00270996 1.39518e-05

0.00270996 1.40583e-05
0.00273438 1.4023e-05

0.00273437 1.38242e-05
0.00275879 7.40626e-06

0.00275879 8.21267e-06
0.0027832 1.19228e-05

0.0027832 1.07471e-05
0.00280762 1.48978e-05

0.00280762 1.49021e-05
0.00283203 1.0734e-05

0.00283203 1.18612e-05
0.00285645 8.2614e-06

0.00285645 7.50771e-06
0.00288086 1.38411e-05

0.00288086 1.39966e-05
0.00290527 1.39771e-05

0.00290527 1.36541e-05
0.00292969 7.66833e-06

0.00292969 8.4272e-06
0.0029541 1.20976e-05

0.0029541 1.13944e-05
0.00297852 1.43436e-05

0.00297852 1.19605e-05
0.00300293 1.24465e-05

0.00300293 1.24508e-05
0.00302734 1.39572e-05

0.00302734 1.28749e-05
0.00305176 1.36662e-05

0.00305176 1.324e-05
0.00307617 1.43247e-05

0.00307617 1.35968e-05
0.00310059 1.4571e-05

0.00310059 1.40258e-05
0.003125 1.50413e-05

0.00175781 0.00288075
0.0015823 0.00292969

0.0015625 0.00293573
0.00158415 0.00292969

0.00175781 0.00288131
0.00195312 0.00281812

0.00234375 0.00265974
0.00217355 0.00273438

0.00195312 0.00281846
0.00214844 0.00274484

0.00214844 0.00274472
0.00217202 0.00273438

0.00292969 0.00231008
0.00288319 0.00234375

0.003125 0.00214533
0.0031216 0.00214844

0.00302734 0.00223366
0.003012 0.00224609

0.00297852 0.0022706
0.00294732 0.00229492

0.00292969 0.00231008
0.00294929 0.00229492

0.00297852 0.00227022
0.0030086 0.00224609

0.00302734 0.00223258
0.00312363 0.00214844

0.00244141 0.00261125
0.00238929 0.00263672

0.00234375 0.00265876
0.00238886 0.00263672

0.00244141 0.00261133
0.00253906 0.00256007

0.00273438 0.00244655
0.00257837 0.00253906

0.00253906 0.00255976
0.00257458 0.00253906

0.00283203 0.0023798
0.00273989 0.00244141

0.00273438 0.00244577
0.00274118 0.00244141

0.00283203 0.00237969
0.00288194 0.00234375

0.003125 1.44307e-05
0.00314941 1.53465e-05

0.00314941 1.47681e-05
0.00317383 1.57893e-05

0.00317383 1.51337e-05
0.00319824 1.63498e-05

0.00319824 1.62378e-05
0.00322266 1.64148e-05

0.00322266 1.56084e-05
0.00324707 1.61858e-05

0.00324707 1.53318e-05
0.00327148 1.83449e-05

0.00327148 1.80338e-05
0.0032959 1.93781e-05

0.0032959 1.85112e-05
0.00332031 1.78238e-05

0.00332031 1.774e-05
0.00334473 1.83005e-05

0.00334473 1.81889e-05
0.00336914 1.92625e-05

0.00336914 1.29894e-05
0.00339206 2.44141e-05

0.00339029 2.44141e-05
0.00339355 2.5685e-05

0.00339355 2.68646e-05
0.00341797 4.7888e-05

0.00341797 4.79653e-05
0.00341885 4.88281e-05

0.00341799 4.88281e-05
0.00344203 7.32422e-05

0.00344199 7.32422e-05
0.00344238 7.36551e-05

0.00344238 7.38021e-05
0.00346432 9.76563e-05

0.00346487 9.76563e-05
0.0034668 9.9844e-05

0.0034668 0.000100587
0.00348544 0.00012207

0.00348522 0.00012207
0.00349121 0.000129298

0.00349121 0.000128958
0.00350553 0.000146484

0.00350578 0.000146484
0.00351563 0.000159446

0.00351563 0.000159836
0.00354219 0.000195313

0.00354246 0.000195313
0.00356445 0.000228393

0.00356445 0.000229869
0.00357375 0.000244141

0.00357449 0.000244141
0.00360327 0.000292969

0.00360406 0.000292969
0.00361328 0.000311573

0.00361328 0.00031311
0.00362823 0.000341797

0.00362849 0.000341797
0.00365107 0.000390625

0.00365173 0.000390625
0.00368911 0.000488281

0.00368892 0.000488281
0.00371094 0.00056625

0.00371094 0.000568062
0.00371599 0.000585938

0.00371619 0.000585937
0.00373497 0.000683594

0.0037346 0.000683594
0.00374572 0.00078125

0.0037477 0.00078125
0.00374815 0.000976562

0.00374784 0.000976562
0.00371967 0.00117188

0.00371094 0.00120351
0.00366373 0.00136719

0.00366383 0.00136719
0.00357838 0.0015625

0.00371094 0.00119587
0.00371786 0.00117187

0.00332031 0.00194151
0.00331069 0.00195312

0.00351563 0.00167174
0.00346134 0.00175781

0.00341797 0.00181856
0.00339157 0.00185547

0.00332031 0.00194391
0.00339159 0.00185547

0.00346064 0.00175781
0.00342665 0.00180664

0.00341797 0.00181687
0.00342518 0.00180664

0.00331596 0.00195312
0.00312724 0.00214844

0.00357631 0.0015625
0.00352244 0.00166016

0.00351563 0.00166998
0.00352157 0.00166016

