0.000121907 0
0.00012207 4.88493e-07

0.00012207 6.95473e-07
0.000146484 7.17085e-07

0.000170898 2.41017e-05
0.000170639 2.44141e-05

0.000170898 4.83781e-05
0.000170769 4.88281e-05

0.000195313 1.0223e-05
0.000192823 2.44141e-05

0.00018892 2.44141e-05
0.000184466 4.88281e-05

0.000170845 4.88281e-05
0.000170898 4.90866e-05

0.000184666 4.88281e-05
0.000188035 7.32422e-05

0.00018743 7.32422e-05
0.000195313 8.93738e-05

0.000195313 1.36533e-05
0.000197708 0

0.000195313 8.9221e-05
0.000199493 9.76563e-05

0.000198519 9.76563e-05
0.000219727 0.000119571

0.000219727 0.000119049
0.000225242 0.00012207

0.000226342 0.00012207
0.000244141 0.000131559

0.000244141 0.000131087
0.000268555 0.000135325

0.000268555 0.000135291
0.000292969 0.000132037

0.000341797 9.5709e-05
0.000340826 9.76563e-05

0.00034372 0
0.000347635 2.44141e-05

0.000351474 2.44141e-05
0.000355542 4.88281e-05

0.000355519 4.88281e-05
0.000352106 7.32422e-05

0.000341797 9.52235e-05
0.000352735 7.32422e-05

0.000317383 0.000121106
0.000315414 0.00012207

0.000292969 0.000132625
0.000314554 0.00012207

0.000317383 0.000121921
0.000341796 9.76563e-05

0.000877092 0
0.000878906 4.9814e-06

0.000878906 3.68516e-06
0.00090332 4.31892e-06

0.00090332 5.7875e-06
0.000905498 0

0.00146271 0
0.00146484 6.08956e-06

0.00146484 5.56715e-06
0.0014837 2.44141e-05

0.00148302 2.44141e-05
0.00148926 2.65999e-05

0.00148926 1.73003e-05
0.00151367 1.74173e-05

0.00148926 2.44751e-05
0.0015021 2.44141e-05

0.00151367 1.73881e-05
0.00153809 1.72782e-05

0.00152533 2.44141e-05
0.00153809 2.44758e-05

0.0015625 5.63423e-06
0.00154366 2.44141e-05

0.00153809 2.65971e-05
0.00154433 2.44141e-05

0 0.00312456
0.000390625 0.0031135

0.000390625 0.00311379
0.00078125 0.00308

0.00078125 0.00308063
0.00117187 0.00302228

0.00117188 0.00302334
0.0015625 0.00293705

0.0015625 6.14348e-06
0.00156466 0

0.00165654 0
0.00166016 8.81765e-06

0.00166016 1.05264e-05
0.00167483 2.44141e-05

0.00167393 2.44141e-05
0.00168457 2.84367e-05

0.00168457 1.89532e-05
0.00170898 1.92413e-05

0.00169696 2.44141e-05
0.00170898 2.44777e-05

0.0017334 1.15543e-05
0.00171876 2.44141e-05

0.00170898 2.82071e-05
0.0017195 2.44141e-05

0.0017334 1.30045e-05
0.00173906 0

0.0017905 0
0.00180664 1.95682e-05

0.00180664 3.97219e-06
0.00183105 1.35749e-05

0.00183105 9.33506e-06
0.00185547 1.2802e-05

0.00185547 8.88162e-06
0.00187988 1.2609e-05

0.00187988 1.36329e-05
0.0019043 1.31828e-05

0.0019043 1.36555e-05
0.00192871 7.24508e-06

0.00192871 7.46216e-06
0.00195312 1.16731e-05

0.00195312 1.03666e-05
0.00197754 1.54184e-05

0.00197754 1.51969e-05
0.00200195 1.0594e-05

0.00200195 1.52343e-05
0.00202637 4.45145e-06

0.00202637 4.68054e-06
0.00205078 9.4385e-06

0.00205078 9.10358e-06
0.0020752 1.52793e-05

0.0020752 9.58652e-06
0.00209961 1.16234e-05

0.00209961 1.34846e-05
0.00212402 1.35067e-05

0.00212402 1.31588e-05
0.00214844 8.08013e-06

0.00214844 7.67866e-06
0.00217285 1.30577e-05

0.00217285 1.39368e-05
0.00219727 1.39563e-05

0.00219727 1.31809e-05
0.00222168 7.58141e-06

0.00222168 7.50652e-06
0.00224609 1.34754e-05

0.00224609 1.41842e-05
0.00227051 1.39857e-05

0.00227051 1.39105e-05
0.00229492 6.80574e-06

0.00229492 7.59239e-06
0.00231934 1.19318e-05

0.00231934 1.04693e-05
0.00234375 1.53156e-05

0.00234375 1.5342e-05
0.00236816 1.0603e-05

0.00236816 1.25175e-05
0.00239258 6.98008e-06

0.00239258 6.98996e-06
0.00241699 1.25668e-05

0.00241699 1.05809e-05
0.00244141 1.53541e-05

0.00244141 1.53463e-05
0.00246582 1.05532e-05

0.00246582 1.24781e-05
0.00249023 7.0895e-06

0.00249023 7.0924e-06
0.00251465 1.25754e-05

0.00251465 1.06262e-05
0.00253906 1.52911e-05

0.00253906 1.52813e-05
0.00256348 1.05883e-05

0.00256348 1.24411e-05
0.00258789 7.23934e-06

0.00258789 7.23556e-06
0.0026123 1.25931e-05

0.0026123 1.07725e-05
0.00263672 1.51441e-05

0.00263672 1.50897e-05
0.00266113 1.05462e-05

0.00266113 1.1788e-05
0.00268555 8.10617e-06

0.00268555 7.32689e-06
0.00270996 1.39505e-05

0.00270996 1.40586e-05
0.00273438 1.40227e-05

0.00273437 1.38216e-05
0.00275879 7.40744e-06

0.00275879 8.21421e-06
0.0027832 1.19258e-05

0.0027832 1.075e-05
0.00280762 1.48957e-05

0.00280762 1.49001e-05
0.00283203 1.07342e-05

0.00283203 1.18584e-05
0.00285645 8.2678e-06

0.00285645 7.51194e-06
0.00288086 1.38453e-05

0.00288086 1.40127e-05
0.00290527 1.39668e-05

0.00290527 1.36521e-05
0.00292969 7.64338e-06

0.00292969 8.39407e-06
0.0029541 1.21135e-05

0.0029541 1.14265e-05
0.00297852 1.43418e-05

0.00297852 1.19579e-05
0.00300293 1.23862e-05

0.00300293 1.2385e-05
0.00302734 1.39728e-05

0.00302734 1.28397e-05
0.00305176 1.37514e-05

0.00305176 1.33018e-05
0.00307617 1.43908e-05

0.00307617 1.36932e-05
0.00310059 1.45366e-05

0.00310059 1.40435e-05
0.003125 1.49521e-05

0.00175781 0.00288075
0.0015823 0.00292969

0.0015625 0.00293572
0.00158415 0.00292969

0.00175781 0.00288131
0.00195312 0.00281812

0.00234375 0.00265974
0.00217355 0.00273438

0.00195312 0.00281846
0.00214844 0.00274485

0.00214844 0.00274472
0.00217203 0.00273438

0.00292969 0.00231008
0.0028832 0.00234375

0.003125 0.00214534
0.00312161 0.00214844

0.00302734 0.00223367
0.00301201 0.00224609

0.00297852 0.0022706
0.00294733 0.00229492

0.00292969 0.00231008
0.0029493 0.00229492

0.00297852 0.00227023
0.00300861 0.00224609

0.00302734 0.00223259
0.00312364 0.00214844

0.00244141 0.00261125
0.0023893 0.00263672

0.00234375 0.00265877
0.00238887 0.00263672

0.00244141 0.00261134
0.00253906 0.00256008

0.00273438 0.00244655
0.00257838 0.00253906

0.00253906 0.00255977
0.0025746 0.00253906

0.00283203 0.00237981
0.0027399 0.00244141

0.00273438 0.00244578
0.00274119 0.00244141

0.00283203 0.00237969
0.00288195 0.00234375

0.003125 1.43671e-05
0.00314941 1.53003e-05

0.00314941 1.47238e-05
0.00317383 1.5786e-05

0.00317383 1.52114e-05
0.00319824 1.62271e-05

0.00319824 1.57421e-05
0.00322266 1.651e-05

0.00322266 1.58149e-05
0.00324707 1.69733e-05

0.00324707 1.66206e-05
0.00327148 1.7722e-05

0.00327148 1.67916e-05
0.0032959 1.80465e-05

0.0032959 1.76809e-05
0.00332031 1.90737e-05

0.00332031 1.83052e-05
0.00334473 1.93083e-05

0.00334473 1.94275e-05
0.00336914 1.93334e-05

0.00336914 1.27701e-05
0.00339315 2.44141e-05

0.00339081 2.44141e-05
0.00339355 2.55054e-05

0.00339355 2.7293e-05
0.00341797 4.87605e-05

0.00341767 4.88281e-05
0.00341797 4.91205e-05

0.00341797 4.94229e-05
0.00344166 7.32422e-05

0.00344171 7.32422e-05
0.00344238 7.39451e-05

0.00344238 7.40952e-05
0.00346425 9.76563e-05

0.0034648 9.76563e-05
0.0034668 9.99118e-05

0.0034668 0.00010073
0.0034854 0.00012207

0.00348519 0.00012207
0.00349121 0.000129294

0.00349121 0.000128933
0.00350559 0.000146484

0.00350581 0.000146484
0.00351563 0.000159379

0.00351563 0.000159801
0.00354225 0.000195313

0.00354253 0.000195313
0.00356445 0.000228279

0.00356445 0.000229743
0.00357384 0.000244141

0.00357457 0.000244141
0.00360334 0.000292969

0.00360413 0.000292969
0.00361328 0.000311449

0.00361328 0.000312981
0.00362829 0.000341797

0.00362855 0.000341797
0.00365111 0.000390625

0.00365177 0.000390625
0.00368914 0.000488281

0.00368895 0.000488281
0.00371094 0.000566153

0.00371094 0.000567948
0.00371602 0.000585938

0.00371622 0.000585937
0.00373499 0.000683594

0.00373463 0.000683594
0.00374574 0.00078125

0.00374773 0.00078125
0.00374817 0.000976562

0.00374787 0.000976562
0.0037197 0.00117188

0.00371094 0.00120358
0.00366375 0.00136719

0.00366385 0.00136719
0.0035784 0.0015625

0.00371094 0.00119596
0.00371788 0.00117187

0.00332031 0.00194153
0.00331071 0.00195312

0.00351563 0.00167176
0.00346135 0.00175781

0.00341797 0.00181857
0.00339158 0.00185547

0.00332031 0.00194393
0.0033916 0.00185547

0.00346065 0.00175781
0.00342666 0.00180664

0.00341797 0.0018169
0.0034252 0.00180664

0.00331597 0.00195312
0.00312724 0.00214844

0.00357633 0.0015625
0.00352245 0.00166016

0.00351563 0.00167
0.00352158 0.00166016

