0 6.95022e-05
0.00012207 6.979e-05

0.00012207 6.97191e-05
0.000244141 7.00114e-05

0.000244141 7.00839e-05
0.000366211 6.9654e-05

0.000366211 6.97178e-05
0.000488281 6.93575e-05

0.000488281 6.95585e-05
0.000610352 6.96313e-05

0.000610352 6.95994e-05
0.000732422 6.95864e-05

0.000732422 6.96931e-05
0.000854492 6.9477e-05

0.000854492 6.95398e-05
0.000976562 6.93176e-05

0 0.00156194
0.000244141 0.0015621

0.000244141 0.001562
0.000366211 0.00156225

0.000366211 0.00156226
0.000488281 0.00156282

0.000488281 0.00156283
0.000610352 0.00156365

0.000610352 0.00156366
0.000732422 0.00156472

0.000732422 0.00156473
0.000854492 0.001566

0.000854492 0.00156601
0.000976562 0.00156745

0.000976562 6.99335e-05
0.00109863 6.88995e-05

0.00109863 6.88895e-05
0.0012207 6.84042e-05

0.0012207 7.08086e-05
0.00134277 6.72935e-05

0.00134277 6.74749e-05
0.00146484 6.45822e-05

0.00146484 7.06555e-05
0.00158691 6.3212e-05

0.00170787 0
0.00158742 0.00012207

0.00158691 0.000122175
0.00158722 0.00012207

0.00170898 4.07933e-05
0.00172368 0

0.000976562 0.00156746
0.00109863 0.00156903

0.00109863 0.00156904
0.0012207 0.00157069

0.0012207 0.00157071
0.00134277 0.0015724

0.00134277 0.00157241
0.00146484 0.00157411

0.00146484 0.00157412
0.00158691 0.00157576

0.00158691 0.00157578
0.00170898 0.00157732

0.00170898 0.00157734
0.00183105 0.00157872

0.00183105 0.00157874
0.00195312 0.0015799

0.00202059 0
0.0020752 9.93637e-05

0.0020752 9.09156e-05
0.00219727 4.61487e-05

0.00219727 4.12691e-05
0.00221177 0

0.00195312 0.00157992
0.0020752 0.00158081

0.0020752 0.00158082
0.00219727 0.00158139

0.00219727 0.00158141
0.00231934 0.00158161

0.00231934 0.00158162
0.00244141 0.0015814

0.00244141 0.00158142
0.00256348 0.00158073

0.00256348 0.00158075
0.00268555 0.00157955

0.00268555 0.00157956
0.00280762 0.00157779

0.00280762 0.00157781
0.00292969 0.00157542

0.00292969 0.00157543
0.00305176 0.00157237

0.00305176 0.00157239
0.00317383 0.0015686

0.00317383 0.00156861
0.0032959 0.00156404

0.0032959 0.00156406
0.00341797 0.00155864

0.00341797 0.00155865
0.00354004 0.00155233

0.00354004 0.00155235
0.00366211 0.00154506

0.00366211 0.00154508
0.00378418 0.00153675

0.00378418 0.00153677
0.00390625 0.00152735

0.00390625 0.00152737
0.00402832 0.00151676

0.00402832 0.00151679
0.00415039 0.00150493

0.00415039 0.00150495
0.00427246 0.00149175

0.00427246 0.00149177
0.00439453 0.00147716

0.0045166 0.00146112
0.00448837 0.00146484

0.0045166 0.00146109
0.00463867 0.00144346

0.00463867 0.00144348
0.00476074 0.00142425

0.00476074 0.00142428
0.00488281 0.00140334

0.00439453 0.00147716
0.00448792 0.00146484

0.00550127 0
0.00559139 0.00012207

0.00561142 0.00012207
0.00561523 0.000124167

0.00561523 0.000116038
0.00562776 0.00012207

0.00563926 0.00012207
0.0057373 0.000147937

0.0057373 0.000133906
0.00585938 0.00013278

0.00488281 0.00140337
0.00500488 0.00138058

0.00500488 0.00138062
0.00512695 0.00135584

0.00524902 0.00132908
0.00518697 0.00134277

0.00512695 0.00135575
0.00518575 0.00134277

0.00524902 0.00132899
0.00537109 0.00129974

0.00537109 0.00129978
0.00549316 0.00126805

0.00549316 0.00126807
0.00561523 0.00123374

0.00585938 0.00115718
0.00566099 0.0012207

0.00561523 0.00123345
0.0056572 0.0012207

0.00598145 0.000118496
0.00597328 0.00012207

0.00585938 0.000143873
0.00594944 0.00012207

0.00610273 0
0.00600865 0.00012207

0.00634766 0.000957881
0.00630671 0.000976562

0.00634766 0.000957538
0.00646973 0.000897005

0.0065918 0.000832032
0.00655022 0.000854492

0.00646973 0.000896706
0.00654787 0.000854492

0.00683594 0.000682249
0.00675844 0.000732422

0.0065918 0.000831401
0.00671387 0.000759348

0.00671387 0.000756101
0.00675075 0.000732422

0.00585938 0.00115618
0.00598145 0.00111187

0.00610352 0.00106449
0.00601609 0.00109863

0.00598145 0.00111132
0.00601394 0.00109863

0.00610352 0.00106438
0.00622559 0.00101296

0.00622559 0.00101284
0.0063051 0.000976562

0.00720215 0.000390021
0.00709129 0.000488281

0.00732422 0.000267875
0.00722723 0.000366211

0.00720215 0.00038967
0.00722685 0.000366211

0.00695801 0.000595223
0.00693705 0.000610352

0.00683594 0.000680509
0.00693429 0.000610352

0.00695801 0.000594241
0.00708008 0.000497586

0.00708008 0.000496643
0.00709002 0.000488281

0.00744629 0.000129637
0.00734647 0.000244141

0.00752517 0
0.00747498 0.00012207

0.00744629 0.000130329
0.00745313 0.00012207

0.00732422 0.000267508
0.00734599 0.000244141

