0 6.95503e-05
0.00012207 6.9539e-05

0.00012207 6.93883e-05
0.000244141 6.96839e-05

0.000244141 6.97163e-05
0.000366211 6.98225e-05

0.000366211 6.98394e-05
0.000488281 6.93944e-05

0.000488281 6.94935e-05
0.000610352 6.93684e-05

0.000610352 6.94812e-05
0.000732422 6.95627e-05

0.000732422 6.95808e-05
0.000854492 6.94049e-05

0.000854492 6.94572e-05
0.000976562 6.93197e-05

0 0.00156743
0.000244141 0.00156754

0.000244141 0.00156745
0.000366211 0.00156763

0.000366211 0.00156764
0.000488281 0.00156809

0.000488281 0.0015681
0.000610352 0.00156877

0.000610352 0.00156878
0.000732422 0.00156966

0.000732422 0.00156967
0.000854492 0.00157073

0.000854492 0.00157074
0.000976562 0.00157195

0.000976562 6.98932e-05
0.00109863 6.88841e-05

0.00109863 6.88621e-05
0.0012207 6.83894e-05

0.0012207 7.05784e-05
0.00134277 6.74871e-05

0.00134277 6.76187e-05
0.00146484 6.50236e-05

0.00146484 7.10233e-05
0.00158691 6.32326e-05

0.0017078 0
0.00158756 0.00012207

0.00158691 0.000122194
0.00158728 0.00012207

0.00170898 4.07941e-05
0.00172368 0

0.000976562 0.00157196
0.00109863 0.00157328

0.00109863 0.00157329
0.0012207 0.00157468

0.0012207 0.00157469
0.00134277 0.0015761

0.00134277 0.00157611
0.00146484 0.00157751

0.00146484 0.00157752
0.00158691 0.00157887

0.00158691 0.00157888
0.00170898 0.00158011

0.00170898 0.00158013
0.00183105 0.00158119

0.00183105 0.0015812
0.00195312 0.00158204

0.00202069 0
0.0020752 9.92849e-05

0.0020752 9.07973e-05
0.00219727 4.62698e-05

0.00219727 4.16517e-05
0.00221191 0

0.00195312 0.00158205
0.0020752 0.00158261

0.0020752 0.00158262
0.00219727 0.00158285

0.00219727 0.00158286
0.00231934 0.00158272

0.00231934 0.00158273
0.00244141 0.00158217

0.00244141 0.00158218
0.00256348 0.00158115

0.00256348 0.00158116
0.00268555 0.00157962

0.00268555 0.00157964
0.00280762 0.00157754

0.00280762 0.00157755
0.00292969 0.00157484

0.00292969 0.00157485
0.00305176 0.00157148

0.00305176 0.0015715
0.00317383 0.00156741

0.00317383 0.00156742
0.0032959 0.00156256

0.0032959 0.00156257
0.00341797 0.00155688

0.00341797 0.00155689
0.00354004 0.00155031

0.00354004 0.00155033
0.00366211 0.00154279

0.00366211 0.00154281
0.00378418 0.00153425

0.00378418 0.00153427
0.00390625 0.00152463

0.00390625 0.00152465
0.00402832 0.00151385

0.00402832 0.00151387
0.00415039 0.00150183

0.00415039 0.00150185
0.00427246 0.00148848

0.00427246 0.0014885
0.00439453 0.00147375

0.0045166 0.00145762
0.00446218 0.00146484

0.0045166 0.00145757
0.00463867 0.00143985

0.00463867 0.00143987
0.00476074 0.00142057

0.00476074 0.00142061
0.00488281 0.00139962

0.00439453 0.00147371
0.0044613 0.00146484

0.0055014 0
0.00559146 0.00012207

0.00561159 0.00012207
0.00561523 0.000124076

0.00561523 0.000116038
0.00562774 0.00012207

0.0056393 0.00012207
0.0057373 0.000147973

0.0057373 0.000133915
0.00585938 0.000132806

0.00488281 0.00139965
0.00500488 0.00137683

0.00500488 0.00137686
0.00512695 0.00135209

0.00524902 0.00132535
0.00516996 0.00134277

0.00512695 0.00135191
0.0051684 0.00134277

0.00524902 0.00132526
0.00537109 0.00129607

0.00537109 0.00129612
0.00549316 0.00126449

0.00549316 0.00126452
0.00561523 0.00123032

0.00585938 0.00115415
0.00564993 0.0012207

0.00561523 0.0012299
0.00564564 0.0012207

0.00598145 0.00011854
0.00597338 0.00012207

0.00585938 0.000143929
0.00594968 0.00012207

0.00610274 0
0.00600868 0.00012207

0.00634766 0.00095611
0.00630273 0.000976562

0.00634766 0.000955705
0.00646973 0.000895354

0.0065918 0.000830675
0.00654754 0.000854492

0.00646973 0.000894989
0.00654498 0.000854492

0.00683594 0.000681551
0.00675693 0.000732422

0.0065918 0.000830003
0.00671387 0.000758287

0.00671387 0.000754982
0.0067492 0.000732422

0.00585938 0.00115335
0.00598145 0.00110955

0.00610352 0.00106247
0.00601035 0.00109863

0.00598145 0.00110893
0.00600798 0.00109863

0.00610352 0.00106233
0.00622559 0.00101103

0.00622559 0.00101082
0.00630084 0.000976562

0.00720215 0.000391327
0.00709196 0.000488281

0.00732422 0.000270208
0.00722868 0.000366211

0.00720215 0.000390878
0.0072283 0.000366211

0.00695801 0.000595093
0.0069367 0.000610352

0.00683594 0.000679874
0.00693398 0.000610352

0.00695801 0.000594116
0.00708008 0.000498099

0.00708008 0.000497093
0.00709062 0.000488281

0.00744629 0.000132763
0.00734874 0.000244141

0.00752817 0
0.0074778 0.00012207

0.00744629 0.000133719
0.00745599 0.00012207

0.00732422 0.000269698
0.00734819 0.000244141

