6.98818e-05 0
7.32422e-05 9.1431e-06

7.32422e-05 5.74153e-07
9.76563e-05 2.39551e-05

9.76563e-05 1.24538e-05
0.00012207 1.29894e-05

0.00012207 1.41926e-05
0.000146484 1.10729e-05

0.000146484 1.18811e-05
0.000170898 9.41879e-06

0.000170898 8.89649e-06
0.000195313 1.334e-05

0.000195313 1.33711e-05
0.000219727 1.35525e-05

0.000219727 1.2654e-05
0.000244141 9.82653e-06

0.000244141 1.03249e-05
0.000268555 1.29261e-05

0.000268555 1.22496e-05
0.000292969 1.3599e-05

0.000292969 1.24905e-05
0.000317383 1.26036e-05

0.000317383 1.26895e-05
0.000341797 1.33165e-05

0.000341797 1.28687e-05
0.000366211 1.3108e-05

0.000366211 1.30155e-05
0.000390625 1.33313e-05

0.000390625 1.31249e-05
0.000415039 1.33049e-05

0.000415039 1.31968e-05
0.000439453 1.34099e-05

0.000439453 1.33393e-05
0.000463867 1.33999e-05

0.000463867 1.32841e-05
0.000488281 1.34109e-05

0.000488281 1.32354e-05
0.000512695 1.36892e-05

0.000512695 1.35611e-05
0.000537109 1.38026e-05

0.000537109 1.3752e-05
0.000561523 1.35318e-05

0.000561523 1.34512e-05
0.000585937 1.35849e-05

0.000585938 1.34543e-05
0.000610352 1.40282e-05

0.000610352 1.38436e-05
0.000634766 1.40537e-05

0.000634766 1.39884e-05
0.00065918 1.38126e-05

0.00065918 1.38475e-05
0.000683594 1.37831e-05

0.000683594 1.36103e-05
0.000708008 1.40933e-05

0.000708008 1.42336e-05
0.000732422 1.41316e-05

0.000732422 1.41024e-05
0.000756836 1.34453e-05

0.000756836 1.37593e-05
0.00078125 1.36116e-05

0.00078125 1.35789e-05
0.000805664 1.37477e-05

0.000805664 1.38919e-05
0.000830078 1.37318e-05

0.000830078 1.38174e-05
0.000854492 1.32695e-05

0.000854492 1.34187e-05
0.000878906 1.33926e-05

0.000878906 1.35699e-05
0.00090332 1.34785e-05

0.00090332 1.34815e-05
0.000927734 1.31957e-05

0.000927734 1.3398e-05
0.000952148 1.32328e-05

0.000952148 1.33062e-05
0.000976562 1.31309e-05

0.000976562 1.33448e-05
0.00100098 1.30326e-05

0.00100098 1.31104e-05
0.00102539 1.28784e-05

0.00102539 1.33606e-05
0.0010498 1.26861e-05

0.0010498 1.25677e-05
0.00107422 1.24715e-05

0.00107422 1.36993e-05
0.00109863 1.22134e-05

0.00109863 1.29803e-05
0.00112305 1.00327e-05

0.00112305 9.507e-06
0.00114746 1.262e-05

0.00114746 1.35971e-05
0.00117187 1.34234e-05

0.00117188 1.31425e-05
0.00119629 8.752e-06

0.00119629 8.56773e-06
0.0012207 1.29201e-05

0.0012207 1.36793e-05
0.00124512 1.36968e-05

0.00124512 1.29423e-05
0.00126953 8.56881e-06

0.00126953 9.01673e-06
0.00129395 1.28499e-05

0.00129395 1.30584e-05
0.00131836 1.32439e-05

0.00131836 1.24536e-05
0.00134277 9.65769e-06

0.00134277 1.14389e-05
0.00136719 1.13031e-05

0.00136719 2.23471e-05
0.00139116 0

0.0013916 9.99031e-06
0.0013954 0

0.00146269 0
0.00146484 6.25987e-06

0.00146484 2.36436e-06
0.00148644 2.44141e-05

0.00148611 2.44141e-05
0.00148926 2.54808e-05

0.00148926 1.50619e-05
0.00151367 1.61733e-05

0.0015122 2.44141e-05
0.00151367 2.44408e-05

0.00151367 1.61253e-05
0.00153809 1.51083e-05

0.00151367 2.44386e-05
0.00151515 2.44141e-05

0.0015625 2.49304e-06
0.00154095 2.44141e-05

0.00153809 2.54924e-05
0.00154128 2.44141e-05

0.00107422 0.00310889
0.000990136 0.003125

0.00107422 0.00310876
0.00112305 0.00309866

0.00112305 0.00309867
0.00117187 0.00308807

0.00117188 0.00308807
0.0012207 0.00307696

0.00126953 0.00306535
0.00122406 0.00307617

0.0012207 0.00307692
0.00122386 0.00307617

0.00126953 0.00306535
0.00131836 0.00305319

0.00131836 0.00305318
0.00136719 0.00304049

0.00141602 0.00302727
0.00141576 0.00302734

0.00141602 0.00302728
0.00146484 0.0030135

0.00136719 0.0030405
0.00141575 0.00302734

0.00146484 0.00301349
0.00151367 0.00299914

0.00151367 0.00299915
0.0015625 0.00298423

0.0015625 6.28717e-06
0.00156466 0

0.00165534 0
0.00166016 1.15096e-05

0.00166016 1.06538e-05
0.00167599 2.44141e-05

0.00167492 2.44141e-05
0.00168457 2.77096e-05

0.00168457 1.79521e-05
0.00170898 1.76282e-05

0.00168457 2.45047e-05
0.00169767 2.44141e-05

0.0017334 9.78682e-06
0.00171747 2.44141e-05

0.00170898 2.76944e-05
0.00171826 2.44141e-05

0.0017334 8.15552e-06
0.00173667 0

0.001805 0
0.00180664 4.71125e-06

0.0018116 0
0.00183105 1.68453e-05

0.00183105 3.61487e-06
0.00185547 7.85221e-06

0.00185547 5.23748e-06
0.00187988 1.12439e-05

0.00187988 6.81516e-06
0.0019043 9.64544e-06

0.0019043 7.59478e-06
0.00192871 1.15349e-05

0.00192871 8.79906e-06
0.00195312 1.17085e-05

0.00195312 8.85455e-06
0.00197754 1.35544e-05

0.00197754 1.41214e-05
0.00200195 1.22716e-05

0.00200195 1.64786e-05
0.00202637 3.52606e-06

0.00202637 4.04406e-06
0.00205078 8.4045e-06

0.00205078 8.33545e-06
0.0020752 1.5778e-05

0.0020752 9.14848e-06
0.00209961 1.15711e-05

0.00209961 1.35878e-05
0.00212402 1.3593e-05

0.00212402 1.31309e-05
0.00214844 7.59554e-06

0.00214844 7.19544e-06
0.00217285 1.32529e-05

0.00217285 1.41223e-05
0.00219727 1.40289e-05

0.00219727 1.31619e-05
0.00222168 7.16263e-06

0.00222168 7.17481e-06
0.00224609 1.36363e-05

0.00224609 1.42608e-05
0.00227051 1.40241e-05

0.00227051 1.38771e-05
0.00229492 6.6178e-06

0.00229492 7.44931e-06
0.00231934 1.20381e-05

0.00231934 1.05063e-05
0.00234375 1.53334e-05

0.00234375 1.53223e-05
0.00236816 1.05612e-05

0.00236816 1.23712e-05
0.00239258 7.15436e-06

0.00239258 7.16642e-06
0.00241699 1.26785e-05

0.00241699 1.07451e-05
0.00244141 1.51886e-05

0.00244141 1.51368e-05
0.00246582 1.06215e-05

0.00246582 1.2307e-05
0.00249023 7.62334e-06

0.00249023 7.62077e-06
0.00251465 1.26454e-05

0.00251465 1.09092e-05
0.00253906 1.49425e-05

0.00253906 1.4882e-05
0.00256348 1.07593e-05

0.00256348 1.22482e-05
0.00258789 8.11555e-06

0.00258789 8.09394e-06
0.0026123 1.26331e-05

0.0026123 1.11897e-05
0.00263672 1.46037e-05

0.00263672 1.44721e-05
0.00266113 1.08039e-05

0.00266113 1.1741e-05
0.00268555 9.18103e-06

0.00268555 8.51681e-06
0.00270996 1.36388e-05

0.00270996 1.37163e-05
0.00273438 1.36838e-05

0.00273437 1.32963e-05
0.00275879 8.81539e-06

0.00275879 9.53925e-06
0.0027832 1.21519e-05

0.0027832 1.13543e-05
0.00280762 1.3998e-05

0.00280762 1.39662e-05
0.00283203 1.12483e-05

0.00283203 1.19602e-05
0.00285645 9.77338e-06

0.00285645 9.19759e-06
0.00288086 1.32946e-05

0.00288086 1.35319e-05
0.00290527 1.34427e-05

0.00290527 1.29103e-05
0.00292969 9.46155e-06

0.00292969 9.52912e-06
0.0029541 1.30073e-05

0.0029541 1.35231e-05
0.00297852 1.33267e-05

0.00297852 1.28945e-05
0.00300293 9.37774e-06

0.00300293 9.37096e-06
0.00302734 1.29777e-05

0.00302734 1.34619e-05
0.00305176 1.34326e-05

0.00305176 1.28781e-05
0.00307617 9.43107e-06

0.00307617 1.02295e-05
0.00310059 1.22418e-05

0.00310059 1.1919e-05
0.003125 1.29203e-05

0.00175781 0.00291842
0.0017262 0.00292969

0.00161133 0.00296872
0.00158053 0.00297852

0.0015625 0.0029842
0.00158057 0.00297852

0.00161133 0.00296869
0.00166016 0.00295254

0.00166016 0.00295255
0.00170898 0.0029358

0.00170898 0.00293577
0.00172624 0.00292969

0.00175781 0.0029184
0.00180664 0.00290034

0.00180664 0.00290031
0.00183105 0.00289104

0.00183105 0.00289104
0.00185547 0.00288159

0.0019043 0.00286224
0.00185744 0.00288086

0.00185547 0.00288159
0.00185733 0.00288086

0.0019043 0.00286224
0.00195312 0.00284213

0.00219727 0.00273037
0.00218911 0.00273438

0.00219727 0.00273035
0.00224609 0.00270553

0.00229492 0.00267984
0.00228409 0.00268555

0.00224609 0.00270548
0.00227051 0.00269274

0.00227051 0.0026927
0.00228397 0.00268555

0.00229492 0.00267983
0.00234375 0.00265319

0.00200195 0.00282131
0.00197682 0.00283203

0.00200195 0.00282131
0.00205078 0.00279973

0.00195312 0.00284209
0.00197692 0.00283203

0.00209961 0.00277742
0.00208696 0.0027832

0.00205078 0.00279969
0.0020752 0.00278862

0.0020752 0.00278857
0.00208682 0.0027832

0.00209961 0.0027774
0.00214844 0.00275427

0.00214844 0.00275427
0.00218901 0.00273438

0.00283203 0.00232533
0.00280859 0.00234375

0.00292969 0.00224236
0.00292545 0.00224609

0.00288086 0.00228473
0.00286866 0.00229492

0.00285645 0.00230504
0.00283904 0.00231934

0.00283203 0.00232513
0.00283917 0.00231934

0.00285645 0.00230482
0.0028685 0.00229492

0.00288086 0.0022847
0.00292538 0.00224609

0.00307617 0.00210314
0.00303077 0.00214844

0.003125 0.00205196
0.00307962 0.00209961

0.00307617 0.00210294
0.00307943 0.00209961

0.00292969 0.00224241
0.00297852 0.00219814

0.00302734 0.00215178
0.00297948 0.00219727

0.00297852 0.00219809
0.00297941 0.00219727

0.00302734 0.00215159
0.00303058 0.00214844

0.00253906 0.00253667
0.00253518 0.00253906

0.00239258 0.00262561
0.00237292 0.00263672

0.00241699 0.00261138
0.00241538 0.0026123

0.00239258 0.00262554
0.00241538 0.0026123

0.00241699 0.00261137
0.00244141 0.00259695

0.00234375 0.00265313
0.00236816 0.00263946

0.00236816 0.00263939
0.00237285 0.00263672

0.00249023 0.00256738
0.00245645 0.00258789

0.00244141 0.00259697
0.00245649 0.00258789

0.00249023 0.00256738
0.00253521 0.00253906

0.00253906 0.00253666
0.00258789 0.00250476

0.00263672 0.00247162
0.00260931 0.00249023

0.00258789 0.00250469
0.00260939 0.00249023

0.00268555 0.00243719
0.00267953 0.00244141

0.00268555 0.00243719
0.00273438 0.00240136

0.00263672 0.00247161
0.00267951 0.00244141

0.0027832 0.00236407
0.0027459 0.00239258

0.00273437 0.00240125
0.00274599 0.00239258

0.0027832 0.00236398
0.00280762 0.00234475

0.00280762 0.00234462
0.00280871 0.00234375

0 0.00321433
9.76563e-05 0.00321348

9.76563e-05 0.00321348
0.000195313 0.00321093

0.000195313 0.00321093
0.000292969 0.00320668

0.000292969 0.00320669
0.000390625 0.00320072

0.000390625 0.00320074
0.000488281 0.00319301

0.000488281 0.00319298
0.000585938 0.00318349

0.000585937 0.00318352
0.000683594 0.00317227

0.000683594 0.00317216
0.000732422 0.00316586

0.000732422 0.00316586
0.00078125 0.0031591

0.00078125 0.0031591
0.000830078 0.00315189

0.000830078 0.00315189
0.000878906 0.00314422

0.000878906 0.00314422
0.000927734 0.00313608

0.000927734 0.00313609
0.000976562 0.00312746

0.000976563 0.00312747
0.000989789 0.003125

0.003125 1.13295e-05
0.00314941 1.24534e-05

0.00314941 1.22287e-05
0.00317383 1.41262e-05

0.00317383 1.29621e-05
0.00319824 1.34876e-05

0.00319824 1.31615e-05
0.00322266 1.39566e-05

0.00322266 1.35424e-05
0.00324707 1.40832e-05

0.00324707 1.37448e-05
0.00327148 1.41877e-05

0.00327148 1.39485e-05
0.0032959 1.43532e-05

0.0032959 1.40936e-05
0.00332031 1.44637e-05

0.00332031 1.42254e-05
0.00334473 1.46537e-05

0.00334473 1.43985e-05
0.00336914 1.48347e-05

0.00336914 1.45752e-05
0.00339355 1.50002e-05

0.00339355 1.46385e-05
0.00341797 1.52811e-05

0.00341797 1.47504e-05
0.00344238 1.58782e-05

0.00344238 1.57278e-05
0.0034668 1.60858e-05

0.0034668 5.38961e-06
0.00348939 2.44141e-05

0.00348982 2.44141e-05
0.00349121 2.54305e-05

0.00349121 2.9857e-05
0.0035056 4.88281e-05

0.00350522 4.88281e-05
0.00351563 6.53819e-05

0.00351563 6.6737e-05
0.00351971 7.32422e-05

0.00352026 7.32422e-05
0.00353465 9.76563e-05

0.00353472 9.76563e-05
0.00354004 0.00010724

0.00354004 0.000107504
0.00354812 0.00012207

0.00354817 0.00012207
0.00356092 0.000146484

0.00356111 0.000146484
0.00356445 0.000153462

0.00356445 0.000153792
0.00357287 0.000170898

0.0035729 0.000170898
0.00358424 0.000195313

0.00358442 0.000195313
0.00360517 0.000244141

0.00360515 0.000244141
0.00361328 0.000265901

0.00361328 0.000266036
0.00362335 0.000292969

0.00362333 0.000292969
0.00363926 0.000341797

0.00363916 0.000341797
0.00365302 0.000390625

0.00365355 0.000390625
0.00367537 0.000488281

0.0036752 0.000488281
0.00368945 0.000585938

0.00368935 0.000585937
0.00369656 0.000683594

0.00369611 0.000683594
0.00369716 0.000732422

0.00369715 0.000732422
0.00369657 0.00078125

0.00351563 0.00148811
0.00350324 0.00151367

0.00349121 0.00153711
0.00349072 0.00153809

0.00349071 0.00153809
0.00347787 0.0015625

0.00349121 0.0015371
0.00350314 0.00151367

0.00369656 0.00078125
0.00369439 0.000830078

0.00369438 0.000830078
0.00369065 0.000878906

0.00369065 0.000878906
0.00368537 0.000927734

0.00368527 0.000927734
0.00368204 0.000952148

0.00368204 0.000952148
0.00367844 0.000976562

0.00366211 0.0010654
0.00366033 0.00107422

0.00367844 0.000976562
0.00367446 0.00100098

0.00367446 0.00100098
0.0036701 0.00102539

0.0036701 0.00102539
0.00366536 0.0010498

0.00366211 0.00106511
0.00366532 0.0010498

0.00366032 0.00107422
0.00364897 0.00112305

0.00364899 0.00112305
0.00363612 0.00117187

0.00361328 0.00124655
0.0036058 0.00126953

0.00358887 0.00131682
0.00358831 0.00131836

0.00360571 0.00126953
0.00359719 0.00129395

0.00358887 0.0013168
0.00359719 0.00129395

0.0035883 0.00131836
0.00357902 0.00134277

0.00357902 0.00134277
0.00356935 0.00136719

0.00363611 0.00117188
0.0036217 0.0012207

0.00362161 0.0012207
0.00361384 0.00124512

0.00361328 0.00124653
0.00361375 0.00124512

0.00356445 0.00137906
0.00354895 0.00141602

0.00354897 0.00141602
0.00352691 0.00146484

0.00356445 0.00137923
0.00356942 0.00136719

0.00351563 0.00148831
0.00352681 0.00146484

0.00322266 0.00194043
0.00321221 0.00195312

0.00332031 0.00181433
0.00329005 0.00185547

0.00327148 0.00187933
0.00325222 0.0019043

0.00324707 0.00191045
0.00323235 0.00192871

0.00322266 0.00194056
0.00323225 0.00192871

0.00324707 0.00191059
0.00325207 0.0019043

0.00327148 0.00187955
0.00328993 0.00185547

0.00336914 0.00174369
0.00335988 0.00175781

0.00341797 0.00166742
0.00339211 0.00170898

0.003392 0.00170898
0.00337614 0.0017334

0.00336914 0.00174399
0.0033762 0.0017334

0.0034668 0.00158274
0.00345104 0.00161133

0.00345108 0.00161133
0.00342247 0.00166016

0.0034668 0.00158292
0.00347789 0.0015625

0.00341797 0.00166739
0.00342239 0.00166016

0.00335996 0.00175781
0.00332595 0.00180664

0.00332031 0.00181442
0.0033258 0.00180664

0.00317383 0.00199783
0.00317021 0.00200195

0.00317033 0.00200195
0.00312611 0.00205078

0.00319824 0.00196949
0.00319141 0.00197754

0.00317383 0.00199777
0.00319143 0.00197754

0.00319824 0.00196962
0.00321214 0.00195312

0.003125 0.0020519
0.00312604 0.00205078

