0 6.88341e-05
0.00012207 6.88226e-05

0.00012207 6.87559e-05
0.000244141 6.88836e-05

0.000244141 6.88326e-05
0.000366211 6.90162e-05

0.000366211 6.88894e-05
0.000488281 6.90263e-05

0.000488281 6.91873e-05
0.000610352 6.88676e-05

0.000610352 6.87897e-05
0.000732422 6.86447e-05

0.000732422 6.9022e-05
0.000854492 6.88148e-05

0.000854492 6.85203e-05
0.000976562 6.86028e-05

0 0.00161612
0.000244141 0.00161598

0.000244141 0.00161598
0.000488281 0.00161556

0.000488281 0.00161556
0.000732422 0.00161482

0.000732422 0.00161484
0.000976562 0.00161375

0.000976562 6.94733e-05
0.00109863 6.84874e-05

0.00109863 6.78119e-05
0.0012207 6.7834e-05

0.0012207 6.98003e-05
0.00134277 6.81933e-05

0.00134277 6.65849e-05
0.00146484 6.66699e-05

0.00146484 7.29735e-05
0.00158691 6.5146e-05

0.00146484 0.000122105
0.00146632 0.00012207

0.00170694 0
0.00158878 0.00012207

0.00158691 0.000122398
0.00158786 0.00012207

0.00170898 4.07992e-05
0.00172368 0

0.000976562 0.00161379
0.0012207 0.0016122

0.0012207 0.00161224
0.00146484 0.00161002

0.00146484 0.00161005
0.00170898 0.00160703

0.00170898 0.00160708
0.00195312 0.00160308

0.00202089 0
0.0020752 9.92046e-05

0.0020752 9.09061e-05
0.00219727 4.6546e-05

0.00219727 4.08965e-05
0.00221187 0

0.00195312 0.00160321
0.00219727 0.00159791

0.00219727 0.00159796
0.00244141 0.00159102

0.00256348 0.00158687
0.00256217 0.00158691

0.00244141 0.0015909
0.00255921 0.00158691

0.00256348 0.00158679
0.00268555 0.00158222

0.00268555 0.00158223
0.00280762 0.00157716

0.00280762 0.00157717
0.00292969 0.00157156

0.00292969 0.00157157
0.00305176 0.00156536

0.00305176 0.00156537
0.00317383 0.00155852

0.00317383 0.00155854
0.0032959 0.00155101

0.0032959 0.00155102
0.00341797 0.00154277

0.00341797 0.00154278
0.00354004 0.00153375

0.00354004 0.00153377
0.00366211 0.00152391

0.00366211 0.00152392
0.00378418 0.00151317

0.00378418 0.00151319
0.00390625 0.00150149

0.00427246 0.00146018
0.00423426 0.00146484

0.00427246 0.00146012
0.00439453 0.00144405

0.00390625 0.0015015
0.00402832 0.00148879

0.00402832 0.0014888
0.00415039 0.00147501

0.00415039 0.00147499
0.0042335 0.00146484

0.00439453 0.00144407
0.0045166 0.00142678

0.0045166 0.00142681
0.00463867 0.00140822

0.00463867 0.00140825
0.00476074 0.00138823

0.00476074 0.00138827
0.00488281 0.0013667

0.00550172 0
0.00559129 0.00012207

0.00561291 0.00012207
0.00561523 0.000123368

0.00561523 0.000116915
0.00562584 0.00012207

0.00563523 0.00012207
0.0057373 0.000149408

0.0057373 0.000134999
0.00585938 0.000133264

0.00488281 0.00136673
0.00500488 0.00134351

0.00512695 0.00131854
0.00500872 0.00134277

0.00500488 0.00134291
0.00500556 0.00134277

0.00512695 0.00131855
0.00524902 0.00129159

0.00524902 0.00129163
0.00537109 0.0012626

0.00561523 0.00119851
0.00553202 0.0012207

0.00537109 0.00126263
0.00549316 0.00123139

0.00549316 0.00123075
0.00552959 0.0012207

0.00561523 0.00119854
0.00585938 0.00112316

0.00598145 0.000118588
0.0059738 0.00012207

0.00585938 0.000144147
0.00594678 0.00012207

0.00610054 0
0.00600728 0.00012207

0.00634766 0.000934513
0.00625061 0.000976562

0.00634766 0.000934301
0.00646973 0.000876936

0.0065918 0.00081554
0.00651554 0.000854492

0.00646973 0.000875653
0.00651115 0.000854492

0.00683594 0.000673736
0.00673961 0.000732422

0.0065918 0.000814894
0.00671387 0.000746923

0.00671387 0.000742618
0.00673082 0.000732422

0.00598145 0.00108111
0.00593031 0.00109863

0.00585938 0.00112252
0.00592907 0.00109863

0.00598145 0.00108094
0.00610352 0.00103575

0.00610352 0.00103582
0.00622559 0.000986975

0.00622559 0.000985752
0.0062468 0.000976562

0.00732422 0.000290618
0.00710086 0.000488281

0.00695801 0.000592718
0.00693156 0.000610352

0.00683594 0.000672638
0.00692895 0.000610352

0.00695801 0.000591634
0.00708008 0.000501338

0.00708008 0.000497926
0.00709233 0.000488281

0.00744629 0.000159923
0.00736918 0.000244141

0.00755532 0
0.00750327 0.00012207

0.00744629 0.00016134
0.00748046 0.00012207

0.00732422 0.000289334
0.00736955 0.000244141

