0 6.88574e-05
0.00012207 6.86814e-05

0.00012207 6.85783e-05
0.000244141 6.86962e-05

0.000244141 6.87679e-05
0.000366211 6.89478e-05

0.000366211 6.88567e-05
0.000488281 6.86881e-05

0.000488281 6.87826e-05
0.000732422 6.85771e-05

0.000732422 6.90466e-05
0.000976562 6.84294e-05

0 0.00162074
0.000244141 0.00162056

0.000244141 0.00162056
0.000488281 0.00161999

0.000488281 0.00161998
0.000732422 0.00161902

0.000732422 0.00161903
0.000976562 0.00161766

0.000976562 6.92675e-05
0.00109863 6.85035e-05

0.00109863 6.80613e-05
0.0012207 6.79614e-05

0.0012207 6.96654e-05
0.00134277 6.79563e-05

0.00134277 6.65737e-05
0.00146484 6.69067e-05

0.00146484 7.30857e-05
0.00158691 6.50295e-05

0.00170686 0
0.00158876 0.00012207

0.00170898 4.07974e-05
0.00172368 0

0.000976562 0.00161771
0.0012207 0.00161578

0.0012207 0.00161581
0.00146484 0.00161317

0.00146484 0.00161321
0.00170898 0.00160971

0.00170898 0.00160975
0.00195312 0.00160523

0.00202085 0
0.0020752 9.92388e-05

0.0020752 9.09803e-05
0.00219727 4.64695e-05

0.00219727 4.05875e-05
0.00221174 0

0.00195312 0.00160534
0.00219727 0.0015995

0.00219727 0.00159954
0.00244141 0.00159205

0.00244141 0.00159195
0.00256348 0.00158755

0.00268555 0.00158271
0.00257989 0.00158691

0.00256348 0.00158752
0.00257875 0.00158691

0.00268555 0.00158272
0.00280762 0.00157736

0.00280762 0.00157738
0.00292969 0.00157148

0.00292969 0.00157149
0.00305176 0.001565

0.00305176 0.00156501
0.00317383 0.00155789

0.00317383 0.0015579
0.0032959 0.00155012

0.0032959 0.00155013
0.00341797 0.00154163

0.00341797 0.00154164
0.00354004 0.00153237

0.00354004 0.00153238
0.00366211 0.0015223

0.00366211 0.00152231
0.00378418 0.00151135

0.00378418 0.00151137
0.00390625 0.00149947

0.00427246 0.0014577
0.00421448 0.00146484

0.00427246 0.00145763
0.00439453 0.00144143

0.00390625 0.00149948
0.00402832 0.00148658

0.00402832 0.0014866
0.00415039 0.00147265

0.00415039 0.00147259
0.00421322 0.00146484

0.00439453 0.00144145
0.0045166 0.00142405

0.0045166 0.00142408
0.00463867 0.00140538

0.00463867 0.00140541
0.00476074 0.00138529

0.00476074 0.00138532
0.00488281 0.00136368

0.00550173 0
0.00559119 0.00012207

0.005613 0.00012207
0.00561523 0.000123321

0.00561523 0.000117169
0.0056253 0.00012207

0.00563415 0.00012207
0.0057373 0.000149772

0.0057373 0.00013531
0.00585938 0.000133393

0.00500488 0.00134048
0.00499286 0.00134277

0.00488281 0.0013637
0.00499248 0.00134277

0.00500488 0.00134045
0.00512695 0.00131537

0.00512695 0.0013154
0.00524902 0.00128842

0.00524902 0.00128846
0.00537109 0.00125942

0.00561523 0.00119536
0.00552014 0.0012207

0.00537109 0.00125945
0.00549316 0.00122823

0.00549316 0.00122738
0.00551742 0.0012207

0.00561523 0.00119543
0.00585938 0.00112017

0.00598145 0.000118566
0.00597384 0.00012207

0.00585938 0.000144171
0.00594583 0.00012207

0.0060999 0
0.00600686 0.00012207

0.00634766 0.000931976
0.00624439 0.000976562

0.00634766 0.000931834
0.00646973 0.000874698

0.0065918 0.00081353
0.00651124 0.000854492

0.00646973 0.000873267
0.00650665 0.000854492

0.00683594 0.000672441
0.0067369 0.000732422

0.0065918 0.000812933
0.00671387 0.000745311

0.00671387 0.00074082
0.00672793 0.000732422

0.00598145 0.00107821
0.00592173 0.00109863

0.00585938 0.00111946
0.00592027 0.00109863

0.00598145 0.00107803
0.00610352 0.00103295

0.00610352 0.00103303
0.00622559 0.000984328

0.00622559 0.000982927
0.00624033 0.000976562

0.00732422 0.000292237
0.00710115 0.000488281

0.00695801 0.000592085
0.00693046 0.000610352

0.00683594 0.000671427
0.00692778 0.000610352

0.00695801 0.000591013
0.00708008 0.000501405

0.00708008 0.000497957
0.00709233 0.000488281

0.00744629 0.000162174
0.00737081 0.000244141

0.00755751 0
0.00750533 0.00012207

0.00744629 0.000163456
0.00748239 0.00012207

0.00732422 0.000291235
0.00737165 0.000244141

