7.01034e-05 0
7.32422e-05 8.64924e-06

7.32422e-05 9.38692e-07
9.76563e-05 2.4132e-05

9.76563e-05 1.2646e-05
0.00012207 1.27328e-05

0.00012207 1.399e-05
0.000146484 1.12006e-05

0.000146484 1.19296e-05
0.000170898 9.73866e-06

0.000170898 9.2946e-06
0.000195313 1.31739e-05

0.000195313 1.31991e-05
0.000219727 1.34061e-05

0.000219727 1.24707e-05
0.000244141 1.02759e-05

0.000244141 1.06912e-05
0.000268555 1.30422e-05

0.000268555 1.23645e-05
0.000292969 1.3465e-05

0.000292969 1.25678e-05
0.000317383 1.26777e-05

0.000317383 1.2735e-05
0.000341797 1.3248e-05

0.000341797 1.28767e-05
0.000366211 1.30915e-05

0.000366211 1.30061e-05
0.000390625 1.32825e-05

0.000390625 1.31232e-05
0.000415039 1.32409e-05

0.000415039 1.31518e-05
0.000439453 1.33064e-05

0.000439453 1.31975e-05
0.000463867 1.339e-05

0.000463867 1.32919e-05
0.000488281 1.34459e-05

0.000488281 1.33223e-05
0.000512695 1.34899e-05

0.000512695 1.34057e-05
0.000537109 1.35777e-05

0.000537109 1.34582e-05
0.000561523 1.36073e-05

0.000561523 1.34753e-05
0.000585937 1.37286e-05

0.000585938 1.36313e-05
0.000610352 1.38108e-05

0.000610352 1.37779e-05
0.000634766 1.36947e-05

0.000634766 1.36347e-05
0.00065918 1.36828e-05

0.00065918 1.3541e-05
0.000683594 1.40036e-05

0.000683594 1.39016e-05
0.000708008 1.41133e-05

0.000708008 1.42255e-05
0.000732422 1.36412e-05

0.000732422 1.37953e-05
0.000756836 1.33349e-05

0.000756836 1.35501e-05
0.00078125 1.36293e-05

0.00078125 1.35667e-05
0.000805664 1.36811e-05

0.000805664 1.3766e-05
0.000830078 1.35838e-05

0.000830078 1.3735e-05
0.000854492 1.32418e-05

0.000854492 1.33557e-05
0.000878906 1.32673e-05

0.000878906 1.34208e-05
0.00090332 1.34268e-05

0.00090332 1.34407e-05
0.000927734 1.31912e-05

0.000927734 1.33322e-05
0.000952148 1.31523e-05

0.000952148 1.32456e-05
0.000976562 1.3126e-05

0.000976562 1.33054e-05
0.00100098 1.30067e-05

0.00100098 1.30818e-05
0.00102539 1.28619e-05

0.00102539 1.32948e-05
0.0010498 1.27045e-05

0.0010498 1.25869e-05
0.00107422 1.25261e-05

0.00107422 1.36236e-05
0.00109863 1.2291e-05

0.00109863 1.30808e-05
0.00112305 1.02086e-05

0.00112305 9.73188e-06
0.00114746 1.24693e-05

0.00114746 1.33909e-05
0.00117187 1.3431e-05

0.00117188 1.30662e-05
0.00119629 9.18866e-06

0.00119629 8.97839e-06
0.0012207 1.29083e-05

0.0012207 1.37085e-05
0.00124512 1.35519e-05

0.00124512 1.3046e-05
0.00126953 8.63091e-06

0.00126953 8.70649e-06
0.00129395 1.29894e-05

0.00129395 1.34561e-05
0.00131836 1.36083e-05

0.00131836 1.25508e-05
0.00134277 9.34815e-06

0.00134277 1.12867e-05
0.00136719 1.16752e-05

0.00136719 2.25046e-05
0.00139146 0

0.0013916 1.00023e-05
0.0013954 0

0.00146275 0
0.00146484 6.09315e-06

0.00146484 2.32662e-06
0.00148635 2.44141e-05

0.00148712 2.44141e-05
0.00148926 2.51457e-05

0.00148926 1.51221e-05
0.00151367 1.64456e-05

0.00151336 2.44141e-05
0.00151367 2.44211e-05

0.00151367 1.64667e-05
0.00153809 1.51644e-05

0.00151367 2.44209e-05
0.00151398 2.44141e-05

0.0015625 2.35699e-06
0.00154094 2.44141e-05

0.00153809 2.49424e-05
0.00153964 2.44141e-05

0.000976562 0.00311126
0.00089536 0.003125

0.000976563 0.00311113
0.00102539 0.00310213

0.00102539 0.00310213
0.00107422 0.00309266

0.00107422 0.00309267
0.00112305 0.00308271

0.00117187 0.00307227
0.00115364 0.00307617

0.00112305 0.00308271
0.00115364 0.00307617

0.00117188 0.00307227
0.0012207 0.00306133

0.0012207 0.00306134
0.00126953 0.00304988

0.00136719 0.00302545
0.00135962 0.00302734

0.00126953 0.00304988
0.00131836 0.00303791

0.00131836 0.00303792
0.0013597 0.00302734

0.00136719 0.00302544
0.00141602 0.00301242

0.00141602 0.00301242
0.00146484 0.00299884

0.00146484 0.00299884
0.00151367 0.00298471

0.0015625 0.00297002
0.00153429 0.00297852

0.00151367 0.00298468
0.00153436 0.00297852

0.0015625 6.67727e-06
0.00156482 0

0.00165536 0
0.00166016 1.14739e-05

0.00166016 1.06365e-05
0.001676 2.44141e-05

0.00167493 2.44141e-05
0.00168457 2.77041e-05

0.00168457 1.79293e-05
0.00170898 1.76159e-05

0.00168457 2.45028e-05
0.00169787 2.44141e-05

0.0017334 9.79004e-06
0.00171746 2.44141e-05

0.00170898 2.76961e-05
0.00171828 2.44141e-05

0.0017334 8.17204e-06
0.00173667 0

0.001805 0
0.00180664 4.71463e-06

0.00181124 0
0.00183105 1.70857e-05

0.00183105 4.14589e-06
0.00185547 7.61483e-06

0.00185547 5.34407e-06
0.00187988 1.10693e-05

0.00187988 6.8262e-06
0.0019043 9.71263e-06

0.0019043 7.61777e-06
0.00192871 1.14994e-05

0.00192871 8.80636e-06
0.00195312 1.17232e-05

0.00195312 8.87857e-06
0.00197754 1.35274e-05

0.00197754 1.40619e-05
0.00200195 1.22876e-05

0.00200195 1.65381e-05
0.00202637 3.56155e-06

0.00202637 4.06311e-06
0.00205078 8.30451e-06

0.00205078 8.28128e-06
0.0020752 1.58098e-05

0.0020752 9.13626e-06
0.00209961 1.15852e-05

0.00209961 1.36057e-05
0.00212402 1.35857e-05

0.00212402 1.31484e-05
0.00214844 7.54697e-06

0.00214844 7.13843e-06
0.00217285 1.32488e-05

0.00217285 1.41122e-05
0.00219727 1.40619e-05

0.00219727 1.31845e-05
0.00222168 7.1361e-06

0.00222168 7.15075e-06
0.00224609 1.36248e-05

0.00224609 1.4253e-05
0.00227051 1.40373e-05

0.00227051 1.38906e-05
0.00229492 6.59671e-06

0.00229492 7.42621e-06
0.00231934 1.20287e-05

0.00231934 1.04941e-05
0.00234375 1.53498e-05

0.00234375 1.5332e-05
0.00236816 1.05556e-05

0.00236816 1.23887e-05
0.00239258 7.12109e-06

0.00239258 7.12844e-06
0.00241699 1.26673e-05

0.00241699 1.07234e-05
0.00244141 1.52176e-05

0.00244141 1.51628e-05
0.00246582 1.06127e-05

0.00246582 1.23374e-05
0.00249023 7.55389e-06

0.00249023 7.54878e-06
0.00251465 1.26273e-05

0.00251465 1.0866e-05
0.00253906 1.49958e-05

0.00253906 1.49366e-05
0.00256348 1.07416e-05

0.00256348 1.22851e-05
0.00258789 7.99255e-06

0.00258789 7.9668e-06
0.0026123 1.26228e-05

0.0026123 1.1127e-05
0.00263672 1.46993e-05

0.00263672 1.45728e-05
0.00266113 1.07768e-05

0.00266113 1.17696e-05
0.00268555 9.01327e-06

0.00268555 8.33334e-06
0.00270996 1.36699e-05

0.00270996 1.37596e-05
0.00273438 1.37483e-05

0.00273437 1.33805e-05
0.00275879 8.60752e-06

0.00275879 9.3492e-06
0.0027832 1.21024e-05

0.0027832 1.12546e-05
0.00280762 1.41267e-05

0.00280762 1.4096e-05
0.00283203 1.11784e-05

0.00283203 1.19491e-05
0.00285645 9.5511e-06

0.00285645 8.94775e-06
0.00288086 1.33608e-05

0.00288086 1.36022e-05
0.00290527 1.35157e-05

0.00290527 1.29412e-05
0.00292969 9.2507e-06

0.00292969 9.32506e-06
0.0029541 1.3062e-05

0.0029541 1.35672e-05
0.00297852 1.34183e-05

0.00297852 1.29584e-05
0.00300293 9.22824e-06

0.00300293 9.27215e-06
0.00302734 1.29475e-05

0.00302734 1.34388e-05
0.00305176 1.344e-05

0.00305176 1.26996e-05
0.00307617 9.52153e-06

0.00307617 9.95466e-06
0.00310059 1.28403e-05

0.00310059 1.21301e-05
0.003125 1.37836e-05

0.00170898 0.0029224
0.00168735 0.00292969

0.00170898 0.00292242
0.00175781 0.00290532

0.0015625 0.00297001
0.00161133 0.00295472

0.00161133 0.00295472
0.00166016 0.00293885

0.00166016 0.00293886
0.00168738 0.00292969

0.00175781 0.00290531
0.00180664 0.00288757

0.00185547 0.00286921
0.00182454 0.00288086

0.00180664 0.00288755
0.00182458 0.00288086

0.00195312 0.00283042
0.00194914 0.00283203

0.00185547 0.0028692
0.0019043 0.00285014

0.0019043 0.00285015
0.00194915 0.00283203

0.00219727 0.00272083
0.00216906 0.00273438

0.00219727 0.00272085
0.00224609 0.00269657

0.00229492 0.00267142
0.00226752 0.00268555

0.00224609 0.00269652
0.00226759 0.00268555

0.00229492 0.00267141
0.00234375 0.00264534

0.00195312 0.00283045
0.00200195 0.00281002

0.00200195 0.00281
0.00205078 0.00278885

0.00209961 0.00276697
0.00206343 0.0027832

0.00205078 0.00278882
0.00206342 0.0027832

0.00209961 0.00276694
0.00214844 0.00274426

0.00214844 0.0027443
0.0021691 0.00273438

0.00283203 0.00232582
0.00280863 0.00234375

0.00292969 0.00224541
0.00292889 0.00224609

0.00288086 0.00228648
0.00287042 0.00229492

0.00285645 0.00230617
0.00283991 0.00231934

0.00283203 0.00232569
0.00284013 0.00231934

0.00285645 0.00230604
0.00287029 0.00229492

0.00288086 0.00228646
0.0029289 0.00224609

0.00307617 0.0021109
0.00303703 0.00214844

0.003125 0.00206152
0.00308751 0.00209961

0.00307617 0.00211067
0.00308735 0.00209961

0.00292969 0.00224548
0.00297852 0.00220262

0.00302734 0.0021578
0.00298438 0.00219727

0.00297852 0.0022026
0.00298445 0.00219727

0.00302734 0.00215785
0.00303731 0.00214844

0.00253906 0.00253153
0.00252677 0.00253906

0.00239258 0.00261839
0.0023594 0.00263672

0.00241699 0.00260449
0.0024032 0.0026123

0.00239258 0.00261835
0.00240325 0.0026123

0.00241699 0.0026045
0.00244141 0.00259041

0.00234375 0.00264532
0.00235946 0.00263672

0.00249023 0.00256156
0.0024458 0.00258789

0.00244141 0.00259041
0.00244571 0.00258789

0.00249023 0.00256157
0.00252687 0.00253906

0.00253906 0.00253159
0.00258789 0.00250048

0.00263672 0.0024682
0.00260344 0.00249023

0.00258789 0.00250042
0.00260345 0.00249023

0.00268555 0.00243458
0.00267546 0.00244141

0.00268555 0.00243461
0.00273438 0.00239973

0.00263672 0.00246818
0.00267564 0.00244141

0.0027832 0.00236348
0.00274403 0.00239258

0.00273437 0.00239964
0.00274414 0.00239258

0.0027832 0.0023634
0.00280762 0.00234471

0.00280762 0.00234472
0.00280887 0.00234375

0 0.00319678
9.76563e-05 0.00319594

9.76563e-05 0.00319594
0.000195313 0.0031934

0.000195313 0.0031934
0.000292969 0.00318918

0.000292969 0.00318919
0.000390625 0.00318328

0.000390625 0.0031833
0.000488281 0.00317566

0.000488281 0.00317563
0.000585938 0.00316627

0.000585937 0.00316618
0.000634766 0.00316087

0.000634766 0.00316087
0.000683594 0.00315512

0.000683594 0.00315512
0.000732422 0.00314892

0.000732422 0.00314892
0.00078125 0.00314227

0.00078125 0.00314227
0.000830078 0.00313517

0.000830078 0.00313517
0.000878906 0.00312762

0.000878906 0.00312764
0.000894994 0.003125

0.003125 1.24393e-05
0.00314941 1.26057e-05

0.00314941 1.26982e-05
0.00317383 1.34477e-05

0.00317383 1.29043e-05
0.00319824 1.31991e-05

0.00319824 1.30648e-05
0.00322266 1.35034e-05

0.00322266 1.31926e-05
0.00324707 1.35455e-05

0.00324707 1.33169e-05
0.00327148 1.37675e-05

0.00327148 1.34454e-05
0.0032959 1.3959e-05

0.0032959 1.3594e-05
0.00332031 1.42601e-05

0.00332031 1.38004e-05
0.00334473 1.46183e-05

0.00334473 1.41382e-05
0.00336914 1.49869e-05

0.00336914 1.44997e-05
0.00339355 1.52681e-05

0.00339355 1.46863e-05
0.00341797 1.56875e-05

0.00341797 1.49326e-05
0.00344238 1.65022e-05

0.00344238 1.62236e-05
0.0034668 1.68573e-05

0.0034668 6.65591e-06
0.00348921 2.44141e-05

0.00348923 2.44141e-05
0.00349121 2.57891e-05

0.00349121 3.10844e-05
0.00350542 4.88281e-05

0.00350586 4.88281e-05
0.00351563 6.2776e-05

0.00351563 6.39833e-05
0.0035221 7.32422e-05

0.00352254 7.32422e-05
0.00353848 9.76563e-05

0.0035387 9.76563e-05
0.00354004 9.98676e-05

0.00354004 0.000100269
0.0035534 0.00012207

0.0035534 0.00012207
0.00356445 0.000141258

0.00356445 0.000141321
0.00356745 0.000146484

0.00356745 0.000146484
0.00358067 0.000170898

0.00358063 0.000170898
0.00358887 0.000187027

0.00358887 0.000187009
0.00359311 0.000195313

0.00359331 0.000195313
0.00361328 0.000238116

0.00361328 0.000238261
0.00361603 0.000244141

0.00361603 0.000244141
0.00363605 0.000292969

0.00363599 0.000292969
0.00365345 0.000341797

0.00365337 0.000341797
0.00366211 0.000369875

0.00366211 0.000369874
0.00366857 0.000390625

0.00366913 0.000390625
0.00369314 0.000488281

0.00369288 0.000488281
0.00370885 0.000585938

0.0037088 0.000585937
0.00371094 0.000610308

0.00371094 0.000612535
0.00371329 0.000634766

0.00371351 0.000634766
0.00371686 0.000683594

0.00371684 0.000683594
0.00371843 0.000732422

0.00371842 0.000732422
0.0037183 0.00078125

0.00351563 0.00152882
0.00349775 0.0015625

0.00371094 0.000899162
0.00370798 0.000927734

0.00370798 0.000927734
0.00370134 0.000976562

0.00370134 0.000976563
0.0036931 0.00102539

0.0036931 0.00102539
0.00368328 0.00107422

0.00366211 0.00115994
0.00365894 0.00117187

0.00368318 0.00107422
0.00367768 0.00109863

0.00367768 0.00109863
0.0036718 0.00112305

0.0036718 0.00112305
0.00366552 0.00114746

0.00366211 0.00115975
0.00366547 0.00114746

0.00371829 0.00078125
0.0037165 0.000830078

0.00371649 0.000830078
0.00371304 0.000878906

0.00371094 0.000899208
0.00371304 0.000878906

0.00361328 0.00131092
0.00361058 0.00131836

0.00361049 0.00131836
0.00360104 0.00134277

0.00360104 0.00134277
0.0035912 0.00136719

0.00365894 0.00117188
0.00364441 0.0012207

0.00364441 0.0012207
0.00362829 0.00126953

0.00362819 0.00126953
0.00361953 0.00129395

0.00361328 0.00131074
0.00361951 0.00129395

0.00356445 0.00142888
0.00354785 0.00146484

0.00358887 0.00137274
0.00358095 0.0013916

0.00358095 0.0013916
0.00357029 0.00141602

0.00358887 0.00137273
0.0035912 0.00136719

0.00356445 0.001429
0.00357034 0.00141602

0.00354786 0.00146484
0.00352365 0.00151367

0.00351563 0.0015289
0.00352357 0.00151367

0.00332031 0.00183446
0.00330457 0.00185547

0.00327148 0.00189685
0.00326547 0.0019043

0.00326553 0.0019043
0.00322441 0.00195312

0.0032959 0.00186618
0.00328515 0.00187988

0.00327148 0.00189673
0.00328508 0.00187988

0.0032959 0.00186635
0.00330427 0.00185547

0.00341797 0.00169566
0.00340947 0.00170898

0.00339355 0.0017327
0.00339309 0.0017334

0.00339305 0.0017334
0.00337628 0.00175781

0.00339355 0.00173264
0.00340935 0.00170898

0.0034668 0.00161679
0.00344067 0.00166016

0.00349121 0.00157402
0.00348402 0.00158691

0.00348403 0.00158691
0.00346998 0.00161133

0.00349121 0.00157402
0.00349763 0.0015625

0.0034668 0.00161684
0.00347005 0.00161133

0.00344056 0.00166016
0.00342518 0.00168457

0.00341797 0.00169559
0.00342512 0.00168457

0.00336914 0.00176796
0.00334142 0.00180664

0.0033413 0.00180664
0.00332308 0.00183105

0.00332031 0.00183449
0.0033229 0.00183105

0.00336914 0.00176806
0.00337631 0.00175781

0.00317383 0.00200977
0.00313552 0.00205078

0.00322266 0.00195513
0.00318111 0.00200195

0.00317383 0.00200984
0.00318103 0.00200195

0.003125 0.00206161
0.00313543 0.00205078

0.00322266 0.00195508
0.00322435 0.00195312

