7.015e-05 0
7.32422e-05 8.54133e-06

7.32422e-05 9.91074e-07
9.76563e-05 2.4148e-05

9.76563e-05 1.26419e-05
0.00012207 1.26863e-05

0.00012207 1.39204e-05
0.000146484 1.128e-05

0.000146484 1.19556e-05
0.000170898 9.85625e-06

0.000170898 9.45455e-06
0.000195313 1.31258e-05

0.000195313 1.31473e-05
0.000219727 1.33498e-05

0.000219727 1.24131e-05
0.000244141 1.04395e-05

0.000244141 1.08274e-05
0.000268555 1.30799e-05

0.000268555 1.24089e-05
0.000292969 1.3411e-05

0.000292969 1.25866e-05
0.000317383 1.27004e-05

0.000317383 1.27372e-05
0.000341797 1.32417e-05

0.000341797 1.28884e-05
0.000366211 1.31097e-05

0.000366211 1.30362e-05
0.000390625 1.32577e-05

0.000390625 1.30691e-05
0.000415039 1.32463e-05

0.000415039 1.32059e-05
0.000439453 1.33433e-05

0.000439453 1.31906e-05
0.000463867 1.33235e-05

0.000463867 1.32939e-05
0.000488281 1.34482e-05

0.000488281 1.3321e-05
0.000512695 1.34179e-05

0.000512695 1.33551e-05
0.000537109 1.35288e-05

0.000537109 1.3388e-05
0.000561523 1.3606e-05

0.000561523 1.34749e-05
0.000585937 1.37307e-05

0.000585938 1.37424e-05
0.000610352 1.36314e-05

0.000610352 1.34497e-05
0.000634766 1.35907e-05

0.000634766 1.35075e-05
0.00065918 1.40762e-05

0.00065918 1.39302e-05
0.000683594 1.39652e-05

0.000683594 1.39737e-05
0.000708008 1.36631e-05

0.000708008 1.37895e-05
0.000732422 1.36369e-05

0.000732422 1.37629e-05
0.000756836 1.36449e-05

0.000756836 1.37168e-05
0.00078125 1.35334e-05

0.00078125 1.36642e-05
0.000805664 1.34705e-05

0.000805664 1.35495e-05
0.000830078 1.34138e-05

0.000830078 1.3532e-05
0.000854492 1.34027e-05

0.000854492 1.34824e-05
0.000878906 1.32908e-05

0.000878906 1.34087e-05
0.00090332 1.32457e-05

0.00090332 1.33388e-05
0.000927734 1.31971e-05

0.000927734 1.33053e-05
0.000952148 1.31436e-05

0.000952148 1.32303e-05
0.000976562 1.30723e-05

0.000976562 1.32399e-05
0.00100098 1.29819e-05

0.00100098 1.30482e-05
0.00102539 1.28855e-05

0.00102539 1.32867e-05
0.0010498 1.2704e-05

0.0010498 1.26014e-05
0.00107422 1.25127e-05

0.00107422 1.35679e-05
0.00109863 1.22992e-05

0.00109863 1.30541e-05
0.00112305 1.0324e-05

0.00112305 9.85499e-06
0.00114746 1.24728e-05

0.00114746 1.33794e-05
0.00117187 1.3387e-05

0.00117188 1.30825e-05
0.00119629 9.25553e-06

0.00119629 9.05206e-06
0.0012207 1.28376e-05

0.0012207 1.35732e-05
0.00124512 1.35859e-05

0.00124512 1.30717e-05
0.00126953 8.83498e-06

0.00126953 8.90338e-06
0.00129395 1.28897e-05

0.00129395 1.33848e-05
0.00131836 1.35525e-05

0.00131836 1.24731e-05
0.00134277 9.54354e-06

0.00134277 1.13919e-05
0.00136719 1.17798e-05

0.00136719 2.26021e-05
0.00139149 0

0.0013916 1.00056e-05
0.0013954 0

0.00146259 0
0.00146484 6.49952e-06

0.00146484 2.01939e-06
0.00148644 2.44141e-05

0.00148782 2.44141e-05
0.00148926 2.49092e-05

0.00148926 1.50987e-05
0.00151367 1.67705e-05

0.00151367 1.67726e-05
0.00153809 1.5102e-05

0.0015625 2.0413e-06
0.00154089 2.44141e-05

0.00153809 2.46674e-05
0.00153882 2.44141e-05

0.000878906 0.00311661
0.000822286 0.003125

0.000878906 0.0031166
0.000976562 0.0031003

0.000976563 0.00310019
0.00102539 0.00309135

0.00102539 0.00309135
0.00107422 0.00308203

0.00112305 0.00307223
0.0011034 0.00307617

0.00107422 0.00308203
0.00110342 0.00307617

0.00112305 0.00307223
0.00117187 0.00306195

0.00117188 0.00306195
0.0012207 0.00305118

0.0012207 0.00305118
0.00126953 0.00303991

0.00136719 0.00301598
0.00132108 0.00302734

0.00126953 0.0030399
0.00131836 0.00302813

0.00131836 0.00302816
0.00132161 0.00302734

0.00136719 0.00301587
0.00141602 0.00300305

0.00141602 0.00300306
0.00146484 0.00298971

0.00151367 0.00297582
0.00150419 0.00297852

0.00146484 0.00298971
0.0015042 0.00297852

0.00151367 0.00297585
0.0015625 0.00296137

0.0015625 6.65915e-06
0.00156482 0

0.00165535 0
0.00166016 1.14933e-05

0.00166016 1.06337e-05
0.00167601 2.44141e-05

0.00167493 2.44141e-05
0.00168457 2.77036e-05

0.00168457 1.79199e-05
0.00170898 1.7609e-05

0.00168457 2.45023e-05
0.00169787 2.44141e-05

0.0017334 9.78785e-06
0.00171746 2.44141e-05

0.00170898 2.76938e-05
0.00171827 2.44141e-05

0.0017334 8.13306e-06
0.00173666 0

0.001805 0
0.00180664 4.71568e-06

0.00181113 0
0.00183105 1.71666e-05

0.00183105 4.31248e-06
0.00185547 7.55095e-06

0.00185547 5.38577e-06
0.00187988 1.1015e-05

0.00187988 6.83687e-06
0.0019043 9.73288e-06

0.0019043 7.62876e-06
0.00192871 1.14866e-05

0.00192871 8.80975e-06
0.00195312 1.17283e-05

0.00195312 8.88557e-06
0.00197754 1.35211e-05

0.00197754 1.4053e-05
0.00200195 1.22884e-05

0.00200195 1.65371e-05
0.00202637 3.576e-06

0.00202637 4.06382e-06
0.00205078 8.30825e-06

0.00205078 8.31062e-06
0.0020752 1.57991e-05

0.0020752 9.13003e-06
0.00209961 1.15517e-05

0.00209961 1.35793e-05
0.00212402 1.35936e-05

0.00212402 1.31461e-05
0.00214844 7.55426e-06

0.00214844 7.1536e-06
0.00217285 1.32278e-05

0.00217285 1.40981e-05
0.00219727 1.40326e-05

0.00219727 1.31629e-05
0.00222168 7.13174e-06

0.00222168 7.11613e-06
0.00224609 1.36461e-05

0.00224609 1.42672e-05
0.00227051 1.40649e-05

0.00227051 1.39169e-05
0.00229492 6.57482e-06

0.00229492 7.40763e-06
0.00231934 1.20278e-05

0.00231934 1.04963e-05
0.00234375 1.53718e-05

0.00234375 1.5351e-05
0.00236816 1.05459e-05

0.00236816 1.23962e-05
0.00239258 7.09784e-06

0.00239258 7.10807e-06
0.00241699 1.26646e-05

0.00241699 1.07137e-05
0.00244141 1.52275e-05

0.00244141 1.51729e-05
0.00246582 1.06044e-05

0.00246582 1.23388e-05
0.00249023 7.52927e-06

0.00249023 7.52288e-06
0.00251465 1.26292e-05

0.00251465 1.08596e-05
0.00253906 1.50069e-05

0.00253906 1.49449e-05
0.00256348 1.07315e-05

0.00256348 1.22805e-05
0.00258789 7.97841e-06

0.00258789 7.95953e-06
0.0026123 1.26199e-05

0.0026123 1.11121e-05
0.00263672 1.46971e-05

0.00263672 1.45785e-05
0.00266113 1.07759e-05

0.00266113 1.17777e-05
0.00268555 8.98104e-06

0.00268555 8.28218e-06
0.00270996 1.36802e-05

0.00270996 1.37971e-05
0.00273438 1.37598e-05

0.00273437 1.34166e-05
0.00275879 8.49541e-06

0.00275879 9.23658e-06
0.0027832 1.20912e-05

0.0027832 1.12193e-05
0.00280762 1.42e-05

0.00280762 1.4158e-05
0.00283203 1.11361e-05

0.00283203 1.19453e-05
0.00285645 9.45494e-06

0.00285645 8.84934e-06
0.00288086 1.33738e-05

0.00288086 1.35755e-05
0.00290527 1.35692e-05

0.00290527 1.29755e-05
0.00292969 9.23918e-06

0.00292969 9.33627e-06
0.0029541 1.3017e-05

0.0029541 1.3508e-05
0.00297852 1.3423e-05

0.00297852 1.28728e-05
0.00300293 9.36616e-06

0.00300293 9.4779e-06
0.00302734 1.296e-05

0.00302734 1.33496e-05
0.00305176 1.33495e-05

0.00305176 1.25528e-05
0.00307617 9.88494e-06

0.00307617 1.03291e-05
0.00310059 1.29162e-05

0.00310059 1.2255e-05
0.003125 1.35282e-05

0.00170898 0.00291454
0.00166328 0.00292969

0.00170898 0.00291454
0.00175781 0.00289774

0.0015625 0.00296135
0.00161133 0.00294629

0.00161133 0.00294631
0.00166016 0.00293071

0.00166016 0.00293073
0.0016633 0.00292969

0.00180664 0.00288031
0.0018051 0.00288086

0.00175781 0.00289773
0.0018051 0.00288086

0.00180664 0.00288033
0.00185547 0.00286226

0.00195312 0.00282415
0.00193325 0.00283203

0.00185547 0.00286224
0.0019043 0.00284352

0.0019043 0.00284354
0.00193332 0.00283203

0.00219727 0.0027165
0.00215936 0.00273438

0.00219727 0.00271652
0.00224609 0.00269268

0.00229492 0.00266798
0.00226024 0.00268555

0.00224609 0.00269263
0.00226023 0.00268555

0.00229492 0.00266795
0.00234375 0.00264234

0.00195312 0.00282418
0.00200195 0.0028041

0.00200195 0.00280409
0.00205078 0.00278329

0.00209961 0.00276179
0.00205102 0.0027832

0.00205078 0.00278328
0.00205095 0.0027832

0.00209961 0.00276177
0.00214844 0.00273951

0.00214844 0.00273956
0.00215944 0.00273438

0.00283203 0.00232883
0.00281207 0.00234375

0.00288086 0.00229019
0.00287491 0.00229492

0.00285645 0.00230958
0.00284384 0.00231934

0.00283203 0.00232865
0.00284413 0.00231934

0.00285645 0.00230956
0.00287478 0.00229492

0.00288086 0.00229021
0.00292969 0.00224997

0.00307617 0.00211819
0.00304395 0.00214844

0.003125 0.00207004
0.00309521 0.00209961

0.00307617 0.00211802
0.00309526 0.00209961

0.00297852 0.00220799
0.00293424 0.00224609

0.00302734 0.00216411
0.00299041 0.00219727

0.00297852 0.00220795
0.00299067 0.00219727

0.00292969 0.00224997
0.00293429 0.00224609

0.00302734 0.00216398
0.00304426 0.00214844

0.00253906 0.0025306
0.00252502 0.00253906

0.00239258 0.00261587
0.00235415 0.00263672

0.00241699 0.00260223
0.00239888 0.0026123

0.00239258 0.00261584
0.00239894 0.0026123

0.00241699 0.00260223
0.00244141 0.0025884

0.00234375 0.00264234
0.0023542 0.00263672

0.00249023 0.00256007
0.00244241 0.00258789

0.00244141 0.00258839
0.00244228 0.00258789

0.00249023 0.0025601
0.00252514 0.00253906

0.00253906 0.00253067
0.00258789 0.00250015

0.00263672 0.00246848
0.00260323 0.00249023

0.00258789 0.0025001
0.00260325 0.00249023

0.00268555 0.00243547
0.00267659 0.00244141

0.00268555 0.00243553
0.00273438 0.00240132

0.00263672 0.00246847
0.00267683 0.00244141

0.0027832 0.00236575
0.00274639 0.00239258

0.00273437 0.00240127
0.00274648 0.00239258

0.0027832 0.00236568
0.00280762 0.00234736

0.00280762 0.00234736
0.00281242 0.00234375

0 0.00318501
0.000195313 0.0031817

0.000195313 0.00318129
0.000292969 0.00317715

0.000292969 0.00317715
0.000390625 0.00317134

0.000390625 0.00317135
0.000488281 0.00316384

0.000488281 0.00316383
0.000585938 0.00315463

0.000585937 0.00315453
0.000634766 0.0031493

0.000634766 0.00314929
0.000683594 0.00314362

0.000683594 0.00314362
0.000732422 0.00313751

0.000732422 0.00313751
0.00078125 0.00313094

0.00078125 0.00313095
0.000822736 0.003125

0.003125 1.24835e-05
0.00314941 1.24966e-05

0.00314941 1.26412e-05
0.00317383 1.31602e-05

0.00317383 1.27324e-05
0.00319824 1.29724e-05

0.00319824 1.28308e-05
0.00322266 1.33093e-05

0.00322266 1.29542e-05
0.00324707 1.34325e-05

0.00324707 1.31046e-05
0.00327148 1.37261e-05

0.00327148 1.32907e-05
0.0032959 1.40069e-05

0.0032959 1.35377e-05
0.00332031 1.4362e-05

0.00332031 1.38192e-05
0.00334473 1.47348e-05

0.00334473 1.41238e-05
0.00336914 1.52053e-05

0.00336914 1.45912e-05
0.00339355 1.56979e-05

0.00339355 1.51236e-05
0.00341797 1.60347e-05

0.00341797 1.53301e-05
0.00344238 1.6507e-05

0.00344238 1.63582e-05
0.0034668 1.68576e-05

0.0034668 6.85294e-06
0.00348922 2.44141e-05

0.00348951 2.44141e-05
0.00349121 2.55756e-05

0.00349121 3.11983e-05
0.00350561 4.88281e-05

0.00350619 4.88281e-05
0.00351563 6.18173e-05

0.00351563 6.2827e-05
0.00352318 7.32422e-05

0.00352354 7.32422e-05
0.00354004 9.7523e-05

0.00354004 9.7161e-05
0.00354037 9.76563e-05

0.00354011 9.76563e-05
0.00355571 0.00012207

0.00355571 0.00012207
0.00356445 0.00013663

0.00356445 0.000136767
0.00357036 0.000146484

0.00357034 0.000146484
0.00358412 0.000170898

0.00358409 0.000170898
0.00358887 0.000179842

0.00358887 0.000179909
0.00359709 0.000195313

0.00359735 0.000195313
0.00361328 0.00022804

0.00361328 0.00022842
0.00362093 0.000244141

0.003621 0.000244141
0.00364189 0.000292969

0.00364183 0.000292969
0.00366009 0.000341797

0.00366009 0.000341797
0.00366211 0.000347994

0.00366211 0.000348258
0.00367592 0.000390625

0.00367648 0.000390625
0.00370175 0.000488281

0.0037015 0.000488281
0.00371094 0.000542411

0.00371094 0.000539723
0.00371807 0.000585938

0.00371802 0.000585937
0.00372364 0.000634766

0.00372363 0.000634766
0.00372739 0.000683594

0.00372738 0.000683594
0.00372935 0.000732422

0.00372934 0.000732422
0.00372957 0.00078125

0.00351563 0.00155261
0.00351034 0.0015625

0.00371094 0.000993083
0.00370562 0.00102539

0.00370563 0.00102539
0.00369599 0.00107422

0.00369599 0.00107422
0.00368474 0.00112305

0.00368464 0.00112305
0.00367842 0.00114746

0.00367842 0.00114746
0.00367179 0.00117187

0.00372956 0.00078125
0.00372808 0.000830078

0.00372808 0.000830078
0.00372492 0.000878906

0.00372492 0.000878906
0.00372011 0.000927734

0.0037201 0.000927734
0.00371366 0.000976562

0.00371094 0.000993517
0.00371359 0.000976562

0.00361328 0.00134463
0.00360435 0.00136719

0.00366211 0.00120495
0.00365745 0.0012207

0.00365745 0.0012207
0.00364138 0.00126953

0.00367179 0.00117188
0.00366477 0.00119629

0.00366211 0.00120483
0.00366471 0.00119629

0.00364137 0.00126953
0.00362368 0.00131836

0.00362357 0.00131836
0.00361412 0.00134277

0.00361328 0.00134461
0.00361403 0.00134277

0.00356445 0.00145687
0.00356075 0.00146484

0.00358887 0.00140328
0.00358329 0.00141602

0.00360426 0.00136719
0.00359398 0.0013916

0.00358887 0.00140327
0.00359398 0.0013916

0.00358329 0.00141602
0.00357218 0.00144043

0.00356445 0.00145671
0.00357214 0.00144043

0.00356075 0.00146484
0.00353641 0.00151367

0.0035363 0.00151367
0.00352348 0.00153809

0.00351563 0.00155248
0.00352344 0.00153809

0.00332031 0.00184898
0.0033153 0.00185547

0.00327148 0.00190944
0.00323423 0.00195312

0.0032959 0.00187967
0.00329573 0.00187988

0.00329572 0.00187988
0.00327572 0.0019043

0.0032959 0.00187966
0.00331518 0.00185547

0.00327148 0.00190949
0.0032758 0.0019043

0.00339355 0.00174958
0.0033879 0.00175781

0.00341797 0.00171382
0.00340476 0.0017334

0.00339355 0.00174957
0.00340477 0.0017334

0.0034668 0.00163721
0.00345287 0.00166016

0.00349121 0.00159611
0.0034824 0.00161133

0.00351023 0.0015625
0.00349654 0.00158691

0.00349121 0.0015961
0.00349653 0.00158691

0.0034824 0.00161133
0.0034678 0.00163574

0.0034668 0.00163723
0.00346769 0.00163574

0.00345289 0.00166016
0.00342137 0.00170898

0.00341797 0.00171391
0.0034212 0.00170898

0.00336914 0.00178383
0.00335267 0.00180664

0.00334473 0.00181697
0.00333411 0.00183105

0.00332031 0.00184879
0.00333407 0.00183105

0.00334473 0.00181708
0.00335246 0.00180664

0.00338785 0.00175781
0.00337044 0.00178223

0.00336914 0.00178384
0.0033703 0.00178223

0.00317383 0.00201939
0.00314402 0.00205078

0.00322266 0.00196599
0.00319038 0.00200195

0.00317383 0.0020196
0.00319014 0.00200195

0.003125 0.00207004
0.00314385 0.00205078

0.00322266 0.00196619
0.00323408 0.00195312

