7.01468e-05 0
7.32422e-05 8.54875e-06

7.32422e-05 9.54831e-07
9.76563e-05 2.41745e-05

9.76563e-05 1.27074e-05
0.00012207 1.2712e-05

0.00012207 1.38572e-05
0.000146484 1.12785e-05

0.000146484 1.19567e-05
0.000170898 1.00239e-05

0.000170898 9.66237e-06
0.000195313 1.30506e-05

0.000195313 1.30637e-05
0.000219727 1.32526e-05

0.000219727 1.2291e-05
0.000244141 1.06754e-05

0.000244141 1.101e-05
0.000268555 1.3179e-05

0.000268555 1.24888e-05
0.000292969 1.33559e-05

0.000292969 1.26453e-05
0.000317383 1.27426e-05

0.000317383 1.27781e-05
0.000341797 1.32029e-05

0.000341797 1.28999e-05
0.000366211 1.30874e-05

0.000366211 1.30226e-05
0.000390625 1.32253e-05

0.000390625 1.30593e-05
0.000415039 1.32179e-05

0.000415039 1.31502e-05
0.000439453 1.33256e-05

0.000439453 1.3254e-05
0.000463867 1.32766e-05

0.000463867 1.32266e-05
0.000488281 1.32819e-05

0.000488281 1.31187e-05
0.000512695 1.3492e-05

0.000512695 1.33215e-05
0.000537109 1.37312e-05

0.000537109 1.36743e-05
0.000561523 1.35401e-05

0.000561523 1.35003e-05
0.000585937 1.33539e-05

0.000585938 1.32795e-05
0.000610352 1.37192e-05

0.000610352 1.34543e-05
0.000634766 1.40504e-05

0.000634766 1.40416e-05
0.00065918 1.38515e-05

0.00065918 1.38505e-05
0.000683594 1.33675e-05

0.000683594 1.34322e-05
0.000708008 1.37388e-05

0.000708008 1.37383e-05
0.000732422 1.39369e-05

0.000732422 1.39925e-05
0.000756836 1.34768e-05

0.000756836 1.36659e-05
0.00078125 1.32383e-05

0.00078125 1.3323e-05
0.000805664 1.35151e-05

0.000805664 1.36195e-05
0.000830078 1.35672e-05

0.000830078 1.35949e-05
0.000854492 1.31661e-05

0.000854492 1.33143e-05
0.000878906 1.32444e-05

0.000878906 1.33595e-05
0.00090332 1.32999e-05

0.00090332 1.33357e-05
0.000927734 1.31365e-05

0.000927734 1.32735e-05
0.000952148 1.30977e-05

0.000952148 1.31783e-05
0.000976562 1.30408e-05

0.000976562 1.31981e-05
0.00100098 1.29761e-05

0.00100098 1.30243e-05
0.00102539 1.28782e-05

0.00102539 1.32427e-05
0.0010498 1.27242e-05

0.0010498 1.26315e-05
0.00107422 1.25418e-05

0.00107422 1.35148e-05
0.00109863 1.23269e-05

0.00109863 1.30833e-05
0.00112305 1.04616e-05

0.00112305 1.00333e-05
0.00114746 1.23951e-05

0.00114746 1.32874e-05
0.00117187 1.33213e-05

0.00117188 1.29776e-05
0.00119629 9.49621e-06

0.00119629 9.28566e-06
0.0012207 1.28688e-05

0.0012207 1.36295e-05
0.00124512 1.34354e-05

0.00124512 1.29216e-05
0.00126953 8.9727e-06

0.00126953 9.10182e-06
0.00129395 1.29539e-05

0.00129395 1.33727e-05
0.00131836 1.34012e-05

0.00131836 1.23055e-05
0.00134277 9.78828e-06

0.00134277 1.15231e-05
0.00136719 1.20034e-05

0.00136719 2.27646e-05
0.00139153 0

0.0013916 1.00109e-05
0.0013954 0

0.00146277 0
0.00146484 6.03548e-06

0.00146484 2.59537e-06
0.0014863 2.44141e-05

0.00148699 2.44141e-05
0.00148926 2.51813e-05

0.00148926 1.51373e-05
0.00151367 1.62497e-05

0.0015134 2.44141e-05
0.00151367 2.44191e-05

0.00151367 1.62529e-05
0.00153809 1.53088e-05

0.00151367 2.44219e-05
0.00151417 2.44141e-05

0.0015625 2.64533e-06
0.00154111 2.44141e-05

0.00153809 2.52516e-05
0.00154056 2.44141e-05

0.000683594 0.00312362
0.000670838 0.003125

0.000683594 0.00312365
0.00078125 0.00311139

0.00078125 0.0031114
0.000878906 0.00309736

0.000878906 0.00309733
0.000976562 0.00308155

0.00102539 0.00307293
0.00100682 0.00307617

0.000976563 0.00308146
0.00100685 0.00307617

0.00102539 0.00307293
0.00107422 0.00306394

0.00107422 0.00306394
0.00112305 0.00305448

0.00112305 0.00305448
0.00117187 0.00304455

0.00126953 0.00302333
0.00125112 0.00302734

0.00117188 0.00304455
0.0012207 0.00303416

0.0012207 0.00303416
0.00125131 0.00302734

0.00126953 0.00302343
0.00136719 0.00300018

0.00136719 0.00300005
0.00141602 0.00298766

0.00146484 0.00297475
0.00145059 0.00297852

0.00141602 0.00298766
0.00145061 0.00297852

0.00146484 0.00297476
0.00151367 0.00296132

0.00151367 0.00296133
0.0015625 0.00294733

0.0015625 6.17197e-06
0.00156462 0

0.00165537 0
0.00166016 1.14415e-05

0.00166016 1.06303e-05
0.00167602 2.44141e-05

0.00167495 2.44141e-05
0.00168457 2.76954e-05

0.00168457 1.78975e-05
0.00170898 1.75973e-05

0.00168457 2.44999e-05
0.00169807 2.44141e-05

0.0017334 9.80757e-06
0.00171746 2.44141e-05

0.00170898 2.76975e-05
0.00171829 2.44141e-05

0.0017334 8.18901e-06
0.00173668 0

0.001805 0
0.00180664 4.71712e-06

0.00181099 0
0.00183105 1.72828e-05

0.00183105 4.54692e-06
0.00185547 7.46658e-06

0.00185547 5.44833e-06
0.00187988 1.09354e-05

0.00187988 6.85109e-06
0.0019043 9.76187e-06

0.0019043 7.6461e-06
0.00192871 1.14689e-05

0.00192871 8.81596e-06
0.00195312 1.17319e-05

0.00195312 8.89193e-06
0.00197754 1.35122e-05

0.00197754 1.4035e-05
0.00200195 1.22967e-05

0.00200195 1.65687e-05
0.00202637 3.57574e-06

0.00202637 4.07168e-06
0.00205078 8.25502e-06

0.00205078 8.24637e-06
0.0020752 1.5832e-05

0.0020752 9.14775e-06
0.00209961 1.15911e-05

0.00209961 1.36113e-05
0.00212402 1.35605e-05

0.00212402 1.31214e-05
0.00214844 7.55106e-06

0.00214844 7.14856e-06
0.00217285 1.32601e-05

0.00217285 1.4099e-05
0.00219727 1.40534e-05

0.00219727 1.31991e-05
0.00222168 7.14909e-06

0.00222168 7.14184e-06
0.00224609 1.36094e-05

0.00224609 1.42598e-05
0.00227051 1.405e-05

0.00227051 1.39155e-05
0.00229492 6.55548e-06

0.00229492 7.37958e-06
0.00231934 1.20215e-05

0.00231934 1.04831e-05
0.00234375 1.53839e-05

0.00234375 1.53618e-05
0.00236816 1.05316e-05

0.00236816 1.23925e-05
0.00239258 7.06991e-06

0.00239258 7.07727e-06
0.00241699 1.26707e-05

0.00241699 1.07035e-05
0.00244141 1.52429e-05

0.00244141 1.51893e-05
0.00246582 1.0597e-05

0.00246582 1.23479e-05
0.00249023 7.49401e-06

0.00249023 7.4886e-06
0.00251465 1.26259e-05

0.00251465 1.08404e-05
0.00253906 1.50295e-05

0.00253906 1.49715e-05
0.00256348 1.07222e-05

0.00256348 1.22968e-05
0.00258789 7.91802e-06

0.00258789 7.89785e-06
0.0026123 1.26162e-05

0.0026123 1.10805e-05
0.00263672 1.47434e-05

0.00263672 1.46311e-05
0.00266113 1.07617e-05

0.00266113 1.17884e-05
0.00268555 8.89544e-06

0.00268555 8.18976e-06
0.00270996 1.37014e-05

0.00270996 1.38227e-05
0.00273438 1.37904e-05

0.00273437 1.34656e-05
0.00275879 8.38204e-06

0.00275879 9.12387e-06
0.0027832 1.20689e-05

0.0027832 1.11753e-05
0.00280762 1.42786e-05

0.00280762 1.42355e-05
0.00283203 1.1085e-05

0.00283203 1.18981e-05
0.00285645 9.36784e-06

0.00285645 8.77325e-06
0.00288086 1.34359e-05

0.00288086 1.36082e-05
0.00290527 1.35694e-05

0.00290527 1.29173e-05
0.00292969 9.2395e-06

0.00292969 9.40456e-06
0.0029541 1.30554e-05

0.0029541 1.34434e-05
0.00297852 1.33946e-05

0.00297852 1.27939e-05
0.00300293 9.60041e-06

0.00300293 9.74085e-06
0.00302734 1.29833e-05

0.00302734 1.32888e-05
0.00305176 1.32854e-05

0.00305176 1.27244e-05
0.00307617 9.9952e-06

0.00307617 1.05014e-05
0.00310059 1.25311e-05

0.00310059 1.20447e-05
0.003125 1.3283e-05

0.00166016 0.00291769
0.00162134 0.00292969

0.00166016 0.0029177
0.00170898 0.00290203

0.00170898 0.00290203
0.00175781 0.00288579

0.0015625 0.00294732
0.00161133 0.00293278

0.00161133 0.00293281
0.00162142 0.00292969

0.00180664 0.00286894
0.00177209 0.00288086

0.00175781 0.00288581
0.00177215 0.00288086

0.00180664 0.00286896
0.00185547 0.00285148

0.00195312 0.00281459
0.00190772 0.00283203

0.00185547 0.00285146
0.0019043 0.00283333

0.0019043 0.00283337
0.00190777 0.00283203

0.00214844 0.00273265
0.00214453 0.00273438

0.00214844 0.00273268
0.00219727 0.00271037

0.00219727 0.00271038
0.00224609 0.00268728

0.00229492 0.00266338
0.00224968 0.00268555

0.00224609 0.00268724
0.00224959 0.00268555

0.00229492 0.00266336
0.00234375 0.00263859

0.00195312 0.00281459
0.00200195 0.00279516

0.00205078 0.00277504
0.00203097 0.0027832

0.00200195 0.00279517
0.00203101 0.0027832

0.00205078 0.00277507
0.00209961 0.00275423

0.00209961 0.00275422
0.00214455 0.00273438

0.00283203 0.00233497
0.00281997 0.00234375

0.00283203 0.00233505
0.00288086 0.00229774

0.00292969 0.00225885
0.00288442 0.00229492

0.00288086 0.00229773
0.00288447 0.00229492

0.00307617 0.00213184
0.00305796 0.00214844

0.003125 0.00208552
0.00311037 0.00209961

0.00310059 0.00210894
0.0030844 0.00212402

0.00307617 0.00213187
0.00308462 0.00212402

0.00310059 0.0021089
0.00311037 0.00209961

0.00297852 0.0022183
0.00294502 0.00224609

0.00302734 0.00217608
0.00300275 0.00219727

0.00297852 0.00221822
0.00300293 0.0021973

0.00292969 0.00225879
0.00294524 0.00224609

0.00302734 0.00217586
0.00305827 0.00214844

0.00253906 0.00253041
0.00252425 0.00253906

0.00239258 0.00261299
0.00234737 0.00263672

0.00244141 0.00258643
0.00243871 0.00258789

0.00239258 0.00261299
0.00243875 0.00258789

0.00234375 0.00263857
0.0023473 0.00263672

0.00244141 0.00258647
0.00249023 0.00255897

0.00249023 0.00255899
0.00252435 0.00253906

0.00253906 0.00253047
0.00258789 0.00250092

0.00263672 0.00247025
0.00260495 0.00249023

0.00258789 0.00250087
0.00260498 0.00249023

0.00268555 0.00243826
0.00268066 0.00244141

0.00268555 0.00243836
0.00273438 0.00240524

0.00263672 0.00247024
0.00268086 0.00244141

0.0027832 0.00237083
0.00275237 0.00239258

0.00273437 0.00240519
0.00275244 0.00239258

0.0027832 0.00237087
0.00282016 0.00234375

0 0.00316353
0.000195313 0.00316034

0.000195313 0.00315996
0.000292969 0.00315597

0.000292969 0.00315596
0.000390625 0.00315035

0.000390625 0.00315036
0.000488281 0.00314311

0.000488281 0.00314312
0.000585938 0.00313421

0.000585937 0.0031342
0.000670904 0.003125

0.003125 1.23609e-05
0.00314941 1.2335e-05

0.00314941 1.24886e-05
0.00317383 1.28037e-05

0.00317383 1.24284e-05
0.00319824 1.26995e-05

0.00319824 1.25225e-05
0.00322266 1.31445e-05

0.00322266 1.26624e-05
0.00324707 1.33355e-05

0.00324707 1.28649e-05
0.00327148 1.37605e-05

0.00327148 1.31434e-05
0.0032959 1.41575e-05

0.0032959 1.35105e-05
0.00332031 1.46291e-05

0.00332031 1.39071e-05
0.00334473 1.51135e-05

0.00334473 1.43496e-05
0.00336914 1.57045e-05

0.00336914 1.49953e-05
0.00339355 1.62522e-05

0.00339355 1.55892e-05
0.00341797 1.66056e-05

0.00341797 1.58131e-05
0.00344238 1.72198e-05

0.00344238 1.71321e-05
0.0034668 1.76174e-05

0.0034668 8.21029e-06
0.00348929 2.44141e-05

0.00348918 2.44141e-05
0.00349121 2.57398e-05

0.00349121 3.1798e-05
0.00350567 4.88281e-05

0.0035067 4.88281e-05
0.00351563 6.04596e-05

0.00351563 6.14151e-05
0.00352475 7.32422e-05

0.00352503 7.32422e-05
0.00354004 9.40109e-05

0.00354004 9.34633e-05
0.00354299 9.76563e-05

0.00354271 9.76563e-05
0.00355927 0.00012207

0.00355933 0.00012207
0.00356445 0.000130104

0.00356445 0.000130407
0.00357488 0.000146484

0.00357481 0.000146484
0.00358887 0.000169923

0.00358887 0.000169947
0.00358942 0.000170898

0.00358938 0.000170898
0.00360326 0.000195313

0.00360366 0.000195313
0.00361328 0.00021393

0.00361328 0.000214622
0.00362854 0.000244141

0.00362861 0.000244141
0.00365083 0.000292969

0.00365082 0.000292969
0.00366211 0.000321282

0.00366211 0.000321559
0.00367018 0.000341797

0.00367015 0.000341797
0.00368718 0.000390625

0.00368775 0.000390625
0.00371094 0.000473507

0.00371094 0.000474026
0.00371493 0.000488281

0.00371486 0.000488281
0.0037336 0.000585938

0.003733 0.000585937
0.00373933 0.000634766

0.00373935 0.000634766
0.00374379 0.000683594

0.00374376 0.000683594
0.00374634 0.000732422

0.00374633 0.000732422
0.00374711 0.00078125

0.00371094 0.00109674
0.00370503 0.00112305

0.00370504 0.00112305
0.00369244 0.00117187

0.0037471 0.00078125
0.00374614 0.000830078

0.00374613 0.000830078
0.00374347 0.000878906

0.00374347 0.000878906
0.00373911 0.000927734

0.00373911 0.000927734
0.00373306 0.000976562

0.00373305 0.000976563
0.00372534 0.00102539

0.00372534 0.00102539
0.00371599 0.00107422

0.00371094 0.00109716
0.0037159 0.00107422

0.00368652 0.00119238
0.00368542 0.00119629

0.00368542 0.00119629
0.00367809 0.0012207

0.00368652 0.00119239
0.00369234 0.00117188

0.00367809 0.0012207
0.00367035 0.00124512

0.00367035 0.00124512
0.0036622 0.00126953

0.00366211 0.00127007
0.00364473 0.00131836

0.00364473 0.00131836
0.00362548 0.00136719

0.00366211 0.00127008
0.0036623 0.00126953

0.00361328 0.00139564
0.00360454 0.00141602

0.00358887 0.00144987
0.00358179 0.00146484

0.00360444 0.00141602
0.00359333 0.00144043

0.00358887 0.00144987
0.00359333 0.00144043

0.00356445 0.00149976
0.0035575 0.00151367

0.0035575 0.00151367
0.00353131 0.0015625

0.00358179 0.00146484
0.00356981 0.00148926

0.00356445 0.00149966
0.00356975 0.00148926

0.00362537 0.00136719
0.00361512 0.0013916

0.00361328 0.0013956
0.00361503 0.0013916

0.00327148 0.00193066
0.00325201 0.00195312

0.00332031 0.00187257
0.00329433 0.0019043

0.00329418 0.0019043
0.00327331 0.00192871

0.00327148 0.00193064
0.00327316 0.00192871

0.00341797 0.00174325
0.00340801 0.00175781

0.00351563 0.00158986
0.00350331 0.00161133

0.00349121 0.00163124
0.00348851 0.00163574

0.0034885 0.00163574
0.00347333 0.00166016

0.00349121 0.00163123
0.00350319 0.00161133

0.0034668 0.00167038
0.00344167 0.00170898

0.00344155 0.00170898
0.00342494 0.0017334

0.00341797 0.00174325
0.00342481 0.0017334

0.0034668 0.00167046
0.0034734 0.00166016

0.00336914 0.00181058
0.00333433 0.00185547

0.00339355 0.00177761
0.00339025 0.00178223

0.0033902 0.00178223
0.00337206 0.00180664

0.00339355 0.00177757
0.00340782 0.00175781

0.00336914 0.00181063
0.00337214 0.00180664

0.00332031 0.00187271
0.00333423 0.00185547

0.00317383 0.00203674
0.00316004 0.00205078

0.00322266 0.0019853
0.00320723 0.00200195

0.00319824 0.00201138
0.00318398 0.00202637

0.00317383 0.0020368
0.00318393 0.00202637

0.00319824 0.00201139
0.00320713 0.00200195

0.003125 0.00208558
0.00316017 0.00205078

0.00324707 0.00195843
0.00322985 0.00197754

0.00322266 0.00198528
0.00322975 0.00197754

0.00324707 0.00195847
0.00325184 0.00195312

0.0035312 0.0015625
0.00351742 0.00158691

0.00351563 0.00158984
0.00351732 0.00158691

