7.0155e-05 0
7.32422e-05 8.52913e-06

7.32422e-05 9.43177e-07
9.76563e-05 2.41778e-05

9.76563e-05 1.26985e-05
0.00012207 1.27257e-05

0.00012207 1.38561e-05
0.000146484 1.13024e-05

0.000146484 1.19745e-05
0.000170898 1.00412e-05

0.000170898 9.69715e-06
0.000195313 1.30349e-05

0.000195313 1.30498e-05
0.000219727 1.32391e-05

0.000219727 1.2282e-05
0.000244141 1.07041e-05

0.000244141 1.10339e-05
0.000268555 1.31767e-05

0.000268555 1.24824e-05
0.000292969 1.33484e-05

0.000292969 1.2641e-05
0.000317383 1.2767e-05

0.000317383 1.27883e-05
0.000341797 1.32191e-05

0.000341797 1.29285e-05
0.000366211 1.30879e-05

0.000366211 1.30225e-05
0.000390625 1.3212e-05

0.000390625 1.31001e-05
0.000415039 1.31873e-05

0.000415039 1.3086e-05
0.000439453 1.32736e-05

0.000439453 1.32031e-05
0.000463867 1.33548e-05

0.000463867 1.31943e-05
0.000488281 1.33848e-05

0.000488281 1.33598e-05
0.000512695 1.34752e-05

0.000512695 1.33674e-05
0.000537109 1.33802e-05

0.000537109 1.31863e-05
0.000561523 1.36674e-05

0.000561523 1.36777e-05
0.000585937 1.37788e-05

0.000585938 1.36027e-05
0.000610352 1.34011e-05

0.000610352 1.33596e-05
0.000634766 1.37979e-05

0.000634766 1.36624e-05
0.00065918 1.39935e-05

0.00065918 1.39371e-05
0.000683594 1.37181e-05

0.000683594 1.38683e-05
0.000708008 1.34578e-05

0.000708008 1.34896e-05
0.000732422 1.35528e-05

0.000732422 1.36803e-05
0.000756836 1.37395e-05

0.000756836 1.37103e-05
0.00078125 1.34202e-05

0.00078125 1.35686e-05
0.000805664 1.34208e-05

0.000805664 1.35286e-05
0.000830078 1.3384e-05

0.000830078 1.34578e-05
0.000854492 1.33192e-05

0.000854492 1.34405e-05
0.000878906 1.32692e-05

0.000878906 1.33286e-05
0.00090332 1.31988e-05

0.00090332 1.33292e-05
0.000927734 1.31921e-05

0.000927734 1.3258e-05
0.000952148 1.30711e-05

0.000952148 1.31774e-05
0.000976562 1.30749e-05

0.000976562 1.32268e-05
0.00100098 1.29552e-05

0.00100098 1.30211e-05
0.00102539 1.28438e-05

0.00102539 1.321e-05
0.0010498 1.27206e-05

0.0010498 1.26096e-05
0.00107422 1.25676e-05

0.00107422 1.35156e-05
0.00109863 1.23563e-05

0.00109863 1.31109e-05
0.00112305 1.04754e-05

0.00112305 1.00575e-05
0.00114746 1.23787e-05

0.00114746 1.32733e-05
0.00117187 1.33256e-05

0.00117188 1.30445e-05
0.00119629 9.4617e-06

0.00119629 9.23252e-06
0.0012207 1.27863e-05

0.0012207 1.35042e-05
0.00124512 1.3543e-05

0.00124512 1.29818e-05
0.00126953 9.089e-06

0.00126953 9.20872e-06
0.00129395 1.28809e-05

0.00129395 1.33675e-05
0.00131836 1.33652e-05

0.00131836 1.22592e-05
0.00134277 9.82738e-06

0.00134277 1.15428e-05
0.00136719 1.20522e-05

0.00136719 2.27945e-05
0.00139153 0

0.0013916 1.00117e-05
0.0013954 0

0.0014628 0
0.00146484 5.95759e-06

0.00146484 2.71087e-06
0.00148628 2.44141e-05

0.00148648 2.44141e-05
0.00148926 2.53489e-05

0.00148926 1.50903e-05
0.00151367 1.61472e-05

0.0015134 2.44141e-05
0.00151367 2.44188e-05

0.00151367 1.62542e-05
0.00153809 1.53411e-05

0.00151367 2.44211e-05
0.00151413 2.44141e-05

0.0015625 2.56222e-06
0.00154109 2.44141e-05

0.00153809 2.52746e-05
0.00154062 2.44141e-05

0.000683594 0.00312009
0.000637961 0.003125

0.000683594 0.00312013
0.00078125 0.00310794

0.00078125 0.00310796
0.000878906 0.003094

0.000878906 0.00309397
0.000976562 0.00307829

0.00102539 0.00306973
0.000988258 0.00307617

0.000976563 0.00307821
0.000988326 0.00307617

0.00102539 0.00306973
0.00107422 0.00306079

0.00107422 0.00306079
0.00112305 0.00305139

0.00112305 0.0030514
0.00117187 0.00304153

0.00126953 0.00302048
0.00123784 0.00302734

0.00117188 0.00304153
0.0012207 0.0030312

0.0012207 0.00303121
0.00123818 0.00302734

0.00126953 0.00302054
0.00136719 0.00299743

0.00136719 0.00299731
0.00141602 0.002985

0.00146484 0.00297217
0.00144068 0.00297852

0.00141602 0.002985
0.00144072 0.00297852

0.00146484 0.00297218
0.00151367 0.00295882

0.00151367 0.00295883
0.0015625 0.00294493

0.0015625 6.21473e-06
0.00156464 0

0.00165537 0
0.00166016 1.14406e-05

0.00166016 1.06267e-05
0.00167603 2.44141e-05

0.00167495 2.44141e-05
0.00168457 2.76927e-05

0.00168457 1.78883e-05
0.00170898 1.75877e-05

0.00168457 2.45e-05
0.00169804 2.44141e-05

0.0017334 9.80406e-06
0.00171745 2.44141e-05

0.00170898 2.76924e-05
0.00171828 2.44141e-05

0.0017334 8.18219e-06
0.00173668 0

0.001805 0
0.00180664 4.71735e-06

0.00181096 0
0.00183105 1.73006e-05

0.00183105 4.58395e-06
0.00185547 7.45168e-06

0.00185547 5.45757e-06
0.00187988 1.09236e-05

0.00187988 6.85308e-06
0.0019043 9.76607e-06

0.0019043 7.64783e-06
0.00192871 1.1467e-05

0.00192871 8.81698e-06
0.00195312 1.17338e-05

0.00195312 8.89383e-06
0.00197754 1.35114e-05

0.00197754 1.40354e-05
0.00200195 1.22962e-05

0.00200195 1.65731e-05
0.00202637 3.57121e-06

0.00202637 4.09016e-06
0.00205078 8.22832e-06

0.00205078 8.15024e-06
0.0020752 1.5882e-05

0.0020752 9.21246e-06
0.00209961 1.16865e-05

0.00209961 1.3717e-05
0.00212402 1.34569e-05

0.00212402 1.30639e-05
0.00214844 7.49482e-06

0.00214844 7.10009e-06
0.00217285 1.33279e-05

0.00217285 1.41124e-05
0.00219727 1.40643e-05

0.00219727 1.32991e-05
0.00222168 7.06506e-06

0.00222168 7.03829e-06
0.00224609 1.35234e-05

0.00224609 1.41271e-05
0.00227051 1.41886e-05

0.00227051 1.4001e-05
0.00229492 6.64291e-06

0.00229492 7.44935e-06
0.00231934 1.19272e-05

0.00231934 1.04666e-05
0.00234375 1.53895e-05

0.00234375 1.53611e-05
0.00236816 1.05341e-05

0.00236816 1.23932e-05
0.00239258 7.0633e-06

0.00239258 7.0705e-06
0.00241699 1.26718e-05

0.00241699 1.07017e-05
0.00244141 1.52469e-05

0.00244141 1.51928e-05
0.00246582 1.05957e-05

0.00246582 1.23491e-05
0.00249023 7.48855e-06

0.00249023 7.48285e-06
0.00251465 1.26268e-05

0.00251465 1.0839e-05
0.00253906 1.50336e-05

0.00253906 1.49753e-05
0.00256348 1.07212e-05

0.00256348 1.22948e-05
0.00258789 7.91621e-06

0.00258789 7.89469e-06
0.0026123 1.26225e-05

0.0026123 1.10823e-05
0.00263672 1.47496e-05

0.00263672 1.46386e-05
0.00266113 1.07647e-05

0.00266113 1.17933e-05
0.00268555 8.89099e-06

0.00268555 8.18775e-06
0.00270996 1.37023e-05

0.00270996 1.38311e-05
0.00273438 1.37862e-05

0.00273437 1.34634e-05
0.00275879 8.36595e-06

0.00275879 9.11155e-06
0.0027832 1.20709e-05

0.0027832 1.11739e-05
0.00280762 1.42775e-05

0.00280762 1.42344e-05
0.00283203 1.10751e-05

0.00283203 1.18884e-05
0.00285645 9.36485e-06

0.00285645 8.76994e-06
0.00288086 1.34377e-05

0.00288086 1.35987e-05
0.00290527 1.35713e-05

0.00290527 1.291e-05
0.00292969 9.26063e-06

0.00292969 9.42684e-06
0.0029541 1.30596e-05

0.0029541 1.34431e-05
0.00297852 1.33886e-05

0.00297852 1.27927e-05
0.00300293 9.62035e-06

0.00300293 9.75592e-06
0.00302734 1.29871e-05

0.00302734 1.32907e-05
0.00305176 1.32904e-05

0.00305176 1.2773e-05
0.00307617 9.96955e-06

0.00307617 1.04957e-05
0.00310059 1.24487e-05

0.00310059 1.19997e-05
0.003125 1.32462e-05

0.00166016 0.00291549
0.00161391 0.00292969

0.00166016 0.00291549
0.00170898 0.00289992

0.00170898 0.00289992
0.00175781 0.00288378

0.0015625 0.00294492
0.00161133 0.00293047

0.00161133 0.0029305
0.00161399 0.00292969

0.00180664 0.00286704
0.00176633 0.00288086

0.00175781 0.0028838
0.00176639 0.00288086

0.00180664 0.00286706
0.00185547 0.00284967

0.00195312 0.00281318
0.00190292 0.00283203

0.00185547 0.00284966
0.00190326 0.00283203

0.00214844 0.00273157
0.00214204 0.00273438

0.00214844 0.0027316
0.00219727 0.00270942

0.00219727 0.00270942
0.00224609 0.00268646

0.00229492 0.0026627
0.00224801 0.00268555

0.00224609 0.00268643
0.00224792 0.00268555

0.00229492 0.00266268
0.00234375 0.00263806

0.00195312 0.00281302
0.00200195 0.00279371

0.00205078 0.00277371
0.00202759 0.0027832

0.00200195 0.00279372
0.00202764 0.0027832

0.00205078 0.00277373
0.00209961 0.00275302

0.00209961 0.00275301
0.00214207 0.00273438

0.00283203 0.00233621
0.00282163 0.00234375

0.00283203 0.00233631
0.00288086 0.00229923

0.00292969 0.0022606
0.00288632 0.00229492

0.00288086 0.00229922
0.00288643 0.00229492

0.00307617 0.00213429
0.00306061 0.00214844

0.003125 0.00208826
0.00311317 0.00209961

0.00310059 0.00211149
0.00308711 0.00212402

0.00307617 0.00213433
0.00308733 0.00212402

0.00310059 0.00211146
0.00311314 0.00209961

0.00297852 0.00222036
0.00294723 0.00224609

0.00302734 0.00217836
0.00300533 0.00219727

0.00297852 0.00222025
0.00300293 0.00219948

0.00300293 0.00219947
0.00300549 0.00219727

0.00292969 0.00226056
0.00294743 0.00224609

0.00302734 0.00217821
0.00306092 0.00214844

0.00253906 0.00253053
0.00252436 0.00253906

0.00239258 0.00261261
0.00234638 0.00263672

0.00244141 0.00258621
0.0024383 0.00258789

0.00239258 0.00261261
0.00243833 0.00258789

0.00234375 0.00263804
0.00234631 0.00263672

0.00244141 0.00258626
0.00249023 0.00255892

0.00249023 0.00255893
0.00252447 0.00253906

0.00253906 0.00253059
0.00258789 0.00250121

0.00263672 0.00247073
0.00260551 0.00249023

0.00258789 0.00250116
0.00260555 0.00249023

0.00268555 0.00243892
0.00268166 0.00244141

0.00268555 0.00243902
0.00273438 0.0024061

0.00263672 0.00247071
0.00268184 0.00244141

0.0027832 0.0023719
0.00275371 0.00239258

0.00273437 0.00240604
0.00275378 0.00239258

0.0027832 0.00237193
0.00282183 0.00234375

0 0.00315972
0.000195313 0.00315655

0.000195313 0.00315617
0.000292969 0.00315221

0.000292969 0.0031522
0.000390625 0.00314663

0.000390625 0.00314664
0.000488281 0.00313945

0.000488281 0.00313945
0.000585938 0.00313061

0.000585937 0.0031306
0.000638071 0.003125

0.003125 1.23213e-05
0.00314941 1.22918e-05

0.00314941 1.24547e-05
0.00317383 1.27509e-05

0.00317383 1.23684e-05
0.00319824 1.26493e-05

0.00319824 1.24641e-05
0.00322266 1.31281e-05

0.00322266 1.26136e-05
0.00324707 1.33302e-05

0.00324707 1.28319e-05
0.00327148 1.37789e-05

0.00327148 1.31335e-05
0.0032959 1.41871e-05

0.0032959 1.34946e-05
0.00332031 1.46904e-05

0.00332031 1.39151e-05
0.00334473 1.52479e-05

0.00334473 1.44895e-05
0.00336914 1.58213e-05

0.00336914 1.51041e-05
0.00339355 1.62619e-05

0.00339355 1.55273e-05
0.00341797 1.67648e-05

0.00341797 1.59868e-05
0.00344238 1.75672e-05

0.00344238 1.74274e-05
0.0034668 1.7769e-05

0.0034668 8.51057e-06
0.00348933 2.44141e-05

0.00348883 2.44141e-05
0.00349121 2.59521e-05

0.00349121 3.20098e-05
0.0035056 4.88281e-05

0.00350681 4.88281e-05
0.00351563 6.01984e-05

0.00351563 6.10144e-05
0.00354359 9.76563e-05

0.00354318 9.76563e-05
0.00355992 0.00012207

0.00355999 0.00012207
0.00356445 0.000129021

0.00356445 0.00012935
0.00357569 0.000146484

0.0035756 0.000146484
0.00358887 0.000168409

0.00358887 0.000168433
0.00359033 0.000170898

0.0035903 0.000170898
0.0036043 0.000195313

0.00360473 0.000195313
0.00361328 0.000211706

0.00361328 0.000212438
0.00362982 0.000244141

0.00362987 0.000244141
0.00365229 0.000292969

0.0036523 0.000292969
0.00366211 0.000317341

0.00366211 0.000317649
0.00367183 0.000341797

0.00367178 0.000341797
0.003689 0.000390625

0.0036896 0.000390625
0.00371094 0.000466

0.00371094 0.00046669
0.00371705 0.000488281

0.003717 0.000488281
0.00373602 0.000585938

0.00373544 0.000585937
0.00374189 0.000634766

0.00374189 0.000634766
0.00374645 0.000683594

0.00374643 0.000683594
0.00374912 0.000732422

0.00374911 0.000732422
0.00375 0.00078125

0.00371094 0.00111183
0.00370843 0.00112305

0.00370844 0.00112305
0.00369588 0.00117187

0.00374999 0.00078125
0.00374912 0.000830078

0.0037491 0.000830078
0.00374652 0.000878906

0.00374652 0.000878906
0.00374225 0.000927734

0.00374225 0.000927734
0.00373628 0.000976562

0.00373627 0.000976563
0.00372863 0.00102539

0.00372862 0.00102539
0.00371934 0.00107422

0.00371094 0.00111183
0.00371934 0.00107422

0.00369589 0.00117188
0.00368168 0.0012207

0.00368158 0.0012207
0.00367385 0.00124512

0.00367386 0.00124512
0.00366572 0.00126953

0.00366211 0.00127988
0.00364829 0.00131836

0.00364828 0.00131836
0.00362906 0.00136719

0.00366211 0.00127999
0.00366578 0.00126953

0.00361328 0.00140402
0.00360814 0.00141602

0.00358887 0.0014575
0.0035854 0.00146484

0.00360804 0.00141602
0.00359693 0.00144043

0.00358887 0.00145749
0.00359693 0.00144043

0.00356445 0.00150698
0.00356111 0.00151367

0.0035611 0.00151367
0.0035349 0.0015625

0.00358539 0.00146484
0.00357341 0.00148926

0.00356445 0.0015068
0.00357338 0.00148926

0.00362895 0.00136719
0.0036187 0.0013916

0.00361328 0.00140389
0.00361866 0.0013916

0.00327148 0.00193434
0.00325507 0.00195312

0.00332031 0.00187652
0.00329763 0.0019043

0.0032959 0.00190607
0.00327649 0.00192871

0.00327148 0.00193431
0.00327635 0.00192871

0.0032959 0.00190608
0.00329741 0.0019043

0.00341797 0.00174836
0.00341149 0.00175781

0.00351563 0.00159611
0.00350689 0.00161133

0.00349121 0.00163712
0.00347688 0.00166016

0.00350677 0.00161133
0.00349207 0.00163574

0.00349121 0.00163714
0.00349205 0.00163574

0.0034668 0.00167584
0.0034452 0.00170898

0.00344238 0.00171294
0.00342844 0.0017334

0.00341797 0.00174821
0.00342837 0.0017334

0.00344238 0.001713
0.00344504 0.00170898

0.0034668 0.00167594
0.00347693 0.00166016

0.00336914 0.00181498
0.00333768 0.00185547

0.00339355 0.00178235
0.00337548 0.00180664

0.0034113 0.00175781
0.00339365 0.00178223

0.00339355 0.00178235
0.00339365 0.00178223

0.00336914 0.00181511
0.00337548 0.00180664

0.00332031 0.00187677
0.00333757 0.00185547

0.00317383 0.00203973
0.00316293 0.00205078

0.00322266 0.00198862
0.00321024 0.00200195

0.00319824 0.00201451
0.0031869 0.00202637

0.00317383 0.00203981
0.00318687 0.00202637

0.00319824 0.0020145
0.00321011 0.00200195

0.003125 0.00208832
0.00316313 0.00205078

0.00322266 0.00198882
0.00325495 0.00195312

0.00353479 0.0015625
0.00352101 0.00158691

0.00351563 0.00159603
0.00352094 0.00158691

