7.01797e-05 0
7.32422e-05 8.47261e-06

7.32422e-05 9.64777e-07
9.76563e-05 2.42329e-05

9.76563e-05 1.27548e-05
0.00012207 1.2762e-05

0.00012207 1.37776e-05
0.000146484 1.14301e-05

0.000146484 1.20533e-05
0.000170898 1.0313e-05

0.000170898 1.00693e-05
0.000195313 1.29301e-05

0.000195313 1.30313e-05
0.000219727 1.30228e-05

0.000219727 1.20939e-05
0.000244141 1.08941e-05

0.000244141 1.11625e-05
0.000268555 1.33107e-05

0.000268555 1.25591e-05
0.000292969 1.32971e-05

0.000292969 1.27016e-05
0.000317383 1.27962e-05

0.000317383 1.28272e-05
0.000341797 1.31618e-05

0.000341797 1.29271e-05
0.000366211 1.30434e-05

0.000366211 1.29985e-05
0.000390625 1.31558e-05

0.000390625 1.3038e-05
0.000415039 1.31569e-05

0.000415039 1.30481e-05
0.000439453 1.32764e-05

0.000439453 1.32473e-05
0.000463867 1.32759e-05

0.000463867 1.31504e-05
0.000488281 1.32154e-05

0.000488281 1.31153e-05
0.000512695 1.3502e-05

0.000512695 1.3376e-05
0.000537109 1.35522e-05

0.000537109 1.34861e-05
0.000561523 1.33895e-05

0.000561523 1.33626e-05
0.000585937 1.34237e-05

0.000585938 1.32141e-05
0.000610352 1.37511e-05

0.000610352 1.37232e-05
0.000634766 1.38573e-05

0.000634766 1.378e-05
0.00065918 1.33853e-05

0.00065918 1.32786e-05
0.000683594 1.3715e-05

0.000683594 1.38425e-05
0.000708008 1.3972e-05

0.000708008 1.38573e-05
0.000732422 1.33306e-05

0.000732422 1.35621e-05
0.000756836 1.3467e-05

0.000756836 1.34916e-05
0.00078125 1.35557e-05

0.00078125 1.3666e-05
0.000805664 1.34578e-05

0.000805664 1.35773e-05
0.000830078 1.31629e-05

0.000830078 1.3304e-05
0.000854492 1.32137e-05

0.000854492 1.32642e-05
0.000878906 1.33447e-05

0.000878906 1.34024e-05
0.00090332 1.32323e-05

0.00090332 1.33568e-05
0.000927734 1.30054e-05

0.000927734 1.3105e-05
0.000952148 1.30235e-05

0.000952148 1.31565e-05
0.000976562 1.30889e-05

0.000976562 1.31538e-05
0.00100098 1.28781e-05

0.00100098 1.29768e-05
0.00102539 1.28765e-05

0.00102539 1.3172e-05
0.0010498 1.27179e-05

0.0010498 1.26361e-05
0.00107422 1.25795e-05

0.00107422 1.34127e-05
0.00109863 1.23982e-05

0.00109863 1.30647e-05
0.00112305 1.07566e-05

0.00112305 1.03911e-05
0.00114746 1.23873e-05

0.00114746 1.33138e-05
0.00117187 1.31188e-05

0.00117188 1.28703e-05
0.00119629 9.6467e-06

0.00119629 9.44223e-06
0.0012207 1.28632e-05

0.0012207 1.35406e-05
0.00124512 1.33686e-05

0.00124512 1.28446e-05
0.00126953 9.23022e-06

0.00126953 9.41283e-06
0.00129395 1.28892e-05

0.00129395 1.324e-05
0.00131836 1.32573e-05

0.00131836 1.21091e-05
0.00134277 1.02161e-05

0.00134277 1.17607e-05
0.00136719 1.22765e-05

0.00136719 2.29965e-05
0.00139159 0

0.0013916 1.00185e-05
0.00139539 0

0.00146253 0
0.00146484 6.67571e-06

0.00146484 2.13123e-06
0.00148639 2.44141e-05

0.00148768 2.44141e-05
0.00148926 2.4958e-05

0.00148926 1.50926e-05
0.00151367 1.6859e-05

0.00151367 1.68889e-05
0.00153809 1.53067e-05

0.0015625 2.13594e-06
0.00154103 2.44141e-05

0.00153809 2.47057e-05
0.00153893 2.44141e-05

0.000390625 0.00311698
0.000214914 0.003125

0.000390625 0.00311706
0.000585937 0.00310197

0.000585937 0.00310158
0.000683594 0.00309167

0.000683594 0.00309168
0.00078125 0.00308017

0.00078125 0.00308019
0.000878906 0.00306703

0.000878906 0.003067
0.000976562 0.00305221

0.000976563 0.00305213
0.00102539 0.00304415

0.00102539 0.00304414
0.00107422 0.00303571

0.00117188 0.00301767
0.0011199 0.00302734

0.00107422 0.00303571
0.00112035 0.00302734

0.00117187 0.00301768
0.00126953 0.00299765

0.00126953 0.00299762
0.00136719 0.00297576

0.0015625 0.00292625
0.00154946 0.00292969

0.00136719 0.00297568
0.00141602 0.00296407

0.00141602 0.00296406
0.00146484 0.00295195

0.00146484 0.00295195
0.00151367 0.00293933

0.00151367 0.00293934
0.0015496 0.00292969

0.0015625 6.63819e-06
0.00156481 0

0.00165536 0
0.00166016 1.14681e-05

0.00166016 1.06278e-05
0.00167603 2.44141e-05

0.00167495 2.44141e-05
0.00168457 2.76915e-05

0.00168457 1.78987e-05
0.00170898 1.75866e-05

0.00168457 2.45023e-05
0.00169783 2.44141e-05

0.0017334 9.78077e-06
0.00171745 2.44141e-05

0.00170898 2.76823e-05
0.00171825 2.44141e-05

0.0017334 8.1146e-06
0.00173665 0

0.001805 0
0.00180664 4.71924e-06

0.00181075 0
0.00183105 1.74516e-05

0.00183105 4.88764e-06
0.00185547 7.34111e-06

0.00185547 5.54024e-06
0.00187988 1.08258e-05

0.00187988 6.87421e-06
0.0019043 9.80263e-06

0.0019043 7.67276e-06
0.00192871 1.14456e-05

0.00192871 8.82795e-06
0.00195312 1.17369e-05

0.00195312 8.8937e-06
0.00197754 1.35072e-05

0.00197754 1.40354e-05
0.00200195 1.2306e-05

0.00200195 1.6567e-05
0.00202637 3.58513e-06

0.00202637 4.09678e-06
0.00205078 8.24453e-06

0.00205078 8.2571e-06
0.0020752 1.57962e-05

0.0020752 9.11042e-06
0.00209961 1.15831e-05

0.00209961 1.36082e-05
0.00212402 1.3572e-05

0.00212402 1.31445e-05
0.00214844 7.50172e-06

0.00214844 7.09465e-06
0.00217285 1.32434e-05

0.00217285 1.41206e-05
0.00219727 1.40376e-05

0.00219727 1.31427e-05
0.00222168 7.08558e-06

0.00222168 7.08115e-06
0.00224609 1.36852e-05

0.00224609 1.42909e-05
0.00227051 1.40628e-05

0.00227051 1.39322e-05
0.00229492 6.52901e-06

0.00229492 7.36754e-06
0.00231934 1.20237e-05

0.00231934 1.04745e-05
0.00234375 1.53978e-05

0.00234375 1.53802e-05
0.00236816 1.05346e-05

0.00236816 1.24148e-05
0.00239258 7.03042e-06

0.00239258 7.0412e-06
0.00241699 1.26611e-05

0.00241699 1.06836e-05
0.00244141 1.52685e-05

0.00244141 1.522e-05
0.00246582 1.05799e-05

0.00246582 1.23511e-05
0.00249023 7.43447e-06

0.00249023 7.43211e-06
0.00251465 1.26327e-05

0.00251465 1.08191e-05
0.00253906 1.50581e-05

0.00253906 1.50054e-05
0.00256348 1.0704e-05

0.00256348 1.23043e-05
0.00258789 7.84995e-06

0.00258789 7.83165e-06
0.0026123 1.2619e-05

0.0026123 1.10546e-05
0.00263672 1.47791e-05

0.00263672 1.46643e-05
0.00266113 1.07458e-05

0.00266113 1.18381e-05
0.00268555 8.79084e-06

0.00268555 8.0695e-06
0.00270996 1.36628e-05

0.00270996 1.37402e-05
0.00273438 1.38937e-05

0.00273437 1.3512e-05
0.00275879 8.42757e-06

0.00275879 9.16122e-06
0.0027832 1.20367e-05

0.0027832 1.11924e-05
0.00280762 1.42727e-05

0.00280762 1.42187e-05
0.00283203 1.10764e-05

0.00283203 1.18603e-05
0.00285645 9.42847e-06

0.00285645 8.84696e-06
0.00288086 1.34541e-05

0.00288086 1.36123e-05
0.00290527 1.35284e-05

0.00290527 1.28977e-05
0.00292969 9.29023e-06

0.00292969 9.44798e-06
0.0029541 1.30617e-05

0.0029541 1.34253e-05
0.00297852 1.34021e-05

0.00297852 1.28752e-05
0.00300293 9.60323e-06

0.00300293 9.68121e-06
0.00302734 1.29293e-05

0.00302734 1.3359e-05
0.00305176 1.33042e-05

0.00305176 1.28212e-05
0.00307617 9.71566e-06

0.00307617 9.73244e-06
0.00310059 1.29282e-05

0.00310059 1.3384e-05
0.003125 1.3277e-05

0.0015625 0.00292637
0.00166016 0.00289854

0.00166016 0.00289841
0.00170898 0.00288368

0.00175781 0.0028684
0.00171801 0.00288086

0.00170898 0.00288372
0.00171813 0.00288086

0.00175781 0.00286841
0.00180664 0.00285256

0.00180664 0.00285255
0.00185547 0.00283613

0.00195312 0.00280162
0.00186757 0.00283203

0.00185547 0.0028362
0.00186742 0.00283203

0.00214844 0.00272424
0.00212372 0.00273437

0.00214844 0.00272419
0.00219727 0.00270311

0.00224609 0.00268126
0.0022365 0.00268555

0.00219727 0.00270313
0.0022366 0.00268555

0.00234375 0.00263526
0.00234067 0.00263672

0.00224609 0.00268131
0.00229492 0.0026587

0.00229492 0.0026587
0.00234075 0.00263672

0.00200195 0.00278315
0.00200181 0.0027832

0.00195312 0.00280146
0.00200181 0.0027832

0.00200195 0.00278317
0.00205078 0.00276419

0.00205078 0.00276419
0.00209961 0.00274453

0.00209961 0.00274457
0.00212407 0.00273438

0.00288086 0.00231214
0.00283722 0.00234375

0.00292969 0.00227532
0.00290367 0.00229492

0.00288086 0.00231207
0.00290382 0.00229492

0.003125 0.0021102
0.00308283 0.00214844

0.00297852 0.00223665
0.00296657 0.00224609

0.00302734 0.00219654
0.00302648 0.00219727

0.00297852 0.00223685
0.00302651 0.00219727

0.00292969 0.00227537
0.00296681 0.00224609

0.00302734 0.00219662
0.00307617 0.00215443

0.00307617 0.00215441
0.00308291 0.00214844

0.00253906 0.0025328
0.00252775 0.00253906

0.00234375 0.00263529
0.00239258 0.00261104

0.00244141 0.00258589
0.00243752 0.00258789

0.00239258 0.00261105
0.00243758 0.00258789

0.00244141 0.00258594
0.00249023 0.00255988

0.00249023 0.0025599
0.00252788 0.00253906

0.00253906 0.00253288
0.00258789 0.00250485

0.00263672 0.00247577
0.00261247 0.00249023

0.00258789 0.00250486
0.00261241 0.00249023

0.00273438 0.00241409
0.00269192 0.00244141

0.00263672 0.00247574
0.00268555 0.00244548

0.00268555 0.00244545
0.00269195 0.00244141

0.0027832 0.00238145
0.00276649 0.00239258

0.00273438 0.00241412
0.00276658 0.00239258

0.0027832 0.00238147
0.00283203 0.00234749

0.00283203 0.00234745
0.00283732 0.00234375

0 0.00312882
0.000195313 0.00312587

0.000195313 0.00312592
0.000215579 0.003125

0.003125 1.29724e-05
0.00314941 9.54439e-06

0.00314941 1.00795e-05
0.00317383 1.21839e-05

0.00317383 1.1701e-05
0.00319824 1.34652e-05

0.00319824 1.19718e-05
0.00322266 1.26329e-05

0.00322266 1.22505e-05
0.00324707 1.38223e-05

0.00324707 1.27117e-05
0.00327148 1.41157e-05

0.00327148 1.3229e-05
0.0032959 1.49117e-05

0.0032959 1.38737e-05
0.00332031 1.55389e-05

0.00332031 1.46334e-05
0.00334473 1.61851e-05

0.00334473 1.52634e-05
0.00336914 1.67567e-05

0.00336914 1.57404e-05
0.00339355 1.76938e-05

0.00339355 1.7421e-05
0.00341797 1.81861e-05

0.00341797 1.67139e-05
0.00344238 1.81778e-05

0.00344238 1.87493e-05
0.0034668 1.97334e-05

0.0034668 1.08089e-05
0.00348869 2.44141e-05

0.00348684 2.44141e-05
0.00349121 2.70319e-05

0.00349121 3.33239e-05
0.00350513 4.88281e-05

0.00350693 4.88281e-05
0.00351563 5.91807e-05

0.00351563 6.01099e-05
0.00352664 7.32422e-05

0.00352686 7.32422e-05
0.00354004 8.9981e-05

0.00354004 8.94189e-05
0.00354639 9.76563e-05

0.00354619 9.76563e-05
0.0035642 0.00012207

0.00356433 0.00012207
0.00356445 0.000122242

0.00356445 0.000122476
0.00358105 0.000146484

0.00358109 0.000146484
0.00358887 0.000158477

0.00358887 0.000158651
0.00359681 0.000170898

0.00359682 0.000170898
0.00361176 0.000195313

0.00361262 0.000195313
0.00361328 0.000196495

0.00361328 0.000197667
0.00363926 0.000244141

0.00363919 0.000244141
0.00366211 0.000290654

0.00366211 0.000290697
0.00366323 0.000292969

0.0036632 0.000292969
0.00368432 0.000341797

0.00368415 0.000341797
0.00370278 0.000390625

0.00370377 0.000390625
0.00371094 0.000413931

0.00371094 0.000415633
0.00373329 0.000488281

0.00373318 0.000488281
0.00375423 0.000585938

0.00375408 0.000585937
0.00376694 0.000683594

0.0037668 0.000683594
0.00377206 0.00078125

0.00377159 0.00078125
0.00377149 0.000830078

0.00377149 0.000830078
0.00376961 0.000878906

0.0037696 0.000878906
0.00376597 0.000927734

0.00376596 0.000927734
0.00376061 0.000976562

0.00375977 0.000982395
0.00375356 0.00102539

0.00375356 0.00102539
0.00374482 0.00107422

0.00375977 0.000982587
0.00376058 0.000976562

0.00374483 0.00107422
0.00373438 0.00112305

0.00373437 0.00112305
0.00372222 0.00117187

0.00371094 0.0012117
0.00370839 0.0012207

0.00370839 0.0012207
0.00369287 0.00126953

0.00366211 0.00135325
0.0036567 0.00136719

0.00368652 0.00128768
0.00368437 0.00129395

0.00368437 0.00129395
0.00367554 0.00131836

0.00368652 0.00128769
0.00369277 0.00126953

0.00367554 0.00131836
0.00366628 0.00134277

0.00366211 0.00135313
0.00366622 0.00134277

0.00356445 0.00155977
0.00356299 0.0015625

0.00361328 0.00146518
0.00358912 0.00151367

0.00358887 0.00151396
0.00357618 0.00153809

0.00356445 0.00155957
0.00357616 0.00153809

0.00358887 0.00151396
0.00358902 0.00151367

0.0036567 0.00136719
0.00363597 0.00141602

0.00363597 0.00141602
0.00361344 0.00146484

0.00361328 0.00146518
0.00361344 0.00146484

0.00371094 0.00121169
0.00372222 0.00117188

0.00332031 0.00190815
0.00328062 0.00195312

0.00351563 0.00164278
0.00350495 0.00166016

0.0034668 0.00171785
0.00343892 0.00175781

0.00349121 0.00168128
0.00348913 0.00168457

0.00348909 0.00168457
0.00347284 0.00170898

0.00349121 0.00168127
0.00350483 0.00166016

0.0034668 0.00171795
0.00347289 0.00170898

0.00336914 0.00184944
0.00336434 0.00185547

0.00341797 0.00178604
0.00340282 0.00180664

0.00339355 0.00181832
0.00338375 0.00183105

0.00336914 0.0018493
0.00338369 0.00183105

0.00339355 0.00181844
0.00340255 0.00180664

0.0033644 0.00185547
0.00332369 0.0019043

0.00332031 0.00190818
0.00332365 0.0019043

0.00343879 0.00175781
0.00342098 0.00178223

0.00341797 0.00178608
0.0034208 0.00178223

0.00322266 0.00201464
0.00318689 0.00205078

0.00317383 0.00206374
0.00313605 0.00209961

0.003125 0.00211023
0.00313637 0.00209961

0.00317383 0.00206354
0.00318681 0.00205078

0.00327148 0.00196292
0.00323511 0.00200195

0.00322266 0.0020147
0.00323496 0.00200195

0.00327148 0.00196306
0.00328053 0.00195312

0.00356299 0.0015625
0.00353493 0.00161133

0.00353482 0.00161133
0.00352007 0.00163574

0.00351563 0.00164274
0.00351997 0.00163574

