7.01968e-05 0
7.32422e-05 8.43171e-06

7.32422e-05 9.48477e-07
9.76563e-05 2.4228e-05

9.76563e-05 1.27095e-05
0.00012207 1.27837e-05

0.00012207 1.37207e-05
0.000146484 1.15584e-05

0.000146484 1.21873e-05
0.000170898 1.03939e-05

0.000170898 1.02063e-05
0.000195313 1.27849e-05

0.000195313 1.28728e-05
0.000219727 1.30344e-05

0.000219727 1.21236e-05
0.000244141 1.10839e-05

0.000244141 1.13033e-05
0.000268555 1.32291e-05

0.000268555 1.25498e-05
0.000292969 1.3236e-05

0.000292969 1.26852e-05
0.000317383 1.2799e-05

0.000317383 1.28066e-05
0.000341797 1.31386e-05

0.000341797 1.29218e-05
0.000366211 1.30308e-05

0.000366211 1.29351e-05
0.000390625 1.31648e-05

0.000390625 1.30693e-05
0.000415039 1.32108e-05

0.000415039 1.30999e-05
0.000439453 1.32027e-05

0.000439453 1.31256e-05
0.000463867 1.33023e-05

0.000463867 1.32143e-05
0.000488281 1.33433e-05

0.000488281 1.32315e-05
0.000512695 1.33835e-05

0.000512695 1.33308e-05
0.000537109 1.34479e-05

0.000537109 1.33345e-05
0.000561523 1.34515e-05

0.000561523 1.33854e-05
0.000585937 1.35647e-05

0.000585938 1.34973e-05
0.000610352 1.35523e-05

0.000610352 1.34334e-05
0.000634766 1.35979e-05

0.000634766 1.35316e-05
0.00065918 1.37614e-05

0.00065918 1.37383e-05
0.000683594 1.36351e-05

0.000683594 1.35152e-05
0.000708008 1.36239e-05

0.000708008 1.37796e-05
0.000732422 1.37559e-05

0.000732422 1.38091e-05
0.000756836 1.32946e-05

0.000756836 1.34312e-05
0.00078125 1.3342e-05

0.00078125 1.34798e-05
0.000805664 1.34929e-05

0.000805664 1.34954e-05
0.000830078 1.3297e-05

0.000830078 1.34378e-05
0.000854492 1.32445e-05

0.000854492 1.3342e-05
0.000878906 1.31689e-05

0.000878906 1.32738e-05
0.00090332 1.31577e-05

0.00090332 1.32435e-05
0.000927734 1.30998e-05

0.000927734 1.31745e-05
0.000952148 1.30503e-05

0.000952148 1.31386e-05
0.000976562 1.30267e-05

0.000976562 1.31559e-05
0.00100098 1.2909e-05

0.00100098 1.29751e-05
0.00102539 1.28392e-05

0.00102539 1.31448e-05
0.0010498 1.27279e-05

0.0010498 1.26462e-05
0.00107422 1.2583e-05

0.00107422 1.33769e-05
0.00109863 1.24077e-05

0.00109863 1.31059e-05
0.00112305 1.07909e-05

0.00112305 1.04294e-05
0.00114746 1.23109e-05

0.00114746 1.31952e-05
0.00117187 1.3161e-05

0.00117188 1.28997e-05
0.00119629 9.79487e-06

0.00119629 9.57252e-06
0.0012207 1.27941e-05

0.0012207 1.35083e-05
0.00124512 1.33328e-05

0.00124512 1.28199e-05
0.00126953 9.31151e-06

0.00126953 9.50015e-06
0.00129395 1.28637e-05

0.00129395 1.3187e-05
0.00131836 1.32279e-05

0.00131836 1.20661e-05
0.00134277 1.03522e-05

0.00134277 1.18408e-05
0.00136719 1.23409e-05

0.00136719 2.30599e-05
0.0013916 0

0.0013916 1.00239e-05
0.00139539 0

0.00146266 0
0.00146484 6.31876e-06

0.00146484 2.3602e-06
0.00148627 2.44141e-05

0.0014882 2.44141e-05
0.00148926 2.47757e-05

0.00148926 1.52004e-05
0.00151367 1.67209e-05

0.00151367 1.67371e-05
0.00153809 1.53425e-05

0.0015625 2.37982e-06
0.00154112 2.44141e-05

0.00153809 2.46339e-05
0.00153873 2.44141e-05

0 0.0031177
0.000195313 0.00311483

0.000195313 0.00311486
0.000390625 0.00310618

0.000390625 0.00310625
0.000585937 0.00309155

0.000585937 0.00309116
0.000683594 0.00308149

0.000683594 0.0030815
0.00078125 0.00307028

0.00078125 0.00307029
0.000878906 0.00305747

0.000878906 0.00305746
0.000976562 0.00304304

0.00107422 0.00302701
0.00107217 0.00302734

0.000976562 0.00304305
0.00107218 0.00302734

0.00107422 0.00302706
0.00117188 0.00300927

0.00117187 0.00300927
0.00126953 0.00298967

0.00126953 0.00298966
0.00136719 0.00296828

0.0015625 0.00291993
0.00152467 0.00292969

0.00136719 0.0029682
0.00141602 0.00295684

0.00141602 0.00295684
0.00146484 0.00294499

0.00146484 0.00294499
0.00151367 0.00293266

0.00151367 0.00293268
0.00152505 0.00292969

0.0015625 6.40768e-06
0.00156472 0

0.00165536 0
0.00166016 1.14799e-05

0.00166016 1.06255e-05
0.00167601 2.44141e-05

0.00167494 2.44141e-05
0.00168457 2.77016e-05

0.00168457 1.79332e-05
0.00170898 1.76104e-05

0.00168457 2.45046e-05
0.0016977 2.44141e-05

0.0017334 9.75957e-06
0.00171745 2.44141e-05

0.00170898 2.76876e-05
0.00171825 2.44141e-05

0.0017334 8.1072e-06
0.00173664 0

0.001805 0
0.00180664 4.71995e-06

0.00181068 0
0.00183105 1.75109e-05

0.00183105 5.00362e-06
0.00185547 7.3024e-06

0.00185547 5.5752e-06
0.00187988 1.07865e-05

0.00187988 6.88249e-06
0.0019043 9.81557e-06

0.0019043 7.6811e-06
0.00192871 1.14389e-05

0.00192871 8.8317e-06
0.00195312 1.17406e-05

0.00195312 8.90036e-06
0.00197754 1.35029e-05

0.00197754 1.40277e-05
0.00200195 1.2308e-05

0.00200195 1.65858e-05
0.00202637 3.58125e-06

0.00202637 4.09589e-06
0.00205078 8.2161e-06

0.00205078 8.26087e-06
0.0020752 1.57782e-05

0.0020752 9.059e-06
0.00209961 1.15684e-05

0.00209961 1.35921e-05
0.00212402 1.36163e-05

0.00212402 1.31774e-05
0.00214844 7.48153e-06

0.00214844 7.06664e-06
0.00217285 1.32338e-05

0.00217285 1.41301e-05
0.00219727 1.40608e-05

0.00219727 1.31459e-05
0.00222168 7.06285e-06

0.00222168 7.07839e-06
0.00224609 1.36895e-05

0.00224609 1.42837e-05
0.00227051 1.40564e-05

0.00227051 1.39249e-05
0.00229492 6.53911e-06

0.00229492 7.37651e-06
0.00231934 1.20223e-05

0.00231934 1.04731e-05
0.00234375 1.53905e-05

0.00234375 1.53772e-05
0.00236816 1.05367e-05

0.00236816 1.24183e-05
0.00239258 7.02581e-06

0.00239258 7.035e-06
0.00241699 1.2658e-05

0.00241699 1.06767e-05
0.00244141 1.52763e-05

0.00244141 1.52317e-05
0.00246582 1.05786e-05

0.00246582 1.2359e-05
0.00249023 7.40987e-06

0.00249023 7.4085e-06
0.00251465 1.26319e-05

0.00251465 1.08087e-05
0.00253906 1.50743e-05

0.00253906 1.50235e-05
0.00256348 1.06968e-05

0.00256348 1.23057e-05
0.00258789 7.82064e-06

0.00258789 7.80137e-06
0.0026123 1.26279e-05

0.0026123 1.10494e-05
0.00263672 1.47992e-05

0.00263672 1.46842e-05
0.00266113 1.07396e-05

0.00266113 1.18452e-05
0.00268555 8.76283e-06

0.00268555 8.0415e-06
0.00270996 1.36642e-05

0.00270996 1.37341e-05
0.00273438 1.39109e-05

0.00273437 1.35355e-05
0.00275879 8.40901e-06

0.00275879 9.1475e-06
0.0027832 1.20098e-05

0.0027832 1.11758e-05
0.00280762 1.42745e-05

0.00280762 1.42172e-05
0.00283203 1.1058e-05

0.00283203 1.18697e-05
0.00285645 9.38557e-06

0.00285645 8.77916e-06
0.00288086 1.34434e-05

0.00288086 1.3579e-05
0.00290527 1.35904e-05

0.00290527 1.30123e-05
0.00292969 9.2256e-06

0.00292969 9.34969e-06
0.0029541 1.2962e-05

0.0029541 1.33621e-05
0.00297852 1.34982e-05

0.00297852 1.29367e-05
0.00300293 9.55808e-06

0.00300293 9.57273e-06
0.00302734 1.29349e-05

0.00302734 1.34552e-05
0.00305176 1.33701e-05

0.00305176 1.29772e-05
0.00307617 9.41593e-06

0.00307617 9.3002e-06
0.00310059 1.29606e-05

0.00310059 1.35476e-05
0.003125 1.35436e-05

0.0015625 0.00291998
0.00166016 0.00289275

0.00170898 0.00287821
0.00169999 0.00288086

0.00166016 0.00289263
0.00170004 0.00288086

0.00170898 0.00287822
0.00175781 0.00286326

0.00185547 0.00283164
0.00185425 0.00283203

0.00175781 0.00286326
0.00180664 0.00284773

0.00180664 0.00284773
0.00185427 0.00283203

0.00185547 0.00283182
0.00195312 0.00279781

0.00214844 0.00272206
0.00211779 0.00273437

0.00214844 0.00272199
0.00219727 0.00270131

0.00224609 0.00267986
0.00223314 0.00268555

0.00219727 0.00270133
0.00223325 0.00268555

0.00234375 0.00263472
0.00233943 0.00263672

0.00224609 0.00267991
0.00229492 0.00265772

0.00229492 0.00265773
0.00233954 0.00263672

0.00200195 0.00277972
0.00199247 0.0027832

0.00195312 0.00279767
0.00199253 0.0027832

0.00200195 0.00277975
0.00205078 0.00276117

0.00205078 0.00276117
0.00209961 0.00274192

0.00209961 0.00274199
0.00211825 0.00273438

0.00288086 0.00231688
0.00284321 0.00234375

0.00292969 0.00228065
0.00291027 0.00229492

0.00288086 0.00231681
0.00290527 0.00229885

0.00290527 0.00229881
0.00291056 0.00229492

0.003125 0.00211759
0.00309038 0.00214844

0.00297852 0.00224238
0.00297379 0.00224609

0.00297852 0.00224262
0.00302734 0.00220285

0.00292969 0.00228061
0.00297404 0.00224609

0.00307617 0.00216122
0.00303393 0.00219727

0.00302734 0.00220284
0.00303403 0.00219727

0.00307617 0.00216115
0.00309077 0.00214844

0.00253906 0.00253404
0.00252968 0.00253906

0.00234375 0.00263475
0.00239258 0.00261092

0.00244141 0.0025862
0.00243806 0.00258789

0.00239258 0.00261092
0.00243811 0.00258789

0.00244141 0.00258624
0.00249023 0.00256063

0.00249023 0.00256065
0.00252989 0.00253906

0.00253906 0.00253407
0.00258789 0.0025065

0.00263672 0.00247788
0.00261565 0.00249023

0.00258789 0.00250651
0.00261565 0.00249023

0.00273438 0.00241728
0.00269626 0.00244141

0.00263672 0.0024779
0.00268555 0.00244816

0.00268555 0.00244812
0.00269631 0.00244141

0.0027832 0.00238511
0.00277173 0.00239258

0.00273438 0.00241732
0.00277195 0.00239258

0.0027832 0.00238517
0.00283203 0.00235171

0.00283203 0.00235168
0.00284331 0.00234375

0.003125 1.35173e-05
0.00314941 8.73807e-06

0.00314941 9.3387e-06
0.00317383 1.1707e-05

0.00317383 1.13121e-05
0.00319824 1.38372e-05

0.00319824 1.17738e-05
0.00322266 1.2571e-05

0.00322266 1.21569e-05
0.00324707 1.40817e-05

0.00324707 1.26892e-05
0.00327148 1.43861e-05

0.00327148 1.33915e-05
0.0032959 1.5376e-05

0.0032959 1.42294e-05
0.00332031 1.59563e-05

0.00332031 1.49928e-05
0.00334473 1.66218e-05

0.00334473 1.56313e-05
0.00336914 1.7366e-05

0.00336914 1.65566e-05
0.00339355 1.8193e-05

0.00339355 1.75911e-05
0.00341797 1.85026e-05

0.00341797 1.76959e-05
0.00344238 1.88392e-05

0.00344238 1.89828e-05
0.0034668 1.93976e-05

0.0034668 1.12139e-05
0.00348827 2.44141e-05

0.00348771 2.44141e-05
0.00349121 2.64502e-05

0.00349121 3.27393e-05
0.00350591 4.88281e-05

0.00350736 4.88281e-05
0.00351563 5.86244e-05

0.00351563 5.95332e-05
0.0035272 7.32422e-05

0.00352741 7.32422e-05
0.00354004 8.90596e-05

0.00354004 8.84947e-05
0.00354722 9.76563e-05

0.00354705 9.76563e-05
0.00356445 0.000120785

0.00356445 0.000120886
0.00356531 0.00012207

0.0035654 0.00012207
0.00358265 0.000146484

0.00358273 0.000146484
0.00358887 0.000155735

0.00358887 0.000155976
0.00359877 0.000170898

0.00359879 0.000170898
0.00361328 0.000194062

0.00361328 0.00019386
0.00361416 0.000195313

0.0036143 0.000195313
0.00364224 0.000244141

0.00364215 0.000244141
0.00366211 0.000283723

0.00366211 0.000283869
0.0036667 0.000292969

0.0036667 0.000292969
0.00368833 0.000341797

0.00368818 0.000341797
0.00370725 0.000390625

0.00370848 0.000390625
0.00371094 0.000398396

0.00371094 0.000400521
0.00373869 0.000488281

0.00373848 0.000488281
0.00376027 0.000585938

0.00376011 0.000585937
0.00377364 0.000683594

0.00377352 0.000683594
0.00377935 0.00078125

0.00377927 0.00078125
0.00377783 0.000878906

0.00377738 0.000878906
0.00377399 0.000927734

0.00377398 0.000927734
0.00376886 0.000976562

0.00375977 0.00103822
0.00375346 0.00107422

0.00376886 0.000976563
0.00376201 0.00102539

0.00375977 0.00103855
0.00376196 0.00102539

0.00375347 0.00107422
0.00374322 0.00112305

0.00374322 0.00112305
0.00373125 0.00117187

0.00371094 0.00124173
0.00370218 0.00126953

0.00370218 0.00126953
0.00368507 0.00131836

0.00368497 0.00131836
0.00367576 0.00134277

0.00367576 0.00134277
0.00366611 0.00136719

0.00361328 0.00148473
0.0035989 0.00151367

0.00358887 0.00153256
0.00358596 0.00153809

0.00358596 0.00153809
0.00357266 0.0015625

0.00358887 0.00153255
0.00359879 0.00151367

0.00366211 0.00137694
0.00364559 0.00141602

0.00364559 0.00141602
0.00362315 0.00146484

0.00366211 0.00137703
0.00366618 0.00136719

0.00361328 0.00148491
0.00362306 0.00146484

0.00373124 0.00117188
0.00371755 0.0012207

0.00371094 0.00124201
0.00371746 0.0012207

0.00332031 0.00191858
0.00328978 0.00195312

0.00351563 0.00165876
0.00351478 0.00166016

0.0034668 0.00173174
0.00344857 0.00175781

0.00351473 0.00166016
0.00348268 0.00170898

0.0034668 0.00173191
0.00348257 0.00170898

0.00341797 0.00179909
0.00341233 0.00180664

0.00339355 0.00183059
0.00339319 0.00183105

0.00339316 0.00183105
0.00337365 0.00185547

0.00339355 0.00183052
0.00341212 0.00180664

0.00336914 0.00186105
0.00333299 0.0019043

0.00332031 0.00191886
0.0033328 0.0019043

0.00336914 0.00186111
0.00337372 0.00185547

0.00341797 0.00179898
0.00344858 0.00175781

0.00322266 0.00202354
0.00319532 0.00205078

0.00317383 0.00207171
0.00314412 0.00209961

0.003125 0.00211746
0.00314435 0.00209961

0.00317383 0.00207161
0.00319532 0.00205078

0.00327148 0.0019726
0.00324386 0.00200195

0.00322266 0.00202355
0.00324371 0.00200195

0.00327148 0.00197275
0.00328957 0.00195312

0.00356445 0.00157701
0.00354474 0.00161133

0.00351563 0.00165869
0.00354475 0.00161133

0.00356445 0.00157713
0.00357271 0.0015625

