7.0206e-05 0
7.32422e-05 8.41167e-06

7.32422e-05 9.81654e-07
9.76563e-05 2.42692e-05

9.76563e-05 1.27807e-05
0.00012207 1.27834e-05

0.00012207 1.36481e-05
0.000146484 1.16065e-05

0.000146484 1.22506e-05
0.000170898 1.05572e-05

0.000170898 1.03917e-05
0.000195313 1.26906e-05

0.000195313 1.28183e-05
0.000219727 1.29638e-05

0.000219727 1.20881e-05
0.000244141 1.11887e-05

0.000244141 1.1369e-05
0.000268555 1.32228e-05

0.000268555 1.2557e-05
0.000292969 1.32058e-05

0.000292969 1.26898e-05
0.000317383 1.28022e-05

0.000317383 1.28051e-05
0.000341797 1.31152e-05

0.000341797 1.28919e-05
0.000366211 1.30374e-05

0.000366211 1.29609e-05
0.000390625 1.31658e-05

0.000390625 1.30533e-05
0.000415039 1.31681e-05

0.000415039 1.30895e-05
0.000439453 1.32016e-05

0.000439453 1.31154e-05
0.000463867 1.32669e-05

0.000463867 1.31863e-05
0.000488281 1.33233e-05

0.000488281 1.32017e-05
0.000512695 1.33788e-05

0.000512695 1.33829e-05
0.000537109 1.3384e-05

0.000537109 1.3244e-05
0.000561523 1.33381e-05

0.000561523 1.32355e-05
0.000585937 1.36686e-05

0.000585938 1.35503e-05
0.000610352 1.3668e-05

0.000610352 1.35929e-05
0.000634766 1.34855e-05

0.000634766 1.35061e-05
0.00065918 1.35532e-05

0.00065918 1.33691e-05
0.000683594 1.3779e-05

0.000683594 1.3891e-05
0.000708008 1.37785e-05

0.000708008 1.37492e-05
0.000732422 1.32307e-05

0.000732422 1.33686e-05
0.000756836 1.35326e-05

0.000756836 1.36544e-05
0.00078125 1.35673e-05

0.00078125 1.36091e-05
0.000805664 1.31634e-05

0.000805664 1.33431e-05
0.000830078 1.32254e-05

0.000830078 1.32709e-05
0.000854492 1.33304e-05

0.000854492 1.33999e-05
0.000878906 1.32551e-05

0.000878906 1.33747e-05
0.00090332 1.30166e-05

0.00090332 1.3126e-05
0.000927734 1.30129e-05

0.000927734 1.31113e-05
0.000952148 1.3118e-05

0.000952148 1.31295e-05
0.000976562 1.30191e-05

0.000976562 1.31513e-05
0.00100098 1.29203e-05

0.00100098 1.29803e-05
0.00102539 1.28398e-05

0.00102539 1.313e-05
0.0010498 1.27428e-05

0.0010498 1.26658e-05
0.00107422 1.26107e-05

0.00107422 1.33659e-05
0.00109863 1.243e-05

0.00109863 1.31411e-05
0.00112305 1.08466e-05

0.00112305 1.05171e-05
0.00114746 1.22544e-05

0.00114746 1.31115e-05
0.00117187 1.31483e-05

0.00117188 1.29364e-05
0.00119629 9.88424e-06

0.00119629 9.6266e-06
0.0012207 1.27063e-05

0.0012207 1.33874e-05
0.00124512 1.33971e-05

0.00124512 1.28948e-05
0.00126953 9.45104e-06

0.00126953 9.6409e-06
0.00129395 1.27309e-05

0.00129395 1.30477e-05
0.00131836 1.32376e-05

0.00131836 1.20539e-05
0.00134277 1.05709e-05

0.00134277 1.19714e-05
0.00136719 1.23726e-05

0.00136719 2.31288e-05
0.0013916 1.34893e-08

0.0013916 1.00368e-05
0.0013954 0

0.00146276 0
0.00146484 6.05721e-06

0.00146484 2.75951e-06
0.00148616 2.44141e-05

0.00148683 2.44141e-05
0.00148926 2.52345e-05

0.00148926 1.53711e-05
0.00151367 1.62441e-05

0.00151326 2.44141e-05
0.00151367 2.44201e-05

0.00151367 1.61514e-05
0.00153809 1.52852e-05

0.0015625 2.93598e-06
0.00154123 2.44141e-05

0.00153809 2.52424e-05
0.00154055 2.44141e-05

0 0.00310389
0.000195313 0.00310112

0.000195313 0.00310116
0.000390625 0.00309278

0.000390625 0.00309285
0.000585937 0.00307865

0.000585937 0.00307828
0.000683594 0.00306895

0.000683594 0.00306896
0.00078125 0.00305812

0.00078125 0.00305814
0.000878906 0.00304575

0.000878906 0.00304575
0.000976562 0.0030318

0.00107422 0.00301625
0.00100454 0.00302734

0.000976562 0.00303185
0.00100488 0.00302734

0.00107422 0.00301631
0.00117188 0.00299904

0.00117187 0.00299901
0.00126953 0.00297998

0.00126953 0.00297999
0.00136719 0.00295922

0.0015625 0.00291229
0.00149317 0.00292969

0.00136719 0.00295923
0.00146484 0.00293669

0.00146484 0.00293661
0.0014931 0.00292969

0.0015625 5.8445e-06
0.0015645 0

0.00165537 0
0.00166016 1.14474e-05

0.00166016 1.06199e-05
0.00167602 2.44141e-05

0.00167496 2.44141e-05
0.00168457 2.76934e-05

0.00168457 1.79188e-05
0.00170898 1.75999e-05

0.00168457 2.45038e-05
0.00169779 2.44141e-05

0.0017334 9.762e-06
0.00171744 2.44141e-05

0.00170898 2.76848e-05
0.00171825 2.44141e-05

0.0017334 8.10928e-06
0.00173664 0

0.001805 0
0.00180664 4.72086e-06

0.00181058 0
0.00183105 1.75913e-05

0.00183105 5.16123e-06
0.00185547 7.25218e-06

0.00185547 5.61934e-06
0.00187988 1.07308e-05

0.00187988 6.89163e-06
0.0019043 9.83771e-06

0.0019043 7.69488e-06
0.00192871 1.1428e-05

0.00192871 8.838e-06
0.00195312 1.17423e-05

0.00195312 8.9075e-06
0.00197754 1.34941e-05

0.00197754 1.40106e-05
0.00200195 1.23126e-05

0.00200195 1.66206e-05
0.00202637 3.57304e-06

0.00202637 4.08501e-06
0.00205078 8.17086e-06

0.00205078 8.19968e-06
0.0020752 1.58283e-05

0.0020752 9.09207e-06
0.00209961 1.1601e-05

0.00209961 1.36218e-05
0.00212402 1.35787e-05

0.00212402 1.31593e-05
0.00214844 7.4775e-06

0.00214844 7.08341e-06
0.00217285 1.32294e-05

0.00217285 1.40935e-05
0.00219727 1.40453e-05

0.00219727 1.3218e-05
0.00222168 7.03124e-06

0.00222168 7.00306e-06
0.00224609 1.35978e-05

0.00224609 1.41671e-05
0.00227051 1.41663e-05

0.00227051 1.39908e-05
0.00229492 6.60901e-06

0.00229492 7.42022e-06
0.00231934 1.19528e-05

0.00231934 1.047e-05
0.00234375 1.54035e-05

0.00234375 1.53847e-05
0.00236816 1.0524e-05

0.00236816 1.24116e-05
0.00239258 7.01667e-06

0.00239258 7.02705e-06
0.00241699 1.26609e-05

0.00241699 1.06714e-05
0.00244141 1.5276e-05

0.00244141 1.52346e-05
0.00246582 1.05762e-05

0.00246582 1.23592e-05
0.00249023 7.39792e-06

0.00249023 7.39654e-06
0.00251465 1.26325e-05

0.00251465 1.08036e-05
0.00253906 1.50801e-05

0.00253906 1.50322e-05
0.00256348 1.06909e-05

0.00256348 1.23059e-05
0.00258789 7.80227e-06

0.00258789 7.78484e-06
0.0026123 1.26285e-05

0.0026123 1.10415e-05
0.00263672 1.48057e-05

0.00263672 1.46997e-05
0.00266113 1.07263e-05

0.00266113 1.17846e-05
0.00268555 8.78565e-06

0.00268555 8.07816e-06
0.00270996 1.37293e-05

0.00270996 1.38296e-05
0.00273438 1.38268e-05

0.00273437 1.34774e-05
0.00275879 8.32623e-06

0.00275879 9.07757e-06
0.0027832 1.20789e-05

0.0027832 1.1168e-05
0.00280762 1.4307e-05

0.00280762 1.42572e-05
0.00283203 1.10752e-05

0.00283203 1.19706e-05
0.00285645 9.2736e-06

0.00285645 8.64795e-06
0.00288086 1.33761e-05

0.00288086 1.35061e-05
0.00290527 1.371e-05

0.00290527 1.30626e-05
0.00292969 9.23635e-06

0.00292969 9.33492e-06
0.0029541 1.29646e-05

0.0029541 1.34882e-05
0.00297852 1.34616e-05

0.00297852 1.30009e-05
0.00300293 9.26283e-06

0.00300293 9.22789e-06
0.00302734 1.29424e-05

0.00302734 1.34963e-05
0.00305176 1.35152e-05

0.00305176 1.30932e-05
0.00307617 9.10254e-06

0.00307617 8.88258e-06
0.00310059 1.30438e-05

0.00310059 1.38373e-05
0.003125 1.3674e-05

0.0015625 0.00291222
0.00166016 0.00288568

0.00170898 0.00287152
0.00167643 0.00288086

0.00166016 0.00288567
0.0016769 0.00288086

0.00170898 0.00287156
0.00175781 0.002857

0.00185547 0.00282629
0.00183726 0.00283203

0.00175781 0.00285701
0.00180664 0.00284191

0.00180664 0.00284191
0.00183743 0.00283203

0.00185547 0.0028264
0.00195312 0.00279326

0.00214844 0.00271942
0.00211028 0.00273437

0.00214844 0.00271931
0.00219727 0.00269913

0.00224609 0.00267818
0.00222889 0.00268555

0.00219727 0.00269915
0.00222903 0.00268555

0.00234375 0.00263405
0.00233785 0.00263672

0.00224609 0.00267822
0.00229492 0.00265654

0.00229492 0.00265655
0.002338 0.00263672

0.00200195 0.00277556
0.00198061 0.0027832

0.00195312 0.00279321
0.00198107 0.0027832

0.00200195 0.00277565
0.00205078 0.00275753

0.00205078 0.00275753
0.00209961 0.00273876

0.00209961 0.00273884
0.0021108 0.00273438

0.00288086 0.0023225
0.00285057 0.00234375

0.00292969 0.00228676
0.00291847 0.00229492

0.00288086 0.00232256
0.00291863 0.00229492

0.003125 0.002127
0.00310043 0.00214844

0.00302734 0.00221048
0.0029828 0.00224609

0.00292969 0.00228683
0.00297852 0.00224949

0.00297852 0.00224949
0.00298287 0.00224609

0.00307617 0.00216969
0.00304313 0.00219727

0.00302734 0.00221041
0.00304334 0.00219727

0.00307617 0.00216951
0.00310079 0.00214844

0.00253906 0.00253548
0.00253223 0.00253906

0.00234375 0.00263409
0.00239258 0.00261077

0.00244141 0.00258677
0.00243915 0.00258789

0.00239258 0.00261075
0.00243876 0.00258789

0.00244141 0.00258662
0.00249023 0.00256156

0.00249023 0.00256157
0.00253248 0.00253906

0.00253906 0.00253555
0.00258789 0.00250854

0.00263672 0.00248047
0.00261973 0.00249023

0.00258789 0.00250856
0.00261979 0.00249023

0.00273437 0.00242126
0.00270132 0.00244141

0.00263672 0.00248051
0.00268555 0.00245137

0.00268555 0.0024514
0.00270169 0.00244141

0.0027832 0.00238944
0.00277825 0.00239258

0.00273438 0.00242111
0.00277855 0.00239258

0.0027832 0.00238959
0.00283203 0.00235674

0.00283203 0.00235668
0.00285072 0.00234375

0.003125 1.40772e-05
0.00314941 7.62932e-06

0.00314941 8.19615e-06
0.00317383 1.13506e-05

0.00317383 1.08341e-05
0.00319824 1.45857e-05

0.00319824 1.16566e-05
0.00322266 1.27454e-05

0.00322266 1.23125e-05
0.00324707 1.46111e-05

0.00324707 1.30104e-05
0.00327148 1.47176e-05

0.00327148 1.37734e-05
0.0032959 1.57587e-05

0.0032959 1.45596e-05
0.00332031 1.63591e-05

0.00332031 1.54073e-05
0.00334473 1.71701e-05

0.00334473 1.62144e-05
0.00336914 1.78362e-05

0.00336914 1.69553e-05
0.00339355 1.86396e-05

0.00339355 1.77518e-05
0.00341797 1.95773e-05

0.00341797 1.87215e-05
0.00344238 2.05244e-05

0.00344238 2.02492e-05
0.0034668 2.06856e-05

0.0034668 1.32374e-05
0.00348644 2.44141e-05

0.00348616 2.44141e-05
0.00349121 2.71571e-05

0.00349121 3.35838e-05
0.00350571 4.88281e-05

0.00350761 4.88281e-05
0.00351563 5.79423e-05

0.00351563 5.90524e-05
0.003528 7.32422e-05

0.00352816 7.32422e-05
0.00354004 8.77713e-05

0.00354004 8.71383e-05
0.00354853 9.76563e-05

0.00354842 9.76563e-05
0.00356445 0.00011842

0.00356445 0.000118658
0.00356699 0.00012207

0.00356721 0.00012207
0.00358488 0.000146484

0.00358506 0.000146484
0.00358887 0.000152173

0.00358887 0.000152472
0.00360139 0.000170898

0.00360137 0.000170898
0.00361328 0.000189486

0.00361328 0.000189184
0.00361713 0.000195313

0.00361729 0.000195313
0.00364592 0.000244141

0.00364586 0.000244141
0.00366211 0.000275542

0.00366211 0.000275759
0.00367101 0.000292969

0.00367102 0.000292969
0.00369325 0.000341797

0.0036931 0.000341797
0.00371094 0.000386245

0.00371094 0.000385783
0.00371288 0.000390625

0.00371274 0.000390625
0.00372992 0.000439453

0.00372994 0.000439453
0.00374459 0.000488281

0.00374495 0.000488281
0.00376761 0.000585938

0.00376745 0.000585937
0.00378178 0.000683594

0.00378167 0.000683594
0.0037882 0.00078125

0.00378809 0.00078125
0.00378725 0.000878906

0.00378678 0.000878906
0.00378369 0.000927734

0.00378369 0.000927734
0.00377884 0.000976562

0.00377883 0.000976563
0.00377223 0.00102539

0.00377223 0.00102539
0.00376391 0.00107422

0.00375977 0.0010944
0.00375388 0.00112305

0.00375389 0.00112305
0.00374214 0.00117187

0.00375977 0.00109485
0.00376382 0.00107422

0.00371094 0.00127669
0.00369646 0.00131836

0.00369647 0.00131836
0.00367776 0.00136719

0.00361328 0.00150858
0.00361076 0.00151367

0.00361074 0.00151367
0.00358466 0.0015625

0.00366211 0.00140447
0.00365726 0.00141602

0.00365726 0.00141602
0.00363493 0.00146484

0.00367765 0.00136719
0.00366762 0.0013916

0.00366211 0.00140432
0.00366757 0.0013916

0.00361328 0.00150853
0.00363493 0.00146484

0.00374215 0.00117188
0.00372866 0.0012207

0.00372865 0.0012207
0.00371342 0.00126953

0.00371094 0.00127676
0.00371338 0.00126953

0.00332031 0.00193174
0.00330119 0.00195312

0.0034668 0.00174883
0.00346055 0.00175781

0.00351563 0.00167702
0.00349464 0.00170898

0.00349121 0.00171378
0.00347771 0.0017334

0.0034668 0.00174866
0.00347764 0.0017334

0.00349121 0.00171386
0.00349447 0.00170898

0.00341797 0.00181451
0.00338559 0.00185547

0.00336914 0.00187503
0.00334473 0.0019043

0.00334452 0.0019043
0.00332311 0.00192871

0.00332031 0.00193171
0.00332299 0.00192871

0.00336914 0.00187526
0.00338549 0.00185547

0.00346051 0.00175781
0.00342416 0.00180664

0.00341797 0.00181461
0.00342405 0.00180664

0.00322266 0.0020348
0.00320641 0.00205078

0.00317383 0.00208201
0.00315486 0.00209961

0.003125 0.00212687
0.00315524 0.00209961

0.00317383 0.00208203
0.00320657 0.00205078

0.00327148 0.00198482
0.00325511 0.00200195

0.00322266 0.00203491
0.00325513 0.00200195

0.0032959 0.00195869
0.00327846 0.00197754

0.00327148 0.00198483
0.00327837 0.00197754

0.0032959 0.00195874
0.00330105 0.00195312

0.00356445 0.00159777
0.00355667 0.00161133

0.00355668 0.00161133
0.00352668 0.00166016

0.00358455 0.0015625
0.0035708 0.00158691

0.00356445 0.00159767
0.00357073 0.00158691

0.00351563 0.00167714
0.00352659 0.00166016

