0 6.56349e-05
0.000244141 6.79015e-05

0.000244141 6.57874e-05
0.000366211 6.74654e-05

0.000366211 6.74934e-05
0.000488281 6.96428e-05

0.000488281 6.82018e-05
0.000610352 6.82437e-05

0.000610352 6.84126e-05
0.000732422 6.87862e-05

0.000732422 6.8513e-05
0.000976562 6.84698e-05

0 0.00164771
0.000244141 0.0016472

0.000244141 0.00164699
0.000488281 0.00164585

0.000488281 0.00164616
0.000732422 0.00164417

0.000732422 0.00164394
0.000976562 0.00164093

0.000976562 6.84838e-05
0.00109863 6.83439e-05

0.00109863 6.83272e-05
0.0012207 6.84248e-05

0.0012207 6.86989e-05
0.00134277 6.82746e-05

0.00134277 6.79016e-05
0.00146484 6.82168e-05

0.00146484 7.32052e-05
0.00158691 6.42387e-05

0.00146484 0.000122111
0.00146636 0.00012207

0.00170806 0
0.00158881 0.00012207

0.00170898 4.08129e-05
0.00172367 0

0.000976562 0.0016411
0.0012207 0.00163719

0.0012207 0.00163709
0.00146484 0.00163215

0.00146484 0.0016323
0.00170898 0.00162624

0.00170898 0.00162621
0.00195312 0.0016188

0.00201973 0
0.0020752 0.00010024

0.0020752 9.17313e-05
0.00219727 4.63055e-05

0.00219727 4.14191e-05
0.00221208 0

0.00195312 0.0016189
0.00219727 0.00161

0.00219727 0.00161
0.00244141 0.00159939

0.00244141 0.00159946
0.00268555 0.00158696

0.00268555 0.00158682
0.00280762 0.00157981

0.00280762 0.00157982
0.00292969 0.0015723

0.00292969 0.00157231
0.00305176 0.00156422

0.00305176 0.00156423
0.00317383 0.00155553

0.00317383 0.00155554
0.0032959 0.0015462

0.0032959 0.00154621
0.00341797 0.00153619

0.00341797 0.0015362
0.00354004 0.00152546

0.00354004 0.00152547
0.00366211 0.00151395

0.00366211 0.00151397
0.00378418 0.00150162

0.00378418 0.00150164
0.00390625 0.00148841

0.00415039 0.00145939
0.00410625 0.00146484

0.00415039 0.00145921
0.00427246 0.00144312

0.00427246 0.00144314
0.00439453 0.00142601

0.00390625 0.00148842
0.00402832 0.00147428

0.00402832 0.00147418
0.0041038 0.00146484

0.00439453 0.00142604
0.0045166 0.00140778

0.0045166 0.00140781
0.00463867 0.00138834

0.00463867 0.00138836
0.00476074 0.00136756

0.00476074 0.00136758
0.00488281 0.00134535

0.00550842 0
0.00559356 0.00012207

0.00561523 0.000121039
0.00561713 0.00012207

0.00562446 0.00012207
0.0057373 0.000156746

0.0057373 0.000140799
0.00585938 0.00013772

0.00500488 0.00132171
0.00489676 0.00134277

0.00488281 0.00134423
0.00489028 0.00134277

0.00500488 0.00132163
0.00512695 0.00129619

0.00512695 0.00129623
0.00524902 0.00126902

0.00524902 0.00126906
0.00537109 0.00123993

0.00561523 0.00117593
0.00544632 0.0012207

0.00537109 0.00124014
0.00544713 0.0012207

0.00561523 0.00117631
0.00585938 0.00110195

0.00598145 0.000121023
0.00597953 0.00012207

0.00585938 0.000149333
0.00594777 0.00012207

0.00608945 0
0.00600137 0.00012207

0.00622559 0.000968289
0.00620442 0.000976562

0.00622559 0.000968486
0.00634766 0.000916967

0.00634766 0.000917078
0.00646973 0.000861364

0.0065918 0.000801351
0.0064844 0.000854492

0.00646973 0.00085921
0.00647926 0.000854492

0.00683594 0.000664182
0.00671973 0.000732422

0.0065918 0.000801259
0.00671387 0.00073558

0.00598145 0.00106018
0.00586744 0.00109863

0.00585938 0.0011024
0.00587053 0.00109863

0.00598145 0.00106033
0.00610352 0.00101603

0.00610352 0.00101615
0.00620475 0.000976562

0.00720215 0.00040394
0.00709537 0.000488281

0.00732422 0.000296437
0.00724555 0.000366211

0.00720215 0.000401878
0.00724432 0.000366211

0.00695801 0.000587271
0.00692217 0.000610352

0.00683594 0.000663678
0.00691875 0.000610352

0.00695801 0.000586081
0.00708008 0.000499368

0.00708008 0.00049482
0.00708876 0.000488281

0.00744629 0.000171882
0.00737619 0.000244141

0.00756836 3.88179e-07
0.00751539 0.00012207

0.00744629 0.000174557
0.00749343 0.00012207

0.00732422 0.000296088
0.00737804 0.000244141

