7.0229e-05 0
7.32422e-05 8.35801e-06

7.32422e-05 1.00218e-06
9.76563e-05 2.42936e-05

9.76563e-05 1.27868e-05
0.00012207 1.27971e-05

0.00012207 1.3487e-05
0.000146484 1.18231e-05

0.000146484 1.24173e-05
0.000170898 1.09055e-05

0.000170898 1.08682e-05
0.000195313 1.24749e-05

0.000195313 1.26485e-05
0.000219727 1.27675e-05

0.000219727 1.2001e-05
0.000244141 1.15008e-05

0.000244141 1.15644e-05
0.000268555 1.31879e-05

0.000268555 1.25657e-05
0.000292969 1.31236e-05

0.000292969 1.26874e-05
0.000317383 1.28393e-05

0.000317383 1.28116e-05
0.000341797 1.30907e-05

0.000341797 1.29132e-05
0.000366211 1.3007e-05

0.000366211 1.29297e-05
0.000390625 1.31056e-05

0.000390625 1.30011e-05
0.000415039 1.31693e-05

0.000415039 1.31438e-05
0.000439453 1.31319e-05

0.000439453 1.30359e-05
0.000463867 1.31175e-05

0.000463867 1.30183e-05
0.000488281 1.33742e-05

0.000488281 1.32688e-05
0.000512695 1.33977e-05

0.000512695 1.33486e-05
0.000537109 1.3231e-05

0.000537109 1.31641e-05
0.000561523 1.33318e-05

0.000561523 1.31908e-05
0.000585937 1.36324e-05

0.000585938 1.34734e-05
0.000610352 1.36693e-05

0.000610352 1.36157e-05
0.000634766 1.34968e-05

0.000634766 1.35535e-05
0.00065918 1.34134e-05

0.00065918 1.32737e-05
0.000683594 1.36322e-05

0.000683594 1.36598e-05
0.000708008 1.38371e-05

0.000708008 1.38461e-05
0.000732422 1.33238e-05

0.000732422 1.35608e-05
0.000756836 1.3162e-05

0.000756836 1.32252e-05
0.00078125 1.33611e-05

0.00078125 1.33968e-05
0.000805664 1.35241e-05

0.000805664 1.35673e-05
0.000830078 1.32053e-05

0.000830078 1.33819e-05
0.000854492 1.30109e-05

0.000854492 1.30711e-05
0.000878906 1.31656e-05

0.000878906 1.3248e-05
0.00090332 1.32807e-05

0.00090332 1.33172e-05
0.000927734 1.29667e-05

0.000927734 1.30673e-05
0.000952148 1.29585e-05

0.000952148 1.30854e-05
0.000976562 1.30433e-05

0.000976562 1.30856e-05
0.00100098 1.28803e-05

0.00100098 1.29633e-05
0.00102539 1.28741e-05

0.00102539 1.31175e-05
0.0010498 1.27224e-05

0.0010498 1.26851e-05
0.00107422 1.25978e-05

0.00107422 1.32627e-05
0.00109863 1.24555e-05

0.00109863 1.31347e-05
0.00112305 1.10362e-05

0.00112305 1.07366e-05
0.00114746 1.22025e-05

0.00114746 1.30323e-05
0.00117187 1.30629e-05

0.00117188 1.28814e-05
0.00119629 1.00988e-05

0.00119629 9.84185e-06
0.0012207 1.26609e-05

0.0012207 1.33004e-05
0.00124512 1.33211e-05

0.00124512 1.28248e-05
0.00126953 9.70567e-06

0.00126953 9.93459e-06
0.00129395 1.26715e-05

0.00129395 1.29304e-05
0.00131836 1.31043e-05

0.00131836 1.19373e-05
0.00134277 1.09003e-05

0.00134277 1.21402e-05
0.00136719 1.25299e-05

0.00136719 2.32785e-05
0.0013916 6.72377e-08

0.0013916 1.00401e-05
0.0013954 0

0.00146256 0
0.00146484 6.57277e-06

0.00146484 2.34617e-06
0.00148623 2.44141e-05

0.00148858 2.44141e-05
0.00148926 2.46484e-05

0.00148926 1.53373e-05
0.00151367 1.68289e-05

0.00151367 1.68047e-05
0.00153809 1.52536e-05

0.0015625 2.36066e-06
0.0015411 2.44141e-05

0.00153809 2.47262e-05
0.00153899 2.44141e-05

0 0.00307857
0.000195313 0.00307596

0.000195313 0.00307599
0.000390625 0.0030681

0.000390625 0.00306818
0.000585937 0.00305478

0.000585938 0.00305473
0.00078125 0.00303578

0.000878906 0.00302394
0.000850109 0.00302734

0.00078125 0.0030355
0.000850282 0.00302734

0.000878906 0.00302396
0.000976562 0.0030109

0.000976562 0.0030109
0.00107422 0.00299629

0.00107422 0.00299631
0.00117188 0.0029801

0.00117187 0.00298013
0.00126953 0.00296225

0.00126953 0.00296225
0.00136719 0.00294266

0.00146484 0.00292133
0.00142654 0.00292969

0.00146484 0.00292141
0.0015625 0.00289824

0.00136719 0.00294271
0.00142684 0.00292969

0.0015625 6.41848e-06
0.00156472 0

0.00165535 0
0.00166016 1.15049e-05

0.00166016 1.06084e-05
0.00167603 2.44141e-05

0.00167494 2.44141e-05
0.00168457 2.77023e-05

0.00168457 1.79551e-05
0.00170898 1.76107e-05

0.00168457 2.45088e-05
0.00169739 2.44141e-05

0.0017334 9.70113e-06
0.00171742 2.44141e-05

0.00170898 2.76748e-05
0.0017182 2.44141e-05

0.0017334 8.0242e-06
0.0017366 0

0.001805 0
0.00180664 4.72296e-06

0.00181034 0
0.00183105 1.77706e-05

0.00183105 5.51418e-06
0.00185547 7.13407e-06

0.00185547 5.71803e-06
0.00187988 1.06145e-05

0.00187988 6.91823e-06
0.0019043 9.8825e-06

0.0019043 7.72578e-06
0.00192871 1.14018e-05

0.00192871 8.85024e-06
0.00195312 1.17475e-05

0.00195312 8.91251e-06
0.00197754 1.34874e-05

0.00197754 1.40099e-05
0.00200195 1.23173e-05

0.00200195 1.66244e-05
0.00202637 3.57431e-06

0.00202637 4.07963e-06
0.00205078 8.17519e-06

0.00205078 8.22818e-06
0.0020752 1.5815e-05

0.0020752 9.06912e-06
0.00209961 1.15745e-05

0.00209961 1.36036e-05
0.00212402 1.3605e-05

0.00212402 1.31535e-05
0.00214844 7.49198e-06

0.00214844 7.08947e-06
0.00217285 1.32519e-05

0.00217285 1.41311e-05
0.00219727 1.40451e-05

0.00219727 1.32431e-05
0.00222168 6.98454e-06

0.00222168 6.96022e-06
0.00224609 1.3595e-05

0.00224609 1.4168e-05
0.00227051 1.41844e-05

0.00227051 1.40073e-05
0.00229492 6.56983e-06

0.00229492 7.38666e-06
0.00231934 1.19446e-05

0.00231934 1.045e-05
0.00234375 1.54238e-05

0.00234375 1.54079e-05
0.00236816 1.05104e-05

0.00236816 1.24064e-05
0.00239258 6.97511e-06

0.00239258 6.98865e-06
0.00241699 1.26751e-05

0.00241699 1.06627e-05
0.00244141 1.5292e-05

0.00244141 1.5255e-05
0.00246582 1.05645e-05

0.00246582 1.23573e-05
0.00249023 7.36511e-06

0.00249023 7.36664e-06
0.00251465 1.26407e-05

0.00251465 1.07941e-05
0.00253906 1.50941e-05

0.00253906 1.5051e-05
0.00256348 1.06814e-05

0.00256348 1.23078e-05
0.00258789 7.76789e-06

0.00258789 7.75668e-06
0.0026123 1.26284e-05

0.0026123 1.10219e-05
0.00263672 1.48198e-05

0.00263672 1.47249e-05
0.00266113 1.07165e-05

0.00266113 1.1789e-05
0.00268555 8.73071e-06

0.00268555 8.00752e-06
0.00270996 1.37494e-05

0.00270996 1.38646e-05
0.00273438 1.38477e-05

0.00273437 1.35479e-05
0.00275879 8.18616e-06

0.00275879 8.94763e-06
0.0027832 1.2019e-05

0.0027832 1.10615e-05
0.00280762 1.44106e-05

0.00280762 1.43905e-05
0.00283203 1.10265e-05

0.00283203 1.19901e-05
0.00285645 9.01253e-06

0.00285645 8.34597e-06
0.00288086 1.34443e-05

0.00288086 1.36022e-05
0.00290527 1.38037e-05

0.00290527 1.32261e-05
0.00292969 8.83563e-06

0.00292969 8.84373e-06
0.0029541 1.29669e-05

0.0029541 1.36297e-05
0.00297852 1.36663e-05

0.00297852 1.32555e-05
0.00300293 8.60419e-06

0.00300293 8.46195e-06
0.00302734 1.29635e-05

0.00302734 1.37236e-05
0.00305176 1.38052e-05

0.00305176 1.33961e-05
0.00307617 8.13856e-06

0.00307617 7.85539e-06
0.00310059 1.31014e-05

0.00310059 1.41593e-05
0.003125 1.39319e-05

0.0015625 0.00289826
0.00166016 0.00287309

0.00166016 0.00287308
0.00175781 0.0028459

0.00185547 0.00281669
0.00180432 0.00283203

0.00175781 0.0028458
0.00180468 0.00283203

0.00185547 0.0028167
0.00195312 0.00278509

0.00214844 0.00271461
0.00209564 0.00273437

0.00214844 0.00271463
0.00224609 0.0026753

0.00234375 0.00263295
0.00233504 0.00263672

0.00224609 0.00267515
0.00229492 0.00265441

0.00229492 0.00265441
0.00233507 0.00263672

0.00195313 0.00278509
0.00205078 0.00275108

0.00205078 0.00275114
0.00209556 0.00273438

0.00288086 0.00233389
0.00286611 0.00234375

0.00288086 0.00233397
0.00292969 0.00229962

0.003125 0.00214535
0.00312142 0.00214844

0.00302734 0.00222633
0.00300129 0.00224609

0.00297852 0.00226376
0.00293612 0.00229492

0.00292969 0.0022996
0.00293623 0.00229492

0.00297852 0.00226368
0.00300181 0.00224609

0.00307617 0.00218672
0.00306316 0.00219727

0.00302734 0.00222631
0.0030634 0.00219727

0.00307617 0.00218695
0.00312164 0.00214844

0.00253906 0.00253848
0.0025379 0.00253906

0.00234375 0.00263313
0.00244141 0.00258763

0.00244141 0.00258746
0.00249023 0.00256344

0.00249023 0.00256344
0.00253796 0.00253906

0.00253906 0.00253879
0.00263672 0.00248592

0.00273437 0.00242868
0.00271263 0.00244141

0.00263672 0.00248572
0.00268555 0.00245776

0.00268555 0.00245784
0.00271313 0.00244141

0.00273438 0.00242868
0.0027832 0.00239838

0.00283203 0.00236685
0.00279223 0.00239258

0.0027832 0.00239832
0.0027923 0.00239258

0.00283203 0.0023669
0.00286637 0.00234375

0.003125 1.43536e-05
0.00314941 6.29955e-06

0.00314941 6.67897e-06
0.00317383 1.1754e-05

0.00317383 1.06772e-05
0.00319824 1.57959e-05

0.00319824 1.18362e-05
0.00322266 1.33452e-05

0.00322266 1.28756e-05
0.00324707 1.57706e-05

0.00324707 1.37839e-05
0.00327148 1.5828e-05

0.00327148 1.48903e-05
0.0032959 1.71012e-05

0.0032959 1.58351e-05
0.00332031 1.76116e-05

0.00332031 1.68343e-05
0.00334473 1.84104e-05

0.00334473 1.77176e-05
0.00336914 1.87504e-05

0.00336914 1.77143e-05
0.00339355 1.95817e-05

0.00339355 1.86975e-05
0.00341797 2.15052e-05

0.00341797 2.04478e-05
0.00344238 2.24637e-05

0.00344238 2.17941e-05
0.0034668 2.244e-05

0.00346565 2.44141e-05
0.0034668 2.44361e-05

0.0034668 1.64513e-05
0.00348278 2.44141e-05

0.00348353 2.44141e-05
0.00349121 2.81548e-05

0.00349121 3.38123e-05
0.00350644 4.88281e-05

0.00350766 4.88281e-05
0.00351563 5.75792e-05

0.00351563 5.85865e-05
0.00352881 7.32422e-05

0.00352903 7.32422e-05
0.00354004 8.61122e-05

0.00354004 8.55611e-05
0.00355022 9.76563e-05

0.00355019 9.76563e-05
0.00356445 0.000115402

0.00356445 0.000115801
0.00356932 0.00012207

0.00356969 0.00012207
0.00358812 0.000146484

0.0035884 0.000146484
0.00358887 0.000147137

0.00358887 0.000147583
0.00360541 0.000170898

0.00360524 0.000170898
0.00361328 0.000182913

0.00361328 0.000182469
0.00362182 0.000195313

0.00362195 0.000195313
0.00365187 0.000244141

0.00365191 0.000244141
0.00366211 0.000262969

0.00366211 0.000263384
0.00367813 0.000292969

0.00367814 0.000292969
0.00370146 0.000341797

0.0037012 0.000341797
0.00371094 0.000364891

0.00371094 0.000365175
0.00372246 0.000390625

0.00372254 0.000390625
0.00375618 0.000488281

0.00375589 0.000488281
0.0037801 0.000585938

0.00377992 0.000585937
0.00379563 0.000683594

0.00379551 0.000683594
0.00380332 0.00078125

0.00380325 0.00078125
0.00380354 0.000878906

0.00380345 0.000878906
0.00379654 0.000976562

0.00379609 0.000976563
0.00379 0.00102539

0.00379 0.00102539
0.00378215 0.00107422

0.00378215 0.00107422
0.00377257 0.00112305

0.00377257 0.00112305
0.00376125 0.00117187

0.00371094 0.00133394
0.00369842 0.00136719

0.00361328 0.00154964
0.00360647 0.0015625

0.00366211 0.00145177
0.00365621 0.00146484

0.00369842 0.00136719
0.00367823 0.00141602

0.00367812 0.00141602
0.00366734 0.00144043

0.00366211 0.00145166
0.00366728 0.00144043

0.00365622 0.00146484
0.0036323 0.00151367

0.00361328 0.0015496
0.0036323 0.00151367

0.00375977 0.00117741
0.00374819 0.0012207

0.00374821 0.0012207
0.00373339 0.00126953

0.00375977 0.00117752
0.00376122 0.00117188

0.00373338 0.00126953
0.00371679 0.00131836

0.00371094 0.0013339
0.00371679 0.00131836

0.00351563 0.00171089
0.00348289 0.00175781

0.00341797 0.001843
0.00340805 0.00185547

0.00336914 0.00190175
0.00336695 0.0019043

0.00336707 0.0019043
0.00332349 0.00195312

0.00336914 0.0019018
0.00340809 0.00185547

0.0034668 0.00177951
0.00344665 0.00180664

0.00341797 0.00184294
0.00344665 0.00180664

0.0034668 0.00177968
0.00348278 0.00175781

0.003125 0.00214562
0.00317383 0.0021021

0.00322266 0.00205628
0.00317654 0.00209961

0.00317383 0.0021021
0.00317654 0.00209961

0.00327148 0.00200784
0.00322828 0.00205078

0.00332031 0.0019565
0.00327728 0.00200195

0.00327148 0.00200779
0.00327719 0.00200195

0.00322266 0.00205627
0.00322832 0.00205078

0.00332031 0.00195656
0.00332348 0.00195312

0.00356445 0.00163462
0.00354885 0.00166016

0.00360646 0.0015625
0.00357865 0.00161133

0.00356445 0.00163481
0.00357854 0.00161133

0.00354886 0.00166016
0.00351695 0.00170898

0.00351563 0.00171092
0.00351692 0.00170898

