0 6.76057e-05
0.000244141 6.76502e-05

0.000244141 6.75011e-05
0.000488281 6.77876e-05

0.000488281 6.79662e-05
0.000610352 6.77932e-05

0.000610352 6.75211e-05
0.000732422 6.76548e-05

0.000732422 6.79682e-05
0.000854492 6.79891e-05

0.000854492 6.75243e-05
0.000976562 6.76824e-05

0 0.00164967
0.000244141 0.00164919

0.000244141 0.00164917
0.000488281 0.00164775

0.000488281 0.0016477
0.000732422 0.0016455

0.000732422 0.00164561
0.000976562 0.00164253

0.000976562 6.8139e-05
0.00109863 6.80525e-05

0.00109863 6.74453e-05
0.0012207 6.76332e-05

0.0012207 6.83471e-05
0.00134277 6.81228e-05

0.00134277 6.73592e-05
0.00146484 6.7387e-05

0.00146484 7.24081e-05
0.00158691 6.4103e-05

0.00170808 0
0.00158846 0.00012207

0.00170898 4.08089e-05
0.00172368 0

0.000976562 0.00164248
0.0012207 0.00163839

0.0012207 0.00163841
0.00146484 0.00163335

0.00146484 0.00163342
0.00170898 0.00162722

0.00170898 0.00162722
0.00195312 0.00161974

0.00201969 0
0.0020752 0.000100277

0.0020752 9.16941e-05
0.00219727 4.63614e-05

0.00219727 4.18394e-05
0.00221225 0

0.00195312 0.00161982
0.00219727 0.0016109

0.00219727 0.00161092
0.00244141 0.00160035

0.00244141 0.00160045
0.00268555 0.00158798

0.00268555 0.00158796
0.00292969 0.00157344

0.00292969 0.00157331
0.00305176 0.0015653

0.00305176 0.00156532
0.00317383 0.00155678

0.00317383 0.0015568
0.0032959 0.00154766

0.0032959 0.00154766
0.00341797 0.00153788

0.00341797 0.00153789
0.00354004 0.00152741

0.00354004 0.00152742
0.00366211 0.00151621

0.00366211 0.00151623
0.00378418 0.00150423

0.00378418 0.00150424
0.00390625 0.00149141

0.00415039 0.00146307
0.00413562 0.00146484

0.00415039 0.00146306
0.00427246 0.00144738

0.00427246 0.0014474
0.00439453 0.00143065

0.00390625 0.00149142
0.00402832 0.00147769

0.00402832 0.0014777
0.00413533 0.00146484

0.00439453 0.00143067
0.0045166 0.00141274

0.0045166 0.00141277
0.00463867 0.00139355

0.00463867 0.00139359
0.00476074 0.00137295

0.00476074 0.00137299
0.00488281 0.0013508

0.00548389 0
0.00549316 2.58988e-05

0.00549316 2.42399e-05
0.00556533 0.00012207

0.0055635 0.00012207
0.00561523 0.000153948

0.00561523 0.000137114
0.0057373 0.000165741

0.0057373 0.000169449
0.00585938 0.000144872

0.00500488 0.00132705
0.00492455 0.00134277

0.00488281 0.00135061
0.00492287 0.00134277

0.00500488 0.00132698
0.00512695 0.00130124

0.00512695 0.00130128
0.00524902 0.00127355

0.00524902 0.00127359
0.00537109 0.0012437

0.00561523 0.00117749
0.00545821 0.0012207

0.00537109 0.00124383
0.00545883 0.0012207

0.00561523 0.00117761
0.00585938 0.00109968

0.00598145 4.95284e-05
0.00591449 0.00012207

0.00585938 0.000125676
0.00586584 0.00012207

0.00598145 0.000100899
0.00603232 0

0.00634766 0.000908722
0.00618549 0.000976562

0.00634766 0.000909731
0.0065918 0.000791933

0.00671387 0.000725261
0.00670056 0.000732422

0.00671387 0.000725661
0.00683594 0.000654355

0.0065918 0.000791136
0.00670091 0.000732422

0.00585938 0.00109983
0.00610352 0.00101037

0.00610352 0.00101008
0.0061866 0.000976562

0.00732422 0.000290643
0.00708871 0.000488281

0.00695801 0.000577623
0.00690676 0.000610352

0.00683594 0.000653929
0.00690417 0.000610352

0.00695801 0.000576985
0.00708008 0.000491178

0.00744629 0.000167602
0.00737117 0.000244141

0.00756564 0
0.00751165 0.00012207

0.00744629 0.0001683
0.00748815 0.00012207

0.00732422 0.000290612
0.00737334 0.000244141

