7.02631e-05 0
7.32422e-05 8.28055e-06

7.32422e-05 1.20137e-06
9.76563e-05 2.42758e-05

9.76563e-05 1.26955e-05
0.00012207 1.26807e-05

0.00012207 1.33391e-05
0.000146484 1.21175e-05

0.000146484 1.27254e-05
0.000170898 1.0983e-05

0.000170898 1.11139e-05
0.000195313 1.20579e-05

0.000195313 1.19396e-05
0.000219727 1.2993e-05

0.000219727 1.21786e-05
0.000244141 1.23971e-05

0.000244141 1.23433e-05
0.000268555 1.28855e-05

0.000268555 1.25218e-05
0.000292969 1.27969e-05

0.000292969 1.26523e-05
0.000317383 1.29577e-05

0.000317383 1.27682e-05
0.000341797 1.29769e-05

0.000341797 1.28582e-05
0.000366211 1.30452e-05

0.000366211 1.2935e-05
0.000390625 1.30745e-05

0.000390625 1.30028e-05
0.000415039 1.30988e-05

0.000415039 1.30178e-05
0.000439453 1.31286e-05

0.000439453 1.30609e-05
0.000463867 1.3199e-05

0.000463867 1.31164e-05
0.000488281 1.32281e-05

0.000488281 1.31581e-05
0.000512695 1.32624e-05

0.000512695 1.31979e-05
0.000537109 1.32971e-05

0.000537109 1.32018e-05
0.000561523 1.33622e-05

0.000561523 1.3283e-05
0.000585937 1.34449e-05

0.000585938 1.32953e-05
0.000610352 1.35048e-05

0.000610352 1.34699e-05
0.000634766 1.35652e-05

0.000634766 1.35252e-05
0.00065918 1.34151e-05

0.00065918 1.33671e-05
0.000683594 1.3506e-05

0.000683594 1.35527e-05
0.000708008 1.35923e-05

0.000708008 1.35772e-05
0.000732422 1.33543e-05

0.000732422 1.3486e-05
0.000756836 1.33308e-05

0.000756836 1.34083e-05
0.00078125 1.32959e-05

0.00078125 1.33836e-05
0.000805664 1.32691e-05

0.000805664 1.33475e-05
0.000830078 1.31901e-05

0.000830078 1.32733e-05
0.000854492 1.31513e-05

0.000854492 1.32489e-05
0.000878906 1.31125e-05

0.000878906 1.31871e-05
0.00090332 1.30413e-05

0.00090332 1.31205e-05
0.000927734 1.3032e-05

0.000927734 1.31002e-05
0.000952148 1.30018e-05

0.000952148 1.30595e-05
0.000976562 1.29528e-05

0.000976562 1.30544e-05
0.00100098 1.2896e-05

0.00100098 1.29494e-05
0.00102539 1.28386e-05

0.00102539 1.30699e-05
0.0010498 1.27242e-05

0.0010498 1.26996e-05
0.00107422 1.26038e-05

0.00107422 1.31766e-05
0.00109863 1.24838e-05

0.00109863 1.31158e-05
0.00112305 1.12325e-05

0.00112305 1.09883e-05
0.00114746 1.21648e-05

0.00114746 1.29771e-05
0.00117187 1.29222e-05

0.00117188 1.27444e-05
0.00119629 1.03352e-05

0.00119629 1.00961e-05
0.0012207 1.26837e-05

0.0012207 1.32947e-05
0.00124512 1.31441e-05

0.00124512 1.26344e-05
0.00126953 9.94337e-06

0.00126953 1.02377e-05
0.00129395 1.27268e-05

0.00129395 1.28941e-05
0.00131836 1.28881e-05

0.00131836 1.17786e-05
0.00134277 1.11779e-05

0.00134277 1.225e-05
0.00136719 1.27392e-05

0.00136719 2.34426e-05
0.0013916 1.58699e-07

0.0013916 1.00095e-05
0.00139538 0

0.00146261 0
0.00146484 6.47583e-06

0.00146484 2.68953e-06
0.0014862 2.44141e-05

0.00148652 2.44141e-05
0.00148926 2.53405e-05

0.00148926 1.5253e-05
0.00151367 1.64372e-05

0.00151332 2.44141e-05
0.00151367 2.44211e-05

0.00151367 1.64437e-05
0.00153809 1.54339e-05

0.00151367 2.44356e-05
0.00151496 2.44141e-05

0.0015625 2.68166e-06
0.00154126 2.44141e-05

0.00153809 2.54644e-05
0.00154117 2.44141e-05

0 0.00306271
0.000390625 0.00305263

0.000390625 0.00305147
0.000585937 0.00303882

0.000585938 0.00303885
0.00078125 0.00302086

0.00078125 0.00302091
0.000976562 0.00299741

0.000976562 0.00299713
0.00107422 0.00298325

0.00107422 0.00298324
0.00117188 0.0029678

0.00117187 0.00296782
0.00126953 0.00295079

0.00126953 0.00295079
0.00136719 0.00293214

0.0015625 0.00289003
0.00138109 0.00292969

0.00136719 0.0029323
0.00137973 0.00292969

0.0015625 6.05741e-06
0.00156458 0

0.00165534 0
0.00166016 1.1512e-05

0.00166016 1.06016e-05
0.00167603 2.44141e-05

0.00167494 2.44141e-05
0.00168457 2.77036e-05

0.00168457 1.79743e-05
0.00170898 1.76124e-05

0.00168457 2.45121e-05
0.00169716 2.44141e-05

0.0017334 9.66135e-06
0.0017174 2.44141e-05

0.00170898 2.76673e-05
0.00171817 2.44141e-05

0.0017334 7.95834e-06
0.00173657 0

0.001805 0
0.00180664 4.72526e-06

0.00181007 0
0.00183105 1.79723e-05

0.00183105 5.91036e-06
0.00185547 7.00363e-06

0.00185547 5.82642e-06
0.00187988 1.04843e-05

0.00187988 6.94739e-06
0.0019043 9.9362e-06

0.0019043 7.762e-06
0.00192871 1.13731e-05

0.00192871 8.86671e-06
0.00195312 1.17528e-05

0.00195312 8.91439e-06
0.00197754 1.34823e-05

0.00197754 1.40163e-05
0.00200195 1.23257e-05

0.00200195 1.66242e-05
0.00202637 3.57334e-06

0.00202637 4.10796e-06
0.00205078 8.1569e-06

0.00205078 8.17006e-06
0.0020752 1.58266e-05

0.0020752 9.09926e-06
0.00209961 1.16321e-05

0.00209961 1.36559e-05
0.00212402 1.35451e-05

0.00212402 1.31327e-05
0.00214844 7.45377e-06

0.00214844 7.03919e-06
0.00217285 1.32846e-05

0.00217285 1.4178e-05
0.00219727 1.40357e-05

0.00219727 1.31588e-05
0.00222168 6.97674e-06

0.00222168 6.98728e-06
0.00224609 1.36998e-05

0.00224609 1.42924e-05
0.00227051 1.40807e-05

0.00227051 1.39425e-05
0.00229492 6.46173e-06

0.00229492 7.30858e-06
0.00231934 1.2024e-05

0.00231934 1.04448e-05
0.00234375 1.54281e-05

0.00234375 1.54288e-05
0.00236816 1.05042e-05

0.00236816 1.2412e-05
0.00239258 6.93316e-06

0.00239258 6.95136e-06
0.00241699 1.26792e-05

0.00241699 1.06461e-05
0.00244141 1.53123e-05

0.00244141 1.52825e-05
0.00246582 1.05521e-05

0.00246582 1.23662e-05
0.00249023 7.30776e-06

0.00249023 7.31382e-06
0.00251465 1.26408e-05

0.00251465 1.0766e-05
0.00253906 1.51245e-05

0.00253906 1.50911e-05
0.00256348 1.0665e-05

0.00256348 1.23326e-05
0.00258789 7.67157e-06

0.00258789 7.66342e-06
0.0026123 1.2617e-05

0.0026123 1.09666e-05
0.00263672 1.4882e-05

0.00263672 1.47958e-05
0.00266113 1.0695e-05

0.00266113 1.18701e-05
0.00268555 8.5344e-06

0.00268555 7.7764e-06
0.00270996 1.37161e-05

0.00270996 1.37892e-05
0.00273438 1.40104e-05

0.00273437 1.37177e-05
0.00275879 8.07335e-06

0.00275879 8.8222e-06
0.0027832 1.18809e-05

0.0027832 1.09232e-05
0.00280762 1.45718e-05

0.00280762 1.45796e-05
0.00283203 1.09676e-05

0.00283203 1.20288e-05
0.00285645 8.66845e-06

0.00285645 7.96039e-06
0.00288086 1.35295e-05

0.00288086 1.37445e-05
0.00290527 1.38964e-05

0.00290527 1.33538e-05
0.00292969 8.34028e-06

0.00292969 8.29948e-06
0.0029541 1.302e-05

0.0029541 1.3782e-05
0.00297852 1.38386e-05

0.00297852 1.34203e-05
0.00300293 7.97487e-06

0.00300293 7.75744e-06
0.00302734 1.30791e-05

0.00302734 1.40085e-05
0.00305176 1.40045e-05

0.00305176 1.3826e-05
0.00307617 7.00524e-06

0.00307617 6.77264e-06
0.00310059 1.2918e-05

0.00310059 1.41042e-05
0.003125 1.41499e-05

0.0015625 0.00288962
0.00166016 0.00286549

0.00166016 0.00286551
0.00175781 0.00283938

0.00185547 0.00281118
0.00178334 0.00283203

0.00175781 0.00283943
0.00178339 0.00283203

0.00185547 0.00281124
0.00195312 0.00278071

0.00214844 0.00271241
0.00208789 0.00273437

0.00214844 0.00271248
0.00224609 0.00267431

0.00234375 0.00263315
0.00233527 0.00263672

0.00224609 0.00267416
0.00229492 0.002654

0.00229492 0.002654
0.00233525 0.00263672

0.00195313 0.0027807
0.00205078 0.00274779

0.00205078 0.00274789
0.00208804 0.00273438

0.00292969 0.00230828
0.00287705 0.00234375

0.00302734 0.00223612
0.003014 0.00224609

0.00297852 0.00227288
0.00294782 0.00229492

0.00292969 0.00230797
0.00294821 0.00229492

0.00297852 0.00227303
0.00301433 0.00224609

0.00302734 0.00223627
0.00307617 0.00219777

0.003125 0.00215738
0.00307685 0.00219727

0.00307617 0.00219777
0.00307679 0.00219727

0.00234375 0.00263331
0.00244141 0.00258901

0.00249023 0.00256544
0.00244339 0.00258789

0.00244141 0.00258908
0.00244388 0.00258789

0.00249023 0.00256543
0.00253906 0.00254112

0.00263672 0.00248991
0.00254356 0.00253906

0.00273437 0.00243396
0.00272133 0.00244141

0.00263672 0.00248971
0.00268555 0.00246243

0.00268555 0.0024625
0.00272182 0.00244141

0.00253906 0.00254121
0.00254322 0.00253906

0.00273438 0.0024344
0.00283203 0.0023739

0.00283203 0.00237368
0.0028775 0.00234375

0.003125 1.28003e-05
0.00314941 6.95027e-06

0.00314941 7.15024e-06
0.00317383 1.40025e-05

0.00317383 1.20457e-05
0.00319824 1.61483e-05

0.00319824 1.28048e-05
0.00322266 1.42043e-05

0.00322266 1.38784e-05
0.00324707 1.64664e-05

0.00324707 1.46622e-05
0.00327148 1.65484e-05

0.00327148 1.56125e-05
0.0032959 1.79865e-05

0.0032959 1.66424e-05
0.00332031 1.89104e-05

0.00332031 1.78914e-05
0.00334473 2.01271e-05

0.00334473 1.91069e-05
0.00336914 2.09173e-05

0.00336914 2.00839e-05
0.00339355 2.15554e-05

0.00339355 2.08202e-05
0.00341797 2.21472e-05

0.00341797 2.15441e-05
0.00344238 2.27491e-05

0.00344238 2.24308e-05
0.0034668 2.29466e-05

0.0034668 1.75155e-05
0.00348143 2.44141e-05

0.00348308 2.44141e-05
0.00349121 2.82009e-05

0.00349121 3.38046e-05
0.00350694 4.88281e-05

0.00350797 4.88281e-05
0.00351563 5.70629e-05

0.00351563 5.79514e-05
0.00355178 9.76563e-05

0.00355147 9.76563e-05
0.00356445 0.000113477

0.00356445 0.000113764
0.00357105 0.00012207

0.00357137 0.00012207
0.00358887 0.000144762

0.00358887 0.000144891
0.00359006 0.000146484

0.00359017 0.000146484
0.00360788 0.000170898

0.00360767 0.000170898
0.00361328 0.000179137

0.00361328 0.000178731
0.00362464 0.000195313

0.00362478 0.000195313
0.00365541 0.000244141

0.00365556 0.000244141
0.00366211 0.000255928

0.00366211 0.000256521
0.00368235 0.000292969

0.00368235 0.000292969
0.0037063 0.000341797

0.00370592 0.000341797
0.00371094 0.000353382

0.00371094 0.000353862
0.00372804 0.000390625

0.00372796 0.000390625
0.00376269 0.000488281

0.00376241 0.000488281
0.0037876 0.000585938

0.00378741 0.000585937
0.003804 0.000683594

0.00380388 0.000683594
0.00380859 0.000737021

0.00380859 0.000737421
0.00381246 0.00078125

0.00380859 0.000955083
0.00380723 0.000976562

0.00381197 0.00078125
0.00381342 0.000830078

0.00381341 0.000830078
0.00381301 0.000878906

0.003813 0.000878906
0.00381079 0.000927734

0.00380859 0.000951906
0.00381058 0.000927734

0.0038072 0.000976562
0.00379392 0.00107422

0.00379349 0.00107422
0.00378423 0.00112305

0.00378423 0.00112305
0.00377322 0.00117187

0.00371094 0.00136856
0.00369154 0.00141602

0.00369155 0.00141602
0.00366974 0.00146484

0.00366211 0.00148061
0.00364606 0.00151367

0.00364606 0.00151367
0.00362041 0.0015625

0.00366211 0.00148074
0.00366967 0.00146484

0.00375977 0.00122303
0.00374592 0.00126953

0.00377322 0.00117188
0.00376046 0.0012207

0.00375977 0.00122304
0.00376046 0.0012207

0.00374593 0.00126953
0.00372961 0.00131836

0.00372961 0.00131836
0.00371149 0.00136719

0.00371094 0.00136856
0.0037115 0.00136719

0.00351563 0.00173162
0.00349739 0.00175781

0.00336914 0.00191826
0.00333813 0.00195312

0.00341797 0.00186102
0.00338162 0.0019043

0.00336914 0.00191856
0.00338146 0.0019043

0.0034668 0.00179917
0.00346122 0.00180664

0.00346119 0.00180664
0.0034226 0.00185547

0.0034668 0.00179903
0.00349739 0.00175781

0.00341797 0.00186107
0.00342253 0.00185547

0.00317383 0.00211484
0.00313529 0.00214844

0.00322266 0.00207009
0.00319039 0.00209961

0.00317383 0.00211477
0.00319067 0.00209961

0.00327148 0.00202241
0.00324257 0.00205078

0.00332031 0.00197203
0.00329186 0.00200195

0.00327148 0.00202248
0.00329173 0.00200195

0.00322266 0.00207002
0.00324282 0.00205078

0.003125 0.00215737
0.00313547 0.00214844

0.00332031 0.00197208
0.00333788 0.00195312

0.00356445 0.00165802
0.00356317 0.00166016

0.00361328 0.00157513
0.00359279 0.00161133

0.00356445 0.00165796
0.0035928 0.00161133

0.00356314 0.00166016
0.00353135 0.00170898

0.00351563 0.00173167
0.00353131 0.00170898

0.00361328 0.00157511
0.00362041 0.0015625

