0 0.186825
0.000244141 0.186836

0.000244141 0.186837
0.000366211 0.186852

0.000366211 0.186852
0.000488281 0.186872

0.000488281 0.186872
0.000573765 0.18689

0.000573783 0.18689
0.000610352 0.186897

0.000610352 0.186897
0.000732422 0.186929

0.000732422 0.186929
0.000854492 0.186967

0.000854492 0.186967
0.000976562 0.187011

0.000976562 0.187011
0.00097759 0.187012

0.000977614 0.187012
0.00109863 0.187063

0.00109863 0.187063
0.0012207 0.187121

0.0012207 0.187121
0.00124348 0.187134

0.00124347 0.187134
0.00134277 0.187188

0.00134277 0.187188
0.00145085 0.187256

0.00145081 0.187256
0.00146484 0.187265

0.00146484 0.187264
0.00158691 0.187351

0.00158691 0.187351
0.00162135 0.187378

0.0016205 0.187378
0.00170898 0.18745

0.00170898 0.18745
0.0017651 0.1875

0.00176452 0.1875
0.00183105 0.187563

0.00183105 0.187563
0.00188905 0.187622

0.00188925 0.187622
0.00195312 0.187694

0.00134277 0.19136
0.00126266 0.191406

0.00146484 0.19128
0.00145894 0.191284

0.00134277 0.19136
0.0014589 0.191284

0.00195312 0.190839
0.00188389 0.190918

0.00170898 0.191089
0.0016192 0.191162

0.00146484 0.191281
0.00158691 0.19119

0.00158691 0.191189
0.00162035 0.191162

0.00183105 0.190973
0.00176117 0.19104

0.00170898 0.191087
0.00176075 0.19104

0.00183105 0.190972
0.00188252 0.190918

0.00195312 0.187693
0.00199635 0.187744

0.00199683 0.187744
0.0020752 0.187845

0.0020752 0.187846
0.00209037 0.187866

0.00209098 0.187866
0.00217382 0.187988

0.00217277 0.187988
0.00219727 0.18803

0.00219727 0.188028
0.00224621 0.18811

0.00224562 0.18811
0.00230894 0.188232

0.00230785 0.188232
0.00231934 0.188258

0.00231934 0.188255
0.00236393 0.188354

0.00236338 0.188354
0.00241001 0.188477

0.0024097 0.188477
0.00244141 0.188574

0.00244141 0.188573
0.00244964 0.188599

0.00244966 0.188599
0.00248186 0.188721

0.00248149 0.188721
0.00250641 0.188843

0.00250638 0.188843
0.00252482 0.188965

0.00252481 0.188965
0.00253686 0.189087

0.00253685 0.189087
0.00254258 0.189209

0.00254257 0.189209
0.00254201 0.189331

0.00254202 0.189331
0.00253515 0.189453

0.00244141 0.189958
0.00236045 0.190186

0.00231934 0.190272
0.0023033 0.190308

0.00230327 0.190308
0.0022395 0.19043

0.00231934 0.19027
0.00235774 0.190186

0.00253516 0.189453
0.00252196 0.189575

0.00252197 0.189575
0.00250239 0.189697

0.00250239 0.189697
0.00247643 0.189819

0.00247629 0.189819
0.00244425 0.189941

0.00244141 0.189948
0.00244337 0.189941

0.00219727 0.190502
0.00208696 0.190674

0.0020752 0.190687
0.0019907 0.190796

0.00195312 0.190839
0.00198927 0.190796

0.0020752 0.190684
0.00208296 0.190674

0.00219727 0.1905
0.00223909 0.19043

0 0.19174
0.00012207 0.191738

0.00012207 0.191737
0.000244141 0.191729

0.000244141 0.191729
0.000366211 0.191714

0.000366211 0.191714
0.000488281 0.191693

0.000732422 0.191634
0.000666233 0.19165

0.000488281 0.191693
0.000610352 0.191667

0.000610352 0.191667
0.000669465 0.19165

0.000732422 0.191633
0.000854492 0.191593

0.000854492 0.191594
0.000976562 0.191547

0.00109863 0.191493
0.00101834 0.191528

0.000976562 0.191547
0.00101832 0.191528

0.00109863 0.191492
0.0012207 0.19143

0.0012207 0.19143
0.00126266 0.191406

