7.02702e-05 0
7.32422e-05 8.26389e-06

7.32422e-05 1.24216e-06
9.76563e-05 2.42556e-05

9.76563e-05 1.2654e-05
0.00012207 1.26385e-05

0.00012207 1.33145e-05
0.000146484 1.21618e-05

0.000146484 1.27162e-05
0.000170898 1.10032e-05

0.000170898 1.113e-05
0.000195313 1.20976e-05

0.000195313 1.19758e-05
0.000219727 1.30007e-05

0.000219727 1.21974e-05
0.000244141 1.23985e-05

0.000244141 1.23619e-05
0.000268555 1.28875e-05

0.000268555 1.25207e-05
0.000292969 1.27959e-05

0.000292969 1.26614e-05
0.000317383 1.29694e-05

0.000317383 1.27873e-05
0.000341797 1.29596e-05

0.000341797 1.28466e-05
0.000366211 1.30266e-05

0.000366211 1.29457e-05
0.000390625 1.30555e-05

0.000390625 1.29481e-05
0.000415039 1.30808e-05

0.000415039 1.30283e-05
0.000439453 1.31618e-05

0.000439453 1.30598e-05
0.000463867 1.31599e-05

0.000463867 1.30946e-05
0.000488281 1.32389e-05

0.000488281 1.31471e-05
0.000512695 1.328e-05

0.000512695 1.3184e-05
0.000537109 1.33412e-05

0.000537109 1.3336e-05
0.000561523 1.3319e-05

0.000561523 1.3196e-05
0.000585937 1.33045e-05

0.000585938 1.31755e-05
0.000610352 1.36371e-05

0.000610352 1.35644e-05
0.000634766 1.36123e-05

0.000634766 1.3584e-05
0.00065918 1.32993e-05

0.00065918 1.3242e-05
0.000683594 1.35161e-05

0.000683594 1.35462e-05
0.000708008 1.37401e-05

0.000708008 1.37402e-05
0.000732422 1.33048e-05

0.000732422 1.35056e-05
0.000756836 1.31386e-05

0.000756836 1.31889e-05
0.00078125 1.33208e-05

0.00078125 1.33983e-05
0.000805664 1.34376e-05

0.000805664 1.34721e-05
0.000830078 1.30948e-05

0.000830078 1.32016e-05
0.000854492 1.3087e-05

0.000854492 1.32233e-05
0.000878906 1.31785e-05

0.000878906 1.31934e-05
0.00090332 1.30308e-05

0.00090332 1.31266e-05
0.000927734 1.30421e-05

0.000927734 1.31089e-05
0.000952148 1.29945e-05

0.000952148 1.30655e-05
0.000976562 1.29401e-05

0.000976562 1.30526e-05
0.00100098 1.28727e-05

0.00100098 1.29258e-05
0.00102539 1.28253e-05

0.00102539 1.30435e-05
0.0010498 1.27402e-05

0.0010498 1.27042e-05
0.00107422 1.26219e-05

0.00107422 1.31915e-05
0.00109863 1.24774e-05

0.00109863 1.31193e-05
0.00112305 1.12222e-05

0.00112305 1.09806e-05
0.00114746 1.21631e-05

0.00114746 1.29611e-05
0.00117187 1.29388e-05

0.00117188 1.27532e-05
0.00119629 1.03606e-05

0.00119629 1.01261e-05
0.0012207 1.26729e-05

0.0012207 1.32862e-05
0.00124512 1.31355e-05

0.00124512 1.26295e-05
0.00126953 9.96735e-06

0.00126953 1.02642e-05
0.00129395 1.27191e-05

0.00129395 1.28813e-05
0.00131836 1.2877e-05

0.00131836 1.17738e-05
0.00134277 1.12038e-05

0.00134277 1.22557e-05
0.00136719 1.275e-05

0.00136719 2.34524e-05
0.0013916 1.77196e-07

0.0013916 1.00146e-05
0.00139538 0

0.00146257 0
0.00146484 6.58587e-06

0.00146484 2.53453e-06
0.00148618 2.44141e-05

0.00148655 2.44141e-05
0.00148926 2.53391e-05

0.00148926 1.54076e-05
0.00151367 1.65735e-05

0.00151054 2.44141e-05
0.00151367 2.44758e-05

0.00151367 1.65189e-05
0.00153809 1.52126e-05

0.00151367 2.44421e-05
0.00151493 2.44141e-05

0.0015625 2.59369e-06
0.00154113 2.44141e-05

0.00153809 2.52549e-05
0.00154056 2.44141e-05

0 0.00306131
0.000390625 0.00305128

0.000390625 0.00305013
0.000585937 0.00303756

0.000585938 0.00303759
0.00078125 0.00301969

0.00078125 0.00301974
0.000976562 0.00299635

0.000976562 0.00299606
0.00107422 0.00298224

0.00107422 0.00298224
0.00117188 0.00296686

0.00117187 0.00296687
0.00126953 0.00294991

0.00126953 0.00294992
0.00136719 0.00293133

0.0015625 0.00288934
0.00137732 0.00292969

0.00136719 0.00293149
0.00137585 0.00292969

0.0015625 6.34656e-06
0.00156469 0

0.00165535 0
0.00166016 1.15058e-05

0.00166016 1.05862e-05
0.00167604 2.44141e-05

0.00167494 2.44141e-05
0.00168457 2.77036e-05

0.00168457 1.79733e-05
0.00170898 1.76156e-05

0.00168457 2.45118e-05
0.00169725 2.44141e-05

0.0017334 9.65382e-06
0.0017174 2.44141e-05

0.00170898 2.76672e-05
0.00171816 2.44141e-05

0.0017334 7.95334e-06
0.00173657 0

0.001805 0
0.00180664 4.72553e-06

0.00181003 0
0.00183105 1.79959e-05

0.00183105 5.95596e-06
0.00185547 6.98912e-06

0.00185547 5.84004e-06
0.00187988 1.04695e-05

0.00187988 6.95172e-06
0.0019043 9.9411e-06

0.0019043 7.76571e-06
0.00192871 1.13694e-05

0.00192871 8.86806e-06
0.00195312 1.17536e-05

0.00195312 8.91469e-06
0.00197754 1.34816e-05

0.00197754 1.40169e-05
0.00200195 1.2326e-05

0.00200195 1.6622e-05
0.00202637 3.57457e-06

0.00202637 4.10238e-06
0.00205078 8.16653e-06

0.00205078 8.19127e-06
0.0020752 1.582e-05

0.0020752 9.09092e-06
0.00209961 1.16144e-05

0.00209961 1.3639e-05
0.00212402 1.35635e-05

0.00212402 1.31305e-05
0.00214844 7.47615e-06

0.00214844 7.06219e-06
0.00217285 1.32875e-05

0.00217285 1.41793e-05
0.00219727 1.40364e-05

0.00219727 1.32547e-05
0.00222168 6.90598e-06

0.00222168 6.88746e-06
0.00224609 1.36107e-05

0.00224609 1.4163e-05
0.00227051 1.42165e-05

0.00227051 1.40266e-05
0.00229492 6.54303e-06

0.00229492 7.37055e-06
0.00231934 1.19335e-05

0.00231934 1.04306e-05
0.00234375 1.54373e-05

0.00234375 1.54306e-05
0.00236816 1.05023e-05

0.00236816 1.24097e-05
0.00239258 6.92668e-06

0.00239258 6.94465e-06
0.00241699 1.26825e-05

0.00241699 1.0645e-05
0.00244141 1.53151e-05

0.00244141 1.52863e-05
0.00246582 1.05503e-05

0.00246582 1.23676e-05
0.00249023 7.30079e-06

0.00249023 7.30677e-06
0.00251465 1.26412e-05

0.00251465 1.07625e-05
0.00253906 1.513e-05

0.00253906 1.50989e-05
0.00256348 1.06628e-05

0.00256348 1.23378e-05
0.00258789 7.65484e-06

0.00258789 7.64728e-06
0.0026123 1.26152e-05

0.0026123 1.09612e-05
0.00263672 1.48896e-05

0.00263672 1.48101e-05
0.00266113 1.06794e-05

0.00266113 1.17835e-05
0.00268555 8.58548e-06

0.00268555 7.8468e-06
0.00270996 1.38055e-05

0.00270996 1.39253e-05
0.00273438 1.38866e-05

0.00273437 1.36458e-05
0.00275879 7.95437e-06

0.00275879 8.73202e-06
0.0027832 1.19543e-05

0.0027832 1.09184e-05
0.00280762 1.45738e-05

0.00280762 1.45993e-05
0.00283203 1.09385e-05

0.00283203 1.19583e-05
0.00285645 8.67538e-06

0.00285645 7.97361e-06
0.00288086 1.36027e-05

0.00288086 1.38573e-05
0.00290527 1.38047e-05

0.00290527 1.32266e-05
0.00292969 8.27904e-06

0.00292969 8.26548e-06
0.0029541 1.31743e-05

0.0029541 1.39328e-05
0.00297852 1.37429e-05

0.00297852 1.33968e-05
0.00300293 7.78894e-06

0.00300293 7.5885e-06
0.00302734 1.31371e-05

0.00302734 1.39906e-05
0.00305176 1.40657e-05

0.00305176 1.38438e-05
0.00307617 6.98197e-06

0.00307617 6.80813e-06
0.00310059 1.28735e-05

0.00310059 1.40332e-05
0.003125 1.41074e-05

0.0015625 0.00288894
0.00166016 0.0028649

0.00166016 0.00286492
0.00175781 0.00283887

0.00185547 0.00281075
0.00178165 0.00283203

0.00175781 0.00283893
0.00178174 0.00283203

0.00185547 0.00281081
0.00195312 0.00278038

0.00214844 0.00271228
0.00208737 0.00273437

0.00214844 0.00271235
0.00224609 0.00267428

0.00234375 0.00263321
0.00233539 0.00263672

0.00224609 0.00267412
0.00229492 0.00265401

0.00229492 0.00265401
0.00233537 0.00263672

0.00195313 0.00278038
0.00205078 0.00274757

0.00205078 0.00274767
0.00208753 0.00273438

0.00292969 0.00230894
0.00287793 0.00234375

0.00302734 0.00223692
0.00301506 0.00224609

0.00297852 0.00227361
0.00294878 0.00229492

0.00292969 0.00230865
0.00294916 0.00229492

0.00297852 0.00227377
0.00301539 0.00224609

0.00302734 0.00223709
0.00307617 0.00219867

0.003125 0.00215837
0.00307794 0.00219727

0.00307617 0.00219866
0.0030779 0.00219727

0.00234375 0.00263337
0.00244141 0.00258917

0.00249023 0.00256563
0.00244371 0.00258789

0.00244141 0.00258923
0.0024442 0.00258789

0.00249023 0.00256563
0.00253906 0.00254137

0.00263672 0.00249025
0.00254404 0.00253906

0.00273437 0.0024344
0.00272208 0.00244141

0.00263672 0.00249005
0.00268555 0.00246282

0.00268555 0.00246288
0.00272254 0.00244141

0.00253906 0.00254147
0.00254373 0.00253906

0.00273438 0.00243484
0.00283203 0.00237444

0.00283203 0.00237422
0.00287839 0.00234375

0.003125 1.25757e-05
0.00314941 7.20299e-06

0.00314941 7.56966e-06
0.00317383 1.40212e-05

0.00317383 1.19762e-05
0.00319824 1.57945e-05

0.00319824 1.26397e-05
0.00322266 1.43809e-05

0.00322266 1.36598e-05
0.00324707 1.67795e-05

0.00324707 1.4831e-05
0.00327148 1.73023e-05

0.00327148 1.62756e-05
0.0032959 1.85336e-05

0.0032959 1.75196e-05
0.00332031 1.88724e-05

0.00332031 1.79249e-05
0.00334473 1.95641e-05

0.00334473 1.84069e-05
0.00336914 2.12636e-05

0.00336914 2.13826e-05
0.00339355 2.18191e-05

0.00339171 2.44141e-05
0.00339355 2.44306e-05

0.00339355 1.95377e-05
0.00341797 2.10057e-05

0.00341797 2.16549e-05
0.00344183 2.44141e-05

0.00343998 2.44141e-05
0.00344238 2.45589e-05

0.00344238 2.31168e-05
0.0034668 2.28354e-05

0.00344238 2.4524e-05
0.0034668 2.47776e-05

0.0034668 1.77658e-05
0.00348115 2.44141e-05

0.00348213 2.44141e-05
0.00349121 2.86378e-05

0.00349121 3.44548e-05
0.00350629 4.88281e-05

0.00350763 4.88281e-05
0.00351563 5.73164e-05

0.00351563 5.82873e-05
0.00352952 7.32422e-05

0.00352956 7.32422e-05
0.00354004 8.50886e-05

0.00354004 8.45498e-05
0.00355138 9.76563e-05

0.00355141 9.76563e-05
0.00356445 0.000113465

0.00356445 0.000113706
0.00357114 0.00012207

0.00357144 0.00012207
0.00358887 0.000144579

0.00358887 0.000144742
0.00359018 0.000146484

0.00359031 0.000146484
0.00360807 0.000170898

0.00360787 0.000170898
0.00361328 0.000178846

0.00361328 0.000178423
0.00362487 0.000195313

0.00362502 0.000195313
0.00365573 0.000244141

0.00365589 0.000244141
0.00366211 0.00025533

0.00366211 0.000255942
0.00368271 0.000292969

0.0036827 0.000292969
0.00370669 0.000341797

0.0037063 0.000341797
0.00371094 0.00035248

0.00371094 0.000352969
0.00372848 0.000390625

0.0037284 0.000390625
0.00376319 0.000488281

0.00376291 0.000488281
0.00378817 0.000585938

0.00378798 0.000585937
0.00380463 0.000683594

0.00380452 0.000683594
0.00380859 0.000729455

0.00380859 0.000729969
0.00381315 0.00078125

0.00380859 0.000967338
0.00380801 0.000976562

0.00381265 0.00078125
0.00381412 0.000830078

0.00381411 0.000830078
0.00381374 0.000878906

0.00381373 0.000878906
0.00381155 0.000927734

0.00380859 0.000962692
0.00381144 0.000927734

0.00380799 0.000976562
0.00379478 0.00107422

0.00379478 0.00107422
0.00377456 0.00117188

0.00371094 0.00137101
0.00369257 0.00141602

0.00369257 0.00141602
0.00367079 0.00146484

0.00366211 0.00148281
0.00364714 0.00151367

0.00364714 0.00151367
0.00362151 0.0015625

0.00366211 0.00148297
0.00367071 0.00146484

0.00375977 0.00122616
0.00374688 0.00126953

0.00377412 0.00117188
0.00376138 0.0012207

0.00375977 0.00122617
0.00376139 0.0012207

0.00374688 0.00126953
0.00373058 0.00131836

0.00373059 0.00131836
0.00371249 0.00136719

0.00371094 0.00137102
0.0037125 0.00136719

0.00351563 0.00173331
0.00349858 0.00175781

0.00336914 0.00191964
0.00333941 0.00195312

0.00341797 0.0018625
0.00338287 0.0019043

0.00336914 0.00192
0.00338272 0.0019043

0.0034668 0.0018008
0.00346243 0.00180664

0.0034624 0.00180664
0.00342384 0.00185547

0.0034668 0.00180067
0.00349858 0.00175781

0.00341797 0.00186256
0.00342375 0.00185547

0.00317383 0.00211592
0.00313644 0.00214844

0.00322266 0.00207123
0.00319161 0.00209961

0.00317383 0.00211583
0.0031919 0.00209961

0.00327148 0.00202366
0.0032438 0.00205078

0.00332031 0.00197338
0.00329311 0.00200195

0.00327148 0.00202375
0.00329301 0.00200195

0.00322266 0.00207118
0.00324406 0.00205078

0.003125 0.00215835
0.00313664 0.00214844

0.00332031 0.00197341
0.00333912 0.00195312

0.00356445 0.00165992
0.00356431 0.00166016

0.00361328 0.00157709
0.00359392 0.00161133

0.00356445 0.00165985
0.00359392 0.00161133

0.00356429 0.00166016
0.00353252 0.00170898

0.00351563 0.00173334
0.0035325 0.00170898

0.00361328 0.00157706
0.00362152 0.0015625

