7.02081e-05 0
7.32422e-05 8.40781e-06

7.32422e-05 1.05012e-06
9.76563e-05 2.42467e-05

9.76563e-05 1.27656e-05
0.00012207 1.26986e-05

0.00012207 1.31982e-05
0.000146484 1.20059e-05

0.000146484 1.25154e-05
0.000170898 1.13257e-05

0.000170898 1.13709e-05
0.000195313 1.22653e-05

0.000195313 1.20918e-05
0.000219727 1.29232e-05

0.000219727 1.22797e-05
0.000244141 1.24738e-05

0.000244141 1.24188e-05
0.000268555 1.28608e-05

0.000268555 1.25573e-05
0.000292969 1.28038e-05

0.000292969 1.26803e-05
0.000317383 1.29413e-05

0.000317383 1.27796e-05
0.000341797 1.29461e-05

0.000341797 1.2851e-05
0.000366211 1.30044e-05

0.000366211 1.29119e-05
0.000390625 1.30303e-05

0.000390625 1.29437e-05
0.000415039 1.30795e-05

0.000415039 1.3006e-05
0.000439453 1.31294e-05

0.000439453 1.304e-05
0.000463867 1.31591e-05

0.000463867 1.30918e-05
0.000488281 1.3214e-05

0.000488281 1.31267e-05
0.000512695 1.32479e-05

0.000512695 1.3157e-05
0.000537109 1.33235e-05

0.000537109 1.33084e-05
0.000561523 1.33072e-05

0.000561523 1.32144e-05
0.000585937 1.32643e-05

0.000585938 1.31323e-05
0.000610352 1.35555e-05

0.000610352 1.35608e-05
0.000634766 1.35358e-05

0.000634766 1.34067e-05
0.00065918 1.32445e-05

0.00065918 1.32246e-05
0.000683594 1.36346e-05

0.000683594 1.36501e-05
0.000708008 1.36036e-05

0.000708008 1.3607e-05
0.000732422 1.31835e-05

0.000732422 1.3357e-05
0.000756836 1.32752e-05

0.000756836 1.33609e-05
0.00078125 1.33103e-05

0.00078125 1.33505e-05
0.000805664 1.3208e-05

0.000805664 1.32973e-05
0.000830078 1.31672e-05

0.000830078 1.3256e-05
0.000854492 1.31146e-05

0.000854492 1.31947e-05
0.000878906 1.30661e-05

0.000878906 1.31584e-05
0.00090332 1.30277e-05

0.00090332 1.30856e-05
0.000927734 1.29885e-05

0.000927734 1.30722e-05
0.000952148 1.29756e-05

0.000952148 1.30173e-05
0.000976562 1.29194e-05

0.000976562 1.30165e-05
0.00100098 1.28926e-05

0.00100098 1.29377e-05
0.00102539 1.28239e-05

0.00102539 1.30293e-05
0.0010498 1.27194e-05

0.0010498 1.27045e-05
0.00107422 1.2623e-05

0.00107422 1.31307e-05
0.00109863 1.25045e-05

0.00109863 1.30855e-05
0.00112305 1.13779e-05

0.00112305 1.1189e-05
0.00114746 1.21634e-05

0.00114746 1.29557e-05
0.00117187 1.27971e-05

0.00117188 1.2669e-05
0.00119629 1.04711e-05

0.00119629 1.02319e-05
0.0012207 1.2672e-05

0.0012207 1.32213e-05
0.00124512 1.30924e-05

0.00124512 1.26156e-05
0.00126953 1.01153e-05

0.00126953 1.04231e-05
0.00129395 1.26527e-05

0.00129395 1.27748e-05
0.00131836 1.28325e-05

0.00131836 1.17691e-05
0.00134277 1.13836e-05

0.00134277 1.22499e-05
0.00136719 1.28468e-05

0.00136719 2.36132e-05
0.0013916 3.32302e-07

0.0013916 9.70053e-06
0.00139522 0

0.00146252 0
0.00146484 6.71727e-06

0.00146484 2.71191e-06
0.00148613 2.44141e-05

0.00148693 2.44141e-05
0.00148926 2.52046e-05

0.00148926 1.53703e-05
0.00151367 1.66388e-05

0.00151251 2.44141e-05
0.00151367 2.44394e-05

0.00151367 1.66642e-05
0.00153809 1.54478e-05

0.0015625 2.61357e-06
0.00154129 2.44141e-05

0.00153809 2.53039e-05
0.00154069 2.44141e-05

0 0.00305452
0.000390625 0.00304475

0.000390625 0.00304361
0.000585937 0.00303137

0.000585938 0.00303144
0.00078125 0.00301399

0.00078125 0.00301404
0.000976562 0.00299114

0.000976562 0.00299126
0.00117188 0.00296257

0.00136719 0.0029274
0.00135439 0.00292969

0.00117187 0.00296224
0.00126953 0.00294562

0.00126953 0.00294562
0.00135475 0.00292969

0.00136719 0.00292788
0.0015625 0.002886

0.0015625 6.10038e-06
0.0015646 0

0.00165533 0
0.00166016 1.15354e-05

0.00166016 1.0595e-05
0.00167603 2.44141e-05

0.00167493 2.44141e-05
0.00168457 2.77098e-05

0.00168457 1.80002e-05
0.00170898 1.76268e-05

0.00168457 2.45146e-05
0.00169704 2.44141e-05

0.0017334 9.63123e-06
0.0017174 2.44141e-05

0.00170898 2.76644e-05
0.00171814 2.44141e-05

0.0017334 7.89235e-06
0.00173655 0

0.001805 0
0.00180664 4.72744e-06

0.0018098 0
0.00183105 1.81715e-05

0.00183105 6.29713e-06
0.00185547 6.88353e-06

0.00185547 5.93774e-06
0.00187988 1.03507e-05

0.00187988 6.97512e-06
0.0019043 9.98437e-06

0.0019043 7.79295e-06
0.00192871 1.13447e-05

0.00192871 8.8793e-06
0.00195312 1.17595e-05

0.00195312 8.91598e-06
0.00197754 1.3478e-05

0.00197754 1.40239e-05
0.00200195 1.23317e-05

0.00200195 1.6602e-05
0.00202637 3.5903e-06

0.00202637 4.11355e-06
0.00205078 8.19832e-06

0.00205078 8.24744e-06
0.0020752 1.57845e-05

0.0020752 9.07212e-06
0.00209961 1.15778e-05

0.00209961 1.36108e-05
0.00212402 1.35867e-05

0.00212402 1.31449e-05
0.00214844 7.47352e-06

0.00214844 7.06283e-06
0.00217285 1.32618e-05

0.00217285 1.41927e-05
0.00219727 1.39971e-05

0.00219727 1.31219e-05
0.00222168 6.94435e-06

0.00222168 6.93827e-06
0.00224609 1.37444e-05

0.00224609 1.43175e-05
0.00227051 1.4098e-05

0.00227051 1.39617e-05
0.00229492 6.42762e-06

0.00229492 7.28503e-06
0.00231934 1.20263e-05

0.00231934 1.04346e-05
0.00234375 1.54504e-05

0.00234375 1.54592e-05
0.00236816 1.04975e-05

0.00236816 1.24248e-05
0.00239258 6.882e-06

0.00239258 6.90684e-06
0.00241699 1.2681e-05

0.00241699 1.06274e-05
0.00244141 1.53368e-05

0.00244141 1.53136e-05
0.00246582 1.05347e-05

0.00246582 1.23743e-05
0.00249023 7.2428e-06

0.00249023 7.25125e-06
0.00251465 1.26433e-05

0.00251465 1.07377e-05
0.00253906 1.51594e-05

0.00253906 1.51342e-05
0.00256348 1.06445e-05

0.00256348 1.23509e-05
0.00258789 7.57676e-06

0.00258789 7.57803e-06
0.0026123 1.26067e-05

0.0026123 1.0917e-05
0.00263672 1.49248e-05

0.00263672 1.48596e-05
0.00266113 1.06538e-05

0.00266113 1.17928e-05
0.00268555 8.4714e-06

0.00268555 7.70828e-06
0.00270996 1.38334e-05

0.00270996 1.39647e-05
0.00273438 1.39298e-05

0.00273437 1.37284e-05
0.00275879 7.76619e-06

0.00275879 8.54152e-06
0.0027832 1.19174e-05

0.0027832 1.08159e-05
0.00280762 1.47329e-05

0.00280762 1.47689e-05
0.00283203 1.0889e-05

0.00283203 1.20642e-05
0.00285645 8.33242e-06

0.00285645 7.59027e-06
0.00288086 1.36021e-05

0.00288086 1.38277e-05
0.00290527 1.40069e-05

0.00290527 1.342e-05
0.00292969 8.01292e-06

0.00292969 7.94638e-06
0.0029541 1.31139e-05

0.0029541 1.40211e-05
0.00297852 1.38632e-05

0.00297852 1.35304e-05
0.00300293 7.31923e-06

0.00300293 7.08553e-06
0.00302734 1.31793e-05

0.00302734 1.41401e-05
0.00305176 1.41719e-05

0.00305176 1.3884e-05
0.00307617 6.42301e-06

0.00307617 6.59406e-06
0.00310059 1.27283e-05

0.00310059 1.36432e-05
0.003125 1.39087e-05

0.0015625 0.00288615
0.00175781 0.00283674

0.00185547 0.00280864
0.00177298 0.00283203

0.00175781 0.0028364
0.00177321 0.00283203

0.00185547 0.00280868
0.00195312 0.00277874

0.00214844 0.00271207
0.00208371 0.00273438

0.00214844 0.00271176
0.00224609 0.00267419

0.00234375 0.00263364
0.00233633 0.00263672

0.00224609 0.00267424
0.0023366 0.00263672

0.00195313 0.00277877
0.00205078 0.00274648

0.00205078 0.0027466
0.00208506 0.00273438

0.00292969 0.00231274
0.00288313 0.00234375

0.00302734 0.00224127
0.00302085 0.00224609

0.00297852 0.00227768
0.00295423 0.00229492

0.00292969 0.0023125
0.00295456 0.00229492

0.00297852 0.00227783
0.00302122 0.00224609

0.00302734 0.00224159
0.00307617 0.00220348

0.003125 0.00216348
0.00308378 0.00219727

0.00307617 0.00220298
0.00308331 0.00219727

0.00234375 0.00263385
0.00244141 0.00259015

0.00244141 0.00259017
0.00253906 0.00254299

0.00263672 0.0024922
0.00254681 0.00253906

0.00273437 0.00243696
0.00272649 0.00244141

0.00268555 0.00246504
0.00263989 0.00249023

0.00263672 0.00249217
0.00264024 0.00249023

0.00268555 0.00246509
0.00272676 0.00244141

0.00253906 0.00254296
0.0025467 0.00253906

0.00273438 0.00243737
0.00283203 0.00237759

0.00283203 0.00237734
0.00288086 0.00234558

0.00288086 0.00234554
0.00288359 0.00234375

0.003125 1.08987e-05
0.00314941 8.76472e-06

0.00314941 8.94869e-06
0.00317383 1.59298e-05

0.00317383 1.29198e-05
0.00319824 1.61293e-05

0.00319824 1.37625e-05
0.00322266 1.60588e-05

0.00322266 1.50702e-05
0.00324707 1.77898e-05

0.00324707 1.62956e-05
0.00327148 1.83603e-05

0.00327148 1.74953e-05
0.0032959 1.92816e-05

0.0032959 1.84262e-05
0.00332031 1.98012e-05

0.00332031 1.92048e-05
0.00334473 2.03222e-05

0.00334473 1.97959e-05
0.00336914 2.06665e-05

0.00336914 2.02676e-05
0.00339355 2.10006e-05

0.00339355 2.06461e-05
0.00341797 2.12822e-05

0.00341797 2.10041e-05
0.00344238 2.15361e-05

0.00344238 1.95725e-05
0.0034668 2.34198e-05

0.0034668 2.03708e-05
0.00347415 2.44141e-05

0.00347584 2.44141e-05
0.00349121 3.2752e-05

0.00349121 3.64002e-05
0.00350458 4.88281e-05

0.00350468 4.88281e-05
0.00351563 6.02365e-05

0.00351563 6.05996e-05
0.00354979 9.76563e-05

0.00354958 9.76563e-05
0.00356445 0.000115302

0.00356445 0.000115508
0.00356981 0.00012207

0.00357006 0.00012207
0.00358887 0.000145893

0.00358887 0.000146109
0.00358915 0.000146484

0.00358931 0.000146484
0.0036074 0.000170898

0.00360724 0.000170898
0.00361328 0.000179598

0.00361328 0.000179227
0.00362445 0.000195313

0.00362465 0.000195313
0.00365587 0.000244141

0.00365604 0.000244141
0.00366211 0.000254873

0.00366211 0.00025549
0.0036833 0.000292969

0.00368329 0.000292969
0.00370768 0.000341797

0.00370716 0.000341797
0.00371094 0.000350354

0.00371094 0.000350672
0.00372986 0.000390625

0.00372972 0.000390625
0.00376512 0.000488281

0.00376483 0.000488281
0.0037906 0.000585938

0.00379041 0.000585937
0.00380751 0.000683594

0.0038075 0.000683594
0.00380859 0.000695378

0.00380859 0.00069683
0.00381643 0.00078125

0.0038159 0.00078125
0.00381755 0.000830078

0.00381756 0.000830078
0.00381737 0.000878906

0.00381736 0.000878906
0.00381534 0.000927734

0.00381533 0.000927734
0.00381153 0.000976562

0.00380859 0.0010021
0.00379904 0.00107422

0.00379899 0.00107422
0.00377901 0.00117188

0.00380859 0.00100396
0.00381172 0.000976563

0.00371094 0.00138337
0.0036977 0.00141602

0.00369771 0.00141602
0.00367606 0.00146484

0.00366211 0.00149382
0.00365253 0.00151367

0.00365253 0.00151367
0.00362703 0.0015625

0.00366211 0.00149375
0.00367605 0.00146484

0.00375977 0.00124183
0.00375161 0.00126953

0.00377859 0.00117188
0.00376598 0.0012207

0.00375977 0.00124184
0.00376599 0.0012207

0.00375162 0.00126953
0.00373545 0.00131836

0.00373545 0.00131836
0.00371748 0.00136719

0.00371094 0.00138338
0.0037175 0.00136719

0.00351563 0.00174172
0.00350478 0.00175781

0.00336914 0.00192683
0.00334572 0.00195312

0.00341797 0.00186998
0.00338922 0.0019043

0.00336914 0.00192712
0.00338902 0.0019043

0.0034668 0.00180886
0.00343008 0.00185547

0.00350463 0.00175781
0.00346853 0.00180664

0.0034668 0.00180891
0.00346853 0.00180664

0.00341797 0.00187013
0.00342993 0.00185547

0.00317383 0.00212147
0.00314236 0.00214844

0.00322266 0.00207738
0.0031982 0.00209961

0.00317383 0.00212099
0.00319792 0.00209961

0.00327148 0.00202996
0.00325016 0.00205078

0.00332031 0.0019802
0.0032995 0.00200195

0.00327148 0.00203022
0.0032995 0.00200195

0.00322266 0.00207708
0.00325048 0.00205078

0.003125 0.00216346
0.00314279 0.00214844

0.00332031 0.00198024
0.00334545 0.00195312

0.00361328 0.00158679
0.00359948 0.00161133

0.0035996 0.00161133
0.00357008 0.00166016

0.00356445 0.00166884
0.00353842 0.00170898

0.00351563 0.00174189
0.00353843 0.00170898

0.00356445 0.00166895
0.00356999 0.00166016

0.00361328 0.00158707
0.0036271 0.0015625

