7.02186e-05 0
7.32422e-05 8.3844e-06

7.32422e-05 1.15996e-06
9.76563e-05 2.42131e-05

9.76563e-05 1.26529e-05
0.00012207 1.26483e-05

0.00012207 1.3125e-05
0.000146484 1.22416e-05

0.000146484 1.26344e-05
0.000170898 1.14592e-05

0.000170898 1.15702e-05
0.000195313 1.22343e-05

0.000195313 1.21047e-05
0.000219727 1.28655e-05

0.000219727 1.22937e-05
0.000244141 1.25347e-05

0.000244141 1.24544e-05
0.000268555 1.28446e-05

0.000268555 1.25817e-05
0.000292969 1.27837e-05

0.000292969 1.26784e-05
0.000317383 1.29009e-05

0.000317383 1.27546e-05
0.000341797 1.29212e-05

0.000341797 1.28206e-05
0.000366211 1.29924e-05

0.000366211 1.28805e-05
0.000390625 1.30374e-05

0.000390625 1.29472e-05
0.000415039 1.30878e-05

0.000415039 1.30059e-05
0.000439453 1.31118e-05

0.000439453 1.30137e-05
0.000463867 1.31723e-05

0.000463867 1.31933e-05
0.000488281 1.31515e-05

0.000488281 1.30265e-05
0.000512695 1.30997e-05

0.000512695 1.30246e-05
0.000537109 1.34251e-05

0.000537109 1.33757e-05
0.000561523 1.33285e-05

0.000561523 1.32472e-05
0.000585937 1.31341e-05

0.000585938 1.30897e-05
0.000610352 1.34507e-05

0.000610352 1.32497e-05
0.000634766 1.36557e-05

0.000634766 1.36568e-05
0.00065918 1.34795e-05

0.00065918 1.34372e-05
0.000683594 1.32072e-05

0.000683594 1.32456e-05
0.000708008 1.35539e-05

0.000708008 1.35912e-05
0.000732422 1.35052e-05

0.000732422 1.35678e-05
0.000756836 1.31053e-05

0.000756836 1.32563e-05
0.00078125 1.31652e-05

0.00078125 1.32614e-05
0.000805664 1.32797e-05

0.000805664 1.3291e-05
0.000830078 1.3157e-05

0.000830078 1.32372e-05
0.000854492 1.31103e-05

0.000854492 1.31923e-05
0.000878906 1.30731e-05

0.000878906 1.31473e-05
0.00090332 1.30292e-05

0.00090332 1.31106e-05
0.000927734 1.29859e-05

0.000927734 1.30519e-05
0.000952148 1.2947e-05

0.000952148 1.30219e-05
0.000976562 1.29256e-05

0.000976562 1.30254e-05
0.00100098 1.28371e-05

0.00100098 1.29033e-05
0.00102539 1.27785e-05

0.00102539 1.29683e-05
0.0010498 1.27187e-05

0.0010498 1.26994e-05
0.00107422 1.26335e-05

0.00107422 1.30732e-05
0.00109863 1.25222e-05

0.00109863 1.31184e-05
0.00112305 1.14539e-05

0.00112305 1.12685e-05
0.00114746 1.20973e-05

0.00114746 1.28535e-05
0.00117187 1.28161e-05

0.00117188 1.26926e-05
0.00119629 1.06233e-05

0.00119629 1.03751e-05
0.0012207 1.26027e-05

0.0012207 1.31824e-05
0.00124512 1.30377e-05

0.00124512 1.25747e-05
0.00126953 1.02091e-05

0.00126953 1.05064e-05
0.00129395 1.26473e-05

0.00129395 1.27618e-05
0.00131836 1.27884e-05

0.00131836 1.17814e-05
0.00134277 1.14075e-05

0.00134277 1.21221e-05
0.00136719 1.29329e-05

0.00136719 2.37244e-05
0.0013916 5.4457e-07

0.0013916 9.40143e-06
0.00139508 0

0.00146259 0
0.00146484 6.50942e-06

0.00146484 2.69773e-06
0.00148599 2.44141e-05

0.00148796 2.44141e-05
0.00148926 2.48579e-05

0.00148926 1.54824e-05
0.00151367 1.69562e-05

0.00151341 2.44141e-05
0.00151367 2.44209e-05

0.00151367 1.70565e-05
0.00153809 1.55311e-05

0.0015625 2.48153e-06
0.0015413 2.44141e-05

0.00153809 2.45819e-05
0.00153857 2.44141e-05

0 0.00305258
0.000390625 0.00304287

0.000390625 0.00304173
0.000585937 0.00302956

0.000585938 0.00302963
0.00078125 0.00301231

0.00078125 0.00301238
0.000976562 0.00298964

0.000976562 0.00298975
0.00117188 0.00296124

0.00136719 0.0029263
0.00134818 0.00292969

0.00117187 0.00296092
0.00126953 0.0029444

0.00126953 0.0029444
0.00134869 0.00292969

0.00136719 0.00292677
0.0015625 0.00288511

0.0015625 6.50188e-06
0.00156475 0

0.00165532 0
0.00166016 1.15593e-05

0.00166016 1.0623e-05
0.00167599 2.44141e-05

0.00167492 2.44141e-05
0.00168457 2.772e-05

0.00168457 1.80359e-05
0.00170898 1.76448e-05

0.00168457 2.45176e-05
0.00169678 2.44141e-05

0.0017334 9.62971e-06
0.00171741 2.44141e-05

0.00170898 2.76621e-05
0.00171812 2.44141e-05

0.0017334 7.8856e-06
0.00173654 0

0.001805 0
0.00180664 4.72885e-06

0.00180962 0
0.00183105 1.83044e-05

0.00183105 6.55709e-06
0.00185547 6.80291e-06

0.00185547 6.01004e-06
0.00187988 1.02578e-05

0.00187988 6.99017e-06
0.0019043 1.00181e-05

0.0019043 7.81153e-06
0.00192871 1.13263e-05

0.00192871 8.88691e-06
0.00195312 1.17654e-05

0.00195312 8.92049e-06
0.00197754 1.34729e-05

0.00197754 1.40217e-05
0.00200195 1.23362e-05

0.00200195 1.66148e-05
0.00202637 3.58527e-06

0.00202637 4.12998e-06
0.00205078 8.1648e-06

0.00205078 8.21593e-06
0.0020752 1.5773e-05

0.0020752 9.04551e-06
0.00209961 1.15982e-05

0.00209961 1.36225e-05
0.00212402 1.359e-05

0.00212402 1.3163e-05
0.00214844 7.43825e-06

0.00214844 7.01681e-06
0.00217285 1.32631e-05

0.00217285 1.42097e-05
0.00219727 1.40145e-05

0.00219727 1.31129e-05
0.00222168 6.90918e-06

0.00222168 6.9222e-06
0.00224609 1.37673e-05

0.00224609 1.43241e-05
0.00227051 1.40921e-05

0.00227051 1.3954e-05
0.00229492 6.42539e-06

0.00229492 7.28955e-06
0.00231934 1.20301e-05

0.00231934 1.04298e-05
0.00234375 1.54444e-05

0.00234375 1.54587e-05
0.00236816 1.05043e-05

0.00236816 1.244e-05
0.00239258 6.86553e-06

0.00239258 6.88945e-06
0.00241699 1.26701e-05

0.00241699 1.06108e-05
0.00244141 1.53553e-05

0.00244141 1.53394e-05
0.00246582 1.05268e-05

0.00246582 1.23917e-05
0.00249023 7.18273e-06

0.00249023 7.1934e-06
0.00251465 1.26385e-05

0.00251465 1.07079e-05
0.00253906 1.51963e-05

0.00253906 1.51788e-05
0.00256348 1.06247e-05

0.00256348 1.23748e-05
0.00258789 7.47556e-06

0.00258789 7.47726e-06
0.0026123 1.26015e-05

0.0026123 1.08749e-05
0.00263672 1.49829e-05

0.00263672 1.49232e-05
0.00266113 1.06147e-05

0.00266113 1.17719e-05
0.00268555 8.37501e-06

0.00268555 7.60376e-06
0.00270996 1.38843e-05

0.00270996 1.40129e-05
0.00273438 1.39442e-05

0.00273437 1.37735e-05
0.00275879 7.62204e-06

0.00275879 8.40766e-06
0.0027832 1.19017e-05

0.0027832 1.07469e-05
0.00280762 1.4827e-05

0.00280762 1.48775e-05
0.00283203 1.08455e-05

0.00283203 1.20785e-05
0.00285645 8.14231e-06

0.00285645 7.37781e-06
0.00288086 1.36588e-05

0.00288086 1.38894e-05
0.00290527 1.40714e-05

0.00290527 1.35639e-05
0.00292969 7.71684e-06

0.00292969 7.63643e-06
0.0029541 1.30435e-05

0.0029541 1.39616e-05
0.00297852 1.40084e-05

0.00297852 1.33972e-05
0.00300293 7.34498e-06

0.00300293 7.10849e-06
0.00302734 1.34256e-05

0.00302734 1.42936e-05
0.00305176 1.42407e-05

0.00305176 1.51109e-05
0.00307617 5.35224e-06

0.00307617 6.77708e-06
0.00310059 1.02356e-05

0.00310059 8.73422e-06
0.003125 1.54436e-05

0.0015625 0.00288525
0.00175781 0.00283607

0.00185547 0.00280813
0.00177072 0.00283203

0.00175781 0.00283572
0.0017709 0.00283203

0.00185547 0.00280816
0.00195312 0.0027784

0.00214844 0.00271211
0.00208346 0.00273438

0.00214844 0.00271179
0.00224609 0.00267442

0.00234375 0.00263409
0.00233739 0.00263672

0.00224609 0.00267448
0.00233764 0.00263672

0.00195313 0.00277843
0.00205078 0.00274634

0.00205078 0.00274648
0.0020849 0.00273438

0.00292969 0.00231454
0.00288568 0.00234375

0.00302734 0.00224324
0.0030235 0.00224609

0.00297852 0.00227961
0.00295683 0.00229492

0.00292969 0.00231433
0.00295715 0.00229492

0.00297852 0.00227975
0.00302392 0.00224609

0.00302734 0.0022441
0.003125 0.00216607

0.00234375 0.00263429
0.00244141 0.0025908

0.00244141 0.00259083
0.00253906 0.00254387

0.00263672 0.00249331
0.00254856 0.00253906

0.00273437 0.0024383
0.00272883 0.00244141

0.00263672 0.00249343
0.00272936 0.00244141

0.00253906 0.00254386
0.00254832 0.00253906

0.00273438 0.00243872
0.00283203 0.00237919

0.00283203 0.00237892
0.00288086 0.00234727

0.00288086 0.00234718
0.0028861 0.00234375

0.003125 1.09256e-05
0.00314941 1.43947e-05

0.00314941 1.2811e-05
0.00317383 1.62889e-05

0.00317383 1.41779e-05
0.00319824 1.65683e-05

0.00319824 1.55895e-05
0.00322266 1.75485e-05

0.00322266 1.64652e-05
0.00324707 1.77925e-05

0.00324707 1.72401e-05
0.00327148 1.83857e-05

0.00327148 1.77834e-05
0.0032959 1.86952e-05

0.0032959 1.82645e-05
0.00332031 1.91793e-05

0.00332031 1.87122e-05
0.00334473 1.95961e-05

0.00334473 1.91737e-05
0.00336914 2.0038e-05

0.00336914 1.9639e-05
0.00339355 2.03981e-05

0.00339355 2.00658e-05
0.00341797 2.06641e-05

0.00341797 2.04521e-05
0.00344238 2.07816e-05

0.00344238 1.79979e-05
0.0034668 2.3391e-05

0.0034668 2.07457e-05
0.00347282 2.44141e-05

0.00347312 2.44141e-05
0.00349121 3.54741e-05

0.00349121 3.89785e-05
0.00350167 4.88281e-05

0.00350206 4.88281e-05
0.00351563 6.26351e-05

0.00351563 6.25862e-05
0.0035479 9.76563e-05

0.00354776 9.76563e-05
0.00356445 0.000117333

0.00356445 0.000117391
0.0035683 0.00012207

0.00356841 0.00012207
0.00358779 0.000146484

0.00358776 0.000146484
0.00358887 0.000147959

0.00358887 0.000147973
0.00360594 0.000170898

0.00360576 0.000170898
0.00361328 0.000181639

0.00361328 0.000181154
0.00362307 0.000195313

0.00362326 0.000195313
0.00365463 0.000244141

0.00365472 0.000244141
0.00366211 0.000257151

0.00366211 0.000257609
0.0036822 0.000292969

0.00368218 0.000292969
0.0037067 0.000341797

0.00370609 0.000341797
0.00371094 0.000352717

0.00371094 0.000352643
0.00372903 0.000390625

0.00372888 0.000390625
0.00376455 0.000488281

0.00376426 0.000488281
0.00379028 0.000585938

0.00379009 0.000585937
0.00380743 0.000683594

0.00380746 0.000683594
0.00380859 0.000695499

0.00380859 0.000697298
0.0038166 0.00078125

0.00381653 0.00078125
0.00381825 0.000878906

0.00381818 0.000878906
0.00381264 0.000976562

0.00380859 0.00100772
0.00379996 0.00107422

0.00379992 0.00107422
0.00378019 0.00117188

0.00380859 0.00101001
0.00381232 0.000976563

0.00371094 0.00138752
0.00369945 0.00141602

0.00369945 0.00141602
0.00367789 0.00146484

0.00366211 0.0014978
0.00365448 0.00151367

0.00365446 0.00151367
0.00362905 0.0015625

0.00366211 0.00149767
0.00367788 0.00146484

0.00378021 0.00117187
0.00375344 0.00126953

0.00375301 0.00126953
0.00373696 0.00131836

0.00373697 0.00131836
0.00371911 0.00136719

0.00371094 0.00138747
0.00371911 0.00136719

0.00351563 0.00174516
0.00350708 0.00175781

0.00336914 0.00192973
0.00334824 0.00195312

0.00341797 0.00187292
0.00339179 0.0019043

0.00336914 0.00193004
0.00339153 0.0019043

0.0034668 0.00181191
0.00343255 0.00185547

0.00350695 0.00175781
0.00347093 0.00180664

0.0034668 0.00181206
0.00347093 0.00180664

0.00341797 0.00187314
0.00343237 0.00185547

0.00322266 0.00208011
0.00314547 0.00214844

0.00327148 0.00203248
0.00325271 0.00205078

0.00332031 0.00198299
0.00330213 0.00200195

0.00327148 0.00203285
0.00330216 0.00200195

0.00322266 0.00207952
0.00325314 0.00205078

0.003125 0.00216566
0.00314547 0.00214844

0.00332031 0.00198302
0.003348 0.00195312

0.00361328 0.00159029
0.00360148 0.00161133

0.0036017 0.00161133
0.00357225 0.00166016

0.00356445 0.00167224
0.00354068 0.00170898

0.00351563 0.00174518
0.00354065 0.00170898

0.00356445 0.00167223
0.00357213 0.00166016

0.00361328 0.00159085
0.00362919 0.0015625

