7.01892e-05 0
7.32422e-05 8.45229e-06

7.32422e-05 1.09622e-06
9.76563e-05 2.41903e-05

9.76563e-05 1.26807e-05
0.00012207 1.26395e-05

0.00012207 1.29415e-05
0.000146484 1.22881e-05

0.000146484 1.26249e-05
0.000170898 1.18013e-05

0.000170898 1.19219e-05
0.000195313 1.22032e-05

0.000195313 1.21243e-05
0.000219727 1.26763e-05

0.000219727 1.22781e-05
0.000244141 1.25902e-05

0.000244141 1.24313e-05
0.000268555 1.27945e-05

0.000268555 1.2558e-05
0.000292969 1.28095e-05

0.000292969 1.26668e-05
0.000317383 1.29076e-05

0.000317383 1.27555e-05
0.000341797 1.2948e-05

0.000341797 1.28442e-05
0.000366211 1.30004e-05

0.000366211 1.29101e-05
0.000390625 1.30138e-05

0.000390625 1.29398e-05
0.000415039 1.30518e-05

0.000415039 1.29795e-05
0.000439453 1.31034e-05

0.000439453 1.30069e-05
0.000463867 1.31611e-05

0.000463867 1.31315e-05
0.000488281 1.3172e-05

0.000488281 1.3137e-05
0.000512695 1.30892e-05

0.000512695 1.29681e-05
0.000537109 1.32669e-05

0.000537109 1.31543e-05
0.000561523 1.35017e-05

0.000561523 1.34342e-05
0.000585937 1.3305e-05

0.000585938 1.32864e-05
0.000610352 1.31816e-05

0.000610352 1.30941e-05
0.000634766 1.34931e-05

0.000634766 1.33858e-05
0.00065918 1.36635e-05

0.00065918 1.35771e-05
0.000683594 1.34183e-05

0.000683594 1.35866e-05
0.000708008 1.3229e-05

0.000708008 1.31893e-05
0.000732422 1.32832e-05

0.000732422 1.3451e-05
0.000756836 1.35014e-05

0.000756836 1.34797e-05
0.00078125 1.30663e-05

0.00078125 1.32262e-05
0.000805664 1.31258e-05

0.000805664 1.31606e-05
0.000830078 1.32406e-05

0.000830078 1.32881e-05
0.000854492 1.31792e-05

0.000854492 1.32769e-05
0.000878906 1.29672e-05

0.000878906 1.30551e-05
0.00090332 1.29684e-05

0.00090332 1.30913e-05
0.000927734 1.30291e-05

0.000927734 1.30264e-05
0.000952148 1.29086e-05

0.000952148 1.3028e-05
0.000976562 1.29253e-05

0.000976562 1.29859e-05
0.00100098 1.28038e-05

0.00100098 1.2882e-05
0.00102539 1.28145e-05

0.00102539 1.29762e-05
0.0010498 1.27186e-05

0.0010498 1.27092e-05
0.00107422 1.26272e-05

0.00107422 1.30738e-05
0.00109863 1.25069e-05

0.00109863 1.31045e-05
0.00112305 1.14497e-05

0.00112305 1.12797e-05
0.00114746 1.20857e-05

0.00114746 1.28054e-05
0.00117187 1.28152e-05

0.00117188 1.27345e-05
0.00119629 1.06441e-05

0.00119629 1.03705e-05
0.0012207 1.25308e-05

0.0012207 1.30742e-05
0.00124512 1.31175e-05

0.00124512 1.26375e-05
0.00126953 1.03219e-05

0.00126953 1.0599e-05
0.00129395 1.25801e-05

0.00129395 1.27411e-05
0.00131836 1.27836e-05

0.00131836 1.17959e-05
0.00134277 1.14398e-05

0.00134277 1.20924e-05
0.00136719 1.29605e-05

0.00136719 2.37824e-05
0.0013916 6.1182e-07

0.0013916 9.23034e-06
0.001395 0

0.00146273 0
0.00146484 6.14335e-06

0.00146484 3.15652e-06
0.00148582 2.44141e-05

0.00148702 2.44141e-05
0.00148926 2.51705e-05

0.00148926 1.56423e-05
0.00151367 1.65454e-05

0.00151367 1.66254e-05
0.00153809 1.55284e-05

0.0015625 2.91225e-06
0.00154143 2.44141e-05

0.00153809 2.51349e-05
0.00154021 2.44141e-05

0 0.00305237
0.000390625 0.00304265

0.000390625 0.00304141
0.000585937 0.00302926

0.000585938 0.00302939
0.00078125 0.00301218

0.00078125 0.00301226
0.000976562 0.0029896

0.000976562 0.00298969
0.00117188 0.00296123

0.00136719 0.00292635
0.00134839 0.00292969

0.00117187 0.0029609
0.00126953 0.0029444

0.00126953 0.00294441
0.00134889 0.00292969

0.00136719 0.00292681
0.0015625 0.0028852

0.0015625 5.96104e-06
0.00156455 0

0.00165533 0
0.00166016 1.15376e-05

0.00166016 1.06053e-05
0.00167599 2.44141e-05

0.00167492 2.44141e-05
0.00168457 2.77228e-05

0.00168457 1.8048e-05
0.00170898 1.76545e-05

0.00168457 2.45181e-05
0.00169679 2.44141e-05

0.0017334 9.60896e-06
0.0017174 2.44141e-05

0.00170898 2.76684e-05
0.00171813 2.44141e-05

0.0017334 7.89317e-06
0.00173654 0

0.001805 0
0.00180664 4.72971e-06

0.00180952 0
0.00183105 1.83893e-05

0.00183105 6.72262e-06
0.00185547 6.75477e-06

0.00185547 6.05438e-06
0.00187988 1.01956e-05

0.00187988 6.99819e-06
0.0019043 1.00423e-05

0.0019043 7.82512e-06
0.00192871 1.13121e-05

0.00192871 8.89101e-06
0.00195312 1.17664e-05

0.00195312 8.91947e-06
0.00197754 1.34699e-05

0.00197754 1.4018e-05
0.00200195 1.23426e-05

0.00200195 1.66294e-05
0.00202637 3.57963e-06

0.00202637 4.11643e-06
0.00205078 8.15894e-06

0.00205078 8.23314e-06
0.0020752 1.57712e-05

0.0020752 9.02162e-06
0.00209961 1.15783e-05

0.00209961 1.36066e-05
0.00212402 1.36244e-05

0.00212402 1.31711e-05
0.00214844 7.45201e-06

0.00214844 7.03162e-06
0.00217285 1.32673e-05

0.00217285 1.42148e-05
0.00219727 1.40248e-05

0.00219727 1.31368e-05
0.00222168 6.91101e-06

0.00222168 6.92953e-06
0.00224609 1.37441e-05

0.00224609 1.43176e-05
0.00227051 1.40851e-05

0.00227051 1.39517e-05
0.00229492 6.41145e-06

0.00229492 7.27216e-06
0.00231934 1.2027e-05

0.00231934 1.04206e-05
0.00234375 1.54498e-05

0.00234375 1.54667e-05
0.00236816 1.04929e-05

0.00236816 1.24328e-05
0.00239258 6.84564e-06

0.00239258 6.86887e-06
0.00241699 1.26781e-05

0.00241699 1.06033e-05
0.00244141 1.53646e-05

0.00244141 1.53524e-05
0.00246582 1.05235e-05

0.00246582 1.24004e-05
0.00249023 7.15414e-06

0.00249023 7.16615e-06
0.00251465 1.26365e-05

0.00251465 1.06924e-05
0.00253906 1.52158e-05

0.00253906 1.5204e-05
0.00256348 1.06164e-05

0.00256348 1.23829e-05
0.00258789 7.42701e-06

0.00258789 7.42546e-06
0.0026123 1.26112e-05

0.0026123 1.08587e-05
0.00263672 1.50236e-05

0.00263672 1.49685e-05
0.00266113 1.06054e-05

0.00266113 1.17752e-05
0.00268555 8.32111e-06

0.00268555 7.55398e-06
0.00270996 1.39063e-05

0.00270996 1.40442e-05
0.00273438 1.39451e-05

0.00273437 1.38022e-05
0.00275879 7.52442e-06

0.00275879 8.31714e-06
0.0027832 1.18856e-05

0.0027832 1.07101e-05
0.00280762 1.48705e-05

0.00280762 1.49223e-05
0.00283203 1.07949e-05

0.00283203 1.20616e-05
0.00285645 8.04589e-06

0.00285645 7.25941e-06
0.00288086 1.36941e-05

0.00288086 1.39273e-05
0.00290527 1.40899e-05

0.00290527 1.35033e-05
0.00292969 7.66799e-06

0.00292969 7.5986e-06
0.0029541 1.31591e-05

0.0029541 1.41418e-05
0.00297852 1.3919e-05

0.00297852 1.34893e-05
0.00300293 6.97228e-06

0.00300293 6.73421e-06
0.00302734 1.33972e-05

0.00302734 1.44119e-05
0.00305176 1.41744e-05

0.00305176 1.45615e-05
0.00307617 5.25485e-06

0.00307617 4.92622e-06
0.00310059 1.27461e-05

0.00310059 1.12916e-05
0.003125 1.74868e-05

0.0015625 0.00288534
0.00175781 0.00283624

0.00185547 0.00280832
0.00177131 0.00283203

0.00175781 0.00283587
0.00177145 0.00283203

0.00185547 0.00280835
0.00195312 0.00277864

0.00214844 0.00271244
0.00208433 0.00273438

0.00214844 0.00271213
0.00224609 0.00267483

0.00234375 0.00263457
0.00233854 0.00263672

0.00224609 0.00267489
0.0023388 0.00263672

0.00195313 0.00277868
0.00205078 0.00274663

0.00205078 0.00274676
0.00208575 0.00273438

0.00292969 0.00231536
0.00288691 0.00234375

0.00302734 0.00224407
0.00302463 0.00224609

0.00297852 0.00228045
0.00295799 0.00229492

0.00292969 0.00231515
0.00295828 0.00229492

0.00297852 0.00228056
0.00302501 0.00224609

0.00302734 0.00224493
0.003125 0.00216683

0.00234375 0.00263476
0.00244141 0.00259137

0.00244141 0.00259144
0.00253906 0.00254458

0.00263672 0.00249406
0.0025499 0.00253906

0.00273437 0.0024391
0.00273026 0.00244141

0.00263672 0.00249417
0.00273074 0.00244141

0.00253906 0.00254455
0.00254964 0.00253906

0.00273438 0.0024395
0.00283203 0.00238

0.00283203 0.00237974
0.00288086 0.00234809

0.00288086 0.00234794
0.00288728 0.00234375

0.003125 1.26634e-05
0.00314941 1.35931e-05

0.00314941 1.38976e-05
0.00317383 1.6296e-05

0.00317383 1.4521e-05
0.00319824 1.55577e-05

0.00319824 1.5151e-05
0.00322266 1.67732e-05

0.00322266 1.57898e-05
0.00324707 1.70977e-05

0.00324707 1.653e-05
0.00327148 1.77511e-05

0.00327148 1.70527e-05
0.0032959 1.81124e-05

0.0032959 1.74504e-05
0.00332031 1.88698e-05

0.00332031 1.79409e-05
0.00334473 2.00496e-05

0.00334473 1.88502e-05
0.00336914 2.16874e-05

0.00336914 2.03978e-05
0.00339355 2.32671e-05

0.00339355 2.24225e-05
0.00341797 2.38537e-05

0.00341797 2.24975e-05
0.00344238 2.40244e-05

0.00343984 2.44141e-05
0.00344238 2.45181e-05

0.00344238 2.2795e-05
0.00344892 2.44141e-05

0.00345251 2.44141e-05
0.0034668 2.76125e-05

0.0034668 2.6185e-05
0.00349121 4.2214e-05

0.00349121 4.68932e-05
0.00349327 4.88281e-05

0.00349505 4.88281e-05
0.00351563 6.88678e-05

0.00351563 6.91838e-05
0.00351964 7.32422e-05

0.00351982 7.32422e-05
0.00354004 9.46097e-05

0.00354004 9.45088e-05
0.00354294 9.76563e-05

0.00354295 9.76563e-05
0.00356445 0.00012202

0.00356446 0.00012207
0.00358451 0.000146484

0.00358457 0.000146484
0.00358887 0.00015208

0.00358887 0.000152262
0.00360315 0.000170898

0.00360305 0.000170898
0.00361328 0.000185127

0.00361328 0.000184765
0.00362073 0.000195313

0.00362093 0.000195313
0.00365297 0.000244141

0.00365305 0.000244141
0.00366211 0.000259812

0.00366211 0.000260343
0.00368096 0.000292969

0.00368095 0.000292969
0.00370581 0.000341797

0.00370524 0.000341797
0.00371094 0.000354486

0.00371094 0.000354461
0.0037284 0.000390625

0.00372824 0.000390625
0.00376428 0.000488281

0.00376397 0.000488281
0.00379023 0.000585938

0.00379003 0.000585937
0.00380754 0.000683594

0.00380758 0.000683594
0.00380859 0.00069415

0.00380859 0.000696064
0.00381681 0.00078125

0.00381673 0.00078125
0.00381853 0.000878906

0.00381847 0.000878906
0.00381296 0.000976562

0.00380859 0.00101019
0.00380031 0.00107422

0.00380028 0.00107422
0.00378061 0.00117188

0.00380859 0.00101002
0.00381292 0.000976562

0.00371094 0.00138952
0.00367918 0.00146484

0.00366211 0.00149937
0.00365523 0.00151367

0.00365519 0.00151367
0.00362978 0.0015625

0.00366211 0.00149924
0.00367866 0.00146484

0.00378063 0.00117187
0.00375393 0.00126953

0.0037535 0.00126953
0.00373751 0.00131836

0.00373752 0.00131836
0.00371972 0.00136719

0.00371094 0.00138932
0.00371981 0.00136719

0.00351563 0.00174632
0.00350785 0.00175781

0.00336914 0.00193061
0.00334899 0.00195312

0.00341797 0.00187386
0.00339259 0.0019043

0.00336914 0.00193092
0.00339231 0.0019043

0.0034668 0.00181292
0.00343335 0.00185547

0.00350774 0.00175781
0.00347173 0.00180664

0.0034668 0.00181312
0.00347175 0.00180664

0.00341797 0.00187411
0.00343316 0.00185547

0.00322266 0.00208074
0.00314627 0.00214844

0.00332031 0.00198401
0.00325411 0.00205078

0.00322266 0.00207997
0.00325361 0.00205078

0.003125 0.00216643
0.00314634 0.00214844

0.00332031 0.00198375
0.0033488 0.00195312

0.00361328 0.00159186
0.00357349 0.00166016

0.00356445 0.00167342
0.00354146 0.00170898

0.00351563 0.00174633
0.00354144 0.00170898

0.00356445 0.00167341
0.0035729 0.00166016

0.00361328 0.00159224
0.00362996 0.0015625

