7.01794e-05 0
7.32422e-05 8.47496e-06

7.32422e-05 1.07158e-06
9.76563e-05 2.41937e-05

9.76563e-05 1.2701e-05
0.00012207 1.26546e-05

0.00012207 1.29154e-05
0.000146484 1.22857e-05

0.000146484 1.26239e-05
0.000170898 1.18697e-05

0.000170898 1.19949e-05
0.000195313 1.21933e-05

0.000195313 1.21175e-05
0.000219727 1.26406e-05

0.000219727 1.22803e-05
0.000244141 1.26122e-05

0.000244141 1.24316e-05
0.000268555 1.27786e-05

0.000268555 1.25535e-05
0.000292969 1.28158e-05

0.000292969 1.2663e-05
0.000317383 1.29107e-05

0.000317383 1.27592e-05
0.000341797 1.29559e-05

0.000341797 1.28535e-05
0.000366211 1.29965e-05

0.000366211 1.29014e-05
0.000390625 1.30155e-05

0.000390625 1.29544e-05
0.000415039 1.30572e-05

0.000415039 1.29915e-05
0.000439453 1.30713e-05

0.000439453 1.30027e-05
0.000463867 1.31224e-05

0.000463867 1.30572e-05
0.000488281 1.31765e-05

0.000488281 1.30795e-05
0.000512695 1.32164e-05

0.000512695 1.31445e-05
0.000537109 1.32859e-05

0.000537109 1.32596e-05
0.000561523 1.32402e-05

0.000561523 1.3157e-05
0.000585937 1.32454e-05

0.000585938 1.3111e-05
0.000610352 1.35167e-05

0.000610352 1.34736e-05
0.000634766 1.35195e-05

0.000634766 1.34677e-05
0.00065918 1.32271e-05

0.00065918 1.31868e-05
0.000683594 1.34546e-05

0.000683594 1.34432e-05
0.000708008 1.36431e-05

0.000708008 1.36646e-05
0.000732422 1.3271e-05

0.000732422 1.34385e-05
0.000756836 1.30702e-05

0.000756836 1.31786e-05
0.00078125 1.32222e-05

0.00078125 1.3278e-05
0.000805664 1.32937e-05

0.000805664 1.3302e-05
0.000830078 1.31214e-05

0.000830078 1.32322e-05
0.000854492 1.30788e-05

0.000854492 1.31594e-05
0.000878906 1.30436e-05

0.000878906 1.31231e-05
0.00090332 1.3022e-05

0.00090332 1.30949e-05
0.000927734 1.29638e-05

0.000927734 1.30262e-05
0.000952148 1.29324e-05

0.000952148 1.30131e-05
0.000976562 1.29125e-05

0.000976562 1.29911e-05
0.00100098 1.28252e-05

0.00100098 1.28923e-05
0.00102539 1.27994e-05

0.00102539 1.29746e-05
0.0010498 1.27111e-05

0.0010498 1.26968e-05
0.00107422 1.26266e-05

0.00107422 1.30698e-05
0.00109863 1.25182e-05

0.00109863 1.30979e-05
0.00112305 1.14643e-05

0.00112305 1.13018e-05
0.00114746 1.2098e-05

0.00114746 1.28326e-05
0.00117187 1.27838e-05

0.00117188 1.27003e-05
0.00119629 1.06341e-05

0.00119629 1.03734e-05
0.0012207 1.25568e-05

0.0012207 1.30753e-05
0.00124512 1.31022e-05

0.00124512 1.26282e-05
0.00126953 1.03382e-05

0.00126953 1.06197e-05
0.00129395 1.25778e-05

0.00129395 1.27316e-05
0.00131836 1.27709e-05

0.00131836 1.17967e-05
0.00134277 1.14532e-05

0.00134277 1.20755e-05
0.00136719 1.29719e-05

0.00136719 2.3796e-05
0.0013916 6.50722e-07

0.0013916 9.20455e-06
0.00139499 0

0.00146257 0
0.00146484 6.57177e-06

0.00146484 2.79884e-06
0.00148591 2.44141e-05

0.00148772 2.44141e-05
0.00148926 2.49389e-05

0.00148926 1.56094e-05
0.00151367 1.69763e-05

0.00151367 1.70595e-05
0.00153809 1.55147e-05

0.0015625 2.5475e-06
0.00154135 2.44141e-05

0.00153809 2.48659e-05
0.0015394 2.44141e-05

0 0.00305244
0.000390625 0.00304271

0.000390625 0.00304145
0.000585937 0.00302932

0.000585938 0.00302946
0.00078125 0.00301229

0.00078125 0.00301237
0.000976562 0.00298974

0.000976562 0.00298983
0.00117188 0.00296139

0.00136719 0.00292652
0.00134934 0.00292969

0.00117187 0.00296106
0.00126953 0.00294457

0.00126953 0.00294458
0.00134981 0.00292969

0.00136719 0.00292698
0.0015625 0.00288539

0.0015625 6.33265e-06
0.00156469 0

0.00165528 0
0.00166016 1.16485e-05

0.00166016 1.06031e-05
0.00167601 2.44141e-05

0.00167495 2.44141e-05
0.00168457 2.77102e-05

0.00168457 1.80715e-05
0.00170898 1.76774e-05

0.00168457 2.45158e-05
0.00169665 2.44141e-05

0.0017334 9.57e-06
0.00171741 2.44141e-05

0.00170898 2.76853e-05
0.00171816 2.44141e-05

0.0017334 7.73046e-06
0.00173647 0

0.001805 0
0.00180664 4.73654e-06

0.00180763 0
0.00183105 1.83063e-05

0.00183105 8.56233e-06
0.00185547 4.35237e-06

0.00185547 3.82196e-06
0.00187988 1.04323e-05

0.00187988 6.61041e-06
0.0019043 1.1695e-05

0.0019043 8.41631e-06
0.00192871 1.06958e-05

0.00192871 8.90593e-06
0.00195312 1.18034e-05

0.00195312 8.94038e-06
0.00197754 1.34522e-05

0.00197754 1.40194e-05
0.00200195 1.23488e-05

0.00200195 1.66366e-05
0.00202637 3.58126e-06

0.00202637 4.12127e-06
0.00205078 8.15155e-06

0.00205078 8.21715e-06
0.0020752 1.57847e-05

0.0020752 9.04121e-06
0.00209961 1.15913e-05

0.00209961 1.36189e-05
0.00212402 1.3603e-05

0.00212402 1.31487e-05
0.00214844 7.46296e-06

0.00214844 7.05378e-06
0.00217285 1.32765e-05

0.00217285 1.4201e-05
0.00219727 1.40137e-05

0.00219727 1.32138e-05
0.00222168 6.86886e-06

0.00222168 6.8546e-06
0.00224609 1.36592e-05

0.00224609 1.41991e-05
0.00227051 1.41995e-05

0.00227051 1.40253e-05
0.00229492 6.48906e-06

0.00229492 7.32321e-06
0.00231934 1.19486e-05

0.00231934 1.04156e-05
0.00234375 1.54627e-05

0.00234375 1.54721e-05
0.00236816 1.04828e-05

0.00236816 1.24251e-05
0.00239258 6.84166e-06

0.00239258 6.86427e-06
0.00241699 1.26843e-05

0.00241699 1.06041e-05
0.00244141 1.53639e-05

0.00244141 1.53563e-05
0.00246582 1.05194e-05

0.00246582 1.23972e-05
0.00249023 7.14748e-06

0.00249023 7.15905e-06
0.00251465 1.26409e-05

0.00251465 1.0692e-05
0.00253906 1.52188e-05

0.00253906 1.52116e-05
0.00256348 1.06109e-05

0.00256348 1.23802e-05
0.00258789 7.41544e-06

0.00258789 7.41362e-06
0.0026123 1.26171e-05

0.0026123 1.08576e-05
0.00263672 1.50297e-05

0.00263672 1.49803e-05
0.00266113 1.05976e-05

0.00266113 1.17665e-05
0.00268555 8.30933e-06

0.00268555 7.54178e-06
0.00270996 1.39205e-05

0.00270996 1.40628e-05
0.00273438 1.39385e-05

0.00273437 1.38033e-05
0.00275879 7.49149e-06

0.00275879 8.28661e-06
0.0027832 1.18924e-05

0.0027832 1.07055e-05
0.00280762 1.48844e-05

0.00280762 1.4942e-05
0.00283203 1.07758e-05

0.00283203 1.20421e-05
0.00285645 8.02483e-06

0.00285645 7.2322e-06
0.00288086 1.37243e-05

0.00288086 1.39583e-05
0.00290527 1.40885e-05

0.00290527 1.35884e-05
0.00292969 7.54267e-06

0.00292969 7.42943e-06
0.0029541 1.31177e-05

0.0029541 1.40559e-05
0.00297852 1.4094e-05

0.00297852 1.37622e-05
0.00300293 6.83566e-06

0.00300293 6.57306e-06
0.00302734 1.31533e-05

0.00302734 1.42639e-05
0.00305176 1.42948e-05

0.00305176 1.36304e-05
0.00307617 6.13679e-06

0.00307617 6.18846e-06
0.00310059 1.33994e-05

0.00310059 1.17759e-05
0.003125 1.65868e-05

0.0015625 0.00288553
0.00175781 0.00283644

0.00185547 0.00280853
0.00177201 0.00283203

0.00175781 0.00283606
0.00177213 0.00283203

0.00185547 0.00280856
0.00195312 0.00277885

0.00214844 0.00271267
0.00208497 0.00273438

0.00214844 0.00271236
0.00224609 0.00267507

0.00234375 0.00263483
0.00233916 0.00263672

0.00224609 0.00267513
0.00233943 0.00263672

0.00195313 0.00277889
0.00205078 0.00274684

0.00205078 0.00274697
0.00208635 0.00273438

0.00292969 0.00231565
0.00288737 0.00234375

0.00302734 0.00224438
0.00302504 0.00224609

0.00297852 0.00228062
0.00295825 0.00229492

0.00292969 0.00231562
0.0029589 0.00229492

0.00297852 0.00228077
0.00302525 0.00224609

0.00302734 0.00224521
0.003125 0.00216712

0.00234375 0.00263501
0.00244141 0.00259165

0.00244141 0.00259172
0.00253906 0.00254489

0.00263672 0.00249437
0.00255049 0.00253906

0.00273437 0.00243943
0.00273084 0.00244141

0.00263672 0.00249448
0.00273131 0.00244141

0.00253906 0.00254485
0.00255023 0.00253906

0.00273438 0.00243983
0.00283203 0.00238032

0.00283203 0.00238047
0.00288734 0.00234375

0.003125 1.26241e-05
0.00314941 1.37057e-05

0.00314941 1.38347e-05
0.00317383 1.61674e-05

0.00317383 1.45647e-05
0.00319824 1.54715e-05

0.00319824 1.51558e-05
0.00322266 1.63517e-05

0.00322266 1.54178e-05
0.00324707 1.66614e-05

0.00324707 1.58891e-05
0.00327148 1.78151e-05

0.00327148 1.67696e-05
0.0032959 1.88628e-05

0.0032959 1.79611e-05
0.00332031 1.98227e-05

0.00332031 1.88758e-05
0.00334473 2.04799e-05

0.00334473 1.93136e-05
0.00336914 2.16784e-05

0.00336914 1.99124e-05
0.00339355 2.41729e-05

0.00339355 2.36406e-05
0.00339906 2.44141e-05

0.00339659 2.44141e-05
0.00341797 2.6377e-05

0.00341797 2.50279e-05
0.00344238 2.80233e-05

0.00344238 2.65152e-05
0.0034668 3.58389e-05

0.0034668 3.7077e-05
0.00348429 4.88281e-05

0.00348487 4.88281e-05
0.00349121 5.30928e-05

0.00349121 5.37244e-05
0.00351437 7.32422e-05

0.00351438 7.32422e-05
0.00351563 7.43679e-05

0.00351563 7.44726e-05
0.00353949 9.76563e-05

0.0035394 9.76563e-05
0.00354004 9.83157e-05

0.00354004 9.84187e-05
0.00356197 0.00012207

0.00356189 0.00012207
0.00356445 0.000124999

0.00356445 0.000125141
0.00358258 0.000146484

0.00358267 0.000146484
0.00358887 0.000154366

0.00358887 0.000154606
0.00360163 0.000170898

0.00360163 0.000170898
0.00361328 0.000186788

0.00361328 0.000186473
0.00361958 0.000195313

0.00361956 0.000195313
0.00363632 0.000219727

0.00363611 0.000219727
0.0036377 0.000222213

0.0036377 0.000221847
0.00365202 0.000244141

0.0036523 0.000244141
0.00366211 0.000260969

0.00366211 0.000261627
0.00366625 0.000268555

0.00366658 0.000268555
0.0036803 0.000292969

0.0036804 0.000292969
0.00368652 0.000304564

0.00368652 0.000304917
0.00369311 0.000317383

0.00369319 0.000317383
0.00370526 0.000341797

0.00370507 0.000341797
0.00371094 0.000354771

0.00371094 0.00035371
0.00371679 0.000366211

0.00371672 0.000366211
0.00372743 0.000390625

0.00372748 0.000390625
0.00374682 0.000439453

0.00374665 0.000439453
0.00375977 0.000477786

0.00375977 0.000475868
0.00376401 0.000488281

0.00376342 0.000488281
0.00377772 0.000537109

0.00377775 0.000537109
0.00378976 0.000585938

0.00379017 0.000585937
0.0038078 0.000683594

0.00380785 0.000683594
0.00380859 0.00069125

0.00380859 0.000693321
0.00381714 0.00078125

0.00381705 0.00078125
0.00381889 0.000878906

0.00381883 0.000878906
0.00381335 0.000976562

0.00380859 0.00101321
0.00380072 0.00107422

0.00380069 0.00107422
0.00378105 0.00117188

0.00380859 0.0010131
0.00381331 0.000976562

0.00371094 0.00139067
0.00367966 0.00146484

0.00366211 0.00150037
0.00365571 0.00151367

0.00365568 0.00151367
0.00363025 0.0015625

0.00366211 0.00150027
0.00367916 0.00146484

0.00378107 0.00117187
0.0037544 0.00126953

0.00375397 0.00126953
0.00373799 0.00131836

0.003738 0.00131836
0.00372022 0.00136719

0.00371094 0.00139063
0.00372034 0.00136719

0.00351563 0.00174687
0.00350821 0.00175781

0.00341797 0.00187466
0.00335006 0.00195312

0.0034668 0.00181339
0.00343368 0.00185547

0.00350812 0.00175781
0.00347209 0.00180664

0.0034668 0.00181357
0.00347209 0.00180664

0.00341797 0.00187457
0.00343359 0.00185547

0.00322266 0.00208102
0.00314659 0.00214844

0.00332031 0.00198433
0.0032544 0.00205078

0.00322266 0.00208024
0.00325389 0.00205078

0.003125 0.00216672
0.00314669 0.00214844

0.00332031 0.00198407
0.00334914 0.00195312

0.00361328 0.00159262
0.0035739 0.00166016

0.00356445 0.00167404
0.00354185 0.00170898

0.00351563 0.0017469
0.00354184 0.00170898

0.00356445 0.00167409
0.00357335 0.00166016

0.00361328 0.00159304
0.00363043 0.0015625

