0 6.77774e-05
0.000244141 6.73961e-05

0.000244141 6.72933e-05
0.000488281 6.75989e-05

0.000488281 6.7069e-05
0.000732422 6.833e-05

0.000732422 6.76484e-05
0.000976562 6.81762e-05

0 0.00164964
0.000244141 0.00164914

0.000244141 0.00164912
0.000488281 0.00164769

0.000488281 0.0016476
0.000732422 0.00164544

0.000732422 0.00164559
0.000976562 0.00164259

0.000976562 6.84236e-05
0.00109863 6.78784e-05

0.00109863 6.74456e-05
0.0012207 6.78329e-05

0.0012207 6.84535e-05
0.00134277 6.84236e-05

0.00134277 6.75095e-05
0.00146484 6.77246e-05

0.00146484 7.28457e-05
0.00158691 6.43511e-05

0.00170801 0
0.0015887 0.00012207

0.00170898 4.08139e-05
0.00172368 0

0.000976562 0.0016425
0.0012207 0.00163855

0.0012207 0.00163864
0.00146484 0.00163377

0.00146484 0.0016338
0.00170898 0.00162779

0.00170898 0.00162784
0.00195312 0.00162051

0.00201923 0
0.0020752 0.000100654

0.0020752 9.22107e-05
0.00219727 4.59584e-05

0.00219727 4.09046e-05
0.00221161 0

0.00195312 0.00162056
0.00219727 0.00161173

0.00219727 0.00161177
0.00244141 0.00160125

0.00244141 0.00160134
0.00268555 0.00158885

0.00268555 0.00158884
0.00292969 0.00157422

0.00292969 0.00157408
0.00305176 0.00156599

0.00305176 0.00156602
0.00317383 0.00155736

0.00317383 0.00155738
0.0032959 0.00154808

0.0032959 0.00154809
0.00341797 0.00153811

0.00341797 0.00153812
0.00354004 0.0015274

0.00354004 0.00152741
0.00366211 0.00151591

0.00366211 0.00151593
0.00378418 0.0015036

0.00378418 0.00150362
0.00390625 0.0014904

0.00415039 0.00146128
0.00412157 0.00146484

0.00415039 0.00146118
0.00427246 0.00144506

0.00427246 0.00144507
0.00439453 0.00142788

0.00390625 0.00149041
0.00402832 0.00147627

0.00402832 0.00147624
0.00412038 0.00146484

0.00439453 0.0014279
0.0045166 0.00140956

0.0045166 0.00140959
0.00463867 0.00139001

0.00463867 0.00139004
0.00476074 0.0013691

0.00476074 0.00136913
0.00488281 0.00134673

0.00548376 0
0.00549316 2.60217e-05

0.00549316 2.72957e-05
0.0055627 0.00012207

0.00555985 0.00012207
0.00561523 0.000156607

0.00561523 0.00013958
0.0057373 0.000166929

0.0057373 0.000170996
0.00585938 0.000144222

0.00500488 0.00132292
0.00490372 0.00134277

0.00488281 0.00134614
0.00489994 0.00134277

0.00500488 0.00132283
0.00512695 0.00129719

0.00512695 0.00129723
0.00524902 0.00126979

0.00524902 0.00126982
0.00537109 0.00124044

0.00561523 0.00117582
0.00544758 0.0012207

0.00537109 0.00124063
0.00544836 0.0012207

0.00561523 0.00117618
0.00585938 0.00110102

0.00598145 4.25675e-05
0.00591199 0.00012207

0.00585938 0.00012804
0.00586983 0.00012207

0.00598145 9.62252e-05
0.00602773 0

0.00634766 0.000914806
0.0061979 0.000976562

0.00634766 0.000914113
0.00646973 0.000857892

0.0065918 0.000797048
0.00647682 0.000854492

0.00646973 0.000857861
0.00647647 0.000854492

0.00671387 0.000729675
0.00670881 0.000732422

0.00671387 0.000731047
0.00683594 0.000658547

0.0065918 0.000797245
0.00671103 0.000732422

0.00598145 0.00105883
0.00586472 0.00109863

0.00585938 0.00110141
0.00586753 0.00109863

0.00598145 0.00105895
0.00610352 0.00101416

0.00610352 0.00101441
0.0061992 0.000976562

0.00732422 0.000287212
0.00708873 0.000488281

0.00695801 0.000579837
0.0069112 0.000610352

0.00683594 0.000658426
0.00690967 0.000610352

0.00695801 0.000579555
0.00708008 0.000491691

0.00744629 0.000162756
0.00736844 0.000244141

0.00756012 0
0.00750674 0.00012207

0.00744629 0.000163808
0.00748335 0.00012207

0.00732422 0.000290298
0.00737259 0.000244141

