7.06021e-05 0
7.32422e-05 4.3952e-06

8.96981e-05 0
9.76563e-05 3.63603e-06

0.00011625 0
0.00012207 4.49678e-06

0.000138337 0
0.000146484 8.24418e-06

0.00016105 0
0.000170898 1.23045e-05

0.000174896 0
0.000195313 1.64576e-05

0.000195313 5.42461e-06
0.000219727 1.32999e-05

0.000219727 8.96985e-06
0.000244141 1.26212e-05

0.000244141 1.0187e-05
0.000268555 1.27682e-05

0.000268555 1.12529e-05
0.000292969 1.35927e-05

0.000292969 1.21685e-05
0.000317383 1.39416e-05

0.000317383 1.29489e-05
0.000341797 1.44251e-05

0.000341797 1.35838e-05
0.000366211 1.47266e-05

0.000366211 1.4101e-05
0.000390625 1.50384e-05

0.000390625 1.45318e-05
0.000415039 1.52683e-05

0.000415039 1.48732e-05
0.000439453 1.54636e-05

0.000439453 1.51276e-05
0.000463867 1.56499e-05

0.000463867 1.52489e-05
0.000488281 1.59658e-05

0.000488281 1.54459e-05
0.000512695 1.65571e-05

0.000512695 1.61742e-05
0.000537109 1.69883e-05

0.000537109 1.63747e-05
0.000561523 1.70933e-05

0.000561523 1.66959e-05
0.000585937 1.7787e-05

0.000585938 1.72891e-05
0.000610352 1.8234e-05

0.000610352 1.83524e-05
0.000634766 1.79604e-05

0.000634766 1.71407e-05
0.00065918 1.76174e-05

0.00065918 1.82015e-05
0.000683594 1.90427e-05

0.000683594 1.89383e-05
0.000708008 1.74929e-05

0.000708008 1.75321e-05
0.000732422 1.68604e-05

0.000732422 1.76573e-05
0.000756836 1.74866e-05

0.000756836 1.758e-05
0.00078125 1.64892e-05

0 0.00106315
4.88281e-05 0.00106318

4.88281e-05 0.00106318
9.76563e-05 0.00106325

9.76563e-05 0.00106324
0.000146484 0.00106335

0.000146484 0.00106337
0.000195313 0.00106351

0.000195313 0.0010635
0.000244141 0.00106364

0.000244141 0.00106365
0.000292969 0.00106381

0.000292969 0.0010638
0.000341797 0.00106397

0.000341797 0.00106398
0.000390625 0.00106417

0.000390625 0.00106417
0.000439453 0.00106435

0.000439453 0.00106435
0.000488281 0.00106452

0.000488281 0.00106452
0.000537109 0.00106468

0.000537109 0.00106468
0.000585938 0.00106482

0.000585937 0.00106482
0.000634766 0.00106494

0.000634766 0.00106494
0.00065918 0.001065

0.00065918 0.001065
0.000683594 0.00106504

0.000683594 0.00106504
0.000708008 0.00106507

0.000708008 0.00106507
0.000732422 0.00106509

0.000732422 0.00106509
0.000756836 0.00106511

0.000756836 0.00106511
0.00078125 0.00106512

0.00078125 1.70104e-05
0.000805664 1.61023e-05

0.000805664 1.65947e-05
0.000830078 1.5829e-05

0.000830078 1.62577e-05
0.000854492 1.54989e-05

0.000854492 1.58733e-05
0.000878906 1.52342e-05

0.000878906 1.55955e-05
0.00090332 1.50736e-05

0.00090332 1.54652e-05
0.000927734 1.47682e-05

0.000927734 1.50809e-05
0.000952148 1.44398e-05

0.000952148 1.50875e-05
0.000976562 1.41089e-05

0.000976562 1.44642e-05
0.00100098 1.35081e-05

0.00100098 1.48947e-05
0.00102539 1.28284e-05

0.00102539 1.283e-05
0.0010498 1.2086e-05

0.0010498 1.51468e-05
0.00107422 1.15176e-05

0.00107422 1.43638e-05
0.00109863 5.68188e-06

0.00109863 5.41131e-06
0.00112305 1.13528e-05

0.00112305 1.00481e-05
0.00114746 1.6497e-05

0.00114746 1.55658e-05
0.00117187 9.56126e-06

0.00117188 1.63037e-05
0.00119629 2.41096e-06

0.00119719 0
0.0012207 1.15736e-05

0.0012207 1.51022e-05
0.00124512 1.53342e-05

0.00124512 1.04746e-05
0.00126953 9.36548e-07

0.00126953 2.77669e-06
0.00129395 1.80163e-05

0.00129395 1.40717e-05
0.00131836 1.42621e-05

0.00131836 1.30443e-05
0.00134277 8.0048e-06

0.00134277 1.04422e-05
0.00136719 1.15334e-05

0.00136719 2.21422e-05
0.0013916 2.08325e-07

0.0013916 9.97106e-06
0.00139538 0

0.00146339 0
0.00146484 4.2843e-06

0.00146484 8.17433e-07
0.00148723 2.44141e-05

0.00148864 2.44141e-05
0.00148926 2.46303e-05

0.00148926 1.42345e-05
0.00151367 1.57483e-05

0.00151367 1.54833e-05
0.00153809 1.41205e-05

0.00151367 2.44716e-05
0.00151629 2.44141e-05

0.0015625 1.67029e-06
0.00153992 2.44141e-05

0.00153809 2.50101e-05
0.00153986 2.44141e-05

0.00078125 0.00106512
0.000805664 0.00106513

0.000805664 0.00106513
0.000830078 0.00106512

0.000830078 0.00106512
0.000854492 0.00106511

0.000854492 0.00106511
0.000878906 0.00106508

0.000878906 0.00106508
0.00090332 0.00106504

0.00090332 0.00106504
0.000927734 0.00106498

0.000927734 0.00106498
0.000952148 0.00106492

0.000952148 0.00106492
0.000976562 0.00106484

0.000976562 0.00106484
0.00100098 0.00106475

0.00100098 0.00106475
0.00102539 0.00106465

0.00102539 0.00106465
0.0010498 0.00106454

0.0010498 0.00106454
0.00107422 0.00106442

0.00107422 0.00106442
0.00109863 0.00106429

0.00109863 0.00106429
0.00112305 0.00106414

0.00112305 0.00106414
0.00114746 0.00106399

0.00114746 0.00106399
0.00117187 0.00106383

0.00117188 0.00106383
0.00119629 0.00106365

0.00119629 0.00106365
0.0012207 0.00106347

0.0012207 0.00106347
0.00124512 0.00106328

0.00124512 0.00106328
0.00126953 0.00106308

0.00126953 0.00106308
0.00129395 0.00106287

0.00129395 0.00106287
0.00131836 0.00106265

0.00131836 0.00106265
0.00134277 0.00106242

0.00134277 0.00106242
0.00136719 0.00106218

0.00136719 0.00106218
0.0013916 0.00106194

0.0013916 0.00106194
0.00141602 0.00106168

0.00141602 0.00106168
0.00144043 0.00106142

0.00144043 0.00106142
0.00146484 0.00106114

0.00146484 0.00106114
0.00148926 0.00106086

0.00148926 0.00106086
0.00151367 0.00106057

0.00151367 0.00106057
0.00153809 0.00106027

0.00153809 0.00106027
0.0015625 0.00105997

0.0015625 7.33851e-06
0.00156508 0

0.00165705 0
0.00166016 7.86774e-06

0.00166016 8.69974e-06
0.00167634 2.44141e-05

0.00167705 2.44141e-05
0.00168457 2.72531e-05

0.00168457 1.8794e-05
0.00170898 1.90919e-05

0.0017334 9.49562e-06
0.00171706 2.44141e-05

0.00170898 2.76626e-05
0.00171798 2.44141e-05

0.0017334 1.2481e-05
0.00173855 0

0.00180496 0
0.00180664 4.61467e-06

0.00181758 0
0.00183105 1.25597e-05

0.00183879 0
0.00185547 1.00336e-05

0.00185668 0
0.00187988 1.4571e-05

0.00187988 6.05313e-06
0.0019043 1.17612e-05

0.0019043 7.89647e-06
0.00192871 1.13035e-05

0.00192871 8.76699e-06
0.00195312 1.2659e-05

0.00195312 1.1022e-05
0.00197754 1.2738e-05

0.00197754 2.24169e-05
0.00200195 1.17722e-06

0.00200195 5.71878e-06
0.0020125 0

0.00203019 0
0.00205078 1.85108e-05

0.00205078 5.37994e-06
0.0020752 1.25629e-05

0.0020752 8.01088e-06
0.00209961 1.48979e-05

0.00209961 1.55455e-05
0.00212402 1.08774e-05

0.00212402 1.22063e-05
0.00214844 4.79092e-06

0.00214844 3.66134e-06
0.00217285 1.47777e-05

0.00217285 1.48512e-05
0.00219727 1.48275e-05

0.00219727 1.49121e-05
0.00222168 3.49589e-06

0.00222168 3.40973e-06
0.00224609 1.33e-05

0.00224609 1.35634e-05
0.00227051 1.58094e-05

0.00227051 1.75667e-05
0.00229492 2.05855e-06

0.00229492 1.6563e-06
0.00231934 1.05927e-05

0.00231934 9.37975e-06
0.00234375 1.91045e-05

0.0015625 0.00105997
0.00158691 0.00105966

0.00158691 0.00105966
0.00161133 0.00105934

0.00161133 0.00105934
0.00163574 0.00105902

0.00163574 0.00105902
0.00166016 0.00105869

0.00166016 0.00105869
0.00168457 0.00105836

0.00168457 0.00105836
0.00170898 0.00105802

0.00170898 0.00105802
0.0017334 0.00105768

0.0017334 0.00105768
0.00175781 0.00105733

0.00175781 0.00105733
0.00178223 0.00105698

0.00178223 0.00105698
0.00180664 0.00105663

0.00180664 0.00105663
0.00183105 0.00105627

0.00183105 0.00105627
0.00185547 0.00105592

0.00185547 0.00105592
0.00187988 0.00105555

0.00187988 0.00105555
0.0019043 0.00105519

0.0019043 0.00105519
0.00192871 0.00105482

0.00192871 0.00105482
0.00195312 0.00105445

0.00195312 0.00105446
0.00197754 0.00105408

0.00197754 0.00105408
0.00200195 0.00105371

0.00200195 0.00105371
0.00202637 0.00105333

0.00202637 0.00105333
0.00205078 0.00105295

0.00205078 0.00105295
0.0020752 0.00105257

0.0020752 0.00105257
0.00209961 0.00105218

0.00209961 0.00105218
0.00212402 0.00105179

0.00212402 0.00105179
0.00214844 0.00105139

0.00214844 0.00105139
0.00217285 0.00105098

0.00217285 0.00105098
0.00219727 0.00105058

0.00219727 0.00105058
0.00222168 0.00105016

0.00224609 0.00104975
0.00224287 0.0010498

0.00222168 0.00105016
0.00224289 0.0010498

0.00224609 0.00104975
0.00227051 0.00104933

0.00227051 0.00104933
0.00229492 0.00104891

0.00229492 0.00104891
0.00231934 0.00104848

0.00231934 0.00104848
0.00234375 0.00104806

0.00234375 1.67313e-05
0.00236816 7.99055e-06

0.00236816 1.58737e-05
0.00239258 1.26524e-06

0.00239403 0
0.00241699 1.14846e-05

0.00241699 8.44161e-06
0.00244141 1.98788e-05

0.00244141 1.70193e-05
0.00246582 8.25949e-06

0.00246582 1.48731e-05
0.00249023 1.99585e-06

0.00249023 1.12621e-07
0.00251465 1.25617e-05

0.00251465 9.6541e-06
0.00253906 1.93144e-05

0.00253906 1.723e-05
0.00256348 8.09839e-06

0.00256348 1.47625e-05
0.00258789 2.16783e-06

0.00258789 4.39874e-07
0.0026123 1.24874e-05

0.0026123 9.43246e-06
0.00263672 1.92541e-05

0.00263672 1.76305e-05
0.00266113 8.18592e-06

0.00266113 1.11301e-05
0.00268555 5.10576e-06

0.00268555 4.09626e-06
0.00270996 1.53282e-05

0.00270996 1.44488e-05
0.00273438 1.47053e-05

0.00273437 1.5187e-05
0.00275879 4.5788e-06

0.00275879 5.16021e-06
0.0027832 1.16158e-05

0.0027832 1.00843e-05
0.00280762 1.67458e-05

0.00280762 1.57858e-05
0.00283203 9.71593e-06

0.00283203 1.15638e-05
0.00285645 7.25625e-06

0.00285645 6.35087e-06
0.00288086 1.42271e-05

0.00288086 1.40311e-05
0.00290527 1.42834e-05

0.00290527 1.35283e-05
0.00292969 7.38777e-06

0.00292969 7.95663e-06
0.0029541 1.27416e-05

0.0029541 1.25348e-05
0.00297852 1.41987e-05

0.00297852 1.23027e-05
0.00300293 1.06008e-05

0.00300293 1.12255e-05
0.00302734 1.32536e-05

0.00302734 1.24612e-05
0.00305176 1.3141e-05

0.00305176 1.26722e-05
0.00307617 1.27453e-05

0.00307617 1.27046e-05
0.00310059 1.29995e-05

0.00310059 1.28272e-05
0.003125 1.30035e-05

0.00234375 0.00104806
0.00236816 0.00104762

0.00236816 0.00104762
0.00239258 0.00104718

0.00239258 0.00104718
0.00241699 0.00104674

0.00241699 0.00104674
0.00244141 0.0010463

0.00244141 0.0010463
0.00246582 0.00104584

0.00246582 0.00104584
0.00249023 0.00104539

0.00249023 0.00104539
0.00251465 0.00104493

0.00251465 0.00104493
0.00253906 0.00104446

0.00253906 0.00104446
0.00256348 0.00104399

0.00256348 0.00104399
0.00258789 0.00104351

0.00258789 0.00104351
0.0026123 0.00104302

0.0026123 0.00104302
0.00263672 0.00104253

0.00263672 0.00104253
0.00266113 0.00104204

0.00266113 0.00104204
0.00268555 0.00104154

0.00268555 0.00104154
0.00270996 0.00104103

0.00270996 0.00104103
0.00273438 0.00104052

0.00273437 0.00104052
0.00275879 0.00104001

0.00275879 0.00104001
0.0027832 0.00103949

0.0027832 0.00103949
0.00280762 0.00103896

0.00280762 0.00103896
0.00283203 0.00103843

0.00283203 0.00103843
0.00285645 0.0010379

0.00285645 0.0010379
0.00288086 0.00103736

0.00288086 0.00103736
0.00290527 0.00103681

0.00290527 0.00103681
0.00292969 0.00103627

0.00292969 0.00103627
0.0029541 0.00103571

0.0029541 0.00103571
0.00297852 0.00103515

0.00297852 0.00103515
0.00300293 0.00103459

0.00300293 0.00103459
0.00302734 0.00103402

0.00302734 0.00103402
0.00305176 0.00103345

0.00305176 0.00103345
0.00307617 0.00103287

0.00307617 0.00103287
0.00310059 0.00103229

0.00310059 0.00103229
0.003125 0.0010317

0.003125 1.28873e-05
0.00314941 1.30655e-05

0.00314941 1.29544e-05
0.00317383 1.31288e-05

0.00317383 1.30257e-05
0.00319824 1.31755e-05

0.00319824 1.30805e-05
0.00322266 1.3217e-05

0.00322266 1.31213e-05
0.00324707 1.3276e-05

0.00324707 1.31974e-05
0.00327148 1.33231e-05

0.00327148 1.3203e-05
0.0032959 1.33762e-05

0.0032959 1.33189e-05
0.00332031 1.34534e-05

0.00332031 1.33141e-05
0.00334473 1.34614e-05

0.00334473 1.34072e-05
0.00336914 1.3581e-05

0.00336914 1.34267e-05
0.00339355 1.36045e-05

0.00339355 1.3534e-05
0.00341797 1.37171e-05

0.00341797 1.3569e-05
0.00344238 1.37343e-05

0.00344238 1.36512e-05
0.0034668 1.38467e-05

0.0034668 1.37042e-05
0.00349121 1.38925e-05

0.00349121 1.38747e-05
0.00351563 1.39072e-05

0.00351563 1.37674e-05
0.00354004 1.38785e-05

0.00354004 1.35961e-05
0.00356445 1.43543e-05

0.00356445 1.4252e-05
0.00358887 1.45571e-05

0.00358887 1.43394e-05
0.00361328 1.40858e-05

0.00361328 1.41474e-05
0.0036377 1.42665e-05

0.0036377 1.38514e-05
0.00366211 1.47588e-05

0.00366211 1.47718e-05
0.00368652 1.50728e-05

0.00368652 1.47825e-05
0.00371094 1.43101e-05

0.00371094 1.43715e-05
0.00373535 1.47176e-05

0.00373535 1.41105e-05
0.00375977 1.55347e-05

0.00375977 1.54743e-05
0.00378418 1.59443e-05

0.00378418 1.54638e-05
0.00380859 1.49702e-05

0.00380859 1.50143e-05
0.00383301 1.55763e-05

0.00383301 1.54855e-05
0.00385742 1.58922e-05

0.00385742 1.55397e-05
0.00388184 1.57428e-05

0.00388184 1.54563e-05
0.00390625 1.62701e-05

0.003125 0.0010317
0.00314941 0.00103111

0.00314941 0.00103111
0.00317383 0.00103051

0.00317383 0.00103051
0.00319824 0.0010299

0.00319824 0.0010299
0.00322266 0.0010293

0.00322266 0.0010293
0.00324707 0.00102868

0.00324707 0.00102868
0.00327148 0.00102806

0.00327148 0.00102806
0.0032959 0.00102744

0.0032959 0.00102744
0.00332031 0.00102681

0.00332031 0.00102681
0.00334473 0.00102618

0.00334473 0.00102618
0.00336914 0.00102555

0.00341797 0.00102427
0.00337519 0.00102539

0.00336914 0.00102555
0.00337514 0.00102539

0.00341797 0.00102427
0.0034668 0.00102296

0.0034668 0.00102296
0.00351563 0.00102164

0.00351563 0.00102164
0.00356445 0.00102031

0.00356445 0.00102031
0.00361328 0.00101896

0.00361328 0.00101896
0.00366211 0.0010176

0.00366211 0.0010176
0.00371094 0.00101622

0.00371094 0.00101622
0.00375977 0.00101482

0.00375977 0.00101482
0.00380859 0.00101341

0.00380859 0.00101341
0.00385742 0.00101197

0.00385742 0.00101197
0.00390625 0.00101052

0.00390625 1.59505e-05
0.00393066 1.67478e-05

0.00393066 1.72716e-05
0.00395508 1.58728e-05

0.00395508 1.59166e-05
0.00397949 1.43138e-05

0.00397949 1.48773e-05
0.00400391 1.55527e-05

0.00400391 1.55182e-05
0.00402832 1.58413e-05

0.00402832 1.59695e-05
0.00405273 1.50081e-05

0.00405273 1.53012e-05
0.00407715 1.44429e-05

0.00407715 1.41892e-05
0.00410156 1.53817e-05

0.00410156 1.5138e-05
0.00412598 1.65697e-05

0.00412598 1.61755e-05
0.00415039 1.58388e-05

0.00415039 1.5801e-05
0.0041748 1.53235e-05

0.0041748 1.45698e-05
0.00419922 1.66266e-05

0.00419922 1.68196e-05
0.00422363 1.79062e-05

0.00422363 1.71597e-05
0.00424805 1.60221e-05

0.00424805 1.52507e-05
0.00427246 1.73977e-05

0.00427246 1.8083e-05
0.00429688 1.90749e-05

0.00429688 1.8281e-05
0.00432129 1.62842e-05

0.00432129 1.54087e-05
0.0043457 1.79421e-05

0.0043457 1.92623e-05
0.00437012 2.01698e-05

0.00437012 1.9098e-05
0.00439453 1.60677e-05

0.00439453 1.65263e-05
0.00441895 1.69783e-05

0.00441895 1.77394e-05
0.00444336 1.82791e-05

0.00444336 1.84072e-05
0.00446777 1.61296e-05

0.00446777 1.68427e-05
0.00449219 1.49201e-05

0.00449219 1.56003e-05
0.0045166 1.55449e-05

0.0045166 1.53484e-05
0.00454102 1.63193e-05

0.00454102 1.59218e-05
0.00456543 1.69111e-05

0.00456543 1.70735e-05
0.00458984 1.63606e-05

0.00458984 1.61886e-05
0.00461426 1.53666e-05

0.00461426 1.46618e-05
0.00463867 1.73297e-05

0.00463867 1.68317e-05
0.00466309 1.95279e-05

0.00466309 1.91217e-05
0.0046875 1.80944e-05

0.00390625 0.00101052
0.00395508 0.00100906

0.00395508 0.00100906
0.00400391 0.00100757

0.00400391 0.00100757
0.00405273 0.00100607

0.00405273 0.00100607
0.00410156 0.00100455

0.00410156 0.00100455
0.00415039 0.00100302

0.00415039 0.00100302
0.00419922 0.00100149

0.00422363 0.00100073
0.0042158 0.00100098

0.00419922 0.0010015
0.00421584 0.00100098

0.00422363 0.00100073
0.00424805 0.000999968

0.00424805 0.000999967
0.00427246 0.000999205

0.00427246 0.000999205
0.00429688 0.000998444

0.00429688 0.000998443
0.00432129 0.000997683

0.00432129 0.000997683
0.0043457 0.000996925

0.0043457 0.000996925
0.00437012 0.000996169

0.00437012 0.000996169
0.00439453 0.000995413

0.00439453 0.000995413
0.00441895 0.000994658

0.00441895 0.000994658
0.00444336 0.000993903

0.00444336 0.000993903
0.00446777 0.000993149

0.00446777 0.000993149
0.00449219 0.000992395

0.00449219 0.000992395
0.0045166 0.000991642

0.0045166 0.000991642
0.00454102 0.00099089

0.00454102 0.00099089
0.00456543 0.00099014

0.00456543 0.00099014
0.00458984 0.000989391

0.00458984 0.000989391
0.00461426 0.000988643

0.00461426 0.000988642
0.00463867 0.000987897

0.00463867 0.000987897
0.00466309 0.000987153

0.00466309 0.000987153
0.0046875 0.000986411

0.0046875 1.81135e-05
0.00471191 1.62107e-05

0.00471191 1.52485e-05
0.00473633 1.83445e-05

0.00473633 2.01043e-05
0.00476074 2.02151e-05

0.00476074 1.7896e-05
0.00478516 1.59185e-05

0.00478516 1.69436e-05
0.00480957 1.94778e-05

0.00480957 1.88055e-05
0.00483398 2.00436e-05

0.00483398 2.01754e-05
0.0048584 1.87223e-05

0.0048584 1.85226e-05
0.00488281 1.74202e-05

0.00488281 1.70629e-05
0.00490723 1.96299e-05

0.00490723 1.97136e-05
0.00493164 2.13632e-05

0.00493164 1.98855e-05
0.00495605 2.01066e-05

0.00495605 2.21379e-05
0.00498047 1.9381e-05

0.00498047 1.64553e-05
0.00500488 1.80228e-05

0.00500488 2.15134e-05
0.0050293 2.30279e-05

0.00501608 2.44141e-05
0.0050293 2.48296e-05

0.0050293 2.04553e-05
0.00505371 1.70102e-05

0.0050293 2.47949e-05
0.00503461 2.44141e-05

0.00505371 1.77677e-05
0.00507813 1.99957e-05

0.00507813 2.00054e-05
0.00510254 2.19576e-05

0.00510254 2.21457e-05
0.00512695 1.95221e-05

0.00512695 1.95942e-05
0.00515137 1.71218e-05

0.00515137 1.74796e-05
0.00517578 1.92433e-05

0.00517578 1.92216e-05
0.0052002 2.10218e-05

0.0052002 2.06334e-05
0.00522461 1.96899e-05

0.00522461 1.97838e-05
0.00524902 1.85724e-05

0.00524902 1.86762e-05
0.00527344 1.92244e-05

0.00527344 1.94171e-05
0.00529785 2.00355e-05

0.00529785 2.01479e-05
0.00532227 1.89895e-05

0.00532227 1.83715e-05
0.00534668 1.87643e-05

0.00534668 1.88517e-05
0.00537109 2.10714e-05

0.00537109 2.04989e-05
0.00539551 2.10762e-05

0.00539551 2.09821e-05
0.00541992 2.00956e-05

0.00541992 2.05331e-05
0.00544434 1.92691e-05

0.00544434 1.77287e-05
0.00546875 2.08209e-05

0.0046875 0.000986411
0.00471191 0.000985671

0.00471191 0.000985671
0.00473633 0.000984934

0.00473633 0.000984934
0.00476074 0.000984198

0.00476074 0.000984198
0.00478516 0.000983465

0.00478516 0.000983465
0.00480957 0.000982734

0.00480957 0.000982734
0.00483398 0.000982006

0.00483398 0.000982006
0.0048584 0.00098128

0.0048584 0.00098128
0.00488281 0.000980556

0.0050293 0.000976269
0.00501918 0.000976562

0.0050293 0.00097627
0.00505371 0.000975563

0.00505371 0.000975563
0.00507813 0.000974859

0.00488281 0.000980556
0.00490723 0.000979835

0.00490723 0.000979835
0.00493164 0.000979117

0.00493164 0.000979117
0.00495605 0.000978401

0.00495605 0.000978401
0.00498047 0.000977688

0.00498047 0.000977688
0.00500488 0.000976977

0.00500488 0.000976978
0.00501921 0.000976562

0.00507813 0.000974858
0.00510254 0.000974157

0.00510254 0.000974157
0.00512695 0.000973458

0.00512695 0.000973458
0.00515137 0.000972762

0.00515137 0.000972762
0.00517578 0.000972069

0.00517578 0.000972069
0.0052002 0.00097138

0.0052002 0.00097138
0.00522461 0.000970693

0.00522461 0.000970693
0.00524902 0.000970009

0.00524902 0.000970009
0.00527344 0.000969329

0.00527344 0.000969328
0.00529785 0.000968651

0.00529785 0.000968651
0.00532227 0.000967977

0.00532227 0.000967977
0.00534668 0.000967306

0.00534668 0.000967306
0.00537109 0.000966639

0.00537109 0.000966639
0.00539551 0.000965975

0.00539551 0.000965975
0.00541992 0.000965315

0.00541992 0.000965315
0.00544434 0.000964658

0.00544434 0.000964658
0.00546875 0.000964006

0.00546875 2.12669e-05
0.00549101 2.44141e-05

0.00548882 2.44141e-05
0.00549316 2.47286e-05

0.00549316 2.36783e-05
0.00551758 2.16101e-05

0.00549316 2.49993e-05
0.00550689 2.44141e-05

0.00551758 2.27937e-05
0.00554199 1.90564e-05

0.00554199 1.6383e-05
0.00556641 2.11676e-05

0.00555405 2.44141e-05
0.00556641 2.61035e-05

0.00556641 2.2541e-05
0.00558188 2.44141e-05

0.00556641 2.74393e-05
0.00559082 2.89451e-05

0.00561523 1.86196e-05
0.00559216 2.44141e-05

0.00559082 2.64933e-05
0.00560348 2.44141e-05

0.00561523 2.13992e-05
0.00563965 1.776e-05

0.00563965 1.55197e-05
0.00566406 2.07738e-05

0.00565327 2.44141e-05
0.00566406 2.5852e-05

0.00566406 2.32057e-05
0.00568848 2.39625e-05

0.00566406 2.67221e-05
0.00568848 2.71046e-05

0.00568848 2.08626e-05
0.00571289 1.69279e-05

0.00568848 2.5731e-05
0.00570088 2.44141e-05

0.00571289 1.87581e-05
0.0057373 2.30399e-05

0.0057373 2.19515e-05
0.00575984 2.44141e-05

0.00575094 2.44141e-05
0.00576172 2.50165e-05

0.00578613 2.18583e-05
0.00576878 2.44141e-05

0.00576172 2.5085e-05
0.00577066 2.44141e-05

0.00578613 2.18844e-05
0.00581055 1.76108e-05

0.00581055 1.72405e-05
0.00583496 2.13472e-05

0.00583496 2.16136e-05
0.00584763 2.44141e-05

0.0058477 2.44141e-05
0.00585938 2.58083e-05

0.00588379 2.36499e-05
0.00587388 2.44141e-05

0.00585938 2.57854e-05
0.00588379 2.477e-05

0.00588379 2.32968e-05
0.0059082 2.06109e-05

0.00588379 2.47509e-05
0.00588906 2.44141e-05

0.0059082 2.30751e-05
0.00593262 2.09345e-05

0.00593262 1.8506e-05
0.00595703 2.11232e-05

0.0059522 2.44141e-05
0.00595703 2.47552e-05

0.00595703 2.18593e-05
0.00596897 2.44141e-05

0.00595703 2.45931e-05
0.00598145 2.7564e-05

0.00600586 2.38792e-05
0.00599778 2.44141e-05

0.00598145 2.64726e-05
0.00600586 2.52847e-05

0.00603027 2.07718e-05
0.00601041 2.44141e-05

0.00600586 2.52742e-05
0.00601415 2.44141e-05

0.00603027 1.92379e-05
0.00605469 2.16391e-05

0.00604134 2.44141e-05
0.00605469 2.54621e-05

0.00605469 2.25726e-05
0.00606829 2.44141e-05

0.00605469 2.65656e-05
0.0060791 2.82844e-05

0.00610352 2.25774e-05
0.00608212 2.44141e-05

0.0060791 2.58259e-05
0.00609825 2.44141e-05

0.00610352 2.31864e-05
0.00612793 2.34355e-05

0.00612793 2.23335e-05
0.00614324 2.44141e-05

0.00613444 2.44141e-05
0.00615234 2.64495e-05

0.00617676 2.426e-05
0.00617167 2.44141e-05

0.00615234 2.90632e-05
0.00617676 2.86903e-05

0.00617676 2.42825e-05
0.00620117 2.17764e-05

0.00617676 2.62722e-05
0.00619602 2.44141e-05

0.00620117 2.35014e-05
0.00621823 2.44141e-05

0.00621522 2.44141e-05
0.00622559 2.46769e-05

0.00622559 2.42256e-05
0.00622806 2.44141e-05

0.00622958 2.44141e-05
0.00625 2.58377e-05

0.00546875 0.000964005
0.00549316 0.000963357

0.00549316 0.000963357
0.00551758 0.000962713

0.00551758 0.000962713
0.00554199 0.000962072

0.00554199 0.000962072
0.00556641 0.000961436

0.00556641 0.000961436
0.00559082 0.000960803

0.00559082 0.000960803
0.00561523 0.000960175

0.00561523 0.000960175
0.00563965 0.00095955

0.00563965 0.00095955
0.00566406 0.000958928

0.00566406 0.000958928
0.00568848 0.00095831

0.00568848 0.00095831
0.00571289 0.000957695

0.00571289 0.000957695
0.0057373 0.000957084

0.0057373 0.000957084
0.00576172 0.000956475

0.00576172 0.000956475
0.00578613 0.000955869

0.00578613 0.000955869
0.00581055 0.000955266

0.00581055 0.000955266
0.00583496 0.000954665

0.00583496 0.000954665
0.00585938 0.000954066

0.00585938 0.000954066
0.00588379 0.00095347

0.00588379 0.00095347
0.0059082 0.000952876

0.0059082 0.000952876
0.00593262 0.000952283

0.00595703 0.000951691
0.00593818 0.000952148

0.00593262 0.000952284
0.00593822 0.000952148

0.00595703 0.000951691
0.00598145 0.000951098

0.00598145 0.000951098
0.00600586 0.000950505

0.00600586 0.000950505
0.00603027 0.000949914

0.00603027 0.000949914
0.00605469 0.000949323

0.00605469 0.000949323
0.0060791 0.000948733

0.0060791 0.000948733
0.00610352 0.000948143

0.00610352 0.000948143
0.00612793 0.000947553

0.00612793 0.000947553
0.00615234 0.000946963

0.00615234 0.000946963
0.00617676 0.000946372

0.00617676 0.000946372
0.00620117 0.000945782

0.00620117 0.000945782
0.00622559 0.00094519

0.00622559 0.00094519
0.00625 0.000944598

0.00627441 2.43428e-05
0.00627259 2.44141e-05

0.00625 2.78283e-05
0.00627441 2.72862e-05

0.00629883 2.26496e-05
0.0062759 2.44141e-05

0.00627441 2.54697e-05
0.00628969 2.44141e-05

0.00629883 2.3318e-05
0.00631607 2.44141e-05

0.00631053 2.44141e-05
0.00632324 2.50064e-05

0.00632324 2.55702e-05
0.00634766 2.6812e-05

0.00637207 2.38844e-05
0.00636569 2.44141e-05

0.00634766 2.74484e-05
0.00637207 2.60196e-05

0.00637207 2.35128e-05
0.00639648 2.29229e-05

0.00637207 2.47644e-05
0.00638818 2.44141e-05

0.00639648 2.34711e-05
0.00640617 2.44141e-05

0.00639648 2.48301e-05
0.0064209 2.67495e-05

0.00644531 2.32206e-05
0.0064339 2.44141e-05

0.0064209 2.82247e-05
0.00644531 2.66778e-05

0.00644531 2.28459e-05
0.00646973 2.15856e-05

0.00644531 2.5291e-05
0.00646164 2.44141e-05

0.00646973 2.30498e-05
0.00648046 2.44141e-05

0.00647598 2.44141e-05
0.00649414 2.59151e-05

0.00651855 2.41968e-05
0.00651296 2.44141e-05

0.00649414 2.68647e-05
0.00651855 2.6273e-05

0.00651855 2.38386e-05
0.00654297 2.29615e-05

0.00651855 2.48179e-05
0.00652934 2.44141e-05

0.00654297 2.43598e-05
0.00654409 2.44141e-05

0.00654297 2.44274e-05
0.00656738 2.51072e-05

0.00656738 2.48201e-05
0.0065918 2.48777e-05

0.0065918 2.48707e-05
0.00661621 2.48919e-05

0.00661621 2.48844e-05
0.00664063 2.48983e-05

0.00664062 2.4895e-05
0.00666504 2.49235e-05

0.00666504 2.49247e-05
0.00668945 2.49718e-05

0.00668945 2.49758e-05
0.00671387 2.50311e-05

0.00671387 2.50351e-05
0.00673828 2.50826e-05

0.00673828 2.5084e-05
0.0067627 2.51129e-05

0.0067627 2.51108e-05
0.00678711 2.51226e-05

0.00678711 2.51179e-05
0.00681152 2.51263e-05

0.00681152 2.51214e-05
0.00683594 2.51457e-05

0.00683594 2.51431e-05
0.00686035 2.51983e-05

0.00686035 2.51992e-05
0.00688477 2.52889e-05

0.00688477 2.52926e-05
0.00690918 2.54076e-05

0.00690918 2.54119e-05
0.00693359 2.5536e-05

0.00693359 2.55383e-05
0.00695801 2.56579e-05

0.00695801 2.56568e-05
0.00698242 2.57695e-05

0.00698242 2.5765e-05
0.00700684 2.58821e-05

0.00700684 2.58761e-05
0.00703125 2.60185e-05

0.00625 0.000944598
0.00627441 0.000944004

0.00627441 0.000944004
0.00629883 0.000943409

0.00629883 0.000943409
0.00632324 0.000942813

0.00632324 0.000942813
0.00634766 0.000942216

0.00634766 0.000942216
0.00637207 0.000941617

0.00637207 0.000941617
0.00639648 0.000941016

0.00639648 0.000941016
0.0064209 0.000940414

0.0064209 0.000940414
0.00644531 0.000939809

0.00644531 0.000939809
0.00646973 0.000939203

0.00646973 0.000939203
0.00649414 0.000938595

0.00649414 0.000938595
0.00651855 0.000937985

0.00651855 0.000937985
0.00654297 0.000937373

0.00654297 0.000937373
0.00656738 0.000936758

0.00656738 0.000936758
0.0065918 0.000936142

0.0065918 0.000936142
0.00661621 0.000935523

0.00661621 0.000935523
0.00664063 0.000934902

0.00664062 0.000934902
0.00666504 0.000934279

0.00666504 0.000934279
0.00668945 0.000933653

0.00668945 0.000933653
0.00671387 0.000933026

0.00671387 0.000933026
0.00673828 0.000932396

0.00673828 0.000932396
0.0067627 0.000931765

0.0067627 0.000931765
0.00678711 0.000931131

0.00678711 0.000931131
0.00681152 0.000930496

0.00681152 0.000930496
0.00683594 0.00092986

0.00683594 0.00092986
0.00686035 0.000929224

0.00686035 0.000929224
0.00688477 0.000928587

0.00693359 0.00092731
0.00691737 0.000927734

0.00688477 0.000928587
0.00690918 0.00092795

0.00690918 0.000927951
0.00691746 0.000927734

0.00693359 0.000927307
0.00698242 0.000926033

0.00698242 0.000926033
0.00703125 0.000924772

0.00703125 2.60138e-05
0.00705566 2.62026e-05

0.00705566 2.62012e-05
0.00708008 2.64486e-05

0.00708008 2.64513e-05
0.00710449 2.67546e-05

0.00710449 2.67604e-05
0.00712891 2.71026e-05

0.00712891 2.71096e-05
0.00715332 2.74653e-05

0.00715332 2.74714e-05
0.00717773 2.78143e-05

0.00717773 2.78181e-05
0.00720215 2.81287e-05

0.00720215 2.81298e-05
0.00722656 2.8398e-05

0.00722656 2.8397e-05
0.00725098 2.86226e-05

0.00725098 2.86204e-05
0.00727539 2.88096e-05

0.00727539 2.88071e-05
0.0072998 2.89692e-05

0.0072998 2.89671e-05
0.00732422 2.9111e-05

0.00732422 2.91095e-05
0.00734863 2.92427e-05

0.00734863 2.92418e-05
0.00737305 2.93689e-05

0.00737305 2.93685e-05
0.00739746 2.94922e-05

0.00739746 2.94921e-05
0.00742188 2.96137e-05

0.00742188 2.96137e-05
0.00744629 2.97336e-05

0.00744629 2.97336e-05
0.0074707 2.98517e-05

0.0074707 2.98517e-05
0.00749512 2.99678e-05

0.00749512 2.99678e-05
0.00751953 3.00817e-05

0.00751953 3.00818e-05
0.00754395 3.01934e-05

0.00754395 3.01934e-05
0.00756836 3.03028e-05

0.00756836 3.03027e-05
0.00759277 3.04099e-05

0.00759277 3.04098e-05
0.00761719 3.05149e-05

0.00761719 3.05148e-05
0.0076416 3.06179e-05

0.0076416 3.06178e-05
0.00766602 3.07191e-05

0.00766602 3.0719e-05
0.00769043 3.08187e-05

0.00769043 3.08186e-05
0.00771484 3.09169e-05

0.00771484 3.09168e-05
0.00773926 3.10139e-05

0.00773926 3.10139e-05
0.00776367 3.11099e-05

0.00776367 3.11099e-05
0.00778809 3.12052e-05

0.00778809 3.12052e-05
0.0078125 3.12999e-05

0.00703125 0.000924771
0.00708008 0.000923528

0.00708008 0.000923526
0.00712891 0.000922304

0.00712891 0.000922302
0.00717773 0.000921107

0.00717773 0.000921105
0.00722656 0.000919944

0.00722656 0.000919943
0.00727539 0.000918821

0.00727539 0.00091882
0.00732422 0.000917744

0.00732422 0.000917742
0.00737305 0.000916718

0.00737305 0.000916716
0.00742188 0.000915752

0.00742187 0.00091575
0.0074707 0.000914852

0.0074707 0.000914851
0.00751953 0.000914027

0.00751953 0.000914025
0.00756836 0.00091328

0.00756836 0.000913279
0.00761719 0.000912618

0.00761719 0.000912617
0.00766602 0.000912046

0.00766602 0.000912045
0.00771484 0.000911569

0.00771484 0.000911568
0.00776367 0.000911193

0.00776367 0.000911191
0.0078125 0.000910922

0.0078125 3.12999e-05
0.00783691 3.13943e-05

0.00783691 3.13942e-05
0.00786133 3.14885e-05

0.00786133 3.14884e-05
0.00788574 3.15827e-05

0.00788574 3.15826e-05
0.00791016 3.16771e-05

0.00791016 3.1677e-05
0.00793457 3.17718e-05

0.00793457 3.17717e-05
0.00795898 3.18669e-05

0.00795898 3.18668e-05
0.0079834 3.19625e-05

0.0079834 3.19625e-05
0.00800781 3.20587e-05

0.00800781 3.20587e-05
0.00803223 3.21555e-05

0.00803223 3.21555e-05
0.00805664 3.2253e-05

0.00805664 3.2253e-05
0.00808105 3.23512e-05

0.00808105 3.23512e-05
0.00810547 3.24502e-05

0.00810547 3.24502e-05
0.00812988 3.255e-05

0.00812988 3.255e-05
0.0081543 3.26507e-05

0.0081543 3.26507e-05
0.00817871 3.27526e-05

0.00817871 3.27525e-05
0.00820313 3.28558e-05

0.00820313 3.28557e-05
0.00822754 3.29607e-05

0.00822754 3.29606e-05
0.00825195 3.30676e-05

0.00825195 3.30674e-05
0.00827637 3.31769e-05

0.00827637 3.31768e-05
0.00830078 3.32893e-05

0.00830078 3.32891e-05
0.0083252 3.34051e-05

0.0083252 3.3405e-05
0.00834961 3.35252e-05

0.00834961 3.3525e-05
0.00837402 3.36499e-05

0.00837402 3.36497e-05
0.00839844 3.37798e-05

0.00839844 3.37797e-05
0.00842285 3.39155e-05

0.00842285 3.39154e-05
0.00844727 3.40573e-05

0.00844727 3.40572e-05
0.00847168 3.42054e-05

0.00847168 3.42054e-05
0.00849609 3.43601e-05

0.00849609 3.43601e-05
0.00852051 3.45213e-05

0.00852051 3.45213e-05
0.00854492 3.46888e-05

0.00854492 3.46889e-05
0.00856934 3.48624e-05

0.00856934 3.48625e-05
0.00859375 3.50416e-05

0.0078125 0.000910921
0.00786133 0.000910763

0.00786133 0.000910762
0.00791016 0.00091072

0.00791016 0.000910719
0.00795898 0.000910798

0.00795898 0.000910796
0.00800781 0.000911

0.00800781 0.000910999
0.00805664 0.000911333

0.00805664 0.000911331
0.00810547 0.0009118

0.00810547 0.000911798
0.0081543 0.000912407

0.0081543 0.000912405
0.00820313 0.000913161

0.00820313 0.000913159
0.00825195 0.00091407

0.00825195 0.000914068
0.00830078 0.000915142

0.00830078 0.00091514
0.00834961 0.000916387

0.00834961 0.000916385
0.00839844 0.000917814

0.00839844 0.000917813
0.00844727 0.000919431

0.00844727 0.00091943
0.00849609 0.000921241

0.00849609 0.000921241
0.00854492 0.000923245

0.00854492 0.000923245
0.00859375 0.000925441

0.00859375 3.50417e-05
0.00861816 3.52257e-05

0.00861816 3.52259e-05
0.00864258 3.54142e-05

0.00864258 3.54144e-05
0.00866699 3.56062e-05

0.00866699 3.56064e-05
0.00869141 3.58009e-05

0.00869141 3.58011e-05
0.00871582 3.59974e-05

0.00871582 3.59976e-05
0.00874023 3.61948e-05

0.00874023 3.6195e-05
0.00876465 3.63922e-05

0.00876465 3.63924e-05
0.00878906 3.65886e-05

0.00878906 3.65888e-05
0.00881348 3.67834e-05

0.00881348 3.67836e-05
0.00883789 3.69756e-05

0.00883789 3.69758e-05
0.0088623 3.71642e-05

0.0088623 3.71645e-05
0.00888672 3.73485e-05

0.00888672 3.73487e-05
0.00891113 3.75274e-05

0.00891113 3.75276e-05
0.00893555 3.77e-05

0.00893555 3.77002e-05
0.00895996 3.78654e-05

0.00895996 3.78656e-05
0.00898437 3.80225e-05

0.00898438 3.80228e-05
0.00900879 3.81703e-05

0.00900879 3.81705e-05
0.0090332 3.83076e-05

0.0090332 3.83079e-05
0.00905762 3.84333e-05

0.00905762 3.84336e-05
0.00908203 3.85462e-05

0.00908203 3.85465e-05
0.00910645 3.8645e-05

0.00910645 3.86453e-05
0.00913086 3.87286e-05

0.00913086 3.87289e-05
0.00915527 3.87958e-05

0.00915527 3.8796e-05
0.00917969 3.88453e-05

0.00917969 3.88456e-05
0.0092041 3.88763e-05

0.0092041 3.88765e-05
0.00922852 3.88877e-05

0.00922852 3.88878e-05
0.00925293 3.88788e-05

0.00925293 3.88789e-05
0.00927734 3.88493e-05

0.00927734 3.88493e-05
0.00930176 3.87989e-05

0.00930176 3.87988e-05
0.00932617 3.87275e-05

0.00932617 3.87274e-05
0.00935059 3.86357e-05

0.00935059 3.86355e-05
0.009375 3.8524e-05

0.00859375 0.000925451
0.0086408 0.000927734

0.00864081 0.000927734
0.00864258 0.000927821

0.00864258 0.000927826
0.00866699 0.00092907

0.00866699 0.000929071
0.00869141 0.000930362

0.00869141 0.000930364
0.00871582 0.000931694

0.00871582 0.000931694
0.00874023 0.000933061

0.00874023 0.000933062
0.00876465 0.000934461

0.00876465 0.000934461
0.00878906 0.000935889

0.00878906 0.00093589
0.00881348 0.000937343

0.00881348 0.000937344
0.00883789 0.000938818

0.00883789 0.00093882
0.0088623 0.000940312

0.0088623 0.000940312
0.00888672 0.000941818

0.00888672 0.00094182
0.00891113 0.000943335

0.00891113 0.000943336
0.00893555 0.000944854

0.00893555 0.000944855
0.00895996 0.000946369

0.00895996 0.000946371
0.00898437 0.000947875

0.00898438 0.000947877
0.00900879 0.000949364

0.00900879 0.000949367
0.0090332 0.00095083

0.0090332 0.000950833
0.00905569 0.000952148

0.00905573 0.000952148
0.00905762 0.000952259

0.00905762 0.000952263
0.00908203 0.000953647

0.00908203 0.000953649
0.00910645 0.000954982

0.00910645 0.000954985
0.00913086 0.000956258

0.00913086 0.000956261
0.00915527 0.000957463

0.00915527 0.000957466
0.00917969 0.000958585

0.00917969 0.000958588
0.0092041 0.000959612

0.0092041 0.000959615
0.00922852 0.000960534

0.00922852 0.000960537
0.00925293 0.000961336

0.00925293 0.00096134
0.00927734 0.000962007

0.00927734 0.000962011
0.00930176 0.000962533

0.00930176 0.000962537
0.00932617 0.000962899

0.00932617 0.000962903
0.00935059 0.000963091

0.00935059 0.000963095
0.009375 0.000963094

0.009375 3.85237e-05
0.00939941 3.83935e-05

0.00939941 3.83932e-05
0.00942383 3.82455e-05

0.00942383 3.82451e-05
0.00944824 3.80814e-05

0.00944824 3.8081e-05
0.00947266 3.79028e-05

0.00947266 3.79024e-05
0.00949707 3.77116e-05

0.00949707 3.77112e-05
0.00952148 3.75096e-05

0.00952148 3.75091e-05
0.0095459 3.72988e-05

0.0095459 3.72983e-05
0.00957031 3.70812e-05

0.00957031 3.70807e-05
0.00959473 3.68589e-05

0.00959473 3.68584e-05
0.00961914 3.66337e-05

0.00961914 3.66332e-05
0.00964355 3.64075e-05

0.00964355 3.64066e-05
0.00966797 3.61829e-05

0.00966797 3.61819e-05
0.00969238 3.5964e-05

0.00969238 3.59625e-05
0.0097168 3.57554e-05

0.0097168 3.57533e-05
0.00974121 3.55646e-05

0.00974121 3.55615e-05
0.00976562 3.54016e-05

0.00976563 3.53973e-05
0.00979004 3.52809e-05

0.00979004 3.52749e-05
0.00981445 3.52227e-05

0.00981445 3.52142e-05
0.00983887 3.52553e-05

0.00983887 3.52433e-05
0.00986328 3.54188e-05

0.00986328 3.54015e-05
0.0098877 3.57701e-05

0.0098877 3.57446e-05
0.00991211 3.63919e-05

0.00991211 3.63537e-05
0.00993652 3.74068e-05

0.00993652 3.73483e-05
0.00996094 3.90004e-05

0.00996094 3.89133e-05
0.00998535 4.14554e-05

0.00998535 4.13445e-05
0.0100098 4.51728e-05

0.0100098 4.49731e-05
0.0100268 4.88281e-05

0.0100254 4.88281e-05
0.0100342 5.08196e-05

0.0100342 5.05599e-05
0.0100586 5.80307e-05

0.0100586 5.79855e-05
0.010083 6.75796e-05

0.010083 6.74016e-05
0.0100949 7.32422e-05

0.0100945 7.32422e-05
0.0101074 7.95576e-05

0.0101074 7.93878e-05
0.0101318 9.39875e-05

0.0101318 9.39492e-05
0.0101374 9.76563e-05

0.0101371 9.76563e-05
0.0101563 0.000111533

0.010083 0.000777382
0.0100778 0.00078125

0.010083 0.000777732
0.0101074 0.000757872

0.0101563 0.000711426
0.0101356 0.000732422

0.0101318 0.000735978
0.0101087 0.000756836

0.0101074 0.000757869
0.0101086 0.000756836

0.0101318 0.000735965
0.0101355 0.000732422

0.009375 0.000963098
0.00939941 0.000962891

0.00939941 0.000962895
0.00942383 0.000962467

0.00942383 0.000962471
0.00944824 0.000961804

0.00944824 0.000961808
0.00947266 0.000960885

0.00947266 0.000960889
0.00949707 0.000959691

0.00949707 0.000959696
0.00952148 0.000958205

0.00952148 0.00095821
0.0095459 0.000956405

0.0095459 0.000956411
0.00957031 0.000954269

0.00959473 0.000951759
0.00959092 0.000952148

0.00957031 0.000954276
0.0095911 0.000952148

0.00959473 0.000951778
0.00961914 0.000948907

0.00961914 0.000948915
0.00964355 0.000945652

0.00964355 0.000945658
0.00966797 0.000941974

0.00966797 0.000941982
0.00969238 0.000937846

0.00969238 0.000937852
0.0097168 0.000933235

0.00976563 0.00092247
0.00974176 0.000927734

0.0097168 0.000933272
0.00974121 0.000928087

0.00974121 0.000928089
0.00974275 0.000927734

0.00976562 0.000922669
0.00981445 0.000909699

0.00983887 0.000902016
0.00983459 0.00090332

0.00981445 0.000909687
0.00983533 0.00090332

0.00983887 0.000902149
0.00986328 0.000893945

0.00991211 0.000875232
0.00990291 0.000878906

0.00991211 0.000875308
0.00993652 0.000864708

0.00996094 0.000853017
0.00995782 0.000854492

0.00993652 0.000864805
0.00995829 0.000854492

0.00986328 0.000893983
0.0098877 0.000885056

0.0098877 0.000885122
0.00990325 0.000878906

0.0100098 0.000826575
0.0100033 0.000830078

0.00996094 0.000853181
0.00998535 0.000840556

0.00998535 0.000840731
0.0100043 0.000830078

0.0100098 0.000826873
0.0100342 0.000811896

0.0100586 0.000795566
0.0100435 0.000805664

0.0100342 0.000812005
0.0100438 0.000805664

0.0100586 0.000795765
0.0100783 0.00078125

0.0101563 0.000111517
0.010169 0.00012207

0.0101685 0.00012207
0.0101807 0.000132988

0.0101807 0.00013269
0.0101942 0.000146484

0.010194 0.000146484
0.0102051 0.000159265

0.0102051 0.000158839
0.0102148 0.000170898

0.0102148 0.000170898
0.0102295 0.000191535

0.0102295 0.000191408
0.0102321 0.000195313

0.0102321 0.000195313
0.0102465 0.000219727

0.0102464 0.000219727
0.0102539 0.000235043

0.0102539 0.000235002
0.0102584 0.000244141

0.0102583 0.000244141
0.0102681 0.000268555

0.0102681 0.000268555
0.0102759 0.000292969

0.0102758 0.000292969
0.0102783 0.000303101

0.0102783 0.00030313
0.0102818 0.000317383

0.0102818 0.000317383
0.0102861 0.000341797

0.0102865 0.000341797
0.0102903 0.000390625

0.0102539 0.000564954
0.0102443 0.000585937

0.0102901 0.000390625
0.0102878 0.000439453

0.0102878 0.000439453
0.0102796 0.000488281

0.0102783 0.000491821
0.0102729 0.000512695

0.0102729 0.000512695
0.0102649 0.000537109

0.0102783 0.000491908
0.0102793 0.000488281

0.010265 0.000537109
0.0102554 0.000561523

0.0102539 0.000564984
0.0102555 0.000561523

0.0102051 0.000651542
0.0101814 0.000683594

0.0102295 0.000613545
0.0102166 0.000634766

0.0102443 0.000585938
0.0102314 0.000610352

0.0102295 0.000613607
0.0102314 0.000610352

0.0102051 0.000651691
0.0102167 0.000634766

0.0101807 0.000683962
0.0101596 0.000708008

0.0101563 0.000711427
0.0101595 0.000708008

0.0101807 0.000683996
0.010181 0.000683594

