0 6.74874e-05
0.00012207 6.76535e-05

0.00012207 6.75304e-05
0.000244141 6.78558e-05

0.000244141 6.79978e-05
0.000366211 6.76244e-05

0.000366211 6.74066e-05
0.000488281 6.74275e-05

0.000488281 6.76275e-05
0.000610352 6.80255e-05

0.000610352 6.76071e-05
0.000732422 6.78155e-05

0.000732422 6.81987e-05
0.000854492 6.77631e-05

0.000854492 6.71536e-05
0.000976562 6.76241e-05

0 0.00164989
0.000244141 0.00164941

0.000244141 0.00164939
0.000488281 0.00164798

0.000488281 0.00164788
0.000732422 0.00164575

0.000732422 0.0016459
0.000976562 0.00164292

0.000976562 6.84352e-05
0.00109863 6.82231e-05

0.00109863 6.70421e-05
0.0012207 6.74212e-05

0.0012207 6.8645e-05
0.00134277 6.85752e-05

0.00134277 6.71234e-05
0.00146484 6.72363e-05

0.00146484 7.25083e-05
0.00158691 6.48791e-05

0.00146484 0.000122116
0.00146687 0.00012207

0.00170826 0
0.00158883 0.00012207

0.00158691 0.000122543
0.0015883 0.00012207

0.00170898 4.08197e-05
0.00172367 0

0.000976562 0.00164283
0.0012207 0.00163889

0.0012207 0.00163897
0.00146484 0.00163406

0.00146484 0.00163408
0.00170898 0.00162797

0.00170898 0.00162801
0.00195312 0.00162059

0.00201923 0
0.0020752 0.000100658

0.0020752 9.22587e-05
0.00219727 4.59318e-05

0.00219727 4.03204e-05
0.00221163 0

0.00195312 0.00162062
0.00219727 0.00161175

0.00219727 0.00161181
0.00244141 0.00160128

0.00244141 0.00160138
0.00268555 0.00158887

0.00268555 0.00158885
0.00292969 0.0015742

0.00292969 0.00157406
0.00305176 0.00156595

0.00305176 0.00156597
0.00317383 0.0015573

0.00317383 0.00155731
0.0032959 0.00154799

0.0032959 0.001548
0.00341797 0.001538

0.00341797 0.00153801
0.00354004 0.00152728

0.00354004 0.00152729
0.00366211 0.00151579

0.00366211 0.0015158
0.00378418 0.00150346

0.00378418 0.00150348
0.00390625 0.00149026

0.00415039 0.00146115
0.00412051 0.00146484

0.00415039 0.00146105
0.00427246 0.00144493

0.00427246 0.00144494
0.00439453 0.00142775

0.00390625 0.00149027
0.00402832 0.00147613

0.00402832 0.0014761
0.0041193 0.00146484

0.00439453 0.00142777
0.0045166 0.00140943

0.0045166 0.00140946
0.00463867 0.00138987

0.00463867 0.0013899
0.00476074 0.00136896

0.00476074 0.00136899
0.00488281 0.00134659

0.00548381 0
0.00549316 2.59001e-05

0.00549316 2.72754e-05
0.00556269 0.00012207

0.00555974 0.00012207
0.00561523 0.000156684

0.00561523 0.000139606
0.0057373 0.000166946

0.0057373 0.000171016
0.00585938 0.000144229

0.00500488 0.00132277
0.00490299 0.00134277

0.00488281 0.00134595
0.00489901 0.00134277

0.00500488 0.00132268
0.00512695 0.00129705

0.00512695 0.00129708
0.00524902 0.00126965

0.00524902 0.00126969
0.00537109 0.0012403

0.00561523 0.0011757
0.00544711 0.0012207

0.00537109 0.0012405
0.00544786 0.0012207

0.00561523 0.00117606
0.00585938 0.0011009

0.00598145 4.25223e-05
0.005912 0.00012207

0.00585938 0.000128065
0.00586987 0.00012207

0.00598145 9.61105e-05
0.00602765 0

0.00634766 0.000914692
0.00619762 0.000976562

0.00634766 0.000914
0.00646973 0.000857781

0.0065918 0.000796938
0.0064766 0.000854492

0.00646973 0.000857746
0.00647624 0.000854492

0.00671387 0.00072963
0.00670873 0.000732422

0.00671387 0.000730938
0.00683594 0.000658439

0.0065918 0.000797134
0.00671082 0.000732422

0.00598145 0.00105871
0.00586437 0.00109863

0.00585938 0.00110132
0.00586725 0.00109863

0.00598145 0.00105883
0.00610352 0.00101404

0.00610352 0.0010143
0.00619891 0.000976562

0.00732422 0.00028709
0.0070886 0.000488281

0.00695801 0.000579745
0.00691106 0.000610352

0.00683594 0.000658307
0.00690949 0.000610352

0.00695801 0.000579449
0.00708008 0.000491585

0.00708008 0.000488435
0.00708028 0.000488281

0.00744629 0.000162599
0.0073683 0.000244141

0.00756002 0
0.00750663 0.00012207

0.00744629 0.000163748
0.0074833 0.00012207

0.00732422 0.000290214
0.00737251 0.000244141

