0 6.78347e-05
0.00012207 6.76625e-05

0.00012207 6.73888e-05
0.000244141 6.78538e-05

0.000244141 6.80739e-05
0.000366211 6.81117e-05

0.000366211 6.79584e-05
0.000488281 6.73402e-05

0.000488281 6.77327e-05
0.000610352 6.75379e-05

0.000610352 6.73575e-05
0.000732422 6.76535e-05

0.000732422 6.83224e-05
0.000854492 6.73853e-05

0.000854492 6.64746e-05
0.000976562 6.71544e-05

0 0.0016502
0.000244141 0.00164976

0.000244141 0.00164975
0.000488281 0.00164844

0.000488281 0.00164839
0.000732422 0.00164635

0.000732422 0.00164652
0.000976562 0.00164355

0.000976562 6.83975e-05
0.00109863 6.8312e-05

0.00109863 6.64851e-05
0.0012207 6.70177e-05

0.0012207 6.88062e-05
0.00134277 6.86905e-05

0.00134277 6.60431e-05
0.00146484 6.72886e-05

0.00146484 7.27687e-05
0.00158691 6.65761e-05

0.00146484 0.000122117
0.00146737 0.00012207

0.00170849 0
0.0015896 0.00012207

0.00158691 0.000122579
0.0015884 0.00012207

0.00170898 4.08319e-05
0.00172367 0

0.000976562 0.00164343
0.0012207 0.00163943

0.0012207 0.00163951
0.00146484 0.00163453

0.00146484 0.00163454
0.00170898 0.00162839

0.00170898 0.00162844
0.00195312 0.00162101

0.00201931 0
0.0020752 0.000100597

0.0020752 9.21117e-05
0.00219727 4.60816e-05

0.00219727 4.09588e-05
0.00221189 0

0.00195312 0.00162107
0.00219727 0.00161215

0.00219727 0.00161219
0.00244141 0.00160157

0.00244141 0.00160166
0.00268555 0.00158906

0.00268555 0.00158904
0.00292969 0.00157431

0.00292969 0.00157417
0.00305176 0.00156602

0.00305176 0.00156604
0.00317383 0.00155733

0.00317383 0.00155734
0.0032959 0.00154799

0.0032959 0.001548
0.00341797 0.00153795

0.00341797 0.00153797
0.00354004 0.0015272

0.00354004 0.00152721
0.00366211 0.00151567

0.00366211 0.00151568
0.00378418 0.00150331

0.00378418 0.00150333
0.00390625 0.00149008

0.00415039 0.00146091
0.00411869 0.00146484

0.00415039 0.0014608
0.00427246 0.00144466

0.00427246 0.00144467
0.00439453 0.00142746

0.00390625 0.00149009
0.00402832 0.00147591

0.00402832 0.00147588
0.0041173 0.00146484

0.00439453 0.00142748
0.0045166 0.00140913

0.0045166 0.00140916
0.00463867 0.00138956

0.00463867 0.00138959
0.00476074 0.00136864

0.00476074 0.00136867
0.00488281 0.00134627

0.00548395 0
0.00549316 2.55425e-05

0.00549316 2.72117e-05
0.00556266 0.00012207

0.00555942 0.00012207
0.00561523 0.000156906

0.00561523 0.000139682
0.0057373 0.000166998

0.0057373 0.000171077
0.00585938 0.00014425

0.00500488 0.00132245
0.00490136 0.00134277

0.00488281 0.00134553
0.00489683 0.00134277

0.00500488 0.00132236
0.00512695 0.00129672

0.00512695 0.00129676
0.00524902 0.00126932

0.00524902 0.00126936
0.00537109 0.00123998

0.00561523 0.00117538
0.00544591 0.0012207

0.00537109 0.00124018
0.00544662 0.0012207

0.00561523 0.00117574
0.00585938 0.00110058

0.00598145 4.23906e-05
0.00591205 0.00012207

0.00585938 0.000128148
0.00587 0.00012207

0.00598145 9.57728e-05
0.00602742 0

0.00634766 0.000914373
0.00619684 0.000976562

0.00634766 0.000913683
0.00646973 0.000857466

0.0065918 0.000796624
0.00647597 0.000854492

0.00646973 0.000857421
0.00647559 0.000854492

0.00671387 0.000729486
0.00670846 0.000732422

0.00671387 0.000730624
0.00683594 0.000658123

0.0065918 0.000796818
0.00671024 0.000732422

0.00598145 0.0010584
0.00586345 0.00109863

0.00585938 0.00110108
0.00586655 0.00109863

0.00598145 0.00105852
0.00610352 0.00101372

0.00610352 0.00101399
0.00619812 0.000976562

0.00732422 0.000286708
0.00708819 0.000488281

0.00695801 0.000579467
0.00691064 0.000610352

0.00683594 0.000657956
0.00690895 0.000610352

0.00695801 0.000579126
0.00708008 0.000491255

0.00744629 0.000162138
0.00736786 0.000244141

0.00755969 0
0.0075063 0.00012207

0.00744629 0.00016356
0.00748314 0.00012207

0.00732422 0.000289976
0.00737227 0.000244141

