7.02643e-05 0
7.32422e-05 8.27944e-06

7.32422e-05 1.25265e-06
9.76563e-05 2.43086e-05

9.76563e-05 1.28268e-05
0.00012207 1.2597e-05

0.00012207 1.28169e-05
0.000146484 1.24254e-05

0.000146484 1.2464e-05
0.000170898 1.24209e-05

0.000170898 1.25941e-05
0.000195313 1.25892e-05

0.000195313 1.24563e-05
0.000219727 1.24219e-05

0.000219727 1.26078e-05
0.000244141 1.25284e-05

0.000244141 1.21676e-05
0.000292969 1.30371e-05

0.000292969 1.27338e-05
0.000317383 1.27783e-05

0.000317383 1.27733e-05
0.000341797 1.29283e-05

0.000341797 1.28214e-05
0.000366211 1.29079e-05

0.000366211 1.28525e-05
0.000390625 1.29706e-05

0.000390625 1.2902e-05
0.000415039 1.29939e-05

0.000415039 1.29277e-05
0.000439453 1.30253e-05

0.000439453 1.29642e-05
0.000463867 1.30702e-05

0.000463867 1.30299e-05
0.000488281 1.30738e-05

0.000488281 1.30073e-05
0.000512695 1.30894e-05

0.000512695 1.29518e-05
0.000537109 1.32691e-05

0.000537109 1.32547e-05
0.000561523 1.32974e-05

0.000561523 1.32215e-05
0.000585937 1.30609e-05

0.000585938 1.29903e-05
0.000610352 1.33306e-05

0.000610352 1.32013e-05
0.000634766 1.35722e-05

0.000634766 1.34866e-05
0.00065918 1.33748e-05

0.00065918 1.3454e-05
0.000683594 1.3156e-05

0.000683594 1.31246e-05
0.000708008 1.33034e-05

0.000708008 1.33863e-05
0.000732422 1.34833e-05

0.000732422 1.34935e-05
0.000756836 1.30757e-05

0.000756836 1.31931e-05
0.00078125 1.30703e-05

0.00078125 1.3154e-05
0.000805664 1.32383e-05

0.000805664 1.32515e-05
0.000830078 1.31332e-05

0.000830078 1.32656e-05
0.000854492 1.29565e-05

0.000854492 1.30199e-05
0.000878906 1.29227e-05

0.000878906 1.30323e-05
0.00090332 1.30515e-05

0.00090332 1.30448e-05
0.000927734 1.2925e-05

0.000927734 1.29996e-05
0.000952148 1.29142e-05

0.000952148 1.29828e-05
0.000976562 1.28663e-05

0.000976562 1.29338e-05
0.00100098 1.28156e-05

0.00100098 1.28887e-05
0.00102539 1.27941e-05

0.00102539 1.29193e-05
0.0010498 1.26974e-05

0.0010498 1.27047e-05
0.00107422 1.26682e-05

0.00107422 1.30498e-05
0.00109863 1.25162e-05

0.00109863 1.31485e-05
0.00112305 1.14876e-05

0.00112305 1.12719e-05
0.00114746 1.20678e-05

0.00114746 1.28416e-05
0.00117187 1.28487e-05

0.00117188 1.28568e-05
0.00119629 1.04925e-05

0.00119629 1.00627e-05
0.0012207 1.25605e-05

0.0012207 1.32729e-05
0.00124512 1.33227e-05

0.00124512 1.30808e-05
0.00126953 9.60932e-06

0.00126953 1.00042e-05
0.00129395 1.21307e-05

0.00129395 1.1793e-05
0.00131836 1.35779e-05

0.00131836 1.2118e-05
0.00134277 1.23902e-05

0.00134277 1.26241e-05
0.00136719 1.31188e-05

0.00136719 2.43062e-05
0.0013916 8.85299e-07

0.0013916 8.46473e-06
0.00139466 0

0.00146257 0
0.00146484 6.55182e-06

0.00146484 2.64274e-06
0.00148601 2.44141e-05

0.00148853 2.44141e-05
0.00148926 2.46634e-05

0.00148926 1.55102e-05
0.00151367 1.69922e-05

0.00151367 1.69995e-05
0.00153809 1.5538e-05

0.0015625 2.6149e-06
0.00154136 2.44141e-05

0.00153809 2.46142e-05
0.00153867 2.44141e-05

0 0.00307047
0.000390625 0.00306088

0.000390625 0.00306125
0.00078125 0.00303171

0.00078125 0.00303227
0.00117187 0.00298093

0.00117187 0.0029798
0.00136719 0.00294541

0.0015625 0.00290434
0.00144218 0.00292969

0.00136719 0.00294566
0.00144299 0.00292969

0.0015625 6.30775e-06
0.00156468 0

0.00165553 0
0.00166016 1.10792e-05

0.00166016 1.07294e-05
0.001676 2.44141e-05

0.00167486 2.44141e-05
0.00168457 2.76908e-05

0.00168457 1.76333e-05
0.00170898 1.73789e-05

0.00168457 2.44934e-05
0.0016979 2.44141e-05

0.0017334 1.01634e-05
0.00171744 2.44141e-05

0.00170898 2.75365e-05
0.00171804 2.44141e-05

0.0017334 9.09046e-06
0.0017371 0

0.00179883 0
0.00180664 1.57841e-05

0.00180664 1.01735e-05
0.00183105 1.06573e-05

0.00183105 7.76506e-06
0.00184802 0

0.00185848 0
0.00187988 1.58417e-05

0.00187988 6.08968e-06
0.0019043 1.19379e-05

0.0019043 8.30985e-06
0.00192871 1.11161e-05

0.00192871 9.16913e-06
0.00195312 1.18428e-05

0.00195312 9.15173e-06
0.00197754 1.33384e-05

0.00197754 1.38298e-05
0.00200195 1.2457e-05

0.00200195 1.64916e-05
0.00202637 4.20374e-06

0.00202637 4.71725e-06
0.00205078 8.07006e-06

0.00205078 8.27566e-06
0.0020752 1.56322e-05

0.0020752 9.21516e-06
0.00209961 1.17666e-05

0.00209961 1.3706e-05
0.00212402 1.34422e-05

0.00212402 1.31433e-05
0.00214844 7.49304e-06

0.00214844 7.06556e-06
0.00217285 1.3238e-05

0.00217285 1.40804e-05
0.00219727 1.40913e-05

0.00219727 1.33069e-05
0.00222168 7.01114e-06

0.00222168 6.95704e-06
0.00224609 1.35384e-05

0.00224609 1.41563e-05
0.00227051 1.42207e-05

0.00227051 1.40604e-05
0.00229492 6.52114e-06

0.00229492 7.33931e-06
0.00231934 1.18992e-05

0.00231934 1.03882e-05
0.00234375 1.54808e-05

0.00234375 1.54968e-05
0.00236816 1.04832e-05

0.00236816 1.2463e-05
0.00239258 6.7624e-06

0.00239258 6.78773e-06
0.00241699 1.26635e-05

0.00241699 1.05539e-05
0.00244141 1.54184e-05

0.00244141 1.54162e-05
0.00246582 1.04979e-05

0.00246582 1.24436e-05
0.00249023 6.99867e-06

0.00249023 7.0136e-06
0.00251465 1.26235e-05

0.00251465 1.06137e-05
0.00253906 1.53116e-05

0.00253906 1.53134e-05
0.00256348 1.05692e-05

0.00256348 1.24458e-05
0.00258789 7.17618e-06

0.00258789 7.17795e-06
0.0026123 1.25962e-05

0.0026123 1.07406e-05
0.00263672 1.51759e-05

0.00263672 1.51361e-05
0.00266113 1.05286e-05

0.00266113 1.18507e-05
0.00268555 7.9603e-06

0.00268555 7.12971e-06
0.00270996 1.39477e-05

0.00270996 1.40914e-05
0.00273438 1.41133e-05

0.00273437 1.40612e-05
0.00275879 7.04557e-06

0.00275879 7.84104e-06
0.0027832 1.17426e-05

0.0027832 1.04646e-05
0.00280762 1.52213e-05

0.00280762 1.52849e-05
0.00283203 1.05873e-05

0.00283203 1.20374e-05
0.00285645 7.43341e-06

0.00285645 6.58532e-06
0.00288086 1.39235e-05

0.00288086 1.41521e-05
0.00290527 1.42219e-05

0.00290527 1.37599e-05
0.00292969 6.84224e-06

0.00292969 6.7578e-06
0.0029541 1.31631e-05

0.0029541 1.41767e-05
0.00297852 1.41925e-05

0.00297852 1.31776e-05
0.00300293 6.7641e-06

0.00300293 7.1797e-06
0.00302734 1.34099e-05

0.00302734 1.17945e-05
0.00305176 1.56838e-05

0.00305176 1.2524e-05
0.00307617 1.34568e-05

0.00307617 1.34272e-05
0.00310059 1.54302e-05

0.00310059 1.40438e-05
0.003125 1.50207e-05

0.0015625 0.00290462
0.00175781 0.00285601

0.00175781 0.00285626
0.00195312 0.00279922

0.00214844 0.00273265
0.0021434 0.00273438

0.00214844 0.00273317
0.00234375 0.00265545

0.00195312 0.0027996
0.00214408 0.00273438

0.00292969 0.00233485
0.00291609 0.00234375

0.00292969 0.00233463
0.00302734 0.00226283

0.003125 0.00218385
0.00304842 0.00224609

0.00302734 0.00226266
0.00304863 0.00224609

0.00234375 0.00265612
0.00253906 0.00256548

0.00273438 0.00246
0.00258907 0.00253906

0.00253906 0.00256519
0.0025893 0.00253906

0.00283203 0.00239958
0.00276365 0.00244141

0.00273438 0.00245917
0.00276356 0.00244141

0.00283203 0.00239973
0.0029157 0.00234375

0.003125 1.46164e-05
0.00314941 1.5807e-05

0.00314941 1.50668e-05
0.00317383 1.59637e-05

0.00317383 1.55522e-05
0.00319824 1.6395e-05

0.00319824 1.58424e-05
0.00322266 1.66544e-05

0.00322266 1.61306e-05
0.00324707 1.72613e-05

0.00324707 1.67219e-05
0.00327148 1.7841e-05

0.00327148 1.71481e-05
0.0032959 1.83527e-05

0.0032959 1.78553e-05
0.00332031 1.9051e-05

0.00332031 1.82422e-05
0.00334473 1.96501e-05

0.00334473 1.98299e-05
0.00336914 1.98922e-05

0.00336914 1.3135e-05
0.00339266 2.44141e-05

0.00339098 2.44141e-05
0.00339355 2.54526e-05

0.00339355 2.81394e-05
0.0034174 4.88281e-05

0.00341734 4.88281e-05
0.00341797 4.94144e-05

0.00341797 4.96872e-05
0.00344238 7.31077e-05

0.00344238 7.31472e-05
0.00344248 7.32422e-05

0.00344248 7.32422e-05
0.00346645 9.76563e-05

0.00346663 9.76563e-05
0.0034668 9.78312e-05

0.0034668 9.77295e-05
0.00351088 0.000146484

0.00351054 0.000146484
0.00351563 0.000152578

0.00351563 0.000152339
0.00355002 0.000195313

0.00355007 0.000195313
0.00356445 0.000215375

0.00356445 0.000215412
0.003585 0.000244141

0.00358501 0.000244141
0.00361328 0.000288391

0.00361328 0.000288622
0.00361597 0.000292969

0.00361608 0.000292969
0.00364377 0.000341797

0.00364362 0.000341797
0.00366211 0.000378342

0.00366211 0.000378275
0.00366836 0.000390625

0.00366902 0.000390625
0.00371027 0.000488281

0.00370994 0.000488281
0.00371094 0.000491421

0.00371094 0.000491423
0.00374099 0.000585938

0.00374079 0.000585937
0.00376269 0.000683594

0.00376231 0.000683594
0.00377621 0.00078125

0.00377823 0.00078125
0.00378354 0.000976562

0.00378119 0.000976562
0.00377274 0.00107422

0.00377295 0.00107422
0.00375767 0.00117188

0.00371094 0.00134753
0.00370566 0.00136719

0.00370544 0.00136719
0.00366814 0.00146484

0.00366816 0.00146484
0.00362317 0.0015625

0.00375768 0.00117187
0.00373516 0.00126953

0.00371094 0.00134894
0.00373518 0.00126953

0.00351563 0.00174741
0.00350913 0.00175781

0.00341797 0.00188136
0.00335914 0.00195312

0.00350942 0.00175781
0.00343904 0.00185547

0.00341797 0.00188197
0.00343866 0.00185547

0.00322266 0.00209561
0.00316468 0.00214844

0.00332031 0.00199557
0.00326814 0.00205078

0.00322266 0.00209537
0.00326802 0.00205078

0.003125 0.00218352
0.00316523 0.00214844

0.00332031 0.00199634
0.00335893 0.00195313

0.00361328 0.00158091
0.00357038 0.00166016

0.00351563 0.00174773
0.00357059 0.00166016

0.00361328 0.0015813
0.00362306 0.0015625

