7.04036e-05 0
7.32422e-05 7.95032e-06

7.32422e-05 1.5859e-06
9.76563e-05 2.44115e-05

9.76563e-05 1.29206e-05
0.00012207 1.23809e-05

0.00012207 1.27352e-05
0.000146484 1.25116e-05

0.000146484 1.25376e-05
0.000170898 1.24561e-05

0.000170898 1.26121e-05
0.000195313 1.2523e-05

0.000195313 1.2432e-05
0.000219727 1.24399e-05

0.000219727 1.26576e-05
0.000244141 1.24884e-05

0.000244141 1.2082e-05
0.000292969 1.30368e-05

0.000292969 1.27843e-05
0.000317383 1.28546e-05

0.000317383 1.2817e-05
0.000341797 1.28776e-05

0.000341797 1.28203e-05
0.000366211 1.29036e-05

0.000366211 1.28498e-05
0.000390625 1.29618e-05

0.000390625 1.28953e-05
0.000415039 1.29864e-05

0.000415039 1.29093e-05
0.000439453 1.3031e-05

0.000439453 1.29837e-05
0.000463867 1.30705e-05

0.000463867 1.29797e-05
0.000488281 1.3084e-05

0.000488281 1.30429e-05
0.000512695 1.31599e-05

0.000512695 1.3063e-05
0.000537109 1.31678e-05

0.000537109 1.30885e-05
0.000561523 1.32646e-05

0.000561523 1.32496e-05
0.000585937 1.32346e-05

0.000585938 1.312e-05
0.000610352 1.32115e-05

0.000610352 1.31327e-05
0.000634766 1.34837e-05

0.000634766 1.34151e-05
0.00065918 1.34263e-05

0.00065918 1.34622e-05
0.000683594 1.31705e-05

0.000683594 1.31465e-05
0.000708008 1.32707e-05

0.000708008 1.33748e-05
0.000732422 1.34382e-05

0.000732422 1.34584e-05
0.000756836 1.30511e-05

0.000756836 1.31736e-05
0.00078125 1.30497e-05

0.00078125 1.31126e-05
0.000805664 1.32188e-05

0.000805664 1.32556e-05
0.000830078 1.31202e-05

0.000830078 1.32117e-05
0.000854492 1.29251e-05

0.000854492 1.30238e-05
0.000878906 1.29426e-05

0.000878906 1.29806e-05
0.00090332 1.30409e-05

0.00090332 1.30892e-05
0.000927734 1.29628e-05

0.000927734 1.30479e-05
0.000952148 1.27941e-05

0.000952148 1.28802e-05
0.000976562 1.28134e-05

0.000976562 1.28898e-05
0.00100098 1.28582e-05

0.00100098 1.28669e-05
0.00102539 1.27824e-05

0.00102539 1.29419e-05
0.0010498 1.26876e-05

0.0010498 1.26717e-05
0.00107422 1.26227e-05

0.00107422 1.30437e-05
0.00109863 1.25178e-05

0.00109863 1.31016e-05
0.00112305 1.14676e-05

0.00112305 1.12597e-05
0.00114746 1.21139e-05

0.00114746 1.28691e-05
0.00117187 1.28315e-05

0.00117188 1.27677e-05
0.00119629 1.05555e-05

0.00119629 1.01824e-05
0.0012207 1.26436e-05

0.0012207 1.33407e-05
0.00124512 1.31919e-05

0.00124512 1.29477e-05
0.00126953 9.67824e-06

0.00126953 1.00836e-05
0.00129395 1.22478e-05

0.00129395 1.18603e-05
0.00131836 1.35033e-05

0.00131836 1.21536e-05
0.00134277 1.23668e-05

0.00134277 1.24679e-05
0.00136719 1.3187e-05

0.00136719 2.43907e-05
0.0013916 1.12472e-06

0.0013916 8.17515e-06
0.00139454 0

0.00146277 0
0.00146484 6.05659e-06

0.00146484 3.37265e-06
0.00148571 2.44141e-05

0.00148584 2.44141e-05
0.00148926 2.55591e-05

0.00148926 1.58198e-05
0.00151367 1.62719e-05

0.00151312 2.44141e-05
0.00151367 2.44179e-05

0.00151367 1.62519e-05
0.00153809 1.5423e-05

0.0015625 3.28172e-06
0.00154146 2.44141e-05

0.00153809 2.55138e-05
0.00154138 2.44141e-05

0 0.00307966
0.000390625 0.00306998

0.000390625 0.00307033
0.00078125 0.00304061

0.00078125 0.00304121
0.00117187 0.00298956

0.00117187 0.00298844
0.00136719 0.00295381

0.0015625 0.00291239
0.00148112 0.00292969

0.00136719 0.00295401
0.00148162 0.00292969

0.0015625 5.97136e-06
0.00156454 0

0.00165549 0
0.00166016 1.11728e-05

0.00166016 1.07001e-05
0.00167604 2.44141e-05

0.001675 2.44141e-05
0.00168457 2.76432e-05

0.00168457 1.76097e-05
0.00170898 1.74344e-05

0.00168457 2.44727e-05
0.00170037 2.44141e-05

0.0017334 1.01824e-05
0.00171751 2.44141e-05

0.00170898 2.76519e-05
0.00171835 2.44141e-05

0.0017334 8.93599e-06
0.00173703 0

0.00179886 0
0.00180664 1.57637e-05

0.00180664 1.02261e-05
0.00183105 1.06811e-05

0.00183105 7.65179e-06
0.00184812 0

0.00185832 0
0.00187988 1.59427e-05

0.00187988 6.21846e-06
0.0019043 1.18383e-05

0.0019043 8.3136e-06
0.00192871 1.11058e-05

0.00192871 9.17674e-06
0.00195312 1.18507e-05

0.00195312 9.14699e-06
0.00197754 1.33377e-05

0.00197754 1.38425e-05
0.00200195 1.24665e-05

0.00200195 1.64425e-05
0.00202637 4.24256e-06

0.00202637 4.72857e-06
0.00205078 8.1602e-06

0.00205078 8.45596e-06
0.0020752 1.55299e-05

0.0020752 9.13285e-06
0.00209961 1.16403e-05

0.00209961 1.35635e-05
0.00212402 1.35956e-05

0.00212402 1.32261e-05
0.00214844 7.58907e-06

0.00214844 7.15644e-06
0.00217285 1.31458e-05

0.00217285 1.40541e-05
0.00219727 1.40847e-05

0.00219727 1.33033e-05
0.00222168 7.03935e-06

0.00222168 6.97154e-06
0.00224609 1.35279e-05

0.00224609 1.41502e-05
0.00227051 1.42235e-05

0.00227051 1.40699e-05
0.00229492 6.52752e-06

0.00229492 7.3414e-06
0.00231934 1.1888e-05

0.00231934 1.03818e-05
0.00234375 1.54875e-05

0.00234375 1.55032e-05
0.00236816 1.0485e-05

0.00236816 1.24791e-05
0.00239258 6.73983e-06

0.00239258 6.76495e-06
0.00241699 1.26532e-05

0.00241699 1.05375e-05
0.00244141 1.54369e-05

0.00244141 1.5437e-05
0.00246582 1.04894e-05

0.00246582 1.24608e-05
0.00249023 6.94524e-06

0.00249023 6.96054e-06
0.00251465 1.26164e-05

0.00251465 1.05852e-05
0.00253906 1.53453e-05

0.00253906 1.53509e-05
0.00256348 1.05523e-05

0.00256348 1.24711e-05
0.00258789 7.08508e-06

0.00258789 7.08389e-06
0.0026123 1.25914e-05

0.0026123 1.06985e-05
0.00263672 1.52376e-05

0.00263672 1.52027e-05
0.00266113 1.04995e-05

0.00266113 1.18495e-05
0.00268555 7.85487e-06

0.00268555 7.02344e-06
0.00270996 1.3982e-05

0.00270996 1.41123e-05
0.00273438 1.41397e-05

0.00273437 1.409e-05
0.00275879 6.9524e-06

0.00275879 7.75165e-06
0.0027832 1.17458e-05

0.0027832 1.04395e-05
0.00280762 1.52795e-05

0.00280762 1.53396e-05
0.00283203 1.05568e-05

0.00283203 1.20324e-05
0.00285645 7.35885e-06

0.00285645 6.52483e-06
0.00288086 1.39387e-05

0.00288086 1.41524e-05
0.00290527 1.4216e-05

0.00290527 1.35594e-05
0.00292969 6.98901e-06

0.00292969 7.17128e-06
0.0029541 1.31432e-05

0.0029541 1.39254e-05
0.00297852 1.38783e-05

0.00297852 1.20459e-05
0.00300293 8.20675e-06

0.00300293 8.73221e-06
0.00302734 1.42845e-05

0.00302734 1.24523e-05
0.00305176 1.48986e-05

0.00305176 1.28759e-05
0.00307617 1.36215e-05

0.00307617 1.34509e-05
0.00310059 1.50076e-05

0.00310059 1.3947e-05
0.003125 1.49371e-05

0.0015625 0.00291267
0.00175781 0.00286354

0.00175781 0.00286379
0.00195312 0.00280608

0.00234375 0.0026603
0.0021601 0.00273438

0.00195312 0.0028065
0.00214844 0.00273887

0.00214844 0.00273893
0.00216018 0.00273438

0.00292969 0.00233417
0.00291542 0.00234375

0.00292969 0.00233383
0.00302734 0.0022605

0.003125 0.00217981
0.00304521 0.00224609

0.00302734 0.0022603
0.0030452 0.00224609

0.00244141 0.00261561
0.00239448 0.00263672

0.00234375 0.00266054
0.00239671 0.00263672

0.00244141 0.002616
0.00253906 0.00256825

0.00273438 0.00246181
0.00259488 0.00253906

0.00253906 0.00256871
0.00259512 0.00253906

0.00283203 0.00240018
0.00276596 0.00244141

0.00273438 0.00246077
0.00276559 0.00244141

0.00283203 0.00240026
0.00291477 0.00234375

0.003125 1.4478e-05
0.00314941 1.5552e-05

0.00314941 1.48745e-05
0.00317383 1.57632e-05

0.00317383 1.53114e-05
0.00319824 1.62091e-05

0.00319824 1.5743e-05
0.00322266 1.64373e-05

0.00322266 1.57054e-05
0.00324707 1.70345e-05

0.00324707 1.67505e-05
0.00327148 1.78297e-05

0.00327148 1.66874e-05
0.0032959 1.80661e-05

0.0032959 1.80003e-05
0.00332031 1.92402e-05

0.00332031 1.82243e-05
0.00334473 1.90087e-05

0.00334473 1.91586e-05
0.00336914 1.96506e-05

0.00336914 1.30195e-05
0.00339214 2.44141e-05

0.00338971 2.44141e-05
0.00339355 2.59798e-05

0.00339355 2.79741e-05
0.00341754 4.88281e-05

0.00341733 4.88281e-05
0.00341797 4.94305e-05

0.00341797 4.9701e-05
0.00344206 7.32422e-05

0.00344205 7.32422e-05
0.00344238 7.35754e-05

0.00344238 7.36531e-05
0.00346546 9.76563e-05

0.00346568 9.76563e-05
0.0034668 9.8863e-05

0.0034668 9.9177e-05
0.00348759 0.00012207

0.00348732 0.00012207
0.00349121 0.000126518

0.00349121 0.000126167
0.00350858 0.000146484

0.0035085 0.000146484
0.00351563 0.000155311

0.00351563 0.000155217
0.00354709 0.000195313

0.00354699 0.000195313
0.00356445 0.000220353

0.00356445 0.000220415
0.00358084 0.000244141

0.00358089 0.000244141
0.00361113 0.000292969

0.00361109 0.000292969
0.00361328 0.000297149

0.00361328 0.00029706
0.00363786 0.000341797

0.00363772 0.000341797
0.00366162 0.000390625

0.00366229 0.000390625
0.00370213 0.000488281

0.00370175 0.000488281
0.00371094 0.000518341

0.00371094 0.000517966
0.00373172 0.000585938

0.00373148 0.000585937
0.00375237 0.000683594

0.003752 0.000683594
0.00376507 0.00078125

0.00376703 0.00078125
0.00377114 0.000976562

0.00376884 0.000976562
0.00376003 0.00107422

0.00376023 0.00107422
0.00374476 0.00117188

0.00371094 0.00130252
0.00369362 0.00136719

0.00361328 0.00155774
0.00361112 0.0015625

0.00369262 0.00136719
0.00365568 0.00146484

0.00361328 0.00155812
0.00365571 0.00146484

0.00374478 0.00117187
0.00372222 0.00126953

0.00371094 0.00130692
0.0037223 0.00126953

0.00351563 0.0017305
0.0034987 0.00175781

0.00341797 0.0018701
0.00335086 0.00195312

0.00349898 0.00175781
0.00342957 0.00185547

0.00341797 0.00187027
0.00342923 0.00185547

0.00322266 0.00208954
0.00315946 0.00214844

0.00332031 0.00198685
0.0032615 0.00205078

0.00322266 0.00208923
0.003261 0.00205078

0.003125 0.00217941
0.00315978 0.00214844

0.00332031 0.00198759
0.00335057 0.00195313

0.0036114 0.0015625
0.00355921 0.00166016

0.00351563 0.00173085
0.00355943 0.00166016

