0 6.78763e-05
0.00012207 6.78409e-05

0.00012207 6.77568e-05
0.000244141 6.7908e-05

0.000244141 6.79055e-05
0.000366211 6.80359e-05

0.000366211 6.76824e-05
0.000488281 6.81758e-05

0.000488281 6.84982e-05
0.000610352 6.81766e-05

0.000610352 6.78425e-05
0.000732422 6.75375e-05

0.000732422 6.8097e-05
0.000854492 6.81251e-05

0.000854492 6.76073e-05
0.000976562 6.78144e-05

0 0.00165246
0.000244141 0.001652

0.000244141 0.00165199
0.000488281 0.00165061

0.000488281 0.00165063
0.000732422 0.00164831

0.000732422 0.0016483
0.000976562 0.00164501

0.000976562 6.83937e-05
0.00109863 6.81358e-05

0.00109863 6.72502e-05
0.0012207 6.77887e-05

0.0012207 6.87873e-05
0.00134277 6.85421e-05

0.00134277 6.72591e-05
0.00146484 6.74152e-05

0.00146484 7.30456e-05
0.00158691 6.45159e-05

0.00170742 0
0.00158869 0.00012207

0.00170898 4.08109e-05
0.00172368 0

0.000976562 0.00164498
0.0012207 0.00164079

0.0012207 0.00164086
0.00146484 0.00163567

0.00146484 0.00163571
0.00170898 0.00162932

0.00170898 0.00162933
0.00195312 0.00162165

0.00201957 0
0.0020752 0.000100378

0.0020752 9.1909e-05
0.00219727 4.61825e-05

0.00219727 4.10409e-05
0.00221192 0

0.00195312 0.00162175
0.00219727 0.00161256

0.00219727 0.00161257
0.00244141 0.00160168

0.00244141 0.00160175
0.00268555 0.001589

0.00268555 0.00158905
0.00292969 0.0015742

0.00292969 0.00157427
0.00317383 0.00155707

0.00317383 0.00155708
0.00341797 0.00153738

0.00341797 0.00153722
0.00354004 0.00152641

0.00354004 0.00152645
0.00366211 0.00151493

0.00366211 0.00151495
0.00378418 0.00150261

0.00378418 0.00150262
0.00390625 0.00148942

0.00415039 0.00146048
0.004114 0.00146484

0.00415039 0.00146057
0.00439453 0.00142719

0.00390625 0.00148944
0.00402832 0.00147533

0.00402832 0.00147528
0.00411278 0.00146484

0.00439453 0.00142698
0.0045166 0.00140865

0.0045166 0.00140867
0.00463867 0.00138908

0.00463867 0.00138911
0.00476074 0.00136816

0.00476074 0.00136819
0.00488281 0.00134579

0.00548395 0
0.00549316 2.55127e-05

0.00549316 2.81711e-05
0.00556098 0.00012207

0.00555715 0.00012207
0.00561523 0.000158955

0.00561523 0.000142424
0.0057373 0.000169571

0.0057373 0.000173374
0.00585938 0.000144739

0.00500488 0.00132198
0.00489893 0.00134277

0.00488281 0.00134487
0.00489348 0.00134277

0.00500488 0.00132189
0.00512695 0.00129627

0.00512695 0.0012963
0.00524902 0.00126888

0.00524902 0.00126892
0.00537109 0.00123956

0.00561523 0.00117501
0.00544436 0.0012207

0.00537109 0.00123977
0.0054451 0.0012207

0.00561523 0.00117541
0.00585938 0.00110029

0.00598145 3.63055e-05
0.00591246 0.00012207

0.00585938 0.000133466
0.00587846 0.00012207

0.00598145 8.47321e-05
0.0060197 0

0.00634766 0.00091388
0.0061959 0.000976562

0.00634766 0.000914703
0.0065918 0.000796668

0.00671387 0.000728492
0.00670663 0.000732422

0.00671387 0.000729699
0.00683594 0.000657369

0.0065918 0.000795838
0.00670852 0.000732422

0.00585938 0.00110079
0.00610352 0.00101394

0.00610352 0.00101432
0.00619493 0.000976562

0.00732422 0.00028547
0.00708823 0.000488281

0.00695801 0.000578835
0.00690953 0.000610352

0.00683594 0.000657273
0.00690812 0.000610352

0.00695801 0.000578638
0.00708008 0.000491013

0.00708008 0.000492894
0.00708607 0.000488281

0.00744629 0.000158908
0.00736562 0.000244141

0.00755671 0
0.00750351 0.00012207

0.00744629 0.000161337
0.00748106 0.00012207

0.00732422 0.00028784
0.00736958 0.000244141

