0 6.80994e-05
0.00012207 6.76935e-05

0.00012207 6.7664e-05
0.000244141 6.75276e-05

0.000244141 6.75803e-05
0.000366211 6.80108e-05

0.000366211 6.77795e-05
0.000488281 6.80494e-05

0.000488281 6.80763e-05
0.000610352 6.79152e-05

0.000610352 6.75692e-05
0.000732422 6.80207e-05

0.000732422 6.84058e-05
0.000854492 6.82561e-05

0.000854492 6.7552e-05
0.000976562 6.78153e-05

0 0.00165127
0.000244141 0.00165084

0.000244141 0.00165083
0.000488281 0.00164954

0.000488281 0.00164958
0.000732422 0.00164739

0.000732422 0.00164739
0.000976562 0.00164422

0.000976562 6.86802e-05
0.00109863 6.83731e-05

0.00109863 6.73824e-05
0.0012207 6.75284e-05

0.0012207 6.86907e-05
0.00134277 6.85796e-05

0.00134277 6.72743e-05
0.00146484 6.74713e-05

0.00146484 7.26936e-05
0.00158691 6.48696e-05

0.00170828 0
0.0015889 0.00012207

0.00170898 4.08241e-05
0.00172368 0

0.000976562 0.00164417
0.0012207 0.00164012

0.0012207 0.00164023
0.00146484 0.00163519

0.00146484 0.00163519
0.00170898 0.00162894

0.00170898 0.00162899
0.00195312 0.00162143

0.00201966 0
0.0020752 0.000100267

0.0020752 9.16527e-05
0.00219727 4.62395e-05

0.00219727 4.17924e-05
0.00221223 0

0.00195312 0.0016215
0.00219727 0.00161241

0.00219727 0.00161243
0.00244141 0.0016016

0.00244141 0.00160166
0.00268555 0.00158894

0.00268555 0.00158898
0.00292969 0.00157414

0.00292969 0.00157422
0.00317383 0.00155705

0.00317383 0.00155706
0.00341797 0.00153737

0.00341797 0.00153722
0.00354004 0.00152643

0.00354004 0.00152646
0.00366211 0.00151496

0.00366211 0.00151498
0.00378418 0.00150267

0.00378418 0.00150268
0.00390625 0.00148951

0.00415039 0.00146062
0.00411505 0.00146484

0.00415039 0.00146069
0.00439453 0.00142738

0.00390625 0.00148952
0.00402832 0.00147543

0.00402832 0.00147538
0.00411376 0.00146484

0.00439453 0.00142716
0.0045166 0.00140886

0.0045166 0.00140888
0.00463867 0.00138933

0.00463867 0.00138935
0.00476074 0.00136844

0.00476074 0.00136846
0.00488281 0.0013461

0.00548421 0
0.00549316 2.48179e-05

0.00549316 2.816e-05
0.00556093 0.00012207

0.00555694 0.00012207
0.00561523 0.000159114

0.00561523 0.000142492
0.0057373 0.00016961

0.0057373 0.000173419
0.00585938 0.000144754

0.00500488 0.00132232
0.00490054 0.00134277

0.00488281 0.00134525
0.00489544 0.00134277

0.00500488 0.00132223
0.00512695 0.00129663

0.00512695 0.00129667
0.00524902 0.00126928

0.00524902 0.00126931
0.00537109 0.00123998

0.00561523 0.00117548
0.00544594 0.0012207

0.00537109 0.00124019
0.00544679 0.0012207

0.00561523 0.00117591
0.00585938 0.00110085

0.00598145 3.6095e-05
0.00591245 0.00012207

0.00585938 0.00013382
0.00587903 0.00012207

0.00598145 8.44714e-05
0.0060195 0

0.00634766 0.000914449
0.00619724 0.000976562

0.00634766 0.000915298
0.0065918 0.000797305

0.00671387 0.000728834
0.00670726 0.000732422

0.00671387 0.000730358
0.00683594 0.000658054

0.0065918 0.000796479
0.00670974 0.000732422

0.00585938 0.00110135
0.00610352 0.00101452

0.00610352 0.0010141
0.00619841 0.000976562

0.00732422 0.000286115
0.00708912 0.000488281

0.00695801 0.000579395
0.00691038 0.000610352

0.00683594 0.000658071
0.00690936 0.000610352

0.00695801 0.000579348
0.00708008 0.000491733

0.00708008 0.000493595
0.00708697 0.000488281

0.00744629 0.00015933
0.00736606 0.000244141

0.00755704 0
0.0075039 0.00012207

0.00744629 0.00016195
0.0074816 0.00012207

0.00732422 0.000288145
0.00736983 0.000244141

