7.13565e-05 0
7.32422e-05 5.46936e-06

7.4332e-05 0
9.67455e-05 2.44141e-05

9.68519e-05 2.44141e-05
9.76563e-05 2.47061e-05

9.76563e-05 1.42282e-05
0.00012207 1.42941e-05

0.000114905 2.44141e-05
0.00012207 2.44206e-05

0.00012207 1.34037e-05
0.000146484 1.09294e-05

0.000146484 1.23487e-05
0.000170898 1.27198e-05

0.000170898 1.23834e-05
0.000195313 1.24528e-05

0.000195313 1.24334e-05
0.000219727 1.27297e-05

0.000219727 1.26054e-05
0.000244141 1.26371e-05

0.000244141 1.24205e-05
0.000292969 1.31519e-05

0.000292969 1.26982e-05
0.000317383 1.27358e-05

0.000317383 1.28799e-05
0.000341797 1.31109e-05

0.000341797 1.29083e-05
0.000366211 1.28512e-05

0.000366211 1.29798e-05
0.000390625 1.29304e-05

0.000390625 1.27465e-05
0.000439453 1.314e-05

0.000439453 1.28538e-05
0.000488281 1.32595e-05

0.000488281 1.30839e-05
0.000512695 1.3029e-05

0.000512695 1.30774e-05
0.000537109 1.31602e-05

0.000537109 1.29296e-05
0.000561523 1.33018e-05

0.000561523 1.34129e-05
0.000585937 1.33606e-05

0.000585938 1.31378e-05
0.000610352 1.30179e-05

0.000610352 1.30781e-05
0.000634766 1.35224e-05

0.000634766 1.34272e-05
0.00065918 1.33725e-05

0.00065918 1.33475e-05
0.000683594 1.31733e-05

0.000683594 1.3273e-05
0.000708008 1.32738e-05

0.000708008 1.33098e-05
0.000732422 1.32121e-05

0.000732422 1.32758e-05
0.000756836 1.31294e-05

0.000756836 1.3209e-05
0.00078125 1.31018e-05

0.00078125 1.31828e-05
0.000805664 1.30685e-05

0.000805664 1.31198e-05
0.000830078 1.30271e-05

0.000830078 1.30982e-05
0.000854492 1.30205e-05

0.000854492 1.30729e-05
0.000878906 1.29633e-05

0.000878906 1.30396e-05
0.00090332 1.29232e-05

0.00090332 1.29897e-05
0.000927734 1.28815e-05

0.000927734 1.29559e-05
0.000952148 1.2854e-05

0.000952148 1.29106e-05
0.000976562 1.28172e-05

0.000976562 1.28952e-05
0.00100098 1.27834e-05

0.00100098 1.28269e-05
0.00102539 1.27442e-05

0.00102539 1.28869e-05
0.0010498 1.2676e-05

0.0010498 1.26684e-05
0.00107422 1.26089e-05

0.00107422 1.29748e-05
0.00109863 1.25055e-05

0.00109863 1.30392e-05
0.00112305 1.15918e-05

0.00112305 1.14628e-05
0.00114746 1.20753e-05

0.00114746 1.27312e-05
0.00117187 1.27122e-05

0.00117188 1.26359e-05
0.00119629 1.08769e-05

0.00119629 1.05918e-05
0.0012207 1.25552e-05

0.0012207 1.3096e-05
0.00124512 1.29872e-05

0.00124512 1.27038e-05
0.00126953 1.02971e-05

0.00126953 1.06272e-05
0.00129395 1.2333e-05

0.00129395 1.19873e-05
0.00131836 1.32055e-05

0.00131836 1.10585e-05
0.00134277 1.35305e-05

0.00134277 1.46182e-05
0.00136719 1.40525e-05

0.0013901 0
0.00136805 2.44141e-05

0.0013916 5.29443e-06
0.00139343 0

0.00146281 0
0.00146484 5.89437e-06

0.00146484 2.31892e-06
0.00148599 2.44141e-05

0.00148898 2.44141e-05
0.00148926 2.45112e-05

0.00148926 1.5472e-05
0.00151367 1.72789e-05

0.00151367 1.71322e-05
0.00153809 1.57184e-05

0.0015625 2.79634e-06
0.00154153 2.44141e-05

0.00153809 2.48176e-05
0.00153926 2.44141e-05

0 0.00309818
0.000390625 0.00308828

0.000390625 0.00308878
0.00078125 0.00305807

0.00078125 0.00305857
0.00117187 0.00300505

0.00117187 0.00300391
0.00136719 0.00296808

0.0015625 0.00292545
0.00154325 0.00292969

0.00136719 0.00296826
0.00154232 0.00292969

0.0015625 6.39583e-06
0.00156471 0

0.00165551 0
0.00166016 1.11281e-05

0.00166016 1.0683e-05
0.00167606 2.44141e-05

0.001675 2.44141e-05
0.00168457 2.76393e-05

0.00168457 1.75852e-05
0.00170898 1.74188e-05

0.00168457 2.44705e-05
0.00170086 2.44141e-05

0.0017334 1.01835e-05
0.00171749 2.44141e-05

0.00170898 2.76621e-05
0.0017184 2.44141e-05

0.0017334 8.98788e-06
0.00173705 0

0.00179865 0
0.00180664 1.59582e-05

0.00180664 1.04013e-05
0.00183105 1.04211e-05

0.00183105 7.36106e-06
0.00184842 0

0.00185812 0
0.00187988 1.61209e-05

0.00187988 6.40273e-06
0.0019043 1.16884e-05

0.0019043 8.31754e-06
0.00192871 1.11011e-05

0.00192871 9.19233e-06
0.00195312 1.18625e-05

0.00195312 9.15999e-06
0.00197754 1.33215e-05

0.00197754 1.38162e-05
0.00200195 1.24839e-05

0.00200195 1.64025e-05
0.00202637 4.33599e-06

0.00202637 4.82726e-06
0.00205078 8.16615e-06

0.00205078 8.43251e-06
0.0020752 1.55283e-05

0.0020752 9.2136e-06
0.00209961 1.17083e-05

0.00209961 1.36161e-05
0.00212402 1.351e-05

0.00212402 1.3194e-05
0.00214844 7.58899e-06

0.00214844 7.14102e-06
0.00217285 1.31737e-05

0.00217285 1.40477e-05
0.00219727 1.41131e-05

0.00219727 1.33253e-05
0.00222168 7.07609e-06

0.00222168 7.01615e-06
0.00224609 1.35092e-05

0.00224609 1.41625e-05
0.00227051 1.42012e-05

0.00227051 1.40672e-05
0.00229492 6.50981e-06

0.00229492 7.32369e-06
0.00231934 1.1885e-05

0.00231934 1.03675e-05
0.00234375 1.5494e-05

0.00234375 1.55113e-05
0.00236816 1.04814e-05

0.00236816 1.25038e-05
0.00239258 6.69325e-06

0.00239258 6.71268e-06
0.00241699 1.2637e-05

0.00241699 1.05074e-05
0.00244141 1.54743e-05

0.00244141 1.54737e-05
0.00246582 1.04716e-05

0.00246582 1.24926e-05
0.00249023 6.84977e-06

0.00249023 6.86121e-06
0.00251465 1.26051e-05

0.00251465 1.05413e-05
0.00253906 1.5406e-05

0.00253906 1.54101e-05
0.00256348 1.05182e-05

0.00256348 1.24992e-05
0.00258789 6.95238e-06

0.00258789 6.9517e-06
0.0026123 1.2587e-05

0.0026123 1.06431e-05
0.00263672 1.53084e-05

0.00263672 1.52732e-05
0.00266113 1.04549e-05

0.00266113 1.18328e-05
0.00268555 7.73885e-06

0.00268555 6.90075e-06
0.00270996 1.40313e-05

0.00270996 1.41475e-05
0.00273438 1.41612e-05

0.00273437 1.41025e-05
0.00275879 6.84802e-06

0.00275879 7.65202e-06
0.0027832 1.17781e-05

0.0027832 1.04552e-05
0.00280762 1.53166e-05

0.00280762 1.53435e-05
0.00283203 1.05137e-05

0.00283203 1.1959e-05
0.00285645 7.42484e-06

0.00285645 6.65114e-06
0.00288086 1.39312e-05

0.00288086 1.39871e-05
0.00290527 1.42186e-05

0.00290527 1.34088e-05
0.00292969 7.48297e-06

0.00292969 7.80873e-06
0.0029541 1.3047e-05

0.0029541 1.35518e-05
0.00297852 1.37714e-05

0.00297852 1.20566e-05
0.00300293 9.08893e-06

0.00300293 9.51066e-06
0.00302734 1.40378e-05

0.00302734 1.2467e-05
0.00305176 1.45677e-05

0.00305176 1.28759e-05
0.00307617 1.36599e-05

0.00307617 1.33626e-05
0.00310059 1.48313e-05

0.00310059 1.38421e-05
0.003125 1.49336e-05

0.0015625 0.00292544
0.00175781 0.0028745

0.00175781 0.00287478
0.00195312 0.00281501

0.00234375 0.00266412
0.00217556 0.00273438

0.00195312 0.00281545
0.00214844 0.00274544

0.00214844 0.00274527
0.00217556 0.00273438

0.00292969 0.00232737
0.00290611 0.00234375

0.00292969 0.0023269
0.00302734 0.00225113

0.003125 0.00216771
0.00303371 0.00224609

0.00302734 0.00225097
0.0030333 0.00224609

0.00244141 0.00261798
0.00240113 0.00263672

0.00234375 0.00266372
0.0024018 0.00263672

0.00244141 0.00261826
0.00253906 0.0025691

0.00273438 0.00245924
0.00259472 0.00253906

0.00253906 0.00256943
0.00259473 0.00253906

0.00283203 0.00239552
0.0027609 0.00244141

0.00273438 0.00245785
0.00276028 0.00244141

0.00283203 0.00239545
0.00290527 0.00234375

0.003125 1.43782e-05
0.00314941 1.55394e-05

0.00314941 1.48319e-05
0.00317383 1.58348e-05

0.00317383 1.52888e-05
0.00319824 1.63109e-05

0.00319824 1.57748e-05
0.00322266 1.66543e-05

0.00322266 1.61505e-05
0.00324707 1.70056e-05

0.00324707 1.64825e-05
0.00327148 1.7496e-05

0.00327148 1.67536e-05
0.0032959 1.82867e-05

0.0032959 1.7872e-05
0.00332031 1.90577e-05

0.00332031 1.82008e-05
0.00334473 1.9208e-05

0.00334473 1.93997e-05
0.00336914 1.95444e-05

0.00336914 1.29978e-05
0.00339303 2.44141e-05

0.00339131 2.44141e-05
0.00339355 2.52924e-05

0.00339355 2.71285e-05
0.00341797 4.86025e-05

0.00341768 4.88281e-05
0.00341797 4.91077e-05

0.00341797 4.9446e-05
0.00344141 7.32422e-05

0.0034415 7.32422e-05
0.00344238 7.41717e-05

0.00344238 7.43666e-05
0.00346388 9.76563e-05

0.00346431 9.76563e-05
0.0034668 0.000100465

0.0034668 0.000100847
0.00350547 0.000146484

0.00350528 0.000146484
0.00351563 0.000160066

0.00351563 0.000160082
0.00354215 0.000195313

0.00354212 0.000195313
0.00356445 0.000228654

0.00356445 0.000228872
0.00357446 0.000244141

0.00357465 0.000244141
0.00360371 0.000292969

0.00360389 0.000292969
0.00361328 0.000311658

0.00361328 0.000311258
0.0036294 0.000341797

0.00362927 0.000341797
0.0036522 0.000390625

0.00365285 0.000390625
0.00369102 0.000488281

0.00369068 0.000488281
0.00371094 0.000557903

0.00371094 0.000557113
0.00371933 0.000585938

0.00371895 0.000585937
0.0037386 0.000683594

0.00373825 0.000683594
0.00375027 0.00078125

0.00375221 0.00078125
0.00375465 0.000976562

0.00375241 0.000976562
0.00374295 0.00107422

0.00374311 0.00107422
0.00372712 0.00117188

0.00371094 0.00123996
0.00367648 0.00136719

0.00361328 0.00151774
0.00359286 0.0015625

0.00367465 0.00136719
0.0036374 0.00146484

0.00361328 0.00151802
0.00363754 0.00146484

0.00371094 0.00124265
0.00372739 0.00117187

0.00351563 0.001701
0.00348055 0.00175781

0.00341797 0.00184685
0.00341175 0.00185547

0.00341207 0.00185547
0.00333393 0.00195312

0.00341797 0.00184686
0.0034808 0.00175781

0.00322266 0.00207458
0.00314563 0.00214844

0.00332031 0.00196857
0.00324592 0.00205078

0.00322266 0.00207414
0.0032454 0.00205078

0.003125 0.00216733
0.00314565 0.00214844

0.00332031 0.00196876
0.00333375 0.00195313

0.00359302 0.0015625
0.00354082 0.00166016

0.00351563 0.00170146
0.00354107 0.00166016

