0 6.74913e-05
0.00012207 6.78073e-05

0.00012207 6.77919e-05
0.000244141 6.79742e-05

0.000244141 6.79123e-05
0.000366211 6.76565e-05

0.000366211 6.76102e-05
0.000488281 6.77771e-05

0.000488281 6.77534e-05
0.000610352 6.80625e-05

0.000610352 6.76078e-05
0.000732422 6.82377e-05

0.000732422 6.87257e-05
0.000854492 6.80263e-05

0.000854492 6.74262e-05
0.000976562 6.73801e-05

0 0.00165074
0.000244141 0.0016503

0.000244141 0.00165029
0.000488281 0.00164899

0.000488281 0.00164904
0.000732422 0.00164682

0.000732422 0.0016468
0.000976562 0.00164358

0.000976562 6.82453e-05
0.00109863 6.84384e-05

0.00109863 6.73038e-05
0.0012207 6.77889e-05

0.0012207 6.88269e-05
0.00134277 6.85778e-05

0.00134277 6.73489e-05
0.00146484 6.73734e-05

0.00146484 7.26911e-05
0.00158691 6.47501e-05

0.00170817 0
0.00158883 0.00012207

0.00170898 4.08224e-05
0.00172368 0

0.000976562 0.00164352
0.0012207 0.00163945

0.0012207 0.00163959
0.00146484 0.00163452

0.00146484 0.00163448
0.00170898 0.00162819

0.00170898 0.00162825
0.00195312 0.0016207

0.00201982 0
0.0020752 0.000100114

0.0020752 9.15568e-05
0.00219727 4.62078e-05

0.00219727 4.14906e-05
0.00221211 0

0.00195312 0.00162078
0.00219727 0.0016117

0.00219727 0.0016117
0.00244141 0.00160093

0.00244141 0.00160105
0.00268555 0.00158835

0.00268555 0.0015883
0.00292969 0.00157353

0.00292969 0.00157363
0.00317383 0.00155668

0.00317383 0.00155652
0.0032959 0.00154716

0.0032959 0.00154719
0.00341797 0.00153721

0.00341797 0.00153722
0.00354004 0.00152653

0.00354004 0.00152654
0.00366211 0.00151508

0.00366211 0.00151509
0.00378418 0.00150282

0.00378418 0.00150284
0.00390625 0.0014897

0.00415039 0.00146095
0.00411778 0.00146484

0.00415039 0.00146096
0.00439453 0.00142774

0.00390625 0.00148971
0.00402832 0.00147567

0.00402832 0.0014756
0.00411576 0.00146484

0.00439453 0.00142754
0.0045166 0.00140929

0.0045166 0.00140932
0.00463867 0.00138982

0.00463867 0.00138984
0.00476074 0.00136898

0.00476074 0.00136901
0.00488281 0.00134669

0.00548474 0
0.00549316 2.34502e-05

0.00549316 2.80886e-05
0.00556078 0.00012207

0.00555614 0.00012207
0.00561523 0.000159687

0.00561523 0.000142723
0.0057373 0.000169734

0.0057373 0.000173564
0.00585938 0.00014477

0.00500488 0.00132298
0.0049037 0.00134277

0.00488281 0.00134592
0.0048989 0.00134277

0.00500488 0.00132286
0.00512695 0.0012973

0.00512695 0.00129733
0.00524902 0.00126997

0.00524902 0.00127
0.00537109 0.00124068

0.00561523 0.00117617
0.00544851 0.0012207

0.00537109 0.0012409
0.00544952 0.0012207

0.00561523 0.00117664
0.00585938 0.00110154

0.00598145 3.55578e-05
0.00591246 0.00012207

0.00585938 0.000134255
0.0058797 0.00012207

0.00598145 8.34835e-05
0.00601886 0

0.00634766 0.000915058
0.00619863 0.000976562

0.00634766 0.000914387
0.00646973 0.00085815

0.0065918 0.00079732
0.00647743 0.000854492

0.00646973 0.000857274
0.00647529 0.000854492

0.00671387 0.000729445
0.00670839 0.000732422

0.00671387 0.000731226
0.00683594 0.000658645

0.0065918 0.000797488
0.00671138 0.000732422

0.00585938 0.00110198
0.00610352 0.00101509

0.00610352 0.00101464
0.00619978 0.000976562

0.00732422 0.000286348
0.00708852 0.000488281

0.00695801 0.000579434
0.00691066 0.000610352

0.00683594 0.000658774
0.0069101 0.000610352

0.00695801 0.000579538
0.00708008 0.000491504

0.00708008 0.000490477
0.00708294 0.000488281

0.00744629 0.000160729
0.00736674 0.000244141

0.00755863 0
0.00750538 0.00012207

0.00744629 0.000164037
0.00748354 0.00012207

0.00732422 0.000289623
0.00737175 0.000244141

