0 6.80236e-05
0.00012207 6.77167e-05

0.00012207 6.7654e-05
0.000244141 6.76318e-05

0.000244141 6.76324e-05
0.000366211 6.80751e-05

0.000366211 6.80097e-05
0.000488281 6.79319e-05

0.000488281 6.80193e-05
0.000610352 6.75729e-05

0.000610352 6.71431e-05
0.000732422 6.81372e-05

0.000732422 6.86284e-05
0.000854492 6.84385e-05

0.000854492 6.76467e-05
0.000976562 6.73513e-05

0 0.0016509
0.000244141 0.00165044

0.000244141 0.00165043
0.000488281 0.00164905

0.000488281 0.00164906
0.000732422 0.00164673

0.000732422 0.00164672
0.000976562 0.00164344

0.000976562 6.8149e-05
0.00109863 6.84792e-05

0.00109863 6.7633e-05
0.0012207 6.78553e-05

0.0012207 6.88963e-05
0.00134277 6.80625e-05

0.00134277 6.68989e-05
0.00146484 6.73515e-05

0.00146484 7.30299e-05
0.00158691 6.46001e-05

0.00170718 0
0.00158866 0.00012207

0.00158691 0.000122261
0.00158747 0.00012207

0.00170898 4.08084e-05
0.00172368 0

0.000976562 0.00164337
0.0012207 0.00163929

0.0012207 0.00163945
0.00146484 0.00163442

0.00146484 0.00163439
0.00170898 0.00162815

0.00170898 0.00162821
0.00195312 0.00162071

0.00201997 0
0.0020752 9.99726e-05

0.0020752 9.12843e-05
0.00219727 4.63378e-05

0.00219727 4.22771e-05
0.00221243 0

0.00195312 0.00162079
0.00219727 0.00161174

0.00219727 0.00161174
0.00244141 0.00160099

0.00244141 0.00160112
0.00268555 0.00158843

0.00268555 0.00158837
0.00292969 0.0015736

0.00292969 0.0015737
0.00317383 0.00155675

0.00317383 0.00155659
0.0032959 0.00154723

0.0032959 0.00154726
0.00341797 0.00153728

0.00341797 0.00153729
0.00354004 0.0015266

0.00354004 0.00152661
0.00366211 0.00151516

0.00366211 0.00151517
0.00378418 0.0015029

0.00378418 0.00150292
0.00390625 0.00148979

0.00415039 0.00146107
0.00411878 0.00146484

0.00415039 0.00146105
0.00439453 0.00142783

0.00390625 0.0014898
0.00402832 0.00147576

0.00402832 0.00147568
0.00411641 0.00146484

0.00439453 0.00142762
0.0045166 0.00140937

0.0045166 0.0014094
0.00463867 0.00138989

0.00463867 0.00138991
0.00476074 0.00136904

0.00476074 0.00136907
0.00488281 0.00134674

0.00548494 0
0.00549316 2.29173e-05

0.00549316 2.79794e-05
0.00556078 0.00012207

0.00555582 0.00012207
0.00561523 0.000159916

0.00561523 0.000142777
0.0057373 0.000169768

0.0057373 0.000173614
0.00585938 0.000144797

0.00500488 0.00132302
0.00490395 0.00134277

0.00488281 0.00134594
0.00489901 0.00134277

0.00500488 0.0013229
0.00512695 0.00129733

0.00512695 0.00129736
0.00524902 0.00126999

0.00524902 0.00127003
0.00537109 0.00124071

0.00561523 0.00117621
0.00544858 0.0012207

0.00537109 0.00124092
0.00544963 0.0012207

0.00561523 0.00117668
0.00585938 0.00110162

0.00598145 3.54291e-05
0.0059125 0.00012207

0.00585938 0.000134397
0.00587991 0.00012207

0.00598145 8.31403e-05
0.00601864 0

0.00634766 0.000915261
0.00619916 0.000976562

0.00634766 0.000914549
0.00646973 0.000858213

0.0065918 0.000797277
0.00647753 0.000854492

0.00646973 0.000857456
0.00647565 0.000854492

0.00671387 0.000729381
0.00670828 0.000732422

0.00671387 0.000731092
0.00683594 0.000658428

0.0065918 0.000797449
0.00671114 0.000732422

0.00585938 0.00110207
0.00610352 0.00101523

0.00610352 0.00101476
0.00620017 0.000976562

0.00732422 0.000286085
0.00708807 0.000488281

0.00695801 0.000579185
0.00691032 0.000610352

0.00683594 0.000658529
0.00690966 0.000610352

0.00695801 0.000579253
0.00708008 0.000491167

0.00708008 0.000488663
0.00708058 0.000488281

0.00744629 0.000160543
0.00736642 0.000244141

0.00755869 0
0.00750538 0.00012207

0.00744629 0.000164246
0.00748377 0.00012207

0.00732422 0.000289629
0.00737182 0.000244141

