7.0602e-05 0
7.32422e-05 4.39503e-06

8.90566e-05 0
9.76563e-05 3.36421e-06

0.0001167 0
0.00012207 4.42467e-06

0.000138346 0
0.000146484 8.45835e-06

0.000161485 0
0.000170898 1.2953e-05

0.000172814 0
0.000195313 1.74282e-05

0.000195313 7.30023e-06
0.000219727 1.23523e-05

0.000219727 9.14098e-06
0.000244141 1.22117e-05

0.000244141 1.02716e-05
0.000268555 1.29698e-05

0.000268555 1.13484e-05
0.000292969 1.34156e-05

0.000292969 1.21967e-05
0.000317383 1.38331e-05

0.000317383 1.28858e-05
0.000341797 1.41997e-05

0.000341797 1.34609e-05
0.000366211 1.45096e-05

0.000366211 1.39273e-05
0.000390625 1.47577e-05

0.000390625 1.42836e-05
0.000415039 1.49862e-05

0.000415039 1.45612e-05
0.000439453 1.52466e-05

0.000439453 1.48094e-05
0.000463867 1.55766e-05

0.000463867 1.5096e-05
0.000488281 1.59861e-05

0.000488281 1.55732e-05
0.000512695 1.63253e-05

0.000512695 1.58394e-05
0.000537109 1.65496e-05

0.000537109 1.64587e-05
0.000561523 1.66986e-05

0.000561523 1.59867e-05
0.000585937 1.68331e-05

0.000585938 1.70938e-05
0.000610352 1.76062e-05

0.000610352 1.68985e-05
0.000634766 1.68727e-05

0.000634766 1.6255e-05
0.00065918 1.83968e-05

0.00065918 1.8148e-05
0.000683594 1.97454e-05

0.000683594 1.99367e-05
0.000708008 1.79098e-05

0.000708008 1.80626e-05
0.000732422 1.57771e-05

0.000732422 1.6112e-05
0.000756836 1.7396e-05

0.000756836 1.84606e-05
0.00078125 1.77824e-05

0 0.0010095
4.88281e-05 0.00100953

4.88281e-05 0.00100956
9.76563e-05 0.00100959

9.76563e-05 0.00100955
0.000146484 0.00100959

0.000146484 0.00100961
0.000195313 0.0010097

0.000195313 0.00100968
0.000244141 0.00100979

0.000244141 0.0010098
0.000292969 0.00100995

0.000292969 0.00100995
0.000341797 0.00101013

0.000341797 0.00101013
0.000390625 0.00101036

0.000390625 0.00101036
0.000439453 0.00101062

0.000439453 0.00101063
0.000488281 0.00101091

0.000488281 0.00101091
0.000537109 0.0010112

0.000537109 0.0010112
0.000585938 0.0010115

0.000585937 0.0010115
0.000634766 0.00101179

0.000634766 0.00101179
0.000683594 0.00101208

0.000683594 0.00101208
0.000732422 0.00101235

0.000732422 0.00101235
0.00078125 0.00101261

0.00078125 1.74012e-05
0.000805664 1.48268e-05

0.000805664 1.5993e-05
0.000830078 1.56002e-05

0.000830078 1.56252e-05
0.000854492 1.59217e-05

0.000854492 1.63536e-05
0.000878906 1.5753e-05

0.000878906 1.59834e-05
0.00090332 1.45281e-05

0.00090332 1.50566e-05
0.000927734 1.461e-05

0.000927734 1.51019e-05
0.000952148 1.46801e-05

0.000952148 1.51288e-05
0.000976562 1.38569e-05

0.000976562 1.43052e-05
0.00100098 1.34705e-05

0.00100098 1.46241e-05
0.00102539 1.30825e-05

0.00102539 1.30071e-05
0.0010498 1.24811e-05

0.0010498 1.49986e-05
0.00107422 1.19493e-05

0.00107422 1.45873e-05
0.00109863 6.70934e-06

0.00109863 6.70829e-06
0.00112305 1.08692e-05

0.00112305 9.80583e-06
0.00114746 1.61737e-05

0.00114746 1.58106e-05
0.00117187 1.00619e-05

0.00117188 1.53541e-05
0.00119629 3.07824e-06

0.00119629 6.12347e-07
0.0012207 1.25406e-05

0.0012207 1.53934e-05
0.00124512 1.53283e-05

0.00124512 1.11961e-05
0.00126953 1.87893e-06

0.00126953 3.72087e-06
0.00129395 1.71156e-05

0.00129395 1.41335e-05
0.00131836 1.41212e-05

0.00131836 1.31056e-05
0.00134277 7.71426e-06

0.00134277 1.04072e-05
0.00136719 1.11182e-05

0.00136719 2.18409e-05
0.00139139 0

0.0013916 9.98186e-06
0.00139541 0

0.00146339 0
0.00146484 4.26906e-06

0.00146484 9.87978e-07
0.00148712 2.44141e-05

0.00148926 1.4379e-05
0.00151367 1.57856e-05

0.00151367 1.5697e-05
0.00153809 1.40134e-05

0.00151367 2.44272e-05
0.00151415 2.44141e-05

0.0015625 1.28061e-06
0.00153995 2.44141e-05

0.00153809 2.50153e-05
0.00153985 2.44141e-05

0.00078125 0.00101261
0.000830078 0.00101284

0.000830078 0.00101284
0.000878906 0.00101305

0.000878906 0.00101305
0.000927734 0.00101323

0.000927734 0.00101323
0.000976562 0.00101337

0.000976563 0.00101337
0.00102539 0.00101348

0.00102539 0.00101348
0.00107422 0.00101355

0.00107422 0.00101355
0.00112305 0.00101359

0.00112305 0.00101359
0.00117187 0.00101357

0.00117188 0.00101357
0.0012207 0.00101352

0.0012207 0.00101352
0.00126953 0.00101342

0.00126953 0.00101342
0.00131836 0.00101329

0.00131836 0.00101329
0.00136719 0.0010131

0.00136719 0.0010131
0.00141602 0.00101288

0.00141602 0.00101288
0.00146484 0.00101261

0.00146484 0.00101261
0.00151367 0.00101231

0.00151367 0.0010123
0.0015625 0.00101196

0.0015625 6.47509e-06
0.00156475 0

0.00165679 0
0.00166016 8.35214e-06

0.00166016 9.95557e-06
0.001676 2.44141e-05

0.00167534 2.44141e-05
0.00168457 2.76675e-05

0.00168457 1.76308e-05
0.00170898 1.78846e-05

0.00169484 2.44141e-05
0.00170898 2.44933e-05

0.0017334 1.06593e-05
0.00171757 2.44141e-05

0.00170898 2.77172e-05
0.00171867 2.44141e-05

0.0017334 1.14423e-05
0.00173818 0

0.00180496 0
0.00180664 4.60657e-06

0.00181774 0
0.00183105 1.21931e-05

0.00183889 0
0.00185547 9.47998e-06

0.00185762 0
0.00187988 1.40555e-05

0.00187988 4.85656e-06
0.0019043 1.18475e-05

0.0019043 7.34234e-06
0.00192871 1.17038e-05

0.00192871 8.72747e-06
0.00195312 1.25039e-05

0.00195312 1.05951e-05
0.00197754 1.28303e-05

0.00197754 2.05227e-05
0.00200195 3.5202e-06

0.00200195 9.62111e-06
0.00201601 0

0.00203083 0
0.00205078 1.59701e-05

0.00205078 4.96354e-06
0.0020752 1.41054e-05

0.0020752 7.89531e-06
0.00209961 1.4318e-05

0.00209961 1.57069e-05
0.00212402 1.12982e-05

0.00212402 1.25865e-05
0.00214844 4.03803e-06

0.00214844 3.03344e-06
0.00217285 1.48517e-05

0.00217285 1.49867e-05
0.00219727 1.49174e-05

0.00219727 1.38037e-05
0.00222168 3.9911e-06

0.00222168 4.23163e-06
0.00224609 1.44016e-05

0.00224609 1.4761e-05
0.00227051 1.47814e-05

0.00227051 1.67605e-05
0.00229492 1.89949e-06

0.00229492 1.91857e-06
0.00231934 1.13625e-05

0.00231934 9.38354e-06
0.00234375 1.87328e-05

0.0015625 0.00101196
0.00161133 0.00101158

0.00161133 0.00101158
0.00166016 0.00101116

0.00166016 0.00101116
0.00170898 0.00101071

0.00170898 0.00101071
0.00175781 0.00101023

0.00175781 0.00101023
0.00180664 0.00100973

0.00180664 0.00100973
0.00185547 0.0010092

0.00185547 0.0010092
0.0019043 0.00100864

0.0019043 0.00100864
0.00195312 0.00100807

0.00195312 0.00100807
0.00200195 0.00100748

0.00200195 0.00100748
0.00205078 0.00100687

0.00205078 0.00100687
0.00209961 0.00100624

0.00209961 0.00100624
0.00214844 0.0010056

0.00214844 0.0010056
0.00219727 0.00100494

0.00219727 0.00100494
0.00224609 0.00100426

0.00224609 0.00100426
0.00229492 0.00100356

0.00229492 0.00100356
0.00234375 0.00100284

0.00234375 1.7107e-05
0.00236816 8.28913e-06

0.00236816 1.57004e-05
0.00239258 9.15407e-07

0.00239378 0
0.00241699 1.18682e-05

0.00241699 8.18409e-06
0.00244141 1.98958e-05

0.00244141 1.79513e-05
0.00246582 8.31704e-06

0.00246582 1.44645e-05
0.00249023 9.79586e-07

0.00249035 0
0.00251465 1.3358e-05

0.00251465 9.31135e-06
0.00253906 1.9027e-05

0.00253906 1.77444e-05
0.00256348 8.28781e-06

0.00256348 1.44621e-05
0.00258789 1.44167e-06

0.00258789 2.61035e-07
0.0026123 1.31116e-05

0.0026123 9.26867e-06
0.00263672 1.90944e-05

0.00263672 1.81099e-05
0.00266113 8.19572e-06

0.00266113 1.1244e-05
0.00268555 4.08351e-06

0.00268555 3.08674e-06
0.00270996 1.58033e-05

0.00270996 1.48527e-05
0.00273438 1.48532e-05

0.00273437 1.50897e-05
0.00275879 3.801e-06

0.00275879 4.69981e-06
0.0027832 1.20264e-05

0.0027832 9.9671e-06
0.00280762 1.68414e-05

0.00280762 1.62228e-05
0.00283203 9.52197e-06

0.00283203 1.14076e-05
0.00285645 6.59089e-06

0.00285645 5.78564e-06
0.00288086 1.45606e-05

0.00288086 1.41966e-05
0.00290527 1.42405e-05

0.00290527 1.31207e-05
0.00292969 7.28403e-06

0.00292969 7.67865e-06
0.0029541 1.35486e-05

0.0029541 1.37149e-05
0.00297852 1.39445e-05

0.00297852 1.3009e-05
0.00300293 8.52574e-06

0.00300293 9.28195e-06
0.00302734 1.27023e-05

0.00302734 1.17874e-05
0.00305176 1.4011e-05

0.00305176 1.24772e-05
0.00307617 1.24991e-05

0.00307617 1.27877e-05
0.00310059 1.30412e-05

0.00310059 1.26499e-05
0.003125 1.26793e-05

0.00234375 0.00100284
0.00239258 0.00100211

0.00239258 0.00100211
0.00244141 0.00100136

0.00244141 0.00100136
0.00249023 0.0010006

0.00249023 0.0010006
0.00251465 0.00100021

0.00251465 0.00100021
0.00253906 0.000999815

0.00253906 0.000999815
0.00256348 0.000999421

0.00256348 0.00099942
0.00258789 0.000999027

0.00258789 0.000999028
0.0026123 0.000998636

0.0026123 0.000998636
0.00263672 0.000998241

0.00263672 0.000998241
0.00266113 0.000997842

0.00266113 0.000997842
0.00268555 0.000997439

0.00268555 0.000997439
0.00270996 0.000997032

0.00270996 0.000997032
0.00273438 0.000996621

0.00273437 0.000996621
0.00275879 0.000996206

0.00275879 0.000996206
0.0027832 0.000995789

0.0027832 0.000995789
0.00280762 0.000995368

0.00280762 0.000995367
0.00283203 0.000994944

0.00283203 0.000994943
0.00285645 0.000994518

0.00285645 0.000994518
0.00288086 0.000994091

0.00288086 0.000994091
0.00290527 0.000993664

0.00290527 0.000993664
0.00292969 0.000993237

0.00292969 0.000993237
0.0029541 0.000992809

0.0029541 0.00099281
0.00297852 0.000992381

0.00297852 0.000992381
0.00300293 0.000991949

0.00300293 0.000991948
0.00302734 0.000991513

0.00302734 0.000991513
0.00305176 0.000991075

0.00305176 0.000991075
0.00307617 0.000990635

0.00307617 0.000990635
0.00310059 0.000990194

0.00310059 0.000990194
0.003125 0.000989752

0.003125 1.27627e-05
0.00314941 1.31073e-05

0.00314941 1.2842e-05
0.00317383 1.29713e-05

0.00317383 1.29217e-05
0.00319824 1.31311e-05

0.00319824 1.30087e-05
0.00322266 1.3102e-05

0.00322266 1.30098e-05
0.00324707 1.31762e-05

0.00324707 1.31081e-05
0.00327148 1.32409e-05

0.00327148 1.31146e-05
0.0032959 1.32623e-05

0.0032959 1.32135e-05
0.00332031 1.33486e-05

0.00332031 1.32106e-05
0.00334473 1.33619e-05

0.00334473 1.33047e-05
0.00336914 1.34773e-05

0.00336914 1.33312e-05
0.00339355 1.34935e-05

0.00339355 1.34335e-05
0.00341797 1.35867e-05

0.00341797 1.34409e-05
0.00344238 1.36095e-05

0.00344238 1.35324e-05
0.0034668 1.37372e-05

0.0034668 1.35991e-05
0.00349121 1.3756e-05

0.00349121 1.36737e-05
0.00351563 1.38303e-05

0.00351563 1.3715e-05
0.00354004 1.38753e-05

0.00354004 1.37759e-05
0.00356445 1.39699e-05

0.00356445 1.38595e-05
0.00358887 1.40247e-05

0.00358887 1.38086e-05
0.00361328 1.41888e-05

0.00361328 1.41348e-05
0.0036377 1.43326e-05

0.0036377 1.39921e-05
0.00366211 1.43112e-05

0.00366211 1.43796e-05
0.00368652 1.45846e-05

0.00368652 1.41742e-05
0.00371094 1.44505e-05

0.00371094 1.44933e-05
0.00373535 1.49072e-05

0.00373535 1.43976e-05
0.00375977 1.48867e-05

0.00375977 1.48988e-05
0.00378418 1.52906e-05

0.00378418 1.4758e-05
0.00380859 1.51661e-05

0.00380859 1.52331e-05
0.00383301 1.56301e-05

0.00383301 1.51599e-05
0.00385742 1.54267e-05

0.00385742 1.47381e-05
0.00388184 1.65744e-05

0.00388184 1.67678e-05
0.00390625 1.70023e-05

0.003125 0.000989752
0.00314941 0.000989309

0.00314941 0.000989309
0.00317383 0.000988865

0.00317383 0.000988864
0.00319824 0.000988419

0.00319824 0.000988419
0.00322266 0.000987973

0.00322266 0.000987973
0.00324707 0.000987525

0.00324707 0.000987525
0.00327148 0.000987077

0.00327148 0.000987077
0.0032959 0.000986627

0.0032959 0.000986627
0.00332031 0.000986176

0.00332031 0.000986176
0.00334473 0.000985725

0.00334473 0.000985725
0.00336914 0.000985273

0.00336914 0.000985273
0.00339355 0.000984819

0.00339355 0.000984819
0.00341797 0.000984365

0.00341797 0.000984365
0.00344238 0.00098391

0.00344238 0.00098391
0.0034668 0.000983453

0.0034668 0.000983453
0.00349121 0.000982996

0.00349121 0.000982996
0.00351563 0.000982537

0.00351563 0.000982537
0.00354004 0.000982077

0.00354004 0.000982077
0.00356445 0.000981616

0.00356445 0.000981616
0.00358887 0.000981154

0.00358887 0.000981154
0.00361328 0.000980691

0.00361328 0.000980691
0.0036377 0.000980226

0.0036377 0.000980226
0.00366211 0.00097976

0.00366211 0.00097976
0.00368652 0.000979292

0.00368652 0.000979292
0.00371094 0.000978823

0.00383301 0.000976453
0.0038274 0.000976562

0.00383301 0.000976453
0.00385742 0.000975973

0.00385742 0.000975972
0.00388184 0.000975489

0.00388184 0.000975489
0.00390625 0.000975004

0.00371094 0.000978823
0.00373535 0.000978352

0.00373535 0.000978352
0.00375977 0.00097788

0.00375977 0.00097788
0.00378418 0.000977406

0.00378418 0.000977406
0.00380859 0.00097693

0.00380859 0.000976931
0.00382741 0.000976562

0.00390625 1.67644e-05
0.00393066 1.49662e-05

0.00393066 1.51984e-05
0.00395508 1.54325e-05

0.00395508 1.58256e-05
0.00397949 1.6305e-05

0.00397949 1.62459e-05
0.00400391 1.52121e-05

0.00400391 1.53772e-05
0.00402832 1.49833e-05

0.00402832 1.52749e-05
0.00405273 1.55219e-05

0.00405273 1.58682e-05
0.00407715 1.49062e-05

0.00407715 1.49963e-05
0.00410156 1.42039e-05

0.00410156 1.4076e-05
0.00412598 1.54147e-05

0.00412598 1.50639e-05
0.00415039 1.63217e-05

0.00415039 1.57368e-05
0.0041748 1.58813e-05

0.0041748 1.56235e-05
0.00419922 1.60113e-05

0.00419922 1.61318e-05
0.00422363 1.61597e-05

0.00422363 1.55693e-05
0.00424805 1.61141e-05

0.00424805 1.53157e-05
0.00427246 1.79347e-05

0.00427246 1.76108e-05
0.00429688 1.88888e-05

0.00429688 1.80514e-05
0.00432129 1.76763e-05

0.00432129 1.77618e-05
0.0043457 1.80017e-05

0.0043457 1.80281e-05
0.00437012 1.81695e-05

0.00437012 1.83023e-05
0.00439453 1.77398e-05

0.00439453 1.74105e-05
0.00441895 1.7686e-05

0.00441895 1.82444e-05
0.00444336 1.83347e-05

0.00444336 1.89311e-05
0.00446777 1.63424e-05

0.00446777 1.71358e-05
0.00449219 1.45376e-05

0.00449219 1.52309e-05
0.0045166 1.54555e-05

0.0045166 1.56919e-05
0.00454102 1.63651e-05

0.00454102 1.65085e-05
0.00456543 1.5342e-05

0.00456543 1.53053e-05
0.00458984 1.4748e-05

0.00458984 1.45515e-05
0.00461426 1.63641e-05

0.00461426 1.6244e-05
0.00463867 1.69036e-05

0.00463867 1.60625e-05
0.00466309 1.60175e-05

0.00466309 1.59476e-05
0.0046875 1.712e-05

0.00390625 0.000975004
0.00393066 0.000974516

0.00393066 0.000974516
0.00395508 0.000974026

0.00395508 0.000974026
0.00397949 0.000973535

0.00397949 0.000973535
0.00400391 0.000973041

0.00400391 0.000973041
0.00402832 0.000972545

0.00402832 0.000972545
0.00405273 0.000972046

0.00405273 0.000972046
0.00407715 0.000971546

0.00407715 0.000971546
0.00410156 0.000971043

0.00410156 0.000971043
0.00412598 0.000970539

0.00412598 0.000970539
0.00415039 0.000970033

0.00415039 0.000970033
0.0041748 0.000969525

0.0041748 0.000969525
0.00419922 0.000969016

0.00419922 0.000969016
0.00422363 0.000968505

0.00422363 0.000968505
0.00424805 0.000967992

0.00424805 0.000967992
0.00427246 0.000967479

0.00427246 0.000967479
0.00429688 0.000966964

0.00429688 0.000966964
0.00432129 0.000966449

0.00432129 0.000966449
0.0043457 0.000965933

0.0043457 0.000965933
0.00437012 0.000965417

0.00437012 0.000965417
0.00439453 0.0009649

0.00439453 0.0009649
0.00441895 0.000964383

0.00441895 0.000964383
0.00444336 0.000963867

0.00444336 0.000963867
0.00446777 0.000963351

0.00446777 0.000963351
0.00449219 0.000962835

0.00449219 0.000962835
0.0045166 0.000962321

0.0045166 0.000962321
0.00454102 0.000961807

0.00454102 0.000961807
0.00456543 0.000961295

0.00456543 0.000961295
0.00458984 0.000960785

0.00458984 0.000960785
0.00461426 0.000960276

0.00461426 0.000960276
0.00463867 0.000959769

0.00463867 0.000959769
0.00466309 0.000959265

0.00466309 0.000959265
0.0046875 0.000958763

0.0046875 1.70346e-05
0.00471191 1.71651e-05

0.00471191 1.6375e-05
0.00473633 1.69327e-05

0.00473633 1.58621e-05
0.00476074 1.93736e-05

0.00476074 1.99935e-05
0.00478516 2.02176e-05

0.00478516 1.91461e-05
0.00480957 1.65378e-05

0.00480957 1.59321e-05
0.00483398 1.90624e-05

0.00483398 2.02714e-05
0.0048584 2.16733e-05

0.0048584 2.05386e-05
0.00488281 1.72596e-05

0.00488281 1.58131e-05
0.00490723 1.95736e-05

0.00490723 2.25704e-05
0.00493164 2.27488e-05

0.00493164 1.94897e-05
0.00495605 1.62539e-05

0.00495605 1.8061e-05
0.00498047 2.07867e-05

0.00498047 1.99588e-05
0.00500488 2.12362e-05

0.00500488 2.20052e-05
0.0050293 1.93972e-05

0.0050293 1.93986e-05
0.00505371 1.65804e-05

0.00505371 1.7142e-05
0.00507813 1.8624e-05

0.00507813 1.86252e-05
0.00510254 2.03171e-05

0.00510254 2.00538e-05
0.00512695 1.90959e-05

0.00512695 1.89902e-05
0.00515137 1.80363e-05

0.00515137 1.78586e-05
0.00517578 1.93833e-05

0.00517578 1.93338e-05
0.0052002 2.07422e-05

0.0052002 2.02811e-05
0.00522461 1.97775e-05

0.00522461 1.98734e-05
0.00524902 1.91953e-05

0.00524902 1.91836e-05
0.00527344 1.95189e-05

0.00527344 1.95897e-05
0.00529785 2.01495e-05

0.00529785 2.02612e-05
0.00532227 1.95608e-05

0.00532227 1.95765e-05
0.00534668 1.8762e-05

0.00534668 1.90452e-05
0.00537109 1.91477e-05

0.00537109 1.93304e-05
0.00539551 1.92131e-05

0.00539551 1.92172e-05
0.00541992 1.87412e-05

0.00541992 1.87357e-05
0.00544434 1.88557e-05

0.00544434 1.5805e-05
0.00546875 2.22027e-05

0.00546093 2.44141e-05
0.00546875 2.56043e-05

0.0046875 0.000958763
0.00471191 0.000958264

0.00471191 0.000958264
0.00473633 0.000957767

0.00473633 0.000957767
0.00476074 0.000957274

0.00476074 0.000957274
0.00478516 0.000956783

0.00478516 0.000956783
0.00480957 0.000956296

0.00480957 0.000956296
0.00483398 0.000955811

0.00483398 0.000955811
0.0048584 0.00095533

0.0048584 0.00095533
0.00488281 0.000954853

0.00488281 0.000954853
0.00490723 0.000954379

0.00490723 0.000954379
0.00493164 0.000953908

0.00493164 0.000953908
0.00495605 0.000953441

0.00495605 0.000953441
0.00498047 0.000952977

0.00498047 0.000952977
0.00500488 0.000952518

0.0050293 0.000952061
0.00502462 0.000952148

0.00500488 0.000952518
0.00502463 0.000952148

0.0050293 0.000952061
0.00505371 0.000951607

0.00505371 0.000951606
0.00507813 0.000951155

0.00507813 0.000951155
0.00510254 0.000950708

0.00510254 0.000950708
0.00512695 0.000950264

0.00512695 0.000950264
0.00515137 0.000949825

0.00515137 0.000949825
0.00517578 0.00094939

0.00517578 0.00094939
0.0052002 0.00094896

0.0052002 0.00094896
0.00522461 0.000948533

0.00522461 0.000948533
0.00524902 0.000948111

0.00524902 0.000948111
0.00527344 0.000947693

0.00527344 0.000947693
0.00529785 0.000947279

0.00529785 0.000947279
0.00532227 0.00094687

0.00532227 0.00094687
0.00534668 0.000946465

0.00534668 0.000946465
0.00537109 0.000946065

0.00537109 0.000946065
0.00539551 0.000945669

0.00539551 0.000945669
0.00541992 0.000945278

0.00541992 0.000945278
0.00544434 0.000944892

0.00544434 0.000944892
0.00546875 0.00094451

0.00546875 2.32873e-05
0.0054797 2.44141e-05

0.00546875 2.58464e-05
0.00549316 2.71095e-05

0.00549316 2.40241e-05
0.00551758 1.89833e-05

0.00549316 2.55622e-05
0.0055024 2.44141e-05

0.00551758 2.13784e-05
0.00554199 1.89269e-05

0.00554199 1.71794e-05
0.00556641 2.1142e-05

0.00556641 2.16559e-05
0.00557867 2.44141e-05

0.0055734 2.44141e-05
0.00559082 2.6621e-05

0.00561523 2.23535e-05
0.00560446 2.44141e-05

0.00559082 2.70649e-05
0.00561523 2.45365e-05

0.00561523 2.20332e-05
0.00563965 1.68463e-05

0.00561523 2.46844e-05
0.00561748 2.44141e-05

0.00563965 1.7217e-05
0.00566406 2.17144e-05

0.00566406 2.17713e-05
0.00567851 2.44141e-05

0.00567058 2.44141e-05
0.00568848 2.6112e-05

0.00571289 2.19453e-05
0.00570009 2.44141e-05

0.00568848 2.57022e-05
0.00570101 2.44141e-05

0.00571289 2.15405e-05
0.0057373 1.69307e-05

0.0057373 1.74104e-05
0.00576172 2.12342e-05

0.00576172 2.11044e-05
0.00578246 2.44141e-05

0.00577834 2.44141e-05
0.00578613 2.50541e-05

0.00578613 2.42456e-05
0.00581055 2.19644e-05

0.00578613 2.51417e-05
0.00580137 2.44141e-05

0.00581055 2.32098e-05
0.00583496 1.83466e-05

0.00583496 1.71618e-05
0.00585938 1.95486e-05

0.00585938 2.12739e-05
0.0058813 2.44141e-05

0.00586906 2.44141e-05
0.00588379 2.54838e-05

0.00588379 2.29723e-05
0.0059082 2.06286e-05

0.00588379 2.48785e-05
0.00589445 2.44141e-05

0.0059082 1.84415e-05
0.00593262 2.24439e-05

0.00591506 2.44141e-05
0.00593262 2.65211e-05

0.00593262 2.39973e-05
0.00595703 2.38908e-05

0.00593262 2.82772e-05
0.00595703 2.81894e-05

0.00595703 2.33993e-05
0.00598145 1.74115e-05

0.00595703 2.66012e-05
0.00597085 2.44141e-05

0.00598145 1.7384e-05
0.00600586 2.2006e-05

0.00599401 2.44141e-05
0.00600586 2.58228e-05

0.00600586 2.33199e-05
0.00603027 2.4369e-05

0.00600586 2.71042e-05
0.00603027 2.76944e-05

0.00603027 2.2959e-05
0.00605469 1.82665e-05

0.00603027 2.63429e-05
0.00604558 2.44141e-05

0.00605469 1.86035e-05
0.0060791 2.26212e-05

0.00607327 2.44141e-05
0.0060791 2.49524e-05

0.0060791 2.29668e-05
0.00608833 2.44141e-05

0.0060791 2.49352e-05
0.00610352 2.70618e-05

0.00610352 2.43551e-05
0.00612793 2.36824e-05

0.00610352 2.57029e-05
0.00612793 2.4947e-05

0.00615234 2.3233e-05
0.0061451 2.44141e-05

0.00612793 2.48458e-05
0.00613275 2.44141e-05

0.00615234 2.00605e-05
0.00617676 2.0803e-05

0.00616475 2.44141e-05
0.00617676 2.49276e-05

0.00617676 2.26925e-05
0.00618966 2.44141e-05

0.00617676 2.56739e-05
0.00620117 2.7328e-05

0.00620117 2.36045e-05
0.00622559 2.36738e-05

0.00620117 2.47932e-05
0.00622559 2.44887e-05

0.00622559 2.36092e-05
0.00623241 2.44141e-05

0.00622559 2.44741e-05
0.00625 2.69938e-05

0.00546875 0.00094451
0.00549316 0.000944133

0.00549316 0.000944133
0.00551758 0.000943761

0.00551758 0.000943761
0.00554199 0.000943393

0.00554199 0.000943393
0.00556641 0.00094303

0.00556641 0.00094303
0.00559082 0.000942671

0.00559082 0.000942671
0.00561523 0.000942316

0.00561523 0.000942316
0.00563965 0.000941966

0.00563965 0.000941966
0.00566406 0.000941619

0.00566406 0.00094162
0.00568848 0.000941277

0.00568848 0.000941277
0.00571289 0.000940938

0.00571289 0.000940938
0.0057373 0.000940603

0.0057373 0.000940603
0.00576172 0.000940272

0.00576172 0.000940272
0.00578613 0.000939943

0.00578613 0.000939943
0.00581055 0.000939617

0.00581055 0.000939617
0.00583496 0.000939294

0.00583496 0.000939294
0.00585938 0.000938974

0.00585938 0.000938974
0.00588379 0.000938655

0.00588379 0.000938656
0.0059082 0.000938339

0.0059082 0.000938339
0.00593262 0.000938024

0.00593262 0.000938024
0.00595703 0.000937711

0.00595703 0.000937711
0.00598145 0.000937399

0.00598145 0.000937399
0.00600586 0.000937087

0.00600586 0.000937087
0.00603027 0.000936776

0.00603027 0.000936776
0.00605469 0.000936466

0.00605469 0.000936466
0.0060791 0.000936155

0.0060791 0.000936155
0.00610352 0.000935844

0.00610352 0.000935844
0.00612793 0.000935532

0.00612793 0.000935532
0.00615234 0.000935219

0.00615234 0.000935219
0.00617676 0.000934904

0.00617676 0.000934904
0.00620117 0.000934588

0.00620117 0.000934588
0.00622559 0.00093427

0.00622559 0.00093427
0.00625 0.00093395

0.00627441 2.39545e-05
0.00626844 2.44141e-05

0.00625 2.95155e-05
0.00627441 2.84077e-05

0.00627441 2.39864e-05
0.00629883 2.15341e-05

0.00627441 2.61261e-05
0.00629282 2.44141e-05

0.00629883 2.28673e-05
0.00631209 2.44141e-05

0.00630851 2.44141e-05
0.00632324 2.56422e-05

0.00634766 2.42078e-05
0.00634101 2.44141e-05

0.00632324 2.77078e-05
0.00634766 2.73016e-05

0.00634766 2.39227e-05
0.00637207 2.26595e-05

0.00634766 2.52427e-05
0.00636304 2.44141e-05

0.00637207 2.48009e-05
0.00639648 2.50433e-05

0.00639648 2.37183e-05
0.0064209 2.3528e-05

0.00639648 2.48577e-05
0.0064209 2.4798e-05

0.0064209 2.40944e-05
0.00644531 2.4211e-05

0.0064209 2.51084e-05
0.00644531 2.50201e-05

0.00644531 2.40725e-05
0.00646973 2.36714e-05

0.00644531 2.46681e-05
0.00646765 2.44141e-05

0.00646973 2.28738e-05
0.00648584 2.44141e-05

0.00648009 2.44141e-05
0.00649414 2.56016e-05

0.00649414 2.78255e-05
0.00651855 2.84019e-05

0.00654297 2.30584e-05
0.00653256 2.44141e-05

0.00651855 2.68915e-05
0.00654297 2.44873e-05

0.00654297 2.21673e-05
0.00656738 2.35581e-05

0.00654766 2.44141e-05
0.00656738 2.55103e-05

0.00656738 2.39717e-05
0.00658704 2.44141e-05

0.00656738 2.81129e-05
0.0065918 2.83856e-05

0.0065918 2.39646e-05
0.00661621 2.2868e-05

0.0065918 2.54596e-05
0.00661208 2.44141e-05

0.00661621 2.49294e-05
0.00664063 2.64703e-05

0.00664062 2.72529e-05
0.00666504 2.66121e-05

0.00668945 2.4077e-05
0.0066729 2.44141e-05

0.00666504 2.47571e-05
0.00668189 2.44141e-05

0.00668945 2.43642e-05
0.00669109 2.44141e-05

0.00668945 2.55968e-05
0.00671387 2.62861e-05

0.00671387 2.58993e-05
0.00673828 2.56943e-05

0.00673828 2.58832e-05
0.0067627 2.51779e-05

0.0067627 2.38096e-05
0.00677956 2.44141e-05

0.00677146 2.44141e-05
0.00678711 2.49789e-05

0.00678711 2.43163e-05
0.00678878 2.44141e-05

0.00678711 2.66264e-05
0.00681152 2.79486e-05

0.00683594 2.43657e-05
0.00683533 2.44141e-05

0.00681152 2.786e-05
0.00683594 2.62026e-05

0.00683594 2.44061e-05
0.00686035 2.3287e-05

0.00683594 2.49418e-05
0.00684731 2.44141e-05

0.00686035 2.45505e-05
0.00688477 2.50335e-05

0.00688477 2.48415e-05
0.00690918 2.50295e-05

0.00690918 2.50306e-05
0.00693359 2.53055e-05

0.00693359 2.53597e-05
0.00695801 2.56105e-05

0.00695801 2.56356e-05
0.00698242 2.57036e-05

0.00698242 2.56759e-05
0.00700684 2.55664e-05

0.00700684 2.552e-05
0.00703125 2.53813e-05

0.00625 0.00093395
0.00627441 0.000933627

0.00627441 0.000933627
0.00629883 0.0009333

0.00629883 0.000933301
0.00632324 0.000932971

0.00632324 0.000932971
0.00634766 0.000932638

0.00634766 0.000932638
0.00637207 0.0009323

0.00637207 0.0009323
0.00639648 0.000931959

0.00639648 0.000931959
0.0064209 0.000931613

0.0064209 0.000931613
0.00644531 0.000931262

0.00644531 0.000931262
0.00646973 0.000930906

0.00646973 0.000930906
0.00649414 0.000930545

0.00649414 0.000930545
0.00651855 0.000930179

0.00651855 0.000930179
0.00654297 0.000929807

0.00654297 0.000929807
0.00656738 0.00092943

0.00656738 0.00092943
0.0065918 0.000929048

0.0065918 0.000929048
0.00661621 0.00092866

0.00661621 0.00092866
0.00664063 0.000928266

0.00668945 0.000927458
0.00667277 0.000927734

0.00664062 0.000928267
0.00666504 0.000927866

0.00666504 0.000927868
0.00667299 0.000927734

0.00668945 0.000927456
0.00673828 0.000926627

0.00673828 0.000926627
0.00678711 0.000925788

0.00678711 0.000925788
0.00683594 0.000924938

0.00683594 0.000924936
0.00688477 0.000924078

0.00688477 0.000924076
0.00693359 0.000923215

0.00693359 0.000923213
0.00698242 0.000922356

0.00698242 0.000922354
0.00703125 0.00092151

0.00703125 2.5361e-05
0.00705566 2.53263e-05

0.00705566 2.53406e-05
0.00708008 2.54221e-05

0.00708008 2.54455e-05
0.00710449 2.55678e-05

0.00710449 2.55818e-05
0.00712891 2.56701e-05

0.00712891 2.56655e-05
0.00715332 2.57009e-05

0.00715332 2.56901e-05
0.00717773 2.57035e-05

0.00717773 2.56937e-05
0.00720215 2.57262e-05

0.00720215 2.57192e-05
0.00722656 2.58043e-05

0.00722656 2.57984e-05
0.00725098 2.59621e-05

0.00725098 2.5958e-05
0.00727539 2.622e-05

0.00727539 2.62214e-05
0.0072998 2.65869e-05

0.0072998 2.65966e-05
0.00732422 2.70434e-05

0.00732422 2.70586e-05
0.00734863 2.7537e-05

0.00734863 2.7551e-05
0.00737305 2.80028e-05

0.00737305 2.80098e-05
0.00739746 2.83931e-05

0.00739746 2.83925e-05
0.00742188 2.86943e-05

0.00742188 2.86894e-05
0.00744629 2.89208e-05

0.00744629 2.89151e-05
0.0074707 2.90974e-05

0.0074707 2.90931e-05
0.00749512 2.92461e-05

0.00749512 2.92436e-05
0.00751953 2.93808e-05

0.00751953 2.93795e-05
0.00754395 2.95087e-05

0.00754395 2.9508e-05
0.00756836 2.96331e-05

0.00756836 2.96329e-05
0.00759277 2.97556e-05

0.00759277 2.97556e-05
0.00761719 2.98766e-05

0.00761719 2.98766e-05
0.0076416 2.9996e-05

0.0076416 2.9996e-05
0.00766602 3.01135e-05

0.00766602 3.01135e-05
0.00769043 3.0229e-05

0.00769043 3.0229e-05
0.00771484 3.03425e-05

0.00771484 3.03425e-05
0.00773926 3.04542e-05

0.00773926 3.04541e-05
0.00776367 3.05641e-05

0.00776367 3.05641e-05
0.00778809 3.06726e-05

0.00778809 3.06726e-05
0.0078125 3.07797e-05

0.00703125 0.000921508
0.00708008 0.000920687

0.00708008 0.000920684
0.00712891 0.000919898

0.00712891 0.000919895
0.00717773 0.000919154

0.00717773 0.000919151
0.00722656 0.000918468

0.00722656 0.000918465
0.00727539 0.000917851

0.00727539 0.000917848
0.00732422 0.000917315

0.00732422 0.000917312
0.00737305 0.000916872

0.00737305 0.00091687
0.00742188 0.000916532

0.00742187 0.00091653
0.0074707 0.000916304

0.0074707 0.000916302
0.00751953 0.000916196

0.00751953 0.000916194
0.00756836 0.000916215

0.00756836 0.000916214
0.00761719 0.000916368

0.00761719 0.000916366
0.00766602 0.00091666

0.00766602 0.000916659
0.00771484 0.000917097

0.00771484 0.000917096
0.00776367 0.000917684

0.00776367 0.000917683
0.0078125 0.000918426

0.0078125 3.07797e-05
0.00783691 3.08857e-05

0.00783691 3.08857e-05
0.00786133 3.09907e-05

0.00786133 3.09907e-05
0.00788574 3.10951e-05

0.00788574 3.1095e-05
0.00791016 3.11989e-05

0.00791016 3.11988e-05
0.00793457 3.13024e-05

0.00793457 3.13023e-05
0.00795898 3.14057e-05

0.00795898 3.14057e-05
0.0079834 3.15092e-05

0.0079834 3.15091e-05
0.00800781 3.16128e-05

0.00800781 3.16128e-05
0.00803223 3.17168e-05

0.00803223 3.17168e-05
0.00805664 3.18213e-05

0.00805664 3.18213e-05
0.00808105 3.19264e-05

0.00808105 3.19263e-05
0.00810547 3.20321e-05

0.00810547 3.2032e-05
0.00812988 3.21385e-05

0.00812988 3.21384e-05
0.0081543 3.22457e-05

0.0081543 3.22456e-05
0.00817871 3.23537e-05

0.00817871 3.23537e-05
0.00820313 3.24628e-05

0.00820313 3.24628e-05
0.00822754 3.2573e-05

0.00822754 3.25729e-05
0.00825195 3.26844e-05

0.00825195 3.26844e-05
0.00827637 3.27974e-05

0.00827637 3.27974e-05
0.00830078 3.29122e-05

0.00830078 3.29121e-05
0.0083252 3.30291e-05

0.0083252 3.3029e-05
0.00834961 3.31486e-05

0.00834961 3.31484e-05
0.00837402 3.3271e-05

0.00837402 3.32709e-05
0.00839844 3.33969e-05

0.00839844 3.33968e-05
0.00842285 3.35269e-05

0.00842285 3.35267e-05
0.00844727 3.36613e-05

0.00844727 3.36612e-05
0.00847168 3.38009e-05

0.00847168 3.38008e-05
0.00849609 3.39461e-05

0.00849609 3.3946e-05
0.00852051 3.40974e-05

0.00852051 3.40973e-05
0.00854492 3.42551e-05

0.00854492 3.4255e-05
0.00856934 3.44196e-05

0.00856934 3.44195e-05
0.00859375 3.45911e-05

0.0078125 0.000918425
0.00786133 0.000919328

0.00786133 0.000919327
0.00791016 0.000920396

0.00791016 0.000920395
0.00795898 0.000921636

0.00795898 0.000921634
0.00800781 0.000923051

0.00800781 0.00092305
0.00805664 0.000924651

0.00805664 0.000924649
0.00810547 0.00092644

0.00810547 0.000926443
0.00813733 0.000927734

0.00813755 0.000927734
0.0081543 0.000928427

0.0081543 0.000928428
0.00817871 0.000929488

0.00817871 0.000929489
0.00820313 0.000930604

0.00820313 0.000930605
0.00822754 0.000931774

0.00822754 0.000931774
0.00825195 0.000932994

0.00825195 0.000932994
0.00827637 0.000934267

0.00827637 0.000934267
0.00830078 0.000935594

0.00830078 0.000935594
0.0083252 0.000936974

0.0083252 0.000936974
0.00834961 0.000938409

0.00834961 0.000938409
0.00837402 0.000939899

0.00837402 0.000939899
0.00839844 0.000941446

0.00839844 0.000941446
0.00842285 0.000943049

0.00842285 0.000943049
0.00844727 0.000944711

0.00844727 0.00094471
0.00847168 0.00094643

0.00847168 0.00094643
0.00849609 0.000948209

0.00849609 0.00094821
0.00852051 0.000950047

0.00852051 0.000950046
0.00854492 0.000951941

0.00854492 0.000951944
0.00854748 0.000952148

0.00854753 0.000952148
0.00856934 0.000953894

0.00856934 0.000953894
0.00859375 0.000955911

0.00859375 3.45911e-05
0.00861816 3.47697e-05

0.00861816 3.47697e-05
0.00864258 3.49554e-05

0.00864258 3.49555e-05
0.00866699 3.51482e-05

0.00866699 3.51482e-05
0.00869141 3.53478e-05

0.00869141 3.53478e-05
0.00871582 3.55539e-05

0.00871582 3.5554e-05
0.00874023 3.57663e-05

0.00874023 3.57664e-05
0.00876465 3.59845e-05

0.00876465 3.59846e-05
0.00878906 3.62079e-05

0.00878906 3.62081e-05
0.00881348 3.64361e-05

0.00881348 3.64362e-05
0.00883789 3.66681e-05

0.00883789 3.66683e-05
0.0088623 3.69035e-05

0.0088623 3.69037e-05
0.00888672 3.71415e-05

0.00888672 3.71417e-05
0.00891113 3.73813e-05

0.00891113 3.73815e-05
0.00893555 3.76221e-05

0.00893555 3.76223e-05
0.00895996 3.78631e-05

0.00895996 3.78634e-05
0.00898437 3.81033e-05

0.00898438 3.81036e-05
0.00900879 3.83418e-05

0.00900879 3.83421e-05
0.0090332 3.85773e-05

0.0090332 3.85776e-05
0.00905762 3.88086e-05

0.00905762 3.88089e-05
0.00908203 3.90342e-05

0.00908203 3.90346e-05
0.00910645 3.92526e-05

0.00910645 3.92531e-05
0.00913086 3.94621e-05

0.00913086 3.94626e-05
0.00915527 3.96606e-05

0.00915527 3.96611e-05
0.00917969 3.98462e-05

0.00917969 3.98467e-05
0.0092041 4.00167e-05

0.0092041 4.00172e-05
0.00922852 4.01698e-05

0.00922852 4.01703e-05
0.00925293 4.03033e-05

0.00925293 4.03039e-05
0.00927734 4.04152e-05

0.00927734 4.04157e-05
0.00930176 4.05034e-05

0.00930176 4.05038e-05
0.00932617 4.05661e-05

0.00932617 4.05664e-05
0.00935059 4.06017e-05

0.00935059 4.0602e-05
0.009375 4.0609e-05

0.00859375 0.000955912
0.00861816 0.000957992

0.00861816 0.000957992
0.00864258 0.000960132

0.00864258 0.000960133
0.00866699 0.000962331

0.00866699 0.000962331
0.00869141 0.000964585

0.00869141 0.000964585
0.00871582 0.000966895

0.00871582 0.000966896
0.00874023 0.000969261

0.00874023 0.000969261
0.00876465 0.000971679

0.00876465 0.000971681
0.00878906 0.000974147

0.00878906 0.000974147
0.00881252 0.000976562

0.00881253 0.000976562
0.00881348 0.00097666

0.00881348 0.000976661
0.00883789 0.000979222

0.00883789 0.000979223
0.0088623 0.00098183

0.0088623 0.000981832
0.00888672 0.000984479

0.00888672 0.000984481
0.00891113 0.000987163

0.00891113 0.000987164
0.00893555 0.000989873

0.00893555 0.000989874
0.00895996 0.000992607

0.00895996 0.000992609
0.00898437 0.000995361

0.00898438 0.000995363
0.00900879 0.000998125

0.00900879 0.000998126
0.0090332 0.00100089

0.0090332 0.00100089
0.00903396 0.00100098

0.00903396 0.00100098
0.00905762 0.00100366

0.00905762 0.00100366
0.00908203 0.00100643

0.00908203 0.00100645
0.00913086 0.00101192

0.00913086 0.00101195
0.00917969 0.00101722

0.00917969 0.00101724
0.00922852 0.00102223

0.00922852 0.00102226
0.0092616 0.00102539

0.00926148 0.00102539
0.00927734 0.00102686

0.00927734 0.00102686
0.00930176 0.001029

0.00930176 0.00102899
0.00932617 0.001031

0.00932617 0.00103101
0.00935059 0.00103287

0.00935059 0.00103288
0.009375 0.00103458

0.009375 4.06093e-05
0.00939941 4.05866e-05

0.00939941 4.05871e-05
0.00942383 4.05333e-05

0.00942383 4.05341e-05
0.00944824 4.04467e-05

0.00944824 4.04475e-05
0.00947266 4.03232e-05

0.00947266 4.03217e-05
0.00949707 4.01619e-05

0.00949707 4.01624e-05
0.00952148 3.99689e-05

0.00952148 3.99675e-05
0.0095459 3.97422e-05

0.0095459 3.97419e-05
0.00957031 3.94881e-05

0.00957031 3.94877e-05
0.00959473 3.92069e-05

0.00959473 3.92067e-05
0.00961914 3.89001e-05

0.00961914 3.88997e-05
0.00964355 3.85683e-05

0.00964355 3.85682e-05
0.00966797 3.82132e-05

0.00966797 3.82127e-05
0.00969238 3.78355e-05

0.00969238 3.78351e-05
0.0097168 3.74376e-05

0.0097168 3.74361e-05
0.00974121 3.70219e-05

0.00974121 3.70208e-05
0.00976562 3.65953e-05

0.00976563 3.65922e-05
0.00979004 3.61636e-05

0.00979004 3.61606e-05
0.00981445 3.57412e-05

0.00981445 3.5734e-05
0.00983887 3.53444e-05

0.00983887 3.53372e-05
0.00986328 3.50061e-05

0.00986328 3.49926e-05
0.0098877 3.47616e-05

0.0098877 3.4748e-05
0.00991211 3.46714e-05

0.00991211 3.46506e-05
0.00993652 3.47969e-05

0.00993652 3.47687e-05
0.00996094 3.52358e-05

0.00996094 3.52e-05
0.00998535 3.6116e-05

0.00998535 3.60733e-05
0.0100098 3.75951e-05

0.0100098 3.75472e-05
0.0100342 3.98559e-05

0.0100342 3.98067e-05
0.0100586 4.30964e-05

0.0100586 4.30551e-05
0.010083 4.75066e-05

0.010083 4.71994e-05
0.0100899 4.88281e-05

0.0100883 4.88281e-05
0.0101074 5.33185e-05

0.0101074 5.31906e-05
0.0101318 6.03142e-05

0.0101318 6.02682e-05
0.0101563 6.89354e-05

0.009375 0.00103459
0.00939941 0.00103612

0.00939941 0.00103612
0.00942383 0.00103747

0.00942383 0.00103747
0.00944824 0.00103861

0.00944824 0.00103862
0.00947266 0.00103954

0.00947266 0.00103955
0.00949707 0.00104024

0.00949707 0.00104024
0.00952148 0.00104069

0.00952148 0.00104069
0.0095459 0.00104087

0.0095459 0.00104087
0.00957031 0.00104077

0.00957031 0.00104078
0.00959473 0.00104037

0.00959473 0.00104038
0.00961914 0.00103965

0.00961914 0.00103966
0.00964355 0.0010386

0.00964355 0.00103861
0.00966797 0.0010372

0.00966797 0.0010372
0.00969238 0.00103541

0.00969238 0.00103542
0.0097168 0.00103324

0.0097168 0.00103325
0.00974121 0.00103064

0.00974121 0.00103065
0.00976562 0.0010276

0.00981445 0.00102023
0.00978083 0.00102539

0.00976563 0.00102765
0.00978134 0.00102539

0.00981445 0.00102032
0.00986328 0.00101076

0.00986328 0.00101065
0.0098877 0.00100501

0.00991211 0.000998731
0.00990335 0.00100098

0.0098877 0.00100502
0.00990345 0.00100098

0.00991211 0.000998751
0.00993652 0.00099187

0.00993652 0.00099189
0.00996094 0.000984345

0.00998535 0.000976009
0.00998372 0.000976562

0.00998535 0.000976075
0.0100098 0.000967016

0.0100098 0.000967047
0.0100342 0.00095716

0.0100586 0.000946341
0.0100455 0.000952148

0.0100342 0.00095721
0.0100456 0.000952148

0.0101074 0.000921789
0.0100957 0.000927734

0.0100586 0.000946397
0.010083 0.000934599

0.010083 0.000934668
0.0100962 0.000927734

0.0101074 0.000921829
0.0101318 0.000907901

0.0101563 0.000892695
0.0101392 0.00090332

0.0101318 0.000907966
0.0101394 0.00090332

0.00996094 0.000984369
0.00998394 0.000976562

0.0101563 6.86608e-05
0.010167 7.32422e-05

0.0101661 7.32422e-05
0.0101807 7.94476e-05

0.0101807 7.92267e-05
0.0102051 9.14648e-05

0.0102051 9.12266e-05
0.010216 9.76563e-05

0.0102162 9.76563e-05
0.0102539 0.000122017

0.0102539 0.000122373
0.0102783 0.000141995

0.0102783 0.000141878
0.0102835 0.000146484

0.0102832 0.000146484
0.0103027 0.000164968

0.0103027 0.000164849
0.0103085 0.000170898

0.0103084 0.000170898
0.0103271 0.000192427

0.0103271 0.000192188
0.0103297 0.000195313

0.0103301 0.000195313
0.0103516 0.000226212

0.0103516 0.00022601
0.010363 0.000244141

0.0103628 0.000244141
0.010376 0.000268555

0.0103757 0.000268555
0.010376 0.000269163

0.010376 0.000268663
0.010387 0.000292969

0.0103872 0.000292969
0.0104004 0.000331

0.0104004 0.000330656
0.0104038 0.000341797

0.0104036 0.000341797
0.0104096 0.000366211

0.0104096 0.000366211
0.0104139 0.000390625

0.0103027 0.0007627
0.0102871 0.00078125

0.0103271 0.00073063
0.0103259 0.000732422

0.0103516 0.000692349
0.0103423 0.000708008

0.0103271 0.000730585
0.0103423 0.000708008

0.010326 0.000732422
0.0103076 0.000756836

0.0103027 0.000762841
0.0103076 0.000756836

0.0104143 0.000390625
0.0104187 0.000439453

0.0104187 0.000439453
0.0104175 0.000488281

0.0104004 0.000579434
0.0103988 0.000585938

0.0104174 0.000488281
0.0104108 0.000537109

0.0104104 0.000537109
0.0104051 0.000561523

0.0104004 0.000578477
0.0104051 0.000561523

0.0103988 0.000585937
0.0103809 0.000634766

0.010376 0.000644927
0.0103695 0.00065918

0.0103695 0.00065918
0.0103567 0.000683594

0.010376 0.000644942
0.0103806 0.000634766

0.0103516 0.000692349
0.0103568 0.000683594

0.0101807 0.000875923
0.0101763 0.000878906

0.0101807 0.000876227
0.0102051 0.000857962

0.0102539 0.000815647
0.0102381 0.000830078

0.0102295 0.00083789
0.0102094 0.000854492

0.0102051 0.000857989
0.0102095 0.000854492

0.0102295 0.00083793
0.0102384 0.000830078

0.0101563 0.000892852
0.0101767 0.000878906

0.0102783 0.000790711
0.0102641 0.000805664

0.0102539 0.000815716
0.0102641 0.000805664

0.0102783 0.000790855
0.010287 0.00078125

