0 6.79537e-05
0.00012207 6.7776e-05

0.00012207 6.78659e-05
0.000244141 6.76007e-05

0.000244141 6.76603e-05
0.000366211 6.76769e-05

0.000366211 6.75198e-05
0.000488281 6.79713e-05

0.000488281 6.81486e-05
0.000610352 6.78573e-05

0.000610352 6.77354e-05
0.000732422 6.73242e-05

0.000732422 6.76306e-05
0.000854492 6.77672e-05

0.000854492 6.73644e-05
0.000976562 6.7897e-05

0 0.00165037
0.000244141 0.00164993

0.000244141 0.00164992
0.000488281 0.0016486

0.000488281 0.00164862
0.000732422 0.00164639

0.000732422 0.00164639
0.000976562 0.00164324

0.000976562 6.84682e-05
0.00109863 6.7718e-05

0.00109863 6.68516e-05
0.0012207 6.72999e-05

0.0012207 6.83103e-05
0.00134277 6.85386e-05

0.00134277 6.71323e-05
0.00146484 6.73574e-05

0.00146484 7.29093e-05
0.00158691 6.42733e-05

0.00170728 0
0.00158852 0.00012207

0.00170898 4.08076e-05
0.00172368 0

0.000976562 0.00164318
0.0012207 0.00163922

0.0012207 0.00163937
0.00146484 0.00163442

0.00146484 0.00163439
0.00170898 0.00162823

0.00170898 0.00162829
0.00195312 0.00162084

0.00201992 0
0.0020752 0.000100058

0.0020752 9.17241e-05
0.00219727 4.61343e-05

0.00219727 4.03486e-05
0.00221164 0

0.00195312 0.00162092
0.00219727 0.00161191

0.00219727 0.00161191
0.00244141 0.00160118

0.00244141 0.00160129
0.00268555 0.00158862

0.00268555 0.00158859
0.00292969 0.00157383

0.00292969 0.00157392
0.00317383 0.00155695

0.00317383 0.0015568
0.0032959 0.00154743

0.0032959 0.00154746
0.00341797 0.00153746

0.00341797 0.00153748
0.00354004 0.00152677

0.00354004 0.00152678
0.00366211 0.00151531

0.00366211 0.00151532
0.00378418 0.00150305

0.00378418 0.00150306
0.00390625 0.00148993

0.00415039 0.00146132
0.00412086 0.00146484

0.00415039 0.00146119
0.00439453 0.00142796

0.00390625 0.00148994
0.00402832 0.00147589

0.00402832 0.00147578
0.00411723 0.00146484

0.00439453 0.00142775
0.0045166 0.0014095

0.0045166 0.00140952
0.00463867 0.00139001

0.00463867 0.00139003
0.00476074 0.00136917

0.00476074 0.00136919
0.00488281 0.00134686

0.00548573 0
0.00549316 2.08753e-05

0.00549316 2.76124e-05
0.00556081 0.00012207

0.00555472 0.00012207
0.00561523 0.000160647

0.00561523 0.000142835
0.0057373 0.000169708

0.0057373 0.000173565
0.00585938 0.000144844

0.00500488 0.00132317
0.00490472 0.00134277

0.00488281 0.00134598
0.00489918 0.00134277

0.00500488 0.00132303
0.00512695 0.00129746

0.00512695 0.0012975
0.00524902 0.00127013

0.00524902 0.00127017
0.00537109 0.00124085

0.00561523 0.00117637
0.00544916 0.0012207

0.00537109 0.00124107
0.0054502 0.0012207

0.00561523 0.00117683
0.00585938 0.00110179

0.00598145 3.5391e-05
0.00591265 0.00012207

0.00585938 0.000135252
0.00588129 0.00012207

0.00598145 8.23019e-05
0.00601813 0

0.00634766 0.000915478
0.00619972 0.000976562

0.00634766 0.00091475
0.00646973 0.000858368

0.0065918 0.000797359
0.00647778 0.000854492

0.00646973 0.000858065
0.00647686 0.000854492

0.00671387 0.000729427
0.00670837 0.000732422

0.00671387 0.000731142
0.00683594 0.000658421

0.0065918 0.000797552
0.00671123 0.000732422

0.00585938 0.00110225
0.00610352 0.00101545

0.00610352 0.00101497
0.00620072 0.000976562

0.00732422 0.000285851
0.0070879 0.000488281

0.00695801 0.000579185
0.00691035 0.000610352

0.00683594 0.000658477
0.00690953 0.000610352

0.00695801 0.000579187
0.00708008 0.000491042

0.00708008 0.000488463
0.00708032 0.000488281

0.00744629 0.000159802
0.0073656 0.000244141

0.00755846 0
0.00750514 0.00012207

0.00744629 0.000165116
0.00748461 0.00012207

0.00732422 0.000289542
0.00737172 0.000244141

