0 6.75834e-05
0.00012207 6.76682e-05

0.00012207 6.76432e-05
0.000244141 6.77338e-05

0.000244141 6.79448e-05
0.000366211 6.74406e-05

0.000366211 6.71574e-05
0.000488281 6.74752e-05

0.000488281 6.77508e-05
0.000610352 6.81037e-05

0.000610352 6.76733e-05
0.000732422 6.74811e-05

0.000732422 6.77852e-05
0.000854492 6.77849e-05

0.000854492 6.73865e-05
0.000976562 6.77675e-05

0 0.0016504
0.000488281 0.00164866

0.000488281 0.00164848
0.000732422 0.00164631

0.000732422 0.00164631
0.000976562 0.00164318

0.000976562 6.83694e-05
0.00109863 6.77647e-05

0.00109863 6.70256e-05
0.0012207 6.72339e-05

0.0012207 6.83537e-05
0.00134277 6.80882e-05

0.00134277 6.66196e-05
0.00146484 6.72477e-05

0.00146484 7.28662e-05
0.00158691 6.45046e-05

0.00170705 0
0.00158854 0.00012207

0.00158691 0.00012221
0.00158732 0.00012207

0.00170898 4.08051e-05
0.00172368 0

0.000976562 0.00164311
0.0012207 0.00163913

0.0012207 0.00163926
0.00146484 0.00163431

0.00146484 0.0016343
0.00170898 0.00162816

0.00170898 0.00162821
0.00195312 0.00162079

0.00202003 0
0.0020752 9.99577e-05

0.0020752 9.15287e-05
0.00219727 4.62646e-05

0.00219727 4.13417e-05
0.00221179 0

0.00195312 0.00162087
0.00219727 0.0016119

0.00219727 0.0016119
0.00244141 0.00160119

0.00244141 0.00160128
0.00268555 0.00158865

0.00268555 0.00158865
0.00292969 0.00157393

0.00292969 0.00157402
0.00317383 0.00155703

0.00317383 0.00155706
0.00341797 0.00153757

0.00341797 0.00153742
0.00354004 0.00152671

0.00354004 0.00152675
0.00366211 0.00151532

0.00366211 0.00151534
0.00378418 0.00150309

0.00378418 0.0015031
0.00390625 0.00148999

0.00415039 0.00146144
0.00412183 0.00146484

0.00415039 0.0014613
0.00439453 0.00142808

0.00390625 0.00149
0.00402832 0.00147598

0.00402832 0.00147586
0.00411802 0.00146484

0.00439453 0.00142787
0.0045166 0.00140961

0.0045166 0.00140963
0.00463867 0.00139011

0.00463867 0.00139014
0.00476074 0.00136926

0.00476074 0.00136929
0.00488281 0.00134696

0.00548594 0
0.00549316 2.03084e-05

0.00549316 2.75047e-05
0.00556083 0.00012207

0.00555443 0.00012207
0.00561523 0.000160836

0.00561523 0.000142837
0.0057373 0.000169677

0.0057373 0.000173536
0.00585938 0.000144856

0.00500488 0.00132327
0.00490522 0.00134277

0.00488281 0.00134607
0.00489965 0.00134277

0.00500488 0.00132312
0.00512695 0.00129755

0.00512695 0.00129759
0.00524902 0.00127022

0.00524902 0.00127026
0.00537109 0.00124094

0.00561523 0.00117646
0.00544953 0.0012207

0.00537109 0.00124115
0.00545052 0.0012207

0.00561523 0.00117689
0.00585938 0.00110185

0.00598145 3.54151e-05
0.0059127 0.00012207

0.00585938 0.000135504
0.0058817 0.00012207

0.00598145 8.21058e-05
0.00601801 0

0.00634766 0.000915553
0.00619992 0.000976562

0.00634766 0.000914818
0.00646973 0.000858422

0.0065918 0.000797398
0.00647788 0.000854492

0.00646973 0.000858204
0.00647714 0.000854492

0.00671387 0.000729441
0.0067084 0.000732422

0.00671387 0.000731172
0.00683594 0.000658435

0.0065918 0.000797595
0.00671129 0.000732422

0.00585938 0.00110233
0.00610352 0.00101553

0.00610352 0.00101506
0.00620094 0.000976562

0.00732422 0.000285801
0.00708787 0.000488281

0.00695801 0.000579209
0.0069104 0.000610352

0.00683594 0.000658473
0.0069095 0.000610352

0.00695801 0.000579182
0.00708008 0.00049102

0.00744629 0.000159647
0.00736543 0.000244141

0.00755841 0
0.00750509 0.00012207

0.00744629 0.000165273
0.00748477 0.00012207

0.00732422 0.000289526
0.0073717 0.000244141

