7.11367e-05 0
7.32422e-05 6.05665e-06

7.41399e-05 0
9.68604e-05 2.44141e-05

9.74122e-05 2.44141e-05
9.76563e-05 2.45015e-05

9.76563e-05 1.39251e-05
0.00012207 1.4315e-05

0.00012207 1.33367e-05
0.000146484 1.15385e-05

0.000146484 1.2844e-05
0.000170898 1.28504e-05

0.000170898 1.27381e-05
0.000195313 1.21459e-05

0.000195313 1.23485e-05
0.000244141 1.27207e-05

0.000244141 1.26961e-05
0.000268555 1.28817e-05

0.000268555 1.27367e-05
0.000292969 1.27769e-05

0.000292969 1.27702e-05
0.000317383 1.28639e-05

0.000317383 1.28069e-05
0.000341797 1.28378e-05

0.000341797 1.2822e-05
0.000366211 1.28554e-05

0.000366211 1.28414e-05
0.000390625 1.28502e-05

0.000390625 1.27154e-05
0.000439453 1.32335e-05

0.000439453 1.29174e-05
0.000488281 1.31337e-05

0.000488281 1.306e-05
0.000512695 1.30296e-05

0.000512695 1.30862e-05
0.000537109 1.30297e-05

0.000537109 1.28614e-05
0.000561523 1.31478e-05

0.000561523 1.30905e-05
0.000585937 1.34348e-05

0.000585938 1.33064e-05
0.000610352 1.3199e-05

0.000610352 1.32326e-05
0.000634766 1.31372e-05

0.000634766 1.31069e-05
0.00065918 1.3261e-05

0.00065918 1.32157e-05
0.000683594 1.33766e-05

0.000683594 1.34768e-05
0.000708008 1.31242e-05

0.000708008 1.31784e-05
0.000732422 1.29041e-05

0.000732422 1.30562e-05
0.000756836 1.31516e-05

0.000756836 1.3078e-05
0.00078125 1.31408e-05

0.00078125 1.32948e-05
0.000805664 1.3003e-05

0.000805664 1.29324e-05
0.000830078 1.28697e-05

0.000830078 1.32121e-05
0.000878906 1.27809e-05

0.000878906 1.28971e-05
0.00090332 1.28627e-05

0.00090332 1.28897e-05
0.000927734 1.28393e-05

0.000927734 1.28847e-05
0.000952148 1.28043e-05

0.000952148 1.28517e-05
0.000976562 1.27644e-05

0.000976562 1.28504e-05
0.00100098 1.27165e-05

0.00100098 1.277e-05
0.00102539 1.26594e-05

0.00102539 1.28237e-05
0.0010498 1.25895e-05

0.0010498 1.25817e-05
0.00107422 1.25235e-05

0.00107422 1.29048e-05
0.00109863 1.24281e-05

0.00109863 1.28821e-05
0.00112305 1.15709e-05

0.00112305 1.14173e-05
0.00114746 1.21644e-05

0.00114746 1.27266e-05
0.00117187 1.27164e-05

0.00117188 1.24838e-05
0.00119629 1.10842e-05

0.00119629 1.11266e-05
0.0012207 1.24784e-05

0.0012207 1.26648e-05
0.00124512 1.26773e-05

0.00124512 1.19665e-05
0.00126953 1.16552e-05

0.00126953 1.16018e-05
0.00129395 1.33259e-05

0.00129395 1.29046e-05
0.00131836 1.30577e-05

0.00131836 1.18163e-05
0.00134277 1.33246e-05

0.00134277 1.42295e-05
0.00136719 1.38819e-05

0.00139095 0
0.00136806 2.44141e-05

0.0013916 5.57022e-06
0.00139352 0

0.00146292 0
0.00146484 5.63523e-06

0.00146484 2.84999e-06
0.00148587 2.44141e-05

0.00148696 2.44141e-05
0.00148926 2.51998e-05

0.00148926 1.55418e-05
0.00151367 1.67176e-05

0.00151367 1.65972e-05
0.00153809 1.57221e-05

0.0015625 3.21685e-06
0.00154162 2.44141e-05

0.00153809 2.53226e-05
0.00154078 2.44141e-05

0.000390625 0.00312059
0.000237771 0.003125

0.000390625 0.00312075
0.00078125 0.00308652

0.00078125 0.00308722
0.00117187 0.0030282

0.00117187 0.0030268
0.00136719 0.00298738

0.00136719 0.00298752
0.0015625 0.0029407

0.0015625 5.95083e-06
0.00156454 0

0.00165555 0
0.00166016 1.10586e-05

0.00166016 1.06643e-05
0.00167607 2.44141e-05

0.00167507 2.44141e-05
0.00168457 2.76198e-05

0.00168457 1.75759e-05
0.00170898 1.74097e-05

0.00168457 2.44727e-05
0.00170131 2.44141e-05

0.0017334 1.01814e-05
0.00171747 2.44141e-05

0.00170898 2.76307e-05
0.00171832 2.44141e-05

0.0017334 9.04282e-06
0.00173707 0

0.00179883 0
0.00180664 1.58222e-05

0.00180664 1.04695e-05
0.00183105 1.0597e-05

0.00183105 7.13534e-06
0.00184868 0

0.00185777 0
0.00187988 1.63727e-05

0.00187988 6.73342e-06
0.0019043 1.15107e-05

0.0019043 8.37588e-06
0.00192871 1.10718e-05

0.00192871 9.24056e-06
0.00195312 1.18843e-05

0.00195312 9.1898e-06
0.00197754 1.32965e-05

0.00197754 1.37956e-05
0.00200195 1.25104e-05

0.00200195 1.6321e-05
0.00202637 4.48247e-06

0.00202637 4.95865e-06
0.00205078 8.23732e-06

0.00205078 8.54668e-06
0.0020752 1.54434e-05

0.0020752 9.24463e-06
0.00209961 1.16824e-05

0.00209961 1.35624e-05
0.00212402 1.35206e-05

0.00212402 1.31164e-05
0.00214844 7.75586e-06

0.00214844 7.32495e-06
0.00217285 1.32172e-05

0.00217285 1.41571e-05
0.00219727 1.39616e-05

0.00219727 1.32639e-05
0.00222168 7.01916e-06

0.00222168 6.94805e-06
0.00224609 1.35655e-05

0.00224609 1.41688e-05
0.00227051 1.42184e-05

0.00227051 1.41222e-05
0.00229492 6.45759e-06

0.00229492 7.26407e-06
0.00231934 1.18454e-05

0.00231934 1.03263e-05
0.00234375 1.55499e-05

0.00234375 1.5562e-05
0.00236816 1.0457e-05

0.00236816 1.25502e-05
0.00239258 6.56322e-06

0.00239258 6.57599e-06
0.00241699 1.26222e-05

0.00241699 1.04491e-05
0.00244141 1.55587e-05

0.00244141 1.55537e-05
0.00246582 1.04249e-05

0.00246582 1.25301e-05
0.00249023 6.67343e-06

0.00249023 6.67878e-06
0.00251465 1.2609e-05

0.00251465 1.04787e-05
0.00253906 1.55071e-05

0.00253906 1.55046e-05
0.00256348 1.04578e-05

0.00256348 1.25162e-05
0.00258789 6.77195e-06

0.00258789 6.76909e-06
0.0026123 1.26117e-05

0.0026123 1.05942e-05
0.00263672 1.53981e-05

0.00263672 1.53537e-05
0.00266113 1.03968e-05

0.00266113 1.18221e-05
0.00268555 7.61035e-06

0.00268555 6.7808e-06
0.00270996 1.40558e-05

0.00270996 1.40884e-05
0.00273438 1.4226e-05

0.00273437 1.40645e-05
0.00275879 6.95711e-06

0.00275879 7.77202e-06
0.0027832 1.18143e-05

0.0027832 1.05521e-05
0.00280762 1.52137e-05

0.00280762 1.52112e-05
0.00283203 1.05405e-05

0.00283203 1.18218e-05
0.00285645 7.76723e-06

0.00285645 7.04988e-06
0.00288086 1.39451e-05

0.00288086 1.4026e-05
0.00290527 1.39986e-05

0.00290527 1.31804e-05
0.00292969 7.7779e-06

0.00292969 8.18073e-06
0.0029541 1.31141e-05

0.0029541 1.35324e-05
0.00297852 1.35292e-05

0.00297852 1.18361e-05
0.00300293 9.45455e-06

0.00300293 9.74512e-06
0.00302734 1.4271e-05

0.00302734 1.25844e-05
0.00305176 1.46744e-05

0.00305176 1.3073e-05
0.00307617 1.39554e-05

0.00307617 1.36644e-05
0.00310059 1.49183e-05

0.00310059 1.41166e-05
0.003125 1.48492e-05

0.00175781 0.00288604
0.00160274 0.00292969

0.0015625 0.00294061
0.00160131 0.00292969

0.00175781 0.00288627
0.00195312 0.00282208

0.00234375 0.00266202
0.00217994 0.00273438

0.00195312 0.00282235
0.00214844 0.0027478

0.00214844 0.00274752
0.00217943 0.00273438

0.00292969 0.00230937
0.00288171 0.00234375

0.003125 0.00214356
0.00311975 0.00214844

0.00302734 0.00223039
0.0030083 0.00224609

0.00292969 0.00230846
0.00300709 0.00224609

0.00302734 0.00223029
0.00311922 0.00214844

0.00244141 0.00261359
0.00239432 0.00263672

0.00234375 0.00266125
0.00239368 0.00263672

0.00244141 0.00261352
0.00253906 0.00256177

0.00273438 0.00244655
0.00257992 0.00253906

0.00253906 0.0025621
0.00257929 0.00253906

0.00283203 0.00238
0.00274083 0.00244141

0.00273438 0.0024448
0.00273964 0.00244141

0.00283203 0.00237949
0.00288119 0.00234375

0 0.00313178
0.000235019 0.003125

0.003125 1.44819e-05
0.00314941 1.52637e-05

0.00314941 1.47528e-05
0.00317383 1.54799e-05

0.00317383 1.49854e-05
0.00319824 1.59631e-05

0.00319824 1.52832e-05
0.00322266 1.6605e-05

0.00322266 1.59355e-05
0.00324707 1.73228e-05

0.00324707 1.66084e-05
0.00327148 1.77955e-05

0.00327148 1.68579e-05
0.0032959 1.86298e-05

0.0032959 1.90117e-05
0.00332031 1.88577e-05

0.00332031 1.71612e-05
0.00334473 1.80187e-05

0.00334473 1.93569e-05
0.00336914 2.02275e-05

0.00336914 1.27335e-05
0.00339355 2.41438e-05

0.00339122 2.44141e-05
0.00339355 2.53301e-05

0.00339355 2.36336e-05
0.00339429 2.44141e-05

0.00339355 2.70374e-05
0.00341779 4.88281e-05

0.00341746 4.88281e-05
0.00341797 4.93405e-05

0.00341797 4.84963e-05
0.0034183 4.88281e-05

0.00341797 4.97888e-05
0.00344055 7.32422e-05

0.00344069 7.32422e-05
0.00344238 7.50724e-05

0.00344238 7.54325e-05
0.0034623 9.76563e-05

0.00346283 9.76563e-05
0.0034668 0.000102333

0.0034668 0.000102913
0.00350251 0.000146484

0.0035026 0.000146484
0.00351563 0.000164481

0.00351563 0.00016479
0.00353774 0.000195313

0.00353784 0.000195313
0.00356445 0.000236577

0.00356445 0.000237475
0.00356859 0.000244141

0.00356914 0.000244141
0.00359708 0.000292969

0.00359753 0.000292969
0.00361328 0.000325675

0.00361328 0.000325511
0.00362153 0.000341797

0.0036216 0.000341797
0.00364354 0.000390625

0.00364419 0.000390625
0.00368054 0.000488281

0.00368027 0.000488281
0.00370709 0.000585938

0.00370724 0.000585938
0.00371094 0.000610298

0.00371094 0.000607522
0.0037251 0.000683594

0.00372472 0.000683594
0.00373538 0.00078125

0.00371094 0.00115757
0.00370888 0.00117188

0.00373733 0.00078125
0.00373721 0.000976562

0.00371094 0.00115697
0.00373694 0.000976562

0.00370876 0.00117187
0.00365318 0.00136719

0.00361328 0.00146544
0.00356819 0.0015625

0.00365161 0.00136719
0.00361351 0.00146484

0.00361328 0.00146581
0.00361373 0.00146484

0.00332031 0.00193671
0.00330688 0.00195312

0.00351563 0.00165967
0.00351536 0.00166016

0.00351546 0.00166016
0.00345456 0.00175781

0.00341797 0.00180961
0.00338539 0.00185547

0.00332031 0.00193662
0.00338549 0.00185547

0.00341797 0.00180968
0.00345451 0.00175781

0.00322266 0.00204667
0.00321873 0.00205078

0.003125 0.0021435
0.00321874 0.00205078

0.00322266 0.00204661
0.00330726 0.00195313

0.00351563 0.00165967
0.00356829 0.0015625

