7.0602e-05 0
7.32422e-05 4.39503e-06

8.90232e-05 0
9.76563e-05 3.3512e-06

0.000116722 0
0.00012207 4.42222e-06

0.000138343 0
0.000146484 8.46801e-06

0.00016156 0
0.000170898 1.30574e-05

0.000172474 0
0.000195313 1.76112e-05

0.000195313 7.59216e-06
0.000219727 1.22574e-05

0.000219727 9.22787e-06
0.000244141 1.21888e-05

0.000244141 1.03583e-05
0.000268555 1.29683e-05

0.000268555 1.13786e-05
0.000292969 1.33446e-05

0.000292969 1.22079e-05
0.000317383 1.37694e-05

0.000317383 1.28433e-05
0.000341797 1.40888e-05

0.000341797 1.33357e-05
0.000366211 1.44722e-05

0.000366211 1.38191e-05
0.000390625 1.48386e-05

0.000390625 1.42976e-05
0.000415039 1.51043e-05

0.000415039 1.46669e-05
0.000439453 1.5284e-05

0.000439453 1.49556e-05
0.000463867 1.54551e-05

0.000463867 1.50867e-05
0.000488281 1.56934e-05

0.000488281 1.53884e-05
0.000512695 1.60445e-05

0.000512695 1.56994e-05
0.000537109 1.62052e-05

0.000537109 1.54133e-05
0.000561523 1.69006e-05

0.000561523 1.68044e-05
0.000585937 1.77623e-05

0.000585938 1.68574e-05
0.000610352 1.72293e-05

0.000610352 1.73585e-05
0.000634766 1.79091e-05

0.000634766 1.76086e-05
0.00065918 1.75286e-05

0.00065918 1.65126e-05
0.000683594 1.86014e-05

0.000683594 1.99081e-05
0.000708008 1.93537e-05

0.000708008 1.85661e-05
0.000732422 1.54391e-05

0.000732422 1.66768e-05
0.000756836 1.65852e-05

0.000756836 1.67922e-05
0.00078125 1.70449e-05

0 0.00100311
4.88281e-05 0.0010031

4.88281e-05 0.00100308
9.76563e-05 0.00100307

9.76563e-05 0.00100307
0.000146484 0.00100312

0.000146484 0.00100315
0.000195313 0.00100321

0.000195313 0.00100318
0.000244141 0.00100324

0.000244141 0.00100325
0.000292969 0.00100336

0.000292969 0.00100336
0.000341797 0.00100351

0.000341797 0.00100351
0.000390625 0.0010037

0.000390625 0.0010037
0.000439453 0.00100394

0.000439453 0.00100395
0.000488281 0.00100421

0.000488281 0.0010042
0.000537109 0.00100447

0.000537109 0.00100447
0.000585938 0.00100474

0.000585937 0.00100474
0.000634766 0.00100501

0.000634766 0.00100501
0.000683594 0.00100528

0.000683594 0.00100528
0.000732422 0.00100553

0.000732422 0.00100553
0.00078125 0.00100577

0.00078125 1.72422e-05
0.000805664 1.64844e-05

0.000805664 1.68853e-05
0.000830078 1.55681e-05

0.000830078 1.61164e-05
0.000854492 1.52718e-05

0.000854492 1.57989e-05
0.000878906 1.5199e-05

0.000878906 1.5501e-05
0.00090332 1.48735e-05

0.00090332 1.52287e-05
0.000927734 1.47265e-05

0.000927734 1.50041e-05
0.000952148 1.45487e-05

0.000952148 1.50876e-05
0.000976562 1.41322e-05

0.000976562 1.45027e-05
0.00100098 1.35364e-05

0.00100098 1.47417e-05
0.00102539 1.2987e-05

0.00102539 1.30362e-05
0.0010498 1.23934e-05

0.0010498 1.48608e-05
0.00107422 1.19428e-05

0.00107422 1.44938e-05
0.00109863 6.93324e-06

0.00109863 6.93663e-06
0.00112305 1.08413e-05

0.00112305 9.76128e-06
0.00114746 1.60814e-05

0.00114746 1.58523e-05
0.00117187 1.01647e-05

0.00117188 1.51566e-05
0.00119629 3.21215e-06

0.00119629 8.74113e-07
0.0012207 1.26958e-05

0.0012207 1.53229e-05
0.00124512 1.53404e-05

0.00124512 1.14089e-05
0.00126953 2.18216e-06

0.00126953 3.91377e-06
0.00129395 1.6847e-05

0.00129395 1.4173e-05
0.00131836 1.41516e-05

0.00131836 1.31539e-05
0.00134277 7.57823e-06

0.00134277 1.03538e-05
0.00136719 1.10301e-05

0.00136719 2.17634e-05
0.00139133 0

0.0013916 9.97799e-06
0.00139541 0

0.00146319 0
0.00146484 4.86861e-06

0.00146484 1.71211e-06
0.00148709 2.44141e-05

0.0014874 2.44141e-05
0.00148926 2.50437e-05

0.00148926 1.42423e-05
0.00151367 1.5375e-05

0.0015107 2.44141e-05
0.00151367 2.44683e-05

0.00151367 1.58579e-05
0.00153809 1.41095e-05

0.0015625 7.81209e-07
0.00153978 2.44141e-05

0.00153809 2.47924e-05
0.00153918 2.44141e-05

0.00078125 0.00100577
0.000830078 0.001006

0.000830078 0.001006
0.000878906 0.00100621

0.000878906 0.00100621
0.000927734 0.00100639

0.000927734 0.00100639
0.000976562 0.00100655

0.000976563 0.00100655
0.00102539 0.00100667

0.00102539 0.00100667
0.00107422 0.00100676

0.00107422 0.00100677
0.00112305 0.00100682

0.00112305 0.00100682
0.00117187 0.00100683

0.00117188 0.00100683
0.0012207 0.0010068

0.0012207 0.00100681
0.00126953 0.00100674

0.00126953 0.00100674
0.00131836 0.00100663

0.00131836 0.00100663
0.00136719 0.00100647

0.00136719 0.00100647
0.00141602 0.00100628

0.00141602 0.00100628
0.00146484 0.00100604

0.00146484 0.00100604
0.00151367 0.00100577

0.00151367 0.00100577
0.0015625 0.00100545

0.0015625 7.10511e-06
0.00156499 0

0.00165677 0
0.00166016 8.40233e-06

0.00166016 1.00048e-05
0.001676 2.44141e-05

0.00167529 2.44141e-05
0.00168457 2.76749e-05

0.00168457 1.75964e-05
0.00170898 1.78318e-05

0.00169449 2.44141e-05
0.00170898 2.44891e-05

0.0017334 1.06833e-05
0.00171755 2.44141e-05

0.00170898 2.77103e-05
0.00171868 2.44141e-05

0.0017334 1.1495e-05
0.00173821 0

0.00180496 0
0.00180664 4.60648e-06

0.0018177 0
0.00183105 1.21584e-05

0.00183887 0
0.00185547 9.39942e-06

0.00185769 0
0.00187988 1.39875e-05

0.00187988 4.76126e-06
0.0019043 1.17901e-05

0.0019043 7.27473e-06
0.00192871 1.16569e-05

0.00192871 8.63499e-06
0.00195312 1.24326e-05

0.00195312 1.04985e-05
0.00197754 1.28079e-05

0.00197754 1.9998e-05
0.00200195 3.95905e-06

0.00200195 1.03979e-05
0.0020168 0

0.00203089 0
0.00205078 1.53415e-05

0.00205078 4.91675e-06
0.0020752 1.44387e-05

0.0020752 7.88098e-06
0.00209961 1.41357e-05

0.00209961 1.56159e-05
0.00212402 1.14656e-05

0.00212402 1.272e-05
0.00214844 4.03072e-06

0.00214844 3.03074e-06
0.00217285 1.47534e-05

0.00217285 1.49495e-05
0.00219727 1.49627e-05

0.00219727 1.38037e-05
0.00222168 3.99769e-06

0.00222168 4.22622e-06
0.00224609 1.44183e-05

0.00224609 1.4785e-05
0.00227051 1.47993e-05

0.00227051 1.66479e-05
0.00229492 2.01542e-06

0.00229492 2.13236e-06
0.00231934 1.1384e-05

0.00231934 9.35622e-06
0.00234375 1.86121e-05

0.0015625 0.00100545
0.00161133 0.0010051

0.00161133 0.0010051
0.00166016 0.00100471

0.00166016 0.00100471
0.00170898 0.00100428

0.00170898 0.00100428
0.00175781 0.00100383

0.00175781 0.00100383
0.00180664 0.00100334

0.00180664 0.00100334
0.00185547 0.00100283

0.00185547 0.00100283
0.0019043 0.00100229

0.0019043 0.00100229
0.00195312 0.00100173

0.00195312 0.00100173
0.00200195 0.00100115

0.00200195 0.00100115
0.00205078 0.00100055

0.00205078 0.00100055
0.00209961 0.000999931

0.00209961 0.000999927
0.00212402 0.000999609

0.00212402 0.000999607
0.00214844 0.000999291

0.00214844 0.000999294
0.00217285 0.000998977

0.00217285 0.000998976
0.00219727 0.000998654

0.00219727 0.000998654
0.00222168 0.000998331

0.00222168 0.000998331
0.00224609 0.000998004

0.00224609 0.000998004
0.00227051 0.000997673

0.00227051 0.000997673
0.00229492 0.000997338

0.00229492 0.000997338
0.00231934 0.000996999

0.00231934 0.000996999
0.00234375 0.000996655

0.00234375 1.71251e-05
0.00236816 8.39318e-06

0.00236816 1.56807e-05
0.00239258 8.92861e-07

0.0023937 0
0.00241699 1.19246e-05

0.00241699 8.18523e-06
0.00244141 1.98907e-05

0.00244141 1.8071e-05
0.00246582 8.31498e-06

0.00246582 1.44248e-05
0.00249023 8.47729e-07

0.00249038 0
0.00251465 1.34366e-05

0.00251465 9.23225e-06
0.00253906 1.89993e-05

0.00253906 1.78201e-05
0.00256348 8.33483e-06

0.00256348 1.44096e-05
0.00258789 1.35031e-06

0.00258789 2.70972e-07
0.0026123 1.31987e-05

0.0026123 9.23986e-06
0.00263672 1.90502e-05

0.00263672 1.81655e-05
0.00266113 8.22124e-06

0.00266113 1.13458e-05
0.00268555 3.87193e-06

0.00268555 2.8717e-06
0.00270996 1.58103e-05

0.00270996 1.47832e-05
0.00273438 1.49815e-05

0.00273437 1.51323e-05
0.00275879 3.81285e-06

0.00275879 4.73239e-06
0.0027832 1.19917e-05

0.0027832 9.94485e-06
0.00280762 1.68487e-05

0.00280762 1.628e-05
0.00283203 9.50188e-06

0.00283203 1.13857e-05
0.00285645 6.50104e-06

0.00285645 5.7156e-06
0.00288086 1.46058e-05

0.00288086 1.4214e-05
0.00290527 1.42296e-05

0.00290527 1.303e-05
0.00292969 7.31228e-06

0.00292969 7.71407e-06
0.0029541 1.36641e-05

0.0029541 1.38976e-05
0.00297852 1.38226e-05

0.00297852 1.29863e-05
0.00300293 8.29147e-06

0.00300293 9.08207e-06
0.00302734 1.2735e-05

0.00302734 1.17649e-05
0.00305176 1.40372e-05

0.00305176 1.24397e-05
0.00307617 1.24266e-05

0.00307617 1.27451e-05
0.00310059 1.30389e-05

0.00310059 1.26217e-05
0.003125 1.26525e-05

0.00234375 0.000996655
0.00236816 0.000996308

0.00236816 0.000996308
0.00239258 0.000995958

0.00239258 0.000995958
0.00241699 0.000995605

0.00241699 0.000995605
0.00244141 0.000995249

0.00244141 0.000995249
0.00246582 0.00099489

0.00246582 0.00099489
0.00249023 0.000994528

0.00249023 0.000994528
0.00251465 0.000994164

0.00251465 0.000994164
0.00253906 0.000993796

0.00253906 0.000993796
0.00256348 0.000993426

0.00256348 0.000993426
0.00258789 0.000993052

0.00258789 0.000993052
0.0026123 0.000992677

0.0026123 0.000992677
0.00263672 0.000992298

0.00263672 0.000992298
0.00266113 0.000991917

0.00266113 0.000991917
0.00268555 0.000991532

0.00268555 0.000991532
0.00270996 0.000991144

0.00270996 0.000991144
0.00273438 0.000990753

0.00273437 0.000990753
0.00275879 0.000990359

0.00275879 0.000990359
0.0027832 0.000989962

0.0027832 0.000989962
0.00280762 0.000989563

0.00280762 0.000989563
0.00283203 0.000989162

0.00283203 0.000989162
0.00285645 0.000988761

0.00285645 0.00098876
0.00288086 0.000988359

0.00288086 0.000988359
0.00290527 0.000987959

0.00290527 0.000987958
0.00292969 0.00098756

0.00292969 0.00098756
0.0029541 0.000987164

0.0029541 0.000987165
0.00297852 0.000986769

0.00297852 0.000986769
0.00300293 0.00098637

0.00300293 0.00098637
0.00302734 0.000985969

0.00302734 0.000985969
0.00305176 0.000985563

0.00305176 0.000985563
0.00307617 0.000985155

0.00307617 0.000985155
0.00310059 0.000984744

0.00310059 0.000984744
0.003125 0.000984331

0.003125 1.27318e-05
0.00314941 1.30952e-05

0.00314941 1.28378e-05
0.00317383 1.29459e-05

0.00317383 1.28908e-05
0.00319824 1.30887e-05

0.00319824 1.29574e-05
0.00322266 1.31069e-05

0.00322266 1.30213e-05
0.00324707 1.31711e-05

0.00324707 1.3074e-05
0.00327148 1.32045e-05

0.00327148 1.31147e-05
0.0032959 1.32651e-05

0.0032959 1.3168e-05
0.00332031 1.33272e-05

0.00332031 1.32293e-05
0.00334473 1.33809e-05

0.00334473 1.32884e-05
0.00336914 1.34271e-05

0.00336914 1.33218e-05
0.00339355 1.34906e-05

0.00339355 1.33824e-05
0.00341797 1.35803e-05

0.00341797 1.34687e-05
0.00344238 1.36352e-05

0.00344238 1.35384e-05
0.0034668 1.36707e-05

0.0034668 1.35673e-05
0.00349121 1.37332e-05

0.00349121 1.36311e-05
0.00351563 1.38255e-05

0.00351563 1.37154e-05
0.00354004 1.38767e-05

0.00354004 1.37529e-05
0.00356445 1.39467e-05

0.00356445 1.37708e-05
0.00358887 1.41146e-05

0.00358887 1.41335e-05
0.00361328 1.40906e-05

0.00361328 1.38853e-05
0.0036377 1.39345e-05

0.0036377 1.37649e-05
0.00366211 1.45344e-05

0.00366211 1.42839e-05
0.00368652 1.47277e-05

0.00368652 1.45982e-05
0.00371094 1.43999e-05

0.00371094 1.41875e-05
0.00373535 1.45109e-05

0.00373535 1.41206e-05
0.00375977 1.53893e-05

0.00375977 1.54677e-05
0.00378418 1.52827e-05

0.00378418 1.4836e-05
0.00380859 1.43702e-05

0.00380859 1.42756e-05
0.00383301 1.57169e-05

0.00383301 1.50255e-05
0.00385742 1.65574e-05

0.00385742 1.66098e-05
0.00388184 1.60135e-05

0.00388184 1.56446e-05
0.00390625 1.49011e-05

0.003125 0.000984331
0.00314941 0.000983916

0.00314941 0.000983916
0.00317383 0.000983499

0.00317383 0.000983499
0.00319824 0.000983081

0.00319824 0.000983081
0.00322266 0.000982661

0.00322266 0.000982661
0.00324707 0.000982241

0.00324707 0.000982241
0.00327148 0.000981819

0.00327148 0.000981819
0.0032959 0.000981396

0.0032959 0.000981396
0.00332031 0.000980972

0.00332031 0.000980972
0.00334473 0.000980547

0.00334473 0.000980547
0.00336914 0.000980121

0.00336914 0.000980121
0.00339355 0.000979693

0.00339355 0.000979693
0.00341797 0.000979265

0.00341797 0.000979265
0.00344238 0.000978836

0.00344238 0.000978836
0.0034668 0.000978406

0.0034668 0.000978406
0.00349121 0.000977975

0.00349121 0.000977975
0.00351563 0.000977542

0.00358887 0.000976239
0.00357076 0.000976562

0.00358887 0.000976239
0.00361328 0.000975802

0.00361328 0.000975801
0.0036377 0.000975362

0.0036377 0.000975362
0.00366211 0.000974922

0.00366211 0.000974922
0.00368652 0.00097448

0.00368652 0.00097448
0.00371094 0.000974036

0.00351563 0.000977542
0.00354004 0.000977109

0.00354004 0.000977109
0.00356445 0.000976675

0.00356445 0.000976675
0.00357077 0.000976562

0.00371094 0.000974036
0.00373535 0.000973592

0.00373535 0.000973592
0.00375977 0.000973145

0.00375977 0.000973145
0.00378418 0.000972697

0.00378418 0.000972697
0.00380859 0.000972246

0.00380859 0.000972246
0.00383301 0.000971794

0.00383301 0.000971794
0.00385742 0.00097134

0.00385742 0.00097134
0.00388184 0.000970884

0.00388184 0.000970884
0.00390625 0.000970426

0.00390625 1.48917e-05
0.00393066 1.6462e-05

0.00393066 1.62631e-05
0.00395508 1.69949e-05

0.00395508 1.72211e-05
0.00397949 1.54367e-05

0.00397949 1.58633e-05
0.00400391 1.42594e-05

0.00400391 1.46899e-05
0.00402832 1.52771e-05

0.00402832 1.53799e-05
0.00405273 1.57141e-05

0.00405273 1.55857e-05
0.00407715 1.49413e-05

0.00407715 1.51568e-05
0.00410156 1.48624e-05

0.00410156 1.47703e-05
0.00412598 1.52719e-05

0.00412598 1.51138e-05
0.00415039 1.57336e-05

0.00415039 1.53117e-05
0.0041748 1.57698e-05

0.0041748 1.53475e-05
0.00419922 1.62793e-05

0.00419922 1.59955e-05
0.00422363 1.67021e-05

0.00422363 1.59645e-05
0.00424805 1.69155e-05

0.00424805 1.66756e-05
0.00427246 1.77474e-05

0.00427246 1.76443e-05
0.00429688 1.72347e-05

0.00429688 1.68072e-05
0.00432129 1.68449e-05

0.00432129 1.60326e-05
0.0043457 1.8917e-05

0.0043457 1.98803e-05
0.00437012 1.93967e-05

0.00437012 1.81145e-05
0.00439453 1.5868e-05

0.00439453 1.66973e-05
0.00441895 1.82193e-05

0.00441895 1.82263e-05
0.00444336 1.86805e-05

0.00444336 1.92946e-05
0.00446777 1.65182e-05

0.00446777 1.71282e-05
0.00449219 1.44667e-05

0.00449219 1.53231e-05
0.0045166 1.57626e-05

0.0045166 1.59793e-05
0.00454102 1.63724e-05

0.00454102 1.66195e-05
0.00456543 1.51508e-05

0.00456543 1.54692e-05
0.00458984 1.43615e-05

0.00458984 1.41689e-05
0.00461426 1.57658e-05

0.00461426 1.52323e-05
0.00463867 1.72626e-05

0.00463867 1.68276e-05
0.00466309 1.6667e-05

0.00466309 1.64102e-05
0.0046875 1.57959e-05

0.00390625 0.000970426
0.00393066 0.000969965

0.00393066 0.000969965
0.00395508 0.000969502

0.00395508 0.000969502
0.00397949 0.000969038

0.00397949 0.000969038
0.00400391 0.000968571

0.00400391 0.000968571
0.00402832 0.000968102

0.00402832 0.000968102
0.00405273 0.00096763

0.00405273 0.00096763
0.00407715 0.000967157

0.00407715 0.000967157
0.00410156 0.000966682

0.00410156 0.000966682
0.00412598 0.000966205

0.00412598 0.000966205
0.00415039 0.000965726

0.00415039 0.000965726
0.0041748 0.000965246

0.0041748 0.000965246
0.00419922 0.000964763

0.00419922 0.000964763
0.00422363 0.00096428

0.00422363 0.00096428
0.00424805 0.000963795

0.00424805 0.000963795
0.00427246 0.000963309

0.00427246 0.000963309
0.00429688 0.000962822

0.00429688 0.000962822
0.00432129 0.000962334

0.00432129 0.000962334
0.0043457 0.000961845

0.0043457 0.000961845
0.00437012 0.000961357

0.00437012 0.000961357
0.00439453 0.000960868

0.00439453 0.000960868
0.00441895 0.000960379

0.00441895 0.000960379
0.00444336 0.000959891

0.00444336 0.000959891
0.00446777 0.000959403

0.00446777 0.000959403
0.00449219 0.000958916

0.00449219 0.000958916
0.0045166 0.00095843

0.0045166 0.00095843
0.00454102 0.000957946

0.00454102 0.000957946
0.00456543 0.000957463

0.00456543 0.000957463
0.00458984 0.000956982

0.00458984 0.000956982
0.00461426 0.000956503

0.00461426 0.000956503
0.00463867 0.000956026

0.00463867 0.000956026
0.00466309 0.000955552

0.00466309 0.000955552
0.0046875 0.000955081

0.0046875 1.51326e-05
0.00471191 1.7269e-05

0.00471191 1.69372e-05
0.00473633 1.91512e-05

0.00473633 1.8858e-05
0.00476074 1.78132e-05

0.00476074 1.77399e-05
0.00478516 1.6302e-05

0.00478516 1.50042e-05
0.00480957 1.89441e-05

0.00480957 1.88303e-05
0.00483398 2.29422e-05

0.00483398 2.27129e-05
0.0048584 1.94591e-05

0.0048584 1.90974e-05
0.00488281 1.61675e-05

0.00488281 1.62584e-05
0.00490723 2.00539e-05

0.00490723 1.97165e-05
0.00493164 2.31393e-05

0.00493164 2.29527e-05
0.00495605 2.02024e-05

0.00493164 2.45022e-05
0.0049332 2.44141e-05

0.00495605 1.9935e-05
0.00498047 1.74203e-05

0.00498047 1.87307e-05
0.00500488 1.93978e-05

0.00500488 1.92165e-05
0.0050293 1.94732e-05

0.0050293 2.00083e-05
0.00505371 1.86335e-05

0.00505371 1.86962e-05
0.00507813 1.72437e-05

0.00507813 1.69821e-05
0.00510254 1.87591e-05

0.00510254 1.87394e-05
0.00512695 2.07545e-05

0.00512695 2.03497e-05
0.00515137 1.94219e-05

0.00515137 1.9458e-05
0.00517578 1.81803e-05

0.00517578 1.7835e-05
0.0052002 1.93812e-05

0.0052002 1.94267e-05
0.00522461 2.13039e-05

0.00522461 2.1155e-05
0.00524902 1.98156e-05

0.00524902 1.98309e-05
0.00527344 1.82209e-05

0.00527344 1.84554e-05
0.00529785 1.92952e-05

0.00529785 1.93337e-05
0.00532227 2.03979e-05

0.00532227 2.07154e-05
0.00534668 1.91637e-05

0.00534668 1.91442e-05
0.00537109 1.7484e-05

0.00537109 1.74041e-05
0.00539551 1.91547e-05

0.00539551 1.93359e-05
0.00541992 2.07935e-05

0.00541992 2.02676e-05
0.00544434 1.92063e-05

0.00544434 1.90149e-05
0.00546875 1.89919e-05

0.0046875 0.000955081
0.00471191 0.000954613

0.00471191 0.000954613
0.00473633 0.000954148

0.00473633 0.000954147
0.00476074 0.000953685

0.00476074 0.000953685
0.00478516 0.000953227

0.00478516 0.000953227
0.00480957 0.000952772

0.00480957 0.000952772
0.00483398 0.00095232

0.0048584 0.000951871
0.00484331 0.000952148

0.00483398 0.000952321
0.00484333 0.000952148

0.0048584 0.000951871
0.00488281 0.000951424

0.00488281 0.000951424
0.00490723 0.00095098

0.00490723 0.00095098
0.00493164 0.000950541

0.00493164 0.000950541
0.00495605 0.000950105

0.00495605 0.000950105
0.00498047 0.000949674

0.00498047 0.000949674
0.00500488 0.000949246

0.00500488 0.000949246
0.0050293 0.000948822

0.0050293 0.000948822
0.00505371 0.000948402

0.00505371 0.000948402
0.00507813 0.000947985

0.00507813 0.000947985
0.00510254 0.000947573

0.00510254 0.000947573
0.00512695 0.000947164

0.00512695 0.000947164
0.00515137 0.000946759

0.00515137 0.000946759
0.00517578 0.000946358

0.00517578 0.000946358
0.0052002 0.000945961

0.0052002 0.000945961
0.00522461 0.000945569

0.00522461 0.000945569
0.00524902 0.00094518

0.00524902 0.00094518
0.00527344 0.000944796

0.00527344 0.000944796
0.00529785 0.000944417

0.00529785 0.000944417
0.00532227 0.000944041

0.00532227 0.000944041
0.00534668 0.000943671

0.00534668 0.000943671
0.00537109 0.000943305

0.00537109 0.000943305
0.00539551 0.000942943

0.00539551 0.000942943
0.00541992 0.000942586

0.00541992 0.000942586
0.00544434 0.000942234

0.00544434 0.000942234
0.00546875 0.000941887

0.00546875 1.68192e-05
0.00549316 2.25945e-05

0.0054906 2.44141e-05
0.00549316 2.47429e-05

0.00549316 2.34678e-05
0.0054996 2.44141e-05

0.00549316 2.44889e-05
0.00551758 2.62966e-05

0.00554199 2.13273e-05
0.00552385 2.44141e-05

0.00551758 2.49928e-05
0.00552366 2.44141e-05

0.00554199 2.22915e-05
0.00556641 1.89559e-05

0.00556641 1.82283e-05
0.00559082 2.17077e-05

0.00559082 2.19803e-05
0.00560357 2.44141e-05

0.0055982 2.44141e-05
0.00561523 2.62757e-05

0.00563965 2.24698e-05
0.00562797 2.44141e-05

0.00561523 2.68627e-05
0.00563965 2.46768e-05

0.00563965 2.2358e-05
0.00566406 1.76831e-05

0.00563965 2.48491e-05
0.00564362 2.44141e-05

0.00566406 1.86931e-05
0.00568848 2.12109e-05

0.00568848 2.17037e-05
0.00571289 2.34084e-05

0.00571289 2.29948e-05
0.0057373 2.02507e-05

0.00571289 2.48453e-05
0.00572056 2.44141e-05

0.0057373 1.9771e-05
0.00576172 1.9853e-05

0.00576172 2.01223e-05
0.00578613 2.33401e-05

0.00578286 2.44141e-05
0.00578613 2.4635e-05

0.00578613 2.3498e-05
0.00581055 2.24012e-05

0.00578613 2.48347e-05
0.00580473 2.44141e-05

0.00581055 2.15055e-05
0.00583496 1.9778e-05

0.00583496 2.04512e-05
0.00585938 2.21533e-05

0.00585938 2.26309e-05
0.00588379 2.20568e-05

0.00588379 2.17401e-05
0.0059082 1.97163e-05

0.0059082 1.80124e-05
0.00593262 2.24389e-05

0.00592355 2.44141e-05
0.00593262 2.54302e-05

0.00593262 2.34834e-05
0.00594848 2.44141e-05

0.00593262 2.6143e-05
0.00595703 2.68574e-05

0.00595703 2.29574e-05
0.00598145 2.0364e-05

0.00595703 2.52286e-05
0.00596797 2.44141e-05

0.00598145 2.18675e-05
0.00600586 2.32551e-05

0.00600586 2.32185e-05
0.00603027 2.30081e-05

0.00600586 2.45183e-05
0.00603027 2.44151e-05

0.00603027 2.255e-05
0.00605469 2.21437e-05

0.00603027 2.44733e-05
0.00603696 2.44141e-05

0.00605469 2.22742e-05
0.0060791 2.31923e-05

0.0060791 2.24414e-05
0.00610352 2.40957e-05

0.00610234 2.44141e-05
0.00610352 2.44554e-05

0.00610352 2.38141e-05
0.00611059 2.44141e-05

0.00611844 2.44141e-05
0.00612793 2.5036e-05

0.00615234 2.35712e-05
0.00614069 2.44141e-05

0.00612793 2.70899e-05
0.00615234 2.62501e-05

0.00615234 2.36969e-05
0.00617676 2.12562e-05

0.00615234 2.54348e-05
0.00616631 2.44141e-05

0.00617676 2.31532e-05
0.00620117 2.26472e-05

0.00620117 2.00995e-05
0.00622559 2.36124e-05

0.00621079 2.44141e-05
0.00622559 2.61332e-05

0.00622559 2.33704e-05
0.00623308 2.44141e-05

0.00622559 2.76154e-05
0.00625 2.98492e-05

0.00546875 0.000941887
0.00549316 0.000941544

0.00549316 0.000941544
0.00551758 0.000941205

0.00551758 0.000941205
0.00554199 0.000940872

0.00554199 0.000940872
0.00556641 0.000940542

0.00556641 0.000940542
0.00559082 0.000940217

0.00559082 0.000940217
0.00561523 0.000939897

0.00561523 0.000939896
0.00563965 0.00093958

0.00563965 0.00093958
0.00566406 0.000939268

0.00566406 0.000939268
0.00568848 0.000938959

0.00568848 0.000938959
0.00571289 0.000938654

0.00571289 0.000938654
0.0057373 0.000938353

0.0057373 0.000938353
0.00576172 0.000938056

0.00576172 0.000938056
0.00578613 0.000937761

0.00578613 0.000937761
0.00581055 0.00093747

0.00581055 0.00093747
0.00583496 0.000937181

0.00583496 0.000937181
0.00585938 0.000936896

0.00585938 0.000936896
0.00588379 0.000936612

0.00588379 0.000936612
0.0059082 0.000936331

0.0059082 0.000936331
0.00593262 0.000936052

0.00593262 0.000936052
0.00595703 0.000935774

0.00595703 0.000935775
0.00598145 0.000935498

0.00598145 0.000935499
0.00600586 0.000935224

0.00600586 0.000935224
0.00603027 0.00093495

0.00603027 0.00093495
0.00605469 0.000934676

0.00605469 0.000934677
0.0060791 0.000934404

0.0060791 0.000934404
0.00610352 0.000934131

0.00610352 0.000934131
0.00612793 0.000933857

0.00612793 0.000933857
0.00615234 0.000933584

0.00615234 0.000933584
0.00617676 0.000933309

0.00617676 0.000933309
0.00620117 0.000933033

0.00620117 0.000933033
0.00622559 0.000932755

0.00622559 0.000932755
0.00625 0.000932475

0.00627441 2.32682e-05
0.00626488 2.44141e-05

0.00625 2.83157e-05
0.00627441 2.58206e-05

0.00627441 2.36197e-05
0.00629883 2.31281e-05

0.00627441 2.49111e-05
0.00629485 2.44141e-05

0.00629883 2.42975e-05
0.00632324 2.43171e-05

0.00629883 2.58473e-05
0.00632324 2.58553e-05

0.00632324 2.34687e-05
0.00634766 2.33254e-05

0.00632324 2.4729e-05
0.00634766 2.45007e-05

0.00634766 2.50119e-05
0.00637207 2.56907e-05

0.00637207 2.36177e-05
0.00638921 2.44141e-05

0.00637207 2.46645e-05
0.00639648 2.58056e-05

0.00639648 2.78187e-05
0.0064209 2.74223e-05

0.00644531 2.22967e-05
0.00642877 2.44141e-05

0.0064209 2.58986e-05
0.00643623 2.44141e-05

0.00644531 2.25328e-05
0.00646973 2.32518e-05

0.00646973 2.36804e-05
0.00647603 2.44141e-05

0.00647472 2.44141e-05
0.00649414 2.60704e-05

0.00649414 2.72849e-05
0.00651855 2.68292e-05

0.00654297 2.33708e-05
0.00652106 2.44141e-05

0.00651855 2.49446e-05
0.00652968 2.44141e-05

0.00654297 2.42232e-05
0.00654605 2.44141e-05

0.00654952 2.44141e-05
0.00656738 2.53503e-05

0.0065918 2.4367e-05
0.00658935 2.44141e-05

0.00656738 2.67754e-05
0.0065918 2.64809e-05

0.0065918 2.39828e-05
0.00661621 2.41228e-05

0.0065918 2.44427e-05
0.00661621 2.4591e-05

0.00661621 2.42954e-05
0.00662113 2.44141e-05

0.00661621 2.6723e-05
0.00664063 2.71314e-05

0.00664062 2.4861e-05
0.00666504 2.50837e-05

0.00666504 2.7183e-05
0.00668945 2.75383e-05

0.00668945 2.63657e-05
0.00671387 2.50003e-05

0.00673828 2.41736e-05
0.0067219 2.44141e-05

0.00671387 2.48804e-05
0.00673828 2.45408e-05

0.0067627 2.42224e-05
0.00675313 2.44141e-05

0.00673828 2.5168e-05
0.0067627 2.49149e-05

0.0067627 2.30809e-05
0.00678295 2.44141e-05

0.00677312 2.44141e-05
0.00678711 2.53298e-05

0.00678711 2.81009e-05
0.00681152 2.82611e-05

0.00683594 2.26239e-05
0.00682455 2.44141e-05

0.00681152 2.59756e-05
0.00682551 2.44141e-05

0.00683594 2.08639e-05
0.00686035 2.35126e-05

0.00684437 2.44141e-05
0.00686035 2.60723e-05

0.00686035 2.39522e-05
0.00686998 2.44141e-05

0.00686035 2.91761e-05
0.00688477 2.98361e-05

0.00688477 2.40514e-05
0.00690918 2.23674e-05

0.00688477 2.61541e-05
0.00690839 2.44141e-05

0.00690918 2.53659e-05
0.00693359 2.65458e-05

0.00693359 2.65959e-05
0.00695801 2.62257e-05

0.00695801 2.58658e-05
0.00698242 2.4565e-05

0.00698242 2.26018e-05
0.00700684 2.40152e-05

0.00698674 2.44141e-05
0.00700684 2.56306e-05

0.00700684 2.42029e-05
0.00701628 2.44141e-05

0.00700684 2.79659e-05
0.00703125 2.8282e-05

0.00625 0.000932475
0.00627441 0.000932193

0.00627441 0.000932193
0.00629883 0.000931908

0.00629883 0.000931909
0.00632324 0.000931621

0.00632324 0.000931621
0.00634766 0.00093133

0.00634766 0.00093133
0.00637207 0.000931035

0.00637207 0.000931035
0.00639648 0.000930736

0.00639648 0.000930736
0.0064209 0.000930433

0.0064209 0.000930433
0.00644531 0.000930125

0.00644531 0.000930125
0.00646973 0.000929813

0.00646973 0.000929813
0.00649414 0.000929495

0.00649414 0.000929495
0.00651855 0.000929173

0.00651855 0.000929173
0.00654297 0.000928845

0.00654297 0.000928845
0.00656738 0.000928512

0.00656738 0.000928512
0.0065918 0.000928174

0.00664063 0.000927475
0.00662248 0.000927734

0.0065918 0.000928174
0.00661621 0.000927828

0.00661621 0.000927829
0.00662276 0.000927734

0.00664062 0.000927472
0.00668945 0.000926753

0.00668945 0.000926753
0.00673828 0.00092602

0.00673828 0.00092602
0.00678711 0.000925273

0.00678711 0.000925272
0.00683594 0.000924512

0.00683594 0.000924511
0.00688477 0.000923744

0.00688477 0.000923742
0.00693359 0.000922974

0.00693359 0.000922972
0.00698242 0.00092221

0.00698242 0.000922208
0.00703125 0.000921461

0.00705566 2.30237e-05
0.00703299 2.44141e-05

0.00703125 2.58555e-05
0.00705404 2.44141e-05

0.00705566 2.42773e-05
0.00705791 2.44141e-05

0.00705566 2.44775e-05
0.00708008 2.56435e-05

0.00708008 2.66698e-05
0.00710449 2.68764e-05

0.00710449 2.57703e-05
0.00712891 2.51645e-05

0.00712891 2.51047e-05
0.00715332 2.6018e-05

0.00715332 2.75033e-05
0.00717773 2.70847e-05

0.00717773 2.51767e-05
0.00719758 2.44141e-05

0.00720215 2.51256e-05
0.00722656 2.57099e-05

0.00722656 2.57615e-05
0.00725098 2.60235e-05

0.00725098 2.59751e-05
0.00727539 2.59086e-05

0.00727539 2.58007e-05
0.0072998 2.57183e-05

0.0072998 2.56433e-05
0.00732422 2.59107e-05

0.00732422 2.5977e-05
0.00734863 2.66115e-05

0.00734863 2.67025e-05
0.00737305 2.73897e-05

0.00737305 2.7393e-05
0.00739746 2.79444e-05

0.00739746 2.79391e-05
0.00742188 2.83588e-05

0.00742188 2.83469e-05
0.00744629 2.86696e-05

0.00744629 2.86668e-05
0.0074707 2.89222e-05

0.0074707 2.89182e-05
0.00749512 2.91198e-05

0.00749512 2.91154e-05
0.00751953 2.92799e-05

0.00751953 2.92768e-05
0.00754395 2.94193e-05

0.00754395 2.94173e-05
0.00756836 2.9548e-05

0.00756836 2.95469e-05
0.00759277 2.96718e-05

0.00759277 2.96713e-05
0.00761719 2.97936e-05

0.00761719 2.97935e-05
0.0076416 2.99141e-05

0.0076416 2.99142e-05
0.00766602 3.00335e-05

0.00766602 3.00335e-05
0.00769043 3.01514e-05

0.00769043 3.01514e-05
0.00771484 3.02677e-05

0.00771484 3.02677e-05
0.00773926 3.03822e-05

0.00773926 3.03822e-05
0.00776367 3.04951e-05

0.00776367 3.04951e-05
0.00778809 3.06065e-05

0.00778809 3.06065e-05
0.0078125 3.07164e-05

0.00703125 0.000921458
0.00708008 0.000920736

0.00708008 0.000920733
0.00712891 0.000920047

0.00712891 0.000920043
0.00717773 0.000919405

0.00717773 0.000919402
0.00722656 0.000918823

0.00722656 0.00091882
0.00727539 0.000918315

0.00727539 0.000918312
0.00732422 0.000917892

0.00732422 0.000917889
0.00737305 0.000917566

0.00737305 0.000917563
0.00742188 0.00091735

0.00742187 0.000917348
0.0074707 0.000917254

0.0074707 0.000917252
0.00751953 0.000917288

0.00751953 0.000917286
0.00756836 0.00091746

0.00756836 0.000917458
0.00761719 0.000917778

0.00761719 0.000917777
0.00766602 0.000918249

0.00766602 0.000918248
0.00771484 0.000918879

0.00771484 0.000918878
0.00776367 0.000919675

0.00776367 0.000919673
0.0078125 0.00092064

0.0078125 3.07164e-05
0.00783691 3.08252e-05

0.00783691 3.08251e-05
0.00786133 3.09328e-05

0.00786133 3.09328e-05
0.00788574 3.10397e-05

0.00788574 3.10396e-05
0.00791016 3.11459e-05

0.00791016 3.11459e-05
0.00793457 3.12518e-05

0.00793457 3.12517e-05
0.00795898 3.13574e-05

0.00795898 3.13574e-05
0.0079834 3.14631e-05

0.0079834 3.14631e-05
0.00800781 3.15689e-05

0.00800781 3.15689e-05
0.00803223 3.1675e-05

0.00803223 3.1675e-05
0.00805664 3.17816e-05

0.00805664 3.17816e-05
0.00808105 3.18887e-05

0.00808105 3.18887e-05
0.00810547 3.19964e-05

0.00810547 3.19964e-05
0.00812988 3.21048e-05

0.00812988 3.21048e-05
0.0081543 3.22141e-05

0.0081543 3.2214e-05
0.00817871 3.23242e-05

0.00817871 3.23242e-05
0.00820313 3.24353e-05

0.00820313 3.24352e-05
0.00822754 3.25475e-05

0.00822754 3.25474e-05
0.00825195 3.2661e-05

0.00825195 3.26609e-05
0.00827637 3.27759e-05

0.00827637 3.27759e-05
0.00830078 3.28927e-05

0.00830078 3.28926e-05
0.0083252 3.30115e-05

0.0083252 3.30114e-05
0.00834961 3.31327e-05

0.00834961 3.31326e-05
0.00837402 3.32569e-05

0.00837402 3.32567e-05
0.00839844 3.33844e-05

0.00839844 3.33843e-05
0.00842285 3.35159e-05

0.00842285 3.35157e-05
0.00844727 3.36518e-05

0.00844727 3.36516e-05
0.00847168 3.37926e-05

0.00847168 3.37925e-05
0.00849609 3.3939e-05

0.00849609 3.39389e-05
0.00852051 3.40914e-05

0.00852051 3.40913e-05
0.00854492 3.42502e-05

0.00854492 3.42501e-05
0.00856934 3.44159e-05

0.00856934 3.44158e-05
0.00859375 3.45887e-05

0.0078125 0.000920639
0.00786133 0.000921781

0.00786133 0.00092178
0.00791016 0.000923103

0.00791016 0.000923101
0.00795898 0.00092461

0.00795898 0.000924609
0.00800781 0.00092631

0.00800781 0.000926314
0.00804448 0.000927734

0.00804467 0.000927734
0.00805664 0.000928208

0.00805664 0.000928211
0.00808105 0.000929227

0.00808105 0.000929228
0.00810547 0.0009303

0.00810547 0.0009303
0.00812988 0.000931425

0.00812988 0.000931425
0.0081543 0.000932602

0.0081543 0.000932602
0.00817871 0.000933832

0.00817871 0.000933832
0.00820313 0.000935115

0.00820313 0.000935115
0.00822754 0.000936452

0.00822754 0.000936452
0.00825195 0.000937844

0.00825195 0.000937844
0.00827637 0.000939292

0.00827637 0.000939292
0.00830078 0.000940796

0.00830078 0.000940795
0.0083252 0.000942357

0.0083252 0.000942358
0.00834961 0.000943978

0.00834961 0.000943978
0.00837402 0.000945658

0.00837402 0.000945658
0.00839844 0.000947398

0.00839844 0.000947398
0.00842285 0.000949199

0.00842285 0.0009492
0.00844727 0.00095106

0.00844727 0.00095106
0.00846109 0.000952148

0.00846114 0.000952148
0.00847168 0.000952978

0.00847168 0.000952979
0.00849609 0.000954967

0.00849609 0.000954967
0.00852051 0.000957022

0.00852051 0.000957023
0.00854492 0.000959143

0.00854492 0.000959144
0.00856934 0.000961328

0.00856934 0.000961328
0.00859375 0.000963576

0.00859375 3.45887e-05
0.00861816 3.47689e-05

0.00861816 3.47689e-05
0.00864258 3.49566e-05

0.00864258 3.49567e-05
0.00866699 3.51518e-05

0.00866699 3.51518e-05
0.00869141 3.53542e-05

0.00869141 3.53543e-05
0.00871582 3.55636e-05

0.00871582 3.55637e-05
0.00874023 3.57797e-05

0.00874023 3.57798e-05
0.00876465 3.6002e-05

0.00876465 3.60021e-05
0.00878906 3.623e-05

0.00878906 3.62301e-05
0.00881348 3.64632e-05

0.00881348 3.64633e-05
0.00883789 3.6701e-05

0.00883789 3.67011e-05
0.0088623 3.69429e-05

0.0088623 3.69431e-05
0.00888672 3.71882e-05

0.00888672 3.71884e-05
0.00891113 3.74362e-05

0.00891113 3.74364e-05
0.00893555 3.76862e-05

0.00893555 3.76864e-05
0.00895996 3.79373e-05

0.00895996 3.79375e-05
0.00898437 3.81886e-05

0.00898438 3.81889e-05
0.00900879 3.84393e-05

0.00900879 3.84396e-05
0.0090332 3.86882e-05

0.0090332 3.86885e-05
0.00905762 3.89341e-05

0.00905762 3.89344e-05
0.00908203 3.91756e-05

0.00908203 3.9176e-05
0.00910645 3.94113e-05

0.00910645 3.94118e-05
0.00913086 3.96397e-05

0.00913086 3.96402e-05
0.00915527 3.98589e-05

0.00915527 3.98594e-05
0.00917969 4.0067e-05

0.00917969 4.00675e-05
0.0092041 4.02618e-05

0.0092041 4.02625e-05
0.00922852 4.04409e-05

0.00922852 4.04419e-05
0.00925293 4.06012e-05

0.00925293 4.06026e-05
0.00927734 4.07378e-05

0.00927734 4.07381e-05
0.00930176 4.08457e-05

0.00930176 4.08469e-05
0.00932617 4.09237e-05

0.00932617 4.09236e-05
0.00935059 4.09673e-05

0.00935059 4.09676e-05
0.009375 4.09775e-05

0.00859375 0.000963576
0.00861816 0.000965886

0.00861816 0.000965886
0.00864258 0.000968259

0.00864258 0.000968259
0.00866699 0.000970694

0.00866699 0.000970695
0.00869141 0.000973191

0.00869141 0.000973191
0.00871582 0.000975745

0.00871582 0.000975748
0.00872343 0.000976562

0.00872348 0.000976562
0.00874023 0.000978357

0.00874023 0.000978359
0.00876465 0.000981034

0.00876465 0.000981036
0.00878906 0.00098377

0.00878906 0.000983771
0.00881348 0.000986558

0.00881348 0.000986558
0.00883789 0.000989393

0.00883789 0.000989394
0.0088623 0.000992274

0.0088623 0.000992275
0.00888672 0.000995197

0.00888672 0.000995198
0.00891113 0.000998155

0.00891113 0.000998154
0.00893419 0.00100098

0.0089342 0.00100098
0.00893555 0.00100114

0.00893555 0.00100114
0.00895996 0.00100417

0.00895996 0.00100416
0.00898437 0.00100723

0.00898437 0.00100725
0.0090332 0.00101338

0.0090332 0.00101341
0.00908203 0.00101949

0.00908203 0.00101951
0.0091305 0.00102539

0.00913052 0.00102539
0.00913086 0.00102543

0.00913086 0.00102543
0.00915527 0.00102832

0.00915527 0.00102832
0.00917969 0.00103115

0.00917969 0.00103116
0.0092041 0.00103391

0.0092041 0.00103391
0.00922852 0.00103658

0.00922852 0.00103658
0.00925293 0.00103914

0.00925293 0.00103914
0.00927734 0.00104159

0.00927734 0.0010416
0.00930176 0.00104392

0.00930176 0.00104392
0.00932617 0.00104611

0.00932617 0.00104611
0.00935059 0.00104815

0.00935059 0.00104816
0.00937211 0.0010498

0.00937212 0.0010498
0.009375 0.00105003

0.009375 4.09778e-05
0.00939941 4.09526e-05

0.00939941 4.09526e-05
0.00942383 4.08919e-05

0.00942383 4.08918e-05
0.00944824 4.07957e-05

0.00944824 4.07956e-05
0.00947266 4.06646e-05

0.00947266 4.06643e-05
0.00949707 4.04992e-05

0.00949707 4.04991e-05
0.00952148 4.03007e-05

0.00952148 4.03003e-05
0.0095459 4.00695e-05

0.0095459 4.00694e-05
0.00957031 3.98071e-05

0.00957031 3.9807e-05
0.00959473 3.95135e-05

0.00959473 3.95135e-05
0.00961914 3.91891e-05

0.00961914 3.91888e-05
0.00964355 3.88343e-05

0.00964355 3.88342e-05
0.00966797 3.84505e-05

0.00966797 3.84497e-05
0.00969238 3.80388e-05

0.00969238 3.80383e-05
0.0097168 3.76027e-05

0.0097168 3.76007e-05
0.00974121 3.71455e-05

0.00974121 3.7144e-05
0.00976562 3.66761e-05

0.00976563 3.6672e-05
0.00979004 3.62024e-05

0.00979004 3.61991e-05
0.00981445 3.57426e-05

0.00981445 3.57356e-05
0.00983887 3.53127e-05

0.00983887 3.53054e-05
0.00986328 3.49447e-05

0.00986328 3.49309e-05
0.0098877 3.46746e-05

0.0098877 3.46552e-05
0.00991211 3.45695e-05

0.00991211 3.45428e-05
0.00993652 3.47199e-05

0.00993652 3.46857e-05
0.00996094 3.52471e-05

0.00996094 3.5206e-05
0.00998535 3.63022e-05

0.00998535 3.62564e-05
0.0100098 3.80611e-05

0.0100098 3.80153e-05
0.0100342 4.07118e-05

0.0100342 4.06731e-05
0.0100586 4.44304e-05

0.0100586 4.44082e-05
0.0100804 4.88281e-05

0.0100805 4.88281e-05
0.010083 4.93409e-05

0.010083 4.93367e-05
0.0101074 5.55334e-05

0.0101074 5.54994e-05
0.0101318 6.30436e-05

0.0101318 6.29944e-05
0.0101563 7.20526e-05

0.009375 0.00105003
0.00939941 0.00105172

0.00939941 0.00105172
0.00942383 0.00105322

0.00942383 0.00105322
0.00944824 0.00105452

0.00944824 0.00105452
0.00947266 0.00105559

0.00947266 0.0010556
0.00949707 0.00105643

0.00949707 0.00105643
0.00952148 0.00105701

0.00952148 0.00105702
0.0095459 0.00105733

0.0095459 0.00105733
0.00957031 0.00105735

0.00957031 0.00105736
0.00959473 0.00105707

0.00959473 0.00105708
0.00961914 0.00105647

0.00961914 0.00105648
0.00964355 0.00105553

0.00964355 0.00105553
0.00966797 0.00105422

0.00966797 0.00105423
0.00969238 0.00105254

0.00969238 0.00105255
0.0097168 0.00105045

0.00974121 0.00104795
0.00972316 0.0010498

0.0097168 0.00105046
0.00972315 0.0010498

0.00974121 0.00104796
0.00976562 0.00104501

0.00976563 0.00104501
0.00979004 0.0010416

0.00979004 0.0010416
0.00981445 0.00103769

0.00981445 0.0010377
0.00983887 0.00103327

0.00983887 0.00103328
0.00986328 0.00102828

0.00991211 0.00101668
0.00987596 0.00102539

0.00986328 0.00102836
0.00987627 0.00102539

0.00991211 0.00101658
0.00993652 0.00100979

0.00993652 0.00100979
0.00996094 0.00100227

0.0100342 0.000975175
0.0100307 0.000976562

0.0100342 0.000975242
0.0100586 0.000964527

0.0100586 0.000964567
0.010083 0.000952885

0.0101074 0.000940158
0.0100844 0.000952148

0.010083 0.00095289
0.0100844 0.000952148

0.0101318 0.000926174
0.0101291 0.000927734

0.0101318 0.000926348
0.0101563 0.000911206

0.0101074 0.000940232
0.0101294 0.000927734

0.00998535 0.000994028
0.00996477 0.00100098

0.00996094 0.00100228
0.00996479 0.00100098

0.00998535 0.000994046
0.0100098 0.000985048

0.0100098 0.000985081
0.0100309 0.000976562

0.0101563 7.1767e-05
0.0101596 7.32422e-05

0.0101589 7.32422e-05
0.0101807 8.27857e-05

0.0101807 8.26947e-05
0.0102051 9.52405e-05

0.0102051 9.51551e-05
0.0102093 9.76563e-05

0.0102101 9.76563e-05
0.0102539 0.000126275

0.0102539 0.000126587
0.0102783 0.000146186

0.0102783 0.000145987
0.0102789 0.000146484

0.0102788 0.000146484
0.0103027 0.000168986

0.0103027 0.000168772
0.0103266 0.000195313

0.0103267 0.000195313
0.0103516 0.000229771

0.0103516 0.000229651
0.0103611 0.000244141

0.0103609 0.000244141
0.0103746 0.000268555

0.0103746 0.000268555
0.010376 0.000271513

0.010376 0.000271568
0.0103863 0.000292969

0.0103867 0.000292969
0.0104004 0.000329619

0.0104004 0.00032995
0.0104048 0.000341797

0.0104048 0.000341797
0.0104164 0.000390625

0.0103516 0.000713484
0.0103398 0.000732422

0.0103271 0.000750615
0.0103228 0.000756836

0.0103229 0.000756836
0.0103038 0.00078125

0.0103271 0.000750643
0.0103399 0.000732422

0.0104163 0.000390625
0.010422 0.000439453

0.0104217 0.000439453
0.0104224 0.000463867

0.0104224 0.000463867
0.0104219 0.000488281

0.0104219 0.000488281
0.01042 0.000512695

0.01042 0.000512695
0.0104167 0.000537109

0.0104167 0.000537109
0.0104121 0.000561523

0.0104121 0.000561523
0.0104062 0.000585937

0.0104004 0.000604814
0.0103905 0.000634766

0.010376 0.000667583
0.0103683 0.000683594

0.0103902 0.000634766
0.01038 0.00065918

0.010376 0.000667625
0.01038 0.00065918

0.0104004 0.000605608
0.0104063 0.000585938

0.0103683 0.000683594
0.0103549 0.000708008

0.0103516 0.000713557
0.0103549 0.000708008

0.0102051 0.000876381
0.0102017 0.000878906

0.0102051 0.000876744
0.0102295 0.000856771

0.0102539 0.000834755
0.0102321 0.000854492

0.0102295 0.000856796
0.0102322 0.000854492

0.0101807 0.000894667
0.0101679 0.00090332

0.0101563 0.000911303
0.0101681 0.00090332

0.0101807 0.00089485
0.0102021 0.000878906

0.0102783 0.000810113
0.0102588 0.000830078

0.0103027 0.000782562
0.0102826 0.000805664

0.0102783 0.000810214
0.0102826 0.000805664

0.0102539 0.000834773
0.0102588 0.000830078

0.0103027 0.000782607
0.0103039 0.00078125

