7.14569e-05 0
7.32422e-05 5.19451e-06

7.42035e-05 0
9.66618e-05 2.44141e-05

9.76563e-05 1.40469e-05
0.00012207 1.45508e-05

0.00012207 1.35525e-05
0.000146484 1.16299e-05

0.000146484 1.29703e-05
0.000170898 1.28762e-05

0.000170898 1.28449e-05
0.000195313 1.22065e-05

0.000195313 1.24599e-05
0.000219727 1.25069e-05

0.000219727 1.24501e-05
0.000244141 1.26655e-05

0.000244141 1.2511e-05
0.000268555 1.27512e-05

0.000268555 1.26004e-05
0.000292969 1.28467e-05

0.000292969 1.27158e-05
0.000317383 1.28886e-05

0.000317383 1.2809e-05
0.000341797 1.28795e-05

0.000341797 1.28264e-05
0.000366211 1.2877e-05

0.000366211 1.28761e-05
0.000390625 1.28835e-05

0.000390625 1.27639e-05
0.000439453 1.3136e-05

0.000439453 1.28384e-05
0.000488281 1.31561e-05

0.000488281 1.29045e-05
0.000537109 1.32209e-05

0.000537109 1.29834e-05
0.000561523 1.30615e-05

0.000561523 1.30356e-05
0.000585937 1.33598e-05

0.000585938 1.32943e-05
0.000610352 1.3217e-05

0.000610352 1.31975e-05
0.000634766 1.30862e-05

0.000634766 1.30633e-05
0.00065918 1.32877e-05

0.00065918 1.33413e-05
0.000683594 1.32659e-05

0.000683594 1.32739e-05
0.000708008 1.29683e-05

0.000708008 1.30788e-05
0.000732422 1.30893e-05

0.000732422 1.31013e-05
0.000756836 1.31561e-05

0.000756836 1.31987e-05
0.00078125 1.3048e-05

0.00078125 1.31453e-05
0.000805664 1.28965e-05

0.000805664 1.29709e-05
0.000830078 1.29217e-05

0.000830078 1.29973e-05
0.000854492 1.29749e-05

0.000854492 1.2988e-05
0.000878906 1.28729e-05

0.000878906 1.29366e-05
0.00090332 1.28727e-05

0.00090332 1.29392e-05
0.000927734 1.28315e-05

0.000927734 1.2892e-05
0.000952148 1.27659e-05

0.000952148 1.28443e-05
0.000976562 1.27496e-05

0.000976562 1.28352e-05
0.00100098 1.26903e-05

0.00100098 1.27484e-05
0.00102539 1.26436e-05

0.00102539 1.27924e-05
0.0010498 1.25876e-05

0.0010498 1.25783e-05
0.00107422 1.25306e-05

0.00107422 1.28696e-05
0.00109863 1.24447e-05

0.00109863 1.28948e-05
0.00112305 1.16324e-05

0.00112305 1.14889e-05
0.00114746 1.21363e-05

0.00114746 1.27142e-05
0.00117187 1.26719e-05

0.00117188 1.26508e-05
0.00119629 1.0918e-05

0.00119629 1.10204e-05
0.0012207 1.21028e-05

0.0012207 1.18957e-05
0.00124512 1.30738e-05

0.00124512 1.22606e-05
0.00126953 1.24351e-05

0.00126953 1.22134e-05
0.00129395 1.29932e-05

0.00129395 1.27352e-05
0.00131836 1.30346e-05

0.00131836 1.23344e-05
0.00134277 1.32909e-05

0.00134277 1.34334e-05
0.00136719 1.36965e-05

0.0013916 6.88285e-07
0.00136812 2.44141e-05

0.0013916 5.05187e-06
0.00139333 0

0.00146284 0
0.00146484 5.83926e-06

0.00146484 2.76109e-06
0.001486 2.44141e-05

0.0014876 2.44141e-05
0.00148926 2.49776e-05

0.00148926 1.53021e-05
0.00151367 1.67694e-05

0.0015126 2.44141e-05
0.00151367 2.44415e-05

0.00151367 1.6691e-05
0.00153809 1.5926e-05

0.0015625 3.17877e-06
0.00154167 2.44141e-05

0.00153809 2.5152e-05
0.00154026 2.44141e-05

0.000390625 0.00312225
0.000296106 0.003125

0.000390625 0.00312235
0.00078125 0.00308798

0.00078125 0.00308876
0.00117187 0.00302946

0.00117187 0.00302803
0.00136719 0.00298835

0.00136719 0.00298848
0.0015625 0.00294139

0.0015625 6.08357e-06
0.00156459 0

0.00165557 0
0.00166016 1.09977e-05

0.00166016 1.06519e-05
0.00167605 2.44141e-05

0.00167507 2.44141e-05
0.00168457 2.76245e-05

0.00168457 1.75993e-05
0.00170898 1.74247e-05

0.00168457 2.44766e-05
0.00170109 2.44141e-05

0.0017334 1.01787e-05
0.00171746 2.44141e-05

0.00170898 2.76035e-05
0.00171823 2.44141e-05

0.0017334 9.10118e-06
0.0017371 0

0.00179902 0
0.00180664 1.5646e-05

0.00180664 1.03394e-05
0.00183105 1.08216e-05

0.00183105 7.18829e-06
0.00184882 0

0.00185766 0
0.00187988 1.63538e-05

0.00187988 6.79649e-06
0.0019043 1.15105e-05

0.0019043 8.40243e-06
0.00192871 1.10526e-05

0.00192871 9.25097e-06
0.00195312 1.18913e-05

0.00195312 9.20115e-06
0.00197754 1.32904e-05

0.00197754 1.37881e-05
0.00200195 1.25146e-05

0.00200195 1.6307e-05
0.00202637 4.51677e-06

0.00202637 5.01961e-06
0.00205078 8.21438e-06

0.00205078 8.4575e-06
0.0020752 1.54729e-05

0.0020752 9.31191e-06
0.00209961 1.17957e-05

0.00209961 1.36798e-05
0.00212402 1.34125e-05

0.00212402 1.31387e-05
0.00214844 7.61847e-06

0.00214844 7.18059e-06
0.00217285 1.32045e-05

0.00217285 1.40519e-05
0.00219727 1.40794e-05

0.00219727 1.32649e-05
0.00222168 7.1567e-06

0.00222168 7.09684e-06
0.00224609 1.35594e-05

0.00224609 1.42686e-05
0.00227051 1.41036e-05

0.00227051 1.40559e-05
0.00229492 6.37994e-06

0.00229492 7.19951e-06
0.00231934 1.19127e-05

0.00231934 1.03238e-05
0.00234375 1.55521e-05

0.00234375 1.55713e-05
0.00236816 1.04576e-05

0.00236816 1.25607e-05
0.00239258 6.54031e-06

0.00239258 6.55303e-06
0.00241699 1.26202e-05

0.00241699 1.04399e-05
0.00244141 1.55748e-05

0.00244141 1.55686e-05
0.00246582 1.04185e-05

0.00246582 1.25358e-05
0.00249023 6.64631e-06

0.00249023 6.65121e-06
0.00251465 1.26123e-05

0.00251465 1.04724e-05
0.00253906 1.55223e-05

0.00253906 1.55163e-05
0.00256348 1.04502e-05

0.00256348 1.25104e-05
0.00258789 6.76113e-06

0.00258789 6.75729e-06
0.0026123 1.26242e-05

0.0026123 1.05978e-05
0.00263672 1.54053e-05

0.00263672 1.5357e-05
0.00266113 1.04009e-05

0.00266113 1.18335e-05
0.00268555 7.60853e-06

0.00268555 6.78234e-06
0.00270996 1.40454e-05

0.00270996 1.40734e-05
0.00273438 1.42344e-05

0.00273437 1.40653e-05
0.00275879 6.97881e-06

0.00275879 7.79187e-06
0.0027832 1.18083e-05

0.0027832 1.05551e-05
0.00280762 1.52054e-05

0.00280762 1.51969e-05
0.00283203 1.05538e-05

0.00283203 1.18814e-05
0.00285645 7.73741e-06

0.00285645 7.01081e-06
0.00288086 1.38809e-05

0.00288086 1.39026e-05
0.00290527 1.41026e-05

0.00290527 1.32911e-05
0.00292969 7.86832e-06

0.00292969 8.25543e-06
0.0029541 1.29714e-05

0.0029541 1.33841e-05
0.00297852 1.36094e-05

0.00297852 1.19023e-05
0.00300293 9.62218e-06

0.00300293 9.88029e-06
0.00302734 1.41835e-05

0.00302734 1.26027e-05
0.00305176 1.46132e-05

0.00305176 1.30737e-05
0.00307617 1.38848e-05

0.00307617 1.35883e-05
0.00310059 1.48408e-05

0.00310059 1.40035e-05
0.003125 1.48823e-05

0.00175781 0.00288649
0.00160511 0.00292969

0.0015625 0.00294125
0.00160337 0.00292969

0.00175781 0.00288667
0.00195312 0.00282218

0.00234375 0.00266153
0.00217943 0.00273438

0.00195313 0.00282173
0.00205078 0.00278573

0.00205078 0.00278567
0.00214844 0.00274695

0.00214844 0.00274732
0.00217885 0.00273438

0.00292969 0.00230702
0.00287992 0.00234375

0.003125 0.00214146
0.00311747 0.00214844

0.00302734 0.00222825
0.00300567 0.00224609

0.00297852 0.00226736
0.00294375 0.00229492

0.00292969 0.00230648
0.00294446 0.00229492

0.00297852 0.00226681
0.00300427 0.00224609

0.00302734 0.00222825
0.00311704 0.00214844

0.00244141 0.00261294
0.00239318 0.00263672

0.00234375 0.00266072
0.00239242 0.00263672

0.00244141 0.00261284
0.00253906 0.0025609

0.00273438 0.00244525
0.00257835 0.00253906

0.00253906 0.00256123
0.00257764 0.00253906

0.00283203 0.00237843
0.00273888 0.00244141

0.00273438 0.00244334
0.00273736 0.00244141

0.00283203 0.00237782
0.00287884 0.00234375

0 0.0031335
0.000292781 0.003125

0.003125 1.4403e-05
0.00314941 1.54184e-05

0.00314941 1.47609e-05
0.00317383 1.57756e-05

0.00317383 1.52574e-05
0.00319824 1.62599e-05

0.00319824 1.58114e-05
0.00322266 1.64476e-05

0.00322266 1.58322e-05
0.00324707 1.68027e-05

0.00324707 1.6468e-05
0.00327148 1.75337e-05

0.00327148 1.66322e-05
0.0032959 1.79705e-05

0.0032959 1.7622e-05
0.00332031 1.89334e-05

0.00332031 1.81745e-05
0.00334473 1.90228e-05

0.00334473 1.90496e-05
0.00336914 1.92025e-05

0.00336914 1.29127e-05
0.00339321 2.44141e-05

0.00339219 2.44141e-05
0.00339355 2.49326e-05

0.00339355 2.62302e-05
0.00341797 4.81075e-05

0.00341735 4.88281e-05
0.00341797 4.94667e-05

0.00341797 4.96539e-05
0.00344018 7.32422e-05

0.00344054 7.32422e-05
0.00344238 7.52415e-05

0.00344238 7.56663e-05
0.0034621 9.76563e-05

0.00346272 9.76563e-05
0.0034668 0.000102439

0.0034668 0.000103312
0.00348262 0.00012207

0.00348258 0.00012207
0.00349121 0.000132917

0.00349121 0.000132504
0.00350225 0.000146484

0.00350265 0.000146484
0.00351563 0.000164371

0.00351563 0.000164762
0.00352001 0.000170898

0.00352032 0.000170898
0.00353751 0.000195313

0.00353793 0.000195313
0.00356445 0.000236371

0.00356445 0.000237338
0.00356868 0.000244141

0.00356926 0.000244141
0.00359722 0.000292969

0.00359769 0.000292969
0.00361328 0.000325336

0.00361328 0.000325369
0.0036216 0.000341797

0.00362173 0.000341797
0.00364368 0.000390625

0.00364432 0.000390625
0.00368064 0.000488281

0.00368036 0.000488281
0.00370712 0.000585938

0.00370729 0.000585938
0.00371094 0.000610106

0.00371094 0.000607415
0.00372507 0.000683594

0.00372469 0.000683594
0.00373526 0.00078125

0.00371094 0.00115437
0.00370839 0.00117188

0.00373721 0.00078125
0.0037369 0.000976562

0.00371094 0.00115326
0.0037366 0.000976562

0.00370822 0.00117187
0.00365242 0.00136719

0.00361328 0.00146315
0.00361262 0.00146484

0.00361268 0.00146484
0.00356719 0.0015625

0.00361328 0.00146315
0.00365083 0.00136719

0.00332031 0.00193474
0.00330525 0.00195312

0.00351563 0.00165485
0.00345524 0.00175781

0.00341797 0.00180776
0.00338399 0.00185547

0.00332031 0.00193467
0.00338405 0.00185547

0.00341797 0.00180783
0.00345323 0.00175781

0.00322266 0.00204465
0.00321681 0.00205078

0.003125 0.00214148
0.00321686 0.00205078

0.00322266 0.00204462
0.00330561 0.00195313

0.00351563 0.00165772
0.00356733 0.0015625

