7.14935e-05 0
7.32422e-05 5.09189e-06

7.45679e-05 0
9.66399e-05 2.44141e-05

9.76563e-05 1.42012e-05
0.00012207 1.47459e-05

0.00012207 1.36491e-05
0.000146484 1.12507e-05

0.000146484 1.26692e-05
0.000170898 1.28631e-05

0.000170898 1.25848e-05
0.000195313 1.25828e-05

0.000195313 1.27558e-05
0.000219727 1.27736e-05

0.000219727 1.26124e-05
0.000244141 1.25797e-05

0.000244141 1.26694e-05
0.000268555 1.28148e-05

0.000268555 1.27034e-05
0.000292969 1.26904e-05

0.000292969 1.26278e-05
0.000317383 1.28382e-05

0.000317383 1.27467e-05
0.000341797 1.29402e-05

0.000341797 1.28611e-05
0.000366211 1.28759e-05

0.000366211 1.28741e-05
0.000390625 1.28336e-05

0.000390625 1.27375e-05
0.000439453 1.31478e-05

0.000439453 1.28781e-05
0.000488281 1.31341e-05

0.000488281 1.30949e-05
0.000512695 1.30141e-05

0.000512695 1.30487e-05
0.000537109 1.29764e-05

0.000537109 1.28504e-05
0.000561523 1.31558e-05

0.000561523 1.3058e-05
0.000585937 1.34027e-05

0.000585938 1.32973e-05
0.000610352 1.32051e-05

0.000610352 1.32361e-05
0.000634766 1.30914e-05

0.000634766 1.30986e-05
0.00065918 1.31954e-05

0.00065918 1.32425e-05
0.000683594 1.32243e-05

0.000683594 1.32e-05
0.000708008 1.30677e-05

0.000708008 1.31259e-05
0.000732422 1.31506e-05

0.000732422 1.32432e-05
0.00078125 1.28766e-05

0.00078125 1.30162e-05
0.000805664 1.30377e-05

0.000805664 1.30245e-05
0.000830078 1.29427e-05

0.000830078 1.30336e-05
0.000854492 1.29042e-05

0.000854492 1.29328e-05
0.000878906 1.28513e-05

0.000878906 1.2966e-05
0.00090332 1.28567e-05

0.00090332 1.28639e-05
0.000927734 1.27665e-05

0.000927734 1.28783e-05
0.000952148 1.28077e-05

0.000952148 1.28234e-05
0.000976562 1.27081e-05

0.000976562 1.28042e-05
0.00100098 1.27209e-05

0.00100098 1.27505e-05
0.00102539 1.2665e-05

0.00102539 1.28244e-05
0.0010498 1.25819e-05

0.0010498 1.25687e-05
0.00107422 1.25113e-05

0.00107422 1.29074e-05
0.00109863 1.24197e-05

0.00109863 1.28346e-05
0.00112305 1.15784e-05

0.00112305 1.14615e-05
0.00114746 1.21882e-05

0.00114746 1.27405e-05
0.00117187 1.26359e-05

0.00117188 1.24599e-05
0.00119629 1.105e-05

0.00119629 1.11719e-05
0.0012207 1.23579e-05

0.0012207 1.21239e-05
0.00124512 1.29346e-05

0.00124512 1.23072e-05
0.00126953 1.23103e-05

0.00126953 1.22159e-05
0.00129395 1.28467e-05

0.00129395 1.23183e-05
0.00131836 1.31623e-05

0.00131836 1.29548e-05
0.00134277 1.32864e-05

0.00134277 1.2606e-05
0.00136719 1.33451e-05

0.0013916 2.18038e-06
0.00136797 2.44141e-05

0.0013916 6.07768e-06
0.00139371 0

0.00146298 0
0.00146484 5.45489e-06

0.00146484 2.75406e-06
0.00148594 2.44141e-05

0.00148696 2.44141e-05
0.00148926 2.52009e-05

0.00148926 1.53904e-05
0.00151367 1.6708e-05

0.00151205 2.44141e-05
0.00151367 2.4451e-05

0.00151367 1.65526e-05
0.00153809 1.58597e-05

0.00151367 2.44382e-05
0.00151576 2.44141e-05

0.0015625 3.31979e-06
0.00154169 2.44141e-05

0.00153809 2.54191e-05
0.00154107 2.44141e-05

0.000390625 0.00312216
0.000293112 0.003125

0.000390625 0.00312226
0.00078125 0.00308785

0.00078125 0.00308674
0.000976562 0.00306064

0.000976562 0.00306062
0.00117188 0.00302786

0.00117187 0.003028
0.00136719 0.00298836

0.00136719 0.00298849
0.0015625 0.00294141

0.0015625 6.06809e-06
0.00156458 0

0.00165557 0
0.00166016 1.10132e-05

0.00166016 1.06694e-05
0.00167604 2.44141e-05

0.00167496 2.44141e-05
0.00168457 2.76601e-05

0.00168457 1.76064e-05
0.00170898 1.74007e-05

0.00168457 2.44829e-05
0.00169941 2.44141e-05

0.0017334 1.01662e-05
0.00171744 2.44141e-05

0.00170898 2.75853e-05
0.00171819 2.44141e-05

0.0017334 9.14218e-06
0.00173712 0

0.00179887 0
0.00180664 1.57976e-05

0.00180664 1.05331e-05
0.00183105 1.06256e-05

0.00183105 7.05201e-06
0.00184868 0

0.00185768 0
0.00187988 1.64753e-05

0.00187988 6.83666e-06
0.0019043 1.14513e-05

0.0019043 8.39171e-06
0.00192871 1.10646e-05

0.00192871 9.25647e-06
0.00195312 1.18908e-05

0.00195312 9.1996e-06
0.00197754 1.32865e-05

0.00197754 1.37822e-05
0.00200195 1.25224e-05

0.00200195 1.63032e-05
0.00202637 4.53292e-06

0.00202637 5.0063e-06
0.00205078 8.24468e-06

0.00205078 8.57147e-06
0.0020752 1.54184e-05

0.0020752 9.24166e-06
0.00209961 1.16901e-05

0.00209961 1.35583e-05
0.00212402 1.35389e-05

0.00212402 1.32166e-05
0.00214844 7.68964e-06

0.00214844 7.23282e-06
0.00217285 1.31278e-05

0.00217285 1.40275e-05
0.00219727 1.41031e-05

0.00219727 1.3355e-05
0.00222168 7.10577e-06

0.00222168 7.02104e-06
0.00224609 1.34695e-05

0.00224609 1.41466e-05
0.00227051 1.42213e-05

0.00227051 1.41284e-05
0.00229492 6.46178e-06

0.00229492 7.25913e-06
0.00231934 1.18305e-05

0.00231934 1.03152e-05
0.00234375 1.55579e-05

0.00234375 1.55698e-05
0.00236816 1.0453e-05

0.00236816 1.25606e-05
0.00239258 6.53503e-06

0.00239258 6.54506e-06
0.00241699 1.26183e-05

0.00241699 1.04361e-05
0.00244141 1.55781e-05

0.00244141 1.55705e-05
0.00246582 1.04153e-05

0.00246582 1.25365e-05
0.00249023 6.63902e-06

0.00249023 6.64367e-06
0.00251465 1.26113e-05

0.00251465 1.04683e-05
0.00253906 1.55251e-05

0.00253906 1.55191e-05
0.00256348 1.04473e-05

0.00256348 1.25173e-05
0.00258789 6.74603e-06

0.00258789 6.74239e-06
0.0026123 1.26166e-05

0.0026123 1.05873e-05
0.00263672 1.54115e-05

0.00263672 1.5363e-05
0.00266113 1.03925e-05

0.00266113 1.18229e-05
0.00268555 7.59784e-06

0.00268555 6.7729e-06
0.00270996 1.40547e-05

0.00270996 1.40694e-05
0.00273438 1.42379e-05

0.00273437 1.40616e-05
0.00275879 6.99264e-06

0.00275879 7.80859e-06
0.0027832 1.18092e-05

0.0027832 1.05601e-05
0.00280762 1.5194e-05

0.00280762 1.51918e-05
0.00283203 1.0555e-05

0.00283203 1.18276e-05
0.00285645 7.79391e-06

0.00285645 7.08161e-06
0.00288086 1.39289e-05

0.00288086 1.40224e-05
0.00290527 1.39799e-05

0.00290527 1.31172e-05
0.00292969 7.83649e-06

0.00292969 8.29116e-06
0.0029541 1.31264e-05

0.0029541 1.34779e-05
0.00297852 1.34658e-05

0.00297852 1.16568e-05
0.00300293 9.74481e-06

0.00300293 1.00569e-05
0.00302734 1.44269e-05

0.00302734 1.27568e-05
0.00305176 1.44677e-05

0.00305176 1.31174e-05
0.00307617 1.384e-05

0.00307617 1.35378e-05
0.00310059 1.47664e-05

0.00310059 1.39422e-05
0.003125 1.49009e-05

0.00175781 0.00288646
0.00160519 0.00292969

0.0015625 0.00294103
0.00160439 0.00292969

0.00175781 0.0028866
0.00195312 0.00282201

0.00234375 0.00266124
0.00217891 0.00273438

0.00195313 0.00282157
0.00205078 0.00278554

0.00205078 0.00278548
0.00214844 0.00274673

0.00214844 0.00274708
0.00217827 0.00273438

0.00292969 0.00230651
0.00287924 0.00234375

0.003125 0.00214105
0.00311702 0.00214844

0.00302734 0.00222782
0.00300511 0.00224609

0.00297852 0.0022669
0.00294315 0.00229492

0.00292969 0.00230603
0.00294388 0.00229492

0.00297852 0.00226628
0.00300368 0.00224609

0.00302734 0.00222783
0.00311666 0.00214844

0.00244141 0.00261262
0.00239257 0.00263672

0.00234375 0.0026604
0.00239174 0.00263672

0.00244141 0.0026125
0.00253906 0.00256052

0.00273438 0.00244479
0.00257768 0.00253906

0.00253906 0.00256085
0.00257695 0.00253906

0.00283203 0.00237794
0.0027382 0.00244141

0.00273438 0.00244277
0.00273648 0.00244141

0.00283203 0.00237733
0.00287819 0.00234375

0 0.00313342
0.000289713 0.003125

0.003125 1.44233e-05
0.00314941 1.53968e-05

0.00314941 1.48042e-05
0.00317383 1.56192e-05

0.00317383 1.51042e-05
0.00319824 1.60716e-05

0.00319824 1.55012e-05
0.00322266 1.65713e-05

0.00322266 1.59858e-05
0.00324707 1.70655e-05

0.00324707 1.63944e-05
0.00327148 1.76268e-05

0.00327148 1.68987e-05
0.0032959 1.84485e-05

0.0032959 1.85139e-05
0.00332031 1.85063e-05

0.00332031 1.7139e-05
0.00334473 1.81931e-05

0.00334473 1.91494e-05
0.00336914 1.99791e-05

0.00336914 1.27964e-05
0.00339355 2.41706e-05

0.00339179 2.44141e-05
0.00339355 2.50895e-05

0.00339355 2.36374e-05
0.00339431 2.44141e-05

0.00339355 2.65811e-05
0.00341797 4.83927e-05

0.00341754 4.88281e-05
0.00341797 4.92568e-05

0.00341797 4.80211e-05
0.00341877 4.88281e-05

0.00341797 4.94112e-05
0.00344071 7.32422e-05

0.00344082 7.32422e-05
0.00344238 7.49408e-05

0.00344238 7.52853e-05
0.0034624 9.76563e-05

0.00346298 9.76563e-05
0.0034668 0.000102138

0.0034668 0.000102955
0.00348291 0.00012207

0.00348283 0.00012207
0.00349121 0.000132588

0.00349121 0.000132171
0.00350253 0.000146484

0.00350295 0.000146484
0.00351563 0.000163964

0.00351563 0.000164417
0.00353809 0.000195313

0.00353825 0.000195313
0.00356445 0.000235841

0.00356445 0.000236793
0.00356903 0.000244141

0.00356961 0.000244141
0.0035976 0.000292969

0.00359809 0.000292969
0.00361328 0.000324489

0.00361328 0.000324655
0.00362197 0.000341797

0.00362213 0.000341797
0.0036441 0.000390625

0.00364474 0.000390625
0.00368108 0.000488281

0.00368081 0.000488281
0.00370758 0.000585938

0.00370774 0.000585938
0.00371094 0.000607106

0.00371094 0.000605041
0.00372552 0.000683594

0.00372515 0.000683594
0.00373572 0.00078125

0.00371094 0.00115733
0.00370882 0.00117188

0.00373767 0.00078125
0.00373735 0.000976562

0.00371094 0.0011561
0.00373704 0.000976562

0.00370864 0.00117187
0.00365278 0.00136719

0.00361328 0.00146397
0.00361294 0.00146484

0.00361299 0.00146484
0.00356743 0.0015625

0.00361328 0.00146394
0.0036512 0.00136719

0.00332031 0.00193459
0.00330511 0.00195312

0.00351563 0.001655
0.00345523 0.00175781

0.00341797 0.00180774
0.00338394 0.00185547

0.00332031 0.00193455
0.00338403 0.00185547

0.00341797 0.00180789
0.0034533 0.00175781

0.00322266 0.00204437
0.00321653 0.00205078

0.003125 0.00214113
0.00321661 0.00205078

0.00322266 0.00204436
0.00330548 0.00195313

0.00351563 0.00165799
0.00356759 0.0015625

