7.0602e-05 0
7.32422e-05 4.39503e-06

8.90126e-05 0
9.76563e-05 3.34711e-06

0.000116728 0
0.00012207 4.42144e-06

0.000138342 0
0.000146484 8.47103e-06

0.000161634 0
0.000170898 1.31609e-05

0.000172168 0
0.000195313 1.78172e-05

0.000195313 7.91787e-06
0.000219727 1.21851e-05

0.000219727 9.35799e-06
0.000244141 1.21103e-05

0.000244141 1.04378e-05
0.000268555 1.29116e-05

0.000268555 1.13659e-05
0.000292969 1.32357e-05

0.000292969 1.21115e-05
0.000317383 1.37503e-05

0.000317383 1.27839e-05
0.000341797 1.41277e-05

0.000341797 1.33739e-05
0.000366211 1.44605e-05

0.000366211 1.38261e-05
0.000390625 1.47342e-05

0.000390625 1.41845e-05
0.000415039 1.50659e-05

0.000415039 1.45296e-05
0.000439453 1.54392e-05

0.000439453 1.53214e-05
0.000463867 1.54184e-05

0.000463867 1.48862e-05
0.000488281 1.52435e-05

0.000488281 1.47999e-05
0.000512695 1.65367e-05

0.000512695 1.62081e-05
0.000537109 1.69075e-05

0.000537109 1.6539e-05
0.000561523 1.60404e-05

0.000561523 1.57909e-05
0.000585937 1.64364e-05

0.000585938 1.51976e-05
0.000610352 1.85341e-05

0.000610352 1.9383e-05
0.000634766 1.91406e-05

0.000634766 1.77238e-05
0.00065918 1.55314e-05

0.00065918 1.56922e-05
0.000683594 1.86591e-05

0.000683594 1.92906e-05
0.000708008 1.96731e-05

0.000708008 1.91894e-05
0.000732422 1.5927e-05

0.000732422 1.66169e-05
0.000756836 1.60288e-05

0.000756836 1.68201e-05
0.00078125 1.72167e-05

0 0.000997484
4.88281e-05 0.000997476

4.88281e-05 0.000997471
9.76563e-05 0.000997456

9.76563e-05 0.000997438
0.000146484 0.000997458

0.000146484 0.000997485
0.000195313 0.000997523

0.000195313 0.0009975
0.000244141 0.000997547

0.000244141 0.000997555
0.000292969 0.000997639

0.000292969 0.000997633
0.000341797 0.00099775

0.000341797 0.000997752
0.000390625 0.00099791

0.000390625 0.000997904
0.000439453 0.00099811

0.000439453 0.000998122
0.000488281 0.000998361

0.000488281 0.000998363
0.000537109 0.000998608

0.000537109 0.00099861
0.000585938 0.000998854

0.000585937 0.000998853
0.000634766 0.000999093

0.000634766 0.000999094
0.000683594 0.00099933

0.000683594 0.00099933
0.000732422 0.000999561

0.000732422 0.000999562
0.00078125 0.000999784

0.00078125 1.72528e-05
0.000805664 1.61189e-05

0.000805664 1.64608e-05
0.000830078 1.55206e-05

0.000830078 1.61393e-05
0.000854492 1.55759e-05

0.000854492 1.5863e-05
0.000878906 1.51459e-05

0.000878906 1.54924e-05
0.00090332 1.50065e-05

0.00090332 1.54287e-05
0.000927734 1.47694e-05

0.000927734 1.51125e-05
0.000952148 1.43034e-05

0.000952148 1.49113e-05
0.000976562 1.39841e-05

0.000976562 1.42969e-05
0.00100098 1.3661e-05

0.00100098 1.47201e-05
0.00102539 1.31966e-05

0.00102539 1.32151e-05
0.0010498 1.24657e-05

0.0010498 1.49976e-05
0.00107422 1.18335e-05

0.00107422 1.44144e-05
0.00109863 6.91722e-06

0.00109863 6.98796e-06
0.00112305 1.08986e-05

0.00112305 9.71657e-06
0.00114746 1.60393e-05

0.00114746 1.58912e-05
0.00117187 1.02423e-05

0.00117188 1.49158e-05
0.00119629 3.40917e-06

0.00119629 1.18247e-06
0.0012207 1.28785e-05

0.0012207 1.53396e-05
0.00124512 1.52944e-05

0.00124512 1.16307e-05
0.00126953 2.37514e-06

0.00126953 4.00639e-06
0.00129395 1.66112e-05

0.00129395 1.41853e-05
0.00131836 1.42149e-05

0.00131836 1.32464e-05
0.00134277 7.41077e-06

0.00134277 1.02077e-05
0.00136719 1.09521e-05

0.00136719 2.16766e-05
0.00139142 0

0.0013916 9.97795e-06
0.00139541 0

0.00146328 0
0.00146484 4.60894e-06

0.00146484 1.06921e-06
0.00148716 2.44141e-05

0.00148721 2.44141e-05
0.00148926 2.51284e-05

0.00148926 1.4333e-05
0.00151367 1.5657e-05

0.00151186 2.44141e-05
0.00151367 2.44527e-05

0.00151367 1.5603e-05
0.00153809 1.40234e-05

0.00151367 2.4471e-05
0.0015159 2.44141e-05

0.0015625 1.37706e-06
0.00153986 2.44141e-05

0.00153809 2.49557e-05
0.00153968 2.44141e-05

0.00078125 0.000999785
0.000830078 0.000999995

0.000830078 0.000999996
0.000878906 0.00100019

0.000878906 0.00100019
0.000927734 0.00100037

0.000927734 0.00100037
0.000976562 0.00100052

0.000976563 0.00100052
0.00102539 0.00100065

0.00102539 0.00100065
0.00107422 0.00100075

0.00107422 0.00100075
0.00112305 0.00100081

0.00112305 0.00100081
0.00117187 0.00100083

0.00117188 0.00100083
0.0012207 0.00100082

0.0012207 0.00100082
0.00126953 0.00100076

0.00126953 0.00100076
0.00131836 0.00100067

0.00131836 0.00100067
0.00136719 0.00100053

0.00136719 0.00100053
0.00141602 0.00100035

0.00141602 0.00100035
0.00144043 0.00100025

0.00144043 0.00100025
0.00146484 0.00100013

0.00146484 0.00100013
0.00148926 0.00100001

0.00148926 0.00100001
0.00151367 0.000999874

0.00151367 0.000999874
0.00153809 0.000999729

0.00153809 0.000999728
0.0015625 0.000999576

0.0015625 7.13188e-06
0.001565 0

0.00165674 0
0.00166016 8.4489e-06

0.00166016 1.00386e-05
0.00167599 2.44141e-05

0.00167523 2.44141e-05
0.00168457 2.76867e-05

0.00168457 1.7564e-05
0.00170898 1.77945e-05

0.00169454 2.44141e-05
0.00170898 2.44872e-05

0.0017334 1.07056e-05
0.00171755 2.44141e-05

0.00170898 2.77188e-05
0.00171872 2.44141e-05

0.0017334 1.14904e-05
0.00173821 0

0.00180496 0
0.00180664 4.60637e-06

0.00181768 0
0.00183105 1.2132e-05

0.00183884 0
0.00185547 9.32997e-06

0.00185772 0
0.00187988 1.39127e-05

0.00187988 4.68837e-06
0.0019043 1.17136e-05

0.0019043 7.19679e-06
0.00192871 1.15904e-05

0.00192871 8.52796e-06
0.00195312 1.23652e-05

0.00195312 1.03857e-05
0.00197754 1.27891e-05

0.00197754 1.94688e-05
0.00200195 4.41459e-06

0.00200195 1.1149e-05
0.00201756 0

0.00203093 0
0.00205078 1.47033e-05

0.00205078 4.87522e-06
0.0020752 1.47647e-05

0.0020752 7.87363e-06
0.00209961 1.39472e-05

0.00209961 1.55081e-05
0.00212402 1.16298e-05

0.00212402 1.28073e-05
0.00214844 4.08934e-06

0.00214844 3.09396e-06
0.00217285 1.46762e-05

0.00217285 1.49635e-05
0.00219727 1.49568e-05

0.00219727 1.38655e-05
0.00222168 3.89589e-06

0.00222168 4.09287e-06
0.00224609 1.44019e-05

0.00224609 1.47141e-05
0.00227051 1.49255e-05

0.00227051 1.658e-05
0.00229492 2.19332e-06

0.00229492 2.39714e-06
0.00231934 1.13459e-05

0.00231934 9.33165e-06
0.00234375 1.84933e-05

0.0015625 0.000999577
0.00158691 0.000999417

0.00158691 0.000999417
0.00161133 0.00099925

0.00161133 0.000999251
0.00163574 0.000999078

0.00163574 0.000999078
0.00166016 0.000998894

0.00166016 0.000998894
0.00168457 0.000998701

0.00168457 0.000998701
0.00170898 0.000998502

0.00170898 0.000998502
0.0017334 0.000998296

0.0017334 0.000998296
0.00175781 0.000998083

0.00175781 0.000998084
0.00178223 0.000997864

0.00178223 0.000997864
0.00180664 0.000997638

0.00180664 0.000997638
0.00183105 0.000997405

0.00183105 0.000997405
0.00185547 0.000997167

0.00185547 0.000997167
0.00187988 0.000996923

0.00187988 0.000996923
0.0019043 0.000996673

0.0019043 0.000996673
0.00192871 0.000996419

0.00192871 0.000996419
0.00195312 0.00099616

0.00195312 0.00099616
0.00197754 0.000995897

0.00197754 0.000995897
0.00200195 0.000995628

0.00200195 0.000995628
0.00202637 0.000995355

0.00202637 0.000995355
0.00205078 0.000995078

0.00205078 0.000995078
0.0020752 0.000994795

0.0020752 0.000994795
0.00209961 0.000994509

0.00209961 0.000994509
0.00212402 0.000994218

0.00212402 0.000994218
0.00214844 0.000993924

0.00214844 0.000993924
0.00217285 0.000993625

0.00217285 0.000993625
0.00219727 0.000993323

0.00219727 0.000993323
0.00222168 0.000993017

0.00222168 0.000993017
0.00224609 0.000992707

0.00224609 0.000992707
0.00227051 0.000992394

0.00227051 0.000992394
0.00229492 0.000992077

0.00229492 0.000992077
0.00231934 0.000991757

0.00231934 0.000991757
0.00234375 0.000991432

0.00234375 1.71348e-05
0.00236816 8.49416e-06

0.00236816 1.56532e-05
0.00239258 8.90418e-07

0.0023936 0
0.00241699 1.19832e-05

0.00241699 8.20351e-06
0.00244141 1.98833e-05

0.00244141 1.8192e-05
0.00246582 8.30155e-06

0.00246582 1.43789e-05
0.00249023 7.20843e-07

0.00249042 0
0.00251465 1.35202e-05

0.00251465 9.16034e-06
0.00253906 1.89715e-05

0.00253906 1.78967e-05
0.00256348 8.37619e-06

0.00256348 1.43494e-05
0.00258789 1.26571e-06

0.00258789 2.8711e-07
0.0026123 1.32886e-05

0.0026123 9.21822e-06
0.00263672 1.89971e-05

0.00263672 1.82109e-05
0.00266113 8.24383e-06

0.00266113 1.13011e-05
0.00268555 3.81712e-06

0.00268555 2.84198e-06
0.00270996 1.59044e-05

0.00270996 1.49112e-05
0.00273438 1.49081e-05

0.00273437 1.50722e-05
0.00275879 3.67005e-06

0.00275879 4.63809e-06
0.0027832 1.20981e-05

0.0027832 9.93281e-06
0.00280762 1.68563e-05

0.00280762 1.6334e-05
0.00283203 9.49e-06

0.00283203 1.14406e-05
0.00285645 6.35605e-06

0.00285645 5.57203e-06
0.00288086 1.45887e-05

0.00288086 1.41087e-05
0.00290527 1.43458e-05

0.00290527 1.31289e-05
0.00292969 7.34758e-06

0.00292969 7.71572e-06
0.0029541 1.35792e-05

0.0029541 1.38747e-05
0.00297852 1.38718e-05

0.00297852 1.3077e-05
0.00300293 8.21395e-06

0.00300293 8.99825e-06
0.00302734 1.26419e-05

0.00302734 1.17237e-05
0.00305176 1.40623e-05

0.00305176 1.24084e-05
0.00307617 1.23603e-05

0.00307617 1.27011e-05
0.00310059 1.30187e-05

0.00310059 1.25838e-05
0.003125 1.26247e-05

0.00234375 0.000991432
0.00236816 0.000991104

0.00236816 0.000991104
0.00239258 0.000990771

0.00239258 0.000990771
0.00241699 0.000990433

0.00241699 0.000990433
0.00244141 0.000990092

0.00244141 0.000990092
0.00246582 0.000989745

0.00246582 0.000989745
0.00249023 0.000989394

0.00249023 0.000989394
0.00251465 0.000989039

0.00251465 0.000989039
0.00253906 0.00098868

0.00253906 0.000988679
0.00256348 0.000988316

0.00256348 0.000988316
0.00258789 0.00098795

0.00258789 0.00098795
0.0026123 0.000987581

0.0026123 0.000987581
0.00263672 0.000987208

0.00263672 0.000987208
0.00266113 0.000986834

0.00266113 0.000986834
0.00268555 0.000986457

0.00268555 0.000986457
0.00270996 0.000986078

0.00270996 0.000986078
0.00273438 0.000985698

0.00273437 0.000985698
0.00275879 0.000985318

0.00275879 0.000985317
0.0027832 0.000984937

0.0027832 0.000984937
0.00280762 0.000984558

0.00280762 0.000984558
0.00283203 0.000984182

0.00283203 0.000984182
0.00285645 0.000983809

0.00285645 0.00098381
0.00288086 0.000983438

0.00288086 0.000983438
0.00290527 0.000983063

0.00290527 0.000983064
0.00292969 0.000982687

0.00292969 0.000982687
0.0029541 0.000982308

0.0029541 0.000982308
0.00297852 0.000981927

0.00297852 0.000981927
0.00300293 0.000981544

0.00300293 0.000981544
0.00302734 0.00098116

0.00302734 0.00098116
0.00305176 0.000980774

0.00305176 0.000980774
0.00307617 0.000980387

0.00307617 0.000980387
0.00310059 0.000979996

0.00310059 0.000979996
0.003125 0.000979604

0.003125 1.26958e-05
0.00314941 1.3081e-05

0.00314941 1.28039e-05
0.00317383 1.29436e-05

0.00317383 1.28814e-05
0.00319824 1.30923e-05

0.00319824 1.29695e-05
0.00322266 1.30766e-05

0.00322266 1.29913e-05
0.00324707 1.31347e-05

0.00324707 1.30403e-05
0.00327148 1.32105e-05

0.00327148 1.31092e-05
0.0032959 1.32608e-05

0.0032959 1.31583e-05
0.00332031 1.33107e-05

0.00332031 1.32532e-05
0.00334473 1.33372e-05

0.00334473 1.32427e-05
0.00336914 1.33482e-05

0.00336914 1.31445e-05
0.00339355 1.35992e-05

0.00339355 1.35894e-05
0.00341797 1.36679e-05

0.00341797 1.3541e-05
0.00344238 1.33186e-05

0.00344238 1.32328e-05
0.0034668 1.36968e-05

0.0034668 1.35287e-05
0.00349121 1.40168e-05

0.00349121 1.39338e-05
0.00351563 1.37268e-05

0.00351563 1.37151e-05
0.00354004 1.35191e-05

0.00354004 1.33629e-05
0.00356445 1.40046e-05

0.00356445 1.3776e-05
0.00358887 1.44236e-05

0.00358887 1.43054e-05
0.00361328 1.40535e-05

0.00361328 1.40456e-05
0.0036377 1.37662e-05

0.0036377 1.35562e-05
0.00366211 1.43758e-05

0.00366211 1.4094e-05
0.00368652 1.49796e-05

0.00368652 1.48103e-05
0.00371094 1.45172e-05

0.00371094 1.44993e-05
0.00373535 1.41086e-05

0.00373535 1.37934e-05
0.00375977 1.49193e-05

0.00375977 1.45384e-05
0.00378418 1.58594e-05

0.00378418 1.56097e-05
0.00380859 1.52744e-05

0.00380859 1.51145e-05
0.00383301 1.47247e-05

0.00383301 1.42009e-05
0.00385742 1.60403e-05

0.00385742 1.64297e-05
0.00388184 1.65049e-05

0.00388184 1.56988e-05
0.00390625 1.46724e-05

0.00332031 0.000976422
0.00331175 0.000976562

0.003125 0.000979604
0.00314941 0.000979211

0.00314941 0.00097921
0.00317383 0.000978815

0.00317383 0.000978815
0.00319824 0.000978419

0.00319824 0.000978419
0.00322266 0.000978022

0.00322266 0.000978022
0.00324707 0.000977623

0.00324707 0.000977623
0.00327148 0.000977224

0.00327148 0.000977224
0.0032959 0.000976823

0.0032959 0.000976823
0.00331176 0.000976562

0.00332031 0.000976422
0.00334473 0.000976019

0.00334473 0.000976019
0.00336914 0.000975614

0.00336914 0.000975614
0.00339355 0.000975208

0.00339355 0.000975208
0.00341797 0.000974802

0.00341797 0.000974802
0.00344238 0.000974395

0.00344238 0.000974395
0.0034668 0.000973986

0.0034668 0.000973986
0.00349121 0.000973577

0.00349121 0.000973577
0.00351563 0.000973166

0.00351563 0.000973166
0.00354004 0.000972755

0.00354004 0.000972755
0.00356445 0.000972341

0.00356445 0.000972341
0.00358887 0.000971927

0.00358887 0.000971927
0.00361328 0.000971511

0.00361328 0.000971511
0.0036377 0.000971094

0.0036377 0.000971094
0.00366211 0.000970675

0.00366211 0.000970675
0.00368652 0.000970255

0.00368652 0.000970255
0.00371094 0.000969834

0.00371094 0.000969834
0.00373535 0.000969411

0.00373535 0.000969411
0.00375977 0.000968986

0.00375977 0.000968986
0.00378418 0.00096856

0.00378418 0.00096856
0.00380859 0.000968131

0.00380859 0.000968131
0.00383301 0.000967702

0.00383301 0.000967702
0.00385742 0.00096727

0.00385742 0.00096727
0.00388184 0.000966837

0.00388184 0.000966837
0.00390625 0.000966401

0.00390625 1.49841e-05
0.00393066 1.62007e-05

0.00393066 1.56492e-05
0.00395508 1.68015e-05

0.00395508 1.71419e-05
0.00397949 1.60771e-05

0.00397949 1.61291e-05
0.00400391 1.44395e-05

0.00400391 1.49554e-05
0.00402832 1.53871e-05

0.00402832 1.55769e-05
0.00405273 1.57139e-05

0.00405273 1.59496e-05
0.00407715 1.46239e-05

0.00407715 1.47729e-05
0.00410156 1.43183e-05

0.00410156 1.41721e-05
0.00412598 1.56652e-05

0.00412598 1.55376e-05
0.00415039 1.60061e-05

0.00415039 1.53699e-05
0.0041748 1.52578e-05

0.0041748 1.52035e-05
0.00419922 1.61502e-05

0.00419922 1.5979e-05
0.00422363 1.6272e-05

0.00422363 1.56717e-05
0.00424805 1.61928e-05

0.00424805 1.52141e-05
0.00427246 1.79558e-05

0.00427246 1.84832e-05
0.00429688 1.84396e-05

0.00429688 1.70767e-05
0.00432129 1.60098e-05

0.00432129 1.5436e-05
0.0043457 1.94765e-05

0.0043457 2.06276e-05
0.00437012 2.03997e-05

0.00437012 1.8518e-05
0.00439453 1.59385e-05

0.00439453 1.73324e-05
0.00441895 1.85589e-05

0.00441895 1.84938e-05
0.00444336 1.83588e-05

0.00444336 1.92519e-05
0.00446777 1.63717e-05

0.00446777 1.70255e-05
0.00449219 1.43425e-05

0.00449219 1.52126e-05
0.0045166 1.56764e-05

0.0045166 1.58956e-05
0.00454102 1.62658e-05

0.00454102 1.6561e-05
0.00456543 1.49686e-05

0.00456543 1.53444e-05
0.00458984 1.41066e-05

0.00458984 1.39582e-05
0.00461426 1.55444e-05

0.00461426 1.50336e-05
0.00463867 1.70273e-05

0.00463867 1.62074e-05
0.00466309 1.67406e-05

0.00466309 1.6859e-05
0.0046875 1.61554e-05

0.00390625 0.000966401
0.00393066 0.000965964

0.00393066 0.000965964
0.00395508 0.000965525

0.00395508 0.000965525
0.00397949 0.000965084

0.00397949 0.000965084
0.00400391 0.000964641

0.00400391 0.000964641
0.00402832 0.000964196

0.00402832 0.000964196
0.00405273 0.00096375

0.00405273 0.00096375
0.00407715 0.000963301

0.00407715 0.000963301
0.00410156 0.000962851

0.00410156 0.000962851
0.00412598 0.000962399

0.00412598 0.000962399
0.00415039 0.000961945

0.00415039 0.000961945
0.0041748 0.00096149

0.0041748 0.00096149
0.00419922 0.000961033

0.00419922 0.000961033
0.00422363 0.000960575

0.00422363 0.000960575
0.00424805 0.000960115

0.00424805 0.000960115
0.00427246 0.000959655

0.00427246 0.000959655
0.00429688 0.000959194

0.00429688 0.000959193
0.00432129 0.000958731

0.00432129 0.000958731
0.0043457 0.000958268

0.0043457 0.000958268
0.00437012 0.000957805

0.00437012 0.000957805
0.00439453 0.000957342

0.00439453 0.000957342
0.00441895 0.000956879

0.00441895 0.000956879
0.00444336 0.000956416

0.00444336 0.000956416
0.00446777 0.000955953

0.00446777 0.000955953
0.00449219 0.000955492

0.00449219 0.000955492
0.0045166 0.000955032

0.0045166 0.000955032
0.00454102 0.000954573

0.00454102 0.000954573
0.00456543 0.000954116

0.00456543 0.000954116
0.00458984 0.000953661

0.00458984 0.000953661
0.00461426 0.000953209

0.00461426 0.000953209
0.00463867 0.000952759

0.00463867 0.000952759
0.00466309 0.000952312

0.0046875 0.000951867
0.00467206 0.000952148

0.00466309 0.000952312
0.00467208 0.000952148

0.0046875 1.56552e-05
0.00471191 1.60375e-05

0.00471191 1.52508e-05
0.00473633 1.84426e-05

0.00473633 1.79824e-05
0.00476074 1.96688e-05

0.00476074 1.8855e-05
0.00478516 1.82011e-05

0.00478516 1.87567e-05
0.00480957 1.75867e-05

0.00480957 1.58906e-05
0.00483398 1.88573e-05

0.00483398 2.06736e-05
0.0048584 2.16031e-05

0.0048584 1.95493e-05
0.00488281 1.70576e-05

0.00488281 1.74458e-05
0.00490723 1.98474e-05

0.00490723 1.97231e-05
0.00493164 2.16871e-05

0.00493164 2.12338e-05
0.00495605 1.99873e-05

0.00495605 2.00291e-05
0.00498047 1.8888e-05

0.00498047 1.94974e-05
0.00500488 1.94415e-05

0.00500488 1.94241e-05
0.0050293 1.93813e-05

0.0050293 1.98748e-05
0.00505371 1.89785e-05

0.00505371 1.90274e-05
0.00507813 1.79854e-05

0.00507813 1.7806e-05
0.00510254 1.89633e-05

0.00510254 1.89765e-05
0.00512695 2.0351e-05

0.00512695 2.02455e-05
0.00515137 1.92727e-05

0.00515137 1.91985e-05
0.00517578 1.81833e-05

0.00517578 1.81057e-05
0.0052002 1.9382e-05

0.0052002 1.93919e-05
0.00522461 2.05426e-05

0.00522461 2.0439e-05
0.00524902 1.93501e-05

0.00524902 1.93983e-05
0.00527344 1.83583e-05

0.00527344 1.84212e-05
0.00529785 1.92879e-05

0.00529785 1.92812e-05
0.00532227 2.02088e-05

0.00532227 2.03586e-05
0.00534668 1.92058e-05

0.00534668 1.91903e-05
0.00537109 1.79941e-05

0.00537109 1.78745e-05
0.00539551 1.92976e-05

0.00539551 1.93982e-05
0.00541992 2.06324e-05

0.00541992 2.01506e-05
0.00544434 1.94902e-05

0.00544434 1.92052e-05
0.00546875 1.95046e-05

0.0046875 0.000951867
0.00471191 0.000951423

0.00471191 0.000951423
0.00473633 0.000950982

0.00473633 0.000950982
0.00476074 0.000950546

0.00476074 0.000950546
0.00478516 0.000950113

0.00478516 0.000950113
0.00480957 0.000949684

0.00480957 0.000949684
0.00483398 0.000949259

0.00483398 0.000949259
0.0048584 0.000948838

0.0048584 0.000948838
0.00488281 0.00094842

0.00488281 0.00094842
0.00490723 0.000948006

0.00490723 0.000948006
0.00493164 0.000947596

0.00493164 0.000947596
0.00495605 0.00094719

0.00495605 0.00094719
0.00498047 0.000946787

0.00498047 0.000946787
0.00500488 0.000946388

0.00500488 0.000946388
0.0050293 0.000945993

0.0050293 0.000945993
0.00505371 0.000945602

0.00505371 0.000945602
0.00507813 0.000945214

0.00507813 0.000945214
0.00510254 0.000944831

0.00510254 0.000944831
0.00512695 0.000944451

0.00512695 0.000944451
0.00515137 0.000944076

0.00515137 0.000944076
0.00517578 0.000943705

0.00517578 0.000943705
0.0052002 0.000943337

0.0052002 0.000943337
0.00522461 0.000942974

0.00522461 0.000942974
0.00524902 0.000942616

0.00524902 0.000942615
0.00527344 0.000942261

0.00527344 0.000942261
0.00529785 0.000941911

0.00529785 0.000941911
0.00532227 0.000941566

0.00532227 0.000941566
0.00534668 0.000941225

0.00534668 0.000941225
0.00537109 0.000940889

0.00537109 0.000940889
0.00539551 0.000940558

0.00539551 0.000940558
0.00541992 0.000940231

0.00541992 0.000940231
0.00544434 0.000939909

0.00544434 0.000939909
0.00546875 0.000939591

0.00546875 1.89596e-05
0.00549316 2.12799e-05

0.00549316 1.94539e-05
0.00551758 2.38663e-05

0.00551365 2.44141e-05
0.00551758 2.47864e-05

0.00551758 2.40693e-05
0.00553194 2.44141e-05

0.00551758 2.47057e-05
0.00554199 2.50002e-05

0.00554199 2.42439e-05
0.00556641 2.02431e-05

0.00554199 2.48009e-05
0.00554647 2.44141e-05

0.00556641 2.10584e-05
0.00559082 2.00041e-05

0.00559082 2.02124e-05
0.00561523 2.22015e-05

0.00561523 2.17315e-05
0.00563965 2.31252e-05

0.00562251 2.44141e-05
0.00563965 2.49379e-05

0.00563965 2.26844e-05
0.00566406 2.23194e-05

0.00563965 2.47258e-05
0.00566406 2.44974e-05

0.00566406 2.37434e-05
0.00568848 2.05672e-05

0.00568848 1.89767e-05
0.00571289 1.98723e-05

0.00571289 2.1182e-05
0.0057352 2.44141e-05

0.00572516 2.44141e-05
0.0057373 2.53272e-05

0.0057373 2.35632e-05
0.00576172 2.20903e-05

0.0057373 2.50678e-05
0.00575743 2.44141e-05

0.00576172 2.26781e-05
0.00578613 2.04779e-05

0.00578613 2.08797e-05
0.00581055 2.06429e-05

0.00581055 2.19254e-05
0.00583496 2.07569e-05

0.00583496 1.78287e-05
0.00585938 2.11904e-05

0.00584983 2.44141e-05
0.00585938 2.52666e-05

0.00585938 2.3497e-05
0.00588379 2.39065e-05

0.00585938 2.62982e-05
0.00588379 2.65344e-05

0.00588379 2.17517e-05
0.0059082 1.79606e-05

0.00588379 2.55976e-05
0.00589586 2.44141e-05

0.0059082 1.90451e-05
0.00593262 2.27719e-05

0.00593053 2.44141e-05
0.00593262 2.45683e-05

0.00593262 2.37092e-05
0.00595703 2.36793e-05

0.00593262 2.44923e-05
0.00595703 2.44757e-05

0.00595703 2.06293e-05
0.00598145 2.11345e-05

0.00598145 2.28485e-05
0.00599339 2.44141e-05

0.00598936 2.44141e-05
0.00600586 2.56179e-05

0.00603027 2.27205e-05
0.00601022 2.44141e-05

0.00600586 2.57046e-05
0.00603027 2.45748e-05

0.00605469 1.96963e-05
0.00603143 2.44141e-05

0.00603027 2.4656e-05
0.00603256 2.44141e-05

0.00605469 1.7478e-05
0.0060791 2.04711e-05

0.00606612 2.44141e-05
0.0060791 2.55781e-05

0.0060791 2.23695e-05
0.00609438 2.44141e-05

0.0060791 2.63497e-05
0.00610352 2.80435e-05

0.00610352 2.3702e-05
0.00612793 2.05387e-05

0.00610352 2.5973e-05
0.00612078 2.44141e-05

0.00612793 2.01638e-05
0.00615234 2.35494e-05

0.00614007 2.44141e-05
0.00615234 2.55724e-05

0.00615234 2.36795e-05
0.00616093 2.44141e-05

0.00615234 2.68744e-05
0.00617676 2.79402e-05

0.00620117 2.25744e-05
0.00618759 2.44141e-05

0.00617676 2.57474e-05
0.00619057 2.44141e-05

0.00620117 2.16761e-05
0.00622559 2.30935e-05

0.00621244 2.44141e-05
0.00622559 2.5077e-05

0.00622559 2.38584e-05
0.00623786 2.44141e-05

0.00622559 2.66008e-05
0.00625 2.71629e-05

0.00546875 0.000939591
0.00549316 0.000939279

0.00549316 0.000939279
0.00551758 0.000938971

0.00551758 0.000938971
0.00554199 0.000938668

0.00554199 0.000938668
0.00556641 0.000938369

0.00556641 0.000938369
0.00559082 0.000938075

0.00559082 0.000938075
0.00561523 0.000937785

0.00561523 0.000937785
0.00563965 0.0009375

0.00563965 0.0009375
0.00566406 0.000937219

0.00566406 0.000937219
0.00568848 0.000936941

0.00568848 0.000936941
0.00571289 0.000936668

0.00571289 0.000936668
0.0057373 0.000936398

0.0057373 0.000936398
0.00576172 0.000936132

0.00576172 0.000936132
0.00578613 0.00093587

0.00578613 0.00093587
0.00581055 0.00093561

0.00581055 0.00093561
0.00583496 0.000935354

0.00583496 0.000935354
0.00585938 0.0009351

0.00585938 0.0009351
0.00588379 0.000934849

0.00588379 0.000934849
0.0059082 0.000934601

0.0059082 0.000934601
0.00593262 0.000934355

0.00593262 0.000934355
0.00595703 0.000934111

0.00595703 0.000934111
0.00598145 0.000933869

0.00598145 0.000933869
0.00600586 0.000933628

0.00600586 0.000933628
0.00603027 0.000933388

0.00603027 0.000933388
0.00605469 0.00093315

0.00605469 0.00093315
0.0060791 0.000932912

0.0060791 0.000932912
0.00610352 0.000932674

0.00610352 0.000932674
0.00612793 0.000932437

0.00612793 0.000932437
0.00615234 0.000932199

0.00615234 0.000932199
0.00617676 0.000931961

0.00617676 0.000931961
0.00620117 0.000931721

0.00620117 0.000931721
0.00622559 0.000931481

0.00622559 0.000931481
0.00625 0.000931238

0.00627441 2.22107e-05
0.00625353 2.44141e-05

0.00625 2.52972e-05
0.00626194 2.44141e-05

0.00627441 2.13144e-05
0.00629883 2.41571e-05

0.00628476 2.44141e-05
0.00629883 2.57837e-05

0.00629883 2.42912e-05
0.00630256 2.44141e-05

0.00629883 2.82059e-05
0.00632324 2.86924e-05

0.00634766 2.22272e-05
0.0063244 2.44141e-05

0.00632324 2.6155e-05
0.00634375 2.44141e-05

0.00634766 2.32064e-05
0.00636604 2.44141e-05

0.00635286 2.44141e-05
0.00637207 2.52661e-05

0.00637207 2.5949e-05
0.00639648 2.65881e-05

0.0064209 2.43933e-05
0.00642032 2.44141e-05

0.00639648 2.6009e-05
0.0064209 2.51373e-05

0.0064209 2.45241e-05
0.00644531 2.45263e-05

0.00646973 2.4375e-05
0.00646694 2.44141e-05

0.00644531 2.56663e-05
0.00646973 2.54905e-05

0.00646973 2.38959e-05
0.00649414 2.42661e-05

0.00647725 2.44141e-05
0.00649414 2.46813e-05

0.00649414 2.41607e-05
0.00649799 2.44141e-05

0.00649414 2.5635e-05
0.00651855 2.70736e-05

0.00651855 2.76821e-05
0.00654297 2.64191e-05

0.00656738 2.25282e-05
0.00654536 2.44141e-05

0.00654297 2.52977e-05
0.0065565 2.44141e-05

0.00656738 2.21654e-05
0.00658895 2.44141e-05

0.00657603 2.44141e-05
0.0065918 2.57832e-05

0.0065918 2.7705e-05
0.00661621 2.83943e-05

0.00664063 2.36838e-05
0.00663377 2.44141e-05

0.00661621 2.64414e-05
0.00663861 2.44141e-05

0.00664062 2.34948e-05
0.00666504 2.37656e-05

0.00666504 2.5056e-05
0.00668945 2.63055e-05

0.00668945 2.55933e-05
0.00671387 2.66652e-05

0.00671387 2.80604e-05
0.00673828 2.75887e-05

0.00673828 2.57851e-05
0.0067627 2.45867e-05

0.0067627 2.53116e-05
0.00678711 2.55441e-05

0.00678711 2.55311e-05
0.00681152 2.57706e-05

0.00681152 2.58924e-05
0.00683594 2.59212e-05

0.00683594 2.58658e-05
0.00686035 2.55508e-05

0.00686035 2.54479e-05
0.00688477 2.51056e-05

0.00688477 2.51429e-05
0.00690918 2.49042e-05

0.00690918 2.49331e-05
0.00693359 2.46656e-05

0.00693359 2.41946e-05
0.00693933 2.44141e-05

0.0069467 2.44141e-05
0.00695801 2.48471e-05

0.00695801 2.6485e-05
0.00698242 2.68505e-05

0.00698242 2.49823e-05
0.00700684 2.5457e-05

0.00700684 2.75676e-05
0.00703125 2.76666e-05

0.00625 0.000931239
0.00627441 0.000930994

0.00627441 0.000930994
0.00629883 0.000930748

0.00629883 0.000930748
0.00632324 0.000930499

0.00632324 0.000930499
0.00634766 0.000930247

0.00634766 0.000930247
0.00637207 0.000929992

0.00637207 0.000929992
0.00639648 0.000929733

0.00639648 0.000929733
0.0064209 0.000929471

0.0064209 0.000929471
0.00644531 0.000929204

0.00644531 0.000929204
0.00646973 0.000928933

0.00646973 0.000928933
0.00649414 0.000928658

0.00649414 0.000928659
0.00651855 0.000928379

0.00651855 0.00092838
0.00654297 0.000928095

0.0065918 0.000927505
0.0065728 0.000927734

0.00654297 0.000928095
0.00656738 0.000927803

0.00656738 0.000927805
0.00657312 0.000927734

0.0065918 0.000927503
0.00664063 0.000926895

0.00664062 0.000926896
0.00668945 0.000926275

0.00668945 0.000926276
0.00673828 0.000925639

0.00673828 0.000925638
0.00678711 0.000924986

0.00678711 0.000924985
0.00683594 0.000924322

0.00683594 0.000924321
0.00688477 0.000923651

0.00688477 0.00092365
0.00693359 0.00092298

0.00693359 0.000922978
0.00698242 0.000922316

0.00698242 0.000922314
0.00703125 0.000921668

0.00703125 2.59462e-05
0.00705566 2.48891e-05

0.00705566 2.55055e-05
0.00708008 2.55e-05

0.00708008 2.52929e-05
0.00710449 2.55203e-05

0.00710449 2.56472e-05
0.00712891 2.62678e-05

0.00712891 2.68763e-05
0.00715332 2.6419e-05

0.00717773 2.43902e-05
0.00717721 2.44141e-05

0.00715332 2.55374e-05
0.00717773 2.45487e-05

0.00717773 2.3646e-05
0.00719249 2.44141e-05

0.0071808 2.44141e-05
0.00720215 2.55308e-05

0.00720215 2.7643e-05
0.00722656 2.75266e-05

0.00725098 2.38682e-05
0.007242 2.44141e-05

0.00722656 2.51663e-05
0.00723892 2.44141e-05

0.00725098 2.43759e-05
0.007253 2.44141e-05

0.007251 2.44141e-05
0.00727539 2.48233e-05

0.00727539 2.50339e-05
0.0072998 2.5613e-05

0.0072998 2.55514e-05
0.00732422 2.59987e-05

0.00732422 2.5984e-05
0.00734863 2.64519e-05

0.00734863 2.64564e-05
0.00737305 2.69653e-05

0.00737305 2.6977e-05
0.00739746 2.74943e-05

0.00739746 2.75054e-05
0.00742188 2.79853e-05

0.00742188 2.7991e-05
0.00744629 2.83999e-05

0.00744629 2.83995e-05
0.0074707 2.87269e-05

0.0074707 2.87229e-05
0.00749512 2.89775e-05

0.00749512 2.89723e-05
0.00751953 2.91725e-05

0.00751953 2.91682e-05
0.00754395 2.93326e-05

0.00754395 2.93297e-05
0.00756836 2.94728e-05

0.00756836 2.9471e-05
0.00759277 2.96022e-05

0.00759277 2.96011e-05
0.00761719 2.97262e-05

0.00761719 2.97257e-05
0.0076416 2.98477e-05

0.0076416 2.98475e-05
0.00766602 2.9968e-05

0.00766602 2.99679e-05
0.00769043 3.00873e-05

0.00769043 3.00873e-05
0.00771484 3.02056e-05

0.00771484 3.02057e-05
0.00773926 3.03227e-05

0.00773926 3.03227e-05
0.00776367 3.04384e-05

0.00776367 3.04384e-05
0.00778809 3.05526e-05

0.00778809 3.05526e-05
0.0078125 3.06654e-05

0.00703125 0.000921666
0.00708008 0.000921048

0.00708008 0.000921045
0.00712891 0.000920465

0.00712891 0.000920462
0.00717773 0.000919934

0.00717773 0.000919931
0.00722656 0.000919467

0.00722656 0.000919463
0.00727539 0.000919078

0.00727539 0.000919074
0.00732422 0.00091878

0.00732422 0.000918777
0.00737305 0.000918588

0.00737305 0.000918584
0.00742188 0.000918512

0.00742187 0.000918509
0.0074707 0.000918566

0.0074707 0.000918564
0.00751953 0.00091876

0.00751953 0.000918758
0.00756836 0.000919104

0.00756836 0.000919102
0.00761719 0.000919606

0.00761719 0.000919604
0.00766602 0.000920274

0.00766602 0.000920272
0.00771484 0.000921115

0.00771484 0.000921113
0.00776367 0.000922135

0.00776367 0.000922133
0.0078125 0.000923339

0.0078125 3.06654e-05
0.00783691 3.0777e-05

0.00783691 3.07769e-05
0.00786133 3.08874e-05

0.00786133 3.08874e-05
0.00788574 3.09969e-05

0.00788574 3.09969e-05
0.00791016 3.11058e-05

0.00791016 3.11057e-05
0.00793457 3.12142e-05

0.00793457 3.12141e-05
0.00795898 3.13223e-05

0.00795898 3.13222e-05
0.0079834 3.14303e-05

0.0079834 3.14302e-05
0.00800781 3.15384e-05

0.00800781 3.15384e-05
0.00803223 3.16468e-05

0.00803223 3.16467e-05
0.00805664 3.17555e-05

0.00805664 3.17555e-05
0.00808105 3.18648e-05

0.00808105 3.18648e-05
0.00810547 3.19747e-05

0.00810547 3.19747e-05
0.00812988 3.20853e-05

0.00812988 3.20853e-05
0.0081543 3.21967e-05

0.0081543 3.21966e-05
0.00817871 3.23089e-05

0.00817871 3.23089e-05
0.00820313 3.24222e-05

0.00820313 3.24222e-05
0.00822754 3.25366e-05

0.00822754 3.25366e-05
0.00825195 3.26523e-05

0.00825195 3.26522e-05
0.00827637 3.27695e-05

0.00827637 3.27694e-05
0.00830078 3.28884e-05

0.00830078 3.28883e-05
0.0083252 3.30095e-05

0.0083252 3.30094e-05
0.00834961 3.3133e-05

0.00834961 3.31329e-05
0.00837402 3.32595e-05

0.00837402 3.32594e-05
0.00839844 3.33893e-05

0.00839844 3.33892e-05
0.00842285 3.35231e-05

0.00842285 3.3523e-05
0.00844727 3.36613e-05

0.00844727 3.36611e-05
0.00847168 3.38044e-05

0.00847168 3.38043e-05
0.00849609 3.39531e-05

0.00849609 3.3953e-05
0.00852051 3.41079e-05

0.00852051 3.41078e-05
0.00854492 3.42691e-05

0.00854492 3.4269e-05
0.00856934 3.44373e-05

0.00856934 3.44372e-05
0.00859375 3.46126e-05

0.0078125 0.000923338
0.00786133 0.000924734

0.00786133 0.000924732
0.00791016 0.000926325

0.00791016 0.000926328
0.0079486 0.000927734

0.00794879 0.000927734
0.00795898 0.000928116

0.00795898 0.000928121
0.0079834 0.000929086

0.0079834 0.000929086
0.00800781 0.000930107

0.00800781 0.000930107
0.00803223 0.000931181

0.00803223 0.000931181
0.00805664 0.000932309

0.00805664 0.000932309
0.00808105 0.00093349

0.00808105 0.00093349
0.00810547 0.000934725

0.00810547 0.000934725
0.00812988 0.000936015

0.00812988 0.000936014
0.0081543 0.00093736

0.0081543 0.000937359
0.00817871 0.000938761

0.00817871 0.000938761
0.00820313 0.00094022

0.00820313 0.000940219
0.00822754 0.000941736

0.00822754 0.000941736
0.00825195 0.000943312

0.00825195 0.000943312
0.00827637 0.000944948

0.00827637 0.000944948
0.00830078 0.000946645

0.00830078 0.000946645
0.0083252 0.000948405

0.0083252 0.000948406
0.00834961 0.000950227

0.00834961 0.000950225
0.00837402 0.000952109

0.00837402 0.000952109
0.00837452 0.000952148

0.00837453 0.000952148
0.00839844 0.000954059

0.00839844 0.000954058
0.00842285 0.000956079

0.00842285 0.000956079
0.00844727 0.000958169

0.00844727 0.000958169
0.00847168 0.000960328

0.00847168 0.000960328
0.00849609 0.000962554

0.00849609 0.000962554
0.00852051 0.000964847

0.00852051 0.000964847
0.00854492 0.000967209

0.00854492 0.000967209
0.00856934 0.000969639

0.00856934 0.000969639
0.00859375 0.000972138

0.00859375 3.46126e-05
0.00861816 3.47954e-05

0.00861816 3.47954e-05
0.00864258 3.49857e-05

0.00864258 3.49857e-05
0.00866699 3.51836e-05

0.00866699 3.51837e-05
0.00869141 3.53891e-05

0.00869141 3.53891e-05
0.00871582 3.56019e-05

0.00871582 3.5602e-05
0.00874023 3.58219e-05

0.00874023 3.5822e-05
0.00876465 3.60488e-05

0.00876465 3.60489e-05
0.00878906 3.62822e-05

0.00878906 3.62823e-05
0.00881348 3.65216e-05

0.00881348 3.65217e-05
0.00883789 3.67667e-05

0.00883789 3.67669e-05
0.0088623 3.7017e-05

0.0088623 3.70172e-05
0.00888672 3.72718e-05

0.00888672 3.7272e-05
0.00891113 3.75305e-05

0.00891113 3.75306e-05
0.00893555 3.77926e-05

0.00893555 3.77929e-05
0.00895996 3.80575e-05

0.00895996 3.80577e-05
0.00898437 3.83239e-05

0.00898438 3.83242e-05
0.00900879 3.85912e-05

0.00900879 3.85914e-05
0.0090332 3.88583e-05

0.0090332 3.88586e-05
0.00905762 3.91243e-05

0.00905762 3.91246e-05
0.00908203 3.93876e-05

0.00908203 3.93879e-05
0.00910645 3.96469e-05

0.00910645 3.96473e-05
0.00913086 3.99007e-05

0.00913086 3.99012e-05
0.00915527 4.01472e-05

0.00915527 4.01474e-05
0.00917969 4.03848e-05

0.00917969 4.03863e-05
0.0092041 4.06114e-05

0.0092041 4.06125e-05
0.00922852 4.08201e-05

0.00922852 4.08247e-05
0.00925293 4.10038e-05

0.00925293 4.10031e-05
0.00927734 4.1146e-05

0.00927734 4.11703e-05
0.00930176 4.12298e-05

0.00930176 4.12347e-05
0.00932617 4.11523e-05

0.00932617 4.10526e-05
0.009375 4.09837e-05

0.00859375 0.000972138
0.00861816 0.000974702

0.00861816 0.000974702
0.00863541 0.000976562

0.00863545 0.000976562
0.00864258 0.000977332

0.00864258 0.000977334
0.00866699 0.00098004

0.00866699 0.000980041
0.00869141 0.000982817

0.00869141 0.000982818
0.00871582 0.000985661

0.00871582 0.000985662
0.00874023 0.000988568

0.00874023 0.000988568
0.00876465 0.000991535

0.00876465 0.000991536
0.00878906 0.000994561

0.00878906 0.000994563
0.00881348 0.000997642

0.00881348 0.000997641
0.00883789 0.00100077

0.00883789 0.00100078
0.0088394 0.00100098

0.00883945 0.00100098
0.0088623 0.00100396

0.0088623 0.00100396
0.00888672 0.00100722

0.00888672 0.00100723
0.00893555 0.00101383

0.00893555 0.00101386
0.00898438 0.0010205

0.00898437 0.00102051
0.00902053 0.00102539

0.00902054 0.00102539
0.0090332 0.0010271

0.0090332 0.0010271
0.00905762 0.00103038

0.00905762 0.00103038
0.00908203 0.00103362

0.00908203 0.00103363
0.00910645 0.00103683

0.00910645 0.00103683
0.00913086 0.00103998

0.00913086 0.00103998
0.00915527 0.00104306

0.00915527 0.00104307
0.00917969 0.00104608

0.00917969 0.00104608
0.0092041 0.001049

0.0092041 0.001049
0.00921104 0.0010498

0.00921105 0.0010498
0.00922852 0.00105182

0.00922852 0.00105183
0.00925293 0.00105454

0.00925293 0.00105455
0.00927734 0.00105715

0.00927734 0.00105715
0.00930176 0.00105962

0.00930176 0.00105962
0.00932617 0.00106195

0.00932617 0.00106195
0.00935059 0.00106412

0.00935059 0.00106412
0.009375 0.00106611

0.009375 4.10934e-05
0.00942383 4.11622e-05

0.00942383 4.12316e-05
0.00947266 4.09422e-05

0.00947266 4.09948e-05
0.00949707 4.08618e-05

0.00949707 4.08511e-05
0.00952148 4.06459e-05

0.00952148 4.06433e-05
0.0095459 4.03928e-05

0.0095459 4.03923e-05
0.00957031 4.01028e-05

0.00957031 4.01014e-05
0.00959473 3.97767e-05

0.00959473 3.97765e-05
0.00961914 3.94198e-05

0.00961914 3.9419e-05
0.00964355 3.90324e-05

0.00964355 3.90322e-05
0.00966797 3.86175e-05

0.00966797 3.86172e-05
0.00969238 3.81752e-05

0.00969238 3.81748e-05
0.0097168 3.77066e-05

0.0097168 3.7705e-05
0.00974121 3.72148e-05

0.00974121 3.72132e-05
0.00976562 3.67073e-05

0.00976563 3.67039e-05
0.00979004 3.61921e-05

0.00979004 3.61874e-05
0.00981445 3.56861e-05

0.00981445 3.56783e-05
0.00983887 3.52126e-05

0.00983887 3.52006e-05
0.00986328 3.48101e-05

0.00986328 3.47921e-05
0.0098877 3.45367e-05

0.0098877 3.45112e-05
0.00991211 3.4478e-05

0.00991211 3.44439e-05
0.00993652 3.47521e-05

0.00993652 3.47098e-05
0.00996094 3.55121e-05

0.00996094 3.54644e-05
0.00998535 3.69408e-05

0.00998535 3.68937e-05
0.0100098 3.92337e-05

0.0100098 3.9197e-05
0.0100342 4.25682e-05

0.0100342 4.25515e-05
0.0100586 4.70607e-05

0.0100586 4.71156e-05
0.0100659 4.88281e-05

0.0100663 4.88281e-05
0.010083 5.27211e-05

0.010083 5.27296e-05
0.0101074 5.96662e-05

0.0101074 5.96275e-05
0.0101318 6.79207e-05

0.0101318 6.79213e-05
0.0101451 7.32422e-05

0.0101453 7.32422e-05
0.0101563 7.76394e-05

0.009375 0.00106612
0.00939941 0.00106793

0.00939941 0.00106793
0.00942383 0.00106953

0.00942383 0.00106954
0.00944824 0.00107093

0.00944824 0.00107093
0.00947266 0.00107209

0.00947266 0.00107209
0.00949707 0.001073

0.00949707 0.00107301
0.00952148 0.00107366

0.00952148 0.00107366
0.0095459 0.00107403

0.0095459 0.00107403
0.00957031 0.0010741

0.00957031 0.00107411
0.00959473 0.00107386

0.00959473 0.00107387
0.00961914 0.00107329

0.00961914 0.0010733
0.00964355 0.00107237

0.00964355 0.00107238
0.00966797 0.00107108

0.00966797 0.00107109
0.00969238 0.0010694

0.00969238 0.00106941
0.0097168 0.00106732

0.0097168 0.00106732
0.00974121 0.0010648

0.00974121 0.0010648
0.00976562 0.00106183

0.00976563 0.00106183
0.00979004 0.00105838

0.00979004 0.00105838
0.00981445 0.00105442

0.00981445 0.00105443
0.00983887 0.00104993

0.00986328 0.00104488
0.0098395 0.0010498

0.00983887 0.00104993
0.00983949 0.0010498

0.00986328 0.00104489
0.0098877 0.00103926

0.0098877 0.00103927
0.00991211 0.00103301

0.00996094 0.00101859
0.00993815 0.00102539

0.00991211 0.00103303
0.00993652 0.00102608

0.00993652 0.00102594
0.00993828 0.00102539

0.010083 0.000968411
0.0100662 0.000976562

0.010083 0.000968453
0.0101074 0.000955546

0.0101563 0.000926081
0.0101535 0.000927734

0.0101318 0.000941484
0.0101133 0.000952148

0.0101074 0.000955579
0.0101134 0.000952148

0.0101318 0.000941556
0.0101538 0.000927734

0.00996094 0.00101847
0.00998535 0.00101016

0.00998535 0.00101018
0.0100098 0.00100105

0.0100342 0.000991089
0.01001 0.00100098

0.0100098 0.00100106
0.01001 0.00100098

0.0100342 0.000991117
0.0100586 0.000980251

0.0100586 0.000980279
0.0100663 0.000976562

0.0101563 7.76483e-05
0.0101807 8.91107e-05

0.0101807 8.90888e-05
0.0101964 9.76563e-05

0.0101965 9.76563e-05
0.0102051 0.000102303

0.0102051 0.000102311
0.0102295 0.000117661

0.0102295 0.000118
0.0102354 0.00012207

0.0102359 0.00012207
0.0102539 0.000135159

0.0102539 0.000135468
0.0102675 0.000146484

0.0102676 0.000146484
0.0102783 0.000155635

0.0102783 0.000155853
0.0102942 0.000170898

0.0102943 0.000170898
0.0103027 0.000179653

0.0103027 0.000179706
0.0103167 0.000195313

0.0103171 0.000195313
0.0103271 0.000207987

0.0103271 0.000208328
0.0103359 0.000219727

0.0103362 0.000219727
0.0103516 0.00024203

0.0103516 0.000241978
0.010353 0.000244141

0.0103533 0.000244141
0.0103804 0.000292969

0.0103801 0.000292969
0.0103996 0.000341797

0.0103992 0.000341797
0.0104004 0.000346223

0.0104004 0.000346094
0.0104063 0.000366211

0.0104063 0.000366211
0.010412 0.000390625

0.0103516 0.000724839
0.0103472 0.000732422

0.0103271 0.000762995
0.0103139 0.00078125

0.0103473 0.000732422
0.0103316 0.000756836

0.0103271 0.00076322
0.0103315 0.000756836

0.010412 0.000390625
0.0104162 0.000415039

0.0104162 0.000415039
0.010419 0.000439453

0.010419 0.000439453
0.0104204 0.000463867

0.0104204 0.000463867
0.0104206 0.000488281

0.0104206 0.000488281
0.0104194 0.000512695

0.0104194 0.000512695
0.0104169 0.000537109

0.0104169 0.000537109
0.010413 0.000561523

0.0104131 0.000561523
0.0104079 0.000585937

0.0104004 0.000612878
0.0103939 0.000634766

0.010376 0.000677908
0.0103735 0.000683594

0.0103936 0.000634766
0.0103843 0.00065918

0.010376 0.000678194
0.0103844 0.00065918

0.0104079 0.000585938
0.0104014 0.000610352

0.0104004 0.00061304
0.0104013 0.000610352

0.0103736 0.000683594
0.0103613 0.000708008

0.0103516 0.00072499
0.0103613 0.000708008

0.0102295 0.000870716
0.0102197 0.000878906

0.0102539 0.00084823
0.0102473 0.000854492

0.0102295 0.000870884
0.0102477 0.000854492

0.0101563 0.000926217
0.0101807 0.000909415

0.0102051 0.000891028
0.0101888 0.00090332

0.0101807 0.000909383
0.0101891 0.00090332

0.0102051 0.000891075
0.0102201 0.000878906

0.0102783 0.000823282
0.010272 0.000830078

0.0103027 0.000795129
0.0102942 0.000805664

0.0102783 0.000823612
0.0102942 0.000805664

0.0102539 0.000848569
0.0102722 0.000830078

0.0103027 0.000795386
0.0103139 0.00078125

