0 6.76632e-05
0.00012207 6.74219e-05

0.00012207 6.7382e-05
0.000244141 6.73473e-05

0.000244141 6.72155e-05
0.000366211 6.78185e-05

0.000366211 6.75169e-05
0.000488281 6.81022e-05

0.000488281 6.82659e-05
0.000610352 6.76346e-05

0.000610352 6.73207e-05
0.000732422 6.73639e-05

0.000732422 6.80542e-05
0.000854492 6.79101e-05

0.000854492 6.72621e-05
0.000976562 6.72097e-05

0 0.00164894
0.000488281 0.00164712

0.000488281 0.00164711
0.000976562 0.00164165

0.000976562 6.79269e-05
0.00109863 6.796e-05

0.00109863 6.67955e-05
0.0012207 6.77251e-05

0.0012207 6.91364e-05
0.00134277 6.81267e-05

0.00134277 6.64742e-05
0.00146484 6.65519e-05

0.00146484 7.26487e-05
0.00158691 6.47291e-05

0.0017069 0
0.0015885 0.00012207

0.00158691 0.000122229
0.00158738 0.00012207

0.00170898 4.08028e-05
0.00172368 0

0.000976562 0.00164137
0.0012207 0.00163731

0.0012207 0.00163739
0.00146484 0.00163238

0.00146484 0.00163242
0.00170898 0.00162624

0.00170898 0.00162626
0.00195312 0.00161876

0.00202009 0
0.0020752 9.98733e-05

0.0020752 9.13192e-05
0.00219727 4.62896e-05

0.00219727 4.16095e-05
0.00221216 0

0.00195312 0.00161879
0.00219727 0.00160987

0.00219727 0.00160996
0.00244141 0.00159938

0.00244141 0.00159944
0.00268555 0.00158688

0.00268555 0.00158689
0.00292969 0.00157219

0.00292969 0.00157224
0.00317383 0.00155528

0.00317383 0.00155533
0.00341797 0.00153593

0.00341797 0.00153604
0.00366211 0.00151389

0.00366211 0.00151397
0.00390625 0.0014887

0.00415039 0.00145997
0.00410911 0.00146484

0.00415039 0.00146013
0.00439453 0.0014272

0.00390625 0.00148853
0.00402832 0.00147464

0.00402832 0.00147463
0.00410877 0.00146484

0.00439453 0.00142737
0.00463867 0.00138971

0.00463867 0.00138992
0.00488281 0.00134678

0.00548748 0
0.00549316 1.60668e-05

0.00549316 2.73713e-05
0.00556077 0.00012207

0.00555379 0.00012207
0.00561523 0.000161285

0.00561523 0.00014284
0.0057373 0.000169539

0.0057373 0.000173334
0.00585938 0.000144892

0.00488281 0.00134696
0.00512695 0.00129757

0.00512695 0.00129723
0.00524902 0.00127003

0.00524902 0.00127008
0.00537109 0.00124096

0.00561523 0.00117693
0.00545005 0.0012207

0.00537109 0.00124118
0.00545118 0.0012207

0.00561523 0.00117741
0.00585938 0.00110296

0.00598145 3.50179e-05
0.00591267 0.00012207

0.00585938 0.000138144
0.00588606 0.00012207

0.00598145 8.16245e-05
0.0060175 0

0.00634766 0.000917905
0.00620458 0.000976562

0.00634766 0.000918705
0.0065918 0.000801636

0.00683594 0.000663697
0.00671886 0.000732422

0.0065918 0.000802636
0.00671539 0.000732422

0.00585938 0.00110343
0.00610352 0.00101727

0.00610352 0.00101776
0.00620401 0.000976562

0.00732422 0.000294285
0.00709724 0.000488281

0.00683594 0.000666526
0.00708008 0.000499007

0.00708008 0.000502995
0.00709923 0.000488281

0.00744629 0.000165929
0.0073711 0.000244141

0.00756403 0
0.00751105 0.00012207

0.00744629 0.00017264
0.00749164 0.00012207

0.00732422 0.000293244
0.00737492 0.000244141

