0 6.76958e-05
0.00012207 6.74736e-05

0.00012207 6.74596e-05
0.000244141 6.73818e-05

0.000244141 6.73821e-05
0.000366211 6.76725e-05

0.000366211 6.72486e-05
0.000488281 6.80214e-05

0.000488281 6.83343e-05
0.000610352 6.78636e-05

0.000610352 6.75318e-05
0.000732422 6.70412e-05

0.000732422 6.78403e-05
0.000976562 6.7426e-05

0 0.00164876
0.000488281 0.00164694

0.000488281 0.00164692
0.000976562 0.00164149

0.000976562 6.85388e-05
0.00109863 6.77409e-05

0.00109863 6.67127e-05
0.0012207 6.71666e-05

0.0012207 6.85661e-05
0.00134277 6.83841e-05

0.00134277 6.66997e-05
0.00146484 6.69106e-05

0.00146484 7.26823e-05
0.00158691 6.45792e-05

0.00146484 0.000122136
0.00146759 0.00012207

0.00170718 0
0.00158853 0.00012207

0.00158691 0.000122609
0.00158849 0.00012207

0.00170898 4.0808e-05
0.00172368 0

0.000976562 0.00164125
0.0012207 0.0016372

0.0012207 0.00163727
0.00146484 0.00163225

0.00146484 0.00163228
0.00170898 0.00162609

0.00170898 0.00162611
0.00195312 0.00161863

0.00201991 0
0.0020752 0.000100069

0.0020752 9.1832e-05
0.00219727 4.60324e-05

0.00219727 3.97231e-05
0.00221139 0

0.00195312 0.00161869
0.00219727 0.00160978

0.00219727 0.00160985
0.00244141 0.00159925

0.00244141 0.00159932
0.00268555 0.00158674

0.00268555 0.00158675
0.00292969 0.00157204

0.00292969 0.0015721
0.00317383 0.00155512

0.00317383 0.00155515
0.00341797 0.00153575

0.00341797 0.00153586
0.00366211 0.00151376

0.00366211 0.00151359
0.00378418 0.00150144

0.00378418 0.00150147
0.00390625 0.0014885

0.00415039 0.00145994
0.00410883 0.00146484

0.00415039 0.00146012
0.00439453 0.00142719

0.00390625 0.00148852
0.00402832 0.00147463

0.00402832 0.00147461
0.00410866 0.00146484

0.00439453 0.00142735
0.00463867 0.00138973

0.00463867 0.00138993
0.00488281 0.00134685

0.00548763 0
0.00549316 1.56602e-05

0.00549316 2.73544e-05
0.00556076 0.00012207

0.00555365 0.00012207
0.00561523 0.000161378

0.00561523 0.000142848
0.0057373 0.000169515

0.0057373 0.000173305
0.00585938 0.000144881

0.00500488 0.00132271
0.00490181 0.00134277

0.00488281 0.00134692
0.0049041 0.00134277

0.00500488 0.00132281
0.00512695 0.00129739

0.00512695 0.00129743
0.00524902 0.00127022

0.00524902 0.00127026
0.00537109 0.00124112

0.00561523 0.00117704
0.0054506 0.0012207

0.00537109 0.00124134
0.00545174 0.0012207

0.00561523 0.00117752
0.00585938 0.00110302

0.00598145 3.4982e-05
0.00591267 0.00012207

0.00585938 0.000138325
0.00588636 0.00012207

0.00598145 8.15244e-05
0.00601743 0

0.00634766 0.000918179
0.00620498 0.000976562

0.00634766 0.000919042
0.0065918 0.000802161

0.00683594 0.000664144
0.00671977 0.000732422

0.0065918 0.000801338
0.00671387 0.000735629

0.00671387 0.000734434
0.0067174 0.000732422

0.00585938 0.00110347
0.00610352 0.00101733

0.00610352 0.00101686
0.00620631 0.000976562

0.00732422 0.000294378
0.00709712 0.000488281

0.00683594 0.00066693
0.00708008 0.000499147

0.00708008 0.000502782
0.00709894 0.000488281

0.00744629 0.000166459
0.0073714 0.000244141

0.00756467 0
0.00751163 0.00012207

0.00744629 0.00017319
0.00749217 0.00012207

0.00732422 0.000293847
0.00737568 0.000244141

