0 6.76327e-05
0.00012207 6.74115e-05

0.00012207 6.73011e-05
0.000244141 6.74169e-05

0.000244141 6.75146e-05
0.000366211 6.77004e-05

0.000366211 6.71314e-05
0.000488281 6.78606e-05

0.000488281 6.83017e-05
0.000610352 6.79914e-05

0.000610352 6.73892e-05
0.000732422 6.71435e-05

0.000732422 6.80413e-05
0.000854492 6.78888e-05

0.000854492 6.69817e-05
0.000976562 6.73257e-05

0 0.00164837
0.000488281 0.00164655

0.000488281 0.00164652
0.000976562 0.00164113

0.000976562 6.82878e-05
0.00109863 6.81505e-05

0.00109863 6.69576e-05
0.0012207 6.7147e-05

0.0012207 6.84664e-05
0.00134277 6.82518e-05

0.00134277 6.66681e-05
0.00146484 6.71192e-05

0.00146484 7.29123e-05
0.00158691 6.44732e-05

0.0017069 0
0.0015885 0.00012207

0.00170898 4.08026e-05
0.00172368 0

0.000976562 0.00164091
0.0012207 0.0016369

0.0012207 0.00163695
0.00146484 0.00163195

0.00146484 0.00163198
0.00170898 0.00162583

0.00170898 0.00162582
0.00195312 0.00161847

0.00202027 0
0.0020752 9.97277e-05

0.0020752 9.11259e-05
0.00219727 4.64712e-05

0.00219727 4.21071e-05
0.00221236 0

0.00195312 0.00161863
0.00219727 0.00160979

0.00219727 0.00160976
0.00244141 0.00159917

0.00244141 0.0015993
0.00268555 0.00158676

0.00268555 0.00158674
0.00292969 0.00157202

0.00292969 0.00157209
0.00317383 0.0015551

0.00317383 0.00155511
0.00341797 0.00153569

0.00341797 0.0015358
0.00366211 0.00151369

0.00366211 0.00151352
0.00378418 0.00150136

0.00378418 0.00150139
0.00390625 0.00148842

0.00415039 0.00145986
0.00410811 0.00146484

0.00415039 0.00146002
0.00439453 0.00142712

0.00390625 0.00148843
0.00402832 0.00147455

0.00402832 0.00147453
0.00410793 0.00146484

0.00439453 0.00142731
0.00463867 0.00138974

0.00463867 0.00138993
0.00488281 0.00134692

0.00548797 0
0.00549316 1.47344e-05

0.00549316 2.72418e-05
0.00556077 0.00012207

0.0055533 0.00012207
0.00561523 0.00016161

0.00561523 0.000142859
0.0057373 0.000169475

0.0057373 0.000173257
0.00585938 0.000144888

0.00500488 0.00132282
0.00490218 0.00134277

0.00488281 0.00134701
0.0049046 0.00134277

0.00500488 0.00132293
0.00512695 0.00129756

0.00512695 0.00129759
0.00524902 0.00127043

0.00524902 0.00127047
0.00537109 0.00124137

0.00561523 0.00117737
0.00545171 0.0012207

0.00537109 0.00124157
0.00545278 0.0012207

0.00561523 0.00117781
0.00585938 0.00110336

0.00598145 3.49641e-05
0.00591271 0.00012207

0.00585938 0.000138711
0.00588698 0.00012207

0.00598145 8.12396e-05
0.00601724 0

0.00634766 0.00091859
0.006206 0.000976562

0.00634766 0.00091941
0.0065918 0.000802472

0.00683594 0.000664399
0.00672025 0.000732422

0.0065918 0.000801652
0.00671387 0.00073592

0.00671387 0.000735198
0.00671874 0.000732422

0.00585938 0.00110382
0.00610352 0.00101772

0.00610352 0.00101724
0.00620731 0.000976562

0.00732422 0.000294732
0.00709717 0.000488281

0.00683594 0.000667197
0.00708008 0.00049935

0.00708008 0.000502523
0.00709861 0.000488281

0.00744629 0.000167168
0.00737177 0.000244141

0.00756555 0
0.00751243 0.00012207

0.00744629 0.000174082
0.00749306 0.00012207

0.00732422 0.000294432
0.00737642 0.000244141

