7.13515e-05 0
7.32422e-05 5.49495e-06

7.32422e-05 1.26784e-06
9.68823e-05 2.44141e-05

9.76563e-05 1.33629e-05
0.00012207 1.30715e-05

0.00012207 1.32064e-05
0.000146484 1.27904e-05

0.000146484 1.30344e-05
0.000170898 1.28077e-05

0.000170898 1.28811e-05
0.000195313 1.27959e-05

0.000195313 1.28787e-05
0.000219727 1.28438e-05

0.000219727 1.2879e-05
0.000244141 1.2749e-05

0.000244141 1.28269e-05
0.000268555 1.27136e-05

0.000268555 1.26878e-05
0.000292969 1.27821e-05

0.000292969 1.27488e-05
0.000317383 1.29233e-05

0.000317383 1.29374e-05
0.000341797 1.27769e-05

0.000341797 1.27242e-05
0.000366211 1.27232e-05

0.000366211 1.27505e-05
0.000390625 1.29624e-05

0.000390625 1.28223e-05
0.000415039 1.2922e-05

0.000415039 1.29613e-05
0.000439453 1.28918e-05

0.000439453 1.27854e-05
0.000463867 1.2861e-05

0.000463867 1.28357e-05
0.000488281 1.31239e-05

0.000488281 1.30469e-05
0.000512695 1.30072e-05

0.000512695 1.29828e-05
0.000537109 1.29204e-05

0.000537109 1.285e-05
0.000561523 1.31158e-05

0.000561523 1.29805e-05
0.000585937 1.33006e-05

0.000585938 1.32754e-05
0.000610352 1.31489e-05

0.000610352 1.31034e-05
0.000634766 1.29961e-05

0.000634766 1.30531e-05
0.00065918 1.32175e-05

0.00065918 1.31316e-05
0.000683594 1.32035e-05

0.000683594 1.33514e-05
0.000708008 1.30227e-05

0.000708008 1.30013e-05
0.000732422 1.28629e-05

0.000732422 1.31515e-05
0.00078125 1.28992e-05

0.00078125 1.31002e-05
0.000830078 1.28395e-05

0.000830078 1.31792e-05
0.000878906 1.26868e-05

0.000878906 1.28141e-05
0.00090332 1.27879e-05

0.00090332 1.28095e-05
0.000927734 1.27736e-05

0.000927734 1.27968e-05
0.000952148 1.2755e-05

0.000952148 1.28079e-05
0.000976562 1.27169e-05

0.000976562 1.27501e-05
0.00100098 1.2675e-05

0.00100098 1.27926e-05
0.00102539 1.26278e-05

0.00102539 1.26237e-05
0.0010498 1.25731e-05

0.0010498 1.2812e-05
0.00107422 1.25385e-05

0.00107422 1.24123e-05
0.00109863 1.24084e-05

0.00109863 1.31926e-05
0.00112305 1.21525e-05

0.00112305 1.24379e-05
0.00114746 1.0978e-05

0.00114746 1.10209e-05
0.00117187 1.24182e-05

0.00117188 1.20466e-05
0.00119629 1.3192e-05

0.00119629 1.24636e-05
0.0012207 1.25222e-05

0.0012207 1.24201e-05
0.00124512 1.28988e-05

0.00124512 1.28766e-05
0.00126953 1.2771e-05

0.00126953 1.23306e-05
0.00129395 1.28416e-05

0.00129395 1.31733e-05
0.00131836 1.31884e-05

0.00131836 1.1582e-05
0.00134277 1.36116e-05

0.00134277 1.49157e-05
0.00136719 1.43847e-05

0.00139039 0
0.00136839 2.44141e-05

0.00136719 2.46543e-05
0.00136784 2.44141e-05

0.0013916 4.61984e-06
0.00139318 0

0.00146286 0
0.00146484 5.80032e-06

0.00146484 2.77701e-06
0.0014859 2.44141e-05

0.00148703 2.44141e-05
0.00148926 2.51771e-05

0.00148926 1.54973e-05
0.00151367 1.68223e-05

0.0015126 2.44141e-05
0.00151367 2.44387e-05

0.00151367 1.66682e-05
0.00153809 1.58225e-05

0.0015625 3.27695e-06
0.00154169 2.44141e-05

0.00153809 2.53097e-05
0.00154074 2.44141e-05

0.000390625 0.00311567
6.18221e-05 0.003125

0.000390625 0.00311594
0.00078125 0.00308215

0.00078125 0.00308284
0.00117187 0.00302444

0.00117187 0.00302308
0.00136719 0.00298403

0.00136719 0.00298417
0.0015625 0.00293771

0.0015625 6.0862e-06
0.00156459 0

0.00165556 0
0.00166016 1.10344e-05

0.00166016 1.0626e-05
0.00167609 2.44141e-05

0.00167509 2.44141e-05
0.00168457 2.76144e-05

0.00168457 1.75732e-05
0.00170898 1.74227e-05

0.00168457 2.44706e-05
0.00170269 2.44141e-05

0.0017334 1.01677e-05
0.00171746 2.44141e-05

0.00170898 2.76393e-05
0.00171834 2.44141e-05

0.0017334 9.04679e-06
0.00173707 0

0.0017991 0
0.00180664 1.55745e-05

0.00180664 1.03843e-05
0.00183105 1.09045e-05

0.00183105 7.05156e-06
0.00184899 0

0.00185747 0
0.00187988 1.65061e-05

0.00187988 6.99805e-06
0.0019043 1.14134e-05

0.0019043 8.43815e-06
0.00192871 1.1024e-05

0.00192871 9.27887e-06
0.00195312 1.19048e-05

0.00195312 9.21282e-06
0.00197754 1.32722e-05

0.00197754 1.37702e-05
0.00200195 1.2538e-05

0.00200195 1.62846e-05
0.00202637 4.58588e-06

0.00202637 5.05995e-06
0.00205078 8.25267e-06

0.00205078 8.59104e-06
0.0020752 1.53954e-05

0.0020752 9.25715e-06
0.00209961 1.16956e-05

0.00209961 1.35558e-05
0.00212402 1.35261e-05

0.00212402 1.3194e-05
0.00214844 7.7199e-06

0.00214844 7.2726e-06
0.00217285 1.31339e-05

0.00217285 1.40408e-05
0.00219727 1.40618e-05

0.00219727 1.32585e-05
0.00222168 7.17589e-06

0.00222168 7.10292e-06
0.00224609 1.35561e-05

0.00224609 1.42805e-05
0.00227051 1.40948e-05

0.00227051 1.40665e-05
0.00229492 6.34449e-06

0.00229492 7.15949e-06
0.00231934 1.19097e-05

0.00231934 1.03107e-05
0.00234375 1.55765e-05

0.00234375 1.55917e-05
0.00236816 1.04426e-05

0.00236816 1.25672e-05
0.00239258 6.49921e-06

0.00239258 6.51045e-06
0.00241699 1.26226e-05

0.00241699 1.04258e-05
0.00244141 1.55967e-05

0.00244141 1.55892e-05
0.00246582 1.04041e-05

0.00246582 1.25404e-05
0.00249023 6.60428e-06

0.00249023 6.60802e-06
0.00251465 1.26172e-05

0.00251465 1.046e-05
0.00253906 1.55435e-05

0.00253906 1.55362e-05
0.00256348 1.04356e-05

0.00256348 1.25085e-05
0.00258789 6.72722e-06

0.00258789 6.72326e-06
0.0026123 1.26338e-05

0.0026123 1.05927e-05
0.00263672 1.54186e-05

0.00263672 1.53675e-05
0.00266113 1.03899e-05

0.00266113 1.18265e-05
0.00268555 7.59608e-06

0.00268555 6.77853e-06
0.00270996 1.40448e-05

0.00270996 1.40376e-05
0.00273438 1.42499e-05

0.00273437 1.40382e-05
0.00275879 7.07054e-06

0.00275879 7.88811e-06
0.0027832 1.18174e-05

0.0027832 1.05881e-05
0.00280762 1.51481e-05

0.00280762 1.51421e-05
0.00283203 1.05973e-05

0.00283203 1.19229e-05
0.00285645 7.79833e-06

0.00285645 7.06911e-06
0.00288086 1.38232e-05

0.00288086 1.388e-05
0.00290527 1.40926e-05

0.00290527 1.32252e-05
0.00292969 7.95177e-06

0.00292969 8.37658e-06
0.0029541 1.29939e-05

0.0029541 1.34154e-05
0.00297852 1.3487e-05

0.00297852 1.16944e-05
0.00300293 9.77048e-06

0.00300293 1.00071e-05
0.00302734 1.44193e-05

0.00302734 1.27495e-05
0.00305176 1.4599e-05

0.00305176 1.31766e-05
0.00307617 1.39324e-05

0.00307617 1.36206e-05
0.00310059 1.48635e-05

0.00310059 1.40454e-05
0.003125 1.49829e-05

0.00175781 0.00288338
0.00159223 0.00292969

0.0015625 0.0029376
0.00159081 0.00292969

0.00175781 0.00288365
0.00195312 0.00281977

0.00234375 0.00266046
0.0021756 0.00273438

0.00195312 0.00281998
0.00214844 0.00274578

0.00214844 0.0027455
0.00217481 0.00273438

0.00292969 0.00230861
0.00288165 0.00234375

0.003125 0.00214455
0.00312077 0.00214844

0.00302734 0.0022308
0.00300859 0.00224609

0.00297852 0.00226938
0.00294598 0.00229492

0.00292969 0.00230823
0.0029469 0.00229492

0.00297852 0.00226896
0.00300698 0.00224609

0.00302734 0.00223077
0.00312072 0.00214844

0.00244141 0.0026123
0.00239148 0.00263672

0.00234375 0.00265961
0.00239056 0.00263672

0.00244141 0.00261217
0.00253906 0.00256063

0.00273438 0.00244584
0.00257814 0.00253906

0.00253906 0.00256096
0.00257745 0.00253906

0.00283203 0.00237953
0.00273979 0.00244141

0.00273438 0.00244471
0.00273952 0.00244141

0.00283203 0.00237915
0.00288088 0.00234375

0 0.0031268
6.32503e-05 0.003125

0.003125 1.4528e-05
0.00314941 1.54476e-05

0.00314941 1.49006e-05
0.00317383 1.56284e-05

0.00317383 1.51776e-05
0.00319824 1.60126e-05

0.00319824 1.549e-05
0.00322266 1.64624e-05

0.00322266 1.59541e-05
0.00324707 1.69352e-05

0.00324707 1.6328e-05
0.00327148 1.73851e-05

0.00327148 1.65139e-05
0.0032959 1.83262e-05

0.0032959 1.79179e-05
0.00332031 1.92738e-05

0.00332031 1.825e-05
0.00334473 1.93019e-05

0.00334473 1.94963e-05
0.00336914 1.97991e-05

0.00336914 1.33947e-05
0.00339282 2.44141e-05

0.00339209 2.44141e-05
0.00339355 2.49676e-05

0.00339355 2.69273e-05
0.00341797 4.82837e-05

0.00341758 4.88281e-05
0.00341797 4.92133e-05

0.00341797 4.82449e-05
0.00341856 4.88281e-05

0.00341797 4.92958e-05
0.00344129 7.32422e-05

0.00344138 7.32422e-05
0.00344238 7.43135e-05

0.00344238 7.45547e-05
0.00346345 9.76563e-05

0.00346405 9.76563e-05
0.0034668 0.000100804

0.0034668 0.000101381
0.00350445 0.000146484

0.00350461 0.000146484
0.00351563 0.000161316

0.00351563 0.000161891
0.00354031 0.000195313

0.0035405 0.000195313
0.00356445 0.00023185

0.00356445 0.000232844
0.00357166 0.000244141

0.00357223 0.000244141
0.0036006 0.000292969

0.00360118 0.000292969
0.00361328 0.000317739

0.00361328 0.000318516
0.00362524 0.000341797

0.00362545 0.000341797
0.0036477 0.000390625

0.00364836 0.000390625
0.00368517 0.000488281

0.00368489 0.000488281
0.00371094 0.000582006

0.00371094 0.000582221
0.00371197 0.000585938

0.00371183 0.000585937
0.00373027 0.000683594

0.00372991 0.000683594
0.00374076 0.00078125

0.00374273 0.00078125
0.00374284 0.000976562

0.00374252 0.000976562
0.00371433 0.00117188

0.00371094 0.00118379
0.00365849 0.00136719

0.00365889 0.00136719
0.00357452 0.0015625

0.00371094 0.00118454
0.00371411 0.00117187

0.00332031 0.00194034
0.00330973 0.00195312

0.00351563 0.0016639
0.00346029 0.00175781

0.00341797 0.00181459
0.00338875 0.00185547

0.00332031 0.00194027
0.00338893 0.00185547

0.00341797 0.00181478
0.00345849 0.00175781

0.00322266 0.00204887
0.00322082 0.00205078

0.003125 0.00214497
0.00322101 0.00205078

0.00322266 0.00204906
0.00331014 0.00195313

0.00357295 0.0015625
0.00351967 0.00166016

0.00351563 0.00166383
0.00351782 0.00166016

