7.15793e-05 0
7.32422e-05 4.85738e-06

7.42609e-05 0
9.65459e-05 2.44141e-05

9.76563e-05 1.41486e-05
0.00012207 1.47566e-05

0.00012207 1.36227e-05
0.000146484 1.17771e-05

0.000146484 1.309e-05
0.000170898 1.31457e-05

0.000170898 1.28615e-05
0.000195313 1.26169e-05

0.000195313 1.29345e-05
0.000219727 1.29568e-05

0.000219727 1.28092e-05
0.000244141 1.27004e-05

0.000244141 1.28223e-05
0.000268555 1.29165e-05

0.000268555 1.28138e-05
0.000292969 1.28279e-05

0.000292969 1.29098e-05
0.000317383 1.28488e-05

0.000317383 1.286e-05
0.000341797 1.26961e-05

0.000341797 1.26862e-05
0.000366211 1.28432e-05

0.000366211 1.2829e-05
0.000390625 1.29465e-05

0.000390625 1.28388e-05
0.000415039 1.28555e-05

0.000415039 1.29219e-05
0.000439453 1.28772e-05

0.000439453 1.27557e-05
0.000463867 1.28758e-05

0.000463867 1.2844e-05
0.000488281 1.3124e-05

0.000488281 1.30244e-05
0.000512695 1.30032e-05

0.000512695 1.29838e-05
0.000537109 1.29541e-05

0.000537109 1.28735e-05
0.000561523 1.31121e-05

0.000561523 1.30564e-05
0.000585937 1.32209e-05

0.000585938 1.31606e-05
0.000610352 1.30604e-05

0.000610352 1.30463e-05
0.000634766 1.30876e-05

0.000634766 1.30621e-05
0.00065918 1.32178e-05

0.00065918 1.31951e-05
0.000683594 1.31621e-05

0.000683594 1.32166e-05
0.000708008 1.30159e-05

0.000708008 1.30835e-05
0.000732422 1.29862e-05

0.000732422 1.30998e-05
0.000756836 1.29939e-05

0.000756836 1.29819e-05
0.00078125 1.29373e-05

0.00078125 1.30653e-05
0.000830078 1.28648e-05

0.000830078 1.31789e-05
0.000878906 1.26856e-05

0.000878906 1.28132e-05
0.00090332 1.27802e-05

0.00090332 1.28105e-05
0.000927734 1.27612e-05

0.000927734 1.27847e-05
0.000952148 1.27398e-05

0.000952148 1.28029e-05
0.000976562 1.27062e-05

0.000976562 1.27258e-05
0.00100098 1.26642e-05

0.00100098 1.28044e-05
0.00102539 1.26192e-05

0.00102539 1.25765e-05
0.0010498 1.25572e-05

0.0010498 1.27817e-05
0.00107422 1.26153e-05

0.00107422 1.24791e-05
0.00109863 1.24255e-05

0.00109863 1.3179e-05
0.00112305 1.21443e-05

0.00112305 1.24881e-05
0.00114746 1.10171e-05

0.00114746 1.1009e-05
0.00117187 1.23914e-05

0.00117188 1.21335e-05
0.00119629 1.31763e-05

0.00119629 1.23922e-05
0.0012207 1.24154e-05

0.0012207 1.24549e-05
0.00124512 1.28868e-05

0.00124512 1.26443e-05
0.00126953 1.27582e-05

0.00126953 1.23292e-05
0.00129395 1.31705e-05

0.00129395 1.32924e-05
0.00131836 1.32932e-05

0.00131836 1.20406e-05
0.00134277 1.34602e-05

0.00134277 1.46404e-05
0.00136719 1.40041e-05

0.00139077 0
0.00136817 2.44141e-05

0.0013916 5.73619e-06
0.00139359 0

0.00146286 0
0.00146484 5.77553e-06

0.00146484 2.97161e-06
0.00148581 2.44141e-05

0.0014873 2.44141e-05
0.00148926 2.50792e-05

0.00148926 1.56524e-05
0.00151367 1.67123e-05

0.00151367 1.65587e-05
0.00153809 1.57174e-05

0.0015625 3.38196e-06
0.00154165 2.44141e-05

0.00153809 2.52655e-05
0.00154062 2.44141e-05

0.000390625 0.00311481
3.06506e-05 0.003125

0.000390625 0.00311508
0.00078125 0.00308136

0.00078125 0.00308205
0.00117187 0.00302377

0.00117187 0.00302241
0.00136719 0.00298344

0.00136719 0.00298359
0.0015625 0.00293722

0.0015625 6.18953e-06
0.00156463 0

0.00165556 0
0.00166016 1.10331e-05

0.00166016 1.06361e-05
0.00167609 2.44141e-05

0.0016751 2.44141e-05
0.00168457 2.76098e-05

0.00168457 1.75749e-05
0.00170898 1.74201e-05

0.00168457 2.44701e-05
0.00170202 2.44141e-05

0.0017334 1.01695e-05
0.00171747 2.44141e-05

0.00170898 2.76344e-05
0.00171832 2.44141e-05

0.0017334 9.03727e-06
0.00173707 0

0.00179909 0
0.00180664 1.55898e-05

0.00180664 1.03802e-05
0.00183105 1.08867e-05

0.00183105 7.04255e-06
0.00184904 0

0.00185747 0
0.00187988 1.65104e-05

0.00187988 7.00944e-06
0.0019043 1.14201e-05

0.0019043 8.44324e-06
0.00192871 1.10185e-05

0.00192871 9.28268e-06
0.00195312 1.19085e-05

0.00195312 9.21637e-06
0.00197754 1.32686e-05

0.00197754 1.3768e-05
0.00200195 1.2539e-05

0.00200195 1.6282e-05
0.00202637 4.59248e-06

0.00202637 5.07037e-06
0.00205078 8.24908e-06

0.00205078 8.5787e-06
0.0020752 1.53985e-05

0.0020752 9.27342e-06
0.00209961 1.17047e-05

0.00209961 1.35687e-05
0.00212402 1.34955e-05

0.00212402 1.31079e-05
0.00214844 7.77432e-06

0.00214844 7.33516e-06
0.00217285 1.322e-05

0.00217285 1.41679e-05
0.00219727 1.3955e-05

0.00219727 1.32781e-05
0.00222168 6.99495e-06

0.00222168 6.91747e-06
0.00224609 1.35581e-05

0.00224609 1.41515e-05
0.00227051 1.42473e-05

0.00227051 1.41569e-05
0.00229492 6.44658e-06

0.00229492 7.24827e-06
0.00231934 1.18161e-05

0.00231934 1.03055e-05
0.00234375 1.55749e-05

0.00234375 1.55872e-05
0.00236816 1.04456e-05

0.00236816 1.25699e-05
0.00239258 6.4999e-06

0.00239258 6.50983e-06
0.00241699 1.26193e-05

0.00241699 1.04244e-05
0.00244141 1.55981e-05

0.00244141 1.55904e-05
0.00246582 1.04024e-05

0.00246582 1.25387e-05
0.00249023 6.60231e-06

0.00249023 6.60646e-06
0.00251465 1.26186e-05

0.00251465 1.04601e-05
0.00253906 1.55427e-05

0.00253906 1.55356e-05
0.00256348 1.04347e-05

0.00256348 1.2509e-05
0.00258789 6.72587e-06

0.00258789 6.72138e-06
0.0026123 1.26326e-05

0.0026123 1.05924e-05
0.00263672 1.54182e-05

0.00263672 1.53672e-05
0.00266113 1.03865e-05

0.00266113 1.18216e-05
0.00268555 7.59703e-06

0.00268555 6.778e-06
0.00270996 1.40488e-05

0.00270996 1.40409e-05
0.00273438 1.42487e-05

0.00273437 1.40454e-05
0.00275879 7.06092e-06

0.00275879 7.87722e-06
0.0027832 1.18117e-05

0.0027832 1.05825e-05
0.00280762 1.51556e-05

0.00280762 1.51488e-05
0.00283203 1.05907e-05

0.00283203 1.19112e-05
0.00285645 7.7949e-06

0.00285645 7.06933e-06
0.00288086 1.38337e-05

0.00288086 1.38882e-05
0.00290527 1.40822e-05

0.00290527 1.31949e-05
0.00292969 7.96769e-06

0.00292969 8.41754e-06
0.0029541 1.30069e-05

0.0029541 1.34049e-05
0.00297852 1.34515e-05

0.00297852 1.15911e-05
0.00300293 9.89476e-06

0.00300293 1.01442e-05
0.00302734 1.45236e-05

0.00302734 1.28405e-05
0.00305176 1.45158e-05

0.00305176 1.32154e-05
0.00307617 1.3888e-05

0.00307617 1.36295e-05
0.00310059 1.47363e-05

0.00310059 1.39705e-05
0.003125 1.48351e-05

0.00175781 0.00288298
0.00159048 0.00292969

0.0015625 0.00293712
0.00158912 0.00292969

0.00175781 0.00288325
0.00195312 0.00281948

0.00234375 0.0026604
0.00217521 0.00273438

0.00195312 0.00281969
0.00214844 0.0027456

0.00214844 0.00274532
0.00217442 0.00273438

0.00292969 0.00230901
0.00288213 0.00234375

0.003125 0.00214517
0.00312145 0.00214844

0.00302734 0.00223133
0.00300922 0.00224609

0.00297852 0.00226984
0.0029465 0.00229492

0.00292969 0.00230863
0.00294745 0.00229492

0.00297852 0.00226945
0.00300759 0.00224609

0.00302734 0.00223129
0.00312144 0.00214844

0.00244141 0.0026123
0.00239141 0.00263672

0.00234375 0.00265955
0.0023905 0.00263672

0.00244141 0.00261218
0.00253906 0.00256071

0.00273438 0.00244607
0.00257831 0.00253906

0.00253906 0.00256104
0.00257764 0.00253906

0.00283203 0.00237984
0.00274013 0.00244141

0.00273438 0.002445
0.00273999 0.00244141

0.00283203 0.00237948
0.00288138 0.00234375

0 0.00312592
3.23616e-05 0.003125

0.003125 1.43646e-05
0.00314941 1.53671e-05

0.00314941 1.478e-05
0.00317383 1.56502e-05

0.00317383 1.51228e-05
0.00319824 1.60557e-05

0.00319824 1.53687e-05
0.00322266 1.66513e-05

0.00322266 1.60076e-05
0.00324707 1.74239e-05

0.00324707 1.69762e-05
0.00327148 1.7625e-05

0.00327148 1.65921e-05
0.0032959 1.80554e-05

0.0032959 1.82863e-05
0.00332031 1.91385e-05

0.00332031 1.78838e-05
0.00334473 1.84605e-05

0.00334473 1.89947e-05
0.00336914 1.95834e-05

0.00336914 1.27251e-05
0.00339291 2.44141e-05

0.00339057 2.44141e-05
0.00339355 2.56155e-05

0.00339355 2.4118e-05
0.00339384 2.44141e-05

0.00339355 2.73823e-05
0.0034178 4.88281e-05

0.00341756 4.88281e-05
0.00341797 4.9231e-05

0.00341797 4.96403e-05
0.00344124 7.32422e-05

0.00344129 7.32422e-05
0.00344238 7.43957e-05

0.00344238 7.45997e-05
0.00346355 9.76563e-05

0.00346411 9.76563e-05
0.0034668 0.00010073

0.0034668 0.000101569
0.00348444 0.00012207

0.00348426 0.00012207
0.00349121 0.000130556

0.00349121 0.000130195
0.00350438 0.000146484

0.00350476 0.000146484
0.00351563 0.000161076

0.00351563 0.000161675
0.00354051 0.000195313

0.00354071 0.000195313
0.00356445 0.000231504

0.00356445 0.000232517
0.00357189 0.000244141

0.00357245 0.000244141
0.00360085 0.000292969

0.00360144 0.000292969
0.00361328 0.000317181

0.00361328 0.000318011
0.00362552 0.000341797

0.00362574 0.000341797
0.00364802 0.000390625

0.00364867 0.000390625
0.00368556 0.000488281

0.00368527 0.000488281
0.00371094 0.000580438

0.00371094 0.0005807
0.0037124 0.000585938

0.00371227 0.000585937
0.00373076 0.000683594

0.00373039 0.000683594
0.00374129 0.00078125

0.00374326 0.00078125
0.00374346 0.000976562

0.00374312 0.000976562
0.00371501 0.00117188

0.00371094 0.00118622
0.00365923 0.00136719

0.00365962 0.00136719
0.00357529 0.0015625

0.00371094 0.00118712
0.00371475 0.00117187

0.00332031 0.0019413
0.00331051 0.00195312

0.00351563 0.00166527
0.00346111 0.00175781

0.00341797 0.00181571
0.00338956 0.00185547

0.00332031 0.00194124
0.00338975 0.00185547

0.00341797 0.0018159
0.00345933 0.00175781

0.00322266 0.00204965
0.00322157 0.00205078

0.003125 0.00214564
0.00322177 0.00205078

0.00322266 0.00204986
0.00331093 0.00195313

0.0035737 0.0015625
0.00352045 0.00166016

0.00351563 0.00166517
0.00351862 0.00166016

