0 6.72651e-05
0.00012207 6.7528e-05

0.00012207 6.74328e-05
0.000244141 6.77478e-05

0.000244141 6.80339e-05
0.000366211 6.7224e-05

0.000366211 6.69306e-05
0.000488281 6.70564e-05

0.000488281 6.76205e-05
0.000610352 6.78225e-05

0.000610352 6.69431e-05
0.000732422 6.73414e-05

0.000732422 6.81925e-05
0.000854492 6.78378e-05

0.000854492 6.68074e-05
0.000976562 6.6954e-05

0 0.00164738
0.000488281 0.00164562

0.000488281 0.00164567
0.000976562 0.0016403

0.000976562 6.83034e-05
0.00109863 6.7943e-05

0.00109863 6.65464e-05
0.0012207 6.66841e-05

0.0012207 6.8319e-05
0.00134277 6.81301e-05

0.00134277 6.63205e-05
0.00146484 6.66319e-05

0.00146484 7.26829e-05
0.00158691 6.42247e-05

0.00170639 0
0.00158821 0.00012207

0.00170898 4.07925e-05
0.00172369 0

0.000976562 0.00164031
0.00146484 0.00163122

0.00146484 0.00163111
0.00170898 0.00162512

0.00170898 0.00162515
0.00195312 0.00161787

0.00201995 0
0.0020752 0.000100008

0.0020752 9.17436e-05
0.00219727 4.59711e-05

0.00219727 4.00695e-05
0.00221129 0

0.00195312 0.00161795
0.00219727 0.00160914

0.00219727 0.00160919
0.00244141 0.00159862

0.00244141 0.00159864
0.00268555 0.00158617

0.00268555 0.0015862
0.00292969 0.00157172

0.00292969 0.0015718
0.00317383 0.00155506

0.00317383 0.00155514
0.00341797 0.00153583

0.00341797 0.00153588
0.00366211 0.00151376

0.00366211 0.00151384
0.00390625 0.00148862

0.00415039 0.00145986
0.00410815 0.00146484

0.00415039 0.0014601
0.00439453 0.00142723

0.00390625 0.0014888
0.00410946 0.00146484

0.00439453 0.00142737
0.00463867 0.00138991

0.00463867 0.00139018
0.00488281 0.00134731

0.0054894 0
0.00549316 1.07854e-05

0.00549316 2.66376e-05
0.00556088 0.00012207

0.00555163 0.00012207
0.00561523 0.000162693

0.00561523 0.000142884
0.0057373 0.000169278

0.0057373 0.000173028
0.00585938 0.000144912

0.00488281 0.00134749
0.00512695 0.00129832

0.00512695 0.00129858
0.00537109 0.00124225

0.00561523 0.00117803
0.00545382 0.0012207

0.00537109 0.001242
0.00545474 0.0012207

0.00561523 0.00117846
0.00585938 0.00110419

0.00598145 3.49306e-05
0.00591291 0.00012207

0.00585938 0.000140245
0.00588946 0.00012207

0.00598145 7.99786e-05
0.00601644 0

0.00634766 0.000919427
0.00620822 0.000976562

0.00634766 0.00092022
0.0065918 0.000803015

0.00683594 0.000664732
0.00672063 0.000732422

0.0065918 0.000804037
0.00671789 0.000732422

0.00585938 0.00110468
0.00610352 0.00101869

0.00610352 0.00101922
0.00620763 0.000976562

0.00732422 0.000297219
0.00709928 0.000488281

0.00683594 0.000667801
0.00708008 0.000500788

0.00708008 0.000503776
0.00710031 0.000488281

0.00744629 0.000169063
0.00737318 0.000244141

0.00756777 0
0.00751462 0.00012207

0.00744629 0.000176843
0.00749575 0.00012207

0.00732422 0.000296055
0.00737803 0.000244141

