7.14213e-05 0
7.32422e-05 5.29618e-06

7.35839e-05 0
9.66486e-05 2.44141e-05

9.73854e-05 2.44141e-05
9.76563e-05 2.45096e-05

9.76563e-05 1.38477e-05
0.00012207 1.43242e-05

0.00012207 1.33917e-05
0.000146484 1.23861e-05

0.000146484 1.33954e-05
0.000170898 1.33151e-05

0.000170898 1.31043e-05
0.000195313 1.25585e-05

0.000195313 1.28994e-05
0.000219727 1.30363e-05

0.000219727 1.29923e-05
0.000244141 1.28636e-05

0.000244141 1.29907e-05
0.000268555 1.27634e-05

0.000268555 1.27806e-05
0.000292969 1.27559e-05

0.000292969 1.28145e-05
0.000317383 1.2905e-05

0.000317383 1.29159e-05
0.000341797 1.27474e-05

0.000341797 1.27937e-05
0.000366211 1.269e-05

0.000366211 1.26624e-05
0.000390625 1.28563e-05

0.000390625 1.27692e-05
0.000415039 1.29852e-05

0.000415039 1.29398e-05
0.000439453 1.28823e-05

0.000439453 1.28673e-05
0.000463867 1.28062e-05

0.000463867 1.27322e-05
0.000488281 1.30041e-05

0.000488281 1.28857e-05
0.000512695 1.31709e-05

0.000512695 1.31105e-05
0.000537109 1.30308e-05

0.000537109 1.30096e-05
0.000561523 1.29335e-05

0.000561523 1.28511e-05
0.000585937 1.31821e-05

0.000585938 1.30821e-05
0.000610352 1.3333e-05

0.000610352 1.33221e-05
0.000634766 1.30715e-05

0.000634766 1.3161e-05
0.00065918 1.28939e-05

0.00065918 1.29439e-05
0.000683594 1.30685e-05

0.000683594 1.30623e-05
0.000708008 1.317e-05

0.000708008 1.31974e-05
0.000732422 1.29688e-05

0.000732422 1.30747e-05
0.000756836 1.28315e-05

0.000756836 1.29081e-05
0.00078125 1.29136e-05

0.00078125 1.29685e-05
0.000830078 1.29225e-05

0.000830078 1.31624e-05
0.000878906 1.2669e-05

0.000878906 1.28001e-05
0.00090332 1.27594e-05

0.00090332 1.27936e-05
0.000927734 1.27344e-05

0.000927734 1.27719e-05
0.000952148 1.2705e-05

0.000952148 1.27652e-05
0.000976562 1.26698e-05

0.000976562 1.27158e-05
0.00100098 1.26286e-05

0.00100098 1.2736e-05
0.00102539 1.25783e-05

0.00102539 1.26038e-05
0.0010498 1.25229e-05

0.0010498 1.27093e-05
0.00107422 1.24936e-05

0.00107422 1.24347e-05
0.00109863 1.23964e-05

0.00109863 1.29208e-05
0.00112305 1.22298e-05

0.00112305 1.23063e-05
0.00114746 1.15904e-05

0.00114746 1.15477e-05
0.00117187 1.26534e-05

0.00117188 1.23588e-05
0.00119629 1.30122e-05

0.00119629 1.25225e-05
0.0012207 1.2571e-05

0.0012207 1.25439e-05
0.00124512 1.2894e-05

0.00124512 1.27136e-05
0.00126953 1.28652e-05

0.00126953 1.26307e-05
0.00129395 1.30188e-05

0.00129395 1.29304e-05
0.00131836 1.31941e-05

0.00131836 1.2804e-05
0.00134277 1.32196e-05

0.00134277 1.31675e-05
0.00136719 1.35523e-05

0.0013916 1.31181e-06
0.00136809 2.44141e-05

0.0013916 5.4491e-06
0.00139348 0

0.00146302 0
0.00146484 5.37517e-06

0.00146484 3.02822e-06
0.00148565 2.44141e-05

0.00148611 2.44141e-05
0.00148926 2.54904e-05

0.00148926 1.60413e-05
0.00151367 1.65195e-05

0.00151287 2.44141e-05
0.00151367 2.44201e-05

0.00151367 1.60908e-05
0.00153809 1.53836e-05

0.0015625 3.92392e-06
0.00154162 2.44141e-05

0.00153809 2.53256e-05
0.00154088 2.44141e-05

0 0.0031211
0.000390625 0.00311024

0.000390625 0.00311057
0.00078125 0.00307731

0.00078125 0.00307797
0.00117187 0.00302032

0.00117187 0.00301897
0.00136719 0.0029804

0.00136719 0.00298056
0.0015625 0.00293464

0.0015625 6.41762e-06
0.00156471 0

0.00165558 0
0.00166016 1.09832e-05

0.00166016 1.06384e-05
0.00167608 2.44141e-05

0.0016751 2.44141e-05
0.00168457 2.76089e-05

0.00168457 1.75602e-05
0.00170898 1.74003e-05

0.00168457 2.44726e-05
0.00170174 2.44141e-05

0.0017334 1.01836e-05
0.00171745 2.44141e-05

0.00170898 2.76071e-05
0.00171826 2.44141e-05

0.0017334 9.08928e-06
0.00173709 0

0.00179916 0
0.00180664 1.55137e-05

0.00180664 1.03203e-05
0.00183105 1.09793e-05

0.00183105 7.04316e-06
0.00184917 0

0.00185741 0
0.00187988 1.65269e-05

0.00187988 7.07561e-06
0.0019043 1.14246e-05

0.0019043 8.47269e-06
0.00192871 1.09962e-05

0.00192871 9.29491e-06
0.00195312 1.1915e-05

0.00195312 9.22548e-06
0.00197754 1.32618e-05

0.00197754 1.37606e-05
0.00200195 1.25465e-05

0.00200195 1.62736e-05
0.00202637 4.62228e-06

0.00202637 5.09832e-06
0.00205078 8.25188e-06

0.00205078 8.60717e-06
0.0020752 1.53705e-05

0.0020752 9.25083e-06
0.00209961 1.16945e-05

0.00209961 1.35522e-05
0.00212402 1.35266e-05

0.00212402 1.32007e-05
0.00214844 7.71121e-06

0.00214844 7.25849e-06
0.00217285 1.31281e-05

0.00217285 1.40352e-05
0.00219727 1.40727e-05

0.00219727 1.33282e-05
0.00222168 7.10799e-06

0.00222168 7.0155e-06
0.00224609 1.34925e-05

0.00224609 1.41706e-05
0.00227051 1.42097e-05

0.00227051 1.4128e-05
0.00229492 6.43226e-06

0.00229492 7.23445e-06
0.00231934 1.18391e-05

0.00231934 1.03074e-05
0.00234375 1.55707e-05

0.00234375 1.55857e-05
0.00236816 1.04487e-05

0.00236816 1.25717e-05
0.00239258 6.50164e-06

0.00239258 6.51227e-06
0.00241699 1.26175e-05

0.00241699 1.04233e-05
0.00244141 1.55982e-05

0.00244141 1.55911e-05
0.00246582 1.04041e-05

0.00246582 1.25385e-05
0.00249023 6.6027e-06

0.00249023 6.60771e-06
0.00251465 1.26199e-05

0.00251465 1.04615e-05
0.00253906 1.55422e-05

0.00253906 1.55348e-05
0.00256348 1.04358e-05

0.00256348 1.25068e-05
0.00258789 6.73117e-06

0.00258789 6.73109e-06
0.0026123 1.26306e-05

0.0026123 1.05941e-05
0.00263672 1.54069e-05

0.00263672 1.53542e-05
0.00266113 1.03884e-05

0.00266113 1.18199e-05
0.00268555 7.61027e-06

0.00268555 6.78777e-06
0.00270996 1.40445e-05

0.00270996 1.40422e-05
0.00273438 1.42436e-05

0.00273437 1.40279e-05
0.00275879 7.07527e-06

0.00275879 7.89029e-06
0.0027832 1.18318e-05

0.0027832 1.0607e-05
0.00280762 1.51401e-05

0.00280762 1.51276e-05
0.00283203 1.05942e-05

0.00283203 1.18936e-05
0.00285645 7.85344e-06

0.00285645 7.13956e-06
0.00288086 1.38283e-05

0.00288086 1.3864e-05
0.00290527 1.40668e-05

0.00290527 1.32113e-05
0.00292969 8.02808e-06

0.00292969 8.47098e-06
0.0029541 1.29605e-05

0.0029541 1.32843e-05
0.00297852 1.35278e-05

0.00297852 1.17694e-05
0.00300293 9.98386e-06

0.00300293 1.02143e-05
0.00302734 1.42862e-05

0.00302734 1.27272e-05
0.00305176 1.44718e-05

0.00305176 1.31508e-05
0.00307617 1.38728e-05

0.00307617 1.35846e-05
0.00310059 1.46941e-05

0.00310059 1.39257e-05
0.003125 1.47992e-05

0.00175781 0.00288087
0.00158123 0.00292969

0.0015625 0.00293459
0.00158024 0.00292969

0.00175781 0.00288116
0.00195312 0.00281804

0.00234375 0.00266042
0.00217381 0.00273438

0.00195312 0.0028183
0.00214844 0.00274492

0.00214844 0.00274465
0.00217303 0.00273438

0.00292969 0.00231154
0.00288526 0.00234375

0.00302734 0.00223447
0.00301302 0.00224609

0.00297852 0.00227261
0.00294979 0.00229492

0.00292969 0.00231113
0.00295092 0.00229492

0.00297852 0.00227246
0.0030113 0.00224609

0.00302734 0.00223434
0.003125 0.00214887

0.00244141 0.00261271
0.00239184 0.00263672

0.00234375 0.00265961
0.00239101 0.00263672

0.00244141 0.00261261
0.00253906 0.00256154

0.00273438 0.00244774
0.00257999 0.00253906

0.00253906 0.00256189
0.00257943 0.00253906

0.00283203 0.00238193
0.00274265 0.00244141

0.00273438 0.00244686
0.00274297 0.00244141

0.00283203 0.00238175
0.00288466 0.00234375

0.003125 1.42836e-05
0.00314941 1.53712e-05

0.00314941 1.46792e-05
0.00317383 1.58057e-05

0.00317383 1.52284e-05
0.00319824 1.63052e-05

0.00319824 1.57487e-05
0.00322266 1.65871e-05

0.00322266 1.59905e-05
0.00324707 1.70223e-05

0.00324707 1.66387e-05
0.00327148 1.75646e-05

0.00327148 1.67835e-05
0.0032959 1.79505e-05

0.0032959 1.74843e-05
0.00332031 1.89513e-05

0.00332031 1.83405e-05
0.00334473 1.93027e-05

0.00334473 1.90121e-05
0.00336914 1.9348e-05

0.00336914 1.32155e-05
0.00339215 2.44141e-05

0.00339132 2.44141e-05
0.00339355 2.52821e-05

0.00339355 2.70578e-05
0.00341797 4.83702e-05

0.00341749 4.88281e-05
0.00341797 4.9305e-05

0.00341797 4.83936e-05
0.00341841 4.88281e-05

0.00341797 4.93712e-05
0.00344136 7.32422e-05

0.00344145 7.32422e-05
0.00344238 7.42278e-05

0.00344238 7.44398e-05
0.00346375 9.76563e-05

0.00346436 9.76563e-05
0.0034668 0.000100422

0.0034668 0.000100977
0.00350513 0.000146484

0.00350531 0.000146484
0.00351563 0.000160192

0.00351563 0.000160875
0.0035413 0.000195313

0.00354155 0.000195313
0.00356445 0.000229953

0.00356445 0.000231094
0.00357289 0.000244141

0.00357349 0.000244141
0.00360209 0.000292969

0.00360275 0.000292969
0.00361328 0.000314351

0.00361328 0.000315436
0.00362694 0.000341797

0.00362716 0.000341797
0.00364961 0.000390625

0.00365027 0.000390625
0.00368744 0.000488281

0.00368717 0.000488281
0.00371094 0.000572831

0.00371094 0.000573294
0.00371449 0.000585938

0.0037144 0.000585937
0.00373312 0.000683594

0.00373275 0.000683594
0.00374387 0.00078125

0.00374584 0.00078125
0.00374643 0.000976562

0.0037461 0.000976562
0.00371833 0.00117188

0.00371094 0.00119808
0.00366281 0.00136719

0.00366313 0.00136719
0.00357894 0.0015625

0.00371094 0.00119773
0.0037183 0.00117187

0.00332031 0.00194603
0.00331441 0.00195312

0.00351563 0.0016717
0.00346496 0.00175781

0.00341797 0.00182105
0.00339344 0.00185547

0.00332031 0.00194604
0.0033936 0.00185547

0.00341797 0.00182119
0.0034632 0.00175781

0.00331752 0.00195312
0.00312859 0.00214844

0.003125 0.0021496
0.00312626 0.00214844

0.00357732 0.0015625
0.00352417 0.00166016

0.00351563 0.00167142
0.00352244 0.00166016

