7.16824e-05 0
7.32422e-05 4.57885e-06

7.32422e-05 1.1567e-06
9.65256e-05 2.44141e-05

9.76563e-05 1.37246e-05
0.00012207 1.34632e-05

0.00012207 1.3529e-05
0.000146484 1.2736e-05

0.000146484 1.31991e-05
0.000170898 1.28436e-05

0.000170898 1.29271e-05
0.000195313 1.28326e-05

0.000195313 1.29653e-05
0.000219727 1.29437e-05

0.000219727 1.29341e-05
0.000244141 1.2795e-05

0.000244141 1.29131e-05
0.000268555 1.28003e-05

0.000268555 1.27473e-05
0.000292969 1.28236e-05

0.000292969 1.28572e-05
0.000317383 1.29631e-05

0.000317383 1.29552e-05
0.000341797 1.27645e-05

0.000341797 1.2817e-05
0.000366211 1.27355e-05

0.000366211 1.27174e-05
0.000390625 1.28883e-05

0.000390625 1.28047e-05
0.000415039 1.29872e-05

0.000415039 1.29657e-05
0.000439453 1.28968e-05

0.000439453 1.28357e-05
0.000463867 1.2859e-05

0.000463867 1.29203e-05
0.000488281 1.29749e-05

0.000488281 1.27995e-05
0.000537109 1.3145e-05

0.000537109 1.3075e-05
0.000561523 1.29974e-05

0.000561523 1.30422e-05
0.000585937 1.29646e-05

0.000585938 1.2841e-05
0.000610352 1.31211e-05

0.000610352 1.30789e-05
0.000634766 1.3327e-05

0.000634766 1.32848e-05
0.00065918 1.30334e-05

0.00065918 1.31279e-05
0.000683594 1.29173e-05

0.000683594 1.30258e-05
0.000708008 1.2992e-05

0.000708008 1.29768e-05
0.000732422 1.30204e-05

0.000732422 1.31035e-05
0.000756836 1.29763e-05

0.000756836 1.29566e-05
0.00078125 1.28601e-05

0.00078125 1.30243e-05
0.000830078 1.28134e-05

0.000830078 1.31148e-05
0.000878906 1.26845e-05

0.000878906 1.28004e-05
0.00090332 1.27527e-05

0.00090332 1.2791e-05
0.000927734 1.27265e-05

0.000927734 1.27711e-05
0.000952148 1.26921e-05

0.000952148 1.27555e-05
0.000976562 1.26521e-05

0.000976562 1.27131e-05
0.00100098 1.26067e-05

0.00100098 1.27029e-05
0.00102539 1.25575e-05

0.00102539 1.26168e-05
0.0010498 1.25027e-05

0.0010498 1.26718e-05
0.00107422 1.24319e-05

0.00107422 1.24149e-05
0.00109863 1.23766e-05

0.00109863 1.28167e-05
0.00112305 1.22347e-05

0.00112305 1.21838e-05
0.00114746 1.18219e-05

0.00114746 1.17537e-05
0.00117187 1.28153e-05

0.00117188 1.24631e-05
0.00119629 1.29715e-05

0.00119629 1.26107e-05
0.0012207 1.26574e-05

0.0012207 1.26616e-05
0.00124512 1.28376e-05

0.00124512 1.26859e-05
0.00126953 1.28267e-05

0.00126953 1.27056e-05
0.00129395 1.29901e-05

0.00129395 1.27829e-05
0.00131836 1.31291e-05

0.00131836 1.31008e-05
0.00134277 1.30853e-05

0.00134277 1.25067e-05
0.00136719 1.33832e-05

0.0013916 2.33727e-06
0.00136796 2.44141e-05

0.0013916 6.32824e-06
0.0013938 0

0.00146308 0
0.00146484 5.18514e-06

0.00146484 2.83175e-06
0.0014857 2.44141e-05

0.00148655 2.44141e-05
0.00148926 2.5347e-05

0.00148926 1.59137e-05
0.00151367 1.67477e-05

0.00151074 2.44141e-05
0.00151367 2.44556e-05

0.00151367 1.63968e-05
0.00153809 1.54805e-05

0.00151367 2.44227e-05
0.00151422 2.44141e-05

0.0015625 3.61703e-06
0.00154162 2.44141e-05

0.00153809 2.52496e-05
0.00154061 2.44141e-05

0 0.00311927
0.000390625 0.00310848

0.000390625 0.00310885
0.00078125 0.00307577

0.00078125 0.00307643
0.00117187 0.00301903

0.00117187 0.00301768
0.00136719 0.00297926

0.00136719 0.00297942
0.0015625 0.00293367

0.0015625 6.28111e-06
0.00156466 0

0.00165557 0
0.00166016 1.10158e-05

0.00166016 1.06362e-05
0.0016761 2.44141e-05

0.00167512 2.44141e-05
0.00168457 2.76005e-05

0.00168457 1.75531e-05
0.00170898 1.74033e-05

0.00168457 2.44698e-05
0.0017026 2.44141e-05

0.0017334 1.01807e-05
0.00171746 2.44141e-05

0.00170898 2.76289e-05
0.00171832 2.44141e-05

0.0017334 9.06177e-06
0.00173708 0

0.00179918 0
0.00180664 1.54888e-05

0.00180664 1.02915e-05
0.00183105 1.10099e-05

0.00183105 7.03665e-06
0.00184926 0

0.00185738 0
0.00187988 1.65318e-05

0.00187988 7.10817e-06
0.0019043 1.14221e-05

0.0019043 8.48157e-06
0.00192871 1.09858e-05

0.00192871 9.30052e-06
0.00195312 1.19201e-05

0.00195312 9.22811e-06
0.00197754 1.32576e-05

0.00197754 1.37562e-05
0.00200195 1.25535e-05

0.00200195 1.62808e-05
0.00202637 4.62825e-06

0.00202637 5.11084e-06
0.00205078 8.2365e-06

0.00205078 8.59009e-06
0.0020752 1.53731e-05

0.0020752 9.25319e-06
0.00209961 1.17102e-05

0.00209961 1.3564e-05
0.00212402 1.35182e-05

0.00212402 1.31996e-05
0.00214844 7.70384e-06

0.00214844 7.24814e-06
0.00217285 1.31354e-05

0.00217285 1.40528e-05
0.00219727 1.40681e-05

0.00219727 1.3309e-05
0.00222168 7.09481e-06

0.00222168 7.01439e-06
0.00224609 1.35164e-05

0.00224609 1.41834e-05
0.00227051 1.41964e-05

0.00227051 1.41199e-05
0.00229492 6.42816e-06

0.00229492 7.23355e-06
0.00231934 1.18462e-05

0.00231934 1.03082e-05
0.00234375 1.55668e-05

0.00234375 1.55835e-05
0.00236816 1.04508e-05

0.00236816 1.2573e-05
0.00239258 6.50288e-06

0.00239258 6.51232e-06
0.00241699 1.2617e-05

0.00241699 1.04239e-05
0.00244141 1.55998e-05

0.00244141 1.55927e-05
0.00246582 1.04037e-05

0.00246582 1.25388e-05
0.00249023 6.60159e-06

0.00249023 6.60608e-06
0.00251465 1.26212e-05

0.00251465 1.0463e-05
0.00253906 1.55432e-05

0.00253906 1.5535e-05
0.00256348 1.0435e-05

0.00256348 1.25038e-05
0.00258789 6.7353e-06

0.00258789 6.73248e-06
0.0026123 1.26361e-05

0.0026123 1.05997e-05
0.00263672 1.54089e-05

0.00263672 1.53554e-05
0.00266113 1.03911e-05

0.00266113 1.18223e-05
0.00268555 7.61596e-06

0.00268555 6.79681e-06
0.00270996 1.40416e-05

0.00270996 1.4038e-05
0.00273438 1.42429e-05

0.00273437 1.4034e-05
0.00275879 7.08005e-06

0.00275879 7.89359e-06
0.0027832 1.18211e-05

0.0027832 1.06055e-05
0.00280762 1.51354e-05

0.00280762 1.51242e-05
0.00283203 1.05839e-05

0.00283203 1.18116e-05
0.00285645 7.923e-06

0.00285645 7.2284e-06
0.00288086 1.38977e-05

0.00288086 1.39665e-05
0.00290527 1.3955e-05

0.00290527 1.31262e-05
0.00292969 7.98441e-06

0.00292969 8.42521e-06
0.0029541 1.30635e-05

0.0029541 1.34009e-05
0.00297852 1.34699e-05

0.00297852 1.17771e-05
0.00300293 9.80275e-06

0.00300293 1.00528e-05
0.00302734 1.42745e-05

0.00302734 1.268e-05
0.00305176 1.45159e-05

0.00305176 1.30841e-05
0.00307617 1.38926e-05

0.00307617 1.3555e-05
0.00310059 1.48501e-05

0.00310059 1.39838e-05
0.003125 1.49866e-05

0.00175781 0.00288008
0.00157773 0.00292969

0.0015625 0.00293365
0.00157689 0.00292969

0.00175781 0.00288037
0.00195312 0.00281749

0.00234375 0.00266035
0.00217326 0.00273438

0.00195312 0.00281777
0.00214844 0.00274465

0.00214844 0.0027446
0.00217198 0.00273438

0.00292969 0.00231244
0.00288638 0.00234375

0.00302734 0.00223561
0.00301441 0.00224609

0.00297852 0.0022736
0.00295096 0.00229492

0.00292969 0.00231203
0.00295215 0.00229492

0.00297852 0.00227352
0.00301264 0.00224609

0.00302734 0.00223542
0.003125 0.00215016

0.00244141 0.00261264
0.00239158 0.00263672

0.00234375 0.0026594
0.00239068 0.00263672

0.00244141 0.00261259
0.00253906 0.00256174

0.00273438 0.00244832
0.00258046 0.00253906

0.00253906 0.00256208
0.00257992 0.00253906

0.00283203 0.00238267
0.00274352 0.00244141

0.00273438 0.00244745
0.00274393 0.00244141

0.00283203 0.00238254
0.00288583 0.00234375

0.003125 1.44836e-05
0.00314941 1.55144e-05

0.00314941 1.49282e-05
0.00317383 1.57257e-05

0.00317383 1.51456e-05
0.00319824 1.61877e-05

0.00319824 1.57494e-05
0.00322266 1.6694e-05

0.00322266 1.61759e-05
0.00324707 1.68239e-05

0.00324707 1.61408e-05
0.00327148 1.74709e-05

0.00327148 1.73168e-05
0.0032959 1.81472e-05

0.0032959 1.75422e-05
0.00332031 1.76539e-05

0.00332031 1.62864e-05
0.00334473 1.93934e-05

0.00334473 2.04083e-05
0.00336914 2.10016e-05

0.00336914 1.32515e-05
0.00339355 2.36088e-05

0.00339266 2.44141e-05
0.00339355 2.47441e-05

0.00339355 2.69241e-05
0.00341797 4.84972e-05

0.00341782 4.88281e-05
0.00341797 4.89713e-05

0.00341797 4.87167e-05
0.00341808 4.88281e-05

0.00341797 4.92279e-05
0.00344168 7.32422e-05

0.00344175 7.32422e-05
0.00344238 7.39096e-05

0.00344238 7.40731e-05
0.00346413 9.76563e-05

0.00346467 9.76563e-05
0.0034668 0.000100072

0.0034668 0.000100894
0.00348514 0.00012207

0.00348494 0.00012207
0.00349121 0.000129624

0.00349121 0.000129285
0.00350525 0.000146484

0.00350563 0.000146484
0.00351563 0.000159737

0.00351563 0.000160401
0.00354168 0.000195313

0.00354194 0.000195313
0.00356445 0.000229321

0.00356445 0.000230529
0.00357327 0.000244141

0.0035739 0.000244141
0.00360256 0.000292969

0.00360324 0.000292969
0.00361328 0.000313305

0.00361328 0.000314489
0.00362746 0.000341797

0.00362768 0.000341797
0.00365019 0.000390625

0.00365085 0.000390625
0.00368813 0.000488281

0.00368786 0.000488281
0.00371094 0.000570063

0.00371094 0.000570635
0.00371525 0.000585938

0.00371519 0.000585937
0.003734 0.000683594

0.00373363 0.000683594
0.00374483 0.00078125

0.0037468 0.00078125
0.00374755 0.000976562

0.00374722 0.000976562
0.00371959 0.00117188

0.00371094 0.0012026
0.00366418 0.00136719

0.00366449 0.00136719
0.0035804 0.0015625

0.00371094 0.00120219
0.00371955 0.00117187

0.00332031 0.00194786
0.00331592 0.00195312

0.00351563 0.0016743
0.00346652 0.00175781

0.00341797 0.00182326
0.00339503 0.00185547

0.00332031 0.001948
0.0033952 0.00185547

0.00341797 0.00182338
0.00346478 0.00175781

0.00331912 0.00195312
0.00312995 0.00214844

0.003125 0.00215072
0.00312747 0.00214844

0.00357879 0.0015625
0.00352569 0.00166016

0.00351563 0.00167395
0.003524 0.00166016

