0 6.75202e-05
0.00012207 6.71895e-05

0.00012207 6.70855e-05
0.000244141 6.71381e-05

0.000244141 6.70717e-05
0.000366211 6.77152e-05

0.000366211 6.73816e-05
0.000488281 6.77891e-05

0.000488281 6.80457e-05
0.000610352 6.73427e-05

0.000610352 6.69746e-05
0.000732422 6.71593e-05

0.000732422 6.77551e-05
0.000854492 6.79051e-05

0.000854492 6.70501e-05
0.000976562 6.7305e-05

0 0.00164614
0.000488281 0.00164447

0.000488281 0.0016446
0.000976562 0.00163935

0.000976562 6.82464e-05
0.00109863 6.77901e-05

0.00109863 6.67296e-05
0.0012207 6.69525e-05

0.0012207 6.82774e-05
0.00134277 6.80876e-05

0.00134277 6.65031e-05
0.00146484 6.68992e-05

0.00146484 7.26e-05
0.00158691 6.43493e-05

0.00170696 0
0.00158836 0.00012207

0.00170898 4.08016e-05
0.00172369 0

0.000976562 0.00163936
0.00146484 0.00163026

0.00146484 0.00163058
0.00195312 0.00161698

0.00202012 0
0.0020752 9.9847e-05

0.0020752 9.13584e-05
0.00219727 4.62481e-05

0.00219727 4.15977e-05
0.00221189 0

0.00195312 0.0016174
0.00244141 0.00159781

0.00244141 0.00159747
0.00268555 0.00158507

0.00268555 0.00158513
0.00292969 0.00157069

0.00292969 0.00157075
0.00317383 0.00155402

0.00317383 0.00155409
0.00341797 0.00153479

0.00341797 0.00153485
0.00366211 0.00151272

0.00366211 0.00151282
0.00390625 0.00148754

0.00439453 0.00142693
0.00409717 0.00146484

0.00390625 0.00148779
0.00410045 0.00146484

0.00439453 0.00142624
0.00463867 0.00138873

0.00463867 0.00138891
0.00488281 0.00134605

0.00549018 0
0.00549316 8.56561e-06

0.00549316 2.66513e-05
0.00556088 0.00012207

0.00555171 0.00012207
0.00561523 0.000162645

0.00561523 0.000142842
0.0057373 0.00016922

0.0057373 0.000172911
0.00585938 0.000144926

0.00488281 0.00134626
0.00512695 0.00129727

0.00512695 0.00129753
0.00537109 0.00124146

0.00561523 0.00117751
0.00545122 0.0012207

0.00537109 0.00124173
0.00545092 0.0012207

0.00561523 0.00117788
0.00585938 0.00110391

0.00598145 3.45836e-05
0.00591281 0.00012207

0.00585938 0.000141598
0.0058917 0.00012207

0.00598145 8.00643e-05
0.00601631 0

0.00634766 0.000920628
0.00620981 0.000976562

0.00634766 0.000921473
0.0065918 0.000805673

0.00683594 0.000669135
0.00672687 0.000732422

0.0065918 0.000806858
0.00672452 0.000732422

0.00585938 0.0011044
0.00610352 0.00101901

0.00610352 0.00101959
0.00620956 0.000976562

0.00732422 0.00030394
0.00710807 0.000488281

0.00683594 0.000672215
0.00708008 0.00050722

0.00708008 0.000514573
0.00711438 0.000488281

0.00744629 0.000171903
0.00737597 0.000244141

0.00756836 5.15971e-06
0.00751782 0.00012207

0.00744629 0.000181608
0.00750033 0.00012207

0.00732422 0.000298259
0.0073792 0.000244141

0.00756836 5.61418e-06
0.00757021 0

