0 6.70741e-05
0.00012207 6.73293e-05

0.00012207 6.7289e-05
0.000244141 6.74894e-05

0.000244141 6.74434e-05
0.000366211 6.72548e-05

0.000366211 6.71699e-05
0.000488281 6.73311e-05

0.000488281 6.71668e-05
0.000610352 6.77686e-05

0.000610352 6.75273e-05
0.000732422 6.78607e-05

0.000732422 6.83191e-05
0.000854492 6.71089e-05

0.000854492 6.66007e-05
0.000976562 6.70032e-05

0 0.00164412
0.000488281 0.00164263

0.000488281 0.00164293
0.000976562 0.00163784

0.000976562 6.78926e-05
0.00109863 6.81275e-05

0.00109863 6.67843e-05
0.0012207 6.71657e-05

0.0012207 6.89849e-05
0.00134277 6.75981e-05

0.00134277 6.58283e-05
0.00146484 6.60805e-05

0.00146484 7.20727e-05
0.00158691 6.48795e-05

0.00146484 0.00012215
0.00146858 0.00012207

0.001707 0
0.00158837 0.00012207

0.00158691 0.000122649
0.0015886 0.00012207

0.00170898 4.0804e-05
0.00172368 0

0.000976562 0.00163772
0.00146484 0.00162865

0.00146484 0.00162901
0.00195312 0.0016155

0.00202016 0
0.0020752 9.98482e-05

0.0020752 9.14033e-05
0.00219727 4.63656e-05

0.00219727 4.12363e-05
0.002212 0

0.00195312 0.00161537
0.00219727 0.00160661

0.00219727 0.0016066
0.00244141 0.00159611

0.00244141 0.00159618
0.00268555 0.00158384

0.00268555 0.00158389
0.00292969 0.00156948

0.00292969 0.00156953
0.00317383 0.00155286

0.00317383 0.00155292
0.00341797 0.00153375

0.00341797 0.00153385
0.00366211 0.00151186

0.00366211 0.00151197
0.00390625 0.00148673

0.00439453 0.00142613
0.0040899 0.00146484

0.00390625 0.00148697
0.00409345 0.00146484

0.00439453 0.00142551
0.00463867 0.00138826

0.00463867 0.00138842
0.00488281 0.00134584

0.00549096 0
0.00549316 6.32489e-06

0.00549316 2.66987e-05
0.00556083 0.00012207

0.00555161 0.00012207
0.00561523 0.000162711

0.00561523 0.000142859
0.0057373 0.000169171

0.0057373 0.000172794
0.00585938 0.000144908

0.00488281 0.00134608
0.00512695 0.00129738

0.00512695 0.00129765
0.00537109 0.00124182

0.00561523 0.001178
0.00545246 0.0012207

0.00537109 0.0012422
0.00545303 0.0012207

0.00561523 0.00117843
0.00585938 0.00110487

0.00598145 3.42456e-05
0.00591272 0.00012207

0.00585938 0.000142739
0.00589358 0.00012207

0.00598145 7.98355e-05
0.00601603 0

0.00634766 0.000922403
0.00621358 0.000976562

0.00634766 0.000923328
0.0065918 0.000808096

0.00683594 0.000672359
0.00673188 0.000732422

0.0065918 0.000809298
0.00672961 0.000732422

0.00585938 0.00110542
0.00610352 0.00102049

0.00610352 0.00102118
0.00621397 0.000976562

0.00732422 0.000308779
0.00711261 0.000488281

0.00683594 0.000675331
0.00708008 0.000511318

0.00708008 0.000520638
0.00712236 0.000488281

0.00744629 0.000176092
0.00737913 0.000244141

0.00756836 1.6556e-05
0.00752276 0.00012207

0.00744629 0.000187539
0.00750603 0.00012207

0.00732422 0.00030299
0.00738413 0.000244141

0.00756836 1.77054e-05
0.00757434 0

