7.08961e-05 0
7.32422e-05 6.70791e-06

7.32422e-05 1.05342e-06
9.69097e-05 2.44141e-05

9.76563e-05 1.33775e-05
0.00012207 1.35753e-05

0.00012207 1.34544e-05
0.000146484 1.30152e-05

0.000146484 1.32687e-05
0.000170898 1.30471e-05

0.000170898 1.31061e-05
0.000195313 1.30449e-05

0.000195313 1.31687e-05
0.000219727 1.30595e-05

0.000219727 1.31273e-05
0.000244141 1.28677e-05

0.000244141 1.29536e-05
0.000268555 1.29057e-05

0.000268555 1.29084e-05
0.000292969 1.30189e-05

0.000292969 1.30233e-05
0.000317383 1.29925e-05

0.000317383 1.30606e-05
0.000341797 1.28231e-05

0.000341797 1.28896e-05
0.000366211 1.27906e-05

0.000366211 1.28421e-05
0.000390625 1.29024e-05

0.000390625 1.28522e-05
0.000415039 1.29129e-05

0.000415039 1.29557e-05
0.000439453 1.28743e-05

0.000439453 1.29039e-05
0.000463867 1.27467e-05

0.000463867 1.27127e-05
0.000488281 1.28969e-05

0.000488281 1.28115e-05
0.000512695 1.30975e-05

0.000512695 1.30286e-05
0.000537109 1.29849e-05

0.000537109 1.29339e-05
0.000561523 1.29132e-05

0.000561523 1.28528e-05
0.000585937 1.31312e-05

0.000585938 1.30322e-05
0.000610352 1.32104e-05

0.000610352 1.31972e-05
0.000634766 1.30416e-05

0.000634766 1.31331e-05
0.00065918 1.2887e-05

0.00065918 1.2946e-05
0.000683594 1.29427e-05

0.000683594 1.29616e-05
0.000708008 1.30538e-05

0.000708008 1.30565e-05
0.000732422 1.2963e-05

0.000732422 1.3056e-05
0.000756836 1.28267e-05

0.000756836 1.28683e-05
0.00078125 1.28273e-05

0.00078125 1.29334e-05
0.000830078 1.28495e-05

0.000830078 1.30231e-05
0.000878906 1.2707e-05

0.000878906 1.27346e-05
0.00090332 1.27684e-05

0.00090332 1.28129e-05
0.000927734 1.28064e-05

0.000927734 1.28279e-05
0.000952148 1.26661e-05

0.000952148 1.27244e-05
0.000976562 1.26695e-05

0.000976562 1.27166e-05
0.00100098 1.27012e-05

0.00100098 1.30397e-05
0.00102539 1.23328e-05

0.00102539 1.23159e-05
0.00107422 1.19459e-05

0.00107422 1.23034e-05
0.00109863 1.29838e-05

0.00109863 1.2477e-05
0.00112305 1.25256e-05

0.00112305 1.25558e-05
0.00114746 1.27982e-05

0.00114746 1.25615e-05
0.00117187 1.27757e-05

0.00117188 1.26744e-05
0.00119629 1.2977e-05

0.00119629 1.27941e-05
0.0012207 1.29662e-05

0.0012207 1.27515e-05
0.00124512 1.31421e-05

0.00124512 1.30793e-05
0.00126953 1.3235e-05

0.00126953 1.28357e-05
0.00129395 1.32803e-05

0.00129395 1.35232e-05
0.00131836 1.34315e-05

0.00131836 1.2716e-05
0.00134277 1.32673e-05

0.00134277 1.38353e-05
0.00136719 1.39222e-05

0.0013916 5.60517e-07
0.00136835 2.44141e-05

0.0013916 4.65785e-06
0.00139319 0

0.00146276 0
0.00146484 6.03507e-06

0.00146484 2.63967e-06
0.00148582 2.44141e-05

0.00148919 2.44141e-05
0.00148926 2.44379e-05

0.00148926 1.57728e-05
0.00151367 1.71687e-05

0.00151303 2.44141e-05
0.00151367 2.44303e-05

0.00151367 1.6975e-05
0.00153809 1.55984e-05

0.00151367 2.44221e-05
0.001514 2.44141e-05

0.0015625 3.12071e-06
0.00154151 2.44141e-05

0 0.00311566
0.000390625 0.00310496

0.000390625 0.00310533
0.00078125 0.00307248

0.00078125 0.0030731
0.00117187 0.00301611

0.00117188 0.00301705
0.0015625 0.00293277

0.0015625 6.9032e-06
0.0015649 0

0.00165561 0
0.00166016 1.09263e-05

0.00166016 1.06336e-05
0.00167608 2.44141e-05

0.001675 2.44141e-05
0.00168457 2.76438e-05

0.00168457 1.75678e-05
0.00170898 1.73664e-05

0.00168457 2.44843e-05
0.00169981 2.44141e-05

0.0017334 1.01554e-05
0.0017174 2.44141e-05

0.00170898 2.75501e-05
0.0017181 2.44141e-05

0.0017334 9.14898e-06
0.00173712 0

0.00179924 0
0.00180664 1.54281e-05

0.00180664 1.02437e-05
0.00183105 1.10824e-05

0.00183105 6.99406e-06
0.00184947 0

0.00185728 0
0.00187988 1.65815e-05

0.00187988 7.21787e-06
0.0019043 1.14147e-05

0.0019043 8.52003e-06
0.00192871 1.09595e-05

0.00192871 9.32786e-06
0.00195312 1.1931e-05

0.00195312 9.24296e-06
0.00197754 1.32391e-05

0.00197754 1.37378e-05
0.00200195 1.25695e-05

0.00200195 1.62723e-05
0.00202637 4.67771e-06

0.00202637 5.18531e-06
0.00205078 8.20476e-06

0.00205078 8.50565e-06
0.0020752 1.53975e-05

0.0020752 9.3263e-06
0.00209961 1.18111e-05

0.00209961 1.36683e-05
0.00212402 1.33982e-05

0.00212402 1.30742e-05
0.00214844 7.70895e-06

0.00214844 7.28171e-06
0.00217285 1.32529e-05

0.00217285 1.41599e-05
0.00219727 1.39583e-05

0.00219727 1.3249e-05
0.00222168 7.01853e-06

0.00222168 6.95113e-06
0.00224609 1.35804e-05

0.00224609 1.41846e-05
0.00227051 1.42035e-05

0.00227051 1.41258e-05
0.00229492 6.43093e-06

0.00229492 7.23595e-06
0.00231934 1.18456e-05

0.00231934 1.0314e-05
0.00234375 1.55672e-05

0.00234375 1.55816e-05
0.00236816 1.0448e-05

0.00236816 1.25673e-05
0.00239258 6.51359e-06

0.00239258 6.52318e-06
0.00241699 1.26186e-05

0.00241699 1.04287e-05
0.00244141 1.55918e-05

0.00244141 1.55863e-05
0.00246582 1.04056e-05

0.00246582 1.25281e-05
0.00249023 6.62042e-06

0.00249023 6.62637e-06
0.00251465 1.26271e-05

0.00251465 1.04743e-05
0.00253906 1.55283e-05

0.00253906 1.5521e-05
0.00256348 1.0441e-05

0.00256348 1.24888e-05
0.00258789 6.77291e-06

0.00258789 6.7717e-06
0.0026123 1.26428e-05

0.0026123 1.06172e-05
0.00263672 1.53854e-05

0.00263672 1.53338e-05
0.00266113 1.04059e-05

0.00266113 1.1826e-05
0.00268555 7.65284e-06

0.00268555 6.8351e-06
0.00270996 1.40295e-05

0.00270996 1.40381e-05
0.00273438 1.42297e-05

0.00273437 1.40183e-05
0.00275879 7.10392e-06

0.00275879 7.9176e-06
0.0027832 1.18293e-05

0.0027832 1.06152e-05
0.00280762 1.51188e-05

0.00280762 1.51118e-05
0.00283203 1.05948e-05

0.00283203 1.18151e-05
0.00285645 7.94269e-06

0.00285645 7.24997e-06
0.00288086 1.38906e-05

0.00288086 1.39847e-05
0.00290527 1.39287e-05

0.00290527 1.30587e-05
0.00292969 8.00697e-06

0.00292969 8.47291e-06
0.0029541 1.31199e-05

0.0029541 1.34407e-05
0.00297852 1.34048e-05

0.00297852 1.16876e-05
0.00300293 9.85773e-06

0.00300293 1.01142e-05
0.00302734 1.43723e-05

0.00302734 1.27551e-05
0.00305176 1.4473e-05

0.00305176 1.31337e-05
0.00307617 1.38369e-05

0.00307617 1.35262e-05
0.00310059 1.47527e-05

0.00310059 1.3904e-05
0.003125 1.49487e-05

0.00175781 0.00287819
0.00156905 0.00292969

0.0015625 0.00293128
0.00156833 0.00292969

0.00175781 0.00287843
0.00195312 0.0028161

0.00234375 0.00266004
0.00217163 0.00273438

0.00195312 0.00281643
0.00214844 0.00274388

0.00214844 0.00274395
0.00217061 0.00273438

0.00292969 0.00231392
0.00288822 0.00234375

0.00302734 0.00223752
0.00301674 0.00224609

0.00297852 0.00227523
0.00295289 0.00229492

0.00292969 0.00231356
0.00295412 0.00229492

0.00297852 0.00227527
0.00301486 0.00224609

0.00302734 0.0022372
0.003125 0.00215218

0.00244141 0.00261246
0.00239097 0.00263672

0.00234375 0.002659
0.00239006 0.00263672

0.00244141 0.00261245
0.00253906 0.00256192

0.00273438 0.00244919
0.00258106 0.00253906

0.00253906 0.00256226
0.00258049 0.00253906

0.00283203 0.00238386
0.00274488 0.00244141

0.00273438 0.00244824
0.00274525 0.00244141

0.00283203 0.00238382
0.00288776 0.00234375

0.003125 1.44237e-05
0.00314941 1.55086e-05

0.00314941 1.49377e-05
0.00317383 1.56826e-05

0.00317383 1.50911e-05
0.00319824 1.60854e-05

0.00319824 1.55992e-05
0.00322266 1.67221e-05

0.00322266 1.64963e-05
0.00324707 1.66575e-05

0.00324707 1.60197e-05
0.00327148 1.65906e-05

0.00327148 1.54142e-05
0.0032959 1.87729e-05

0.0032959 1.86023e-05
0.00332031 2.04289e-05

0.00332031 1.9019e-05
0.00334473 1.88213e-05

0.00334473 1.92434e-05
0.00336914 1.93925e-05

0.00336914 1.32127e-05
0.0033925 2.44141e-05

0.00339169 2.44141e-05
0.00339355 2.51342e-05

0.00339355 2.70347e-05
0.00341797 4.8238e-05

0.00341786 4.88281e-05
0.00341797 4.89366e-05

0.00341797 4.8314e-05
0.0034185 4.88281e-05

0.00341797 4.91514e-05
0.00344178 7.32422e-05

0.00344182 7.32422e-05
0.00344238 7.38286e-05

0.00344238 7.39998e-05
0.00346433 9.76563e-05

0.00346486 9.76563e-05
0.0034668 9.9835e-05

0.0034668 0.00010054
0.00348564 0.00012207

0.00348542 0.00012207
0.00349121 0.000128978

0.00349121 0.000128663
0.00350589 0.000146484

0.00350621 0.000146484
0.00351563 0.000158773

0.00351563 0.000159305
0.00354278 0.000195313

0.00354299 0.000195313
0.00356445 0.000227407

0.00356445 0.000228359
0.00357482 0.000244141

0.0035753 0.000244141
0.00360425 0.000292969

0.00360501 0.000292969
0.00361328 0.000309548

0.00361328 0.00031101
0.00362942 0.000341797

0.00362961 0.000341797
0.00365233 0.000390625

0.00365299 0.000390625
0.00369063 0.000488281

0.0036904 0.000488281
0.00371094 0.000560335

0.00371094 0.000561195
0.00371799 0.000585938

0.00371796 0.000585937
0.00373699 0.000683594

0.00373662 0.000683594
0.003748 0.00078125

0.00374997 0.00078125
0.00375098 0.000976562

0.00375067 0.000976562
0.00372313 0.00117188

0.00371094 0.00121523
0.00366769 0.00136719

0.00366796 0.00136719
0.00358348 0.0015625

0.00371094 0.00121406
0.00372294 0.00117187

0.00332031 0.00195059
0.0033182 0.00195312

0.00351563 0.00167926
0.00346913 0.00175781

0.00341797 0.00182577
0.00339663 0.00185547

0.00332031 0.00195044
0.00339693 0.00185547

0.00341797 0.00182534
0.00346648 0.00175781

0.00332031 0.00195405
0.00313208 0.00214844

0.003125 0.00215292
0.00312987 0.00214844

0.00332031 0.00195337
0.00332052 0.00195313

0.00351563 0.00167791
0.00358393 0.0015625

