7.13809e-05 0
7.32422e-05 5.40932e-06

7.34929e-05 0
9.66166e-05 2.44141e-05

9.68694e-05 2.44141e-05
9.76563e-05 2.46909e-05

9.76563e-05 1.39196e-05
0.00012207 1.43025e-05

0.000119551 2.44141e-05
0.00012207 2.44284e-05

0.00012207 1.33877e-05
0.000146484 1.23798e-05

0.000146484 1.33176e-05
0.000170898 1.34392e-05

0.000170898 1.31392e-05
0.000195313 1.2803e-05

0.000195313 1.30553e-05
0.000219727 1.322e-05

0.000219727 1.31482e-05
0.000244141 1.30294e-05

0.000244141 1.32073e-05
0.000268555 1.28981e-05

0.000268555 1.2894e-05
0.000292969 1.28442e-05

0.000292969 1.29577e-05
0.000317383 1.30771e-05

0.000317383 1.29771e-05
0.000341797 1.29302e-05

0.000341797 1.30845e-05
0.000366211 1.28839e-05

0.000366211 1.28979e-05
0.000390625 1.2726e-05

0.000390625 1.28048e-05
0.000415039 1.29219e-05

0.000415039 1.28575e-05
0.000439453 1.29308e-05

0.000439453 1.29666e-05
0.000463867 1.28634e-05

0.000463867 1.28744e-05
0.000488281 1.27688e-05

0.000488281 1.27095e-05
0.000512695 1.29723e-05

0.000512695 1.28607e-05
0.000537109 1.3152e-05

0.000537109 1.30909e-05
0.000561523 1.30038e-05

0.000561523 1.29883e-05
0.000585937 1.29006e-05

0.000585938 1.28593e-05
0.000610352 1.3111e-05

0.000610352 1.30388e-05
0.000634766 1.32078e-05

0.000634766 1.32399e-05
0.00065918 1.29721e-05

0.00065918 1.30629e-05
0.000683594 1.28014e-05

0.000683594 1.28831e-05
0.000708008 1.29583e-05

0.000708008 1.2941e-05
0.000732422 1.30295e-05

0.000732422 1.30939e-05
0.000756836 1.28728e-05

0.000756836 1.2874e-05
0.00078125 1.27839e-05

0.00078125 1.29642e-05
0.000830078 1.27873e-05

0.000830078 1.29921e-05
0.000878906 1.26959e-05

0.000878906 1.27834e-05
0.00090332 1.27755e-05

0.00090332 1.27706e-05
0.000927734 1.27582e-05

0.000927734 1.2792e-05
0.000952148 1.27497e-05

0.000952148 1.27701e-05
0.000976562 1.26997e-05

0.000976562 1.27269e-05
0.00100098 1.27168e-05

0.00100098 1.30555e-05
0.00102539 1.24004e-05

0.00102539 1.27251e-05
0.0010498 1.1816e-05

0.0010498 1.1806e-05
0.00107422 1.2424e-05

0.00107422 1.2366e-05
0.00109863 1.30052e-05

0.00109863 1.25331e-05
0.00112305 1.25703e-05

0.00112305 1.25826e-05
0.00114746 1.284e-05

0.00114746 1.2647e-05
0.00117187 1.28129e-05

0.00117188 1.27282e-05
0.00119629 1.29255e-05

0.00119629 1.28102e-05
0.0012207 1.29259e-05

0.0012207 1.27206e-05
0.00124512 1.30958e-05

0.00124512 1.31121e-05
0.00126953 1.31549e-05

0.00126953 1.26113e-05
0.00129395 1.32658e-05

0.00129395 1.3591e-05
0.00131836 1.36164e-05

0.00131836 1.24714e-05
0.00134277 1.34426e-05

0.00134277 1.43693e-05
0.00136719 1.42655e-05

0.00134277 2.44203e-05
0.00134677 2.44141e-05

0.0013916 1.54755e-08
0.00136852 2.44141e-05

0.00136719 2.45715e-05
0.00136763 2.44141e-05

0.0013916 4.59466e-06
0.00139317 0

0.00146302 0
0.00146484 5.3658e-06

0.00146484 3.10695e-06
0.0014858 2.44141e-05

0.00148609 2.44141e-05
0.00148926 2.54829e-05

0.00148926 1.54405e-05
0.00151367 1.6526e-05

0.00151203 2.44141e-05
0.00151367 2.44443e-05

0.00151367 1.64488e-05
0.00153809 1.6008e-05

0.00151367 2.44527e-05
0.00151961 2.44141e-05

0.0015625 3.5034e-06
0.00154184 2.44141e-05

0.00153809 2.57031e-05
0.00154192 2.44141e-05

0 0.00311561
0.000390625 0.00310486

0.000390625 0.00310518
0.00078125 0.00307229

0.00078125 0.00307294
0.00117187 0.00301596

0.00117188 0.00301692
0.0015625 0.00293263

0.0015625 5.89168e-06
0.00156451 0

0.00165559 0
0.00166016 1.09765e-05

0.00166016 1.06227e-05
0.00167611 2.44141e-05

0.0016751 2.44141e-05
0.00168457 2.76049e-05

0.00168457 1.75461e-05
0.00170898 1.73783e-05

0.00168457 2.44747e-05
0.00170125 2.44141e-05

0.0017334 1.01607e-05
0.00171742 2.44141e-05

0.00170898 2.7587e-05
0.00171821 2.44141e-05

0.0017334 9.08035e-06
0.00173709 0

0.00179927 0
0.00180664 1.54006e-05

0.00180664 1.02217e-05
0.00183105 1.11149e-05

0.00183105 6.98671e-06
0.00184954 0

0.00185725 0
0.00187988 1.65928e-05

0.00187988 7.25215e-06
0.0019043 1.14129e-05

0.0019043 8.532e-06
0.00192871 1.0948e-05

0.00192871 9.33251e-06
0.00195312 1.19349e-05

0.00195312 9.24415e-06
0.00197754 1.32381e-05

0.00197754 1.37386e-05
0.00200195 1.25754e-05

0.00200195 1.62684e-05
0.00202637 4.68818e-06

0.00202637 5.16973e-06
0.00205078 8.23721e-06

0.00205078 8.61029e-06
0.0020752 1.53505e-05

0.0020752 9.26924e-06
0.00209961 1.17124e-05

0.00209961 1.35526e-05
0.00212402 1.35099e-05

0.00212402 1.31534e-05
0.00214844 7.77229e-06

0.00214844 7.33016e-06
0.00217285 1.31635e-05

0.00217285 1.41215e-05
0.00219727 1.39728e-05

0.00219727 1.32582e-05
0.00222168 7.0385e-06

0.00222168 6.95443e-06
0.00224609 1.35645e-05

0.00224609 1.41788e-05
0.00227051 1.42159e-05

0.00227051 1.41312e-05
0.00229492 6.43723e-06

0.00229492 7.24293e-06
0.00231934 1.18427e-05

0.00231934 1.03157e-05
0.00234375 1.55672e-05

0.00234375 1.55827e-05
0.00236816 1.04495e-05

0.00236816 1.25657e-05
0.00239258 6.51684e-06

0.00239258 6.52864e-06
0.00241699 1.26203e-05

0.00241699 1.0432e-05
0.00244141 1.5587e-05

0.00244141 1.55811e-05
0.00246582 1.04075e-05

0.00246582 1.25263e-05
0.00249023 6.63023e-06

0.00249023 6.63622e-06
0.00251465 1.26255e-05

0.00251465 1.04767e-05
0.00253906 1.55225e-05

0.00253906 1.55153e-05
0.00256348 1.04441e-05

0.00256348 1.2485e-05
0.00258789 6.78498e-06

0.00258789 6.78347e-06
0.0026123 1.26444e-05

0.0026123 1.0622e-05
0.00263672 1.538e-05

0.00263672 1.53287e-05
0.00266113 1.04117e-05

0.00266113 1.18301e-05
0.00268555 7.66157e-06

0.00268555 6.84367e-06
0.00270996 1.40253e-05

0.00270996 1.40392e-05
0.00273438 1.42279e-05

0.00273437 1.40314e-05
0.00275879 7.09141e-06

0.00275879 7.90251e-06
0.0027832 1.18149e-05

0.0027832 1.06015e-05
0.00280762 1.51307e-05

0.00280762 1.51252e-05
0.00283203 1.05838e-05

0.00283203 1.1816e-05
0.00285645 7.90936e-06

0.00285645 7.21414e-06
0.00288086 1.38934e-05

0.00288086 1.39592e-05
0.00290527 1.3961e-05

0.00290527 1.30922e-05
0.00292969 8.0178e-06

0.00292969 8.48073e-06
0.0029541 1.30858e-05

0.0029541 1.34227e-05
0.00297852 1.34138e-05

0.00297852 1.16727e-05
0.00300293 9.88211e-06

0.00300293 1.01252e-05
0.00302734 1.44017e-05

0.00302734 1.27696e-05
0.00305176 1.45002e-05

0.00305176 1.31917e-05
0.00307617 1.38422e-05

0.00307617 1.35665e-05
0.00310059 1.46766e-05

0.00310059 1.38781e-05
0.003125 1.48573e-05

0.00175781 0.00287801
0.00156846 0.00292969

0.0015625 0.00293105
0.00156751 0.00292969

0.00175781 0.00287826
0.00195312 0.00281593

0.00234375 0.0026599
0.00217125 0.00273438

0.00195312 0.00281628
0.00214844 0.00274373

0.00214844 0.00274379
0.00217025 0.00273438

0.00292969 0.00231384
0.00288811 0.00234375

0.00302734 0.00223751
0.00301672 0.00224609

0.00297852 0.00227515
0.00295279 0.00229492

0.00292969 0.00231348
0.00295403 0.00229492

0.00297852 0.00227518
0.00301476 0.00224609

0.00302734 0.00223714
0.003125 0.00215217

0.00244141 0.00261235
0.00239072 0.00263672

0.00234375 0.00265885
0.00238979 0.00263672

0.00244141 0.00261233
0.00253906 0.00256182

0.00273438 0.0024491
0.00258089 0.00253906

0.00253906 0.00256214
0.00258028 0.00253906

0.00283203 0.00238377
0.00274475 0.00244141

0.00273438 0.0024481
0.00274502 0.00244141

0.00283203 0.00238372
0.00288763 0.00234375

0.003125 1.43373e-05
0.00314941 1.545e-05

0.00314941 1.48243e-05
0.00317383 1.57166e-05

0.00317383 1.5181e-05
0.00319824 1.60943e-05

0.00319824 1.55189e-05
0.00322266 1.6583e-05

0.00322266 1.60427e-05
0.00324707 1.71013e-05

0.00324707 1.65168e-05
0.00327148 1.74989e-05

0.00327148 1.69258e-05
0.0032959 1.80439e-05

0.0032959 1.75225e-05
0.00332031 1.86321e-05

0.00332031 1.78903e-05
0.00334473 1.92675e-05

0.00334473 1.9388e-05
0.00336914 1.95211e-05

0.00336914 1.28282e-05
0.00339322 2.44141e-05

0.00339181 2.44141e-05
0.00339355 2.51051e-05

0.00339355 2.72692e-05
0.00341797 4.87009e-05

0.00341761 4.88281e-05
0.00341797 4.91708e-05

0.00341797 4.87098e-05
0.00341809 4.88281e-05

0.00341797 4.93583e-05
0.00344179 7.32422e-05

0.00344183 7.32422e-05
0.00344238 7.38126e-05

0.00344238 7.39667e-05
0.0034645 9.76563e-05

0.00346505 9.76563e-05
0.0034668 9.96019e-05

0.0034668 0.000100033
0.00350642 0.000146484

0.00350643 0.000146484
0.00351563 0.000158486

0.00351563 0.000158803
0.00354284 0.000195313

0.00354321 0.000195313
0.00356445 0.000227099

0.00356445 0.000228148
0.00357496 0.000244141

0.00357547 0.000244141
0.00360439 0.000292969

0.00360517 0.000292969
0.00361328 0.000309251

0.00361328 0.000310749
0.00362955 0.000341797

0.00362974 0.000341797
0.00365245 0.000390625

0.00365312 0.000390625
0.00369076 0.000488281

0.00369053 0.000488281
0.00371094 0.000559863

0.00371094 0.000560782
0.00371811 0.000585938

0.0037181 0.000585937
0.00373713 0.000683594

0.00373677 0.000683594
0.00374816 0.00078125

0.00375013 0.00078125
0.00375117 0.000976562

0.00375086 0.000976562
0.00372336 0.00117188

0.00371094 0.00121609
0.00366796 0.00136719

0.00366824 0.00136719
0.00358378 0.0015625

0.00371094 0.00121485
0.00372316 0.00117187

0.00332031 0.00195077
0.00331834 0.00195312

0.00351563 0.00167988
0.00346949 0.00175781

0.00341797 0.00182611
0.00339684 0.00185547

0.00332031 0.00195066
0.00339717 0.00185547

0.00341797 0.00182567
0.00346677 0.00175781

0.00332031 0.00195421
0.00313209 0.00214844

0.003125 0.00215295
0.0031299 0.00214844

0.00332031 0.0019534
0.00332055 0.00195313

0.00351563 0.00167832
0.00358419 0.0015625

