7.15921e-05 0
7.32422e-05 4.8223e-06

7.44039e-05 0
9.6341e-05 2.44141e-05

9.76563e-05 1.44729e-05
0.00012207 1.5215e-05

0.00012207 1.38526e-05
0.000146484 1.18256e-05

0.000146484 1.32869e-05
0.000170898 1.34191e-05

0.000170898 1.30373e-05
0.000195313 1.28304e-05

0.000195313 1.32061e-05
0.000219727 1.32037e-05

0.000219727 1.29964e-05
0.000244141 1.28678e-05

0.000244141 1.3005e-05
0.000268555 1.32216e-05

0.000268555 1.31365e-05
0.000292969 1.30367e-05

0.000292969 1.32011e-05
0.000317383 1.28829e-05

0.000317383 1.28641e-05
0.000341797 1.28569e-05

0.000341797 1.30209e-05
0.000366211 1.3053e-05

0.000366211 1.30064e-05
0.000390625 1.276e-05

0.000390625 1.28463e-05
0.000415039 1.288e-05

0.000415039 1.29012e-05
0.000439453 1.29127e-05

0.000439453 1.29488e-05
0.000463867 1.27937e-05

0.000463867 1.27346e-05
0.000488281 1.28614e-05

0.000488281 1.28104e-05
0.000512695 1.31102e-05

0.000512695 1.30471e-05
0.000537109 1.29724e-05

0.000537109 1.29546e-05
0.000561523 1.28602e-05

0.000561523 1.27886e-05
0.000585937 1.30975e-05

0.000585938 1.30454e-05
0.000610352 1.32073e-05

0.000610352 1.31642e-05
0.000634766 1.29528e-05

0.000634766 1.30979e-05
0.00065918 1.28533e-05

0.00065918 1.28393e-05
0.000683594 1.29312e-05

0.000683594 1.30282e-05
0.000708008 1.3053e-05

0.000708008 1.30137e-05
0.000732422 1.27918e-05

0.000732422 1.29135e-05
0.000756836 1.28544e-05

0.000756836 1.28564e-05
0.00078125 1.2866e-05

0.00078125 1.29312e-05
0.000830078 1.27692e-05

0.000830078 1.29356e-05
0.000878906 1.2696e-05

0.000878906 1.27986e-05
0.00090332 1.27805e-05

0.00090332 1.2763e-05
0.000927734 1.27235e-05

0.000927734 1.27737e-05
0.000952148 1.27503e-05

0.000952148 1.27684e-05
0.000976562 1.26855e-05

0.000976562 1.27016e-05
0.00100098 1.27071e-05

0.00100098 1.29923e-05
0.00102539 1.24692e-05

0.00102539 1.27113e-05
0.0010498 1.19761e-05

0.0010498 1.19891e-05
0.00107422 1.24757e-05

0.00107422 1.23982e-05
0.00109863 1.29467e-05

0.00109863 1.25515e-05
0.00112305 1.26649e-05

0.00112305 1.26234e-05
0.00114746 1.28783e-05

0.00114746 1.2684e-05
0.00117187 1.28867e-05

0.00117188 1.27602e-05
0.00119629 1.3025e-05

0.00119629 1.2891e-05
0.0012207 1.30524e-05

0.0012207 1.29098e-05
0.00124512 1.31038e-05

0.00124512 1.30339e-05
0.00126953 1.31855e-05

0.00126953 1.28932e-05
0.00129395 1.3337e-05

0.00129395 1.34845e-05
0.00131836 1.33743e-05

0.00131836 1.28317e-05
0.00134277 1.32389e-05

0.00134277 1.37697e-05
0.00136719 1.36802e-05

0.00134277 2.44225e-05
0.0013493 2.44141e-05

0.0013916 6.38843e-07
0.0013681 2.44141e-05

0.00136719 2.4649e-05
0.00136788 2.44141e-05

0.0013916 6.11565e-06
0.00139372 0

0.00146273 0
0.00146484 6.11692e-06

0.00146484 2.66108e-06
0.00148585 2.44141e-05

0.00148879 2.44141e-05
0.00148926 2.45768e-05

0.00148926 1.56578e-05
0.00151367 1.71753e-05

0.00151367 1.70921e-05
0.00153809 1.5685e-05

0.0015625 2.9398e-06
0.0015415 2.44141e-05

0.00153809 2.44459e-05
0.00153818 2.44141e-05

0 0.00311582
0.000390625 0.00310504

0.000390625 0.00310531
0.00078125 0.0030724

0.00078125 0.00307309
0.00117187 0.00301614

0.00117188 0.00301713
0.0015625 0.00293279

0.0015625 6.87203e-06
0.00156489 0

0.00165558 0
0.00166016 1.1003e-05

0.00166016 1.06167e-05
0.00167612 2.44141e-05

0.00167513 2.44141e-05
0.00168457 2.75915e-05

0.00168457 1.75269e-05
0.00170898 1.73805e-05

0.00168457 2.44689e-05
0.00170273 2.44141e-05

0.0017334 1.01654e-05
0.00171744 2.44141e-05

0.00170898 2.76201e-05
0.0017183 2.44141e-05

0.0017334 9.02488e-06
0.00173706 0

0.00179929 0
0.00180664 1.53753e-05

0.00180664 1.01943e-05
0.00183105 1.11451e-05

0.00183105 6.97176e-06
0.00184965 0

0.00185721 0
0.00187988 1.66053e-05

0.00187988 7.29409e-06
0.0019043 1.14093e-05

0.0019043 8.54502e-06
0.00192871 1.09364e-05

0.00192871 9.34049e-06
0.00195312 1.19405e-05

0.00195312 9.2495e-06
0.00197754 1.32325e-05

0.00197754 1.37354e-05
0.00200195 1.25791e-05

0.00200195 1.62554e-05
0.00202637 4.70987e-06

0.00202637 5.18391e-06
0.00205078 8.25454e-06

0.00205078 8.64763e-06
0.0020752 1.53285e-05

0.0020752 9.25711e-06
0.00209961 1.16921e-05

0.00209961 1.35376e-05
0.00212402 1.35284e-05

0.00212402 1.31387e-05
0.00214844 7.79841e-06

0.00214844 7.3613e-06
0.00217285 1.31804e-05

0.00217285 1.41364e-05
0.00219727 1.39605e-05

0.00219727 1.31852e-05
0.00222168 7.12341e-06

0.00222168 7.06672e-06
0.00224609 1.36302e-05

0.00224609 1.43023e-05
0.00227051 1.4079e-05

0.00227051 1.40558e-05
0.00229492 6.34279e-06

0.00229492 7.16308e-06
0.00231934 1.19232e-05

0.00231934 1.03193e-05
0.00234375 1.55684e-05

0.00234375 1.5587e-05
0.00236816 1.04434e-05

0.00236816 1.25588e-05
0.00239258 6.51539e-06

0.00239258 6.52765e-06
0.00241699 1.26268e-05

0.00241699 1.0435e-05
0.00244141 1.55843e-05

0.00244141 1.55782e-05
0.00246582 1.04084e-05

0.00246582 1.25255e-05
0.00249023 6.63611e-06

0.00249023 6.64206e-06
0.00251465 1.26242e-05

0.00251465 1.04774e-05
0.00253906 1.55198e-05

0.00253906 1.55137e-05
0.00256348 1.04458e-05

0.00256348 1.24935e-05
0.00258789 6.77889e-06

0.00258789 6.77624e-06
0.0026123 1.26358e-05

0.0026123 1.0616e-05
0.00263672 1.53843e-05

0.00263672 1.53331e-05
0.00266113 1.04035e-05

0.00266113 1.18184e-05
0.00268555 7.65674e-06

0.00268555 6.84033e-06
0.00270996 1.40347e-05

0.00270996 1.40397e-05
0.00273438 1.42258e-05

0.00273437 1.40171e-05
0.00275879 7.10822e-06

0.00275879 7.92199e-06
0.0027832 1.18287e-05

0.0027832 1.06145e-05
0.00280762 1.51172e-05

0.00280762 1.51113e-05
0.00283203 1.0598e-05

0.00283203 1.18265e-05
0.00285645 7.93335e-06

0.00285645 7.24071e-06
0.00288086 1.38787e-05

0.00288086 1.39623e-05
0.00290527 1.39459e-05

0.00290527 1.30461e-05
0.00292969 8.05139e-06

0.00292969 8.54281e-06
0.0029541 1.31083e-05

0.0029541 1.3381e-05
0.00297852 1.34002e-05

0.00297852 1.16409e-05
0.00300293 1.00356e-05

0.00300293 1.03651e-05
0.00302734 1.43374e-05

0.00302734 1.27995e-05
0.00305176 1.41961e-05

0.00305176 1.30207e-05
0.00307617 1.36916e-05

0.00307617 1.33378e-05
0.00310059 1.46508e-05

0.00310059 1.37666e-05
0.003125 1.49427e-05

0.00175781 0.00287809
0.00156897 0.00292969

0.0015625 0.00293116
0.0015679 0.00292969

0.00175781 0.00287833
0.00195312 0.00281594

0.00234375 0.00265977
0.00217107 0.00273438

0.00195312 0.00281629
0.00214844 0.00274368

0.00214844 0.00274372
0.00217006 0.00273438

0.00292969 0.0023136
0.00288772 0.00234375

0.00302734 0.00223739
0.00301656 0.00224609

0.00297852 0.00227494
0.00295251 0.00229492

0.00292969 0.00231325
0.00295376 0.00229492

0.00297852 0.00227495
0.00301451 0.00224609

0.00302734 0.00223696
0.003125 0.00215205

0.00244141 0.00261222
0.00239046 0.00263672

0.00234375 0.00265873
0.00238953 0.00263672

0.00244141 0.00261221
0.00253906 0.00256164

0.00273438 0.00244877
0.00258049 0.00253906

0.00253906 0.00256229
0.00257921 0.00253906

0.00283203 0.00238332
0.00274406 0.00244141

0.00273438 0.00244755
0.00274414 0.00244141

0.00283203 0.00238335
0.00288722 0.00234375

0.003125 1.43414e-05
0.00314941 1.5498e-05

0.00314941 1.4843e-05
0.00317383 1.57451e-05

0.00317383 1.51976e-05
0.00319824 1.61489e-05

0.00319824 1.55518e-05
0.00322266 1.66663e-05

0.00322266 1.60625e-05
0.00324707 1.72485e-05

0.00324707 1.66344e-05
0.00327148 1.77409e-05

0.00327148 1.7132e-05
0.0032959 1.82554e-05

0.0032959 1.75876e-05
0.00332031 1.89611e-05

0.00332031 1.82499e-05
0.00334473 1.98844e-05

0.00334473 1.98231e-05
0.00336914 1.99945e-05

0.00336914 1.35852e-05
0.00339257 2.44141e-05

0.00339123 2.44141e-05
0.00339355 2.53022e-05

0.00339355 2.73997e-05
0.00341797 4.8539e-05

0.00341762 4.88281e-05
0.00341797 4.91664e-05

0.00341797 4.83651e-05
0.00341845 4.88281e-05

0.00341797 4.93074e-05
0.00344184 7.32422e-05

0.00344189 7.32422e-05
0.00344238 7.37522e-05

0.00344238 7.39184e-05
0.00346445 9.76563e-05

0.00346495 9.76563e-05
0.0034668 9.97263e-05

0.0034668 0.000100171
0.00350617 0.000146484

0.00350619 0.000146484
0.00351563 0.000158833

0.00351563 0.00015934
0.00354271 0.000195313

0.00354296 0.000195313
0.00356445 0.00022747

0.00356445 0.000228654
0.00357461 0.000244141

0.0035752 0.000244141
0.00360414 0.000292969

0.0036049 0.000292969
0.00361328 0.000309756

0.00361328 0.000311216
0.00362932 0.000341797

0.00362952 0.000341797
0.00365227 0.000390625

0.00365293 0.000390625
0.00369064 0.000488281

0.00369043 0.000488281
0.00371094 0.000560063

0.00371094 0.000561113
0.00371803 0.000585938

0.00371805 0.000585937
0.00373714 0.000683594

0.00373677 0.000683594
0.0037482 0.00078125

0.00375018 0.00078125
0.00375127 0.000976562

0.00375096 0.000976562
0.00372348 0.00117188

0.00371094 0.00121653
0.00366809 0.00136719

0.00366836 0.00136719
0.00358388 0.0015625

0.00371094 0.00121515
0.00372325 0.00117187

0.00332031 0.00195069
0.00331828 0.00195312

0.00351563 0.00168011
0.0034696 0.00175781

0.00341797 0.00182613
0.00339683 0.00185547

0.00332031 0.00195061
0.00339718 0.00185547

0.00341797 0.00182569
0.00346682 0.00175781

0.00332031 0.00195417
0.00313196 0.00214844

0.003125 0.00215285
0.0031298 0.00214844

0.00351563 0.00167833
0.00358423 0.0015625

