0 6.65114e-05
0.00012207 6.72211e-05

0.00012207 6.69466e-05
0.000244141 6.78244e-05

0.000244141 6.78451e-05
0.000366211 6.71777e-05

0.000366211 6.71441e-05
0.000488281 6.66454e-05

0.000488281 6.67908e-05
0.000610352 6.7501e-05

0.000610352 6.6924e-05
0.000732422 6.79073e-05

0.000732422 6.84284e-05
0.000854492 6.73123e-05

0.000854492 6.67435e-05
0.000976562 6.64435e-05

0 0.00164076
0.000488281 0.0016392

0.000488281 0.00163932
0.000976562 0.00163443

0.000976562 6.75924e-05
0.00109863 6.7708e-05

0.00109863 6.6611e-05
0.0012207 6.67455e-05

0.0012207 6.79837e-05
0.00134277 6.7514e-05

0.00134277 6.56435e-05
0.00146484 6.70242e-05

0.00146484 7.31504e-05
0.00158691 6.43772e-05

0.00170561 0
0.00158825 0.00012207

0.00170898 4.0783e-05
0.00172369 0

0.000976562 0.00163446
0.00146484 0.00162592

0.00146484 0.0016263
0.00195312 0.0016133

0.00201961 0
0.0020752 0.000100282

0.0020752 9.19823e-05
0.00219727 4.57844e-05

0.00219727 3.96139e-05
0.00221135 0

0.00195312 0.00161371
0.00244141 0.00159466

0.00244141 0.00159497
0.00292969 0.00156842

0.00292969 0.00156811
0.00317383 0.00155172

0.00317383 0.00155177
0.00341797 0.00153279

0.00341797 0.00153286
0.00366211 0.00151105

0.00366211 0.00151115
0.00390625 0.00148617

0.00439453 0.00142614
0.0040872 0.00146484

0.00390625 0.00148647
0.00409101 0.00146484

0.00439453 0.00142553
0.00463867 0.00138859

0.00463867 0.00138876
0.00488281 0.00134647

0.00549276 0
0.00549316 1.16763e-06

0.00549316 2.60356e-05
0.005561 0.00012207

0.00554987 0.00012207
0.00561523 0.000163809

0.00561523 0.000142869
0.0057373 0.000168919

0.0057373 0.000172436
0.00585938 0.000144889

0.00488281 0.00134668
0.00512695 0.00129828

0.00512695 0.00129854
0.00537109 0.00124306

0.00561523 0.00117974
0.00545823 0.0012207

0.00537109 0.00124329
0.00545767 0.0012207

0.00561523 0.00118006
0.00585938 0.00110675

0.00598145 3.39412e-05
0.00591284 0.00012207

0.00585938 0.000144804
0.0058969 0.00012207

0.00598145 7.83276e-05
0.006015 0

0.00634766 0.000924445
0.00621814 0.000976562

0.00634766 0.000925856
0.0065918 0.000811024

0.00683594 0.000675874
0.00673753 0.000732422

0.0065918 0.000812142
0.00673529 0.000732422

0.00585938 0.00110724
0.00610352 0.0010226

0.00610352 0.00102385
0.00622103 0.000976562

0.00732422 0.000314233
0.00711738 0.000488281

0.00683594 0.000678715
0.00708008 0.000515606

0.00708008 0.000525322
0.0071286 0.000488281

0.00744629 0.000179211
0.0073805 0.000244141

0.00756836 3.18582e-05
0.00752929 0.00012207

0.00744629 0.000196244
0.00751495 0.00012207

0.00732422 0.000308594
0.00739022 0.000244141

0.00756836 3.22178e-05
0.00757955 0

