0 0.15913
0.00012207 0.159133

0.00012207 0.159133
0.000244141 0.159142

0.000244141 0.159142
0.000366211 0.159155

0.000366211 0.159155
0.000488281 0.159175

0.000488281 0.159175
0.00051241 0.15918

0.000512414 0.15918
0.000610352 0.1592

0.000610352 0.1592
0.000732422 0.159231

0.000732422 0.159231
0.000854492 0.159268

0.000854492 0.159268
0.000950898 0.159302

0.00095094 0.159302
0.000976562 0.159311

0.000976562 0.159311
0.00109863 0.159361

0.00109863 0.159361
0.0012207 0.159418

0.0012207 0.159418
0.00123226 0.159424

0.00123225 0.159424
0.00134277 0.159483

0.00134277 0.159483
0.00144634 0.159546

0.00144634 0.159546
0.00146484 0.159557

0.00146484 0.159557
0.00158691 0.159642

0.00158691 0.159642
0.00162176 0.159668

0.00162088 0.159668
0.00170898 0.159738

0.00170898 0.159738
0.00176867 0.15979

0.00176789 0.15979
0.00183105 0.159848

0.00183105 0.159848
0.00189476 0.159912

0.00189451 0.159912
0.00195312 0.159977

0.00195312 0.159976
0.00200347 0.160034

0.00200399 0.160034
0.0020752 0.160125

0.0020752 0.160125
0.00209862 0.160156

0 0.164031
0.00012207 0.164028

0.00012207 0.164028
0.000244141 0.164019

0.000244141 0.164019
0.000366211 0.164004

0.000366211 0.164004
0.000488281 0.163983

0.000488281 0.163983
0.000610352 0.163956

0.000732422 0.163922
0.000665518 0.16394

0.000610352 0.163956
0.000665511 0.16394

0.000732422 0.163922
0.000854492 0.163882

0.000854492 0.163882
0.000976562 0.163835

0.00146484 0.163568
0.0014548 0.163574

0.0012207 0.16372
0.00101589 0.163818

0.000976562 0.163835
0.00101329 0.163818

0.00134277 0.163647
0.00125783 0.163696

0.0012207 0.163718
0.00125783 0.163696

0.00134277 0.163648
0.00145474 0.163574

0.00146484 0.163568
0.00158691 0.163477

0.00170898 0.163375
0.00161636 0.163452

0.00158691 0.163476
0.00161632 0.163452

0.00195312 0.163131
0.00176181 0.16333

0.00170898 0.163374
0.00175763 0.16333

0.00209904 0.160156
0.00218258 0.160278

0.00218124 0.160278
0.00219727 0.160305

0.00219727 0.160303
0.00225549 0.1604

0.00225473 0.1604
0.00231836 0.160522

0.00231684 0.160522
0.00231934 0.160528

0.00231934 0.160524
0.00237353 0.160645

0.00237294 0.160645
0.00241967 0.160767

0.00241929 0.160767
0.00244141 0.160835

0.00244141 0.160832
0.00245977 0.160889

0.00245944 0.160889
0.00249129 0.161011

0.00249092 0.161011
0.00251543 0.161133

0.00251539 0.161133
0.00253338 0.161255

0.00253337 0.161255
0.00254493 0.161377

0.00254492 0.161377
0.00255011 0.161499

0.0025501 0.161499
0.00254895 0.161621

0.00254896 0.161621
0.00254145 0.161743

0.00254147 0.161743
0.00252755 0.161865

0.00252757 0.161865
0.00250717 0.161987

0.00250714 0.161987
0.00248031 0.162109

0.00244141 0.162253
0.00240832 0.162354

0.00231934 0.162566
0.002305 0.162598

0.00240771 0.162354
0.0023597 0.162476

0.00231934 0.162564
0.00235941 0.162476

0.00219727 0.162793
0.00216981 0.162842

0.0020752 0.162977
0.00198957 0.163086

0.0021686 0.162842
0.0020848 0.162964

0.0020752 0.162974
0.002083 0.162964

0.00230497 0.162598
0.00224139 0.16272

0.00219727 0.162793
0.00224098 0.16272

0.00248014 0.162109
0.0024473 0.162231

0.00244141 0.162247
0.00244641 0.162231

0.00195312 0.163126
0.00198705 0.163086

