7.15012e-05 0
7.32422e-05 5.08392e-06

7.32422e-05 9.56226e-07
9.64476e-05 2.44141e-05

9.76563e-05 1.39685e-05
0.00012207 1.37294e-05

0.00012207 1.33525e-05
0.000146484 1.28261e-05

0.000146484 1.33679e-05
0.000170898 1.35611e-05

0.000170898 1.33412e-05
0.000195313 1.31182e-05

0.000195313 1.34059e-05
0.000219727 1.31989e-05

0.000219727 1.31231e-05
0.000244141 1.30374e-05

0.000244141 1.31913e-05
0.000268555 1.32901e-05

0.000268555 1.32314e-05
0.000292969 1.30712e-05

0.000292969 1.32806e-05
0.000317383 1.29705e-05

0.000317383 1.29911e-05
0.000341797 1.28683e-05

0.000341797 1.29795e-05
0.000366211 1.30972e-05

0.000366211 1.30581e-05
0.000390625 1.29687e-05

0.000390625 1.31044e-05
0.000415039 1.28452e-05

0.000415039 1.28483e-05
0.000439453 1.28119e-05

0.000439453 1.28975e-05
0.000463867 1.30009e-05

0.000463867 1.29102e-05
0.000488281 1.28957e-05

0.000488281 1.29932e-05
0.000512695 1.28847e-05

0.000512695 1.2884e-05
0.000537109 1.2769e-05

0.000537109 1.27181e-05
0.000561523 1.29983e-05

0.000561523 1.28809e-05
0.000585937 1.31667e-05

0.000585938 1.3133e-05
0.000610352 1.29889e-05

0.000610352 1.30078e-05
0.000634766 1.28349e-05

0.000634766 1.28984e-05
0.00065918 1.29788e-05

0.00065918 1.29366e-05
0.000683594 1.30197e-05

0.000683594 1.31158e-05
0.000708008 1.28792e-05

0.000708008 1.28425e-05
0.000732422 1.27791e-05

0.000732422 1.3018e-05
0.00078125 1.27576e-05

0.00078125 1.30339e-05
0.000830078 1.25914e-05

0.000830078 1.29074e-05
0.000878906 1.25585e-05

0.000878906 1.26841e-05
0.00090332 1.27283e-05

0.00090332 1.26635e-05
0.000927734 1.26892e-05

0.000927734 1.27791e-05
0.000952148 1.26687e-05

0.000952148 1.26276e-05
0.000976562 1.25722e-05

0.000976562 1.26154e-05
0.00100098 1.27559e-05

0.00100098 1.26828e-05
0.00102539 1.27114e-05

0.00102539 1.27084e-05
0.0010498 1.27027e-05

0.0010498 1.26647e-05
0.00107422 1.27217e-05

0.00107422 1.27074e-05
0.00109863 1.27827e-05

0.00109863 1.26932e-05
0.00112305 1.27979e-05

0.00112305 1.2706e-05
0.00114746 1.29301e-05

0.00114746 1.28503e-05
0.00117187 1.29547e-05

0.00117188 1.27366e-05
0.00119629 1.30464e-05

0.00119629 1.30944e-05
0.0012207 1.31489e-05

0.0012207 1.27635e-05
0.00124512 1.3097e-05

0.00124512 1.32508e-05
0.00126953 1.34692e-05

0.00126953 1.29737e-05
0.00129395 1.32014e-05

0.00129395 1.36327e-05
0.00131836 1.34171e-05

0.00131836 1.25293e-05
0.00134277 1.33334e-05

0.00134277 1.4119e-05
0.00136719 1.41055e-05

0.0013916 2.0496e-07
0.00136842 2.44141e-05

0.0013916 4.63817e-06
0.00139318 0

0.00146309 0
0.00146484 5.17539e-06

0.00146484 2.89879e-06
0.00148564 2.44141e-05

0.00148637 2.44141e-05
0.00148926 2.54059e-05

0.00148926 1.61098e-05
0.00151367 1.66345e-05

0.00151283 2.44141e-05
0.00151367 2.44212e-05

0.00151367 1.6088e-05
0.00153809 1.53621e-05

0.0015625 4.01755e-06
0.00154169 2.44141e-05

0.00153809 2.53944e-05
0.00154109 2.44141e-05

0 0.00311729
0.000390625 0.00310647

0.000390625 0.00310673
0.00078125 0.00307372

0.00078125 0.00307442
0.00117187 0.00301728

0.00117188 0.00301831
0.0015625 0.00293362

0.0015625 6.1354e-06
0.0015646 0

0.00165558 0
0.00166016 1.0987e-05

0.00166016 1.06419e-05
0.00167613 2.44141e-05

0.00167507 2.44141e-05
0.00168457 2.76022e-05

0.00168457 1.74742e-05
0.00170898 1.73291e-05

0.00168457 2.44663e-05
0.00170202 2.44141e-05

0.0017334 1.01933e-05
0.00171743 2.44141e-05

0.00170898 2.76313e-05
0.00171837 2.44141e-05

0.0017334 9.01173e-06
0.00173706 0

0.00179935 0
0.00180664 1.53184e-05

0.00180664 1.01654e-05
0.00183105 1.12103e-05

0.00183105 6.94549e-06
0.00184978 0

0.00185715 0
0.00187988 1.66416e-05

0.00187988 7.36818e-06
0.0019043 1.13987e-05

0.0019043 8.57039e-06
0.00192871 1.09193e-05

0.00192871 9.35671e-06
0.00195312 1.19453e-05

0.00195312 9.25371e-06
0.00197754 1.32251e-05

0.00197754 1.37331e-05
0.00200195 1.25889e-05

0.00200195 1.6222e-05
0.00202637 4.75545e-06

0.00202637 5.26315e-06
0.00205078 8.25348e-06

0.00205078 8.55918e-06
0.0020752 1.53548e-05

0.0020752 9.35092e-06
0.00209961 1.1822e-05

0.00209961 1.36596e-05
0.00212402 1.34029e-05

0.00212402 1.31506e-05
0.00214844 7.68544e-06

0.00214844 7.24217e-06
0.00217285 1.31685e-05

0.00217285 1.40197e-05
0.00219727 1.40789e-05

0.00219727 1.33574e-05
0.00222168 7.13174e-06

0.00222168 7.03358e-06
0.00224609 1.34521e-05

0.00224609 1.41295e-05
0.00227051 1.42311e-05

0.00227051 1.41369e-05
0.00229492 6.48442e-06

0.00229492 7.27485e-06
0.00231934 1.18185e-05

0.00231934 1.03166e-05
0.00234375 1.55581e-05

0.00234375 1.55722e-05
0.00236816 1.04534e-05

0.00236816 1.25611e-05
0.00239258 6.53296e-06

0.00239258 6.54409e-06
0.00241699 1.26191e-05

0.00241699 1.0436e-05
0.00244141 1.55786e-05

0.00244141 1.55739e-05
0.00246582 1.04125e-05

0.00246582 1.25263e-05
0.00249023 6.6416e-06

0.00249023 6.64787e-06
0.00251465 1.26223e-05

0.00251465 1.04781e-05
0.00253906 1.55176e-05

0.00253906 1.55119e-05
0.00256348 1.04475e-05

0.00256348 1.24895e-05
0.00258789 6.78578e-06

0.00258789 6.7847e-06
0.0026123 1.26384e-05

0.0026123 1.06199e-05
0.00263672 1.53785e-05

0.00263672 1.53275e-05
0.00266113 1.04079e-05

0.00266113 1.18223e-05
0.00268555 7.66386e-06

0.00268555 6.84764e-06
0.00270996 1.40286e-05

0.00270996 1.40336e-05
0.00273438 1.42275e-05

0.00273437 1.40236e-05
0.00275879 7.1136e-06

0.00275879 7.9282e-06
0.0027832 1.18156e-05

0.0027832 1.06051e-05
0.00280762 1.51148e-05

0.00280762 1.51148e-05
0.00283203 1.05949e-05

0.00283203 1.18281e-05
0.00285645 7.91315e-06

0.00285645 7.20274e-06
0.00288086 1.38947e-05

0.00288086 1.39899e-05
0.00290527 1.39643e-05

0.00290527 1.31699e-05
0.00292969 7.89316e-06

0.00292969 8.33835e-06
0.0029541 1.30276e-05

0.0029541 1.33271e-05
0.00297852 1.35406e-05

0.00297852 1.17223e-05
0.00300293 9.92564e-06

0.00300293 1.01815e-05
0.00302734 1.4363e-05

0.00302734 1.27793e-05
0.00305176 1.44623e-05

0.00305176 1.31329e-05
0.00307617 1.38475e-05

0.00307617 1.35254e-05
0.00310059 1.47847e-05

0.00310059 1.39094e-05
0.003125 1.50056e-05

0.00175781 0.00287863
0.00157189 0.00292969

0.0015625 0.00293197
0.00157082 0.00292969

0.00175781 0.00287888
0.00195312 0.00281617

0.00234375 0.00265912
0.00217056 0.00273438

0.00195312 0.00281651
0.00214844 0.0027435

0.00214844 0.00274344
0.00216931 0.00273438

0.00292969 0.0023118
0.00288522 0.00234375

0.00302734 0.00223569
0.00301441 0.00224609

0.00297852 0.00227318
0.00295027 0.00229492

0.00292969 0.00231142
0.00295149 0.00229492

0.00297852 0.00227305
0.00301226 0.00224609

0.00302734 0.00223525
0.003125 0.0021505

0.00244141 0.00261131
0.00238888 0.00263672

0.00234375 0.00265801
0.00238777 0.00263672

0.00244141 0.00261127
0.00253906 0.00256045

0.00273438 0.00244713
0.00257835 0.00253906

0.00253906 0.002561
0.00257689 0.00253906

0.00283203 0.00238135
0.00274131 0.00244141

0.00273438 0.0024456
0.002741 0.00244141

0.00283203 0.00238136
0.00288458 0.00234375

0.003125 1.44682e-05
0.00314941 1.55808e-05

0.00314941 1.50106e-05
0.00317383 1.57233e-05

0.00317383 1.51711e-05
0.00319824 1.60724e-05

0.00319824 1.57019e-05
0.00322266 1.65764e-05

0.00322266 1.57897e-05
0.00324707 1.6989e-05

0.00324707 1.65448e-05
0.00327148 1.78993e-05

0.00327148 1.73455e-05
0.0032959 1.79665e-05

0.0032959 1.70785e-05
0.00332031 1.85586e-05

0.00332031 1.82347e-05
0.00334473 2.00039e-05

0.00334473 1.98106e-05
0.00336914 1.93649e-05

0.00336914 1.27984e-05
0.0033933 2.44141e-05

0.00339228 2.44141e-05
0.00339355 2.49234e-05

0.00339355 2.74907e-05
0.00341779 4.88281e-05

0.00341772 4.88281e-05
0.00341797 4.90647e-05

0.00341797 4.95029e-05
0.00344176 7.32422e-05

0.00344179 7.32422e-05
0.00344238 7.38604e-05

0.00344238 7.39966e-05
0.00346447 9.76563e-05

0.00346493 9.76563e-05
0.0034668 9.97434e-05

0.0034668 0.000100436
0.00348576 0.00012207

0.00348552 0.00012207
0.00349121 0.00012885

0.00349121 0.000128506
0.00350602 0.000146484

0.00350628 0.000146484
0.00351563 0.000158683

0.00351563 0.000159158
0.00354287 0.000195313

0.00354314 0.000195313
0.00356445 0.00022721

0.00356445 0.000228553
0.00357468 0.000244141

0.00357533 0.000244141
0.00360425 0.000292969

0.003605 0.000292969
0.00361328 0.000309593

0.00361328 0.000311016
0.0036294 0.000341797

0.00362959 0.000341797
0.00365229 0.000390625

0.00365296 0.000390625
0.00369058 0.000488281

0.00369036 0.000488281
0.00371094 0.000560498

0.00371094 0.000561549
0.00371789 0.000585938

0.0037179 0.000585937
0.00373692 0.000683594

0.00373656 0.000683594
0.00374793 0.00078125

0.0037499 0.00078125
0.0037509 0.000976562

0.00375059 0.000976562
0.00372304 0.00117188

0.00371094 0.00121496
0.00366759 0.00136719

0.00366787 0.00136719
0.00358328 0.0015625

0.00371094 0.00121324
0.00372272 0.00117187

0.00332031 0.00194985
0.00331756 0.00195312

0.00351563 0.00167912
0.00346894 0.00175781

0.00341797 0.00182493
0.00339594 0.00185547

0.00332031 0.00194931
0.00339629 0.00185547

0.00341797 0.00182446
0.00346604 0.00175781

0.00332024 0.00195312
0.00313046 0.00214844

0.003125 0.00215108
0.00312788 0.00214844

0.00351563 0.00167696
0.00358352 0.0015625

