7.13904e-05 0
7.32422e-05 5.38715e-06

7.32422e-05 3.45064e-07
9.65091e-05 2.44141e-05

9.69795e-05 2.44141e-05
9.76563e-05 2.46474e-05

9.76563e-05 1.39372e-05
0.00012207 1.41452e-05

0.00011834 2.44141e-05
0.00012207 2.44256e-05

0.00012207 1.33964e-05
0.000146484 1.28033e-05

0.000146484 1.35406e-05
0.000170898 1.36704e-05

0.000170898 1.33681e-05
0.000195313 1.30214e-05

0.000195313 1.34033e-05
0.000219727 1.33027e-05

0.000219727 1.32297e-05
0.000244141 1.30142e-05

0.000244141 1.31655e-05
0.000268555 1.32299e-05

0.000268555 1.32144e-05
0.000292969 1.31221e-05

0.000292969 1.32913e-05
0.000317383 1.29714e-05

0.000317383 1.30053e-05
0.000341797 1.28737e-05

0.000341797 1.29807e-05
0.000366211 1.30951e-05

0.000366211 1.30545e-05
0.000390625 1.2987e-05

0.000390625 1.31055e-05
0.000415039 1.28744e-05

0.000415039 1.28819e-05
0.000439453 1.28323e-05

0.000439453 1.29289e-05
0.000463867 1.2981e-05

0.000463867 1.29118e-05
0.000488281 1.28758e-05

0.000488281 1.29601e-05
0.000512695 1.2899e-05

0.000512695 1.2901e-05
0.000537109 1.28005e-05

0.000537109 1.27585e-05
0.000561523 1.29593e-05

0.000561523 1.2849e-05
0.000585937 1.31352e-05

0.000585938 1.312e-05
0.000610352 1.30035e-05

0.000610352 1.29991e-05
0.000634766 1.28196e-05

0.000634766 1.2881e-05
0.00065918 1.29887e-05

0.00065918 1.29432e-05
0.000683594 1.30278e-05

0.000683594 1.31305e-05
0.000708008 1.28589e-05

0.000708008 1.28256e-05
0.000732422 1.27615e-05

0.000732422 1.30093e-05
0.00078125 1.27708e-05

0.00078125 1.30609e-05
0.000830078 1.25598e-05

0.000830078 1.28711e-05
0.000878906 1.25585e-05

0.000878906 1.27044e-05
0.00090332 1.27565e-05

0.00090332 1.26961e-05
0.000927734 1.26495e-05

0.000927734 1.27179e-05
0.000952148 1.26783e-05

0.000952148 1.26386e-05
0.000976562 1.26522e-05

0.000976562 1.26771e-05
0.00100098 1.27379e-05

0.00100098 1.27077e-05
0.00102539 1.26674e-05

0.00102539 1.26616e-05
0.0010498 1.26976e-05

0.0010498 1.26327e-05
0.00107422 1.27923e-05

0.00107422 1.27813e-05
0.00109863 1.27996e-05

0.00109863 1.27019e-05
0.00112305 1.27486e-05

0.00112305 1.2718e-05
0.00114746 1.29281e-05

0.00114746 1.27734e-05
0.00117187 1.29711e-05

0.00117188 1.2835e-05
0.00119629 1.30892e-05

0.00119629 1.29865e-05
0.0012207 1.31178e-05

0.0012207 1.2879e-05
0.00124512 1.32322e-05

0.00124512 1.33415e-05
0.00126953 1.32689e-05

0.00126953 1.28444e-05
0.00129395 1.31622e-05

0.00129395 1.34645e-05
0.00131836 1.36045e-05

0.00131836 1.27107e-05
0.00134277 1.34992e-05

0.00134277 1.43839e-05
0.00136719 1.38448e-05

0.00139152 0
0.00136827 2.44141e-05

0.00136719 2.45123e-05
0.00136747 2.44141e-05

0.0013916 5.42866e-06
0.00139347 0

0.00146294 0
0.00146484 5.576e-06

0.00146484 3.12938e-06
0.00148577 2.44141e-05

0.0014867 2.44141e-05
0.00148926 2.52802e-05

0.00148926 1.55702e-05
0.00151367 1.65853e-05

0.0015124 2.44141e-05
0.00151367 2.44362e-05

0.00151367 1.6524e-05
0.00153809 1.58508e-05

0.0015625 3.40472e-06
0.00154171 2.44141e-05

0.00153809 2.54557e-05
0.00154119 2.44141e-05

0 0.00311743
0.000390625 0.00310659

0.000390625 0.00310686
0.00078125 0.00307383

0.00078125 0.00307453
0.00117187 0.00301737

0.00117188 0.00301839
0.0015625 0.00293367

0.0015625 6.16923e-06
0.00156462 0

0.00165558 0
0.00166016 1.09932e-05

0.00166016 1.06487e-05
0.00167612 2.44141e-05

0.00167511 2.44141e-05
0.00168457 2.75921e-05

0.00168457 1.74845e-05
0.00170898 1.7329e-05

0.00168457 2.44685e-05
0.00170137 2.44141e-05

0.0017334 1.01862e-05
0.00171743 2.44141e-05

0.00170898 2.76115e-05
0.00171831 2.44141e-05

0.0017334 9.02512e-06
0.00173706 0

0.00179935 0
0.00180664 1.53103e-05

0.00180664 1.01448e-05
0.00183105 1.12207e-05

0.00183105 6.9537e-06
0.00184981 0

0.00185715 0
0.00187988 1.66343e-05

0.00187988 7.37228e-06
0.0019043 1.14097e-05

0.0019043 8.57572e-06
0.00192871 1.0914e-05

0.00192871 9.3569e-06
0.00195312 1.19493e-05

0.00195312 9.25702e-06
0.00197754 1.32265e-05

0.00197754 1.37361e-05
0.00200195 1.25886e-05

0.00200195 1.62181e-05
0.00202637 4.75966e-06

0.00202637 5.23803e-06
0.00205078 8.28844e-06

0.00205078 8.68123e-06
0.0020752 1.52955e-05

0.0020752 9.26952e-06
0.00209961 1.17029e-05

0.00209961 1.35329e-05
0.00212402 1.35333e-05

0.00212402 1.32062e-05
0.00214844 7.76677e-06

0.00214844 7.3123e-06
0.00217285 1.31117e-05

0.00217285 1.40409e-05
0.00219727 1.40516e-05

0.00219727 1.32442e-05
0.00222168 7.19401e-06

0.00222168 7.12609e-06
0.00224609 1.35603e-05

0.00224609 1.42737e-05
0.00227051 1.40859e-05

0.00227051 1.40525e-05
0.00229492 6.38314e-06

0.00229492 7.19824e-06
0.00231934 1.19112e-05

0.00231934 1.03212e-05
0.00234375 1.55536e-05

0.00234375 1.55752e-05
0.00236816 1.04561e-05

0.00236816 1.25644e-05
0.00239258 6.52861e-06

0.00239258 6.5409e-06
0.00241699 1.26194e-05

0.00241699 1.04355e-05
0.00244141 1.55815e-05

0.00244141 1.55767e-05
0.00246582 1.04117e-05

0.00246582 1.25273e-05
0.00249023 6.6381e-06

0.00249023 6.64431e-06
0.00251465 1.26231e-05

0.00251465 1.04779e-05
0.00253906 1.55198e-05

0.00253906 1.55136e-05
0.00256348 1.04466e-05

0.00256348 1.24908e-05
0.00258789 6.78302e-06

0.00258789 6.78249e-06
0.0026123 1.26371e-05

0.0026123 1.06194e-05
0.00263672 1.53779e-05

0.00263672 1.53253e-05
0.00266113 1.04058e-05

0.00266113 1.18209e-05
0.00268555 7.66478e-06

0.00268555 6.84655e-06
0.00270996 1.40285e-05

0.00270996 1.40346e-05
0.00273438 1.4227e-05

0.00273437 1.40232e-05
0.00275879 7.11057e-06

0.00275879 7.92224e-06
0.0027832 1.18195e-05

0.0027832 1.06046e-05
0.00280762 1.51237e-05

0.00280762 1.51243e-05
0.00283203 1.05975e-05

0.00283203 1.18345e-05
0.00285645 7.90429e-06

0.00285645 7.20327e-06
0.00288086 1.38882e-05

0.00288086 1.3983e-05
0.00290527 1.39576e-05

0.00290527 1.31141e-05
0.00292969 7.94339e-06

0.00292969 8.40265e-06
0.0029541 1.30759e-05

0.0029541 1.33827e-05
0.00297852 1.34727e-05

0.00297852 1.17127e-05
0.00300293 9.88474e-06

0.00300293 1.01672e-05
0.00302734 1.43286e-05

0.00302734 1.2687e-05
0.00305176 1.44638e-05

0.00305176 1.30949e-05
0.00307617 1.3969e-05

0.00307617 1.36239e-05
0.00310059 1.48366e-05

0.00310059 1.40334e-05
0.003125 1.49003e-05

0.00175781 0.00287866
0.00157206 0.00292969

0.0015625 0.00293202
0.00157097 0.00292969

0.00175781 0.00287891
0.00195312 0.00281618

0.00234375 0.00265909
0.00217052 0.00273438

0.00195312 0.00281652
0.00214844 0.00274348

0.00214844 0.00274343
0.00216926 0.00273438

0.00292969 0.00231171
0.0028851 0.00234375

0.00302734 0.0022356
0.00301429 0.00224609

0.00297852 0.00227308
0.00295015 0.00229492

0.00292969 0.00231133
0.00295137 0.00229492

0.00297852 0.00227295
0.00301213 0.00224609

0.00302734 0.00223515
0.003125 0.00215039

0.00244141 0.00261127
0.0023888 0.00263672

0.00234375 0.00265797
0.00238768 0.00263672

0.00244141 0.00261123
0.00253906 0.00256039

0.00273438 0.00244706
0.00257825 0.00253906

0.00253906 0.00256094
0.00257679 0.00253906

0.00283203 0.00238126
0.0027412 0.00244141

0.00273438 0.00244552
0.00274087 0.00244141

0.00283203 0.00238127
0.00288445 0.00234375

0.003125 1.44006e-05
0.00314941 1.54348e-05

0.00314941 1.47983e-05
0.00317383 1.58188e-05

0.00317383 1.52881e-05
0.00319824 1.62556e-05

0.00319824 1.56795e-05
0.00322266 1.66017e-05

0.00322266 1.59415e-05
0.00324707 1.723e-05

0.00324707 1.73052e-05
0.00327148 1.73202e-05

0.00327148 1.64822e-05
0.0032959 1.67172e-05

0.0032959 1.55038e-05
0.00332031 1.95583e-05

0.00332031 1.96878e-05
0.00334473 2.1512e-05

0.00334473 2.02471e-05
0.00336914 1.84633e-05

0.00336914 1.29609e-05
0.00339307 2.44141e-05

0.00339162 2.44141e-05
0.00339355 2.5163e-05

0.00339355 2.69713e-05
0.00341797 4.83627e-05

0.00341765 4.88281e-05
0.00341797 4.91364e-05

0.00341797 4.93192e-05
0.0034417 7.32422e-05

0.00344186 7.32422e-05
0.00344238 7.37842e-05

0.00344238 7.39143e-05
0.00346456 9.76563e-05

0.00346501 9.76563e-05
0.0034668 9.96549e-05

0.0034668 0.000100336
0.00348584 0.00012207

0.00348561 0.00012207
0.00349121 0.000128752

0.00349121 0.000128419
0.00350609 0.000146484

0.00350634 0.000146484
0.00351563 0.000158605

0.00351563 0.000159063
0.00354293 0.000195313

0.00354319 0.000195313
0.00356445 0.000227166

0.00356445 0.000228497
0.00357471 0.000244141

0.00357536 0.000244141
0.00360425 0.000292969

0.00360499 0.000292969
0.00361328 0.000309613

0.00361328 0.000311019
0.00362939 0.000341797

0.00362958 0.000341797
0.00365227 0.000390625

0.00365293 0.000390625
0.00369054 0.000488281

0.00369033 0.000488281
0.00371094 0.000560639

0.00371094 0.00056169
0.00371784 0.000585938

0.00371786 0.000585937
0.00373688 0.000683594

0.00373651 0.000683594
0.00374788 0.00078125

0.00374986 0.00078125
0.00375084 0.000976562

0.00375054 0.000976562
0.00372297 0.00117188

0.00371094 0.00121473
0.00366751 0.00136719

0.00366779 0.00136719
0.00358319 0.0015625

0.00371094 0.00121298
0.00372265 0.00117187

0.00332031 0.00194974
0.00331748 0.00195312

0.00351563 0.00167898
0.00346885 0.00175781

0.00341797 0.00182479
0.00339584 0.00185547

0.00332031 0.00194917
0.00339619 0.00185547

0.00341797 0.00182432
0.00346594 0.00175781

0.00332013 0.00195312
0.00313035 0.00214844

0.003125 0.00215095
0.00312774 0.00214844

0.00351563 0.0016768
0.00358343 0.0015625

