0 6.72758e-05
0.00012207 6.68843e-05

0.00012207 6.69971e-05
0.000244141 6.659e-05

0.000244141 6.63342e-05
0.000366211 6.72313e-05

0.000366211 6.68356e-05
0.000488281 6.80636e-05

0.000488281 6.8314e-05
0.000610352 6.70581e-05

0.000610352 6.66812e-05
0.000732422 6.63706e-05

0.000732422 6.72399e-05
0.000854492 6.76772e-05

0.000854492 6.66402e-05
0.000976562 6.70523e-05

0 0.00164452
0.000488281 0.0016427

0.000488281 0.0016427
0.000976562 0.00163725

0.000976562 6.80217e-05
0.00109863 6.75005e-05

0.00109863 6.63517e-05
0.0012207 6.65755e-05

0.0012207 6.79923e-05
0.00134277 6.78582e-05

0.00134277 6.6028e-05
0.00146484 6.67025e-05

0.00146484 7.28039e-05
0.00158691 6.40378e-05

0.00170589 0
0.00158807 0.00012207

0.00170898 4.07843e-05
0.00172369 0

0.000976562 0.00163725
0.00146484 0.00162813

0.00146484 0.00162855
0.00195312 0.00161492

0.00201944 0
0.0020752 0.000100475

0.0020752 9.22354e-05
0.00219727 4.58386e-05

0.00219727 3.94074e-05
0.00221126 0

0.00195312 0.00161536
0.00244141 0.00159551

0.00244141 0.00159577
0.00292969 0.00156834

0.00292969 0.00156877
0.00341797 0.00153238

0.00341797 0.00153197
0.00366211 0.00151001

0.00366211 0.0015101
0.00390625 0.00148499

0.00439453 0.00142477
0.00407867 0.00146484

0.00390625 0.00148525
0.00408014 0.00146484

0.00439453 0.00142402
0.00463867 0.0013866

0.00463867 0.00138677
0.00488281 0.00134407

0.0054926 0
0.00549316 1.66033e-06

0.00549316 2.51457e-05
0.00556119 0.00012207

0.00554772 0.00012207
0.00561523 0.000165196

0.00561523 0.000143034
0.0057373 0.000168846

0.0057373 0.000172208
0.00585938 0.000145025

0.00488281 0.00134428
0.00512695 0.00129553

0.00512695 0.00129578
0.00537109 0.00124005

0.00561523 0.00117648
0.00544604 0.0012207

0.00537109 0.00124051
0.00544688 0.0012207

0.00561523 0.00117693
0.00585938 0.00110362

0.00598145 3.43107e-05
0.00591352 0.00012207

0.00585938 0.000146235
0.00589899 0.00012207

0.00598145 7.47844e-05
0.00601313 0

0.00634766 0.00092475
0.00621858 0.000976562

0.00634766 0.000923046
0.0065918 0.000808599

0.00683594 0.000673919
0.00673375 0.000732422

0.0065918 0.000809712
0.00673145 0.000732422

0.00585938 0.0011041
0.00610352 0.00101955

0.00610352 0.00101693
0.00620407 0.000976562

0.00732422 0.000316062
0.0071162 0.000488281

0.00683594 0.000676754
0.00708008 0.000514398

0.00708008 0.000519576
0.00712155 0.000488281

0.00744629 0.000182573
0.00738206 0.000244141

0.00756836 4.62524e-05
0.00753512 0.00012207

0.00744629 0.000200701
0.00752029 0.00012207

0.00732422 0.000311004
0.00739402 0.000244141

0.00756836 4.48305e-05
0.0075843 0

