7.17555e-05 0
7.32422e-05 4.3672e-06

7.39742e-05 0
9.64233e-05 2.44141e-05

9.72755e-05 2.44141e-05
9.76563e-05 2.45521e-05

9.76563e-05 1.39403e-05
0.00012207 1.49617e-05

0.00012207 1.37372e-05
0.000146484 1.27007e-05

0.000146484 1.36506e-05
0.000170898 1.37069e-05

0.000170898 1.33994e-05
0.000195313 1.31213e-05

0.000195313 1.34581e-05
0.000219727 1.34919e-05

0.000219727 1.3336e-05
0.000244141 1.3234e-05

0.000244141 1.34579e-05
0.000268555 1.33433e-05

0.000268555 1.33433e-05
0.000292969 1.306e-05

0.000292969 1.32421e-05
0.000317383 1.31491e-05

0.000317383 1.31902e-05
0.000341797 1.30791e-05

0.000341797 1.31808e-05
0.000366211 1.30509e-05

0.000366211 1.30898e-05
0.000390625 1.29936e-05

0.000390625 1.3067e-05
0.000415039 1.30273e-05

0.000415039 1.30465e-05
0.000439453 1.29805e-05

0.000439453 1.31207e-05
0.000463867 1.28797e-05

0.000463867 1.28678e-05
0.000488281 1.28178e-05

0.000488281 1.2911e-05
0.000512695 1.30189e-05

0.000512695 1.29289e-05
0.000537109 1.29091e-05

0.000537109 1.3e-05
0.000561523 1.2902e-05

0.000561523 1.29234e-05
0.000585937 1.27763e-05

0.000585938 1.27872e-05
0.000610352 1.29079e-05

0.000610352 1.28719e-05
0.000634766 1.29974e-05

0.000634766 1.30495e-05
0.00065918 1.28227e-05

0.00065918 1.28038e-05
0.000683594 1.27459e-05

0.000683594 1.29425e-05
0.000732422 1.27544e-05

0.000732422 1.28667e-05
0.00078125 1.27124e-05

0.00078125 1.27566e-05
0.000805664 1.28245e-05

0.000805664 1.28201e-05
0.000830078 1.27768e-05

0.000830078 1.28439e-05
0.000854492 1.26767e-05

0.000854492 1.27127e-05
0.000878906 1.26514e-05

0.000878906 1.26834e-05
0.00090332 1.27522e-05

0.00090332 1.27559e-05
0.000927734 1.27036e-05

0.000927734 1.27108e-05
0.000952148 1.2652e-05

0.000952148 1.26595e-05
0.000976562 1.27185e-05

0.000976562 1.2661e-05
0.00100098 1.27835e-05

0.00100098 1.27907e-05
0.00102539 1.27576e-05

0.00102539 1.26448e-05
0.00107422 1.28625e-05

0.00107422 1.27471e-05
0.00109863 1.28247e-05

0.00109863 1.27801e-05
0.00112305 1.29447e-05

0.00112305 1.28256e-05
0.00114746 1.29774e-05

0.00114746 1.28876e-05
0.00117187 1.30511e-05

0.00117188 1.2923e-05
0.00119629 1.31116e-05

0.00119629 1.30489e-05
0.0012207 1.31582e-05

0.0012207 1.29633e-05
0.00124512 1.32273e-05

0.00124512 1.32672e-05
0.00126953 1.33191e-05

0.00126953 1.30172e-05
0.00129395 1.32483e-05

0.00129395 1.32844e-05
0.00131836 1.36364e-05

0.00131836 1.30717e-05
0.00134277 1.37074e-05

0.00134277 1.43046e-05
0.00136719 1.35565e-05

0.0013916 2.8652e-07
0.00136817 2.44141e-05

0.00136719 2.4497e-05
0.00136743 2.44141e-05

0.0013916 5.93698e-06
0.00139366 0

0.00146292 0
0.00146484 5.63863e-06

0.00146484 3.44492e-06
0.00148569 2.44141e-05

0.00148582 2.44141e-05
0.00148926 2.5563e-05

0.00148926 1.55927e-05
0.00151367 1.63299e-05

0.00151327 2.44141e-05
0.00151367 2.44189e-05

0.00151367 1.63448e-05
0.00153809 1.59079e-05

0.00151367 2.44333e-05
0.00151657 2.44141e-05

0.0015625 3.52462e-06
0.00154179 2.44141e-05

0.00153809 2.55815e-05
0.00154157 2.44141e-05

0 0.00311908
0.000390625 0.00310818

0.000390625 0.00310845
0.00078125 0.00307522

0.00078125 0.00307591
0.00117187 0.00301846

0.00117188 0.00301948
0.0015625 0.00293441

0.0015625 5.69711e-06
0.00156444 0

0.00165559 0
0.00166016 1.09811e-05

0.00166016 1.06006e-05
0.00167615 2.44141e-05

0.00167516 2.44141e-05
0.00168457 2.75811e-05

0.00168457 1.75073e-05
0.00170898 1.73549e-05

0.00168457 2.447e-05
0.00170222 2.44141e-05

0.0017334 1.01427e-05
0.00171741 2.44141e-05

0.00170898 2.76026e-05
0.00171826 2.44141e-05

0.0017334 9.01236e-06
0.00173705 0

0.00179939 0
0.00180664 1.52757e-05

0.00180664 1.01285e-05
0.00183105 1.12598e-05

0.00183105 6.9179e-06
0.00184994 0

0.00185708 0
0.00187988 1.66708e-05

0.00187988 7.43862e-06
0.0019043 1.13964e-05

0.0019043 8.59654e-06
0.00192871 1.0903e-05

0.00192871 9.37381e-06
0.00195312 1.19541e-05

0.00195312 9.2644e-06
0.00197754 1.32169e-05

0.00197754 1.37276e-05
0.00200195 1.25983e-05

0.00200195 1.62046e-05
0.00202637 4.79432e-06

0.00202637 5.3007e-06
0.00205078 8.26734e-06

0.00205078 8.58525e-06
0.0020752 1.53322e-05

0.0020752 9.35996e-06
0.00209961 1.1815e-05

0.00209961 1.365e-05
0.00212402 1.33951e-05

0.00212402 1.30587e-05
0.00214844 7.78183e-06

0.00214844 7.35352e-06
0.00217285 1.32553e-05

0.00217285 1.4162e-05
0.00219727 1.39439e-05

0.00219727 1.32753e-05
0.00222168 7.04432e-06

0.00222168 6.96814e-06
0.00224609 1.35442e-05

0.00224609 1.41417e-05
0.00227051 1.42334e-05

0.00227051 1.41408e-05
0.00229492 6.49415e-06

0.00229492 7.29311e-06
0.00231934 1.1816e-05

0.00231934 1.03185e-05
0.00234375 1.55481e-05

0.00234375 1.55643e-05
0.00236816 1.04613e-05

0.00236816 1.25631e-05
0.00239258 6.54344e-06

0.00239258 6.55431e-06
0.00241699 1.2616e-05

0.00241699 1.04385e-05
0.00244141 1.55756e-05

0.00244141 1.55707e-05
0.00246582 1.0416e-05

0.00246582 1.25296e-05
0.00249023 6.64616e-06

0.00249023 6.65234e-06
0.00251465 1.26182e-05

0.00251465 1.04769e-05
0.00253906 1.55175e-05

0.00253906 1.55124e-05
0.00256348 1.0449e-05

0.00256348 1.24998e-05
0.00258789 6.77541e-06

0.00258789 6.77437e-06
0.0026123 1.26285e-05

0.0026123 1.06093e-05
0.00263672 1.5386e-05

0.00263672 1.53366e-05
0.00266113 1.04009e-05

0.00266113 1.18164e-05
0.00268555 7.64663e-06

0.00268555 6.82738e-06
0.00270996 1.40407e-05

0.00270996 1.40475e-05
0.00273438 1.42275e-05

0.00273437 1.40342e-05
0.00275879 7.07612e-06

0.00275879 7.88872e-06
0.0027832 1.1817e-05

0.0027832 1.05918e-05
0.00280762 1.5145e-05

0.00280762 1.51393e-05
0.00283203 1.05909e-05

0.00283203 1.18981e-05
0.00285645 7.82002e-06

0.00285645 7.10973e-06
0.00288086 1.38263e-05

0.00288086 1.38623e-05
0.00290527 1.40649e-05

0.00290527 1.31031e-05
0.00292969 8.10397e-06

0.00292969 8.61723e-06
0.0029541 1.30312e-05

0.0029541 1.33426e-05
0.00297852 1.33612e-05

0.00297852 1.15018e-05
0.00300293 1.01712e-05

0.00300293 1.04443e-05
0.00302734 1.45332e-05

0.00302734 1.28818e-05
0.00305176 1.4308e-05

0.00305176 1.31652e-05
0.00307617 1.38844e-05

0.00307617 1.35493e-05
0.00310059 1.47162e-05

0.00310059 1.39461e-05
0.003125 1.48945e-05

0.00175781 0.00287921
0.00157475 0.00292969

0.0015625 0.00293276
0.00157364 0.00292969

0.00175781 0.00287945
0.00195312 0.0028165

0.00234375 0.00265889
0.00217071 0.00273438

0.00195312 0.00281686
0.00214844 0.00274358

0.00214844 0.0027435
0.00216937 0.00273438

0.00292969 0.00231098
0.00288416 0.00234375

0.00302734 0.00223481
0.00301332 0.00224609

0.00297852 0.00227228
0.00294918 0.00229492

0.00292969 0.00231063
0.00295038 0.00229492

0.00297852 0.00227204
0.00301099 0.00224609

0.00302734 0.0022343
0.003125 0.00214942

0.00244141 0.00261089
0.00238823 0.00263672

0.00234375 0.00265773
0.00238701 0.00263672

0.00244141 0.00261077
0.00253906 0.00255986

0.00273438 0.00244653
0.00257752 0.00253906

0.00253906 0.00256048
0.00257598 0.00253906

0.00283203 0.00238061
0.00274035 0.00244141

0.00273438 0.00244492
0.00273992 0.00244141

0.00283203 0.0023806
0.00288348 0.00234375

0.003125 1.43798e-05
0.00314941 1.5384e-05

0.00314941 1.47703e-05
0.00317383 1.56997e-05

0.00317383 1.5132e-05
0.00319824 1.61801e-05

0.00319824 1.55468e-05
0.00322266 1.67171e-05

0.00322266 1.61337e-05
0.00324707 1.72431e-05

0.00324707 1.66234e-05
0.00327148 1.76595e-05

0.00327148 1.70119e-05
0.0032959 1.83067e-05

0.0032959 1.78639e-05
0.00332031 1.89241e-05

0.00332031 1.80964e-05
0.00334473 1.93405e-05

0.00334473 1.95578e-05
0.00336914 1.97185e-05

0.00336914 1.30684e-05
0.00339303 2.44141e-05

0.00339153 2.44141e-05
0.00339355 2.52078e-05

0.00339355 2.73565e-05
0.00341797 4.87427e-05

0.00341772 4.88281e-05
0.00341797 4.90721e-05

0.00341797 4.87484e-05
0.00341805 4.88281e-05

0.00341797 4.94204e-05
0.00344169 7.32422e-05

0.00344174 7.32422e-05
0.00344238 7.39163e-05

0.00344238 7.408e-05
0.00346431 9.76563e-05

0.00346482 9.76563e-05
0.0034668 9.98726e-05

0.0034668 0.000100308
0.00350604 0.000146484

0.00350602 0.000146484
0.00351563 0.000159062

0.00351563 0.00015931
0.00354237 0.000195313

0.00354282 0.000195313
0.00356445 0.000227754

0.00356445 0.00022923
0.00357421 0.000244141

0.00357493 0.000244141
0.00360378 0.000292969

0.0036045 0.000292969
0.00361328 0.000310632

0.00361328 0.000311952
0.00362888 0.000341797

0.00362907 0.000341797
0.00365173 0.000390625

0.00365239 0.000390625
0.00368994 0.000488281

0.00368972 0.000488281
0.00371094 0.000562915

0.00371094 0.000564011
0.00371717 0.000585938

0.0037172 0.000585937
0.00373616 0.000683594

0.0037358 0.000683594
0.00374711 0.00078125

0.00374908 0.00078125
0.00374997 0.000976562

0.00374966 0.000976562
0.00372201 0.00117188

0.00371094 0.00121131
0.00366648 0.00136719

0.00366676 0.00136719
0.0035821 0.0015625

0.00371094 0.00120936
0.00372163 0.00117187

0.00332031 0.00194822
0.0033162 0.00195312

0.00351563 0.00167718
0.00346776 0.00175781

0.00341797 0.00182309
0.00339464 0.00185547

0.00332031 0.00194768
0.00339496 0.00185547

0.00341797 0.00182269
0.00346479 0.00175781

0.00331895 0.00195312
0.00312933 0.00214844

0.003125 0.00214996
0.00312665 0.00214844

0.00351563 0.00167482
0.00358228 0.0015625

