7.0602e-05 0
7.32422e-05 4.39503e-06

8.80671e-05 0
9.76563e-05 3.01707e-06

0.000117215 0
0.00012207 4.34642e-06

0.000139782 0
0.000146484 1.0666e-05

0.000156483 0
0.000170898 1.5975e-05

0.000170898 2.15714e-06
0.000195313 1.52527e-05

0.000195313 8.8086e-06
0.000219727 1.23128e-05

0.000219727 9.66054e-06
0.000244141 1.16215e-05

0.000244141 1.04812e-05
0.000268555 1.29733e-05

0.000268555 1.13316e-05
0.000292969 1.31022e-05

0.000292969 1.21008e-05
0.000317383 1.37264e-05

0.000317383 1.27482e-05
0.000341797 1.39673e-05

0.000341797 1.32699e-05
0.000366211 1.43361e-05

0.000366211 1.37187e-05
0.000390625 1.46017e-05

0.000390625 1.41139e-05
0.000415039 1.48572e-05

0.000415039 1.44e-05
0.000439453 1.50951e-05

0.000439453 1.47076e-05
0.000463867 1.53839e-05

0.000463867 1.51149e-05
0.000488281 1.54909e-05

0.000488281 1.50675e-05
0.000512695 1.56502e-05

0.000512695 1.54609e-05
0.000537109 1.61285e-05

0.000537109 1.54692e-05
0.000561523 1.63949e-05

0.000561523 1.63242e-05
0.000585937 1.68898e-05

0.000585938 1.63347e-05
0.000610352 1.65422e-05

0.000610352 1.52857e-05
0.000634766 1.83036e-05

0.000634766 1.94643e-05
0.00065918 1.91254e-05

0.00065918 1.77828e-05
0.000683594 1.51416e-05

0.000683594 1.62626e-05
0.000708008 1.73487e-05

0.000708008 1.73703e-05
0.000732422 1.75571e-05

0.000732422 1.75154e-05
0.000756836 1.64464e-05

0.000756836 1.68833e-05
0.00078125 1.60622e-05

0 0.000968028
9.76563e-05 0.000968019

9.76563e-05 0.000968024
0.000195313 0.00096799

0.000195313 0.000967972
0.000292969 0.00096794

0.000292969 0.000967926
0.000390625 0.000967957

0.000390625 0.000967964
0.000488281 0.000968073

0.000488281 0.00096808
0.000585938 0.000968242

0.000585937 0.000968252
0.000634766 0.000968345

0.000634766 0.000968342
0.000683594 0.000968434

0.000683594 0.000968432
0.000732422 0.000968533

0.000732422 0.000968535
0.00078125 0.000968643

0.00078125 1.65205e-05
0.000805664 1.59579e-05

0.000805664 1.62493e-05
0.000830078 1.56988e-05

0.000830078 1.60859e-05
0.000854492 1.54311e-05

0.000854492 1.57602e-05
0.000878906 1.50632e-05

0.000878906 1.54248e-05
0.00090332 1.4917e-05

0.00090332 1.52887e-05
0.000927734 1.46925e-05

0.000927734 1.50043e-05
0.000952148 1.43635e-05

0.000952148 1.49105e-05
0.000976562 1.40412e-05

0.000976562 1.43449e-05
0.00100098 1.36547e-05

0.00100098 1.46244e-05
0.00102539 1.32638e-05

0.00102539 1.32339e-05
0.0010498 1.2727e-05

0.0010498 1.49266e-05
0.00107422 1.22215e-05

0.00107422 1.46052e-05
0.00109863 7.57247e-06

0.00109863 7.84951e-06
0.00112305 1.06559e-05

0.00112305 9.66048e-06
0.00114746 1.57591e-05

0.00114746 1.60281e-05
0.00117187 1.04567e-05

0.00117188 1.27265e-05
0.00119629 5.35464e-06

0.00119629 4.2133e-06
0.0012207 1.41206e-05

0.0012207 1.47511e-05
0.00124512 1.47228e-05

0.00124512 1.31225e-05
0.00126953 5.1745e-06

0.00126953 5.69811e-06
0.00129395 1.44228e-05

0.00129395 1.43464e-05
0.00131836 1.43411e-05

0.00131836 1.38066e-05
0.00134277 6.30717e-06

0.00134277 9.56814e-06
0.00136719 1.00539e-05

0.00136719 2.09117e-05
0.00139129 0

0.0013916 9.95145e-06
0.00139542 0

0.00146336 0
0.00146484 4.38794e-06

0.00146484 1.16791e-06
0.00148711 2.44141e-05

0.00148771 2.44141e-05
0.00148926 2.49508e-05

0.00148926 1.43029e-05
0.00151367 1.56976e-05

0.00151297 2.44141e-05
0.00151367 2.443e-05

0.00151367 1.57547e-05
0.00153809 1.4118e-05

0.00151367 2.44319e-05
0.00151435 2.44141e-05

0.0015625 1.12124e-06
0.00154 2.44141e-05

0.00153809 2.51006e-05
0.00154008 2.44141e-05

0.00078125 0.000968643
0.000830078 0.000968754

0.000830078 0.000968755
0.000878906 0.000968864

0.000878906 0.000968863
0.000927734 0.000968971

0.000927734 0.000968973
0.000976562 0.000969078

0.000976563 0.000969078
0.00102539 0.000969176

0.00102539 0.000969177
0.00107422 0.000969265

0.00107422 0.000969266
0.00112305 0.000969339

0.00112305 0.000969338
0.00117187 0.000969395

0.00117188 0.000969397
0.0012207 0.000969436

0.0012207 0.000969437
0.00126953 0.000969454

0.00126953 0.000969453
0.00131836 0.000969445

0.00131836 0.000969445
0.00136719 0.000969413

0.00136719 0.000969413
0.00141602 0.000969356

0.00141602 0.000969356
0.00146484 0.000969275

0.00146484 0.000969275
0.00151367 0.000969169

0.00151367 0.000969168
0.0015625 0.000969037

0.0015625 6.10828e-06
0.00156461 0

0.00165651 0
0.00166016 8.97426e-06

0.00166016 1.02419e-05
0.00167597 2.44141e-05

0.00167506 2.44141e-05
0.00168457 2.771e-05

0.00168457 1.7491e-05
0.00170898 1.76498e-05

0.00169226 2.44141e-05
0.00170898 2.44693e-05

0.0017334 1.07297e-05
0.00171758 2.44141e-05

0.00170898 2.76847e-05
0.00171865 2.44141e-05

0.0017334 1.11305e-05
0.00173805 0

0.00180496 0
0.00180664 4.60634e-06

0.00181747 0
0.00183105 1.19438e-05

0.00183792 0
0.00185547 8.47405e-06

0.00185797 0
0.00187988 1.2845e-05

0.00187988 3.70676e-06
0.0019043 1.09418e-05

0.0019043 6.09021e-06
0.00192871 1.11798e-05

0.00192871 7.47174e-06
0.00195312 1.19442e-05

0.00195312 8.99927e-06
0.00197754 1.30426e-05

0.00197754 1.56169e-05
0.00200195 8.64383e-06

0.00200195 1.64317e-05
0.00202274 0

0.00202929 0
0.00205078 9.43774e-06

0.00205078 4.91745e-06
0.0020752 1.67227e-05

0.0020752 7.45638e-06
0.00209961 1.23599e-05

0.00209961 1.43683e-05
0.00212402 1.32211e-05

0.00212402 1.35478e-05
0.00214844 4.80625e-06

0.00214844 3.94197e-06
0.00217285 1.38499e-05

0.00217285 1.47231e-05
0.00219727 1.49403e-05

0.00219727 1.39471e-05
0.00222168 4.12708e-06

0.00222168 4.09721e-06
0.00224609 1.42786e-05

0.00224609 1.49188e-05
0.00227051 1.49255e-05

0.00227051 1.58537e-05
0.00229492 2.53099e-06

0.00229492 3.28381e-06
0.00231934 1.17151e-05

0.00231934 9.17851e-06
0.00234375 1.7892e-05

0.0015625 0.000969039
0.00161133 0.000968883

0.00161133 0.000968883
0.00166016 0.0009687

0.00166016 0.0009687
0.00170898 0.000968493

0.00170898 0.000968491
0.00175781 0.000968264

0.00175781 0.000968264
0.00180664 0.000968019

0.00180664 0.000968018
0.00185547 0.000967756

0.00185547 0.000967756
0.0019043 0.00096748

0.0019043 0.00096748
0.00195312 0.000967192

0.00195312 0.000967192
0.00200195 0.000966894

0.00200195 0.000966895
0.00205078 0.000966587

0.00205078 0.000966586
0.00209961 0.000966271

0.00209961 0.000966272
0.00214844 0.00096595

0.00214844 0.000965949
0.00219727 0.000965618

0.00219727 0.000965619
0.00224609 0.000965281

0.00224609 0.000965281
0.00229492 0.000964932

0.00229492 0.000964931
0.00234375 0.000964573

0.00234375 1.73135e-05
0.00236816 9.0469e-06

0.00236816 1.50829e-05
0.00239258 1.14962e-06

0.00239258 4.49615e-08
0.00241699 1.27002e-05

0.00241699 8.69948e-06
0.00244141 1.96386e-05

0.00244141 1.90957e-05
0.00246582 8.07611e-06

0.00246582 1.39351e-05
0.00249003 0

0.00249056 0
0.00251465 1.41667e-05

0.00251465 8.66144e-06
0.00253906 1.87156e-05

0.00253906 1.84354e-05
0.00256348 8.6989e-06

0.00256348 1.37122e-05
0.00258789 8.72427e-07

0.00258789 7.35621e-07
0.0026123 1.39533e-05

0.0026123 9.12106e-06
0.00263672 1.83559e-05

0.00263672 1.82552e-05
0.00266113 8.60107e-06

0.00266113 1.14518e-05
0.00268555 3.36994e-06

0.00268555 2.54564e-06
0.00270996 1.60268e-05

0.00270996 1.48767e-05
0.00273438 1.50114e-05

0.00273437 1.49409e-05
0.00275879 3.81019e-06

0.00275879 4.91324e-06
0.0027832 1.21417e-05

0.0027832 9.88694e-06
0.00280762 1.67056e-05

0.00280762 1.64926e-05
0.00283203 9.52353e-06

0.00283203 1.12956e-05
0.00285645 6.15518e-06

0.00285645 5.47934e-06
0.00288086 1.48356e-05

0.00288086 1.42725e-05
0.00290527 1.424e-05

0.00290527 1.3201e-05
0.00292969 7.07064e-06

0.00292969 7.45128e-06
0.0029541 1.35255e-05

0.0029541 1.37655e-05
0.00297852 1.39666e-05

0.00297852 1.28479e-05
0.00300293 8.39719e-06

0.00300293 8.8054e-06
0.00302734 1.33154e-05

0.00302734 1.34688e-05
0.00305176 1.34672e-05

0.00305176 1.2439e-05
0.00307617 9.67968e-06

0.00307617 1.02769e-05
0.00310059 1.30973e-05

0.00310059 1.22053e-05
0.003125 1.35574e-05

0.00234375 0.000964574
0.00239258 0.000964203

0.00239258 0.000964203
0.00244141 0.000963817

0.00244141 0.000963819
0.00249023 0.000963413

0.00249023 0.000963413
0.00253906 0.000962986

0.00253906 0.000962987
0.00256348 0.000962765

0.00256348 0.000962765
0.00258789 0.000962533

0.00258789 0.000962533
0.0026123 0.000962292

0.0026123 0.000962292
0.00263672 0.000962041

0.00263672 0.00096204
0.00266113 0.00096178

0.00266113 0.00096178
0.00268555 0.000961511

0.00268555 0.00096151
0.00270996 0.000961233

0.00270996 0.000961233
0.00273438 0.000960948

0.00273437 0.000960948
0.00275879 0.000960656

0.00275879 0.000960656
0.0027832 0.000960359

0.0027832 0.000960359
0.00280762 0.000960058

0.00280762 0.000960058
0.00283203 0.000959752

0.00283203 0.000959752
0.00285645 0.000959442

0.00285645 0.000959442
0.00288086 0.000959129

0.00288086 0.000959129
0.00290527 0.000958813

0.00290527 0.000958813
0.00292969 0.000958494

0.00292969 0.000958494
0.0029541 0.000958172

0.0029541 0.000958172
0.00297852 0.000957848

0.00297852 0.000957847
0.00300293 0.000957521

0.00300293 0.000957521
0.00302734 0.000957193

0.00302734 0.000957193
0.00305176 0.000956864

0.00305176 0.000956864
0.00307617 0.000956533

0.00307617 0.000956533
0.00310059 0.000956201

0.00310059 0.000956201
0.003125 0.000955869

0.003125 1.25719e-05
0.00314941 1.26506e-05

0.00314941 1.28259e-05
0.00317383 1.30466e-05

0.00317383 1.27455e-05
0.00319824 1.27859e-05

0.00319824 1.28205e-05
0.00322266 1.31088e-05

0.00322266 1.29047e-05
0.00324707 1.30333e-05

0.00324707 1.29623e-05
0.00327148 1.31495e-05

0.00327148 1.30246e-05
0.0032959 1.31802e-05

0.0032959 1.30818e-05
0.00332031 1.32528e-05

0.00332031 1.31745e-05
0.00334473 1.32762e-05

0.00334473 1.31725e-05
0.00336914 1.33088e-05

0.00336914 1.32497e-05
0.00339355 1.33983e-05

0.00339355 1.32716e-05
0.00341797 1.34257e-05

0.00341797 1.34085e-05
0.00344238 1.34644e-05

0.00344238 1.33526e-05
0.0034668 1.34265e-05

0.0034668 1.32567e-05
0.00349121 1.37248e-05

0.00349121 1.36263e-05
0.00351563 1.38444e-05

0.00351563 1.37189e-05
0.00354004 1.35876e-05

0.00354004 1.35634e-05
0.00356445 1.37112e-05

0.00356445 1.34615e-05
0.00358887 1.40658e-05

0.00358887 1.39814e-05
0.00361328 1.42051e-05

0.00361328 1.40484e-05
0.0036377 1.38202e-05

0.0036377 1.38223e-05
0.00366211 1.40159e-05

0.00366211 1.36659e-05
0.00368652 1.4498e-05

0.00368652 1.45054e-05
0.00371094 1.46198e-05

0.00371094 1.43994e-05
0.00373535 1.39438e-05

0.00373535 1.37301e-05
0.00375977 1.46846e-05

0.00375977 1.44012e-05
0.00378418 1.54409e-05

0.00378418 1.52646e-05
0.00380859 1.48278e-05

0.00380859 1.48176e-05
0.00383301 1.43139e-05

0.00383301 1.39246e-05
0.00385742 1.53588e-05

0.00385742 1.48765e-05
0.00388184 1.65885e-05

0.00388184 1.62466e-05
0.00390625 1.59448e-05

0.003125 0.000955869
0.00314941 0.000955537

0.00314941 0.000955537
0.00317383 0.000955204

0.00317383 0.000955204
0.00319824 0.000954871

0.00319824 0.000954871
0.00322266 0.000954538

0.00322266 0.000954538
0.00324707 0.000954206

0.00324707 0.000954206
0.00327148 0.000953873

0.00327148 0.000953873
0.0032959 0.000953541

0.0032959 0.000953541
0.00332031 0.00095321

0.00332031 0.00095321
0.00334473 0.000952879

0.00334473 0.000952879
0.00336914 0.000952549

0.00336914 0.000952549
0.00339355 0.000952218

0.00341797 0.000951888
0.00339871 0.000952148

0.00339355 0.000952218
0.00339871 0.000952148

0.00341797 0.000951888
0.00344238 0.000951558

0.00344238 0.000951558
0.0034668 0.000951228

0.0034668 0.000951228
0.00349121 0.0009509

0.00349121 0.0009509
0.00351563 0.000950572

0.00351563 0.000950572
0.00354004 0.000950245

0.00354004 0.000950245
0.00356445 0.000949919

0.00356445 0.000949919
0.00358887 0.000949593

0.00358887 0.000949593
0.00361328 0.000949267

0.00361328 0.000949267
0.0036377 0.000948943

0.0036377 0.000948943
0.00366211 0.000948619

0.00366211 0.000948619
0.00368652 0.000948295

0.00368652 0.000948295
0.00371094 0.000947972

0.00371094 0.000947972
0.00373535 0.000947649

0.00373535 0.000947649
0.00375977 0.000947327

0.00375977 0.000947327
0.00378418 0.000947006

0.00378418 0.000947006
0.00380859 0.000946685

0.00380859 0.000946685
0.00383301 0.000946364

0.00383301 0.000946364
0.00385742 0.000946044

0.00385742 0.000946044
0.00388184 0.000945724

0.00388184 0.000945724
0.00390625 0.000945405

0.00390625 1.58955e-05
0.00393066 1.50471e-05

0.00393066 1.52481e-05
0.00395508 1.54975e-05

0.00395508 1.52928e-05
0.00397949 1.60714e-05

0.00397949 1.58235e-05
0.00400391 1.62568e-05

0.00400391 1.66265e-05
0.00402832 1.54929e-05

0.00402832 1.56968e-05
0.00405273 1.44266e-05

0.00405273 1.48657e-05
0.00407715 1.51316e-05

0.00407715 1.50028e-05
0.00410156 1.55587e-05

0.00410156 1.52203e-05
0.00412598 1.57033e-05

0.00412598 1.59492e-05
0.00415039 1.54287e-05

0.00415039 1.53849e-05
0.0041748 1.46594e-05

0.0041748 1.42009e-05
0.00419922 1.59721e-05

0.00419922 1.53914e-05
0.00422363 1.76377e-05

0.00422363 1.71265e-05
0.00424805 1.70458e-05

0.00424805 1.66228e-05
0.00427246 1.62584e-05

0.00427246 1.51116e-05
0.00429688 1.83968e-05

0.00429688 1.95538e-05
0.00432129 1.95625e-05

0.00432129 1.79627e-05
0.0043457 1.55629e-05

0.0043457 1.58881e-05
0.00437012 1.86189e-05

0.00437012 1.96932e-05
0.00439453 1.9102e-05

0.00439453 1.80149e-05
0.00441895 1.53184e-05

0.00441895 1.60462e-05
0.00444336 1.76265e-05

0.00444336 1.77702e-05
0.00446777 1.85185e-05

0.00446777 1.88495e-05
0.00449219 1.62676e-05

0.00449219 1.68309e-05
0.0045166 1.4595e-05

0.0045166 1.53124e-05
0.00454102 1.58622e-05

0.00454102 1.5945e-05
0.00456543 1.64277e-05

0.00456543 1.67478e-05
0.00458984 1.52698e-05

0.00458984 1.56555e-05
0.00461426 1.41699e-05

0.00461426 1.44205e-05
0.00463867 1.51382e-05

0.00463867 1.49139e-05
0.00466309 1.60866e-05

0.00466309 1.59837e-05
0.0046875 1.55459e-05

0.00390625 0.000945405
0.00393066 0.000945086

0.00393066 0.000945086
0.00395508 0.000944767

0.00395508 0.000944767
0.00397949 0.000944449

0.00397949 0.000944449
0.00400391 0.000944131

0.00400391 0.000944131
0.00402832 0.000943814

0.00402832 0.000943814
0.00405273 0.000943497

0.00405273 0.000943497
0.00407715 0.000943181

0.00407715 0.000943181
0.00410156 0.000942865

0.00410156 0.000942865
0.00412598 0.000942549

0.00412598 0.000942549
0.00415039 0.000942234

0.00415039 0.000942234
0.0041748 0.00094192

0.0041748 0.00094192
0.00419922 0.000941607

0.00419922 0.000941607
0.00422363 0.000941295

0.00422363 0.000941295
0.00424805 0.000940984

0.00424805 0.000940984
0.00427246 0.000940675

0.00427246 0.000940675
0.00429688 0.000940367

0.00429688 0.000940367
0.00432129 0.000940061

0.00432129 0.000940061
0.0043457 0.000939758

0.0043457 0.000939758
0.00437012 0.000939456

0.00437012 0.000939456
0.00439453 0.000939158

0.00439453 0.000939158
0.00441895 0.000938862

0.00441895 0.000938862
0.00444336 0.00093857

0.00444336 0.00093857
0.00446777 0.000938282

0.00446777 0.000938282
0.00449219 0.000937998

0.00449219 0.000937998
0.0045166 0.000937718

0.0045166 0.000937718
0.00454102 0.000937444

0.00454102 0.000937444
0.00456543 0.000937174

0.00456543 0.000937174
0.00458984 0.00093691

0.00458984 0.00093691
0.00461426 0.000936652

0.00461426 0.000936652
0.00463867 0.000936399

0.00463867 0.000936399
0.00466309 0.000936153

0.00466309 0.000936153
0.0046875 0.000935914

0.0046875 1.54904e-05
0.00471191 1.47672e-05

0.00471191 1.43185e-05
0.00473633 1.60027e-05

0.00473633 1.54703e-05
0.00476074 1.76388e-05

0.00476074 1.71637e-05
0.00478516 1.70281e-05

0.00478516 1.66916e-05
0.00480957 1.61688e-05

0.00480957 1.50732e-05
0.00483398 1.81683e-05

0.00483398 1.78524e-05
0.0048584 2.08411e-05

0.0048584 1.99657e-05
0.00488281 1.92532e-05

0.00488281 1.91808e-05
0.00490723 1.80877e-05

0.00490723 1.54378e-05
0.00493164 2.14221e-05

0.00492383 2.44141e-05
0.00493164 2.55042e-05

0.00493164 2.30032e-05
0.00495328 2.44141e-05

0.00493164 2.56729e-05
0.00495605 2.64742e-05

0.00495605 2.18198e-05
0.00498047 1.8202e-05

0.00495605 2.5348e-05
0.00496631 2.44141e-05

0.00498047 2.0879e-05
0.00500488 2.11225e-05

0.00500488 2.14396e-05
0.0050293 1.92593e-05

0.0050293 1.9178e-05
0.00505371 1.84629e-05

0.00505371 1.84105e-05
0.00507813 2.08581e-05

0.00507813 2.0508e-05
0.00510254 2.2028e-05

0.00510254 2.26521e-05
0.00512695 1.96566e-05

0.00512695 1.97536e-05
0.00515137 1.67914e-05

0.00515137 1.75395e-05
0.00517578 1.88447e-05

0.00517578 1.893e-05
0.0052002 2.02253e-05

0.0052002 2.04167e-05
0.00522461 1.85582e-05

0.00522461 1.86593e-05
0.00524902 1.6779e-05

0.00524902 1.73321e-05
0.00527344 1.79176e-05

0.00527344 1.80474e-05
0.00529785 1.85301e-05

0.00529785 1.89191e-05
0.00532227 1.72837e-05

0.00532227 1.73905e-05
0.00534668 1.60077e-05

0.00534668 1.54369e-05
0.00537109 1.81865e-05

0.00537109 1.79844e-05
0.00539551 2.06423e-05

0.00539551 1.98646e-05
0.00541992 1.90748e-05

0.00541992 1.88719e-05
0.00544434 1.81752e-05

0.00544434 1.61001e-05
0.00546875 2.14458e-05

0.0046875 0.000935914
0.00471191 0.000935681

0.00471191 0.000935681
0.00473633 0.000935454

0.00473633 0.000935454
0.00476074 0.000935235

0.00476074 0.000935235
0.00478516 0.000935022

0.00478516 0.000935022
0.00480957 0.000934816

0.00480957 0.000934816
0.00483398 0.000934617

0.00483398 0.000934617
0.0048584 0.000934424

0.0048584 0.000934424
0.00488281 0.000934238

0.00488281 0.000934238
0.00490723 0.000934058

0.00490723 0.000934058
0.00493164 0.000933885

0.00493164 0.000933885
0.00495605 0.000933717

0.00495605 0.000933717
0.00498047 0.000933556

0.00498047 0.000933556
0.00500488 0.000933402

0.00500488 0.000933402
0.0050293 0.000933253

0.0050293 0.000933253
0.00505371 0.00093311

0.00505371 0.00093311
0.00507813 0.000932974

0.00507813 0.000932974
0.00510254 0.000932844

0.00510254 0.000932844
0.00512695 0.00093272

0.00512695 0.00093272
0.00515137 0.000932603

0.00515137 0.000932603
0.00517578 0.000932493

0.00517578 0.000932493
0.0052002 0.000932389

0.0052002 0.000932389
0.00522461 0.000932293

0.00522461 0.000932293
0.00524902 0.000932204

0.00524902 0.000932204
0.00527344 0.000932123

0.00527344 0.000932123
0.00529785 0.000932049

0.00529785 0.000932049
0.00532227 0.000931983

0.00532227 0.000931983
0.00534668 0.000931924

0.00534668 0.000931924
0.00537109 0.000931874

0.00537109 0.000931874
0.00539551 0.000931832

0.00539551 0.000931832
0.00541992 0.000931797

0.00541992 0.000931797
0.00544434 0.00093177

0.00544434 0.00093177
0.00546875 0.00093175

0.00546875 2.29437e-05
0.00549187 2.44141e-05

0.00547171 2.44141e-05
0.00549316 2.51035e-05

0.00549316 2.13199e-05
0.00551758 1.92968e-05

0.00549316 2.46854e-05
0.00549926 2.44141e-05

0.00551758 2.12964e-05
0.00554199 2.23958e-05

0.00554199 2.10713e-05
0.00556641 2.17773e-05

0.00556479 2.44141e-05
0.00556641 2.44377e-05

0.00556641 2.26434e-05
0.00559082 2.24501e-05

0.00556641 2.44598e-05
0.00557794 2.44141e-05

0.00559082 2.23875e-05
0.00561523 2.00754e-05

0.00561523 1.89039e-05
0.00563965 2.15763e-05

0.00563965 2.18067e-05
0.00565641 2.44141e-05

0.00564318 2.44141e-05
0.00566406 2.62141e-05

0.00568848 2.15433e-05
0.00567506 2.44141e-05

0.00566406 2.65643e-05
0.00568278 2.44141e-05

0.00568848 2.01345e-05
0.00571289 1.72214e-05

0.00571289 1.85843e-05
0.0057373 2.36647e-05

0.0057373 2.25072e-05
0.0057569 2.44141e-05

0.00574688 2.44141e-05
0.00576172 2.51359e-05

0.00576172 2.40363e-05
0.00578613 2.29635e-05

0.00578613 2.31328e-05
0.00581055 2.22158e-05

0.00578613 2.45575e-05
0.00579377 2.44141e-05

0.00581055 2.32771e-05
0.00583496 2.18888e-05

0.00583496 2.09049e-05
0.00585938 2.16896e-05

0.00585938 2.17322e-05
0.00588237 2.44141e-05

0.005866 2.44141e-05
0.00588379 2.5602e-05

0.0059082 2.22436e-05
0.00589286 2.44141e-05

0.00588379 2.61554e-05
0.00590696 2.44141e-05

0.0059082 2.20536e-05
0.00593262 1.77751e-05

0.00593262 1.81825e-05
0.00595703 2.15509e-05

0.00595703 2.25126e-05
0.00598145 2.40399e-05

0.00597694 2.44141e-05
0.00598145 2.45552e-05

0.00598145 2.19895e-05
0.00600586 2.07952e-05

0.00598145 2.4476e-05
0.00598396 2.44141e-05

0.00600586 2.1775e-05
0.00603027 2.24019e-05

0.00603027 2.0832e-05
0.00605469 2.3179e-05

0.00604962 2.44141e-05
0.00605469 2.47096e-05

0.00605469 2.40714e-05
0.0060791 2.37979e-05

0.00605469 2.54765e-05
0.0060791 2.5355e-05

0.0060791 2.29434e-05
0.00610352 2.04593e-05

0.0060791 2.48904e-05
0.00608851 2.44141e-05

0.00610352 1.8803e-05
0.00612793 2.40735e-05

0.00611031 2.44141e-05
0.00612793 2.72584e-05

0.00612793 2.39815e-05
0.00613417 2.44141e-05

0.00612793 2.93289e-05
0.00615234 3.01355e-05

0.00617676 2.15726e-05
0.00615604 2.44141e-05

0.00615234 2.66992e-05
0.00617092 2.44141e-05

0.00617676 2.35223e-05
0.00620117 2.38161e-05

0.00620117 2.34191e-05
0.00622559 2.43278e-05

0.00622472 2.44141e-05
0.00622559 2.44353e-05

0.00622559 2.37809e-05
0.00623485 2.44141e-05

0.00622852 2.44141e-05
0.00625 2.57052e-05

0.00546875 0.00093175
0.00549316 0.000931737

0.00549316 0.000931737
0.00551758 0.000931731

0.00551758 0.000931731
0.00554199 0.000931732

0.00554199 0.000931732
0.00556641 0.000931738

0.00556641 0.000931739
0.00559082 0.000931751

0.00559082 0.000931751
0.00561523 0.000931769

0.00561523 0.000931769
0.00563965 0.000931792

0.00563965 0.000931792
0.00566406 0.00093182

0.00566406 0.00093182
0.00568848 0.000931852

0.00568848 0.000931852
0.00571289 0.000931888

0.00571289 0.000931888
0.0057373 0.000931927

0.0057373 0.000931927
0.00576172 0.000931969

0.00576172 0.000931969
0.00578613 0.000932015

0.00578613 0.000932015
0.00581055 0.000932062

0.00581055 0.000932062
0.00583496 0.000932112

0.00583496 0.000932112
0.00585938 0.000932164

0.00585938 0.000932164
0.00588379 0.000932218

0.00588379 0.000932218
0.0059082 0.000932273

0.0059082 0.000932273
0.00593262 0.00093233

0.00593262 0.00093233
0.00595703 0.000932389

0.00595703 0.000932389
0.00598145 0.000932448

0.00598145 0.000932448
0.00600586 0.000932509

0.00600586 0.000932509
0.00603027 0.000932571

0.00603027 0.000932571
0.00605469 0.000932634

0.00605469 0.000932634
0.0060791 0.000932699

0.0060791 0.000932699
0.00610352 0.000932764

0.00610352 0.000932764
0.00612793 0.000932831

0.00612793 0.000932831
0.00615234 0.0009329

0.00615234 0.0009329
0.00617676 0.000932971

0.00617676 0.000932971
0.00620117 0.000933043

0.00620117 0.000933043
0.00622559 0.000933118

0.00622559 0.000933118
0.00625 0.000933196

0.00627441 2.3671e-05
0.0062652 2.44141e-05

0.00625 2.74884e-05
0.00627441 2.64095e-05

0.00627441 2.32811e-05
0.00629883 2.1747e-05

0.00627441 2.5136e-05
0.00628727 2.44141e-05

0.00629883 2.27776e-05
0.00631271 2.44141e-05

0.00631473 2.44141e-05
0.00632324 2.50856e-05

0.00632324 2.58443e-05
0.00634766 2.72721e-05

0.00634766 2.74998e-05
0.00637207 2.63425e-05

0.00639648 2.3059e-05
0.0063805 2.44141e-05

0.00637207 2.53483e-05
0.00638634 2.44141e-05

0.00639648 2.25266e-05
0.0064209 2.44134e-05

0.00640741 2.44141e-05
0.0064209 2.53388e-05

0.0064209 2.41457e-05
0.00642396 2.44141e-05

0.0064209 2.6764e-05
0.00644531 2.84505e-05

0.00646973 2.40244e-05
0.00646527 2.44141e-05

0.00644531 2.80492e-05
0.00646973 2.62189e-05

0.00646973 2.40899e-05
0.00649414 2.34859e-05

0.00646973 2.48355e-05
0.00648617 2.44141e-05

0.00649414 2.4212e-05
0.00649843 2.44141e-05

0.00649414 2.54679e-05
0.00651855 2.63128e-05

0.00654297 2.41948e-05
0.00653998 2.44141e-05

0.00651855 2.62612e-05
0.00654297 2.50047e-05

0.00654297 2.33065e-05
0.00656738 2.33431e-05

0.00654633 2.44141e-05
0.00656738 2.44946e-05

0.00656738 2.37924e-05
0.00657416 2.44141e-05

0.00656738 2.49915e-05
0.0065918 2.6712e-05

0.00661621 2.40375e-05
0.0066096 2.44141e-05

0.0065918 2.73571e-05
0.00661621 2.63457e-05

0.00661621 2.38251e-05
0.00664063 2.33138e-05

0.00661621 2.48185e-05
0.00663713 2.44141e-05

0.00664062 2.37061e-05
0.00664956 2.44141e-05

0.00664062 2.52277e-05
0.00666504 2.67439e-05

0.00668945 2.43355e-05
0.00668446 2.44141e-05

0.00666504 2.70235e-05
0.00668945 2.65427e-05

0.00668945 2.43717e-05
0.00669137 2.44141e-05

0.00668945 2.46843e-05
0.00671387 2.52393e-05

0.00673828 2.41824e-05
0.00673253 2.44141e-05

0.00671387 2.81883e-05
0.00673828 2.76165e-05

0.00673828 2.40409e-05
0.0067627 2.3135e-05

0.00673828 2.50579e-05
0.00675562 2.44141e-05

0.0067627 2.39639e-05
0.0067679 2.44141e-05

0.0067627 2.5283e-05
0.00678711 2.69809e-05

0.00681152 2.43673e-05
0.00681067 2.44141e-05

0.00678711 2.77381e-05
0.00681152 2.66882e-05

0.00681152 2.43974e-05
0.00683594 2.32023e-05

0.00681152 2.50772e-05
0.0068251 2.44141e-05

0.00683594 2.41065e-05
0.00683989 2.44141e-05

0.00684185 2.44141e-05
0.00686035 2.56201e-05

0.00686035 2.72376e-05
0.00688477 2.70952e-05

0.00690918 2.4094e-05
0.00689442 2.44141e-05

0.00688477 2.49206e-05
0.0069083 2.44141e-05

0.00690918 2.42651e-05
0.00691179 2.44141e-05

0.00690918 2.54509e-05
0.00693359 2.67963e-05

0.00693359 2.76352e-05
0.00695801 2.68695e-05

0.00698242 2.40394e-05
0.00697484 2.44141e-05

0.00695801 2.51554e-05
0.00697305 2.44141e-05

0.00700684 2.42504e-05
0.00700451 2.44141e-05

0.00698242 2.52657e-05
0.00700684 2.44416e-05

0.00700684 2.17763e-05
0.00703125 2.33649e-05

0.00701549 2.44141e-05
0.00703125 2.55465e-05

0.00625 0.000933196
0.00627441 0.000933277

0.00627441 0.000933277
0.00629883 0.000933361

0.00629883 0.000933361
0.00632324 0.00093345

0.00632324 0.00093345
0.00634766 0.000933543

0.00634766 0.000933543
0.00637207 0.000933641

0.00637207 0.000933641
0.00639648 0.000933744

0.00639648 0.000933744
0.0064209 0.000933854

0.0064209 0.000933854
0.00644531 0.000933971

0.00644531 0.00093397
0.00646973 0.000934094

0.00646973 0.000934094
0.00649414 0.000934227

0.00649414 0.000934226
0.00651855 0.000934368

0.00651855 0.000934368
0.00654297 0.000934518

0.00654297 0.000934518
0.00656738 0.000934679

0.00656738 0.000934679
0.0065918 0.000934852

0.0065918 0.000934852
0.00661621 0.000935036

0.00661621 0.000935036
0.00664063 0.000935234

0.00664062 0.000935234
0.00666504 0.000935446

0.00666504 0.000935446
0.00668945 0.000935673

0.00668945 0.000935673
0.00671387 0.000935916

0.00671387 0.000935916
0.00673828 0.000936177

0.00673828 0.000936176
0.0067627 0.000936455

0.0067627 0.000936455
0.00678711 0.000936753

0.00678711 0.000936753
0.00681152 0.000937072

0.00681152 0.000937072
0.00683594 0.000937413

0.00683594 0.000937413
0.00686035 0.000937777

0.00686035 0.000937777
0.00688477 0.000938166

0.00688477 0.000938165
0.00690918 0.000938581

0.00690918 0.000938581
0.00693359 0.000939024

0.00693359 0.000939023
0.00695801 0.000939495

0.00695801 0.000939495
0.00698242 0.000939998

0.00698242 0.000939997
0.00700684 0.000940533

0.00700684 0.000940532
0.00703125 0.000941102

0.00703125 2.3669e-05
0.00704025 2.44141e-05

0.00703125 2.77309e-05
0.00705566 2.88487e-05

0.00708008 2.40932e-05
0.00707474 2.44141e-05

0.00705566 2.59739e-05
0.00708008 2.44397e-05

0.00708008 2.4004e-05
0.00708653 2.44141e-05

0.00708021 2.44141e-05
0.00710449 2.59708e-05

0.00712891 2.40539e-05
0.00712225 2.44141e-05

0.00710449 2.87226e-05
0.00712891 2.79546e-05

0.00712891 2.39344e-05
0.00715332 2.25753e-05

0.00712891 2.54047e-05
0.00714581 2.44141e-05

0.00715332 2.48262e-05
0.00717773 2.62183e-05

0.00717773 2.64063e-05
0.00720215 2.63577e-05

0.00720215 2.55984e-05
0.00722656 2.52517e-05

0.00722656 2.56575e-05
0.00725098 2.57198e-05

0.00725098 2.51039e-05
0.00727539 2.59954e-05

0.00727539 2.74586e-05
0.0072998 2.74849e-05

0.00732422 2.3712e-05
0.00731824 2.44141e-05

0.0072998 2.67429e-05
0.00732422 2.45478e-05

0.00732422 2.31277e-05
0.00734863 2.3014e-05

0.00732422 2.44745e-05
0.007333 2.44141e-05

0.00734863 2.41556e-05
0.00735238 2.44141e-05

0.00734863 2.47791e-05
0.00737305 2.57924e-05

0.00737305 2.51064e-05
0.00739746 2.51102e-05

0.00739746 2.5119e-05
0.00742188 2.54282e-05

0.00742188 2.54613e-05
0.00744629 2.59918e-05

0.00744629 2.60251e-05
0.0074707 2.6644e-05

0.0074707 2.66652e-05
0.00749512 2.72637e-05

0.00749512 2.72646e-05
0.00751953 2.77984e-05

0.00751953 2.77955e-05
0.00754395 2.82684e-05

0.00754395 2.82669e-05
0.00756836 2.86877e-05

0.00756836 2.86878e-05
0.00759277 2.90596e-05

0.00759277 2.90597e-05
0.00761719 2.93823e-05

0.00761719 2.93815e-05
0.0076416 2.96565e-05

0.0076416 2.96549e-05
0.00766602 2.98874e-05

0.00766602 2.98853e-05
0.00769043 3.00829e-05

0.00769043 3.00808e-05
0.00771484 3.02521e-05

0.00771484 3.02502e-05
0.00773926 3.04031e-05

0.00773926 3.04016e-05
0.00776367 3.05429e-05

0.00776367 3.05418e-05
0.00778809 3.06767e-05

0.00778809 3.0676e-05
0.0078125 3.0808e-05

0.00703125 0.000941101
0.00705566 0.000941706

0.00705566 0.000941706
0.00708008 0.000942349

0.00708008 0.000942348
0.00710449 0.00094303

0.00710449 0.00094303
0.00712891 0.000943754

0.00712891 0.000943753
0.00715332 0.00094452

0.00715332 0.00094452
0.00717773 0.000945332

0.00717773 0.000945331
0.00720215 0.000946191

0.00720215 0.000946191
0.00722656 0.000947101

0.00722656 0.0009471
0.00725098 0.000948062

0.00725098 0.000948062
0.00727539 0.000949079

0.00727539 0.000949078
0.0072998 0.000950153

0.0072998 0.000950152
0.00732422 0.000951285

0.00732422 0.000951285
0.00734186 0.000952148

0.00734191 0.000952148
0.00734863 0.000952477

0.00734863 0.000952478
0.00737305 0.000953741

0.00737305 0.00095374
0.00739746 0.000955075

0.00739746 0.000955075
0.00742188 0.000956485

0.00742188 0.000956484
0.00744629 0.000957971

0.00744629 0.000957971
0.0074707 0.000959536

0.0074707 0.000959536
0.00749512 0.000961182

0.00749512 0.000961182
0.00751953 0.000962912

0.00751953 0.000962912
0.00754395 0.000964729

0.00754395 0.000964728
0.00756836 0.000966635

0.00756836 0.000966634
0.00759277 0.000968633

0.00759277 0.000968632
0.00761719 0.000970727

0.00761719 0.000970726
0.0076416 0.000972918

0.0076416 0.000972917
0.00766602 0.000975211

0.00766602 0.000975211
0.00767974 0.000976562

0.00767981 0.000976562
0.00769043 0.000977609

0.00769043 0.000977612
0.00771484 0.000980134

0.00771484 0.000980133
0.00773926 0.000982773

0.00773926 0.000982772
0.00776367 0.000985531

0.00776367 0.000985531
0.00778809 0.000988411

0.00778809 0.000988411
0.0078125 0.000991412

0.0078125 3.08076e-05
0.00783691 3.09392e-05

0.00783691 3.0939e-05
0.00786133 3.10715e-05

0.00786133 3.10714e-05
0.00788574 3.12054e-05

0.00788574 3.12054e-05
0.00791016 3.13411e-05

0.00791016 3.13411e-05
0.00793457 3.14784e-05

0.00793457 3.14784e-05
0.00795898 3.16172e-05

0.00795898 3.16172e-05
0.0079834 3.17573e-05

0.0079834 3.17573e-05
0.00800781 3.18985e-05

0.00800781 3.18985e-05
0.00803223 3.20408e-05

0.00803223 3.20408e-05
0.00805664 3.21842e-05

0.00805664 3.21842e-05
0.00808105 3.23288e-05

0.00808105 3.23287e-05
0.00810547 3.24747e-05

0.00810547 3.24746e-05
0.00812988 3.26223e-05

0.00812988 3.26222e-05
0.0081543 3.27719e-05

0.0081543 3.27718e-05
0.00817871 3.29238e-05

0.00817871 3.29238e-05
0.00820313 3.30785e-05

0.00820313 3.30783e-05
0.00822754 3.3236e-05

0.00822754 3.32359e-05
0.00825195 3.33972e-05

0.00825195 3.33971e-05
0.00827637 3.35626e-05

0.00827637 3.35625e-05
0.00830078 3.37327e-05

0.00830078 3.37328e-05
0.0083252 3.39078e-05

0.0083252 3.39079e-05
0.00834961 3.40874e-05

0.00834961 3.40871e-05
0.00837402 3.42716e-05

0.00837402 3.42716e-05
0.00839844 3.44615e-05

0.00839844 3.44613e-05
0.00842285 3.46569e-05

0.00842285 3.46566e-05
0.00844727 3.48589e-05

0.00844727 3.48586e-05
0.00847168 3.50685e-05

0.00847168 3.50683e-05
0.00849609 3.52865e-05

0.00849609 3.52863e-05
0.00852051 3.55139e-05

0.00852051 3.55137e-05
0.00854492 3.57515e-05

0.00854492 3.57513e-05
0.00856934 3.60004e-05

0.00856934 3.60001e-05
0.00859375 3.62613e-05

0.0078125 0.000991412
0.00783691 0.000994534

0.00783691 0.000994533
0.00786133 0.000997777

0.00786133 0.000997772
0.00788448 0.00100098

0.0078845 0.00100098
0.00788574 0.00100115

0.00788574 0.00100115
0.00791016 0.00100468

0.00791016 0.0010047
0.00795898 0.00101205

0.00795898 0.00101204
0.00800781 0.00101975

0.00800781 0.00101975
0.00804186 0.00102539

0.00804195 0.00102539
0.00805664 0.00102785

0.00805664 0.00102786
0.00808105 0.00103205

0.00808105 0.00103205
0.00810547 0.00103632

0.00810547 0.00103632
0.00812988 0.00104067

0.00812988 0.00104067
0.0081543 0.0010451

0.0081543 0.0010451
0.00817871 0.00104961

0.00817871 0.00104961
0.00817972 0.0010498

0.00817974 0.0010498
0.00820313 0.00105422

0.00820313 0.00105422
0.00822754 0.00105891

0.00822754 0.00105892
0.00825195 0.00106369

0.00825195 0.00106369
0.00827637 0.00106855

0.00827637 0.00106855
0.00830078 0.0010735

0.00830078 0.0010735
0.00830427 0.00107422

0.00830429 0.00107422
0.0083252 0.00107853

0.0083252 0.00107854
0.00834961 0.00108367

0.00834961 0.00108367
0.00837402 0.00108887

0.00837402 0.00108887
0.00839844 0.00109416

0.00839844 0.00109415
0.00841879 0.00109863

0.0084188 0.00109863
0.00842285 0.00109953

0.00842285 0.00109953
0.00844727 0.001105

0.00844727 0.00110502
0.00849609 0.00111606

0.00849609 0.00111607
0.00852674 0.00112305

0.00852672 0.00112305
0.00854492 0.00112719

0.00854492 0.0011272
0.00856934 0.00113276

0.00856934 0.00113277
0.00859375 0.00113832

0.00859375 3.62612e-05
0.00861816 3.65354e-05

0.00861816 3.65352e-05
0.00864258 3.6823e-05

0.00864258 3.68229e-05
0.00866699 3.71252e-05

0.00866699 3.7125e-05
0.00869141 3.74424e-05

0.00869141 3.74423e-05
0.00871582 3.77751e-05

0.00871582 3.77751e-05
0.00874023 3.81237e-05

0.00874023 3.81237e-05
0.00876465 3.84879e-05

0.00876465 3.84881e-05
0.00878906 3.88675e-05

0.00878906 3.88678e-05
0.00881348 3.92614e-05

0.00881348 3.92619e-05
0.00883789 3.9668e-05

0.00883789 3.96687e-05
0.0088623 4.00848e-05

0.0088623 4.00857e-05
0.00888672 4.05085e-05

0.00888672 4.05097e-05
0.00891113 4.09347e-05

0.00891113 4.09362e-05
0.00893555 4.13583e-05

0.00893555 4.13599e-05
0.00895996 4.1773e-05

0.00895996 4.17747e-05
0.00898437 4.21721e-05

0.00898438 4.21739e-05
0.00900879 4.25485e-05

0.00900879 4.25503e-05
0.0090332 4.28951e-05

0.0090332 4.28967e-05
0.00905762 4.32049e-05

0.00905762 4.32063e-05
0.00908203 4.34717e-05

0.00908203 4.34729e-05
0.00910645 4.36903e-05

0.00910645 4.36912e-05
0.00913086 4.38565e-05

0.00913086 4.38571e-05
0.00915527 4.39672e-05

0.00915527 4.39676e-05
0.00917969 4.40206e-05

0.00917969 4.40208e-05
0.0092041 4.40158e-05

0.0092041 4.40158e-05
0.00922852 4.39526e-05

0.00922852 4.39525e-05
0.00925293 4.38313e-05

0.00925293 4.38311e-05
0.00927734 4.36525e-05

0.00927734 4.36524e-05
0.00930176 4.34171e-05

0.00930176 4.3417e-05
0.00932617 4.31254e-05

0.00932617 4.31255e-05
0.00935059 4.27773e-05

0.00935059 4.27776e-05
0.009375 4.23723e-05

0.00859375 0.00113832
0.00861816 0.00114385

0.00861816 0.00114385
0.00863415 0.00114746

0.00863413 0.00114746
0.00864258 0.00114937

0.00864258 0.00114937
0.00866699 0.00115486

0.00866699 0.00115486
0.00869141 0.00116031

0.00869141 0.00116032
0.00871582 0.00116572

0.00871582 0.00116572
0.00874023 0.00117107

0.00874023 0.00117107
0.00874396 0.00117187

0.00874392 0.00117188
0.00876465 0.00117637

0.00876465 0.00117637
0.00878906 0.0011816

0.00878906 0.0011816
0.00881348 0.00118675

0.00881348 0.00118675
0.00883789 0.0011918

0.00883789 0.0011918
0.00886001 0.00119629

0.00886 0.00119629
0.0088623 0.00119676

0.0088623 0.00119676
0.00888672 0.0012016

0.00888672 0.0012016
0.00891113 0.00120634

0.00891113 0.00120635
0.00893555 0.00121094

0.00893555 0.00121101
0.00898438 0.00121962

0.00898437 0.0012196
0.00899127 0.0012207

0.00899136 0.0012207
0.00900879 0.00122356

0.00900879 0.00122358
0.0090332 0.00122738

0.0090332 0.00122738
0.00905762 0.00123096

0.00905762 0.00123096
0.00908203 0.0012343

0.00908203 0.0012343
0.00910645 0.00123738

0.00910645 0.00123739
0.00913086 0.0012402

0.00913086 0.0012402
0.00915527 0.00124273

0.00915527 0.00124274
0.00917969 0.00124497

0.00917969 0.00124496
0.00918163 0.00124512

0.00918146 0.00124512
0.0092041 0.0012469

0.0092041 0.0012469
0.00922852 0.00124851

0.00922852 0.00124851
0.00925293 0.00124978

0.00925293 0.00124978
0.00927734 0.0012507

0.00927734 0.0012507
0.00930176 0.00125126

0.00930176 0.00125126
0.00932617 0.00125144

0.00932617 0.00125144
0.00935059 0.00125122

0.00935059 0.00125122
0.009375 0.00125059

0.009375 4.23728e-05
0.00939941 4.19087e-05

0.00939941 4.19093e-05
0.00942383 4.13843e-05

0.00942383 4.13849e-05
0.00944824 4.07966e-05

0.00944824 4.07968e-05
0.00947266 4.01437e-05

0.00947266 4.0142e-05
0.00949707 3.9427e-05

0.00949707 3.94226e-05
0.00952148 3.86576e-05

0.00952148 3.86479e-05
0.0095459 3.78611e-05

0.0095459 3.78417e-05
0.00957031 3.70912e-05

0.00957031 3.70553e-05
0.00959473 3.6452e-05

0.00959473 3.6393e-05
0.00961914 3.61268e-05

0.00961914 3.60441e-05
0.00964355 3.63985e-05

0.00964355 3.63045e-05
0.00966797 3.76329e-05

0.00966797 3.75616e-05
0.00969238 4.01944e-05

0.00969238 4.01944e-05
0.0097168 4.42743e-05

0.0097168 4.43415e-05
0.00973709 4.88281e-05

0.00973717 4.88281e-05
0.00974121 4.97217e-05

0.00974121 4.97649e-05
0.00976562 5.62989e-05

0.00976563 5.63013e-05
0.00979004 6.39104e-05

0.00979004 6.38959e-05
0.00981445 7.26041e-05

0.00981445 7.27563e-05
0.00981565 7.32422e-05

0.00981612 7.32422e-05
0.00983887 8.24555e-05

0.00983887 8.24492e-05
0.00986328 9.36052e-05

0.00986328 9.36795e-05
0.00987104 9.76563e-05

0.00987133 9.76563e-05
0.0098877 0.000106041

0.0098877 0.000106068
0.00991211 0.000120016

0.00991211 0.000120184
0.00991518 0.00012207

0.00991547 0.00012207
0.00993652 0.00013547

0.00993652 0.000135499
0.00995201 0.000146484

0.00995215 0.000146484
0.00996094 0.0001527

0.00996094 0.000152732
0.00998388 0.000170898

0.00998398 0.000170898
0.00998535 0.000172025

0.00998535 0.000171964
0.0100098 0.000193587

0.0100098 0.000193821
0.0100114 0.000195313

0.0100116 0.000195313
0.0100342 0.000217796

0.0100342 0.000218096
0.0100357 0.000219727

0.010036 0.000219727
0.0100576 0.000244141

0.0100575 0.000244141
0.0100586 0.000245419

0.0100586 0.00024548
0.0100768 0.000268555

0.0100768 0.000268555
0.010083 0.000277457

0.010083 0.000277525
0.0100938 0.000292969

0.0100942 0.000292969
0.0101074 0.000315281

0.0101074 0.000314819
0.010109 0.000317383

0.010109 0.000317383
0.0101226 0.000341797

0.0101226 0.000341797
0.0101318 0.000360753

0.0101318 0.000360853
0.0101345 0.000366211

0.0101345 0.000366211
0.0101449 0.000390625

0.0101449 0.000390625
0.010154 0.000415039

0.010154 0.000415039
0.0101563 0.000422198

0.0101563 0.000761111
0.0101495 0.00078125

0.00976562 0.00116847
0.00975744 0.00117187

0.009375 0.00125059
0.00939941 0.00124953

0.00939941 0.00124953
0.00942383 0.00124802

0.00942383 0.00124803
0.00944824 0.00124605

0.00947266 0.00124361
0.00945765 0.00124512

0.00944824 0.00124605
0.00945752 0.00124512

0.00947266 0.00124361
0.00949707 0.00124066

0.00949707 0.00124066
0.00952148 0.00123719

0.00952148 0.0012372
0.0095459 0.00123317

0.0095459 0.00123318
0.00957031 0.00122859

0.00961914 0.00121782
0.00960631 0.0012207

0.00957031 0.00122858
0.00959473 0.00122342

0.00959473 0.00122335
0.00960591 0.0012207

0.00961914 0.00121765
0.00964355 0.00121123

0.00964355 0.00121124
0.00966797 0.00120416

0.00966797 0.00120417
0.00969238 0.00119638

0.0097168 0.00118784
0.00969264 0.00119629

0.00969238 0.00119637
0.00969261 0.00119629

0.0097168 0.00118785
0.00974121 0.00117853

0.00974121 0.00117852
0.00975717 0.00117188

0.00976563 0.0011684
0.00979004 0.00115733

0.00981445 0.00114537
0.00981022 0.00114746

0.00979004 0.00115734
0.00981008 0.00114746

0.00986328 0.00111831
0.00985482 0.00112305

0.00981445 0.00114532
0.00983887 0.00113225

0.00983887 0.00113221
0.00985464 0.00112305

0.00993652 0.00106805
0.00992822 0.00107422

0.00996094 0.00104813
0.00995894 0.0010498

0.00993652 0.00106795
0.0099588 0.0010498

0.00986328 0.00111809
0.0098877 0.00110273

0.00991211 0.00108617
0.00989388 0.00109863

0.0098877 0.00110259
0.00989367 0.00109863

0.00991211 0.00108605
0.00992799 0.00107422

0.0100342 0.000975819
0.0100335 0.000976562

0.0100586 0.000945807
0.0100538 0.000952148

0.0100342 0.000975808
0.0100539 0.000952148

0.0101074 0.000872008
0.0101038 0.000878906

0.0101318 0.000824271
0.0101293 0.000830078

0.0101495 0.00078125
0.01014 0.000805664

0.0101318 0.000824306
0.01014 0.000805664

0.0101293 0.000830078
0.0101172 0.000854492

0.0101074 0.000872249
0.0101172 0.000854492

0.0101042 0.000878906
0.0100724 0.000927734

0.0100586 0.000945836
0.0100722 0.000927734

0.0100098 0.00100249
0.00998643 0.00102539

0.00996094 0.00104814
0.00998535 0.00102636

0.00998535 0.00102632
0.00998635 0.00102539

0.0100336 0.000976562
0.0100112 0.00100098

0.0100098 0.00100239
0.0100111 0.00100098

0.0101563 0.000422217
0.0101617 0.000439453

0.0101617 0.000439453
0.0101682 0.000463867

0.0101682 0.000463867
0.0101735 0.000488281

0.0101735 0.000488281
0.0101776 0.000512695

0.0101776 0.000512695
0.0101806 0.000537109

0.0101807 0.00053582
0.0101808 0.000537109

0.0101809 0.000537109
0.0101835 0.000585938

0.0101835 0.000585937
0.0101817 0.000634766

0.0101817 0.000634766
0.0101756 0.000683594

0.0101753 0.000683594
0.0101706 0.000708008

0.0101706 0.000708008
0.0101647 0.000732422

0.0101647 0.000732422
0.0101577 0.000756836

0.0101563 0.00076124
0.0101577 0.000756836

