7.13956e-05 0
7.32422e-05 5.37207e-06

7.32826e-05 0
9.64832e-05 2.44141e-05

9.67892e-05 2.44141e-05
9.76563e-05 2.47181e-05

9.76563e-05 1.38683e-05
0.00012207 1.4568e-05

0.000119912 2.44141e-05
0.00012207 2.44369e-05

0.00012207 1.36559e-05
0.000146484 1.29357e-05

0.000146484 1.36178e-05
0.000170898 1.37476e-05

0.000170898 1.35291e-05
0.000195313 1.32542e-05

0.000195313 1.34708e-05
0.000219727 1.34897e-05

0.000219727 1.34653e-05
0.000244141 1.33456e-05

0.000244141 1.33981e-05
0.000268555 1.33869e-05

0.000268555 1.35041e-05
0.000292969 1.32905e-05

0.000292969 1.34474e-05
0.000317383 1.3026e-05

0.000317383 1.30799e-05
0.000341797 1.31052e-05

0.000341797 1.31961e-05
0.000366211 1.33137e-05

0.000366211 1.33244e-05
0.000390625 1.30301e-05

0.000390625 1.32002e-05
0.000415039 1.28865e-05

0.000415039 1.29155e-05
0.000439453 1.29917e-05

0.000439453 1.30496e-05
0.000463867 1.31454e-05

0.000463867 1.31434e-05
0.000488281 1.29003e-05

0.000488281 1.30407e-05
0.000512695 1.28088e-05

0.000512695 1.28245e-05
0.000537109 1.28916e-05

0.000537109 1.29102e-05
0.000561523 1.30339e-05

0.000561523 1.30461e-05
0.000585937 1.28447e-05

0.000585938 1.29415e-05
0.000610352 1.27182e-05

0.000610352 1.27468e-05
0.000634766 1.28307e-05

0.000634766 1.28328e-05
0.00065918 1.29444e-05

0.00065918 1.29574e-05
0.000683594 1.2777e-05

0.000683594 1.28612e-05
0.000708008 1.26629e-05

0.000708008 1.26938e-05
0.000732422 1.27636e-05

0.000732422 1.2758e-05
0.000756836 1.28634e-05

0.000756836 1.28826e-05
0.00078125 1.27221e-05

0.00078125 1.27919e-05
0.000805664 1.26055e-05

0.000805664 1.26557e-05
0.000830078 1.26902e-05

0.000830078 1.27041e-05
0.000854492 1.2741e-05

0.000854492 1.2756e-05
0.000878906 1.2641e-05

0.000878906 1.26597e-05
0.00090332 1.26261e-05

0.00090332 1.26066e-05
0.000927734 1.2744e-05

0.000927734 1.27098e-05
0.000952148 1.27664e-05

0.000952148 1.2725e-05
0.000976562 1.27041e-05

0.000976562 1.26867e-05
0.00100098 1.27605e-05

0.00100098 1.27251e-05
0.00102539 1.28066e-05

0.00102539 1.26975e-05
0.0010498 1.28632e-05

0.0010498 1.28173e-05
0.00107422 1.29461e-05

0.00107422 1.28065e-05
0.00109863 1.29351e-05

0.00109863 1.28944e-05
0.00112305 1.30503e-05

0.00112305 1.29033e-05
0.00114746 1.30588e-05

0.00114746 1.30619e-05
0.00117187 1.31035e-05

0.00117188 1.29171e-05
0.00119629 1.31043e-05

0.00119629 1.30239e-05
0.0012207 1.34089e-05

0.0012207 1.31677e-05
0.00124512 1.34082e-05

0.00124512 1.34383e-05
0.00126953 1.33438e-05

0.00126953 1.30322e-05
0.00129395 1.3406e-05

0.00129395 1.36345e-05
0.00131836 1.36936e-05

0.00131836 1.28306e-05
0.00134277 1.36945e-05

0.00134277 1.46703e-05
0.00136719 1.39433e-05

0.00139142 0
0.0013684 2.44141e-05

0.0013916 5.17041e-06
0.00139338 0

0.00146313 0
0.00146484 5.06624e-06

0.00146484 3.10187e-06
0.00148554 2.44141e-05

0.00148596 2.44141e-05
0.00148926 2.5544e-05

0.00148926 1.60313e-05
0.00151367 1.66873e-05

0.00150995 2.44141e-05
0.00151367 2.44539e-05

0.00151367 1.63612e-05
0.00153809 1.55977e-05

0.0015625 3.8687e-06
0.00154175 2.44141e-05

0.00153809 2.51217e-05
0.00154023 2.44141e-05

0 0.00312076
0.000390625 0.00310981

0.000390625 0.00311008
0.00078125 0.00307671

0.00078125 0.00307738
0.00117187 0.0030197

0.00117188 0.00302074
0.0015625 0.0029353

0.0015625 6.30931e-06
0.00156467 0

0.00165565 0
0.00166016 1.08667e-05

0.00166016 1.05837e-05
0.0016761 2.44141e-05

0.001675 2.44141e-05
0.00168457 2.76458e-05

0.00168457 1.7581e-05
0.00170898 1.73498e-05

0.00168457 2.44899e-05
0.00169852 2.44141e-05

0.0017334 1.0083e-05
0.00171734 2.44141e-05

0.00170898 2.74944e-05
0.00171794 2.44141e-05

0.0017334 9.15006e-06
0.00173711 0

0.00179944 0
0.00180664 1.52154e-05

0.00180664 1.00697e-05
0.00183105 1.13295e-05

0.00183105 6.90236e-06
0.00185013 0

0.00185702 0
0.00187988 1.6691e-05

0.00187988 7.51368e-06
0.0019043 1.14007e-05

0.0019043 8.62556e-06
0.00192871 1.08778e-05

0.00192871 9.38823e-06
0.00195312 1.19638e-05

0.00195312 9.27271e-06
0.00197754 1.32087e-05

0.00197754 1.37215e-05
0.00200195 1.26092e-05

0.00200195 1.61855e-05
0.00202637 4.83553e-06

0.00202637 5.31147e-06
0.00205078 8.31261e-06

0.00205078 8.72332e-06
0.0020752 1.52583e-05

0.0020752 9.2895e-06
0.00209961 1.17026e-05

0.00209961 1.35261e-05
0.00212402 1.35199e-05

0.00212402 1.31375e-05
0.00214844 7.84653e-06

0.00214844 7.41036e-06
0.00217285 1.31639e-05

0.00217285 1.41423e-05
0.00219727 1.39275e-05

0.00219727 1.31462e-05
0.00222168 7.14351e-06

0.00222168 7.09391e-06
0.00224609 1.36496e-05

0.00224609 1.4285e-05
0.00227051 1.40724e-05

0.00227051 1.40404e-05
0.00229492 6.41889e-06

0.00229492 7.2369e-06
0.00231934 1.19184e-05

0.00231934 1.03385e-05
0.00234375 1.55307e-05

0.00234375 1.55556e-05
0.00236816 1.04704e-05

0.00236816 1.25705e-05
0.00239258 6.56047e-06

0.00239258 6.57084e-06
0.00241699 1.26063e-05

0.00241699 1.04401e-05
0.00244141 1.55712e-05

0.00244141 1.55678e-05
0.00246582 1.04177e-05

0.00246582 1.253e-05
0.00249023 6.64937e-06

0.00249023 6.65484e-06
0.00251465 1.26171e-05

0.00251465 1.04781e-05
0.00253906 1.55164e-05

0.00253906 1.5512e-05
0.00256348 1.04478e-05

0.00256348 1.24956e-05
0.00258789 6.77893e-06

0.00258789 6.77548e-06
0.0026123 1.26343e-05

0.0026123 1.06147e-05
0.00263672 1.53869e-05

0.00263672 1.53374e-05
0.00266113 1.04025e-05

0.00266113 1.18191e-05
0.00268555 7.65012e-06

0.00268555 6.83482e-06
0.00270996 1.40357e-05

0.00270996 1.40397e-05
0.00273438 1.42264e-05

0.00273437 1.40075e-05
0.00275879 7.11413e-06

0.00275879 7.92614e-06
0.0027832 1.18432e-05

0.0027832 1.06302e-05
0.00280762 1.51123e-05

0.00280762 1.51006e-05
0.00283203 1.0602e-05

0.00283203 1.18241e-05
0.00285645 7.96447e-06

0.00285645 7.28389e-06
0.00288086 1.38642e-05

0.00288086 1.39379e-05
0.00290527 1.39326e-05

0.00290527 1.30101e-05
0.00292969 8.13081e-06

0.00292969 8.64623e-06
0.0029541 1.31019e-05

0.0029541 1.33532e-05
0.00297852 1.33441e-05

0.00297852 1.16203e-05
0.00300293 1.01158e-05

0.00300293 1.03865e-05
0.00302734 1.4361e-05

0.00302734 1.27761e-05
0.00305176 1.42944e-05

0.00305176 1.30914e-05
0.00307617 1.385e-05

0.00307617 1.34748e-05
0.00310059 1.47262e-05

0.00310059 1.38879e-05
0.003125 1.49704e-05

0.00175781 0.00287981
0.00157761 0.00292969

0.0015625 0.00293352
0.00157634 0.00292969

0.00175781 0.0028801
0.00195312 0.00281697

0.00234375 0.00265883
0.00217113 0.00273438

0.00195312 0.00281731
0.00214844 0.00274379

0.00214844 0.00274372
0.00216978 0.00273438

0.00292969 0.00231018
0.00288319 0.00234375

0.00302734 0.00223376
0.00301207 0.00224609

0.00297852 0.00227135
0.0029481 0.00229492

0.00292969 0.00230985
0.00294926 0.00229492

0.00297852 0.002271
0.00300963 0.00224609

0.00302734 0.00223318
0.00312455 0.00214844

0.00244141 0.00261068
0.00238797 0.00263672

0.00234375 0.00265764
0.00238667 0.00263672

0.00244141 0.00261052
0.00253906 0.00255953

0.00273438 0.00244608
0.00257704 0.00253906

0.00253906 0.00256019
0.00257544 0.00253906

0.00283203 0.00237998
0.00273962 0.00244141

0.00273438 0.00244447
0.00273918 0.00244141

0.00283203 0.00237993
0.00288246 0.00234375

0.003125 1.44117e-05
0.00314941 1.55012e-05

0.00314941 1.48914e-05
0.00317383 1.57418e-05

0.00317383 1.52508e-05
0.00319824 1.60846e-05

0.00319824 1.5537e-05
0.00322266 1.65232e-05

0.00322266 1.58511e-05
0.00324707 1.72149e-05

0.00324707 1.71785e-05
0.00327148 1.73531e-05

0.00327148 1.64979e-05
0.0032959 1.68911e-05

0.0032959 1.55782e-05
0.00332031 1.96867e-05

0.00332031 1.97836e-05
0.00334473 2.17654e-05

0.00334473 2.05311e-05
0.00336914 1.86974e-05

0.00336914 1.29985e-05
0.00339263 2.44141e-05

0.0033915 2.44141e-05
0.00339355 2.52426e-05

0.00339355 2.78068e-05
0.00341743 4.88281e-05

0.00341727 4.88281e-05
0.00341797 4.9497e-05

0.00341797 4.98022e-05
0.00344151 7.32422e-05

0.00344155 7.32422e-05
0.00344238 7.41009e-05

0.00344238 7.42598e-05
0.00346424 9.76563e-05

0.00346475 9.76563e-05
0.0034668 9.99524e-05

0.0034668 0.000100712
0.0034855 0.00012207

0.00348527 0.00012207
0.00349121 0.000129169

0.00349121 0.000128816
0.00350573 0.000146484

0.003506 0.000146484
0.00351563 0.00015909

0.00351563 0.000159599
0.00354246 0.000195313

0.00354277 0.000195313
0.00356445 0.000227889

0.00356445 0.000229477
0.00357403 0.000244141

0.00357481 0.000244141
0.00360361 0.000292969

0.00360432 0.000292969
0.00361328 0.000311022

0.00361328 0.000312327
0.00362865 0.000341797

0.00362885 0.000341797
0.00365145 0.000390625

0.00365211 0.000390625
0.00368955 0.000488281

0.00368933 0.000488281
0.00371094 0.000564575

0.00371094 0.000565661
0.00371668 0.000585938

0.00371672 0.000585937
0.00373559 0.000683594

0.00373523 0.000683594
0.00374646 0.00078125

0.00374843 0.00078125
0.00374915 0.000976562

0.00374885 0.000976562
0.00372103 0.00117188

0.00371094 0.00120776
0.00366531 0.00136719

0.00366559 0.00136719
0.00358068 0.0015625

0.00371094 0.00120543
0.00372054 0.00117187

0.00332031 0.00194583
0.00331423 0.00195312

0.00351563 0.0016746
0.00346607 0.00175781

0.00341797 0.0018204
0.00339261 0.00185547

0.00332031 0.00194504
0.00339273 0.00185547

0.00341797 0.00182004
0.00346303 0.00175781

0.00331716 0.00195312
0.003128 0.00214844

0.003125 0.00214901
0.00312562 0.00214844

0.00351563 0.00167198
0.00358078 0.0015625

