7.10467e-05 0
7.32422e-05 6.31404e-06

7.32422e-05 7.91521e-07
9.66555e-05 2.44141e-05

9.70723e-05 2.44141e-05
9.76563e-05 2.46104e-05

9.76563e-05 1.36319e-05
0.00012207 1.40329e-05

0.00012207 1.36188e-05
0.000146484 1.31493e-05

0.000146484 1.33469e-05
0.000170898 1.36246e-05

0.000170898 1.3539e-05
0.000195313 1.36381e-05

0.000195313 1.37594e-05
0.000219727 1.33588e-05

0.000219727 1.3493e-05
0.000244141 1.30933e-05

0.000244141 1.32141e-05
0.000268555 1.33212e-05

0.000268555 1.32824e-05
0.000292969 1.34596e-05

0.000292969 1.35859e-05
0.000317383 1.32078e-05

0.000317383 1.32658e-05
0.000341797 1.29262e-05

0.000341797 1.31329e-05
0.000366211 1.31717e-05

0.000366211 1.30851e-05
0.000390625 1.31626e-05

0.000390625 1.32743e-05
0.000415039 1.31417e-05

0.000415039 1.31778e-05
0.000439453 1.28796e-05

0.000439453 1.30389e-05
0.000463867 1.29515e-05

0.000463867 1.29504e-05
0.000488281 1.29829e-05

0.000488281 1.30792e-05
0.000537109 1.28353e-05

0.000537109 1.30352e-05
0.000585938 1.27542e-05

0.000585937 1.29576e-05
0.000634766 1.27589e-05

0.000634766 1.29492e-05
0.000683594 1.27007e-05

0.000683594 1.28291e-05
0.000708008 1.27879e-05

0.000708008 1.27562e-05
0.000732422 1.27119e-05

0.000732422 1.27627e-05
0.000756836 1.27925e-05

0.000756836 1.27791e-05
0.00078125 1.27306e-05

0.00078125 1.28288e-05
0.000805664 1.26588e-05

0.000805664 1.26441e-05
0.000830078 1.26293e-05

0.000830078 1.26718e-05
0.000854492 1.27953e-05

0.000854492 1.27927e-05
0.000878906 1.2652e-05

0.000878906 1.2647e-05
0.00090332 1.26248e-05

0.00090332 1.26862e-05
0.000927734 1.2728e-05

0.000927734 1.26367e-05
0.000952148 1.26931e-05

0.000952148 1.26695e-05
0.000976562 1.28229e-05

0.000976562 1.27338e-05
0.00100098 1.28092e-05

0.00100098 1.27849e-05
0.00102539 1.28126e-05

0.00102539 1.27607e-05
0.0010498 1.2821e-05

0.0010498 1.27703e-05
0.00107422 1.29116e-05

0.00107422 1.28185e-05
0.00109863 1.29615e-05

0.00109863 1.28833e-05
0.00112305 1.3e-05

0.00112305 1.28473e-05
0.00114746 1.30976e-05

0.00114746 1.30518e-05
0.00117187 1.3187e-05

0.00117188 1.29887e-05
0.00119629 1.31491e-05

0.00119629 1.31599e-05
0.0012207 1.33088e-05

0.0012207 1.30053e-05
0.00124512 1.33468e-05

0.00124512 1.34455e-05
0.00126953 1.35183e-05

0.00126953 1.30521e-05
0.00129395 1.3406e-05

0.00129395 1.37901e-05
0.00131836 1.36924e-05

0.00131836 1.28344e-05
0.00134277 1.348e-05

0.00134277 1.44776e-05
0.00136719 1.39617e-05

0.00134277 2.44224e-05
0.00134385 2.44141e-05

0.0013915 0
0.00136842 2.44141e-05

0.00136719 2.48675e-05
0.00136847 2.44141e-05

0.0013916 4.72242e-06
0.00139321 0

0.00146296 0
0.00146484 5.53912e-06

0.00146484 3.22268e-06
0.00148563 2.44141e-05

0.00148544 2.44141e-05
0.00148926 2.57062e-05

0.00148926 1.57339e-05
0.00151367 1.66039e-05

0.00150978 2.44141e-05
0.00151367 2.44692e-05

0.00151367 1.64963e-05
0.00153809 1.58708e-05

0.00151367 2.44225e-05
0.00151451 2.44141e-05

0.0015625 3.58201e-06
0.00154183 2.44141e-05

0.00153809 2.56085e-05
0.00154165 2.44141e-05

0 0.003121
0.000390625 0.00311004

0.000390625 0.00311031
0.00078125 0.00307691

0.00078125 0.00307759
0.00117187 0.00301983

0.00117188 0.00302087
0.0015625 0.00293533

0.0015625 5.93989e-06
0.00156453 0

0.00165558 0
0.00166016 1.09867e-05

0.00166016 1.06516e-05
0.00167615 2.44141e-05

0.00167507 2.44141e-05
0.00168457 2.75936e-05

0.00168457 1.74302e-05
0.00170898 1.72851e-05

0.00168457 2.44651e-05
0.00170173 2.44141e-05

0.0017334 1.01995e-05
0.00171742 2.44141e-05

0.00170898 2.76265e-05
0.00171837 2.44141e-05

0.0017334 8.98406e-06
0.00173704 0

0.00179943 0
0.00180664 1.52268e-05

0.00180664 1.00696e-05
0.00183105 1.13172e-05

0.00183105 6.89873e-06
0.00185014 0

0.00185703 0
0.00187988 1.66945e-05

0.00187988 7.51738e-06
0.0019043 1.14087e-05

0.0019043 8.62939e-06
0.00192871 1.08763e-05

0.00192871 9.39341e-06
0.00195312 1.19653e-05

0.00195312 9.27502e-06
0.00197754 1.32051e-05

0.00197754 1.37174e-05
0.00200195 1.26128e-05

0.00200195 1.61882e-05
0.00202637 4.84155e-06

0.00202637 5.33223e-06
0.00205078 8.29241e-06

0.00205078 8.66753e-06
0.0020752 1.52814e-05

0.0020752 9.32608e-06
0.00209961 1.1758e-05

0.00209961 1.35751e-05
0.00212402 1.3467e-05

0.00212402 1.31706e-05
0.00214844 7.77171e-06

0.00214844 7.32154e-06
0.00217285 1.31321e-05

0.00217285 1.40357e-05
0.00219727 1.40407e-05

0.00219727 1.33106e-05
0.00222168 7.14972e-06

0.00222168 7.05758e-06
0.00224609 1.3487e-05

0.00224609 1.4145e-05
0.00227051 1.42071e-05

0.00227051 1.41171e-05
0.00229492 6.51043e-06

0.00229492 7.30666e-06
0.00231934 1.18289e-05

0.00231934 1.03266e-05
0.00234375 1.55343e-05

0.00234375 1.55505e-05
0.00236816 1.04736e-05

0.00236816 1.25706e-05
0.00239258 6.56355e-06

0.00239258 6.57372e-06
0.00241699 1.26045e-05

0.00241699 1.04389e-05
0.00244141 1.55707e-05

0.00244141 1.55663e-05
0.00246582 1.04213e-05

0.00246582 1.25339e-05
0.00249023 6.65001e-06

0.00249023 6.65561e-06
0.00251465 1.2614e-05

0.00251465 1.04763e-05
0.00253906 1.55182e-05

0.00253906 1.55122e-05
0.00256348 1.04498e-05

0.00256348 1.24961e-05
0.00258789 6.78035e-06

0.00258789 6.77928e-06
0.0026123 1.26332e-05

0.0026123 1.06146e-05
0.00263672 1.53835e-05

0.00263672 1.53316e-05
0.00266113 1.04062e-05

0.00266113 1.18236e-05
0.00268555 7.6546e-06

0.00268555 6.83858e-06
0.00270996 1.40289e-05

0.00270996 1.40314e-05
0.00273438 1.42308e-05

0.00273437 1.40077e-05
0.00275879 7.12804e-06

0.00275879 7.9433e-06
0.0027832 1.18358e-05

0.0027832 1.06298e-05
0.00280762 1.50989e-05

0.00280762 1.50829e-05
0.00283203 1.06107e-05

0.00283203 1.18761e-05
0.00285645 7.93438e-06

0.00285645 7.23418e-06
0.00288086 1.38118e-05

0.00288086 1.38415e-05
0.00290527 1.40313e-05

0.00290527 1.31347e-05
0.00292969 8.16529e-06

0.00292969 8.63251e-06
0.0029541 1.29916e-05

0.0029541 1.33265e-05
0.00297852 1.34062e-05

0.00297852 1.17254e-05
0.00300293 1.0004e-05

0.00300293 1.02153e-05
0.00302734 1.42917e-05

0.00302734 1.2715e-05
0.00305176 1.44645e-05

0.00305176 1.31335e-05
0.00307617 1.39032e-05

0.00307617 1.35819e-05
0.00310059 1.47491e-05

0.00310059 1.3965e-05
0.003125 1.4865e-05

0.00175781 0.00287975
0.00157754 0.00292969

0.0015625 0.00293347
0.00157616 0.00292969

0.00175781 0.00288007
0.00195312 0.00281696

0.00234375 0.00265886
0.0021712 0.00273438

0.00195312 0.00281731
0.00214844 0.00274382

0.00214844 0.00274375
0.00216985 0.00273438

0.00292969 0.00231001
0.002883 0.00234375

0.003125 0.00214793
0.00312444 0.00214844

0.00302734 0.00223351
0.00301176 0.00224609

0.00297852 0.00227115
0.00294787 0.00229492

0.00292969 0.00230968
0.00294901 0.00229492

0.00297852 0.00227077
0.00300933 0.00224609

0.00302734 0.00223291
0.00312421 0.00214844

0.00244141 0.0026107
0.00238802 0.00263672

0.00234375 0.00265766
0.0023867 0.00263672

0.00244141 0.00261053
0.00253906 0.00255952

0.00273438 0.00244602
0.00257703 0.00253906

0.00253906 0.00256016
0.00257538 0.00253906

0.00283203 0.00237986
0.00273951 0.00244141

0.00273438 0.00244438
0.00273905 0.00244141

0.00283203 0.0023798
0.00288225 0.00234375

0.003125 1.43654e-05
0.00314941 1.53879e-05

0.00314941 1.47877e-05
0.00317383 1.57012e-05

0.00317383 1.51753e-05
0.00319824 1.60997e-05

0.00319824 1.5446e-05
0.00322266 1.6622e-05

0.00322266 1.58894e-05
0.00324707 1.74529e-05

0.00324707 1.74462e-05
0.00327148 1.74752e-05

0.00327148 1.65552e-05
0.0032959 1.68411e-05

0.0032959 1.57788e-05
0.00332031 1.96782e-05

0.00332031 1.99611e-05
0.00334473 2.11789e-05

0.00334473 1.99477e-05
0.00336914 1.7945e-05

0.00336914 1.24596e-05
0.00339306 2.44141e-05

0.00339207 2.44141e-05
0.00339355 2.50122e-05

0.00339355 2.70517e-05
0.00341797 4.87145e-05

0.00341757 4.88281e-05
0.00341797 4.92225e-05

0.00341797 4.95809e-05
0.00344137 7.32422e-05

0.00344159 7.32422e-05
0.00344238 7.40717e-05

0.00344238 7.42805e-05
0.00346416 9.76563e-05

0.00346466 9.76563e-05
0.0034668 0.000100055

0.0034668 0.0001008
0.00348538 0.00012207

0.00348516 0.00012207
0.00349121 0.000129313

0.00349121 0.000128967
0.00350559 0.000146484

0.00350586 0.000146484
0.00351563 0.000159289

0.00351563 0.000159795
0.00354229 0.000195313

0.00354261 0.000195313
0.00356445 0.000228114

0.00356445 0.000229723
0.00357386 0.000244141

0.00357466 0.000244141
0.00360347 0.000292969

0.00360418 0.000292969
0.00361328 0.000311295

0.00361328 0.000312599
0.00362852 0.000341797

0.00362872 0.000341797
0.00365134 0.000390625

0.003652 0.000390625
0.00368947 0.000488281

0.00368924 0.000488281
0.00371094 0.000564815

0.00371094 0.000565936
0.00371661 0.000585938

0.00371665 0.000585937
0.00373554 0.000683594

0.00373517 0.000683594
0.00374641 0.00078125

0.00374838 0.00078125
0.0037491 0.000976562

0.0037488 0.000976562
0.00372096 0.00117188

0.00371094 0.00120753
0.00366522 0.00136719

0.00366551 0.00136719
0.00358057 0.0015625

0.00371094 0.00120516
0.00372047 0.00117187

0.00332031 0.00194564
0.00331406 0.00195312

0.00351563 0.00167437
0.00346592 0.00175781

0.00341797 0.00182016
0.00339242 0.00185547

0.00332031 0.00194478
0.00339255 0.00185547

0.00341797 0.00181982
0.00346288 0.00175781

0.00331692 0.00195312
0.00312773 0.00214844

0.00351563 0.00167174
0.00358066 0.0015625

