7.14349e-05 0
7.32422e-05 5.26874e-06

7.32422e-05 8.53728e-07
9.64213e-05 2.44141e-05

9.68785e-05 2.44141e-05
9.76563e-05 2.46776e-05

9.76563e-05 1.39422e-05
0.00012207 1.39537e-05

9.76647e-05 2.44141e-05
0.00012207 2.44169e-05

0.00012207 1.34139e-05
0.000146484 1.30655e-05

0.000146484 1.34233e-05
0.000170898 1.39586e-05

0.000170898 1.375e-05
0.000195313 1.35226e-05

0.000195313 1.37375e-05
0.000219727 1.33061e-05

0.000219727 1.33729e-05
0.000244141 1.32636e-05

0.000244141 1.34866e-05
0.000268555 1.33969e-05

0.000268555 1.33323e-05
0.000292969 1.31732e-05

0.000292969 1.3391e-05
0.000317383 1.3261e-05

0.000317383 1.32183e-05
0.000341797 1.30989e-05

0.000341797 1.33113e-05
0.000366211 1.31683e-05

0.000366211 1.30787e-05
0.000390625 1.30327e-05

0.000390625 1.33111e-05
0.000439453 1.2894e-05

0.000439453 1.32046e-05
0.000488281 1.27928e-05

0.000488281 1.31055e-05
0.000537109 1.28068e-05

0.000537109 1.3037e-05
0.000585938 1.27492e-05

0.000585937 1.29639e-05
0.000634766 1.27457e-05

0.000634766 1.29384e-05
0.000683594 1.26945e-05

0.000683594 1.28553e-05
0.000708008 1.27953e-05

0.000708008 1.27223e-05
0.000732422 1.27049e-05

0.000732422 1.27892e-05
0.000756836 1.2837e-05

0.000756836 1.28263e-05
0.00078125 1.26675e-05

0.00078125 1.27821e-05
0.000805664 1.26229e-05

0.000805664 1.26148e-05
0.000830078 1.26583e-05

0.000830078 1.26968e-05
0.000854492 1.27685e-05

0.000854492 1.27177e-05
0.000878906 1.26547e-05

0.000878906 1.26841e-05
0.00090332 1.26937e-05

0.00090332 1.2667e-05
0.000927734 1.27188e-05

0.000927734 1.26924e-05
0.000952148 1.27573e-05

0.000952148 1.27118e-05
0.000976562 1.27642e-05

0.000976562 1.27311e-05
0.00100098 1.27915e-05

0.00100098 1.27512e-05
0.00102539 1.2809e-05

0.00102539 1.27669e-05
0.0010498 1.28364e-05

0.0010498 1.27721e-05
0.00107422 1.28854e-05

0.00107422 1.28072e-05
0.00109863 1.29549e-05

0.00109863 1.28482e-05
0.00112305 1.30172e-05

0.00112305 1.29106e-05
0.00114746 1.30905e-05

0.00114746 1.2961e-05
0.00117187 1.31599e-05

0.00117188 1.3016e-05
0.00119629 1.32689e-05

0.00119629 1.31851e-05
0.0012207 1.32988e-05

0.0012207 1.30986e-05
0.00124512 1.33503e-05

0.00124512 1.34267e-05
0.00126953 1.34222e-05

0.00126953 1.30395e-05
0.00129395 1.34028e-05

0.00129395 1.3594e-05
0.00131836 1.37862e-05

0.00131836 1.31886e-05
0.00134277 1.3537e-05

0.00134277 1.42523e-05
0.00136719 1.36453e-05

0.0013916 3.60171e-07
0.00136826 2.44141e-05

0.00136719 2.45564e-05
0.0013676 2.44141e-05

0.0013916 5.52164e-06
0.0013935 0

0.00146274 0
0.00146484 6.10408e-06

0.00146484 2.69739e-06
0.00148581 2.44141e-05

0.00148809 2.44141e-05
0.00148926 2.48157e-05

0.00148926 1.56732e-05
0.00151367 1.72251e-05

0.00151367 1.70537e-05
0.00153809 1.58644e-05

0.00151367 2.44194e-05
0.00151393 2.44141e-05

0.0015625 3.17693e-06
0.00154175 2.44141e-05

0.00153809 2.50405e-05
0.00153992 2.44141e-05

0 0.00312111
0.000390625 0.00311015

0.000390625 0.00311042
0.00078125 0.003077

0.00078125 0.00307767
0.00117187 0.0030199

0.00117188 0.00302093
0.0015625 0.00293538

0.0015625 6.14552e-06
0.00156462 0

0.0016556 0
0.00166016 1.09635e-05

0.00166016 1.06427e-05
0.00167614 2.44141e-05

0.00167509 2.44141e-05
0.00168457 2.75924e-05

0.00168457 1.74554e-05
0.00170898 1.72882e-05

0.00168457 2.44701e-05
0.00170021 2.44141e-05

0.0017334 1.01736e-05
0.00171739 2.44141e-05

0.00170898 2.75861e-05
0.00171825 2.44141e-05

0.0017334 9.02488e-06
0.00173706 0

0.00179943 0
0.00180664 1.5233e-05

0.00180664 1.00876e-05
0.00183105 1.13091e-05

0.00183105 6.88575e-06
0.00185013 0

0.00185702 0
0.00187988 1.67073e-05

0.00187988 7.52242e-06
0.0019043 1.13994e-05

0.0019043 8.62864e-06
0.00192871 1.08801e-05

0.00192871 9.39503e-06
0.00195312 1.19644e-05

0.00195312 9.27526e-06
0.00197754 1.3205e-05

0.00197754 1.37174e-05
0.00200195 1.26132e-05

0.00200195 1.61918e-05
0.00202637 4.8387e-06

0.00202637 5.35009e-06
0.00205078 8.26834e-06

0.00205078 8.59086e-06
0.0020752 1.53153e-05

0.0020752 9.36963e-06
0.00209961 1.18357e-05

0.00209961 1.36596e-05
0.00212402 1.33902e-05

0.00212402 1.30724e-05
0.00214844 7.77916e-06

0.00214844 7.35534e-06
0.00217285 1.32374e-05

0.00217285 1.4151e-05
0.00219727 1.39386e-05

0.00219727 1.3166e-05
0.00222168 7.14508e-06

0.00222168 7.1037e-06
0.00224609 1.36327e-05

0.00224609 1.42776e-05
0.00227051 1.40679e-05

0.00227051 1.40348e-05
0.00229492 6.42146e-06

0.00229492 7.23806e-06
0.00231934 1.19171e-05

0.00231934 1.03361e-05
0.00234375 1.55267e-05

0.00234375 1.55517e-05
0.00236816 1.0471e-05

0.00236816 1.25675e-05
0.00239258 6.56376e-06

0.00239258 6.57313e-06
0.00241699 1.26077e-05

0.00241699 1.04415e-05
0.00244141 1.557e-05

0.00244141 1.55668e-05
0.00246582 1.04194e-05

0.00246582 1.25313e-05
0.00249023 6.65144e-06

0.00249023 6.65689e-06
0.00251465 1.2616e-05

0.00251465 1.04783e-05
0.00253906 1.55162e-05

0.00253906 1.55121e-05
0.00256348 1.04481e-05

0.00256348 1.24985e-05
0.00258789 6.77637e-06

0.00258789 6.7786e-06
0.0026123 1.26258e-05

0.0026123 1.06095e-05
0.00263672 1.53769e-05

0.00263672 1.53271e-05
0.00266113 1.03978e-05

0.00266113 1.181e-05
0.00268555 7.65487e-06

0.00268555 6.83455e-06
0.00270996 1.40382e-05

0.00270996 1.40347e-05
0.00273438 1.42305e-05

0.00273437 1.4011e-05
0.00275879 7.1252e-06

0.00275879 7.9409e-06
0.0027832 1.18336e-05

0.0027832 1.06335e-05
0.00280762 1.50955e-05

0.00280762 1.50853e-05
0.00283203 1.05931e-05

0.00283203 1.17909e-05
0.00285645 7.99652e-06

0.00285645 7.30603e-06
0.00288086 1.38936e-05

0.00288086 1.39687e-05
0.00290527 1.39203e-05

0.00290527 1.30701e-05
0.00292969 8.06464e-06

0.00292969 8.54415e-06
0.0029541 1.30728e-05

0.0029541 1.33488e-05
0.00297852 1.34212e-05

0.00297852 1.16957e-05
0.00300293 1.00169e-05

0.00300293 1.02578e-05
0.00302734 1.43394e-05

0.00302734 1.27601e-05
0.00305176 1.44187e-05

0.00305176 1.31258e-05
0.00307617 1.38709e-05

0.00307617 1.35656e-05
0.00310059 1.47268e-05

0.00310059 1.39524e-05
0.003125 1.48256e-05

0.00175781 0.00287981
0.00157779 0.00292969

0.0015625 0.00293355
0.00157642 0.00292969

0.00175781 0.0028801
0.00195312 0.00281697

0.00234375 0.00265885
0.00217118 0.00273438

0.00195312 0.00281732
0.00214844 0.00274381

0.00214844 0.00274374
0.00216983 0.00273438

0.00292969 0.00230992
0.00288289 0.00234375

0.003125 0.00214781
0.00312431 0.00214844

0.00302734 0.00223339
0.00301162 0.00224609

0.00297852 0.00227105
0.00294775 0.00229492

0.00292969 0.00230959
0.00294888 0.00229492

0.00297852 0.00227066
0.00300919 0.00224609

0.00302734 0.00223278
0.00312406 0.00214844

0.00244141 0.00261068
0.00238799 0.00263672

0.00234375 0.00265764
0.00238666 0.00263672

0.00244141 0.00261051
0.00253906 0.00255949

0.00273438 0.00244597
0.00257698 0.00253906

0.00253906 0.00256013
0.00257531 0.00253906

0.00283203 0.00237978
0.00273943 0.00244141

0.00273438 0.00244432
0.00273895 0.00244141

0.00283203 0.00237972
0.00288213 0.00234375

0.003125 1.43393e-05
0.00314941 1.53301e-05

0.00314941 1.46924e-05
0.00317383 1.56886e-05

0.00317383 1.50926e-05
0.00319824 1.6233e-05

0.00319824 1.5594e-05
0.00322266 1.67391e-05

0.00322266 1.61344e-05
0.00324707 1.72134e-05

0.00324707 1.65974e-05
0.00327148 1.76997e-05

0.00327148 1.71315e-05
0.0032959 1.82835e-05

0.0032959 1.77121e-05
0.00332031 1.88131e-05

0.00332031 1.78136e-05
0.00334473 1.97973e-05

0.00334473 2.01502e-05
0.00336914 2.03424e-05

0.00336914 1.33686e-05
0.0033932 2.44141e-05

0.00339106 2.44141e-05
0.00339355 2.53921e-05

0.00339355 2.7778e-05
0.00341751 4.88281e-05

0.00341734 4.88281e-05
0.00341797 4.9435e-05

0.00341797 4.97687e-05
0.00344152 7.32422e-05

0.00344156 7.32422e-05
0.00344238 7.4097e-05

0.00344238 7.42461e-05
0.00346423 9.76563e-05

0.00346472 9.76563e-05
0.0034668 9.99756e-05

0.0034668 0.000100732
0.00348548 0.00012207

0.00348526 0.00012207
0.00349121 0.000129175

0.00349121 0.000128807
0.00350573 0.000146484

0.00350599 0.000146484
0.00351563 0.000159121

0.00351563 0.000159649
0.00354241 0.000195313

0.00354274 0.000195313
0.00356445 0.000227934

0.00356445 0.000229554
0.00357398 0.000244141

0.00357477 0.000244141
0.00360357 0.000292969

0.00360428 0.000292969
0.00361328 0.000311115

0.00361328 0.000312425
0.0036286 0.000341797

0.0036288 0.000341797
0.0036514 0.000390625

0.00365205 0.000390625
0.00368949 0.000488281

0.00368927 0.000488281
0.00371094 0.000564796

0.00371094 0.000565891
0.00371662 0.000585938

0.00371665 0.000585937
0.00373553 0.000683594

0.00373516 0.000683594
0.00374638 0.00078125

0.00374836 0.00078125
0.00374907 0.000976562

0.00374877 0.000976562
0.00372092 0.00117188

0.00371094 0.0012074
0.00366518 0.00136719

0.00366546 0.00136719
0.00358052 0.0015625

0.00371094 0.00120501
0.00372043 0.00117187

0.00332031 0.00194555
0.00331399 0.00195312

0.00351563 0.00167426
0.00346585 0.00175781

0.00341797 0.00182004
0.00339234 0.00185547

0.00332031 0.00194466
0.00339247 0.00185547

0.00341797 0.00181971
0.0034628 0.00175781

0.00331681 0.00195312
0.00312761 0.00214844

0.00351563 0.00167163
0.0035806 0.0015625

