7.16086e-05 0
7.32422e-05 4.7845e-06

7.32422e-05 5.99744e-07
9.63692e-05 2.44141e-05

9.73072e-05 2.44141e-05
9.76563e-05 2.45339e-05

9.76563e-05 1.4015e-05
0.00012207 1.40942e-05

0.00011615 2.44141e-05
0.00012207 2.44211e-05

0.00012207 1.33565e-05
0.000146484 1.30311e-05

0.000146484 1.35366e-05
0.000170898 1.40911e-05

0.000170898 1.37402e-05
0.000195313 1.34715e-05

0.000195313 1.38147e-05
0.000219727 1.34122e-05

0.000219727 1.33615e-05
0.000244141 1.32553e-05

0.000244141 1.34646e-05
0.000268555 1.36064e-05

0.000268555 1.3504e-05
0.000292969 1.33211e-05

0.000292969 1.36259e-05
0.000317383 1.31766e-05

0.000317383 1.3175e-05
0.000341797 1.29961e-05

0.000341797 1.3252e-05
0.000366211 1.32923e-05

0.000366211 1.31289e-05
0.000390625 1.31003e-05

0.000390625 1.33858e-05
0.000439453 1.28488e-05

0.000439453 1.32533e-05
0.000488281 1.27491e-05

0.000488281 1.31082e-05
0.000537109 1.27681e-05

0.000537109 1.30274e-05
0.000585938 1.27347e-05

0.000585937 1.29801e-05
0.000634766 1.26902e-05

0.000634766 1.28903e-05
0.000683594 1.26686e-05

0.000683594 1.28077e-05
0.000708008 1.27942e-05

0.000708008 1.27336e-05
0.000732422 1.26957e-05

0.000732422 1.27596e-05
0.000756836 1.27895e-05

0.000756836 1.27482e-05
0.00078125 1.27228e-05

0.00078125 1.28231e-05
0.000805664 1.26905e-05

0.000805664 1.27126e-05
0.000830078 1.2574e-05

0.000830078 1.25964e-05
0.000854492 1.27253e-05

0.000854492 1.26997e-05
0.000878906 1.27655e-05

0.000878906 1.27438e-05
0.00090332 1.26692e-05

0.00090332 1.2712e-05
0.000927734 1.26495e-05

0.000927734 1.25821e-05
0.000952148 1.27444e-05

0.000952148 1.27142e-05
0.000976562 1.28724e-05

0.000976562 1.27602e-05
0.00100098 1.27867e-05

0.00100098 1.2757e-05
0.00102539 1.28667e-05

0.00102539 1.27863e-05
0.0010498 1.29141e-05

0.0010498 1.28353e-05
0.00107422 1.29678e-05

0.00107422 1.28766e-05
0.00109863 1.30105e-05

0.00109863 1.29021e-05
0.00112305 1.30903e-05

0.00112305 1.29642e-05
0.00114746 1.31902e-05

0.00114746 1.30623e-05
0.00117187 1.3253e-05

0.00117188 1.31324e-05
0.00119629 1.3296e-05

0.00119629 1.31967e-05
0.0012207 1.33547e-05

0.0012207 1.33408e-05
0.00124512 1.33166e-05

0.00124512 1.3245e-05
0.00126953 1.32712e-05

0.00126953 1.31678e-05
0.00129395 1.35276e-05

0.00129395 1.33372e-05
0.00131836 1.37045e-05

0.00131836 1.36997e-05
0.00134277 1.35375e-05

0.00134277 1.37e-05
0.00136719 1.31017e-05

0.0013916 1.24848e-06
0.00136792 2.44141e-05

0.0013916 6.75267e-06
0.00139396 0

0.00146289 0
0.00146484 5.72883e-06

0.00146484 3.17834e-06
0.00148564 2.44141e-05

0.00148652 2.44141e-05
0.00148926 2.53438e-05

0.00148926 1.58153e-05
0.00151367 1.67238e-05

0.00151367 1.6583e-05
0.00153809 1.57764e-05

0.00151367 2.44311e-05
0.00151492 2.44141e-05

0.0015625 3.52615e-06
0.00154177 2.44141e-05

0.00153809 2.53765e-05
0.00154096 2.44141e-05

0 0.0031223
0.000390625 0.00311125

0.000390625 0.00311152
0.00078125 0.00307783

0.00078125 0.00307844
0.00117187 0.00302034

0.00117188 0.00302146
0.0015625 0.00293548

0.0015625 6.05983e-06
0.00156458 0

0.00165561 0
0.00166016 1.09404e-05

0.00166016 1.06395e-05
0.00167614 2.44141e-05

0.00167505 2.44141e-05
0.00168457 2.76064e-05

0.00168457 1.74563e-05
0.00170898 1.72789e-05

0.00168457 2.44735e-05
0.0016998 2.44141e-05

0.0017334 1.01696e-05
0.00171738 2.44141e-05

0.00170898 2.75701e-05
0.00171821 2.44141e-05

0.0017334 9.04989e-06
0.00173707 0

0.00179948 0
0.00180664 1.51724e-05

0.00180664 1.00491e-05
0.00183105 1.1377e-05

0.00183105 6.87755e-06
0.00185024 0

0.00185697 0
0.00187988 1.67252e-05

0.00187988 7.57516e-06
0.0019043 1.13976e-05

0.0019043 8.65079e-06
0.00192871 1.08649e-05

0.00192871 9.40536e-06
0.00195312 1.19669e-05

0.00195312 9.2776e-06
0.00197754 1.32018e-05

0.00197754 1.37177e-05
0.00200195 1.26196e-05

0.00200195 1.61567e-05
0.00202637 4.88039e-06

0.00202637 5.35173e-06
0.00205078 8.34431e-06

0.00205078 8.76442e-06
0.0020752 1.52319e-05

0.0020752 9.29565e-06
0.00209961 1.17018e-05

0.00209961 1.35116e-05
0.00212402 1.35414e-05

0.00212402 1.32201e-05
0.00214844 7.81657e-06

0.00214844 7.36714e-06
0.00217285 1.30777e-05

0.00217285 1.39953e-05
0.00219727 1.40568e-05

0.00219727 1.32587e-05
0.00222168 7.26769e-06

0.00222168 7.18486e-06
0.00224609 1.3521e-05

0.00224609 1.4252e-05
0.00227051 1.40839e-05

0.00227051 1.40471e-05
0.00229492 6.43428e-06

0.00229492 7.24071e-06
0.00231934 1.19026e-05

0.00231934 1.03337e-05
0.00234375 1.55348e-05

0.00234375 1.55553e-05
0.00236816 1.04694e-05

0.00236816 1.25652e-05
0.00239258 6.56426e-06

0.00239258 6.57557e-06
0.00241699 1.26102e-05

0.00241699 1.04436e-05
0.00244141 1.55666e-05

0.00244141 1.55619e-05
0.00246582 1.04221e-05

0.00246582 1.25272e-05
0.00249023 6.6642e-06

0.00249023 6.66919e-06
0.00251465 1.26183e-05

0.00251465 1.04864e-05
0.00253906 1.55084e-05

0.00253906 1.55007e-05
0.00256348 1.04536e-05

0.00256348 1.24839e-05
0.00258789 6.81288e-06

0.00258789 6.81269e-06
0.0026123 1.26378e-05

0.0026123 1.063e-05
0.00263672 1.53627e-05

0.00263672 1.53102e-05
0.00266113 1.04188e-05

0.00266113 1.18287e-05
0.00268555 7.68817e-06

0.00268555 6.87292e-06
0.00270996 1.40142e-05

0.00270996 1.40222e-05
0.00273438 1.42248e-05

0.00273437 1.40063e-05
0.00275879 7.15344e-06

0.00275879 7.96493e-06
0.0027832 1.18277e-05

0.0027832 1.06246e-05
0.00280762 1.50952e-05

0.00280762 1.50932e-05
0.00283203 1.06166e-05

0.00283203 1.18404e-05
0.00285645 7.95472e-06

0.00285645 7.25737e-06
0.00288086 1.38674e-05

0.00288086 1.398e-05
0.00290527 1.39338e-05

0.00290527 1.30733e-05
0.00292969 7.98969e-06

0.00292969 8.46818e-06
0.0029541 1.30881e-05

0.0029541 1.33885e-05
0.00297852 1.34131e-05

0.00297852 1.15762e-05
0.00300293 1.00125e-05

0.00300293 1.02746e-05
0.00302734 1.45039e-05

0.00302734 1.2895e-05
0.00305176 1.43769e-05

0.00305176 1.31693e-05
0.00307617 1.3759e-05

0.00307617 1.34794e-05
0.00310059 1.46723e-05

0.00310059 1.385e-05
0.003125 1.49022e-05

0.00175781 0.00287941
0.0015771 0.00292969

0.0015625 0.0029332
0.00157512 0.00292969

0.00175781 0.00287984
0.00195312 0.00281674

0.00234375 0.00265857
0.00217064 0.00273438

0.00195312 0.00281709
0.00214844 0.00274358

0.00214844 0.00274348
0.00216924 0.00273438

0.00292969 0.0023094
0.00288219 0.00234375

0.003125 0.0021473
0.00312375 0.00214844

0.00302734 0.00223289
0.00301099 0.00224609

0.00297852 0.00227052
0.00294708 0.00229492

0.00292969 0.00230908
0.00294818 0.00229492

0.00297852 0.00227004
0.00300845 0.00224609

0.00302734 0.00223223
0.00312348 0.00214844

0.00244141 0.00261038
0.00238742 0.00263672

0.00234375 0.00265733
0.002386 0.00263672

0.00244141 0.0026102
0.00253906 0.00255914

0.00273438 0.00244553
0.00257635 0.00253906

0.00253906 0.00255972
0.0025746 0.00253906

0.00283203 0.00237929
0.00273876 0.00244141

0.00273438 0.00244384
0.00273819 0.00244141

0.00283203 0.00237918
0.0028814 0.00234375

0.003125 1.43096e-05
0.00314941 1.55009e-05

0.00314941 1.47829e-05
0.00317383 1.59059e-05

0.00317383 1.53491e-05
0.00319824 1.63454e-05

0.00319824 1.57581e-05
0.00322266 1.66512e-05

0.00322266 1.60884e-05
0.00324707 1.71887e-05

0.00324707 1.67841e-05
0.00327148 1.76288e-05

0.00327148 1.67551e-05
0.0032959 1.81017e-05

0.0032959 1.78673e-05
0.00332031 1.91403e-05

0.00332031 1.82111e-05
0.00334473 1.9188e-05

0.00334473 1.93851e-05
0.00336914 1.95764e-05

0.00336914 1.29309e-05
0.00339276 2.44141e-05

0.00339075 2.44141e-05
0.00339355 2.55351e-05

0.00339355 2.75637e-05
0.00341777 4.88281e-05

0.00341755 4.88281e-05
0.00341797 4.92348e-05

0.00341797 4.95961e-05
0.00344158 7.32422e-05

0.00344166 7.32422e-05
0.00344238 7.39971e-05

0.00344238 7.41734e-05
0.0034642 9.76563e-05

0.00346469 9.76563e-05
0.0034668 0.000100021

0.0034668 0.000100801
0.00348534 0.00012207

0.00348514 0.00012207
0.00349121 0.000129349

0.00349121 0.000128996
0.00350554 0.000146484

0.0035058 0.000146484
0.00351563 0.000159386

0.00351563 0.000159885
0.0035422 0.000195313

0.00354253 0.000195313
0.00356445 0.000228263

0.00356445 0.000229933
0.00357372 0.000244141

0.00357455 0.000244141
0.00360335 0.000292969

0.00360407 0.000292969
0.00361328 0.000311535

0.00361328 0.000312845
0.00362839 0.000341797

0.0036286 0.000341797
0.00365121 0.000390625

0.00365187 0.000390625
0.00368932 0.000488281

0.0036891 0.000488281
0.00371094 0.000565361

0.00371094 0.000566534
0.00371643 0.000585938

0.00371649 0.000585937
0.00373536 0.000683594

0.00373499 0.000683594
0.0037462 0.00078125

0.00374818 0.00078125
0.00374883 0.000976562

0.00374853 0.000976562
0.00372062 0.00117188

0.00371094 0.00120633
0.00366482 0.00136719

0.0036651 0.00136719
0.00358008 0.0015625

0.00371094 0.00120369
0.00372006 0.00117187

0.00332031 0.00194512
0.00331364 0.00195312

0.00351563 0.0016735
0.00346537 0.00175781

0.00341797 0.00181932
0.00339179 0.00185547

0.00332031 0.00194402
0.00339192 0.00185547

0.00341797 0.001819
0.00346229 0.00175781

0.00331637 0.00195312
0.00312716 0.00214844

0.00351563 0.00167076
0.00358012 0.0015625

