7.13797e-05 0
7.32422e-05 5.41863e-06

7.32422e-05 6.28163e-07
9.64251e-05 2.44141e-05

9.69575e-05 2.44141e-05
9.76563e-05 2.4653e-05

9.76563e-05 1.39032e-05
0.00012207 1.42099e-05

0.000119001 2.44141e-05
0.00012207 2.44283e-05

0.00012207 1.35312e-05
0.000146484 1.31698e-05

0.000146484 1.37395e-05
0.000170898 1.38359e-05

0.000170898 1.35061e-05
0.000195313 1.3338e-05

0.000195313 1.35818e-05
0.000219727 1.37444e-05

0.000219727 1.36517e-05
0.000244141 1.34335e-05

0.000244141 1.37449e-05
0.000268555 1.32579e-05

0.000268555 1.32387e-05
0.000292969 1.3132e-05

0.000292969 1.3391e-05
0.000317383 1.34566e-05

0.000317383 1.33267e-05
0.000341797 1.31394e-05

0.000341797 1.33638e-05
0.000366211 1.32118e-05

0.000366211 1.31479e-05
0.000390625 1.30986e-05

0.000390625 1.33953e-05
0.000439453 1.28232e-05

0.000439453 1.32462e-05
0.000488281 1.27554e-05

0.000488281 1.31083e-05
0.000537109 1.27614e-05

0.000537109 1.30247e-05
0.000585938 1.27317e-05

0.000585937 1.29869e-05
0.000634766 1.26767e-05

0.000634766 1.28368e-05
0.000683594 1.27023e-05

0.000683594 1.28492e-05
0.000708008 1.28363e-05

0.000708008 1.28255e-05
0.000732422 1.26285e-05

0.000732422 1.26735e-05
0.000756836 1.27376e-05

0.000756836 1.27444e-05
0.00078125 1.27987e-05

0.00078125 1.28219e-05
0.000805664 1.26648e-05

0.000805664 1.27372e-05
0.000830078 1.25875e-05

0.000830078 1.25842e-05
0.000854492 1.26952e-05

0.000854492 1.26993e-05
0.000878906 1.27791e-05

0.000878906 1.27385e-05
0.00090332 1.26517e-05

0.00090332 1.26988e-05
0.000927734 1.26591e-05

0.000927734 1.25804e-05
0.000952148 1.27549e-05

0.000952148 1.27323e-05
0.000976562 1.28676e-05

0.000976562 1.27269e-05
0.00100098 1.2797e-05

0.00100098 1.28139e-05
0.00102539 1.28839e-05

0.00102539 1.27599e-05
0.0010498 1.28619e-05

0.0010498 1.27908e-05
0.00107422 1.30502e-05

0.00107422 1.28989e-05
0.00109863 1.30886e-05

0.00109863 1.30799e-05
0.00112305 1.30303e-05

0.00112305 1.28631e-05
0.00114746 1.3054e-05

0.00114746 1.2996e-05
0.00117187 1.33861e-05

0.00117188 1.31086e-05
0.00119629 1.33686e-05

0.00119629 1.34231e-05
0.0012207 1.33356e-05

0.0012207 1.31495e-05
0.00124512 1.32007e-05

0.00124512 1.33402e-05
0.00126953 1.34926e-05

0.00126953 1.31976e-05
0.00129395 1.33744e-05

0.00129395 1.37202e-05
0.00131836 1.33711e-05

0.00131836 1.25293e-05
0.00134277 1.35335e-05

0.00134277 1.41586e-05
0.00136719 1.44105e-05

0.0013916 5.55555e-07
0.00136869 2.44141e-05

0.0013916 3.97043e-06
0.00139295 0

0.00146315 0
0.00146484 4.99406e-06

0.00146484 3.33079e-06
0.00148566 2.44141e-05

0.00148562 2.44141e-05
0.00148926 2.5637e-05

0.00148926 1.55388e-05
0.00151367 1.64093e-05

0.00151367 1.63157e-05
0.00153809 1.60993e-05

0.00151367 2.44362e-05
0.00152384 2.44141e-05

0.0015625 3.78715e-06
0.00154198 2.44141e-05

0.00153809 2.5835e-05
0.00154235 2.44141e-05

0 0.00312242
0.000390625 0.00311136

0.000390625 0.00311163
0.00078125 0.0030779

0.00078125 0.00307849
0.00117187 0.00302036

0.00117188 0.0030215
0.0015625 0.00293548

0.0015625 5.83514e-06
0.00156448 0

0.0016556 0
0.00166016 1.0967e-05

0.00166016 1.05767e-05
0.00167618 2.44141e-05

0.00167514 2.44141e-05
0.00168457 2.75821e-05

0.00168457 1.74741e-05
0.00170898 1.73323e-05

0.00168457 2.44673e-05
0.00170281 2.44141e-05

0.0017334 1.01339e-05
0.00171739 2.44141e-05

0.00170898 2.7613e-05
0.00171831 2.44141e-05

0.0017334 8.99766e-06
0.00173705 0

0.00179948 0
0.00180664 1.51779e-05

0.00180664 1.00418e-05
0.00183105 1.13717e-05

0.00183105 6.87204e-06
0.00185028 0

0.00185697 0
0.00187988 1.6726e-05

0.00187988 7.58505e-06
0.0019043 1.13992e-05

0.0019043 8.65155e-06
0.00192871 1.08603e-05

0.00192871 9.40648e-06
0.00195312 1.19719e-05

0.00195312 9.28101e-06
0.00197754 1.31993e-05

0.00197754 1.37168e-05
0.00200195 1.26194e-05

0.00200195 1.61553e-05
0.00202637 4.88383e-06

0.00202637 5.36556e-06
0.00205078 8.33389e-06

0.00205078 8.72941e-06
0.0020752 1.52444e-05

0.0020752 9.32796e-06
0.00209961 1.1728e-05

0.00209961 1.3541e-05
0.00212402 1.34839e-05

0.00212402 1.31065e-05
0.00214844 7.87465e-06

0.00214844 7.43229e-06
0.00217285 1.31916e-05

0.00217285 1.4146e-05
0.00219727 1.39366e-05

0.00219727 1.3258e-05
0.00222168 7.08829e-06

0.00222168 7.01171e-06
0.00224609 1.35458e-05

0.00224609 1.41475e-05
0.00227051 1.42119e-05

0.00227051 1.41251e-05
0.00229492 6.51858e-06

0.00229492 7.31683e-06
0.00231934 1.18218e-05

0.00231934 1.03266e-05
0.00234375 1.55317e-05

0.00234375 1.55499e-05
0.00236816 1.04737e-05

0.00236816 1.25658e-05
0.00239258 6.56707e-06

0.00239258 6.57781e-06
0.00241699 1.26089e-05

0.00241699 1.04442e-05
0.00244141 1.55658e-05

0.00244141 1.55602e-05
0.00246582 1.04227e-05

0.00246582 1.25254e-05
0.00249023 6.66866e-06

0.00249023 6.67484e-06
0.00251465 1.2618e-05

0.00251465 1.04867e-05
0.00253906 1.55049e-05

0.00253906 1.54984e-05
0.00256348 1.04562e-05

0.00256348 1.24883e-05
0.00258789 6.81166e-06

0.00258789 6.80833e-06
0.0026123 1.26359e-05

0.0026123 1.0628e-05
0.00263672 1.53703e-05

0.00263672 1.53185e-05
0.00266113 1.04178e-05

0.00266113 1.18273e-05
0.00268555 7.68199e-06

0.00268555 6.87164e-06
0.00270996 1.40175e-05

0.00270996 1.40204e-05
0.00273438 1.4224e-05

0.00273437 1.4e-05
0.00275879 7.16297e-06

0.00275879 7.9752e-06
0.0027832 1.18325e-05

0.0027832 1.0626e-05
0.00280762 1.50924e-05

0.00280762 1.50882e-05
0.00283203 1.06326e-05

0.00283203 1.19103e-05
0.00285645 7.90851e-06

0.00285645 7.20124e-06
0.00288086 1.3801e-05

0.00288086 1.38579e-05
0.00290527 1.40461e-05

0.00290527 1.31752e-05
0.00292969 8.07903e-06

0.00292969 8.52867e-06
0.0029541 1.29795e-05

0.0029541 1.32901e-05
0.00297852 1.34976e-05

0.00297852 1.18254e-05
0.00300293 9.95727e-06

0.00300293 1.0217e-05
0.00302734 1.41546e-05

0.00302734 1.26041e-05
0.00305176 1.44232e-05

0.00305176 1.30379e-05
0.00307617 1.3952e-05

0.00307617 1.35396e-05
0.00310059 1.48533e-05

0.00310059 1.39918e-05
0.003125 1.50211e-05

0.00175781 0.00287938
0.00157707 0.00292969

0.0015625 0.00293318
0.00157503 0.00292969

0.00175781 0.00287981
0.00195312 0.0028167

0.00234375 0.00265852
0.00217052 0.00273438

0.00195312 0.00281705
0.00214844 0.00274353

0.00214844 0.00274343
0.00216912 0.00273438

0.00292969 0.00230937
0.00288215 0.00234375

0.003125 0.00214726
0.0031237 0.00214844

0.00302734 0.00223288
0.00301098 0.00224609

0.00297852 0.00227049
0.00294705 0.00229492

0.00292969 0.00230905
0.00294814 0.00229492

0.00297852 0.00227001
0.00300841 0.00224609

0.00302734 0.00223221
0.00312347 0.00214844

0.00244141 0.00261033
0.00238732 0.00263672

0.00234375 0.00265727
0.00238588 0.00263672

0.00244141 0.00261014
0.00253906 0.00255909

0.00273438 0.00244548
0.00257627 0.00253906

0.00253906 0.00255967
0.00257452 0.00253906

0.00283203 0.00237925
0.0027387 0.00244141

0.00273438 0.00244379
0.00273812 0.00244141

0.00283203 0.00237915
0.00288135 0.00234375

0.003125 1.44684e-05
0.00314941 1.5561e-05

0.00314941 1.49484e-05
0.00317383 1.58526e-05

0.00317383 1.53854e-05
0.00319824 1.61647e-05

0.00319824 1.56548e-05
0.00322266 1.64874e-05

0.00322266 1.5927e-05
0.00324707 1.70878e-05

0.00324707 1.66113e-05
0.00327148 1.76294e-05

0.00327148 1.67704e-05
0.0032959 1.81405e-05

0.0032959 1.7609e-05
0.00332031 1.92683e-05

0.00332031 1.85501e-05
0.00334473 1.96794e-05

0.00334473 1.956e-05
0.00336914 1.95759e-05

0.00336914 1.31859e-05
0.00339224 2.44141e-05

0.00339095 2.44141e-05
0.00339355 2.54602e-05

0.00339355 2.77254e-05
0.00341755 4.88281e-05

0.00341714 4.88281e-05
0.00341797 4.9635e-05

0.00341797 4.98663e-05
0.00344124 7.32422e-05

0.00344133 7.32422e-05
0.00344238 7.43434e-05

0.00344238 7.4561e-05
0.00346389 9.76563e-05

0.00346444 9.76563e-05
0.0034668 0.0001003

0.0034668 0.000101061
0.0034852 0.00012207

0.00348499 0.00012207
0.00349121 0.000129497

0.00349121 0.000129135
0.00350548 0.000146484

0.00350574 0.000146484
0.00351563 0.000159426

0.00351563 0.000159917
0.00354225 0.000195313

0.00354258 0.000195313
0.00356445 0.000228135

0.00356445 0.000229814
0.00357381 0.000244141

0.00357464 0.000244141
0.00360347 0.000292969

0.00360419 0.000292969
0.00361328 0.000311291

0.00361328 0.000312616
0.00362851 0.000341797

0.00362871 0.000341797
0.00365131 0.000390625

0.00365197 0.000390625
0.0036894 0.000488281

0.00368917 0.000488281
0.00371094 0.000565234

0.00371094 0.000566351
0.00371648 0.000585938

0.00371652 0.000585937
0.00373536 0.000683594

0.00373499 0.000683594
0.00374618 0.00078125

0.00374815 0.00078125
0.00374879 0.000976562

0.00374849 0.000976562
0.00372058 0.00117188

0.00371094 0.00120622
0.0036648 0.00136719

0.00366508 0.00136719
0.00358006 0.0015625

0.00371094 0.00120354
0.00372001 0.00117187

0.00332031 0.00194514
0.00331366 0.00195312

0.00351563 0.00167349
0.00346536 0.00175781

0.00341797 0.0018193
0.00339178 0.00185547

0.00332031 0.00194401
0.0033919 0.00185547

0.00341797 0.00181898
0.00346228 0.00175781

0.00331637 0.00195312
0.00312715 0.00214844

0.00351563 0.00167072
0.00358009 0.0015625

