7.11635e-05 0
7.32422e-05 6.00545e-06

7.32422e-05 8.54489e-07
9.65125e-05 2.44141e-05

9.69156e-05 2.44141e-05
9.76563e-05 2.4664e-05

9.76563e-05 1.37891e-05
0.00012207 1.41002e-05

0.000118711 2.44141e-05
0.00012207 2.44298e-05

0.00012207 1.35508e-05
0.000146484 1.32869e-05

0.000146484 1.37236e-05
0.000170898 1.37735e-05

0.000170898 1.35215e-05
0.000195313 1.33902e-05

0.000195313 1.3601e-05
0.000219727 1.37013e-05

0.000219727 1.36246e-05
0.000244141 1.34359e-05

0.000244141 1.37451e-05
0.000268555 1.32778e-05

0.000268555 1.32054e-05
0.000292969 1.31694e-05

0.000292969 1.34216e-05
0.000317383 1.35489e-05

0.000317383 1.3458e-05
0.000341797 1.31024e-05

0.000341797 1.33846e-05
0.000366211 1.30686e-05

0.000366211 1.30548e-05
0.000390625 1.30501e-05

0.000390625 1.33196e-05
0.000439453 1.29342e-05

0.000439453 1.32734e-05
0.000488281 1.27299e-05

0.000488281 1.31102e-05
0.000537109 1.27572e-05

0.000537109 1.30241e-05
0.000585938 1.27298e-05

0.000585937 1.29902e-05
0.000634766 1.26702e-05

0.000634766 1.28196e-05
0.000683594 1.27102e-05

0.000683594 1.28548e-05
0.000708008 1.28478e-05

0.000708008 1.28385e-05
0.000732422 1.26267e-05

0.000732422 1.26781e-05
0.000756836 1.27294e-05

0.000756836 1.27392e-05
0.00078125 1.27974e-05

0.00078125 1.28277e-05
0.000805664 1.26609e-05

0.000805664 1.27372e-05
0.000830078 1.25675e-05

0.000830078 1.25662e-05
0.000854492 1.26874e-05

0.000854492 1.26737e-05
0.000878906 1.27986e-05

0.000878906 1.27304e-05
0.00090332 1.26966e-05

0.00090332 1.27572e-05
0.000927734 1.2668e-05

0.000927734 1.259e-05
0.000976562 1.28367e-05

0.000976562 1.27263e-05
0.00100098 1.28068e-05

0.00100098 1.27688e-05
0.00102539 1.28935e-05

0.00102539 1.27943e-05
0.0010498 1.29133e-05

0.0010498 1.28246e-05
0.00107422 1.3005e-05

0.00107422 1.28761e-05
0.00109863 1.30861e-05

0.00109863 1.30553e-05
0.00112305 1.30722e-05

0.00112305 1.2917e-05
0.00114746 1.30693e-05

0.00114746 1.30123e-05
0.00117187 1.33325e-05

0.00117188 1.31448e-05
0.00119629 1.33009e-05

0.00119629 1.33324e-05
0.0012207 1.32378e-05

0.0012207 1.30757e-05
0.00124512 1.32332e-05

0.00124512 1.31821e-05
0.00126953 1.3616e-05

0.00126953 1.33056e-05
0.00129395 1.36364e-05

0.00129395 1.36998e-05
0.00131836 1.3586e-05

0.00131836 1.33267e-05
0.00134277 1.34469e-05

0.00134277 1.3878e-05
0.00136719 1.35846e-05

0.00134277 2.44311e-05
0.00134665 2.44141e-05

0.0013916 9.04867e-07
0.00136825 2.44141e-05

0.00136719 2.46164e-05
0.00136779 2.44141e-05

0.0013916 5.53675e-06
0.00139351 0

0.00146278 0
0.00146484 6.00923e-06

0.00146484 2.73171e-06
0.00148574 2.44141e-05

0.00148722 2.44141e-05
0.00148926 2.51195e-05

0.00148926 1.57539e-05
0.00151367 1.72282e-05

0.00151367 1.71094e-05
0.00153809 1.57747e-05

0.0015625 3.07817e-06
0.00154165 2.44141e-05

0.00153809 2.51678e-05
0.0015403 2.44141e-05

0 0.00312246
0.000390625 0.0031114

0.000390625 0.00311167
0.00078125 0.00307793

0.00078125 0.00307852
0.00117187 0.00302036

0.00117188 0.00302151
0.0015625 0.00293548

0.0015625 6.65742e-06
0.0015648 0

0.00165561 0
0.00166016 1.09427e-05

0.00166016 1.05796e-05
0.00167617 2.44141e-05

0.0016752 2.44141e-05
0.00168457 2.75654e-05

0.00168457 1.74864e-05
0.00170898 1.73404e-05

0.00168457 2.447e-05
0.00170299 2.44141e-05

0.0017334 1.01374e-05
0.00171739 2.44141e-05

0.00170898 2.75866e-05
0.00171823 2.44141e-05

0.0017334 9.0166e-06
0.00173706 0

0.00179949 0
0.00180664 1.51602e-05

0.00180664 1.00263e-05
0.00183105 1.13917e-05

0.00183105 6.88202e-06
0.00185029 0

0.00185696 0
0.00187988 1.67207e-05

0.00187988 7.58633e-06
0.0019043 1.14057e-05

0.0019043 8.65605e-06
0.00192871 1.08582e-05

0.00192871 9.40738e-06
0.00195312 1.1972e-05

0.00195312 9.28144e-06
0.00197754 1.32006e-05

0.00197754 1.3718e-05
0.00200195 1.26208e-05

0.00200195 1.6156e-05
0.00202637 4.88479e-06

0.00202637 5.37385e-06
0.00205078 8.32724e-06

0.00205078 8.70565e-06
0.0020752 1.52547e-05

0.0020752 9.337e-06
0.00209961 1.17606e-05

0.00209961 1.35695e-05
0.00212402 1.34749e-05

0.00212402 1.31833e-05
0.00214844 7.79005e-06

0.00214844 7.35047e-06
0.00217285 1.31072e-05

0.00217285 1.40003e-05
0.00219727 1.40415e-05

0.00219727 1.32348e-05
0.00222168 7.27751e-06

0.00222168 7.19858e-06
0.00224609 1.35389e-05

0.00224609 1.42672e-05
0.00227051 1.40637e-05

0.00227051 1.4034e-05
0.00229492 6.43159e-06

0.00229492 7.23889e-06
0.00231934 1.19146e-05

0.00231934 1.03379e-05
0.00234375 1.55312e-05

0.00234375 1.55526e-05
0.00236816 1.04729e-05

0.00236816 1.25676e-05
0.00239258 6.57007e-06

0.00239258 6.58162e-06
0.00241699 1.26072e-05

0.00241699 1.04447e-05
0.00244141 1.55645e-05

0.00244141 1.55595e-05
0.00246582 1.04233e-05

0.00246582 1.25262e-05
0.00249023 6.66888e-06

0.00249023 6.67451e-06
0.00251465 1.26175e-05

0.00251465 1.04862e-05
0.00253906 1.55062e-05

0.00253906 1.54998e-05
0.00256348 1.04565e-05

0.00256348 1.24885e-05
0.00258789 6.81061e-06

0.00258789 6.80725e-06
0.0026123 1.26373e-05

0.0026123 1.06307e-05
0.00263672 1.53697e-05

0.00263672 1.53151e-05
0.00266113 1.04171e-05

0.00266113 1.18286e-05
0.00268555 7.68641e-06

0.00268555 6.87381e-06
0.00270996 1.40144e-05

0.00270996 1.40195e-05
0.00273438 1.42246e-05

0.00273437 1.40014e-05
0.00275879 7.16269e-06

0.00275879 7.97608e-06
0.0027832 1.18293e-05

0.0027832 1.06275e-05
0.00280762 1.50868e-05

0.00280762 1.50856e-05
0.00283203 1.06219e-05

0.00283203 1.18171e-05
0.00285645 7.98957e-06

0.00285645 7.30151e-06
0.00288086 1.38852e-05

0.00288086 1.3997e-05
0.00290527 1.39074e-05

0.00290527 1.30648e-05
0.00292969 8.002e-06

0.00292969 8.46486e-06
0.0029541 1.3107e-05

0.0029541 1.34127e-05
0.00297852 1.34249e-05

0.00297852 1.17697e-05
0.00300293 9.81829e-06

0.00300293 1.00679e-05
0.00302734 1.42562e-05

0.00302734 1.26365e-05
0.00305176 1.45208e-05

0.00305176 1.30637e-05
0.00307617 1.39791e-05

0.00307617 1.36103e-05
0.00310059 1.4919e-05

0.00310059 1.4099e-05
0.003125 1.4966e-05

0.00175781 0.00287936
0.00157704 0.00292969

0.0015625 0.00293316
0.00157498 0.00292969

0.00175781 0.0028798
0.00195312 0.00281667

0.00234375 0.00265849
0.00217046 0.00273438

0.00195312 0.00281703
0.00214844 0.0027435

0.00214844 0.00274341
0.00216906 0.00273438

0.00292969 0.00230936
0.00288213 0.00234375

0.003125 0.00214723
0.00312367 0.00214844

0.00302734 0.00223287
0.00301096 0.00224609

0.00297852 0.00227048
0.00294703 0.00229492

0.00292969 0.00230904
0.00294812 0.00229492

0.00297852 0.00226999
0.00300839 0.00224609

0.00302734 0.0022322
0.00312345 0.00214844

0.00244141 0.00261031
0.00238727 0.00263672

0.00234375 0.00265725
0.00238583 0.00263672

0.00244141 0.00261012
0.00253906 0.00255906

0.00273438 0.00244546
0.00257623 0.00253906

0.00253906 0.00255964
0.00257448 0.00253906

0.00283203 0.00237923
0.00273867 0.00244141

0.00273438 0.00244377
0.00273808 0.00244141

0.00283203 0.00237913
0.00288132 0.00234375

0.003125 1.44952e-05
0.00314941 1.54138e-05

0.00314941 1.48234e-05
0.00317383 1.57397e-05

0.00317383 1.52356e-05
0.00319824 1.62055e-05

0.00319824 1.56239e-05
0.00322266 1.66035e-05

0.00322266 1.59856e-05
0.00324707 1.71817e-05

0.00324707 1.65801e-05
0.00327148 1.78187e-05

0.00327148 1.71365e-05
0.0032959 1.83552e-05

0.0032959 1.78863e-05
0.00332031 1.88778e-05

0.00332031 1.81072e-05
0.00334473 1.93674e-05

0.00334473 1.96369e-05
0.00336914 1.96478e-05

0.00336914 1.29638e-05
0.00339337 2.44141e-05

0.00339161 2.44141e-05
0.00339355 2.5172e-05

0.00339355 2.72096e-05
0.00341797 4.86896e-05

0.00341775 4.88281e-05
0.00341797 4.90379e-05

0.00341797 4.86013e-05
0.0034182 4.88281e-05

0.00341797 4.94132e-05
0.00344157 7.32422e-05

0.00344164 7.32422e-05
0.00344238 7.40163e-05

0.00344238 7.42139e-05
0.0034641 9.76563e-05

0.0034646 9.76563e-05
0.0034668 0.000100135

0.0034668 0.000100866
0.00348528 0.00012207

0.00348508 0.00012207
0.00349121 0.000129424

0.00349121 0.000129073
0.00350549 0.000146484

0.00350575 0.000146484
0.00351563 0.000159442

0.00351563 0.000159926
0.00354218 0.000195313

0.00354252 0.000195313
0.00356445 0.000228262

0.00356445 0.000229943
0.00357371 0.000244141

0.00357455 0.000244141
0.00360336 0.000292969

0.00360408 0.000292969
0.00361328 0.000311515

0.00361328 0.000312828
0.0036284 0.000341797

0.00362861 0.000341797
0.00365122 0.000390625

0.00365188 0.000390625
0.00368933 0.000488281

0.0036891 0.000488281
0.00371094 0.000565398

0.00371094 0.00056656
0.00371642 0.000585938

0.00371648 0.000585937
0.00373533 0.000683594

0.00373497 0.000683594
0.00374617 0.00078125

0.00374814 0.00078125
0.00374879 0.000976562

0.00374848 0.000976562
0.00372058 0.00117188

0.00371094 0.00120621
0.0036648 0.00136719

0.00366507 0.00136719
0.00358006 0.0015625

0.00371094 0.00120351
0.00372001 0.00117187

0.00332031 0.00194515
0.00331367 0.00195312

0.00351563 0.00167348
0.00346536 0.00175781

0.00341797 0.0018193
0.00339178 0.00185547

0.00332031 0.001944
0.0033919 0.00185547

0.00341797 0.00181897
0.00346228 0.00175781

0.00331636 0.00195312
0.00312714 0.00214844

0.00351563 0.00167071
0.00358009 0.0015625

