7.1253e-05 0
7.32422e-05 5.76073e-06

7.32422e-05 4.9361e-07
9.64617e-05 2.44141e-05

9.72672e-05 2.44141e-05
9.76563e-05 2.45477e-05

9.76563e-05 1.37833e-05
0.00012207 1.44518e-05

0.00012207 1.38135e-05
0.000146484 1.32658e-05

0.000146484 1.36539e-05
0.000170898 1.37602e-05

0.000170898 1.36538e-05
0.000195313 1.3584e-05

0.000195313 1.38224e-05
0.000219727 1.34875e-05

0.000219727 1.34776e-05
0.000244141 1.32635e-05

0.000244141 1.34323e-05
0.000268555 1.35625e-05

0.000268555 1.35565e-05
0.000292969 1.3376e-05

0.000292969 1.35631e-05
0.000317383 1.31665e-05

0.000317383 1.32005e-05
0.000341797 1.31541e-05

0.000341797 1.33758e-05
0.000366211 1.32868e-05

0.000366211 1.31428e-05
0.000390625 1.3083e-05

0.000390625 1.34401e-05
0.000439453 1.28323e-05

0.000439453 1.33027e-05
0.000488281 1.27059e-05

0.000488281 1.31273e-05
0.000537109 1.27209e-05

0.000537109 1.30117e-05
0.000585938 1.27099e-05

0.000585938 1.28478e-05
0.000610352 1.28502e-05

0.000610352 1.28085e-05
0.000634766 1.27655e-05

0.000634766 1.27976e-05
0.00065918 1.28404e-05

0.00065918 1.28462e-05
0.000683594 1.27876e-05

0.000683594 1.28812e-05
0.000708008 1.26747e-05

0.000708008 1.26917e-05
0.000732422 1.26543e-05

0.000732422 1.27323e-05
0.000756836 1.27719e-05

0.000756836 1.27244e-05
0.00078125 1.26766e-05

0.00078125 1.27573e-05
0.000805664 1.26804e-05

0.000805664 1.26603e-05
0.000830078 1.2634e-05

0.000830078 1.26373e-05
0.000854492 1.2764e-05

0.000854492 1.27495e-05
0.000878906 1.27206e-05

0.000878906 1.26637e-05
0.00090332 1.26975e-05

0.00090332 1.27745e-05
0.000927734 1.27424e-05

0.000927734 1.25883e-05
0.000976562 1.28684e-05

0.000976562 1.27377e-05
0.00100098 1.28195e-05

0.00100098 1.27732e-05
0.00102539 1.29378e-05

0.00102539 1.28329e-05
0.0010498 1.29551e-05

0.0010498 1.28676e-05
0.00107422 1.30155e-05

0.00107422 1.29118e-05
0.00109863 1.30853e-05

0.00109863 1.30237e-05
0.00112305 1.31059e-05

0.00112305 1.29562e-05
0.00114746 1.3158e-05

0.00114746 1.31834e-05
0.00117187 1.32349e-05

0.00117188 1.30568e-05
0.00119629 1.31314e-05

0.00119629 1.30664e-05
0.0012207 1.34591e-05

0.0012207 1.32403e-05
0.00124512 1.35163e-05

0.00124512 1.35311e-05
0.00126953 1.33974e-05

0.00126953 1.3206e-05
0.00129395 1.33551e-05

0.00129395 1.34901e-05
0.00131836 1.36565e-05

0.00131836 1.31985e-05
0.00134277 1.36072e-05

0.00134277 1.41615e-05
0.00136719 1.35906e-05

0.0013916 5.11897e-07
0.00136825 2.44141e-05

0.00136719 2.44886e-05
0.00136741 2.44141e-05

0.0013916 5.50761e-06
0.0013935 0

0.00146283 0
0.00146484 5.88482e-06

0.00146484 3.18094e-06
0.00148567 2.44141e-05

0.00148648 2.44141e-05
0.00148926 2.53568e-05

0.00148926 1.56379e-05
0.00151367 1.68448e-05

0.001512 2.44141e-05
0.00151367 2.44491e-05

0.00151367 1.69025e-05
0.00153809 1.59604e-05

0.00151367 2.44426e-05
0.00151543 2.44141e-05

0.0015625 3.21071e-06
0.00154173 2.44141e-05

0.00153809 2.53642e-05
0.00154088 2.44141e-05

0 0.0031226
0.000390625 0.00311152

0.000390625 0.0031118
0.00078125 0.00307803

0.00078125 0.00307862
0.00117187 0.00302041

0.00117188 0.00302154
0.0015625 0.00293543

0.0015625 6.50945e-06
0.00156474 0

0.00165559 0
0.00166016 1.09874e-05

0.00166016 1.06413e-05
0.00167617 2.44141e-05

0.00167508 2.44141e-05
0.00168457 2.75873e-05

0.00168457 1.74143e-05
0.00170898 1.72685e-05

0.00168457 2.44651e-05
0.00170156 2.44141e-05

0.0017334 1.01895e-05
0.0017174 2.44141e-05

0.00170898 2.76166e-05
0.00171835 2.44141e-05

0.0017334 8.98909e-06
0.00173705 0

0.0017995 0
0.00180664 1.51494e-05

0.00180664 1.00215e-05
0.00183105 1.14035e-05

0.00183105 6.86685e-06
0.00185034 0

0.00185694 0
0.00187988 1.67345e-05

0.00187988 7.61035e-06
0.0019043 1.14005e-05

0.0019043 8.66293e-06
0.00192871 1.08558e-05

0.00192871 9.41439e-06
0.00195312 1.19748e-05

0.00195312 9.28533e-06
0.00197754 1.31971e-05

0.00197754 1.37151e-05
0.00200195 1.26247e-05

0.00200195 1.61472e-05
0.00202637 4.90285e-06

0.00202637 5.37843e-06
0.00205078 8.34712e-06

0.00205078 8.77421e-06
0.0020752 1.5214e-05

0.0020752 9.29364e-06
0.00209961 1.17032e-05

0.00209961 1.35082e-05
0.00212402 1.35405e-05

0.00212402 1.32115e-05
0.00214844 7.82763e-06

0.00214844 7.38028e-06
0.00217285 1.30828e-05

0.00217285 1.40207e-05
0.00219727 1.40267e-05

0.00219727 1.32118e-05
0.00222168 7.25931e-06

0.00222168 7.18853e-06
0.00224609 1.35654e-05

0.00224609 1.42735e-05
0.00227051 1.40607e-05

0.00227051 1.40286e-05
0.00229492 6.44092e-06

0.00229492 7.25275e-06
0.00231934 1.19189e-05

0.00231934 1.0343e-05
0.00234375 1.55211e-05

0.00234375 1.55435e-05
0.00236816 1.04805e-05

0.00236816 1.25695e-05
0.00239258 6.58477e-06

0.00239258 6.59577e-06
0.00241699 1.26028e-05

0.00241699 1.0448e-05
0.00244141 1.55593e-05

0.00244141 1.55546e-05
0.00246582 1.04267e-05

0.00246582 1.25263e-05
0.00249023 6.67754e-06

0.00249023 6.68288e-06
0.00251465 1.26156e-05

0.00251465 1.04892e-05
0.00253906 1.55019e-05

0.00253906 1.54953e-05
0.00256348 1.04579e-05

0.00256348 1.24875e-05
0.00258789 6.81824e-06

0.00258789 6.8158e-06
0.0026123 1.26343e-05

0.0026123 1.06306e-05
0.00263672 1.53641e-05

0.00263672 1.53119e-05
0.00266113 1.04181e-05

0.00266113 1.18258e-05
0.00268555 7.68976e-06

0.00268555 6.87605e-06
0.00270996 1.40169e-05

0.00270996 1.40237e-05
0.00273438 1.42225e-05

0.00273437 1.40099e-05
0.00275879 7.15069e-06

0.00275879 7.96241e-06
0.0027832 1.18222e-05

0.0027832 1.06208e-05
0.00280762 1.50954e-05

0.00280762 1.5092e-05
0.00283203 1.06139e-05

0.00283203 1.18386e-05
0.00285645 7.95194e-06

0.00285645 7.24885e-06
0.00288086 1.38717e-05

0.00288086 1.39598e-05
0.00290527 1.3965e-05

0.00290527 1.31769e-05
0.00292969 7.95064e-06

0.00292969 8.38314e-06
0.0029541 1.30076e-05

0.0029541 1.33216e-05
0.00297852 1.35369e-05

0.00297852 1.18276e-05
0.00300293 9.84758e-06

0.00300293 1.0068e-05
0.00302734 1.42354e-05

0.00302734 1.2617e-05
0.00305176 1.46061e-05

0.00305176 1.31191e-05
0.00307617 1.40611e-05

0.00307617 1.36926e-05
0.00310059 1.49482e-05

0.00310059 1.41262e-05
0.003125 1.50013e-05

0.00175781 0.00287928
0.00157685 0.00292969

0.0015625 0.00293308
0.0015747 0.00292969

0.00175781 0.00287972
0.00195312 0.00281658

0.00234375 0.00265838
0.00217021 0.00273438

0.00195312 0.00281693
0.00214844 0.00274339

0.00214844 0.00274329
0.0021688 0.00273438

0.00292969 0.00230931
0.00288205 0.00234375

0.003125 0.00214714
0.00312358 0.00214844

0.00302734 0.00223288
0.00301097 0.00224609

0.00297852 0.00227044
0.00294698 0.00229492

0.00292969 0.00230899
0.00294807 0.00229492

0.00297852 0.00226993
0.00300833 0.00224609

0.00302734 0.00223218
0.00312346 0.00214844

0.00244141 0.0026102
0.00238705 0.00263672

0.00234375 0.00265712
0.00238558 0.00263672

0.00244141 0.00261001
0.00253906 0.00255896

0.00273438 0.00244538
0.00257605 0.00253906

0.00253906 0.00255953
0.0025743 0.00253906

0.00283203 0.00237916
0.00273853 0.00244141

0.00273438 0.00244367
0.00273793 0.00244141

0.00283203 0.00237905
0.00288124 0.00234375

0.003125 1.45558e-05
0.00314941 1.54822e-05

0.00314941 1.4968e-05
0.00317383 1.56754e-05

0.00317383 1.50259e-05
0.00319824 1.61959e-05

0.00319824 1.59115e-05
0.00322266 1.67405e-05

0.00322266 1.58263e-05
0.00324707 1.6858e-05

0.00324707 1.69648e-05
0.00327148 1.75542e-05

0.00327148 1.67721e-05
0.0032959 1.70026e-05

0.0032959 1.5476e-05
0.00332031 1.94743e-05

0.00332031 2.03651e-05
0.00334473 2.13462e-05

0.00334473 1.96262e-05
0.00336914 1.72863e-05

0.00336914 1.20722e-05
0.00339255 2.44141e-05

0.00339144 2.44141e-05
0.00339355 2.53026e-05

0.00339355 2.74272e-05
0.00341772 4.88281e-05

0.00341741 4.88281e-05
0.00341797 4.93702e-05

0.00341797 4.95689e-05
0.0034416 7.32422e-05

0.00344166 7.32422e-05
0.00344238 7.39922e-05

0.00344238 7.41782e-05
0.00346424 9.76563e-05

0.00346481 9.76563e-05
0.0034668 9.98947e-05

0.0034668 0.000100402
0.00350597 0.000146484

0.00350598 0.000146484
0.00351563 0.000159126

0.00351563 0.000159631
0.00354242 0.000195313

0.00354274 0.000195313
0.00356445 0.000227945

0.00356445 0.000229632
0.00357392 0.000244141

0.00357474 0.000244141
0.00360352 0.000292969

0.00360424 0.000292969
0.00361328 0.000311219

0.00361328 0.000312541
0.00362853 0.000341797

0.00362873 0.000341797
0.00365131 0.000390625

0.00365197 0.000390625
0.00368936 0.000488281

0.00368914 0.000488281
0.00371094 0.000565378

0.00371094 0.000566529
0.00371643 0.000585938

0.00371648 0.000585937
0.00373531 0.000683594

0.00373494 0.000683594
0.00374613 0.00078125

0.0037481 0.00078125
0.00374873 0.000976562

0.00374843 0.000976562
0.00372052 0.00117188

0.00371094 0.00120603
0.00366475 0.00136719

0.00366502 0.00136719
0.00358001 0.0015625

0.00371094 0.00120322
0.00371992 0.00117187

0.00332031 0.00194524
0.00331374 0.00195312

0.00351563 0.00167345
0.00346535 0.00175781

0.00341797 0.00181927
0.00339175 0.00185547

0.00332031 0.00194398
0.00339187 0.00185547

0.00341797 0.00181893
0.00346225 0.00175781

0.00331637 0.00195312
0.00312715 0.00214844

0.00351563 0.00167062
0.00358002 0.0015625

