7.14028e-05 0
7.32422e-05 5.35891e-06

7.32422e-05 1.5289e-06
9.63694e-05 2.44141e-05

9.76563e-05 1.38875e-05
0.00012207 1.36389e-05

0.00012207 1.35073e-05
0.000146484 1.32719e-05

0.000146484 1.33044e-05
0.000170898 1.38741e-05

0.000170898 1.38166e-05
0.000195313 1.38084e-05

0.000195313 1.38163e-05
0.000219727 1.33499e-05

0.000219727 1.34808e-05
0.000244141 1.34508e-05

0.000244141 1.36251e-05
0.000268555 1.34967e-05

0.000268555 1.34672e-05
0.000292969 1.32753e-05

0.000292969 1.348e-05
0.000317383 1.33603e-05

0.000317383 1.33793e-05
0.000341797 1.31884e-05

0.000341797 1.33514e-05
0.000366211 1.32112e-05

0.000366211 1.32521e-05
0.000390625 1.31126e-05

0.000390625 1.32566e-05
0.000415039 1.31048e-05

0.000415039 1.3137e-05
0.000439453 1.30097e-05

0.000439453 1.31481e-05
0.000463867 1.30312e-05

0.000463867 1.30304e-05
0.000488281 1.29495e-05

0.000488281 1.31737e-05
0.000537109 1.26071e-05

0.000537109 1.29404e-05
0.000585938 1.27395e-05

0.000585937 1.29046e-05
0.000634766 1.27352e-05

0.000634766 1.28844e-05
0.000683594 1.2677e-05

0.000683594 1.28061e-05
0.000708008 1.27728e-05

0.000708008 1.27389e-05
0.000732422 1.26725e-05

0.000732422 1.27375e-05
0.000756836 1.2749e-05

0.000756836 1.27102e-05
0.00078125 1.27172e-05

0.00078125 1.28036e-05
0.000805664 1.26926e-05

0.000805664 1.27041e-05
0.000830078 1.25692e-05

0.000830078 1.25787e-05
0.000854492 1.27309e-05

0.000854492 1.27119e-05
0.000878906 1.27721e-05

0.000878906 1.27146e-05
0.00090332 1.26785e-05

0.00090332 1.27327e-05
0.000927734 1.27011e-05

0.000927734 1.25873e-05
0.000976562 1.29366e-05

0.000976562 1.27858e-05
0.00100098 1.28041e-05

0.00100098 1.27863e-05
0.00102539 1.29378e-05

0.00102539 1.28263e-05
0.0010498 1.29763e-05

0.0010498 1.29536e-05
0.00107422 1.29819e-05

0.00107422 1.28585e-05
0.00109863 1.29841e-05

0.00109863 1.29035e-05
0.00112305 1.321e-05

0.00112305 1.3032e-05
0.00114746 1.32472e-05

0.00114746 1.3251e-05
0.00117187 1.31713e-05

0.00117188 1.3005e-05
0.00119629 1.31597e-05

0.00119629 1.30965e-05
0.0012207 1.35483e-05

0.0012207 1.32747e-05
0.00124512 1.35455e-05

0.00124512 1.36448e-05
0.00126953 1.33967e-05

0.00126953 1.3135e-05
0.00129395 1.33217e-05

0.00129395 1.36202e-05
0.00131836 1.36947e-05

0.00131836 1.29083e-05
0.00134277 1.36579e-05

0.00134277 1.46658e-05
0.00136719 1.37633e-05

0.00139133 0
0.00136827 2.44141e-05

0.0013916 5.54171e-06
0.00139351 0

0.00146294 0
0.00146484 5.60438e-06

0.00146484 3.35856e-06
0.00148568 2.44141e-05

0.00148582 2.44141e-05
0.00148926 2.55692e-05

0.00148926 1.56026e-05
0.00151367 1.64584e-05

0.00151367 1.63249e-05
0.00153809 1.60707e-05

0.00151367 2.44355e-05
0.00152094 2.44141e-05

0.0015625 3.82718e-06
0.001542 2.44141e-05

0.00153809 2.57948e-05
0.00154223 2.44141e-05

0 0.0031226
0.000390625 0.00311153

0.000390625 0.00311181
0.00078125 0.00307803

0.00078125 0.00307862
0.00117187 0.00302039

0.00117188 0.00302153
0.0015625 0.0029354

0.0015625 5.70652e-06
0.00156444 0

0.00165561 0
0.00166016 1.09513e-05

0.00166016 1.05961e-05
0.00167617 2.44141e-05

0.00167514 2.44141e-05
0.00168457 2.75803e-05

0.00168457 1.74673e-05
0.00170898 1.73107e-05

0.00168457 2.44686e-05
0.00170115 2.44141e-05

0.0017334 1.01354e-05
0.00171738 2.44141e-05

0.00170898 2.75928e-05
0.00171826 2.44141e-05

0.0017334 8.98367e-06
0.00173704 0

0.00179949 0
0.00180664 1.51588e-05

0.00180664 1.00173e-05
0.00183105 1.13939e-05

0.00183105 6.85387e-06
0.00185039 0

0.00185693 0
0.00187988 1.67436e-05

0.00187988 7.62808e-06
0.0019043 1.14043e-05

0.0019043 8.67075e-06
0.00192871 1.08487e-05

0.00192871 9.41882e-06
0.00195312 1.19767e-05

0.00195312 9.28833e-06
0.00197754 1.31923e-05

0.00197754 1.37104e-05
0.00200195 1.26258e-05

0.00200195 1.61513e-05
0.00202637 4.90464e-06

0.00202637 5.40735e-06
0.00205078 8.31171e-06

0.00205078 8.64623e-06
0.0020752 1.52816e-05

0.0020752 9.39667e-06
0.00209961 1.18231e-05

0.00209961 1.36393e-05
0.00212402 1.33823e-05

0.00212402 1.30597e-05
0.00214844 7.82261e-06

0.00214844 7.40423e-06
0.00217285 1.32239e-05

0.00217285 1.41328e-05
0.00219727 1.39156e-05

0.00219727 1.31593e-05
0.00222168 7.18101e-06

0.00222168 7.12063e-06
0.00224609 1.36246e-05

0.00224609 1.4272e-05
0.00227051 1.40763e-05

0.00227051 1.40384e-05
0.00229492 6.4453e-06

0.00229492 7.26044e-06
0.00231934 1.1914e-05

0.00231934 1.03454e-05
0.00234375 1.55197e-05

0.00234375 1.55422e-05
0.00236816 1.04797e-05

0.00236816 1.25675e-05
0.00239258 6.58835e-06

0.00239258 6.59933e-06
0.00241699 1.26031e-05

0.00241699 1.04492e-05
0.00244141 1.55567e-05

0.00244141 1.55523e-05
0.00246582 1.0428e-05

0.00246582 1.25275e-05
0.00249023 6.67977e-06

0.00249023 6.6852e-06
0.00251465 1.26129e-05

0.00251465 1.04871e-05
0.00253906 1.55017e-05

0.00253906 1.54964e-05
0.00256348 1.04587e-05

0.00256348 1.24964e-05
0.00258789 6.80675e-06

0.00258789 6.80306e-06
0.0026123 1.26274e-05

0.0026123 1.06233e-05
0.00263672 1.53723e-05

0.00263672 1.53205e-05
0.00266113 1.04093e-05

0.00266113 1.18184e-05
0.00268555 7.67628e-06

0.00268555 6.86283e-06
0.00270996 1.40255e-05

0.00270996 1.40257e-05
0.00273438 1.42236e-05

0.00273437 1.4007e-05
0.00275879 7.14758e-06

0.00275879 7.95821e-06
0.0027832 1.18298e-05

0.0027832 1.06225e-05
0.00280762 1.51021e-05

0.00280762 1.51e-05
0.00283203 1.06179e-05

0.00283203 1.18557e-05
0.00285645 7.93595e-06

0.00285645 7.23667e-06
0.00288086 1.38575e-05

0.00288086 1.39697e-05
0.00290527 1.39484e-05

0.00290527 1.3083e-05
0.00292969 7.98271e-06

0.00292969 8.4547e-06
0.0029541 1.30855e-05

0.0029541 1.3423e-05
0.00297852 1.33939e-05

0.00297852 1.15679e-05
0.00300293 9.93398e-06

0.00300293 1.01703e-05
0.00302734 1.45379e-05

0.00302734 1.28145e-05
0.00305176 1.4548e-05

0.00305176 1.322e-05
0.00307617 1.40127e-05

0.00307617 1.36968e-05
0.00310059 1.48603e-05

0.00310059 1.40924e-05
0.003125 1.49414e-05

0.00175781 0.00287924
0.00157673 0.00292969

0.0015625 0.00293304
0.00157452 0.00292969

0.00175781 0.00287968
0.00195312 0.00281653

0.00234375 0.00265833
0.0021701 0.00273438

0.00195312 0.00281688
0.00214844 0.00274334

0.00214844 0.00274325
0.0021687 0.00273438

0.00292969 0.0023093
0.00288203 0.00234375

0.003125 0.0021471
0.00312353 0.00214844

0.00302734 0.00223291
0.003011 0.00224609

0.00297852 0.00227045
0.00294697 0.00229492

0.00292969 0.00230899
0.00294806 0.00229492

0.00297852 0.00226992
0.00300833 0.00224609

0.00302734 0.00223219
0.00312349 0.00214844

0.00244141 0.00261016
0.00238696 0.00263672

0.00234375 0.00265707
0.00238548 0.00263672

0.00244141 0.00260997
0.00253906 0.00255892

0.00273438 0.00244534
0.00257598 0.00253906

0.00253906 0.00255949
0.00257423 0.00253906

0.00283203 0.00237914
0.00273849 0.00244141

0.00273438 0.00244364
0.00273789 0.00244141

0.00283203 0.00237904
0.00288122 0.00234375

0.003125 1.44887e-05
0.00314941 1.54192e-05

0.00314941 1.48597e-05
0.00317383 1.56911e-05

0.00317383 1.52222e-05
0.00319824 1.60742e-05

0.00319824 1.55188e-05
0.00322266 1.64878e-05

0.00322266 1.58357e-05
0.00324707 1.71581e-05

0.00324707 1.7147e-05
0.00327148 1.72501e-05

0.00327148 1.62869e-05
0.0032959 1.68968e-05

0.0032959 1.56945e-05
0.00332031 1.98376e-05

0.00332031 2.00972e-05
0.00334473 2.13266e-05

0.00334473 1.99858e-05
0.00336914 1.80051e-05

0.00336914 1.27112e-05
0.00339287 2.44141e-05

0.00339247 2.44141e-05
0.00339355 2.48408e-05

0.00339355 2.69349e-05
0.00341797 4.83788e-05

0.00341781 4.88281e-05
0.00341797 4.89872e-05

0.00341797 4.82069e-05
0.0034186 4.88281e-05

0.00341797 4.9248e-05
0.0034416 7.32422e-05

0.00344167 7.32422e-05
0.00344238 7.3986e-05

0.00344238 7.41786e-05
0.0034641 9.76563e-05

0.00346469 9.76563e-05
0.0034668 0.000100032

0.0034668 0.000100828
0.00348532 0.00012207

0.0034851 0.00012207
0.00349121 0.000129394

0.00349121 0.000129057
0.00350551 0.000146484

0.00350581 0.000146484
0.00351563 0.000159358

0.00351563 0.000159861
0.00354225 0.000195313

0.0035426 0.000195313
0.00356445 0.000228122

0.00356445 0.000229836
0.00357379 0.000244141

0.00357464 0.000244141
0.00360346 0.000292969

0.0036042 0.000292969
0.00361328 0.000311267

0.00361328 0.000312619
0.00362851 0.000341797

0.00362872 0.000341797
0.00365133 0.000390625

0.00365199 0.000390625
0.00368943 0.000488281

0.00368921 0.000488281
0.00371094 0.00056507

0.00371094 0.000566246
0.00371651 0.000585938

0.00371657 0.000585937
0.0037354 0.000683594

0.00373504 0.000683594
0.00374622 0.00078125

0.00374819 0.00078125
0.00374881 0.000976562

0.00374851 0.000976562
0.00372058 0.00117188

0.00371094 0.00120622
0.00366479 0.00136719

0.00366506 0.00136719
0.00358004 0.0015625

0.00371094 0.00120335
0.00371996 0.00117187

0.00332031 0.00194534
0.00331382 0.00195312

0.00351563 0.00167352
0.00346539 0.00175781

0.00341797 0.00181931
0.00339178 0.00185547

0.00332031 0.00194401
0.00339189 0.00185547

0.00341797 0.00181896
0.00346227 0.00175781

0.0033164 0.00195312
0.00312718 0.00214844

0.00351563 0.00167064
0.00358004 0.0015625

