7.15278e-05 0
7.32422e-05 5.00651e-06

7.32628e-05 0
9.62889e-05 2.44141e-05

9.76563e-05 1.41454e-05
0.00012207 1.47529e-05

0.00012207 1.3719e-05
0.000146484 1.29562e-05

0.000146484 1.36424e-05
0.000170898 1.41104e-05

0.000170898 1.37986e-05
0.000195313 1.35766e-05

0.000195313 1.39205e-05
0.000219727 1.34992e-05

0.000219727 1.34579e-05
0.000244141 1.32904e-05

0.000244141 1.35521e-05
0.000268555 1.36203e-05

0.000268555 1.35401e-05
0.000292969 1.33087e-05

0.000292969 1.35121e-05
0.000317383 1.332e-05

0.000317383 1.33726e-05
0.000341797 1.31952e-05

0.000341797 1.33617e-05
0.000366211 1.32123e-05

0.000366211 1.32375e-05
0.000390625 1.31141e-05

0.000390625 1.32577e-05
0.000415039 1.31382e-05

0.000415039 1.31647e-05
0.000439453 1.30149e-05

0.000439453 1.31518e-05
0.000463867 1.30295e-05

0.000463867 1.3043e-05
0.000488281 1.29621e-05

0.000488281 1.31818e-05
0.000537109 1.25868e-05

0.000537109 1.29328e-05
0.000585938 1.27407e-05

0.000585937 1.29029e-05
0.000634766 1.2731e-05

0.000634766 1.2878e-05
0.000683594 1.26752e-05

0.000683594 1.28219e-05
0.000708008 1.27755e-05

0.000708008 1.27397e-05
0.000732422 1.26475e-05

0.000732422 1.26954e-05
0.000756836 1.2774e-05

0.000756836 1.2788e-05
0.00078125 1.27085e-05

0.00078125 1.2728e-05
0.000805664 1.26308e-05

0.000805664 1.26962e-05
0.000830078 1.26655e-05

0.000830078 1.26043e-05
0.000854492 1.27119e-05

0.000854492 1.27323e-05
0.000878906 1.27785e-05

0.000878906 1.26885e-05
0.00090332 1.26919e-05

0.00090332 1.27934e-05
0.000927734 1.27222e-05

0.000927734 1.25563e-05
0.000976562 1.28941e-05

0.000976562 1.27639e-05
0.00100098 1.28553e-05

0.00100098 1.28106e-05
0.00102539 1.29368e-05

0.00102539 1.28458e-05
0.0010498 1.29508e-05

0.0010498 1.2873e-05
0.00107422 1.30225e-05

0.00107422 1.29237e-05
0.00109863 1.30844e-05

0.00109863 1.30066e-05
0.00112305 1.31173e-05

0.00112305 1.29997e-05
0.00114746 1.31663e-05

0.00114746 1.31071e-05
0.00117187 1.32552e-05

0.00117188 1.31246e-05
0.00119629 1.32543e-05

0.00119629 1.32411e-05
0.0012207 1.33084e-05

0.0012207 1.3051e-05
0.00124512 1.34252e-05

0.00124512 1.35018e-05
0.00126953 1.35924e-05

0.00126953 1.32657e-05
0.00129395 1.33431e-05

0.00129395 1.35216e-05
0.00131836 1.36862e-05

0.00131836 1.34281e-05
0.00134277 1.34231e-05

0.00134277 1.3738e-05
0.00136719 1.3462e-05

0.00134277 2.44234e-05
0.00134503 2.44141e-05

0.0013916 1.06025e-06
0.0013682 2.44141e-05

0.00136719 2.45293e-05
0.00136753 2.44141e-05

0.0013916 5.44945e-06
0.00139348 0

0.001463 0
0.00146484 5.43265e-06

0.00146484 3.37403e-06
0.00148566 2.44141e-05

0.00148613 2.44141e-05
0.00148926 2.54653e-05

0.00148926 1.56352e-05
0.00151367 1.64516e-05

0.00151323 2.44141e-05
0.00151367 2.442e-05

0.00151367 1.62913e-05
0.00153809 1.60625e-05

0.00151367 2.44166e-05
0.00151459 2.44141e-05

0.0015625 3.92087e-06
0.001542 2.44141e-05

0.00153809 2.56614e-05
0.00154184 2.44141e-05

0 0.00312259
0.000390625 0.00311151

0.000390625 0.0031118
0.00078125 0.00307802

0.00078125 0.00307861
0.00117187 0.00302038

0.00117188 0.00302152
0.0015625 0.00293539

0.0015625 5.78561e-06
0.00156447 0

0.00165561 0
0.00166016 1.09298e-05

0.00166016 1.06023e-05
0.00167617 2.44141e-05

0.00167517 2.44141e-05
0.00168457 2.75681e-05

0.00168457 1.74465e-05
0.00170898 1.73054e-05

0.00168457 2.44658e-05
0.00170257 2.44141e-05

0.0017334 1.01642e-05
0.00171739 2.44141e-05

0.00170898 2.76028e-05
0.0017183 2.44141e-05

0.0017334 9.00885e-06
0.00173705 0

0.00179951 0
0.00180664 1.51374e-05

0.00180664 1.00091e-05
0.00183105 1.14171e-05

0.00183105 6.86486e-06
0.00185037 0

0.00185693 0
0.00187988 1.6742e-05

0.00187988 7.62813e-06
0.0019043 1.14081e-05

0.0019043 8.6744e-06
0.00192871 1.08476e-05

0.00192871 9.41819e-06
0.00195312 1.19762e-05

0.00195312 9.28833e-06
0.00197754 1.31952e-05

0.00197754 1.37131e-05
0.00200195 1.26261e-05

0.00200195 1.61446e-05
0.00202637 4.91086e-06

0.00202637 5.38264e-06
0.00205078 8.35123e-06

0.00205078 8.77493e-06
0.0020752 1.52198e-05

0.0020752 9.30764e-06
0.00209961 1.17066e-05

0.00209961 1.35103e-05
0.00212402 1.35328e-05

0.00212402 1.32165e-05
0.00214844 7.8273e-06

0.00214844 7.36796e-06
0.00217285 1.30835e-05

0.00217285 1.40167e-05
0.00219727 1.40516e-05

0.00219727 1.33028e-05
0.00222168 7.19493e-06

0.00222168 7.10576e-06
0.00224609 1.3486e-05

0.00224609 1.41606e-05
0.00227051 1.41789e-05

0.00227051 1.40929e-05
0.00229492 6.52325e-06

0.00229492 7.32237e-06
0.00231934 1.18458e-05

0.00231934 1.0337e-05
0.00234375 1.55168e-05

0.00234375 1.55377e-05
0.00236816 1.04833e-05

0.00236816 1.2568e-05
0.00239258 6.58831e-06

0.00239258 6.59804e-06
0.00241699 1.26029e-05

0.00241699 1.04488e-05
0.00244141 1.55588e-05

0.00244141 1.55535e-05
0.00246582 1.04288e-05

0.00246582 1.25296e-05
0.00249023 6.67828e-06

0.00249023 6.68376e-06
0.00251465 1.26121e-05

0.00251465 1.04863e-05
0.00253906 1.55037e-05

0.00253906 1.54981e-05
0.00256348 1.04586e-05

0.00256348 1.2495e-05
0.00258789 6.80675e-06

0.00258789 6.8038e-06
0.0026123 1.26296e-05

0.0026123 1.06237e-05
0.00263672 1.53727e-05

0.00263672 1.53207e-05
0.00266113 1.04125e-05

0.00266113 1.1823e-05
0.00268555 7.67572e-06

0.00268555 6.86264e-06
0.00270996 1.40226e-05

0.00270996 1.40248e-05
0.00273438 1.42251e-05

0.00273437 1.40078e-05
0.00275879 7.14693e-06

0.00275879 7.95905e-06
0.0027832 1.18278e-05

0.0027832 1.0621e-05
0.00280762 1.51e-05

0.00280762 1.51001e-05
0.00283203 1.06152e-05

0.00283203 1.18541e-05
0.00285645 7.93115e-06

0.00285645 7.22839e-06
0.00288086 1.38606e-05

0.00288086 1.39715e-05
0.00290527 1.39531e-05

0.00290527 1.3074e-05
0.00292969 7.99033e-06

0.00292969 8.47682e-06
0.0029541 1.30886e-05

0.0029541 1.34102e-05
0.00297852 1.33834e-05

0.00297852 1.15331e-05
0.00300293 9.99699e-06

0.00300293 1.02352e-05
0.00302734 1.45731e-05

0.00302734 1.28502e-05
0.00305176 1.45143e-05

0.00305176 1.32293e-05
0.00307617 1.40049e-05

0.00307617 1.36963e-05
0.00310059 1.48368e-05

0.00310059 1.41062e-05
0.003125 1.48923e-05

0.00175781 0.00287923
0.00157669 0.00292969

0.0015625 0.00293302
0.00157447 0.00292969

0.00175781 0.00287967
0.00195312 0.00281652

0.00234375 0.00265832
0.00217008 0.00273438

0.00195312 0.00281687
0.00214844 0.00274333

0.00214844 0.00274324
0.00216868 0.00273438

0.00292969 0.0023093
0.00288203 0.00234375

0.003125 0.0021471
0.00312353 0.00214844

0.00302734 0.00223291
0.00301101 0.00224609

0.00297852 0.00227045
0.00294697 0.00229492

0.00292969 0.00230899
0.00294807 0.00229492

0.00297852 0.00226992
0.00300833 0.00224609

0.00302734 0.0022322
0.0031235 0.00214844

0.00244141 0.00261016
0.00238695 0.00263672

0.00234375 0.00265706
0.00238546 0.00263672

0.00244141 0.00260996
0.00253906 0.00255891

0.00273438 0.00244534
0.00257597 0.00253906

0.00253906 0.00255949
0.00257422 0.00253906

0.00283203 0.00237914
0.00273848 0.00244141

0.00273438 0.00244364
0.00273788 0.00244141

0.00283203 0.00237903
0.00288122 0.00234375

0.003125 1.44826e-05
0.00314941 1.52988e-05

0.00314941 1.47504e-05
0.00317383 1.55731e-05

0.00317383 1.50414e-05
0.00319824 1.61056e-05

0.00319824 1.54928e-05
0.00322266 1.66433e-05

0.00322266 1.60401e-05
0.00324707 1.71269e-05

0.00324707 1.65019e-05
0.00327148 1.76014e-05

0.00327148 1.70376e-05
0.0032959 1.81799e-05

0.0032959 1.75954e-05
0.00332031 1.87044e-05

0.00332031 1.7765e-05
0.00334473 1.96516e-05

0.00334473 1.97997e-05
0.00336914 2.02734e-05

0.00336914 1.3531e-05
0.00339271 2.44141e-05

0.00339125 2.44141e-05
0.00339355 2.53057e-05

0.00339355 2.75584e-05
0.00341794 4.88281e-05

0.00341751 4.88281e-05
0.00341797 4.92691e-05

0.00341797 4.95804e-05
0.0034416 7.32422e-05

0.00344166 7.32422e-05
0.00344238 7.39958e-05

0.00344238 7.41323e-05
0.00346431 9.76563e-05

0.00346486 9.76563e-05
0.0034668 9.98254e-05

0.0034668 0.00010064
0.00348554 0.00012207

0.00348532 0.00012207
0.00349121 0.000129111

0.00349121 0.000128747
0.00350577 0.000146484

0.00350602 0.000146484
0.00351563 0.000159086

0.00351563 0.000159591
0.00354244 0.000195313

0.00354278 0.000195313
0.00356445 0.000227895

0.00356445 0.000229603
0.00357394 0.000244141

0.00357477 0.000244141
0.00360355 0.000292969

0.00360428 0.000292969
0.00361328 0.000311134

0.00361328 0.000312472
0.00362857 0.000341797

0.00362877 0.000341797
0.00365136 0.000390625

0.00365202 0.000390625
0.00368943 0.000488281

0.0036892 0.000488281
0.00371094 0.000565107

0.00371094 0.000566273
0.0037165 0.000585938

0.00371656 0.000585937
0.0037354 0.000683594

0.00373503 0.000683594
0.00374622 0.00078125

0.00374819 0.00078125
0.00374882 0.000976562

0.00374852 0.000976562
0.0037206 0.00117188

0.00371094 0.00120629
0.00366481 0.00136719

0.00366508 0.00136719
0.00358007 0.0015625

0.00371094 0.00120342
0.00371998 0.00117187

0.00332031 0.00194537
0.00331385 0.00195312

0.00351563 0.00167356
0.00346541 0.00175781

0.00341797 0.00181933
0.0033918 0.00185547

0.00332031 0.00194403
0.0033919 0.00185547

0.00341797 0.00181898
0.00346229 0.00175781

0.00331642 0.00195312
0.00312719 0.00214844

0.00351563 0.00167068
0.00358006 0.0015625

