7.15721e-05 0
7.32422e-05 4.88953e-06

7.32422e-05 7.2874e-07
9.62795e-05 2.44141e-05

9.67773e-05 2.44141e-05
9.76563e-05 2.47153e-05

9.76563e-05 1.40876e-05
0.00012207 1.4193e-05

0.000115298 2.44141e-05
0.00012207 2.44245e-05

0.00012207 1.34863e-05
0.000146484 1.31536e-05

0.000146484 1.36376e-05
0.000170898 1.41473e-05

0.000170898 1.38555e-05
0.000195313 1.35471e-05

0.000195313 1.3825e-05
0.000219727 1.34972e-05

0.000219727 1.34803e-05
0.000244141 1.34346e-05

0.000244141 1.35972e-05
0.000268555 1.36574e-05

0.000268555 1.36495e-05
0.000292969 1.33546e-05

0.000292969 1.36203e-05
0.000317383 1.31992e-05

0.000317383 1.32658e-05
0.000341797 1.31228e-05

0.000341797 1.32717e-05
0.000366211 1.33403e-05

0.000366211 1.33251e-05
0.000390625 1.3163e-05

0.000390625 1.33553e-05
0.000415039 1.30223e-05

0.000415039 1.30563e-05
0.000439453 1.29533e-05

0.000439453 1.31061e-05
0.000463867 1.31245e-05

0.000463867 1.30634e-05
0.000488281 1.29724e-05

0.000488281 1.32152e-05
0.000537109 1.25558e-05

0.000537109 1.29362e-05
0.000585938 1.27318e-05

0.000585937 1.29043e-05
0.000634766 1.27235e-05

0.000634766 1.28374e-05
0.000683594 1.27041e-05

0.000683594 1.28492e-05
0.000708008 1.28058e-05

0.000708008 1.28127e-05
0.000732422 1.26016e-05

0.000732422 1.26594e-05
0.000756836 1.27021e-05

0.000756836 1.27005e-05
0.00078125 1.27731e-05

0.00078125 1.27877e-05
0.000805664 1.26746e-05

0.000805664 1.27097e-05
0.000830078 1.2607e-05

0.000830078 1.25778e-05
0.000854492 1.27423e-05

0.000854492 1.27418e-05
0.000878906 1.28026e-05

0.000878906 1.26992e-05
0.000927734 1.27117e-05

0.000927734 1.24995e-05
0.000976562 1.29415e-05

0.000976562 1.27827e-05
0.00100098 1.28701e-05

0.00100098 1.28477e-05
0.00102539 1.2937e-05

0.00102539 1.28358e-05
0.0010498 1.29427e-05

0.0010498 1.29119e-05
0.00107422 1.30236e-05

0.00107422 1.28918e-05
0.00109863 1.30446e-05

0.00109863 1.30075e-05
0.00112305 1.31449e-05

0.00112305 1.29906e-05
0.00114746 1.31417e-05

0.00114746 1.31065e-05
0.00117187 1.32622e-05

0.00117188 1.30721e-05
0.00119629 1.3284e-05

0.00119629 1.32483e-05
0.0012207 1.34264e-05

0.0012207 1.31603e-05
0.00124512 1.34544e-05

0.00124512 1.35886e-05
0.00126953 1.35157e-05

0.00126953 1.31838e-05
0.00129395 1.3324e-05

0.00129395 1.3614e-05
0.00131836 1.36959e-05

0.00131836 1.31206e-05
0.00134277 1.35077e-05

0.00134277 1.41059e-05
0.00136719 1.37767e-05

0.00134277 2.44281e-05
0.00134559 2.44141e-05

0.0013916 5.87226e-07
0.00136835 2.44141e-05

0.00136719 2.45834e-05
0.00136768 2.44141e-05

0.0013916 5.15273e-06
0.00139337 0

0.00146301 0
0.00146484 5.38256e-06

0.00146484 3.23213e-06
0.00148568 2.44141e-05

0.00148608 2.44141e-05
0.00148926 2.54865e-05

0.00148926 1.57297e-05
0.00151367 1.64785e-05

0.00151139 2.44141e-05
0.00151367 2.44424e-05

0.00151367 1.61464e-05
0.00153809 1.59499e-05

0.00151367 2.44366e-05
0.00152626 2.44141e-05

0.0015625 4.07106e-06
0.00154204 2.44141e-05

0.00153809 2.58487e-05
0.00154244 2.44141e-05

0 0.00312257
0.000390625 0.0031115

0.000390625 0.00311178
0.00078125 0.00307801

0.00078125 0.0030786
0.00117187 0.00302037

0.00117188 0.0030215
0.0015625 0.00293538

0.0015625 5.54605e-06
0.00156438 0

0.00165563 0
0.00166016 1.09084e-05

0.00166016 1.05609e-05
0.00167618 2.44141e-05

0.0016752 2.44141e-05
0.00168457 2.75666e-05

0.00168457 1.74908e-05
0.00170898 1.73423e-05

0.00168457 2.447e-05
0.00170245 2.44141e-05

0.0017334 1.0123e-05
0.00171738 2.44141e-05

0.00170898 2.75766e-05
0.0017182 2.44141e-05

0.0017334 9.02242e-06
0.00173706 0

0.00179951 0
0.00180664 1.51393e-05

0.00180664 1.00059e-05
0.00183105 1.14155e-05

0.00183105 6.85922e-06
0.0018504 0

0.00185692 0
0.00187988 1.67418e-05

0.00187988 7.63263e-06
0.0019043 1.14047e-05

0.0019043 8.67317e-06
0.00192871 1.08481e-05

0.00192871 9.4204e-06
0.00195312 1.1977e-05

0.00195312 9.28956e-06
0.00197754 1.31916e-05

0.00197754 1.37104e-05
0.00200195 1.26255e-05

0.00200195 1.61424e-05
0.00202637 4.91376e-06

0.00202637 5.38966e-06
0.00205078 8.34663e-06

0.00205078 8.75924e-06
0.0020752 1.52245e-05

0.0020752 9.32215e-06
0.00209961 1.17181e-05

0.00209961 1.3523e-05
0.00212402 1.3506e-05

0.00212402 1.31377e-05
0.00214844 7.88011e-06

0.00214844 7.43767e-06
0.00217285 1.31554e-05

0.00217285 1.41094e-05
0.00219727 1.39553e-05

0.00219727 1.32745e-05
0.00222168 7.11408e-06

0.00222168 7.02988e-06
0.00224609 1.35163e-05

0.00224609 1.41255e-05
0.00227051 1.4218e-05

0.00227051 1.41204e-05
0.00229492 6.54946e-06

0.00229492 7.34178e-06
0.00231934 1.18182e-05

0.00231934 1.03363e-05
0.00234375 1.55191e-05

0.00234375 1.55349e-05
0.00236816 1.0481e-05

0.00236816 1.25656e-05
0.00239258 6.59342e-06

0.00239258 6.60256e-06
0.00241699 1.26017e-05

0.00241699 1.0449e-05
0.00244141 1.55552e-05

0.00244141 1.55504e-05
0.00246582 1.04298e-05

0.00246582 1.25292e-05
0.00249023 6.68109e-06

0.00249023 6.68641e-06
0.00251465 1.26107e-05

0.00251465 1.04863e-05
0.00253906 1.55018e-05

0.00253906 1.54959e-05
0.00256348 1.04593e-05

0.00256348 1.24945e-05
0.00258789 6.80931e-06

0.00258789 6.80665e-06
0.0026123 1.26285e-05

0.0026123 1.0623e-05
0.00263672 1.53711e-05

0.00263672 1.53201e-05
0.00266113 1.04137e-05

0.00266113 1.18235e-05
0.00268555 7.67535e-06

0.00268555 6.86213e-06
0.00270996 1.40226e-05

0.00270996 1.40248e-05
0.00273438 1.42258e-05

0.00273437 1.40102e-05
0.00275879 7.14485e-06

0.00275879 7.95715e-06
0.0027832 1.18251e-05

0.0027832 1.06183e-05
0.00280762 1.51018e-05

0.00280762 1.50998e-05
0.00283203 1.06165e-05

0.00283203 1.18569e-05
0.00285645 7.92931e-06

0.00285645 7.22509e-06
0.00288086 1.38595e-05

0.00288086 1.39617e-05
0.00290527 1.39664e-05

0.00290527 1.31324e-05
0.00292969 7.95859e-06

0.00292969 8.44781e-06
0.0029541 1.30119e-05

0.0029541 1.32621e-05
0.00297852 1.34844e-05

0.00297852 1.15963e-05
0.00300293 1.01569e-05

0.00300293 1.0358e-05
0.00302734 1.45189e-05

0.00302734 1.28844e-05
0.00305176 1.44861e-05

0.00305176 1.32765e-05
0.00307617 1.39366e-05

0.00307617 1.36681e-05
0.00310059 1.46953e-05

0.00310059 1.3969e-05
0.003125 1.48252e-05

0.00175781 0.00287922
0.00157665 0.00292969

0.0015625 0.00293301
0.00157442 0.00292969

0.00175781 0.00287966
0.00195312 0.00281651

0.00234375 0.00265832
0.00217006 0.00273438

0.00195312 0.00281686
0.00214844 0.00274333

0.00214844 0.00274323
0.00216866 0.00273438

0.00292969 0.00230931
0.00288203 0.00234375

0.003125 0.00214709
0.00312352 0.00214844

0.00302734 0.00223292
0.00301102 0.00224609

0.00297852 0.00227045
0.00294698 0.00229492

0.00292969 0.00230899
0.00294807 0.00229492

0.00297852 0.00226992
0.00300833 0.00224609

0.00302734 0.0022322
0.00312351 0.00214844

0.00244141 0.00261015
0.00238694 0.00263672

0.00234375 0.00265706
0.00238545 0.00263672

0.00244141 0.00260996
0.00253906 0.00255891

0.00273438 0.00244533
0.00257596 0.00253906

0.00253906 0.00255948
0.00257421 0.00253906

0.00283203 0.00237914
0.00273847 0.00244141

0.00273438 0.00244364
0.00273788 0.00244141

0.00283203 0.00237903
0.00288122 0.00234375

0.003125 1.43337e-05
0.00314941 1.53817e-05

0.00314941 1.47639e-05
0.00317383 1.57291e-05

0.00317383 1.52075e-05
0.00319824 1.61161e-05

0.00319824 1.55223e-05
0.00322266 1.65238e-05

0.00322266 1.59151e-05
0.00324707 1.71657e-05

0.00324707 1.65914e-05
0.00327148 1.77173e-05

0.00327148 1.7048e-05
0.0032959 1.81369e-05

0.0032959 1.75197e-05
0.00332031 1.88864e-05

0.00332031 1.81759e-05
0.00334473 1.97317e-05

0.00334473 1.97441e-05
0.00336914 1.97736e-05

0.00336914 1.3261e-05
0.00339297 2.44141e-05

0.00339182 2.44141e-05
0.00339355 2.50864e-05

0.00339355 2.72971e-05
0.00341797 4.86194e-05

0.00341772 4.88281e-05
0.00341797 4.90709e-05

0.00341797 4.86744e-05
0.00341813 4.88281e-05

0.00341797 4.93581e-05
0.00344169 7.32422e-05

0.00344173 7.32422e-05
0.00344238 7.3924e-05

0.00344238 7.41004e-05
0.00346423 9.76563e-05

0.0034648 9.76563e-05
0.0034668 9.9896e-05

0.0034668 0.000100402
0.00350589 0.000146484

0.00350591 0.000146484
0.00351563 0.000159237

0.00351563 0.000159516
0.00354217 0.000195313

0.00354267 0.000195313
0.00356445 0.00022803

0.00356445 0.000229739
0.00357385 0.000244141

0.00357469 0.000244141
0.00360349 0.000292969

0.00360422 0.000292969
0.00361328 0.000311228

0.00361328 0.000312571
0.00362853 0.000341797

0.00362873 0.000341797
0.00365134 0.000390625

0.003652 0.000390625
0.00368943 0.000488281

0.00368921 0.000488281
0.00371094 0.000565049

0.00371094 0.000566232
0.00371651 0.000585938

0.00371657 0.000585937
0.00373542 0.000683594

0.00373505 0.000683594
0.00374624 0.00078125

0.00374821 0.00078125
0.00374885 0.000976562

0.00374854 0.000976562
0.00372062 0.00117188

0.00371094 0.00120639
0.00366484 0.00136719

0.00366511 0.00136719
0.00358009 0.0015625

0.00371094 0.00120351
0.00372001 0.00117187

0.00332031 0.00194541
0.00331388 0.00195312

0.00351563 0.00167361
0.00346544 0.00175781

0.00341797 0.00181936
0.00339182 0.00185547

0.00332031 0.00194405
0.00339193 0.00185547

0.00341797 0.00181901
0.00346232 0.00175781

0.00331644 0.00195312
0.00312719 0.00214844

0.00351563 0.00167072
0.00358009 0.0015625

