0 0.147278
0.00012207 0.14728

0.00012207 0.14728
0.000244141 0.147289

0.000244141 0.147289
0.000366211 0.147302

0.000366211 0.147302
0.000488281 0.147322

0.000488281 0.147322
0.000572504 0.147339

0.000572519 0.147339
0.000610352 0.147347

0.000610352 0.147347
0.000732422 0.147377

0.000732422 0.147377
0.000854492 0.147414

0.000854492 0.147414
0.000976562 0.147457

0.000976562 0.147457
0.000987068 0.147461

0.000987104 0.147461
0.00109863 0.147506

0.00109863 0.147506
0.0012207 0.147563

0.0012207 0.147563
0.0012587 0.147583

0.00125874 0.147583
0.00134277 0.147628

0.00134277 0.147627
0.00146484 0.147701

0.00146484 0.147701
0.00147096 0.147705

0.00147079 0.147705
0.00158691 0.147785

0.00158691 0.147786
0.00164198 0.147827

0.00164087 0.147827
0.00170898 0.147881

0.00170898 0.147881
0.00178707 0.147949

0.00178634 0.147949
0.00183105 0.147991

0.00183105 0.14799
0.00191124 0.148071

0.0019103 0.148071
0.00195312 0.148119

0.00195312 0.148117
0.00201835 0.148193

0.0020186 0.148193
0.0020752 0.148267

0.0020752 0.148266
0.00211195 0.148315

0.0021122 0.148315
0.0021945 0.148438

0 0.152176
0.00012207 0.152173

0.00012207 0.152173
0.000244141 0.152164

0.000244141 0.152164
0.000366211 0.152149

0.000366211 0.152149
0.000488281 0.152128

0.000732422 0.152068
0.000607544 0.1521

0.000488281 0.152128
0.000610352 0.152101

0.000610352 0.152101
0.000613686 0.1521

0.000732422 0.152066
0.000854492 0.152026

0.000854492 0.152026
0.000976562 0.151979

0.00195312 0.151269
0.00186618 0.151367

0.00134277 0.15179
0.00123053 0.151855

0.00146484 0.151711
0.0014301 0.151733

0.00134277 0.151791
0.00143011 0.151733

0.00109863 0.151924
0.000978839 0.151978

0.000976562 0.151979
0.000978816 0.151978

0.00109863 0.151924
0.0012207 0.151861

0.0012207 0.151861
0.00123062 0.151855

0.00170898 0.15152
0.00159451 0.151611

0.00146484 0.151711
0.00158691 0.15162

0.00158691 0.151619
0.00159614 0.151611

0.00183105 0.151404
0.00174092 0.151489

0.00170898 0.151517
0.00174038 0.151489

0.00183105 0.151402
0.00186466 0.151367

0.00219269 0.148438
0.00219727 0.148445

0.00219727 0.148442
0.00226626 0.14856

0.00226562 0.14856
0.00231934 0.148665

0.00231934 0.148664
0.00232814 0.148682

0.00232833 0.148682
0.00238212 0.148804

0.00238153 0.148804
0.00242738 0.148926

0.00242681 0.148926
0.00244141 0.148972

0.00244141 0.148968
0.00246668 0.149048

0.0024662 0.149048
0.00249692 0.14917

0.0024966 0.14917
0.00252013 0.149292

0.00252009 0.149292
0.00253711 0.149414

0.0025371 0.149414
0.0025477 0.149536

0.00254769 0.149536
0.00255191 0.149658

0.0025519 0.149658
0.00254977 0.14978

0.00254978 0.14978
0.00254128 0.149902

0.0025413 0.149902
0.00252636 0.150024

0.00252637 0.150024
0.00250494 0.150146

0.00250491 0.150146
0.00247702 0.150269

0.00247679 0.150269
0.00244297 0.150391

0.00244141 0.150398
0.00240282 0.150513

0.00240224 0.150513
0.00235293 0.150635

0.00231934 0.150709
0.00229697 0.150757

0.00229669 0.150757
0.00223225 0.150879

0.00231934 0.150707
0.00235261 0.150635

0.0020752 0.151117
0.00207035 0.151123

0.00219727 0.15094
0.00215986 0.151001

0.0020752 0.151119
0.00215935 0.151001

0.00207096 0.151123
0.00197307 0.151245

0.00195312 0.151268
0.00197207 0.151245

0.00219727 0.150935
0.00223166 0.150879

0.00244141 0.150392
0.00244174 0.150391

