7.16724e-05 0
7.32422e-05 4.60581e-06

7.32422e-05 5.21785e-07
9.62155e-05 2.44141e-05

9.76563e-05 1.41e-05
0.00012207 1.44693e-05

0.00012207 1.36819e-05
0.000146484 1.32205e-05

0.000146484 1.3922e-05
0.000170898 1.39528e-05

0.000170898 1.35152e-05
0.000195313 1.34333e-05

0.000195313 1.37983e-05
0.000219727 1.39541e-05

0.000219727 1.37115e-05
0.000244141 1.34703e-05

0.000244141 1.37644e-05
0.000268555 1.36273e-05

0.000268555 1.36269e-05
0.000292969 1.3351e-05

0.000292969 1.36039e-05
0.000317383 1.33798e-05

0.000317383 1.34278e-05
0.000341797 1.32208e-05

0.000341797 1.34192e-05
0.000366211 1.32622e-05

0.000366211 1.32988e-05
0.000390625 1.31216e-05

0.000390625 1.32801e-05
0.000415039 1.31452e-05

0.000415039 1.31995e-05
0.000439453 1.30266e-05

0.000439453 1.31452e-05
0.000463867 1.30322e-05

0.000463867 1.31099e-05
0.000488281 1.29548e-05

0.000488281 1.30654e-05
0.000512695 1.28912e-05

0.000512695 1.29534e-05
0.000537109 1.28644e-05

0.000537109 1.29876e-05
0.000561523 1.28434e-05

0.000561523 1.2839e-05
0.000585937 1.27759e-05

0.000585937 1.29719e-05
0.000634766 1.25692e-05

0.000634766 1.27204e-05
0.00065918 1.27636e-05

0.00065918 1.27096e-05
0.000683594 1.26902e-05

0.000683594 1.27529e-05
0.000708008 1.27041e-05

0.000708008 1.27188e-05
0.000732422 1.26132e-05

0.000732422 1.25874e-05
0.000756836 1.27233e-05

0.000756836 1.2697e-05
0.00078125 1.28232e-05

0.00078125 1.27914e-05
0.000805664 1.26949e-05

0.000805664 1.27644e-05
0.000830078 1.26216e-05

0.000830078 1.25831e-05
0.000854492 1.27052e-05

0.000854492 1.27478e-05
0.000878906 1.28076e-05

0.000878906 1.26922e-05
0.00090332 1.26791e-05

0.00090332 1.27785e-05
0.000927734 1.27586e-05

0.000927734 1.2627e-05
0.000952148 1.27168e-05

0.000952148 1.27003e-05
0.000976562 1.29618e-05

0.000976562 1.27971e-05
0.00100098 1.29121e-05

0.00100098 1.28521e-05
0.00102539 1.29716e-05

0.00102539 1.28946e-05
0.0010498 1.2983e-05

0.0010498 1.29182e-05
0.00107422 1.30303e-05

0.00107422 1.29411e-05
0.00109863 1.30953e-05

0.00109863 1.29989e-05
0.00112305 1.3169e-05

0.00112305 1.30433e-05
0.00114746 1.32361e-05

0.00114746 1.31742e-05
0.00117187 1.32705e-05

0.00117188 1.30926e-05
0.00119629 1.33254e-05

0.00119629 1.3313e-05
0.0012207 1.34688e-05

0.0012207 1.32602e-05
0.00124512 1.33849e-05

0.00124512 1.33998e-05
0.00126953 1.35642e-05

0.00126953 1.33546e-05
0.00129395 1.35316e-05

0.00129395 1.35681e-05
0.00131836 1.36568e-05

0.00131836 1.35261e-05
0.00134277 1.34913e-05

0.00134277 1.36407e-05
0.00136719 1.35327e-05

0.00134277 2.4416e-05
0.00134398 2.44141e-05

0.0013916 1.42326e-06
0.00136827 2.44141e-05

0.00136719 2.44886e-05
0.00136741 2.44141e-05

0.0013916 5.67478e-06
0.00139356 0

0.00146274 0
0.00146484 6.13055e-06

0.00146484 2.83687e-06
0.00148583 2.44141e-05

0.00148595 2.44141e-05
0.00148926 2.55449e-05

0.00148926 1.54882e-05
0.00151367 1.69934e-05

0.00151181 2.44141e-05
0.00151367 2.44625e-05

0.00151367 1.68667e-05
0.00153809 1.60889e-05

0.00151367 2.44771e-05
0.00151862 2.44141e-05

0.0015625 3.34578e-06
0.00154189 2.44141e-05

0.00153809 2.56851e-05
0.00154183 2.44141e-05

0 0.0031223
0.000390625 0.00311124

0.000390625 0.00311152
0.00078125 0.00307778

0.00078125 0.00307838
0.00117187 0.00302019

0.00117188 0.00302131
0.0015625 0.00293523

0.0015625 6.1278e-06
0.00156459 0

0.00165561 0
0.00166016 1.09526e-05

0.00166016 1.05924e-05
0.0016762 2.44141e-05

0.00167517 2.44141e-05
0.00168457 2.75611e-05

0.00168457 1.74279e-05
0.00170898 1.72861e-05

0.00168457 2.44657e-05
0.00170241 2.44141e-05

0.0017334 1.01476e-05
0.00171737 2.44141e-05

0.00170898 2.7596e-05
0.00171828 2.44141e-05

0.0017334 8.96843e-06
0.00173703 0

0.00179953 0
0.00180664 1.5115e-05

0.00180664 9.99222e-06
0.00183105 1.1442e-05

0.00183105 6.84459e-06
0.00185047 0

0.00185689 0
0.00187988 1.67593e-05

0.00187988 7.66914e-06
0.0019043 1.14004e-05

0.0019043 8.68566e-06
0.00192871 1.08376e-05

0.00192871 9.42647e-06
0.00195312 1.19795e-05

0.00195312 9.28979e-06
0.00197754 1.31899e-05

0.00197754 1.37101e-05
0.00200195 1.26325e-05

0.00200195 1.61334e-05
0.00202637 4.93046e-06

0.00202637 5.41424e-06
0.00205078 8.34995e-06

0.00205078 8.75445e-06
0.0020752 1.5218e-05

0.0020752 9.33114e-06
0.00209961 1.17381e-05

0.00209961 1.35348e-05
0.00212402 1.34986e-05

0.00212402 1.32022e-05
0.00214844 7.81954e-06

0.00214844 7.36442e-06
0.00217285 1.30893e-05

0.00217285 1.39928e-05
0.00219727 1.40624e-05

0.00219727 1.33131e-05
0.00222168 7.23291e-06

0.00222168 7.13947e-06
0.00224609 1.3465e-05

0.00224609 1.41528e-05
0.00227051 1.41731e-05

0.00227051 1.40902e-05
0.00229492 6.54145e-06

0.00229492 7.33464e-06
0.00231934 1.18425e-05

0.00231934 1.03415e-05
0.00234375 1.55118e-05

0.00234375 1.5532e-05
0.00236816 1.04855e-05

0.00236816 1.25657e-05
0.00239258 6.60041e-06

0.00239258 6.61053e-06
0.00241699 1.26013e-05

0.00241699 1.04519e-05
0.00244141 1.55516e-05

0.00244141 1.55465e-05
0.00246582 1.04329e-05

0.00246582 1.25292e-05
0.00249023 6.68933e-06

0.00249023 6.69504e-06
0.00251465 1.26091e-05

0.00251465 1.04874e-05
0.00253906 1.54988e-05

0.00253906 1.54939e-05
0.00256348 1.04631e-05

0.00256348 1.24986e-05
0.00258789 6.81055e-06

0.00258789 6.80744e-06
0.0026123 1.26255e-05

0.0026123 1.06226e-05
0.00263672 1.53726e-05

0.00263672 1.53201e-05
0.00266113 1.04137e-05

0.00266113 1.18246e-05
0.00268555 7.67523e-06

0.00268555 6.8615e-06
0.00270996 1.40219e-05

0.00270996 1.40264e-05
0.00273438 1.42249e-05

0.00273437 1.4001e-05
0.00275879 7.14942e-06

0.00275879 7.96322e-06
0.0027832 1.18361e-05

0.0027832 1.06347e-05
0.00280762 1.50881e-05

0.00280762 1.50823e-05
0.00283203 1.06112e-05

0.00283203 1.18046e-05
0.00285645 8.00191e-06

0.00285645 7.32074e-06
0.00288086 1.38814e-05

0.00288086 1.398e-05
0.00290527 1.3896e-05

0.00290527 1.30091e-05
0.00292969 8.08054e-06

0.00292969 8.60249e-06
0.0029541 1.3099e-05

0.0029541 1.33221e-05
0.00297852 1.33654e-05

0.00297852 1.15889e-05
0.00300293 1.01698e-05

0.00300293 1.04153e-05
0.00302734 1.44305e-05

0.00302734 1.28343e-05
0.00305176 1.43307e-05

0.00305176 1.31639e-05
0.00307617 1.38514e-05

0.00307617 1.35385e-05
0.00310059 1.46533e-05

0.00310059 1.38873e-05
0.003125 1.48346e-05

0.00175781 0.0028791
0.00157612 0.00292969

0.0015625 0.00293284
0.00157382 0.00292969

0.00175781 0.00287954
0.00195312 0.00281643

0.00234375 0.00265831
0.00216997 0.00273438

0.00195312 0.00281677
0.00214844 0.00274327

0.00214844 0.00274318
0.00216856 0.00273438

0.00292969 0.0023094
0.00288215 0.00234375

0.003125 0.00214712
0.00312356 0.00214844

0.00302734 0.00223309
0.00301122 0.00224609

0.00297852 0.00227055
0.0029471 0.00229492

0.00292969 0.00230909
0.0029482 0.00229492

0.00297852 0.00227002
0.00300845 0.00224609

0.00302734 0.00223232
0.00312368 0.00214844

0.00244141 0.00261017
0.00238696 0.00263672

0.00234375 0.00265704
0.00238543 0.00263672

0.00244141 0.00260996
0.00253906 0.00255893

0.00273438 0.00244541
0.00257603 0.00253906

0.00253906 0.00255951
0.00257427 0.00253906

0.00283203 0.00237922
0.00273857 0.00244141

0.00273438 0.00244378
0.0027381 0.00244141

0.00283203 0.00237912
0.00288134 0.00234375

0.003125 1.43114e-05
0.00314941 1.53719e-05

0.00314941 1.47476e-05
0.00317383 1.56904e-05

0.00317383 1.51184e-05
0.00319824 1.6133e-05

0.00319824 1.55092e-05
0.00322266 1.6662e-05

0.00322266 1.61015e-05
0.00324707 1.71782e-05

0.00324707 1.65649e-05
0.00327148 1.75593e-05

0.00327148 1.67987e-05
0.0032959 1.83364e-05

0.0032959 1.77917e-05
0.00332031 1.93032e-05

0.00332031 1.84201e-05
0.00334473 1.97381e-05

0.00334473 1.98224e-05
0.00336914 1.99084e-05

0.00336914 1.33859e-05
0.00339251 2.44141e-05

0.00339085 2.44141e-05
0.00339355 2.5477e-05

0.00339355 2.76711e-05
0.00341772 4.88281e-05

0.00341753 4.88281e-05
0.00341797 4.92497e-05

0.00341797 4.97312e-05
0.00344143 7.32422e-05

0.00344149 7.32422e-05
0.00344238 7.41732e-05

0.00344238 7.43431e-05
0.00346413 9.76563e-05

0.00346469 9.76563e-05
0.0034668 0.000100011

0.0034668 0.00010051
0.00350595 0.000146484

0.00350597 0.000146484
0.00351563 0.00015911

0.00351563 0.000159439
0.0035423 0.000195313

0.00354281 0.000195313
0.00356445 0.000227795

0.00356445 0.000229562
0.00357398 0.000244141

0.00357484 0.000244141
0.00360367 0.000292969

0.00360441 0.000292969
0.00361328 0.00031083

0.00361328 0.000312237
0.00362871 0.000341797

0.00362892 0.000341797
0.00365153 0.000390625

0.0036522 0.000390625
0.00368964 0.000488281

0.00368942 0.000488281
0.00371094 0.000564308

0.00371094 0.000565513
0.00371672 0.000585938

0.00371678 0.000585937
0.00373562 0.000683594

0.00373526 0.000683594
0.00374645 0.00078125

0.00374842 0.00078125
0.00374906 0.000976562

0.00374876 0.000976562
0.00372085 0.00117188

0.00371094 0.00120721
0.00366508 0.00136719

0.00366535 0.00136719
0.00358034 0.0015625

0.00371094 0.00120428
0.00372023 0.00117187

0.00332031 0.00194581
0.00331421 0.00195312

0.00351563 0.00167408
0.00346572 0.00175781

0.00341797 0.00181969
0.00339205 0.00185547

0.00332031 0.00194431
0.00339215 0.00185547

0.00341797 0.00181933
0.00346257 0.00175781

0.00331665 0.00195312
0.00312735 0.00214844

0.00351563 0.0016711
0.00358032 0.0015625

