7.16384e-05 0
7.32422e-05 4.70268e-06

7.32422e-05 1.00926e-06
9.62995e-05 2.44141e-05

9.76563e-05 1.38746e-05
0.00012207 1.40829e-05

0.00012207 1.36413e-05
0.000146484 1.33945e-05

0.000146484 1.37077e-05
0.000170898 1.38805e-05

0.000170898 1.36543e-05
0.000195313 1.36399e-05

0.000195313 1.38998e-05
0.000219727 1.36668e-05

0.000219727 1.35308e-05
0.000244141 1.34154e-05

0.000244141 1.3684e-05
0.000268555 1.37109e-05

0.000268555 1.36154e-05
0.000292969 1.33707e-05

0.000292969 1.36201e-05
0.000317383 1.34128e-05

0.000317383 1.34566e-05
0.000341797 1.32246e-05

0.000341797 1.34235e-05
0.000366211 1.32702e-05

0.000366211 1.33062e-05
0.000390625 1.31521e-05

0.000390625 1.33112e-05
0.000415039 1.31594e-05

0.000415039 1.32193e-05
0.000439453 1.302e-05

0.000439453 1.31507e-05
0.000463867 1.30338e-05

0.000463867 1.31153e-05
0.000488281 1.29569e-05

0.000488281 1.30522e-05
0.000512695 1.29068e-05

0.000512695 1.2983e-05
0.000537109 1.28829e-05

0.000537109 1.29774e-05
0.000561523 1.28401e-05

0.000561523 1.28553e-05
0.000585937 1.28171e-05

0.000585937 1.29974e-05
0.000634766 1.25353e-05

0.000634766 1.27742e-05
0.00065918 1.2772e-05

0.00065918 1.2646e-05
0.000683594 1.26525e-05

0.000683594 1.27598e-05
0.000708008 1.27955e-05

0.000708008 1.27498e-05
0.000732422 1.25984e-05

0.000732422 1.26316e-05
0.000756836 1.27136e-05

0.000756836 1.27245e-05
0.00078125 1.27373e-05

0.00078125 1.27256e-05
0.000805664 1.26374e-05

0.000805664 1.26434e-05
0.000830078 1.26961e-05

0.000830078 1.26645e-05
0.000854492 1.27716e-05

0.000854492 1.27931e-05
0.000878906 1.26952e-05

0.000878906 1.26377e-05
0.00090332 1.26625e-05

0.00090332 1.27248e-05
0.000927734 1.2798e-05

0.000927734 1.26326e-05
0.000952148 1.27692e-05

0.000952148 1.2752e-05
0.000976562 1.29611e-05

0.000976562 1.27999e-05
0.00100098 1.28946e-05

0.00100098 1.28665e-05
0.00102539 1.29798e-05

0.00102539 1.28601e-05
0.0010498 1.29941e-05

0.0010498 1.2959e-05
0.00107422 1.30768e-05

0.00107422 1.29221e-05
0.00109863 1.30994e-05

0.00109863 1.30792e-05
0.00112305 1.32092e-05

0.00112305 1.2993e-05
0.00114746 1.32143e-05

0.00114746 1.32609e-05
0.00117187 1.33456e-05

0.00117188 1.31048e-05
0.00119629 1.32248e-05

0.00119629 1.31659e-05
0.0012207 1.36144e-05

0.0012207 1.34092e-05
0.00124512 1.35747e-05

0.00124512 1.35931e-05
0.00126953 1.34307e-05

0.00126953 1.33059e-05
0.00129395 1.34392e-05

0.00129395 1.35553e-05
0.00131836 1.36646e-05

0.00131836 1.31996e-05
0.00134277 1.37067e-05

0.00134277 1.42749e-05
0.00136719 1.36998e-05

0.0013916 4.98632e-07
0.00136835 2.44141e-05

0.00136719 2.45559e-05
0.0013676 2.44141e-05

0.0013916 5.26727e-06
0.00139341 0

0.00146306 0
0.00146484 5.25501e-06

0.00146484 3.32741e-06
0.00148564 2.44141e-05

0.00148603 2.44141e-05
0.00148926 2.55011e-05

0.00148926 1.55966e-05
0.00151367 1.65447e-05

0.00151367 1.64912e-05
0.00153809 1.60725e-05

0.00151367 2.44195e-05
0.00151452 2.44141e-05

0.0015625 3.68353e-06
0.00154192 2.44141e-05

0.00153809 2.55322e-05
0.00154143 2.44141e-05

0 0.0031222
0.000390625 0.00311114

0.000390625 0.00311142
0.00078125 0.00307769

0.00078125 0.00307829
0.00117187 0.00302012

0.00117188 0.00302124
0.0015625 0.00293518

0.0015625 5.98769e-06
0.00156455 0

0.00165564 0
0.00166016 1.08818e-05

0.00166016 1.06071e-05
0.00167616 2.44141e-05

0.00167505 2.44141e-05
0.00168457 2.76077e-05

0.00168457 1.74599e-05
0.00170898 1.7266e-05

0.00168457 2.44776e-05
0.00169911 2.44141e-05

0.0017334 1.01302e-05
0.00171734 2.44141e-05

0.00170898 2.75359e-05
0.00171811 2.44141e-05

0.0017334 9.06204e-06
0.00173708 0

0.00179953 0
0.00180664 1.51153e-05

0.00180664 9.99137e-06
0.00183105 1.14418e-05

0.00183105 6.83998e-06
0.00185049 0

0.00185689 0
0.00187988 1.67656e-05

0.00187988 7.67771e-06
0.0019043 1.14033e-05

0.0019043 8.69025e-06
0.00192871 1.08356e-05

0.00192871 9.42992e-06
0.00195312 1.1981e-05

0.00195312 9.29264e-06
0.00197754 1.31879e-05

0.00197754 1.3707e-05
0.00200195 1.26347e-05

0.00200195 1.61393e-05
0.00202637 4.93226e-06

0.00202637 5.43711e-06
0.00205078 8.32042e-06

0.00205078 8.65051e-06
0.0020752 1.52757e-05

0.0020752 9.41053e-06
0.00209961 1.18424e-05

0.00209961 1.36442e-05
0.00212402 1.33852e-05

0.00212402 1.31388e-05
0.00214844 7.77383e-06

0.00214844 7.33047e-06
0.00217285 1.31547e-05

0.00217285 1.40074e-05
0.00219727 1.4058e-05

0.00219727 1.33142e-05
0.00222168 7.23818e-06

0.00222168 7.1511e-06
0.00224609 1.34657e-05

0.00224609 1.41627e-05
0.00227051 1.41584e-05

0.00227051 1.40797e-05
0.00229492 6.53146e-06

0.00229492 7.3266e-06
0.00231934 1.1851e-05

0.00231934 1.03411e-05
0.00234375 1.55095e-05

0.00234375 1.55291e-05
0.00236816 1.04859e-05

0.00236816 1.2564e-05
0.00239258 6.60426e-06

0.00239258 6.61346e-06
0.00241699 1.26017e-05

0.00241699 1.04529e-05
0.00244141 1.55506e-05

0.00244141 1.55458e-05
0.00246582 1.04347e-05

0.00246582 1.253e-05
0.00249023 6.69155e-06

0.00249023 6.6965e-06
0.00251465 1.26095e-05

0.00251465 1.04905e-05
0.00253906 1.54982e-05

0.00253906 1.54913e-05
0.00256348 1.0463e-05

0.00256348 1.24914e-05
0.00258789 6.82337e-06

0.00258789 6.8222e-06
0.0026123 1.26289e-05

0.0026123 1.06293e-05
0.00263672 1.53615e-05

0.00263672 1.53092e-05
0.00266113 1.04195e-05

0.00266113 1.18288e-05
0.00268555 7.68848e-06

0.00268555 6.872e-06
0.00270996 1.4015e-05

0.00270996 1.40238e-05
0.00273438 1.4226e-05

0.00273437 1.40075e-05
0.00275879 7.1515e-06

0.00275879 7.96177e-06
0.0027832 1.18298e-05

0.0027832 1.06316e-05
0.00280762 1.50938e-05

0.00280762 1.50801e-05
0.00283203 1.06173e-05

0.00283203 1.1882e-05
0.00285645 7.93676e-06

0.00285645 7.24342e-06
0.00288086 1.38012e-05

0.00288086 1.38198e-05
0.00290527 1.4036e-05

0.00290527 1.3104e-05
0.00292969 8.23023e-06

0.00292969 8.70903e-06
0.0029541 1.30087e-05

0.0029541 1.33338e-05
0.00297852 1.33704e-05

0.00297852 1.16906e-05
0.00300293 1.00756e-05

0.00300293 1.03517e-05
0.00302734 1.42611e-05

0.00302734 1.27301e-05
0.00305176 1.42663e-05

0.00305176 1.30247e-05
0.00307617 1.37995e-05

0.00307617 1.34167e-05
0.00310059 1.47305e-05

0.00310059 1.3854e-05
0.003125 1.49782e-05

0.00175781 0.00287906
0.00157594 0.00292969

0.0015625 0.00293278
0.00157362 0.00292969

0.00175781 0.00287951
0.00195312 0.00281641

0.00234375 0.00265832
0.00216996 0.00273438

0.00195312 0.00281675
0.00214844 0.00274327

0.00214844 0.00274317
0.00216854 0.00273438

0.00292969 0.00230944
0.0028822 0.00234375

0.003125 0.00214715
0.00312358 0.00214844

0.00302734 0.00223316
0.0030113 0.00224609

0.00297852 0.0022706
0.00294715 0.00229492

0.00292969 0.00230913
0.00294826 0.00229492

0.00297852 0.00227006
0.0030085 0.00224609

0.00302734 0.00223237
0.00312375 0.00214844

0.00244141 0.00261019
0.00238699 0.00263672

0.00234375 0.00265705
0.00238546 0.00263672

0.00244141 0.00260998
0.00253906 0.00255896

0.00273438 0.00244544
0.00257608 0.00253906

0.00253906 0.00255953
0.0025743 0.00253906

0.00283203 0.00237925
0.00273862 0.00244141

0.00273438 0.00244384
0.00273819 0.00244141

0.00283203 0.00237916
0.00288139 0.00234375

0.003125 1.43716e-05
0.00314941 1.55522e-05

0.00314941 1.49117e-05
0.00317383 1.58458e-05

0.00317383 1.53554e-05
0.00319824 1.61361e-05

0.00319824 1.5586e-05
0.00322266 1.65128e-05

0.00322266 1.59318e-05
0.00324707 1.71898e-05

0.00324707 1.65695e-05
0.00327148 1.78087e-05

0.00327148 1.69698e-05
0.0032959 1.84752e-05

0.0032959 1.87085e-05
0.00332031 1.86001e-05

0.00332031 1.68026e-05
0.00334473 1.84274e-05

0.00334473 1.97778e-05
0.00336914 2.07804e-05

0.00336914 1.30032e-05
0.00339355 2.41668e-05

0.00339072 2.44141e-05
0.00339355 2.55334e-05

0.00339355 2.35832e-05
0.00339433 2.44141e-05

0.00339355 2.77159e-05
0.00341745 4.88281e-05

0.0034175 4.88281e-05
0.00341797 4.92719e-05

0.00341797 4.9662e-05
0.00344167 7.32422e-05

0.00344167 7.32422e-05
0.00344238 7.39865e-05

0.00344238 7.41315e-05
0.00346432 9.76563e-05

0.00346486 9.76563e-05
0.0034668 9.98365e-05

0.0034668 0.000100632
0.00348555 0.00012207

0.00348533 0.00012207
0.00349121 0.000129093

0.00349121 0.000128741
0.00350579 0.000146484

0.00350605 0.000146484
0.00351563 0.000159021

0.00351563 0.000159538
0.0035425 0.000195313

0.00354285 0.000195313
0.00356445 0.000227759

0.00356445 0.000229534
0.00357399 0.000244141

0.00357485 0.000244141
0.00360366 0.000292969

0.0036044 0.000292969
0.00361328 0.00031086

0.00361328 0.000312267
0.00362869 0.000341797

0.0036289 0.000341797
0.00365151 0.000390625

0.00365217 0.000390625
0.00368961 0.000488281

0.00368939 0.000488281
0.00371094 0.000564365

0.00371094 0.0005656
0.0037167 0.000585938

0.00371677 0.000585937
0.00373563 0.000683594

0.00373526 0.000683594
0.00374647 0.00078125

0.00374845 0.00078125
0.00374912 0.000976562

0.00374881 0.000976562
0.00372093 0.00117188

0.00371094 0.00120748
0.00366517 0.00136719

0.00366543 0.00136719
0.00358043 0.0015625

0.00371094 0.00120455
0.0037203 0.00117187

0.00332031 0.00194594
0.00331431 0.00195312

0.00351563 0.00167423
0.0034658 0.00175781

0.00341797 0.00181979
0.00339213 0.00185547

0.00332031 0.00194439
0.00339223 0.00185547

0.00341797 0.00181944
0.00346265 0.00175781

0.00331672 0.00195312
0.0031274 0.00214844

0.00351563 0.00167123
0.0035804 0.0015625

