7.11163e-05 0
7.32422e-05 6.13983e-06

7.32422e-05 1.97907e-06
9.63605e-05 2.44141e-05

9.7419e-05 2.44141e-05
9.76563e-05 2.44908e-05

9.76563e-05 1.38304e-05
0.00012207 1.35934e-05

0.00012207 1.37097e-05
0.000146484 1.35195e-05

0.000146484 1.33545e-05
0.000170898 1.37861e-05

0.000170898 1.3892e-05
0.000195313 1.39818e-05

0.000195313 1.38835e-05
0.000219727 1.33923e-05

0.000219727 1.3575e-05
0.000244141 1.35638e-05

0.000244141 1.3685e-05
0.000268555 1.35741e-05

0.000268555 1.35905e-05
0.000292969 1.33839e-05

0.000292969 1.35628e-05
0.000317383 1.33912e-05

0.000317383 1.34456e-05
0.000341797 1.32768e-05

0.000341797 1.34323e-05
0.000366211 1.32748e-05

0.000366211 1.33386e-05
0.000390625 1.31545e-05

0.000390625 1.32833e-05
0.000415039 1.3157e-05

0.000415039 1.32294e-05
0.000439453 1.30814e-05

0.000439453 1.31937e-05
0.000463867 1.30337e-05

0.000463867 1.30926e-05
0.000488281 1.29891e-05

0.000488281 1.31146e-05
0.000512695 1.29651e-05

0.000512695 1.29666e-05
0.000537109 1.29026e-05

0.000537109 1.30453e-05
0.000561523 1.29438e-05

0.000561523 1.2876e-05
0.000585937 1.28497e-05

0.000585937 1.31467e-05
0.000634766 1.2464e-05

0.000634766 1.26792e-05
0.00065918 1.27345e-05

0.00065918 1.2657e-05
0.000683594 1.2689e-05

0.000683594 1.27566e-05
0.000708008 1.27015e-05

0.000708008 1.27045e-05
0.000732422 1.25651e-05

0.000732422 1.25721e-05
0.000756836 1.26932e-05

0.000756836 1.26739e-05
0.00078125 1.2763e-05

0.00078125 1.27097e-05
0.000805664 1.26792e-05

0.000805664 1.27628e-05
0.000830078 1.26316e-05

0.000830078 1.26085e-05
0.000854492 1.25987e-05

0.000854492 1.26854e-05
0.000878906 1.26956e-05

0.000878906 1.25714e-05
0.00090332 1.26498e-05

0.00090332 1.2786e-05
0.000927734 1.27034e-05

0.000927734 1.23667e-05
0.000976562 1.31139e-05

0.000976562 1.28838e-05
0.00100098 1.29383e-05

0.00100098 1.29058e-05
0.00102539 1.30254e-05

0.00102539 1.29397e-05
0.0010498 1.30518e-05

0.0010498 1.29953e-05
0.00107422 1.3095e-05

0.00107422 1.29975e-05
0.00109863 1.3136e-05

0.00109863 1.30484e-05
0.00112305 1.32398e-05

0.00112305 1.31361e-05
0.00114746 1.32722e-05

0.00114746 1.31287e-05
0.00117187 1.33556e-05

0.00117188 1.33419e-05
0.00119629 1.33953e-05

0.00119629 1.32703e-05
0.0012207 1.32917e-05

0.0012207 1.31839e-05
0.00124512 1.35844e-05

0.00124512 1.35095e-05
0.00126953 1.3639e-05

0.00126953 1.34381e-05
0.00129395 1.35212e-05

0.00129395 1.36642e-05
0.00131836 1.36071e-05

0.00131836 1.33269e-05
0.00134277 1.35478e-05

0.00134277 1.3932e-05
0.00136719 1.36659e-05

0.00134277 2.44308e-05
0.00134701 2.44141e-05

0.0013916 1.05384e-06
0.00136824 2.44141e-05

0.00136719 2.47239e-05
0.00136812 2.44141e-05

0.0013916 6.31705e-06
0.0013938 0

0.00146277 0
0.00146484 6.0144e-06

0.00146484 2.80897e-06
0.00148569 2.44141e-05

0.00148849 2.44141e-05
0.00148926 2.46788e-05

0.00148926 1.58201e-05
0.00151367 1.72902e-05

0.00151367 1.71724e-05
0.00153809 1.58116e-05

0.0015625 3.14027e-06
0.00154169 2.44141e-05

0.00153809 2.47352e-05
0.00153903 2.44141e-05

0 0.00312191
0.000390625 0.00311086

0.000390625 0.00311115
0.00078125 0.00307745

0.00078125 0.00307806
0.00117187 0.00301993

0.00117188 0.00302105
0.0015625 0.00293504

0.0015625 6.61265e-06
0.00156479 0

0.00165567 0
0.00166016 1.08191e-05

0.00166016 1.05739e-05
0.00167614 2.44141e-05

0.00167501 2.44141e-05
0.00168457 2.76333e-05

0.00168457 1.75325e-05
0.00170898 1.72898e-05

0.00168457 2.44942e-05
0.0016984 2.44141e-05

0.0017334 1.00731e-05
0.00171729 2.44141e-05

0.00170898 2.74476e-05
0.00171784 2.44141e-05

0.0017334 9.16283e-06
0.00173712 0

0.00179956 0
0.00180664 1.50823e-05

0.00180664 9.97003e-06
0.00183105 1.14779e-05

0.00183105 6.83216e-06
0.00185056 0

0.00185686 0
0.00187988 1.67747e-05

0.00187988 7.70725e-06
0.0019043 1.1399e-05

0.0019043 8.69967e-06
0.00192871 1.08293e-05

0.00192871 9.43679e-06
0.00195312 1.19835e-05

0.00195312 9.29404e-06
0.00197754 1.31853e-05

0.00197754 1.37089e-05
0.00200195 1.26377e-05

0.00200195 1.61149e-05
0.00202637 4.95684e-06

0.00202637 5.42396e-06
0.00205078 8.38493e-06

0.00205078 8.80516e-06
0.0020752 1.52056e-05

0.0020752 9.33906e-06
0.00209961 1.17127e-05

0.00209961 1.35046e-05
0.00212402 1.35248e-05

0.00212402 1.32062e-05
0.00214844 7.87201e-06

0.00214844 7.42507e-06
0.00217285 1.30726e-05

0.00217285 1.39843e-05
0.00219727 1.40413e-05

0.00219727 1.32582e-05
0.00222168 7.31519e-06

0.00222168 7.22641e-06
0.00224609 1.35043e-05

0.00224609 1.42433e-05
0.00227051 1.40746e-05

0.00227051 1.40338e-05
0.00229492 6.47154e-06

0.00229492 7.27635e-06
0.00231934 1.1903e-05

0.00231934 1.03446e-05
0.00234375 1.55127e-05

0.00234375 1.55326e-05
0.00236816 1.0485e-05

0.00236816 1.25589e-05
0.00239258 6.60932e-06

0.00239258 6.62113e-06
0.00241699 1.2607e-05

0.00241699 1.04598e-05
0.00244141 1.55431e-05

0.00244141 1.55374e-05
0.00246582 1.04374e-05

0.00246582 1.25238e-05
0.00249023 6.71161e-06

0.00249023 6.71645e-06
0.00251465 1.26105e-05

0.00251465 1.04993e-05
0.00253906 1.54857e-05

0.00253906 1.54788e-05
0.00256348 1.04687e-05

0.00256348 1.24868e-05
0.00258789 6.84832e-06

0.00258789 6.8483e-06
0.0026123 1.26254e-05

0.0026123 1.06357e-05
0.00263672 1.5346e-05

0.00263672 1.52944e-05
0.00266113 1.04278e-05

0.00266113 1.18287e-05
0.00268555 7.71003e-06

0.00268555 6.89382e-06
0.00270996 1.4009e-05

0.00270996 1.40244e-05
0.00273438 1.42173e-05

0.00273437 1.40049e-05
0.00275879 7.15753e-06

0.00275879 7.96503e-06
0.0027832 1.18289e-05

0.0027832 1.06292e-05
0.00280762 1.50952e-05

0.00280762 1.5092e-05
0.00283203 1.06134e-05

0.00283203 1.18278e-05
0.00285645 7.96939e-06

0.00285645 7.27721e-06
0.00288086 1.38739e-05

0.00288086 1.39712e-05
0.00290527 1.39323e-05

0.00290527 1.30753e-05
0.00292969 8.02384e-06

0.00292969 8.49612e-06
0.0029541 1.30842e-05

0.0029541 1.34007e-05
0.00297852 1.34029e-05

0.00297852 1.16415e-05
0.00300293 9.94164e-06

0.00300293 1.01685e-05
0.00302734 1.44399e-05

0.00302734 1.27864e-05
0.00305176 1.45182e-05

0.00305176 1.32128e-05
0.00307617 1.39099e-05

0.00307617 1.36297e-05
0.00310059 1.4721e-05

0.00310059 1.39447e-05
0.003125 1.48561e-05

0.00175781 0.00287896
0.00157546 0.00292969

0.0015625 0.00293264
0.0015731 0.00292969

0.00175781 0.00287941
0.00195312 0.00281635

0.00234375 0.00265834
0.00216993 0.00273438

0.00195312 0.00281669
0.00214844 0.00274325

0.00214844 0.00274314
0.00216848 0.00273438

0.00292969 0.00230958
0.00288238 0.00234375

0.003125 0.00214725
0.00312369 0.00214844

0.00302734 0.00223336
0.00301155 0.00224609

0.00297852 0.00227074
0.00294733 0.00229492

0.00292969 0.00230927
0.00294845 0.00229492

0.00297852 0.00227021
0.00300869 0.00224609

0.00302734 0.00223254
0.00312396 0.00214844

0.00244141 0.00261023
0.00238705 0.00263672

0.00234375 0.00265707
0.0023855 0.00263672

0.00244141 0.00261002
0.00253906 0.00255901

0.00273438 0.00244554
0.00257619 0.00253906

0.00253906 0.00255958
0.00257439 0.00253906

0.00283203 0.00237936
0.00273876 0.00244141

0.00273438 0.002444
0.00273844 0.00244141

0.00283203 0.00237927
0.00288156 0.00234375

0.003125 1.43408e-05
0.00314941 1.54501e-05

0.00314941 1.48018e-05
0.00317383 1.58012e-05

0.00317383 1.52838e-05
0.00319824 1.61781e-05

0.00319824 1.56704e-05
0.00322266 1.6467e-05

0.00322266 1.58036e-05
0.00324707 1.70572e-05

0.00324707 1.65864e-05
0.00327148 1.78147e-05

0.00327148 1.69537e-05
0.0032959 1.82016e-05

0.0032959 1.84381e-05
0.00332031 1.83743e-05

0.00332031 1.68312e-05
0.00334473 1.81988e-05

0.00334473 1.8712e-05
0.00336914 2.08342e-05

0.00336914 1.40281e-05
0.00339175 2.44141e-05

0.00339064 2.44141e-05
0.00339355 2.54941e-05

0.00339355 2.70853e-05
0.00341797 4.80389e-05

0.0034178 4.88281e-05
0.00341797 4.8997e-05

0.00341797 4.92415e-05
0.0034417 7.32422e-05

0.00344184 7.32422e-05
0.00344238 7.38102e-05

0.00344238 7.39324e-05
0.00346446 9.76563e-05

0.00346498 9.76563e-05
0.0034668 9.97005e-05

0.0034668 0.000100453
0.00348568 0.00012207

0.00348544 0.00012207
0.00349121 0.000128969

0.00349121 0.00012862
0.00350588 0.000146484

0.00350616 0.000146484
0.00351563 0.000158879

0.00351563 0.000159403
0.00354259 0.000195313

0.00354295 0.000195313
0.00356445 0.00022762

0.00356445 0.000229413
0.00357407 0.000244141

0.00357494 0.000244141
0.00360374 0.000292969

0.00360449 0.000292969
0.00361328 0.000310681

0.00361328 0.000312108
0.00362877 0.000341797

0.00362899 0.000341797
0.0036516 0.000390625

0.00365226 0.000390625
0.00368972 0.000488281

0.00368951 0.000488281
0.00371094 0.000563929

0.00371094 0.000565214
0.00371681 0.000585938

0.00371689 0.000585937
0.00373576 0.000683594

0.0037354 0.000683594
0.00374662 0.00078125

0.00374859 0.00078125
0.00374928 0.000976562

0.00374898 0.000976562
0.0037211 0.00117188

0.00371094 0.00120813
0.00366535 0.00136719

0.0036656 0.00136719
0.00358059 0.0015625

0.00371094 0.00120512
0.00372046 0.00117187

0.00332031 0.00194629
0.0033146 0.00195312

0.00351563 0.00167456
0.003466 0.00175781

0.00341797 0.00182004
0.00339231 0.00185547

0.00332031 0.00194462
0.00339241 0.00185547

0.00341797 0.00181968
0.00346284 0.00175781

0.00331692 0.00195312
0.0031276 0.00214844

0.00351563 0.0016715
0.00358056 0.0015625

