7.11433e-05 0
7.32422e-05 6.05693e-06

7.32422e-05 6.67378e-07
9.63889e-05 2.44141e-05

9.76563e-05 1.39146e-05
0.00012207 1.4498e-05

0.00012207 1.38869e-05
0.000146484 1.33061e-05

0.000146484 1.36204e-05
0.000170898 1.39173e-05

0.000170898 1.37902e-05
0.000195313 1.38482e-05

0.000195313 1.39361e-05
0.000219727 1.36892e-05

0.000219727 1.38452e-05
0.000244141 1.34219e-05

0.000244141 1.3546e-05
0.000268555 1.34483e-05

0.000268555 1.35472e-05
0.000292969 1.35752e-05

0.000292969 1.36285e-05
0.000317383 1.34073e-05

0.000317383 1.34868e-05
0.000341797 1.33095e-05

0.000341797 1.34565e-05
0.000366211 1.33192e-05

0.000366211 1.3408e-05
0.000390625 1.31877e-05

0.000390625 1.33276e-05
0.000415039 1.3128e-05

0.000415039 1.32387e-05
0.000439453 1.30686e-05

0.000439453 1.31717e-05
0.000463867 1.30396e-05

0.000463867 1.31223e-05
0.000488281 1.29959e-05

0.000488281 1.30739e-05
0.000512695 1.29569e-05

0.000512695 1.30307e-05
0.000537109 1.29212e-05

0.000537109 1.30011e-05
0.000561523 1.28746e-05

0.000561523 1.29518e-05
0.000585937 1.28214e-05

0.000585938 1.291e-05
0.000610352 1.27821e-05

0.000610352 1.28572e-05
0.000634766 1.27366e-05

0.000634766 1.2827e-05
0.00065918 1.26964e-05

0.00065918 1.27556e-05
0.000683594 1.26562e-05

0.000683594 1.27277e-05
0.000708008 1.26577e-05

0.000708008 1.26783e-05
0.000732422 1.26366e-05

0.000732422 1.26838e-05
0.000756836 1.26438e-05

0.000756836 1.26441e-05
0.00078125 1.26154e-05

0.00078125 1.26284e-05
0.000805664 1.26596e-05

0.000805664 1.26606e-05
0.000830078 1.2642e-05

0.000830078 1.26604e-05
0.000854492 1.26019e-05

0.000854492 1.254e-05
0.000878906 1.26819e-05

0.000878906 1.26605e-05
0.00090332 1.27977e-05

0.00090332 1.26906e-05
0.000927734 1.27215e-05

0.000927734 1.26644e-05
0.000952148 1.28367e-05

0.000952148 1.273e-05
0.000976562 1.29223e-05

0.000976562 1.28062e-05
0.00100098 1.29644e-05

0.00100098 1.28597e-05
0.00102539 1.30153e-05

0.00102539 1.2915e-05
0.0010498 1.30754e-05

0.0010498 1.29996e-05
0.00107422 1.31031e-05

0.00107422 1.29808e-05
0.00109863 1.31571e-05

0.00109863 1.31102e-05
0.00112305 1.32444e-05

0.00112305 1.30381e-05
0.00114746 1.32925e-05

0.00114746 1.33505e-05
0.00117187 1.33714e-05

0.00117188 1.30741e-05
0.00119629 1.32869e-05

0.00119629 1.33022e-05
0.0012207 1.3729e-05

0.0012207 1.34264e-05
0.00124512 1.35604e-05

0.00124512 1.37563e-05
0.00126953 1.3473e-05

0.00126953 1.32555e-05
0.00129395 1.33134e-05

0.00129395 1.3519e-05
0.00131836 1.37955e-05

0.00131836 1.30087e-05
0.00134277 1.39686e-05

0.00134277 1.48667e-05
0.00136719 1.38898e-05

0.00139134 0
0.00136855 2.44141e-05

0.00136719 2.44704e-05
0.00136735 2.44141e-05

0.0013916 3.77163e-06
0.00139288 0

0.00146301 0
0.00146484 5.41621e-06

0.00146484 3.23326e-06
0.00148558 2.44141e-05

0.00148511 2.44141e-05
0.00148926 2.5821e-05

0.00148926 1.57464e-05
0.00151367 1.66592e-05

0.00150837 2.44141e-05
0.00151367 2.4492e-05

0.00151367 1.65243e-05
0.00153809 1.59879e-05

0.00151367 2.44246e-05
0.00151493 2.44141e-05

0.0015625 3.72419e-06
0.00154194 2.44141e-05

0.00153809 2.56919e-05
0.00154191 2.44141e-05

0 0.00312174
0.000390625 0.0031107

0.000390625 0.00311099
0.00078125 0.00307731

0.00078125 0.00307792
0.00117187 0.00301982

0.00117188 0.00302094
0.0015625 0.00293497

0.0015625 6.02247e-06
0.00156456 0

0.00165562 0
0.00166016 1.09289e-05

0.00166016 1.0607e-05
0.0016762 2.44141e-05

0.00167513 2.44141e-05
0.00168457 2.7571e-05

0.00168457 1.73933e-05
0.00170898 1.72485e-05

0.00168457 2.44653e-05
0.00170169 2.44141e-05

0.0017334 1.01625e-05
0.00171737 2.44141e-05

0.00170898 2.75977e-05
0.00171831 2.44141e-05

0.0017334 8.97132e-06
0.00173704 0

0.00179956 0
0.00180664 1.5087e-05

0.00180664 9.9747e-06
0.00183105 1.14727e-05

0.00183105 6.82184e-06
0.00185057 0

0.00185686 0
0.00187988 1.67881e-05

0.00187988 7.72211e-06
0.0019043 1.14014e-05

0.0019043 8.70675e-06
0.00192871 1.08247e-05

0.00192871 9.44025e-06
0.00195312 1.19854e-05

0.00195312 9.29408e-06
0.00197754 1.31863e-05

0.00197754 1.3713e-05
0.00200195 1.26411e-05

0.00200195 1.60972e-05
0.00202637 4.97447e-06

0.00202637 5.45955e-06
0.00205078 8.38928e-06

0.00205078 8.77915e-06
0.0020752 1.52026e-05

0.0020752 9.36888e-06
0.00209961 1.17534e-05

0.00209961 1.35378e-05
0.00212402 1.34796e-05

0.00212402 1.31865e-05
0.00214844 7.85935e-06

0.00214844 7.40583e-06
0.00217285 1.30941e-05

0.00217285 1.39971e-05
0.00219727 1.40453e-05

0.00219727 1.33059e-05
0.00222168 7.25788e-06

0.00222168 7.16423e-06
0.00224609 1.34631e-05

0.00224609 1.41569e-05
0.00227051 1.41584e-05

0.00227051 1.40802e-05
0.00229492 6.54916e-06

0.00229492 7.34142e-06
0.00231934 1.1847e-05

0.00231934 1.03452e-05
0.00234375 1.55041e-05

0.00234375 1.5524e-05
0.00236816 1.04897e-05

0.00236816 1.25607e-05
0.00239258 6.61752e-06

0.00239258 6.62755e-06
0.00241699 1.26024e-05

0.00241699 1.04594e-05
0.00244141 1.55419e-05

0.00244141 1.5536e-05
0.00246582 1.04395e-05

0.00246582 1.25245e-05
0.00249023 6.71392e-06

0.00249023 6.71963e-06
0.00251465 1.26092e-05

0.00251465 1.04984e-05
0.00253906 1.5485e-05

0.00253906 1.54783e-05
0.00256348 1.04714e-05

0.00256348 1.24927e-05
0.00258789 6.84466e-06

0.00258789 6.8418e-06
0.0026123 1.26233e-05

0.0026123 1.06342e-05
0.00263672 1.53541e-05

0.00263672 1.5301e-05
0.00266113 1.04259e-05

0.00266113 1.1828e-05
0.00268555 7.70547e-06

0.00268555 6.89316e-06
0.00270996 1.40102e-05

0.00270996 1.4019e-05
0.00273438 1.42189e-05

0.00273437 1.39974e-05
0.00275879 7.17489e-06

0.00275879 7.98575e-06
0.0027832 1.18313e-05

0.0027832 1.06339e-05
0.00280762 1.50812e-05

0.00280762 1.50725e-05
0.00283203 1.06315e-05

0.00283203 1.18974e-05
0.00285645 7.93867e-06

0.00285645 7.23457e-06
0.00288086 1.3799e-05

0.00288086 1.38463e-05
0.00290527 1.4037e-05

0.00290527 1.31581e-05
0.00292969 8.13085e-06

0.00292969 8.59862e-06
0.0029541 1.2968e-05

0.0029541 1.32487e-05
0.00297852 1.34779e-05

0.00297852 1.17297e-05
0.00300293 1.01402e-05

0.00300293 1.04187e-05
0.00302734 1.42435e-05

0.00302734 1.27609e-05
0.00305176 1.42366e-05

0.00305176 1.30262e-05
0.00307617 1.37605e-05

0.00307617 1.33988e-05
0.00310059 1.4688e-05

0.00310059 1.38208e-05
0.003125 1.49321e-05

0.00175781 0.00287891
0.00157519 0.00292969

0.0015625 0.00293256
0.00157281 0.00292969

0.00175781 0.00287936
0.00195312 0.00281632

0.00234375 0.00265836
0.00216991 0.00273438

0.00195312 0.00281666
0.00214844 0.00274324

0.00214844 0.00274312
0.00216844 0.00273438

0.00292969 0.00230967
0.00288249 0.00234375

0.003125 0.00214731
0.00312376 0.00214844

0.00302734 0.00223348
0.00301169 0.00224609

0.00297852 0.00227083
0.00294744 0.00229492

0.00292969 0.00230935
0.00294856 0.00229492

0.00297852 0.0022703
0.0030088 0.00224609

0.00302734 0.00223264
0.00312409 0.00214844

0.00244141 0.00261026
0.00238709 0.00263672

0.00234375 0.00265707
0.00238553 0.00263672

0.00244141 0.00261004
0.00253906 0.00255905

0.00273438 0.0024456
0.00257626 0.00253906

0.00253906 0.00255961
0.00257445 0.00253906

0.00283203 0.00237943
0.00273885 0.00244141

0.00273438 0.00244409
0.00273859 0.00244141

0.00283203 0.00237935
0.00288166 0.00234375

0.003125 1.43089e-05
0.00314941 1.55292e-05

0.00314941 1.48281e-05
0.00317383 1.59102e-05

0.00317383 1.53516e-05
0.00319824 1.63033e-05

0.00319824 1.57237e-05
0.00322266 1.66575e-05

0.00322266 1.60804e-05
0.00324707 1.72284e-05

0.00324707 1.66392e-05
0.00327148 1.78341e-05

0.00327148 1.71727e-05
0.0032959 1.83845e-05

0.0032959 1.78534e-05
0.00332031 1.89761e-05

0.00332031 1.83078e-05
0.00334473 1.94947e-05

0.00334473 1.94895e-05
0.00336914 1.97139e-05

0.00336914 1.36113e-05
0.00339306 2.44141e-05

0.00339269 2.44141e-05
0.00339355 2.47258e-05

0.00339355 2.63496e-05
0.00341797 4.73403e-05

0.00341797 4.75848e-05
0.00341922 4.88281e-05

0.0034182 4.88281e-05
0.00344194 7.32422e-05

0.00344198 7.32422e-05
0.00344238 7.36733e-05

0.00344238 7.38473e-05
0.00346425 9.76563e-05

0.00346484 9.76563e-05
0.0034668 9.98698e-05

0.0034668 0.000100309
0.00350585 0.000146484

0.00350594 0.000146484
0.00351563 0.000159159

0.00351563 0.000159659
0.00354243 0.000195313

0.00354281 0.000195313
0.00356445 0.000227762

0.00356445 0.000229582
0.00357398 0.000244141

0.00357487 0.000244141
0.00360372 0.000292969

0.00360448 0.000292969
0.00361328 0.000310682

0.00361328 0.000312119
0.00362879 0.000341797

0.003629 0.000341797
0.00365164 0.000390625

0.0036523 0.000390625
0.0036898 0.000488281

0.00368959 0.000488281
0.00371094 0.000563566

0.00371094 0.000564905
0.0037169 0.000585938

0.00371699 0.000585937
0.00373588 0.000683594

0.00373551 0.000683594
0.00374674 0.00078125

0.00374872 0.00078125
0.00374942 0.000976562

0.00374912 0.000976562
0.00372125 0.00117188

0.00371094 0.00120869
0.00366551 0.00136719

0.00366574 0.00136719
0.00358072 0.0015625

0.00371094 0.00120561
0.0037206 0.00117187

0.00332031 0.00194652
0.0033148 0.00195312

0.00351563 0.00167481
0.00346615 0.00175781

0.00341797 0.00182022
0.00339244 0.00185547

0.00332031 0.00194477
0.00339253 0.00185547

0.00341797 0.00181986
0.00346297 0.00175781

0.00331705 0.00195312
0.00312771 0.00214844

0.00351563 0.00167169
0.00358068 0.0015625

