7.15277e-05 0
7.32422e-05 5.01415e-06

7.32422e-05 8.26866e-07
9.63702e-05 2.44141e-05

9.66038e-05 2.44141e-05
9.76563e-05 2.47717e-05

9.76563e-05 1.37652e-05
0.00012207 1.42137e-05

0.000121271 2.44141e-05
0.00012207 2.44195e-05

0.00012207 1.3445e-05
0.000146484 1.37147e-05

0.000146484 1.42146e-05
0.000170898 1.41719e-05

0.000170898 1.38235e-05
0.000195313 1.32714e-05

0.000195313 1.36412e-05
0.000219727 1.39152e-05

0.000219727 1.37192e-05
0.000244141 1.37861e-05

0.000244141 1.39695e-05
0.000268555 1.36874e-05

0.000268555 1.37883e-05
0.000292969 1.32937e-05

0.000292969 1.35084e-05
0.000317383 1.34143e-05

0.000317383 1.34869e-05
0.000341797 1.34566e-05

0.000341797 1.35647e-05
0.000366211 1.33133e-05

0.000366211 1.3388e-05
0.000390625 1.31872e-05

0.000390625 1.33692e-05
0.000415039 1.32167e-05

0.000415039 1.32799e-05
0.000439453 1.30743e-05

0.000439453 1.32087e-05
0.000463867 1.30808e-05

0.000463867 1.31603e-05
0.000488281 1.30104e-05

0.000488281 1.31087e-05
0.000512695 1.29665e-05

0.000512695 1.30415e-05
0.000537109 1.29267e-05

0.000537109 1.30208e-05
0.000561523 1.28916e-05

0.000561523 1.29642e-05
0.000585937 1.28213e-05

0.000585938 1.29686e-05
0.000610352 1.27425e-05

0.000610352 1.28007e-05
0.000634766 1.26679e-05

0.000634766 1.27824e-05
0.00065918 1.27433e-05

0.00065918 1.27963e-05
0.000683594 1.26179e-05

0.000683594 1.26403e-05
0.000708008 1.26378e-05

0.000708008 1.268e-05
0.000732422 1.27308e-05

0.000732422 1.27291e-05
0.000756836 1.26195e-05

0.000756836 1.26777e-05
0.00078125 1.25814e-05

0.00078125 1.25296e-05
0.000805664 1.26861e-05

0.000805664 1.27236e-05
0.000830078 1.27516e-05

0.000830078 1.25743e-05
0.000878906 1.27861e-05

0.000878906 1.27151e-05
0.00090332 1.27519e-05

0.00090332 1.27222e-05
0.000927734 1.27953e-05

0.000927734 1.27286e-05
0.000952148 1.28402e-05

0.000952148 1.2767e-05
0.000976562 1.29065e-05

0.000976562 1.28172e-05
0.00100098 1.29471e-05

0.00100098 1.28558e-05
0.00102539 1.30005e-05

0.00102539 1.29026e-05
0.0010498 1.3066e-05

0.0010498 1.29967e-05
0.00107422 1.30914e-05

0.00107422 1.29604e-05
0.00109863 1.31432e-05

0.00109863 1.31038e-05
0.00112305 1.32455e-05

0.00112305 1.30222e-05
0.00114746 1.32849e-05

0.00114746 1.33222e-05
0.00117187 1.34062e-05

0.00117188 1.31584e-05
0.00119629 1.32705e-05

0.00119629 1.32093e-05
0.0012207 1.36821e-05

0.0012207 1.33925e-05
0.00124512 1.37292e-05

0.00124512 1.38684e-05
0.00126953 1.35219e-05

0.00126953 1.32371e-05
0.00129395 1.33713e-05

0.00129395 1.37402e-05
0.00131836 1.38483e-05

0.00131836 1.33875e-05
0.00134277 1.3381e-05

0.00134277 1.38129e-05
0.00136719 1.3766e-05

0.0013916 1.134e-06
0.00136839 2.44141e-05

0.0013916 5.17567e-06
0.00139338 0

0.001463 0
0.00146484 5.41345e-06

0.00146484 3.24431e-06
0.00148549 2.44141e-05

0.00148639 2.44141e-05
0.00148926 2.53938e-05

0.00148926 1.61387e-05
0.00151367 1.67028e-05

0.00151016 2.44141e-05
0.00151367 2.44469e-05

0.00151367 1.62363e-05
0.00153809 1.57208e-05

0.00151367 2.44282e-05
0.00151539 2.44141e-05

0.0015625 4.25226e-06
0.00154198 2.44141e-05

0.00153809 2.55458e-05
0.00154155 2.44141e-05

0 0.00312143
0.000390625 0.0031104

0.000390625 0.00311068
0.00078125 0.00307704

0.00078125 0.00307766
0.00117187 0.00301961

0.00117188 0.00302072
0.0015625 0.00293482

0.0015625 6.15446e-06
0.00156461 0

0.00165563 0
0.00166016 1.08971e-05

0.00166016 1.06003e-05
0.0016762 2.44141e-05

0.00167513 2.44141e-05
0.00168457 2.75726e-05

0.00168457 1.73972e-05
0.00170898 1.72479e-05

0.00168457 2.4466e-05
0.00170115 2.44141e-05

0.0017334 1.01582e-05
0.00171736 2.44141e-05

0.00170898 2.75855e-05
0.00171827 2.44141e-05

0.0017334 8.98903e-06
0.00173704 0

0.0017996 0
0.00180664 1.50465e-05

0.00180664 9.93844e-06
0.00183105 1.15177e-05

0.00183105 6.81341e-06
0.00185069 0

0.00185681 0
0.00187988 1.67967e-05

0.00187988 7.76073e-06
0.0019043 1.14039e-05

0.0019043 8.72328e-06
0.00192871 1.08151e-05

0.00192871 9.45098e-06
0.00195312 1.19894e-05

0.00195312 9.30023e-06
0.00197754 1.31806e-05

0.00197754 1.37097e-05
0.00200195 1.26449e-05

0.00200195 1.60831e-05
0.00202637 4.99807e-06

0.00202637 5.48095e-06
0.00205078 8.40244e-06

0.00205078 8.7717e-06
0.0020752 1.52147e-05

0.0020752 9.41369e-06
0.00209961 1.17751e-05

0.00209961 1.35579e-05
0.00212402 1.34386e-05

0.00212402 1.31448e-05
0.00214844 7.88717e-06

0.00214844 7.44222e-06
0.00217285 1.31207e-05

0.00217285 1.40012e-05
0.00219727 1.40226e-05

0.00219727 1.33285e-05
0.00222168 7.26278e-06

0.00222168 7.1574e-06
0.00224609 1.34298e-05

0.00224609 1.41162e-05
0.00227051 1.41887e-05

0.00227051 1.4097e-05
0.00229492 6.58713e-06

0.00229492 7.37047e-06
0.00231934 1.18226e-05

0.00231934 1.03473e-05
0.00234375 1.54985e-05

0.00234375 1.55147e-05
0.00236816 1.04929e-05

0.00236816 1.25545e-05
0.00239258 6.63692e-06

0.00239258 6.6469e-06
0.00241699 1.2603e-05

0.00241699 1.0467e-05
0.00244141 1.553e-05

0.00244141 1.55243e-05
0.00246582 1.04457e-05

0.00246582 1.25209e-05
0.00249023 6.73672e-06

0.00249023 6.74153e-06
0.00251465 1.26078e-05

0.00251465 1.05078e-05
0.00253906 1.54727e-05

0.00253906 1.54653e-05
0.00256348 1.04766e-05

0.00256348 1.2483e-05
0.00258789 6.87531e-06

0.00258789 6.87405e-06
0.0026123 1.26244e-05

0.0026123 1.06461e-05
0.00263672 1.53335e-05

0.00263672 1.52813e-05
0.00266113 1.04361e-05

0.00266113 1.18313e-05
0.00268555 7.73293e-06

0.00268555 6.91854e-06
0.00270996 1.39997e-05

0.00270996 1.40178e-05
0.00273438 1.42121e-05

0.00273437 1.40011e-05
0.00275879 7.17861e-06

0.00275879 7.98658e-06
0.0027832 1.18228e-05

0.0027832 1.0621e-05
0.00280762 1.50898e-05

0.00280762 1.50935e-05
0.00283203 1.06316e-05

0.00283203 1.18801e-05
0.00285645 7.92368e-06

0.00285645 7.21101e-06
0.00288086 1.38474e-05

0.00288086 1.39678e-05
0.00290527 1.39788e-05

0.00290527 1.31777e-05
0.00292969 7.89543e-06

0.00292969 8.35038e-06
0.0029541 1.30012e-05

0.0029541 1.33022e-05
0.00297852 1.3524e-05

0.00297852 1.16131e-05
0.00300293 1.00311e-05

0.00300293 1.02522e-05
0.00302734 1.45246e-05

0.00302734 1.28587e-05
0.00305176 1.45367e-05

0.00305176 1.32463e-05
0.00307617 1.3977e-05

0.00307617 1.36822e-05
0.00310059 1.4814e-05

0.00310059 1.40447e-05
0.003125 1.49277e-05

0.00175781 0.0028788
0.00157467 0.00292969

0.0015625 0.0029324
0.00157225 0.00292969

0.00175781 0.00287926
0.00195312 0.00281626

0.00234375 0.00265838
0.00216988 0.00273438

0.00195312 0.0028166
0.00214844 0.00274322

0.00214844 0.00274308
0.00216836 0.00273438

0.00292969 0.00230983
0.00288269 0.00234375

0.003125 0.00214745
0.00312391 0.00214844

0.00302734 0.0022337
0.00301197 0.00224609

0.00297852 0.00227099
0.00294763 0.00229492

0.00292969 0.0023095
0.00294876 0.00229492

0.00297852 0.00227045
0.00300898 0.00224609

0.00302734 0.0022328
0.00312431 0.00214844

0.00244141 0.0026103
0.00238717 0.00263672

0.00234375 0.00265708
0.00238556 0.00263672

0.00244141 0.00261008
0.00253906 0.0025591

0.00273438 0.00244571
0.00257638 0.00253906

0.00253906 0.00255965
0.00257453 0.00253906

0.00283203 0.00237956
0.00273901 0.00244141

0.00273438 0.00244423
0.00273881 0.00244141

0.00283203 0.00237947
0.00288185 0.00234375

0.003125 1.44475e-05
0.00314941 1.54514e-05

0.00314941 1.48149e-05
0.00317383 1.57939e-05

0.00317383 1.52509e-05
0.00319824 1.62875e-05

0.00319824 1.58662e-05
0.00322266 1.6527e-05

0.00322266 1.56649e-05
0.00324707 1.70376e-05

0.00324707 1.71872e-05
0.00327148 1.76925e-05

0.00327148 1.6704e-05
0.0032959 1.69376e-05

0.0032959 1.56383e-05
0.00332031 1.968e-05

0.00332031 2.03541e-05
0.00334473 2.13429e-05

0.00334473 1.95578e-05
0.00336914 1.77381e-05

0.00336914 1.28335e-05
0.00339192 2.44141e-05

0.00339144 2.44141e-05
0.00339355 2.52565e-05

0.00339355 2.70089e-05
0.00341797 4.83924e-05

0.0034175 4.88281e-05
0.00341797 4.92954e-05

0.00341797 4.94562e-05
0.00344143 7.32422e-05

0.00344161 7.32422e-05
0.00344238 7.40422e-05

0.00344238 7.42291e-05
0.00346421 9.76563e-05

0.00346472 9.76563e-05
0.0034668 9.99801e-05

0.0034668 0.000100706
0.00348551 0.00012207

0.00348529 0.00012207
0.00349121 0.000129135

0.00349121 0.000128808
0.00350576 0.000146484

0.00350605 0.000146484
0.00351563 0.000158988

0.00351563 0.000159497
0.00354259 0.000195313

0.00354296 0.000195313
0.00356445 0.000227533

0.00356445 0.000229346
0.00357414 0.000244141

0.00357501 0.000244141
0.00360387 0.000292969

0.00360462 0.000292969
0.00361328 0.000310385

0.00361328 0.000311814
0.00362895 0.000341797

0.00362916 0.000341797
0.0036518 0.000390625

0.00365246 0.000390625
0.00368997 0.000488281

0.00368976 0.000488281
0.00371094 0.000562933

0.00371094 0.000564322
0.00371707 0.000585938

0.00371717 0.000585937
0.00373606 0.000683594

0.0037357 0.000683594
0.00374693 0.00078125

0.00374891 0.00078125
0.00374962 0.000976562

0.00374932 0.000976562
0.00372147 0.00117188

0.00371094 0.00120946
0.00366574 0.00136719

0.00366597 0.00136719
0.00358096 0.0015625

0.00371094 0.00120626
0.00372079 0.00117187

0.00332031 0.00194696
0.00331517 0.00195312

0.00351563 0.00167529
0.00346644 0.00175781

0.00341797 0.00182054
0.00339267 0.00185547

0.00332031 0.00194506
0.00339276 0.00185547

0.00341797 0.00182017
0.00346322 0.00175781

0.00331728 0.00195312
0.00312791 0.00214844

0.00351563 0.00167203
0.00358088 0.0015625

