7.12548e-05 0
7.32422e-05 5.75936e-06

7.32422e-05 1.08246e-06
9.64606e-05 2.44141e-05

9.76563e-05 1.35328e-05
0.00012207 1.42429e-05

0.00012207 1.39667e-05
0.000146484 1.3738e-05

0.000146484 1.39086e-05
0.000170898 1.35216e-05

0.000170898 1.34197e-05
0.000195313 1.37055e-05

0.000195313 1.38336e-05
0.000219727 1.40242e-05

0.000219727 1.39876e-05
0.000244141 1.34245e-05

0.000244141 1.36073e-05
0.000268555 1.3407e-05

0.000268555 1.34606e-05
0.000292969 1.36546e-05

0.000292969 1.37479e-05
0.000317383 1.35539e-05

0.000317383 1.36349e-05
0.000341797 1.31927e-05

0.000341797 1.33665e-05
0.000366211 1.32856e-05

0.000366211 1.3361e-05
0.000390625 1.33486e-05

0.000390625 1.34167e-05
0.000415039 1.32173e-05

0.000415039 1.3315e-05
0.000439453 1.3105e-05

0.000439453 1.32483e-05
0.000463867 1.30824e-05

0.000463867 1.31818e-05
0.000488281 1.29996e-05

0.000488281 1.31045e-05
0.000512695 1.29654e-05

0.000512695 1.30578e-05
0.000537109 1.29255e-05

0.000537109 1.30223e-05
0.000561523 1.286e-05

0.000561523 1.29696e-05
0.000585937 1.27844e-05

0.000585938 1.28627e-05
0.000610352 1.27591e-05

0.000610352 1.28608e-05
0.000634766 1.2748e-05

0.000634766 1.28211e-05
0.00065918 1.26433e-05

0.00065918 1.27061e-05
0.000683594 1.26553e-05

0.000683594 1.26819e-05
0.000708008 1.2712e-05

0.000708008 1.2698e-05
0.000732422 1.27051e-05

0.000732422 1.27683e-05
0.000756836 1.26355e-05

0.000756836 1.26451e-05
0.00078125 1.25741e-05

0.00078125 1.25896e-05
0.000805664 1.27162e-05

0.000805664 1.26705e-05
0.000830078 1.27236e-05

0.000830078 1.27063e-05
0.000854492 1.2673e-05

0.000854492 1.26565e-05
0.000878906 1.26914e-05

0.000878906 1.26277e-05
0.00090332 1.27998e-05

0.00090332 1.27556e-05
0.000927734 1.28315e-05

0.000927734 1.27367e-05
0.000952148 1.27966e-05

0.000952148 1.27543e-05
0.000976562 1.29165e-05

0.000976562 1.28112e-05
0.00100098 1.29493e-05

0.00100098 1.28525e-05
0.00102539 1.30126e-05

0.00102539 1.29089e-05
0.0010498 1.30777e-05

0.0010498 1.29908e-05
0.00107422 1.31138e-05

0.00107422 1.29777e-05
0.00109863 1.31841e-05

0.00109863 1.31298e-05
0.00112305 1.32702e-05

0.00112305 1.30777e-05
0.00114746 1.32861e-05

0.00114746 1.32619e-05
0.00117187 1.34393e-05

0.00117188 1.31901e-05
0.00119629 1.34314e-05

0.00119629 1.35381e-05
0.0012207 1.35156e-05

0.0012207 1.32352e-05
0.00124512 1.33532e-05

0.00124512 1.34239e-05
0.00126953 1.3803e-05

0.00126953 1.34437e-05
0.00129395 1.37048e-05

0.00129395 1.40473e-05
0.00131836 1.35687e-05

0.00131836 1.3017e-05
0.00134277 1.34204e-05

0.00134277 1.41682e-05
0.00136719 1.40457e-05

0.00134277 2.4424e-05
0.00134831 2.44141e-05

0.0013916 5.54747e-07
0.0013685 2.44141e-05

0.00136719 2.4709e-05
0.00136804 2.44141e-05

0.0013916 4.80722e-06
0.00139324 0

0.00146297 0
0.00146484 5.51166e-06

0.00146484 3.39405e-06
0.0014856 2.44141e-05

0.00148538 2.44141e-05
0.00148926 2.57183e-05

0.00148926 1.56285e-05
0.00151367 1.65624e-05

0.00151367 1.64604e-05
0.00153809 1.61949e-05

0.00151367 2.44187e-05
0.00151521 2.44141e-05

0.0015625 3.86507e-06
0.00154208 2.44141e-05

0.00153809 2.58703e-05
0.00154245 2.44141e-05

0 0.00312134
0.000390625 0.00311032

0.000390625 0.0031106
0.00078125 0.00307697

0.00078125 0.00307758
0.00117187 0.00301955

0.00117188 0.00302066
0.0015625 0.00293477

0.0015625 5.95302e-06
0.00156452 0

0.00165563 0
0.00166016 1.08981e-05

0.00166016 1.0622e-05
0.00167619 2.44141e-05

0.00167504 2.44141e-05
0.00168457 2.75954e-05

0.00168457 1.73853e-05
0.00170898 1.72118e-05

0.00168457 2.44722e-05
0.00169977 2.44141e-05

0.0017334 1.01616e-05
0.00171734 2.44141e-05

0.00170898 2.75578e-05
0.00171821 2.44141e-05

0.0017334 9.02089e-06
0.00173706 0

0.00179959 0
0.00180664 1.50481e-05

0.00180664 9.94665e-06
0.00183105 1.15153e-05

0.00183105 6.79662e-06
0.00185071 0

0.0018568 0
0.00187988 1.68111e-05

0.00187988 7.77752e-06
0.0019043 1.13949e-05

0.0019043 8.72493e-06
0.00192871 1.08142e-05

0.00192871 9.45509e-06
0.00195312 1.19907e-05

0.00195312 9.29929e-06
0.00197754 1.31793e-05

0.00197754 1.37095e-05
0.00200195 1.26503e-05

0.00200195 1.60681e-05
0.00202637 5.0181e-06

0.00202637 5.49438e-06
0.00205078 8.42594e-06

0.00205078 8.84502e-06
0.0020752 1.51603e-05

0.0020752 9.35903e-06
0.00209961 1.17187e-05

0.00209961 1.34997e-05
0.00212402 1.35072e-05

0.00212402 1.31096e-05
0.00214844 7.9779e-06

0.00214844 7.55091e-06
0.00217285 1.31578e-05

0.00217285 1.41198e-05
0.00219727 1.38974e-05

0.00219727 1.32306e-05
0.00222168 7.18309e-06

0.00222168 7.09863e-06
0.00224609 1.35309e-05

0.00224609 1.41412e-05
0.00227051 1.41754e-05

0.00227051 1.40909e-05
0.00229492 6.58435e-06

0.00229492 7.37596e-06
0.00231934 1.1832e-05

0.00231934 1.03508e-05
0.00234375 1.54917e-05

0.00234375 1.55111e-05
0.00236816 1.04985e-05

0.00236816 1.25573e-05
0.00239258 6.64245e-06

0.00239258 6.65293e-06
0.00241699 1.26002e-05

0.00241699 1.04681e-05
0.00244141 1.55283e-05

0.00244141 1.55226e-05
0.00246582 1.0447e-05

0.00246582 1.25216e-05
0.00249023 6.73919e-06

0.00249023 6.74463e-06
0.00251465 1.26057e-05

0.00251465 1.05058e-05
0.00253906 1.54721e-05

0.00253906 1.54662e-05
0.00256348 1.04784e-05

0.00256348 1.24908e-05
0.00258789 6.86619e-06

0.00258789 6.86461e-06
0.0026123 1.26184e-05

0.0026123 1.06394e-05
0.00263672 1.53403e-05

0.00263672 1.52884e-05
0.00266113 1.04307e-05

0.00266113 1.18262e-05
0.00268555 7.72236e-06

0.00268555 6.90724e-06
0.00270996 1.40083e-05

0.00270996 1.40235e-05
0.00273438 1.42136e-05

0.00273437 1.40123e-05
0.00275879 7.15914e-06

0.00275879 7.96753e-06
0.0027832 1.18146e-05

0.0027832 1.06144e-05
0.00280762 1.50977e-05

0.00280762 1.50995e-05
0.00283203 1.06154e-05

0.00283203 1.18225e-05
0.00285645 7.95587e-06

0.00285645 7.26238e-06
0.00288086 1.389e-05

0.00288086 1.40021e-05
0.00290527 1.39208e-05

0.00290527 1.30988e-05
0.00292969 7.9448e-06

0.00292969 8.43663e-06
0.0029541 1.30479e-05

0.0029541 1.32714e-05
0.00297852 1.3487e-05

0.00297852 1.16717e-05
0.00300293 1.00977e-05

0.00300293 1.02998e-05
0.00302734 1.44168e-05

0.00302734 1.27982e-05
0.00305176 1.45085e-05

0.00305176 1.31929e-05
0.00307617 1.40113e-05

0.00307617 1.36345e-05
0.00310059 1.49042e-05

0.00310059 1.40917e-05
0.003125 1.50792e-05

0.00175781 0.00287876
0.00157449 0.00292969

0.0015625 0.00293234
0.00157206 0.00292969

0.00175781 0.00287922
0.00195312 0.00281623

0.00234375 0.00265837
0.00216984 0.00273438

0.00195312 0.00281657
0.00214844 0.0027432

0.00214844 0.00274306
0.0021683 0.00273438

0.00292969 0.00230985
0.00288272 0.00234375

0.003125 0.00214748
0.00312395 0.00214844

0.00302734 0.00223375
0.00301202 0.00224609

0.00297852 0.00227101
0.00294766 0.00229492

0.00292969 0.00230953
0.00294879 0.00229492

0.00297852 0.00227048
0.00300902 0.00224609

0.00302734 0.00223283
0.00312435 0.00214844

0.00244141 0.0026103
0.00238716 0.00263672

0.00234375 0.00265707
0.00238554 0.00263672

0.00244141 0.00261008
0.00253906 0.0025591

0.00273438 0.00244572
0.00257639 0.00253906

0.00253906 0.00255964
0.00257452 0.00253906

0.00283203 0.00237957
0.00273902 0.00244141

0.00273438 0.00244425
0.00273884 0.00244141

0.00283203 0.00237949
0.00288187 0.00234375

0.003125 1.46148e-05
0.00314941 1.55013e-05

0.00314941 1.49566e-05
0.00317383 1.56671e-05

0.00317383 1.52068e-05
0.00319824 1.60993e-05

0.00319824 1.56565e-05
0.00322266 1.6495e-05

0.00322266 1.58649e-05
0.00324707 1.6911e-05

0.00324707 1.64039e-05
0.00327148 1.76294e-05

0.00327148 1.69843e-05
0.0032959 1.80653e-05

0.0032959 1.74641e-05
0.00332031 1.86388e-05

0.00332031 1.78969e-05
0.00334473 1.94723e-05

0.00334473 1.94498e-05
0.00336914 1.98039e-05

0.00336914 1.32713e-05
0.00339274 2.44141e-05

0.0033919 2.44141e-05
0.00339355 2.50532e-05

0.00339355 2.72572e-05
0.00341797 4.85268e-05

0.00341776 4.88281e-05
0.00341797 4.90333e-05

0.00341797 4.87083e-05
0.00341809 4.88281e-05

0.00341797 4.9308e-05
0.00344174 7.32422e-05

0.0034418 7.32422e-05
0.00344238 7.38564e-05

0.00344238 7.40272e-05
0.00346432 9.76563e-05

0.00346487 9.76563e-05
0.0034668 9.98229e-05

0.0034668 0.000100305
0.00350604 0.000146484

0.00350606 0.000146484
0.00351563 0.000158992

0.00351563 0.000159264
0.00354242 0.000195313

0.00354295 0.000195313
0.00356445 0.000227552

0.00356445 0.000229351
0.00357413 0.000244141

0.003575 0.000244141
0.00360387 0.000292969

0.00360462 0.000292969
0.00361328 0.000310388

0.00361328 0.000311809
0.00362896 0.000341797

0.00362916 0.000341797
0.00365182 0.000390625

0.00365248 0.000390625
0.00369 0.000488281

0.00368979 0.000488281
0.00371094 0.000562798

0.00371094 0.000564204
0.0037171 0.000585938

0.00371721 0.000585937
0.00373611 0.000683594

0.00373574 0.000683594
0.00374699 0.00078125

0.00374896 0.00078125
0.00374969 0.000976562

0.00374939 0.000976562
0.00372154 0.00117188

0.00371094 0.00120973
0.00366582 0.00136719

0.00366605 0.00136719
0.00358104 0.0015625

0.00371094 0.0012065
0.00372086 0.00117187

0.00332031 0.0019471
0.00331528 0.00195312

0.00351563 0.00167544
0.00346653 0.00175781

0.00341797 0.00182063
0.00339274 0.00185547

0.00332031 0.00194512
0.00339282 0.00185547

0.00341797 0.00182026
0.00346329 0.00175781

0.00331734 0.00195312
0.00312795 0.00214844

0.00351563 0.00167213
0.00358095 0.0015625

