7.16417e-05 0
7.32422e-05 4.69275e-06

7.32422e-05 8.28704e-07
9.62973e-05 2.44141e-05

9.76563e-05 1.38778e-05
0.00012207 1.42306e-05

0.00012207 1.35692e-05
0.000146484 1.35156e-05

0.000146484 1.40342e-05
0.000170898 1.39934e-05

0.000170898 1.36106e-05
0.000195313 1.34128e-05

0.000195313 1.37482e-05
0.000219727 1.39829e-05

0.000219727 1.37648e-05
0.000244141 1.36107e-05

0.000244141 1.38309e-05
0.000268555 1.36687e-05

0.000268555 1.36912e-05
0.000292969 1.34417e-05

0.000292969 1.3666e-05
0.000317383 1.34626e-05

0.000317383 1.35035e-05
0.000341797 1.33288e-05

0.000341797 1.35264e-05
0.000366211 1.33453e-05

0.000366211 1.33626e-05
0.000390625 1.32047e-05

0.000390625 1.33848e-05
0.000415039 1.32569e-05

0.000415039 1.32919e-05
0.000439453 1.30898e-05

0.000439453 1.32506e-05
0.000463867 1.30993e-05

0.000463867 1.31748e-05
0.000488281 1.29895e-05

0.000488281 1.31033e-05
0.000512695 1.29815e-05

0.000512695 1.30699e-05
0.000537109 1.29208e-05

0.000537109 1.30134e-05
0.000561523 1.28599e-05

0.000561523 1.29685e-05
0.000585937 1.28053e-05

0.000585938 1.29116e-05
0.000610352 1.27319e-05

0.000610352 1.28279e-05
0.000634766 1.26942e-05

0.000634766 1.27294e-05
0.00065918 1.27278e-05

0.00065918 1.27822e-05
0.000683594 1.27377e-05

0.000683594 1.27827e-05
0.000708008 1.26126e-05

0.000708008 1.26379e-05
0.000732422 1.2646e-05

0.000732422 1.26863e-05
0.000756836 1.272e-05

0.000756836 1.26998e-05
0.00078125 1.26308e-05

0.00078125 1.26829e-05
0.000805664 1.2628e-05

0.000805664 1.26083e-05
0.000830078 1.26463e-05

0.000830078 1.25992e-05
0.000854492 1.27641e-05

0.000854492 1.2717e-05
0.000878906 1.27661e-05

0.000878906 1.27059e-05
0.00090332 1.27256e-05

0.00090332 1.27205e-05
0.000927734 1.27899e-05

0.000927734 1.27073e-05
0.000952148 1.28208e-05

0.000952148 1.27505e-05
0.000976562 1.29182e-05

0.000976562 1.2801e-05
0.00100098 1.29621e-05

0.00100098 1.28813e-05
0.00102539 1.30141e-05

0.00102539 1.28887e-05
0.0010498 1.30621e-05

0.0010498 1.30169e-05
0.00107422 1.31246e-05

0.00107422 1.29273e-05
0.00109863 1.3177e-05

0.00109863 1.32053e-05
0.00112305 1.32936e-05

0.00112305 1.3063e-05
0.00114746 1.31682e-05

0.00114746 1.3122e-05
0.00117187 1.35286e-05

0.00117188 1.3337e-05
0.00119629 1.34844e-05

0.00119629 1.34643e-05
0.0012207 1.3402e-05

0.0012207 1.32541e-05
0.00124512 1.34762e-05

0.00124512 1.33558e-05
0.00126953 1.38365e-05

0.00126953 1.37461e-05
0.00129395 1.36966e-05

0.00129395 1.37585e-05
0.00131836 1.33601e-05

0.00131836 1.31721e-05
0.00134277 1.36803e-05

0.00134277 1.41735e-05
0.00136719 1.36993e-05

0.0013916 5.89867e-07
0.00136836 2.44141e-05

0.00136719 2.46345e-05
0.00136783 2.44141e-05

0.0013916 5.08706e-06
0.00139334 0

0.00146303 0
0.00146484 5.32118e-06

0.00146484 3.10469e-06
0.0014855 2.44141e-05

0.00148667 2.44141e-05
0.00148926 2.53026e-05

0.00148926 1.60859e-05
0.00151367 1.6898e-05

0.00151208 2.44141e-05
0.00151367 2.44364e-05

0.00151367 1.65144e-05
0.00153809 1.57434e-05

0.0015625 3.97668e-06
0.00154191 2.44141e-05

0.00153809 2.531e-05
0.0015408 2.44141e-05

0 0.00312132
0.000390625 0.0031103

0.000390625 0.00311058
0.00078125 0.00307695

0.00078125 0.00307757
0.00117187 0.00301953

0.00117188 0.00302065
0.0015625 0.00293476

0.0015625 6.29398e-06
0.00156466 0

0.00165563 0
0.00166016 1.08956e-05

0.00166016 1.06059e-05
0.0016762 2.44141e-05

0.00167514 2.44141e-05
0.00168457 2.75661e-05

0.00168457 1.73821e-05
0.00170898 1.72325e-05

0.00168457 2.44657e-05
0.00170105 2.44141e-05

0.0017334 1.01627e-05
0.00171735 2.44141e-05

0.00170898 2.75807e-05
0.00171827 2.44141e-05

0.0017334 8.99083e-06
0.00173704 0

0.00179961 0
0.00180664 1.50277e-05

0.00180664 9.92004e-06
0.00183105 1.15386e-05

0.00183105 6.80961e-06
0.00185075 0

0.0018568 0
0.00187988 1.68001e-05

0.00187988 7.77999e-06
0.0019043 1.14049e-05

0.0019043 8.73051e-06
0.00192871 1.08091e-05

0.00192871 9.45469e-06
0.00195312 1.19924e-05

0.00195312 9.30284e-06
0.00197754 1.31789e-05

0.00197754 1.37077e-05
0.00200195 1.26488e-05

0.00200195 1.60684e-05
0.00202637 5.02136e-06

0.00202637 5.49548e-06
0.00205078 8.42435e-06

0.00205078 8.83659e-06
0.0020752 1.51697e-05

0.0020752 9.37175e-06
0.00209961 1.17277e-05

0.00209961 1.35058e-05
0.00212402 1.34988e-05

0.00212402 1.31826e-05
0.00214844 7.90766e-06

0.00214844 7.45675e-06
0.00217285 1.30857e-05

0.00217285 1.39954e-05
0.00219727 1.40268e-05

0.00219727 1.33276e-05
0.00222168 7.25651e-06

0.00222168 7.15126e-06
0.00224609 1.34298e-05

0.00224609 1.41021e-05
0.00227051 1.42013e-05

0.00227051 1.4103e-05
0.00229492 6.61065e-06

0.00229492 7.39226e-06
0.00231934 1.18133e-05

0.00231934 1.03508e-05
0.00234375 1.54916e-05

0.00234375 1.55085e-05
0.00236816 1.04982e-05

0.00236816 1.2557e-05
0.00239258 6.64601e-06

0.00239258 6.65583e-06
0.00241699 1.25985e-05

0.00241699 1.04679e-05
0.00244141 1.55268e-05

0.00244141 1.55212e-05
0.00246582 1.04477e-05

0.00246582 1.25225e-05
0.00249023 6.73953e-06

0.00249023 6.74479e-06
0.00251465 1.26042e-05

0.00251465 1.05048e-05
0.00253906 1.54723e-05

0.00253906 1.54666e-05
0.00256348 1.04782e-05

0.00256348 1.24942e-05
0.00258789 6.86128e-06

0.00258789 6.86103e-06
0.0026123 1.26134e-05

0.0026123 1.06353e-05
0.00263672 1.53394e-05

0.00263672 1.52865e-05
0.00266113 1.04266e-05

0.00266113 1.18213e-05
0.00268555 7.72083e-06

0.00268555 6.90304e-06
0.00270996 1.40115e-05

0.00270996 1.40254e-05
0.00273438 1.42138e-05

0.00273437 1.401e-05
0.00275879 7.15801e-06

0.00275879 7.96188e-06
0.0027832 1.18238e-05

0.0027832 1.06201e-05
0.00280762 1.51072e-05

0.00280762 1.51076e-05
0.00283203 1.06187e-05

0.00283203 1.18473e-05
0.00285645 7.93719e-06

0.00285645 7.24852e-06
0.00288086 1.38647e-05

0.00288086 1.39638e-05
0.00290527 1.39433e-05

0.00290527 1.3063e-05
0.00292969 8.02283e-06

0.00292969 8.52081e-06
0.0029541 1.30775e-05

0.0029541 1.33718e-05
0.00297852 1.33775e-05

0.00297852 1.15755e-05
0.00300293 1.00302e-05

0.00300293 1.02379e-05
0.00302734 1.45131e-05

0.00302734 1.27951e-05
0.00305176 1.45579e-05

0.00305176 1.32415e-05
0.00307617 1.40796e-05

0.00307617 1.37499e-05
0.00310059 1.48688e-05

0.00310059 1.41302e-05
0.003125 1.49265e-05

0.00175781 0.00287875
0.00157445 0.00292969

0.0015625 0.00293233
0.00157201 0.00292969

0.00175781 0.00287921
0.00195312 0.00281622

0.00234375 0.00265836
0.00216982 0.00273438

0.00195312 0.00281656
0.00214844 0.00274319

0.00214844 0.00274305
0.00216828 0.00273438

0.00292969 0.00230986
0.00288273 0.00234375

0.003125 0.00214749
0.00312396 0.00214844

0.00302734 0.00223376
0.00301204 0.00224609

0.00297852 0.00227102
0.00294767 0.00229492

0.00292969 0.00230953
0.0029488 0.00229492

0.00297852 0.00227048
0.00300902 0.00224609

0.00302734 0.00223284
0.00312437 0.00214844

0.00244141 0.0026103
0.00238716 0.00263672

0.00234375 0.00265706
0.00238553 0.00263672

0.00244141 0.00261008
0.00253906 0.0025591

0.00273438 0.00244572
0.00257639 0.00253906

0.00253906 0.00255964
0.00257451 0.00253906

0.00283203 0.00237958
0.00273903 0.00244141

0.00273438 0.00244425
0.00273884 0.00244141

0.00283203 0.00237949
0.00288188 0.00234375

0.003125 1.44851e-05
0.00314941 1.54014e-05

0.00314941 1.48351e-05
0.00317383 1.57152e-05

0.00317383 1.52252e-05
0.00319824 1.61314e-05

0.00319824 1.55805e-05
0.00322266 1.6521e-05

0.00322266 1.59585e-05
0.00324707 1.70488e-05

0.00324707 1.6532e-05
0.00327148 1.75373e-05

0.00327148 1.67897e-05
0.0032959 1.80847e-05

0.0032959 1.76105e-05
0.00332031 1.89408e-05

0.00332031 1.82182e-05
0.00334473 1.92987e-05

0.00334473 1.93381e-05
0.00336914 1.93742e-05

0.00336914 1.28616e-05
0.00339297 2.44141e-05

0.00339137 2.44141e-05
0.00339355 2.52771e-05

0.00339355 2.72652e-05
0.00341797 4.86677e-05

0.00341771 4.88281e-05
0.00341797 4.90744e-05

0.00341797 4.93629e-05
0.00344174 7.32422e-05

0.0034418 7.32422e-05
0.00344238 7.38533e-05

0.00344238 7.40233e-05
0.00346437 9.76563e-05

0.00346494 9.76563e-05
0.0034668 9.97386e-05

0.0034668 0.000100244
0.00350611 0.000146484

0.00350611 0.000146484
0.00351563 0.000158923

0.00351563 0.000159209
0.00354246 0.000195313

0.00354299 0.000195313
0.00356445 0.000227498

0.00356445 0.000229307
0.00357416 0.000244141

0.00357503 0.000244141
0.00360389 0.000292969

0.00360464 0.000292969
0.00361328 0.000310358

0.00361328 0.000311784
0.00362897 0.000341797

0.00362917 0.000341797
0.00365182 0.000390625

0.00365248 0.000390625
0.00368999 0.000488281

0.00368979 0.000488281
0.00371094 0.000562805

0.00371094 0.000564214
0.0037171 0.000585938

0.0037172 0.000585937
0.00373611 0.000683594

0.00373574 0.000683594
0.00374699 0.00078125

0.00374897 0.00078125
0.0037497 0.000976562

0.0037494 0.000976562
0.00372155 0.00117188

0.00371094 0.00120978
0.00366584 0.00136719

0.00366607 0.00136719
0.00358105 0.0015625

0.00371094 0.00120654
0.00372087 0.00117187

0.00332031 0.00194714
0.00331531 0.00195312

0.00351563 0.00167548
0.00346654 0.00175781

0.00341797 0.00182065
0.00339275 0.00185547

0.00332031 0.00194514
0.00339283 0.00185547

0.00341797 0.00182027
0.0034633 0.00175781

0.00331736 0.00195312
0.00312797 0.00214844

0.00351563 0.00167215
0.00358096 0.0015625

