7.17571e-05 0
7.32422e-05 4.36691e-06

7.32422e-05 4.40816e-07
9.61983e-05 2.44141e-05

9.76563e-05 1.40937e-05
0.00012207 1.45288e-05

0.00012207 1.3669e-05
0.000146484 1.32738e-05

0.000146484 1.39443e-05
0.000170898 1.40818e-05

0.000170898 1.37058e-05
0.000195313 1.34438e-05

0.000195313 1.36028e-05
0.000219727 1.40301e-05

0.000219727 1.39558e-05
0.000244141 1.38367e-05

0.000244141 1.40254e-05
0.000268555 1.34275e-05

0.000268555 1.35622e-05
0.000292969 1.33356e-05

0.000292969 1.35032e-05
0.000317383 1.36144e-05

0.000317383 1.36263e-05
0.000341797 1.34358e-05

0.000341797 1.36422e-05
0.000366211 1.31944e-05

0.000366211 1.32705e-05
0.000390625 1.31365e-05

0.000390625 1.32776e-05
0.000415039 1.33646e-05

0.000415039 1.336e-05
0.000439453 1.31731e-05

0.000439453 1.33588e-05
0.000463867 1.30127e-05

0.000463867 1.3097e-05
0.000488281 1.29385e-05

0.000488281 1.30863e-05
0.000512695 1.30589e-05

0.000512695 1.30982e-05
0.000537109 1.28982e-05

0.000537109 1.30117e-05
0.000561523 1.28494e-05

0.000561523 1.29712e-05
0.000585937 1.27957e-05

0.000585938 1.29072e-05
0.000610352 1.27072e-05

0.000610352 1.27775e-05
0.000634766 1.27096e-05

0.000634766 1.27568e-05
0.00065918 1.27628e-05

0.00065918 1.27596e-05
0.000683594 1.27358e-05

0.000683594 1.28127e-05
0.000708008 1.26737e-05

0.000708008 1.2726e-05
0.000732422 1.25763e-05

0.000732422 1.26051e-05
0.000756836 1.26742e-05

0.000756836 1.26651e-05
0.00078125 1.27328e-05

0.00078125 1.27263e-05
0.000805664 1.26469e-05

0.000805664 1.26519e-05
0.000830078 1.26361e-05

0.000830078 1.25919e-05
0.000854492 1.27594e-05

0.000854492 1.27246e-05
0.000878906 1.27956e-05

0.000878906 1.27299e-05
0.00090332 1.27201e-05

0.00090332 1.27208e-05
0.000927734 1.27857e-05

0.000927734 1.27331e-05
0.000952148 1.28073e-05

0.000952148 1.27258e-05
0.000976562 1.28843e-05

0.000976562 1.27937e-05
0.00100098 1.29685e-05

0.00100098 1.28511e-05
0.00102539 1.30046e-05

0.00102539 1.2898e-05
0.0010498 1.3081e-05

0.0010498 1.29468e-05
0.00107422 1.31686e-05

0.00107422 1.30427e-05
0.00109863 1.32527e-05

0.00109863 1.31547e-05
0.00112305 1.32621e-05

0.00112305 1.31454e-05
0.00114746 1.33048e-05

0.00114746 1.32463e-05
0.00117187 1.34011e-05

0.00117188 1.32377e-05
0.00119629 1.34375e-05

0.00119629 1.35056e-05
0.0012207 1.34335e-05

0.0012207 1.32137e-05
0.00124512 1.3356e-05

0.00124512 1.33462e-05
0.00126953 1.38013e-05

0.00126953 1.35179e-05
0.00129395 1.37236e-05

0.00129395 1.39516e-05
0.00131836 1.35023e-05

0.00131836 1.30984e-05
0.00134277 1.34761e-05

0.00134277 1.41056e-05
0.00136719 1.39072e-05

0.00134277 2.44288e-05
0.00134775 2.44141e-05

0.0013916 7.24936e-07
0.00136836 2.44141e-05

0.00136719 2.46804e-05
0.00136797 2.44141e-05

0.0013916 5.84668e-06
0.00139362 0

0.00146284 0
0.00146484 5.84728e-06

0.00146484 3.66712e-06
0.00148546 2.44141e-05

0.00148635 2.44141e-05
0.00148926 2.53887e-05

0.00148926 1.60672e-05
0.00151367 1.63821e-05

0.00151367 1.61008e-05
0.00153809 1.5796e-05

0.0015625 4.30047e-06
0.00154193 2.44141e-05

0.00153809 2.53156e-05
0.00154086 2.44141e-05

0 0.00312127
0.000390625 0.00311026

0.000390625 0.00311054
0.00078125 0.00307692

0.00078125 0.00307753
0.00117187 0.00301949

0.00117188 0.00302058
0.0015625 0.00293471

0.0015625 6.46774e-06
0.00156473 0

0.00165567 0
0.00166016 1.08275e-05

0.00166016 1.05437e-05
0.00167619 2.44141e-05

0.00167516 2.44141e-05
0.00168457 2.75781e-05

0.00168457 1.74769e-05
0.00170898 1.72909e-05

0.00168457 2.44804e-05
0.00170033 2.44141e-05

0.0017334 1.00875e-05
0.00171731 2.44141e-05

0.00170898 2.75037e-05
0.00171801 2.44141e-05

0.0017334 9.07323e-06
0.00173708 0

0.00179961 0
0.00180664 1.50283e-05

0.00180664 9.91963e-06
0.00183105 1.15379e-05

0.00183105 6.80494e-06
0.00185076 0

0.0018568 0
0.00187988 1.68076e-05

0.00187988 7.78908e-06
0.0019043 1.14095e-05

0.0019043 8.73659e-06
0.00192871 1.08066e-05

0.00192871 9.45842e-06
0.00195312 1.19938e-05

0.00195312 9.30503e-06
0.00197754 1.31781e-05

0.00197754 1.3709e-05
0.00200195 1.26493e-05

0.00200195 1.60655e-05
0.00202637 5.0246e-06

0.00202637 5.50904e-06
0.00205078 8.41799e-06

0.00205078 8.80811e-06
0.0020752 1.51786e-05

0.0020752 9.39237e-06
0.00209961 1.17583e-05

0.00209961 1.35343e-05
0.00212402 1.34658e-05

0.00212402 1.31563e-05
0.00214844 7.90428e-06

0.00214844 7.45701e-06
0.00217285 1.31116e-05

0.00217285 1.40111e-05
0.00219727 1.40152e-05

0.00219727 1.32975e-05
0.00222168 7.27642e-06

0.00222168 7.18324e-06
0.00224609 1.34593e-05

0.00224609 1.41433e-05
0.00227051 1.41563e-05

0.00227051 1.40748e-05
0.00229492 6.58512e-06

0.00229492 7.3747e-06
0.00231934 1.18407e-05

0.00231934 1.0352e-05
0.00234375 1.54866e-05

0.00234375 1.55085e-05
0.00236816 1.05001e-05

0.00236816 1.25573e-05
0.00239258 6.64437e-06

0.00239258 6.65418e-06
0.00241699 1.26e-05

0.00241699 1.0468e-05
0.00244141 1.5529e-05

0.00244141 1.55236e-05
0.00246582 1.04485e-05

0.00246582 1.25264e-05
0.00249023 6.7352e-06

0.00249023 6.74026e-06
0.00251465 1.26028e-05

0.00251465 1.05017e-05
0.00253906 1.54777e-05

0.00253906 1.54728e-05
0.00256348 1.04775e-05

0.00256348 1.24992e-05
0.00258789 6.84896e-06

0.00258789 6.84482e-06
0.0026123 1.26169e-05

0.0026123 1.06339e-05
0.00263672 1.53547e-05

0.00263672 1.53013e-05
0.00266113 1.04229e-05

0.00266113 1.1824e-05
0.00268555 7.70599e-06

0.00268555 6.89209e-06
0.00270996 1.40142e-05

0.00270996 1.40252e-05
0.00273438 1.42161e-05

0.00273437 1.40056e-05
0.00275879 7.15766e-06

0.00275879 7.96878e-06
0.0027832 1.1824e-05

0.0027832 1.06236e-05
0.00280762 1.50908e-05

0.00280762 1.50904e-05
0.00283203 1.06142e-05

0.00283203 1.18299e-05
0.00285645 7.9615e-06

0.00285645 7.26924e-06
0.00288086 1.38706e-05

0.00288086 1.39746e-05
0.00290527 1.39261e-05

0.00290527 1.30478e-05
0.00292969 8.02719e-06

0.00292969 8.55317e-06
0.0029541 1.30639e-05

0.0029541 1.32935e-05
0.00297852 1.3385e-05

0.00297852 1.15305e-05
0.00300293 1.02073e-05

0.00300293 1.04116e-05
0.00302734 1.45486e-05

0.00302734 1.2871e-05
0.00305176 1.44579e-05

0.00305176 1.32378e-05
0.00307617 1.40384e-05

0.00307617 1.36875e-05
0.00310059 1.48484e-05

0.00310059 1.41189e-05
0.003125 1.49551e-05

0.00175781 0.00287874
0.00157434 0.00292969

0.0015625 0.00293231
0.00157194 0.00292969

0.00175781 0.0028792
0.00195312 0.00281622

0.00234375 0.00265835
0.00216979 0.00273438

0.00195312 0.00281655
0.00214844 0.00274318

0.00214844 0.00274302
0.00216823 0.00273438

0.00292969 0.00230988
0.00288275 0.00234375

0.003125 0.00214751
0.00312398 0.00214844

0.00302734 0.0022338
0.00301208 0.00224609

0.00297852 0.00227104
0.00294769 0.00229492

0.00292969 0.00230955
0.00294882 0.00229492

0.00297852 0.0022705
0.00300905 0.00224609

0.00302734 0.00223287
0.00312441 0.00214844

0.00244141 0.00261029
0.00238714 0.00263672

0.00234375 0.00265705
0.0023855 0.00263672

0.00244141 0.00261007
0.00253906 0.0025591

0.00273438 0.00244573
0.00257638 0.00253906

0.00253906 0.00255962
0.00257449 0.00253906

0.00283203 0.00237958
0.00273903 0.00244141

0.00273438 0.00244425
0.00273884 0.00244141

0.00283203 0.0023795
0.00288189 0.00234375

0.003125 1.45346e-05
0.00314941 1.5332e-05

0.00314941 1.48019e-05
0.00317383 1.55697e-05

0.00317383 1.50728e-05
0.00319824 1.60702e-05

0.00319824 1.55085e-05
0.00322266 1.65615e-05

0.00322266 1.59271e-05
0.00324707 1.70601e-05

0.00324707 1.65069e-05
0.00327148 1.76076e-05

0.00327148 1.69699e-05
0.0032959 1.80648e-05

0.0032959 1.76565e-05
0.00332031 1.85569e-05

0.00332031 1.78385e-05
0.00334473 1.89699e-05

0.00334473 1.91752e-05
0.00336914 1.93009e-05

0.00336914 1.25535e-05
0.0033934 2.44141e-05

0.00339215 2.44141e-05
0.00339355 2.49748e-05

0.00339355 2.71753e-05
0.00341797 4.86982e-05

0.0034176 4.88281e-05
0.00341797 4.91904e-05

0.00341797 4.85547e-05
0.00341825 4.88281e-05

0.00341797 4.93179e-05
0.00344176 7.32422e-05

0.00344182 7.32422e-05
0.00344238 7.38331e-05

0.00344238 7.4029e-05
0.00346435 9.76563e-05

0.00346491 9.76563e-05
0.0034668 9.97682e-05

0.0034668 0.000100239
0.00350612 0.000146484

0.00350612 0.000146484
0.00351563 0.000158906

0.00351563 0.000159401
0.00354263 0.000195313

0.00354301 0.000195313
0.00356445 0.000227475

0.00356445 0.000229294
0.00357417 0.000244141

0.00357505 0.000244141
0.0036039 0.000292969

0.00360465 0.000292969
0.00361328 0.000310329

0.00361328 0.000311754
0.00362898 0.000341797

0.00362918 0.000341797
0.00365183 0.000390625

0.00365249 0.000390625
0.00369 0.000488281

0.0036898 0.000488281
0.00371094 0.00056276

0.00371094 0.000564179
0.00371711 0.000585938

0.00371722 0.000585937
0.00373612 0.000683594

0.00373576 0.000683594
0.00374701 0.00078125

0.00374899 0.00078125
0.00374972 0.000976562

0.00374942 0.000976562
0.00372158 0.00117188

0.00371094 0.00120989
0.00366588 0.00136719

0.0036661 0.00136719
0.0035811 0.0015625

0.00371094 0.00120663
0.00372089 0.00117187

0.00332031 0.00194723
0.00331539 0.00195312

0.00351563 0.00167557
0.0034666 0.00175781

0.00341797 0.00182071
0.00339279 0.00185547

0.00332031 0.00194519
0.00339287 0.00185547

0.00341797 0.00182032
0.00346335 0.00175781

0.0033174 0.00195312
0.00312801 0.00214844

0.00351563 0.00167221
0.003581 0.0015625

