7.17483e-05 0
7.32422e-05 4.39101e-06

7.32422e-05 2.17665e-07
9.6247e-05 2.44141e-05

9.75037e-05 2.44141e-05
9.76563e-05 2.44675e-05

9.76563e-05 1.39071e-05
0.00012207 1.47557e-05

0.00012207 1.38554e-05
0.000146484 1.34553e-05

0.000146484 1.39517e-05
0.000170898 1.41029e-05

0.000170898 1.38208e-05
0.000195313 1.3719e-05

0.000195313 1.40926e-05
0.000219727 1.38076e-05

0.000219727 1.36479e-05
0.000244141 1.34621e-05

0.000244141 1.3783e-05
0.000268555 1.38388e-05

0.000268555 1.37482e-05
0.000292969 1.34454e-05

0.000292969 1.36832e-05
0.000317383 1.34872e-05

0.000317383 1.35336e-05
0.000341797 1.33698e-05

0.000341797 1.3535e-05
0.000366211 1.33941e-05

0.000366211 1.34576e-05
0.000390625 1.32392e-05

0.000390625 1.33891e-05
0.000415039 1.32211e-05

0.000415039 1.33175e-05
0.000439453 1.31354e-05

0.000439453 1.32581e-05
0.000463867 1.30889e-05

0.000463867 1.31914e-05
0.000488281 1.30181e-05

0.000488281 1.31203e-05
0.000512695 1.29787e-05

0.000512695 1.30786e-05
0.000537109 1.2929e-05

0.000537109 1.30304e-05
0.000561523 1.28561e-05

0.000561523 1.29728e-05
0.000585937 1.27886e-05

0.000585938 1.28412e-05
0.000610352 1.27861e-05

0.000610352 1.28773e-05
0.000634766 1.28068e-05

0.000634766 1.28635e-05
0.00065918 1.26651e-05

0.00065918 1.2697e-05
0.000683594 1.27103e-05

0.000683594 1.27485e-05
0.000708008 1.27987e-05

0.000708008 1.28181e-05
0.000732422 1.26591e-05

0.000732422 1.27315e-05
0.000756836 1.25946e-05

0.000756836 1.26053e-05
0.00078125 1.26824e-05

0.00078125 1.26587e-05
0.000805664 1.27741e-05

0.000805664 1.27403e-05
0.000830078 1.27074e-05

0.000830078 1.26918e-05
0.000854492 1.26951e-05

0.000854492 1.26814e-05
0.000878906 1.27709e-05

0.000878906 1.27155e-05
0.00090332 1.27958e-05

0.00090332 1.27549e-05
0.000927734 1.28094e-05

0.000927734 1.2761e-05
0.000952148 1.28264e-05

0.000952148 1.27558e-05
0.000976562 1.29001e-05

0.000976562 1.28107e-05
0.00100098 1.2979e-05

0.00100098 1.28794e-05
0.00102539 1.30135e-05

0.00102539 1.29011e-05
0.0010498 1.30781e-05

0.0010498 1.30071e-05
0.00107422 1.31371e-05

0.00107422 1.29953e-05
0.00109863 1.31694e-05

0.00109863 1.31246e-05
0.00112305 1.32688e-05

0.00112305 1.30777e-05
0.00114746 1.32943e-05

0.00114746 1.32408e-05
0.00117187 1.34657e-05

0.00117188 1.31997e-05
0.00119629 1.34992e-05

0.00119629 1.35941e-05
0.0012207 1.35509e-05

0.0012207 1.32184e-05
0.00124512 1.3417e-05

0.00124512 1.36182e-05
0.00126953 1.38193e-05

0.00126953 1.33858e-05
0.00129395 1.35474e-05

0.00129395 1.39049e-05
0.00131836 1.3773e-05

0.00131836 1.29627e-05
0.00134277 1.37742e-05

0.00134277 1.4831e-05
0.00136719 1.40663e-05

0.00139141 0
0.00136855 2.44141e-05

0.0013916 4.50099e-06
0.00139314 0

0.00146297 0
0.00146484 5.50215e-06

0.00146484 3.23096e-06
0.00148554 2.44141e-05

0.00148573 2.44141e-05
0.00148926 2.56142e-05

0.00148926 1.58534e-05
0.00151367 1.67842e-05

0.00151338 2.44141e-05
0.00151367 2.44186e-05

0.00151367 1.65899e-05
0.00153809 1.59684e-05

0.0015625 3.79264e-06
0.00154197 2.44141e-05

0.00153809 2.56078e-05
0.00154166 2.44141e-05

0 0.0031212
0.000390625 0.00311017

0.000390625 0.00311047
0.00078125 0.00307681

0.00078125 0.00307742
0.00117187 0.00301932

0.00117188 0.00302038
0.0015625 0.00293451

0.0015625 6.10946e-06
0.00156459 0

0.00165564 0
0.00166016 1.08923e-05

0.00166016 1.055e-05
0.00167623 2.44141e-05

0.00167519 2.44141e-05
0.00168457 2.75547e-05

0.00168457 1.74078e-05
0.00170898 1.727e-05

0.00168457 2.44657e-05
0.00170281 2.44141e-05

0.0017334 1.0121e-05
0.00171734 2.44141e-05

0.00170898 2.75834e-05
0.00171826 2.44141e-05

0.0017334 8.97283e-06
0.00173703 0

0.00179964 0
0.00180664 1.49994e-05

0.00180664 9.90295e-06
0.00183105 1.15689e-05

0.00183105 6.7843e-06
0.00185086 0

0.00185676 0
0.00187988 1.68297e-05

0.00187988 7.83396e-06
0.0019043 1.14046e-05

0.0019043 8.75147e-06
0.00192871 1.07968e-05

0.00192871 9.46922e-06
0.00195312 1.19978e-05

0.00195312 9.30699e-06
0.00197754 1.31746e-05

0.00197754 1.37095e-05
0.00200195 1.26578e-05

0.00200195 1.6039e-05
0.00202637 5.05946e-06

0.00202637 5.52773e-06
0.00205078 8.46384e-06

0.00205078 8.88732e-06
0.0020752 1.5142e-05

0.0020752 9.37739e-06
0.00209961 1.17143e-05

0.00209961 1.34876e-05
0.00212402 1.35159e-05

0.00212402 1.31899e-05
0.00214844 7.93898e-06

0.00214844 7.49114e-06
0.00217285 1.30726e-05

0.00217285 1.39929e-05
0.00219727 1.40146e-05

0.00219727 1.33018e-05
0.00222168 7.29077e-06

0.00222168 7.19067e-06
0.00224609 1.34446e-05

0.00224609 1.41242e-05
0.00227051 1.41663e-05

0.00227051 1.40771e-05
0.00229492 6.61445e-06

0.00229492 7.39959e-06
0.00231934 1.18323e-05

0.00231934 1.0358e-05
0.00234375 1.54773e-05

0.00234375 1.54978e-05
0.00236816 1.05076e-05

0.00236816 1.25614e-05
0.00239258 6.66031e-06

0.00239258 6.66949e-06
0.00241699 1.25914e-05

0.00241699 1.04681e-05
0.00244141 1.55239e-05

0.00244141 1.55192e-05
0.00246582 1.04524e-05

0.00246582 1.25297e-05
0.00249023 6.73803e-06

0.00249023 6.74258e-06
0.00251465 1.25987e-05

0.00251465 1.04998e-05
0.00253906 1.54784e-05

0.00253906 1.54737e-05
0.00256348 1.04781e-05

0.00256348 1.25014e-05
0.00258789 6.84535e-06

0.00258789 6.84057e-06
0.0026123 1.26165e-05

0.0026123 1.06321e-05
0.00263672 1.53588e-05

0.00263672 1.53045e-05
0.00266113 1.04232e-05

0.00266113 1.18274e-05
0.00268555 7.70064e-06

0.00268555 6.88802e-06
0.00270996 1.40119e-05

0.00270996 1.40208e-05
0.00273438 1.4219e-05

0.00273437 1.39919e-05
0.00275879 7.17466e-06

0.00275879 7.98652e-06
0.0027832 1.18391e-05

0.0027832 1.06474e-05
0.00280762 1.50711e-05

0.00280762 1.50617e-05
0.00283203 1.06191e-05

0.00283203 1.17982e-05
0.00285645 8.0416e-06

0.00285645 7.36768e-06
0.00288086 1.38715e-05

0.00288086 1.39568e-05
0.00290527 1.38894e-05

0.00290527 1.30058e-05
0.00292969 8.14309e-06

0.00292969 8.66418e-06
0.0029541 1.30814e-05

0.0029541 1.32979e-05
0.00297852 1.33569e-05

0.00297852 1.16399e-05
0.00300293 1.01836e-05

0.00300293 1.04281e-05
0.00302734 1.43364e-05

0.00302734 1.27601e-05
0.00305176 1.43157e-05

0.00305176 1.31199e-05
0.00307617 1.38945e-05

0.00307617 1.35289e-05
0.00310059 1.47033e-05

0.00310059 1.39056e-05
0.003125 1.49093e-05

0.00175781 0.00287862
0.00157373 0.00292969

0.0015625 0.00293218
0.0015715 0.00292969

0.00175781 0.00287908
0.00195312 0.00281614

0.00234375 0.00265834
0.00216969 0.00273438

0.00195312 0.00281647
0.00214844 0.00274313

0.00214844 0.00274296
0.00216809 0.00273438

0.00292969 0.00230999
0.00288289 0.00234375

0.003125 0.00214761
0.00312409 0.00214844

0.00302734 0.00223399
0.00301232 0.00224609

0.00297852 0.00227115
0.00294782 0.00229492

0.00292969 0.00230965
0.00294895 0.00229492

0.00297852 0.0022706
0.00300917 0.00224609

0.00302734 0.00223299
0.00312459 0.00214844

0.00244141 0.00261031
0.00238715 0.00263672

0.00234375 0.00265701
0.00238544 0.00263672

0.00244141 0.00261007
0.00253906 0.00255911

0.00273438 0.00244579
0.00257644 0.00253906

0.00253906 0.00255961
0.00257448 0.00253906

0.00283203 0.00237966
0.00273912 0.00244141

0.00273438 0.00244428
0.00273889 0.00244141

0.00283203 0.00237957
0.002882 0.00234375

0.003125 1.43408e-05
0.00314941 1.54766e-05

0.00314941 1.48051e-05
0.00317383 1.58571e-05

0.00317383 1.53304e-05
0.00319824 1.62497e-05

0.00319824 1.57606e-05
0.00322266 1.6484e-05

0.00322266 1.58737e-05
0.00324707 1.69797e-05

0.00324707 1.6639e-05
0.00327148 1.76017e-05

0.00327148 1.67148e-05
0.0032959 1.79259e-05

0.0032959 1.74893e-05
0.00332031 1.90676e-05

0.00332031 1.8459e-05
0.00334473 1.93178e-05

0.00334473 1.89939e-05
0.00336914 1.92806e-05

0.00336914 1.32547e-05
0.0033922 2.44141e-05

0.00339073 2.44141e-05
0.00339355 2.54991e-05

0.00339355 2.68893e-05
0.00341797 4.80892e-05

0.00341767 4.88281e-05
0.00341797 4.91255e-05

0.00341797 4.92695e-05
0.00344167 7.32422e-05

0.00344188 7.32422e-05
0.00344238 7.37663e-05

0.00344238 7.38967e-05
0.00346456 9.76563e-05

0.00346501 9.76563e-05
0.0034668 9.96582e-05

0.0034668 0.000100348
0.00348579 0.00012207

0.00348555 0.00012207
0.00349121 0.000128829

0.00349121 0.000128505
0.003506 0.000146484

0.00350629 0.000146484
0.00351563 0.000158688

0.00351563 0.000159194
0.00354279 0.000195313

0.00354316 0.000195313
0.00356445 0.000227258

0.00356445 0.000229098
0.0035743 0.000244141

0.00357517 0.000244141
0.00360401 0.000292969

0.00360476 0.000292969
0.00361328 0.000310121

0.00361328 0.000311544
0.00362908 0.000341797

0.00362928 0.000341797
0.00365192 0.000390625

0.00365259 0.000390625
0.00369009 0.000488281

0.00368989 0.000488281
0.00371094 0.000562445

0.00371094 0.000563884
0.0037172 0.000585938

0.0037173 0.000585937
0.00373621 0.000683594

0.00373585 0.000683594
0.0037471 0.00078125

0.00374907 0.00078125
0.00374982 0.000976562

0.00374951 0.000976562
0.00372169 0.00117188

0.00371094 0.00121031
0.00366601 0.00136719

0.00366623 0.00136719
0.00358124 0.0015625

0.00371094 0.0012069
0.00372097 0.00117187

0.00332031 0.00194762
0.00331571 0.00195312

0.00351563 0.00167589
0.0034668 0.00175781

0.00341797 0.00182094
0.00339296 0.00185547

0.00332031 0.00194538
0.00339302 0.00185547

0.00341797 0.00182052
0.0034635 0.00175781

0.00331759 0.00195312
0.00312818 0.00214844

0.00351563 0.00167239
0.0035811 0.0015625

