7.14548e-05 0
7.32422e-05 5.21524e-06

7.32422e-05 1.38099e-06
9.62558e-05 2.44141e-05

9.76563e-05 1.38047e-05
0.00012207 1.41101e-05

0.00012207 1.38438e-05
0.000146484 1.37333e-05

0.000146484 1.39859e-05
0.000170898 1.37617e-05

0.000170898 1.35907e-05
0.000195313 1.36488e-05

0.000195313 1.38426e-05
0.000219727 1.39924e-05

0.000219727 1.38059e-05
0.000244141 1.36594e-05

0.000244141 1.38916e-05
0.000268555 1.37225e-05

0.000268555 1.37279e-05
0.000292969 1.34837e-05

0.000292969 1.37383e-05
0.000317383 1.35116e-05

0.000317383 1.35449e-05
0.000341797 1.33306e-05

0.000341797 1.35447e-05
0.000366211 1.33893e-05

0.000366211 1.34034e-05
0.000390625 1.32443e-05

0.000390625 1.34225e-05
0.000415039 1.32793e-05

0.000415039 1.33283e-05
0.000439453 1.31113e-05

0.000439453 1.32579e-05
0.000463867 1.31301e-05

0.000463867 1.32184e-05
0.000488281 1.30371e-05

0.000488281 1.31447e-05
0.000512695 1.29832e-05

0.000512695 1.3081e-05
0.000537109 1.29441e-05

0.000537109 1.30603e-05
0.000561523 1.28731e-05

0.000561523 1.28999e-05
0.000585937 1.28602e-05

0.000585938 1.3039e-05
0.000610352 1.28383e-05

0.000610352 1.28265e-05
0.000634766 1.26514e-05

0.000634766 1.27849e-05
0.00065918 1.28474e-05

0.00065918 1.28543e-05
0.000683594 1.27109e-05

0.000683594 1.27812e-05
0.000708008 1.26511e-05

0.000708008 1.2669e-05
0.000732422 1.27154e-05

0.000732422 1.27182e-05
0.000756836 1.27785e-05

0.000756836 1.27968e-05
0.00078125 1.26716e-05

0.00078125 1.26758e-05
0.000805664 1.26469e-05

0.000805664 1.26303e-05
0.000830078 1.27979e-05

0.000830078 1.27495e-05
0.000854492 1.28061e-05

0.000854492 1.27794e-05
0.000878906 1.27278e-05

0.000878906 1.27144e-05
0.00090332 1.27692e-05

0.00090332 1.26921e-05
0.000927734 1.28915e-05

0.000927734 1.28608e-05
0.000952148 1.29016e-05

0.000952148 1.28089e-05
0.000976562 1.2832e-05

0.000976562 1.27874e-05
0.00100098 1.30074e-05

0.00100098 1.2878e-05
0.00102539 1.30728e-05

0.00102539 1.29573e-05
0.0010498 1.31135e-05

0.0010498 1.30333e-05
0.00107422 1.314e-05

0.00107422 1.30025e-05
0.00109863 1.32207e-05

0.00109863 1.3168e-05
0.00112305 1.33185e-05

0.00112305 1.30979e-05
0.00114746 1.33424e-05

0.00114746 1.33038e-05
0.00117187 1.35372e-05

0.00117188 1.32876e-05
0.00119629 1.34935e-05

0.00119629 1.35453e-05
0.0012207 1.35981e-05

0.0012207 1.33868e-05
0.00124512 1.3472e-05

0.00124512 1.34004e-05
0.00126953 1.38688e-05

0.00126953 1.3797e-05
0.00129395 1.37586e-05

0.00129395 1.38389e-05
0.00131836 1.33728e-05

0.00131836 1.3319e-05
0.00134277 1.35439e-05

0.00134277 1.36328e-05
0.00136719 1.39119e-05

0.0013916 1.64946e-06
0.00136849 2.44141e-05

0.0013916 5.5973e-06
0.00139353 0

0.00146314 0
0.00146484 5.02593e-06

0.00146484 3.25266e-06
0.00148541 2.44141e-05

0.00148597 2.44141e-05
0.00148926 2.55369e-05

0.00148926 1.6277e-05
0.00151367 1.66564e-05

0.00151367 1.6223e-05
0.00153809 1.54964e-05

0.0015625 4.14995e-06
0.00154178 2.44141e-05

0.00153809 2.53469e-05
0.00154095 2.44141e-05

0 0.00312109
0.000390625 0.00311007

0.000390625 0.00311036
0.00078125 0.00307672

0.00078125 0.00307734
0.00117187 0.00301926

0.00117188 0.0030203
0.0015625 0.00293445

0.0015625 6.66535e-06
0.0015648 0

0.00165565 0
0.00166016 1.08603e-05

0.00166016 1.05773e-05
0.00167623 2.44141e-05

0.00167514 2.44141e-05
0.00168457 2.75622e-05

0.00168457 1.73624e-05
0.00170898 1.72233e-05

0.00168457 2.44641e-05
0.0017019 2.44141e-05

0.0017334 1.01509e-05
0.00171734 2.44141e-05

0.00170898 2.7585e-05
0.00171829 2.44141e-05

0.0017334 8.96632e-06
0.00173703 0

0.00179967 0
0.00180664 1.49607e-05

0.00180664 9.87184e-06
0.00183105 1.16109e-05

0.00183105 6.75978e-06
0.001851 0

0.0018567 0
0.00187988 1.68507e-05

0.00187988 7.8903e-06
0.0019043 1.13987e-05

0.0019043 8.7691e-06
0.00192871 1.07832e-05

0.00192871 9.48161e-06
0.00195312 1.2004e-05

0.00195312 9.31327e-06
0.00197754 1.31665e-05

0.00197754 1.37054e-05
0.00200195 1.2663e-05

0.00200195 1.60188e-05
0.00202637 5.09012e-06

0.00202637 5.57719e-06
0.00205078 8.46244e-06

0.00205078 8.83891e-06
0.0020752 1.51528e-05

0.0020752 9.43543e-06
0.00209961 1.17798e-05

0.00209961 1.35402e-05
0.00212402 1.34411e-05

0.00212402 1.3164e-05
0.00214844 7.92093e-06

0.00214844 7.4804e-06
0.00217285 1.30789e-05

0.00217285 1.39608e-05
0.00219727 1.40175e-05

0.00219727 1.323e-05
0.00222168 7.40454e-06

0.00222168 7.31439e-06
0.00224609 1.35006e-05

0.00224609 1.42435e-05
0.00227051 1.40389e-05

0.00227051 1.40017e-05
0.00229492 6.53969e-06

0.00229492 7.34002e-06
0.00231934 1.19138e-05

0.00231934 1.03703e-05
0.00234375 1.54723e-05

0.00234375 1.54974e-05
0.00236816 1.05096e-05

0.00236816 1.25603e-05
0.00239258 6.67061e-06

0.00239258 6.68184e-06
0.00241699 1.25911e-05

0.00241699 1.04732e-05
0.00244141 1.55161e-05

0.00244141 1.55112e-05
0.00246582 1.04553e-05

0.00246582 1.25258e-05
0.00249023 6.75359e-06

0.00249023 6.75747e-06
0.00251465 1.25984e-05

0.00251465 1.05066e-05
0.00253906 1.54689e-05

0.00253906 1.54631e-05
0.00256348 1.04818e-05

0.00256348 1.24901e-05
0.00258789 6.87285e-06

0.00258789 6.86734e-06
0.0026123 1.26229e-05

0.0026123 1.06445e-05
0.00263672 1.53456e-05

0.00263672 1.52936e-05
0.00266113 1.04354e-05

0.00266113 1.18337e-05
0.00268555 7.72206e-06

0.00268555 6.91538e-06
0.00270996 1.39996e-05

0.00270996 1.40046e-05
0.00273438 1.42183e-05

0.00273437 1.39902e-05
0.00275879 7.2123e-06

0.00275879 8.0231e-06
0.0027832 1.18269e-05

0.0027832 1.06466e-05
0.00280762 1.50536e-05

0.00280762 1.50461e-05
0.00283203 1.06363e-05

0.00283203 1.1838e-05
0.00285645 8.02617e-06

0.00285645 7.34085e-06
0.00288086 1.38352e-05

0.00288086 1.39156e-05
0.00290527 1.39347e-05

0.00290527 1.30686e-05
0.00292969 8.13289e-06

0.00292969 8.64039e-06
0.0029541 1.30162e-05

0.0029541 1.3215e-05
0.00297852 1.3433e-05

0.00297852 1.1655e-05
0.00300293 1.029e-05

0.00300293 1.05315e-05
0.00302734 1.43384e-05

0.00302734 1.28141e-05
0.00305176 1.42645e-05

0.00305176 1.31178e-05
0.00307617 1.38511e-05

0.00307617 1.35164e-05
0.00310059 1.46554e-05

0.00310059 1.38947e-05
0.003125 1.48163e-05

0.00175781 0.00287855
0.00157345 0.00292969

0.0015625 0.00293213
0.00157131 0.00292969

0.00175781 0.00287903
0.00195312 0.00281612

0.00234375 0.00265837
0.00216973 0.00273438

0.00195312 0.00281645
0.00214844 0.00274314

0.00214844 0.00274295
0.00216807 0.00273438

0.00292969 0.00231012
0.00288306 0.00234375

0.003125 0.00214767
0.00312415 0.00214844

0.00302734 0.0022342
0.00301258 0.00224609

0.00297852 0.00227126
0.00294797 0.00229492

0.00292969 0.00230977
0.0029491 0.00229492

0.00297852 0.00227069
0.00300929 0.00224609

0.00302734 0.00223312
0.00312475 0.00214844

0.00244141 0.00261037
0.00238727 0.00263672

0.00234375 0.00265702
0.00238546 0.00263672

0.00244141 0.00261011
0.00253906 0.00255916

0.00273438 0.00244588
0.00257655 0.00253906

0.00253906 0.00255962
0.00257451 0.00253906

0.00283203 0.00237976
0.00273926 0.00244141

0.00273438 0.00244431
0.00273894 0.00244141

0.00283203 0.00237966
0.00288212 0.00234375

0.003125 1.42872e-05
0.00314941 1.53343e-05

0.00314941 1.46954e-05
0.00317383 1.57076e-05

0.00317383 1.51357e-05
0.00319824 1.61682e-05

0.00319824 1.5522e-05
0.00322266 1.66457e-05

0.00322266 1.60332e-05
0.00324707 1.72487e-05

0.00324707 1.66861e-05
0.00327148 1.76906e-05

0.00327148 1.68518e-05
0.0032959 1.83117e-05

0.0032959 1.80342e-05
0.00332031 1.91712e-05

0.00332031 1.81607e-05
0.00334473 1.92768e-05

0.00334473 1.96621e-05
0.00336914 1.97756e-05

0.00336914 1.30993e-05
0.00339333 2.44141e-05

0.00339116 2.44141e-05
0.00339355 2.53378e-05

0.00339355 2.7188e-05
0.00341797 4.85452e-05

0.00341777 4.88281e-05
0.00341797 4.90233e-05

0.00341797 4.84756e-05
0.00341833 4.88281e-05

0.00341797 4.92945e-05
0.00344176 7.32422e-05

0.00344181 7.32422e-05
0.00344238 7.38432e-05

0.00344238 7.39875e-05
0.00346438 9.76563e-05

0.00346489 9.76563e-05
0.0034668 9.97989e-05

0.0034668 0.00010024
0.00350612 0.000146484

0.00350613 0.000146484
0.00351563 0.00015889

0.00351563 0.000159378
0.00354267 0.000195313

0.00354305 0.000195313
0.00356445 0.000227397

0.00356445 0.000229272
0.00357419 0.000244141

0.00357509 0.000244141
0.00360396 0.000292969

0.00360472 0.000292969
0.00361328 0.000310184

0.00361328 0.000311612
0.00362907 0.000341797

0.00362927 0.000341797
0.00365193 0.000390625

0.00365259 0.000390625
0.00369013 0.000488281

0.00368993 0.000488281
0.00371094 0.000562251

0.00371094 0.000563725
0.00371724 0.000585938

0.00371736 0.000585937
0.00373628 0.000683594

0.00373591 0.000683594
0.00374717 0.00078125

0.00374915 0.00078125
0.0037499 0.000976562

0.0037496 0.000976562
0.00372178 0.00117188

0.00371094 0.00121067
0.00366612 0.00136719

0.00366633 0.00136719
0.00358134 0.0015625

0.00371094 0.00120707
0.00372102 0.00117187

0.00332031 0.00194798
0.00331601 0.00195312

0.00351563 0.00167619
0.00346698 0.00175781

0.00341797 0.00182114
0.0033931 0.00185547

0.00332031 0.00194555
0.00339314 0.00185547

0.00341797 0.00182068
0.00346363 0.00175781

0.00331774 0.00195312
0.00312832 0.00214844

0.00351563 0.00167251
0.00358117 0.0015625

