7.15854e-05 0
7.32422e-05 4.85179e-06

7.32422e-05 1.2438e-06
9.62731e-05 2.44141e-05

9.76563e-05 1.37121e-05
0.00012207 1.41656e-05

0.00012207 1.37888e-05
0.000146484 1.38652e-05

0.000146484 1.41193e-05
0.000170898 1.38744e-05

0.000170898 1.36849e-05
0.000195313 1.35983e-05

0.000195313 1.37754e-05
0.000219727 1.40878e-05

0.000219727 1.39682e-05
0.000244141 1.37875e-05

0.000244141 1.40709e-05
0.000268555 1.35184e-05

0.000268555 1.35645e-05
0.000292969 1.33626e-05

0.000292969 1.36235e-05
0.000317383 1.3666e-05

0.000317383 1.35914e-05
0.000341797 1.33987e-05

0.000341797 1.35911e-05
0.000366211 1.34137e-05

0.000366211 1.34642e-05
0.000390625 1.32649e-05

0.000390625 1.34356e-05
0.000415039 1.32774e-05

0.000415039 1.33583e-05
0.000439453 1.31404e-05

0.000439453 1.32737e-05
0.000463867 1.31237e-05

0.000463867 1.32277e-05
0.000488281 1.30548e-05

0.000488281 1.3163e-05
0.000512695 1.29863e-05

0.000512695 1.30875e-05
0.000537109 1.29426e-05

0.000537109 1.30572e-05
0.000561523 1.2886e-05

0.000561523 1.29051e-05
0.000585937 1.28826e-05

0.000585937 1.30675e-05
0.000634766 1.26204e-05

0.000634766 1.28033e-05
0.00065918 1.28169e-05

0.00065918 1.27815e-05
0.000683594 1.27017e-05

0.000683594 1.27302e-05
0.000708008 1.27788e-05

0.000708008 1.27962e-05
0.000732422 1.27547e-05

0.000732422 1.281e-05
0.000756836 1.26413e-05

0.000756836 1.26469e-05
0.00078125 1.26697e-05

0.00078125 1.26703e-05
0.000805664 1.28127e-05

0.000805664 1.27907e-05
0.000830078 1.27238e-05

0.000830078 1.2688e-05
0.000854492 1.27019e-05

0.000854492 1.26664e-05
0.000878906 1.28674e-05

0.000878906 1.28097e-05
0.00090332 1.28605e-05

0.00090332 1.28002e-05
0.000927734 1.28046e-05

0.000927734 1.28044e-05
0.000952148 1.2872e-05

0.000952148 1.28055e-05
0.000976562 1.28941e-05

0.000976562 1.28143e-05
0.00100098 1.29865e-05

0.00100098 1.28679e-05
0.00102539 1.30744e-05

0.00102539 1.29589e-05
0.0010498 1.31347e-05

0.0010498 1.30106e-05
0.00107422 1.31821e-05

0.00107422 1.30528e-05
0.00109863 1.32863e-05

0.00109863 1.31594e-05
0.00112305 1.33694e-05

0.00112305 1.32033e-05
0.00114746 1.34399e-05

0.00114746 1.34411e-05
0.00117187 1.34323e-05

0.00117188 1.32655e-05
0.00119629 1.33649e-05

0.00119629 1.32605e-05
0.0012207 1.37582e-05

0.0012207 1.3558e-05
0.00124512 1.38064e-05

0.00124512 1.38004e-05
0.00126953 1.35886e-05

0.00126953 1.34248e-05
0.00129395 1.36239e-05

0.00129395 1.38379e-05
0.00131836 1.38479e-05

0.00131836 1.34926e-05
0.00134277 1.35711e-05

0.00134277 1.39929e-05
0.00136719 1.38097e-05

0.00134277 2.44246e-05
0.00134686 2.44141e-05

0.0013916 1.15136e-06
0.00136846 2.44141e-05

0.00136719 2.49297e-05
0.00136873 2.44141e-05

0.0013916 5.47056e-06
0.00139348 0

0.00146307 0
0.00146484 5.22013e-06

0.00146484 3.06331e-06
0.0014855 2.44141e-05

0.00148705 2.44141e-05
0.00148926 2.51725e-05

0.00148926 1.61198e-05
0.00151367 1.69388e-05

0.00151367 1.65239e-05
0.00153809 1.57079e-05

0.00151367 2.44209e-05
0.00151416 2.44141e-05

0.0015625 3.95043e-06
0.00154193 2.44141e-05

0.00153809 2.53393e-05
0.00154088 2.44141e-05

0 0.00312109
0.000390625 0.00311007

0.000390625 0.00311036
0.00078125 0.00307673

0.00078125 0.00307735
0.00117187 0.00301928

0.00117188 0.00302033
0.0015625 0.00293447

0.0015625 5.97354e-06
0.00156455 0

0.00165565 0
0.00166016 1.08704e-05

0.00166016 1.05145e-05
0.00167625 2.44141e-05

0.00167526 2.44141e-05
0.00168457 2.75368e-05

0.00168457 1.74273e-05
0.00170898 1.72811e-05

0.00168457 2.44688e-05
0.00170252 2.44141e-05

0.0017334 1.00756e-05
0.00171731 2.44141e-05

0.00170898 2.75542e-05
0.00171816 2.44141e-05

0.0017334 8.95447e-06
0.00173702 0

0.00179968 0
0.00180664 1.49487e-05

0.00180664 9.8571e-06
0.00183105 1.16243e-05

0.00183105 6.74939e-06
0.00185107 0

0.00185668 0
0.00187988 1.686e-05

0.00187988 7.91514e-06
0.0019043 1.14009e-05

0.0019043 8.77891e-06
0.00192871 1.07757e-05

0.00192871 9.48647e-06
0.00195312 1.20084e-05

0.00195312 9.31779e-06
0.00197754 1.31646e-05

0.00197754 1.37039e-05
0.00200195 1.26666e-05

0.00200195 1.60104e-05
0.00202637 5.10748e-06

0.00202637 5.5787e-06
0.00205078 8.48541e-06

0.00205078 8.91005e-06
0.0020752 1.51157e-05

0.0020752 9.39674e-06
0.00209961 1.17194e-05

0.00209961 1.34812e-05
0.00212402 1.35014e-05

0.00212402 1.31271e-05
0.00214844 8.01565e-06

0.00214844 7.58598e-06
0.00217285 1.31176e-05

0.00217285 1.4068e-05
0.00219727 1.39121e-05

0.00219727 1.31658e-05
0.00222168 7.33094e-06

0.00222168 7.25739e-06
0.00224609 1.35687e-05

0.00224609 1.4251e-05
0.00227051 1.4039e-05

0.00227051 1.40041e-05
0.00229492 6.53854e-06

0.00229492 7.34257e-06
0.00231934 1.19133e-05

0.00231934 1.03702e-05
0.00234375 1.54703e-05

0.00234375 1.54953e-05
0.00236816 1.05112e-05

0.00236816 1.25582e-05
0.00239258 6.67552e-06

0.00239258 6.68674e-06
0.00241699 1.25927e-05

0.00241699 1.04763e-05
0.00244141 1.55134e-05

0.00244141 1.55088e-05
0.00246582 1.04571e-05

0.00246582 1.25233e-05
0.00249023 6.7617e-06

0.00249023 6.76569e-06
0.00251465 1.26e-05

0.00251465 1.05117e-05
0.00253906 1.5464e-05

0.00253906 1.54581e-05
0.00256348 1.04839e-05

0.00256348 1.24858e-05
0.00258789 6.88654e-06

0.00258789 6.88361e-06
0.0026123 1.2622e-05

0.0026123 1.065e-05
0.00263672 1.53323e-05

0.00263672 1.5279e-05
0.00266113 1.04398e-05

0.00266113 1.18336e-05
0.00268555 7.74016e-06

0.00268555 6.93076e-06
0.00270996 1.39934e-05

0.00270996 1.40041e-05
0.00273438 1.42135e-05

0.00273437 1.39811e-05
0.00275879 7.22489e-06

0.00275879 8.03279e-06
0.0027832 1.18367e-05

0.0027832 1.06638e-05
0.00280762 1.50425e-05

0.00280762 1.50315e-05
0.00283203 1.06339e-05

0.00283203 1.18126e-05
0.00285645 8.07428e-06

0.00285645 7.3853e-06
0.00288086 1.3856e-05

0.00288086 1.39421e-05
0.00290527 1.3916e-05

0.00290527 1.31352e-05
0.00292969 8.0711e-06

0.00292969 8.49643e-06
0.0029541 1.30156e-05

0.0029541 1.33777e-05
0.00297852 1.34468e-05

0.00297852 1.17622e-05
0.00300293 9.84106e-06

0.00300293 1.00338e-05
0.00302734 1.43151e-05

0.00302734 1.27164e-05
0.00305176 1.45926e-05

0.00305176 1.31488e-05
0.00307617 1.39164e-05

0.00307617 1.36105e-05
0.00310059 1.48503e-05

0.00310059 1.40119e-05
0.003125 1.49655e-05

0.00175781 0.00287857
0.00157352 0.00292969

0.0015625 0.00293217
0.00157145 0.00292969

0.00175781 0.00287904
0.00195312 0.00281614

0.00234375 0.0026584
0.00216978 0.00273438

0.00195312 0.00281647
0.00214844 0.00274316

0.00214844 0.00274296
0.0021681 0.00273438

0.00292969 0.00231018
0.00288314 0.00234375

0.003125 0.00214768
0.00312417 0.00214844

0.00302734 0.00223429
0.00301269 0.00224609

0.00297852 0.00227131
0.00294803 0.00229492

0.00292969 0.00230982
0.00294917 0.00229492

0.00297852 0.00227074
0.00300934 0.00224609

0.00302734 0.00223317
0.00312481 0.00214844

0.00244141 0.00261041
0.00238734 0.00263672

0.00234375 0.00265704
0.00238551 0.00263672

0.00244141 0.00261015
0.00253906 0.0025592

0.00273438 0.00244593
0.00257662 0.00253906

0.00253906 0.00255965
0.00257454 0.00253906

0.00283203 0.00237981
0.00273933 0.00244141

0.00273438 0.00244433
0.00273897 0.00244141

0.00283203 0.0023797
0.00288218 0.00234375

0.003125 1.4495e-05
0.00314941 1.54813e-05

0.00314941 1.49203e-05
0.00317383 1.56666e-05

0.00317383 1.51234e-05
0.00319824 1.60999e-05

0.00319824 1.56427e-05
0.00322266 1.66147e-05

0.00322266 1.58837e-05
0.00324707 1.70471e-05

0.00324707 1.68282e-05
0.00327148 1.75333e-05

0.00327148 1.64133e-05
0.0032959 1.78258e-05

0.0032959 1.80287e-05
0.00332031 1.9031e-05

0.00332031 1.79029e-05
0.00334473 1.83147e-05

0.00334473 1.90198e-05
0.00336914 1.88635e-05

0.00336914 1.15869e-05
0.00339355 2.42711e-05

0.00339081 2.44141e-05
0.00339355 2.56039e-05

0.00339355 2.36819e-05
0.00339419 2.44141e-05

0.00339355 2.78762e-05
0.00341679 4.88281e-05

0.00341717 4.88281e-05
0.00341797 4.95841e-05

0.00341797 4.9936e-05
0.00344148 7.32422e-05

0.00344153 7.32422e-05
0.00344238 7.41249e-05

0.00344238 7.43499e-05
0.00346415 9.76563e-05

0.00346471 9.76563e-05
0.0034668 0.000100003

0.0034668 0.000100538
0.00350595 0.000146484

0.00350593 0.000146484
0.00351563 0.000159145

0.00351563 0.000159609
0.00354251 0.000195313

0.00354287 0.000195313
0.00356445 0.000227651

0.00356445 0.000229498
0.00357404 0.000244141

0.00357494 0.000244141
0.00360382 0.000292969

0.00360456 0.000292969
0.00361328 0.000310504

0.00361328 0.000311898
0.00362892 0.000341797

0.00362912 0.000341797
0.00365178 0.000390625

0.00365244 0.000390625
0.00368999 0.000488281

0.00368979 0.000488281
0.00371094 0.00056273

0.00371094 0.000564213
0.00371711 0.000585938

0.00371723 0.000585937
0.00373616 0.000683594

0.0037358 0.000683594
0.00374707 0.00078125

0.00374905 0.00078125
0.00374985 0.000976562

0.00374955 0.000976562
0.00372177 0.00117188

0.00371094 0.00121068
0.00366615 0.00136719

0.00366635 0.00136719
0.00358139 0.0015625

0.00371094 0.00120703
0.003721 0.00117187

0.00332031 0.00194814
0.00331614 0.00195312

0.00351563 0.00167632
0.00346706 0.00175781

0.00341797 0.00182122
0.00339316 0.00185547

0.00332031 0.00194562
0.0033932 0.00185547

0.00341797 0.00182074
0.00346368 0.00175781

0.0033178 0.00195312
0.00312838 0.00214844

0.003125 0.00214872
0.00312531 0.00214844

0.00351563 0.00167255
0.00358119 0.0015625

