7.13784e-05 0
7.32422e-05 5.42573e-06

7.32422e-05 1.38709e-06
9.62591e-05 2.44141e-05

9.76563e-05 1.39194e-05
0.00012207 1.40459e-05

0.00012207 1.36567e-05
0.000146484 1.36528e-05

0.000146484 1.3917e-05
0.000170898 1.40424e-05

0.000170898 1.37608e-05
0.000195313 1.37384e-05

0.000195313 1.4031e-05
0.000219727 1.38945e-05

0.000219727 1.37599e-05
0.000244141 1.35331e-05

0.000244141 1.36934e-05
0.000268555 1.38912e-05

0.000268555 1.39238e-05
0.000292969 1.36664e-05

0.000292969 1.38812e-05
0.000317383 1.33169e-05

0.000317383 1.34461e-05
0.000341797 1.33063e-05

0.000341797 1.34326e-05
0.000366211 1.35601e-05

0.000366211 1.35619e-05
0.000390625 1.33778e-05

0.000390625 1.35795e-05
0.000415039 1.31428e-05

0.000415039 1.32174e-05
0.000439453 1.30862e-05

0.000439453 1.3306e-05
0.000463867 1.32267e-05

0.000463867 1.32191e-05
0.000488281 1.29701e-05

0.000488281 1.31282e-05
0.000512695 1.30474e-05

0.000512695 1.31175e-05
0.000537109 1.29562e-05

0.000537109 1.30775e-05
0.000561523 1.28684e-05

0.000561523 1.29349e-05
0.000585937 1.28427e-05

0.000585938 1.29611e-05
0.000610352 1.28547e-05

0.000610352 1.29178e-05
0.000634766 1.27101e-05

0.000634766 1.2773e-05
0.00065918 1.27519e-05

0.00065918 1.27739e-05
0.000683594 1.28244e-05

0.000683594 1.28344e-05
0.000708008 1.27611e-05

0.000708008 1.2832e-05
0.000732422 1.26641e-05

0.000732422 1.26886e-05
0.000756836 1.26732e-05

0.000756836 1.2715e-05
0.00078125 1.27596e-05

0.00078125 1.27027e-05
0.000805664 1.2721e-05

0.000805664 1.27706e-05
0.000830078 1.27294e-05

0.000830078 1.26676e-05
0.000854492 1.26989e-05

0.000854492 1.26744e-05
0.000878906 1.2869e-05

0.000878906 1.27962e-05
0.00090332 1.28416e-05

0.00090332 1.2792e-05
0.000927734 1.2815e-05

0.000927734 1.28015e-05
0.000952148 1.28685e-05

0.000952148 1.27901e-05
0.000976562 1.29107e-05

0.000976562 1.28173e-05
0.00100098 1.30222e-05

0.00100098 1.2896e-05
0.00102539 1.30939e-05

0.00102539 1.29742e-05
0.0010498 1.31462e-05

0.0010498 1.30448e-05
0.00107422 1.31904e-05

0.00107422 1.30387e-05
0.00109863 1.32903e-05

0.00109863 1.32241e-05
0.00112305 1.33735e-05

0.00112305 1.31846e-05
0.00114746 1.33607e-05

0.00114746 1.33383e-05
0.00117187 1.35156e-05

0.00117188 1.32818e-05
0.00119629 1.35227e-05

0.00119629 1.364e-05
0.0012207 1.3568e-05

0.0012207 1.32469e-05
0.00124512 1.34514e-05

0.00124512 1.34914e-05
0.00126953 1.40185e-05

0.00126953 1.36466e-05
0.00129395 1.38377e-05

0.00129395 1.42091e-05
0.00131836 1.35884e-05

0.00131836 1.31938e-05
0.00134277 1.33615e-05

0.00134277 1.39375e-05
0.00136719 1.41095e-05

0.0013916 1.06746e-06
0.00136858 2.44141e-05

0.0013916 4.84756e-06
0.00139326 0

0.00146264 0
0.00146484 6.40366e-06

0.00146484 2.68777e-06
0.00148577 2.44141e-05

0.0014868 2.44141e-05
0.00148926 2.5263e-05

0.00148926 1.56498e-05
0.00151367 1.74123e-05

0.00151367 1.73543e-05
0.00153809 1.59941e-05

0.00151367 2.44561e-05
0.00151538 2.44141e-05

0.0015625 3.00841e-06
0.00154175 2.44141e-05

0.00153809 2.48469e-05
0.00153935 2.44141e-05

0 0.0031211
0.000390625 0.00311008

0.000390625 0.00311037
0.00078125 0.00307674

0.00078125 0.00307736
0.00117187 0.00301929

0.00117188 0.00302033
0.0015625 0.00293448

0.0015625 6.61031e-06
0.00156479 0

0.00165567 0
0.00166016 1.08237e-05

0.00166016 1.05013e-05
0.00167624 2.44141e-05

0.00167525 2.44141e-05
0.00168457 2.75446e-05

0.00168457 1.74423e-05
0.00170898 1.7288e-05

0.00168457 2.44732e-05
0.00170227 2.44141e-05

0.0017334 1.00709e-05
0.0017173 2.44141e-05

0.00170898 2.75284e-05
0.00171808 2.44141e-05

0.0017334 9.00153e-06
0.00173704 0

0.0017997 0
0.00180664 1.49223e-05

0.00180664 9.84059e-06
0.00183105 1.16522e-05

0.00183105 6.7572e-06
0.00185109 0

0.00185667 0
0.00187988 1.68592e-05

0.00187988 7.92399e-06
0.0019043 1.1405e-05

0.0019043 8.786e-06
0.00192871 1.07702e-05

0.00192871 9.48681e-06
0.00195312 1.20078e-05

0.00195312 9.31666e-06
0.00197754 1.31662e-05

0.00197754 1.37055e-05
0.00200195 1.26684e-05

0.00200195 1.60068e-05
0.00202637 5.1118e-06

0.00202637 5.58251e-06
0.00205078 8.49162e-06

0.00205078 8.91377e-06
0.0020752 1.51162e-05

0.0020752 9.39872e-06
0.00209961 1.1726e-05

0.00209961 1.34862e-05
0.00212402 1.35075e-05

0.00212402 1.31944e-05
0.00214844 7.95845e-06

0.00214844 7.5089e-06
0.00217285 1.30603e-05

0.00217285 1.39951e-05
0.00219727 1.40011e-05

0.00219727 1.32695e-05
0.00222168 7.30757e-06

0.00222168 7.21278e-06
0.00224609 1.34709e-05

0.00224609 1.41429e-05
0.00227051 1.41439e-05

0.00227051 1.40583e-05
0.00229492 6.62658e-06

0.00229492 7.41595e-06
0.00231934 1.18483e-05

0.00231934 1.03694e-05
0.00234375 1.5462e-05

0.00234375 1.54864e-05
0.00236816 1.05175e-05

0.00236816 1.25619e-05
0.00239258 6.68326e-06

0.00239258 6.6928e-06
0.00241699 1.25872e-05

0.00241699 1.04757e-05
0.00244141 1.5513e-05

0.00244141 1.55084e-05
0.00246582 1.04582e-05

0.00246582 1.25232e-05
0.00249023 6.76275e-06

0.00249023 6.76745e-06
0.00251465 1.26e-05

0.00251465 1.05123e-05
0.00253906 1.54626e-05

0.00253906 1.54564e-05
0.00256348 1.04847e-05

0.00256348 1.24852e-05
0.00258789 6.88953e-06

0.00258789 6.88637e-06
0.0026123 1.26219e-05

0.0026123 1.06506e-05
0.00263672 1.53313e-05

0.00263672 1.52775e-05
0.00266113 1.04421e-05

0.00266113 1.18349e-05
0.00268555 7.74314e-06

0.00268555 6.93456e-06
0.00270996 1.39916e-05

0.00270996 1.40035e-05
0.00273438 1.42121e-05

0.00273437 1.39817e-05
0.00275879 7.22526e-06

0.00275879 8.03316e-06
0.0027832 1.18343e-05

0.0027832 1.06582e-05
0.00280762 1.50455e-05

0.00280762 1.504e-05
0.00283203 1.06349e-05

0.00283203 1.18279e-05
0.00285645 8.04619e-06

0.00285645 7.35007e-06
0.00288086 1.3852e-05

0.00288086 1.39559e-05
0.00290527 1.39218e-05

0.00290527 1.31197e-05
0.00292969 8.03673e-06

0.00292969 8.48077e-06
0.0029541 1.30326e-05

0.0029541 1.33639e-05
0.00297852 1.34477e-05

0.00297852 1.1673e-05
0.00300293 9.95106e-06

0.00300293 1.02049e-05
0.00302734 1.43816e-05

0.00302734 1.27617e-05
0.00305176 1.44514e-05

0.00305176 1.30953e-05
0.00307617 1.39377e-05

0.00307617 1.35682e-05
0.00310059 1.49072e-05

0.00310059 1.40728e-05
0.003125 1.50276e-05

0.00175781 0.00287857
0.00157354 0.00292969

0.0015625 0.00293218
0.00157149 0.00292969

0.00175781 0.00287905
0.00195312 0.00281614

0.00234375 0.00265841
0.00216978 0.00273438

0.00195312 0.00281647
0.00214844 0.00274316

0.00214844 0.00274296
0.0021681 0.00273438

0.00292969 0.00231019
0.00288315 0.00234375

0.003125 0.00214768
0.00312417 0.00214844

0.00302734 0.0022343
0.00301271 0.00224609

0.00297852 0.00227131
0.00294804 0.00229492

0.00292969 0.00230983
0.00294917 0.00229492

0.00297852 0.00227073
0.00300934 0.00224609

0.00302734 0.00223318
0.00312481 0.00214844

0.00244141 0.00261042
0.00238736 0.00263672

0.00234375 0.00265704
0.00238551 0.00263672

0.00244141 0.00261015
0.00253906 0.0025592

0.00273438 0.00244593
0.00257663 0.00253906

0.00253906 0.00255965
0.00257454 0.00253906

0.00283203 0.00237981
0.00273933 0.00244141

0.00273438 0.00244433
0.00273897 0.00244141

0.00283203 0.00237971
0.00288218 0.00234375

0.003125 1.45488e-05
0.00314941 1.54476e-05

0.00314941 1.48628e-05
0.00317383 1.57061e-05

0.00317383 1.52291e-05
0.00319824 1.61783e-05

0.00319824 1.57344e-05
0.00322266 1.6462e-05

0.00322266 1.59645e-05
0.00324707 1.67194e-05

0.00324707 1.60455e-05
0.00327148 1.75022e-05

0.00327148 1.72309e-05
0.0032959 1.81408e-05

0.0032959 1.76168e-05
0.00332031 1.76649e-05

0.00332031 1.62542e-05
0.00334473 1.92104e-05

0.00334473 2.02169e-05
0.00336914 2.09772e-05

0.00336914 1.31946e-05
0.00339355 2.37789e-05

0.00339232 2.44141e-05
0.00339355 2.48775e-05

0.00339355 2.71623e-05
0.00341797 4.87349e-05

0.00341771 4.88281e-05
0.00341797 4.90786e-05

0.00341797 4.93861e-05
0.00344171 7.32422e-05

0.00344179 7.32422e-05
0.00344238 7.38579e-05

0.00344238 7.40217e-05
0.00346438 9.76563e-05

0.00346494 9.76563e-05
0.0034668 9.97461e-05

0.0034668 0.000100544
0.00348563 0.00012207

0.00348541 0.00012207
0.00349121 0.000129

0.00349121 0.000128646
0.00350588 0.000146484

0.00350612 0.000146484
0.00351563 0.00015891

0.00351563 0.000159396
0.00354263 0.000195313

0.003543 0.000195313
0.00356445 0.000227483

0.00356445 0.00022932
0.00357415 0.000244141

0.00357504 0.000244141
0.00360389 0.000292969

0.00360462 0.000292969
0.00361328 0.000310389

0.00361328 0.000311773
0.00362897 0.000341797

0.00362917 0.000341797
0.00365181 0.000390625

0.00365247 0.000390625
0.00368999 0.000488281

0.00368979 0.000488281
0.00371094 0.000562772

0.00371094 0.000564244
0.0037171 0.000585938

0.00371721 0.000585937
0.00373614 0.000683594

0.00373577 0.000683594
0.00374704 0.00078125

0.00374902 0.00078125
0.0037498 0.000976562

0.00374949 0.000976562
0.00372171 0.00117188

0.00371094 0.00121047
0.00366609 0.00136719

0.00366629 0.00136719
0.00358133 0.0015625

0.00371094 0.00120678
0.00372093 0.00117187

0.00332031 0.00194815
0.00331615 0.00195312

0.00351563 0.00167626
0.00346703 0.00175781

0.00341797 0.00182119
0.00339313 0.00185547

0.00332031 0.00194559
0.00339317 0.00185547

0.00341797 0.00182069
0.00346364 0.00175781

0.00331778 0.00195312
0.00312838 0.00214844

0.00351563 0.00167247
0.00358113 0.0015625

