7.14879e-05 0
7.32422e-05 5.12387e-06

7.32422e-05 1.36099e-06
9.62294e-05 2.44141e-05

9.76563e-05 1.39633e-05
0.00012207 1.40137e-05

0.00012207 1.34545e-05
0.000146484 1.37437e-05

0.000146484 1.41222e-05
0.000170898 1.42922e-05

0.000170898 1.40033e-05
0.000195313 1.34536e-05

0.000195313 1.3631e-05
0.000219727 1.3951e-05

0.000219727 1.39231e-05
0.000244141 1.40168e-05

0.000244141 1.41644e-05
0.000268555 1.35597e-05

0.000268555 1.36106e-05
0.000292969 1.34176e-05

0.000292969 1.37082e-05
0.000317383 1.3728e-05

0.000317383 1.36583e-05
0.000341797 1.33993e-05

0.000341797 1.36388e-05
0.000366211 1.34134e-05

0.000366211 1.34848e-05
0.000390625 1.32408e-05

0.000390625 1.34288e-05
0.000415039 1.32664e-05

0.000415039 1.33425e-05
0.000439453 1.31466e-05

0.000439453 1.32704e-05
0.000463867 1.31411e-05

0.000463867 1.32263e-05
0.000488281 1.30762e-05

0.000488281 1.31767e-05
0.000512695 1.30191e-05

0.000512695 1.30966e-05
0.000537109 1.29805e-05

0.000537109 1.30846e-05
0.000561523 1.29457e-05

0.000561523 1.29731e-05
0.000585937 1.29067e-05

0.000585937 1.31331e-05
0.000634766 1.24731e-05

0.000634766 1.29002e-05
0.00065918 1.2862e-05

0.00065918 1.26904e-05
0.000683594 1.25324e-05

0.000683594 1.26948e-05
0.000708008 1.28479e-05

0.000708008 1.26934e-05
0.000732422 1.27422e-05

0.000732422 1.28514e-05
0.000756836 1.27593e-05

0.000756836 1.27195e-05
0.00078125 1.25878e-05

0.00078125 1.26301e-05
0.000805664 1.27977e-05

0.000805664 1.27048e-05
0.000830078 1.28352e-05

0.000830078 1.28319e-05
0.000854492 1.27778e-05

0.000854492 1.27501e-05
0.000878906 1.27143e-05

0.000878906 1.2675e-05
0.00090332 1.28848e-05

0.00090332 1.28368e-05
0.000927734 1.29209e-05

0.000927734 1.2846e-05
0.000952148 1.28319e-05

0.000952148 1.28099e-05
0.000976562 1.29281e-05

0.000976562 1.2824e-05
0.00100098 1.302e-05

0.00100098 1.29266e-05
0.00102539 1.30881e-05

0.00102539 1.29531e-05
0.0010498 1.31201e-05

0.0010498 1.30504e-05
0.00107422 1.32023e-05

0.00107422 1.304e-05
0.00109863 1.32508e-05

0.00109863 1.31932e-05
0.00112305 1.33628e-05

0.00112305 1.31521e-05
0.00114746 1.33839e-05

0.00114746 1.33496e-05
0.00117187 1.35437e-05

0.00117188 1.32896e-05
0.00119629 1.35303e-05

0.00119629 1.3547e-05
0.0012207 1.37004e-05

0.0012207 1.34305e-05
0.00124512 1.36164e-05

0.00124512 1.37841e-05
0.00126953 1.37396e-05

0.00126953 1.34891e-05
0.00129395 1.34915e-05

0.00129395 1.36664e-05
0.00131836 1.38609e-05

0.00131836 1.35982e-05
0.00134277 1.36728e-05

0.00134277 1.39123e-05
0.00136719 1.37266e-05

0.0013916 1.34779e-06
0.00136849 2.44141e-05

0.0013916 5.08168e-06
0.00139334 0

0.00146267 0
0.00146484 6.29917e-06

0.00146484 2.47497e-06
0.00148581 2.44141e-05

0.00148834 2.44141e-05
0.00148926 2.4734e-05

0.00148926 1.56718e-05
0.00151367 1.75915e-05

0.00151305 2.44141e-05
0.00151367 2.44358e-05

0.00151367 1.73971e-05
0.00153809 1.59958e-05

0.00151367 2.44204e-05
0.00151392 2.44141e-05

0.0015625 3.09076e-06
0.00154181 2.44141e-05

0.00153809 2.48356e-05
0.00153931 2.44141e-05

0 0.00312111
0.000390625 0.0031101

0.000390625 0.00311039
0.00078125 0.00307675

0.00078125 0.00307738
0.00117187 0.0030193

0.00117188 0.00302035
0.0015625 0.00293449

0.0015625 6.52608e-06
0.00156476 0

0.00165565 0
0.00166016 1.08765e-05

0.00166016 1.05611e-05
0.00167625 2.44141e-05

0.00167516 2.44141e-05
0.00168457 2.7557e-05

0.00168457 1.73634e-05
0.00170898 1.72164e-05

0.00168457 2.44656e-05
0.00170123 2.44141e-05

0.0017334 1.01231e-05
0.00171731 2.44141e-05

0.00170898 2.75674e-05
0.00171824 2.44141e-05

0.0017334 8.94821e-06
0.00173702 0

0.00179969 0
0.00180664 1.494e-05

0.00180664 9.85061e-06
0.00183105 1.16336e-05

0.00183105 6.73727e-06
0.00185113 0

0.00185666 0
0.00187988 1.68714e-05

0.00187988 7.93736e-06
0.0019043 1.13992e-05

0.0019043 8.78618e-06
0.00192871 1.077e-05

0.00192871 9.49076e-06
0.00195312 1.20113e-05

0.00195312 9.31925e-06
0.00197754 1.31636e-05

0.00197754 1.37065e-05
0.00200195 1.26687e-05

0.00200195 1.60021e-05
0.00202637 5.11544e-06

0.00202637 5.59438e-06
0.00205078 8.48924e-06

0.00205078 8.89999e-06
0.0020752 1.51146e-05

0.0020752 9.41181e-06
0.00209961 1.17366e-05

0.00209961 1.3498e-05
0.00212402 1.34777e-05

0.00212402 1.31049e-05
0.00214844 8.01679e-06

0.00214844 7.58473e-06
0.00217285 1.31424e-05

0.00217285 1.40997e-05
0.00219727 1.38946e-05

0.00219727 1.31481e-05
0.00222168 7.30696e-06

0.00222168 7.24309e-06
0.00224609 1.35942e-05

0.00224609 1.42582e-05
0.00227051 1.4038e-05

0.00227051 1.40001e-05
0.00229492 6.54257e-06

0.00229492 7.35188e-06
0.00231934 1.19178e-05

0.00231934 1.03739e-05
0.00234375 1.54627e-05

0.00234375 1.54901e-05
0.00236816 1.05154e-05

0.00236816 1.25581e-05
0.00239258 6.68393e-06

0.00239258 6.69453e-06
0.00241699 1.2592e-05

0.00241699 1.04799e-05
0.00244141 1.55101e-05

0.00244141 1.55058e-05
0.00246582 1.04586e-05

0.00246582 1.25215e-05
0.00249023 6.76971e-06

0.00249023 6.77405e-06
0.00251465 1.25999e-05

0.00251465 1.05146e-05
0.00253906 1.54592e-05

0.00253906 1.54542e-05
0.00256348 1.04859e-05

0.00256348 1.24864e-05
0.00258789 6.89172e-06

0.00258789 6.88593e-06
0.0026123 1.26222e-05

0.0026123 1.06525e-05
0.00263672 1.53342e-05

0.00263672 1.52821e-05
0.00266113 1.04393e-05

0.00266113 1.18314e-05
0.00268555 7.74155e-06

0.00268555 6.93554e-06
0.00270996 1.39949e-05

0.00270996 1.40017e-05
0.00273438 1.42118e-05

0.00273437 1.39798e-05
0.00275879 7.23329e-06

0.00275879 8.04141e-06
0.0027832 1.18344e-05

0.0027832 1.06544e-05
0.00280762 1.5047e-05

0.00280762 1.5046e-05
0.00283203 1.06456e-05

0.00283203 1.18528e-05
0.00285645 8.02318e-06

0.00285645 7.32704e-06
0.00288086 1.38362e-05

0.00288086 1.39536e-05
0.00290527 1.39282e-05

0.00290527 1.30663e-05
0.00292969 8.06282e-06

0.00292969 8.54026e-06
0.0029541 1.30734e-05

0.0029541 1.33976e-05
0.00297852 1.33715e-05

0.00297852 1.15678e-05
0.00300293 1.00115e-05

0.00300293 1.02471e-05
0.00302734 1.45102e-05

0.00302734 1.2819e-05
0.00305176 1.44877e-05

0.00305176 1.31996e-05
0.00307617 1.39854e-05

0.00307617 1.36848e-05
0.00310059 1.48039e-05

0.00310059 1.40845e-05
0.003125 1.48283e-05

0.00175781 0.00287858
0.00157358 0.00292969

0.0015625 0.0029322
0.00157155 0.00292969

0.00175781 0.00287905
0.00195312 0.00281615

0.00234375 0.00265842
0.00216981 0.00273438

0.00195312 0.00281648
0.00214844 0.00274317

0.00214844 0.00274297
0.00216811 0.00273438

0.00292969 0.00231019
0.00288315 0.00234375

0.003125 0.00214767
0.00312416 0.00214844

0.00302734 0.00223431
0.00301271 0.00224609

0.00297852 0.00227131
0.00294803 0.00229492

0.00292969 0.00230983
0.00294917 0.00229492

0.00297852 0.00227072
0.00300932 0.00224609

0.00302734 0.00223317
0.00312479 0.00214844

0.00244141 0.00261043
0.00238738 0.00263672

0.00234375 0.00265705
0.00238553 0.00263672

0.00244141 0.00261016
0.00253906 0.00255921

0.00273438 0.00244594
0.00257665 0.00253906

0.00253906 0.00255964
0.00257454 0.00253906

0.00283203 0.00237981
0.00273934 0.00244141

0.00273438 0.00244432
0.00273895 0.00244141

0.00283203 0.0023797
0.00288217 0.00234375

0.003125 1.44116e-05
0.00314941 1.52549e-05

0.00314941 1.46846e-05
0.00317383 1.55928e-05

0.00317383 1.50574e-05
0.00319824 1.61145e-05

0.00319824 1.55138e-05
0.00322266 1.65633e-05

0.00322266 1.59784e-05
0.00324707 1.70324e-05

0.00324707 1.64537e-05
0.00327148 1.7524e-05

0.00327148 1.69042e-05
0.0032959 1.80934e-05

0.0032959 1.73483e-05
0.00332031 1.89061e-05

0.00332031 1.8133e-05
0.00334473 1.99615e-05

0.00334473 1.9938e-05
0.00336914 1.99734e-05

0.00336914 1.3293e-05
0.00339268 2.44141e-05

0.00339088 2.44141e-05
0.00339355 2.54774e-05

0.00339355 2.78922e-05
0.00341748 4.88281e-05

0.00341733 4.88281e-05
0.00341797 4.94408e-05

0.00341797 4.9736e-05
0.00344166 7.32422e-05

0.00344166 7.32422e-05
0.00344238 7.39874e-05

0.00344238 7.41147e-05
0.00346444 9.76563e-05

0.00346498 9.76563e-05
0.0034668 9.96832e-05

0.0034668 0.000100153
0.00350633 0.000146484

0.00350628 0.000146484
0.00351563 0.000158692

0.00351563 0.000159191
0.0035428 0.000195313

0.00354317 0.000195313
0.00356445 0.000227234

0.00356445 0.000229074
0.00357432 0.000244141

0.00357519 0.000244141
0.00360403 0.000292969

0.00360477 0.000292969
0.00361328 0.000310107

0.00361328 0.000311505
0.0036291 0.000341797

0.00362929 0.000341797
0.00365192 0.000390625

0.00365258 0.000390625
0.00369007 0.000488281

0.00368987 0.000488281
0.00371094 0.000562545

0.00371094 0.000563982
0.00371717 0.000585938

0.00371727 0.000585937
0.00373618 0.000683594

0.00373581 0.000683594
0.00374707 0.00078125

0.00374904 0.00078125
0.0037498 0.000976562

0.0037495 0.000976562
0.00372169 0.00117188

0.00371094 0.00121039
0.00366605 0.00136719

0.00366625 0.00136719
0.00358129 0.0015625

0.00371094 0.00120662
0.00372088 0.00117187

0.00332031 0.00194817
0.00331617 0.00195312

0.00351563 0.00167621
0.003467 0.00175781

0.00341797 0.00182114
0.00339309 0.00185547

0.00332031 0.00194555
0.00339313 0.00185547

0.00341797 0.00182064
0.0034636 0.00175781

0.00331775 0.00195312
0.00312836 0.00214844

0.00351563 0.00167238
0.00358108 0.0015625

