7.13499e-05 0
7.32422e-05 5.49982e-06

7.32422e-05 3.88792e-07
9.62697e-05 2.44141e-05

9.69161e-05 2.44141e-05
9.76563e-05 2.46715e-05

9.76563e-05 1.40539e-05
0.00012207 1.47208e-05

0.000119168 2.44141e-05
0.00012207 2.44439e-05

0.00012207 1.38034e-05
0.000146484 1.33762e-05

0.000146484 1.37518e-05
0.000170898 1.43752e-05

0.000170898 1.41478e-05
0.000195313 1.39814e-05

0.000195313 1.41722e-05
0.000219727 1.36998e-05

0.000219727 1.37748e-05
0.000244141 1.36366e-05

0.000244141 1.38864e-05
0.000268555 1.37774e-05

0.000268555 1.37521e-05
0.000292969 1.34956e-05

0.000292969 1.37243e-05
0.000317383 1.35563e-05

0.000317383 1.35763e-05
0.000341797 1.34219e-05

0.000341797 1.36136e-05
0.000366211 1.34387e-05

0.000366211 1.34686e-05
0.000390625 1.32722e-05

0.000390625 1.34608e-05
0.000415039 1.33037e-05

0.000415039 1.33686e-05
0.000439453 1.31431e-05

0.000439453 1.32915e-05
0.000463867 1.31459e-05

0.000463867 1.32363e-05
0.000488281 1.30653e-05

0.000488281 1.31701e-05
0.000512695 1.30216e-05

0.000512695 1.30937e-05
0.000537109 1.29954e-05

0.000537109 1.30987e-05
0.000561523 1.29528e-05

0.000561523 1.29691e-05
0.000585937 1.29127e-05

0.000585938 1.31727e-05
0.000610352 1.27989e-05

0.000610352 1.2825e-05
0.000634766 1.25303e-05

0.000634766 1.28089e-05
0.00065918 1.27513e-05

0.00065918 1.26364e-05
0.000683594 1.26389e-05

0.000683594 1.27251e-05
0.000708008 1.28387e-05

0.000708008 1.27736e-05
0.000732422 1.26598e-05

0.000732422 1.26999e-05
0.000756836 1.27056e-05

0.000756836 1.26754e-05
0.00078125 1.27658e-05

0.00078125 1.27378e-05
0.000805664 1.27933e-05

0.000805664 1.2781e-05
0.000830078 1.27373e-05

0.000830078 1.27181e-05
0.000854492 1.27522e-05

0.000854492 1.26924e-05
0.000878906 1.28734e-05

0.000878906 1.28497e-05
0.00090332 1.28734e-05

0.00090332 1.27784e-05
0.000927734 1.28207e-05

0.000927734 1.28581e-05
0.000952148 1.29242e-05

0.000952148 1.28066e-05
0.000976562 1.28853e-05

0.000976562 1.28489e-05
0.00100098 1.30442e-05

0.00100098 1.29115e-05
0.00102539 1.30563e-05

0.00102539 1.29623e-05
0.0010498 1.31363e-05

0.0010498 1.30177e-05
0.00107422 1.3198e-05

0.00107422 1.30847e-05
0.00109863 1.32721e-05

0.00109863 1.31516e-05
0.00112305 1.3334e-05

0.00112305 1.31656e-05
0.00114746 1.3455e-05

0.00114746 1.33667e-05
0.00117187 1.35401e-05

0.00117188 1.33137e-05
0.00119629 1.35611e-05

0.00119629 1.36891e-05
0.0012207 1.35823e-05

0.0012207 1.33137e-05
0.00124512 1.34035e-05

0.00124512 1.34629e-05
0.00126953 1.39412e-05

0.00126953 1.35577e-05
0.00129395 1.38712e-05

0.00129395 1.41453e-05
0.00131836 1.37302e-05

0.00131836 1.32107e-05
0.00134277 1.35948e-05

0.00134277 1.44407e-05
0.00136719 1.40114e-05

0.0013916 4.31582e-07
0.00136853 2.44141e-05

0.0013916 4.97806e-06
0.0013933 0

0.00146314 0
0.00146484 5.04865e-06

0.00146484 3.27937e-06
0.00148543 2.44141e-05

0.0014853 2.44141e-05
0.00148926 2.5764e-05

0.00148926 1.61964e-05
0.00151367 1.65513e-05

0.00150697 2.44141e-05
0.00151367 2.44467e-05

0.00151367 1.6109e-05
0.00153809 1.55909e-05

0.00151367 2.44381e-05
0.00151658 2.44141e-05

0.0015625 4.26632e-06
0.00154186 2.44141e-05

0.00153809 2.55141e-05
0.00154148 2.44141e-05

0 0.00312112
0.000390625 0.0031101

0.000390625 0.00311039
0.00078125 0.00307676

0.00078125 0.00307738
0.00117187 0.00301931

0.00117188 0.00302036
0.0015625 0.0029345

0.0015625 6.5194e-06
0.00156474 0

0.00165569 0
0.00166016 1.078e-05

0.00166016 1.05076e-05
0.00167622 2.44141e-05

0.00167515 2.44141e-05
0.00168457 2.75763e-05

0.00168457 1.74547e-05
0.00170898 1.72696e-05

0.00168457 2.44804e-05
0.00170029 2.44141e-05

0.0017334 1.00592e-05
0.00171728 2.44141e-05

0.00170898 2.7494e-05
0.00171799 2.44141e-05

0.0017334 9.05049e-06
0.00173707 0

0.0017997 0
0.00180664 1.49233e-05

0.00180664 9.84481e-06
0.00183105 1.16509e-05

0.00183105 6.74331e-06
0.00185112 0

0.00185666 0
0.00187988 1.68712e-05

0.00187988 7.93896e-06
0.0019043 1.14006e-05

0.0019043 8.78892e-06
0.00192871 1.07698e-05

0.00192871 9.49265e-06
0.00195312 1.20094e-05

0.00195312 9.31818e-06
0.00197754 1.31628e-05

0.00197754 1.37038e-05
0.00200195 1.26716e-05

0.00200195 1.60037e-05
0.00202637 5.11933e-06

0.00202637 5.60198e-06
0.00205078 8.48262e-06

0.00205078 8.88882e-06
0.0020752 1.51171e-05

0.0020752 9.41025e-06
0.00209961 1.17546e-05

0.00209961 1.35102e-05
0.00212402 1.3483e-05

0.00212402 1.31813e-05
0.00214844 7.94781e-06

0.00214844 7.50402e-06
0.00217285 1.30706e-05

0.00217285 1.39807e-05
0.00219727 1.40091e-05

0.00219727 1.32271e-05
0.00222168 7.38525e-06

0.00222168 7.30273e-06
0.00224609 1.35067e-05

0.00224609 1.42307e-05
0.00227051 1.40483e-05

0.00227051 1.40043e-05
0.00229492 6.56126e-06

0.00229492 7.36116e-06
0.00231934 1.19062e-05

0.00231934 1.03732e-05
0.00234375 1.54631e-05

0.00234375 1.54878e-05
0.00236816 1.05166e-05

0.00236816 1.2559e-05
0.00239258 6.68738e-06

0.00239258 6.69761e-06
0.00241699 1.259e-05

0.00241699 1.04794e-05
0.00244141 1.55097e-05

0.00244141 1.55054e-05
0.00246582 1.04601e-05

0.00246582 1.25223e-05
0.00249023 6.7702e-06

0.00249023 6.77475e-06
0.00251465 1.25997e-05

0.00251465 1.05146e-05
0.00253906 1.54597e-05

0.00253906 1.54543e-05
0.00256348 1.04871e-05

0.00256348 1.2482e-05
0.00258789 6.89782e-06

0.00258789 6.89264e-06
0.0026123 1.26276e-05

0.0026123 1.0658e-05
0.00263672 1.53311e-05

0.00263672 1.5278e-05
0.00266113 1.04453e-05

0.00266113 1.18389e-05
0.00268555 7.7485e-06

0.00268555 6.9418e-06
0.00270996 1.39883e-05

0.00270996 1.40017e-05
0.00273438 1.42117e-05

0.00273437 1.39847e-05
0.00275879 7.22799e-06

0.00275879 8.03872e-06
0.0027832 1.18257e-05

0.0027832 1.06467e-05
0.00280762 1.50454e-05

0.00280762 1.50447e-05
0.00283203 1.06412e-05

0.00283203 1.18506e-05
0.00285645 8.01395e-06

0.00285645 7.31601e-06
0.00288086 1.38353e-05

0.00288086 1.39413e-05
0.00290527 1.39383e-05

0.00290527 1.30742e-05
0.00292969 8.07295e-06

0.00292969 8.56276e-06
0.0029541 1.30493e-05

0.0029541 1.33429e-05
0.00297852 1.33846e-05

0.00297852 1.15539e-05
0.00300293 1.01132e-05

0.00300293 1.03245e-05
0.00302734 1.45359e-05

0.00302734 1.28875e-05
0.00305176 1.44567e-05

0.00305176 1.32588e-05
0.00307617 1.38875e-05

0.00307617 1.36216e-05
0.00310059 1.46664e-05

0.00310059 1.39261e-05
0.003125 1.48246e-05

0.00175781 0.00287859
0.00157361 0.00292969

0.0015625 0.00293221
0.0015716 0.00292969

0.00175781 0.00287906
0.00195312 0.00281615

0.00234375 0.00265842
0.00216982 0.00273438

0.00195312 0.00281649
0.00214844 0.00274318

0.00214844 0.00274297
0.00216812 0.00273438

0.00292969 0.00231019
0.00288316 0.00234375

0.003125 0.00214768
0.00312416 0.00214844

0.00302734 0.00223432
0.00301273 0.00224609

0.00297852 0.00227131
0.00294804 0.00229492

0.00292969 0.00230983
0.00294917 0.00229492

0.00297852 0.00227072
0.00300932 0.00224609

0.00302734 0.00223317
0.0031248 0.00214844

0.00244141 0.00261044
0.0023874 0.00263672

0.00234375 0.00265705
0.00238554 0.00263672

0.00244141 0.00261017
0.00253906 0.00255922

0.00273438 0.00244595
0.00257666 0.00253906

0.00253906 0.00255965
0.00257455 0.00253906

0.00283203 0.00237982
0.00273935 0.00244141

0.00273438 0.00244432
0.00273896 0.00244141

0.00283203 0.00237971
0.00288218 0.00234375

0.003125 1.43315e-05
0.00314941 1.53733e-05

0.00314941 1.47757e-05
0.00317383 1.5662e-05

0.00317383 1.51379e-05
0.00319824 1.604e-05

0.00319824 1.54044e-05
0.00322266 1.657e-05

0.00322266 1.59956e-05
0.00324707 1.72249e-05

0.00324707 1.67013e-05
0.00327148 1.74989e-05

0.00327148 1.66381e-05
0.0032959 1.8067e-05

0.0032959 1.78411e-05
0.00332031 1.91012e-05

0.00332031 1.78911e-05
0.00334473 1.93226e-05

0.00334473 1.98526e-05
0.00336914 1.99528e-05

0.00336914 1.27003e-05
0.00339314 2.44141e-05

0.00339013 2.44141e-05
0.00339355 2.58486e-05

0.00339355 2.83334e-05
0.00341644 4.88281e-05

0.00341683 4.88281e-05
0.00341797 4.99118e-05

0.00341797 5.04495e-05
0.003441 7.32422e-05

0.00344109 7.32422e-05
0.00344238 7.45755e-05

0.00344238 7.47669e-05
0.00346391 9.76563e-05

0.00346441 9.76563e-05
0.0034668 0.000100319

0.0034668 0.00010105
0.0034853 0.00012207

0.00348508 0.00012207
0.00349121 0.000129353

0.00349121 0.000129005
0.00350565 0.000146484

0.00350592 0.000146484
0.00351563 0.000159115

0.00351563 0.000159602
0.00354259 0.000195313

0.00354295 0.000195313
0.00356445 0.000227474

0.00356445 0.000229324
0.00357417 0.000244141

0.00357506 0.000244141
0.00360397 0.000292969

0.00360472 0.000292969
0.00361328 0.000310161

0.00361328 0.000311579
0.00362909 0.000341797

0.00362929 0.000341797
0.00365196 0.000390625

0.00365262 0.000390625
0.00369015 0.000488281

0.00368995 0.000488281
0.00371094 0.000562234

0.00371094 0.000563664
0.00371726 0.000585938

0.00371736 0.000585937
0.00373627 0.000683594

0.0037359 0.000683594
0.00374714 0.00078125

0.00374911 0.00078125
0.00374985 0.000976562

0.00374955 0.000976562
0.00372172 0.00117188

0.00371094 0.00121051
0.00366608 0.00136719

0.00366628 0.00136719
0.00358131 0.0015625

0.00371094 0.00120672
0.00372091 0.00117187

0.00332031 0.00194819
0.00331619 0.00195312

0.00351563 0.00167624
0.00346702 0.00175781

0.00341797 0.00182116
0.00339311 0.00185547

0.00332031 0.00194556
0.00339314 0.00185547

0.00341797 0.00182065
0.00346361 0.00175781

0.00331776 0.00195312
0.00312837 0.00214844

0.00351563 0.0016724
0.00358109 0.0015625

