7.14065e-05 0
7.32422e-05 5.34248e-06

7.32422e-05 3.74576e-07
9.63406e-05 2.44141e-05

9.75333e-05 2.44141e-05
9.76563e-05 2.44567e-05

9.76563e-05 1.37791e-05
0.00012207 1.47605e-05

0.00012207 1.3893e-05
0.000146484 1.36749e-05

0.000146484 1.41733e-05
0.000170898 1.40331e-05

0.000170898 1.37439e-05
0.000195313 1.36109e-05

0.000195313 1.39347e-05
0.000219727 1.40703e-05

0.000219727 1.38864e-05
0.000244141 1.36739e-05

0.000244141 1.39248e-05
0.000268555 1.37587e-05

0.000268555 1.3775e-05
0.000292969 1.35351e-05

0.000292969 1.37406e-05
0.000317383 1.35839e-05

0.000317383 1.36291e-05
0.000341797 1.34479e-05

0.000341797 1.36349e-05
0.000366211 1.3421e-05

0.000366211 1.34909e-05
0.000390625 1.32707e-05

0.000390625 1.34537e-05
0.000415039 1.32796e-05

0.000415039 1.33487e-05
0.000439453 1.31593e-05

0.000439453 1.32844e-05
0.000463867 1.31741e-05

0.000463867 1.3263e-05
0.000488281 1.30857e-05

0.000488281 1.3192e-05
0.000512695 1.30115e-05

0.000512695 1.31257e-05
0.000537109 1.29647e-05

0.000537109 1.30733e-05
0.000561523 1.29007e-05

0.000561523 1.30135e-05
0.000585937 1.28321e-05

0.000585938 1.29294e-05
0.000610352 1.27887e-05

0.000610352 1.28653e-05
0.000634766 1.27825e-05

0.000634766 1.28291e-05
0.00065918 1.2773e-05

0.00065918 1.28224e-05
0.000683594 1.27471e-05

0.000683594 1.27719e-05
0.000708008 1.27251e-05

0.000708008 1.27781e-05
0.000732422 1.27261e-05

0.000732422 1.2729e-05
0.000756836 1.26955e-05

0.000756836 1.27076e-05
0.00078125 1.27499e-05

0.00078125 1.27735e-05
0.000805664 1.27099e-05

0.000805664 1.26906e-05
0.000830078 1.26785e-05

0.000830078 1.2646e-05
0.000854492 1.28206e-05

0.000854492 1.27735e-05
0.000878906 1.28386e-05

0.000878906 1.27795e-05
0.00090332 1.2778e-05

0.00090332 1.2746e-05
0.000927734 1.2864e-05

0.000927734 1.27833e-05
0.000952148 1.29392e-05

0.000952148 1.28389e-05
0.000976562 1.29899e-05

0.000976562 1.28935e-05
0.00100098 1.3042e-05

0.00100098 1.29595e-05
0.00102539 1.30796e-05

0.00102539 1.29656e-05
0.0010498 1.31406e-05

0.0010498 1.30725e-05
0.00107422 1.32164e-05

0.00107422 1.30576e-05
0.00109863 1.32548e-05

0.00109863 1.32084e-05
0.00112305 1.33646e-05

0.00112305 1.31722e-05
0.00114746 1.33662e-05

0.00114746 1.33321e-05
0.00117187 1.35231e-05

0.00117188 1.32454e-05
0.00119629 1.35722e-05

0.00119629 1.35086e-05
0.0012207 1.38276e-05

0.0012207 1.36936e-05
0.00124512 1.35978e-05

0.00124512 1.35453e-05
0.00126953 1.36482e-05

0.00126953 1.34908e-05
0.00129395 1.39538e-05

0.00129395 1.40801e-05
0.00131836 1.38086e-05

0.00131836 1.35669e-05
0.00134277 1.3469e-05

0.00134277 1.38852e-05
0.00136719 1.38555e-05

0.00134277 2.44203e-05
0.00135925 2.44141e-05

0.0013916 1.35055e-06
0.00136848 2.44141e-05

0.00136719 2.47066e-05
0.00136807 2.44141e-05

0.0013916 5.54401e-06
0.00139351 0

0.00146299 0
0.00146484 5.45458e-06

0.00146484 3.02422e-06
0.00148561 2.44141e-05

0.00148559 2.44141e-05
0.00148926 2.56679e-05

0.00148926 1.57822e-05
0.00151367 1.68993e-05

0.00150927 2.44141e-05
0.00151367 2.44968e-05

0.00151367 1.67487e-05
0.00153809 1.59102e-05

0.00151367 2.44284e-05
0.00151467 2.44141e-05

0.0015625 3.52811e-06
0.00154185 2.44141e-05

0.00153809 2.54969e-05
0.00154131 2.44141e-05

0 0.00312114
0.000390625 0.00311012

0.000390625 0.00311041
0.00078125 0.00307678

0.00078125 0.0030774
0.00117187 0.00301933

0.00117188 0.00302038
0.0015625 0.00293451

0.0015625 6.24684e-06
0.00156464 0

0.00165566 0
0.00166016 1.08408e-05

0.00166016 1.05592e-05
0.00167624 2.44141e-05

0.00167518 2.44141e-05
0.00168457 2.755e-05

0.00168457 1.73568e-05
0.00170898 1.72129e-05

0.00168457 2.44652e-05
0.00170149 2.44141e-05

0.0017334 1.01307e-05
0.00171731 2.44141e-05

0.00170898 2.75619e-05
0.00171822 2.44141e-05

0.0017334 8.96341e-06
0.00173703 0

0.0017997 0
0.00180664 1.49215e-05

0.00180664 9.83024e-06
0.00183105 1.1654e-05

0.00183105 6.74438e-06
0.00185116 0

0.00185666 0
0.00187988 1.687e-05

0.00187988 7.94694e-06
0.0019043 1.14107e-05

0.0019043 8.79566e-06
0.00192871 1.07643e-05

0.00192871 9.49518e-06
0.00195312 1.20124e-05

0.00195312 9.32239e-06
0.00197754 1.31609e-05

0.00197754 1.37021e-05
0.00200195 1.26714e-05

0.00200195 1.59991e-05
0.00202637 5.12823e-06

0.00202637 5.60915e-06
0.00205078 8.48621e-06

0.00205078 8.88893e-06
0.0020752 1.51188e-05

0.0020752 9.4218e-06
0.00209961 1.17581e-05

0.00209961 1.35132e-05
0.00212402 1.34723e-05

0.00212402 1.31613e-05
0.00214844 7.96481e-06

0.00214844 7.51943e-06
0.00217285 1.30914e-05

0.00217285 1.39984e-05
0.00219727 1.40009e-05

0.00219727 1.32999e-05
0.00222168 7.31423e-06

0.00222168 7.2157e-06
0.00224609 1.34382e-05

0.00224609 1.41159e-05
0.00227051 1.41612e-05

0.00227051 1.40695e-05
0.00229492 6.6449e-06

0.00229492 7.42861e-06
0.00231934 1.18301e-05

0.00231934 1.03656e-05
0.00234375 1.54604e-05

0.00234375 1.54815e-05
0.00236816 1.05184e-05

0.00236816 1.25565e-05
0.00239258 6.69157e-06

0.00239258 6.70109e-06
0.00241699 1.25895e-05

0.00241699 1.04795e-05
0.00244141 1.55071e-05

0.00244141 1.55019e-05
0.00246582 1.04627e-05

0.00246582 1.25221e-05
0.00249023 6.77604e-06

0.00249023 6.78083e-06
0.00251465 1.25984e-05

0.00251465 1.05164e-05
0.00253906 1.54562e-05

0.00253906 1.54495e-05
0.00256348 1.04897e-05

0.00256348 1.24853e-05
0.00258789 6.90248e-06

0.00258789 6.89855e-06
0.0026123 1.262e-05

0.0026123 1.06548e-05
0.00263672 1.53266e-05

0.00263672 1.52721e-05
0.00266113 1.04464e-05

0.00266113 1.1836e-05
0.00268555 7.75381e-06

0.00268555 6.94538e-06
0.00270996 1.39891e-05

0.00270996 1.40045e-05
0.00273438 1.42093e-05

0.00273437 1.39875e-05
0.00275879 7.22263e-06

0.00275879 8.03108e-06
0.0027832 1.18247e-05

0.0027832 1.06437e-05
0.00280762 1.5053e-05

0.00280762 1.50468e-05
0.00283203 1.06449e-05

0.00283203 1.18961e-05
0.00285645 7.97376e-06

0.00285645 7.27142e-06
0.00288086 1.37885e-05

0.00288086 1.3837e-05
0.00290527 1.40281e-05

0.00290527 1.31388e-05
0.00292969 8.1771e-06

0.00292969 8.6662e-06
0.0029541 1.29582e-05

0.0029541 1.3218e-05
0.00297852 1.34438e-05

0.00297852 1.17103e-05
0.00300293 1.02129e-05

0.00300293 1.04581e-05
0.00302734 1.4257e-05

0.00302734 1.27322e-05
0.00305176 1.42936e-05

0.00305176 1.3057e-05
0.00307617 1.3912e-05

0.00307617 1.35134e-05
0.00310059 1.4788e-05

0.00310059 1.39717e-05
0.003125 1.49551e-05

0.00175781 0.00287859
0.00157361 0.00292969

0.0015625 0.00293221
0.0015716 0.00292969

0.00175781 0.00287906
0.00195312 0.00281616

0.00234375 0.00265843
0.00216984 0.00273438

0.00195312 0.00281649
0.00214844 0.00274319

0.00214844 0.00274298
0.00216813 0.00273438

0.00292969 0.00231018
0.00288315 0.00234375

0.003125 0.00214766
0.00312415 0.00214844

0.00302734 0.00223432
0.00301272 0.00224609

0.00297852 0.00227129
0.00294802 0.00229492

0.00292969 0.00230982
0.00294916 0.00229492

0.00297852 0.0022707
0.0030093 0.00224609

0.00302734 0.00223316
0.00312478 0.00214844

0.00244141 0.00261044
0.00238741 0.00263672

0.00234375 0.00265705
0.00238553 0.00263672

0.00244141 0.00261017
0.00253906 0.00255922

0.00273438 0.00244594
0.00257666 0.00253906

0.00253906 0.00255964
0.00257452 0.00253906

0.00283203 0.00237981
0.00273934 0.00244141

0.00273438 0.0024443
0.00273892 0.00244141

0.00283203 0.00237969
0.00288215 0.00234375

0.003125 1.442e-05
0.00314941 1.5439e-05

0.00314941 1.48578e-05
0.00317383 1.57278e-05

0.00317383 1.52672e-05
0.00319824 1.60451e-05

0.00319824 1.55251e-05
0.00322266 1.63896e-05

0.00322266 1.58327e-05
0.00324707 1.69901e-05

0.00324707 1.63413e-05
0.00327148 1.76522e-05

0.00327148 1.68932e-05
0.0032959 1.8365e-05

0.0032959 1.7875e-05
0.00332031 1.89587e-05

0.00332031 1.79956e-05
0.00334473 1.9428e-05

0.00334473 1.97474e-05
0.00336914 1.9951e-05

0.00336914 1.33614e-05
0.00339347 2.44141e-05

0.00339204 2.44141e-05
0.00339355 2.49799e-05

0.00339355 2.68368e-05
0.00341797 4.80947e-05

0.00341788 4.88281e-05
0.00341797 4.89139e-05

0.00341797 4.79159e-05
0.0034189 4.88281e-05

0.00341797 4.90518e-05
0.00344176 7.32422e-05

0.00344182 7.32422e-05
0.00344238 7.3834e-05

0.00344238 7.40161e-05
0.00346422 9.76563e-05

0.00346476 9.76563e-05
0.0034668 9.99518e-05

0.0034668 0.000100392
0.00350588 0.000146484

0.00350592 0.000146484
0.00351563 0.000159171

0.00351563 0.000159643
0.00354246 0.000195313

0.00354285 0.000195313
0.00356445 0.000227666

0.00356445 0.000229528
0.00357402 0.000244141

0.00357493 0.000244141
0.00360382 0.000292969

0.00360456 0.000292969
0.00361328 0.000310496

0.00361328 0.000311889
0.00362893 0.000341797

0.00362913 0.000341797
0.0036518 0.000390625

0.00365246 0.000390625
0.00369001 0.000488281

0.00368981 0.000488281
0.00371094 0.000562653

0.00371094 0.000564123
0.00371713 0.000585938

0.00371725 0.000585937
0.00373617 0.000683594

0.00373581 0.000683594
0.00374707 0.00078125

0.00374905 0.00078125
0.00374982 0.000976562

0.00374951 0.000976562
0.00372171 0.00117188

0.00371094 0.00121048
0.00366608 0.00136719

0.00366627 0.00136719
0.0035813 0.0015625

0.00371094 0.00120665
0.00372089 0.00117187

0.00332031 0.00194822
0.00331621 0.00195312

0.00351563 0.00167625
0.00346703 0.00175781

0.00341797 0.00182115
0.00339309 0.00185547

0.00332031 0.00194554
0.00339312 0.00185547

0.00341797 0.00182063
0.00346361 0.00175781

0.00331774 0.00195312
0.00312835 0.00214844

0.00351563 0.00167237
0.00358108 0.0015625

