7.13377e-05 0
7.32422e-05 5.53276e-06

7.32422e-05 6.98067e-07
9.62882e-05 2.44141e-05

9.76563e-05 1.39541e-05
0.00012207 1.45393e-05

0.00012207 1.37539e-05
0.000146484 1.35722e-05

0.000146484 1.41263e-05
0.000170898 1.40908e-05

0.000170898 1.36831e-05
0.000195313 1.35891e-05

0.000195313 1.38073e-05
0.000219727 1.42675e-05

0.000219727 1.42496e-05
0.000244141 1.37224e-05

0.000244141 1.39158e-05
0.000268555 1.33579e-05

0.000268555 1.34691e-05
0.000292969 1.36678e-05

0.000292969 1.38019e-05
0.000317383 1.37678e-05

0.000317383 1.38021e-05
0.000341797 1.32838e-05

0.000341797 1.34759e-05
0.000366211 1.33257e-05

0.000366211 1.34649e-05
0.000390625 1.34004e-05

0.000390625 1.34581e-05
0.000415039 1.32493e-05

0.000415039 1.3346e-05
0.000439453 1.32147e-05

0.000439453 1.33418e-05
0.000463867 1.31749e-05

0.000463867 1.32574e-05
0.000488281 1.30621e-05

0.000488281 1.31904e-05
0.000512695 1.30452e-05

0.000512695 1.31566e-05
0.000537109 1.2955e-05

0.000537109 1.30696e-05
0.000561523 1.28787e-05

0.000561523 1.30098e-05
0.000585937 1.28311e-05

0.000585938 1.28619e-05
0.000610352 1.28342e-05

0.000610352 1.2931e-05
0.000634766 1.28709e-05

0.000634766 1.29135e-05
0.00065918 1.26983e-05

0.00065918 1.27448e-05
0.000683594 1.27558e-05

0.000683594 1.27848e-05
0.000708008 1.28424e-05

0.000708008 1.28698e-05
0.000732422 1.27111e-05

0.000732422 1.27882e-05
0.000756836 1.26175e-05

0.000756836 1.26283e-05
0.00078125 1.27155e-05

0.00078125 1.27028e-05
0.000805664 1.28239e-05

0.000805664 1.27682e-05
0.000830078 1.27441e-05

0.000830078 1.27322e-05
0.000854492 1.27609e-05

0.000854492 1.27361e-05
0.000878906 1.28163e-05

0.000878906 1.27622e-05
0.00090332 1.28428e-05

0.00090332 1.27948e-05
0.000927734 1.28704e-05

0.000927734 1.28136e-05
0.000952148 1.28974e-05

0.000952148 1.28294e-05
0.000976562 1.29535e-05

0.000976562 1.28513e-05
0.00100098 1.30344e-05

0.00100098 1.29146e-05
0.00102539 1.31273e-05

0.00102539 1.30027e-05
0.0010498 1.31855e-05

0.0010498 1.30935e-05
0.00107422 1.32098e-05

0.00107422 1.30404e-05
0.00109863 1.33148e-05

0.00109863 1.32702e-05
0.00112305 1.34291e-05

0.00112305 1.32018e-05
0.00114746 1.33842e-05

0.00114746 1.33984e-05
0.00117187 1.3567e-05

0.00117188 1.32768e-05
0.00119629 1.35562e-05

0.00119629 1.36031e-05
0.0012207 1.37744e-05

0.0012207 1.34441e-05
0.00124512 1.36431e-05

0.00124512 1.37563e-05
0.00126953 1.3918e-05

0.00126953 1.35692e-05
0.00129395 1.37604e-05

0.00129395 1.40674e-05
0.00131836 1.38947e-05

0.00131836 1.34723e-05
0.00134277 1.35973e-05

0.00134277 1.42246e-05
0.00136719 1.39252e-05

0.00134277 2.44288e-05
0.00134599 2.44141e-05

0.0013916 8.83225e-07
0.00136856 2.44141e-05

0.00136719 2.46261e-05
0.00136781 2.44141e-05

0.0013916 4.91061e-06
0.00139328 0

0.00146327 0
0.00146484 4.67824e-06

0.00146484 3.65378e-06
0.00148536 2.44141e-05

0.00148493 2.44141e-05
0.00148926 2.58661e-05

0.00148926 1.60544e-05
0.00151367 1.62095e-05

0.00148926 2.44379e-05
0.0015084 2.44141e-05

0.00151367 1.59396e-05
0.00153809 1.57959e-05

0.0015625 4.33421e-06
0.00154198 2.44141e-05

0.00153809 2.56801e-05
0.00154198 2.44141e-05

0 0.00312118
0.000390625 0.00311016

0.000390625 0.00311045
0.00078125 0.00307681

0.00078125 0.00307744
0.00117187 0.00301935

0.00117188 0.00302039
0.0015625 0.0029345

0.0015625 6.00409e-06
0.00156455 0

0.00165572 0
0.00166016 1.07198e-05

0.00166016 1.05145e-05
0.0016762 2.44141e-05

0.00167509 2.44141e-05
0.00168457 2.75983e-05

0.00168457 1.74664e-05
0.00170898 1.72462e-05

0.00168457 2.44901e-05
0.0016991 2.44141e-05

0.0017334 1.00505e-05
0.00171724 2.44141e-05

0.00170898 2.74358e-05
0.00171783 2.44141e-05

0.0017334 9.12945e-06
0.0017371 0

0.00179972 0
0.00180664 1.49036e-05

0.00180664 9.82641e-06
0.00183105 1.16721e-05

0.00183105 6.73662e-06
0.00185118 0

0.00185664 0
0.00187988 1.68801e-05

0.00187988 7.96343e-06
0.0019043 1.1406e-05

0.0019043 8.80095e-06
0.00192871 1.07633e-05

0.00192871 9.50043e-06
0.00195312 1.20128e-05

0.00195312 9.32438e-06
0.00197754 1.31581e-05

0.00197754 1.37003e-05
0.00200195 1.2673e-05

0.00200195 1.59911e-05
0.00202637 5.13989e-06

0.00202637 5.62627e-06
0.00205078 8.4874e-06

0.00205078 8.87331e-06
0.0020752 1.51232e-05

0.0020752 9.44708e-06
0.00209961 1.17774e-05

0.00209961 1.35354e-05
0.00212402 1.34332e-05

0.00212402 1.30819e-05
0.00214844 8.00816e-06

0.00214844 7.58067e-06
0.00217285 1.31609e-05

0.00217285 1.40881e-05
0.00219727 1.39019e-05

0.00219727 1.3232e-05
0.00222168 7.26242e-06

0.00222168 7.17824e-06
0.00224609 1.3504e-05

0.00224609 1.41273e-05
0.00227051 1.41521e-05

0.00227051 1.40657e-05
0.00229492 6.64965e-06

0.00229492 7.43514e-06
0.00231934 1.18347e-05

0.00231934 1.03702e-05
0.00234375 1.54559e-05

0.00234375 1.54784e-05
0.00236816 1.05213e-05

0.00236816 1.25573e-05
0.00239258 6.69816e-06

0.00239258 6.70709e-06
0.00241699 1.25884e-05

0.00241699 1.04819e-05
0.00244141 1.55053e-05

0.00244141 1.55004e-05
0.00246582 1.04641e-05

0.00246582 1.25207e-05
0.00249023 6.78154e-06

0.00249023 6.78638e-06
0.00251465 1.25995e-05

0.00251465 1.05199e-05
0.00253906 1.5453e-05

0.00253906 1.54456e-05
0.00256348 1.04915e-05

0.00256348 1.24794e-05
0.00258789 6.91601e-06

0.00258789 6.91284e-06
0.0026123 1.26237e-05

0.0026123 1.06621e-05
0.00263672 1.53179e-05

0.00263672 1.52639e-05
0.00266113 1.04523e-05

0.00266113 1.18406e-05
0.00268555 7.76582e-06

0.00268555 6.95557e-06
0.00270996 1.39833e-05

0.00270996 1.40093e-05
0.00273438 1.42038e-05

0.00273437 1.39809e-05
0.00275879 7.21976e-06

0.00275879 8.02562e-06
0.0027832 1.18355e-05

0.0027832 1.06555e-05
0.00280762 1.50514e-05

0.00280762 1.50451e-05
0.00283203 1.0635e-05

0.00283203 1.18214e-05
0.00285645 8.0488e-06

0.00285645 7.3664e-06
0.00288086 1.38511e-05

0.00288086 1.39482e-05
0.00290527 1.39043e-05

0.00290527 1.30434e-05
0.00292969 8.11538e-06

0.00292969 8.58706e-06
0.0029541 1.3086e-05

0.0029541 1.33962e-05
0.00297852 1.33688e-05

0.00297852 1.16783e-05
0.00300293 9.95853e-06

0.00300293 1.01715e-05
0.00302734 1.43726e-05

0.00302734 1.27513e-05
0.00305176 1.45057e-05

0.00305176 1.31857e-05
0.00307617 1.3901e-05

0.00307617 1.35863e-05
0.00310059 1.47426e-05

0.00310059 1.39258e-05
0.003125 1.49387e-05

0.00175781 0.00287857
0.00157354 0.00292969

0.0015625 0.00293219
0.00157154 0.00292969

0.00175781 0.00287905
0.00195312 0.00281616

0.00234375 0.00265843
0.00216986 0.00273438

0.00195312 0.00281649
0.00214844 0.00274319

0.00214844 0.00274298
0.00216814 0.00273438

0.00292969 0.00231018
0.00288314 0.00234375

0.003125 0.00214765
0.00312413 0.00214844

0.00302734 0.00223432
0.00301273 0.00224609

0.00297852 0.00227128
0.00294801 0.00229492

0.00292969 0.00230981
0.00294914 0.00229492

0.00297852 0.00227068
0.00300926 0.00224609

0.00302734 0.00223314
0.00312475 0.00214844

0.00244141 0.00261045
0.00238744 0.00263672

0.00234375 0.00265705
0.00238552 0.00263672

0.00244141 0.00261018
0.00253906 0.00255922

0.00273438 0.00244594
0.00257667 0.00253906

0.00253906 0.00255962
0.00257449 0.00253906

0.00283203 0.0023798
0.00273934 0.00244141

0.00273438 0.00244428
0.00273889 0.00244141

0.00283203 0.00237968
0.00288213 0.00234375

0.003125 1.44265e-05
0.00314941 1.55064e-05

0.00314941 1.49183e-05
0.00317383 1.57061e-05

0.00317383 1.51907e-05
0.00319824 1.60592e-05

0.00319824 1.56236e-05
0.00322266 1.64856e-05

0.00322266 1.58162e-05
0.00324707 1.69428e-05

0.00324707 1.64842e-05
0.00327148 1.76519e-05

0.00327148 1.69456e-05
0.0032959 1.79809e-05

0.0032959 1.75078e-05
0.00332031 1.86087e-05

0.00332031 1.79085e-05
0.00334473 1.91863e-05

0.00334473 1.9095e-05
0.00336914 1.95771e-05

0.00336914 1.32508e-05
0.00339272 2.44141e-05

0.00339221 2.44141e-05
0.00339355 2.49238e-05

0.00339355 2.66388e-05
0.00341797 4.81043e-05

0.0034171 4.88281e-05
0.00341797 4.97018e-05

0.00341797 4.94549e-05
0.00344111 7.32422e-05

0.00344141 7.32422e-05
0.00344238 7.42602e-05

0.00344238 7.45524e-05
0.00346385 9.76563e-05

0.00346444 9.76563e-05
0.0034668 0.000100301

0.0034668 0.000101054
0.00348523 0.00012207

0.00348505 0.00012207
0.00349121 0.000129418

0.00349121 0.000129125
0.00350552 0.000146484

0.00350581 0.000146484
0.00351563 0.000159269

0.00351563 0.000159748
0.00354246 0.000195313

0.00354284 0.000195313
0.00356445 0.000227639

0.00356445 0.000229525
0.00357403 0.000244141

0.00357495 0.000244141
0.00360387 0.000292969

0.00360461 0.000292969
0.00361328 0.000310385

0.00361328 0.000311792
0.00362899 0.000341797

0.00362918 0.000341797
0.00365186 0.000390625

0.00365252 0.000390625
0.00369006 0.000488281

0.00368986 0.000488281
0.00371094 0.000562525

0.00371094 0.000563988
0.00371717 0.000585938

0.00371728 0.000585937
0.00373619 0.000683594

0.00373583 0.000683594
0.00374708 0.00078125

0.00374905 0.00078125
0.0037498 0.000976562

0.0037495 0.000976562
0.00372168 0.00117188

0.00371094 0.00121038
0.00366604 0.00136719

0.00366624 0.00136719
0.00358126 0.0015625

0.00371094 0.00120645
0.00372084 0.00117187

0.00332031 0.00194826
0.00331625 0.00195312

0.00351563 0.00167622
0.00346701 0.00175781

0.00341797 0.00182111
0.00339306 0.00185547

0.00332031 0.00194549
0.00339308 0.00185547

0.00341797 0.00182057
0.00346357 0.00175781

0.00331771 0.00195312
0.00312832 0.00214844

0.00351563 0.00167228
0.00358102 0.0015625

