7.12372e-05 0
7.32422e-05 5.80929e-06

7.32422e-05 1.11485e-06
9.63544e-05 2.44141e-05

9.70454e-05 2.44141e-05
9.76563e-05 2.46193e-05

9.76563e-05 1.35877e-05
0.00012207 1.44647e-05

0.00012207 1.42081e-05
0.000146484 1.38937e-05

0.000146484 1.39829e-05
0.000170898 1.35894e-05

0.000170898 1.35969e-05
0.000195313 1.391e-05

0.000195313 1.3954e-05
0.000219727 1.40913e-05

0.000219727 1.41455e-05
0.000244141 1.35702e-05

0.000244141 1.36533e-05
0.000268555 1.35228e-05

0.000268555 1.37179e-05
0.000292969 1.38026e-05

0.000292969 1.38173e-05
0.000317383 1.34854e-05

0.000317383 1.36011e-05
0.000341797 1.34246e-05

0.000341797 1.35981e-05
0.000366211 1.34434e-05

0.000366211 1.35034e-05
0.000390625 1.32945e-05

0.000390625 1.34483e-05
0.000415039 1.3287e-05

0.000415039 1.33593e-05
0.000439453 1.32033e-05

0.000439453 1.33343e-05
0.000463867 1.31744e-05

0.000463867 1.32635e-05
0.000488281 1.30678e-05

0.000488281 1.31933e-05
0.000512695 1.30339e-05

0.000512695 1.31199e-05
0.000537109 1.29833e-05

0.000537109 1.3116e-05
0.000561523 1.29163e-05

0.000561523 1.29603e-05
0.000585937 1.28592e-05

0.000585938 1.30254e-05
0.000610352 1.2864e-05

0.000610352 1.28808e-05
0.000634766 1.27115e-05

0.000634766 1.28217e-05
0.00065918 1.28303e-05

0.00065918 1.28192e-05
0.000683594 1.27851e-05

0.000683594 1.28976e-05
0.000708008 1.27066e-05

0.000708008 1.2681e-05
0.000732422 1.26569e-05

0.000732422 1.27176e-05
0.000756836 1.28532e-05

0.000756836 1.28205e-05
0.00078125 1.27063e-05

0.00078125 1.27281e-05
0.000805664 1.26836e-05

0.000805664 1.26471e-05
0.000830078 1.28178e-05

0.000830078 1.27904e-05
0.000854492 1.28592e-05

0.000854492 1.27851e-05
0.000878906 1.27758e-05

0.000878906 1.27839e-05
0.00090332 1.28527e-05

0.00090332 1.27783e-05
0.000927734 1.28789e-05

0.000927734 1.28655e-05
0.000952148 1.29121e-05

0.000952148 1.28169e-05
0.000976562 1.29057e-05

0.000976562 1.28326e-05
0.00100098 1.30702e-05

0.00100098 1.2928e-05
0.00102539 1.31307e-05

0.00102539 1.29991e-05
0.0010498 1.31919e-05

0.0010498 1.30673e-05
0.00107422 1.32673e-05

0.00107422 1.31281e-05
0.00109863 1.33506e-05

0.00109863 1.32643e-05
0.00112305 1.33921e-05

0.00112305 1.32035e-05
0.00114746 1.3461e-05

0.00114746 1.34435e-05
0.00117187 1.35891e-05

0.00117188 1.33434e-05
0.00119629 1.35351e-05

0.00119629 1.35637e-05
0.0012207 1.37518e-05

0.0012207 1.34285e-05
0.00124512 1.37291e-05

0.00124512 1.38667e-05
0.00126953 1.38977e-05

0.00126953 1.35077e-05
0.00129395 1.36964e-05

0.00129395 1.39871e-05
0.00131836 1.40612e-05

0.00131836 1.34112e-05
0.00134277 1.39048e-05

0.00134277 1.4922e-05
0.00136719 1.38775e-05

0.0013916 7.63112e-09
0.0013685 2.44141e-05

0.0013916 5.25163e-06
0.0013934 0

0.00146259 0
0.00146484 6.50642e-06

0.00146484 2.62699e-06
0.00148572 2.44141e-05

0.00148875 2.44141e-05
0.00148926 2.45891e-05

0.00148926 1.58552e-05
0.00151367 1.75987e-05

0.00151367 1.74273e-05
0.00153809 1.58756e-05

0.0015625 3.03911e-06
0.00154177 2.44141e-05

0.00153809 2.48557e-05
0.00153937 2.44141e-05

0 0.00312122
0.000390625 0.0031102

0.000390625 0.00311049
0.00078125 0.00307684

0.00078125 0.00307748
0.00117187 0.00301937

0.00117188 0.00302041
0.0015625 0.0029345

0.0015625 6.43524e-06
0.00156472 0

0.00165565 0
0.00166016 1.08715e-05

0.00166016 1.05027e-05
0.00167627 2.44141e-05

0.00167528 2.44141e-05
0.00168457 2.7525e-05

0.00168457 1.74055e-05
0.00170898 1.7267e-05

0.00168457 2.44671e-05
0.00170304 2.44141e-05

0.0017334 1.00729e-05
0.0017173 2.44141e-05

0.00170898 2.7549e-05
0.00171815 2.44141e-05

0.0017334 8.93614e-06
0.00173701 0

0.00179972 0
0.00180664 1.48991e-05

0.00180664 9.82373e-06
0.00183105 1.16769e-05

0.00183105 6.72325e-06
0.00185123 0

0.00185663 0
0.00187988 1.68908e-05

0.00187988 7.98331e-06
0.0019043 1.14011e-05

0.0019043 8.80667e-06
0.00192871 1.07569e-05

0.00192871 9.50081e-06
0.00195312 1.20145e-05

0.00195312 9.32449e-06
0.00197754 1.3159e-05

0.00197754 1.37026e-05
0.00200195 1.26742e-05

0.00200195 1.59852e-05
0.00202637 5.14507e-06

0.00202637 5.63037e-06
0.00205078 8.49691e-06

0.00205078 8.87704e-06
0.0020752 1.51255e-05

0.0020752 9.45573e-06
0.00209961 1.17842e-05

0.00209961 1.35381e-05
0.00212402 1.34355e-05

0.00212402 1.31482e-05
0.00214844 7.95688e-06

0.00214844 7.51387e-06
0.00217285 1.30953e-05

0.00217285 1.39952e-05
0.00219727 1.3992e-05

0.00219727 1.32159e-05
0.00222168 7.389e-06

0.00222168 7.31213e-06
0.00224609 1.35133e-05

0.00224609 1.42268e-05
0.00227051 1.40425e-05

0.00227051 1.39953e-05
0.00229492 6.58364e-06

0.00229492 7.38305e-06
0.00231934 1.19084e-05

0.00231934 1.0381e-05
0.00234375 1.54493e-05

0.00234375 1.54774e-05
0.00236816 1.05231e-05

0.00236816 1.25563e-05
0.00239258 6.70622e-06

0.00239258 6.71603e-06
0.00241699 1.25886e-05

0.00241699 1.04865e-05
0.00244141 1.54998e-05

0.00244141 1.54955e-05
0.00246582 1.04649e-05

0.00246582 1.25165e-05
0.00249023 6.79245e-06

0.00249023 6.79692e-06
0.00251465 1.26006e-05

0.00251465 1.05246e-05
0.00253906 1.54464e-05

0.00253906 1.54406e-05
0.00256348 1.04936e-05

0.00256348 1.24795e-05
0.00258789 6.92342e-06

0.00258789 6.91959e-06
0.0026123 1.26211e-05

0.0026123 1.06642e-05
0.00263672 1.53137e-05

0.00263672 1.52608e-05
0.00266113 1.04508e-05

0.00266113 1.18353e-05
0.00268555 7.77177e-06

0.00268555 6.96117e-06
0.00270996 1.39861e-05

0.00270996 1.40112e-05
0.00273438 1.42006e-05

0.00273437 1.3987e-05
0.00275879 7.21509e-06

0.00275879 8.0193e-06
0.0027832 1.18284e-05

0.0027832 1.06471e-05
0.00280762 1.50589e-05

0.00280762 1.50553e-05
0.00283203 1.0632e-05

0.00283203 1.18285e-05
0.00285645 8.02343e-06

0.00285645 7.33906e-06
0.00288086 1.38503e-05

0.00288086 1.39397e-05
0.00290527 1.39213e-05

0.00290527 1.30417e-05
0.00292969 8.12285e-06

0.00292969 8.60692e-06
0.0029541 1.30835e-05

0.0029541 1.33901e-05
0.00297852 1.3354e-05

0.00297852 1.16143e-05
0.00300293 1.00283e-05

0.00300293 1.02802e-05
0.00302734 1.44128e-05

0.00302734 1.2779e-05
0.00305176 1.44051e-05

0.00305176 1.31372e-05
0.00307617 1.39117e-05

0.00307617 1.35881e-05
0.00310059 1.47554e-05

0.00310059 1.39939e-05
0.003125 1.48492e-05

0.00175781 0.00287856
0.00157353 0.00292969

0.0015625 0.00293219
0.00157153 0.00292969

0.00175781 0.00287904
0.00195312 0.00281615

0.00234375 0.00265843
0.00216984 0.00273438

0.00195312 0.00281649
0.00214844 0.00274319

0.00214844 0.00274297
0.00216812 0.00273438

0.00292969 0.00231016
0.00288313 0.00234375

0.003125 0.00214763
0.00312411 0.00214844

0.00302734 0.00223431
0.00301272 0.00224609

0.00297852 0.00227126
0.00294798 0.00229492

0.00292969 0.0023098
0.00294912 0.00229492

0.00297852 0.00227065
0.00300923 0.00224609

0.00302734 0.00223312
0.00312473 0.00214844

0.00244141 0.00261045
0.00238743 0.00263672

0.00234375 0.00265704
0.0023855 0.00263672

0.00244141 0.00261017
0.00253906 0.00255921

0.00273438 0.00244593
0.00257665 0.00253906

0.00253906 0.0025596
0.00257445 0.00253906

0.00283203 0.00237979
0.00273932 0.00244141

0.00273438 0.00244426
0.00273885 0.00244141

0.00283203 0.00237966
0.00288211 0.00234375

0.003125 1.43878e-05
0.00314941 1.53071e-05

0.00314941 1.47139e-05
0.00317383 1.56173e-05

0.00317383 1.50454e-05
0.00319824 1.61488e-05

0.00319824 1.54774e-05
0.00322266 1.67358e-05

0.00322266 1.60186e-05
0.00324707 1.73923e-05

0.00324707 1.73909e-05
0.00327148 1.7331e-05

0.00327148 1.6495e-05
0.0032959 1.68047e-05

0.0032959 1.55824e-05
0.00332031 1.97171e-05

0.00332031 1.98804e-05
0.00334473 2.16277e-05

0.00334473 2.03185e-05
0.00336914 1.84754e-05

0.00336914 1.29217e-05
0.00339258 2.44141e-05

0.00339169 2.44141e-05
0.00339355 2.51658e-05

0.00339355 2.76088e-05
0.00341774 4.88281e-05

0.00341744 4.88281e-05
0.00341797 4.93357e-05

0.00341797 4.96051e-05
0.00344168 7.32422e-05

0.0034417 7.32422e-05
0.00344238 7.39497e-05

0.00344238 7.40663e-05
0.00346444 9.76563e-05

0.00346498 9.76563e-05
0.0034668 9.96866e-05

0.0034668 0.000100461
0.00348575 0.00012207

0.00348551 0.00012207
0.00349121 0.000128866

0.00349121 0.000128515
0.003506 0.000146484

0.00350625 0.000146484
0.00351563 0.000158732

0.00351563 0.000159213
0.00354279 0.000195313

0.00354316 0.000195313
0.00356445 0.000227266

0.00356445 0.000229127
0.00357428 0.000244141

0.00357516 0.000244141
0.003604 0.000292969

0.00360473 0.000292969
0.00361328 0.000310181

0.00361328 0.000311565
0.00362907 0.000341797

0.00362926 0.000341797
0.00365189 0.000390625

0.00365255 0.000390625
0.00369004 0.000488281

0.00368984 0.000488281
0.00371094 0.00056266

0.00371094 0.000564094
0.00371713 0.000585938

0.00371724 0.000585937
0.00373615 0.000683594

0.00373578 0.000683594
0.00374703 0.00078125

0.00374901 0.00078125
0.00374976 0.000976562

0.00374946 0.000976562
0.00372164 0.00117188

0.00371094 0.00121028
0.00366602 0.00136719

0.00366621 0.00136719
0.00358124 0.0015625

0.00371094 0.00120628
0.00372079 0.00117187

0.00332031 0.0019483
0.00331628 0.00195312

0.00351563 0.0016762
0.003467 0.00175781

0.00341797 0.00182108
0.00339304 0.00185547

0.00332031 0.00194545
0.00339305 0.00185547

0.00341797 0.00182053
0.00346354 0.00175781

0.00331768 0.00195312
0.0031283 0.00214844

0.00351563 0.00167221
0.00358098 0.0015625

