7.14914e-05 0
7.32422e-05 5.11352e-06

7.32422e-05 1.25474e-06
9.62223e-05 2.44141e-05

9.76563e-05 1.4023e-05
0.00012207 1.40612e-05

0.00012207 1.34096e-05
0.000146484 1.3677e-05

0.000146484 1.41053e-05
0.000170898 1.43832e-05

0.000170898 1.40808e-05
0.000195313 1.3429e-05

0.000195313 1.35182e-05
0.000219727 1.39824e-05

0.000219727 1.40734e-05
0.000244141 1.41382e-05

0.000244141 1.41386e-05
0.000268555 1.34608e-05

0.000268555 1.36401e-05
0.000292969 1.35479e-05

0.000292969 1.37696e-05
0.000317383 1.36919e-05

0.000317383 1.3657e-05
0.000341797 1.34152e-05

0.000341797 1.36591e-05
0.000366211 1.34437e-05

0.000366211 1.34759e-05
0.000390625 1.32785e-05

0.000390625 1.34867e-05
0.000415039 1.33264e-05

0.000415039 1.33523e-05
0.000439453 1.31681e-05

0.000439453 1.33532e-05
0.000463867 1.31923e-05

0.000463867 1.32444e-05
0.000488281 1.30434e-05

0.000488281 1.31818e-05
0.000512695 1.30745e-05

0.000512695 1.31416e-05
0.000537109 1.29924e-05

0.000537109 1.31031e-05
0.000561523 1.29403e-05

0.000561523 1.30411e-05
0.000585937 1.28615e-05

0.000585938 1.2966e-05
0.000610352 1.28233e-05

0.000610352 1.29177e-05
0.000634766 1.27839e-05

0.000634766 1.28149e-05
0.00065918 1.27866e-05

0.00065918 1.28174e-05
0.000683594 1.28445e-05

0.000683594 1.29068e-05
0.000708008 1.27327e-05

0.000708008 1.2787e-05
0.000732422 1.26317e-05

0.000732422 1.26689e-05
0.000756836 1.27544e-05

0.000756836 1.27111e-05
0.00078125 1.28264e-05

0.00078125 1.28245e-05
0.000805664 1.27594e-05

0.000805664 1.27495e-05
0.000830078 1.26971e-05

0.000830078 1.26689e-05
0.000854492 1.28421e-05

0.000854492 1.27555e-05
0.000878906 1.29328e-05

0.000878906 1.29143e-05
0.00090332 1.28452e-05

0.00090332 1.28046e-05
0.000927734 1.27868e-05

0.000927734 1.27538e-05
0.000952148 1.29807e-05

0.000952148 1.2887e-05
0.000976562 1.30234e-05

0.000976562 1.29001e-05
0.00100098 1.30272e-05

0.00100098 1.29471e-05
0.00102539 1.31435e-05

0.00102539 1.30018e-05
0.0010498 1.32052e-05

0.0010498 1.31053e-05
0.00107422 1.32766e-05

0.00107422 1.31136e-05
0.00109863 1.334e-05

0.00109863 1.32679e-05
0.00112305 1.34416e-05

0.00112305 1.32402e-05
0.00114746 1.34661e-05

0.00114746 1.34566e-05
0.00117187 1.35835e-05

0.00117188 1.32867e-05
0.00119629 1.36062e-05

0.00119629 1.37179e-05
0.0012207 1.37947e-05

0.0012207 1.34256e-05
0.00124512 1.35815e-05

0.00124512 1.37317e-05
0.00126953 1.40134e-05

0.00126953 1.36707e-05
0.00129395 1.37593e-05

0.00129395 1.40291e-05
0.00131836 1.38496e-05

0.00131836 1.34456e-05
0.00134277 1.37138e-05

0.00134277 1.43141e-05
0.00136719 1.39684e-05

0.00134277 2.44313e-05
0.00134604 2.44141e-05

0.0013916 8.75012e-07
0.00136858 2.44141e-05

0.00136719 2.46612e-05
0.00136791 2.44141e-05

0.0013916 5.09121e-06
0.00139334 0

0.00146306 0
0.00146484 5.23508e-06

0.00146484 3.22276e-06
0.0014855 2.44141e-05

0.00148689 2.44141e-05
0.00148926 2.52215e-05

0.00148926 1.59538e-05
0.00151367 1.68676e-05

0.00151245 2.44141e-05
0.00151367 2.44336e-05

0.00151367 1.66224e-05
0.00153809 1.59143e-05

0.0015625 3.8727e-06
0.00154196 2.44141e-05

0.00153809 2.51442e-05
0.00154028 2.44141e-05

0 0.00312128
0.000390625 0.00311026

0.000390625 0.00311055
0.00078125 0.00307689

0.00078125 0.00307753
0.00117187 0.00301941

0.00117188 0.00302045
0.0015625 0.00293452

0.0015625 6.08621e-06
0.00156459 0

0.00165566 0
0.00166016 1.08375e-05

0.00166016 1.05932e-05
0.00167623 2.44141e-05

0.00167511 2.44141e-05
0.00168457 2.75657e-05

0.00168457 1.73282e-05
0.00170898 1.71731e-05

0.00168457 2.44675e-05
0.00170054 2.44141e-05

0.0017334 1.01584e-05
0.00171731 2.44141e-05

0.00170898 2.75537e-05
0.00171822 2.44141e-05

0.0017334 8.99605e-06
0.00173705 0

0.00179975 0
0.00180664 1.48672e-05

0.00180664 9.79737e-06
0.00183105 1.17109e-05

0.00183105 6.72299e-06
0.0018513 0

0.0018566 0
0.00187988 1.68943e-05

0.00187988 8.0059e-06
0.0019043 1.14064e-05

0.0019043 8.81786e-06
0.00192871 1.07505e-05

0.00192871 9.50793e-06
0.00195312 1.20172e-05

0.00195312 9.32949e-06
0.00197754 1.31545e-05

0.00197754 1.36942e-05
0.00200195 1.26809e-05

0.00200195 1.59891e-05
0.00202637 5.16141e-06

0.00202637 5.64063e-06
0.00205078 8.49248e-06

0.00205078 8.90788e-06
0.0020752 1.51017e-05

0.0020752 9.42503e-06
0.00209961 1.17551e-05

0.00209961 1.35057e-05
0.00212402 1.34736e-05

0.00212402 1.31765e-05
0.00214844 7.96151e-06

0.00214844 7.51247e-06
0.00217285 1.30703e-05

0.00217285 1.39837e-05
0.00219727 1.4006e-05

0.00219727 1.32783e-05
0.00222168 7.33411e-06

0.00222168 7.24052e-06
0.00224609 1.34525e-05

0.00224609 1.41218e-05
0.00227051 1.41464e-05

0.00227051 1.40522e-05
0.00229492 6.67368e-06

0.00229492 7.45858e-06
0.00231934 1.18416e-05

0.00231934 1.03817e-05
0.00234375 1.54396e-05

0.00234375 1.54629e-05
0.00236816 1.05314e-05

0.00236816 1.25573e-05
0.00239258 6.72653e-06

0.00239258 6.73546e-06
0.00241699 1.25813e-05

0.00241699 1.04887e-05
0.00244141 1.54914e-05

0.00244141 1.54867e-05
0.00246582 1.04716e-05

0.00246582 1.25161e-05
0.00249023 6.80722e-06

0.00249023 6.81242e-06
0.00251465 1.25974e-05

0.00251465 1.05282e-05
0.00253906 1.54384e-05

0.00253906 1.54317e-05
0.00256348 1.04995e-05

0.00256348 1.24791e-05
0.00258789 6.93883e-06

0.00258789 6.93553e-06
0.0026123 1.26174e-05

0.0026123 1.0667e-05
0.00263672 1.53059e-05

0.00263672 1.52519e-05
0.00266113 1.04578e-05

0.00266113 1.18382e-05
0.00268555 7.78462e-06

0.00268555 6.97483e-06
0.00270996 1.39802e-05

0.00270996 1.40099e-05
0.00273438 1.41962e-05

0.00273437 1.39804e-05
0.00275879 7.22536e-06

0.00275879 8.02753e-06
0.0027832 1.18338e-05

0.0027832 1.06556e-05
0.00280762 1.50525e-05

0.00280762 1.50473e-05
0.00283203 1.06347e-05

0.00283203 1.18175e-05
0.00285645 8.05035e-06

0.00285645 7.36798e-06
0.00288086 1.38576e-05

0.00288086 1.39546e-05
0.00290527 1.39034e-05

0.00290527 1.30497e-05
0.00292969 8.10726e-06

0.00292969 8.57291e-06
0.0029541 1.30881e-05

0.0029541 1.3399e-05
0.00297852 1.3384e-05

0.00297852 1.17145e-05
0.00300293 9.92683e-06

0.00300293 1.01779e-05
0.00302734 1.42976e-05

0.00302734 1.26803e-05
0.00305176 1.44581e-05

0.00305176 1.31091e-05
0.00307617 1.39345e-05

0.00307617 1.36017e-05
0.00310059 1.47719e-05

0.00310059 1.39709e-05
0.003125 1.48723e-05

0.00175781 0.00287855
0.00157357 0.00292969

0.0015625 0.00293221
0.00157158 0.00292969

0.00175781 0.00287904
0.00195312 0.00281614

0.00234375 0.00265841
0.00216981 0.00273438

0.00195312 0.00281648
0.00214844 0.00274317

0.00214844 0.00274295
0.00216806 0.00273438

0.00292969 0.00231015
0.00288311 0.00234375

0.003125 0.00214761
0.00312409 0.00214844

0.00302734 0.00223432
0.00301273 0.00224609

0.00297852 0.00227123
0.00294795 0.00229492

0.00292969 0.00230978
0.00294909 0.00229492

0.00297852 0.00227061
0.00300918 0.00224609

0.00302734 0.0022331
0.00312471 0.00214844

0.00244141 0.00261043
0.0023874 0.00263672

0.00234375 0.00265701
0.00238543 0.00263672

0.00244141 0.00261015
0.00253906 0.00255918

0.00273438 0.00244591
0.00257662 0.00253906

0.00253906 0.00255956
0.00257438 0.00253906

0.00283203 0.00237976
0.00273929 0.00244141

0.00273438 0.00244421
0.00273878 0.00244141

0.00283203 0.00237963
0.00288207 0.00234375

0.003125 1.43531e-05
0.00314941 1.54463e-05

0.00314941 1.48118e-05
0.00317383 1.58085e-05

0.00317383 1.52978e-05
0.00319824 1.61688e-05

0.00319824 1.56266e-05
0.00322266 1.64881e-05

0.00322266 1.59928e-05
0.00324707 1.69874e-05

0.00324707 1.65387e-05
0.00327148 1.73684e-05

0.00327148 1.65661e-05
0.0032959 1.79469e-05

0.0032959 1.76247e-05
0.00332031 1.89118e-05

0.00332031 1.77215e-05
0.00334473 1.93333e-05

0.00334473 1.98309e-05
0.00336914 1.99293e-05

0.00336914 1.2756e-05
0.00339351 2.44141e-05

0.00339088 2.44141e-05
0.00339355 2.55008e-05

0.00339355 2.77989e-05
0.00341706 4.88281e-05

0.00341693 4.88281e-05
0.00341797 4.98353e-05

0.00341797 5.02058e-05
0.00344106 7.32422e-05

0.00344126 7.32422e-05
0.00344238 7.43936e-05

0.00344238 7.462e-05
0.00346404 9.76563e-05

0.00346462 9.76563e-05
0.0034668 0.000100085

0.0034668 0.000100892
0.00348544 0.00012207

0.00348522 0.00012207
0.00349121 0.000129197

0.00349121 0.000128861
0.00350576 0.000146484

0.00350602 0.000146484
0.00351563 0.000158987

0.00351563 0.000159467
0.00354267 0.000195313

0.00354303 0.000195313
0.00356445 0.000227382

0.00356445 0.000229274
0.0035742 0.000244141

0.0035751 0.000244141
0.00360399 0.000292969

0.00360473 0.000292969
0.00361328 0.00031016

0.00361328 0.000311568
0.00362908 0.000341797

0.00362928 0.000341797
0.00365192 0.000390625

0.00365258 0.000390625
0.00369008 0.000488281

0.00368988 0.000488281
0.00371094 0.00056251

0.00371094 0.000563944
0.00371718 0.000585938

0.00371728 0.000585937
0.00373618 0.000683594

0.00373581 0.000683594
0.00374706 0.00078125

0.00374903 0.00078125
0.00374977 0.000976562

0.00374946 0.000976562
0.00372164 0.00117188

0.00371094 0.00121025
0.003666 0.00136719

0.00366619 0.00136719
0.00358122 0.0015625

0.00371094 0.00120615
0.00372075 0.00117187

0.00332031 0.00194837
0.00331634 0.00195312

0.00351563 0.00167622
0.00346701 0.00175781

0.00341797 0.00182106
0.00339302 0.00185547

0.00332031 0.00194542
0.00339302 0.00185547

0.00341797 0.00182049
0.00346352 0.00175781

0.00331765 0.00195312
0.00312828 0.00214844

0.00351563 0.00167215
0.00358095 0.0015625

