7.15977e-05 0
7.32422e-05 4.81568e-06

7.32422e-05 7.73262e-07
9.62625e-05 2.44141e-05

9.76563e-05 1.38701e-05
0.00012207 1.44165e-05

0.00012207 1.37158e-05
0.000146484 1.36453e-05

0.000146484 1.40191e-05
0.000170898 1.41605e-05

0.000170898 1.38625e-05
0.000195313 1.37135e-05

0.000195313 1.38872e-05
0.000219727 1.40661e-05

0.000219727 1.40029e-05
0.000244141 1.3845e-05

0.000244141 1.40031e-05
0.000268555 1.37101e-05

0.000268555 1.38019e-05
0.000292969 1.36033e-05

0.000292969 1.38031e-05
0.000317383 1.3612e-05

0.000317383 1.36491e-05
0.000341797 1.34708e-05

0.000341797 1.36859e-05
0.000366211 1.34643e-05

0.000366211 1.35133e-05
0.000390625 1.32792e-05

0.000390625 1.34874e-05
0.000415039 1.33192e-05

0.000415039 1.33694e-05
0.000439453 1.31776e-05

0.000439453 1.33417e-05
0.000463867 1.31862e-05

0.000463867 1.32584e-05
0.000488281 1.30637e-05

0.000488281 1.31916e-05
0.000512695 1.30562e-05

0.000512695 1.31477e-05
0.000537109 1.29804e-05

0.000537109 1.3094e-05
0.000561523 1.2915e-05

0.000561523 1.30057e-05
0.000585937 1.28682e-05

0.000585938 1.29676e-05
0.000610352 1.2847e-05

0.000610352 1.28998e-05
0.000634766 1.28041e-05

0.000634766 1.28619e-05
0.00065918 1.28184e-05

0.00065918 1.28615e-05
0.000683594 1.27815e-05

0.000683594 1.28183e-05
0.000708008 1.275e-05

0.000708008 1.28007e-05
0.000732422 1.27468e-05

0.000732422 1.27613e-05
0.000756836 1.27318e-05

0.000756836 1.27358e-05
0.00078125 1.27706e-05

0.00078125 1.27738e-05
0.000805664 1.27678e-05

0.000805664 1.27857e-05
0.000830078 1.27123e-05

0.000830078 1.26645e-05
0.000878906 1.28851e-05

0.000878906 1.28069e-05
0.00090332 1.28377e-05

0.00090332 1.28129e-05
0.000927734 1.28902e-05

0.000927734 1.28182e-05
0.000952148 1.2935e-05

0.000952148 1.28555e-05
0.000976562 1.30121e-05

0.000976562 1.29045e-05
0.00100098 1.30699e-05

0.00100098 1.29605e-05
0.00102539 1.31418e-05

0.00102539 1.30103e-05
0.0010498 1.32225e-05

0.0010498 1.31252e-05
0.00107422 1.32812e-05

0.00107422 1.30931e-05
0.00109863 1.33645e-05

0.00109863 1.33767e-05
0.00112305 1.3423e-05

0.00112305 1.31937e-05
0.00114746 1.33312e-05

0.00114746 1.32671e-05
0.00117187 1.37331e-05

0.00117188 1.35123e-05
0.00119629 1.36981e-05

0.00119629 1.36918e-05
0.0012207 1.35841e-05

0.0012207 1.34062e-05
0.00124512 1.36441e-05

0.00124512 1.35416e-05
0.00126953 1.40883e-05

0.00126953 1.38314e-05
0.00129395 1.40413e-05

0.00129395 1.42328e-05
0.00131836 1.37161e-05

0.00131836 1.32366e-05
0.00134277 1.38539e-05

0.00134277 1.48299e-05
0.00136719 1.40548e-05

0.0013916 1.72406e-07
0.00136853 2.44141e-05

0.00136719 2.46253e-05
0.00136779 2.44141e-05

0.0013916 5.70644e-06
0.00139357 0

0.00146275 0
0.00146484 6.08647e-06

0.00146484 2.97016e-06
0.00148565 2.44141e-05

0.00148711 2.44141e-05
0.00148926 2.51514e-05

0.00148926 1.57889e-05
0.00151367 1.72054e-05

0.00151367 1.70716e-05
0.00153809 1.60129e-05

0.0015625 3.37032e-06
0.00154191 2.44141e-05

0.00153809 2.5275e-05
0.00154062 2.44141e-05

0 0.00312129
0.000390625 0.00311026

0.000390625 0.00311055
0.00078125 0.0030769

0.00078125 0.00307753
0.00117187 0.00301941

0.00117188 0.00302045
0.0015625 0.00293452

0.0015625 6.05201e-06
0.00156458 0

0.00165565 0
0.00166016 1.08746e-05

0.00166016 1.05156e-05
0.00167626 2.44141e-05

0.00167527 2.44141e-05
0.00168457 2.75285e-05

0.00168457 1.74042e-05
0.00170898 1.72609e-05

0.00168457 2.44682e-05
0.00170271 2.44141e-05

0.0017334 1.00797e-05
0.0017173 2.44141e-05

0.00170898 2.75478e-05
0.00171815 2.44141e-05

0.0017334 8.94495e-06
0.00173702 0

0.00179973 0
0.00180664 1.48947e-05

0.00180664 9.81267e-06
0.00183105 1.16823e-05

0.00183105 6.70208e-06
0.00185133 0

0.0018566 0
0.00187988 1.69046e-05

0.00187988 8.01405e-06
0.0019043 1.13986e-05

0.0019043 8.81497e-06
0.00192871 1.0751e-05

0.00192871 9.50995e-06
0.00195312 1.20193e-05

0.00195312 9.33092e-06
0.00197754 1.31509e-05

0.00197754 1.36927e-05
0.00200195 1.268e-05

0.00200195 1.59858e-05
0.00202637 5.16344e-06

0.00202637 5.6489e-06
0.00205078 8.48802e-06

0.00205078 8.89481e-06
0.0020752 1.51003e-05

0.0020752 9.43207e-06
0.00209961 1.17646e-05

0.00209961 1.35188e-05
0.00212402 1.34494e-05

0.00212402 1.30891e-05
0.00214844 8.01628e-06

0.00214844 7.58049e-06
0.00217285 1.31598e-05

0.00217285 1.41075e-05
0.00219727 1.38989e-05

0.00219727 1.32386e-05
0.00222168 7.22492e-06

0.00222168 7.14356e-06
0.00224609 1.35074e-05

0.00224609 1.40973e-05
0.00227051 1.41907e-05

0.00227051 1.40816e-05
0.00229492 6.6942e-06

0.00229492 7.48018e-06
0.00231934 1.18171e-05

0.00231934 1.03803e-05
0.00234375 1.544e-05

0.00234375 1.54618e-05
0.00236816 1.05317e-05

0.00236816 1.25565e-05
0.00239258 6.72833e-06

0.00239258 6.7368e-06
0.00241699 1.25819e-05

0.00241699 1.04906e-05
0.00244141 1.54901e-05

0.00244141 1.54849e-05
0.00246582 1.04712e-05

0.00246582 1.25153e-05
0.00249023 6.81043e-06

0.00249023 6.81521e-06
0.00251465 1.25965e-05

0.00251465 1.05291e-05
0.00253906 1.54362e-05

0.00253906 1.54293e-05
0.00256348 1.04994e-05

0.00256348 1.24789e-05
0.00258789 6.941e-06

0.00258789 6.93742e-06
0.0026123 1.26156e-05

0.0026123 1.06664e-05
0.00263672 1.53042e-05

0.00263672 1.52513e-05
0.00266113 1.04566e-05

0.00266113 1.18363e-05
0.00268555 7.78394e-06

0.00268555 6.97311e-06
0.00270996 1.39819e-05

0.00270996 1.40105e-05
0.00273438 1.41971e-05

0.00273437 1.39817e-05
0.00275879 7.22438e-06

0.00275879 8.02866e-06
0.0027832 1.18312e-05

0.0027832 1.06537e-05
0.00280762 1.505e-05

0.00280762 1.50431e-05
0.00283203 1.06359e-05

0.00283203 1.18316e-05
0.00285645 8.0395e-06

0.00285645 7.34811e-06
0.00288086 1.38464e-05

0.00288086 1.39345e-05
0.00290527 1.3933e-05

0.00290527 1.30896e-05
0.00292969 8.10288e-06

0.00292969 8.56273e-06
0.0029541 1.30501e-05

0.0029541 1.33745e-05
0.00297852 1.34055e-05

0.00297852 1.17069e-05
0.00300293 9.94689e-06

0.00300293 1.01955e-05
0.00302734 1.43114e-05

0.00302734 1.27279e-05
0.00305176 1.44228e-05

0.00305176 1.30721e-05
0.00307617 1.38823e-05

0.00307617 1.35197e-05
0.00310059 1.48413e-05

0.00310059 1.39921e-05
0.003125 1.49951e-05

0.00175781 0.00287855
0.00157357 0.00292969

0.0015625 0.00293221
0.00157159 0.00292969

0.00175781 0.00287904
0.00195312 0.00281614

0.00234375 0.0026584
0.0021698 0.00273438

0.00195312 0.00281647
0.00214844 0.00274317

0.00214844 0.00274294
0.00216805 0.00273438

0.00292969 0.00231014
0.0028831 0.00234375

0.003125 0.0021476
0.00312408 0.00214844

0.00302734 0.00223432
0.00301273 0.00224609

0.00297852 0.00227123
0.00294794 0.00229492

0.00292969 0.00230978
0.00294908 0.00229492

0.00297852 0.0022706
0.00300917 0.00224609

0.00302734 0.0022331
0.0031247 0.00214844

0.00244141 0.00261043
0.00238739 0.00263672

0.00234375 0.002657
0.00238542 0.00263672

0.00244141 0.00261014
0.00253906 0.00255918

0.00273438 0.00244591
0.00257661 0.00253906

0.00253906 0.00255955
0.00257437 0.00253906

0.00283203 0.00237976
0.00273928 0.00244141

0.00273438 0.0024442
0.00273877 0.00244141

0.00283203 0.00237962
0.00288205 0.00234375

0.003125 1.44939e-05
0.00314941 1.54596e-05

0.00314941 1.49066e-05
0.00317383 1.56557e-05

0.00317383 1.52014e-05
0.00319824 1.60028e-05

0.00319824 1.54271e-05
0.00322266 1.65018e-05

0.00322266 1.59304e-05
0.00324707 1.7154e-05

0.00324707 1.66189e-05
0.00327148 1.75191e-05

0.00327148 1.67341e-05
0.0032959 1.80233e-05

0.0032959 1.77916e-05
0.00332031 1.88152e-05

0.00332031 1.77873e-05
0.00334473 1.89931e-05

0.00334473 1.91873e-05
0.00336914 1.98309e-05

0.00336914 1.32095e-05
0.00339268 2.44141e-05

0.00339128 2.44141e-05
0.00339355 2.52968e-05

0.00339355 2.72043e-05
0.00341797 4.84932e-05

0.00341774 4.88281e-05
0.00341797 4.90535e-05

0.00341797 4.86287e-05
0.00341817 4.88281e-05

0.00341797 4.93375e-05
0.00344168 7.32422e-05

0.00344176 7.32422e-05
0.00344238 7.38947e-05

0.00344238 7.40575e-05
0.00346431 9.76563e-05

0.00346487 9.76563e-05
0.0034668 9.98135e-05

0.0034668 0.000100319
0.00350604 0.000146484

0.00350603 0.000146484
0.00351563 0.000159019

0.00351563 0.000159478
0.00354258 0.000195313

0.00354296 0.000195313
0.00356445 0.000227532

0.00356445 0.000229419
0.00357409 0.000244141

0.003575 0.000244141
0.00360386 0.000292969

0.00360461 0.000292969
0.00361328 0.000310413

0.00361328 0.000311806
0.00362896 0.000341797

0.00362916 0.000341797
0.00365181 0.000390625

0.00365248 0.000390625
0.00369001 0.000488281

0.00368981 0.000488281
0.00371094 0.000562698

0.00371094 0.000564173
0.00371712 0.000585938

0.00371723 0.000585937
0.00373615 0.000683594

0.00373579 0.000683594
0.00374704 0.00078125

0.00374902 0.00078125
0.00374977 0.000976562

0.00374946 0.000976562
0.00372164 0.00117188

0.00371094 0.00121025
0.003666 0.00136719

0.00366619 0.00136719
0.00358122 0.0015625

0.00371094 0.00120612
0.00372074 0.00117187

0.00332031 0.00194838
0.00331634 0.00195312

0.00351563 0.00167622
0.003467 0.00175781

0.00341797 0.00182105
0.00339301 0.00185547

0.00332031 0.00194541
0.00339301 0.00185547

0.00341797 0.00182047
0.00346351 0.00175781

0.00331765 0.00195312
0.00312827 0.00214844

0.00351563 0.00167213
0.00358094 0.0015625

