7.1629e-05 0
7.32422e-05 4.73096e-06

7.32422e-05 8.61237e-07
9.62946e-05 2.44141e-05

9.67415e-05 2.44141e-05
9.76563e-05 2.47255e-05

9.76563e-05 1.38339e-05
0.00012207 1.42532e-05

0.000120773 2.44141e-05
0.00012207 2.44223e-05

0.00012207 1.34557e-05
0.000146484 1.37666e-05

0.000146484 1.4044e-05
0.000170898 1.45148e-05

0.000170898 1.42857e-05
0.000195313 1.36585e-05

0.000195313 1.39311e-05
0.000219727 1.36683e-05

0.000219727 1.36219e-05
0.000244141 1.39251e-05

0.000244141 1.4095e-05
0.000268555 1.39629e-05

0.000268555 1.39632e-05
0.000292969 1.33836e-05

0.000292969 1.36504e-05
0.000317383 1.35375e-05

0.000317383 1.36435e-05
0.000341797 1.35353e-05

0.000341797 1.36335e-05
0.000366211 1.33941e-05

0.000366211 1.34812e-05
0.000390625 1.33444e-05

0.000390625 1.35017e-05
0.000415039 1.33251e-05

0.000415039 1.33748e-05
0.000439453 1.31927e-05

0.000439453 1.33377e-05
0.000463867 1.32243e-05

0.000463867 1.33e-05
0.000488281 1.31032e-05

0.000488281 1.32344e-05
0.000512695 1.30437e-05

0.000512695 1.31476e-05
0.000537109 1.29819e-05

0.000537109 1.31125e-05
0.000561523 1.2929e-05

0.000561523 1.30296e-05
0.000585937 1.28392e-05

0.000585938 1.2909e-05
0.000610352 1.28632e-05

0.000610352 1.29411e-05
0.000634766 1.28631e-05

0.000634766 1.29294e-05
0.00065918 1.2733e-05

0.00065918 1.2789e-05
0.000683594 1.27399e-05

0.000683594 1.27699e-05
0.000708008 1.28238e-05

0.000708008 1.27949e-05
0.000732422 1.28093e-05

0.000732422 1.28855e-05
0.000756836 1.27284e-05

0.000756836 1.27691e-05
0.00078125 1.26158e-05

0.00078125 1.26257e-05
0.000805664 1.27752e-05

0.000805664 1.27104e-05
0.000830078 1.28823e-05

0.000830078 1.28436e-05
0.000854492 1.27971e-05

0.000854492 1.27723e-05
0.000878906 1.27553e-05

0.000878906 1.27054e-05
0.00090332 1.29116e-05

0.00090332 1.28733e-05
0.000927734 1.29433e-05

0.000927734 1.28587e-05
0.000952148 1.28566e-05

0.000952148 1.28094e-05
0.000976562 1.30043e-05

0.000976562 1.28967e-05
0.00100098 1.30935e-05

0.00100098 1.29577e-05
0.00102539 1.31352e-05

0.00102539 1.30176e-05
0.0010498 1.32258e-05

0.0010498 1.30971e-05
0.00107422 1.32942e-05

0.00107422 1.31687e-05
0.00109863 1.33587e-05

0.00109863 1.32662e-05
0.00112305 1.34004e-05

0.00112305 1.32478e-05
0.00114746 1.34748e-05

0.00114746 1.34003e-05
0.00117187 1.35983e-05

0.00117188 1.34039e-05
0.00119629 1.36101e-05

0.00119629 1.35389e-05
0.0012207 1.37646e-05

0.0012207 1.35182e-05
0.00124512 1.38314e-05

0.00124512 1.39368e-05
0.00126953 1.38361e-05

0.00126953 1.34687e-05
0.00129395 1.37296e-05

0.00129395 1.4027e-05
0.00131836 1.4139e-05

0.00131836 1.34083e-05
0.00134277 1.39595e-05

0.00134277 1.49678e-05
0.00136719 1.40404e-05

0.0013916 1.97873e-07
0.00136854 2.44141e-05

0.0013916 5.94716e-06
0.00139366 0

0.00146288 0
0.00146484 5.75207e-06

0.00146484 3.68592e-06
0.00148543 2.44141e-05

0.00148644 2.44141e-05
0.00148926 2.53567e-05

0.00148926 1.60528e-05
0.00151367 1.64267e-05

0.00151085 2.44141e-05
0.00151367 2.4431e-05

0.00151367 1.61291e-05
0.00153809 1.59057e-05

0.00151367 2.4435e-05
0.00152075 2.44141e-05

0.0015625 4.3655e-06
0.00154205 2.44141e-05

0.00153809 2.55311e-05
0.00154151 2.44141e-05

0 0.0031213
0.000390625 0.00311028

0.000390625 0.00311056
0.00078125 0.00307691

0.00078125 0.00307754
0.00117187 0.00301942

0.00117188 0.00302046
0.0015625 0.00293452

0.0015625 6.27112e-06
0.00156465 0

0.00165567 0
0.00166016 1.08225e-05

0.00166016 1.05653e-05
0.00167622 2.44141e-05

0.00167511 2.44141e-05
0.00168457 2.75773e-05

0.00168457 1.73869e-05
0.00170898 1.72039e-05

0.00168457 2.44754e-05
0.00169948 2.44141e-05

0.0017334 1.01072e-05
0.00171728 2.44141e-05

0.00170898 2.75128e-05
0.00171808 2.44141e-05

0.0017334 9.02417e-06
0.00173706 0

0.00179975 0
0.00180664 1.48679e-05

0.00180664 9.79751e-06
0.00183105 1.17102e-05

0.00183105 6.71305e-06
0.00185133 0

0.00185659 0
0.00187988 1.69021e-05

0.00187988 8.01832e-06
0.0019043 1.14038e-05

0.0019043 8.82074e-06
0.00192871 1.07478e-05

0.00192871 9.51074e-06
0.00195312 1.20186e-05

0.00195312 9.32978e-06
0.00197754 1.3153e-05

0.00197754 1.36947e-05
0.00200195 1.26825e-05

0.00200195 1.5989e-05
0.00202637 5.16171e-06

0.00202637 5.65779e-06
0.00205078 8.4772e-06

0.00205078 8.86219e-06
0.0020752 1.51139e-05

0.0020752 9.44743e-06
0.00209961 1.18008e-05

0.00209961 1.35452e-05
0.00212402 1.34335e-05

0.00212402 1.31432e-05
0.00214844 7.95809e-06

0.00214844 7.52756e-06
0.00217285 1.30937e-05

0.00217285 1.39846e-05
0.00219727 1.39798e-05

0.00219727 1.32081e-05
0.00222168 7.40673e-06

0.00222168 7.32343e-06
0.00224609 1.35101e-05

0.00224609 1.42229e-05
0.00227051 1.40401e-05

0.00227051 1.39895e-05
0.00229492 6.59962e-06

0.00229492 7.39851e-06
0.00231934 1.19099e-05

0.00231934 1.0387e-05
0.00234375 1.54398e-05

0.00234375 1.54654e-05
0.00236816 1.05321e-05

0.00236816 1.25557e-05
0.00239258 6.73024e-06

0.00239258 6.74077e-06
0.00241699 1.2584e-05

0.00241699 1.04925e-05
0.00244141 1.54882e-05

0.00244141 1.5483e-05
0.00246582 1.04746e-05

0.00246582 1.25175e-05
0.00249023 6.81464e-06

0.00249023 6.81894e-06
0.00251465 1.25952e-05

0.00251465 1.05306e-05
0.00253906 1.54364e-05

0.00253906 1.54284e-05
0.00256348 1.05016e-05

0.00256348 1.24729e-05
0.00258789 6.95223e-06

0.00258789 6.94663e-06
0.0026123 1.26253e-05

0.0026123 1.06756e-05
0.00263672 1.53048e-05

0.00263672 1.5251e-05
0.00266113 1.04676e-05

0.00266113 1.18518e-05
0.00268555 7.7899e-06

0.00268555 6.98241e-06
0.00270996 1.39694e-05

0.00270996 1.40054e-05
0.00273438 1.41979e-05

0.00273437 1.39831e-05
0.00275879 7.22789e-06

0.00275879 8.02936e-06
0.0027832 1.18286e-05

0.0027832 1.06486e-05
0.00280762 1.50561e-05

0.00280762 1.50468e-05
0.00283203 1.0646e-05

0.00283203 1.19085e-05
0.00285645 7.96983e-06

0.00285645 7.26195e-06
0.00288086 1.37797e-05

0.00288086 1.38254e-05
0.00290527 1.40472e-05

0.00290527 1.32312e-05
0.00292969 8.10775e-06

0.00292969 8.52859e-06
0.0029541 1.29093e-05

0.0029541 1.32689e-05
0.00297852 1.35125e-05

0.00297852 1.17428e-05
0.00300293 1.00169e-05

0.00300293 1.02211e-05
0.00302734 1.43254e-05

0.00302734 1.27716e-05
0.00305176 1.4486e-05

0.00305176 1.31651e-05
0.00307617 1.38647e-05

0.00307617 1.35804e-05
0.00310059 1.47242e-05

0.00310059 1.39372e-05
0.003125 1.48483e-05

0.00175781 0.00287855
0.00157358 0.00292969

0.0015625 0.00293221
0.0015716 0.00292969

0.00175781 0.00287904
0.00195312 0.00281613

0.00234375 0.00265839
0.00216979 0.00273438

0.00195312 0.00281647
0.00214844 0.00274316

0.00214844 0.00274293
0.00216803 0.00273438

0.00292969 0.00231013
0.00288308 0.00234375

0.003125 0.00214759
0.00312407 0.00214844

0.00302734 0.00223431
0.00301272 0.00224609

0.00297852 0.00227121
0.00294793 0.00229492

0.00292969 0.00230977
0.00294906 0.00229492

0.00297852 0.00227058
0.00300915 0.00224609

0.00302734 0.00223309
0.00312469 0.00214844

0.00244141 0.00261042
0.00238738 0.00263672

0.00234375 0.00265699
0.0023854 0.00263672

0.00244141 0.00261013
0.00253906 0.00255917

0.00273438 0.00244589
0.0025766 0.00253906

0.00253906 0.00255953
0.00257434 0.00253906

0.00283203 0.00237974
0.00273926 0.00244141

0.00273438 0.00244418
0.00273874 0.00244141

0.00283203 0.00237961
0.00288203 0.00234375

0.003125 1.4355e-05
0.00314941 1.5388e-05

0.00314941 1.47651e-05
0.00317383 1.56949e-05

0.00317383 1.51248e-05
0.00319824 1.61665e-05

0.00319824 1.55461e-05
0.00322266 1.66958e-05

0.00322266 1.61273e-05
0.00324707 1.71904e-05

0.00324707 1.65528e-05
0.00327148 1.76204e-05

0.00327148 1.69351e-05
0.0032959 1.83792e-05

0.0032959 1.85643e-05
0.00332031 1.84043e-05

0.00332031 1.67978e-05
0.00334473 1.82013e-05

0.00334473 1.94452e-05
0.00336914 2.03302e-05

0.00336914 1.25645e-05
0.00339355 2.41512e-05

0.00339102 2.44141e-05
0.00339355 2.54416e-05

0.00339355 2.35687e-05
0.00339433 2.44141e-05

0.00339355 2.77148e-05
0.0034173 4.88281e-05

0.00341745 4.88281e-05
0.00341797 4.93213e-05

0.00341797 4.97109e-05
0.00344165 7.32422e-05

0.00344165 7.32422e-05
0.00344238 7.39977e-05

0.00344238 7.41629e-05
0.00346434 9.76563e-05

0.00346491 9.76563e-05
0.0034668 9.9774e-05

0.0034668 0.000100571
0.00348566 0.00012207

0.00348543 0.00012207
0.00349121 0.000128961

0.00349121 0.000128602
0.00350593 0.000146484

0.00350615 0.000146484
0.00351563 0.000158858

0.00351563 0.000159333
0.0035427 0.000195313

0.00354308 0.000195313
0.00356445 0.000227368

0.00356445 0.000229258
0.00357419 0.000244141

0.0035751 0.000244141
0.00360394 0.000292969

0.00360469 0.000292969
0.00361328 0.000310262

0.00361328 0.000311669
0.00362902 0.000341797

0.00362922 0.000341797
0.00365186 0.000390625

0.00365252 0.000390625
0.00369003 0.000488281

0.00368983 0.000488281
0.00371094 0.000562687

0.00371094 0.000564144
0.00371712 0.000585938

0.00371723 0.000585937
0.00373614 0.000683594

0.00373577 0.000683594
0.00374703 0.00078125

0.003749 0.00078125
0.00374975 0.000976562

0.00374944 0.000976562
0.00372162 0.00117188

0.00371094 0.0012102
0.00366599 0.00136719

0.00366617 0.00136719
0.0035812 0.0015625

0.00371094 0.00120605
0.00372072 0.00117187

0.00332031 0.00194839
0.00331636 0.00195312

0.00351563 0.00167621
0.003467 0.00175781

0.00341797 0.00182103
0.003393 0.00185547

0.00332031 0.00194539
0.003393 0.00185547

0.00341797 0.00182046
0.0034635 0.00175781

0.00331764 0.00195312
0.00312826 0.00214844

0.00351563 0.00167211
0.00358092 0.0015625

