7.1483e-05 0
7.32422e-05 5.13514e-06

7.32422e-05 5.38794e-07
9.61703e-05 2.44141e-05

9.70376e-05 2.44141e-05
9.76563e-05 2.46288e-05

9.76563e-05 1.41727e-05
0.00012207 1.46584e-05

0.000118777 2.44141e-05
0.00012207 2.44388e-05

0.00012207 1.37239e-05
0.000146484 1.34212e-05

0.000146484 1.3857e-05
0.000170898 1.45145e-05

0.000170898 1.4221e-05
0.000195313 1.39299e-05

0.000195313 1.42173e-05
0.000219727 1.37067e-05

0.000219727 1.37579e-05
0.000244141 1.36165e-05

0.000244141 1.37951e-05
0.000268555 1.39157e-05

0.000268555 1.38999e-05
0.000292969 1.36562e-05

0.000292969 1.39166e-05
0.000317383 1.34277e-05

0.000317383 1.34917e-05
0.000341797 1.33363e-05

0.000341797 1.35286e-05
0.000366211 1.35863e-05

0.000366211 1.35582e-05
0.000390625 1.33549e-05

0.000390625 1.34861e-05
0.000415039 1.33297e-05

0.000415039 1.34378e-05
0.000439453 1.32463e-05

0.000439453 1.3363e-05
0.000463867 1.31737e-05

0.000463867 1.32944e-05
0.000488281 1.31153e-05

0.000488281 1.32361e-05
0.000512695 1.30423e-05

0.000512695 1.3164e-05
0.000537109 1.29675e-05

0.000537109 1.30778e-05
0.000561523 1.29202e-05

0.000561523 1.30242e-05
0.000585937 1.28835e-05

0.000585938 1.29492e-05
0.000610352 1.28498e-05

0.000610352 1.29309e-05
0.000634766 1.28367e-05

0.000634766 1.28737e-05
0.00065918 1.27929e-05

0.00065918 1.28213e-05
0.000683594 1.28329e-05

0.000683594 1.28774e-05
0.000708008 1.28053e-05

0.000708008 1.28809e-05
0.000732422 1.26724e-05

0.000732422 1.26731e-05
0.000756836 1.27186e-05

0.000756836 1.27677e-05
0.00078125 1.2849e-05

0.00078125 1.27696e-05
0.000805664 1.27355e-05

0.000805664 1.28081e-05
0.000830078 1.27611e-05

0.000830078 1.26586e-05
0.000878906 1.29034e-05

0.000878906 1.28084e-05
0.00090332 1.28563e-05

0.00090332 1.28519e-05
0.000927734 1.28999e-05

0.000927734 1.28247e-05
0.000952148 1.29074e-05

0.000952148 1.28429e-05
0.000976562 1.30253e-05

0.000976562 1.28976e-05
0.00100098 1.30922e-05

0.00100098 1.2971e-05
0.00102539 1.31736e-05

0.00102539 1.30536e-05
0.0010498 1.32254e-05

0.0010498 1.31198e-05
0.00107422 1.32714e-05

0.00107422 1.31237e-05
0.00109863 1.33738e-05

0.00109863 1.32766e-05
0.00112305 1.34771e-05

0.00112305 1.32536e-05
0.00114746 1.35362e-05

0.00114746 1.35871e-05
0.00117187 1.35811e-05

0.00117188 1.33126e-05
0.00119629 1.34683e-05

0.00119629 1.34367e-05
0.0012207 1.39614e-05

0.0012207 1.36181e-05
0.00124512 1.39448e-05

0.00124512 1.40064e-05
0.00126953 1.38842e-05

0.00126953 1.35935e-05
0.00129395 1.37846e-05

0.00129395 1.41517e-05
0.00131836 1.40281e-05

0.00131836 1.32506e-05
0.00134277 1.39404e-05

0.00134277 1.50295e-05
0.00136719 1.42032e-05

0.0013916 7.489e-09
0.0013687 2.44141e-05

0.0013916 4.74118e-06
0.00139322 0

0.00146281 0
0.00146484 5.92252e-06

0.00146484 3.21765e-06
0.00148549 2.44141e-05

0.00148741 2.44141e-05
0.00148926 2.5046e-05

0.00148926 1.59448e-05
0.00151367 1.71582e-05

0.00151367 1.70848e-05
0.00153809 1.59877e-05

0.0015625 3.46139e-06
0.00154188 2.44141e-05

0.00153809 2.51699e-05
0.00154032 2.44141e-05

0 0.00312132
0.000390625 0.0031103

0.000390625 0.00311058
0.00078125 0.00307693

0.00078125 0.00307756
0.00117187 0.00301943

0.00117188 0.00302047
0.0015625 0.00293453

0.0015625 6.64611e-06
0.0015648 0

0.00165564 0
0.00166016 1.08941e-05

0.00166016 1.05435e-05
0.00167626 2.44141e-05

0.00167519 2.44141e-05
0.00168457 2.75482e-05

0.00168457 1.73759e-05
0.00170898 1.72308e-05

0.00168457 2.44662e-05
0.00170172 2.44141e-05

0.0017334 1.01033e-05
0.00171731 2.44141e-05

0.00170898 2.7563e-05
0.00171821 2.44141e-05

0.0017334 8.92686e-06
0.00173701 0

0.00179974 0
0.00180664 1.48756e-05

0.00180664 9.8045e-06
0.00183105 1.1702e-05

0.00183105 6.69733e-06
0.00185136 0

0.00185658 0
0.00187988 1.69136e-05

0.00187988 8.03271e-06
0.0019043 1.13972e-05

0.0019043 8.8218e-06
0.00192871 1.07453e-05

0.00192871 9.51296e-06
0.00195312 1.20205e-05

0.00195312 9.33211e-06
0.00197754 1.3149e-05

0.00197754 1.3693e-05
0.00200195 1.26802e-05

0.00200195 1.5981e-05
0.00202637 5.16738e-06

0.00202637 5.64625e-06
0.00205078 8.49977e-06

0.00205078 8.89333e-06
0.0020752 1.51167e-05

0.0020752 9.46088e-06
0.00209961 1.17715e-05

0.00209961 1.35198e-05
0.00212402 1.34378e-05

0.00212402 1.30766e-05
0.00214844 8.04812e-06

0.00214844 7.61821e-06
0.00217285 1.31613e-05

0.00217285 1.40847e-05
0.00219727 1.39022e-05

0.00219727 1.32492e-05
0.00222168 7.28801e-06

0.00222168 7.20319e-06
0.00224609 1.34795e-05

0.00224609 1.41152e-05
0.00227051 1.41485e-05

0.00227051 1.40556e-05
0.00229492 6.67166e-06

0.00229492 7.45453e-06
0.00231934 1.18357e-05

0.00231934 1.03785e-05
0.00234375 1.54409e-05

0.00234375 1.54618e-05
0.00236816 1.05274e-05

0.00236816 1.25451e-05
0.00239258 6.73412e-06

0.00239258 6.74337e-06
0.00241699 1.25906e-05

0.00241699 1.04967e-05
0.00244141 1.54827e-05

0.00244141 1.54776e-05
0.00246582 1.04766e-05

0.00246582 1.25135e-05
0.00249023 6.82719e-06

0.00249023 6.83134e-06
0.00251465 1.25963e-05

0.00251465 1.05362e-05
0.00253906 1.54289e-05

0.00253906 1.54214e-05
0.00256348 1.0505e-05

0.00256348 1.24699e-05
0.00258789 6.96704e-06

0.00258789 6.96457e-06
0.0026123 1.26217e-05

0.0026123 1.06789e-05
0.00263672 1.52908e-05

0.00263672 1.52383e-05
0.00266113 1.04706e-05

0.00266113 1.18485e-05
0.00268555 7.80444e-06

0.00268555 6.99327e-06
0.00270996 1.39685e-05

0.00270996 1.40096e-05
0.00273438 1.41934e-05

0.00273437 1.39844e-05
0.00275879 7.22466e-06

0.00275879 8.02962e-06
0.0027832 1.18232e-05

0.0027832 1.06417e-05
0.00280762 1.50534e-05

0.00280762 1.50498e-05
0.00283203 1.06418e-05

0.00283203 1.18874e-05
0.00285645 7.97347e-06

0.00285645 7.26564e-06
0.00288086 1.38045e-05

0.00288086 1.38592e-05
0.00290527 1.40264e-05

0.00290527 1.31876e-05
0.00292969 8.10651e-06

0.00292969 8.54666e-06
0.0029541 1.29581e-05

0.0029541 1.3283e-05
0.00297852 1.34971e-05

0.00297852 1.18032e-05
0.00300293 9.98477e-06

0.00300293 1.02162e-05
0.00302734 1.42107e-05

0.00302734 1.26499e-05
0.00305176 1.44697e-05

0.00305176 1.31002e-05
0.00307617 1.39535e-05

0.00307617 1.36222e-05
0.00310059 1.47745e-05

0.00310059 1.40157e-05
0.003125 1.48106e-05

0.00175781 0.00287856
0.00157361 0.00292969

0.0015625 0.00293223
0.00157165 0.00292969

0.00175781 0.00287904
0.00195312 0.00281613

0.00234375 0.00265839
0.00216978 0.00273438

0.00195312 0.00281647
0.00214844 0.00274316

0.00214844 0.00274293
0.00216802 0.00273438

0.00292969 0.00231012
0.00288307 0.00234375

0.003125 0.00214758
0.00312405 0.00214844

0.00302734 0.00223432
0.00301273 0.00224609

0.00297852 0.00227121
0.00294792 0.00229492

0.00292969 0.00230976
0.00294906 0.00229492

0.00297852 0.00227057
0.00300913 0.00224609

0.00302734 0.00223308
0.00312468 0.00214844

0.00244141 0.00261042
0.00238737 0.00263672

0.00234375 0.00265698
0.00238538 0.00263672

0.00244141 0.00261013
0.00253906 0.00255916

0.00273438 0.00244589
0.00257659 0.00253906

0.00253906 0.00255952
0.00257432 0.00253906

0.00283203 0.00237973
0.00273925 0.00244141

0.00273438 0.00244417
0.00273872 0.00244141

0.00283203 0.0023796
0.00288202 0.00234375

0.003125 1.43278e-05
0.00314941 1.53246e-05

0.00314941 1.46853e-05
0.00317383 1.57546e-05

0.00317383 1.52342e-05
0.00319824 1.61988e-05

0.00319824 1.56612e-05
0.00322266 1.64303e-05

0.00322266 1.57846e-05
0.00324707 1.69967e-05

0.00324707 1.65123e-05
0.00327148 1.77625e-05

0.00327148 1.69031e-05
0.0032959 1.82072e-05

0.0032959 1.76913e-05
0.00332031 1.90992e-05

0.00332031 1.8129e-05
0.00334473 1.97971e-05

0.00334473 1.98983e-05
0.00336914 2.02285e-05

0.00336914 1.36616e-05
0.00339254 2.44141e-05

0.00339068 2.44141e-05
0.00339355 2.55174e-05

0.00339355 2.74306e-05
0.00341793 4.88281e-05

0.00341701 4.88281e-05
0.00341797 4.97707e-05

0.00341797 4.99027e-05
0.00344108 7.32422e-05

0.00344131 7.32422e-05
0.00344238 7.43571e-05

0.00344238 7.4572e-05
0.00346402 9.76563e-05

0.00346458 9.76563e-05
0.0034668 0.000100124

0.0034668 0.000100893
0.00348545 0.00012207

0.00348525 0.00012207
0.00349121 0.000129157

0.00349121 0.000128838
0.00350579 0.000146484

0.00350606 0.000146484
0.00351563 0.000158927

0.00351563 0.000159438
0.0035427 0.000195313

0.00354309 0.000195313
0.00356445 0.000227279

0.00356445 0.0002292
0.00357425 0.000244141

0.00357517 0.000244141
0.00360405 0.000292969

0.0036048 0.000292969
0.00361328 0.000310027

0.00361328 0.000311463
0.00362914 0.000341797

0.00362933 0.000341797
0.00365197 0.000390625

0.00365263 0.000390625
0.00369012 0.000488281

0.00368992 0.000488281
0.00371094 0.000562402

0.00371094 0.000563829
0.00371721 0.000585938

0.00371731 0.000585937
0.0037362 0.000683594

0.00373583 0.000683594
0.00374707 0.00078125

0.00374904 0.00078125
0.00374977 0.000976562

0.00374946 0.000976562
0.00372163 0.00117188

0.00371094 0.00121022
0.00366599 0.00136719

0.00366617 0.00136719
0.0035812 0.0015625

0.00371094 0.00120603
0.00372072 0.00117187

0.00332031 0.00194842
0.00331638 0.00195312

0.00351563 0.00167622
0.003467 0.00175781

0.00341797 0.00182103
0.00339299 0.00185547

0.00332031 0.00194538
0.00339299 0.00185547

0.00341797 0.00182045
0.0034635 0.00175781

0.00331763 0.00195312
0.00312825 0.00214844

0.00351563 0.00167209
0.00358091 0.0015625

