7.14513e-05 0
7.32422e-05 5.22642e-06

7.32422e-05 1.5014e-06
9.60738e-05 2.44141e-05

9.76563e-05 1.42289e-05
0.00012207 1.40868e-05

0.00012207 1.36834e-05
0.000146484 1.35014e-05

0.000146484 1.3662e-05
0.000170898 1.43786e-05

0.000170898 1.42601e-05
0.000195313 1.4016e-05

0.000195313 1.40302e-05
0.000219727 1.36363e-05

0.000219727 1.37626e-05
0.000244141 1.3915e-05

0.000244141 1.39237e-05
0.000268555 1.39735e-05

0.000268555 1.40705e-05
0.000292969 1.36827e-05

0.000292969 1.39332e-05
0.000317383 1.33776e-05

0.000317383 1.35109e-05
0.000341797 1.34132e-05

0.000341797 1.36365e-05
0.000366211 1.35297e-05

0.000366211 1.34872e-05
0.000390625 1.32794e-05

0.000390625 1.35078e-05
0.000415039 1.33532e-05

0.000415039 1.33699e-05
0.000439453 1.31707e-05

0.000439453 1.33597e-05
0.000463867 1.32118e-05

0.000463867 1.32505e-05
0.000488281 1.3076e-05

0.000488281 1.32078e-05
0.000512695 1.31123e-05

0.000512695 1.31614e-05
0.000537109 1.3028e-05

0.000537109 1.3148e-05
0.000561523 1.29812e-05

0.000561523 1.3005e-05
0.000585937 1.29465e-05

0.000585937 1.31748e-05
0.000634766 1.25678e-05

0.000634766 1.27956e-05
0.00065918 1.28773e-05

0.00065918 1.27492e-05
0.000683594 1.2804e-05

0.000683594 1.2932e-05
0.000708008 1.28175e-05

0.000708008 1.27683e-05
0.000732422 1.26247e-05

0.000732422 1.27126e-05
0.000756836 1.28369e-05

0.000756836 1.27465e-05
0.00078125 1.28197e-05

0.00078125 1.28637e-05
0.000805664 1.27879e-05

0.000805664 1.27674e-05
0.000830078 1.26928e-05

0.000830078 1.26884e-05
0.000854492 1.28593e-05

0.000854492 1.27643e-05
0.000878906 1.29345e-05

0.000878906 1.28857e-05
0.00090332 1.29006e-05

0.00090332 1.28604e-05
0.000927734 1.28595e-05

0.000927734 1.2852e-05
0.000952148 1.29332e-05

0.000952148 1.28383e-05
0.000976562 1.2996e-05

0.000976562 1.28934e-05
0.00100098 1.31147e-05

0.00100098 1.29798e-05
0.00102539 1.31687e-05

0.00102539 1.3035e-05
0.0010498 1.32428e-05

0.0010498 1.31247e-05
0.00107422 1.33222e-05

0.00107422 1.31783e-05
0.00109863 1.33847e-05

0.00109863 1.32949e-05
0.00112305 1.34515e-05

0.00112305 1.32766e-05
0.00114746 1.35149e-05

0.00114746 1.34612e-05
0.00117187 1.36347e-05

0.00117188 1.34048e-05
0.00119629 1.36425e-05

0.00119629 1.35934e-05
0.0012207 1.38551e-05

0.0012207 1.36329e-05
0.00124512 1.38052e-05

0.00124512 1.38226e-05
0.00126953 1.38846e-05

0.00126953 1.36462e-05
0.00129395 1.38854e-05

0.00129395 1.40975e-05
0.00131836 1.39715e-05

0.00131836 1.36938e-05
0.00134277 1.36468e-05

0.00134277 1.41831e-05
0.00136719 1.38148e-05

0.00134277 2.44227e-05
0.00134434 2.44141e-05

0.0013916 1.08192e-06
0.00136853 2.44141e-05

0.00136719 2.4873e-05
0.00136855 2.44141e-05

0.0013916 5.28449e-06
0.00139341 0

0.00146267 0
0.00146484 6.30991e-06

0.00146484 3.89181e-06
0.00148535 2.44141e-05

0.00148665 2.44141e-05
0.00148926 2.52811e-05

0.00148926 1.62216e-05
0.00151367 1.64258e-05

0.00151367 1.61473e-05
0.00153809 1.58307e-05

0.0015625 4.45595e-06
0.00154198 2.44141e-05

0.00153809 2.53574e-05
0.001541 2.44141e-05

0 0.00312135
0.000390625 0.00311032

0.000390625 0.00311061
0.00078125 0.00307695

0.00078125 0.00307758
0.00117187 0.00301945

0.00117188 0.0030205
0.0015625 0.00293455

0.0015625 6.91711e-06
0.00156489 0

0.00165568 0
0.00166016 1.07989e-05

0.00166016 1.05073e-05
0.00167623 2.44141e-05

0.00167518 2.44141e-05
0.00168457 2.75676e-05

0.00168457 1.74535e-05
0.00170898 1.72649e-05

0.00168457 2.44807e-05
0.00170008 2.44141e-05

0.0017334 1.00499e-05
0.00171727 2.44141e-05

0.00170898 2.74851e-05
0.00171796 2.44141e-05

0.0017334 9.03969e-06
0.00173706 0

0.00179976 0
0.00180664 1.48568e-05

0.00180664 9.79781e-06
0.00183105 1.17211e-05

0.00183105 6.69387e-06
0.00185138 0

0.00185657 0
0.00187988 1.69208e-05

0.00187988 8.04853e-06
0.0019043 1.13938e-05

0.0019043 8.82627e-06
0.00192871 1.07403e-05

0.00192871 9.5143e-06
0.00195312 1.20216e-05

0.00195312 9.32874e-06
0.00197754 1.31518e-05

0.00197754 1.37009e-05
0.00200195 1.26831e-05

0.00200195 1.59635e-05
0.00202637 5.17741e-06

0.00202637 5.66127e-06
0.00205078 8.52187e-06

0.00205078 8.91602e-06
0.0020752 1.50964e-05

0.0020752 9.4554e-06
0.00209961 1.17678e-05

0.00209961 1.35136e-05
0.00212402 1.34483e-05

0.00212402 1.31453e-05
0.00214844 7.99207e-06

0.00214844 7.5531e-06
0.00217285 1.30853e-05

0.00217285 1.3981e-05
0.00219727 1.39828e-05

0.00219727 1.32113e-05
0.00222168 7.42944e-06

0.00222168 7.3465e-06
0.00224609 1.3505e-05

0.00224609 1.42296e-05
0.00227051 1.40294e-05

0.00227051 1.39856e-05
0.00229492 6.59804e-06

0.00229492 7.39591e-06
0.00231934 1.19128e-05

0.00231934 1.03884e-05
0.00234375 1.5439e-05

0.00234375 1.54649e-05
0.00236816 1.05298e-05

0.00236816 1.25486e-05
0.00239258 6.73617e-06

0.00239258 6.74748e-06
0.00241699 1.2589e-05

0.00241699 1.04992e-05
0.00244141 1.548e-05

0.00244141 1.54739e-05
0.00246582 1.04757e-05

0.00246582 1.25086e-05
0.00249023 6.83588e-06

0.00249023 6.84026e-06
0.00251465 1.25974e-05

0.00251465 1.05399e-05
0.00253906 1.54217e-05

0.00253906 1.54143e-05
0.00256348 1.05076e-05

0.00256348 1.24756e-05
0.00258789 6.97079e-06

0.00258789 6.96952e-06
0.0026123 1.26094e-05

0.0026123 1.06746e-05
0.00263672 1.52835e-05

0.00263672 1.52296e-05
0.00266113 1.04652e-05

0.00266113 1.18368e-05
0.00268555 7.81164e-06

0.00268555 6.99632e-06
0.00270996 1.39743e-05

0.00270996 1.40146e-05
0.00273438 1.41887e-05

0.00273437 1.39842e-05
0.00275879 7.22087e-06

0.00275879 8.02161e-06
0.0027832 1.18281e-05

0.0027832 1.06446e-05
0.00280762 1.50617e-05

0.00280762 1.50555e-05
0.00283203 1.06417e-05

0.00283203 1.18967e-05
0.00285645 7.96622e-06

0.00285645 7.25918e-06
0.00288086 1.37972e-05

0.00288086 1.38482e-05
0.00290527 1.40361e-05

0.00290527 1.31918e-05
0.00292969 8.11623e-06

0.00292969 8.55296e-06
0.0029541 1.29553e-05

0.0029541 1.32803e-05
0.00297852 1.3504e-05

0.00297852 1.17997e-05
0.00300293 1.00044e-05

0.00300293 1.02596e-05
0.00302734 1.41997e-05

0.00302734 1.26865e-05
0.00305176 1.43779e-05

0.00305176 1.30498e-05
0.00307617 1.38455e-05

0.00307617 1.34811e-05
0.00310059 1.47687e-05

0.00310059 1.39205e-05
0.003125 1.49485e-05

0.00175781 0.00287857
0.00157367 0.00292969

0.0015625 0.00293225
0.00157172 0.00292969

0.00175781 0.00287905
0.00195312 0.00281613

0.00234375 0.00265838
0.00216977 0.00273438

0.00195312 0.00281647
0.00214844 0.00274315

0.00214844 0.00274292
0.00216799 0.00273438

0.00292969 0.00231011
0.00288305 0.00234375

0.003125 0.00214755
0.00312403 0.00214844

0.00302734 0.00223431
0.00301272 0.00224609

0.00297852 0.00227119
0.00294789 0.00229492

0.00292969 0.00230975
0.00294904 0.00229492

0.00297852 0.00227054
0.0030091 0.00224609

0.00302734 0.00223306
0.00312466 0.00214844

0.00244141 0.00261041
0.00238736 0.00263672

0.00234375 0.00265697
0.00238534 0.00263672

0.00244141 0.00261012
0.00253906 0.00255915

0.00273438 0.00244588
0.00257657 0.00253906

0.00253906 0.00255949
0.00257427 0.00253906

0.00283203 0.00237972
0.00273922 0.00244141

0.00273438 0.00244415
0.00273868 0.00244141

0.00283203 0.00237958
0.00288199 0.00234375

0.003125 1.44082e-05
0.00314941 1.54679e-05

0.00314941 1.48466e-05
0.00317383 1.57472e-05

0.00317383 1.52185e-05
0.00319824 1.61633e-05

0.00319824 1.55163e-05
0.00322266 1.66974e-05

0.00322266 1.59776e-05
0.00324707 1.74889e-05

0.00324707 1.7498e-05
0.00327148 1.74834e-05

0.00327148 1.66635e-05
0.0032959 1.67756e-05

0.0032959 1.57432e-05
0.00332031 1.9448e-05

0.00332031 1.96389e-05
0.00334473 2.11131e-05

0.00334473 1.97398e-05
0.00336914 1.83996e-05

0.00336914 1.30816e-05
0.00339236 2.44141e-05

0.00339183 2.44141e-05
0.00339355 2.50818e-05

0.00339355 2.69223e-05
0.00341797 4.81812e-05

0.00341781 4.88281e-05
0.00341797 4.89817e-05

0.00341797 4.92266e-05
0.00344171 7.32422e-05

0.00344184 7.32422e-05
0.00344238 7.38075e-05

0.00344238 7.3938e-05
0.00346446 9.76563e-05

0.003465 9.76563e-05
0.0034668 9.9677e-05

0.0034668 0.000100442
0.00348571 0.00012207

0.00348548 0.00012207
0.00349121 0.000128928

0.00349121 0.000128584
0.00350592 0.000146484

0.00350617 0.000146484
0.00351563 0.00015885

0.00351563 0.000159325
0.00354268 0.000195313

0.00354306 0.000195313
0.00356445 0.000227412

0.00356445 0.000229304
0.00357416 0.000244141

0.00357507 0.000244141
0.0036039 0.000292969

0.00360465 0.000292969
0.00361328 0.00031035

0.00361328 0.000311748
0.00362898 0.000341797

0.00362918 0.000341797
0.00365181 0.000390625

0.00365248 0.000390625
0.00368998 0.000488281

0.00368979 0.000488281
0.00371094 0.000562817

0.00371094 0.0005643
0.00371708 0.000585938

0.0037172 0.000585937
0.00373611 0.000683594

0.00373574 0.000683594
0.003747 0.00078125

0.00374898 0.00078125
0.00374973 0.000976562

0.00374943 0.000976562
0.00372161 0.00117188

0.00371094 0.00121018
0.00366599 0.00136719

0.00366617 0.00136719
0.0035812 0.0015625

0.00371094 0.00120595
0.00372069 0.00117187

0.00332031 0.00194846
0.00331642 0.00195312

0.00351563 0.00167623
0.00346701 0.00175781

0.00341797 0.00182102
0.00339299 0.00185547

0.00332031 0.00194536
0.00339298 0.00185547

0.00341797 0.00182044
0.0034635 0.00175781

0.00331761 0.00195312
0.00312823 0.00214844

0.00351563 0.00167207
0.0035809 0.0015625

