7.16209e-05 0
7.32422e-05 4.74812e-06

7.32422e-05 1.59879e-08
9.62135e-05 2.44141e-05

9.75353e-05 2.44141e-05
9.76563e-05 2.44569e-05

9.76563e-05 1.39289e-05
0.00012207 1.50913e-05

0.00012207 1.40014e-05
0.000146484 1.36408e-05

0.000146484 1.42721e-05
0.000170898 1.41929e-05

0.000170898 1.37023e-05
0.000195313 1.38187e-05

0.000195313 1.42047e-05
0.000219727 1.44385e-05

0.000219727 1.42703e-05
0.000244141 1.36104e-05

0.000244141 1.39215e-05
0.000268555 1.37121e-05

0.000268555 1.37868e-05
0.000292969 1.37774e-05

0.000292969 1.39328e-05
0.000317383 1.36867e-05

0.000317383 1.37046e-05
0.000341797 1.34899e-05

0.000341797 1.37371e-05
0.000366211 1.35619e-05

0.000366211 1.36084e-05
0.000390625 1.33259e-05

0.000390625 1.35252e-05
0.000415039 1.3357e-05

0.000415039 1.34509e-05
0.000439453 1.32367e-05

0.000439453 1.33727e-05
0.000463867 1.31971e-05

0.000463867 1.33128e-05
0.000488281 1.312e-05

0.000488281 1.32331e-05
0.000512695 1.30583e-05

0.000512695 1.31682e-05
0.000537109 1.30135e-05

0.000537109 1.3131e-05
0.000561523 1.29392e-05

0.000561523 1.3022e-05
0.000585937 1.28867e-05

0.000585938 1.29996e-05
0.000610352 1.2879e-05

0.000610352 1.29276e-05
0.000634766 1.28109e-05

0.000634766 1.28401e-05
0.00065918 1.28741e-05

0.00065918 1.29299e-05
0.000683594 1.28564e-05

0.000683594 1.29035e-05
0.000708008 1.27074e-05

0.000708008 1.27673e-05
0.000732422 1.27445e-05

0.000732422 1.27467e-05
0.000756836 1.28324e-05

0.000756836 1.28446e-05
0.00078125 1.27868e-05

0.00078125 1.27675e-05
0.000805664 1.27309e-05

0.000805664 1.26946e-05
0.000830078 1.28857e-05

0.000830078 1.28014e-05
0.000854492 1.29642e-05

0.000854492 1.28992e-05
0.000878906 1.291e-05

0.000878906 1.28837e-05
0.00090332 1.2897e-05

0.00090332 1.2854e-05
0.000927734 1.29739e-05

0.000927734 1.29206e-05
0.000952148 1.30294e-05

0.000952148 1.29248e-05
0.000976562 1.30572e-05

0.000976562 1.29631e-05
0.00100098 1.31751e-05

0.00100098 1.30659e-05
0.00102539 1.32186e-05

0.00102539 1.30843e-05
0.0010498 1.32729e-05

0.0010498 1.31974e-05
0.00107422 1.33589e-05

0.00107422 1.31856e-05
0.00109863 1.34055e-05

0.00109863 1.33327e-05
0.00112305 1.35436e-05

0.00112305 1.33041e-05
0.00114746 1.35958e-05

0.00114746 1.35255e-05
0.00117187 1.37808e-05

0.00117188 1.35204e-05
0.00119629 1.37587e-05

0.00119629 1.37603e-05
0.0012207 1.39024e-05

0.0012207 1.36141e-05
0.00124512 1.38786e-05

0.00124512 1.40023e-05
0.00126953 1.40601e-05

0.00126953 1.3713e-05
0.00129395 1.38675e-05

0.00129395 1.4187e-05
0.00131836 1.41107e-05

0.00131836 1.35252e-05
0.00134277 1.39389e-05

0.00134277 1.48684e-05
0.00136719 1.40628e-05

0.0013916 3.71371e-07
0.00136866 2.44141e-05

0.0013916 5.09711e-06
0.00139335 0

0.00146289 0
0.00146484 5.72168e-06

0.00146484 2.9657e-06
0.00148551 2.44141e-05

0.00148699 2.44141e-05
0.00148926 2.51973e-05

0.00148926 1.59098e-05
0.00151367 1.74086e-05

0.00151185 2.44141e-05
0.00151367 2.44631e-05

0.00151367 1.72363e-05
0.00153809 1.61338e-05

0.00151367 2.44502e-05
0.0015155 2.44141e-05

0.0015625 3.56643e-06
0.00154199 2.44141e-05

0.00153809 2.52134e-05
0.00154045 2.44141e-05

0 0.00312141
0.000390625 0.00311038

0.000390625 0.00311067
0.00078125 0.00307701

0.00078125 0.00307764
0.00117187 0.00301951

0.00117188 0.00302056
0.0015625 0.00293461

0.0015625 6.84428e-06
0.00156487 0

0.00165565 0
0.00166016 1.08627e-05

0.00166016 1.05461e-05
0.00167626 2.44141e-05

0.00167518 2.44141e-05
0.00168457 2.75494e-05

0.00168457 1.73597e-05
0.00170898 1.72115e-05

0.00168457 2.44663e-05
0.00170121 2.44141e-05

0.0017334 1.01113e-05
0.0017173 2.44141e-05

0.00170898 2.75539e-05
0.0017182 2.44141e-05

0.0017334 8.96842e-06
0.00173703 0

0.00179979 0
0.00180664 1.48183e-05

0.00180664 9.76264e-06
0.00183105 1.17621e-05

0.00183105 6.6733e-06
0.00185153 0

0.00185652 0
0.00187988 1.69402e-05

0.00187988 8.10259e-06
0.0019043 1.1397e-05

0.0019043 8.84817e-06
0.00192871 1.0725e-05

0.00192871 9.52725e-06
0.00195312 1.20274e-05

0.00195312 9.33546e-06
0.00197754 1.31448e-05

0.00197754 1.36935e-05
0.00200195 1.2693e-05

0.00200195 1.59525e-05
0.00202637 5.2107e-06

0.00202637 5.71262e-06
0.00205078 8.51037e-06

0.00205078 8.85167e-06
0.0020752 1.51223e-05

0.0020752 9.51925e-06
0.00209961 1.18566e-05

0.00209961 1.36037e-05
0.00212402 1.33602e-05

0.00212402 1.31152e-05
0.00214844 7.94024e-06

0.00214844 7.50784e-06
0.00217285 1.31182e-05

0.00217285 1.39647e-05
0.00219727 1.40061e-05

0.00219727 1.32898e-05
0.00222168 7.39131e-06

0.00222168 7.29131e-06
0.00224609 1.34273e-05

0.00224609 1.41166e-05
0.00227051 1.41354e-05

0.00227051 1.40412e-05
0.00229492 6.7025e-06

0.00229492 7.4844e-06
0.00231934 1.18432e-05

0.00231934 1.03916e-05
0.00234375 1.54234e-05

0.00234375 1.54468e-05
0.00236816 1.05411e-05

0.00236816 1.25504e-05
0.00239258 6.76092e-06

0.00239258 6.77039e-06
0.00241699 1.25807e-05

0.00241699 1.05022e-05
0.00244141 1.54719e-05

0.00244141 1.54656e-05
0.00246582 1.04842e-05

0.00246582 1.25151e-05
0.00249023 6.84582e-06

0.00249023 6.85002e-06
0.00251465 1.25892e-05

0.00251465 1.05379e-05
0.00253906 1.54207e-05

0.00253906 1.54132e-05
0.00256348 1.05114e-05

0.00256348 1.248e-05
0.00258789 6.96957e-06

0.00258789 6.96661e-06
0.0026123 1.26082e-05

0.0026123 1.06734e-05
0.00263672 1.52898e-05

0.00263672 1.52351e-05
0.00266113 1.04664e-05

0.00266113 1.18409e-05
0.00268555 7.80586e-06

0.00268555 6.99262e-06
0.00270996 1.39731e-05

0.00270996 1.40121e-05
0.00273438 1.41915e-05

0.00273437 1.39865e-05
0.00275879 7.22068e-06

0.00275879 8.02086e-06
0.0027832 1.18259e-05

0.0027832 1.0644e-05
0.00280762 1.50626e-05

0.00280762 1.50584e-05
0.00283203 1.06376e-05

0.00283203 1.18373e-05
0.00285645 8.01738e-06

0.00285645 7.33724e-06
0.00288086 1.3843e-05

0.00288086 1.39306e-05
0.00290527 1.39245e-05

0.00290527 1.30358e-05
0.00292969 8.13621e-06

0.00292969 8.62249e-06
0.0029541 1.30845e-05

0.0029541 1.33659e-05
0.00297852 1.33695e-05

0.00297852 1.1693e-05
0.00300293 1.00187e-05

0.00300293 1.02709e-05
0.00302734 1.42991e-05

0.00302734 1.27069e-05
0.00305176 1.43919e-05

0.00305176 1.30872e-05
0.00307617 1.39163e-05

0.00307617 1.35563e-05
0.00310059 1.47816e-05

0.00310059 1.39883e-05
0.003125 1.48983e-05

0.00175781 0.00287862
0.00157392 0.00292969

0.0015625 0.00293234
0.00157204 0.00292969

0.00175781 0.0028791
0.00195312 0.00281615

0.00234375 0.00265838
0.00216978 0.00273438

0.00195312 0.00281649
0.00214844 0.00274316

0.00214844 0.00274291
0.00216798 0.00273438

0.00292969 0.00231012
0.00288306 0.00234375

0.003125 0.00214751
0.00312398 0.00214844

0.00302734 0.00223437
0.00301279 0.00224609

0.00297852 0.00227118
0.00294789 0.00229492

0.00292969 0.00230977
0.00294905 0.00229492

0.00297852 0.00227052
0.00300908 0.00224609

0.00302734 0.00223307
0.00312468 0.00214844

0.00244141 0.00261042
0.00238738 0.00263672

0.00234375 0.00265695
0.00238531 0.00263672

0.00244141 0.00261012
0.00253906 0.00255914

0.00273438 0.00244588
0.00257658 0.00253906

0.00253906 0.00255945
0.0025742 0.00253906

0.00283203 0.00237971
0.00273922 0.00244141

0.00273438 0.00244415
0.00273868 0.00244141

0.00283203 0.00237957
0.00288198 0.00234375

0.003125 1.43897e-05
0.00314941 1.5388e-05

0.00314941 1.47671e-05
0.00317383 1.57409e-05

0.00317383 1.52123e-05
0.00319824 1.619e-05

0.00319824 1.56056e-05
0.00322266 1.65775e-05

0.00322266 1.59911e-05
0.00324707 1.71215e-05

0.00324707 1.6558e-05
0.00327148 1.76722e-05

0.00327148 1.69337e-05
0.0032959 1.82596e-05

0.0032959 1.7754e-05
0.00332031 1.90361e-05

0.00332031 1.83809e-05
0.00334473 1.93766e-05

0.00334473 1.93584e-05
0.00336914 1.94232e-05

0.00336914 1.3214e-05
0.00339302 2.44141e-05

0.00339213 2.44141e-05
0.00339355 2.49516e-05

0.00339355 2.66616e-05
0.00341797 4.78686e-05

0.00341797 4.77852e-05
0.00341902 4.88281e-05

0.00341797 4.89163e-05
0.00344176 7.32422e-05

0.00344185 7.32422e-05
0.00344238 7.38059e-05

0.00344238 7.40265e-05
0.00346413 9.76563e-05

0.00346468 9.76563e-05
0.0034668 0.000100044

0.0034668 0.000100494
0.00350571 0.000146484

0.00350575 0.000146484
0.00351563 0.00015942

0.00351563 0.000159868
0.00354227 0.000195313

0.00354266 0.000195313
0.00356445 0.000227974

0.00356445 0.000229894
0.00357377 0.000244141

0.00357471 0.000244141
0.00360359 0.000292969

0.00360434 0.000292969
0.00361328 0.000310941

0.00361328 0.000312324
0.0036287 0.000341797

0.00362892 0.000341797
0.0036516 0.000390625

0.00365226 0.000390625
0.00368984 0.000488281

0.00368964 0.000488281
0.00371094 0.000563162

0.00371094 0.000564717
0.00371697 0.000585938

0.00371711 0.000585937
0.00373606 0.000683594

0.0037357 0.000683594
0.00374698 0.00078125

0.00374896 0.00078125
0.00374976 0.000976562

0.00374945 0.000976562
0.00372165 0.00117188

0.00371094 0.00121036
0.00366605 0.00136719

0.00366622 0.00136719
0.00358125 0.0015625

0.00371094 0.00120596
0.00372069 0.00117187

0.00332031 0.00194872
0.00331663 0.00195312

0.00351563 0.00167639
0.00346711 0.00175781

0.00341797 0.00182109
0.00339303 0.00185547

0.00332031 0.00194539
0.00339301 0.00185547

0.00341797 0.00182047
0.00346354 0.00175781

0.00331765 0.00195312
0.00312825 0.00214844

0.003125 0.00214873
0.00312532 0.00214844

0.00351563 0.00167208
0.00358092 0.0015625

