7.14603e-05 0
7.32422e-05 5.19614e-06

7.32422e-05 5.41984e-07
9.62278e-05 2.44141e-05

9.76563e-05 1.38174e-05
0.00012207 1.48709e-05

0.00012207 1.42511e-05
0.000146484 1.37083e-05

0.000146484 1.41233e-05
0.000170898 1.37314e-05

0.000170898 1.35449e-05
0.000195313 1.38203e-05

0.000195313 1.38488e-05
0.000219727 1.44227e-05

0.000219727 1.43801e-05
0.000244141 1.3864e-05

0.000244141 1.39972e-05
0.000268555 1.34834e-05

0.000268555 1.36642e-05
0.000292969 1.38034e-05

0.000292969 1.39267e-05
0.000317383 1.37631e-05

0.000317383 1.37387e-05
0.000341797 1.34831e-05

0.000341797 1.37566e-05
0.000366211 1.35512e-05

0.000366211 1.35554e-05
0.000390625 1.33613e-05

0.000390625 1.35901e-05
0.000415039 1.34311e-05

0.000415039 1.34612e-05
0.000439453 1.32218e-05

0.000439453 1.3423e-05
0.000463867 1.32481e-05

0.000463867 1.33223e-05
0.000488281 1.31066e-05

0.000488281 1.32629e-05
0.000512695 1.30964e-05

0.000512695 1.31792e-05
0.000537109 1.30101e-05

0.000537109 1.31409e-05
0.000561523 1.29763e-05

0.000561523 1.30094e-05
0.000585937 1.29455e-05

0.000585937 1.31462e-05
0.000634766 1.26143e-05

0.000634766 1.29063e-05
0.00065918 1.29127e-05

0.00065918 1.2792e-05
0.000683594 1.27114e-05

0.000683594 1.28325e-05
0.000708008 1.28737e-05

0.000708008 1.27805e-05
0.000732422 1.27806e-05

0.000732422 1.28461e-05
0.000756836 1.28601e-05

0.000756836 1.28574e-05
0.00078125 1.27234e-05

0.00078125 1.27312e-05
0.000805664 1.27876e-05

0.000805664 1.27344e-05
0.000830078 1.29251e-05

0.000830078 1.2858e-05
0.000854492 1.2928e-05

0.000854492 1.29065e-05
0.000878906 1.28513e-05

0.000878906 1.28344e-05
0.00090332 1.28741e-05

0.00090332 1.27957e-05
0.000927734 1.3018e-05

0.000927734 1.296e-05
0.000952148 1.30621e-05

0.000952148 1.29335e-05
0.000976562 1.30247e-05

0.000976562 1.29595e-05
0.00100098 1.31923e-05

0.00100098 1.30604e-05
0.00102539 1.32302e-05

0.00102539 1.30919e-05
0.0010498 1.33035e-05

0.0010498 1.31866e-05
0.00107422 1.34094e-05

0.00107422 1.32038e-05
0.00109863 1.35151e-05

0.00109863 1.35257e-05
0.00112305 1.35252e-05

0.00112305 1.32656e-05
0.00114746 1.34526e-05

0.00114746 1.3414e-05
0.00117187 1.39122e-05

0.00117188 1.35931e-05
0.00119629 1.38653e-05

0.00119629 1.39346e-05
0.0012207 1.38004e-05

0.0012207 1.35225e-05
0.00124512 1.37339e-05

0.00124512 1.38785e-05
0.00126953 1.41747e-05

0.00126953 1.37827e-05
0.00129395 1.39229e-05

0.00129395 1.42038e-05
0.00131836 1.40633e-05

0.00131836 1.37381e-05
0.00134277 1.3753e-05

0.00134277 1.43876e-05
0.00136719 1.39022e-05

0.0013916 9.4784e-07
0.00136864 2.44141e-05

0.0013916 4.76092e-06
0.00139323 0

0.0014631 0
0.00146484 5.15137e-06

0.00146484 3.72404e-06
0.00148533 2.44141e-05

0.00148581 2.44141e-05
0.00148926 2.55696e-05

0.00148926 1.59322e-05
0.00151367 1.65877e-05

0.00151367 1.64754e-05
0.00153809 1.62018e-05

0.00151367 2.44167e-05
0.00151439 2.44141e-05

0.0015625 4.15324e-06
0.00154219 2.44141e-05

0.00153809 2.56215e-05
0.00154173 2.44141e-05

0 0.00312142
0.000390625 0.00311039

0.000390625 0.00311068
0.00078125 0.00307702

0.00078125 0.00307765
0.00117187 0.00301952

0.00117188 0.00302057
0.0015625 0.00293462

0.0015625 5.96018e-06
0.00156453 0

0.00165571 0
0.00166016 1.07435e-05

0.00166016 1.05573e-05
0.00167621 2.44141e-05

0.00167507 2.44141e-05
0.00168457 2.75931e-05

0.00168457 1.74002e-05
0.00170898 1.71903e-05

0.00168457 2.44835e-05
0.00169872 2.44141e-05

0.0017334 1.00925e-05
0.00171725 2.44141e-05

0.00170898 2.74635e-05
0.00171794 2.44141e-05

0.0017334 9.09026e-06
0.00173709 0

0.00179981 0
0.00180664 1.48027e-05

0.00180664 9.75297e-06
0.00183105 1.17782e-05

0.00183105 6.67707e-06
0.00185154 0

0.00185652 0
0.00187988 1.69414e-05

0.00187988 8.10823e-06
0.0019043 1.14023e-05

0.0019043 8.8539e-06
0.00192871 1.07241e-05

0.00192871 9.53105e-06
0.00195312 1.20279e-05

0.00195312 9.33803e-06
0.00197754 1.31437e-05

0.00197754 1.36916e-05
0.00200195 1.2695e-05

0.00200195 1.59423e-05
0.00202637 5.22754e-06

0.00202637 5.70209e-06
0.00205078 8.54608e-06

0.00205078 8.98338e-06
0.0020752 1.50481e-05

0.0020752 9.42699e-06
0.00209961 1.17329e-05

0.00209961 1.34721e-05
0.00212402 1.34974e-05

0.00212402 1.31758e-05
0.00214844 8.01733e-06

0.00214844 7.57776e-06
0.00217285 1.30538e-05

0.00217285 1.397e-05
0.00219727 1.39828e-05

0.00219727 1.31946e-05
0.00222168 7.45395e-06

0.00222168 7.37689e-06
0.00224609 1.35109e-05

0.00224609 1.42274e-05
0.00227051 1.40144e-05

0.00227051 1.39712e-05
0.00229492 6.6317e-06

0.00229492 7.42739e-06
0.00231934 1.19167e-05

0.00231934 1.04e-05
0.00234375 1.54197e-05

0.00234375 1.54466e-05
0.00236816 1.05435e-05

0.00236816 1.25527e-05
0.00239258 6.76561e-06

0.00239258 6.77633e-06
0.00241699 1.25781e-05

0.00241699 1.05026e-05
0.00244141 1.54696e-05

0.00244141 1.54647e-05
0.00246582 1.04847e-05

0.00246582 1.25155e-05
0.00249023 6.84565e-06

0.00249023 6.84981e-06
0.00251465 1.25885e-05

0.00251465 1.05363e-05
0.00253906 1.54218e-05

0.00253906 1.54163e-05
0.00256348 1.0511e-05

0.00256348 1.24854e-05
0.00258789 6.95898e-06

0.00258789 6.95501e-06
0.0026123 1.26058e-05

0.0026123 1.06692e-05
0.00263672 1.5297e-05

0.00263672 1.52429e-05
0.00266113 1.04591e-05

0.00266113 1.18358e-05
0.00268555 7.79489e-06

0.00268555 6.98346e-06
0.00270996 1.3978e-05

0.00270996 1.40078e-05
0.00273438 1.41944e-05

0.00273437 1.39715e-05
0.00275879 7.24105e-06

0.00275879 8.04524e-06
0.0027832 1.18396e-05

0.0027832 1.06593e-05
0.00280762 1.50439e-05

0.00280762 1.50372e-05
0.00283203 1.06533e-05

0.00283203 1.19015e-05
0.00285645 7.99679e-06

0.00285645 7.29514e-06
0.00288086 1.37806e-05

0.00288086 1.38474e-05
0.00290527 1.40121e-05

0.00290527 1.31239e-05
0.00292969 8.17232e-06

0.00292969 8.6285e-06
0.0029541 1.30055e-05

0.0029541 1.33609e-05
0.00297852 1.33925e-05

0.00297852 1.17252e-05
0.00300293 9.95056e-06

0.00300293 1.01906e-05
0.00302734 1.42715e-05

0.00302734 1.26662e-05
0.00305176 1.44544e-05

0.00305176 1.30872e-05
0.00307617 1.39566e-05

0.00307617 1.35924e-05
0.00310059 1.48296e-05

0.00310059 1.40212e-05
0.003125 1.49288e-05

0.00175781 0.00287863
0.00157396 0.00292969

0.0015625 0.00293235
0.0015721 0.00292969

0.00175781 0.00287911
0.00195312 0.00281616

0.00234375 0.00265839
0.0021698 0.00273438

0.00195312 0.0028165
0.00214844 0.00274317

0.00214844 0.00274292
0.002168 0.00273438

0.00292969 0.00231014
0.00288309 0.00234375

0.003125 0.00214751
0.00312398 0.00214844

0.00302734 0.0022344
0.00301283 0.00224609

0.00297852 0.0022712
0.00294791 0.00229492

0.00292969 0.00230979
0.00294908 0.00229492

0.00297852 0.00227054
0.0030091 0.00224609

0.00302734 0.00223309
0.0031247 0.00214844

0.00244141 0.00261043
0.00238741 0.00263672

0.00234375 0.00265696
0.00238533 0.00263672

0.00244141 0.00261013
0.00253906 0.00255915

0.00273438 0.0024459
0.00257661 0.00253906

0.00253906 0.00255946
0.00257421 0.00253906

0.00283203 0.00237973
0.00273925 0.00244141

0.00273438 0.00244416
0.0027387 0.00244141

0.00283203 0.00237959
0.002882 0.00234375

0.003125 1.44268e-05
0.00314941 1.5435e-05

0.00314941 1.48153e-05
0.00317383 1.57763e-05

0.00317383 1.52619e-05
0.00319824 1.62074e-05

0.00319824 1.57185e-05
0.00322266 1.64965e-05

0.00322266 1.58939e-05
0.00324707 1.69427e-05

0.00324707 1.64162e-05
0.00327148 1.76887e-05

0.00327148 1.71818e-05
0.0032959 1.80221e-05

0.0032959 1.71859e-05
0.00332031 1.85278e-05

0.00332031 1.81047e-05
0.00334473 1.97462e-05

0.00334473 1.95245e-05
0.00336914 1.94723e-05

0.00336914 1.30859e-05
0.00339308 2.44141e-05

0.00339165 2.44141e-05
0.00339355 2.51502e-05

0.00339355 2.70254e-05
0.00341797 4.83601e-05

0.00341789 4.88281e-05
0.00341797 4.89006e-05

0.00341797 4.83676e-05
0.00341844 4.88281e-05

0.00341797 4.92292e-05
0.00344172 7.32422e-05

0.0034418 7.32422e-05
0.00344238 7.38536e-05

0.00344238 7.40202e-05
0.00346429 9.76563e-05

0.00346482 9.76563e-05
0.0034668 9.98793e-05

0.0034668 0.000100645
0.00348549 0.00012207

0.00348528 0.00012207
0.00349121 0.000129168

0.00349121 0.00012882
0.00350571 0.000146484

0.00350596 0.000146484
0.00351563 0.000159135

0.00351563 0.000159581
0.00354248 0.000195313

0.00354285 0.000195313
0.00356445 0.00022772

0.00356445 0.000229614
0.00357395 0.000244141

0.00357487 0.000244141
0.00360371 0.000292969

0.00360445 0.000292969
0.00361328 0.000310745

0.00361328 0.000312117
0.00362879 0.000341797

0.00362899 0.000341797
0.00365165 0.000390625

0.00365231 0.000390625
0.00368983 0.000488281

0.00368964 0.000488281
0.00371094 0.000563287

0.00371094 0.000564811
0.00371694 0.000585938

0.00371707 0.000585937
0.003736 0.000683594

0.00373563 0.000683594
0.0037469 0.00078125

0.00374888 0.00078125
0.00374967 0.000976562

0.00374936 0.000976562
0.00372158 0.00117188

0.00371094 0.00121012
0.00366599 0.00136719

0.00366617 0.00136719
0.00358122 0.0015625

0.00371094 0.00120568
0.00372061 0.00117187

0.00332031 0.00194876
0.00331667 0.00195312

0.00351563 0.00167637
0.0034671 0.00175781

0.00341797 0.00182108
0.00339302 0.00185547

0.00332031 0.00194539
0.00339301 0.00185547

0.00341797 0.00182046
0.00346353 0.00175781

0.00331765 0.00195312
0.00312827 0.00214844

0.003125 0.00214871
0.00312529 0.00214844

0.00351563 0.00167203
0.00358088 0.0015625

