7.12592e-05 0
7.32422e-05 5.75444e-06

7.32422e-05 1.84098e-06
9.61406e-05 2.44141e-05

9.76563e-05 1.41113e-05
0.00012207 1.38846e-05

0.00012207 1.37329e-05
0.000146484 1.35801e-05

0.000146484 1.35145e-05
0.000170898 1.42512e-05

0.000170898 1.40117e-05
0.000195313 1.44206e-05

0.000195313 1.44653e-05
0.000219727 1.39315e-05

0.000219727 1.41123e-05
0.000244141 1.34977e-05

0.000244141 1.35785e-05
0.000268555 1.38862e-05

0.000268555 1.40563e-05
0.000292969 1.40183e-05

0.000292969 1.40332e-05
0.000317383 1.33737e-05

0.000317383 1.35965e-05
0.000341797 1.34879e-05

0.000341797 1.35974e-05
0.000366211 1.36483e-05

0.000366211 1.36842e-05
0.000390625 1.34757e-05

0.000390625 1.3704e-05
0.000415039 1.32328e-05

0.000415039 1.33115e-05
0.000439453 1.31569e-05

0.000439453 1.33434e-05
0.000463867 1.33685e-05

0.000463867 1.33687e-05
0.000488281 1.3136e-05

0.000488281 1.32664e-05
0.000512695 1.31084e-05

0.000512695 1.32407e-05
0.000537109 1.30365e-05

0.000537109 1.31408e-05
0.000561523 1.29413e-05

0.000561523 1.30665e-05
0.000585937 1.29262e-05

0.000585938 1.29776e-05
0.000610352 1.29053e-05

0.000610352 1.29893e-05
0.000634766 1.29011e-05

0.000634766 1.29335e-05
0.00065918 1.28249e-05

0.00065918 1.28969e-05
0.000683594 1.28405e-05

0.000683594 1.2866e-05
0.000708008 1.28131e-05

0.000708008 1.28736e-05
0.000732422 1.27897e-05

0.000732422 1.28176e-05
0.000756836 1.2744e-05

0.000756836 1.2759e-05
0.00078125 1.28015e-05

0.00078125 1.27638e-05
0.000805664 1.28573e-05

0.000805664 1.28357e-05
0.000830078 1.28557e-05

0.000830078 1.27964e-05
0.000854492 1.28527e-05

0.000854492 1.28431e-05
0.000878906 1.29273e-05

0.000878906 1.28549e-05
0.00090332 1.29125e-05

0.00090332 1.28501e-05
0.000927734 1.30014e-05

0.000927734 1.28913e-05
0.000952148 1.30899e-05

0.000952148 1.29775e-05
0.000976562 1.31558e-05

0.000976562 1.30255e-05
0.00100098 1.321e-05

0.00100098 1.30825e-05
0.00102539 1.33153e-05

0.00102539 1.31692e-05
0.0010498 1.34018e-05

0.0010498 1.33835e-05
0.00107422 1.33519e-05

0.00107422 1.31706e-05
0.00109863 1.33545e-05

0.00109863 1.3274e-05
0.00112305 1.37294e-05

0.00112305 1.35065e-05
0.00114746 1.36883e-05

0.00114746 1.36902e-05
0.00117187 1.35829e-05

0.00117188 1.34213e-05
0.00119629 1.36142e-05

0.00119629 1.34789e-05
0.0012207 1.4081e-05

0.0012207 1.37894e-05
0.00124512 1.41512e-05

0.00124512 1.42255e-05
0.00126953 1.38854e-05

0.00126953 1.36233e-05
0.00129395 1.37991e-05

0.00129395 1.4091e-05
0.00131836 1.4287e-05

0.00131836 1.36597e-05
0.00134277 1.40623e-05

0.00134277 1.50557e-05
0.00136719 1.39426e-05

0.0013916 1.78885e-07
0.00136863 2.44141e-05

0.0013916 5.12491e-06
0.00139336 0

0.00146293 0
0.00146484 5.63869e-06

0.00146484 3.60326e-06
0.00148543 2.44141e-05

0.00148557 2.44141e-05
0.00148926 2.56533e-05

0.00148926 1.57971e-05
0.00151367 1.67097e-05

0.0015122 2.44141e-05
0.00151367 2.44366e-05

0.00151367 1.66018e-05
0.00153809 1.63463e-05

0.00151367 2.44472e-05
0.00152529 2.44141e-05

0.0015625 4.04899e-06
0.00154228 2.44141e-05

0.00153809 2.58824e-05
0.00154248 2.44141e-05

0 0.00312144
0.000390625 0.00311041

0.000390625 0.0031107
0.00078125 0.00307704

0.00078125 0.00307767
0.00117187 0.00301955

0.00117188 0.0030206
0.0015625 0.00293464

0.0015625 5.70618e-06
0.00156443 0

0.00165564 0
0.00166016 1.08843e-05

0.00166016 1.05807e-05
0.00167627 2.44141e-05

0.00167516 2.44141e-05
0.00168457 2.75453e-05

0.00168457 1.73054e-05
0.00170898 1.71652e-05

0.00168457 2.44635e-05
0.00170185 2.44141e-05

0.0017334 1.01436e-05
0.00171731 2.44141e-05

0.00170898 2.75773e-05
0.00171829 2.44141e-05

0.0017334 8.92227e-06
0.00173701 0

0.00179981 0
0.00180664 1.47975e-05

0.00180664 9.74892e-06
0.00183105 1.17836e-05

0.00183105 6.65534e-06
0.00185162 0

0.00185649 0
0.00187988 1.69587e-05

0.00187988 8.13718e-06
0.0019043 1.13984e-05

0.0019043 8.86325e-06
0.00192871 1.07193e-05

0.00192871 9.53885e-06
0.00195312 1.2031e-05

0.00195312 9.34356e-06
0.00197754 1.31382e-05

0.00197754 1.36849e-05
0.00200195 1.26989e-05

0.00200195 1.59473e-05
0.00202637 5.23626e-06

0.00202637 5.72262e-06
0.00205078 8.52354e-06

0.00205078 8.93476e-06
0.0020752 1.50664e-05

0.0020752 9.46318e-06
0.00209961 1.1772e-05

0.00209961 1.3508e-05
0.00212402 1.34379e-05

0.00212402 1.30836e-05
0.00214844 8.05931e-06

0.00214844 7.62712e-06
0.00217285 1.31446e-05

0.00217285 1.40699e-05
0.00219727 1.39026e-05

0.00219727 1.32206e-05
0.00222168 7.32892e-06

0.00222168 7.25351e-06
0.00224609 1.34938e-05

0.00224609 1.41178e-05
0.00227051 1.41242e-05

0.00227051 1.40309e-05
0.00229492 6.72502e-06

0.00229492 7.50822e-06
0.00231934 1.18454e-05

0.00231934 1.03987e-05
0.00234375 1.54065e-05

0.00234375 1.54318e-05
0.00236816 1.05504e-05

0.00236816 1.2552e-05
0.00239258 6.78162e-06

0.00239258 6.78934e-06
0.00241699 1.25739e-05

0.00241699 1.05048e-05
0.00244141 1.54654e-05

0.00244141 1.54612e-05
0.00246582 1.04889e-05

0.00246582 1.25179e-05
0.00249023 6.85081e-06

0.00249023 6.85484e-06
0.00251465 1.25859e-05

0.00251465 1.0537e-05
0.00253906 1.54208e-05

0.00253906 1.54153e-05
0.00256348 1.05122e-05

0.00256348 1.2486e-05
0.00258789 6.96094e-06

0.00258789 6.95601e-06
0.0026123 1.2606e-05

0.0026123 1.06687e-05
0.00263672 1.52997e-05

0.00263672 1.5247e-05
0.00266113 1.04612e-05

0.00266113 1.18377e-05
0.00268555 7.79159e-06

0.00268555 6.98061e-06
0.00270996 1.39807e-05

0.00270996 1.4016e-05
0.00273438 1.41921e-05

0.00273437 1.39863e-05
0.00275879 7.21203e-06

0.00275879 8.01697e-06
0.0027832 1.18255e-05

0.0027832 1.06427e-05
0.00280762 1.50579e-05

0.00280762 1.50559e-05
0.00283203 1.06298e-05

0.00283203 1.18339e-05
0.00285645 8.01002e-06

0.00285645 7.31681e-06
0.00288086 1.38507e-05

0.00288086 1.39497e-05
0.00290527 1.39281e-05

0.00290527 1.30582e-05
0.00292969 8.0803e-06

0.00292969 8.57116e-06
0.0029541 1.30678e-05

0.0029541 1.3348e-05
0.00297852 1.33867e-05

0.00297852 1.16189e-05
0.00300293 1.00713e-05

0.00300293 1.03034e-05
0.00302734 1.44273e-05

0.00302734 1.27975e-05
0.00305176 1.44319e-05

0.00305176 1.31673e-05
0.00307617 1.39354e-05

0.00307617 1.36054e-05
0.00310059 1.47757e-05

0.00310059 1.39929e-05
0.003125 1.49116e-05

0.00175781 0.00287866
0.00157405 0.00292969

0.0015625 0.00293238
0.00157221 0.00292969

0.00175781 0.00287913
0.00195312 0.00281618

0.00234375 0.0026584
0.00216983 0.00273438

0.00195312 0.00281652
0.00214844 0.00274318

0.00214844 0.00274292
0.002168 0.00273438

0.00292969 0.0023101
0.00288305 0.00234375

0.003125 0.00214747
0.00312393 0.00214844

0.00302734 0.00223435
0.00301277 0.00224609

0.00297852 0.00227115
0.00294786 0.00229492

0.00292969 0.00230975
0.00294902 0.00229492

0.00297852 0.00227048
0.00300902 0.00224609

0.00302734 0.00223304
0.00312461 0.00214844

0.00244141 0.00261044
0.00238743 0.00263672

0.00234375 0.00265696
0.00238533 0.00263672

0.00244141 0.00261013
0.00253906 0.00255915

0.00273438 0.00244589
0.00257661 0.00253906

0.00253906 0.00255942
0.00257415 0.00253906

0.00283203 0.0023797
0.00273922 0.00244141

0.00273438 0.00244415
0.00273868 0.00244141

0.00283203 0.00237955
0.00288194 0.00234375

0.003125 1.44135e-05
0.00314941 1.54228e-05

0.00314941 1.48412e-05
0.00317383 1.57049e-05

0.00317383 1.52336e-05
0.00319824 1.60439e-05

0.00319824 1.55035e-05
0.00322266 1.64259e-05

0.00322266 1.58427e-05
0.00324707 1.70471e-05

0.00324707 1.64359e-05
0.00327148 1.76608e-05

0.00327148 1.70368e-05
0.0032959 1.81316e-05

0.0032959 1.76416e-05
0.00332031 1.85572e-05

0.00332031 1.78498e-05
0.00334473 1.91256e-05

0.00334473 1.93249e-05
0.00336914 1.94255e-05

0.00336914 1.26706e-05
0.00339341 2.44141e-05

0.00339197 2.44141e-05
0.00339355 2.50444e-05

0.00339355 2.71971e-05
0.00341797 4.87364e-05

0.00341752 4.88281e-05
0.00341797 4.9265e-05

0.00341797 4.87379e-05
0.00341806 4.88281e-05

0.00341797 4.94015e-05
0.00344165 7.32422e-05

0.00344173 7.32422e-05
0.00344238 7.39276e-05

0.00344238 7.41166e-05
0.00346427 9.76563e-05

0.00346484 9.76563e-05
0.0034668 9.98437e-05

0.0034668 0.000100328
0.00350605 0.000146484

0.00350602 0.000146484
0.00351563 0.000159039

0.00351563 0.000159255
0.00354243 0.000195313

0.00354296 0.000195313
0.00356445 0.000227529

0.00356445 0.000229428
0.00357408 0.000244141

0.00357499 0.000244141
0.00360386 0.000292969

0.0036046 0.000292969
0.00361328 0.000310435

0.00361328 0.000311825
0.00362895 0.000341797

0.00362915 0.000341797
0.0036518 0.000390625

0.00365246 0.000390625
0.00368997 0.000488281

0.00368977 0.000488281
0.00371094 0.000562878

0.00371094 0.00056437
0.00371706 0.000585938

0.00371718 0.000585937
0.00373608 0.000683594

0.00373571 0.000683594
0.00374696 0.00078125

0.00374893 0.00078125
0.00374966 0.000976562

0.00374935 0.000976562
0.00372152 0.00117188

0.00371094 0.0012099
0.0036659 0.00136719

0.00366607 0.00136719
0.0035811 0.0015625

0.00371094 0.0012053
0.00372051 0.00117187

0.00332031 0.00194878
0.00331668 0.00195312

0.00351563 0.00167621
0.003467 0.00175781

0.00341797 0.00182094
0.00339291 0.00185547

0.00332031 0.00194525
0.00339288 0.00185547

0.00341797 0.00182029
0.00346341 0.00175781

0.00331754 0.00195312
0.00312818 0.00214844

0.00351563 0.0016718
0.00358074 0.0015625

