7.1604e-05 0
7.32422e-05 4.7969e-06

7.32422e-05 3.55953e-07
9.61537e-05 2.44141e-05

9.76563e-05 1.41916e-05
0.00012207 1.47488e-05

0.00012207 1.36449e-05
0.000146484 1.34521e-05

0.000146484 1.39576e-05
0.000170898 1.46886e-05

0.000170898 1.43662e-05
0.000195313 1.38547e-05

0.000195313 1.41175e-05
0.000219727 1.37399e-05

0.000219727 1.37379e-05
0.000244141 1.39077e-05

0.000244141 1.39545e-05
0.000268555 1.41607e-05

0.000268555 1.4261e-05
0.000292969 1.36996e-05

0.000292969 1.39244e-05
0.000317383 1.33377e-05

0.000317383 1.34653e-05
0.000341797 1.36176e-05

0.000341797 1.36716e-05
0.000366211 1.38171e-05

0.000366211 1.39057e-05
0.000390625 1.33945e-05

0.000390625 1.35869e-05
0.000415039 1.31421e-05

0.000415039 1.32992e-05
0.000439453 1.33487e-05

0.000439453 1.34615e-05
0.000463867 1.33397e-05

0.000463867 1.3364e-05
0.000488281 1.31064e-05

0.000488281 1.32773e-05
0.000512695 1.31506e-05

0.000512695 1.32705e-05
0.000537109 1.30173e-05

0.000537109 1.30899e-05
0.000561523 1.29747e-05

0.000561523 1.31396e-05
0.000585937 1.29837e-05

0.000585938 1.30508e-05
0.000610352 1.27921e-05

0.000610352 1.28653e-05
0.000634766 1.28921e-05

0.000634766 1.2908e-05
0.00065918 1.29727e-05

0.00065918 1.30277e-05
0.000683594 1.28211e-05

0.000683594 1.28971e-05
0.000708008 1.26926e-05

0.000708008 1.27396e-05
0.000732422 1.28227e-05

0.000732422 1.27917e-05
0.000756836 1.29142e-05

0.000756836 1.29093e-05
0.00078125 1.28247e-05

0.00078125 1.28032e-05
0.000805664 1.2784e-05

0.000805664 1.27349e-05
0.000830078 1.29722e-05

0.000830078 1.29268e-05
0.000854492 1.29939e-05

0.000854492 1.29061e-05
0.000878906 1.28957e-05

0.000878906 1.28892e-05
0.00090332 1.30166e-05

0.00090332 1.29324e-05
0.000927734 1.30496e-05

0.000927734 1.29951e-05
0.000952148 1.30771e-05

0.000952148 1.29778e-05
0.000976562 1.31209e-05

0.000976562 1.30283e-05
0.00100098 1.32482e-05

0.00100098 1.31301e-05
0.00102539 1.32839e-05

0.00102539 1.3124e-05
0.0010498 1.33743e-05

0.0010498 1.33021e-05
0.00107422 1.34748e-05

0.00107422 1.33056e-05
0.00109863 1.34444e-05

0.00109863 1.33681e-05
0.00112305 1.3612e-05

0.00112305 1.3436e-05
0.00114746 1.36732e-05

0.00114746 1.35498e-05
0.00117187 1.37819e-05

0.00117188 1.3681e-05
0.00119629 1.37743e-05

0.00119629 1.36718e-05
0.0012207 1.37997e-05

0.0012207 1.35464e-05
0.00124512 1.41011e-05

0.00124512 1.41004e-05
0.00126953 1.42123e-05

0.00126953 1.4149e-05
0.00129395 1.36698e-05

0.00129395 1.37456e-05
0.00131836 1.38372e-05

0.00131836 1.40227e-05
0.00134277 1.39349e-05

0.00134277 1.38311e-05
0.00136719 1.36187e-05

0.0013916 1.98574e-06
0.00136853 2.44141e-05

0.0013916 5.84401e-06
0.00139362 0

0.00146305 0
0.00146484 5.26955e-06

0.00146484 3.38939e-06
0.00148521 2.44141e-05

0.0014861 2.44141e-05
0.00148926 2.54991e-05

0.00148926 1.66015e-05
0.00151367 1.68556e-05

0.00150814 2.44141e-05
0.00151367 2.44343e-05

0.00151367 1.61831e-05
0.00153809 1.55998e-05

0.00151367 2.44218e-05
0.0015145 2.44141e-05

0.0015625 4.6788e-06
0.00154214 2.44141e-05

0.00153809 2.56062e-05
0.00154179 2.44141e-05

0 0.00312142
0.000390625 0.0031104

0.000390625 0.00311069
0.00078125 0.00307703

0.00078125 0.00307766
0.00117187 0.00301954

0.00117188 0.00302059
0.0015625 0.00293464

0.0015625 6.20856e-06
0.00156462 0

0.00165567 0
0.00166016 1.08256e-05

0.00166016 1.05398e-05
0.00167626 2.44141e-05

0.00167517 2.44141e-05
0.00168457 2.75548e-05

0.00168457 1.73585e-05
0.00170898 1.72093e-05

0.00168457 2.44663e-05
0.00170101 2.44141e-05

0.0017334 1.01075e-05
0.0017173 2.44141e-05

0.00170898 2.75557e-05
0.00171821 2.44141e-05

0.0017334 8.95534e-06
0.00173702 0

0.00179983 0
0.00180664 1.47776e-05

0.00180664 9.73319e-06
0.00183105 1.18045e-05

0.00183105 6.63805e-06
0.00185171 0

0.00185646 0
0.00187988 1.69748e-05

0.00187988 8.17336e-06
0.0019043 1.13969e-05

0.0019043 8.87554e-06
0.00192871 1.07091e-05

0.00192871 9.5465e-06
0.00195312 1.20345e-05

0.00195312 9.34488e-06
0.00197754 1.31348e-05

0.00197754 1.36855e-05
0.00200195 1.27041e-05

0.00200195 1.59263e-05
0.00202637 5.26104e-06

0.00202637 5.74802e-06
0.00205078 8.5468e-06

0.00205078 8.94367e-06
0.0020752 1.50632e-05

0.0020752 9.48505e-06
0.00209961 1.17936e-05

0.00209961 1.35244e-05
0.00212402 1.34302e-05

0.00212402 1.31393e-05
0.00214844 8.01544e-06

0.00214844 7.585e-06
0.00217285 1.30784e-05

0.00217285 1.3961e-05
0.00219727 1.39753e-05

0.00219727 1.31952e-05
0.00222168 7.48707e-06

0.00222168 7.40757e-06
0.00224609 1.34985e-05

0.00224609 1.4221e-05
0.00227051 1.40058e-05

0.00227051 1.39601e-05
0.00229492 6.65796e-06

0.00229492 7.45095e-06
0.00231934 1.19192e-05

0.00231934 1.04096e-05
0.00234375 1.54046e-05

0.00234375 1.54324e-05
0.00236816 1.05518e-05

0.00236816 1.25505e-05
0.00239258 6.79161e-06

0.00239258 6.80158e-06
0.00241699 1.25744e-05

0.00241699 1.05101e-05
0.00244141 1.54577e-05

0.00244141 1.54531e-05
0.00246582 1.04927e-05

0.00246582 1.25147e-05
0.00249023 6.86728e-06

0.00249023 6.87056e-06
0.00251465 1.25856e-05

0.00251465 1.05439e-05
0.00253906 1.5412e-05

0.00253906 1.54054e-05
0.00256348 1.05172e-05

0.00256348 1.24778e-05
0.00258789 6.98657e-06

0.00258789 6.98269e-06
0.0026123 1.26088e-05

0.0026123 1.068e-05
0.00263672 1.52839e-05

0.00263672 1.52302e-05
0.00266113 1.04726e-05

0.00266113 1.1846e-05
0.00268555 7.81502e-06

0.00268555 7.00344e-06
0.00270996 1.39665e-05

0.00270996 1.40084e-05
0.00273438 1.41897e-05

0.00273437 1.39768e-05
0.00275879 7.23709e-06

0.00275879 8.04102e-06
0.0027832 1.18296e-05

0.0027832 1.06506e-05
0.00280762 1.50455e-05

0.00280762 1.5038e-05
0.00283203 1.06502e-05

0.00283203 1.19112e-05
0.00285645 7.97615e-06

0.00285645 7.2675e-06
0.00288086 1.37732e-05

0.00288086 1.38302e-05
0.00290527 1.40367e-05

0.00290527 1.31475e-05
0.00292969 8.16972e-06

0.00292969 8.599e-06
0.0029541 1.3008e-05

0.0029541 1.3416e-05
0.00297852 1.34e-05

0.00297852 1.17176e-05
0.00300293 9.86833e-06

0.00300293 1.01344e-05
0.00302734 1.42977e-05

0.00302734 1.26872e-05
0.00305176 1.44455e-05

0.00305176 1.30831e-05
0.00307617 1.38856e-05

0.00307617 1.35289e-05
0.00310059 1.48026e-05

0.00310059 1.39315e-05
0.003125 1.49946e-05

0.00175781 0.00287864
0.00157402 0.00292969

0.0015625 0.00293237
0.00157217 0.00292969

0.00175781 0.00287911
0.00195312 0.00281616

0.00234375 0.00265836
0.00216977 0.00273438

0.00195312 0.0028165
0.00214844 0.00274315

0.00214844 0.00274288
0.00216789 0.00273438

0.00292969 0.00231008
0.00288301 0.00234375

0.003125 0.00214745
0.00312391 0.00214844

0.00302734 0.00223435
0.00301276 0.00224609

0.00297852 0.00227112
0.00294781 0.00229492

0.00292969 0.00230973
0.00294899 0.00229492

0.00297852 0.00227044
0.00300898 0.00224609

0.00302734 0.00223301
0.0031246 0.00214844

0.00244141 0.00261041
0.00238737 0.00263672

0.00234375 0.00265691
0.00238523 0.00263672

0.00244141 0.0026101
0.00253906 0.00255911

0.00273438 0.00244585
0.00257655 0.00253906

0.00253906 0.00255935
0.00257402 0.00253906

0.00283203 0.00237965
0.00273916 0.00244141

0.00273438 0.00244413
0.00273865 0.00244141

0.00283203 0.00237951
0.00288189 0.00234375

0.003125 1.44583e-05
0.00314941 1.55598e-05

0.00314941 1.49813e-05
0.00317383 1.57448e-05

0.00317383 1.52338e-05
0.00319824 1.60642e-05

0.00319824 1.55089e-05
0.00322266 1.66396e-05

0.00322266 1.60617e-05
0.00324707 1.72261e-05

0.00324707 1.66993e-05
0.00327148 1.75633e-05

0.00327148 1.69514e-05
0.0032959 1.79492e-05

0.0032959 1.72782e-05
0.00332031 1.8895e-05

0.00332031 1.83197e-05
0.00334473 1.97894e-05

0.00334473 1.93731e-05
0.00336914 1.97393e-05

0.00336914 1.36176e-05
0.00339183 2.44141e-05

0.00339109 2.44141e-05
0.00339355 2.53635e-05

0.00339355 2.74435e-05
0.00341797 4.8418e-05

0.00341767 4.88281e-05
0.00341797 4.91116e-05

0.00341797 4.86296e-05
0.00341818 4.88281e-05

0.00341797 4.91929e-05
0.00344202 7.32422e-05

0.00344205 7.32422e-05
0.00344238 7.35913e-05

0.00344238 7.37207e-05
0.00346463 9.76563e-05

0.00346515 9.76563e-05
0.0034668 9.95077e-05

0.0034668 9.9996e-05
0.00350626 0.000146484

0.00350623 0.000146484
0.00351563 0.000158779

0.00351563 0.00015923
0.00354273 0.000195313

0.00354311 0.000195313
0.00356445 0.000227357

0.00356445 0.000229252
0.00357419 0.000244141

0.0035751 0.000244141
0.00360393 0.000292969

0.00360467 0.000292969
0.00361328 0.000310311

0.00361328 0.000311703
0.003629 0.000341797

0.00362919 0.000341797
0.00365183 0.000390625

0.00365249 0.000390625
0.00368999 0.000488281

0.0036898 0.000488281
0.00371094 0.000562778

0.00371094 0.000564286
0.00371708 0.000585938

0.00371721 0.000585937
0.00373611 0.000683594

0.00373575 0.000683594
0.003747 0.00078125

0.00374898 0.00078125
0.00374972 0.000976562

0.00374941 0.000976562
0.00372158 0.00117188

0.00371094 0.00121016
0.00366597 0.00136719

0.00366613 0.00136719
0.00358115 0.0015625

0.00371094 0.00120544
0.00372055 0.00117187

0.00332031 0.00194897
0.00331684 0.00195312

0.00351563 0.00167635
0.00346708 0.00175781

0.00341797 0.00182098
0.00339294 0.00185547

0.00332031 0.00194525
0.00339289 0.00185547

0.00341797 0.00182031
0.00346344 0.00175781

0.00331755 0.00195312
0.00312818 0.00214844

0.00351563 0.00167182
0.00358076 0.0015625

