7.16762e-05 0
7.32422e-05 4.59835e-06

7.32422e-05 4.88651e-07
9.60537e-05 2.44141e-05

9.67323e-05 2.44141e-05
9.76563e-05 2.4737e-05

9.76563e-05 1.43195e-05
0.00012207 1.47369e-05

0.000118682 2.44141e-05
0.00012207 2.44359e-05

0.00012207 1.3611e-05
0.000146484 1.35028e-05

0.000146484 1.4021e-05
0.000170898 1.48706e-05

0.000170898 1.44805e-05
0.000195313 1.39479e-05

0.000195313 1.42422e-05
0.000219727 1.38218e-05

0.000219727 1.38547e-05
0.000244141 1.3929e-05

0.000244141 1.41583e-05
0.000268555 1.40192e-05

0.000268555 1.39533e-05
0.000292969 1.36184e-05

0.000292969 1.39109e-05
0.000317383 1.37591e-05

0.000317383 1.3781e-05
0.000341797 1.35621e-05

0.000341797 1.37723e-05
0.000366211 1.35698e-05

0.000366211 1.36283e-05
0.000390625 1.34133e-05

0.000390625 1.3613e-05
0.000415039 1.34108e-05

0.000415039 1.34949e-05
0.000439453 1.3249e-05

0.000439453 1.34022e-05
0.000463867 1.32618e-05

0.000463867 1.33607e-05
0.000488281 1.31787e-05

0.000488281 1.32847e-05
0.000512695 1.31156e-05

0.000512695 1.32326e-05
0.000537109 1.30628e-05

0.000537109 1.31687e-05
0.000561523 1.29879e-05

0.000561523 1.30177e-05
0.000585937 1.30192e-05

0.000585937 1.31736e-05
0.000634766 1.27964e-05

0.000634766 1.30606e-05
0.000683594 1.27687e-05

0.000683594 1.28293e-05
0.000708008 1.29067e-05

0.000708008 1.29102e-05
0.000732422 1.28818e-05

0.000732422 1.29011e-05
0.000756836 1.27949e-05

0.000756836 1.2915e-05
0.00078125 1.2728e-05

0.00078125 1.2614e-05
0.000805664 1.28205e-05

0.000805664 1.29362e-05
0.000830078 1.29956e-05

0.000830078 1.26634e-05
0.000878906 1.30454e-05

0.000878906 1.29063e-05
0.00090332 1.29855e-05

0.00090332 1.2929e-05
0.000927734 1.3083e-05

0.000927734 1.29751e-05
0.000952148 1.31353e-05

0.000952148 1.30279e-05
0.000976562 1.32125e-05

0.000976562 1.30998e-05
0.00100098 1.32752e-05

0.00100098 1.31876e-05
0.00102539 1.33054e-05

0.00102539 1.31467e-05
0.0010498 1.33985e-05

0.0010498 1.33554e-05
0.00107422 1.35036e-05

0.00107422 1.32841e-05
0.00109863 1.34778e-05

0.00109863 1.34791e-05
0.00112305 1.36641e-05

0.00112305 1.34253e-05
0.00114746 1.36097e-05

0.00114746 1.36099e-05
0.00117187 1.38068e-05

0.00117188 1.35223e-05
0.00119629 1.38063e-05

0.00119629 1.3829e-05
0.0012207 1.4014e-05

0.0012207 1.38134e-05
0.00124512 1.37947e-05

0.00124512 1.37743e-05
0.00126953 1.40404e-05

0.00126953 1.38537e-05
0.00129395 1.41586e-05

0.00129395 1.44414e-05
0.00131836 1.38401e-05

0.00131836 1.35253e-05
0.00134277 1.35702e-05

0.00134277 1.42272e-05
0.00136719 1.41222e-05

0.0013916 1.06883e-06
0.00136871 2.44141e-05

0.0013916 4.63114e-06
0.00139318 0

0.00146316 0
0.00146484 4.98545e-06

0.00146484 3.29317e-06
0.00148532 2.44141e-05

0.0014859 2.44141e-05
0.00148926 2.55642e-05

0.00148926 1.59805e-05
0.00151367 1.71667e-05

0.00151212 2.44141e-05
0.00151367 2.4446e-05

0.00151367 1.70399e-05
0.00153809 1.62411e-05

0.00151367 2.44198e-05
0.00151409 2.44141e-05

0.0015625 3.81893e-06
0.00154217 2.44141e-05

0.00153809 2.5421e-05
0.00154108 2.44141e-05

0 0.00312141
0.000390625 0.00311038

0.000390625 0.00311067
0.00078125 0.00307702

0.00078125 0.00307765
0.00117187 0.00301953

0.00117188 0.00302058
0.0015625 0.00293463

0.0015625 6.27109e-06
0.00156465 0

0.00165569 0
0.00166016 1.07769e-05

0.00166016 1.05533e-05
0.00167622 2.44141e-05

0.00167505 2.44141e-05
0.00168457 2.75967e-05

0.00168457 1.7401e-05
0.00170898 1.7187e-05

0.00168457 2.44833e-05
0.00169842 2.44141e-05

0.0017334 1.00765e-05
0.00171724 2.44141e-05

0.00170898 2.74672e-05
0.00171795 2.44141e-05

0.0017334 9.07306e-06
0.00173708 0

0.00179984 0
0.00180664 1.47589e-05

0.00180664 9.71656e-06
0.00183105 1.1824e-05

0.00183105 6.63021e-06
0.00185178 0

0.00185644 0
0.00187988 1.69835e-05

0.00187988 8.19598e-06
0.0019043 1.14017e-05

0.0019043 8.88647e-06
0.00192871 1.07046e-05

0.00192871 9.55464e-06
0.00195312 1.20382e-05

0.00195312 9.35037e-06
0.00197754 1.31317e-05

0.00197754 1.36846e-05
0.00200195 1.27069e-05

0.00200195 1.59151e-05
0.00202637 5.27926e-06

0.00202637 5.76669e-06
0.00205078 8.55687e-06

0.00205078 8.95893e-06
0.0020752 1.50488e-05

0.0020752 9.49048e-06
0.00209961 1.17854e-05

0.00209961 1.35099e-05
0.00212402 1.34274e-05

0.00212402 1.30779e-05
0.00214844 8.08944e-06

0.00214844 7.669e-06
0.00217285 1.31333e-05

0.00217285 1.40597e-05
0.00219727 1.38749e-05

0.00219727 1.31526e-05
0.00222168 7.40444e-06

0.00222168 7.3324e-06
0.00224609 1.35447e-05

0.00224609 1.42022e-05
0.00227051 1.4035e-05

0.00227051 1.39768e-05
0.00229492 6.67655e-06

0.00229492 7.47083e-06
0.00231934 1.19036e-05

0.00231934 1.04104e-05
0.00234375 1.54003e-05

0.00234375 1.54268e-05
0.00236816 1.05546e-05

0.00236816 1.25478e-05
0.00239258 6.8021e-06

0.00239258 6.81196e-06
0.00241699 1.25745e-05

0.00241699 1.0514e-05
0.00244141 1.54519e-05

0.00244141 1.54477e-05
0.00246582 1.04962e-05

0.00246582 1.25141e-05
0.00249023 6.87762e-06

0.00249023 6.88073e-06
0.00251465 1.2584e-05

0.00251465 1.05474e-05
0.00253906 1.54067e-05

0.00253906 1.54001e-05
0.00256348 1.05197e-05

0.00256348 1.24732e-05
0.00258789 6.99974e-06

0.00258789 6.99605e-06
0.0026123 1.2611e-05

0.0026123 1.06855e-05
0.00263672 1.52769e-05

0.00263672 1.52245e-05
0.00266113 1.04779e-05

0.00266113 1.18493e-05
0.00268555 7.82416e-06

0.00268555 7.01371e-06
0.00270996 1.39611e-05

0.00270996 1.40042e-05
0.00273438 1.41887e-05

0.00273437 1.39761e-05
0.00275879 7.24709e-06

0.00275879 8.04919e-06
0.0027832 1.18278e-05

0.0027832 1.06497e-05
0.00280762 1.50449e-05

0.00280762 1.5045e-05
0.00283203 1.06505e-05

0.00283203 1.1868e-05
0.00285645 8.0088e-06

0.00285645 7.31023e-06
0.00288086 1.38231e-05

0.00288086 1.39329e-05
0.00290527 1.39493e-05

0.00290527 1.30985e-05
0.00292969 8.05679e-06

0.00292969 8.52394e-06
0.0029541 1.30419e-05

0.0029541 1.33468e-05
0.00297852 1.34256e-05

0.00297852 1.16656e-05
0.00300293 1.00044e-05

0.00300293 1.02348e-05
0.00302734 1.43888e-05

0.00302734 1.27659e-05
0.00305176 1.4471e-05

0.00305176 1.31602e-05
0.00307617 1.39356e-05

0.00307617 1.36098e-05
0.00310059 1.47898e-05

0.00310059 1.39831e-05
0.003125 1.49303e-05

0.00175781 0.00287863
0.00157398 0.00292969

0.0015625 0.00293236
0.00157213 0.00292969

0.00175781 0.0028791
0.00195312 0.00281615

0.00234375 0.00265836
0.00216976 0.00273438

0.00195312 0.00281649
0.00214844 0.00274315

0.00214844 0.00274286
0.00216786 0.00273438

0.00292969 0.00231011
0.00288305 0.00234375

0.003125 0.00214747
0.00312393 0.00214844

0.00302734 0.00223441
0.00301284 0.00224609

0.00297852 0.00227114
0.00294785 0.00229492

0.00292969 0.00230976
0.00294903 0.00229492

0.00297852 0.00227046
0.00300901 0.00224609

0.00302734 0.00223305
0.00312465 0.00214844

0.00244141 0.00261041
0.00238738 0.00263672

0.00234375 0.00265691
0.00238522 0.00263672

0.00244141 0.0026101
0.00253906 0.00255911

0.00273438 0.00244588
0.00257658 0.00253906

0.00253906 0.00255933
0.00257399 0.00253906

0.00283203 0.00237968
0.00273919 0.00244141

0.00273438 0.00244416
0.0027387 0.00244141

0.00283203 0.00237953
0.00288192 0.00234375

0.003125 1.44058e-05
0.00314941 1.54957e-05

0.00314941 1.48518e-05
0.00317383 1.58383e-05

0.00317383 1.53288e-05
0.00319824 1.62272e-05

0.00319824 1.58473e-05
0.00322266 1.63886e-05

0.00322266 1.55366e-05
0.00324707 1.69693e-05

0.00324707 1.71232e-05
0.00327148 1.7696e-05

0.00327148 1.67948e-05
0.0032959 1.67724e-05

0.0032959 1.54462e-05
0.00332031 1.93312e-05

0.00332031 1.99597e-05
0.00334473 2.12641e-05

0.00334473 1.94057e-05
0.00336914 1.79804e-05

0.00336914 1.30846e-05
0.00339172 2.44141e-05

0.00339193 2.44141e-05
0.00339355 2.50474e-05

0.00339355 2.69544e-05
0.00341797 4.79992e-05

0.00341788 4.88281e-05
0.00341797 4.8917e-05

0.00341797 4.81383e-05
0.00341868 4.88281e-05

0.00341797 4.89554e-05
0.00344198 7.32422e-05

0.00344202 7.32422e-05
0.00344238 7.3618e-05

0.00344238 7.37604e-05
0.00346449 9.76563e-05

0.00346502 9.76563e-05
0.0034668 9.9667e-05

0.0034668 0.000100117
0.0035061 0.000146484

0.00350612 0.000146484
0.00351563 0.000158917

0.00351563 0.000159392
0.00354262 0.000195313

0.00354301 0.000195313
0.00356445 0.000227482

0.00356445 0.000229396
0.0035741 0.000244141

0.00357502 0.000244141
0.00360387 0.000292969

0.00360461 0.000292969
0.00361328 0.000310412

0.00361328 0.000311814
0.00362895 0.000341797

0.00362915 0.000341797
0.0036518 0.000390625

0.00365246 0.000390625
0.00368997 0.000488281

0.00368978 0.000488281
0.00371094 0.000562855

0.00371094 0.000564402
0.00371705 0.000585938

0.00371718 0.000585937
0.00373609 0.000683594

0.00373573 0.000683594
0.00374698 0.00078125

0.00374896 0.00078125
0.00374971 0.000976562

0.0037494 0.000976562
0.00372159 0.00117188

0.00371094 0.0012102
0.003666 0.00136719

0.00366615 0.00136719
0.00358118 0.0015625

0.00371094 0.0012054
0.00372053 0.00117187

0.00332031 0.00194914
0.00331698 0.00195312

0.00351563 0.00167645
0.00346714 0.00175781

0.00341797 0.00182105
0.00339298 0.00185547

0.00332031 0.00194531
0.00339294 0.00185547

0.00341797 0.00182036
0.00346349 0.00175781

0.0033176 0.00195312
0.00312822 0.00214844

0.00351563 0.00167185
0.00358078 0.0015625

