7.16373e-05 0
7.32422e-05 4.70276e-06

7.32422e-05 6.89006e-08
9.61466e-05 2.44141e-05

9.75407e-05 2.44141e-05
9.76563e-05 2.4455e-05

9.76563e-05 1.40338e-05
0.00012207 1.51345e-05

0.00012207 1.40212e-05
0.000146484 1.36504e-05

0.000146484 1.42898e-05
0.000170898 1.4306e-05

0.000170898 1.39676e-05
0.000195313 1.37289e-05

0.000195313 1.38495e-05
0.000219727 1.43805e-05

0.000219727 1.43354e-05
0.000244141 1.4178e-05

0.000244141 1.4367e-05
0.000268555 1.36196e-05

0.000268555 1.37821e-05
0.000292969 1.35897e-05

0.000292969 1.37807e-05
0.000317383 1.39159e-05

0.000317383 1.38896e-05
0.000341797 1.3686e-05

0.000341797 1.39574e-05
0.000366211 1.34328e-05

0.000366211 1.35018e-05
0.000390625 1.3292e-05

0.000390625 1.35168e-05
0.000415039 1.35639e-05

0.000415039 1.35466e-05
0.000439453 1.33166e-05

0.000439453 1.34653e-05
0.000463867 1.32777e-05

0.000463867 1.33891e-05
0.000488281 1.32001e-05

0.000488281 1.33275e-05
0.000512695 1.31409e-05

0.000512695 1.32435e-05
0.000537109 1.30761e-05

0.000537109 1.31984e-05
0.000561523 1.30292e-05

0.000561523 1.30795e-05
0.000585937 1.29978e-05

0.000585938 1.30673e-05
0.000610352 1.30438e-05

0.000610352 1.31028e-05
0.000634766 1.29411e-05

0.000634766 1.30723e-05
0.00065918 1.28091e-05

0.00065918 1.28306e-05
0.000683594 1.28415e-05

0.000683594 1.2884e-05
0.000708008 1.30127e-05

0.000708008 1.30263e-05
0.000732422 1.28273e-05

0.000732422 1.28809e-05
0.000756836 1.27353e-05

0.000756836 1.27578e-05
0.00078125 1.28916e-05

0.00078125 1.28271e-05
0.000805664 1.29769e-05

0.000805664 1.2972e-05
0.000830078 1.28882e-05

0.000830078 1.27468e-05
0.000854492 1.29391e-05

0.000854492 1.29839e-05
0.000878906 1.31478e-05

0.000878906 1.29148e-05
0.00090332 1.30034e-05

0.00090332 1.30656e-05
0.000927734 1.31922e-05

0.000927734 1.30498e-05
0.000952148 1.30491e-05

0.000952148 1.30515e-05
0.000976562 1.32054e-05

0.000976562 1.30875e-05
0.00100098 1.32318e-05

0.00100098 1.31539e-05
0.00102539 1.33103e-05

0.00102539 1.31362e-05
0.0010498 1.3409e-05

0.0010498 1.33408e-05
0.00107422 1.35198e-05

0.00107422 1.33067e-05
0.00109863 1.35002e-05

0.00109863 1.35252e-05
0.00112305 1.36199e-05

0.00112305 1.33997e-05
0.00114746 1.35469e-05

0.00114746 1.34271e-05
0.00117187 1.39358e-05

0.00117188 1.37261e-05
0.00119629 1.39802e-05

0.00119629 1.3952e-05
0.0012207 1.37944e-05

0.0012207 1.36183e-05
0.00124512 1.38498e-05

0.00124512 1.39733e-05
0.00126953 1.41231e-05

0.00126953 1.3761e-05
0.00129395 1.39348e-05

0.00129395 1.42809e-05
0.00131836 1.40809e-05

0.00131836 1.36625e-05
0.00134277 1.37282e-05

0.00134277 1.43949e-05
0.00136719 1.40671e-05

0.0013916 1.02587e-06
0.0013687 2.44141e-05

0.0013916 4.94025e-06
0.00139329 0

0.00146324 0
0.00146484 4.76696e-06

0.00146484 3.75917e-06
0.00148507 2.44141e-05

0.001485 2.44141e-05
0.00148926 2.58552e-05

0.00148926 1.64135e-05
0.00151367 1.66765e-05

0.00150444 2.44141e-05
0.00151367 2.44425e-05

0.00151367 1.63233e-05
0.00153809 1.59392e-05

0.00151367 2.4434e-05
0.001517 2.44141e-05

0.0015625 4.60263e-06
0.00154221 2.44141e-05

0.00153809 2.55143e-05
0.00154148 2.44141e-05

0 0.00312137
0.000390625 0.00311035

0.000390625 0.00311064
0.00078125 0.00307699

0.00078125 0.00307762
0.00117187 0.00301951

0.00117188 0.00302056
0.0015625 0.00293462

0.0015625 6.54857e-06
0.00156475 0

0.0016557 0
0.00166016 1.07572e-05

0.00166016 1.05631e-05
0.00167622 2.44141e-05

0.00167507 2.44141e-05
0.00168457 2.7589e-05

0.00168457 1.73751e-05
0.00170898 1.71743e-05

0.00168457 2.44803e-05
0.00169884 2.44141e-05

0.0017334 1.01036e-05
0.00171725 2.44141e-05

0.00170898 2.748e-05
0.001718 2.44141e-05

0.0017334 9.07994e-06
0.00173708 0

0.00179986 0
0.00180664 1.4735e-05

0.00180664 9.70289e-06
0.00183105 1.18483e-05

0.00183105 6.60842e-06
0.00185188 0

0.00185641 0
0.00187988 1.70084e-05

0.00187988 8.24093e-06
0.0019043 1.14027e-05

0.0019043 8.9049e-06
0.00192871 1.06924e-05

0.00192871 9.56535e-06
0.00195312 1.20415e-05

0.00195312 9.35437e-06
0.00197754 1.31265e-05

0.00197754 1.36805e-05
0.00200195 1.27142e-05

0.00200195 1.5898e-05
0.00202637 5.31005e-06

0.00202637 5.79582e-06
0.00205078 8.57422e-06

0.00205078 8.97467e-06
0.0020752 1.50391e-05

0.0020752 9.50423e-06
0.00209961 1.17959e-05

0.00209961 1.35198e-05
0.00212402 1.34213e-05

0.00212402 1.31432e-05
0.00214844 8.02742e-06

0.00214844 7.58392e-06
0.00217285 1.30749e-05

0.00217285 1.39529e-05
0.00219727 1.39981e-05

0.00219727 1.32853e-05
0.00222168 7.43357e-06

0.00222168 7.33374e-06
0.00224609 1.34156e-05

0.00224609 1.40985e-05
0.00227051 1.41308e-05

0.00227051 1.40274e-05
0.00229492 6.76508e-06

0.00229492 7.54407e-06
0.00231934 1.18407e-05

0.00231934 1.04097e-05
0.00234375 1.53904e-05

0.00234375 1.5415e-05
0.00236816 1.05636e-05

0.00236816 1.25496e-05
0.00239258 6.8172e-06

0.00239258 6.82622e-06
0.00241699 1.25695e-05

0.00241699 1.05169e-05
0.00244141 1.54464e-05

0.00244141 1.54416e-05
0.00246582 1.05005e-05

0.00246582 1.25138e-05
0.00249023 6.88884e-06

0.00249023 6.89209e-06
0.00251465 1.25819e-05

0.00251465 1.05502e-05
0.00253906 1.54013e-05

0.00253906 1.53944e-05
0.00256348 1.05238e-05

0.00256348 1.24722e-05
0.00258789 7.01079e-06

0.00258789 7.00681e-06
0.0026123 1.26104e-05

0.0026123 1.06898e-05
0.00263672 1.52719e-05

0.00263672 1.52191e-05
0.00266113 1.04817e-05

0.00266113 1.18521e-05
0.00268555 7.83241e-06

0.00268555 7.02214e-06
0.00270996 1.39562e-05

0.00270996 1.40007e-05
0.00273438 1.41882e-05

0.00273437 1.39754e-05
0.00275879 7.25518e-06

0.00275879 8.057e-06
0.0027832 1.18252e-05

0.0027832 1.06492e-05
0.00280762 1.50413e-05

0.00280762 1.50398e-05
0.00283203 1.06567e-05

0.00283203 1.19279e-05
0.00285645 7.95958e-06

0.00285645 7.246e-06
0.00288086 1.37649e-05

0.00288086 1.38326e-05
0.00290527 1.40463e-05

0.00290527 1.31539e-05
0.00292969 8.143e-06

0.00292969 8.59132e-06
0.0029541 1.29897e-05

0.0029541 1.33801e-05
0.00297852 1.33956e-05

0.00297852 1.16411e-05
0.00300293 9.96039e-06

0.00300293 1.02115e-05
0.00302734 1.43938e-05

0.00302734 1.27607e-05
0.00305176 1.44374e-05

0.00305176 1.31333e-05
0.00307617 1.38995e-05

0.00307617 1.35387e-05
0.00310059 1.48061e-05

0.00310059 1.39423e-05
0.003125 1.50409e-05

0.00175781 0.00287863
0.00157396 0.00292969

0.0015625 0.00293236
0.00157212 0.00292969

0.00175781 0.00287911
0.00195312 0.00281616

0.00234375 0.0026584
0.00216981 0.00273438

0.00195312 0.0028165
0.00214844 0.00274317

0.00214844 0.00274286
0.00216787 0.00273438

0.00292969 0.00231018
0.00288315 0.00234375

0.003125 0.00214752
0.00312399 0.00214844

0.00302734 0.00223452
0.00301297 0.00224609

0.00297852 0.0022712
0.00294792 0.00229492

0.00292969 0.00230983
0.00294912 0.00229492

0.00297852 0.00227052
0.00300908 0.00224609

0.00302734 0.00223312
0.00312473 0.00214844

0.00244141 0.00261046
0.00238746 0.00263672

0.00234375 0.00265693
0.00238526 0.00263672

0.00244141 0.00261014
0.00253906 0.00255915

0.00273438 0.00244594
0.00257666 0.00253906

0.00253906 0.00255933
0.00257399 0.00253906

0.00283203 0.00237973
0.00273926 0.00244141

0.00273438 0.00244424
0.00273882 0.00244141

0.00283203 0.00237958
0.00288198 0.00234375

0.003125 1.45018e-05
0.00314941 1.55889e-05

0.00314941 1.49639e-05
0.00317383 1.57992e-05

0.00317383 1.52628e-05
0.00319824 1.62319e-05

0.00319824 1.57857e-05
0.00322266 1.6647e-05

0.00322266 1.60572e-05
0.00324707 1.69589e-05

0.00324707 1.64773e-05
0.00327148 1.75871e-05

0.00327148 1.71048e-05
0.0032959 1.79755e-05

0.0032959 1.71749e-05
0.00332031 1.85533e-05

0.00332031 1.79931e-05
0.00334473 1.98034e-05

0.00334473 1.90909e-05
0.00336914 2.02579e-05

0.00336914 1.43994e-05
0.00339072 2.44141e-05

0.00338903 2.44141e-05
0.00339355 2.6088e-05

0.00339355 2.73515e-05
0.00341797 4.78349e-05

0.00341797 4.82849e-05
0.00341853 4.88281e-05

0.00341797 4.8858e-05
0.00344225 7.32422e-05

0.00344224 7.32422e-05
0.00344238 7.33937e-05

0.00344238 7.35281e-05
0.00346472 9.76563e-05

0.00346518 9.76563e-05
0.0034668 9.94767e-05

0.0034668 0.000100152
0.00348587 0.00012207

0.00348565 0.00012207
0.00349121 0.000128754

0.00349121 0.000128457
0.00350598 0.000146484

0.00350623 0.000146484
0.00351563 0.000158811

0.00351563 0.000159202
0.00352447 0.000170898

0.00352465 0.000170898
0.00354004 0.000191951

0.00354004 0.000191581
0.00354271 0.000195313

0.00354294 0.000195313
0.00356445 0.00022761

0.00356445 0.00022859
0.00357462 0.000244141

0.00357512 0.000244141
0.00360394 0.000292969

0.00360468 0.000292969
0.00361328 0.000310281

0.00361328 0.000311667
0.00362901 0.000341797

0.00362921 0.000341797
0.00365184 0.000390625

0.0036525 0.000390625
0.00368999 0.000488281

0.0036898 0.000488281
0.00371094 0.000562797

0.00371094 0.000564367
0.00371706 0.000585938

0.00371719 0.000585937
0.0037361 0.000683594

0.00373573 0.000683594
0.00374698 0.00078125

0.00374896 0.00078125
0.0037497 0.000976562

0.0037494 0.000976562
0.00372158 0.00117188

0.00371094 0.00121024
0.00366601 0.00136719

0.00366616 0.00136719
0.0035812 0.0015625

0.00371094 0.00120523
0.00372048 0.00117187

0.00332031 0.00194944
0.00331723 0.00195312

0.00351563 0.00167659
0.00346723 0.00175781

0.00341797 0.00182114
0.00339305 0.00185547

0.00332031 0.00194537
0.00339298 0.00185547

0.00341797 0.0018204
0.00346352 0.00175781

0.00331767 0.00195312
0.0031283 0.00214844

0.00351563 0.00167183
0.00358076 0.0015625

