7.16099e-05 0
7.32422e-05 4.78269e-06

7.32422e-05 8.59606e-07
9.6058e-05 2.44141e-05

9.76563e-05 1.41352e-05
0.00012207 1.46595e-05

0.00012207 1.39482e-05
0.000146484 1.36693e-05

0.000146484 1.42453e-05
0.000170898 1.41215e-05

0.000170898 1.36191e-05
0.000195313 1.38095e-05

0.000195313 1.4014e-05
0.000219727 1.46436e-05

0.000219727 1.45067e-05
0.000244141 1.38944e-05

0.000244141 1.42181e-05
0.000268555 1.34934e-05

0.000268555 1.35461e-05
0.000292969 1.37555e-05

0.000292969 1.39897e-05
0.000317383 1.40371e-05

0.000317383 1.39847e-05
0.000341797 1.33886e-05

0.000341797 1.36494e-05
0.000366211 1.3483e-05

0.000366211 1.35737e-05
0.000390625 1.35525e-05

0.000390625 1.36606e-05
0.000415039 1.34404e-05

0.000415039 1.3521e-05
0.000439453 1.32801e-05

0.000439453 1.34512e-05
0.000463867 1.32965e-05

0.000463867 1.33839e-05
0.000488281 1.31916e-05

0.000488281 1.3319e-05
0.000512695 1.31493e-05

0.000512695 1.32414e-05
0.000537109 1.30889e-05

0.000537109 1.31915e-05
0.000561523 1.30574e-05

0.000561523 1.31732e-05
0.000585937 1.29649e-05

0.000585938 1.2986e-05
0.000610352 1.29658e-05

0.000610352 1.30858e-05
0.000634766 1.30235e-05

0.000634766 1.30591e-05
0.00065918 1.28042e-05

0.00065918 1.28647e-05
0.000683594 1.28841e-05

0.000683594 1.29104e-05
0.000708008 1.29803e-05

0.000708008 1.30214e-05
0.000732422 1.28261e-05

0.000732422 1.28945e-05
0.000756836 1.2721e-05

0.000756836 1.27132e-05
0.00078125 1.28911e-05

0.00078125 1.28127e-05
0.000805664 1.30523e-05

0.000805664 1.29969e-05
0.000830078 1.29453e-05

0.000830078 1.2936e-05
0.000854492 1.28561e-05

0.000854492 1.27944e-05
0.000878906 1.3035e-05

0.000878906 1.29334e-05
0.00090332 1.31989e-05

0.00090332 1.31464e-05
0.000927734 1.30609e-05

0.000927734 1.30041e-05
0.000952148 1.30062e-05

0.000952148 1.29368e-05
0.000976562 1.32734e-05

0.000976562 1.31624e-05
0.00100098 1.33301e-05

0.00100098 1.32165e-05
0.00102539 1.32356e-05

0.00102539 1.3145e-05
0.0010498 1.3375e-05

0.0010498 1.33116e-05
0.00107422 1.34742e-05

0.00107422 1.32549e-05
0.00109863 1.35024e-05

0.00109863 1.35162e-05
0.00112305 1.36328e-05

0.00112305 1.33908e-05
0.00114746 1.35383e-05

0.00114746 1.33855e-05
0.00117187 1.39817e-05

0.00117188 1.3814e-05
0.00119629 1.40063e-05

0.00119629 1.38784e-05
0.0012207 1.37794e-05

0.0012207 1.37748e-05
0.00124512 1.38957e-05

0.00124512 1.37163e-05
0.00126953 1.41244e-05

0.00126953 1.41563e-05
0.00129395 1.41362e-05

0.00129395 1.42625e-05
0.00131836 1.35473e-05

0.00131836 1.34254e-05
0.00134277 1.3782e-05

0.00134277 1.41151e-05
0.00136719 1.42329e-05

0.0013916 1.48502e-06
0.00136877 2.44141e-05

0.0013916 5.27447e-06
0.00139341 0

0.00146291 0
0.00146484 5.64504e-06

0.00146484 3.21999e-06
0.0014853 2.44141e-05

0.00148759 2.44141e-05
0.00148926 2.4991e-05

0.00148926 1.61814e-05
0.00151367 1.74795e-05

0.00151367 1.73282e-05
0.00153809 1.60908e-05

0.0015625 3.64164e-06
0.00154204 2.44141e-05

0.00153809 2.49605e-05
0.0015397 2.44141e-05

0 0.00312137
0.000390625 0.00311034

0.000390625 0.00311063
0.00078125 0.00307699

0.00078125 0.00307762
0.00117187 0.00301951

0.00117188 0.00302056
0.0015625 0.00293462

0.0015625 6.74995e-06
0.00156484 0

0.00165567 0
0.00166016 1.08348e-05

0.00166016 1.05468e-05
0.00167626 2.44141e-05

0.00167519 2.44141e-05
0.00168457 2.75454e-05

0.00168457 1.73463e-05
0.00170898 1.71961e-05

0.00168457 2.44662e-05
0.00170093 2.44141e-05

0.0017334 1.01103e-05
0.00171729 2.44141e-05

0.00170898 2.75486e-05
0.00171819 2.44141e-05

0.0017334 8.95202e-06
0.00173702 0

0.00179987 0
0.00180664 1.47338e-05

0.00180664 9.70387e-06
0.00183105 1.18494e-05

0.00183105 6.60435e-06
0.00185189 0

0.00185641 0
0.00187988 1.70103e-05

0.00187988 8.24378e-06
0.0019043 1.13988e-05

0.0019043 8.90377e-06
0.00192871 1.06937e-05

0.00192871 9.56585e-06
0.00195312 1.20427e-05

0.00195312 9.35549e-06
0.00197754 1.31265e-05

0.00197754 1.36808e-05
0.00200195 1.27145e-05

0.00200195 1.58961e-05
0.00202637 5.31298e-06

0.00202637 5.80683e-06
0.00205078 8.56806e-06

0.00205078 8.96466e-06
0.0020752 1.50326e-05

0.0020752 9.50416e-06
0.00209961 1.18031e-05

0.00209961 1.35231e-05
0.00212402 1.34104e-05

0.00212402 1.30735e-05
0.00214844 8.08563e-06

0.00214844 7.66123e-06
0.00217285 1.31396e-05

0.00217285 1.40527e-05
0.00219727 1.3891e-05

0.00219727 1.32284e-05
0.00222168 7.3576e-06

0.00222168 7.27014e-06
0.00224609 1.34709e-05

0.00224609 1.40857e-05
0.00227051 1.41452e-05

0.00227051 1.40402e-05
0.00229492 6.78061e-06

0.00229492 7.55651e-06
0.00231934 1.18275e-05

0.00231934 1.041e-05
0.00234375 1.53902e-05

0.00234375 1.5413e-05
0.00236816 1.05641e-05

0.00236816 1.25498e-05
0.00239258 6.82035e-06

0.00239258 6.82952e-06
0.00241699 1.25676e-05

0.00241699 1.05164e-05
0.00244141 1.54445e-05

0.00244141 1.54401e-05
0.00246582 1.05012e-05

0.00246582 1.25128e-05
0.00249023 6.89044e-06

0.00249023 6.89402e-06
0.00251465 1.25819e-05

0.00251465 1.05506e-05
0.00253906 1.53997e-05

0.00253906 1.53929e-05
0.00256348 1.05246e-05

0.00256348 1.24747e-05
0.00258789 7.01023e-06

0.00258789 7.0085e-06
0.0026123 1.26045e-05

0.0026123 1.06854e-05
0.00263672 1.52684e-05

0.00263672 1.52161e-05
0.00266113 1.04801e-05

0.00266113 1.1847e-05
0.00268555 7.83289e-06

0.00268555 7.02131e-06
0.00270996 1.39596e-05

0.00270996 1.40024e-05
0.00273438 1.41872e-05

0.00273437 1.39749e-05
0.00275879 7.25469e-06

0.00275879 8.0584e-06
0.0027832 1.18247e-05

0.0027832 1.06488e-05
0.00280762 1.50382e-05

0.00280762 1.50424e-05
0.00283203 1.06509e-05

0.00283203 1.1835e-05
0.00285645 8.03904e-06

0.00285645 7.3464e-06
0.00288086 1.38564e-05

0.00288086 1.39866e-05
0.00290527 1.39019e-05

0.00290527 1.30598e-05
0.00292969 8.02966e-06

0.00292969 8.50292e-06
0.0029541 1.30905e-05

0.0029541 1.33817e-05
0.00297852 1.3412e-05

0.00297852 1.1696e-05
0.00300293 9.93745e-06

0.00300293 1.01972e-05
0.00302734 1.43255e-05

0.00302734 1.26916e-05
0.00305176 1.44559e-05

0.00305176 1.30886e-05
0.00307617 1.39848e-05

0.00307617 1.36017e-05
0.00310059 1.48892e-05

0.00310059 1.4063e-05
0.003125 1.49989e-05

0.00175781 0.00287864
0.00157397 0.00292969

0.0015625 0.00293236
0.00157213 0.00292969

0.00175781 0.00287911
0.00195312 0.00281616

0.00234375 0.0026584
0.00216982 0.00273438

0.00195312 0.0028165
0.00214844 0.00274317

0.00214844 0.00274287
0.00216788 0.00273438

0.00292969 0.00231019
0.00288316 0.00234375

0.003125 0.00214753
0.003124 0.00214844

0.00302734 0.00223453
0.00301299 0.00224609

0.00297852 0.00227121
0.00294793 0.00229492

0.00292969 0.00230985
0.00294914 0.00229492

0.00297852 0.00227053
0.00300909 0.00224609

0.00302734 0.00223313
0.00312475 0.00214844

0.00244141 0.00261047
0.00238748 0.00263672

0.00234375 0.00265693
0.00238527 0.00263672

0.00244141 0.00261015
0.00253906 0.00255916

0.00273438 0.00244595
0.00257668 0.00253906

0.00253906 0.00255934
0.002574 0.00253906

0.00283203 0.00237974
0.00273928 0.00244141

0.00273438 0.00244425
0.00273884 0.00244141

0.00283203 0.00237958
0.002882 0.00234375

0.003125 1.45178e-05
0.00314941 1.5463e-05

0.00314941 1.49029e-05
0.00317383 1.57029e-05

0.00317383 1.52185e-05
0.00319824 1.61005e-05

0.00319824 1.55242e-05
0.00322266 1.65912e-05

0.00322266 1.59509e-05
0.00324707 1.72435e-05

0.00324707 1.65293e-05
0.00327148 1.79327e-05

0.00327148 1.71634e-05
0.0032959 1.86744e-05

0.0032959 1.87424e-05
0.00332031 1.86811e-05

0.00332031 1.69535e-05
0.00334473 1.87618e-05

0.00334473 2.00002e-05
0.00336914 2.104e-05

0.00336914 1.33674e-05
0.00339355 2.43627e-05

0.00339071 2.44141e-05
0.00339355 2.5527e-05

0.00339355 2.37384e-05
0.0033942 2.44141e-05

0.00339355 2.7884e-05
0.00341732 4.88281e-05

0.00341729 4.88281e-05
0.00341797 4.9474e-05

0.00341797 4.98309e-05
0.00344149 7.32422e-05

0.0034415 7.32422e-05
0.00344238 7.4158e-05

0.00344238 7.4325e-05
0.00346419 9.76563e-05

0.0034647 9.76563e-05
0.0034668 9.99986e-05

0.0034668 0.000100729
0.00348554 0.00012207

0.00348532 0.00012207
0.00349121 0.000129094

0.00349121 0.000128732
0.00350583 0.000146484

0.00350604 0.000146484
0.00351563 0.000159005

0.00351563 0.000159392
0.00354269 0.000195313

0.00354287 0.000195313
0.00356445 0.000227636

0.00356445 0.000228656
0.0035746 0.000244141

0.00357511 0.000244141
0.00360399 0.000292969

0.00360473 0.000292969
0.00361328 0.000310158

0.00361328 0.00031156
0.00362909 0.000341797

0.00362928 0.000341797
0.00365193 0.000390625

0.00365259 0.000390625
0.00369009 0.000488281

0.0036899 0.000488281
0.00371094 0.000562468

0.00371094 0.000564011
0.00371716 0.000585938

0.00371728 0.000585937
0.00373618 0.000683594

0.00373581 0.000683594
0.00374705 0.00078125

0.00374902 0.00078125
0.00374974 0.000976562

0.00374944 0.000976562
0.00372161 0.00117188

0.00371094 0.00121033
0.00366603 0.00136719

0.00366618 0.00136719
0.00358122 0.0015625

0.00371094 0.00120531
0.00372051 0.00117187

0.00332031 0.00194947
0.00331726 0.00195312

0.00351563 0.00167662
0.00346725 0.00175781

0.00341797 0.00182116
0.00339306 0.00185547

0.00332031 0.00194539
0.00339299 0.00185547

0.00341797 0.00182042
0.00346354 0.00175781

0.00331768 0.00195312
0.00312831 0.00214844

0.00351563 0.00167185
0.00358077 0.0015625

