7.12727e-05 0
7.32422e-05 5.71075e-06

7.32422e-05 4.41326e-07
9.62209e-05 2.44141e-05

9.68828e-05 2.44141e-05
9.76563e-05 2.4683e-05

9.76563e-05 1.39521e-05
0.00012207 1.49976e-05

0.00012207 1.4008e-05
0.000146484 1.38588e-05

0.000146484 1.44546e-05
0.000170898 1.4264e-05

0.000170898 1.39206e-05
0.000195313 1.36525e-05

0.000195313 1.40003e-05
0.000219727 1.43077e-05

0.000219727 1.41562e-05
0.000244141 1.38878e-05

0.000244141 1.40281e-05
0.000268555 1.38684e-05

0.000268555 1.40047e-05
0.000292969 1.37959e-05

0.000292969 1.39288e-05
0.000317383 1.36511e-05

0.000317383 1.3792e-05
0.000341797 1.35902e-05

0.000341797 1.37578e-05
0.000366211 1.35202e-05

0.000366211 1.36063e-05
0.000390625 1.34224e-05

0.000390625 1.35634e-05
0.000415039 1.34424e-05

0.000415039 1.34964e-05
0.000439453 1.3354e-05

0.000439453 1.34917e-05
0.000463867 1.33052e-05

0.000463867 1.34033e-05
0.000488281 1.31746e-05

0.000488281 1.33176e-05
0.000512695 1.31469e-05

0.000512695 1.32417e-05
0.000537109 1.30894e-05

0.000537109 1.31776e-05
0.000561523 1.30678e-05

0.000561523 1.31482e-05
0.000585937 1.30256e-05

0.000585938 1.31084e-05
0.000610352 1.29616e-05

0.000610352 1.30374e-05
0.000634766 1.29274e-05

0.000634766 1.3023e-05
0.00065918 1.28909e-05

0.00065918 1.28936e-05
0.000683594 1.28843e-05

0.000683594 1.29695e-05
0.000708008 1.29311e-05

0.000708008 1.29758e-05
0.000732422 1.27479e-05

0.000732422 1.2736e-05
0.000756836 1.28444e-05

0.000756836 1.28761e-05
0.00078125 1.29998e-05

0.00078125 1.28798e-05
0.000805664 1.28747e-05

0.000805664 1.29543e-05
0.000830078 1.29144e-05

0.000830078 1.27566e-05
0.000878906 1.31269e-05

0.000878906 1.29936e-05
0.00090332 1.30314e-05

0.00090332 1.30171e-05
0.000927734 1.31054e-05

0.000927734 1.30182e-05
0.000952148 1.31326e-05

0.000952148 1.30766e-05
0.000976562 1.32094e-05

0.000976562 1.31006e-05
0.00100098 1.32407e-05

0.00100098 1.31811e-05
0.00102539 1.33065e-05

0.00102539 1.31526e-05
0.0010498 1.33699e-05

0.0010498 1.33191e-05
0.00107422 1.3484e-05

0.00107422 1.32642e-05
0.00109863 1.3499e-05

0.00109863 1.34651e-05
0.00112305 1.36826e-05

0.00112305 1.34427e-05
0.00114746 1.36416e-05

0.00114746 1.36133e-05
0.00117187 1.38297e-05

0.00117188 1.35747e-05
0.00119629 1.38327e-05

0.00119629 1.37819e-05
0.0012207 1.40488e-05

0.0012207 1.38016e-05
0.00124512 1.40099e-05

0.00124512 1.42111e-05
0.00126953 1.39369e-05

0.00126953 1.35965e-05
0.00129395 1.37974e-05

0.00129395 1.4187e-05
0.00131836 1.42665e-05

0.00131836 1.37297e-05
0.00134277 1.37857e-05

0.00134277 1.45058e-05
0.00136719 1.40333e-05

0.0013916 9.36032e-07
0.00136869 2.44141e-05

0.0013916 5.06521e-06
0.00139334 0

0.00146291 0
0.00146484 5.65389e-06

0.00146484 3.43985e-06
0.00148528 2.44141e-05

0.00148634 2.44141e-05
0.00148926 2.54104e-05

0.00148926 1.6118e-05
0.00151367 1.72034e-05

0.00151271 2.44141e-05
0.00151367 2.44324e-05

0.00151367 1.70965e-05
0.00153809 1.61597e-05

0.0015625 3.81112e-06
0.00154209 2.44141e-05

0.00153809 2.53201e-05
0.00154078 2.44141e-05

0 0.00312136
0.000390625 0.00311034

0.000390625 0.00311063
0.00078125 0.00307698

0.00078125 0.00307761
0.00117187 0.0030195

0.00117188 0.00302056
0.0015625 0.00293462

0.0015625 6.72259e-06
0.00156482 0

0.0016557 0
0.00166016 1.07597e-05

0.00166016 1.05043e-05
0.00167623 2.44141e-05

0.00167513 2.44141e-05
0.00168457 2.75791e-05

0.00168457 1.74422e-05
0.00170898 1.72308e-05

0.00168457 2.44878e-05
0.00169943 2.44141e-05

0.0017334 1.0038e-05
0.00171723 2.44141e-05

0.00170898 2.74427e-05
0.00171785 2.44141e-05

0.0017334 9.09369e-06
0.00173708 0

0.00179988 0
0.00180664 1.47197e-05

0.00180664 9.70956e-06
0.00183105 1.18622e-05

0.00183105 6.60185e-06
0.00185187 0

0.00185639 0
0.00187988 1.70162e-05

0.00187988 8.2479e-06
0.0019043 1.139e-05

0.0019043 8.90293e-06
0.00192871 1.06959e-05

0.00192871 9.56648e-06
0.00195312 1.20407e-05

0.00195312 9.35467e-06
0.00197754 1.31255e-05

0.00197754 1.36781e-05
0.00200195 1.27151e-05

0.00200195 1.58963e-05
0.00202637 5.31539e-06

0.00202637 5.80726e-06
0.00205078 8.56766e-06

0.00205078 8.96199e-06
0.0020752 1.50372e-05

0.0020752 9.50686e-06
0.00209961 1.18099e-05

0.00209961 1.35237e-05
0.00212402 1.34177e-05

0.00212402 1.31632e-05
0.00214844 8.01412e-06

0.00214844 7.5706e-06
0.00217285 1.30496e-05

0.00217285 1.39221e-05
0.00219727 1.40143e-05

0.00219727 1.32128e-05
0.00222168 7.52975e-06

0.00222168 7.44891e-06
0.00224609 1.34771e-05

0.00224609 1.42196e-05
0.00227051 1.39973e-05

0.00227051 1.39462e-05
0.00229492 6.68257e-06

0.00229492 7.47714e-06
0.00231934 1.19256e-05

0.00231934 1.042e-05
0.00234375 1.53859e-05

0.00234375 1.5415e-05
0.00236816 1.05641e-05

0.00236816 1.25506e-05
0.00239258 6.82174e-06

0.00239258 6.83144e-06
0.00241699 1.25677e-05

0.00241699 1.05177e-05
0.00244141 1.54439e-05

0.00244141 1.54393e-05
0.00246582 1.05017e-05

0.00246582 1.25122e-05
0.00249023 6.89324e-06

0.00249023 6.89684e-06
0.00251465 1.25821e-05

0.00251465 1.0552e-05
0.00253906 1.53981e-05

0.00253906 1.53911e-05
0.00256348 1.05254e-05

0.00256348 1.24759e-05
0.00258789 7.01212e-06

0.00258789 7.00815e-06
0.0026123 1.26044e-05

0.0026123 1.06855e-05
0.00263672 1.5272e-05

0.00263672 1.52196e-05
0.00266113 1.04815e-05

0.00266113 1.18484e-05
0.00268555 7.83162e-06

0.00268555 7.02247e-06
0.00270996 1.39599e-05

0.00270996 1.40025e-05
0.00273438 1.41863e-05

0.00273437 1.39771e-05
0.00275879 7.25264e-06

0.00275879 8.05526e-06
0.0027832 1.18223e-05

0.0027832 1.06468e-05
0.00280762 1.50407e-05

0.00280762 1.50435e-05
0.00283203 1.065e-05

0.00283203 1.18415e-05
0.00285645 8.03054e-06

0.00285645 7.33277e-06
0.00288086 1.38535e-05

0.00288086 1.39678e-05
0.00290527 1.39295e-05

0.00290527 1.31467e-05
0.00292969 7.98829e-06

0.00292969 8.43346e-06
0.0029541 1.30117e-05

0.0029541 1.32999e-05
0.00297852 1.35132e-05

0.00297852 1.17682e-05
0.00300293 9.95877e-06

0.00300293 1.01606e-05
0.00302734 1.4312e-05

0.00302734 1.27152e-05
0.00305176 1.45636e-05

0.00305176 1.31859e-05
0.00307617 1.39664e-05

0.00307617 1.36654e-05
0.00310059 1.47861e-05

0.00310059 1.40087e-05
0.003125 1.48717e-05

0.00175781 0.00287864
0.00157397 0.00292969

0.0015625 0.00293236
0.00157213 0.00292969

0.00175781 0.00287911
0.00195312 0.00281617

0.00234375 0.0026584
0.00216983 0.00273438

0.00195312 0.00281651
0.00214844 0.00274317

0.00214844 0.00274287
0.00216788 0.00273438

0.00292969 0.0023102
0.00288317 0.00234375

0.003125 0.00214753
0.003124 0.00214844

0.00302734 0.00223454
0.00301299 0.00224609

0.00297852 0.00227121
0.00294794 0.00229492

0.00292969 0.00230985
0.00294914 0.00229492

0.00297852 0.00227053
0.00300909 0.00224609

0.00302734 0.00223313
0.00312475 0.00214844

0.00244141 0.00261047
0.00238748 0.00263672

0.00234375 0.00265693
0.00238528 0.00263672

0.00244141 0.00261015
0.00253906 0.00255916

0.00273438 0.00244595
0.00257668 0.00253906

0.00253906 0.00255934
0.002574 0.00253906

0.00283203 0.00237974
0.00273928 0.00244141

0.00273438 0.00244426
0.00273885 0.00244141

0.00283203 0.00237959
0.002882 0.00234375

0.003125 1.4375e-05
0.00314941 1.54437e-05

0.00314941 1.47913e-05
0.00317383 1.58274e-05

0.00317383 1.51641e-05
0.00319824 1.6389e-05

0.00319824 1.62255e-05
0.00322266 1.65082e-05

0.00322266 1.57238e-05
0.00324707 1.63275e-05

0.00324707 1.53979e-05
0.00327148 1.84125e-05

0.00327148 1.80027e-05
0.0032959 1.97031e-05

0.0032959 1.8883e-05
0.00332031 1.8327e-05

0.00332031 1.79198e-05
0.00334473 1.8674e-05

0.00334473 1.91108e-05
0.00336914 1.96077e-05

0.00336914 1.2689e-05
0.00339275 2.44141e-05

0.00339014 2.44141e-05
0.00339355 2.58168e-05

0.00339355 2.41798e-05
0.00339378 2.44141e-05

0.00339355 2.77871e-05
0.00341739 4.88281e-05

0.00341751 4.88281e-05
0.00341797 4.92686e-05

0.00341797 4.97936e-05
0.0034415 7.32422e-05

0.00344154 7.32422e-05
0.00344238 7.41208e-05

0.00344238 7.42812e-05
0.0034642 9.76563e-05

0.0034647 9.76563e-05
0.0034668 0.00010001

0.0034668 0.000100465
0.00350602 0.000146484

0.00350596 0.000146484
0.00351563 0.000159116

0.00351563 0.000159493
0.0035426 0.000195313

0.00354279 0.000195313
0.00356445 0.000227763

0.00356445 0.000228799
0.0035745 0.000244141

0.00357503 0.000244141
0.0036039 0.000292969

0.00360465 0.000292969
0.00361328 0.000310328

0.00361328 0.000311723
0.00362901 0.000341797

0.0036292 0.000341797
0.00365187 0.000390625

0.00365253 0.000390625
0.00369006 0.000488281

0.00368986 0.000488281
0.00371094 0.000562526

0.00371094 0.000564101
0.00371714 0.000585938

0.00371727 0.000585937
0.00373618 0.000683594

0.00373582 0.000683594
0.00374706 0.00078125

0.00374904 0.00078125
0.00374977 0.000976562

0.00374946 0.000976562
0.00372163 0.00117188

0.00371094 0.00121041
0.00366605 0.00136719

0.00366619 0.00136719
0.00358123 0.0015625

0.00371094 0.00120537
0.00372053 0.00117187

0.00332031 0.00194949
0.00331727 0.00195312

0.00351563 0.00167664
0.00346726 0.00175781

0.00341797 0.00182117
0.00339307 0.00185547

0.00332031 0.00194539
0.003393 0.00185547

0.00341797 0.00182043
0.00346355 0.00175781

0.00331768 0.00195312
0.00312831 0.00214844

0.00351563 0.00167186
0.00358078 0.0015625

