7.14623e-05 0
7.32422e-05 5.20477e-06

7.32422e-05 1.54295e-06
9.62098e-05 2.44141e-05

9.59821e-05 2.44141e-05
9.76563e-05 2.49693e-05

9.76563e-05 1.3744e-05
0.00012207 1.41135e-05

0.000119548 2.44141e-05
0.00012207 2.44279e-05

0.00012207 1.37891e-05
0.000146484 1.4095e-05

0.000146484 1.41427e-05
0.000170898 1.41829e-05

0.000170898 1.41416e-05
0.000195313 1.38043e-05

0.000195313 1.37027e-05
0.000219727 1.41069e-05

0.000219727 1.42321e-05
0.000244141 1.43327e-05

0.000244141 1.43516e-05
0.000268555 1.36131e-05

0.000268555 1.37945e-05
0.000292969 1.36416e-05

0.000292969 1.38746e-05
0.000317383 1.38593e-05

0.000317383 1.38208e-05
0.000341797 1.35923e-05

0.000341797 1.38127e-05
0.000366211 1.35781e-05

0.000366211 1.36572e-05
0.000390625 1.3406e-05

0.000390625 1.35813e-05
0.000415039 1.34371e-05

0.000415039 1.35308e-05
0.000439453 1.33197e-05

0.000439453 1.34444e-05
0.000463867 1.32645e-05

0.000463867 1.33759e-05
0.000488281 1.32122e-05

0.000488281 1.33272e-05
0.000512695 1.31439e-05

0.000512695 1.32492e-05
0.000537109 1.30738e-05

0.000537109 1.31546e-05
0.000561523 1.30644e-05

0.000561523 1.31612e-05
0.000585937 1.30326e-05

0.000585938 1.30871e-05
0.000610352 1.2948e-05

0.000610352 1.30289e-05
0.000634766 1.29669e-05

0.000634766 1.30254e-05
0.00065918 1.29218e-05

0.00065918 1.29445e-05
0.000683594 1.29046e-05

0.000683594 1.29864e-05
0.000708008 1.29043e-05

0.000708008 1.29793e-05
0.000732422 1.27538e-05

0.000732422 1.27287e-05
0.000756836 1.28453e-05

0.000756836 1.28653e-05
0.00078125 1.30314e-05

0.00078125 1.29222e-05
0.000805664 1.28857e-05

0.000805664 1.29356e-05
0.000830078 1.29095e-05

0.000830078 1.28053e-05
0.000878906 1.31263e-05

0.000878906 1.30364e-05
0.00090332 1.30128e-05

0.00090332 1.30152e-05
0.000927734 1.30433e-05

0.000927734 1.29112e-05
0.000952148 1.31781e-05

0.000952148 1.31545e-05
0.000976562 1.32856e-05

0.000976562 1.30747e-05
0.00100098 1.3203e-05

0.00100098 1.32401e-05
0.00102539 1.3385e-05

0.00102539 1.31422e-05
0.0010498 1.33451e-05

0.0010498 1.33965e-05
0.00107422 1.35236e-05

0.00107422 1.32882e-05
0.00109863 1.33848e-05

0.00109863 1.32872e-05
0.00112305 1.37745e-05

0.00112305 1.3597e-05
0.00114746 1.37959e-05

0.00114746 1.37415e-05
0.00117187 1.36167e-05

0.00117188 1.34741e-05
0.00119629 1.37326e-05

0.00119629 1.35053e-05
0.0012207 1.42394e-05

0.0012207 1.40737e-05
0.00124512 1.42457e-05

0.00124512 1.42987e-05
0.00126953 1.37098e-05

0.00126953 1.3632e-05
0.00129395 1.37887e-05

0.00129395 1.40911e-05
0.00131836 1.41551e-05

0.00131836 1.3801e-05
0.00134277 1.3717e-05

0.00134277 1.40946e-05
0.00136719 1.40238e-05

0.0013916 1.57218e-06
0.00136871 2.44141e-05

0.0013916 5.32946e-06
0.00139343 0

0.00146315 0
0.00146484 5.01694e-06

0.00146484 3.605e-06
0.00148515 2.44141e-05

0.00148531 2.44141e-05
0.00148926 2.57563e-05

0.00148926 1.62285e-05
0.00151367 1.69391e-05

0.00150732 2.44141e-05
0.00151367 2.4487e-05

0.00151367 1.67534e-05
0.00153809 1.61039e-05

0.00151367 2.44266e-05
0.00151483 2.44141e-05

0.0015625 4.13755e-06
0.00154219 2.44141e-05

0.00153809 2.55571e-05
0.00154153 2.44141e-05

0 0.00312134
0.000390625 0.00311032

0.000390625 0.00311061
0.00078125 0.00307697

0.00078125 0.0030776
0.00117187 0.00301949

0.00117188 0.00302054
0.0015625 0.00293461

0.0015625 6.35426e-06
0.00156468 0

0.00165573 0
0.00166016 1.07028e-05

0.00166016 1.05712e-05
0.0016762 2.44141e-05

0.00167503 2.44141e-05
0.00168457 2.76028e-05

0.00168457 1.73851e-05
0.00170898 1.71631e-05

0.00168457 2.4486e-05
0.00169823 2.44141e-05

0.0017334 1.01072e-05
0.00171724 2.44141e-05

0.00170898 2.74421e-05
0.00171789 2.44141e-05

0.0017334 9.14946e-06
0.00173711 0

0.00179988 0
0.00180664 1.47161e-05

0.00180664 9.68657e-06
0.00183105 1.18679e-05

0.00183105 6.60181e-06
0.00185194 0

0.00185639 0
0.00187988 1.70124e-05

0.00187988 8.2602e-06
0.0019043 1.14012e-05

0.0019043 8.90995e-06
0.00192871 1.06877e-05

0.00192871 9.56933e-06
0.00195312 1.20453e-05

0.00195312 9.35748e-06
0.00197754 1.3124e-05

0.00197754 1.36796e-05
0.00200195 1.27162e-05

0.00200195 1.58968e-05
0.00202637 5.31562e-06

0.00202637 5.82154e-06
0.00205078 8.55502e-06

0.00205078 8.91103e-06
0.0020752 1.50608e-05

0.0020752 9.5459e-06
0.00209961 1.18607e-05

0.00209961 1.35899e-05
0.00212402 1.33439e-05

0.00212402 1.30294e-05
0.00214844 8.05352e-06

0.00214844 7.64295e-06
0.00217285 1.31817e-05

0.00217285 1.40542e-05
0.00219727 1.38855e-05

0.00219727 1.32179e-05
0.00222168 7.38262e-06

0.00222168 7.2985e-06
0.00224609 1.34774e-05

0.00224609 1.41067e-05
0.00227051 1.41184e-05

0.00227051 1.40219e-05
0.00229492 6.76974e-06

0.00229492 7.54884e-06
0.00231934 1.18439e-05

0.00231934 1.04128e-05
0.00234375 1.53855e-05

0.00234375 1.54107e-05
0.00236816 1.05654e-05

0.00236816 1.25474e-05
0.00239258 6.8257e-06

0.00239258 6.8345e-06
0.00241699 1.25697e-05

0.00241699 1.05198e-05
0.00244141 1.5442e-05

0.00244141 1.54372e-05
0.00246582 1.05038e-05

0.00246582 1.25119e-05
0.00249023 6.899e-06

0.00249023 6.9022e-06
0.00251465 1.25825e-05

0.00251465 1.05552e-05
0.00253906 1.5396e-05

0.00253906 1.53883e-05
0.00256348 1.05275e-05

0.00256348 1.24693e-05
0.00258789 7.0259e-06

0.00258789 7.0233e-06
0.0026123 1.26096e-05

0.0026123 1.06953e-05
0.00263672 1.52614e-05

0.00263672 1.52079e-05
0.00266113 1.04873e-05

0.00266113 1.18536e-05
0.00268555 7.84815e-06

0.00268555 7.03451e-06
0.00270996 1.39528e-05

0.00270996 1.40086e-05
0.00273438 1.41818e-05

0.00273437 1.39856e-05
0.00275879 7.23476e-06

0.00275879 8.03469e-06
0.0027832 1.18158e-05

0.0027832 1.06365e-05
0.00280762 1.50553e-05

0.00280762 1.50514e-05
0.00283203 1.06472e-05

0.00283203 1.19116e-05
0.00285645 7.95042e-06

0.00285645 7.24085e-06
0.00288086 1.37824e-05

0.00288086 1.38444e-05
0.00290527 1.40371e-05

0.00290527 1.31459e-05
0.00292969 8.13548e-06

0.00292969 8.58232e-06
0.0029541 1.30036e-05

0.0029541 1.33938e-05
0.00297852 1.33954e-05

0.00297852 1.16769e-05
0.00300293 9.91122e-06

0.00300293 1.01612e-05
0.00302734 1.43504e-05

0.00302734 1.27076e-05
0.00305176 1.44739e-05

0.00305176 1.31057e-05
0.00307617 1.39609e-05

0.00307617 1.359e-05
0.00310059 1.48733e-05

0.00310059 1.40247e-05
0.003125 1.50227e-05

0.00175781 0.00287863
0.00157393 0.00292969

0.0015625 0.00293235
0.0015721 0.00292969

0.00175781 0.0028791
0.00195312 0.00281616

0.00234375 0.00265841
0.00216983 0.00273438

0.00195312 0.0028165
0.00214844 0.00274317

0.00214844 0.00274286
0.00216787 0.00273438

0.00292969 0.0023102
0.00288317 0.00234375

0.003125 0.00214753
0.00312401 0.00214844

0.00302734 0.00223455
0.00301301 0.00224609

0.00297852 0.00227121
0.00294794 0.00229492

0.00292969 0.00230985
0.00294915 0.00229492

0.00297852 0.00227053
0.00300909 0.00224609

0.00302734 0.00223314
0.00312475 0.00214844

0.00244141 0.00261047
0.00238749 0.00263672

0.00234375 0.00265693
0.00238527 0.00263672

0.00244141 0.00261015
0.00253906 0.00255916

0.00273438 0.00244596
0.00257669 0.00253906

0.00253906 0.00255933
0.00257399 0.00253906

0.00283203 0.00237974
0.00273929 0.00244141

0.00273438 0.00244426
0.00273886 0.00244141

0.00283203 0.00237959
0.002882 0.00234375

0.003125 1.45165e-05
0.00314941 1.55357e-05

0.00314941 1.49315e-05
0.00317383 1.57838e-05

0.00317383 1.52333e-05
0.00319824 1.62499e-05

0.00319824 1.57501e-05
0.00322266 1.67162e-05

0.00322266 1.60715e-05
0.00324707 1.71211e-05

0.00324707 1.66708e-05
0.00327148 1.77047e-05

0.00327148 1.69544e-05
0.0032959 1.81732e-05

0.0032959 1.79144e-05
0.00332031 1.88136e-05

0.00332031 1.78787e-05
0.00334473 1.90352e-05

0.00334473 1.91974e-05
0.00336914 1.98437e-05

0.00336914 1.3293e-05
0.00339251 2.44141e-05

0.00339191 2.44141e-05
0.00339355 2.50516e-05

0.00339355 2.72322e-05
0.00341797 4.85044e-05

0.00341762 4.88281e-05
0.00341797 4.9167e-05

0.00341797 4.85341e-05
0.00341827 4.88281e-05

0.00341797 4.93714e-05
0.00344166 7.32422e-05

0.00344174 7.32422e-05
0.00344238 7.39161e-05

0.00344238 7.40775e-05
0.00346434 9.76563e-05

0.00346491 9.76563e-05
0.0034668 9.97692e-05

0.0034668 0.000100249
0.00350616 0.000146484

0.00350611 0.000146484
0.00351563 0.000158927

0.00351563 0.0001593
0.00354272 0.000195313

0.00354291 0.000195313
0.00356445 0.000227622

0.00356445 0.000228713
0.00357455 0.000244141

0.0035751 0.000244141
0.00360395 0.000292969

0.00360469 0.000292969
0.00361328 0.00031026

0.00361328 0.000311657
0.00362903 0.000341797

0.00362923 0.000341797
0.00365187 0.000390625

0.00365253 0.000390625
0.00369004 0.000488281

0.00368985 0.000488281
0.00371094 0.000562623

0.00371094 0.000564198
0.00371711 0.000585938

0.00371724 0.000585937
0.00373615 0.000683594

0.00373578 0.000683594
0.00374703 0.00078125

0.00374901 0.00078125
0.00374975 0.000976562

0.00374944 0.000976562
0.00372162 0.00117188

0.00371094 0.00121038
0.00366605 0.00136719

0.00366619 0.00136719
0.00358123 0.0015625

0.00371094 0.0012053
0.00372051 0.00117187

0.00332031 0.00194955
0.00331732 0.00195312

0.00351563 0.00167666
0.00346727 0.00175781

0.00341797 0.00182117
0.00339307 0.00185547

0.00332031 0.00194539
0.00339299 0.00185547

0.00341797 0.00182042
0.00346354 0.00175781

0.00331768 0.00195312
0.00312831 0.00214844

0.00351563 0.00167184
0.00358077 0.0015625

