7.1526e-05 0
7.32422e-05 5.01481e-06

7.32422e-05 5.64538e-07
9.61465e-05 2.44141e-05

9.75685e-05 2.44141e-05
9.76563e-05 2.44445e-05

9.76563e-05 1.41167e-05
0.00012207 1.4736e-05

0.00012207 1.37006e-05
0.000146484 1.3696e-05

0.000146484 1.40571e-05
0.000170898 1.47886e-05

0.000170898 1.44538e-05
0.000195313 1.40777e-05

0.000195313 1.44513e-05
0.000219727 1.3808e-05

0.000219727 1.3797e-05
0.000244141 1.37456e-05

0.000244141 1.39982e-05
0.000268555 1.41828e-05

0.000268555 1.41003e-05
0.000292969 1.37237e-05

0.000292969 1.39264e-05
0.000317383 1.36816e-05

0.000317383 1.38046e-05
0.000341797 1.365e-05

0.000341797 1.38051e-05
0.000366211 1.3571e-05

0.000366211 1.3686e-05
0.000390625 1.34192e-05

0.000390625 1.3564e-05
0.000415039 1.34167e-05

0.000415039 1.3538e-05
0.000439453 1.335e-05

0.000439453 1.34454e-05
0.000463867 1.32596e-05

0.000463867 1.33865e-05
0.000488281 1.32304e-05

0.000488281 1.33336e-05
0.000512695 1.31445e-05

0.000512695 1.32423e-05
0.000537109 1.31011e-05

0.000537109 1.31981e-05
0.000561523 1.30767e-05

0.000561523 1.31278e-05
0.000585937 1.30414e-05

0.000585938 1.31346e-05
0.000610352 1.30167e-05

0.000610352 1.30769e-05
0.000634766 1.29242e-05

0.000634766 1.29745e-05
0.00065918 1.29597e-05

0.00065918 1.30097e-05
0.000683594 1.29703e-05

0.000683594 1.30339e-05
0.000708008 1.28445e-05

0.000708008 1.29545e-05
0.000732422 1.27581e-05

0.000732422 1.27148e-05
0.000756836 1.28876e-05

0.000756836 1.29237e-05
0.00078125 1.30316e-05

0.00078125 1.28873e-05
0.000805664 1.2867e-05

0.000805664 1.29778e-05
0.000830078 1.29488e-05

0.000830078 1.2759e-05
0.000878906 1.31499e-05

0.000878906 1.29411e-05
0.00090332 1.30435e-05

0.00090332 1.31079e-05
0.000927734 1.31423e-05

0.000927734 1.29929e-05
0.000952148 1.30407e-05

0.000952148 1.29974e-05
0.000976562 1.3321e-05

0.000976562 1.31681e-05
0.00100098 1.33301e-05

0.00100098 1.33127e-05
0.00102539 1.32399e-05

0.00102539 1.31135e-05
0.0010498 1.32793e-05

0.0010498 1.31672e-05
0.00107422 1.36257e-05

0.00107422 1.34171e-05
0.00109863 1.36457e-05

0.00109863 1.3602e-05
0.00112305 1.35283e-05

0.00112305 1.33969e-05
0.00114746 1.35569e-05

0.00114746 1.33532e-05
0.00117187 1.40138e-05

0.00117188 1.38319e-05
0.00119629 1.41108e-05

0.00119629 1.39519e-05
0.0012207 1.3838e-05

0.0012207 1.3853e-05
0.00124512 1.39167e-05

0.00124512 1.37034e-05
0.00126953 1.41831e-05

0.00126953 1.43205e-05
0.00129395 1.4183e-05

0.00129395 1.41372e-05
0.00131836 1.35379e-05

0.00131836 1.36959e-05
0.00134277 1.38958e-05

0.00134277 1.39049e-05
0.00136719 1.40727e-05

0.0013916 1.97634e-06
0.00136877 2.44141e-05

0.0013916 5.50242e-06
0.00139349 0

0.00146298 0
0.00146484 5.47983e-06

0.00146484 3.89587e-06
0.00148519 2.44141e-05

0.00148602 2.44141e-05
0.00148926 2.55006e-05

0.00148926 1.61318e-05
0.00151367 1.66848e-05

0.00151166 2.44141e-05
0.00151367 2.44324e-05

0.00151367 1.65233e-05
0.00153809 1.62301e-05

0.00151367 2.44382e-05
0.00151988 2.44141e-05

0.0015625 4.34276e-06
0.0015423 2.44141e-05

0.00153809 2.57284e-05
0.00154207 2.44141e-05

0 0.00312133
0.000390625 0.00311031

0.000390625 0.0031106
0.00078125 0.00307695

0.00078125 0.00307759
0.00117187 0.00301948

0.00117188 0.00302054
0.0015625 0.00293461

0.0015625 6.13518e-06
0.00156459 0

0.00165569 0
0.00166016 1.07885e-05

0.00166016 1.05773e-05
0.00167624 2.44141e-05

0.00167513 2.44141e-05
0.00168457 2.75607e-05

0.00168457 1.73259e-05
0.00170898 1.71544e-05

0.00168457 2.44715e-05
0.00169962 2.44141e-05

0.0017334 1.01362e-05
0.00171727 2.44141e-05

0.00170898 2.75118e-05
0.00171811 2.44141e-05

0.0017334 9.02436e-06
0.00173706 0

0.00179989 0
0.00180664 1.47028e-05

0.00180664 9.67235e-06
0.00183105 1.1882e-05

0.00183105 6.59594e-06
0.001852 0

0.00185638 0
0.00187988 1.70167e-05

0.00187988 8.27792e-06
0.0019043 1.14023e-05

0.0019043 8.91699e-06
0.00192871 1.06807e-05

0.00192871 9.57068e-06
0.00195312 1.20479e-05

0.00195312 9.35998e-06
0.00197754 1.31234e-05

0.00197754 1.36801e-05
0.00200195 1.27163e-05

0.00200195 1.5889e-05
0.00202637 5.3247e-06

0.00202637 5.80094e-06
0.00205078 8.59242e-06

0.00205078 9.03487e-06
0.0020752 1.50005e-05

0.0020752 9.46395e-06
0.00209961 1.17446e-05

0.00209961 1.34607e-05
0.00212402 1.34829e-05

0.00212402 1.31532e-05
0.00214844 8.08461e-06

0.00214844 7.65115e-06
0.00217285 1.30555e-05

0.00217285 1.39569e-05
0.00219727 1.3964e-05

0.00219727 1.31918e-05
0.00222168 7.5243e-06

0.00222168 7.44649e-06
0.00224609 1.34879e-05

0.00224609 1.42113e-05
0.00227051 1.39937e-05

0.00227051 1.39472e-05
0.00229492 6.69611e-06

0.00229492 7.48606e-06
0.00231934 1.1918e-05

0.00231934 1.04194e-05
0.00234375 1.53827e-05

0.00234375 1.54126e-05
0.00236816 1.05637e-05

0.00236816 1.25432e-05
0.00239258 6.82876e-06

0.00239258 6.83886e-06
0.00241699 1.25733e-05

0.00241699 1.0524e-05
0.00244141 1.5437e-05

0.00244141 1.54323e-05
0.00246582 1.05046e-05

0.00246582 1.25084e-05
0.00249023 6.90957e-06

0.00249023 6.91339e-06
0.00251465 1.25818e-05

0.00251465 1.05572e-05
0.00253906 1.53893e-05

0.00253906 1.53842e-05
0.00256348 1.05305e-05

0.00256348 1.24798e-05
0.00258789 7.02031e-06

0.00258789 7.01809e-06
0.0026123 1.25958e-05

0.0026123 1.06858e-05
0.00263672 1.52628e-05

0.00263672 1.52104e-05
0.00266113 1.04777e-05

0.00266113 1.18388e-05
0.00268555 7.84172e-06

0.00268555 7.02766e-06
0.00270996 1.39649e-05

0.00270996 1.40126e-05
0.00273438 1.41788e-05

0.00273437 1.3972e-05
0.00275879 7.24443e-06

0.00275879 8.04679e-06
0.0027832 1.18316e-05

0.0027832 1.06473e-05
0.00280762 1.50477e-05

0.00280762 1.50469e-05
0.00283203 1.06577e-05

0.00283203 1.19409e-05
0.00285645 7.94194e-06

0.00285645 7.21949e-06
0.00288086 1.37647e-05

0.00288086 1.38459e-05
0.00290527 1.40579e-05

0.00290527 1.31743e-05
0.00292969 8.09371e-06

0.00292969 8.53638e-06
0.0029541 1.29881e-05

0.0029541 1.34113e-05
0.00297852 1.33952e-05

0.00297852 1.15732e-05
0.00300293 9.93001e-06

0.00300293 1.01373e-05
0.00302734 1.45492e-05

0.00302734 1.28193e-05
0.00305176 1.46051e-05

0.00305176 1.32793e-05
0.00307617 1.40118e-05

0.00307617 1.37505e-05
0.00310059 1.47794e-05

0.00310059 1.40618e-05
0.003125 1.482e-05

0.00175781 0.00287863
0.00157392 0.00292969

0.0015625 0.00293235
0.00157209 0.00292969

0.00175781 0.0028791
0.00195312 0.00281617

0.00234375 0.00265842
0.00216984 0.00273438

0.00195312 0.00281651
0.00214844 0.00274318

0.00214844 0.00274286
0.00216787 0.00273438

0.00292969 0.00231023
0.00288321 0.00234375

0.003125 0.00214755
0.00312402 0.00214844

0.00302734 0.00223459
0.00301306 0.00224609

0.00297852 0.00227123
0.00294797 0.00229492

0.00292969 0.00230988
0.00294918 0.00229492

0.00297852 0.00227055
0.00300911 0.00224609

0.00302734 0.00223316
0.00312478 0.00214844

0.00244141 0.00261049
0.00238752 0.00263672

0.00234375 0.00265694
0.00238529 0.00263672

0.00244141 0.00261016
0.00253906 0.00255918

0.00273438 0.00244598
0.00257672 0.00253906

0.00253906 0.00255933
0.002574 0.00253906

0.00283203 0.00237976
0.00273932 0.00244141

0.00273438 0.00244429
0.00273889 0.00244141

0.00283203 0.00237961
0.00288203 0.00234375

0.003125 1.43797e-05
0.00314941 1.53512e-05

0.00314941 1.47517e-05
0.00317383 1.57059e-05

0.00317383 1.51544e-05
0.00319824 1.61655e-05

0.00319824 1.55218e-05
0.00322266 1.66655e-05

0.00322266 1.5976e-05
0.00324707 1.73587e-05

0.00324707 1.66538e-05
0.00327148 1.8055e-05

0.00327148 1.73927e-05
0.0032959 1.85962e-05

0.0032959 1.78791e-05
0.00332031 1.91918e-05

0.00332031 1.83299e-05
0.00334473 2.02843e-05

0.00334473 1.9877e-05
0.00336914 2.11027e-05

0.00336914 1.51953e-05
0.00339011 2.44141e-05

0.00338898 2.44141e-05
0.00339355 2.6074e-05

0.00339355 2.78002e-05
0.00341797 4.82655e-05

0.00341753 4.88281e-05
0.00341797 4.92449e-05

0.00341797 4.86042e-05
0.0034182 4.88281e-05

0.00341797 4.93718e-05
0.0034419 7.32422e-05

0.00344196 7.32422e-05
0.00344238 7.36806e-05

0.00344238 7.37726e-05
0.0034647 9.76563e-05

0.00346513 9.76563e-05
0.0034668 9.95173e-05

0.0034668 0.000100177
0.00348591 0.00012207

0.00348567 0.00012207
0.00349121 0.000128722

0.00349121 0.000128427
0.00350602 0.000146484

0.00350629 0.000146484
0.00351563 0.000158724

0.00351563 0.000159152
0.00354278 0.000195313

0.003543 0.000195313
0.00356445 0.000227516

0.00356445 0.000228661
0.00357458 0.000244141

0.00357515 0.000244141
0.00360398 0.000292969

0.00360472 0.000292969
0.00361328 0.000310202

0.00361328 0.000311586
0.00362906 0.000341797

0.00362925 0.000341797
0.0036519 0.000390625

0.00365256 0.000390625
0.00369007 0.000488281

0.00368988 0.000488281
0.00371094 0.000562464

0.00371094 0.000564051
0.00371715 0.000585938

0.00371729 0.000585937
0.0037362 0.000683594

0.00373583 0.000683594
0.00374708 0.00078125

0.00374906 0.00078125
0.0037498 0.000976562

0.0037495 0.000976562
0.00372167 0.00117188

0.00371094 0.00121055
0.00366609 0.00136719

0.00366623 0.00136719
0.00358127 0.0015625

0.00371094 0.00120541
0.00372054 0.00117187

0.00332031 0.00194965
0.00331741 0.00195312

0.00351563 0.00167675
0.00346732 0.00175781

0.00341797 0.00182122
0.0033931 0.00185547

0.00332031 0.00194543
0.00339302 0.00185547

0.00341797 0.00182046
0.00346358 0.00175781

0.00331771 0.00195312
0.00312834 0.00214844

0.00351563 0.00167188
0.00358079 0.0015625

