7.161e-05 0
7.32422e-05 4.77899e-06

7.32422e-05 1.44017e-08
9.61187e-05 2.44141e-05

9.76563e-05 1.40567e-05
0.00012207 1.52629e-05

0.00012207 1.42219e-05
0.000146484 1.35946e-05

0.000146484 1.4182e-05
0.000170898 1.41671e-05

0.000170898 1.37288e-05
0.000195313 1.40649e-05

0.000195313 1.44711e-05
0.000219727 1.43958e-05

0.000219727 1.41616e-05
0.000244141 1.35157e-05

0.000244141 1.38376e-05
0.000268555 1.40407e-05

0.000268555 1.40926e-05
0.000292969 1.38935e-05

0.000292969 1.39496e-05
0.000317383 1.36257e-05

0.000317383 1.38351e-05
0.000341797 1.36618e-05

0.000341797 1.37726e-05
0.000366211 1.35428e-05

0.000366211 1.36584e-05
0.000390625 1.34957e-05

0.000390625 1.36357e-05
0.000415039 1.34381e-05

0.000415039 1.35377e-05
0.000439453 1.33246e-05

0.000439453 1.34779e-05
0.000463867 1.32831e-05

0.000463867 1.33575e-05
0.000488281 1.32201e-05

0.000488281 1.33665e-05
0.000512695 1.31947e-05

0.000512695 1.32279e-05
0.000537109 1.3101e-05

0.000537109 1.32445e-05
0.000561523 1.31338e-05

0.000561523 1.31588e-05
0.000585937 1.30111e-05

0.000585938 1.31505e-05
0.000610352 1.30164e-05

0.000610352 1.30626e-05
0.000634766 1.2916e-05

0.000634766 1.30234e-05
0.00065918 1.29352e-05

0.00065918 1.29661e-05
0.000683594 1.28876e-05

0.000683594 1.29175e-05
0.000708008 1.29301e-05

0.000708008 1.2967e-05
0.000732422 1.29045e-05

0.000732422 1.29553e-05
0.000756836 1.28041e-05

0.000756836 1.28219e-05
0.00078125 1.28369e-05

0.00078125 1.2793e-05
0.000805664 1.29874e-05

0.000805664 1.2986e-05
0.000830078 1.29465e-05

0.000830078 1.27865e-05
0.000854492 1.29382e-05

0.000854492 1.29664e-05
0.000878906 1.31805e-05

0.000878906 1.29762e-05
0.00090332 1.30525e-05

0.00090332 1.30951e-05
0.000927734 1.31608e-05

0.000927734 1.30234e-05
0.000952148 1.30992e-05

0.000952148 1.31015e-05
0.000976562 1.32629e-05

0.000976562 1.31062e-05
0.00100098 1.32482e-05

0.00100098 1.32196e-05
0.00102539 1.33497e-05

0.00102539 1.31507e-05
0.0010498 1.33921e-05

0.0010498 1.34183e-05
0.00107422 1.35023e-05

0.00107422 1.32549e-05
0.00109863 1.34107e-05

0.00109863 1.33226e-05
0.00112305 1.38264e-05

0.00112305 1.35894e-05
0.00114746 1.38217e-05

0.00114746 1.38137e-05
0.00117187 1.36826e-05

0.00117188 1.35127e-05
0.00119629 1.37022e-05

0.00119629 1.35476e-05
0.0012207 1.42325e-05

0.0012207 1.40375e-05
0.00124512 1.42157e-05

0.00124512 1.42014e-05
0.00126953 1.38521e-05

0.00126953 1.37033e-05
0.00129395 1.40154e-05

0.00129395 1.4311e-05
0.00131836 1.42199e-05

0.00131836 1.35846e-05
0.00134277 1.39943e-05

0.00134277 1.50509e-05
0.00136719 1.41113e-05

0.0013916 1.92684e-07
0.00136873 2.44141e-05

0.0013916 4.63507e-06
0.00139318 0

0.00146289 0
0.00146484 5.73731e-06

0.00146484 3.88732e-06
0.00148525 2.44141e-05

0.00148619 2.44141e-05
0.00148926 2.5441e-05

0.00148926 1.60687e-05
0.00151367 1.666e-05

0.00151068 2.44141e-05
0.00151367 2.44436e-05

0.00151367 1.64769e-05
0.00153809 1.628e-05

0.00151367 2.4428e-05
0.00151949 2.44141e-05

0.0015625 4.43685e-06
0.00154233 2.44141e-05

0.00153809 2.56139e-05
0.00154172 2.44141e-05

0 0.00312134
0.000390625 0.00311032

0.000390625 0.00311061
0.00078125 0.00307697

0.00078125 0.0030776
0.00117187 0.0030195

0.00117188 0.00302055
0.0015625 0.00293463

0.0015625 6.25481e-06
0.00156464 0

0.00165567 0
0.00166016 1.082e-05

0.00166016 1.05461e-05
0.00167626 2.44141e-05

0.00167513 2.44141e-05
0.00168457 2.75631e-05

0.00168457 1.7351e-05
0.00170898 1.71834e-05

0.00168457 2.447e-05
0.00169982 2.44141e-05

0.0017334 1.00954e-05
0.00171727 2.44141e-05

0.00170898 2.75345e-05
0.00171815 2.44141e-05

0.0017334 8.96844e-06
0.00173703 0

0.0017999 0
0.00180664 1.46984e-05

0.00180664 9.67137e-06
0.00183105 1.18863e-05

0.00183105 6.58874e-06
0.00185202 0

0.00185637 0
0.00187988 1.70223e-05

0.00187988 8.28738e-06
0.0019043 1.13991e-05

0.0019043 8.91976e-06
0.00192871 1.06791e-05

0.00192871 9.57244e-06
0.00195312 1.20478e-05

0.00195312 9.35984e-06
0.00197754 1.31226e-05

0.00197754 1.36777e-05
0.00200195 1.27195e-05

0.00200195 1.58947e-05
0.00202637 5.32531e-06

0.00202637 5.82729e-06
0.00205078 8.55998e-06

0.00205078 8.91224e-06
0.0020752 1.50678e-05

0.0020752 9.5648e-06
0.00209961 1.18633e-05

0.00209961 1.35904e-05
0.00212402 1.33319e-05

0.00212402 1.30148e-05
0.00214844 8.07315e-06

0.00214844 7.66744e-06
0.00217285 1.31859e-05

0.00217285 1.40597e-05
0.00219727 1.38634e-05

0.00219727 1.31449e-05
0.00222168 7.4476e-06

0.00222168 7.37856e-06
0.00224609 1.35414e-05

0.00224609 1.42062e-05
0.00227051 1.40141e-05

0.00227051 1.3961e-05
0.00229492 6.70181e-06

0.00229492 7.49451e-06
0.00231934 1.19097e-05

0.00231934 1.042e-05
0.00234375 1.53834e-05

0.00234375 1.54129e-05
0.00236816 1.05639e-05

0.00236816 1.25431e-05
0.00239258 6.82987e-06

0.00239258 6.84021e-06
0.00241699 1.25736e-05

0.00241699 1.05245e-05
0.00244141 1.54366e-05

0.00244141 1.54324e-05
0.00246582 1.05051e-05

0.00246582 1.25097e-05
0.00249023 6.90878e-06

0.00249023 6.91238e-06
0.00251465 1.25811e-05

0.00251465 1.0556e-05
0.00253906 1.53911e-05

0.00253906 1.53865e-05
0.00256348 1.05305e-05

0.00256348 1.24799e-05
0.00258789 7.01754e-06

0.00258789 7.01179e-06
0.0026123 1.26014e-05

0.0026123 1.0688e-05
0.00263672 1.52723e-05

0.00263672 1.52202e-05
0.00266113 1.04791e-05

0.00266113 1.18433e-05
0.00268555 7.83563e-06

0.00268555 7.02625e-06
0.00270996 1.39646e-05

0.00270996 1.40105e-05
0.00273438 1.41802e-05

0.00273437 1.39784e-05
0.00275879 7.24088e-06

0.00275879 8.04258e-06
0.0027832 1.18236e-05

0.0027832 1.06431e-05
0.00280762 1.50489e-05

0.00280762 1.50534e-05
0.00283203 1.06446e-05

0.00283203 1.18486e-05
0.00285645 8.00786e-06

0.00285645 7.32077e-06
0.00288086 1.38376e-05

0.00288086 1.39554e-05
0.00290527 1.39126e-05

0.00290527 1.29795e-05
0.00292969 8.12153e-06

0.00292969 8.64451e-06
0.0029541 1.31315e-05

0.0029541 1.33632e-05
0.00297852 1.33343e-05

0.00297852 1.16239e-05
0.00300293 1.01139e-05

0.00300293 1.04387e-05
0.00302734 1.4302e-05

0.00302734 1.26771e-05
0.00305176 1.42369e-05

0.00305176 1.29703e-05
0.00307617 1.40184e-05

0.00307617 1.35034e-05
0.00310059 1.49756e-05

0.00310059 1.40968e-05
0.003125 1.51676e-05

0.00175781 0.00287866
0.00157399 0.00292969

0.0015625 0.00293238
0.00157219 0.00292969

0.00175781 0.00287913
0.00195312 0.0028162

0.00234375 0.00265846
0.00216992 0.00273438

0.00195312 0.00281653
0.00214844 0.00274321

0.00214844 0.0027429
0.00216795 0.00273438

0.00292969 0.0023103
0.00288331 0.00234375

0.003125 0.00214761
0.00312409 0.00214844

0.00302734 0.00223469
0.00301318 0.00224609

0.00297852 0.00227131
0.00294806 0.00229492

0.00292969 0.00230995
0.00294927 0.00229492

0.00297852 0.00227063
0.00300921 0.00224609

0.00302734 0.00223324
0.00312489 0.00214844

0.00244141 0.00261054
0.00238761 0.00263672

0.00234375 0.00265698
0.00238537 0.00263672

0.00244141 0.00261021
0.00253906 0.00255922

0.00273438 0.00244604
0.00257681 0.00253906

0.00253906 0.00255938
0.00257408 0.00253906

0.00283203 0.00237983
0.00273941 0.00244141

0.00273438 0.00244436
0.002739 0.00244141

0.00283203 0.00237967
0.00288212 0.00234375

0.003125 1.46517e-05
0.00314941 1.55408e-05

0.00314941 1.49953e-05
0.00317383 1.57304e-05

0.00317383 1.52211e-05
0.00319824 1.62066e-05

0.00319824 1.57326e-05
0.00322266 1.66886e-05

0.00322266 1.6035e-05
0.00324707 1.70816e-05

0.00324707 1.67187e-05
0.00327148 1.76026e-05

0.00327148 1.6669e-05
0.0032959 1.80951e-05

0.0032959 1.79269e-05
0.00332031 1.91381e-05

0.00332031 1.79214e-05
0.00334473 1.92583e-05

0.00334473 1.98301e-05
0.00336914 1.99089e-05

0.00336914 1.211e-05
0.00339241 2.44141e-05

0.00338862 2.44141e-05
0.00339355 2.67356e-05

0.00339355 3.01152e-05
0.00341359 4.88281e-05

0.00341473 4.88281e-05
0.00341797 5.19255e-05

0.00341797 5.26618e-05
0.00343899 7.32422e-05

0.00343935 7.32422e-05
0.00344238 7.63315e-05

0.00344238 7.67421e-05
0.00346222 9.76563e-05

0.00346281 9.76563e-05
0.0034668 0.00010207

0.0034668 0.000102611
0.00350474 0.000146484

0.00350474 0.000146484
0.00351563 0.00016057

0.00351563 0.000161
0.00354172 0.000195313

0.00354195 0.000195313
0.00356445 0.000228721

0.00356445 0.000229931
0.00357379 0.000244141

0.00357445 0.000244141
0.00360354 0.000292969

0.0036043 0.000292969
0.00361328 0.000310927

0.00361328 0.000312335
0.00362878 0.000341797

0.00362899 0.000341797
0.00365177 0.000390625

0.00365244 0.000390625
0.00369013 0.000488281

0.00368993 0.000488281
0.00371094 0.000562032

0.00371094 0.000563678
0.00371728 0.000585938

0.00371743 0.000585937
0.00373639 0.000683594

0.00373602 0.000683594
0.00374729 0.00078125

0.00374927 0.00078125
0.00375003 0.000976562

0.00374972 0.000976562
0.00372189 0.00117188

0.00371094 0.00121133
0.00366631 0.00136719

0.00366644 0.00136719
0.00358146 0.0015625

0.00371094 0.00120621
0.00372077 0.00117187

0.00332031 0.00194985
0.00331757 0.00195312

0.00351563 0.00167707
0.00346751 0.00175781

0.00341797 0.00182145
0.00339325 0.00185547

0.00332031 0.0019456
0.00339318 0.00185547

0.00341797 0.00182068
0.00346375 0.00175781

0.00331785 0.00195312
0.00312844 0.00214844

0.003125 0.00214895
0.00312555 0.00214844

0.00351563 0.00167217
0.00358098 0.0015625

