7.15679e-05 0
7.32422e-05 4.90057e-06

7.32422e-05 6.71188e-07
9.60965e-05 2.44141e-05

9.70269e-05 2.44141e-05
9.76563e-05 2.4632e-05

9.76563e-05 1.40923e-05
0.00012207 1.47754e-05

0.000119609 2.44141e-05
0.00012207 2.44403e-05

0.00012207 1.39043e-05
0.000146484 1.37441e-05

0.000146484 1.42229e-05
0.000170898 1.43989e-05

0.000170898 1.40687e-05
0.000195313 1.38507e-05

0.000195313 1.40826e-05
0.000219727 1.42035e-05

0.000219727 1.41083e-05
0.000244141 1.39971e-05

0.000244141 1.42673e-05
0.000268555 1.38477e-05

0.000268555 1.38509e-05
0.000292969 1.3614e-05

0.000292969 1.379e-05
0.000317383 1.39667e-05

0.000317383 1.40156e-05
0.000341797 1.37163e-05

0.000341797 1.39479e-05
0.000366211 1.33571e-05

0.000366211 1.34851e-05
0.000390625 1.33661e-05

0.000390625 1.34982e-05
0.000415039 1.36312e-05

0.000415039 1.36449e-05
0.000439453 1.34027e-05

0.000439453 1.3625e-05
0.000463867 1.31473e-05

0.000463867 1.31966e-05
0.000488281 1.31536e-05

0.000488281 1.32972e-05
0.000512695 1.34128e-05

0.000512695 1.34399e-05
0.000537109 1.30781e-05

0.000537109 1.3266e-05
0.000561523 1.29206e-05

0.000561523 1.29734e-05
0.000585937 1.30499e-05

0.000585938 1.31133e-05
0.000610352 1.31826e-05

0.000610352 1.32206e-05
0.000634766 1.29019e-05

0.000634766 1.30381e-05
0.00065918 1.28036e-05

0.00065918 1.28613e-05
0.000683594 1.29294e-05

0.000683594 1.29694e-05
0.000708008 1.29684e-05

0.000708008 1.29807e-05
0.000732422 1.28088e-05

0.000732422 1.27876e-05
0.000756836 1.29079e-05

0.000756836 1.29892e-05
0.00078125 1.29696e-05

0.00078125 1.2879e-05
0.000805664 1.27889e-05

0.000805664 1.28086e-05
0.000830078 1.30234e-05

0.000830078 1.28658e-05
0.000854492 1.31049e-05

0.000854492 1.31339e-05
0.000878906 1.30375e-05

0.000878906 1.29236e-05
0.00090332 1.29101e-05

0.00090332 1.29023e-05
0.000927734 1.32498e-05

0.000927734 1.31073e-05
0.000952148 1.3222e-05

0.000952148 1.31865e-05
0.000976562 1.31303e-05

0.000976562 1.30469e-05
0.00100098 1.32016e-05

0.00100098 1.30557e-05
0.00102539 1.34837e-05

0.00102539 1.33444e-05
0.0010498 1.35247e-05

0.0010498 1.34591e-05
0.00107422 1.33439e-05

0.00107422 1.32711e-05
0.00109863 1.34295e-05

0.00109863 1.32361e-05
0.00112305 1.37988e-05

0.00112305 1.36311e-05
0.00114746 1.39015e-05

0.00114746 1.37702e-05
0.00117187 1.36692e-05

0.00117188 1.35836e-05
0.00119629 1.37977e-05

0.00119629 1.35554e-05
0.0012207 1.42055e-05

0.0012207 1.41206e-05
0.00124512 1.42482e-05

0.00124512 1.42316e-05
0.00126953 1.37252e-05

0.00126953 1.37025e-05
0.00129395 1.38929e-05

0.00129395 1.41505e-05
0.00131836 1.40958e-05

0.00131836 1.37085e-05
0.00134277 1.38036e-05

0.00134277 1.42522e-05
0.00136719 1.41392e-05

0.0013916 1.40474e-06
0.0013688 2.44141e-05

0.0013916 4.88999e-06
0.00139327 0

0.00146309 0
0.00146484 5.17232e-06

0.00146484 3.17142e-06
0.00148524 2.44141e-05

0.0014865 2.44141e-05
0.00148926 2.53697e-05

0.00148926 1.63499e-05
0.00151367 1.73489e-05

0.00151367 1.69145e-05
0.00153809 1.59905e-05

0.0015625 4.15924e-06
0.00154222 2.44141e-05

0.00153809 2.53441e-05
0.00154089 2.44141e-05

0 0.00312134
0.000390625 0.00311032

0.000390625 0.00311061
0.00078125 0.00307697

0.00078125 0.0030776
0.00117187 0.00301951

0.00117188 0.00302056
0.0015625 0.00293464

0.0015625 6.14115e-06
0.00156461 0

0.00165571 0
0.00166016 1.07567e-05

0.00166016 1.04834e-05
0.00167625 2.44141e-05

0.00167518 2.44141e-05
0.00168457 2.75652e-05

0.00168457 1.7435e-05
0.00170898 1.72421e-05

0.00168457 2.44829e-05
0.00170008 2.44141e-05

0.0017334 1.00305e-05
0.00171724 2.44141e-05

0.00170898 2.74661e-05
0.00171792 2.44141e-05

0.0017334 9.04845e-06
0.00173706 0

0.0017999 0
0.00180664 1.4694e-05

0.00180664 9.68408e-06
0.00183105 1.18892e-05

0.00183105 6.5854e-06
0.00185199 0

0.00185637 0
0.00187988 1.70333e-05

0.00187988 8.29063e-06
0.0019043 1.13964e-05

0.0019043 8.9209e-06
0.00192871 1.06828e-05

0.00192871 9.57641e-06
0.00195312 1.20476e-05

0.00195312 9.36077e-06
0.00197754 1.31222e-05

0.00197754 1.36781e-05
0.00200195 1.27215e-05

0.00200195 1.5884e-05
0.00202637 5.33861e-06

0.00202637 5.82751e-06
0.00205078 8.58472e-06

0.00205078 8.98034e-06
0.0020752 1.50302e-05

0.0020752 9.52107e-06
0.00209961 1.18102e-05

0.00209961 1.35191e-05
0.00212402 1.34171e-05

0.00212402 1.31433e-05
0.00214844 8.05368e-06

0.00214844 7.61299e-06
0.00217285 1.30683e-05

0.00217285 1.39334e-05
0.00219727 1.4004e-05

0.00219727 1.32963e-05
0.00222168 7.47884e-06

0.00222168 7.37928e-06
0.00224609 1.33894e-05

0.00224609 1.40922e-05
0.00227051 1.41104e-05

0.00227051 1.40129e-05
0.00229492 6.78013e-06

0.00229492 7.55256e-06
0.00231934 1.18429e-05

0.00231934 1.04129e-05
0.00234375 1.53814e-05

0.00234375 1.54052e-05
0.00236816 1.05674e-05

0.00236816 1.25441e-05
0.00239258 6.83537e-06

0.00239258 6.844e-06
0.00241699 1.257e-05

0.00241699 1.05238e-05
0.00244141 1.54358e-05

0.00244141 1.54295e-05
0.00246582 1.05079e-05

0.00246582 1.25121e-05
0.00249023 6.91213e-06

0.00249023 6.9153e-06
0.00251465 1.25782e-05

0.00251465 1.05565e-05
0.00253906 1.53901e-05

0.00253906 1.53825e-05
0.00256348 1.05324e-05

0.00256348 1.2481e-05
0.00258789 7.02361e-06

0.00258789 7.01929e-06
0.0026123 1.25964e-05

0.0026123 1.06861e-05
0.00263672 1.52673e-05

0.00263672 1.52147e-05
0.00266113 1.0482e-05

0.00266113 1.18467e-05
0.00268555 7.83688e-06

0.00268555 7.02539e-06
0.00270996 1.39603e-05

0.00270996 1.40076e-05
0.00273438 1.41829e-05

0.00273437 1.39747e-05
0.00275879 7.24701e-06

0.00275879 8.04763e-06
0.0027832 1.18291e-05

0.0027832 1.0652e-05
0.00280762 1.50444e-05

0.00280762 1.50412e-05
0.00283203 1.06504e-05

0.00283203 1.186e-05
0.00285645 8.02353e-06

0.00285645 7.32404e-06
0.00288086 1.38306e-05

0.00288086 1.39543e-05
0.00290527 1.39315e-05

0.00290527 1.30923e-05
0.00292969 8.03184e-06

0.00292969 8.50033e-06
0.0029541 1.30508e-05

0.0029541 1.33899e-05
0.00297852 1.33883e-05

0.00297852 1.15615e-05
0.00300293 9.98749e-06

0.00300293 1.01777e-05
0.00302734 1.4567e-05

0.00302734 1.28451e-05
0.00305176 1.46062e-05

0.00305176 1.32737e-05
0.00307617 1.40429e-05

0.00307617 1.37606e-05
0.00310059 1.48532e-05

0.00310059 1.41293e-05
0.003125 1.48812e-05

0.00175781 0.00287867
0.00157404 0.00292969

0.0015625 0.0029324
0.00157226 0.00292969

0.00175781 0.00287915
0.00195312 0.00281622

0.00234375 0.00265849
0.00216999 0.00273438

0.00195312 0.00281656
0.00214844 0.00274324

0.00214844 0.00274292
0.00216802 0.00273438

0.00292969 0.00231039
0.00288341 0.00234375

0.003125 0.00214768
0.00312416 0.00214844

0.00302734 0.0022348
0.00301332 0.00224609

0.00297852 0.0022714
0.00294816 0.00229492

0.00292969 0.00231003
0.00294939 0.00229492

0.00297852 0.00227073
0.00300933 0.00224609

0.00302734 0.00223333
0.003125 0.00214846

0.00244141 0.00261058
0.0023877 0.00263672

0.00234375 0.00265702
0.00238546 0.00263672

0.00244141 0.00261025
0.00253906 0.00255927

0.00273438 0.0024461
0.0025769 0.00253906

0.00253906 0.00255943
0.00257417 0.00253906

0.00283203 0.0023799
0.0027395 0.00244141

0.00273438 0.00244442
0.00273911 0.00244141

0.00283203 0.00237975
0.00288223 0.00234375

0.003125 1.44502e-05
0.00314941 1.5359e-05

0.00314941 1.4758e-05
0.00317383 1.57305e-05

0.00317383 1.52319e-05
0.00319824 1.62001e-05

0.00319824 1.56794e-05
0.00322266 1.64681e-05

0.00322266 1.58712e-05
0.00324707 1.69449e-05

0.00324707 1.64616e-05
0.00327148 1.76191e-05

0.00327148 1.67677e-05
0.0032959 1.81968e-05

0.0032959 1.77495e-05
0.00332031 1.90791e-05

0.00332031 1.83435e-05
0.00334473 1.92757e-05

0.00334473 1.93621e-05
0.00336914 1.93311e-05

0.00336914 1.29282e-05
0.00339312 2.44141e-05

0.00339221 2.44141e-05
0.00339355 2.49378e-05

0.00339355 2.68579e-05
0.00341797 4.84697e-05

0.00341743 4.88281e-05
0.00341797 4.93702e-05

0.00341797 4.82014e-05
0.0034186 4.88281e-05

0.00341797 4.94822e-05
0.00344103 7.32422e-05

0.0034413 7.32422e-05
0.00344238 7.43964e-05

0.00344238 7.48281e-05
0.00346328 9.76563e-05

0.00346382 9.76563e-05
0.0034668 0.000101046

0.0034668 0.000101781
0.00348437 0.00012207

0.0034842 0.00012207
0.00349121 0.000130535

0.00349121 0.000130189
0.00350451 0.000146484

0.00350483 0.000146484
0.00351563 0.0001607

0.00351563 0.00016113
0.0035413 0.000195313

0.00354157 0.000195313
0.00356445 0.000229556

0.00356445 0.000230788
0.00357316 0.000244141

0.00357383 0.000244141
0.00360279 0.000292969

0.00360351 0.000292969
0.00361328 0.000312541

0.00361328 0.000313817
0.00362797 0.000341797

0.0036282 0.000341797
0.00365097 0.000390625

0.00365164 0.000390625
0.00368938 0.000488281

0.0036892 0.000488281
0.00371094 0.000564291

0.00371094 0.000566072
0.00371662 0.000585938

0.00371681 0.000585937
0.0037359 0.000683594

0.00373553 0.000683594
0.00374694 0.00078125

0.00374893 0.00078125
0.00374991 0.000976562

0.00374959 0.000976562
0.00372191 0.00117188

0.00371094 0.00121146
0.00366642 0.00136719

0.00366656 0.00136719
0.00358162 0.0015625

0.00371094 0.00120649
0.00372083 0.00117187

0.00332031 0.00195006
0.00331775 0.00195312

0.00351563 0.00167735
0.00346767 0.00175781

0.00341797 0.00182167
0.0033934 0.00185547

0.00332031 0.0019458
0.00339334 0.00185547

0.00341797 0.00182091
0.00346392 0.00175781

0.00331801 0.00195312
0.00312857 0.00214844

0.003125 0.00214938
0.00312603 0.00214844

0.00351563 0.00167245
0.00358114 0.0015625

