7.17103e-05 0
7.32422e-05 4.50061e-06

7.32422e-05 4.84554e-07
9.6156e-05 2.44141e-05

9.70362e-05 2.44141e-05
9.76563e-05 2.46299e-05

9.76563e-05 1.39509e-05
0.00012207 1.47893e-05

0.000121637 2.44141e-05
0.00012207 2.44197e-05

0.00012207 1.37035e-05
0.000146484 1.39437e-05

0.000146484 1.45724e-05
0.000170898 1.4539e-05

0.000170898 1.41849e-05
0.000195313 1.34107e-05

0.000195313 1.36209e-05
0.000219727 1.43042e-05

0.000219727 1.42807e-05
0.000244141 1.43606e-05

0.000244141 1.44298e-05
0.000268555 1.36189e-05

0.000268555 1.3774e-05
0.000292969 1.36256e-05

0.000292969 1.38392e-05
0.000317383 1.39853e-05

0.000317383 1.3952e-05
0.000341797 1.36684e-05

0.000341797 1.39598e-05
0.000366211 1.3437e-05

0.000366211 1.34969e-05
0.000390625 1.33436e-05

0.000390625 1.35719e-05
0.000415039 1.35985e-05

0.000415039 1.3578e-05
0.000439453 1.33019e-05

0.000439453 1.34487e-05
0.000463867 1.33158e-05

0.000463867 1.34289e-05
0.000488281 1.32566e-05

0.000488281 1.33056e-05
0.000512695 1.32079e-05

0.000512695 1.33539e-05
0.000537109 1.319e-05

0.000537109 1.33044e-05
0.000561523 1.29722e-05

0.000561523 1.30598e-05
0.000585937 1.3007e-05

0.000585938 1.30697e-05
0.000610352 1.31314e-05

0.000610352 1.31473e-05
0.000634766 1.30075e-05

0.000634766 1.31359e-05
0.00065918 1.28657e-05

0.00065918 1.28699e-05
0.000683594 1.29015e-05

0.000683594 1.29877e-05
0.000708008 1.30586e-05

0.000708008 1.30525e-05
0.000732422 1.28193e-05

0.000732422 1.29148e-05
0.000756836 1.28018e-05

0.000756836 1.27646e-05
0.00078125 1.29483e-05

0.00078125 1.28839e-05
0.000805664 1.30915e-05

0.000805664 1.30415e-05
0.000830078 1.29652e-05

0.000830078 1.29771e-05
0.000854492 1.28902e-05

0.000854492 1.28127e-05
0.000878906 1.3071e-05

0.000878906 1.29752e-05
0.00090332 1.32584e-05

0.00090332 1.3181e-05
0.000927734 1.31073e-05

0.000927734 1.30716e-05
0.000952148 1.30563e-05

0.000952148 1.2952e-05
0.000976562 1.33144e-05

0.000976562 1.32609e-05
0.00100098 1.33881e-05

0.00100098 1.32336e-05
0.00102539 1.3217e-05

0.00102539 1.31524e-05
0.0010498 1.34723e-05

0.0010498 1.33673e-05
0.00107422 1.3549e-05

0.00107422 1.33078e-05
0.00109863 1.35834e-05

0.00109863 1.3564e-05
0.00112305 1.37587e-05

0.00112305 1.34947e-05
0.00114746 1.36855e-05

0.00114746 1.3675e-05
0.00117187 1.39324e-05

0.00117188 1.36077e-05
0.00119629 1.39589e-05

0.00119629 1.39567e-05
0.0012207 1.41824e-05

0.0012207 1.39212e-05
0.00124512 1.39899e-05

0.00124512 1.40974e-05
0.00126953 1.4147e-05

0.00126953 1.40204e-05
0.00129395 1.39668e-05

0.00129395 1.42021e-05
0.00131836 1.39601e-05

0.00131836 1.36496e-05
0.00134277 1.39679e-05

0.00134277 1.44875e-05
0.00136719 1.41616e-05

0.0013916 1.13951e-06
0.00136883 2.44141e-05

0.0013916 4.6816e-06
0.0013932 0

0.00146313 0
0.00146484 5.06403e-06

0.00146484 3.45171e-06
0.00148507 2.44141e-05

0.00148595 2.44141e-05
0.00148926 2.55537e-05

0.00148926 1.67684e-05
0.00151367 1.69943e-05

0.00151367 1.6308e-05
0.00153809 1.56026e-05

0.00151367 2.44498e-05
0.00151677 2.44141e-05

0.0015625 4.75884e-06
0.00154216 2.44141e-05

0.00153809 2.5615e-05
0.00154183 2.44141e-05

0 0.00312135
0.000390625 0.00311033

0.000390625 0.00311062
0.00078125 0.00307699

0.00078125 0.00307762
0.00117187 0.00301953

0.00117188 0.00302059
0.0015625 0.00293468

0.0015625 6.76251e-06
0.00156483 0

0.00165573 0
0.00166016 1.07098e-05

0.00166016 1.05066e-05
0.00167623 2.44141e-05

0.00167509 2.44141e-05
0.00168457 2.75944e-05

0.00168457 1.74363e-05
0.00170898 1.72113e-05

0.00168457 2.44899e-05
0.00169873 2.44141e-05

0.0017334 1.00368e-05
0.00171721 2.44141e-05

0.00170898 2.74253e-05
0.00171781 2.44141e-05

0.0017334 9.11693e-06
0.00173709 0

0.00179992 0
0.00180664 1.467e-05

0.00180664 9.66168e-06
0.00183105 1.1914e-05

0.00183105 6.57647e-06
0.00185208 0

0.00185634 0
0.00187988 1.70397e-05

0.00187988 8.31614e-06
0.0019043 1.13986e-05

0.0019043 8.93217e-06
0.00192871 1.06759e-05

0.00192871 9.5836e-06
0.00195312 1.20492e-05

0.00195312 9.36341e-06
0.00197754 1.3118e-05

0.00197754 1.36751e-05
0.00200195 1.27248e-05

0.00200195 1.587e-05
0.00202637 5.35923e-06

0.00202637 5.84266e-06
0.00205078 8.60258e-06

0.00205078 9.0213e-06
0.0020752 1.50018e-05

0.0020752 9.51096e-06
0.00209961 1.1775e-05

0.00209961 1.34884e-05
0.00212402 1.34253e-05

0.00212402 1.30522e-05
0.00214844 8.15082e-06

0.00214844 7.73296e-06
0.00217285 1.31447e-05

0.00217285 1.40683e-05
0.00219727 1.38494e-05

0.00219727 1.31909e-05
0.00222168 7.39599e-06

0.00222168 7.31314e-06
0.00224609 1.34919e-05

0.00224609 1.4106e-05
0.00227051 1.41081e-05

0.00227051 1.40161e-05
0.00229492 6.79167e-06

0.00229492 7.56834e-06
0.00231934 1.18431e-05

0.00231934 1.04197e-05
0.00234375 1.53739e-05

0.00234375 1.53986e-05
0.00236816 1.0572e-05

0.00236816 1.25456e-05
0.00239258 6.84732e-06

0.00239258 6.8555e-06
0.00241699 1.2566e-05

0.00241699 1.05257e-05
0.00244141 1.54315e-05

0.00244141 1.54267e-05
0.00246582 1.05103e-05

0.00246582 1.25129e-05
0.00249023 6.91567e-06

0.00249023 6.91879e-06
0.00251465 1.25767e-05

0.00251465 1.05565e-05
0.00253906 1.53892e-05

0.00253906 1.53831e-05
0.00256348 1.05326e-05

0.00256348 1.24793e-05
0.00258789 7.02402e-06

0.00258789 7.01776e-06
0.0026123 1.26012e-05

0.0026123 1.06892e-05
0.00263672 1.52711e-05

0.00263672 1.52187e-05
0.00266113 1.04834e-05

0.00266113 1.18489e-05
0.00268555 7.83687e-06

0.00268555 7.02838e-06
0.00270996 1.39596e-05

0.00270996 1.40059e-05
0.00273438 1.41827e-05

0.00273437 1.39769e-05
0.00275879 7.24906e-06

0.00275879 8.05069e-06
0.0027832 1.18235e-05

0.0027832 1.06509e-05
0.00280762 1.50393e-05

0.00280762 1.50376e-05
0.00283203 1.06447e-05

0.00283203 1.18378e-05
0.00285645 8.03862e-06

0.00285645 7.36041e-06
0.00288086 1.38285e-05

0.00288086 1.39157e-05
0.00290527 1.39163e-05

0.00290527 1.29811e-05
0.00292969 8.20862e-06

0.00292969 8.75037e-06
0.0029541 1.30839e-05

0.0029541 1.32902e-05
0.00297852 1.3311e-05

0.00297852 1.1558e-05
0.00300293 1.03039e-05

0.00300293 1.05601e-05
0.00302734 1.44095e-05

0.00302734 1.28498e-05
0.00305176 1.42077e-05

0.00305176 1.31142e-05
0.00307617 1.38208e-05

0.00307617 1.34452e-05
0.00310059 1.46643e-05

0.00310059 1.38483e-05
0.003125 1.49502e-05

0.00175781 0.00287872
0.0015742 0.00292969

0.0015625 0.00293245
0.00157247 0.00292969

0.00175781 0.0028792
0.00195312 0.00281628

0.00234375 0.00265857
0.00217016 0.00273438

0.00195312 0.00281662
0.00214844 0.00274331

0.00214844 0.00274299
0.00216816 0.00273438

0.00292969 0.00231041
0.00288347 0.00234375

0.003125 0.00214768
0.00312417 0.00214844

0.00302734 0.0022348
0.00301332 0.00224609

0.00297852 0.00227139
0.00294817 0.00229492

0.00292969 0.00231005
0.00294939 0.00229492

0.00297852 0.00227071
0.0030093 0.00224609

0.00302734 0.00223331
0.00312493 0.00214844

0.00244141 0.00261066
0.00238786 0.00263672

0.00234375 0.00265709
0.0023856 0.00263672

0.00244141 0.00261033
0.00253906 0.00255934

0.00273438 0.00244616
0.00257703 0.00253906

0.00253906 0.00255948
0.00257425 0.00253906

0.00283203 0.00237994
0.00273959 0.00244141

0.00273438 0.00244447
0.00273918 0.00244141

0.00283203 0.00237978
0.00288225 0.00234375

0.003125 1.43532e-05
0.00314941 1.54948e-05

0.00314941 1.4824e-05
0.00317383 1.58316e-05

0.00317383 1.52474e-05
0.00319824 1.62885e-05

0.00319824 1.56499e-05
0.00322266 1.67993e-05

0.00322266 1.6047e-05
0.00324707 1.7529e-05

0.00324707 1.75755e-05
0.00327148 1.76009e-05

0.00327148 1.67438e-05
0.0032959 1.68799e-05

0.0032959 1.56483e-05
0.00332031 1.97844e-05

0.00332031 2.02031e-05
0.00334473 2.1687e-05

0.00334473 2.01736e-05
0.00336914 1.8227e-05

0.00336914 1.30367e-05
0.00339242 2.44141e-05

0.00339208 2.44141e-05
0.00339355 2.49926e-05

0.00339355 2.72095e-05
0.00341797 4.8491e-05

0.0034178 4.88281e-05
0.00341797 4.89929e-05

0.00341797 4.86807e-05
0.00341812 4.88281e-05

0.00341797 4.92797e-05
0.00344175 7.32422e-05

0.00344181 7.32422e-05
0.00344238 7.38462e-05

0.00344238 7.40043e-05
0.00346431 9.76563e-05

0.00346479 9.76563e-05
0.0034668 9.99213e-05

0.0034668 0.000100637
0.00348548 0.00012207

0.00348526 0.00012207
0.00349121 0.000129198

0.00349121 0.000128863
0.00350567 0.000146484

0.00350595 0.000146484
0.00351563 0.000159174

0.00351563 0.00015964
0.00354243 0.000195313

0.00354269 0.000195313
0.00356445 0.000227965

0.00356445 0.000229236
0.0035742 0.000244141

0.00357483 0.000244141
0.00360369 0.000292969

0.0036044 0.000292969
0.00361328 0.00031083

0.00361328 0.000312136
0.00362878 0.000341797

0.00362898 0.000341797
0.00365163 0.000390625

0.00365229 0.000390625
0.00368981 0.000488281

0.00368962 0.000488281
0.00371094 0.00056338

0.00371094 0.000564908
0.00371691 0.000585938

0.00371704 0.000585937
0.00373596 0.000683594

0.00373559 0.000683594
0.00374685 0.00078125

0.00374882 0.00078125
0.00374958 0.000976562

0.00374928 0.000976562
0.00372148 0.00117188

0.00371094 0.00120989
0.00366593 0.00136719

0.00366608 0.00136719
0.00358117 0.0015625

0.00371094 0.00120476
0.00372035 0.00117187

0.00332031 0.0019499
0.00331762 0.00195312

0.00351563 0.0016767
0.00346733 0.00175781

0.00341797 0.00182124
0.00339312 0.00185547

0.00332031 0.0019455
0.00339305 0.00185547

0.00341797 0.00182046
0.00346356 0.00175781

0.00331778 0.00195312
0.00312847 0.00214844

0.003125 0.00214922
0.00312585 0.00214844

0.00351563 0.00167176
0.00358068 0.0015625

