7.16924e-05 0
7.32422e-05 4.5485e-06

7.32422e-05 6.91177e-08
9.60608e-05 2.44141e-05

9.76563e-05 1.41982e-05
0.00012207 1.51901e-05

0.00012207 1.40086e-05
0.000146484 1.35885e-05

0.000146484 1.43245e-05
0.000170898 1.44138e-05

0.000170898 1.37651e-05
0.000195313 1.39694e-05

0.000195313 1.44319e-05
0.000219727 1.46222e-05

0.000219727 1.44031e-05
0.000244141 1.36272e-05

0.000244141 1.39918e-05
0.000268555 1.38655e-05

0.000268555 1.39698e-05
0.000292969 1.38679e-05

0.000292969 1.3976e-05
0.000317383 1.37265e-05

0.000317383 1.38449e-05
0.000341797 1.36157e-05

0.000341797 1.37763e-05
0.000366211 1.3582e-05

0.000366211 1.36693e-05
0.000390625 1.35012e-05

0.000390625 1.36392e-05
0.000415039 1.34693e-05

0.000415039 1.357e-05
0.000439453 1.33492e-05

0.000439453 1.34885e-05
0.000463867 1.32952e-05

0.000463867 1.33761e-05
0.000488281 1.32604e-05

0.000488281 1.33822e-05
0.000512695 1.3233e-05

0.000512695 1.32935e-05
0.000537109 1.31265e-05

0.000537109 1.32723e-05
0.000561523 1.31016e-05

0.000561523 1.31091e-05
0.000585937 1.30655e-05

0.000585937 1.32613e-05
0.000634766 1.2839e-05

0.000634766 1.31543e-05
0.00065918 1.30504e-05

0.00065918 1.29937e-05
0.000683594 1.27478e-05

0.000683594 1.28943e-05
0.000708008 1.29628e-05

0.000708008 1.28775e-05
0.000732422 1.29606e-05

0.000732422 1.30427e-05
0.000756836 1.29319e-05

0.000756836 1.29115e-05
0.00078125 1.277e-05

0.00078125 1.27786e-05
0.000805664 1.29968e-05

0.000805664 1.29024e-05
0.000830078 1.30866e-05

0.000830078 1.2988e-05
0.000854492 1.30483e-05

0.000854492 1.30695e-05
0.000878906 1.30053e-05

0.000878906 1.29361e-05
0.00090332 1.30091e-05

0.00090332 1.29349e-05
0.000927734 1.32438e-05

0.000927734 1.31375e-05
0.000952148 1.32492e-05

0.000952148 1.3142e-05
0.000976562 1.31971e-05

0.000976562 1.31241e-05
0.00100098 1.3342e-05

0.00100098 1.32249e-05
0.00102539 1.34295e-05

0.00102539 1.32835e-05
0.0010498 1.34803e-05

0.0010498 1.33971e-05
0.00107422 1.35451e-05

0.00107422 1.33631e-05
0.00109863 1.36181e-05

0.00109863 1.35125e-05
0.00112305 1.38065e-05

0.00112305 1.3578e-05
0.00114746 1.38409e-05

0.00114746 1.38654e-05
0.00117187 1.38481e-05

0.00117188 1.36537e-05
0.00119629 1.37392e-05

0.00119629 1.35792e-05
0.0012207 1.42629e-05

0.0012207 1.41532e-05
0.00124512 1.42807e-05

0.00124512 1.43844e-05
0.00126953 1.3654e-05

0.00126953 1.33715e-05
0.00129395 1.39473e-05

0.00129395 1.43491e-05
0.00131836 1.45666e-05

0.00131836 1.39844e-05
0.00134277 1.36695e-05

0.00134277 1.45274e-05
0.00136719 1.39039e-05

0.0013916 8.82241e-07
0.00136865 2.44141e-05

0.0013916 4.93881e-06
0.00139329 0

0.00146278 0
0.00146484 6.03154e-06

0.00146484 3.97382e-06
0.00148514 2.44141e-05

0.00148613 2.44141e-05
0.00148926 2.54606e-05

0.00148926 1.64192e-05
0.00151367 1.66398e-05

0.00151255 2.44141e-05
0.00151367 2.44176e-05

0.00151367 1.63126e-05
0.00153809 1.59578e-05

0.0015625 4.64719e-06
0.00154219 2.44141e-05

0.00153809 2.5461e-05
0.00154132 2.44141e-05

0 0.00312137
0.000390625 0.00311035

0.000390625 0.00311064
0.00078125 0.00307701

0.00078125 0.00307764
0.00117187 0.00301956

0.00117188 0.00302061
0.0015625 0.0029347

0.0015625 6.85773e-06
0.00156487 0

0.0016557 0
0.00166016 1.07579e-05

0.00166016 1.05471e-05
0.00167623 2.44141e-05

0.00167509 2.44141e-05
0.00168457 2.75825e-05

0.00168457 1.73808e-05
0.00170898 1.71758e-05

0.00168457 2.44813e-05
0.00169867 2.44141e-05

0.0017334 1.00824e-05
0.00171724 2.44141e-05

0.00170898 2.74641e-05
0.00171795 2.44141e-05

0.0017334 9.06108e-06
0.00173707 0

0.00179993 0
0.00180664 1.46578e-05

0.00180664 9.65222e-06
0.00183105 1.19265e-05

0.00183105 6.56775e-06
0.00185213 0

0.00185632 0
0.00187988 1.70477e-05

0.00187988 8.33593e-06
0.0019043 1.13975e-05

0.0019043 8.93817e-06
0.00192871 1.06696e-05

0.00192871 9.58577e-06
0.00195312 1.20528e-05

0.00195312 9.36554e-06
0.00197754 1.31177e-05

0.00197754 1.36794e-05
0.00200195 1.27239e-05

0.00200195 1.58552e-05
0.00202637 5.36907e-06

0.00202637 5.84397e-06
0.00205078 8.62961e-06

0.00205078 9.06149e-06
0.0020752 1.49855e-05

0.0020752 9.49631e-06
0.00209961 1.17569e-05

0.00209961 1.34638e-05
0.00212402 1.34687e-05

0.00212402 1.31484e-05
0.00214844 8.11128e-06

0.00214844 7.68027e-06
0.00217285 1.305e-05

0.00217285 1.39404e-05
0.00219727 1.39634e-05

0.00219727 1.32956e-05
0.00222168 7.46518e-06

0.00222168 7.34803e-06
0.00224609 1.33791e-05

0.00224609 1.40528e-05
0.00227051 1.41538e-05

0.00227051 1.40391e-05
0.00229492 6.82333e-06

0.00229492 7.58976e-06
0.00231934 1.18154e-05

0.00231934 1.04173e-05
0.00234375 1.5376e-05

0.00234375 1.53981e-05
0.00236816 1.05717e-05

0.00236816 1.25419e-05
0.00239258 6.8512e-06

0.00239258 6.86033e-06
0.00241699 1.25685e-05

0.00241699 1.0529e-05
0.00244141 1.54268e-05

0.00244141 1.5422e-05
0.00246582 1.05118e-05

0.00246582 1.25099e-05
0.00249023 6.92565e-06

0.00249023 6.92844e-06
0.00251465 1.25773e-05

0.00251465 1.05609e-05
0.00253906 1.53833e-05

0.00253906 1.53774e-05
0.00256348 1.05352e-05

0.00256348 1.24757e-05
0.00258789 7.03693e-06

0.00258789 7.03254e-06
0.0026123 1.26e-05

0.0026123 1.06928e-05
0.00263672 1.52607e-05

0.00263672 1.52091e-05
0.00266113 1.04878e-05

0.00266113 1.18501e-05
0.00268555 7.84783e-06

0.00268555 7.03739e-06
0.00270996 1.39554e-05

0.00270996 1.40074e-05
0.00273438 1.41791e-05

0.00273437 1.39702e-05
0.00275879 7.25373e-06

0.00275879 8.0526e-06
0.0027832 1.1833e-05

0.0027832 1.06611e-05
0.00280762 1.50376e-05

0.00280762 1.50284e-05
0.00283203 1.06511e-05

0.00283203 1.19021e-05
0.00285645 8.00167e-06

0.00285645 7.29282e-06
0.00288086 1.37772e-05

0.00288086 1.38311e-05
0.00290527 1.40325e-05

0.00290527 1.31932e-05
0.00292969 8.14668e-06

0.00292969 8.57773e-06
0.0029541 1.29425e-05

0.0029541 1.33496e-05
0.00297852 1.34224e-05

0.00297852 1.16605e-05
0.00300293 9.95591e-06

0.00300293 1.01574e-05
0.00302734 1.44136e-05

0.00302734 1.27696e-05
0.00305176 1.4546e-05

0.00305176 1.31599e-05
0.00307617 1.39903e-05

0.00307617 1.36419e-05
0.00310059 1.49229e-05

0.00310059 1.41015e-05
0.003125 1.50324e-05

0.00175781 0.00287874
0.00157426 0.00292969

0.0015625 0.00293247
0.00157254 0.00292969

0.00175781 0.00287921
0.00195312 0.00281628

0.00234375 0.00265854
0.00217013 0.00273438

0.00195312 0.00281662
0.00214844 0.0027433

0.00214844 0.00274296
0.00216809 0.00273438

0.00292969 0.0023103
0.00288333 0.00234375

0.003125 0.00214765
0.00312413 0.00214844

0.00302734 0.00223466
0.00301315 0.00224609

0.00297852 0.00227127
0.00294803 0.00229492

0.00292969 0.00230994
0.00294924 0.00229492

0.00297852 0.00227058
0.00300913 0.00224609

0.00302734 0.00223318
0.00312477 0.00214844

0.00244141 0.00261062
0.0023878 0.00263672

0.00234375 0.00265705
0.00238551 0.00263672

0.00244141 0.00261028
0.00253906 0.00255929

0.00273438 0.00244608
0.00257693 0.00253906

0.00253906 0.0025594
0.0025741 0.00253906

0.00283203 0.00237984
0.00273946 0.00244141

0.00273438 0.00244438
0.00273904 0.00244141

0.00283203 0.00237967
0.00288209 0.00234375

0.003125 1.45578e-05
0.00314941 1.54924e-05

0.00314941 1.49128e-05
0.00317383 1.5751e-05

0.00317383 1.52725e-05
0.00319824 1.61835e-05

0.00319824 1.5631e-05
0.00322266 1.65976e-05

0.00322266 1.59207e-05
0.00324707 1.72388e-05

0.00324707 1.72219e-05
0.00327148 1.74033e-05

0.00327148 1.65741e-05
0.0032959 1.69221e-05

0.0032959 1.57175e-05
0.00332031 1.95581e-05

0.00332031 1.97572e-05
0.00334473 2.13504e-05

0.00334473 1.99143e-05
0.00336914 1.85476e-05

0.00336914 1.33293e-05
0.00339221 2.44141e-05

0.00339193 2.44141e-05
0.00339355 2.50341e-05

0.00339355 2.6937e-05
0.00341797 4.80804e-05

0.0034178 4.88281e-05
0.00341797 4.89956e-05

0.00341797 4.83926e-05
0.00341841 4.88281e-05

0.00341797 4.91272e-05
0.00344177 7.32422e-05

0.00344185 7.32422e-05
0.00344238 7.38001e-05

0.00344238 7.39398e-05
0.0034644 9.76563e-05

0.00346494 9.76563e-05
0.0034668 9.97501e-05

0.0034668 0.000100499
0.00348564 0.00012207

0.00348541 0.00012207
0.00349121 0.000129004

0.00349121 0.000128661
0.00350585 0.000146484

0.00350611 0.000146484
0.00351563 0.000158936

0.00351563 0.000159386
0.00354264 0.000195313

0.0035429 0.000195313
0.00356445 0.000227646

0.00356445 0.000228961
0.00357439 0.000244141

0.00357503 0.000244141
0.00360388 0.000292969

0.00360461 0.000292969
0.00361328 0.000310426

0.00361328 0.000311755
0.00362898 0.000341797

0.00362916 0.000341797
0.0036518 0.000390625

0.00365246 0.000390625
0.00368995 0.000488281

0.00368975 0.000488281
0.00371094 0.000562987

0.00371094 0.000564473
0.00371702 0.000585938

0.00371714 0.000585937
0.00373603 0.000683594

0.00373567 0.000683594
0.0037469 0.00078125

0.00374888 0.00078125
0.0037496 0.000976562

0.0037493 0.000976562
0.00372147 0.00117188

0.00371094 0.00120986
0.00366591 0.00136719

0.00366604 0.00136719
0.0035811 0.0015625

0.00371094 0.00120463
0.00372031 0.00117187

0.00332031 0.00194984
0.00331756 0.00195312

0.00351563 0.0016766
0.00346725 0.00175781

0.00341797 0.0018211
0.00339301 0.00185547

0.00332031 0.00194533
0.00339292 0.00185547

0.00341797 0.0018203
0.00346346 0.00175781

0.00331764 0.00195312
0.00312832 0.00214844

0.003125 0.00214903
0.00312564 0.00214844

0.00351563 0.00167159
0.0035806 0.0015625

