7.14495e-05 0
7.32422e-05 5.22829e-06

7.32422e-05 8.26425e-07
9.60531e-05 2.44141e-05

9.76563e-05 1.42932e-05
0.00012207 1.46758e-05

0.00012207 1.3888e-05
0.000146484 1.34869e-05

0.000146484 1.38666e-05
0.000170898 1.44888e-05

0.000170898 1.40262e-05
0.000195313 1.43037e-05

0.000195313 1.45865e-05
0.000219727 1.42e-05

0.000219727 1.41952e-05
0.000244141 1.35349e-05

0.000244141 1.37144e-05
0.000268555 1.40622e-05

0.000268555 1.40761e-05
0.000292969 1.41838e-05

0.000292969 1.4298e-05
0.000317383 1.36437e-05

0.000317383 1.38998e-05
0.000341797 1.33647e-05

0.000341797 1.34556e-05
0.000366211 1.36852e-05

0.000366211 1.38579e-05
0.000390625 1.37488e-05

0.000390625 1.3762e-05
0.000415039 1.32159e-05

0.000415039 1.34091e-05
0.000439453 1.33896e-05

0.000439453 1.35367e-05
0.000463867 1.34127e-05

0.000463867 1.34208e-05
0.000488281 1.31962e-05

0.000488281 1.33774e-05
0.000512695 1.32445e-05

0.000512695 1.3271e-05
0.000537109 1.31532e-05

0.000537109 1.32925e-05
0.000561523 1.31591e-05

0.000561523 1.3185e-05
0.000585937 1.30468e-05

0.000585938 1.31741e-05
0.000610352 1.3079e-05

0.000610352 1.31216e-05
0.000634766 1.29742e-05

0.000634766 1.30772e-05
0.00065918 1.29656e-05

0.00065918 1.3026e-05
0.000683594 1.29112e-05

0.000683594 1.29222e-05
0.000708008 1.29578e-05

0.000708008 1.30224e-05
0.000732422 1.29651e-05

0.000732422 1.2999e-05
0.000756836 1.27999e-05

0.000756836 1.2805e-05
0.00078125 1.29017e-05

0.00078125 1.28473e-05
0.000805664 1.30878e-05

0.000805664 1.30573e-05
0.000830078 1.29896e-05

0.000830078 1.29094e-05
0.000854492 1.29297e-05

0.000854492 1.28951e-05
0.000878906 1.31807e-05

0.000878906 1.30855e-05
0.00090332 1.316e-05

0.00090332 1.30554e-05
0.000927734 1.31268e-05

0.000927734 1.31018e-05
0.000952148 1.3246e-05

0.000952148 1.31102e-05
0.000976562 1.32793e-05

0.000976562 1.31815e-05
0.00100098 1.34104e-05

0.00100098 1.33525e-05
0.00102539 1.33693e-05

0.00102539 1.32204e-05
0.0010498 1.33959e-05

0.0010498 1.32527e-05
0.00107422 1.37253e-05

0.00107422 1.35804e-05
0.00109863 1.37321e-05

0.00109863 1.3677e-05
0.00112305 1.35264e-05

0.00112305 1.34371e-05
0.00114746 1.36516e-05

0.00114746 1.34702e-05
0.00117187 1.40521e-05

0.00117188 1.38165e-05
0.00119629 1.4147e-05

0.00119629 1.40762e-05
0.0012207 1.39492e-05

0.0012207 1.3781e-05
0.00124512 1.39887e-05

0.00124512 1.40823e-05
0.00126953 1.42603e-05

0.00126953 1.3989e-05
0.00129395 1.40541e-05

0.00129395 1.43498e-05
0.00131836 1.40933e-05

0.00131836 1.3648e-05
0.00134277 1.40008e-05

0.00134277 1.48408e-05
0.00136719 1.41447e-05

0.00134277 2.44339e-05
0.00134459 2.44141e-05

0.0013916 5.99635e-07
0.0013688 2.44141e-05

0.00136719 2.4543e-05
0.00136756 2.44141e-05

0.0013916 4.5812e-06
0.00139316 0

0.00146286 0
0.00146484 5.80527e-06

0.00146484 4.2595e-06
0.00148519 2.44141e-05

0.00148585 2.44141e-05
0.00148926 2.55368e-05

0.00148926 1.57788e-05
0.00151367 1.65915e-05

0.00151131 2.44141e-05
0.00151367 2.44465e-05

0.00151367 1.6818e-05
0.00153809 1.67133e-05

0.0015625 4.13941e-06
0.00154238 2.44141e-05

0.00153809 2.56771e-05
0.00154183 2.44141e-05

0 0.00312142
0.000390625 0.0031104

0.000390625 0.00311069
0.00078125 0.00307705

0.00078125 0.00307768
0.00117187 0.00301957

0.00117188 0.00302063
0.0015625 0.00293469

0.0015625 6.61472e-06
0.00156477 0

0.00165573 0
0.00166016 1.0718e-05

0.00166016 1.04747e-05
0.00167624 2.44141e-05

0.00167516 2.44141e-05
0.00168457 2.75756e-05

0.00168457 1.74565e-05
0.00170898 1.72495e-05

0.00168457 2.44875e-05
0.00169968 2.44141e-05

0.0017334 1.00179e-05
0.00171723 2.44141e-05

0.00170898 2.74405e-05
0.00171784 2.44141e-05

0.0017334 9.0757e-06
0.00173708 0

0.00179994 0
0.00180664 1.4641e-05

0.00180664 9.6358e-06
0.00183105 1.19439e-05

0.00183105 6.55495e-06
0.00185222 0

0.0018563 0
0.00187988 1.70591e-05

0.00187988 8.36319e-06
0.0019043 1.14013e-05

0.0019043 8.94992e-06
0.00192871 1.06638e-05

0.00192871 9.59523e-06
0.00195312 1.20564e-05

0.00195312 9.37115e-06
0.00197754 1.31123e-05

0.00197754 1.36737e-05
0.00200195 1.27293e-05

0.00200195 1.58493e-05
0.00202637 5.38948e-06

0.00202637 5.87857e-06
0.00205078 8.61737e-06

0.00205078 9.0163e-06
0.0020752 1.49988e-05

0.0020752 9.54357e-06
0.00209961 1.18032e-05

0.00209961 1.35082e-05
0.00212402 1.3395e-05

0.00212402 1.30431e-05
0.00214844 8.15467e-06

0.00214844 7.73928e-06
0.00217285 1.31448e-05

0.00217285 1.40584e-05
0.00219727 1.38459e-05

0.00219727 1.31239e-05
0.00222168 7.47785e-06

0.00222168 7.40915e-06
0.00224609 1.3552e-05

0.00224609 1.42165e-05
0.00227051 1.39953e-05

0.00227051 1.3946e-05
0.00229492 6.71894e-06

0.00229492 7.51391e-06
0.00231934 1.19185e-05

0.00231934 1.04289e-05
0.00234375 1.53673e-05

0.00234375 1.53961e-05
0.00236816 1.05765e-05

0.00236816 1.25437e-05
0.00239258 6.85997e-06

0.00239258 6.87041e-06
0.00241699 1.25667e-05

0.00241699 1.05319e-05
0.00244141 1.54229e-05

0.00244141 1.54179e-05
0.00246582 1.05154e-05

0.00246582 1.25093e-05
0.00249023 6.93499e-06

0.00249023 6.93809e-06
0.00251465 1.25765e-05

0.00251465 1.05644e-05
0.00253906 1.53786e-05

0.00253906 1.53719e-05
0.00256348 1.05389e-05

0.00256348 1.24727e-05
0.00258789 7.05063e-06

0.00258789 7.045e-06
0.0026123 1.26026e-05

0.0026123 1.07001e-05
0.00263672 1.52559e-05

0.00263672 1.52032e-05
0.00266113 1.0494e-05

0.00266113 1.18541e-05
0.00268555 7.86087e-06

0.00268555 7.05146e-06
0.00270996 1.39498e-05

0.00270996 1.40064e-05
0.00273438 1.41758e-05

0.00273437 1.39774e-05
0.00275879 7.25192e-06

0.00275879 8.05113e-06
0.0027832 1.18199e-05

0.0027832 1.06485e-05
0.00280762 1.504e-05

0.00280762 1.50321e-05
0.00283203 1.06507e-05

0.00283203 1.18929e-05
0.00285645 7.99638e-06

0.00285645 7.29208e-06
0.00288086 1.37868e-05

0.00288086 1.38327e-05
0.00290527 1.40292e-05

0.00290527 1.32007e-05
0.00292969 8.14139e-06

0.00292969 8.59489e-06
0.0029541 1.29085e-05

0.0029541 1.3245e-05
0.00297852 1.34598e-05

0.00297852 1.16629e-05
0.00300293 1.01242e-05

0.00300293 1.02703e-05
0.00302734 1.44388e-05

0.00302734 1.28239e-05
0.00305176 1.45751e-05

0.00305176 1.32562e-05
0.00307617 1.40058e-05

0.00307617 1.37067e-05
0.00310059 1.48227e-05

0.00310059 1.40775e-05
0.003125 1.49109e-05

0.00175781 0.00287871
0.00157422 0.00292969

0.0015625 0.00293246
0.00157247 0.00292969

0.00175781 0.00287918
0.00195312 0.00281623

0.00234375 0.00265846
0.00216997 0.00273438

0.00195312 0.00281657
0.00214844 0.00274323

0.00214844 0.00274287
0.00216788 0.00273438

0.00292969 0.00231021
0.0028832 0.00234375

0.003125 0.00214764
0.00312412 0.00214844

0.00302734 0.00223457
0.00301304 0.00224609

0.00297852 0.00227118
0.00294791 0.00229492

0.00292969 0.00230985
0.00294912 0.00229492

0.00297852 0.00227048
0.00300902 0.00224609

0.00302734 0.0022331
0.00312469 0.00214844

0.00244141 0.00261053
0.00238763 0.00263672

0.00234375 0.00265695
0.00238531 0.00263672

0.00244141 0.0026102
0.00253906 0.00255919

0.00273438 0.00244599
0.00257677 0.00253906

0.00253906 0.00255927
0.00257389 0.00253906

0.00283203 0.00237974
0.00273931 0.00244141

0.00273438 0.00244428
0.00273888 0.00244141

0.00283203 0.00237956
0.00288195 0.00234375

0.003125 1.44293e-05
0.00314941 1.5424e-05

0.00314941 1.47392e-05
0.00317383 1.58694e-05

0.00317383 1.53244e-05
0.00319824 1.64242e-05

0.00319824 1.59862e-05
0.00322266 1.65238e-05

0.00322266 1.58359e-05
0.00324707 1.6863e-05

0.00324707 1.66744e-05
0.00327148 1.76905e-05

0.00327148 1.6546e-05
0.0032959 1.80399e-05

0.0032959 1.80223e-05
0.00332031 1.92139e-05

0.00332031 1.82758e-05
0.00334473 1.86857e-05

0.00334473 1.88121e-05
0.00336914 1.92441e-05

0.00336914 1.27507e-05
0.00339236 2.44141e-05

0.00339027 2.44141e-05
0.00339355 2.57452e-05

0.00339355 2.74882e-05
0.00341794 4.88281e-05

0.00341752 4.88281e-05
0.00341797 4.9261e-05

0.00341797 4.87204e-05
0.00341808 4.88281e-05

0.00341797 4.94683e-05
0.0034417 7.32422e-05

0.00344174 7.32422e-05
0.00344238 7.39148e-05

0.00344238 7.40988e-05
0.00346433 9.76563e-05

0.00346487 9.76563e-05
0.0034668 9.98114e-05

0.0034668 0.000100549
0.00348564 0.00012207

0.00348541 0.00012207
0.00349121 0.000128997

0.00349121 0.00012867
0.00350586 0.000146484

0.00350612 0.000146484
0.00351563 0.000158911

0.00351563 0.000159344
0.00354269 0.000195313

0.00354295 0.000195313
0.00356445 0.000227563

0.00356445 0.000228968
0.00357438 0.000244141

0.00357507 0.000244141
0.00360391 0.000292969

0.00360463 0.000292969
0.00361328 0.000310382

0.00361328 0.000311709
0.003629 0.000341797

0.00362918 0.000341797
0.00365182 0.000390625

0.00365248 0.000390625
0.00368998 0.000488281

0.00368978 0.000488281
0.00371094 0.000562862

0.00371094 0.000564362
0.00371706 0.000585938

0.00371718 0.000585937
0.00373608 0.000683594

0.00373572 0.000683594
0.00374696 0.00078125

0.00374894 0.00078125
0.00374968 0.000976562

0.00374938 0.000976562
0.00372156 0.00117188

0.00371094 0.0012102
0.003666 0.00136719

0.00366613 0.00136719
0.00358117 0.0015625

0.00371094 0.00120488
0.00372039 0.00117187

0.00332031 0.00194994
0.00331765 0.00195312

0.00351563 0.00167673
0.00346731 0.00175781

0.00341797 0.00182112
0.00339301 0.00185547

0.00332031 0.00194529
0.00339292 0.00185547

0.00341797 0.0018203
0.00346349 0.00175781

0.00331761 0.00195312
0.00312825 0.00214844

0.003125 0.00214881
0.0031254 0.00214844

0.00351563 0.00167161
0.00358063 0.0015625

