0 0.107507
0.00012207 0.10751

0.00012207 0.10751
0.000244141 0.107518

0.000244141 0.107518
0.000366211 0.107531

0.000366211 0.107531
0.000447836 0.107544

0.000447843 0.107544
0.000488281 0.10755

0.000488281 0.10755
0.000610352 0.107575

0.000610352 0.107575
0.000732422 0.107605

0.000732422 0.107605
0.000854492 0.107641

0.000854492 0.107641
0.00092858 0.107666

0.000928625 0.107666
0.000976562 0.107683

0.000976562 0.107682
0.00109863 0.107731

0.00109863 0.107731
0.0012207 0.107786

0.0012207 0.107786
0.0012244 0.107788

0.00122443 0.107788
0.00134277 0.10785

0.00134277 0.107849
0.00144542 0.10791

0.00144545 0.10791
0.00146484 0.107922

0.00146484 0.107921
0.00158691 0.108004

0.00158691 0.108004
0.0016254 0.108032

0.00162441 0.108032
0.00170898 0.108098

0.00170898 0.108098
0.00177516 0.108154

0.00177425 0.108154
0.00183105 0.108206

0.00183105 0.108205
0.00190293 0.108276

0.00190223 0.108276
0.00195312 0.108331

0.00195312 0.10833
0.00201278 0.108398

0.00201313 0.108398
0.0020752 0.108477

0.0020752 0.108476
0.00210829 0.108521

0.00210863 0.108521
0.00219244 0.108643

0.00219063 0.108643
0.00219727 0.108654

0.00219727 0.108651
0.00226538 0.108765

0.00226468 0.108765
0.00231934 0.10887

0.00231934 0.10887
0.00232814 0.108887

0.00232832 0.108887
0.00238288 0.109009

0.00238223 0.109009
0.00242878 0.109131

0.0024281 0.109131
0.00244141 0.109172

0.00244141 0.109168
0.00246875 0.109253

0.00246823 0.109253
0.0024992 0.109375

0.000732422 0.112292
0.000690003 0.112305

0.000732422 0.112292
0.000854492 0.11225

0.000854492 0.112251
0.000976562 0.112202

0 0.112407
0.00012207 0.112404

0.00012207 0.112404
0.000244141 0.112394

0.000244141 0.112394
0.000366211 0.112379

0.000366211 0.112379
0.000488281 0.112356

0.000488281 0.112356
0.000610352 0.112328

0.000610352 0.112328
0.000689985 0.112305

0.00109863 0.112145
0.0010174 0.112183

0.000976562 0.112201
0.00101737 0.112183

0.00109863 0.112145
0.0012207 0.112081

0.00134277 0.112009
0.00125493 0.112061

0.00146484 0.111928
0.00144937 0.111938

0.00134277 0.112009
0.00144931 0.111938

0.0012207 0.112081
0.00125529 0.112061

0.00170898 0.111732
0.00160972 0.111816

0.00195312 0.111483
0.00187446 0.111572

0.00183105 0.111617
0.00175091 0.111694

0.00170898 0.111732
0.00175034 0.111694

0.00183105 0.111616
0.00187299 0.111572

0.00146484 0.111928
0.00158691 0.111836

0.00158691 0.111835
0.00160925 0.111816

0.00249884 0.109375
0.00252246 0.109497

0.00252241 0.109497
0.00253949 0.109619

0.00253948 0.109619
0.00255013 0.109741

0.00255012 0.109741
0.00255436 0.109863

0.00255436 0.109863
0.00255222 0.109985

0.00255223 0.109985
0.0025437 0.110107

0.00254372 0.110107
0.00252872 0.110229

0.00252872 0.110229
0.00250724 0.110352

0.00244141 0.110611
0.00240572 0.110718

0.00240508 0.110718
0.00235605 0.11084

0.00219727 0.111153
0.00208206 0.111328

0.00231934 0.110921
0.00230033 0.110962

0.00230012 0.110962
0.00223597 0.111084

0.00231934 0.110919
0.00235569 0.11084

0.00219727 0.111148
0.00223544 0.111084

0.00250718 0.110352
0.00247933 0.110474

0.00247911 0.110474
0.00244545 0.110596

0.00244141 0.110605
0.0024444 0.110596

0.0020752 0.111329
0.00197878 0.11145

0.00195312 0.111481
0.00197859 0.11145

0.0020752 0.11133
0.00207663 0.111328

