7.18169e-05 0
7.32422e-05 4.20059e-06

7.32422e-05 2.88094e-07
9.6082e-05 2.44141e-05

9.66436e-05 2.44141e-05
9.76563e-05 2.47705e-05

9.76563e-05 1.39498e-05
0.00012207 1.50859e-05

0.00012207 1.40306e-05
0.000146484 1.39744e-05

0.000146484 1.45499e-05
0.000170898 1.43983e-05

0.000170898 1.40107e-05
0.000195313 1.37589e-05

0.000195313 1.39588e-05
0.000219727 1.46009e-05

0.000219727 1.4523e-05
0.000244141 1.42431e-05

0.000244141 1.4395e-05
0.000268555 1.37281e-05

0.000268555 1.39377e-05
0.000292969 1.38016e-05

0.000292969 1.40082e-05
0.000317383 1.39077e-05

0.000317383 1.39102e-05
0.000341797 1.36768e-05

0.000341797 1.38915e-05
0.000366211 1.36718e-05

0.000366211 1.37364e-05
0.000390625 1.35207e-05

0.000390625 1.37172e-05
0.000415039 1.3524e-05

0.000415039 1.36031e-05
0.000439453 1.33673e-05

0.000439453 1.35471e-05
0.000463867 1.33461e-05

0.000463867 1.34054e-05
0.000488281 1.32703e-05

0.000488281 1.34077e-05
0.000512695 1.32882e-05

0.000512695 1.33332e-05
0.000537109 1.31686e-05

0.000537109 1.32895e-05
0.000561523 1.31679e-05

0.000561523 1.32434e-05
0.000585937 1.30829e-05

0.000585938 1.31648e-05
0.000610352 1.30617e-05

0.000610352 1.31327e-05
0.000634766 1.30459e-05

0.000634766 1.31039e-05
0.00065918 1.29986e-05

0.00065918 1.3073e-05
0.000683594 1.29557e-05

0.000683594 1.2953e-05
0.000708008 1.29828e-05

0.000708008 1.3075e-05
0.000732422 1.2996e-05

0.000732422 1.30133e-05
0.000756836 1.28104e-05

0.000756836 1.28233e-05
0.00078125 1.29608e-05

0.00078125 1.28662e-05
0.000805664 1.31518e-05

0.000805664 1.31166e-05
0.000830078 1.30731e-05

0.000830078 1.30136e-05
0.000854492 1.29424e-05

0.000854492 1.2889e-05
0.000878906 1.31994e-05

0.000878906 1.30332e-05
0.00090332 1.33658e-05

0.00090332 1.33244e-05
0.000927734 1.32428e-05

0.000927734 1.31813e-05
0.000952148 1.30999e-05

0.000952148 1.30202e-05
0.000976562 1.34297e-05

0.000976562 1.32478e-05
0.00100098 1.36263e-05

0.00100098 1.35625e-05
0.00102539 1.34414e-05

0.00102539 1.34373e-05
0.0010498 1.3259e-05

0.0010498 1.30929e-05
0.00107422 1.36501e-05

0.00107422 1.3492e-05
0.00109863 1.40236e-05

0.00109863 1.38363e-05
0.00112305 1.37002e-05

0.00112305 1.36804e-05
0.00114746 1.3631e-05

0.00114746 1.33486e-05
0.00117187 1.41139e-05

0.00117188 1.41559e-05
0.00119629 1.43121e-05

0.00119629 1.40408e-05
0.0012207 1.36608e-05

0.0012207 1.36542e-05
0.00124512 1.42339e-05

0.00124512 1.40968e-05
0.00126953 1.44919e-05

0.00126953 1.44206e-05
0.00129395 1.40801e-05

0.00129395 1.4368e-05
0.00131836 1.36924e-05

0.00131836 1.36958e-05
0.00134277 1.37709e-05

0.00134277 1.39867e-05
0.00136719 1.41876e-05

0.0013916 1.83119e-06
0.00136884 2.44141e-05

0.0013916 5.11543e-06
0.00139335 0

0.00146309 0
0.00146484 5.18217e-06

0.00146484 3.91103e-06
0.00148492 2.44141e-05

0.0014853 2.44141e-05
0.00148926 2.57578e-05

0.00148926 1.66093e-05
0.00151367 1.69174e-05

0.00151367 1.64601e-05
0.00153809 1.61326e-05

0.0015625 4.933e-06
0.0015425 2.44141e-05

0.00153809 2.57116e-05
0.00154205 2.44141e-05

0 0.00312132
0.000390625 0.0031103

0.000390625 0.00311059
0.00078125 0.00307695

0.00078125 0.00307758
0.00117187 0.00301948

0.00117188 0.00302053
0.0015625 0.0029346

0.0015625 6.57006e-06
0.00156475 0

0.00165571 0
0.00166016 1.07465e-05

0.00166016 1.04829e-05
0.00167627 2.44141e-05

0.00167523 2.44141e-05
0.00168457 2.75427e-05

0.00168457 1.73998e-05
0.00170898 1.72307e-05

0.00168457 2.4478e-05
0.00170134 2.44141e-05

0.0017334 1.00574e-05
0.00171725 2.44141e-05

0.00170898 2.74807e-05
0.00171797 2.44141e-05

0.0017334 9.05209e-06
0.00173707 0

0.00179999 0
0.00180664 1.45897e-05

0.00180664 9.60994e-06
0.00183105 1.19942e-05

0.00183105 6.50768e-06
0.00185243 0

0.00185623 0
0.00187988 1.71078e-05

0.00187988 8.45188e-06
0.0019043 1.13971e-05

0.0019043 8.98281e-06
0.00192871 1.06423e-05

0.00192871 9.61518e-06
0.00195312 1.20641e-05

0.00195312 9.37886e-06
0.00197754 1.3104e-05

0.00197754 1.36707e-05
0.00200195 1.27415e-05

0.00200195 1.58144e-05
0.00202637 5.44339e-06

0.00202637 5.9428e-06
0.00205078 8.64392e-06

0.00205078 8.99874e-06
0.0020752 1.50041e-05

0.0020752 9.60377e-06
0.00209961 1.18763e-05

0.00209961 1.35773e-05
0.00212402 1.33383e-05

0.00212402 1.31023e-05
0.00214844 8.06297e-06

0.00214844 7.63896e-06
0.00217285 1.30863e-05

0.00217285 1.3915e-05
0.00219727 1.39821e-05

0.00219727 1.32731e-05
0.00222168 7.5414e-06

0.00222168 7.4378e-06
0.00224609 1.33886e-05

0.00224609 1.40866e-05
0.00227051 1.40928e-05

0.00227051 1.39896e-05
0.00229492 6.84515e-06

0.00229492 7.61536e-06
0.00231934 1.18517e-05

0.00231934 1.04398e-05
0.00234375 1.53433e-05

0.00234375 1.53692e-05
0.00236816 1.05914e-05

0.00236816 1.25386e-05
0.00239258 6.90713e-06

0.00239258 6.91614e-06
0.00241699 1.25606e-05

0.00241699 1.05463e-05
0.00244141 1.53996e-05

0.00244141 1.53939e-05
0.00246582 1.05297e-05

0.00246582 1.25041e-05
0.00249023 6.98114e-06

0.00249023 6.98443e-06
0.00251465 1.25711e-05

0.00251465 1.05785e-05
0.00253906 1.53544e-05

0.00253906 1.53481e-05
0.00256348 1.05536e-05

0.00256348 1.24727e-05
0.00258789 7.09077e-06

0.00258789 7.08664e-06
0.0026123 1.25907e-05

0.0026123 1.07095e-05
0.00263672 1.52311e-05

0.00263672 1.51767e-05
0.00266113 1.05037e-05

0.00266113 1.18512e-05
0.00268555 7.89742e-06

0.00268555 7.09081e-06
0.00270996 1.39361e-05

0.00270996 1.39862e-05
0.00273438 1.417e-05

0.00273437 1.39485e-05
0.00275879 7.32582e-06

0.00275879 8.12283e-06
0.0027832 1.18355e-05

0.0027832 1.06841e-05
0.00280762 1.49936e-05

0.00280762 1.49922e-05
0.00283203 1.06722e-05

0.00283203 1.1825e-05
0.00285645 8.13344e-06

0.00285645 7.45086e-06
0.00288086 1.38353e-05

0.00288086 1.39603e-05
0.00290527 1.38752e-05

0.00290527 1.30565e-05
0.00292969 8.1156e-06

0.00292969 8.57538e-06
0.0029541 1.30659e-05

0.0029541 1.33756e-05
0.00297852 1.33893e-05

0.00297852 1.17173e-05
0.00300293 9.9422e-06

0.00300293 1.01525e-05
0.00302734 1.43207e-05

0.00302734 1.26922e-05
0.00305176 1.4535e-05

0.00305176 1.3145e-05
0.00307617 1.39968e-05

0.00307617 1.36395e-05
0.00310059 1.48673e-05

0.00310059 1.40584e-05
0.003125 1.49809e-05

0.00175781 0.00287863
0.00157391 0.00292969

0.0015625 0.00293236
0.00157214 0.00292969

0.00175781 0.0028791
0.00195312 0.00281617

0.00234375 0.00265844
0.00216988 0.00273438

0.00195312 0.00281651
0.00214844 0.00274318

0.00214844 0.00274276
0.00216764 0.00273438

0.00292969 0.0023103
0.00288331 0.00234375

0.003125 0.00214776
0.00312425 0.00214844

0.00302734 0.00223472
0.00301323 0.00224609

0.00297852 0.00227124
0.00294799 0.00229492

0.00292969 0.00230993
0.00294922 0.00229492

0.00297852 0.00227054
0.00300909 0.00224609

0.00302734 0.00223319
0.00312482 0.00214844

0.00244141 0.00261053
0.00238762 0.00263672

0.00234375 0.0026569
0.00238521 0.00263672

0.00244141 0.00261018
0.00253906 0.00255918

0.00273438 0.00244603
0.0025768 0.00253906

0.00253906 0.0025592
0.00257377 0.00253906

0.00283203 0.00237978
0.00273935 0.00244141

0.00273438 0.00244437
0.00273902 0.00244141

0.00283203 0.00237959
0.002882 0.00234375

0.003125 1.44748e-05
0.00314941 1.55e-05

0.00314941 1.48492e-05
0.00317383 1.58657e-05

0.00317383 1.53022e-05
0.00319824 1.63808e-05

0.00319824 1.58261e-05
0.00322266 1.67542e-05

0.00322266 1.62197e-05
0.00324707 1.71129e-05

0.00324707 1.6748e-05
0.00327148 1.74597e-05

0.00327148 1.63727e-05
0.0032959 1.82854e-05

0.0032959 1.8507e-05
0.00332031 1.9394e-05

0.00332031 1.79187e-05
0.00334473 1.85134e-05

0.00334473 1.93554e-05
0.00336914 1.9735e-05

0.00336914 1.25562e-05
0.00339331 2.44141e-05

0.0033901 2.44141e-05
0.00339355 2.58348e-05

0.00339355 2.39033e-05
0.00339403 2.44141e-05

0.00339355 2.78797e-05
0.00341729 4.88281e-05

0.00341745 4.88281e-05
0.00341797 4.93162e-05

0.00341797 4.96732e-05
0.0034418 7.32422e-05

0.00344177 7.32422e-05
0.00344238 7.38766e-05

0.00344238 7.40123e-05
0.00346449 9.76563e-05

0.00346502 9.76563e-05
0.0034668 9.96465e-05

0.0034668 0.000100429
0.00348575 0.00012207

0.00348552 0.00012207
0.00349121 0.000128866

0.00349121 0.000128516
0.00350599 0.000146484

0.00350622 0.000146484
0.00351563 0.000158773

0.00351563 0.000159209
0.00354279 0.000195313

0.0035431 0.000195313
0.00356445 0.000227346

0.00356445 0.000228951
0.0035744 0.000244141

0.00357517 0.000244141
0.00360401 0.000292969

0.00360473 0.000292969
0.00361328 0.000310175

0.00361328 0.000311526
0.00362909 0.000341797

0.00362928 0.000341797
0.00365192 0.000390625

0.00365258 0.000390625
0.00369008 0.000488281

0.00368989 0.000488281
0.00371094 0.000562467

0.00371094 0.000564001
0.00371716 0.000585938

0.00371729 0.000585937
0.0037362 0.000683594

0.00373583 0.000683594
0.00374708 0.00078125

0.00374906 0.00078125
0.00374981 0.000976562

0.0037495 0.000976562
0.00372169 0.00117188

0.00371094 0.00121071
0.00366615 0.00136719

0.00366626 0.00136719
0.0035813 0.0015625

0.00371094 0.00120506
0.00372044 0.00117187

0.00332031 0.00195052
0.00331813 0.00195312

0.00351563 0.00167712
0.00346754 0.00175781

0.00341797 0.00182134
0.00339316 0.00185547

0.00332031 0.00194545
0.00339304 0.00185547

0.00341797 0.00182045
0.00346362 0.00175781

0.00331776 0.00195312
0.00312838 0.00214844

0.00351563 0.00167171
0.00358069 0.0015625

