7.13423e-05 0
7.32422e-05 5.51867e-06

7.32422e-05 2.25252e-07
9.61602e-05 2.44141e-05

9.73528e-05 2.44141e-05
9.76563e-05 2.45208e-05

9.76563e-05 1.41137e-05
0.00012207 1.51366e-05

0.00012207 1.38298e-05
0.000146484 1.38606e-05

0.000146484 1.46121e-05
0.000170898 1.4686e-05

0.000170898 1.41913e-05
0.000195313 1.36142e-05

0.000195313 1.41568e-05
0.000219727 1.42485e-05

0.000219727 1.38198e-05
0.000244141 1.41265e-05

0.000244141 1.44602e-05
0.000268555 1.44191e-05

0.000268555 1.43773e-05
0.000292969 1.35052e-05

0.000292969 1.37159e-05
0.000317383 1.38276e-05

0.000317383 1.39555e-05
0.000341797 1.40963e-05

0.000341797 1.42188e-05
0.000366211 1.3539e-05

0.000366211 1.38061e-05
0.000390625 1.32192e-05

0.000390625 1.33304e-05
0.000415039 1.35562e-05

0.000415039 1.37276e-05
0.000439453 1.36311e-05

0.000439453 1.36481e-05
0.000463867 1.30957e-05

0.000463867 1.32696e-05
0.000488281 1.32792e-05

0.000488281 1.33121e-05
0.000512695 1.34458e-05

0.000512695 1.35379e-05
0.000537109 1.32057e-05

0.000537109 1.33422e-05
0.000561523 1.29326e-05

0.000561523 1.30408e-05
0.000585937 1.31132e-05

0.000585938 1.3132e-05
0.000610352 1.32465e-05

0.000610352 1.33036e-05
0.000634766 1.3015e-05

0.000634766 1.31351e-05
0.00065918 1.28297e-05

0.00065918 1.28986e-05
0.000683594 1.29857e-05

0.000683594 1.29952e-05
0.000708008 1.30931e-05

0.000708008 1.31203e-05
0.000732422 1.29031e-05

0.000732422 1.29615e-05
0.000756836 1.28186e-05

0.000756836 1.28518e-05
0.00078125 1.29698e-05

0.00078125 1.28768e-05
0.000805664 1.30698e-05

0.000805664 1.30719e-05
0.000830078 1.30232e-05

0.000830078 1.28319e-05
0.000854492 1.30456e-05

0.000854492 1.3076e-05
0.000878906 1.33234e-05

0.000878906 1.30735e-05
0.00090332 1.31584e-05

0.00090332 1.32182e-05
0.000927734 1.33032e-05

0.000927734 1.31332e-05
0.000952148 1.32212e-05

0.000952148 1.32124e-05
0.000976562 1.34362e-05

0.000976562 1.32909e-05
0.00100098 1.33884e-05

0.00100098 1.33144e-05
0.00102539 1.34764e-05

0.00102539 1.33872e-05
0.0010498 1.35293e-05

0.0010498 1.33966e-05
0.00107422 1.3603e-05

0.00107422 1.34474e-05
0.00109863 1.37739e-05

0.00109863 1.36237e-05
0.00112305 1.38614e-05

0.00112305 1.37303e-05
0.00114746 1.38472e-05

0.00114746 1.36911e-05
0.00117187 1.39699e-05

0.00117188 1.39583e-05
0.00119629 1.40414e-05

0.00119629 1.39187e-05
0.0012207 1.38687e-05

0.0012207 1.36485e-05
0.00124512 1.42752e-05

0.00124512 1.41875e-05
0.00126953 1.45615e-05

0.00126953 1.4591e-05
0.00129395 1.39144e-05

0.00129395 1.41736e-05
0.00131836 1.35272e-05

0.00131836 1.3642e-05
0.00134277 1.38801e-05

0.00134277 1.39103e-05
0.00136719 1.41507e-05

0.0013916 2.03546e-06
0.00136876 2.44141e-05

0.00136719 2.44494e-05
0.0013673 2.44141e-05

0.0013916 6.04176e-06
0.00139369 0

0.00146276 0
0.00146484 6.08695e-06

0.00146484 4.15792e-06
0.00148501 2.44141e-05

0.00148601 2.44141e-05
0.00148926 2.55007e-05

0.00148926 1.63046e-05
0.00151367 1.69029e-05

0.00151204 2.44141e-05
0.00151367 2.44304e-05

0.00151367 1.67385e-05
0.00153809 1.6481e-05

0.00151367 2.44183e-05
0.00151486 2.44141e-05

0.0015625 4.65402e-06
0.00154255 2.44141e-05

0.00153809 2.56318e-05
0.00154173 2.44141e-05

0 0.00312132
0.000390625 0.0031103

0.000390625 0.00311059
0.00078125 0.00307695

0.00078125 0.00307758
0.00117187 0.00301948

0.00117188 0.00302053
0.0015625 0.0029346

0.0015625 6.49384e-06
0.00156473 0

0.00165572 0
0.00166016 1.07355e-05

0.00166016 1.04861e-05
0.00167626 2.44141e-05

0.00167524 2.44141e-05
0.00168457 2.75435e-05

0.00168457 1.74126e-05
0.00170898 1.72342e-05

0.00168457 2.44799e-05
0.00170085 2.44141e-05

0.0017334 1.00493e-05
0.00171724 2.44141e-05

0.00170898 2.74697e-05
0.00171794 2.44141e-05

0.0017334 9.04052e-06
0.00173706 0

0.0018 0
0.00180664 1.4578e-05

0.00180664 9.59216e-06
0.00183105 1.20069e-05

0.00183105 6.51539e-06
0.00185245 0

0.00185623 0
0.00187988 1.71007e-05

0.00187988 8.45339e-06
0.0019043 1.14055e-05

0.0019043 8.98749e-06
0.00192871 1.06387e-05

0.00192871 9.61459e-06
0.00195312 1.20657e-05

0.00195312 9.38043e-06
0.00197754 1.31062e-05

0.00197754 1.36739e-05
0.00200195 1.27407e-05

0.00200195 1.58076e-05
0.00202637 5.44867e-06

0.00202637 5.9386e-06
0.00205078 8.66231e-06

0.00205078 9.05734e-06
0.0020752 1.49688e-05

0.0020752 9.56342e-06
0.00209961 1.18202e-05

0.00209961 1.35128e-05
0.00212402 1.34007e-05

0.00212402 1.3117e-05
0.00214844 8.11906e-06

0.00214844 7.68866e-06
0.00217285 1.30733e-05

0.00217285 1.39485e-05
0.00219727 1.39528e-05

0.00219727 1.32536e-05
0.00222168 7.51414e-06

0.00222168 7.4184e-06
0.00224609 1.34095e-05

0.00224609 1.40843e-05
0.00227051 1.40946e-05

0.00227051 1.39901e-05
0.00229492 6.85157e-06

0.00229492 7.62305e-06
0.00231934 1.18489e-05

0.00231934 1.04387e-05
0.00234375 1.53397e-05

0.00234375 1.53687e-05
0.00236816 1.05934e-05

0.00236816 1.25391e-05
0.00239258 6.90548e-06

0.00239258 6.91405e-06
0.00241699 1.25618e-05

0.00241699 1.05464e-05
0.00244141 1.54021e-05

0.00244141 1.53972e-05
0.00246582 1.05293e-05

0.00246582 1.25049e-05
0.00249023 6.97788e-06

0.00249023 6.9813e-06
0.00251465 1.25728e-05

0.00251465 1.05784e-05
0.00253906 1.53573e-05

0.00253906 1.53515e-05
0.00256348 1.05531e-05

0.00256348 1.24742e-05
0.00258789 7.08661e-06

0.00258789 7.08041e-06
0.0026123 1.25938e-05

0.0026123 1.07119e-05
0.00263672 1.52367e-05

0.00263672 1.5181e-05
0.00266113 1.05014e-05

0.00266113 1.18509e-05
0.00268555 7.89618e-06

0.00268555 7.09077e-06
0.00270996 1.3937e-05

0.00270996 1.3986e-05
0.00273438 1.41699e-05

0.00273437 1.39452e-05
0.00275879 7.33016e-06

0.00275879 8.12814e-06
0.0027832 1.18384e-05

0.0027832 1.06842e-05
0.00280762 1.49925e-05

0.00280762 1.49944e-05
0.00283203 1.06775e-05

0.00283203 1.18429e-05
0.00285645 8.11773e-06

0.00285645 7.4314e-06
0.00288086 1.38233e-05

0.00288086 1.39451e-05
0.00290527 1.38972e-05

0.00290527 1.30965e-05
0.00292969 8.09399e-06

0.00292969 8.54381e-06
0.0029541 1.30287e-05

0.0029541 1.33494e-05
0.00297852 1.34199e-05

0.00297852 1.16826e-05
0.00300293 9.98309e-06

0.00300293 1.02015e-05
0.00302734 1.4371e-05

0.00302734 1.27663e-05
0.00305176 1.44816e-05

0.00305176 1.31229e-05
0.00307617 1.3935e-05

0.00307617 1.35604e-05
0.00310059 1.49052e-05

0.00310059 1.40394e-05
0.003125 1.50956e-05

0.00175781 0.00287863
0.0015739 0.00292969

0.0015625 0.00293236
0.00157214 0.00292969

0.00175781 0.0028791
0.00195312 0.00281617

0.00234375 0.00265844
0.00216988 0.00273438

0.00195312 0.00281651
0.00214844 0.00274318

0.00214844 0.00274276
0.00216764 0.00273438

0.00292969 0.00231031
0.00288331 0.00234375

0.003125 0.00214776
0.00312426 0.00214844

0.00302734 0.00223473
0.00301324 0.00224609

0.00297852 0.00227125
0.002948 0.00229492

0.00292969 0.00230994
0.00294923 0.00229492

0.00297852 0.00227054
0.0030091 0.00224609

0.00302734 0.00223319
0.00312483 0.00214844

0.00244141 0.00261054
0.00238762 0.00263672

0.00234375 0.0026569
0.00238521 0.00263672

0.00244141 0.00261019
0.00253906 0.00255918

0.00273438 0.00244603
0.00257681 0.00253906

0.00253906 0.0025592
0.00257377 0.00253906

0.00283203 0.00237978
0.00273936 0.00244141

0.00273438 0.00244437
0.00273902 0.00244141

0.00283203 0.0023796
0.002882 0.00234375

0.003125 1.45941e-05
0.00314941 1.5557e-05

0.00314941 1.50012e-05
0.00317383 1.57134e-05

0.00317383 1.52346e-05
0.00319824 1.61119e-05

0.00319824 1.55308e-05
0.00322266 1.66886e-05

0.00322266 1.60791e-05
0.00324707 1.73094e-05

0.00324707 1.66726e-05
0.00327148 1.77886e-05

0.00327148 1.71938e-05
0.0032959 1.82944e-05

0.0032959 1.77158e-05
0.00332031 1.88797e-05

0.00332031 1.81526e-05
0.00334473 1.96636e-05

0.00334473 1.95067e-05
0.00336914 2.01108e-05

0.00336914 1.38146e-05
0.00339187 2.44141e-05

0.00339069 2.44141e-05
0.00339355 2.5508e-05

0.00339355 2.74834e-05
0.00341797 4.84637e-05

0.00341759 4.88281e-05
0.00341797 4.9193e-05

0.00341797 4.84705e-05
0.00341834 4.88281e-05

0.00341797 4.92984e-05
0.0034419 7.32422e-05

0.00344193 7.32422e-05
0.00344238 7.37086e-05

0.00344238 7.38302e-05
0.00346458 9.76563e-05

0.00346511 9.76563e-05
0.0034668 9.95409e-05

0.0034668 0.000100016
0.00350632 0.000146484

0.00350628 0.000146484
0.00351563 0.000158711

0.00351563 0.000159172
0.00354279 0.000195313

0.00354311 0.000195313
0.00356445 0.000227335

0.00356445 0.000228946
0.0035744 0.000244141

0.00357517 0.000244141
0.003604 0.000292969

0.00360473 0.000292969
0.00361328 0.000310176

0.00361328 0.000311522
0.0036291 0.000341797

0.00362928 0.000341797
0.00365192 0.000390625

0.00365258 0.000390625
0.00369009 0.000488281

0.0036899 0.000488281
0.00371094 0.000562433

0.00371094 0.000563976
0.00371717 0.000585938

0.0037173 0.000585937
0.00373621 0.000683594

0.00373584 0.000683594
0.00374709 0.00078125

0.00374907 0.00078125
0.00374982 0.000976562

0.00374951 0.000976562
0.00372169 0.00117188

0.00371094 0.00121073
0.00366615 0.00136719

0.00366626 0.00136719
0.0035813 0.0015625

0.00371094 0.00120507
0.00372044 0.00117187

0.00332031 0.00195054
0.00331815 0.00195312

0.00351563 0.00167713
0.00346755 0.00175781

0.00341797 0.00182135
0.00339317 0.00185547

0.00332031 0.00194546
0.00339305 0.00185547

0.00341797 0.00182045
0.00346362 0.00175781

0.00331776 0.00195312
0.00312838 0.00214844

0.00351563 0.00167171
0.00358069 0.0015625

