0 0.104247
4.93685e-05 0.104248

4.93424e-05 0.104248
0.00012207 0.10425

0.00012207 0.10425
0.000244141 0.104258

0.000244141 0.104258
0.000366211 0.104271

0.000366211 0.104271
0.000488281 0.10429

0.000488281 0.10429
0.000610352 0.104314

0.000610352 0.104314
0.000732422 0.104345

0.000732422 0.104344
0.000819905 0.10437

0.000819942 0.10437
0.000854492 0.10438

0.000854492 0.10438
0.000976562 0.104422

0.000976562 0.104422
0.00109863 0.10447

0.00109863 0.10447
0.00114677 0.104492

0.00114682 0.104492
0.0012207 0.104526

0.0012207 0.104526
0.00134277 0.104589

0.00134277 0.104589
0.00138593 0.104614

0.00138593 0.104614
0.00146484 0.104661

0.00146484 0.104661
0.00157712 0.104736

0.00157722 0.104736
0.00158691 0.104743

0.00158691 0.104742
0.00170898 0.104837

0.00170898 0.104837
0.001735 0.104858

0.00173429 0.104858
0.00183105 0.104944

0.00183105 0.104945
0.0018681 0.10498

0.00186868 0.10498
0.00195312 0.10507

0.00195312 0.105069
0.00198301 0.105103

0.00198339 0.105103
0.0020752 0.105214

0.0020752 0.105215
0.00208229 0.105225

0.00208305 0.105225
0.00217017 0.105347

0.00216902 0.105347
0.00219727 0.105392

0.00219727 0.10539
0.00224589 0.105469

0 0.109147
0.00012207 0.109144

0.00012207 0.109144
0.000244141 0.109135

0.000366211 0.109119
0.000274206 0.109131

0.000366211 0.109119
0.000488281 0.109097

0.000244141 0.109135
0.000274205 0.109131

0.000488281 0.109097
0.000610352 0.109068

0.000610352 0.109068
0.000732422 0.109032

0.000854492 0.10899
0.000800239 0.109009

0.000732422 0.109032
0.000800209 0.109009

0.000854492 0.108991
0.000976562 0.108942

0.00195312 0.108223
0.00179097 0.108398

0.00109863 0.108885
0.00109443 0.108887

0.00109863 0.108885
0.0012207 0.10882

0.00134277 0.108748
0.00131475 0.108765

0.0012207 0.10882
0.00131473 0.108765

0.00134277 0.108749
0.00146484 0.108667

0.000976562 0.108941
0.0010944 0.108887

0.00170898 0.108474
0.00149999 0.108643

0.00146484 0.108667
0.00149818 0.108643

0.00170898 0.108471
0.00178793 0.108398

0.00224518 0.105469
0.00231129 0.105591

0.00230995 0.105591
0.00231934 0.105611

0.00231934 0.105607
0.00236856 0.105713

0.00236786 0.105713
0.00241655 0.105835

0.00241611 0.105835
0.00244141 0.10591

0.00244141 0.105907
0.0024585 0.105957

0.00245822 0.105957
0.00249152 0.106079

0.00249104 0.106079
0.00251657 0.106201

0.00251648 0.106201
0.00253536 0.106323

0.00253535 0.106323
0.00254778 0.106445

0.00244141 0.107348
0.00241794 0.107422

0.00254777 0.106445
0.0025538 0.106567

0.00255379 0.106567
0.00255343 0.106689

0.00255344 0.106689
0.00254669 0.106812

0.00254671 0.106812
0.00253352 0.106934

0.00253353 0.106934
0.00251384 0.107056

0.00251379 0.107056
0.00248771 0.107178

0.00248754 0.107178
0.00245552 0.1073

0.00244141 0.107343
0.0024551 0.1073

0.00219727 0.107891
0.00218684 0.10791

0.00231934 0.10766
0.00231654 0.107666

0.00241747 0.107422
0.00237065 0.107544

0.00231934 0.107659
0.00237006 0.107544

0.0023169 0.107666
0.00225518 0.107788

0.00219727 0.107887
0.00225467 0.107788

0.00218772 0.10791
0.00201243 0.108154

0.00195312 0.10822
0.00200772 0.108154

