7.16619e-05 0
7.32422e-05 4.63622e-06

7.32422e-05 5.6967e-07
9.60149e-05 2.44141e-05

9.76563e-05 1.42015e-05
0.00012207 1.49291e-05

0.00012207 1.38632e-05
0.000146484 1.38416e-05

0.000146484 1.43859e-05
0.000170898 1.47111e-05

0.000170898 1.43505e-05
0.000195313 1.38609e-05

0.000195313 1.42619e-05
0.000219727 1.4074e-05

0.000219727 1.384e-05
0.000244141 1.40821e-05

0.000244141 1.42438e-05
0.000268555 1.44652e-05

0.000268555 1.44634e-05
0.000292969 1.38021e-05

0.000292969 1.41443e-05
0.000317383 1.35452e-05

0.000317383 1.37277e-05
0.000341797 1.36299e-05

0.000341797 1.37566e-05
0.000366211 1.37859e-05

0.000366211 1.37934e-05
0.000390625 1.36082e-05

0.000390625 1.37356e-05
0.000415039 1.35299e-05

0.000415039 1.36504e-05
0.000439453 1.34449e-05

0.000439453 1.35806e-05
0.000463867 1.33806e-05

0.000463867 1.34967e-05
0.000488281 1.33042e-05

0.000488281 1.34435e-05
0.000512695 1.32359e-05

0.000512695 1.33098e-05
0.000537109 1.31888e-05

0.000537109 1.33091e-05
0.000561523 1.31948e-05

0.000561523 1.32028e-05
0.000585937 1.31306e-05

0.000585937 1.32991e-05
0.000634766 1.29024e-05

0.000634766 1.30674e-05
0.00065918 1.31213e-05

0.00065918 1.30494e-05
0.000683594 1.30308e-05

0.000683594 1.31824e-05
0.000708008 1.29798e-05

0.000708008 1.29953e-05
0.000732422 1.27966e-05

0.000732422 1.28498e-05
0.000756836 1.30312e-05

0.000756836 1.29337e-05
0.00078125 1.31148e-05

0.00078125 1.31035e-05
0.000805664 1.30349e-05

0.000805664 1.30031e-05
0.000830078 1.29478e-05

0.000830078 1.28829e-05
0.000854492 1.31769e-05

0.000854492 1.31119e-05
0.000878906 1.32582e-05

0.000878906 1.314e-05
0.00090332 1.31295e-05

0.00090332 1.31018e-05
0.000927734 1.32533e-05

0.000927734 1.31766e-05
0.000952148 1.33111e-05

0.000952148 1.31894e-05
0.000976562 1.33601e-05

0.000976562 1.32634e-05
0.00100098 1.34721e-05

0.00100098 1.34396e-05
0.00102539 1.34145e-05

0.00102539 1.32752e-05
0.0010498 1.34236e-05

0.0010498 1.33092e-05
0.00107422 1.37624e-05

0.00107422 1.35854e-05
0.00109863 1.37829e-05

0.00109863 1.374e-05
0.00112305 1.36261e-05

0.00112305 1.3482e-05
0.00114746 1.37164e-05

0.00114746 1.35005e-05
0.00117187 1.42158e-05

0.00117188 1.41421e-05
0.00119629 1.41394e-05

0.00119629 1.39292e-05
0.0012207 1.37829e-05

0.0012207 1.36248e-05
0.00124512 1.44335e-05

0.00124512 1.4545e-05
0.00126953 1.44124e-05

0.00126953 1.4039e-05
0.00129395 1.38133e-05

0.00129395 1.4294e-05
0.00131836 1.43144e-05

0.00131836 1.35434e-05
0.00134277 1.43403e-05

0.00134277 1.55602e-05
0.00136719 1.42911e-05

0.00139145 0
0.00136884 2.44141e-05

0.0013916 4.85683e-06
0.00139326 0

0.00146282 0
0.00146484 5.89285e-06

0.00146484 3.58111e-06
0.00148505 2.44141e-05

0.00148702 2.44141e-05
0.00148926 2.51805e-05

0.00148926 1.64429e-05
0.00151367 1.75529e-05

0.00151367 1.72339e-05
0.00153809 1.6391e-05

0.00151367 2.44212e-05
0.00151415 2.44141e-05

0.0015625 4.34617e-06
0.00154253 2.44141e-05

0.00153809 2.54792e-05
0.00154123 2.44141e-05

0 0.00312131
0.000390625 0.00311029

0.000390625 0.00311058
0.00078125 0.00307694

0.00078125 0.00307757
0.00117187 0.00301948

0.00117188 0.00302054
0.0015625 0.00293463

0.0015625 6.27573e-06
0.00156465 0

0.00165573 0
0.00166016 1.07154e-05

0.00166016 1.04981e-05
0.00167622 2.44141e-05

0.0016751 2.44141e-05
0.00168457 2.75936e-05

0.00168457 1.74644e-05
0.00170898 1.72199e-05

0.00168457 2.44948e-05
0.00169832 2.44141e-05

0.0017334 1.00062e-05
0.00171719 2.44141e-05

0.00170898 2.73935e-05
0.00171771 2.44141e-05

0.0017334 9.11977e-06
0.00173709 0

0.00180001 0
0.00180664 1.45559e-05

0.00180664 9.57697e-06
0.00183105 1.20288e-05

0.00183105 6.48811e-06
0.00185258 0

0.00185619 0
0.00187988 1.71242e-05

0.00187988 8.49917e-06
0.0019043 1.14031e-05

0.0019043 9.00335e-06
0.00192871 1.06284e-05

0.00192871 9.62584e-06
0.00195312 1.20705e-05

0.00195312 9.38611e-06
0.00197754 1.30997e-05

0.00197754 1.36683e-05
0.00200195 1.27476e-05

0.00200195 1.57944e-05
0.00202637 5.47716e-06

0.00202637 5.96588e-06
0.00205078 8.67393e-06

0.00205078 9.08078e-06
0.0020752 1.49483e-05

0.0020752 9.56083e-06
0.00209961 1.18142e-05

0.00209961 1.34999e-05
0.00212402 1.34116e-05

0.00212402 1.31271e-05
0.00214844 8.13159e-06

0.00214844 7.70355e-06
0.00217285 1.30565e-05

0.00217285 1.39352e-05
0.00219727 1.39499e-05

0.00219727 1.31872e-05
0.00222168 7.59239e-06

0.00222168 7.51201e-06
0.00224609 1.34659e-05

0.00224609 1.4181e-05
0.00227051 1.39883e-05

0.00227051 1.39231e-05
0.00229492 6.79692e-06

0.00229492 7.58262e-06
0.00231934 1.19168e-05

0.00231934 1.04515e-05
0.00234375 1.53279e-05

0.00234375 1.53582e-05
0.00236816 1.06006e-05

0.00236816 1.25379e-05
0.00239258 6.92991e-06

0.00239258 6.9393e-06
0.00241699 1.25577e-05

0.00241699 1.05535e-05
0.00244141 1.5389e-05

0.00244141 1.53842e-05
0.00246582 1.05368e-05

0.00246582 1.25035e-05
0.00249023 7.00026e-06

0.00249023 7.00308e-06
0.00251465 1.25688e-05

0.00251465 1.05848e-05
0.00253906 1.53461e-05

0.00253906 1.53396e-05
0.00256348 1.05598e-05

0.00256348 1.24692e-05
0.00258789 7.1112e-06

0.00258789 7.10557e-06
0.0026123 1.25933e-05

0.0026123 1.07195e-05
0.00263672 1.52237e-05

0.00263672 1.51693e-05
0.00266113 1.05111e-05

0.00266113 1.18558e-05
0.00268555 7.91345e-06

0.00268555 7.10571e-06
0.00270996 1.39318e-05

0.00270996 1.39953e-05
0.00273438 1.4162e-05

0.00273437 1.39559e-05
0.00275879 7.30609e-06

0.00275879 8.09972e-06
0.0027832 1.18308e-05

0.0027832 1.06718e-05
0.00280762 1.50122e-05

0.00280762 1.5011e-05
0.00283203 1.06663e-05

0.00283203 1.18213e-05
0.00285645 8.11043e-06

0.00285645 7.44557e-06
0.00288086 1.38329e-05

0.00288086 1.39454e-05
0.00290527 1.38609e-05

0.00290527 1.29579e-05
0.00292969 8.2076e-06

0.00292969 8.77684e-06
0.0029541 1.3064e-05

0.0029541 1.32208e-05
0.00297852 1.32924e-05

0.00297852 1.1486e-05
0.00300293 1.04495e-05

0.00300293 1.06273e-05
0.00302734 1.45338e-05

0.00302734 1.29192e-05
0.00305176 1.43233e-05

0.00305176 1.32481e-05
0.00307617 1.39613e-05

0.00307617 1.36333e-05
0.00310059 1.46801e-05

0.00310059 1.39831e-05
0.003125 1.48364e-05

0.00175781 0.00287866
0.00157399 0.00292969

0.0015625 0.0029324
0.00157227 0.00292969

0.00175781 0.00287914
0.00195312 0.00281621

0.00234375 0.00265851
0.00217002 0.00273438

0.00195312 0.00281655
0.00214844 0.00274324

0.00214844 0.0027428
0.00216774 0.00273438

0.00292969 0.00231041
0.00288346 0.00234375

0.003125 0.00214783
0.00312433 0.00214844

0.00302734 0.00223487
0.00301341 0.00224609

0.00297852 0.00227133
0.00294811 0.00229492

0.00292969 0.00231004
0.00294935 0.00229492

0.00297852 0.00227062
0.00300919 0.00224609

0.00302734 0.00223328
0.00312492 0.00214844

0.00244141 0.00261062
0.00238779 0.00263672

0.00234375 0.00265696
0.00238534 0.00263672

0.00244141 0.00261026
0.00253906 0.00255926

0.00273438 0.00244613
0.00257697 0.00253906

0.00253906 0.00255926
0.00257386 0.00253906

0.00283203 0.00237987
0.0027395 0.00244141

0.00273438 0.00244447
0.00273918 0.00244141

0.00283203 0.00237968
0.00288212 0.00234375

0.003125 1.43571e-05
0.00314941 1.53032e-05

0.00314941 1.4714e-05
0.00317383 1.56361e-05

0.00317383 1.50734e-05
0.00319824 1.61172e-05

0.00319824 1.55069e-05
0.00322266 1.66227e-05

0.00322266 1.60639e-05
0.00324707 1.70858e-05

0.00324707 1.64932e-05
0.00327148 1.74838e-05

0.00327148 1.66869e-05
0.0032959 1.83035e-05

0.0032959 1.7941e-05
0.00332031 1.91492e-05

0.00332031 1.82471e-05
0.00334473 1.91598e-05

0.00334473 1.94616e-05
0.00336914 1.94539e-05

0.00336914 1.29037e-05
0.00339344 2.44141e-05

0.00339175 2.44141e-05
0.00339355 2.5112e-05

0.00339355 2.6965e-05
0.00341797 4.8304e-05

0.00341793 4.88281e-05
0.00341797 4.88669e-05

0.00341797 4.81942e-05
0.00341862 4.88281e-05

0.00341797 4.90847e-05
0.00344191 7.32422e-05

0.00344192 7.32422e-05
0.00344238 7.37286e-05

0.00344238 7.38458e-05
0.00346445 9.76563e-05

0.00346503 9.76563e-05
0.0034668 9.96526e-05

0.0034668 0.000100156
0.00350611 0.000146484

0.00350614 0.000146484
0.00351563 0.000158893

0.00351563 0.000159393
0.00354263 0.000195313

0.00354297 0.000195313
0.00356445 0.000227538

0.00356445 0.000229194
0.00357423 0.000244141

0.00357503 0.000244141
0.00360388 0.000292969

0.00360459 0.000292969
0.00361328 0.000310454

0.00361328 0.000311771
0.00362897 0.000341797

0.00362915 0.000341797
0.0036518 0.000390625

0.00365246 0.000390625
0.00368997 0.000488281

0.00368977 0.000488281
0.00371094 0.000562885

0.00371094 0.000564396
0.00371705 0.000585938

0.00371717 0.000585937
0.00373608 0.000683594

0.00373572 0.000683594
0.00374697 0.00078125

0.00374895 0.00078125
0.0037497 0.000976562

0.0037494 0.000976562
0.0037216 0.00117188

0.00371094 0.00121041
0.00366608 0.00136719

0.00366618 0.00136719
0.00358126 0.0015625

0.00371094 0.00120467
0.00372032 0.00117187

0.00332031 0.00195077
0.00331834 0.00195312

0.00351563 0.00167717
0.00346759 0.00175781

0.00341797 0.00182139
0.0033932 0.00185547

0.00332031 0.00194552
0.00339308 0.00185547

0.00341797 0.00182047
0.00346363 0.00175781

0.00331782 0.00195312
0.00312847 0.00214844

0.003125 0.00214879
0.00312538 0.00214844

0.00351563 0.00167165
0.00358063 0.0015625

