7.17641e-05 0
7.32422e-05 4.34665e-06

7.3303e-05 0
9.59788e-05 2.44141e-05

9.73914e-05 2.44141e-05
9.76563e-05 2.45091e-05

9.76563e-05 1.42828e-05
0.00012207 1.54171e-05

0.00012207 1.41127e-05
0.000146484 1.36718e-05

0.000146484 1.44237e-05
0.000170898 1.45883e-05

0.000170898 1.41752e-05
0.000195313 1.38652e-05

0.000195313 1.42534e-05
0.000219727 1.42778e-05

0.000219727 1.41638e-05
0.000244141 1.39143e-05

0.000244141 1.39151e-05
0.000268555 1.42317e-05

0.000268555 1.44221e-05
0.000292969 1.41443e-05

0.000292969 1.42162e-05
0.000317383 1.35021e-05

0.000317383 1.3791e-05
0.000341797 1.36884e-05

0.000341797 1.38294e-05
0.000366211 1.37344e-05

0.000366211 1.37689e-05
0.000390625 1.35678e-05

0.000390625 1.37352e-05
0.000415039 1.35279e-05

0.000415039 1.35935e-05
0.000439453 1.3435e-05

0.000439453 1.36026e-05
0.000463867 1.34259e-05

0.000463867 1.34752e-05
0.000488281 1.32932e-05

0.000488281 1.34673e-05
0.000512695 1.32946e-05

0.000512695 1.33364e-05
0.000537109 1.31802e-05

0.000537109 1.33406e-05
0.000561523 1.31946e-05

0.000561523 1.3227e-05
0.000585937 1.30786e-05

0.000585937 1.32586e-05
0.000634766 1.28668e-05

0.000634766 1.3019e-05
0.00065918 1.31479e-05

0.00065918 1.31029e-05
0.000683594 1.30101e-05

0.000683594 1.31149e-05
0.000708008 1.29196e-05

0.000708008 1.29397e-05
0.000732422 1.2896e-05

0.000732422 1.29122e-05
0.000756836 1.30606e-05

0.000756836 1.29565e-05
0.00078125 1.30895e-05

0.00078125 1.30977e-05
0.000805664 1.30643e-05

0.000805664 1.30377e-05
0.000830078 1.29607e-05

0.000830078 1.28764e-05
0.000854492 1.3176e-05

0.000854492 1.31404e-05
0.000878906 1.32856e-05

0.000878906 1.31644e-05
0.00090332 1.30966e-05

0.00090332 1.31165e-05
0.000927734 1.32121e-05

0.000927734 1.30214e-05
0.000952148 1.33771e-05

0.000952148 1.33486e-05
0.000976562 1.34947e-05

0.000976562 1.32842e-05
0.00100098 1.33271e-05

0.00100098 1.34431e-05
0.00102539 1.34628e-05

0.00102539 1.32538e-05
0.0010498 1.33863e-05

0.0010498 1.33058e-05
0.00107422 1.37942e-05

0.00107422 1.3555e-05
0.00109863 1.38066e-05

0.00109863 1.38203e-05
0.00112305 1.36552e-05

0.00112305 1.34736e-05
0.00114746 1.36415e-05

0.00114746 1.35244e-05
0.00117187 1.42019e-05

0.00117188 1.38919e-05
0.00119629 1.42473e-05

0.00119629 1.42123e-05
0.0012207 1.40587e-05

0.0012207 1.39309e-05
0.00124512 1.3972e-05

0.00124512 1.39109e-05
0.00126953 1.44232e-05

0.00126953 1.42861e-05
0.00129395 1.44092e-05

0.00129395 1.46612e-05
0.00131836 1.38649e-05

0.00131836 1.35824e-05
0.00134277 1.38821e-05

0.00134277 1.46748e-05
0.00136719 1.43114e-05

0.0013916 8.66313e-07
0.00136887 2.44141e-05

0.0013916 4.55791e-06
0.00139315 0

0.00146301 0
0.00146484 5.39838e-06

0.00146484 3.43557e-06
0.00148501 2.44141e-05

0.00148634 2.44141e-05
0.00148926 2.54239e-05

0.00148926 1.65252e-05
0.00151367 1.76196e-05

0.00151367 1.72235e-05
0.00153809 1.63051e-05

0.0015625 4.39773e-06
0.0015425 2.44141e-05

0.00153809 2.54412e-05
0.00154113 2.44141e-05

0 0.0031213
0.000390625 0.00311029

0.000390625 0.00311057
0.00078125 0.00307694

0.00078125 0.00307757
0.00117187 0.00301948

0.00117188 0.00302054
0.0015625 0.00293463

0.0015625 6.51729e-06
0.00156474 0

0.00165568 0
0.00166016 1.08158e-05

0.00166016 1.052e-05
0.00167628 2.44141e-05

0.00167521 2.44141e-05
0.00168457 2.75389e-05

0.00168457 1.73472e-05
0.00170898 1.72006e-05

0.00168457 2.4466e-05
0.00170125 2.44141e-05

0.0017334 1.0092e-05
0.00171728 2.44141e-05

0.00170898 2.75417e-05
0.00171817 2.44141e-05

0.0017334 8.95395e-06
0.00173702 0

0.00180001 0
0.00180664 1.45627e-05

0.00180664 9.58653e-06
0.00183105 1.20215e-05

0.00183105 6.48108e-06
0.00185258 0

0.00185619 0
0.00187988 1.71316e-05

0.00187988 8.50249e-06
0.0019043 1.14006e-05

0.0019043 9.00385e-06
0.00192871 1.06296e-05

0.00192871 9.62798e-06
0.00195312 1.20702e-05

0.00195312 9.38619e-06
0.00197754 1.30987e-05

0.00197754 1.36668e-05
0.00200195 1.27497e-05

0.00200195 1.57932e-05
0.00202637 5.48219e-06

0.00202637 5.9602e-06
0.00205078 8.68529e-06

0.00205078 9.11326e-06
0.0020752 1.49384e-05

0.0020752 9.54989e-06
0.00209961 1.17828e-05

0.00209961 1.34683e-05
0.00212402 1.34377e-05

0.00212402 1.31428e-05
0.00214844 8.14954e-06

0.00214844 7.71159e-06
0.00217285 1.3042e-05

0.00217285 1.39331e-05
0.00219727 1.39597e-05

0.00219727 1.32062e-05
0.00222168 7.58274e-06

0.00222168 7.49871e-06
0.00224609 1.34517e-05

0.00224609 1.41644e-05
0.00227051 1.40097e-05

0.00227051 1.39355e-05
0.00229492 6.80773e-06

0.00229492 7.59201e-06
0.00231934 1.19054e-05

0.00231934 1.0451e-05
0.00234375 1.53286e-05

0.00234375 1.53581e-05
0.00236816 1.06e-05

0.00236816 1.25371e-05
0.00239258 6.93036e-06

0.00239258 6.93946e-06
0.00241699 1.25585e-05

0.00241699 1.05542e-05
0.00244141 1.53888e-05

0.00244141 1.5384e-05
0.00246582 1.05368e-05

0.00246582 1.25027e-05
0.00249023 7.00168e-06

0.00249023 7.00444e-06
0.00251465 1.25695e-05

0.00251465 1.05862e-05
0.00253906 1.5345e-05

0.00253906 1.53383e-05
0.00256348 1.05598e-05

0.00256348 1.24681e-05
0.00258789 7.11444e-06

0.00258789 7.11102e-06
0.0026123 1.25911e-05

0.0026123 1.0719e-05
0.00263672 1.52177e-05

0.00263672 1.51631e-05
0.00266113 1.05123e-05

0.00266113 1.18553e-05
0.00268555 7.91808e-06

0.00268555 7.10821e-06
0.00270996 1.39303e-05

0.00270996 1.39952e-05
0.00273438 1.41618e-05

0.00273437 1.39493e-05
0.00275879 7.31341e-06

0.00275879 8.10831e-06
0.0027832 1.18375e-05

0.0027832 1.06805e-05
0.00280762 1.50037e-05

0.00280762 1.49967e-05
0.00283203 1.06736e-05

0.00283203 1.19e-05
0.00285645 8.05972e-06

0.00285645 7.37618e-06
0.00288086 1.37476e-05

0.00288086 1.37968e-05
0.00290527 1.39917e-05

0.00290527 1.30317e-05
0.00292969 8.35318e-06

0.00292969 8.89949e-06
0.0029541 1.29841e-05

0.0029541 1.32162e-05
0.00297852 1.32798e-05

0.00297852 1.15409e-05
0.00300293 1.04267e-05

0.00300293 1.06213e-05
0.00302734 1.44222e-05

0.00302734 1.28313e-05
0.00305176 1.42827e-05

0.00305176 1.31852e-05
0.00307617 1.39672e-05

0.00307617 1.36019e-05
0.00310059 1.46833e-05

0.00310059 1.39555e-05
0.003125 1.48585e-05

0.00175781 0.00287867
0.00157401 0.00292969

0.0015625 0.0029324
0.00157229 0.00292969

0.00175781 0.00287914
0.00195312 0.00281622

0.00234375 0.00265851
0.00217003 0.00273438

0.00195312 0.00281656
0.00214844 0.00274324

0.00214844 0.0027428
0.00216773 0.00273438

0.00292969 0.0023104
0.00288344 0.00234375

0.003125 0.00214782
0.00312432 0.00214844

0.00302734 0.00223484
0.00301338 0.00224609

0.00297852 0.00227131
0.00294809 0.00229492

0.00292969 0.00231002
0.00294933 0.00229492

0.00297852 0.0022706
0.00300916 0.00224609

0.00302734 0.00223326
0.00312488 0.00214844

0.00244141 0.00261062
0.0023878 0.00263672

0.00234375 0.00265696
0.00238534 0.00263672

0.00244141 0.00261026
0.00253906 0.00255926

0.00273438 0.00244612
0.00257696 0.00253906

0.00253906 0.00255924
0.00257384 0.00253906

0.00283203 0.00237986
0.00273948 0.00244141

0.00273438 0.00244446
0.00273916 0.00244141

0.00283203 0.00237966
0.00288209 0.00234375

0.003125 1.43446e-05
0.00314941 1.53662e-05

0.00314941 1.47667e-05
0.00317383 1.5703e-05

0.00317383 1.51579e-05
0.00319824 1.61114e-05

0.00319824 1.55457e-05
0.00322266 1.65528e-05

0.00322266 1.60073e-05
0.00324707 1.7029e-05

0.00324707 1.63896e-05
0.00327148 1.75519e-05

0.00327148 1.68838e-05
0.0032959 1.83125e-05

0.0032959 1.77695e-05
0.00332031 1.8923e-05

0.00332031 1.81638e-05
0.00334473 1.93332e-05

0.00334473 1.95312e-05
0.00336914 1.95e-05

0.00336914 1.28434e-05
0.00339324 2.44141e-05

0.00339147 2.44141e-05
0.00339355 2.52401e-05

0.00339355 2.73403e-05
0.00341797 4.87882e-05

0.00341771 4.88281e-05
0.00341797 4.90769e-05

0.00341797 4.94105e-05
0.00344175 7.32422e-05

0.00344178 7.32422e-05
0.00344238 7.38679e-05

0.00344238 7.40193e-05
0.00346442 9.76563e-05

0.00346502 9.76563e-05
0.0034668 9.96434e-05

0.0034668 0.000100473
0.00348572 0.00012207

0.0034855 0.00012207
0.00349121 0.00012889

0.00349121 0.000128532
0.00350598 0.000146484

0.00350622 0.000146484
0.00351563 0.000158781

0.00351563 0.000159276
0.00354272 0.000195313

0.00354306 0.000195313
0.00356445 0.000227412

0.00356445 0.000229075
0.00357431 0.000244141

0.00357511 0.000244141
0.00360395 0.000292969

0.00360467 0.000292969
0.00361328 0.000310303

0.00361328 0.000311633
0.00362904 0.000341797

0.00362922 0.000341797
0.00365186 0.000390625

0.00365252 0.000390625
0.00369002 0.000488281

0.00368982 0.000488281
0.00371094 0.000562715

0.00371094 0.00056422
0.0037171 0.000585938

0.00371722 0.000585937
0.00373612 0.000683594

0.00373576 0.000683594
0.003747 0.00078125

0.00374898 0.00078125
0.00374972 0.000976562

0.00374942 0.000976562
0.0037216 0.00117188

0.00371094 0.00121043
0.00366607 0.00136719

0.00366618 0.00136719
0.00358125 0.0015625

0.00371094 0.00120466
0.00372032 0.00117187

0.00332031 0.00195075
0.00331832 0.00195312

0.00351563 0.00167714
0.00346757 0.00175781

0.00341797 0.00182136
0.00339317 0.00185547

0.00332031 0.00194547
0.00339304 0.00185547

0.00341797 0.00182043
0.00346361 0.00175781

0.00331778 0.00195312
0.00312843 0.00214844

0.003125 0.00214874
0.00312532 0.00214844

0.00351563 0.0016716
0.00358061 0.0015625

