7.14791e-05 0
7.32422e-05 5.14454e-06

7.32422e-05 4.30556e-07
9.60748e-05 2.44141e-05

9.76563e-05 1.41535e-05
0.00012207 1.50643e-05

0.00012207 1.41509e-05
0.000146484 1.3648e-05

0.000146484 1.41915e-05
0.000170898 1.42485e-05

0.000170898 1.37453e-05
0.000195313 1.41412e-05

0.000195313 1.44417e-05
0.000219727 1.46104e-05

0.000219727 1.44524e-05
0.000244141 1.3697e-05

0.000244141 1.38413e-05
0.000268555 1.40429e-05

0.000268555 1.41902e-05
0.000292969 1.42685e-05

0.000292969 1.43783e-05
0.000317383 1.36266e-05

0.000317383 1.37484e-05
0.000341797 1.3563e-05

0.000341797 1.38463e-05
0.000366211 1.38792e-05

0.000366211 1.3834e-05
0.000390625 1.35268e-05

0.000390625 1.37493e-05
0.000415039 1.35161e-05

0.000415039 1.35933e-05
0.000439453 1.34208e-05

0.000439453 1.35804e-05
0.000463867 1.34298e-05

0.000463867 1.35073e-05
0.000488281 1.32851e-05

0.000488281 1.34356e-05
0.000512695 1.32492e-05

0.000512695 1.33312e-05
0.000537109 1.31897e-05

0.000537109 1.33147e-05
0.000561523 1.3165e-05

0.000561523 1.31676e-05
0.000585937 1.31371e-05

0.000585937 1.33247e-05
0.000634766 1.28974e-05

0.000634766 1.30196e-05
0.00065918 1.3071e-05

0.00065918 1.30182e-05
0.000683594 1.30635e-05

0.000683594 1.31478e-05
0.000708008 1.30074e-05

0.000708008 1.30455e-05
0.000732422 1.28363e-05

0.000732422 1.28997e-05
0.000756836 1.29591e-05

0.000756836 1.29203e-05
0.00078125 1.30454e-05

0.00078125 1.29786e-05
0.000805664 1.30575e-05

0.000805664 1.30362e-05
0.000830078 1.30417e-05

0.000830078 1.29161e-05
0.000854492 1.31277e-05

0.000854492 1.30995e-05
0.000878906 1.32804e-05

0.000878906 1.31081e-05
0.00090332 1.31952e-05

0.00090332 1.32013e-05
0.000927734 1.33041e-05

0.000927734 1.31756e-05
0.000952148 1.32763e-05

0.000952148 1.32506e-05
0.000976562 1.34005e-05

0.000976562 1.32864e-05
0.00100098 1.33834e-05

0.00100098 1.32884e-05
0.00102539 1.3504e-05

0.00102539 1.34306e-05
0.0010498 1.35549e-05

0.0010498 1.34281e-05
0.00107422 1.35472e-05

0.00107422 1.33012e-05
0.00109863 1.386e-05

0.00109863 1.38451e-05
0.00112305 1.39626e-05

0.00112305 1.37916e-05
0.00114746 1.35462e-05

0.00114746 1.34095e-05
0.00117187 1.40298e-05

0.00117188 1.38034e-05
0.00119629 1.44701e-05

0.00119629 1.43429e-05
0.0012207 1.41201e-05

0.0012207 1.39191e-05
0.00124512 1.40103e-05

0.00124512 1.42714e-05
0.00126953 1.43323e-05

0.00126953 1.39322e-05
0.00129395 1.40913e-05

0.00129395 1.44678e-05
0.00131836 1.43824e-05

0.00131836 1.38552e-05
0.00134277 1.40358e-05

0.00134277 1.50731e-05
0.00136719 1.40576e-05

0.0013916 3.99004e-07
0.00136873 2.44141e-05

0.00136719 2.46736e-05
0.00136793 2.44141e-05

0.0013916 5.19878e-06
0.00139338 0

0.00146295 0
0.00146484 5.59115e-06

0.00146484 3.93633e-06
0.00148492 2.44141e-05

0.00148536 2.44141e-05
0.00148926 2.57372e-05

0.00148926 1.65375e-05
0.00151367 1.70789e-05

0.00151367 1.67021e-05
0.00153809 1.63315e-05

0.0015625 4.83572e-06
0.00154261 2.44141e-05

0.00153809 2.56892e-05
0.00154192 2.44141e-05

0 0.0031213
0.000390625 0.00311028

0.000390625 0.00311057
0.00078125 0.00307693

0.00078125 0.00307756
0.00117187 0.00301948

0.00117188 0.00302053
0.0015625 0.00293462

0.0015625 6.33223e-06
0.00156467 0

0.00165566 0
0.00166016 1.08496e-05

0.00166016 1.05872e-05
0.00167628 2.44141e-05

0.00167515 2.44141e-05
0.00168457 2.75406e-05

0.00168457 1.72643e-05
0.00170898 1.71289e-05

0.00168457 2.44619e-05
0.00170191 2.44141e-05

0.0017334 1.01633e-05
0.0017173 2.44141e-05

0.00170898 2.75717e-05
0.0017183 2.44141e-05

0.0017334 8.92846e-06
0.00173701 0

0.00180003 0
0.00180664 1.45344e-05

0.00180664 9.56922e-06
0.00183105 1.20493e-05

0.00183105 6.46936e-06
0.00185266 0

0.00185616 0
0.00187988 1.71437e-05

0.00187988 8.53149e-06
0.0019043 1.14007e-05

0.0019043 9.01599e-06
0.00192871 1.0623e-05

0.00192871 9.63445e-06
0.00195312 1.20731e-05

0.00195312 9.39042e-06
0.00197754 1.30967e-05

0.00197754 1.36674e-05
0.00200195 1.27513e-05

0.00200195 1.57681e-05
0.00202637 5.51064e-06

0.00202637 5.99913e-06
0.00205078 8.70082e-06

0.00205078 9.09714e-06
0.0020752 1.49376e-05

0.0020752 9.59117e-06
0.00209961 1.18216e-05

0.00209961 1.3502e-05
0.00212402 1.33878e-05

0.00212402 1.31016e-05
0.00214844 8.16076e-06

0.00214844 7.73677e-06
0.00217285 1.3067e-05

0.00217285 1.3935e-05
0.00219727 1.39306e-05

0.00219727 1.31784e-05
0.00222168 7.61948e-06

0.00222168 7.53437e-06
0.00224609 1.34654e-05

0.00224609 1.41875e-05
0.00227051 1.39763e-05

0.00227051 1.39171e-05
0.00229492 6.80009e-06

0.00229492 7.58406e-06
0.00231934 1.19215e-05

0.00231934 1.04557e-05
0.00234375 1.53254e-05

0.00234375 1.53556e-05
0.00236816 1.0601e-05

0.00236816 1.25341e-05
0.00239258 6.93917e-06

0.00239258 6.94916e-06
0.00241699 1.25593e-05

0.00241699 1.05586e-05
0.00244141 1.53818e-05

0.00244141 1.53769e-05
0.00246582 1.05393e-05

0.00246582 1.24999e-05
0.00249023 7.01474e-06

0.00249023 7.01733e-06
0.00251465 1.25683e-05

0.00251465 1.05901e-05
0.00253906 1.53373e-05

0.00253906 1.53314e-05
0.00256348 1.05629e-05

0.00256348 1.24682e-05
0.00258789 7.12378e-06

0.00258789 7.11999e-06
0.0026123 1.25876e-05

0.0026123 1.07206e-05
0.00263672 1.52122e-05

0.00263672 1.51579e-05
0.00266113 1.05131e-05

0.00266113 1.18517e-05
0.00268555 7.92624e-06

0.00268555 7.12001e-06
0.00270996 1.39271e-05

0.00270996 1.39807e-05
0.00273438 1.41632e-05

0.00273437 1.3936e-05
0.00275879 7.35671e-06

0.00275879 8.15109e-06
0.0027832 1.18432e-05

0.0027832 1.07011e-05
0.00280762 1.49751e-05

0.00280762 1.49707e-05
0.00283203 1.06839e-05

0.00283203 1.18398e-05
0.00285645 8.16001e-06

0.00285645 7.48499e-06
0.00288086 1.38016e-05

0.00288086 1.39064e-05
0.00290527 1.38868e-05

0.00290527 1.3047e-05
0.00292969 8.21313e-06

0.00292969 8.72626e-06
0.0029541 1.29929e-05

0.0029541 1.31806e-05
0.00297852 1.33967e-05

0.00297852 1.16409e-05
0.00300293 1.0364e-05

0.00300293 1.05553e-05
0.00302734 1.43571e-05

0.00302734 1.28096e-05
0.00305176 1.43328e-05

0.00305176 1.31667e-05
0.00307617 1.39569e-05

0.00307617 1.3604e-05
0.00310059 1.47222e-05

0.00310059 1.39824e-05
0.003125 1.48606e-05

0.00175781 0.00287864
0.00157394 0.00292969

0.0015625 0.00293239
0.00157222 0.00292969

0.00175781 0.00287912
0.00195312 0.00281619

0.00234375 0.00265846
0.00216993 0.00273438

0.00195312 0.00281652
0.00214844 0.0027432

0.00214844 0.00274273
0.00216757 0.00273438

0.00292969 0.0023103
0.00288331 0.00234375

0.003125 0.00214779
0.00312429 0.00214844

0.00302734 0.00223474
0.00301325 0.00224609

0.00297852 0.00227121
0.00294796 0.00229492

0.00292969 0.00230993
0.0029492 0.00229492

0.00297852 0.00227048
0.00300902 0.00224609

0.00302734 0.00223315
0.00312477 0.00214844

0.00244141 0.00261056
0.00238768 0.00263672

0.00234375 0.00265689
0.00238519 0.00263672

0.00244141 0.0026102
0.00253906 0.00255918

0.00273438 0.00244604
0.00257684 0.00253906

0.00253906 0.00255914
0.00257365 0.00253906

0.00283203 0.00237976
0.00273935 0.00244141

0.00273438 0.00244437
0.00273902 0.00244141

0.00283203 0.00237956
0.00288194 0.00234375

0.003125 1.43725e-05
0.00314941 1.53413e-05

0.00314941 1.47623e-05
0.00317383 1.56506e-05

0.00317383 1.51399e-05
0.00319824 1.60503e-05

0.00319824 1.5491e-05
0.00322266 1.64726e-05

0.00322266 1.5896e-05
0.00324707 1.701e-05

0.00324707 1.63993e-05
0.00327148 1.75679e-05

0.00327148 1.69561e-05
0.0032959 1.81184e-05

0.0032959 1.74505e-05
0.00332031 1.87433e-05

0.00332031 1.80145e-05
0.00334473 1.96209e-05

0.00334473 1.96096e-05
0.00336914 1.9797e-05

0.00336914 1.31714e-05
0.00339274 2.44141e-05

0.0033911 2.44141e-05
0.00339355 2.53847e-05

0.00339355 2.76043e-05
0.00341788 4.88281e-05

0.00341748 4.88281e-05
0.00341797 4.92998e-05

0.00341797 4.86544e-05
0.00341815 4.88281e-05

0.00341797 4.94885e-05
0.00344182 7.32422e-05

0.00344183 7.32422e-05
0.00344238 7.38169e-05

0.00344238 7.39369e-05
0.00346456 9.76563e-05

0.00346511 9.76563e-05
0.0034668 9.9541e-05

0.0034668 0.000100016
0.00350641 0.000146484

0.0035064 0.000146484
0.00351563 0.000158534

0.00351563 0.000158848
0.00354276 0.000195313

0.00354326 0.000195313
0.00356445 0.000227104

0.00356445 0.000228849
0.00357447 0.000244141

0.00357529 0.000244141
0.00360412 0.000292969

0.00360486 0.000292969
0.00361328 0.000309933

0.00361328 0.000311318
0.0036292 0.000341797

0.00362938 0.000341797
0.00365201 0.000390625

0.00365267 0.000390625
0.00369016 0.000488281

0.00368996 0.000488281
0.00371094 0.000562249

0.00371094 0.000563757
0.00371723 0.000585938

0.00371735 0.000585937
0.00373624 0.000683594

0.00373588 0.000683594
0.00374712 0.00078125

0.0037491 0.00078125
0.00374982 0.000976562

0.00374951 0.000976562
0.00372168 0.00117188

0.00371094 0.0012107
0.00366613 0.00136719

0.00366623 0.00136719
0.00358126 0.0015625

0.00371094 0.00120484
0.00372038 0.00117187

0.00332031 0.00195076
0.00331833 0.00195312

0.00351563 0.00167718
0.00346758 0.00175781

0.00341797 0.00182131
0.00339312 0.00185547

0.00332031 0.00194538
0.00339299 0.00185547

0.00341797 0.00182037
0.00346358 0.00175781

0.0033177 0.00195312
0.00312833 0.00214844

0.00351563 0.00167155
0.0035806 0.0015625

