7.15342e-05 0
7.32422e-05 4.99627e-06

7.32422e-05 1.01599e-06
9.60579e-05 2.44141e-05

9.69044e-05 2.44141e-05
9.76563e-05 2.46711e-05

9.76563e-05 1.40495e-05
0.00012207 1.46589e-05

0.000119155 2.44141e-05
0.00012207 2.44418e-05

0.00012207 1.39667e-05
0.000146484 1.39318e-05

0.000146484 1.43389e-05
0.000170898 1.43167e-05

0.000170898 1.39763e-05
0.000195313 1.3888e-05

0.000195313 1.39446e-05
0.000219727 1.45747e-05

0.000219727 1.45696e-05
0.000244141 1.42732e-05

0.000244141 1.43756e-05
0.000268555 1.36814e-05

0.000268555 1.39497e-05
0.000292969 1.38246e-05

0.000292969 1.38608e-05
0.000317383 1.40058e-05

0.000317383 1.41134e-05
0.000341797 1.38816e-05

0.000341797 1.40687e-05
0.000366211 1.34454e-05

0.000366211 1.36158e-05
0.000390625 1.34424e-05

0.000390625 1.35821e-05
0.000415039 1.36742e-05

0.000415039 1.37075e-05
0.000439453 1.34875e-05

0.000439453 1.36912e-05
0.000463867 1.32389e-05

0.000463867 1.33157e-05
0.000488281 1.32148e-05

0.000488281 1.33891e-05
0.000512695 1.33938e-05

0.000512695 1.33577e-05
0.000537109 1.31797e-05

0.000537109 1.33292e-05
0.000561523 1.31951e-05

0.000561523 1.31648e-05
0.000585937 1.31787e-05

0.000585937 1.34117e-05
0.000634766 1.2854e-05

0.000634766 1.30867e-05
0.00065918 1.30488e-05

0.00065918 1.29574e-05
0.000683594 1.29756e-05

0.000683594 1.30288e-05
0.000708008 1.31325e-05

0.000708008 1.316e-05
0.000732422 1.29206e-05

0.000732422 1.29247e-05
0.000756836 1.28962e-05

0.000756836 1.29601e-05
0.00078125 1.30802e-05

0.00078125 1.29627e-05
0.000805664 1.30286e-05

0.000805664 1.30803e-05
0.000830078 1.30538e-05

0.000830078 1.2862e-05
0.000878906 1.33213e-05

0.000878906 1.31306e-05
0.00090332 1.31751e-05

0.00090332 1.31713e-05
0.000927734 1.33057e-05

0.000927734 1.31812e-05
0.000952148 1.33186e-05

0.000952148 1.32583e-05
0.000976562 1.34177e-05

0.000976562 1.32897e-05
0.00100098 1.34422e-05

0.00100098 1.33612e-05
0.00102539 1.35378e-05

0.00102539 1.34317e-05
0.0010498 1.35595e-05

0.0010498 1.33981e-05
0.00107422 1.36892e-05

0.00107422 1.366e-05
0.00109863 1.37628e-05

0.00109863 1.3594e-05
0.00112305 1.36465e-05

0.00112305 1.34277e-05
0.00114746 1.40735e-05

0.00114746 1.39932e-05
0.00117187 1.42212e-05

0.00117188 1.39501e-05
0.00119629 1.38989e-05

0.00119629 1.4017e-05
0.0012207 1.41191e-05

0.0012207 1.36639e-05
0.00124512 1.43415e-05

0.00124512 1.46446e-05
0.00126953 1.45399e-05

0.00126953 1.39942e-05
0.00129395 1.3848e-05

0.00129395 1.45026e-05
0.00131836 1.44547e-05

0.00131836 1.36558e-05
0.00134277 1.41121e-05

0.00134277 1.53939e-05
0.00136719 1.42747e-05

0.00139153 0
0.00136888 2.44141e-05

0.0013916 3.95902e-06
0.00139294 0

0.0014631 0
0.00146484 5.1533e-06

0.00146484 3.45743e-06
0.00148493 2.44141e-05

0.00148605 2.44141e-05
0.00148926 2.55291e-05

0.00148926 1.68712e-05
0.00151367 1.7423e-05

0.00151367 1.67243e-05
0.00153809 1.59114e-05

0.0015625 4.81408e-06
0.00154248 2.44141e-05

0.00153809 2.57302e-05
0.00154209 2.44141e-05

0 0.0031213
0.000390625 0.00311028

0.000390625 0.00311056
0.00078125 0.00307693

0.00078125 0.00307756
0.00117187 0.00301946

0.00117188 0.00302052
0.0015625 0.0029346

0.0015625 6.34176e-06
0.00156467 0

0.00165567 0
0.00166016 1.08238e-05

0.00166016 1.05198e-05
0.00167629 2.44141e-05

0.00167521 2.44141e-05
0.00168457 2.75376e-05

0.00168457 1.73343e-05
0.00170898 1.71885e-05

0.00168457 2.4466e-05
0.00170152 2.44141e-05

0.0017334 1.00869e-05
0.00171727 2.44141e-05

0.00170898 2.75494e-05
0.0017182 2.44141e-05

0.0017334 8.93445e-06
0.00173701 0

0.00180004 0
0.00180664 1.45303e-05

0.00180664 9.57669e-06
0.00183105 1.20522e-05

0.00183105 6.44965e-06
0.0018527 0

0.00185614 0
0.00187988 1.7162e-05

0.00187988 8.55297e-06
0.0019043 1.13928e-05

0.0019043 9.02038e-06
0.00192871 1.06223e-05

0.00192871 9.6416e-06
0.00195312 1.20746e-05

0.00195312 9.39186e-06
0.00197754 1.30931e-05

0.00197754 1.3666e-05
0.00200195 1.27553e-05

0.00200195 1.5756e-05
0.00202637 5.52758e-06

0.00202637 6.01736e-06
0.00205078 8.71247e-06

0.00205078 9.11409e-06
0.0020752 1.49211e-05

0.0020752 9.59033e-06
0.00209961 1.18159e-05

0.00209961 1.34959e-05
0.00212402 1.33874e-05

0.00212402 1.3037e-05
0.00214844 8.22635e-06

0.00214844 7.81929e-06
0.00217285 1.31292e-05

0.00217285 1.40374e-05
0.00219727 1.38249e-05

0.00219727 1.31238e-05
0.00222168 7.5423e-06

0.00222168 7.47174e-06
0.00224609 1.35179e-05

0.00224609 1.41662e-05
0.00227051 1.39962e-05

0.00227051 1.39301e-05
0.00229492 6.83192e-06

0.00229492 7.61347e-06
0.00231934 1.19038e-05

0.00231934 1.04579e-05
0.00234375 1.53167e-05

0.00234375 1.53477e-05
0.00236816 1.06057e-05

0.00236816 1.25358e-05
0.00239258 6.94795e-06

0.00239258 6.95701e-06
0.00241699 1.25548e-05

0.00241699 1.05586e-05
0.00244141 1.53792e-05

0.00244141 1.53752e-05
0.00246582 1.05409e-05

0.00246582 1.25004e-05
0.00249023 7.01598e-06

0.00249023 7.01898e-06
0.00251465 1.25671e-05

0.00251465 1.05893e-05
0.00253906 1.53366e-05

0.00253906 1.53313e-05
0.00256348 1.05635e-05

0.00256348 1.24706e-05
0.00258789 7.12105e-06

0.00258789 7.11699e-06
0.0026123 1.25856e-05

0.0026123 1.07185e-05
0.00263672 1.52143e-05

0.00263672 1.51601e-05
0.00266113 1.05113e-05

0.00266113 1.1849e-05
0.00268555 7.92404e-06

0.00268555 7.12081e-06
0.00270996 1.39278e-05

0.00270996 1.39736e-05
0.00273438 1.41646e-05

0.00273437 1.39273e-05
0.00275879 7.37847e-06

0.00275879 8.17331e-06
0.0027832 1.18487e-05

0.0027832 1.07112e-05
0.00280762 1.49615e-05

0.00280762 1.49511e-05
0.00283203 1.0701e-05

0.00283203 1.19202e-05
0.00285645 8.12252e-06

0.00285645 7.42539e-06
0.00288086 1.37216e-05

0.00288086 1.37806e-05
0.00290527 1.40099e-05

0.00290527 1.31676e-05
0.00292969 8.28692e-06

0.00292969 8.7394e-06
0.0029541 1.2898e-05

0.0029541 1.32061e-05
0.00297852 1.34364e-05

0.00297852 1.175e-05
0.00300293 1.01919e-05

0.00300293 1.03616e-05
0.00302734 1.42569e-05

0.00302734 1.27157e-05
0.00305176 1.4457e-05

0.00305176 1.31662e-05
0.00307617 1.3975e-05

0.00307617 1.36317e-05
0.00310059 1.4754e-05

0.00310059 1.39878e-05
0.003125 1.48815e-05

0.00175781 0.00287862
0.00157387 0.00292969

0.0015625 0.00293236
0.00157214 0.00292969

0.00175781 0.0028791
0.00195312 0.00281616

0.00234375 0.00265843
0.00216988 0.00273438

0.00195312 0.0028165
0.00214844 0.00274317

0.00214844 0.00274269
0.00216748 0.00273438

0.00292969 0.00231031
0.00288332 0.00234375

0.003125 0.00214781
0.00312431 0.00214844

0.00302734 0.00223477
0.00301328 0.00224609

0.00297852 0.00227121
0.00294797 0.00229492

0.00292969 0.00230994
0.00294921 0.00229492

0.00297852 0.00227049
0.00300903 0.00224609

0.00302734 0.00223317
0.0031248 0.00214844

0.00244141 0.00261054
0.00238764 0.00263672

0.00234375 0.00265687
0.00238513 0.00263672

0.00244141 0.00261018
0.00253906 0.00255917

0.00273438 0.00244603
0.00257681 0.00253906

0.00253906 0.0025591
0.0025736 0.00253906

0.00283203 0.00237976
0.00273934 0.00244141

0.00273438 0.00244436
0.00273901 0.00244141

0.00283203 0.00237955
0.00288194 0.00234375

0.003125 1.43844e-05
0.00314941 1.54157e-05

0.00314941 1.48281e-05
0.00317383 1.57169e-05

0.00317383 1.52395e-05
0.00319824 1.60432e-05

0.00319824 1.55366e-05
0.00322266 1.63804e-05

0.00322266 1.58214e-05
0.00324707 1.69343e-05

0.00324707 1.62856e-05
0.00327148 1.76269e-05

0.00327148 1.69339e-05
0.0032959 1.83092e-05

0.0032959 1.74992e-05
0.00332031 1.90601e-05

0.00332031 1.82832e-05
0.00334473 2.00818e-05

0.00334473 2.00317e-05
0.00336914 2.0125e-05

0.00336914 1.36939e-05
0.00339259 2.44141e-05

0.00339201 2.44141e-05
0.00339355 2.5003e-05

0.00339355 2.74479e-05
0.00341797 4.86881e-05

0.00341728 4.88281e-05
0.00341797 4.94948e-05

0.00341797 4.83573e-05
0.00341845 4.88281e-05

0.00341797 4.94942e-05
0.00344156 7.32422e-05

0.00344158 7.32422e-05
0.00344238 7.40828e-05

0.00344238 7.42553e-05
0.00346418 9.76563e-05

0.00346477 9.76563e-05
0.0034668 9.99148e-05

0.0034668 0.000100372
0.00350615 0.000146484

0.00350612 0.000146484
0.00351563 0.000158886

0.00351563 0.000159263
0.00352446 0.000170898

0.00352466 0.000170898
0.00354004 0.000191896

0.00354004 0.000191483
0.00354277 0.000195313

0.00354293 0.000195313
0.00356445 0.000227569

0.00356445 0.000228161
0.00357492 0.000244141

0.00357521 0.000244141
0.00360407 0.000292969

0.00360483 0.000292969
0.00361328 0.000309963

0.00361328 0.000311365
0.00362919 0.000341797

0.00362938 0.000341797
0.00365202 0.000390625

0.00365268 0.000390625
0.00369019 0.000488281

0.00369 0.000488281
0.00371094 0.000562084

0.00371094 0.000563612
0.00371727 0.000585938

0.0037174 0.000585937
0.0037363 0.000683594

0.00373593 0.000683594
0.00374718 0.00078125

0.00374916 0.00078125
0.0037499 0.000976562

0.00374959 0.000976562
0.00372176 0.00117188

0.00371094 0.00121101
0.00366622 0.00136719

0.00366632 0.00136719
0.00358134 0.0015625

0.00371094 0.00120512
0.00372046 0.00117187

0.00332031 0.0019509
0.00331845 0.00195312

0.00351563 0.00167734
0.00346767 0.00175781

0.00341797 0.0018214
0.00339318 0.00185547

0.00332031 0.00194544
0.00339305 0.00185547

0.00341797 0.00182045
0.00346365 0.00175781

0.00331776 0.00195312
0.00312836 0.00214844

0.00351563 0.00167165
0.00358067 0.0015625

