7.13655e-05 0
7.32422e-05 5.46149e-06

7.32422e-05 1.48436e-06
9.62775e-05 2.44141e-05

9.76563e-05 1.34379e-05
0.00012207 1.44057e-05

0.00012207 1.40183e-05
0.000146484 1.4649e-05

0.000146484 1.47434e-05
0.000170898 1.40818e-05

0.000170898 1.40766e-05
0.000195313 1.35613e-05

0.000195313 1.36542e-05
0.000219727 1.43819e-05

0.000219727 1.42433e-05
0.000244141 1.4512e-05

0.000244141 1.44879e-05
0.000268555 1.39663e-05

0.000268555 1.42956e-05
0.000292969 1.36506e-05

0.000292969 1.36542e-05
0.000317383 1.38152e-05

0.000317383 1.40756e-05
0.000341797 1.41148e-05

0.000341797 1.41177e-05
0.000366211 1.34112e-05

0.000366211 1.36674e-05
0.000390625 1.34583e-05

0.000390625 1.35718e-05
0.000415039 1.3646e-05

0.000415039 1.37315e-05
0.000439453 1.35043e-05

0.000439453 1.36675e-05
0.000463867 1.32134e-05

0.000463867 1.33379e-05
0.000488281 1.32311e-05

0.000488281 1.33172e-05
0.000512695 1.3408e-05

0.000512695 1.34412e-05
0.000537109 1.32602e-05

0.000537109 1.34287e-05
0.000561523 1.30331e-05

0.000561523 1.3053e-05
0.000585937 1.30771e-05

0.000585938 1.31961e-05
0.000610352 1.33004e-05

0.000610352 1.32913e-05
0.000634766 1.29889e-05

0.000634766 1.31662e-05
0.00065918 1.28963e-05

0.00065918 1.29049e-05
0.000683594 1.29909e-05

0.000683594 1.30371e-05
0.000708008 1.31476e-05

0.000708008 1.31727e-05
0.000732422 1.28804e-05

0.000732422 1.29131e-05
0.000756836 1.28563e-05

0.000756836 1.28533e-05
0.00078125 1.31195e-05

0.00078125 1.30233e-05
0.000805664 1.31237e-05

0.000805664 1.31127e-05
0.000830078 1.30033e-05

0.000830078 1.29464e-05
0.000854492 1.30447e-05

0.000854492 1.29569e-05
0.000878906 1.32992e-05

0.000878906 1.31764e-05
0.00090332 1.33054e-05

0.00090332 1.32589e-05
0.000927734 1.31833e-05

0.000927734 1.3124e-05
0.000952148 1.32486e-05

0.000952148 1.31265e-05
0.000976562 1.34958e-05

0.000976562 1.33549e-05
0.00100098 1.35547e-05

0.00100098 1.35027e-05
0.00102539 1.34124e-05

0.00102539 1.33084e-05
0.0010498 1.34686e-05

0.0010498 1.33172e-05
0.00107422 1.38333e-05

0.00107422 1.36752e-05
0.00109863 1.38672e-05

0.00109863 1.38039e-05
0.00112305 1.36341e-05

0.00112305 1.35522e-05
0.00114746 1.37358e-05

0.00114746 1.35181e-05
0.00117187 1.4195e-05

0.00117188 1.39985e-05
0.00119629 1.43157e-05

0.00119629 1.41609e-05
0.0012207 1.40396e-05

0.0012207 1.39545e-05
0.00124512 1.41729e-05

0.00124512 1.42608e-05
0.00126953 1.42766e-05

0.00126953 1.39662e-05
0.00129395 1.41857e-05

0.00129395 1.45739e-05
0.00131836 1.43045e-05

0.00131836 1.38103e-05
0.00134277 1.39236e-05

0.00134277 1.47232e-05
0.00136719 1.43304e-05

0.0013916 9.98899e-07
0.00136898 2.44141e-05

0.0013916 4.10599e-06
0.00139299 0

0.00146311 0
0.00146484 5.10835e-06

0.00146484 3.56572e-06
0.00148508 2.44141e-05

0.00148586 2.44141e-05
0.00148926 2.55775e-05

0.00148926 1.62074e-05
0.00151367 1.7353e-05

0.00151109 2.44141e-05
0.00151367 2.44661e-05

0.00151367 1.71014e-05
0.00153809 1.65596e-05

0.00151367 2.44745e-05
0.00152066 2.44141e-05

0.0015625 4.38533e-06
0.0015426 2.44141e-05

0.00153809 2.57528e-05
0.00154203 2.44141e-05

0 0.00312129
0.000390625 0.00311027

0.000390625 0.00311056
0.00078125 0.00307692

0.00078125 0.00307755
0.00117187 0.00301946

0.00117188 0.00302051
0.0015625 0.00293459

0.0015625 6.16306e-06
0.0015646 0

0.00165567 0
0.00166016 1.08346e-05

0.00166016 1.05325e-05
0.00167629 2.44141e-05

0.00167521 2.44141e-05
0.00168457 2.75301e-05

0.00168457 1.73077e-05
0.00170898 1.71719e-05

0.00168457 2.44635e-05
0.00170245 2.44141e-05

0.0017334 1.01094e-05
0.00171728 2.44141e-05

0.00170898 2.75619e-05
0.00171825 2.44141e-05

0.0017334 8.93568e-06
0.00173701 0

0.00180005 0
0.00180664 1.45101e-05

0.00180664 9.55748e-06
0.00183105 1.20726e-05

0.00183105 6.45964e-06
0.00185272 0

0.00185614 0
0.00187988 1.71543e-05

0.00187988 8.55469e-06
0.0019043 1.13989e-05

0.0019043 9.02454e-06
0.00192871 1.06186e-05

0.00192871 9.6411e-06
0.00195312 1.20745e-05

0.00195312 9.39109e-06
0.00197754 1.30947e-05

0.00197754 1.3666e-05
0.00200195 1.27578e-05

0.00200195 1.57582e-05
0.00202637 5.52943e-06

0.00202637 6.01714e-06
0.00205078 8.71331e-06

0.00205078 9.12577e-06
0.0020752 1.4915e-05

0.0020752 9.57835e-06
0.00209961 1.18072e-05

0.00209961 1.34777e-05
0.00212402 1.34146e-05

0.00212402 1.31244e-05
0.00214844 8.17806e-06

0.00214844 7.74437e-06
0.00217285 1.30501e-05

0.00217285 1.39311e-05
0.00219727 1.39468e-05

0.00219727 1.32517e-05
0.00222168 7.56375e-06

0.00222168 7.46379e-06
0.00224609 1.33961e-05

0.00224609 1.40785e-05
0.00227051 1.40831e-05

0.00227051 1.3977e-05
0.00229492 6.88901e-06

0.00229492 7.65895e-06
0.00231934 1.18506e-05

0.00231934 1.04508e-05
0.00234375 1.53171e-05

0.00234375 1.53455e-05
0.00236816 1.06088e-05

0.00236816 1.25377e-05
0.00239258 6.94671e-06

0.00239258 6.95568e-06
0.00241699 1.25534e-05

0.00241699 1.05568e-05
0.00244141 1.53813e-05

0.00244141 1.53763e-05
0.00246582 1.05423e-05

0.00246582 1.25032e-05
0.00249023 7.01366e-06

0.00249023 7.01713e-06
0.00251465 1.25656e-05

0.00251465 1.05875e-05
0.00253906 1.53388e-05

0.00253906 1.53328e-05
0.00256348 1.0564e-05

0.00256348 1.24721e-05
0.00258789 7.11832e-06

0.00258789 7.11285e-06
0.0026123 1.25869e-05

0.0026123 1.07189e-05
0.00263672 1.5219e-05

0.00263672 1.51628e-05
0.00266113 1.05121e-05

0.00266113 1.18517e-05
0.00268555 7.92296e-06

0.00268555 7.1214e-06
0.00270996 1.39259e-05

0.00270996 1.39703e-05
0.00273438 1.41662e-05

0.00273437 1.3929e-05
0.00275879 7.38212e-06

0.00275879 8.17795e-06
0.0027832 1.1844e-05

0.0027832 1.07095e-05
0.00280762 1.49574e-05

0.00280762 1.49529e-05
0.00283203 1.06951e-05

0.00283203 1.18473e-05
0.00285645 8.18109e-06

0.00285645 7.50024e-06
0.00288086 1.3793e-05

0.00288086 1.39e-05
0.00290527 1.38963e-05

0.00290527 1.30997e-05
0.00292969 8.18864e-06

0.00292969 8.65561e-06
0.0029541 1.29718e-05

0.0029541 1.32254e-05
0.00297852 1.34378e-05

0.00297852 1.17064e-05
0.00300293 1.0202e-05

0.00300293 1.03886e-05
0.00302734 1.43194e-05

0.00302734 1.27725e-05
0.00305176 1.44233e-05

0.00305176 1.31477e-05
0.00307617 1.3954e-05

0.00307617 1.3621e-05
0.00310059 1.47837e-05

0.00310059 1.4036e-05
0.003125 1.48565e-05

0.00175781 0.00287862
0.00157386 0.00292969

0.0015625 0.00293236
0.00157212 0.00292969

0.00175781 0.00287909
0.00195312 0.00281616

0.00234375 0.00265843
0.00216987 0.00273438

0.00195312 0.0028165
0.00214844 0.00274317

0.00214844 0.00274269
0.00216747 0.00273438

0.00292969 0.00231032
0.00288333 0.00234375

0.003125 0.00214781
0.00312431 0.00214844

0.00302734 0.00223478
0.0030133 0.00224609

0.00297852 0.00227122
0.00294797 0.00229492

0.00292969 0.00230995
0.00294922 0.00229492

0.00297852 0.00227049
0.00300904 0.00224609

0.00302734 0.00223318
0.00312482 0.00214844

0.00244141 0.00261054
0.00238764 0.00263672

0.00234375 0.00265686
0.00238513 0.00263672

0.00244141 0.00261018
0.00253906 0.00255917

0.00273438 0.00244604
0.00257682 0.00253906

0.00253906 0.0025591
0.0025736 0.00253906

0.00283203 0.00237976
0.00273934 0.00244141

0.00273438 0.00244437
0.00273902 0.00244141

0.00283203 0.00237956
0.00288195 0.00234375

0.003125 1.43979e-05
0.00314941 1.53052e-05

0.00314941 1.47252e-05
0.00317383 1.56373e-05

0.00317383 1.51191e-05
0.00319824 1.60989e-05

0.00319824 1.54815e-05
0.00322266 1.6551e-05

0.00322266 1.58827e-05
0.00324707 1.72099e-05

0.00324707 1.66421e-05
0.00327148 1.77943e-05

0.00327148 1.71277e-05
0.0032959 1.81236e-05

0.0032959 1.75893e-05
0.00332031 1.87685e-05

0.00332031 1.79745e-05
0.00334473 1.96203e-05

0.00334473 1.96846e-05
0.00336914 1.99649e-05

0.00336914 1.34282e-05
0.00339292 2.44141e-05

0.00339168 2.44141e-05
0.00339355 2.51286e-05

0.00339355 2.71789e-05
0.00341797 4.84081e-05

0.00341776 4.88281e-05
0.00341797 4.90314e-05

0.00341797 4.85751e-05
0.00341823 4.88281e-05

0.00341797 4.92527e-05
0.00344176 7.32422e-05

0.0034418 7.32422e-05
0.00344238 7.38491e-05

0.00344238 7.3992e-05
0.00346436 9.76563e-05

0.00346488 9.76563e-05
0.0034668 9.98114e-05

0.0034668 0.000100257
0.0035061 0.000146484

0.00350606 0.000146484
0.00351563 0.000159011

0.00351563 0.000159342
0.0035427 0.000195313

0.00354279 0.000195313
0.00356445 0.000227783

0.00356445 0.000228386
0.00357477 0.000244141

0.00357509 0.000244141
0.00360395 0.000292969

0.0036047 0.000292969
0.00361328 0.00031022

0.00361328 0.000311604
0.00362907 0.000341797

0.00362927 0.000341797
0.00365193 0.000390625

0.00365259 0.000390625
0.00369014 0.000488281

0.00368995 0.000488281
0.00371094 0.000562193

0.00371094 0.000563767
0.00371723 0.000585938

0.00371737 0.000585937
0.00373629 0.000683594

0.00373592 0.000683594
0.00374718 0.00078125

0.00374916 0.00078125
0.0037499 0.000976562

0.0037496 0.000976562
0.00372177 0.00117188

0.00371094 0.00121106
0.00366624 0.00136719

0.00366633 0.00136719
0.00358136 0.0015625

0.00371094 0.00120516
0.00372047 0.00117187

0.00332031 0.00195093
0.00331847 0.00195312

0.00351563 0.00167737
0.00346769 0.00175781

0.00341797 0.00182142
0.0033932 0.00185547

0.00332031 0.00194546
0.00339306 0.00185547

0.00341797 0.00182046
0.00346366 0.00175781

0.00331777 0.00195312
0.00312837 0.00214844

0.00351563 0.00167167
0.00358068 0.0015625

