7.0602e-05 0
7.32422e-05 4.39503e-06

8.8006e-05 0
9.76563e-05 2.99798e-06

0.000119083 0
0.00012207 7.01976e-06

0.000125522 0
0.000146484 1.85941e-05

0.000146484 5.58162e-06
0.000170898 9.4028e-06

0.000170898 7.33538e-06
0.000195313 1.20368e-05

0.000195313 8.65736e-06
0.000219727 1.10403e-05

0.000219727 9.59506e-06
0.000244141 1.24048e-05

0.000244141 1.0539e-05
0.000268555 1.24855e-05

0.000268555 1.13321e-05
0.000292969 1.31263e-05

0.000292969 1.20369e-05
0.000317383 1.33724e-05

0.000317383 1.26052e-05
0.000341797 1.37055e-05

0.000341797 1.30531e-05
0.000366211 1.39338e-05

0.000366211 1.34142e-05
0.000390625 1.4194e-05

0.000390625 1.3738e-05
0.000415039 1.44239e-05

0.000415039 1.40598e-05
0.000439453 1.46028e-05

0.000439453 1.42959e-05
0.000463867 1.47148e-05

0.000463867 1.43406e-05
0.000488281 1.49855e-05

0.000488281 1.46795e-05
0.000512695 1.53677e-05

0.000512695 1.52457e-05
0.000537109 1.52067e-05

0.000537109 1.49777e-05
0.000561523 1.50049e-05

0.000561523 1.44965e-05
0.000585937 1.60006e-05

0.000585938 1.61091e-05
0.000610352 1.64096e-05

0.000610352 1.58416e-05
0.000634766 1.51747e-05

0.000634766 1.47396e-05
0.00065918 1.66324e-05

0.00065918 1.63028e-05
0.000683594 1.80236e-05

0.000683594 1.80186e-05
0.000708008 1.65149e-05

0.000708008 1.67735e-05
0.000732422 1.47824e-05

0.000732422 1.50484e-05
0.000756836 1.59869e-05

0.000756836 1.65729e-05
0.00078125 1.66079e-05

0 0.000959959
0.000390625 0.000959325

0.000390625 0.00095874
0.00078125 0.00095801

0.00078125 1.64911e-05
0.000805664 1.46057e-05

0.000805664 1.51468e-05
0.000830078 1.48078e-05

0.000830078 1.52096e-05
0.000854492 1.53245e-05

0.000854492 1.53601e-05
0.000878906 1.47847e-05

0.000878906 1.50254e-05
0.00090332 1.45627e-05

0.00090332 1.489e-05
0.000927734 1.45048e-05

0.000927734 1.47943e-05
0.000952148 1.41766e-05

0.000952148 1.44568e-05
0.000976562 1.39618e-05

0.000976562 1.43946e-05
0.00100098 1.38056e-05

0.00100098 1.40317e-05
0.00102539 1.34836e-05

0.00102539 1.43128e-05
0.0010498 1.30597e-05

0.0010498 1.30832e-05
0.00107422 1.25854e-05

0.00107422 1.44658e-05
0.00109863 1.21907e-05

0.00109863 1.35819e-05
0.00112305 8.93393e-06

0.00112305 8.32121e-06
0.00114746 1.24666e-05

0.00114746 1.38237e-05
0.00117187 1.38881e-05

0.00117188 1.33392e-05
0.00119629 7.53391e-06

0.00119629 7.3321e-06
0.0012207 1.32435e-05

0.0012207 1.41493e-05
0.00124512 1.40019e-05

0.00124512 1.33846e-05
0.00126953 6.99536e-06

0.00126953 7.61169e-06
0.00129395 1.27518e-05

0.00129395 1.25558e-05
0.00131836 1.39744e-05

0.00131836 1.29675e-05
0.00134277 9.24834e-06

0.00134277 1.14858e-05
0.00136719 1.03331e-05

0.00136719 2.18064e-05
0.00139053 0

0.0013916 9.95792e-06
0.00139542 0

0.00146283 0
0.00146484 5.82905e-06

0.00146484 1.12406e-06
0.00148726 2.44141e-05

0.00148917 2.44141e-05
0.00148926 2.44455e-05

0.00148926 1.42653e-05
0.00151367 1.58156e-05

0.00151367 1.57889e-05
0.00153809 1.41468e-05

0.0015625 1.22388e-06
0.00153999 2.44141e-05

0.00153809 2.47513e-05
0.00153907 2.44141e-05

0.00078125 0.000958092
0.00117187 0.000958271

0.00117188 0.000958491
0.0015625 0.000958976

0.0015625 6.53794e-06
0.00156477 0

0.00165644 0
0.00166016 9.11737e-06

0.00166016 1.02994e-05
0.00167597 2.44141e-05

0.00167498 2.44141e-05
0.00168457 2.77224e-05

0.00168457 1.74515e-05
0.00170898 1.75963e-05

0.0016916 2.44141e-05
0.00170898 2.44648e-05

0.0017334 1.07477e-05
0.00171759 2.44141e-05

0.00170898 2.76782e-05
0.00171864 2.44141e-05

0.0017334 1.10121e-05
0.00173799 0

0.00180495 0
0.00180664 4.58108e-06

0.00181761 0
0.00183105 1.07047e-05

0.00183883 0
0.00185547 7.05155e-06

0.00186107 0
0.00187988 1.22218e-05

0.00187988 5.80131e-07
0.0019043 1.20887e-05

0.0019043 5.44134e-06
0.00192871 1.22115e-05

0.00192871 7.32599e-06
0.00195312 1.15193e-05

0.00195312 8.40467e-06
0.00197754 1.36812e-05

0.00197754 1.36489e-05
0.00200195 1.15517e-05

0.00200195 1.966e-05
0.00202611 0

0.00202637 6.35608e-07
0.00205078 5.50768e-06

0.00205078 5.14141e-06
0.0020752 1.79598e-05

0.0020752 7.18802e-06
0.00209961 1.13632e-05

0.00209961 1.40804e-05
0.00212402 1.40567e-05

0.00212402 1.38135e-05
0.00214844 4.7076e-06

0.00214844 4.00438e-06
0.00217285 1.38141e-05

0.00217285 1.49753e-05
0.00219727 1.47854e-05

0.00219727 1.39284e-05
0.00222168 3.64389e-06

0.00222168 3.59649e-06
0.00224609 1.45081e-05

0.00224609 1.50443e-05
0.00227051 1.50192e-05

0.00227051 1.56885e-05
0.00229492 2.38304e-06

0.00229492 3.35461e-06
0.00231934 1.19087e-05

0.00231934 8.98585e-06
0.00234375 1.79019e-05

0.0015625 0.000959063
0.00195312 0.000959237

0.00195312 0.000959093
0.00214844 0.000959044

0.00214844 0.000959076
0.00234375 0.000959114

0.00234375 1.77973e-05
0.00236816 9.15094e-06

0.00236816 1.3755e-05
0.00239258 1.76397e-06

0.00239258 1.6392e-06
0.00241699 1.336e-05

0.00241699 8.94982e-06
0.00244141 1.81976e-05

0.00244141 1.82298e-05
0.00246582 8.95066e-06

0.00246582 1.32846e-05
0.00249023 1.64499e-06

0.00249023 1.81114e-06
0.00251465 1.38205e-05

0.00251465 9.13952e-06
0.00253906 1.77777e-05

0.00253906 1.79102e-05
0.00256348 9.09984e-06

0.00256348 1.27639e-05
0.00258789 2.57249e-06

0.00258789 2.84269e-06
0.0026123 1.38221e-05

0.0026123 9.59254e-06
0.00263672 1.703e-05

0.00263672 1.71373e-05
0.00266113 9.31245e-06

0.00266113 1.14442e-05
0.00268555 4.933e-06

0.00268555 4.13485e-06
0.00270996 1.5322e-05

0.00270996 1.4636e-05
0.00273438 1.46613e-05

0.00273437 1.45073e-05
0.00275879 4.98329e-06

0.00275879 6.00665e-06
0.0027832 1.20625e-05

0.0027832 1.01516e-05
0.00280762 1.61099e-05

0.00280762 1.60307e-05
0.00283203 9.88984e-06

0.00283203 1.14334e-05
0.00285645 6.75474e-06

0.00285645 6.08732e-06
0.00288086 1.45364e-05

0.00288086 1.4161e-05
0.00290527 1.41493e-05

0.00290527 1.32378e-05
0.00292969 7.37024e-06

0.00292969 7.65233e-06
0.0029541 1.34014e-05

0.0029541 1.37532e-05
0.00297852 1.39524e-05

0.00297852 1.29965e-05
0.00300293 8.32314e-06

0.00300293 8.5573e-06
0.00302734 1.32673e-05

0.00302734 1.36296e-05
0.00305176 1.36203e-05

0.00305176 1.27461e-05
0.00307617 9.06598e-06

0.00307617 9.43332e-06
0.00310059 1.31222e-05

0.00310059 1.32383e-05
0.003125 1.32799e-05

0.00234375 0.000959076
0.00253906 0.000959213

0.00253906 0.000959158
0.00273438 0.000959583

0.00273438 0.000959581
0.00292969 0.000960407

0.00292969 0.000960331
0.003125 0.000961713

0.003125 1.23439e-05
0.00314941 1.02673e-05

0.00314941 1.07058e-05
0.00317383 1.31034e-05

0.00317383 1.23598e-05
0.00319824 1.33934e-05

0.00319824 1.26056e-05
0.00322266 1.26225e-05

0.00322266 1.27544e-05
0.00324707 1.30225e-05

0.00324707 1.27613e-05
0.00327148 1.28415e-05

0.00327148 1.28219e-05
0.0032959 1.30677e-05

0.0032959 1.28807e-05
0.00332031 1.30688e-05

0.00332031 1.30548e-05
0.00334473 1.31018e-05

0.00334473 1.29739e-05
0.00336914 1.30426e-05

0.00336914 1.2972e-05
0.00339355 1.32826e-05

0.00339355 1.31352e-05
0.00341797 1.33266e-05

0.00341797 1.32869e-05
0.00344238 1.3244e-05

0.00344238 1.32149e-05
0.0034668 1.31848e-05

0.0034668 1.30501e-05
0.00349121 1.34373e-05

0.00349121 1.32949e-05
0.00351563 1.36669e-05

0.00351563 1.35744e-05
0.00354004 1.34588e-05

0.00354004 1.34742e-05
0.00356445 1.33175e-05

0.00356445 1.31781e-05
0.00358887 1.36252e-05

0.00358887 1.34851e-05
0.00361328 1.39651e-05

0.00361328 1.38471e-05
0.0036377 1.3672e-05

0.0036377 1.36683e-05
0.00366211 1.35197e-05

0.00366211 1.33442e-05
0.00368652 1.39533e-05

0.00368652 1.37338e-05
0.00371094 1.4368e-05

0.00371094 1.43072e-05
0.00373535 1.3958e-05

0.00373535 1.39583e-05
0.00375977 1.36086e-05

0.00375977 1.34492e-05
0.00378418 1.42853e-05

0.00378418 1.3974e-05
0.00380859 1.48699e-05

0.00380859 1.47611e-05
0.00383301 1.43746e-05

0.00383301 1.43513e-05
0.00385742 1.3884e-05

0.00385742 1.36907e-05
0.00388184 1.47176e-05

0.00388184 1.4418e-05
0.00390625 1.54283e-05

0.003125 0.000961698
0.00322266 0.000962678

0.00322266 0.000962667
0.00332031 0.000963989

0.00332031 0.000963984
0.00341797 0.000965682

0.00341797 0.000965688
0.00351563 0.000967762

0.00351563 0.000967744
0.00361328 0.00097022

0.00361328 0.000970207
0.00371094 0.000973145

0.00371094 0.000973131
0.00380799 0.000976562

0.00380789 0.000976563
0.00380859 0.000976588

0.00380859 0.000976613
0.00385742 0.000978545

0.00385742 0.000978544
0.00390625 0.000980626

0.00390625 1.51008e-05
0.00393066 1.49373e-05

0.00393066 1.5124e-05
0.00395508 1.44555e-05

0.00395508 1.45135e-05
0.00397949 1.44461e-05

0.00397949 1.4092e-05
0.00400391 1.53798e-05

0.00400391 1.49934e-05
0.00402832 1.60577e-05

0.00402832 1.56723e-05
0.00405273 1.55844e-05

0.00405273 1.52143e-05
0.00407715 1.56873e-05

0.00407715 1.54196e-05
0.00410156 1.6645e-05

0.00410156 1.60983e-05
0.00412598 1.69461e-05

0.00412598 1.67318e-05
0.00415039 1.68578e-05

0.00415039 1.63971e-05
0.0041748 1.68771e-05

0.0041748 1.55371e-05
0.00419922 1.89347e-05

0.00419922 1.9522e-05
0.00422363 2.03433e-05

0.00422363 1.89594e-05
0.00424805 1.71551e-05

0.00424805 1.80523e-05
0.00427246 1.82043e-05

0.00427246 1.81486e-05
0.00429688 1.82668e-05

0.00429688 1.79008e-05
0.00432129 1.85908e-05

0.00432129 1.83935e-05
0.0043457 1.9402e-05

0.0043457 2.02485e-05
0.00437012 1.82602e-05

0.00437012 1.82711e-05
0.00439453 1.55479e-05

0.00439453 1.64163e-05
0.00441895 1.6907e-05

0.00441895 1.72106e-05
0.00444336 1.75141e-05

0.00444336 1.79986e-05
0.00446777 1.58909e-05

0.00446777 1.64065e-05
0.00449219 1.44796e-05

0.00449219 1.50339e-05
0.0045166 1.55346e-05

0.0045166 1.57223e-05
0.00454102 1.60097e-05

0.00454102 1.63193e-05
0.00456543 1.47402e-05

0.00456543 1.52025e-05
0.00458984 1.38791e-05

0.00458984 1.42375e-05
0.00461426 1.4687e-05

0.00461426 1.45529e-05
0.00463867 1.52452e-05

0.00463867 1.52028e-05
0.00466309 1.48425e-05

0.00466309 1.48093e-05
0.0046875 1.44028e-05

0.00390625 0.000980623
0.00395508 0.000982862

0.00395508 0.000982863
0.00400391 0.000985261

0.00400391 0.000985255
0.00405273 0.000987819

0.00405273 0.000987823
0.00410156 0.000990559

0.00410156 0.000990549
0.00415039 0.00099347

0.00415039 0.000993466
0.00419922 0.000996602

0.00419922 0.000996592
0.00424805 0.000999969

0.00424805 0.000999969
0.00429688 0.00100361

0.00429687 0.0010036
0.0043457 0.00100752

0.0043457 0.00100752
0.00439453 0.00101173

0.00439453 0.00101173
0.00444336 0.00101621

0.00444336 0.00101621
0.00449219 0.00102096

0.00449219 0.00102096
0.00453524 0.00102539

0.00453528 0.00102539
0.00454102 0.00102599

0.00454102 0.001026
0.00456543 0.00102863

0.00456543 0.00102863
0.00458984 0.00103133

0.00458984 0.00103133
0.00461426 0.0010341

0.00461426 0.0010341
0.00463867 0.00103696

0.00463867 0.00103696
0.00466309 0.00103989

0.00466309 0.00103989
0.0046875 0.0010429

0.0046875 1.40356e-05
0.00471191 1.53556e-05

0.00471191 1.53962e-05
0.00473633 1.5967e-05

0.00473633 1.51968e-05
0.00476074 1.51489e-05

0.00476074 1.52408e-05
0.00478516 1.60418e-05

0.00478516 1.55731e-05
0.00480957 1.61354e-05

0.00480957 1.57879e-05
0.00483398 1.64694e-05

0.00483398 1.58992e-05
0.0048584 1.70107e-05

0.0048584 1.65626e-05
0.00488281 1.77032e-05

0.00488281 1.71397e-05
0.00490723 1.78957e-05

0.00490723 1.72818e-05
0.00493164 1.84293e-05

0.00493164 1.79383e-05
0.00495605 1.93492e-05

0.00495605 1.93557e-05
0.00498047 1.91771e-05

0.00498047 1.84534e-05
0.00500488 1.84769e-05

0.00500488 1.62082e-05
0.0050293 2.2241e-05

0.00502244 2.44141e-05
0.0050293 2.53423e-05

0.0050293 2.33072e-05
0.00505086 2.44141e-05

0.0050293 2.52418e-05
0.00505371 2.58773e-05

0.00505371 2.30833e-05
0.00507813 1.7836e-05

0.00505371 2.53819e-05
0.00506211 2.44141e-05

0.00507813 1.65466e-05
0.00510254 2.15693e-05

0.00509093 2.44141e-05
0.00510254 2.60352e-05

0.00510254 2.35295e-05
0.00512695 2.38405e-05

0.00510254 2.80654e-05
0.00512695 2.82852e-05

0.00512695 2.15588e-05
0.00515137 1.69212e-05

0.00512695 2.64612e-05
0.00514229 2.44141e-05

0.00515137 1.99233e-05
0.00517578 2.19327e-05

0.00517578 2.08515e-05
0.0052002 2.22389e-05

0.00519079 2.44141e-05
0.0052002 2.46813e-05

0.0052002 2.43286e-05
0.00522461 2.03021e-05

0.00522461 1.99235e-05
0.00524902 1.51652e-05

0.00524902 1.70525e-05
0.00527344 1.80617e-05

0.00527344 1.83401e-05
0.00529785 1.87105e-05

0.00529785 1.88727e-05
0.00532227 1.69751e-05

0.00532227 1.76913e-05
0.00534668 1.56772e-05

0.00534668 1.62382e-05
0.00537109 1.59047e-05

0.00537109 1.48717e-05
0.00539551 1.79029e-05

0.00539551 1.71745e-05
0.00541992 2.05736e-05

0.00541992 2.01162e-05
0.00544434 1.94565e-05

0.00544434 1.8772e-05
0.00546875 1.76566e-05

0.0046875 0.0010429
0.00471191 0.001046

0.00471191 0.00104599
0.00473633 0.00104919

0.00473633 0.0010492
0.00474081 0.0010498

0.00474089 0.0010498
0.00476074 0.00105249

0.00476074 0.0010525
0.00478516 0.00105592

0.00478516 0.00105592
0.00480957 0.00105946

0.00480957 0.00105946
0.00483398 0.00106312

0.00483398 0.00106309
0.00488281 0.00107077

0.00488281 0.00107076
0.00490346 0.00107422

0.00490348 0.00107422
0.00490723 0.00107484

0.00490723 0.00107482
0.00493164 0.00107897

0.00493164 0.00107898
0.00495605 0.00108326

0.00495605 0.00108326
0.00498047 0.00108767

0.00498047 0.00108767
0.00500488 0.0010922

0.00500488 0.0010922
0.0050293 0.00109687

0.0050293 0.00109687
0.00507813 0.00110653

0.00507813 0.00110654
0.00512695 0.00111659

0.00512695 0.00111655
0.00515719 0.00112305

0.00515726 0.00112305
0.00517578 0.00112708

0.00517578 0.00112709
0.0052002 0.00113252

0.0052002 0.00113252
0.00522461 0.00113806

0.00522461 0.00113805
0.00524902 0.00114371

0.00524902 0.00114371
0.00526481 0.00114746

0.00526481 0.00114746
0.00527344 0.00114951

0.00527344 0.00114952
0.00529785 0.00115548

0.00529785 0.00115548
0.00532227 0.00116159

0.00532227 0.00116158
0.00534668 0.00116786

0.00534668 0.00116785
0.00536185 0.00117187

0.00536185 0.00117188
0.00537109 0.00117433

0.00537109 0.00117433
0.00539551 0.00118099

0.00539551 0.00118099
0.00541992 0.00118781

0.00541992 0.00118781
0.00544434 0.00119481

0.00544434 0.00119484
0.00544926 0.00119629

0.00544939 0.00119629
0.00546875 0.00120199

0.00546875 1.6049e-05
0.00549316 2.12929e-05

0.00549316 2.16552e-05
0.00551008 2.44141e-05

0.00551758 2.27191e-05
0.00554199 2.23063e-05

0.00551758 2.47961e-05
0.00554199 2.45902e-05

0.00554199 2.31644e-05
0.00556641 2.29241e-05

0.00554199 2.44393e-05
0.00554633 2.44141e-05

0.00556641 2.09078e-05
0.00559082 2.37246e-05

0.00558052 2.44141e-05
0.00559082 2.53215e-05

0.00559082 2.40795e-05
0.0055965 2.44141e-05

0.00559082 2.70434e-05
0.00561523 2.7733e-05

0.00563965 2.30285e-05
0.00561844 2.44141e-05

0.00561523 2.48933e-05
0.00562283 2.44141e-05

0.00563965 2.39015e-05
0.00565378 2.44141e-05

0.00566155 2.44141e-05
0.00566406 2.44743e-05

0.00566406 2.45316e-05
0.00568848 2.55794e-05

0.00568848 2.60388e-05
0.00571289 2.66897e-05

0.00571289 2.68771e-05
0.0057373 2.58373e-05

0.00576172 2.39297e-05
0.00574318 2.44141e-05

0.0057373 2.46779e-05
0.00574736 2.44141e-05

0.00576172 2.47989e-05
0.00578613 2.53639e-05

0.00578613 2.52935e-05
0.00581055 2.55355e-05

0.00581055 2.55111e-05
0.00583496 2.56198e-05

0.00583496 2.56091e-05
0.00585938 2.56545e-05

0.00585938 2.56473e-05
0.00588379 2.56649e-05

0.00588379 2.56606e-05
0.0059082 2.56732e-05

0.0059082 2.56718e-05
0.00593262 2.56908e-05

0.00593262 2.56924e-05
0.00595703 2.57173e-05

0.00595703 2.57201e-05
0.00598145 2.57421e-05

0.00598145 2.57443e-05
0.00600586 2.57531e-05

0.00600586 2.57538e-05
0.00603027 2.57436e-05

0.00603027 2.57442e-05
0.00605469 2.57125e-05

0.00605469 2.57124e-05
0.0060791 2.56582e-05

0.0060791 2.56574e-05
0.00610352 2.55825e-05

0.00610352 2.55805e-05
0.00612793 2.54904e-05

0.00612793 2.5487e-05
0.00615234 2.53926e-05

0.00615234 2.53887e-05
0.00617676 2.53045e-05

0.00617676 2.53011e-05
0.00620117 2.52418e-05

0.00620117 2.52397e-05
0.00622559 2.52163e-05

0.00622559 2.52159e-05
0.00625 2.52333e-05

0.00546875 0.00120197
0.00551758 0.00121688

0.00551758 0.00121687
0.0055296 0.0012207

0.00552956 0.0012207
0.00554199 0.00122463

0.00554199 0.00122463
0.00556641 0.0012325

0.00556641 0.0012325
0.00559082 0.00124052

0.00559082 0.00124051
0.00560453 0.00124512

0.00560451 0.00124512
0.00561523 0.00124872

0.00561523 0.00124872
0.00563965 0.0012571

0.00563965 0.00125709
0.00566406 0.00126565

0.00566406 0.00126564
0.00567488 0.00126953

0.00567485 0.00126953
0.00568848 0.00127443

0.00568848 0.00127443
0.00571289 0.0012834

0.00571289 0.00128339
0.0057373 0.00129255

0.0057373 0.00129255
0.00574094 0.00129395

0.00574091 0.00129395
0.00576172 0.00130194

0.00576172 0.00130191
0.00580337 0.00131836

0.00580331 0.00131836
0.00581055 0.00132125

0.00581055 0.00132127
0.00583496 0.00133115

0.00583496 0.00133114
0.00585938 0.00134117

0.00585938 0.00134115
0.00586326 0.00134277

0.00586321 0.00134277
0.00588379 0.00135137

0.00588379 0.00135136
0.0059082 0.00136171

0.0059082 0.0013617
0.00592094 0.00136719

0.0059209 0.00136719
0.00593262 0.00137224

0.00593262 0.00137224
0.00595703 0.00138292

0.00595703 0.00138291
0.0059766 0.0013916

0.00597657 0.0013916
0.00598145 0.00139376

0.00598145 0.00139377
0.00600586 0.00140476

0.00600586 0.00140476
0.00603057 0.00141602

0.00603058 0.00141602
0.00605469 0.00142705

0.00605469 0.00142704
0.0060791 0.00143828

0.0060791 0.00143826
0.00608379 0.00144043

0.00608371 0.00144043
0.00610352 0.0014496

0.00610352 0.00144959
0.00612793 0.00146097

0.00612793 0.00146095
0.00613624 0.00146484

0.00613618 0.00146484
0.00615234 0.00147241

0.00615234 0.00147241
0.00617676 0.00148388

0.00617676 0.00148387
0.00618818 0.00148926

0.00618811 0.00148926
0.00620117 0.00149542

0.00620117 0.00149543
0.00623987 0.00151367

0.0062398 0.00151367
0.00625 0.00151848

0.00625 2.52347e-05
0.00627441 2.5291e-05

0.00627441 2.5294e-05
0.00629883 2.53803e-05

0.00629883 2.53843e-05
0.00632324 2.54869e-05

0.00632324 2.5491e-05
0.00634766 2.5594e-05

0.00634766 2.55973e-05
0.00637207 2.56857e-05

0.00637207 2.56875e-05
0.00639648 2.57508e-05

0.00639648 2.57508e-05
0.0064209 2.57854e-05

0.0064209 2.57836e-05
0.00644531 2.57933e-05

0.00644531 2.57903e-05
0.00646973 2.57847e-05

0.00646973 2.57814e-05
0.00649414 2.57731e-05

0.00649414 2.57705e-05
0.00651855 2.57709e-05

0.00651855 2.57697e-05
0.00654297 2.57864e-05

0.00654297 2.57867e-05
0.00656738 2.58212e-05

0.00656738 2.58228e-05
0.0065918 2.58711e-05

0.0065918 2.58733e-05
0.00661621 2.59277e-05

0.00661621 2.59298e-05
0.00664063 2.59814e-05

0.00664062 2.59829e-05
0.00666504 2.60243e-05

0.00666504 2.60249e-05
0.00668945 2.60518e-05

0.00668945 2.60515e-05
0.00671387 2.60636e-05

0.00671387 2.60626e-05
0.00673828 2.60623e-05

0.00673828 2.6061e-05
0.0067627 2.60528e-05

0.0067627 2.60515e-05
0.00678711 2.60405e-05

0.00678711 2.60395e-05
0.00681152 2.60302e-05

0.00681152 2.60295e-05
0.00683594 2.60253e-05

0.00683594 2.6025e-05
0.00686035 2.60278e-05

0.00686035 2.60279e-05
0.00688477 2.60381e-05

0.00688477 2.60384e-05
0.00690918 2.60555e-05

0.00690918 2.60559e-05
0.00693359 2.60787e-05

0.00693359 2.6079e-05
0.00695801 2.61064e-05

0.00695801 2.61064e-05
0.00698242 2.61379e-05

0.00698242 2.61375e-05
0.00700684 2.61741e-05

0.00700684 2.61731e-05
0.00703125 2.62178e-05

0.00625 0.00151848
0.00627441 0.00152995

0.00627441 0.00152994
0.00629182 0.00153809

0.00629178 0.00153809
0.00629883 0.00154138

0.00629883 0.00154138
0.00632324 0.00155274

0.00632324 0.00155273
0.00634434 0.0015625

0.00703125 2.62161e-05
0.00705566 2.62743e-05

0.00705566 2.6272e-05
0.00708008 2.63518e-05

0.00708008 2.63489e-05
0.00710449 2.64606e-05

0.00710449 2.64575e-05
0.00712891 2.66131e-05

0.00712891 2.661e-05
0.00715332 2.68217e-05

0.00715332 2.68191e-05
0.00717773 2.70982e-05

0.00717773 2.70965e-05
0.00720215 2.74517e-05

0.00720215 2.74511e-05
0.00722656 2.78867e-05

0.00722656 2.78876e-05
0.00725098 2.84029e-05

0.00725098 2.84053e-05
0.00727539 2.89936e-05

0.00727539 2.89973e-05
0.0072998 2.96466e-05

0.0072998 2.96514e-05
0.00732422 3.03449e-05

0.00732422 3.03502e-05
0.00734863 3.10678e-05

0.00734863 3.10731e-05
0.00737305 3.17936e-05

0.00737305 3.17985e-05
0.00739746 3.25015e-05

0.00739746 3.25052e-05
0.00742188 3.31739e-05

0.00742188 3.31757e-05
0.00744629 3.37989e-05

0.00744629 3.37979e-05
0.0074707 3.43743e-05

0.0074707 3.4369e-05
0.00749512 3.4911e-05

0.00749512 3.48998e-05
0.00751953 3.54406e-05

0.00751953 3.54215e-05
0.00754395 3.60214e-05

0.00754395 3.59931e-05
0.00756836 3.67466e-05

0.00756836 3.67082e-05
0.00759277 3.77487e-05

0.00759277 3.77038e-05
0.00761719 3.91982e-05

0.00761719 3.91576e-05
0.0076416 4.12768e-05

0.0076416 4.12607e-05
0.00766602 4.41182e-05

0.00766602 4.41399e-05
0.00769043 4.77245e-05

0.00769043 4.7812e-05
0.00769631 4.88281e-05

0.0076968 4.88281e-05
0.00771484 5.19481e-05

0.00771484 5.19754e-05
0.00773926 5.67763e-05

0.00773926 5.67668e-05
0.00776367 6.21541e-05

0.00776367 6.21428e-05
0.00778809 6.81584e-05

0.00778809 6.81595e-05
0.00780666 7.32422e-05

0.00780678 7.32422e-05
0.0078125 7.4807e-05

0.00634431 0.0015625
0.00634766 0.00156405

0.00634766 0.00156405
0.00637207 0.00157528

0.00637207 0.00157527
0.00639648 0.00158642

0.00639648 0.00158638
0.00639767 0.00158691

0.00639754 0.00158691
0.0064209 0.00159748

0.0064209 0.00159748
0.00644531 0.00160839

0.00644531 0.00160838
0.00645206 0.00161133

0.00645193 0.00161133
0.00646973 0.00161918

0.00646973 0.00161917
0.00649414 0.00162976

0.00649414 0.00162975
0.00650819 0.00163574

0.00650812 0.00163574
0.00651855 0.00164019

0.00651855 0.00164018
0.00654297 0.00165041

0.00654297 0.00165041
0.00656666 0.00166016

0.00656664 0.00166016
0.00656738 0.00166046

0.00656738 0.00166046
0.0065918 0.00167032

0.0065918 0.00167031
0.00661621 0.00167996

0.00661621 0.00167995
0.00662817 0.00168457

0.00662807 0.00168457
0.00664063 0.00168942

0.00664062 0.00168942
0.00666504 0.00169862

0.00666504 0.00169862
0.00668945 0.00170757

0.00668945 0.00170754
0.00669358 0.00170898

0.00669339 0.00170898
0.00671387 0.00171628

0.00671387 0.00171628
0.00673828 0.0017247

0.00673828 0.00172469
0.0067627 0.00173284

0.0067627 0.00173279
0.00676457 0.0017334

0.00676439 0.0017334
0.00678711 0.00174073

0.00678711 0.00174072
0.00681152 0.00174831

0.00681152 0.0017483
0.00683594 0.00175561

0.00683594 0.00175558
0.00684369 0.00175781

0.00684356 0.00175781
0.00686035 0.00176264

0.00686035 0.00176263
0.00688477 0.00176935

0.00688477 0.00176936
0.00690918 0.00177578

0.00690918 0.00177578
0.00693359 0.00178192

0.00693359 0.00178187
0.00693507 0.00178223

0.00693484 0.00178223
0.00695801 0.00178777

0.00695801 0.00178778
0.00698242 0.00179329

0.00698242 0.00179337
0.00703125 0.00180332

0.00703125 0.00180328
0.00705041 0.00180664

0.00705017 0.00180664
0.00705566 0.00180764

0.00705566 0.00180769
0.00708008 0.00181182

0.00708008 0.00181181
0.00710449 0.00181558

0.00710449 0.00181558
0.00712891 0.001819

0.00712891 0.001819
0.00715332 0.00182205

0.00715332 0.00182205
0.00717773 0.00182473

0.00717773 0.00182473
0.00720215 0.00182704

0.00720215 0.00182704
0.00722656 0.00182897

0.00722656 0.00182898
0.00725098 0.00183053

0.00725098 0.00183052
0.00726206 0.00183105

0.00726186 0.00183105
0.00727539 0.0018317

0.00727539 0.0018317
0.0072998 0.00183248

0.0072998 0.00183248
0.00732422 0.00183286

0.00732422 0.00183286
0.00734863 0.00183284

0.00734863 0.00183284
0.00737305 0.00183241

0.00737305 0.00183241
0.00739746 0.00183157

0.00742188 0.00183031
0.00740754 0.00183105

0.00739746 0.00183157
0.00740735 0.00183105

0.00742188 0.00183031
0.00744629 0.00182862

0.00744629 0.00182862
0.0074707 0.00182649

0.0074707 0.00182649
0.00749512 0.00182391

0.00749512 0.00182391
0.00751953 0.00182088

0.00751953 0.00182088
0.00754395 0.00181738

0.00754395 0.00181738
0.00756836 0.00181342

0.00761719 0.00180423
0.00760465 0.00180664

0.00756836 0.00181341
0.00759277 0.00180899

0.00759277 0.00180894
0.00760411 0.00180664

0.00778809 0.00175516
0.00778063 0.00175781

0.00778809 0.00175512
0.0078125 0.00174581

0.00761719 0.00180412
0.00766602 0.00179279

0.00766602 0.00179273
0.00769043 0.00178636

0.00771484 0.00177945
0.00770509 0.00178223

0.00769043 0.00178634
0.00770487 0.00178223

0.00771484 0.00177941
0.00773926 0.00177189

0.00773926 0.00177189
0.00776367 0.0017638

0.00776367 0.00176379
0.00778048 0.00175781

0.0078125 7.48257e-05
0.00783691 8.21919e-05

0.00783691 8.21809e-05
0.00786133 9.0267e-05

0.00786133 9.02702e-05
0.00788175 9.76563e-05

0.00788181 9.76563e-05
0.00788574 9.90778e-05

0.00788574 9.90952e-05
0.00791016 0.000108666

0.00791016 0.000108647
0.00793457 0.000119

0.00793457 0.000119056
0.00794115 0.00012207

0.00794134 0.00012207
0.00795898 0.000130157

0.00795898 0.000130168
0.0079834 0.000142232

0.0079834 0.000142268
0.00799132 0.000146484

0.00799147 0.000146484
0.00800781 0.000155189

0.00800781 0.000155208
0.00803223 0.000169202

0.00803223 0.00016931
0.00803487 0.000170898

0.00803504 0.000170898
0.00805664 0.000184213

0.00805664 0.000184222
0.00807336 0.000195313

0.00807342 0.000195313
0.00808105 0.000200361

0.00808105 0.000200392
0.00810547 0.000217791

0.00810547 0.00021792
0.00810791 0.000219727

0.00810807 0.000219727
0.00812988 0.000236438

0.00812988 0.000236612
0.00813928 0.000244141

0.00813921 0.000244141
0.0081543 0.000256468

0.0081543 0.000256751
0.0081679 0.000268555

0.00816788 0.000268555
0.00817871 0.000278294

0.00817871 0.000278446
0.0081941 0.000292969

0.00819415 0.000292969
0.00820313 0.000301811

0.00820313 0.000301882
0.00821816 0.000317383

0.00821828 0.000317383
0.00822754 0.000327387

0.00822754 0.000327372
0.00824036 0.000341797

0.0082406 0.000341797
0.00825195 0.000355307

0.00825195 0.000355249
0.00826092 0.000366211

0.00826112 0.000366211
0.00827637 0.000385743

0.00827637 0.000385838
0.00827998 0.000390625

0.00828012 0.000390625
0.00829777 0.000415039

0.00829777 0.000415039
0.00830078 0.000419592

0.00830078 0.000419595
0.00831407 0.000439453

0.00831412 0.000439453
0.0083252 0.000457329

0.0083252 0.000457644
0.00832901 0.000463867

0.00832917 0.000463867
0.00834314 0.000488281

0.00834328 0.000488281
0.00834961 0.000500761

0.00834961 0.000500646
0.00835596 0.000512695

0.00835598 0.000512695
0.00836781 0.000537109

0.0083678 0.000537109
0.00837402 0.000551095

0.00837402 0.000551135
0.00837864 0.000561523

0.00837865 0.000561523
0.00838857 0.000585937

0.00838857 0.000585938
0.00839758 0.000610352

0.00839756 0.000610352
0.00839844 0.000613001

0.00839844 0.000612976
0.00840569 0.000634766

0.00840567 0.000634766
0.00841297 0.00065918

0.00841297 0.00065918
0.00841948 0.000683594

0.00841969 0.000683594
0.00843029 0.000732422

0.00843024 0.000732422
0.00843771 0.00078125

0.00812988 0.00155298
0.00811884 0.0015625

0.0081543 0.00153055
0.00814621 0.00153809

0.00812988 0.00155279
0.00814628 0.00153809

0.00820313 0.00148086
0.00817197 0.00151367

0.0081543 0.00153048
0.00817167 0.00151367

0.00839844 0.00115321
0.00839228 0.00117187

0.00843768 0.00078125
0.00844215 0.000830078

0.00844213 0.000830078
0.00844371 0.000878906

0.00844371 0.000878906
0.00844244 0.000927734

0.00844245 0.000927734
0.00843831 0.000976562

0.00843832 0.000976563
0.00843129 0.00102539

0.0084313 0.00102539
0.00842133 0.00107422

0.00842135 0.00107422
0.00840838 0.00112305

0.00840823 0.00112305
0.00840059 0.00114746

0.00839844 0.0011533
0.00840046 0.00114746

0.00830078 0.00135441
0.00829275 0.00136719

0.00839233 0.00117188
0.00837291 0.0012207

0.00837275 0.0012207
0.00836177 0.00124512

0.00836176 0.00124512
0.00834986 0.00126953

0.00834961 0.00127046
0.00832348 0.00131836

0.00832331 0.00131836
0.00830854 0.00134277

0.00830078 0.00135472
0.00830854 0.00134277

0.00834961 0.00127011
0.00834991 0.00126953

0.00825195 0.0014234
0.00821784 0.00146484

0.00827637 0.00139066
0.00827571 0.0013916

0.00827571 0.0013916
0.00825756 0.00141602

0.00827637 0.00139065
0.00829268 0.00136719

0.00825195 0.00142327
0.00825755 0.00141602

0.00820313 0.00148098
0.00821746 0.00146484

0.0078125 0.00174581
0.00783691 0.00173588

0.00786133 0.00172533
0.00784276 0.0017334

0.00783691 0.00173582
0.0078425 0.0017334

0.00791016 0.00170221
0.00789607 0.00170898

0.00786133 0.00172528
0.00788574 0.00171399

0.00788574 0.0017139
0.00789566 0.00170898

0.00800781 0.00164572
0.00798482 0.00166016

0.00791016 0.00170205
0.00795898 0.00167554

0.00795898 0.0016754
0.0079834 0.00166101

0.0079834 0.00166096
0.00798473 0.00166016

0.00803223 0.00162946
0.00802283 0.00163574

0.00800781 0.00164565
0.00802264 0.00163574

0.00803223 0.00162942
0.00805664 0.00161207

0.00808105 0.0015936
0.00805763 0.00161133

0.00810547 0.00157402
0.00808949 0.00158691

0.00808105 0.00159339
0.00808932 0.00158691

0.00805664 0.00161211
0.0080577 0.00161133

0.00810547 0.00157373
0.00811888 0.0015625

