7.16598e-05 0
7.32422e-05 4.64367e-06

7.32422e-05 8.57825e-07
9.60532e-05 2.44141e-05

9.71879e-05 2.44141e-05
9.76563e-05 2.45753e-05

9.76563e-05 1.40923e-05
0.00012207 1.46759e-05

0.00012124 2.44141e-05
0.00012207 2.44216e-05

0.00012207 1.37541e-05
0.000146484 1.39587e-05

0.000146484 1.4216e-05
0.000170898 1.48687e-05

0.000170898 1.46435e-05
0.000195313 1.40907e-05

0.000195313 1.43887e-05
0.000219727 1.38298e-05

0.000219727 1.37406e-05
0.000244141 1.41309e-05

0.000244141 1.42695e-05
0.000268555 1.45499e-05

0.000268555 1.45071e-05
0.000292969 1.38002e-05

0.000292969 1.41917e-05
0.000317383 1.35355e-05

0.000317383 1.35423e-05
0.000341797 1.37698e-05

0.000341797 1.40139e-05
0.000366211 1.40563e-05

0.000366211 1.40321e-05
0.000390625 1.33442e-05

0.000390625 1.36189e-05
0.000415039 1.34195e-05

0.000415039 1.35004e-05
0.000439453 1.35805e-05

0.000439453 1.36879e-05
0.000463867 1.34689e-05

0.000463867 1.36059e-05
0.000488281 1.31515e-05

0.000488281 1.32872e-05
0.000512695 1.32047e-05

0.000512695 1.3276e-05
0.000537109 1.33615e-05

0.000537109 1.33911e-05
0.000561523 1.3225e-05

0.000561523 1.33635e-05
0.000585937 1.3033e-05

0.000585938 1.31196e-05
0.000610352 1.30203e-05

0.000610352 1.30901e-05
0.000634766 1.31643e-05

0.000634766 1.31757e-05
0.00065918 1.30705e-05

0.00065918 1.31906e-05
0.000683594 1.29132e-05

0.000683594 1.29616e-05
0.000708008 1.28895e-05

0.000708008 1.29373e-05
0.000732422 1.30643e-05

0.000732422 1.29571e-05
0.000756836 1.30741e-05

0.000756836 1.31558e-05
0.00078125 1.30124e-05

0.00078125 1.29009e-05
0.000805664 1.29264e-05

0.000805664 1.29491e-05
0.000830078 1.32553e-05

0.000830078 1.30695e-05
0.000854492 1.31946e-05

0.000854492 1.31816e-05
0.000878906 1.32023e-05

0.000878906 1.3086e-05
0.00090332 1.3208e-05

0.00090332 1.32075e-05
0.000927734 1.33522e-05

0.000927734 1.32005e-05
0.000952148 1.33027e-05

0.000952148 1.3261e-05
0.000976562 1.3447e-05

0.000976562 1.3301e-05
0.00100098 1.34732e-05

0.00100098 1.3382e-05
0.00102539 1.35781e-05

0.00102539 1.33917e-05
0.0010498 1.3671e-05

0.0010498 1.36882e-05
0.00107422 1.36854e-05

0.00107422 1.34716e-05
0.00109863 1.35871e-05

0.00109863 1.34859e-05
0.00112305 1.40596e-05

0.00112305 1.38094e-05
0.00114746 1.41114e-05

0.00114746 1.40763e-05
0.00117187 1.39287e-05

0.00117188 1.37493e-05
0.00119629 1.39466e-05

0.00119629 1.37619e-05
0.0012207 1.4544e-05

0.0012207 1.45285e-05
0.00124512 1.43764e-05

0.00124512 1.43072e-05
0.00126953 1.37616e-05

0.00126953 1.36401e-05
0.00129395 1.44222e-05

0.00129395 1.47761e-05
0.00131836 1.45044e-05

0.00131836 1.39674e-05
0.00134277 1.3671e-05

0.00134277 1.45455e-05
0.00136719 1.42761e-05

0.0013916 1.18926e-06
0.00136889 2.44141e-05

0.0013916 4.81858e-06
0.00139325 0

0.00146304 0
0.00146484 5.32311e-06

0.00146484 4.1754e-06
0.00148497 2.44141e-05

0.00148544 2.44141e-05
0.00148926 2.5689e-05

0.00148926 1.62076e-05
0.00151367 1.68066e-05

0.00151367 1.67385e-05
0.00153809 1.65483e-05

0.0015625 4.57277e-06
0.00154253 2.44141e-05

0.00153809 2.57405e-05
0.00154205 2.44141e-05

0 0.00312117
0.000390625 0.00311015

0.000390625 0.00311044
0.00078125 0.00307681

0.00078125 0.00307744
0.00117187 0.00301936

0.00117188 0.00302041
0.0015625 0.00293451

0.0015625 6.58426e-06
0.00156476 0

0.00165649 0
0.00166016 9.0573e-06

0.00166016 1.00328e-05
0.0016763 2.44141e-05

0.00167563 2.44141e-05
0.00168457 2.74722e-05

0.00168457 1.72684e-05
0.00170898 1.74714e-05

0.00169404 2.44141e-05
0.00170898 2.44845e-05

0.0017334 1.04978e-05
0.00171733 2.44141e-05

0.00170898 2.75871e-05
0.00171843 2.44141e-05

0.0017334 1.07739e-05
0.00173786 0

0.00180002 0
0.00180664 1.45451e-05

0.00180664 9.55243e-06
0.00183105 1.20414e-05

0.00183105 6.46336e-06
0.00185274 0

0.00185617 0
0.00187988 1.71484e-05

0.00187988 8.53807e-06
0.0019043 1.14306e-05

0.0019043 9.03534e-06
0.00192871 1.06289e-05

0.00192871 9.65621e-06
0.00195312 1.20754e-05

0.00195312 9.40294e-06
0.00197754 1.30894e-05

0.00197754 1.36584e-05
0.00200195 1.27609e-05

0.00200195 1.57417e-05
0.00202637 5.56645e-06

0.00202637 6.04707e-06
0.00205078 8.72864e-06

0.00205078 9.15483e-06
0.0020752 1.4896e-05

0.0020752 9.58093e-06
0.00209961 1.17994e-05

0.00209961 1.34653e-05
0.00212402 1.34237e-05

0.00212402 1.31381e-05
0.00214844 8.18747e-06

0.00214844 7.75902e-06
0.00217285 1.30248e-05

0.00217285 1.39017e-05
0.00219727 1.39478e-05

0.00219727 1.31808e-05
0.00222168 7.66421e-06

0.00222168 7.58102e-06
0.00224609 1.3447e-05

0.00224609 1.417e-05
0.00227051 1.39661e-05

0.00227051 1.39055e-05
0.00229492 6.84953e-06

0.00229492 7.628e-06
0.00231934 1.19158e-05

0.00231934 1.04648e-05
0.00234375 1.5302e-05

0.00234375 1.53343e-05
0.00236816 1.06177e-05

0.00236816 1.2543e-05
0.00239258 6.96567e-06

0.00239258 6.97392e-06
0.00241699 1.25445e-05

0.00241699 1.05586e-05
0.00244141 1.53752e-05

0.00244141 1.53711e-05
0.00246582 1.05462e-05

0.00246582 1.2507e-05
0.00249023 7.01765e-06

0.00249023 7.02042e-06
0.00251465 1.25603e-05

0.00251465 1.05851e-05
0.00253906 1.53393e-05

0.00253906 1.53343e-05
0.00256348 1.05641e-05

0.00256348 1.24775e-05
0.00258789 7.10936e-06

0.00258789 7.10339e-06
0.0026123 1.25828e-05

0.0026123 1.07133e-05
0.00263672 1.5225e-05

0.00263672 1.51692e-05
0.00266113 1.05069e-05

0.00266113 1.18494e-05
0.00268555 7.91097e-06

0.00268555 7.10972e-06
0.00270996 1.39292e-05

0.00270996 1.3966e-05
0.00273438 1.41719e-05

0.00273437 1.39352e-05
0.00275879 7.3809e-06

0.00275879 8.1763e-06
0.0027832 1.18375e-05

0.0027832 1.06913e-05
0.00280762 1.49743e-05

0.00280762 1.49749e-05
0.00283203 1.07131e-05

0.00283203 1.1966e-05
0.00285645 8.05182e-06

0.00285645 7.3381e-06
0.00288086 1.37125e-05

0.00288086 1.38283e-05
0.00290527 1.40196e-05

0.00290527 1.31429e-05
0.00292969 8.1639e-06

0.00292969 8.61925e-06
0.0029541 1.2971e-05

0.0029541 1.33679e-05
0.00297852 1.33585e-05

0.00297852 1.14845e-05
0.00300293 1.00933e-05

0.00300293 1.03115e-05
0.00302734 1.4614e-05

0.00302734 1.2919e-05
0.00305176 1.44634e-05

0.00305176 1.32668e-05
0.00307617 1.39121e-05

0.00307617 1.36476e-05
0.00310059 1.47047e-05

0.00310059 1.39385e-05
0.003125 1.48668e-05

0.00175781 0.00287857
0.00157359 0.00292969

0.0015625 0.00293229
0.00157189 0.00292969

0.00175781 0.00287904
0.00195312 0.00281613

0.00234375 0.00265847
0.00216989 0.00273438

0.00195312 0.00281647
0.00214844 0.00274318

0.00214844 0.00274268
0.00216746 0.00273438

0.00292969 0.00231048
0.00288353 0.00234375

0.003125 0.00214792
0.00312443 0.00214844

0.00302734 0.00223501
0.00301359 0.00224609

0.00297852 0.00227136
0.00294815 0.00229492

0.00292969 0.00231009
0.00294942 0.00229492

0.00297852 0.00227064
0.00300922 0.00224609

0.00302734 0.00223334
0.003125 0.00214846

0.00244141 0.00261061
0.00238775 0.00263672

0.00234375 0.00265689
0.0023852 0.00263672

0.00244141 0.00261023
0.00253906 0.00255923

0.00273438 0.00244615
0.00257696 0.00253906

0.00253906 0.00255915
0.00257368 0.00253906

0.00283203 0.00237988
0.00273951 0.00244141

0.00273438 0.00244447
0.00273918 0.00244141

0.00283203 0.00237968
0.00288211 0.00234375

0.003125 1.43099e-05
0.00314941 1.551e-05

0.00314941 1.48106e-05
0.00317383 1.59479e-05

0.00317383 1.54077e-05
0.00319824 1.63232e-05

0.00319824 1.58184e-05
0.00322266 1.6522e-05

0.00322266 1.59646e-05
0.00324707 1.70092e-05

0.00324707 1.65283e-05
0.00327148 1.77022e-05

0.00327148 1.69366e-05
0.0032959 1.82265e-05

0.0032959 1.79658e-05
0.00332031 1.87527e-05

0.00332031 1.78131e-05
0.00334473 1.89114e-05

0.00334473 1.92638e-05
0.00336914 1.96511e-05

0.00336914 1.29227e-05
0.00339324 2.44141e-05

0.0033923 2.44141e-05
0.00339355 2.49024e-05

0.00339355 2.70733e-05
0.00341797 4.85008e-05

0.00341756 4.88281e-05
0.00341797 4.92282e-05

0.00341797 4.84211e-05
0.00341839 4.88281e-05

0.00341797 4.92851e-05
0.00344167 7.32422e-05

0.00344174 7.32422e-05
0.00344238 7.39186e-05

0.00344238 7.41189e-05
0.00346422 9.76563e-05

0.00346478 9.76563e-05
0.0034668 9.99189e-05

0.0034668 0.000100365
0.00350601 0.000146484

0.00350606 0.000146484
0.00351563 0.000159

0.00351563 0.000159504
0.00354259 0.000195313

0.00354278 0.000195313
0.00356445 0.000227773

0.00356445 0.000228737
0.00357454 0.000244141

0.00357503 0.000244141
0.00360392 0.000292969

0.00360465 0.000292969
0.00361328 0.000310313

0.00361328 0.000311689
0.00362903 0.000341797

0.00362922 0.000341797
0.00365189 0.000390625

0.00365255 0.000390625
0.0036901 0.000488281

0.00368991 0.000488281
0.00371094 0.000562319

0.00371094 0.00056393
0.00371719 0.000585938

0.00371733 0.000585937
0.00373626 0.000683594

0.0037359 0.000683594
0.00374717 0.00078125

0.00374915 0.00078125
0.00374993 0.000976562

0.00374962 0.000976562
0.00372184 0.00117188

0.00371094 0.00121135
0.00366635 0.00136719

0.00366644 0.00136719
0.0035815 0.0015625

0.00371094 0.00120533
0.00372051 0.00117187

0.00332031 0.00195136
0.00331884 0.00195312

0.00351563 0.00167772
0.00346791 0.00175781

0.00341797 0.0018217
0.00339338 0.00185547

0.00332031 0.00194571
0.00339325 0.00185547

0.00341797 0.0018207
0.00346384 0.00175781

0.00331798 0.00195312
0.00312857 0.00214844

0.00351563 0.00167188
0.00358079 0.0015625

