7.15335e-05 0
7.32422e-05 4.99618e-06

7.32422e-05 6.52128e-07
9.59458e-05 2.44141e-05

9.72135e-05 2.44141e-05
9.76563e-05 2.45685e-05

9.76563e-05 1.44833e-05
0.00012207 1.48817e-05

0.000120191 2.44141e-05
0.00012207 2.44258e-05

0.00012207 1.39453e-05
0.000146484 1.34001e-05

0.000146484 1.38094e-05
0.000170898 1.47179e-05

0.000170898 1.43621e-05
0.000195313 1.43868e-05

0.000195313 1.44721e-05
0.000219727 1.40938e-05

0.000219727 1.41221e-05
0.000244141 1.40378e-05

0.000244141 1.41287e-05
0.000268555 1.43068e-05

0.000268555 1.44019e-05
0.000292969 1.4034e-05

0.000292969 1.4266e-05
0.000317383 1.36008e-05

0.000317383 1.37581e-05
0.000341797 1.36642e-05

0.000341797 1.38301e-05
0.000366211 1.38952e-05

0.000366211 1.39227e-05
0.000390625 1.35978e-05

0.000390625 1.37478e-05
0.000415039 1.34895e-05

0.000415039 1.36684e-05
0.000439453 1.34673e-05

0.000439453 1.35649e-05
0.000463867 1.33745e-05

0.000463867 1.34899e-05
0.000488281 1.33654e-05

0.000488281 1.34681e-05
0.000512695 1.32888e-05

0.000512695 1.33797e-05
0.000537109 1.32139e-05

0.000537109 1.33288e-05
0.000561523 1.31871e-05

0.000561523 1.32641e-05
0.000585937 1.31244e-05

0.000585938 1.32205e-05
0.000610352 1.30939e-05

0.000610352 1.31457e-05
0.000634766 1.30607e-05

0.000634766 1.31652e-05
0.00065918 1.30274e-05

0.00065918 1.30202e-05
0.000683594 1.29895e-05

0.000683594 1.30423e-05
0.000708008 1.31066e-05

0.000708008 1.31613e-05
0.000732422 1.29401e-05

0.000732422 1.29901e-05
0.000756836 1.28441e-05

0.000756836 1.28132e-05
0.00078125 1.30815e-05

0.00078125 1.29889e-05
0.000805664 1.32257e-05

0.000805664 1.30854e-05
0.000830078 1.31473e-05

0.000830078 1.31758e-05
0.000854492 1.31276e-05

0.000854492 1.30618e-05
0.000878906 1.31017e-05

0.000878906 1.3007e-05
0.00090332 1.33537e-05

0.00090332 1.32768e-05
0.000927734 1.33863e-05

0.000927734 1.32156e-05
0.000952148 1.33038e-05

0.000952148 1.33232e-05
0.000976562 1.34681e-05

0.000976562 1.33025e-05
0.00100098 1.34282e-05

0.00100098 1.33824e-05
0.00102539 1.35929e-05

0.00102539 1.3426e-05
0.0010498 1.36143e-05

0.0010498 1.35237e-05
0.00107422 1.37299e-05

0.00107422 1.3528e-05
0.00109863 1.38189e-05

0.00109863 1.37506e-05
0.00112305 1.39384e-05

0.00112305 1.36989e-05
0.00114746 1.3931e-05

0.00114746 1.39427e-05
0.00117187 1.40981e-05

0.00117188 1.37926e-05
0.00119629 1.4074e-05

0.00119629 1.41189e-05
0.0012207 1.43532e-05

0.0012207 1.41196e-05
0.00124512 1.41086e-05

0.00124512 1.4061e-05
0.00126953 1.4394e-05

0.00126953 1.42847e-05
0.00129395 1.44612e-05

0.00129395 1.48054e-05
0.00131836 1.3926e-05

0.00131836 1.34688e-05
0.00134277 1.39134e-05

0.00134277 1.47776e-05
0.00136719 1.46393e-05

0.0013916 9.74028e-07
0.00136904 2.44141e-05

0.0013916 4.67177e-06
0.00139319 0

0.00146301 0
0.00146484 5.3943e-06

0.00146484 3.98098e-06
0.00148509 2.44141e-05

0.00148578 2.44141e-05
0.00148926 2.55809e-05

0.00148926 1.6136e-05
0.00151367 1.68442e-05

0.00151367 1.66914e-05
0.00153809 1.65146e-05

0.0015625 4.73868e-06
0.00154241 2.44141e-05

0.00153809 2.51474e-05
0.0015403 2.44141e-05

0 0.0031211
0.000390625 0.00311008

0.000390625 0.00311037
0.00078125 0.00307674

0.00078125 0.00307738
0.00117187 0.00301931

0.00117188 0.00302035
0.0015625 0.00293448

0.0015625 7.59502e-06
0.00156515 0

0.00165654 0
0.00166016 8.92644e-06

0.00166016 1.01503e-05
0.00167621 2.44141e-05

0.00167525 2.44141e-05
0.00168457 2.75942e-05

0.00168457 1.72276e-05
0.00170898 1.73644e-05

0.00169057 2.44141e-05
0.00170898 2.44649e-05

0.0017334 1.0587e-05
0.00171733 2.44141e-05

0.00170898 2.75551e-05
0.00171839 2.44141e-05

0.0017334 1.0919e-05
0.00173793 0

0.00180002 0
0.00180664 1.45435e-05

0.00180664 9.54951e-06
0.00183105 1.20431e-05

0.00183105 6.46108e-06
0.00185275 0

0.00185617 0
0.00187988 1.71524e-05

0.00187988 8.54625e-06
0.0019043 1.14331e-05

0.0019043 9.03953e-06
0.00192871 1.06233e-05

0.00192871 9.65476e-06
0.00195312 1.20769e-05

0.00195312 9.40233e-06
0.00197754 1.3092e-05

0.00197754 1.3664e-05
0.00200195 1.27599e-05

0.00200195 1.57304e-05
0.00202637 5.57102e-06

0.00202637 6.04897e-06
0.00205078 8.74782e-06

0.00205078 9.17306e-06
0.0020752 1.48905e-05

0.0020752 9.58471e-06
0.00209961 1.17928e-05

0.00209961 1.34514e-05
0.00212402 1.34371e-05

0.00212402 1.315e-05
0.00214844 8.20865e-06

0.00214844 7.77897e-06
0.00217285 1.30109e-05

0.00217285 1.38847e-05
0.00219727 1.39588e-05

0.00219727 1.32637e-05
0.00222168 7.62473e-06

0.00222168 7.51241e-06
0.00224609 1.33637e-05

0.00224609 1.40667e-05
0.00227051 1.40743e-05

0.00227051 1.39696e-05
0.00229492 6.91669e-06

0.00229492 7.68027e-06
0.00231934 1.18479e-05

0.00231934 1.04569e-05
0.00234375 1.53062e-05

0.00234375 1.53341e-05
0.00236816 1.06166e-05

0.00236816 1.25397e-05
0.00239258 6.96473e-06

0.00239258 6.97309e-06
0.00241699 1.25473e-05

0.00241699 1.05594e-05
0.00244141 1.53744e-05

0.00244141 1.53696e-05
0.00246582 1.05476e-05

0.00246582 1.2509e-05
0.00249023 7.01911e-06

0.00249023 7.0217e-06
0.00251465 1.25578e-05

0.00251465 1.05835e-05
0.00253906 1.534e-05

0.00253906 1.53355e-05
0.00256348 1.05646e-05

0.00256348 1.24835e-05
0.00258789 7.1014e-06

0.00258789 7.09625e-06
0.0026123 1.25767e-05

0.0026123 1.07065e-05
0.00263672 1.52286e-05

0.00263672 1.51736e-05
0.00266113 1.05017e-05

0.00266113 1.18444e-05
0.00268555 7.9012e-06

0.00268555 7.09808e-06
0.00270996 1.39363e-05

0.00270996 1.39709e-05
0.00273438 1.41738e-05

0.00273437 1.394e-05
0.00275879 7.36755e-06

0.00275879 8.16258e-06
0.0027832 1.18376e-05

0.0027832 1.069e-05
0.00280762 1.49819e-05

0.00280762 1.49805e-05
0.00283203 1.07055e-05

0.00283203 1.19536e-05
0.00285645 8.05374e-06

0.00285645 7.34655e-06
0.00288086 1.37195e-05

0.00288086 1.38205e-05
0.00290527 1.40157e-05

0.00290527 1.31203e-05
0.00292969 8.20705e-06

0.00292969 8.68178e-06
0.0029541 1.29731e-05

0.0029541 1.33317e-05
0.00297852 1.33459e-05

0.00297852 1.15063e-05
0.00300293 1.01674e-05

0.00300293 1.03939e-05
0.00302734 1.45477e-05

0.00302734 1.28767e-05
0.00305176 1.44023e-05

0.00305176 1.31691e-05
0.00307617 1.39942e-05

0.00307617 1.36145e-05
0.00310059 1.49052e-05

0.00310059 1.41099e-05
0.003125 1.50512e-05

0.00175781 0.00287854
0.00157347 0.00292969

0.0015625 0.00293226
0.00157178 0.00292969

0.00175781 0.00287902
0.00195312 0.00281612

0.00234375 0.00265848
0.00216989 0.00273438

0.00195312 0.00281646
0.00214844 0.00274317

0.00214844 0.00274267
0.00216743 0.00273438

0.00292969 0.00231051
0.00288357 0.00234375

0.003125 0.00214795
0.00312446 0.00214844

0.00302734 0.00223505
0.00301364 0.00224609

0.00297852 0.00227138
0.00294818 0.00229492

0.00292969 0.00231012
0.00294944 0.00229492

0.00297852 0.00227066
0.00300924 0.00224609

0.00302734 0.00223336
0.003125 0.00214847

0.00244141 0.00261062
0.00238777 0.00263672

0.00234375 0.00265689
0.0023852 0.00263672

0.00244141 0.00261024
0.00253906 0.00255925

0.00273438 0.00244617
0.00257699 0.00253906

0.00253906 0.00255915
0.00257368 0.00253906

0.00283203 0.00237991
0.00273954 0.00244141

0.00273438 0.00244448
0.0027392 0.00244141

0.00283203 0.00237969
0.00288214 0.00234375

0.003125 1.45755e-05
0.00314941 1.54461e-05

0.00314941 1.48727e-05
0.00317383 1.57122e-05

0.00317383 1.51607e-05
0.00319824 1.62663e-05

0.00319824 1.6169e-05
0.00322266 1.63168e-05

0.00322266 1.55356e-05
0.00324707 1.61498e-05

0.00324707 1.5333e-05
0.00327148 1.82382e-05

0.00327148 1.78727e-05
0.0032959 1.92035e-05

0.0032959 1.83314e-05
0.00332031 1.78546e-05

0.00332031 1.75619e-05
0.00334473 1.85667e-05

0.00334473 1.87709e-05
0.00336914 1.94247e-05

0.00336914 1.26442e-05
0.00339291 2.44141e-05

0.00339072 2.44141e-05
0.00339355 2.55489e-05

0.00339355 2.41664e-05
0.0033938 2.44141e-05

0.00339355 2.72852e-05
0.00341797 4.86443e-05

0.00341775 4.88281e-05
0.00341797 4.90419e-05

0.00341797 4.84738e-05
0.00341834 4.88281e-05

0.00341797 4.92463e-05
0.00344192 7.32422e-05

0.00344192 7.32422e-05
0.00344238 7.37207e-05

0.00344238 7.3869e-05
0.00346451 9.76563e-05

0.00346503 9.76563e-05
0.0034668 9.96371e-05

0.0034668 0.00010037
0.00348577 0.00012207

0.00348553 0.00012207
0.00349121 0.000128863

0.00349121 0.000128529
0.00350598 0.000146484

0.00350627 0.000146484
0.00351563 0.000158732

0.00351563 0.000159218
0.00354278 0.000195313

0.00354299 0.000195313
0.00356445 0.000227492

0.00356445 0.000228547
0.00357467 0.000244141

0.00357519 0.000244141
0.00360405 0.000292969

0.0036048 0.000292969
0.00361328 0.000310031

0.00361328 0.000311427
0.00362916 0.000341797

0.00362935 0.000341797
0.003652 0.000390625

0.00365266 0.000390625
0.00369019 0.000488281

0.00369 0.000488281
0.00371094 0.000562049

0.00371094 0.000563652
0.00371726 0.000585938

0.0037174 0.000585937
0.00373632 0.000683594

0.00373595 0.000683594
0.00374721 0.00078125

0.00374919 0.00078125
0.00374994 0.000976562

0.00374964 0.000976562
0.00372183 0.00117188

0.00371094 0.00121133
0.00366634 0.00136719

0.00366642 0.00136719
0.00358148 0.0015625

0.00371094 0.00120523
0.00372048 0.00117187

0.00332031 0.00195144
0.0033189 0.00195312

0.00351563 0.00167774
0.00346792 0.00175781

0.00341797 0.0018217
0.00339339 0.00185547

0.00332031 0.00194572
0.00339325 0.00185547

0.00341797 0.00182068
0.00346383 0.00175781

0.00331798 0.00195312
0.00312858 0.00214844

0.00351563 0.00167184
0.00358076 0.0015625

