7.12923e-05 0
7.32422e-05 5.66557e-06

7.32422e-05 1.92147e-06
9.60278e-05 2.44141e-05

9.76563e-05 1.40377e-05
0.00012207 1.41609e-05

0.00012207 1.40621e-05
0.000146484 1.39626e-05

0.000146484 1.39332e-05
0.000170898 1.41127e-05

0.000170898 1.37677e-05
0.000195313 1.45324e-05

0.000195313 1.47201e-05
0.000219727 1.45149e-05

0.000219727 1.43709e-05
0.000244141 1.36079e-05

0.000244141 1.37829e-05
0.000268555 1.42723e-05

0.000268555 1.425e-05
0.000292969 1.44826e-05

0.000292969 1.46333e-05
0.000317383 1.37836e-05

0.000317383 1.40845e-05
0.000341797 1.33373e-05

0.000341797 1.35359e-05
0.000366211 1.37532e-05

0.000366211 1.37773e-05
0.000390625 1.397e-05

0.000390625 1.40888e-05
0.000415039 1.34907e-05

0.000415039 1.37104e-05
0.000439453 1.31407e-05

0.000439453 1.32948e-05
0.000463867 1.34445e-05

0.000463867 1.3467e-05
0.000488281 1.36036e-05

0.000488281 1.36999e-05
0.000512695 1.32405e-05

0.000512695 1.34068e-05
0.000537109 1.29906e-05

0.000537109 1.30928e-05
0.000561523 1.32449e-05

0.000561523 1.32413e-05
0.000585937 1.33756e-05

0.000585938 1.34435e-05
0.000610352 1.30887e-05

0.000610352 1.32279e-05
0.000634766 1.28764e-05

0.000634766 1.29721e-05
0.00065918 1.30572e-05

0.00065918 1.30728e-05
0.000683594 1.31528e-05

0.000683594 1.31918e-05
0.000708008 1.29519e-05

0.000708008 1.30242e-05
0.000732422 1.28594e-05

0.000732422 1.28384e-05
0.000756836 1.30717e-05

0.000756836 1.29704e-05
0.00078125 1.32442e-05

0.00078125 1.31891e-05
0.000805664 1.31122e-05

0.000805664 1.31296e-05
0.000830078 1.29749e-05

0.000830078 1.28981e-05
0.000854492 1.31823e-05

0.000854492 1.31005e-05
0.000878906 1.34104e-05

0.000878906 1.32276e-05
0.00090332 1.32999e-05

0.00090332 1.32549e-05
0.000927734 1.33608e-05

0.000927734 1.3363e-05
0.000952148 1.33183e-05

0.000952148 1.32317e-05
0.000976562 1.3319e-05

0.000976562 1.3193e-05
0.00100098 1.36155e-05

0.00100098 1.34808e-05
0.00102539 1.3689e-05

0.00102539 1.36072e-05
0.0010498 1.35091e-05

0.0010498 1.34054e-05
0.00107422 1.36192e-05

0.00107422 1.33979e-05
0.00109863 1.40355e-05

0.00109863 1.39e-05
0.00112305 1.4081e-05

0.00112305 1.39006e-05
0.00114746 1.38074e-05

0.00114746 1.38292e-05
0.00117187 1.40104e-05

0.00117188 1.36115e-05
0.00119629 1.43721e-05

0.00119629 1.44859e-05
0.0012207 1.4525e-05

0.0012207 1.42253e-05
0.00124512 1.38191e-05

0.00124512 1.38774e-05
0.00126953 1.45043e-05

0.00126953 1.42006e-05
0.00129395 1.48181e-05

0.00129395 1.51465e-05
0.00131836 1.42112e-05

0.00131836 1.39858e-05
0.00134277 1.35607e-05

0.00134277 1.44987e-05
0.00136719 1.42013e-05

0.00134277 2.44321e-05
0.00134692 2.44141e-05

0.0013916 1.03679e-06
0.00136889 2.44141e-05

0.00136719 2.50273e-05
0.00136898 2.44141e-05

0.0013916 4.0862e-06
0.00139298 0

0.00146311 0
0.00146484 5.11105e-06

0.00146484 3.56056e-06
0.00148491 2.44141e-05

0.00148576 2.44141e-05
0.00148926 2.56263e-05

0.00148926 1.69101e-05
0.00151367 1.72572e-05

0.00151367 1.65512e-05
0.00153809 1.58254e-05

0.0015625 4.91704e-06
0.00154242 2.44141e-05

0.00153809 2.57248e-05
0.00154212 2.44141e-05

0 0.0031209
0.000390625 0.00310989

0.000390625 0.00311018
0.00078125 0.00307658

0.00078125 0.00307721
0.00117187 0.00301917

0.00117188 0.00302022
0.0015625 0.00293438

0.0015625 6.6071e-06
0.00156477 0

0.00165646 0
0.00166016 9.11695e-06

0.00166016 1.00299e-05
0.00167628 2.44141e-05

0.00167566 2.44141e-05
0.00168457 2.74719e-05

0.00168457 1.73063e-05
0.00170898 1.7534e-05

0.00169491 2.44141e-05
0.00170898 2.44896e-05

0.0017334 1.05197e-05
0.00171738 2.44141e-05

0.00170898 2.76251e-05
0.00171851 2.44141e-05

0.0017334 1.08004e-05
0.00173787 0

0.00180003 0
0.00180664 1.45364e-05

0.00180664 9.55449e-06
0.00183105 1.20491e-05

0.00183105 6.43932e-06
0.00185281 0

0.00185615 0
0.00187988 1.71711e-05

0.00187988 8.5689e-06
0.0019043 1.14254e-05

0.0019043 9.04525e-06
0.00192871 1.06251e-05

0.00192871 9.66434e-06
0.00195312 1.20789e-05

0.00195312 9.4061e-06
0.00197754 1.30879e-05

0.00197754 1.36616e-05
0.00200195 1.27645e-05

0.00200195 1.57084e-05
0.00202637 5.60165e-06

0.00202637 6.08719e-06
0.00205078 8.76206e-06

0.00205078 9.1717e-06
0.0020752 1.48796e-05

0.0020752 9.61375e-06
0.00209961 1.18112e-05

0.00209961 1.3472e-05
0.00212402 1.33925e-05

0.00212402 1.30458e-05
0.00214844 8.27437e-06

0.00214844 7.86444e-06
0.00217285 1.3106e-05

0.00217285 1.40152e-05
0.00219727 1.38246e-05

0.00219727 1.31148e-05
0.00222168 7.60229e-06

0.00222168 7.53206e-06
0.00224609 1.35102e-05

0.00224609 1.4166e-05
0.00227051 1.39738e-05

0.00227051 1.39092e-05
0.00229492 6.87555e-06

0.00229492 7.65661e-06
0.00231934 1.19097e-05

0.00231934 1.04715e-05
0.00234375 1.52885e-05

0.00234375 1.5322e-05
0.00236816 1.06261e-05

0.00236816 1.25413e-05
0.00239258 6.98773e-06

0.00239258 6.99571e-06
0.00241699 1.2542e-05

0.00241699 1.05654e-05
0.00244141 1.5365e-05

0.00244141 1.53616e-05
0.00246582 1.05531e-05

0.00246582 1.25063e-05
0.00249023 7.03592e-06

0.00249023 7.03802e-06
0.00251465 1.25583e-05

0.00251465 1.05918e-05
0.00253906 1.53311e-05

0.00253906 1.53259e-05
0.00256348 1.05689e-05

0.00256348 1.24712e-05
0.00258789 7.13128e-06

0.00258789 7.12528e-06
0.0026123 1.25861e-05

0.0026123 1.07234e-05
0.00263672 1.52138e-05

0.00263672 1.51589e-05
0.00266113 1.05153e-05

0.00266113 1.18552e-05
0.00268555 7.92771e-06

0.00268555 7.12314e-06
0.00270996 1.39241e-05

0.00270996 1.39763e-05
0.00273438 1.41653e-05

0.00273437 1.39439e-05
0.00275879 7.3578e-06

0.00275879 8.15479e-06
0.0027832 1.18283e-05

0.0027832 1.06813e-05
0.00280762 1.49805e-05

0.00280762 1.4988e-05
0.00283203 1.06879e-05

0.00283203 1.18536e-05
0.00285645 8.11433e-06

0.00285645 7.43866e-06
0.00288086 1.38031e-05

0.00288086 1.39323e-05
0.00290527 1.38791e-05

0.00290527 1.2949e-05
0.00292969 8.22152e-06

0.00292969 8.78349e-06
0.0029541 1.30881e-05

0.0029541 1.32716e-05
0.00297852 1.32742e-05

0.00297852 1.14771e-05
0.00300293 1.0398e-05

0.00300293 1.06312e-05
0.00302734 1.45085e-05

0.00302734 1.28643e-05
0.00305176 1.42668e-05

0.00305176 1.31685e-05
0.00307617 1.40121e-05

0.00307617 1.36056e-05
0.00310059 1.47911e-05

0.00310059 1.40417e-05
0.003125 1.49677e-05

0.00175781 0.00287847
0.00157312 0.00292969

0.0015625 0.00293218
0.00157149 0.00292969

0.00175781 0.00287895
0.00195312 0.00281607

0.00234375 0.00265848
0.00216985 0.00273438

0.00195312 0.00281641
0.00214844 0.00274315

0.00214844 0.00274263
0.00216734 0.00273438

0.00292969 0.00231062
0.00288371 0.00234375

0.003125 0.00214804
0.00312457 0.00214844

0.00302734 0.00223524
0.00301387 0.00224609

0.00297852 0.00227147
0.00294829 0.00229492

0.00292969 0.00231022
0.00294957 0.00229492

0.00297852 0.00227074
0.00300934 0.00224609

0.00302734 0.00223346
0.003125 0.0021486

0.00244141 0.00261065
0.00238782 0.00263672

0.00234375 0.00265688
0.00238519 0.00263672

0.00244141 0.00261026
0.00253906 0.00255927

0.00273438 0.00244624
0.00257707 0.00253906

0.00253906 0.00255914
0.00257367 0.00253906

0.00283203 0.00237998
0.00273963 0.00244141

0.00273438 0.0024445
0.00273922 0.00244141

0.00283203 0.00237975
0.00288222 0.00234375

0.003125 1.44752e-05
0.00314941 1.53916e-05

0.00314941 1.48242e-05
0.00317383 1.56772e-05

0.00317383 1.51743e-05
0.00319824 1.6115e-05

0.00319824 1.55601e-05
0.00322266 1.65492e-05

0.00322266 1.58952e-05
0.00324707 1.71298e-05

0.00324707 1.65576e-05
0.00327148 1.77851e-05

0.00327148 1.71453e-05
0.0032959 1.81764e-05

0.0032959 1.76764e-05
0.00332031 1.86557e-05

0.00332031 1.7993e-05
0.00334473 1.92707e-05

0.00334473 1.94591e-05
0.00336914 1.94285e-05

0.00336914 1.26604e-05
0.00339334 2.44141e-05

0.00339146 2.44141e-05
0.00339355 2.52564e-05

0.00339355 2.74292e-05
0.00341784 4.88281e-05

0.00341765 4.88281e-05
0.00341797 4.9137e-05

0.00341797 4.94695e-05
0.00344178 7.32422e-05

0.00344179 7.32422e-05
0.00344238 7.38598e-05

0.00344238 7.39835e-05
0.00346448 9.76563e-05

0.00346501 9.76563e-05
0.0034668 9.96613e-05

0.0034668 0.000100424
0.00348578 0.00012207

0.00348555 0.00012207
0.00349121 0.000128813

0.00349121 0.000128458
0.00350606 0.000146484

0.0035063 0.000146484
0.00351563 0.000158662

0.00351563 0.000159153
0.00354285 0.000195313

0.00354311 0.000195313
0.00356445 0.000227293

0.00356445 0.000228624
0.00357462 0.000244141

0.00357527 0.000244141
0.00360414 0.000292969

0.00360489 0.000292969
0.00361328 0.000309846

0.00361328 0.000311261
0.00362925 0.000341797

0.00362943 0.000341797
0.00365209 0.000390625

0.00365275 0.000390625
0.00369029 0.000488281

0.0036901 0.000488281
0.00371094 0.000561643

0.00371094 0.000563289
0.00371737 0.000585938

0.00371752 0.000585937
0.00373645 0.000683594

0.00373608 0.000683594
0.00374735 0.00078125

0.00374933 0.00078125
0.00375011 0.000976562

0.0037498 0.000976562
0.00372201 0.00117188

0.00371094 0.001212
0.00366653 0.00136719

0.0036666 0.00136719
0.00358166 0.0015625

0.00371094 0.00120576
0.00372063 0.00117187

0.00332031 0.00195187
0.00331926 0.00195312

0.00351563 0.00167814
0.00346816 0.00175781

0.00341797 0.00182197
0.00339356 0.00185547

0.00332031 0.00194593
0.00339342 0.00185547

0.00341797 0.0018209
0.003464 0.00175781

0.00331815 0.00195312
0.00312872 0.00214844

0.003125 0.00214884
0.00312543 0.00214844

0.00351563 0.00167207
0.0035809 0.0015625

