7.16672e-05 0
7.32422e-05 4.62202e-06

7.32422e-05 5.81052e-07
9.60449e-05 2.44141e-05

9.72021e-05 2.44141e-05
9.76563e-05 2.45723e-05

9.76563e-05 1.41079e-05
0.00012207 1.49164e-05

0.00012207 1.38112e-05
0.000146484 1.3999e-05

0.000146484 1.4481e-05
0.000170898 1.48357e-05

0.000170898 1.4399e-05
0.000195313 1.39671e-05

0.000195313 1.44363e-05
0.000219727 1.4204e-05

0.000219727 1.39317e-05
0.000244141 1.40741e-05

0.000244141 1.42546e-05
0.000268555 1.46065e-05

0.000268555 1.46437e-05
0.000292969 1.39113e-05

0.000292969 1.41709e-05
0.000317383 1.35534e-05

0.000317383 1.38172e-05
0.000341797 1.37968e-05

0.000341797 1.38592e-05
0.000366211 1.38344e-05

0.000366211 1.3901e-05
0.000390625 1.36756e-05

0.000390625 1.37894e-05
0.000415039 1.35649e-05

0.000415039 1.37234e-05
0.000439453 1.35175e-05

0.000439453 1.36292e-05
0.000463867 1.34191e-05

0.000463867 1.35692e-05
0.000488281 1.33611e-05

0.000488281 1.34507e-05
0.000512695 1.32918e-05

0.000512695 1.34362e-05
0.000537109 1.32617e-05

0.000537109 1.3313e-05
0.000561523 1.31755e-05

0.000561523 1.32918e-05
0.000585937 1.32068e-05

0.000585938 1.32096e-05
0.000610352 1.3156e-05

0.000610352 1.326e-05
0.000634766 1.31613e-05

0.000634766 1.32615e-05
0.00065918 1.2962e-05

0.00065918 1.30365e-05
0.000683594 1.29561e-05

0.000683594 1.3019e-05
0.000708008 1.309e-05

0.000708008 1.30311e-05
0.000732422 1.30625e-05

0.000732422 1.31454e-05
0.000756836 1.30084e-05

0.000756836 1.30177e-05
0.00078125 1.28809e-05

0.00078125 1.28278e-05
0.000805664 1.31321e-05

0.000805664 1.30033e-05
0.000830078 1.3328e-05

0.000830078 1.32549e-05
0.000854492 1.31707e-05

0.000854492 1.31582e-05
0.000878906 1.30519e-05

0.000878906 1.29541e-05
0.00090332 1.33188e-05

0.00090332 1.31644e-05
0.000927734 1.35709e-05

0.000927734 1.34972e-05
0.000952148 1.33674e-05

0.000952148 1.33426e-05
0.000976562 1.3203e-05

0.000976562 1.30949e-05
0.00100098 1.35665e-05

0.00100098 1.33737e-05
0.00102539 1.38615e-05

0.00102539 1.3657e-05
0.0010498 1.37271e-05

0.0010498 1.37569e-05
0.00107422 1.35831e-05

0.00107422 1.34455e-05
0.00109863 1.36796e-05

0.00109863 1.34957e-05
0.00112305 1.41935e-05

0.00112305 1.39741e-05
0.00114746 1.42055e-05

0.00114746 1.40985e-05
0.00117187 1.39449e-05

0.00117188 1.3878e-05
0.00119629 1.40662e-05

0.00119629 1.38235e-05
0.0012207 1.45083e-05

0.0012207 1.43784e-05
0.00124512 1.46282e-05

0.00124512 1.4663e-05
0.00126953 1.40612e-05

0.00126953 1.3926e-05
0.00129395 1.41396e-05

0.00129395 1.45785e-05
0.00131836 1.4478e-05

0.00131836 1.40601e-05
0.00134277 1.3849e-05

0.00134277 1.46159e-05
0.00136719 1.41117e-05

0.00134277 2.4442e-05
0.00134649 2.44141e-05

0.0013916 1.12321e-06
0.00136884 2.44141e-05

0.00136719 2.51209e-05
0.00136926 2.44141e-05

0.0013916 5.02865e-06
0.00139332 0

0.00146283 0
0.00146484 5.91631e-06

0.00146484 3.87234e-06
0.00148515 2.44141e-05

0.00148569 2.44141e-05
0.00148926 2.56137e-05

0.00148926 1.61662e-05
0.00151367 1.69452e-05

0.00151036 2.44141e-05
0.00151367 2.44577e-05

0.00151367 1.67428e-05
0.00153809 1.64492e-05

0.00151367 2.44491e-05
0.00152399 2.44141e-05

0.0015625 4.41636e-06
0.00154255 2.44141e-05

0.00153809 2.59826e-05
0.00154276 2.44141e-05

0 0.00312083
0.000390625 0.00310982

0.000390625 0.00311011
0.00078125 0.00307651

0.00078125 0.00307714
0.00117187 0.00301911

0.00117188 0.00302016
0.0015625 0.00293434

0.0015625 5.72638e-06
0.00156444 0

0.00165649 0
0.00166016 9.05234e-06

0.00166016 1.01155e-05
0.00167617 2.44141e-05

0.00167531 2.44141e-05
0.00168457 2.75967e-05

0.00168457 1.73705e-05
0.00170898 1.75086e-05

0.00169013 2.44141e-05
0.00170898 2.4468e-05

0.0017334 1.05399e-05
0.00171737 2.44141e-05

0.00170898 2.75724e-05
0.00171836 2.44141e-05

0.0017334 1.09193e-05
0.00173793 0

0.00180005 0
0.00180664 1.45051e-05

0.00180664 9.52462e-06
0.00183105 1.20808e-05

0.00183105 6.43715e-06
0.0018529 0

0.00185613 0
0.00187988 1.71729e-05

0.00187988 8.59341e-06
0.0019043 1.14313e-05

0.0019043 9.05709e-06
0.00192871 1.06142e-05

0.00192871 9.66737e-06
0.00195312 1.20819e-05

0.00195312 9.40906e-06
0.00197754 1.30863e-05

0.00197754 1.36623e-05
0.00200195 1.27646e-05

0.00200195 1.56889e-05
0.00202637 5.62177e-06

0.00202637 6.09884e-06
0.00205078 8.79082e-06

0.00205078 9.21397e-06
0.0020752 1.48592e-05

0.0020752 9.60594e-06
0.00209961 1.17916e-05

0.00209961 1.34463e-05
0.00212402 1.34242e-05

0.00212402 1.31401e-05
0.00214844 8.22836e-06

0.00214844 7.7934e-06
0.00217285 1.30138e-05

0.00217285 1.38885e-05
0.00219727 1.39535e-05

0.00219727 1.32613e-05
0.00222168 7.63226e-06

0.00222168 7.52193e-06
0.00224609 1.33636e-05

0.00224609 1.40486e-05
0.00227051 1.4087e-05

0.00227051 1.39713e-05
0.00229492 6.96578e-06

0.00229492 7.72908e-06
0.00231934 1.18386e-05

0.00231934 1.04689e-05
0.00234375 1.52837e-05

0.00234375 1.53131e-05
0.00236816 1.06324e-05

0.00236816 1.25411e-05
0.00239258 7.00061e-06

0.00239258 7.00841e-06
0.00241699 1.25392e-05

0.00241699 1.05685e-05
0.00244141 1.5359e-05

0.00244141 1.53555e-05
0.00246582 1.05572e-05

0.00246582 1.25062e-05
0.00249023 7.04646e-06

0.00249023 7.04873e-06
0.00251465 1.25559e-05

0.00251465 1.05937e-05
0.00253906 1.53263e-05

0.00253906 1.53216e-05
0.00256348 1.05725e-05

0.00256348 1.24733e-05
0.00258789 7.13648e-06

0.00258789 7.1314e-06
0.0026123 1.25818e-05

0.0026123 1.07227e-05
0.00263672 1.52101e-05

0.00263672 1.5156e-05
0.00266113 1.05155e-05

0.00266113 1.18526e-05
0.00268555 7.93071e-06

0.00268555 7.12829e-06
0.00270996 1.39228e-05

0.00270996 1.39673e-05
0.00273438 1.41669e-05

0.00273437 1.39343e-05
0.00275879 7.38565e-06

0.00275879 8.18414e-06
0.0027832 1.18323e-05

0.0027832 1.06917e-05
0.00280762 1.49621e-05

0.00280762 1.49629e-05
0.00283203 1.0709e-05

0.00283203 1.19452e-05
0.00285645 8.0738e-06

0.00285645 7.35923e-06
0.00288086 1.37249e-05

0.00288086 1.38229e-05
0.00290527 1.40209e-05

0.00290527 1.31866e-05
0.00292969 8.16284e-06

0.00292969 8.62752e-06
0.0029541 1.29011e-05

0.0029541 1.32223e-05
0.00297852 1.34409e-05

0.00297852 1.15666e-05
0.00300293 1.02506e-05

0.00300293 1.04054e-05
0.00302734 1.45465e-05

0.00302734 1.28993e-05
0.00305176 1.45234e-05

0.00305176 1.33085e-05
0.00307617 1.40188e-05

0.00307617 1.37175e-05
0.00310059 1.47775e-05

0.00310059 1.40445e-05
0.003125 1.49225e-05

0.00175781 0.00287843
0.00157295 0.00292969

0.0015625 0.00293215
0.00157137 0.00292969

0.00175781 0.00287891
0.00195312 0.00281604

0.00234375 0.00265847
0.0021698 0.00273438

0.00195312 0.00281638
0.00214844 0.00274313

0.00214844 0.00274258
0.00216725 0.00273438

0.00292969 0.00231067
0.00288379 0.00234375

0.003125 0.00214809
0.00312462 0.00214844

0.00302734 0.00223537
0.00301402 0.00224609

0.00297852 0.00227151
0.00294834 0.00229492

0.00292969 0.00231027
0.00294963 0.00229492

0.00297852 0.00227076
0.00300937 0.00224609

0.00302734 0.00223351
0.003125 0.00214867

0.00244141 0.00261065
0.00238782 0.00263672

0.00234375 0.00265686
0.00238515 0.00263672

0.00244141 0.00261026
0.00253906 0.00255927

0.00273438 0.00244627
0.00257709 0.00253906

0.00253906 0.00255911
0.00257362 0.00253906

0.00283203 0.00238001
0.00273967 0.00244141

0.00273438 0.00244448
0.00273919 0.00244141

0.00283203 0.00237977
0.00288225 0.00234375

0.003125 1.44414e-05
0.00314941 1.54479e-05

0.00314941 1.48455e-05
0.00317383 1.57616e-05

0.00317383 1.52184e-05
0.00319824 1.62035e-05

0.00319824 1.56041e-05
0.00322266 1.66943e-05

0.00322266 1.60308e-05
0.00324707 1.73167e-05

0.00324707 1.73192e-05
0.00327148 1.73254e-05

0.00327148 1.654e-05
0.0032959 1.68191e-05

0.0032959 1.56406e-05
0.00332031 1.95242e-05

0.00332031 1.96259e-05
0.00334473 2.14068e-05

0.00334473 2.02941e-05
0.00336914 1.84326e-05

0.00336914 1.25472e-05
0.0033929 2.44141e-05

0.00339173 2.44141e-05
0.00339355 2.51718e-05

0.00339355 2.78542e-05
0.00341712 4.88281e-05

0.0034171 4.88281e-05
0.00341797 4.96647e-05

0.00341797 5.00031e-05
0.00344134 7.32422e-05

0.0034414 7.32422e-05
0.00344238 7.42559e-05

0.00344238 7.44229e-05
0.00346419 9.76563e-05

0.00346472 9.76563e-05
0.0034668 9.99695e-05

0.0034668 0.000100711
0.00348561 0.00012207

0.00348538 0.00012207
0.00349121 0.000128995

0.00349121 0.000128633
0.00350596 0.000146484

0.00350617 0.000146484
0.00351563 0.000158807

0.00351563 0.000159184
0.0035429 0.000195313

0.00354301 0.000195313
0.00356445 0.000227401

0.00356445 0.000228106
0.00357497 0.000244141

0.00357535 0.000244141
0.00360425 0.000292969

0.003605 0.000292969
0.00361328 0.000309608

0.00361328 0.000311048
0.00362937 0.000341797

0.00362955 0.000341797
0.00365222 0.000390625

0.00365288 0.000390625
0.00369042 0.000488281

0.00369024 0.000488281
0.00371094 0.000561183

0.00371094 0.000562838
0.0037175 0.000585938

0.00371764 0.000585937
0.00373657 0.000683594

0.0037362 0.000683594
0.00374746 0.00078125

0.00374944 0.00078125
0.00375021 0.000976562

0.0037499 0.000976562
0.0037221 0.00117188

0.00371094 0.00121236
0.00366663 0.00136719

0.00366669 0.00136719
0.00358175 0.0015625

0.00371094 0.00120596
0.00372069 0.00117187

0.00332031 0.00195218
0.00331952 0.00195312

0.00351563 0.0016784
0.00346831 0.00175781

0.00341797 0.00182213
0.00339366 0.00185547

0.00332031 0.00194604
0.00339352 0.00185547

0.00341797 0.001821
0.0034641 0.00175781

0.00331824 0.00195312
0.0031288 0.00214844

0.003125 0.00214895
0.00312556 0.00214844

0.00351563 0.00167216
0.00358096 0.0015625

