7.15021e-05 0
7.32422e-05 5.08656e-06

7.32422e-05 1.35973e-06
9.59597e-05 2.44141e-05

9.71126e-05 2.44141e-05
9.76563e-05 2.4598e-05

9.76563e-05 1.44068e-05
0.00012207 1.43102e-05

9.76563e-05 2.4421e-05
0.000102158 2.44141e-05

0.00012207 1.34333e-05
0.000146484 1.37962e-05

0.000146484 1.41562e-05
0.000170898 1.51182e-05

0.000170898 1.46535e-05
0.000195313 1.408e-05

0.000195313 1.43428e-05
0.000219727 1.40302e-05

0.000219727 1.39623e-05
0.000244141 1.42857e-05

0.000244141 1.4323e-05
0.000268555 1.45522e-05

0.000268555 1.46965e-05
0.000292969 1.391e-05

0.000292969 1.42054e-05
0.000317383 1.34484e-05

0.000317383 1.36213e-05
0.000341797 1.3834e-05

0.000341797 1.3889e-05
0.000366211 1.40858e-05

0.000366211 1.41898e-05
0.000390625 1.35643e-05

0.000390625 1.3805e-05
0.000415039 1.32261e-05

0.000415039 1.33451e-05
0.000439453 1.35497e-05

0.000439453 1.35748e-05
0.000463867 1.37583e-05

0.000463867 1.38294e-05
0.000488281 1.33377e-05

0.000488281 1.35463e-05
0.000512695 1.306e-05

0.000512695 1.31648e-05
0.000537109 1.3293e-05

0.000537109 1.33154e-05
0.000561523 1.34769e-05

0.000561523 1.35394e-05
0.000585937 1.31536e-05

0.000585938 1.32887e-05
0.000610352 1.29431e-05

0.000610352 1.30424e-05
0.000634766 1.31536e-05

0.000634766 1.31482e-05
0.00065918 1.3243e-05

0.00065918 1.33224e-05
0.000683594 1.30099e-05

0.000683594 1.31183e-05
0.000708008 1.28249e-05

0.000708008 1.29008e-05
0.000732422 1.30142e-05

0.000732422 1.29442e-05
0.000756836 1.31598e-05

0.000756836 1.31703e-05
0.00078125 1.30518e-05

0.00078125 1.29587e-05
0.000805664 1.29763e-05

0.000805664 1.29574e-05
0.000830078 1.32897e-05

0.000830078 1.31661e-05
0.000854492 1.32446e-05

0.000854492 1.31652e-05
0.000878906 1.31949e-05

0.000878906 1.31671e-05
0.00090332 1.32864e-05

0.00090332 1.31902e-05
0.000927734 1.33422e-05

0.000927734 1.32768e-05
0.000952148 1.33971e-05

0.000952148 1.32902e-05
0.000976562 1.34172e-05

0.000976562 1.33339e-05
0.00100098 1.35255e-05

0.00100098 1.33904e-05
0.00102539 1.35979e-05

0.00102539 1.34817e-05
0.0010498 1.36836e-05

0.0010498 1.35553e-05
0.00107422 1.37325e-05

0.00107422 1.35365e-05
0.00109863 1.3893e-05

0.00109863 1.37484e-05
0.00112305 1.40747e-05

0.00112305 1.38334e-05
0.00114746 1.40905e-05

0.00114746 1.40978e-05
0.00117187 1.4118e-05

0.00117188 1.38938e-05
0.00119629 1.40611e-05

0.00119629 1.40524e-05
0.0012207 1.44207e-05

0.0012207 1.42328e-05
0.00124512 1.42925e-05

0.00124512 1.43621e-05
0.00126953 1.42038e-05

0.00126953 1.38566e-05
0.00129395 1.44224e-05

0.00129395 1.48745e-05
0.00131836 1.45765e-05

0.00131836 1.41936e-05
0.00134277 1.36176e-05

0.00134277 1.44077e-05
0.00136719 1.41493e-05

0.00134277 2.44225e-05
0.00134485 2.44141e-05

0.0013916 1.44478e-06
0.00136884 2.44141e-05

0.00136719 2.45599e-05
0.00136762 2.44141e-05

0.0013916 5.2139e-06
0.00139339 0

0.00146276 0
0.00146484 6.09279e-06

0.00146484 4.33118e-06
0.00148512 2.44141e-05

0.00148578 2.44141e-05
0.00148926 2.556e-05

0.00148926 1.60786e-05
0.00151367 1.64813e-05

0.00150759 2.44141e-05
0.00151367 2.4453e-05

0.00151367 1.63788e-05
0.00153809 1.65316e-05

0.00152594 2.44141e-05
0.00153809 2.44716e-05

0.0015625 4.8022e-06
0.0015425 2.44141e-05

0.00153809 2.57465e-05
0.00154212 2.44141e-05

0 0.00312081
0.000390625 0.0031098

0.000390625 0.00311009
0.00078125 0.00307649

0.00078125 0.00307712
0.00117187 0.0030191

0.00117188 0.00302015
0.0015625 0.00293432

0.0015625 6.94922e-06
0.00156489 0

0.00165642 0
0.00166016 9.18316e-06

0.00166016 1.00878e-05
0.00167624 2.44141e-05

0.00167568 2.44141e-05
0.00168457 2.74665e-05

0.00168457 1.73217e-05
0.00170898 1.75721e-05

0.00169536 2.44141e-05
0.00170898 2.44957e-05

0.0017334 1.06006e-05
0.00171746 2.44141e-05

0.00170898 2.76607e-05
0.00171861 2.44141e-05

0.0017334 1.08591e-05
0.00173791 0

0.00180006 0
0.00180664 1.44973e-05

0.00180664 9.5295e-06
0.00183105 1.20873e-05

0.00183105 6.43136e-06
0.0018529 0

0.00185612 0
0.00187988 1.7182e-05

0.00187988 8.60139e-06
0.0019043 1.14283e-05

0.0019043 9.06017e-06
0.00192871 1.06151e-05

0.00192871 9.67126e-06
0.00195312 1.20809e-05

0.00195312 9.40872e-06
0.00197754 1.30852e-05

0.00197754 1.36632e-05
0.00200195 1.27656e-05

0.00200195 1.56876e-05
0.00202637 5.62169e-06

0.00202637 6.11912e-06
0.00205078 8.77353e-06

0.00205078 9.12711e-06
0.0020752 1.49049e-05

0.0020752 9.67985e-06
0.00209961 1.188e-05

0.00209961 1.35448e-05
0.00212402 1.33112e-05

0.00212402 1.29862e-05
0.00214844 8.26587e-06

0.00214844 7.87303e-06
0.00217285 1.31575e-05

0.00217285 1.40085e-05
0.00219727 1.38194e-05

0.00219727 1.31919e-05
0.00222168 7.58697e-06

0.00222168 7.49366e-06
0.00224609 1.34238e-05

0.00224609 1.40599e-05
0.00227051 1.40657e-05

0.00227051 1.3964e-05
0.00229492 6.96123e-06

0.00229492 7.72207e-06
0.00231934 1.18425e-05

0.00231934 1.04685e-05
0.00234375 1.5284e-05

0.00234375 1.53131e-05
0.00236816 1.06297e-05

0.00236816 1.2536e-05
0.00239258 7.00257e-06

0.00239258 7.01081e-06
0.00241699 1.25425e-05

0.00241699 1.0571e-05
0.00244141 1.5355e-05

0.00244141 1.53508e-05
0.00246582 1.05589e-05

0.00246582 1.2504e-05
0.00249023 7.05562e-06

0.00249023 7.05742e-06
0.00251465 1.25558e-05

0.00251465 1.05978e-05
0.00253906 1.53208e-05

0.00253906 1.53152e-05
0.00256348 1.0575e-05

0.00256348 1.24725e-05
0.00258789 7.14759e-06

0.00258789 7.14402e-06
0.0026123 1.25772e-05

0.0026123 1.07243e-05
0.00263672 1.52003e-05

0.00263672 1.51453e-05
0.00266113 1.05181e-05

0.00266113 1.18509e-05
0.00268555 7.94269e-06

0.00268555 7.13531e-06
0.00270996 1.39226e-05

0.00270996 1.39792e-05
0.00273438 1.4159e-05

0.00273437 1.39382e-05
0.00275879 7.36187e-06

0.00275879 8.15107e-06
0.0027832 1.18406e-05

0.0027832 1.06931e-05
0.00280762 1.49878e-05

0.00280762 1.4988e-05
0.00283203 1.06935e-05

0.00283203 1.1867e-05
0.00285645 8.12432e-06

0.00285645 7.45186e-06
0.00288086 1.37888e-05

0.00288086 1.39074e-05
0.00290527 1.38945e-05

0.00290527 1.30075e-05
0.00292969 8.21578e-06

0.00292969 8.74371e-06
0.0029541 1.30373e-05

0.0029541 1.32649e-05
0.00297852 1.33143e-05

0.00297852 1.15607e-05
0.00300293 1.02857e-05

0.00300293 1.04683e-05
0.00302734 1.44537e-05

0.00302734 1.28082e-05
0.00305176 1.44207e-05

0.00305176 1.31958e-05
0.00307617 1.40743e-05

0.00307617 1.36791e-05
0.00310059 1.48733e-05

0.00310059 1.4117e-05
0.003125 1.50037e-05

0.00175781 0.00287842
0.00157291 0.00292969

0.0015625 0.00293214
0.00157135 0.00292969

0.00175781 0.00287889
0.00195312 0.00281603

0.00234375 0.00265847
0.00216978 0.00273438

0.00195312 0.00281637
0.00214844 0.00274312

0.00214844 0.00274257
0.00216722 0.00273438

0.00292969 0.00231068
0.0028838 0.00234375

0.003125 0.00214809
0.00312462 0.00214844

0.00302734 0.00223539
0.00301405 0.00224609

0.00297852 0.0022715
0.00294834 0.00229492

0.00292969 0.00231027
0.00294963 0.00229492

0.00297852 0.00227075
0.00300936 0.00224609

0.00302734 0.00223351
0.003125 0.00214867

0.00244141 0.00261065
0.00238781 0.00263672

0.00234375 0.00265685
0.00238513 0.00263672

0.00244141 0.00261025
0.00253906 0.00255927

0.00273438 0.00244627
0.00257709 0.00253906

0.00253906 0.00255909
0.00257359 0.00253906

0.00283203 0.00238001
0.00273967 0.00244141

0.00273438 0.00244446
0.00273915 0.00244141

0.00283203 0.00237976
0.00288224 0.00234375

0.003125 1.45334e-05
0.00314941 1.54325e-05

0.00314941 1.49043e-05
0.00317383 1.56849e-05

0.00317383 1.52118e-05
0.00319824 1.60588e-05

0.00319824 1.54821e-05
0.00322266 1.65547e-05

0.00322266 1.59952e-05
0.00324707 1.71571e-05

0.00324707 1.6579e-05
0.00327148 1.75593e-05

0.00327148 1.68495e-05
0.0032959 1.81285e-05

0.0032959 1.77271e-05
0.00332031 1.8868e-05

0.00332031 1.80653e-05
0.00334473 1.91777e-05

0.00334473 1.93718e-05
0.00336914 1.94481e-05

0.00336914 1.27809e-05
0.0033932 2.44141e-05

0.00339164 2.44141e-05
0.00339355 2.51737e-05

0.00339355 2.72874e-05
0.00341797 4.87513e-05

0.00341759 4.88281e-05
0.00341797 4.91959e-05

0.00341797 4.86561e-05
0.00341815 4.88281e-05

0.00341797 4.94013e-05
0.00344173 7.32422e-05

0.00344178 7.32422e-05
0.00344238 7.3867e-05

0.00344238 7.40336e-05
0.0034644 9.76563e-05

0.00346498 9.76563e-05
0.0034668 9.96872e-05

0.0034668 0.000100187
0.00350624 0.000146484

0.00350617 0.000146484
0.00351563 0.000158836

0.00351563 0.000158974
0.00354269 0.000195313

0.00354298 0.000195313
0.00356445 0.000227461

0.00356445 0.000228282
0.00357485 0.000244141

0.00357527 0.000244141
0.00360416 0.000292969

0.00360492 0.000292969
0.00361328 0.000309774

0.00361328 0.000311209
0.00362929 0.000341797

0.00362948 0.000341797
0.00365215 0.000390625

0.00365281 0.000390625
0.00369037 0.000488281

0.00369019 0.000488281
0.00371094 0.000561297

0.00371094 0.000562986
0.00371746 0.000585938

0.00371762 0.000585937
0.00373655 0.000683594

0.00373618 0.000683594
0.00374746 0.00078125

0.00374944 0.00078125
0.00375022 0.000976562

0.00374991 0.000976562
0.00372212 0.00117188

0.00371094 0.00121243
0.00366665 0.00136719

0.00366671 0.00136719
0.00358177 0.0015625

0.00371094 0.00120598
0.0037207 0.00117187

0.00332031 0.00195226
0.00331959 0.00195312

0.00351563 0.00167846
0.00346835 0.00175781

0.00341797 0.00182215
0.00339367 0.00185547

0.00332031 0.00194605
0.00339353 0.00185547

0.00341797 0.00182101
0.00346411 0.00175781

0.00331825 0.00195312
0.0031288 0.00214844

0.003125 0.00214896
0.00312557 0.00214844

0.00351563 0.00167216
0.00358096 0.0015625

