7.17833e-05 0
7.32422e-05 4.30422e-06

7.32422e-05 1.02633e-06
9.59378e-05 2.44141e-05

9.58954e-05 2.44141e-05
9.76563e-05 2.50184e-05

9.76563e-05 1.42902e-05
0.00012207 1.4532e-05

0.000117252 2.44141e-05
0.00012207 2.44309e-05

0.00012207 1.35484e-05
0.000146484 1.3923e-05

0.000146484 1.42369e-05
0.000170898 1.51652e-05

0.000170898 1.47873e-05
0.000195313 1.41444e-05

0.000195313 1.44664e-05
0.000219727 1.39205e-05

0.000219727 1.38177e-05
0.000244141 1.42659e-05

0.000244141 1.45083e-05
0.000268555 1.45741e-05

0.000268555 1.45605e-05
0.000292969 1.36259e-05

0.000292969 1.3931e-05
0.000317383 1.37083e-05

0.000317383 1.38343e-05
0.000341797 1.40137e-05

0.000341797 1.39679e-05
0.000366211 1.39439e-05

0.000366211 1.41968e-05
0.000390625 1.36145e-05

0.000390625 1.38126e-05
0.000415039 1.32201e-05

0.000415039 1.33688e-05
0.000439453 1.35623e-05

0.000439453 1.35737e-05
0.000463867 1.3745e-05

0.000463867 1.38421e-05
0.000488281 1.33433e-05

0.000488281 1.35268e-05
0.000512695 1.30546e-05

0.000512695 1.31775e-05
0.000537109 1.3319e-05

0.000537109 1.33264e-05
0.000561523 1.34606e-05

0.000561523 1.35335e-05
0.000585937 1.31586e-05

0.000585938 1.33072e-05
0.000610352 1.29352e-05

0.000610352 1.30204e-05
0.000634766 1.31368e-05

0.000634766 1.31551e-05
0.00065918 1.32541e-05

0.00065918 1.33068e-05
0.000683594 1.29928e-05

0.000683594 1.31204e-05
0.000708008 1.28387e-05

0.000708008 1.28632e-05
0.000732422 1.30359e-05

0.000732422 1.29751e-05
0.000756836 1.32292e-05

0.000756836 1.32145e-05
0.00078125 1.30473e-05

0.00078125 1.30405e-05
0.000805664 1.29248e-05

0.000805664 1.28856e-05
0.000830078 1.32114e-05

0.000830078 1.30549e-05
0.000854492 1.33756e-05

0.000854492 1.33234e-05
0.000878906 1.32357e-05

0.000878906 1.32137e-05
0.00090332 1.30902e-05

0.00090332 1.30125e-05
0.000927734 1.33686e-05

0.000927734 1.32025e-05
0.000952148 1.36162e-05

0.000952148 1.3542e-05
0.000976562 1.34434e-05

0.000976562 1.3389e-05
0.00100098 1.32849e-05

0.00100098 1.3164e-05
0.00102539 1.36691e-05

0.00102539 1.34844e-05
0.0010498 1.39327e-05

0.0010498 1.38044e-05
0.00107422 1.36969e-05

0.00107422 1.3696e-05
0.00109863 1.35602e-05

0.00109863 1.33195e-05
0.00112305 1.39792e-05

0.00112305 1.37707e-05
0.00114746 1.4477e-05

0.00114746 1.42902e-05
0.00117187 1.40903e-05

0.00117188 1.41133e-05
0.00119629 1.38262e-05

0.00119629 1.35317e-05
0.0012207 1.44089e-05

0.0012207 1.42768e-05
0.00124512 1.50174e-05

0.00124512 1.49549e-05
0.00126953 1.4155e-05

0.00126953 1.42758e-05
0.00129395 1.37566e-05

0.00129395 1.40772e-05
0.00131836 1.42282e-05

0.00131836 1.39094e-05
0.00134277 1.43557e-05

0.00134277 1.48569e-05
0.00136719 1.41422e-05

0.0013916 1.1215e-06
0.00136889 2.44141e-05

0.00136719 2.4539e-05
0.00136755 2.44141e-05

0.0013916 5.26048e-06
0.00139341 0

0.00146313 0
0.00146484 5.07351e-06

0.00146484 3.75812e-06
0.00148492 2.44141e-05

0.00148516 2.44141e-05
0.00148926 2.58131e-05

0.00148926 1.67543e-05
0.00151367 1.69541e-05

0.00150313 2.44141e-05
0.00151367 2.4436e-05

0.00151367 1.6393e-05
0.00153809 1.58835e-05

0.00151367 2.4434e-05
0.00151611 2.44141e-05

0.0015625 4.92325e-06
0.00154235 2.44141e-05

0.00153809 2.56066e-05
0.00154177 2.44141e-05

0 0.0031208
0.000390625 0.00310979

0.000390625 0.00311008
0.00078125 0.00307649

0.00078125 0.00307712
0.00117187 0.00301909

0.00117188 0.00302014
0.0015625 0.00293432

0.0015625 6.83995e-06
0.00156486 0

0.00165647 0
0.00166016 9.08861e-06

0.00166016 1.0123e-05
0.00167619 2.44141e-05

0.00167546 2.44141e-05
0.00168457 2.754e-05

0.00168457 1.73222e-05
0.00170898 1.75311e-05

0.00169465 2.44141e-05
0.00170898 2.44826e-05

0.0017334 1.0618e-05
0.00171744 2.44141e-05

0.00170898 2.76372e-05
0.00171856 2.44141e-05

0.0017334 1.09291e-05
0.00173794 0

0.00180005 0
0.00180664 1.45072e-05

0.00180664 9.53499e-06
0.00183105 1.20777e-05

0.00183105 6.42589e-06
0.0018529 0

0.00185612 0
0.00187988 1.71875e-05

0.00187988 8.60487e-06
0.0019043 1.143e-05

0.0019043 9.06224e-06
0.00192871 1.06139e-05

0.00192871 9.67232e-06
0.00195312 1.20815e-05

0.00195312 9.40869e-06
0.00197754 1.30857e-05

0.00197754 1.36641e-05
0.00200195 1.27673e-05

0.00200195 1.56837e-05
0.00202637 5.62712e-06

0.00202637 6.12466e-06
0.00205078 8.77902e-06

0.00205078 9.12723e-06
0.0020752 1.49072e-05

0.0020752 9.68472e-06
0.00209961 1.18911e-05

0.00209961 1.35525e-05
0.00212402 1.33153e-05

0.00212402 1.30682e-05
0.00214844 8.19479e-06

0.00214844 7.77675e-06
0.00217285 1.30855e-05

0.00217285 1.39068e-05
0.00219727 1.39401e-05

0.00219727 1.3255e-05
0.00222168 7.6516e-06

0.00222168 7.55079e-06
0.00224609 1.33664e-05

0.00224609 1.40609e-05
0.00227051 1.40604e-05

0.00227051 1.39559e-05
0.00229492 6.96065e-06

0.00229492 7.72265e-06
0.00231934 1.18483e-05

0.00231934 1.04692e-05
0.00234375 1.52809e-05

0.00234375 1.53119e-05
0.00236816 1.06325e-05

0.00236816 1.25384e-05
0.00239258 7.00279e-06

0.00239258 7.01039e-06
0.00241699 1.25415e-05

0.00241699 1.05708e-05
0.00244141 1.53573e-05

0.00244141 1.53529e-05
0.00246582 1.05591e-05

0.00246582 1.25058e-05
0.00249023 7.05319e-06

0.00249023 7.05554e-06
0.00251465 1.25553e-05

0.00251465 1.05957e-05
0.00253906 1.53234e-05

0.00253906 1.53184e-05
0.00256348 1.05758e-05

0.00256348 1.24767e-05
0.00258789 7.14039e-06

0.00258789 7.13457e-06
0.0026123 1.25783e-05

0.0026123 1.07229e-05
0.00263672 1.52099e-05

0.00263672 1.51539e-05
0.00266113 1.05166e-05

0.00266113 1.18534e-05
0.00268555 7.93413e-06

0.00268555 7.13082e-06
0.00270996 1.39219e-05

0.00270996 1.39724e-05
0.00273438 1.41625e-05

0.00273437 1.39305e-05
0.00275879 7.37821e-06

0.00275879 8.17045e-06
0.0027832 1.18444e-05

0.0027832 1.07002e-05
0.00280762 1.49732e-05

0.00280762 1.49692e-05
0.00283203 1.07068e-05

0.00283203 1.1939e-05
0.00285645 8.08639e-06

0.00285645 7.39231e-06
0.00288086 1.37161e-05

0.00288086 1.38033e-05
0.00290527 1.39964e-05

0.00290527 1.30857e-05
0.00292969 8.28138e-06

0.00292969 8.79506e-06
0.0029541 1.29515e-05

0.0029541 1.32356e-05
0.00297852 1.33193e-05

0.00297852 1.14986e-05
0.00300293 1.03585e-05

0.00300293 1.054e-05
0.00302734 1.45308e-05

0.00302734 1.28763e-05
0.00305176 1.43895e-05

0.00305176 1.32249e-05
0.00307617 1.40541e-05

0.00307617 1.36767e-05
0.00310059 1.48383e-05

0.00310059 1.41136e-05
0.003125 1.49635e-05

0.00175781 0.00287841
0.00157289 0.00292969

0.0015625 0.00293214
0.00157134 0.00292969

0.00175781 0.00287889
0.00195312 0.00281603

0.00234375 0.00265846
0.00216977 0.00273438

0.00195312 0.00281636
0.00214844 0.00274311

0.00214844 0.00274256
0.0021672 0.00273438

0.00292969 0.00231068
0.0028838 0.00234375

0.003125 0.00214809
0.00312462 0.00214844

0.00302734 0.0022354
0.00301407 0.00224609

0.00297852 0.0022715
0.00294834 0.00229492

0.00292969 0.00231027
0.00294962 0.00229492

0.00297852 0.00227074
0.00300935 0.00224609

0.00302734 0.00223351
0.003125 0.00214867

0.00244141 0.00261065
0.00238781 0.00263672

0.00234375 0.00265684
0.00238512 0.00263672

0.00244141 0.00261025
0.00253906 0.00255927

0.00273438 0.00244627
0.00257708 0.00253906

0.00253906 0.00255908
0.00257357 0.00253906

0.00283203 0.00238
0.00273967 0.00244141

0.00273438 0.00244444
0.00273914 0.00244141

0.00283203 0.00237975
0.00288223 0.00234375

0.003125 1.45068e-05
0.00314941 1.53606e-05

0.00314941 1.47871e-05
0.00317383 1.56806e-05

0.00317383 1.51948e-05
0.00319824 1.61629e-05

0.00319824 1.56793e-05
0.00322266 1.64447e-05

0.00322266 1.57862e-05
0.00324707 1.69123e-05

0.00324707 1.65131e-05
0.00327148 1.76354e-05

0.00327148 1.67464e-05
0.0032959 1.80324e-05

0.0032959 1.75627e-05
0.00332031 1.90495e-05

0.00332031 1.84897e-05
0.00334473 1.92477e-05

0.00334473 1.89065e-05
0.00336914 1.92218e-05

0.00336914 1.32104e-05
0.00339205 2.44141e-05

0.00339094 2.44141e-05
0.00339355 2.54268e-05

0.00339355 2.70213e-05
0.00341797 4.81597e-05

0.0034177 4.88281e-05
0.00341797 4.90922e-05

0.00341797 4.83133e-05
0.00341849 4.88281e-05

0.00341797 4.91587e-05
0.00344179 7.32422e-05

0.00344185 7.32422e-05
0.00344238 7.37952e-05

0.00344238 7.39423e-05
0.00346445 9.76563e-05

0.00346504 9.76563e-05
0.0034668 9.96182e-05

0.0034668 0.000100097
0.0035063 0.000146484

0.00350626 0.000146484
0.00351563 0.00015872

0.00351563 0.000159092
0.00354291 0.000195313

0.00354306 0.000195313
0.00356445 0.00022737

0.00356445 0.000228247
0.00357487 0.000244141

0.00357531 0.000244141
0.00360419 0.000292969

0.00360495 0.000292969
0.00361328 0.000309721

0.00361328 0.000311168
0.0036293 0.000341797

0.00362949 0.000341797
0.00365216 0.000390625

0.00365282 0.000390625
0.00369037 0.000488281

0.00369019 0.000488281
0.00371094 0.00056131

0.00371094 0.000563003
0.00371745 0.000585938

0.00371761 0.000585937
0.00373654 0.000683594

0.00373618 0.000683594
0.00374745 0.00078125

0.00374943 0.00078125
0.00375021 0.000976562

0.00374991 0.000976562
0.00372212 0.00117188

0.00371094 0.00121242
0.00366665 0.00136719

0.00366671 0.00136719
0.00358177 0.0015625

0.00371094 0.00120593
0.00372068 0.00117187

0.00332031 0.0019523
0.00331962 0.00195312

0.00351563 0.00167847
0.00346835 0.00175781

0.00341797 0.00182215
0.00339367 0.00185547

0.00332031 0.00194605
0.00339352 0.00185547

0.00341797 0.00182101
0.00346411 0.00175781

0.00331825 0.00195312
0.0031288 0.00214844

0.003125 0.00214897
0.00312558 0.00214844

0.00351563 0.00167215
0.00358095 0.0015625

