7.0602e-05 0
7.32422e-05 4.39503e-06

8.8006e-05 0
9.76563e-05 2.99798e-06

0.000119116 0
0.00012207 7.09857e-06

0.000124265 0
0.000146484 1.93845e-05

0.000146484 7.08175e-06
0.000170898 8.94948e-06

0.000170898 7.73222e-06
0.000195313 1.16723e-05

0.000195313 8.84321e-06
0.000219727 1.12174e-05

0.000219727 9.74603e-06
0.000244141 1.23028e-05

0.000244141 1.06312e-05
0.000268555 1.24757e-05

0.000268555 1.13659e-05
0.000292969 1.30161e-05

0.000292969 1.19984e-05
0.000317383 1.32976e-05

0.000317383 1.25146e-05
0.000341797 1.36617e-05

0.000341797 1.29726e-05
0.000366211 1.39614e-05

0.000366211 1.34167e-05
0.000390625 1.42133e-05

0.000390625 1.37886e-05
0.000415039 1.43452e-05

0.000415039 1.40271e-05
0.000439453 1.4457e-05

0.000439453 1.42291e-05
0.000463867 1.45732e-05

0.000463867 1.42451e-05
0.000488281 1.47797e-05

0.000488281 1.45689e-05
0.000512695 1.50839e-05

0.000512695 1.4996e-05
0.000537109 1.48598e-05

0.000537109 1.45774e-05
0.000561523 1.48545e-05

0.000561523 1.44447e-05
0.000585937 1.58614e-05

0.000585938 1.5461e-05
0.000610352 1.63275e-05

0.000610352 1.60266e-05
0.000634766 1.57662e-05

0.000634766 1.5526e-05
0.00065918 1.5812e-05

0.00065918 1.50377e-05
0.000683594 1.72501e-05

0.000683594 1.77894e-05
0.000708008 1.75122e-05

0.000708008 1.70841e-05
0.000732422 1.4694e-05

0.000732422 1.52547e-05
0.000756836 1.58071e-05

0.000756836 1.64069e-05
0.00078125 1.63264e-05

0 0.000960625
0.000390625 0.000959888

0.000390625 0.000959106
0.00078125 0.000958459

0.00078125 1.63561e-05
0.000805664 1.45656e-05

0.000805664 1.50099e-05
0.000830078 1.46854e-05

0.000830078 1.51404e-05
0.000854492 1.52465e-05

0.000854492 1.52335e-05
0.000878906 1.46362e-05

0.000878906 1.48854e-05
0.00090332 1.45267e-05

0.00090332 1.48354e-05
0.000927734 1.44564e-05

0.000927734 1.464e-05
0.000952148 1.41677e-05

0.000952148 1.44512e-05
0.000976562 1.4096e-05

0.000976562 1.44771e-05
0.00100098 1.37771e-05

0.00100098 1.4056e-05
0.00102539 1.34157e-05

0.00102539 1.41881e-05
0.0010498 1.31002e-05

0.0010498 1.31423e-05
0.00107422 1.27265e-05

0.00107422 1.43147e-05
0.00109863 1.23735e-05

0.00109863 1.37282e-05
0.00112305 9.42655e-06

0.00112305 8.89246e-06
0.00114746 1.22658e-05

0.00114746 1.37322e-05
0.00117187 1.37015e-05

0.00117188 1.32598e-05
0.00119629 7.85775e-06

0.00119629 7.59574e-06
0.0012207 1.3168e-05

0.0012207 1.40968e-05
0.00124512 1.39181e-05

0.00124512 1.32784e-05
0.00126953 7.248e-06

0.00126953 7.84338e-06
0.00129395 1.27863e-05

0.00129395 1.26399e-05
0.00131836 1.38436e-05

0.00131836 1.28936e-05
0.00134277 9.31063e-06

0.00134277 1.14605e-05
0.00136719 1.04816e-05

0.00136719 2.18873e-05
0.00139066 0

0.0013916 9.96372e-06
0.00139541 0

0.00146296 0
0.00146484 5.50284e-06

0.00146484 1.49678e-06
0.00148721 2.44141e-05

0.00148732 2.44141e-05
0.00148926 2.50764e-05

0.00148926 1.41593e-05
0.00151367 1.55341e-05

0.00151269 2.44141e-05
0.00151367 2.44359e-05

0.00151367 1.57671e-05
0.00153809 1.42864e-05

0.00151367 2.44245e-05
0.0015141 2.44141e-05

0.0015625 1.14558e-06
0.00153993 2.44141e-05

0.00153809 2.48627e-05
0.00153939 2.44141e-05

0.00078125 0.000958628
0.00117187 0.000959298

0.00117188 0.00095948
0.0015625 0.000960768

0.0015625 7.07219e-06
0.00156498 0

0.00165639 0
0.00166016 9.24162e-06

0.00166016 1.02475e-05
0.00167601 2.44141e-05

0.00167526 2.44141e-05
0.00168457 2.76383e-05

0.00168457 1.75044e-05
0.00170898 1.76841e-05

0.00169274 2.44141e-05
0.00170898 2.44789e-05

0.0017334 1.06979e-05
0.00171761 2.44141e-05

0.00170898 2.76863e-05
0.00171861 2.44141e-05

0.0017334 1.09102e-05
0.00173795 0

0.00180495 0
0.00180664 4.5764e-06

0.00181778 0
0.00183105 1.06207e-05

0.00183912 0
0.00185547 7.08913e-06

0.00186127 0
0.00187988 1.22355e-05

0.00187988 4.48021e-07
0.0019043 1.21995e-05

0.0019043 5.47244e-06
0.00192871 1.22579e-05

0.00192871 7.35637e-06
0.00195312 1.14945e-05

0.00195312 8.40856e-06
0.00197754 1.37029e-05

0.00197754 1.35738e-05
0.00200195 1.16604e-05

0.00200195 1.97805e-05
0.00202627 0

0.00202637 7.748e-07
0.00205078 5.28845e-06

0.00205078 5.09466e-06
0.0020752 1.799e-05

0.0020752 7.15846e-06
0.00209961 1.13618e-05

0.00209961 1.40797e-05
0.00212402 1.40709e-05

0.00212402 1.3834e-05
0.00214844 4.67506e-06

0.00214844 3.96266e-06
0.00217285 1.38155e-05

0.00217285 1.49807e-05
0.00219727 1.48089e-05

0.00219727 1.40255e-05
0.00222168 3.53009e-06

0.00222168 3.46539e-06
0.00224609 1.4456e-05

0.00224609 1.49352e-05
0.00227051 1.51474e-05

0.00227051 1.57137e-05
0.00229492 2.48678e-06

0.00229492 3.46224e-06
0.00231934 1.1849e-05

0.00231934 8.98519e-06
0.00234375 1.78824e-05

0.0015625 0.000960863
0.00195312 0.000962218

0.00195312 0.000961864
0.00234375 0.000963802

0.00234375 1.78145e-05
0.00236816 9.16112e-06

0.00236816 1.3575e-05
0.00239258 1.91403e-06

0.00239258 1.88237e-06
0.00241699 1.34287e-05

0.00241699 9.03304e-06
0.00244141 1.79844e-05

0.00244141 1.80581e-05
0.00246582 9.04002e-06

0.00246582 1.31374e-05
0.00249023 2.01483e-06

0.00249023 2.20512e-06
0.00251465 1.37525e-05

0.00251465 9.243e-06
0.00253906 1.75548e-05

0.00253906 1.76954e-05
0.00256348 9.20846e-06

0.00256348 1.27144e-05
0.00258789 2.93037e-06

0.00258789 3.17227e-06
0.0026123 1.37035e-05

0.0026123 9.67015e-06
0.00263672 1.68972e-05

0.00263672 1.69988e-05
0.00266113 9.38893e-06

0.00266113 1.13742e-05
0.00268555 5.22476e-06

0.00268555 4.44478e-06
0.00270996 1.52837e-05

0.00270996 1.47141e-05
0.00273438 1.45044e-05

0.00273437 1.43833e-05
0.00275879 5.0657e-06

0.00275879 6.09457e-06
0.0027832 1.21388e-05

0.0027832 1.02044e-05
0.00280762 1.60235e-05

0.00280762 1.59592e-05
0.00283203 9.94883e-06

0.00283203 1.15126e-05
0.00285645 6.80752e-06

0.00285645 6.12767e-06
0.00288086 1.44409e-05

0.00288086 1.40429e-05
0.00290527 1.42355e-05

0.00290527 1.332e-05
0.00292969 7.50616e-06

0.00292969 7.75518e-06
0.0029541 1.33009e-05

0.0029541 1.373e-05
0.00297852 1.39582e-05

0.00297852 1.30635e-05
0.00300293 8.29733e-06

0.00300293 8.50028e-06
0.00302734 1.31943e-05

0.00302734 1.3529e-05
0.00305176 1.37285e-05

0.00305176 1.28812e-05
0.00307617 9.08075e-06

0.00307617 9.38229e-06
0.00310059 1.30192e-05

0.00310059 1.32038e-05
0.003125 1.33942e-05

0.00234375 0.000963752
0.00253906 0.000965257

0.00253906 0.000965231
0.00263672 0.000966249

0.00263672 0.000966253
0.00273437 0.000967579

0.00273438 0.000967578
0.00283203 0.000969204

0.00283203 0.000969194
0.00292969 0.000971141

0.00292969 0.00097113
0.00302734 0.000973441

0.00302734 0.000973425
0.003125 0.000976152

0.003125 1.24918e-05
0.00314941 1.01651e-05

0.00314941 1.06257e-05
0.00317383 1.29394e-05

0.00317383 1.22623e-05
0.00319824 1.34101e-05

0.00319824 1.25458e-05
0.00322266 1.2587e-05

0.00322266 1.27199e-05
0.00324707 1.30097e-05

0.00324707 1.27154e-05
0.00327148 1.28214e-05

0.00327148 1.28105e-05
0.0032959 1.30676e-05

0.0032959 1.28923e-05
0.00332031 1.30066e-05

0.00332031 1.294e-05
0.00334473 1.31e-05

0.00334473 1.29919e-05
0.00336914 1.31345e-05

0.00336914 1.30582e-05
0.00339355 1.31852e-05

0.00339355 1.30952e-05
0.00341797 1.32131e-05

0.00341797 1.31597e-05
0.00344238 1.32533e-05

0.00344238 1.31424e-05
0.0034668 1.33009e-05

0.0034668 1.32227e-05
0.00349121 1.34196e-05

0.00349121 1.32909e-05
0.00351563 1.34386e-05

0.00351563 1.3346e-05
0.00354004 1.35121e-05

0.00354004 1.34258e-05
0.00356445 1.35473e-05

0.00356445 1.34533e-05
0.00358887 1.35835e-05

0.00358887 1.34968e-05
0.00361328 1.36688e-05

0.00361328 1.3555e-05
0.0036377 1.37371e-05

0.0036377 1.36381e-05
0.00366211 1.37989e-05

0.00366211 1.36605e-05
0.00368652 1.38724e-05

0.00368652 1.39108e-05
0.00371094 1.38454e-05

0.00371094 1.36617e-05
0.00373535 1.37725e-05

0.00373535 1.3663e-05
0.00375977 1.42604e-05

0.00375977 1.40507e-05
0.00378418 1.42939e-05

0.00378418 1.42445e-05
0.00380859 1.40539e-05

0.00380859 1.40852e-05
0.00383301 1.39654e-05

0.00383301 1.36785e-05
0.00385742 1.44358e-05

0.00385742 1.41751e-05
0.00388184 1.50491e-05

0.00388184 1.48944e-05
0.00390625 1.4605e-05

0.003125 0.00097615
0.00313756 0.000976562

0.00313735 0.000976563
0.00317383 0.000977709

0.00317383 0.000977709
0.00322266 0.000979371

0.00322266 0.000979363
0.00327148 0.000981161

0.00327148 0.000981165
0.00332031 0.000983104

0.00332031 0.000983105
0.00336914 0.000985177

0.00336914 0.000985169
0.00341797 0.000987391

0.00341797 0.000987397
0.0034668 0.000989773

0.0034668 0.000989744
0.00351563 0.000992321

0.00351563 0.000992346
0.00356445 0.000995131

0.00356445 0.000995114
0.00361328 0.00099809

0.00361328 0.000998095
0.00366211 0.00100129

0.00366211 0.00100129
0.00371094 0.00100468

0.00371094 0.00100465
0.00375977 0.00100827

0.00375977 0.00100831
0.00380859 0.00101213

0.00380859 0.0010121
0.00385742 0.00101613

0.00385742 0.00101616
0.00390625 0.0010204

0.00390625 1.45602e-05
0.00393066 1.42018e-05

0.00393066 1.39099e-05
0.00395508 1.50222e-05

0.00395508 1.46565e-05
0.00397949 1.58849e-05

0.00397949 1.56634e-05
0.00400391 1.52976e-05

0.00400391 1.52059e-05
0.00402832 1.47242e-05

0.00402832 1.42869e-05
0.00405273 1.58783e-05

0.00405273 1.54548e-05
0.00407715 1.71447e-05

0.00407715 1.68389e-05
0.00410156 1.6291e-05

0.00410156 1.61202e-05
0.00412598 1.55033e-05

0.00412598 1.46226e-05
0.00415039 1.74256e-05

0.00415039 1.69097e-05
0.0041748 1.97813e-05

0.0041748 1.93219e-05
0.00419922 1.83364e-05

0.00419922 1.82183e-05
0.00422363 1.65017e-05

0.00422363 1.60126e-05
0.00424805 1.83307e-05

0.00424805 1.82031e-05
0.00427246 2.10315e-05

0.00427246 2.05084e-05
0.00429688 1.94917e-05

0.00429688 1.96868e-05
0.00432129 1.75145e-05

0.00432129 1.77645e-05
0.0043457 1.78909e-05

0.0043457 1.90194e-05
0.00437012 1.84338e-05

0.00437012 1.81078e-05
0.00439453 1.63878e-05

0.00439453 1.73691e-05
0.00441895 1.67825e-05

0.00441895 1.70729e-05
0.00444336 1.63319e-05

0.00444336 1.68728e-05
0.00446777 1.59256e-05

0.00446777 1.63217e-05
0.00449219 1.53927e-05

0.00449219 1.5856e-05
0.0045166 1.53264e-05

0.0045166 1.56763e-05
0.00454102 1.51351e-05

0.00454102 1.53377e-05
0.00456543 1.49352e-05

0.00456543 1.52697e-05
0.00458984 1.4874e-05

0.00458984 1.50815e-05
0.00461426 1.45421e-05

0.00461426 1.46553e-05
0.00463867 1.46146e-05

0.00463867 1.45973e-05
0.00466309 1.4961e-05

0.00466309 1.47895e-05
0.0046875 1.50676e-05

0.00390625 0.00102037
0.00395508 0.00102483

0.00395508 0.00102485
0.00396069 0.00102539

0.00396066 0.00102539
0.00397949 0.0010272

0.00397949 0.00102719
0.00400391 0.0010296

0.00400391 0.0010296
0.00402832 0.00103207

0.00402832 0.00103207
0.00405273 0.00103462

0.00405273 0.00103461
0.00407715 0.00103723

0.00407715 0.00103723
0.00410156 0.00103993

0.00410156 0.00103993
0.00412598 0.00104271

0.00412598 0.00104271
0.00415039 0.00104558

0.00415039 0.00104557
0.0041748 0.00104855

0.0041748 0.00104855
0.00418471 0.0010498

0.00418479 0.0010498
0.00419922 0.00105163

0.00419922 0.00105164
0.00422363 0.00105486

0.00422363 0.00105485
0.00424805 0.00105821

0.00424805 0.0010582
0.00429688 0.00106526

0.00429687 0.00106525
0.0043457 0.00107276

0.0043457 0.00107275
0.00435467 0.00107422

0.0043546 0.00107422
0.00437012 0.00107672

0.00437012 0.00107671
0.00439453 0.00108079

0.00439453 0.00108079
0.00441895 0.00108501

0.00441895 0.001085
0.00444336 0.00108937

0.00444336 0.00108937
0.00449219 0.00109848

0.00449219 0.00109847
0.00454102 0.00110804

0.00454102 0.00110804
0.00458984 0.00111809

0.00458984 0.00111807
0.00461282 0.00112305

0.00461286 0.00112305
0.00461426 0.00112335

0.00461426 0.00112333
0.00463867 0.00112869

0.00463867 0.0011287
0.00466309 0.00113418

0.00466309 0.00113418
0.0046875 0.00113978

0.0046875 1.48983e-05
0.00471191 1.5113e-05

0.00471191 1.49418e-05
0.00473633 1.52675e-05

0.00473633 1.50761e-05
0.00476074 1.54731e-05

0.00476074 1.52009e-05
0.00478516 1.56707e-05

0.00478516 1.53994e-05
0.00480957 1.59429e-05

0.00480957 1.54248e-05
0.00483398 1.6377e-05

0.00483398 1.59911e-05
0.0048584 1.70145e-05

0.0048584 1.63258e-05
0.00488281 1.73126e-05

0.00488281 1.67544e-05
0.00490723 1.80714e-05

0.00490723 1.76022e-05
0.00493164 1.85434e-05

0.00493164 1.76298e-05
0.00495605 1.90439e-05

0.00495605 1.76901e-05
0.00498047 2.12836e-05

0.00498047 2.15732e-05
0.00500488 2.22877e-05

0.00500488 2.10241e-05
0.0050293 1.93786e-05

0.0050293 1.90785e-05
0.00505371 2.14911e-05

0.00505371 2.16875e-05
0.00507813 2.33116e-05

0.00506025 2.44141e-05
0.00507813 2.50391e-05

0.00507813 2.19747e-05
0.00510254 2.16761e-05

0.00507813 2.46841e-05
0.00510254 2.4478e-05

0.00510254 2.32697e-05
0.00512695 2.13593e-05

0.00510254 2.44718e-05
0.00510395 2.44141e-05

0.00512695 2.08648e-05
0.00515137 1.91322e-05

0.00515137 1.88614e-05
0.00517578 2.22491e-05

0.00516971 2.44141e-05
0.00517578 2.48552e-05

0.00517578 2.38711e-05
0.0052002 2.25862e-05

0.00517578 2.50558e-05
0.00519976 2.44141e-05

0.0052002 2.16119e-05
0.00522461 1.69727e-05

0.0052002 2.46422e-05
0.00520252 2.44141e-05

0.00522461 1.88698e-05
0.00524902 1.86242e-05

0.00524902 1.91665e-05
0.00527344 1.89379e-05

0.00527344 1.89282e-05
0.00529785 1.81086e-05

0.00529785 1.91881e-05
0.00532227 1.72769e-05

0.00532227 1.7216e-05
0.00534668 1.60825e-05

0.00534668 1.51422e-05
0.00537109 1.91963e-05

0.00537109 1.97557e-05
0.00539551 2.14691e-05

0.00539551 1.89062e-05
0.00541992 1.88593e-05

0.00541992 1.9161e-05
0.00544434 2.19701e-05

0.00544434 2.09529e-05
0.00546875 2.24307e-05

0.0046875 0.00113977
0.00471191 0.00114552

0.00471191 0.00114552
0.00471993 0.00114746

0.00471994 0.00114746
0.00473633 0.00115143

0.00473633 0.00115143
0.00476074 0.00115752

0.00476074 0.00115752
0.00478516 0.00116377

0.00478516 0.00116376
0.00480957 0.0011702

0.00480957 0.0011702
0.00481571 0.00117187

0.00481569 0.00117188
0.00483398 0.00117686

0.00483398 0.00117687
0.0048584 0.0011837

0.0048584 0.00118369
0.00488281 0.00119069

0.00488281 0.00119069
0.00490182 0.00119629

0.00490181 0.00119629
0.00490723 0.00119788

0.00490723 0.00119789
0.00493164 0.00120526

0.00493164 0.00120527
0.00495605 0.00121281

0.00495605 0.0012128
0.00498047 0.0012205

0.00498047 0.00122046
0.00498121 0.0012207

0.00498107 0.0012207
0.00500488 0.00122835

0.00500488 0.00122835
0.0050293 0.00123632

0.0050293 0.00123631
0.00505371 0.00124445

0.00505371 0.00124445
0.00505568 0.00124512

0.00505565 0.00124512
0.00507813 0.00125278

0.00507813 0.00125278
0.00510254 0.00126128

0.00510254 0.00126127
0.00512573 0.00126953

0.00512571 0.00126953
0.00512695 0.00126997

0.00512695 0.00126998
0.00515137 0.00127889

0.00515137 0.00127888
0.00517578 0.00128798

0.00517578 0.00128797
0.00519144 0.00129395

0.00519142 0.00129395
0.0052002 0.00129729

0.0052002 0.00129729
0.00522461 0.0013068

0.00522461 0.00130678
0.00525364 0.00131836

0.0052537 0.00131836
0.00527344 0.00132629

0.00527344 0.00132629
0.00529785 0.00133625

0.00529785 0.00133624
0.00531359 0.00134277

0.00531356 0.00134277
0.00532227 0.00134639

0.00532227 0.00134639
0.00534668 0.00135669

0.00534668 0.00135668
0.00537109 0.00136716

0.00537109 0.00136715
0.00537118 0.00136719

0.00537112 0.00136719
0.00539551 0.00137785

0.00539551 0.00137784
0.00541992 0.00138869

0.00541992 0.00138867
0.00542641 0.0013916

0.00542636 0.0013916
0.00544434 0.00139972

0.00544434 0.00139971
0.00546875 0.00141089

0.00546875 2.14046e-05
0.00549316 2.26821e-05

0.00549316 2.18535e-05
0.00551758 2.4085e-05

0.00551721 2.44141e-05
0.00551758 2.44314e-05

0.00551758 2.37047e-05
0.00553113 2.44141e-05

0.00552733 2.44141e-05
0.00554199 2.47986e-05

0.00554199 2.39696e-05
0.0055607 2.44141e-05

0.00556249 2.44141e-05
0.00556641 2.44912e-05

0.00556641 2.4819e-05
0.00559082 2.57726e-05

0.00559082 2.58299e-05
0.00561523 2.64846e-05

0.00561523 2.66252e-05
0.00563965 2.65853e-05

0.00563965 2.63583e-05
0.00566406 2.57965e-05

0.00566406 2.57365e-05
0.00568848 2.52269e-05

0.00568848 2.51807e-05
0.00571289 2.49359e-05

0.00571289 2.50098e-05
0.0057373 2.49742e-05

0.0057373 2.49574e-05
0.00576172 2.50167e-05

0.00576172 2.50724e-05
0.00578613 2.51486e-05

0.00578613 2.51147e-05
0.00581055 2.5164e-05

0.00581055 2.51635e-05
0.00583496 2.52549e-05

0.00583496 2.52633e-05
0.00585938 2.5381e-05

0.00585938 2.5387e-05
0.00588379 2.55022e-05

0.00588379 2.55063e-05
0.0059082 2.55986e-05

0.0059082 2.55995e-05
0.00593262 2.56591e-05

0.00593262 2.56573e-05
0.00595703 2.5686e-05

0.00595703 2.56818e-05
0.00598145 2.56915e-05

0.00598145 2.56872e-05
0.00600586 2.56947e-05

0.00600586 2.56923e-05
0.00603027 2.5711e-05

0.00603027 2.57125e-05
0.00605469 2.57444e-05

0.00605469 2.57495e-05
0.0060791 2.57812e-05

0.0060791 2.57875e-05
0.00610352 2.57961e-05

0.00610352 2.57998e-05
0.00612793 2.57654e-05

0.00612793 2.5764e-05
0.00615234 2.56822e-05

0.00615234 2.5676e-05
0.00617676 2.55621e-05

0.00617676 2.55534e-05
0.00620117 2.54372e-05

0.00620117 2.54293e-05
0.00622559 2.5344e-05

0.00622559 2.53394e-05
0.00625 2.53099e-05

0.00546875 0.00141088
0.00547981 0.00141602

0.00547977 0.00141602
0.00549316 0.00142221

0.00549316 0.0014222
0.00551758 0.00143358

0.00551758 0.00143356
0.00553218 0.00144043

0.00553214 0.00144043
0.00554199 0.00144507

0.00554199 0.00144506
0.00556641 0.00145664

0.00556641 0.00145663
0.00558356 0.00146484

0.00558353 0.00146484
0.00559082 0.00146833

0.00559082 0.00146833
0.00561523 0.00148011

0.00561523 0.00148011
0.00563406 0.00148926

0.00563403 0.00148926
0.00563965 0.00149199

0.00563965 0.00149199
0.00566406 0.00150393

0.00566406 0.00150392
0.00568392 0.00151367

0.00568388 0.00151367
0.00568848 0.00151593

0.00568848 0.00151593
0.00571289 0.00152793

0.00571289 0.00152792
0.00573355 0.00153809

0.00573352 0.00153809
0.0057373 0.00153995

0.0057373 0.00153994
0.00576172 0.00155195

0.00576172 0.00155194
0.0057832 0.0015625

0.00578317 0.0015625
0.00578613 0.00156396

0.00578613 0.00156396
0.00581055 0.00157595

0.00581055 0.00157595
0.00583292 0.00158691

0.00583289 0.00158691
0.00583496 0.00158793

0.00583496 0.00158793
0.00585938 0.00159986

0.00585938 0.00159986
0.00588298 0.00161133

0.00588294 0.00161133
0.00588379 0.00161174

0.00588379 0.00161174
0.0059082 0.00162351

0.0059082 0.0016235
0.00593262 0.00163516

0.00593262 0.00163512
0.00593394 0.00163574

0.00593381 0.00163574
0.00595703 0.00164672

0.00595703 0.00164671
0.00598145 0.00165813

0.00598145 0.00165809
0.00598591 0.00166016

0.00598579 0.00166016
0.00600586 0.00166945

0.00600586 0.00166943
0.00603027 0.00168059

0.00603027 0.00168057
0.00603914 0.00168457

0.00603903 0.00168457
0.00605469 0.00169163

0.00605469 0.00169162
0.0060791 0.00170246

0.0060791 0.00170245
0.00609406 0.00170898

0.00609398 0.00170898
0.00610352 0.00171315

0.00610352 0.00171313
0.00612793 0.00172358

0.00612793 0.00172357
0.00615137 0.0017334

0.00615135 0.0017334
0.00615234 0.00173382

0.00615234 0.00173382
0.00617676 0.00174384

0.00617676 0.00174383
0.00620117 0.00175363

0.00620117 0.00175361
0.00621187 0.00175781

0.00621177 0.00175781
0.00622559 0.00176324

0.00622559 0.00176322
0.00625 0.00177257

0.00625 2.53099e-05
0.00627441 2.53456e-05

0.00627441 2.53501e-05
0.00629883 2.54423e-05

0.00629883 2.54501e-05
0.00632324 2.55741e-05

0.00632324 2.55832e-05
0.00634766 2.57049e-05

0.00634766 2.57128e-05
0.00637207 2.57983e-05

0.00637207 2.58024e-05
0.00639648 2.58281e-05

0.00639648 2.5827e-05
0.0064209 2.5787e-05

0.0064209 2.57809e-05
0.00644531 2.56898e-05

0.00644531 2.56805e-05
0.00646973 2.55692e-05

0.00646973 2.55597e-05
0.00649414 2.54659e-05

0.00649414 2.54594e-05
0.00651855 2.54151e-05

0.00651855 2.54136e-05
0.00654297 2.54347e-05

0.00654297 2.54383e-05
0.00656738 2.55207e-05

0.00656738 2.55275e-05
0.0065918 2.56505e-05

0.0065918 2.56577e-05
0.00661621 2.57932e-05

0.00661621 2.57985e-05
0.00664063 2.59213e-05

0.00664062 2.59236e-05
0.00666504 2.60187e-05

0.00666504 2.60183e-05
0.00668945 2.60818e-05

0.00668945 2.60798e-05
0.00671387 2.61165e-05

0.00671387 2.61142e-05
0.00673828 2.61323e-05

0.00673828 2.61305e-05
0.0067627 2.61384e-05

0.0067627 2.61372e-05
0.00678711 2.61411e-05

0.00678711 2.61404e-05
0.00681152 2.61442e-05

0.00681152 2.61438e-05
0.00683594 2.61499e-05

0.00683594 2.61495e-05
0.00686035 2.61595e-05

0.00686035 2.6159e-05
0.00688477 2.61746e-05

0.00688477 2.61739e-05
0.00690918 2.61974e-05

0.00690918 2.61964e-05
0.00693359 2.62312e-05

0.00693359 2.62298e-05
0.00695801 2.62805e-05

0.00695801 2.62788e-05
0.00698242 2.63517e-05

0.00698242 2.63496e-05
0.00700684 2.64522e-05

0.00700684 2.64501e-05
0.00703125 2.65906e-05

0.00703125 2.65888e-05
0.00705566 2.6775e-05

0.00705566 2.67739e-05
0.00708008 2.70116e-05

0.00708008 2.70117e-05
0.00710449 2.73028e-05

0.00710449 2.73046e-05
0.00712891 2.76455e-05

0.00712891 2.7649e-05
0.00715332 2.80292e-05

0.00715332 2.80341e-05
0.00717773 2.84369e-05

0.00717773 2.84418e-05
0.00720215 2.88479e-05

0.00720215 2.88498e-05
0.00722656 2.92457e-05

0.00722656 2.92393e-05
0.00725098 2.9634e-05

0.00725098 2.96122e-05
0.00727539 3.00621e-05

0.00727539 3.00169e-05
0.0072998 3.06557e-05

0.0072998 3.05836e-05
0.00732422 3.16458e-05

0.00732422 3.15543e-05
0.00734863 3.33673e-05

0.00734863 3.3283e-05
0.00737305 3.61981e-05

0.00737305 3.61655e-05
0.00739746 4.04168e-05

0.00739746 4.04855e-05
0.00742188 4.60012e-05

0.00742188 4.61515e-05
0.00743191 4.88281e-05

0.00743246 4.88281e-05
0.00744629 5.25161e-05

0.00744629 5.25987e-05
0.0074707 5.99265e-05

0.0074707 5.99305e-05
0.00749512 6.80259e-05

0.00749512 6.80491e-05
0.00750944 7.32422e-05

0.00750959 7.32422e-05
0.00751953 7.68473e-05

0.00751953 7.68765e-05
0.00754395 8.6497e-05

0.00754395 8.64891e-05
0.00756836 9.68996e-05

0.00756836 9.70215e-05
0.00756974 9.76563e-05

0.00757002 9.76563e-05
0.00759277 0.000108105

0.00759277 0.000108098
0.00761719 0.000120131

0.00761719 0.000120205
0.00762072 0.00012207

0.0076209 0.00012207
0.0076416 0.000133011

0.0076416 0.000133007
0.00766539 0.000146484

0.00766539 0.000146484
0.00766602 0.000146826

0.00766602 0.000146828
0.00769043 0.000161637

0.00769043 0.000161633
0.0077047 0.000170898

0.00770478 0.000170898
0.00771484 0.000177437

0.00771484 0.00017746
0.00773926 0.000194428

0.00773926 0.000194545
0.00774033 0.000195313

0.0077405 0.000195313
0.00776367 0.000212546

0.00776367 0.000212706
0.00777276 0.000219727

0.00777276 0.000219727
0.00778809 0.000231942

0.00778809 0.000232139
0.00780245 0.000244141

0.0078024 0.000244141
0.0078125 0.000252833

0.00625 0.00177256
0.00627441 0.0017817

0.00627441 0.00178162
0.00627607 0.00178223

0.00627578 0.00178223
0.00629883 0.0017906

0.00629883 0.00179064
0.00634501 0.00180664

0.00634504 0.00180664
0.00634766 0.00180753

0.00634766 0.0018075
0.00637207 0.00181554

0.00637207 0.00181554
0.00639648 0.00182328

0.00639648 0.00182328
0.0064209 0.00183073

0.0064209 0.00183067
0.0064222 0.00183105

0.00642198 0.00183105
0.00644531 0.00183789

0.00644531 0.00183788
0.00646973 0.00184473

0.00646973 0.00184473
0.00649414 0.00185127

0.00649414 0.00185126
0.00651059 0.00185547

0.00651051 0.00185547
0.00651855 0.00185752

0.00651855 0.00185751
0.00654297 0.00186345

0.00654297 0.00186345
0.00656738 0.00186906

0.00656738 0.00186907
0.0065918 0.00187437

0.0065918 0.00187436
0.00661621 0.00187935

0.00661621 0.00187932
0.00661917 0.00187988

0.00661891 0.00187988
0.00664063 0.00188405

0.00664062 0.00188414
0.00668945 0.00189246

0.00668945 0.00189247
0.00673828 0.00189938

0.00673828 0.00189938
0.00678222 0.0019043

0.00678217 0.0019043
0.00678711 0.00190481

0.00678711 0.00190475
0.00681152 0.00190694

0.00681152 0.00190695
0.00683594 0.00190878

0.00683594 0.00190878
0.00686035 0.00191024

0.00686035 0.00191024
0.00688477 0.00191132

0.00688477 0.00191132
0.00690918 0.00191202

0.00690918 0.00191202
0.00693359 0.00191233

0.00693359 0.00191233
0.00695801 0.00191225

0.00695801 0.00191225
0.00698242 0.00191178

0.00698242 0.00191178
0.00700684 0.00191091

0.00700684 0.00191091
0.00703125 0.00190964

0.00703125 0.00190965
0.00705566 0.00190797

0.00705566 0.00190797
0.00708008 0.00190586

0.00712891 0.00190049
0.00709516 0.0019043

0.00708008 0.00190586
0.00709522 0.0019043

0.00712891 0.00190047
0.00717773 0.0018932

0.00717773 0.00189318
0.00722656 0.00188416

0.00725098 0.00187894
0.0072465 0.00187988

0.00722656 0.00188408
0.0072464 0.00187988

0.00725098 0.00187891
0.00727539 0.00187324

0.00727539 0.00187324
0.0072998 0.00186707

0.0072998 0.00186707
0.00732422 0.00186039

0.00734863 0.00185323
0.00734104 0.00185547

0.00734863 0.0018532
0.00737305 0.00184546

0.00737305 0.00184546
0.00739746 0.00183717

0.00742188 0.00182836
0.00741444 0.00183105

0.00739746 0.00183716
0.0074143 0.00183105

0.00732422 0.00186038
0.00734088 0.00185547

0.00759277 0.00174829
0.00757562 0.00175781

0.00759277 0.00174823
0.00761719 0.00173391

0.00742188 0.00182833
0.00744629 0.00181888

0.00744629 0.00181889
0.0074707 0.00180883

0.00751953 0.00178691
0.00747605 0.00180664

0.0074707 0.00180885
0.00747575 0.00180664

0.00754395 0.00177462
0.00752866 0.00178223

0.00751953 0.00178665
0.00752842 0.00178223

0.00754395 0.00177457
0.00756836 0.00176176

0.00756836 0.00176171
0.00757537 0.00175781

0.00766602 0.00170304
0.00765673 0.00170898

0.0076416 0.00171881
0.00761808 0.0017334

0.00761719 0.00173389
0.00761801 0.0017334

0.0076416 0.00171873
0.00765633 0.00170898

0.00766602 0.00170286
0.00771484 0.00166762

0.00776367 0.00162837
0.00772448 0.00166016

0.0078125 0.00158356
0.00778255 0.00161133

0.00776367 0.00162797
0.0077825 0.00161133

0.00771484 0.00166736
0.00772433 0.00166016

0.0078125 0.000252989
0.00782974 0.000268555

0.00782972 0.000268555
0.00783691 0.000275314

0.00783691 0.000275382
0.0078549 0.000292969

0.00785493 0.000292969
0.00786133 0.000299491

0.00786133 0.000299478
0.00787812 0.000317383

0.00787824 0.000317383
0.00788574 0.000325711

0.00788574 0.000325682
0.00789976 0.000341797

0.00789998 0.000341797
0.00791016 0.000354231

0.00791016 0.000354111
0.00791983 0.000366211

0.00792003 0.000366211
0.00793457 0.000385184

0.00793457 0.000385264
0.00793854 0.000390625

0.00793868 0.000390625
0.00795608 0.000415039

0.00795609 0.000415039
0.00795898 0.000419474

0.00795898 0.000419465
0.00797224 0.000439453

0.00797224 0.000439453
0.0079834 0.000457543

0.0079834 0.00045761
0.00798722 0.000463867

0.00798727 0.000463867
0.00800124 0.000488281

0.00800124 0.000488281
0.00800781 0.000500687

0.00800781 0.000500735
0.00801415 0.000512695

0.00801417 0.000512695
0.00802611 0.000537109

0.00802629 0.000537109
0.00804748 0.000585938

0.00804749 0.000585937
0.00805664 0.000611138

0.00805664 0.000610752
0.0080649 0.000634766

0.00806491 0.000634766
0.00807254 0.00065918

0.00807253 0.00065918
0.00807937 0.000683594

0.00807936 0.000683594
0.00808105 0.000690414

0.00808105 0.000690404
0.00808543 0.000708008

0.00808544 0.000708008
0.00809076 0.000732422

0.00809074 0.000732422
0.00809534 0.000756836

0.00809535 0.000756836
0.00809924 0.00078125

0.00809941 0.00078125
0.00810507 0.000830078

0.00810503 0.000830078
0.00810547 0.00083756

0.00810547 0.000837258
0.00810793 0.000878906

0.00810793 0.000878906
0.0081081 0.000927734

0.0081081 0.000927734
0.00810553 0.000976562

0.00810547 0.00098231
0.00809294 0.00107422

0.00809234 0.00107422
0.00808154 0.00112305

0.00808151 0.00112305
0.00806781 0.00117187

0.00810547 0.000977341
0.00810555 0.000976563

0.00800781 0.00131955
0.00798185 0.00136719

0.00786133 0.00153211
0.00783346 0.0015625

0.00791016 0.00147353
0.00787788 0.00151367

0.00786133 0.00153226
0.00787761 0.00151367

0.00795898 0.00140379
0.00795137 0.00141602

0.00795159 0.00141602
0.00791696 0.00146484

0.00798169 0.00136719
0.007967 0.0013916

0.00795898 0.00140408
0.00796701 0.0013916

0.00791016 0.00147357
0.00791675 0.00146484

0.00805664 0.00120477
0.0080512 0.0012207

0.00805121 0.0012207
0.00803141 0.00126953

0.00805664 0.00120482
0.00806789 0.00117188

0.0080315 0.00126953
0.00800842 0.00131836

0.00800781 0.00131942
0.00800837 0.00131836

0.0078125 0.00158324
0.00783312 0.0015625

