7.14129e-05 0
7.32422e-05 5.32697e-06

7.32422e-05 5.165e-07
9.612e-05 2.44141e-05

9.76563e-05 1.40116e-05
0.00012207 1.50559e-05

0.00012207 1.38276e-05
0.000146484 1.42123e-05

0.000146484 1.49693e-05
0.000170898 1.47012e-05

0.000170898 1.41403e-05
0.000195313 1.34788e-05

0.000195313 1.39969e-05
0.000219727 1.4648e-05

0.000219727 1.41807e-05
0.000244141 1.44477e-05

0.000244141 1.46905e-05
0.000268555 1.43734e-05

0.000268555 1.45003e-05
0.000292969 1.36306e-05

0.000292969 1.38262e-05
0.000317383 1.38954e-05

0.000317383 1.4039e-05
0.000341797 1.41976e-05

0.000341797 1.43143e-05
0.000366211 1.36501e-05

0.000366211 1.39241e-05
0.000390625 1.33023e-05

0.000390625 1.33935e-05
0.000415039 1.36418e-05

0.000415039 1.38303e-05
0.000439453 1.37654e-05

0.000439453 1.37669e-05
0.000463867 1.31717e-05

0.000463867 1.33536e-05
0.000488281 1.33628e-05

0.000488281 1.3407e-05
0.000512695 1.35449e-05

0.000512695 1.36363e-05
0.000537109 1.32827e-05

0.000537109 1.34076e-05
0.000561523 1.30266e-05

0.000561523 1.31372e-05
0.000585937 1.32295e-05

0.000585938 1.32401e-05
0.000610352 1.33275e-05

0.000610352 1.34156e-05
0.000634766 1.30776e-05

0.000634766 1.322e-05
0.00065918 1.28599e-05

0.00065918 1.29282e-05
0.000683594 1.30506e-05

0.000683594 1.30669e-05
0.000708008 1.31872e-05

0.000708008 1.31664e-05
0.000732422 1.29842e-05

0.000732422 1.30654e-05
0.000756836 1.29286e-05

0.000756836 1.28361e-05
0.00078125 1.31201e-05

0.00078125 1.30599e-05
0.000805664 1.33386e-05

0.000805664 1.32102e-05
0.000830078 1.3146e-05

0.000830078 1.31202e-05
0.000854492 1.31858e-05

0.000854492 1.31733e-05
0.000878906 1.32774e-05

0.000878906 1.31523e-05
0.00090332 1.33039e-05

0.00090332 1.32627e-05
0.000927734 1.34075e-05

0.000927734 1.32761e-05
0.000952148 1.33905e-05

0.000952148 1.33314e-05
0.000976562 1.35058e-05

0.000976562 1.33487e-05
0.00100098 1.35733e-05

0.00100098 1.3471e-05
0.00102539 1.36969e-05

0.00102539 1.36452e-05
0.0010498 1.36114e-05

0.0010498 1.34612e-05
0.00107422 1.36566e-05

0.00107422 1.34345e-05
0.00109863 1.41131e-05

0.00109863 1.40735e-05
0.00112305 1.40667e-05

0.00112305 1.38616e-05
0.00114746 1.36756e-05

0.00114746 1.35526e-05
0.00117187 1.43055e-05

0.00117188 1.39745e-05
0.00119629 1.47135e-05

0.00119629 1.46557e-05
0.0012207 1.43553e-05

0.0012207 1.42662e-05
0.00124512 1.39505e-05

0.00124512 1.40376e-05
0.00126953 1.44822e-05

0.00126953 1.4151e-05
0.00129395 1.47586e-05

0.00129395 1.51309e-05
0.00131836 1.43497e-05

0.00131836 1.39103e-05
0.00134277 1.3767e-05

0.00134277 1.48673e-05
0.00136719 1.43882e-05

0.00134277 2.44452e-05
0.00134694 2.44141e-05

0.0013916 8.10942e-07
0.00136895 2.44141e-05

0.00136719 2.47715e-05
0.00136822 2.44141e-05

0.0013916 4.58278e-06
0.00139316 0

0.00146313 0
0.00146484 5.08232e-06

0.00146484 3.78255e-06
0.0014849 2.44141e-05

0.00148533 2.44141e-05
0.00148926 2.57598e-05

0.00148926 1.67582e-05
0.00151367 1.70139e-05

0.00150713 2.44141e-05
0.00151367 2.44352e-05

0.00151367 1.64683e-05
0.00153809 1.59435e-05

0.0015625 4.88083e-06
0.00154242 2.44141e-05

0.00153809 2.57329e-05
0.00154214 2.44141e-05

0 0.00312079
0.000390625 0.00310979

0.000390625 0.00311007
0.00078125 0.00307648

0.00078125 0.00307711
0.00117187 0.00301908

0.00117188 0.00302013
0.0015625 0.00293431

0.0015625 6.55811e-06
0.00156475 0

0.00165649 0
0.00166016 9.03091e-06

0.00166016 1.01084e-05
0.00167615 2.44141e-05

0.00167533 2.44141e-05
0.00168457 2.75972e-05

0.00168457 1.73878e-05
0.00170898 1.75665e-05

0.00169317 2.44141e-05
0.00170898 2.44755e-05

0.0017334 1.0592e-05
0.00171743 2.44141e-05

0.00170898 2.76205e-05
0.00171849 2.44141e-05

0.0017334 1.09832e-05
0.00173796 0

0.00180006 0
0.00180664 1.44956e-05

0.00180664 9.5313e-06
0.00183105 1.20886e-05

0.00183105 6.4146e-06
0.00185295 0

0.00185611 0
0.00187988 1.72007e-05

0.00187988 8.6231e-06
0.0019043 1.14326e-05

0.0019043 9.07203e-06
0.00192871 1.06133e-05

0.00192871 9.68108e-06
0.00195312 1.20832e-05

0.00195312 9.41315e-06
0.00197754 1.30832e-05

0.00197754 1.3662e-05
0.00200195 1.27719e-05

0.00200195 1.56689e-05
0.00202637 5.65241e-06

0.00202637 6.12988e-06
0.00205078 8.81355e-06

0.00205078 9.23362e-06
0.0020752 1.48463e-05

0.0020752 9.62867e-06
0.00209961 1.1792e-05

0.00209961 1.34416e-05
0.00212402 1.3408e-05

0.00212402 1.30591e-05
0.00214844 8.31743e-06

0.00214844 7.9076e-06
0.00217285 1.30774e-05

0.00217285 1.39871e-05
0.00219727 1.38237e-05

0.00219727 1.31732e-05
0.00222168 7.59453e-06

0.00222168 7.49671e-06
0.00224609 1.34377e-05

0.00224609 1.40662e-05
0.00227051 1.4064e-05

0.00227051 1.39584e-05
0.00229492 6.97309e-06

0.00229492 7.73758e-06
0.00231934 1.18491e-05

0.00231934 1.04767e-05
0.00234375 1.52744e-05

0.00234375 1.53053e-05
0.00236816 1.06375e-05

0.00236816 1.25389e-05
0.00239258 7.01794e-06

0.00239258 7.02644e-06
0.00241699 1.25376e-05

0.00241699 1.05745e-05
0.00244141 1.53489e-05

0.00244141 1.53448e-05
0.00246582 1.05631e-05

0.00246582 1.25023e-05
0.00249023 7.06797e-06

0.00249023 7.07004e-06
0.00251465 1.25554e-05

0.00251465 1.06026e-05
0.00253906 1.5314e-05

0.00253906 1.53082e-05
0.00256348 1.05791e-05

0.00256348 1.24695e-05
0.00258789 7.16304e-06

0.00258789 7.15968e-06
0.0026123 1.25773e-05

0.0026123 1.07306e-05
0.00263672 1.51914e-05

0.00263672 1.51352e-05
0.00266113 1.05242e-05

0.00266113 1.18536e-05
0.00268555 7.95837e-06

0.00268555 7.15338e-06
0.00270996 1.39137e-05

0.00270996 1.39681e-05
0.00273438 1.41575e-05

0.00273437 1.39192e-05
0.00275879 7.40303e-06

0.00275879 8.19522e-06
0.0027832 1.18508e-05

0.0027832 1.0718e-05
0.00280762 1.49506e-05

0.00280762 1.49496e-05
0.00283203 1.0704e-05

0.00283203 1.18604e-05
0.00285645 8.18421e-06

0.00285645 7.50977e-06
0.00288086 1.37758e-05

0.00288086 1.39037e-05
0.00290527 1.38743e-05

0.00290527 1.29961e-05
0.00292969 8.25007e-06

0.00292969 8.76753e-06
0.0029541 1.30436e-05

0.0029541 1.33033e-05
0.00297852 1.32822e-05

0.00297852 1.14667e-05
0.00300293 1.03165e-05

0.00300293 1.05178e-05
0.00302734 1.45721e-05

0.00302734 1.29112e-05
0.00305176 1.43654e-05

0.00305176 1.3211e-05
0.00307617 1.40005e-05

0.00307617 1.36454e-05
0.00310059 1.48187e-05

0.00310059 1.40854e-05
0.003125 1.49389e-05

0.00175781 0.00287841
0.00157286 0.00292969

0.0015625 0.00293215
0.00157138 0.00292969

0.00175781 0.00287889
0.00195312 0.00281602

0.00234375 0.00265847
0.00216978 0.00273438

0.00195312 0.00281636
0.00214844 0.00274312

0.00214844 0.00274256
0.00216719 0.00273438

0.00292969 0.00231072
0.00288385 0.00234375

0.003125 0.00214809
0.00312462 0.00214844

0.00302734 0.00223549
0.00301418 0.00224609

0.00297852 0.00227152
0.00294836 0.00229492

0.00292969 0.00231031
0.00294966 0.00229492

0.00297852 0.00227074
0.00300935 0.00224609

0.00302734 0.00223353
0.003125 0.0021487

0.00244141 0.00261066
0.00238783 0.00263672

0.00234375 0.00265684
0.00238511 0.00263672

0.00244141 0.00261026
0.00253906 0.00255927

0.00273438 0.00244629
0.00257711 0.00253906

0.00253906 0.00255906
0.00257354 0.00253906

0.00283203 0.00238002
0.00273969 0.00244141

0.00273438 0.00244442
0.0027391 0.00244141

0.00283203 0.00237976
0.00288223 0.00234375

0.003125 1.44823e-05
0.00314941 1.53375e-05

0.00314941 1.4787e-05
0.00317383 1.56275e-05

0.00317383 1.51864e-05
0.00319824 1.60319e-05

0.00319824 1.55533e-05
0.00322266 1.63007e-05

0.00322266 1.56872e-05
0.00324707 1.68316e-05

0.00324707 1.63862e-05
0.00327148 1.75114e-05

0.00327148 1.66534e-05
0.0032959 1.7938e-05

0.0032959 1.7423e-05
0.00332031 1.892e-05

0.00332031 1.82814e-05
0.00334473 1.92701e-05

0.00334473 1.91447e-05
0.00336914 1.91757e-05

0.00336914 1.27772e-05
0.00339276 2.44141e-05

0.0033912 2.44141e-05
0.00339355 2.5352e-05

0.00339355 2.72748e-05
0.00341797 4.86448e-05

0.00341771 4.88281e-05
0.00341797 4.90773e-05

0.00341797 4.86645e-05
0.00341814 4.88281e-05

0.00341797 4.93318e-05
0.0034418 7.32422e-05

0.00344184 7.32422e-05
0.00344238 7.38085e-05

0.00344238 7.3955e-05
0.00346448 9.76563e-05

0.00346504 9.76563e-05
0.0034668 9.96205e-05

0.0034668 0.000100092
0.00350632 0.000146484

0.00350626 0.000146484
0.00351563 0.000158717

0.00351563 0.000159098
0.0035429 0.000195313

0.0035431 0.000195313
0.00356445 0.000227296

0.00356445 0.000228403
0.00357477 0.000244141

0.00357532 0.000244141
0.00360419 0.000292969

0.00360496 0.000292969
0.00361328 0.000309703

0.00361328 0.00031117
0.0036293 0.000341797

0.00362949 0.000341797
0.00365216 0.000390625

0.00365282 0.000390625
0.00369036 0.000488281

0.00369018 0.000488281
0.00371094 0.000561351

0.00371094 0.000563066
0.00371743 0.000585938

0.0037176 0.000585937
0.00373653 0.000683594

0.00373616 0.000683594
0.00374744 0.00078125

0.00374942 0.00078125
0.00375021 0.000976562

0.0037499 0.000976562
0.00372212 0.00117188

0.00371094 0.00121246
0.00366667 0.00136719

0.00366672 0.00136719
0.00358178 0.0015625

0.00371094 0.00120584
0.00372065 0.00117187

0.00332031 0.00195248
0.00331977 0.00195312

0.00351563 0.00167858
0.00346842 0.00175781

0.00341797 0.0018222
0.00339371 0.00185547

0.00332031 0.00194609
0.00339355 0.00185547

0.00341797 0.00182103
0.00346413 0.00175781

0.00331829 0.00195312
0.00312883 0.00214844

0.003125 0.00214914
0.00312577 0.00214844

0.00351563 0.00167213
0.00358094 0.0015625

