7.1407e-05 0
7.32422e-05 5.35023e-06

7.32422e-05 1.31836e-06
9.59899e-05 2.44141e-05

9.68546e-05 2.44141e-05
9.76563e-05 2.46854e-05

9.76563e-05 1.43149e-05
0.00012207 1.44268e-05

0.000115468 2.44141e-05
0.00012207 2.44252e-05

0.00012207 1.3559e-05
0.000146484 1.39241e-05

0.000146484 1.42423e-05
0.000170898 1.50638e-05

0.000170898 1.46431e-05
0.000195313 1.41285e-05

0.000195313 1.441e-05
0.000219727 1.40856e-05

0.000219727 1.41226e-05
0.000244141 1.41439e-05

0.000244141 1.41079e-05
0.000268555 1.44209e-05

0.000268555 1.45423e-05
0.000292969 1.42116e-05

0.000292969 1.43657e-05
0.000317383 1.36481e-05

0.000317383 1.39059e-05
0.000341797 1.37465e-05

0.000341797 1.3829e-05
0.000366211 1.3943e-05

0.000366211 1.40654e-05
0.000390625 1.37598e-05

0.000390625 1.39401e-05
0.000415039 1.33698e-05

0.000415039 1.35715e-05
0.000439453 1.34016e-05

0.000439453 1.34629e-05
0.000463867 1.35958e-05

0.000463867 1.3682e-05
0.000488281 1.34875e-05

0.000488281 1.36042e-05
0.000512695 1.31674e-05

0.000512695 1.33209e-05
0.000537109 1.3209e-05

0.000537109 1.33206e-05
0.000561523 1.32883e-05

0.000561523 1.32368e-05
0.000585937 1.32463e-05

0.000585938 1.3376e-05
0.000610352 1.32466e-05

0.000610352 1.33064e-05
0.000634766 1.29893e-05

0.000634766 1.3128e-05
0.00065918 1.30383e-05

0.00065918 1.30633e-05
0.000683594 1.31041e-05

0.000683594 1.30908e-05
0.000708008 1.31339e-05

0.000708008 1.32323e-05
0.000732422 1.29968e-05

0.000732422 1.29895e-05
0.000756836 1.2899e-05

0.000756836 1.29193e-05
0.00078125 1.31813e-05

0.00078125 1.30763e-05
0.000805664 1.31855e-05

0.000805664 1.31449e-05
0.000830078 1.3112e-05

0.000830078 1.30705e-05
0.000854492 1.3144e-05

0.000854492 1.29993e-05
0.000878906 1.3363e-05

0.000878906 1.33004e-05
0.00090332 1.34389e-05

0.00090332 1.33586e-05
0.000927734 1.32048e-05

0.000927734 1.31682e-05
0.000952148 1.33477e-05

0.000952148 1.31916e-05
0.000976562 1.36328e-05

0.000976562 1.34976e-05
0.00100098 1.3665e-05

0.00100098 1.36291e-05
0.00102539 1.34426e-05

0.00102539 1.33453e-05
0.0010498 1.35418e-05

0.0010498 1.33543e-05
0.00107422 1.40076e-05

0.00107422 1.37995e-05
0.00109863 1.4064e-05

0.00109863 1.39399e-05
0.00112305 1.38223e-05

0.00112305 1.37584e-05
0.00114746 1.39267e-05

0.00114746 1.35913e-05
0.00117187 1.44262e-05

0.00117188 1.4286e-05
0.00119629 1.46836e-05

0.00119629 1.44701e-05
0.0012207 1.41695e-05

0.0012207 1.43612e-05
0.00124512 1.41375e-05

0.00124512 1.40462e-05
0.00126953 1.42456e-05

0.00126953 1.40518e-05
0.00129395 1.4757e-05

0.00129395 1.49832e-05
0.00131836 1.4419e-05

0.00131836 1.41066e-05
0.00134277 1.38123e-05

0.00134277 1.47729e-05
0.00136719 1.41696e-05

0.00134277 2.4439e-05
0.00134547 2.44141e-05

0.0013916 1.00476e-06
0.00136881 2.44141e-05

0.00136719 2.49507e-05
0.00136876 2.44141e-05

0.0013916 5.54358e-06
0.00139351 0

0.00146263 0
0.00146484 6.3926e-06

0.00146484 3.11345e-06
0.00148524 2.44141e-05

0.00148856 2.44141e-05
0.00148926 2.46562e-05

0.00148926 1.62887e-05
0.00151367 1.80348e-05

0.00151367 1.78852e-05
0.00153809 1.63398e-05

0.0015625 3.52212e-06
0.00154223 2.44141e-05

0.00153809 2.49294e-05
0.00153958 2.44141e-05

0 0.0031208
0.000390625 0.00310979

0.000390625 0.00311007
0.00078125 0.00307648

0.00078125 0.00307711
0.00117187 0.00301909

0.00117188 0.00302013
0.0015625 0.00293431

0.0015625 6.71538e-06
0.00156483 0

0.00165642 0
0.00166016 9.19278e-06

0.00166016 1.01287e-05
0.00167615 2.44141e-05

0.00167541 2.44141e-05
0.00168457 2.75696e-05

0.00168457 1.74189e-05
0.00170898 1.75954e-05

0.00169267 2.44141e-05
0.00170898 2.44787e-05

0.0017334 1.05738e-05
0.00171745 2.44141e-05

0.00170898 2.76283e-05
0.00171849 2.44141e-05

0.0017334 1.09217e-05
0.00173794 0

0.00180006 0
0.00180664 1.44956e-05

0.00180664 9.5308e-06
0.00183105 1.20886e-05

0.00183105 6.40866e-06
0.00185297 0

0.0018561 0
0.00187988 1.7203e-05

0.00187988 8.62895e-06
0.0019043 1.14286e-05

0.0019043 9.0719e-06
0.00192871 1.06115e-05

0.00192871 9.67917e-06
0.00195312 1.2085e-05

0.00195312 9.41479e-06
0.00197754 1.30839e-05

0.00197754 1.36637e-05
0.00200195 1.27691e-05

0.00200195 1.56642e-05
0.00202637 5.6536e-06

0.00202637 6.12662e-06
0.00205078 8.82277e-06

0.00205078 9.25468e-06
0.0020752 1.48352e-05

0.0020752 9.60684e-06
0.00209961 1.17823e-05

0.00209961 1.34278e-05
0.00212402 1.34465e-05

0.00212402 1.31516e-05
0.00214844 8.26217e-06

0.00214844 7.83435e-06
0.00217285 1.29962e-05

0.00217285 1.38856e-05
0.00219727 1.39342e-05

0.00219727 1.32381e-05
0.00222168 7.65714e-06

0.00222168 7.54744e-06
0.00224609 1.33739e-05

0.00224609 1.40572e-05
0.00227051 1.40661e-05

0.00227051 1.39555e-05
0.00229492 6.97784e-06

0.00229492 7.74123e-06
0.00231934 1.18481e-05

0.00231934 1.04754e-05
0.00234375 1.52722e-05

0.00234375 1.53044e-05
0.00236816 1.06394e-05

0.00236816 1.25396e-05
0.00239258 7.01752e-06

0.00239258 7.02603e-06
0.00241699 1.25378e-05

0.00241699 1.05748e-05
0.00244141 1.53494e-05

0.00244141 1.53455e-05
0.00246582 1.05625e-05

0.00246582 1.2502e-05
0.00249023 7.06763e-06

0.00249023 7.07041e-06
0.00251465 1.25551e-05

0.00251465 1.06014e-05
0.00253906 1.53136e-05

0.00253906 1.53091e-05
0.00256348 1.05793e-05

0.00256348 1.24766e-05
0.00258789 7.15355e-06

0.00258789 7.15096e-06
0.0026123 1.25694e-05

0.0026123 1.07226e-05
0.00263672 1.5195e-05

0.00263672 1.51398e-05
0.00266113 1.05165e-05

0.00266113 1.1843e-05
0.00268555 7.95015e-06

0.00268555 7.14575e-06
0.00270996 1.39231e-05

0.00270996 1.39668e-05
0.00273438 1.41597e-05

0.00273437 1.39217e-05
0.00275879 7.407e-06

0.00275879 8.20029e-06
0.0027832 1.1847e-05

0.0027832 1.07137e-05
0.00280762 1.4951e-05

0.00280762 1.49468e-05
0.00283203 1.07144e-05

0.00283203 1.19314e-05
0.00285645 8.12546e-06

0.00285645 7.43298e-06
0.00288086 1.37115e-05

0.00288086 1.37938e-05
0.00290527 1.39893e-05

0.00290527 1.30714e-05
0.00292969 8.33493e-06

0.00292969 8.84942e-06
0.0029541 1.2958e-05

0.0029541 1.32542e-05
0.00297852 1.32885e-05

0.00297852 1.1503e-05
0.00300293 1.03498e-05

0.00300293 1.05162e-05
0.00302734 1.45262e-05

0.00302734 1.28645e-05
0.00305176 1.44206e-05

0.00305176 1.32662e-05
0.00307617 1.40479e-05

0.00307617 1.37201e-05
0.00310059 1.47431e-05

0.00310059 1.40747e-05
0.003125 1.48196e-05

0.00175781 0.00287841
0.00157288 0.00292969

0.0015625 0.00293216
0.0015714 0.00292969

0.00175781 0.00287889
0.00195312 0.00281603

0.00234375 0.00265847
0.00216979 0.00273438

0.00195312 0.00281637
0.00214844 0.00274312

0.00214844 0.00274256
0.0021672 0.00273438

0.00292969 0.00231072
0.00288386 0.00234375

0.003125 0.0021481
0.00312462 0.00214844

0.00302734 0.0022355
0.00301419 0.00224609

0.00297852 0.00227152
0.00294837 0.00229492

0.00292969 0.00231031
0.00294967 0.00229492

0.00297852 0.00227075
0.00300936 0.00224609

0.00302734 0.00223354
0.003125 0.00214871

0.00244141 0.00261066
0.00238784 0.00263672

0.00234375 0.00265684
0.00238512 0.00263672

0.00244141 0.00261026
0.00253906 0.00255928

0.00273438 0.00244629
0.00257712 0.00253906

0.00253906 0.00255906
0.00257354 0.00253906

0.00283203 0.00238003
0.0027397 0.00244141

0.00273438 0.00244443
0.00273911 0.00244141

0.00283203 0.00237977
0.00288224 0.00234375

0.003125 1.43881e-05
0.00314941 1.52536e-05

0.00314941 1.47006e-05
0.00317383 1.55937e-05

0.00317383 1.50848e-05
0.00319824 1.60369e-05

0.00319824 1.54717e-05
0.00322266 1.64404e-05

0.00322266 1.58564e-05
0.00324707 1.69548e-05

0.00324707 1.62886e-05
0.00327148 1.75943e-05

0.00327148 1.67642e-05
0.0032959 1.84682e-05

0.0032959 1.84662e-05
0.00332031 1.87092e-05

0.00332031 1.69416e-05
0.00334473 1.87728e-05

0.00334473 1.99017e-05
0.00336914 2.0936e-05

0.00336914 1.32269e-05
0.00339343 2.44141e-05

0.00339033 2.44141e-05
0.00339355 2.57057e-05

0.00339355 2.38374e-05
0.0033941 2.44141e-05

0.00339355 2.81869e-05
0.00341698 4.88281e-05

0.00341714 4.88281e-05
0.00341797 4.96133e-05

0.00341797 4.99369e-05
0.00344162 7.32422e-05

0.00344159 7.32422e-05
0.00344238 7.40586e-05

0.00344238 7.4188e-05
0.00346443 9.76563e-05

0.00346497 9.76563e-05
0.0034668 9.96957e-05

0.0034668 0.000100472
0.00348581 0.00012207

0.00348558 0.00012207
0.00349121 0.000128759

0.00349121 0.00012839
0.00350614 0.000146484

0.00350633 0.000146484
0.00351563 0.000158606

0.00351563 0.000159024
0.00354298 0.000195313

0.00354319 0.000195313
0.00356445 0.000227156

0.00356445 0.000228284
0.00357485 0.000244141

0.00357541 0.000244141
0.00360429 0.000292969

0.00360505 0.000292969
0.00361328 0.000309519

0.00361328 0.000310993
0.00362939 0.000341797

0.00362958 0.000341797
0.00365223 0.000390625

0.00365289 0.000390625
0.00369042 0.000488281

0.00369024 0.000488281
0.00371094 0.000561183

0.00371094 0.000562871
0.00371749 0.000585938

0.00371764 0.000585937
0.00373657 0.000683594

0.0037362 0.000683594
0.00374747 0.00078125

0.00374945 0.00078125
0.00375023 0.000976562

0.00374992 0.000976562
0.00372213 0.00117188

0.00371094 0.0012125
0.00366668 0.00136719

0.00366672 0.00136719
0.00358179 0.0015625

0.00371094 0.00120586
0.00372066 0.00117187

0.00332031 0.00195249
0.00331978 0.00195312

0.00351563 0.00167859
0.00346843 0.00175781

0.00341797 0.00182221
0.00339371 0.00185547

0.00332031 0.0019461
0.00339356 0.00185547

0.00341797 0.00182104
0.00346414 0.00175781

0.00331829 0.00195312
0.00312884 0.00214844

0.003125 0.00214917
0.0031258 0.00214844

0.00351563 0.00167214
0.00358094 0.0015625

