7.15484e-05 0
7.32422e-05 4.95524e-06

7.32422e-05 9.58211e-07
9.59406e-05 2.44141e-05

9.76563e-05 1.44373e-05
0.00012207 1.46638e-05

0.00012207 1.37562e-05
0.000146484 1.36127e-05

0.000146484 1.39164e-05
0.000170898 1.49638e-05

0.000170898 1.45742e-05
0.000195313 1.44269e-05

0.000195313 1.46335e-05
0.000219727 1.40143e-05

0.000219727 1.38489e-05
0.000244141 1.41855e-05

0.000244141 1.45409e-05
0.000268555 1.46304e-05

0.000268555 1.45423e-05
0.000292969 1.36322e-05

0.000292969 1.38289e-05
0.000317383 1.39347e-05

0.000317383 1.41568e-05
0.000341797 1.41794e-05

0.000341797 1.42864e-05
0.000366211 1.35118e-05

0.000366211 1.37104e-05
0.000390625 1.34509e-05

0.000390625 1.36238e-05
0.000415039 1.37864e-05

0.000415039 1.37379e-05
0.000439453 1.36663e-05

0.000439453 1.38842e-05
0.000463867 1.34189e-05

0.000463867 1.35785e-05
0.000488281 1.31349e-05

0.000488281 1.32467e-05
0.000512695 1.34061e-05

0.000512695 1.34144e-05
0.000537109 1.35319e-05

0.000537109 1.3629e-05
0.000561523 1.31961e-05

0.000561523 1.33499e-05
0.000585937 1.29646e-05

0.000585938 1.3066e-05
0.000610352 1.32029e-05

0.000610352 1.32022e-05
0.000634766 1.33092e-05

0.000634766 1.33757e-05
0.00065918 1.30476e-05

0.00065918 1.3184e-05
0.000683594 1.28552e-05

0.000683594 1.29445e-05
0.000708008 1.30099e-05

0.000708008 1.29782e-05
0.000732422 1.31538e-05

0.000732422 1.31453e-05
0.000756836 1.30595e-05

0.000756836 1.30338e-05
0.00078125 1.29758e-05

0.00078125 1.29146e-05
0.000805664 1.32076e-05

0.000805664 1.31558e-05
0.000830078 1.32726e-05

0.000830078 1.31467e-05
0.000854492 1.31434e-05

0.000854492 1.3148e-05
0.000878906 1.32757e-05

0.000878906 1.31596e-05
0.00090332 1.33146e-05

0.00090332 1.32589e-05
0.000927734 1.33893e-05

0.000927734 1.32715e-05
0.000952148 1.33924e-05

0.000952148 1.3316e-05
0.000976562 1.35085e-05

0.000976562 1.33799e-05
0.00100098 1.35657e-05

0.00100098 1.34437e-05
0.00102539 1.36545e-05

0.00102539 1.34991e-05
0.0010498 1.37585e-05

0.0010498 1.3653e-05
0.00107422 1.38315e-05

0.00107422 1.36709e-05
0.00109863 1.38541e-05

0.00109863 1.37326e-05
0.00112305 1.40278e-05

0.00112305 1.38333e-05
0.00114746 1.41391e-05

0.00114746 1.41639e-05
0.00117187 1.40638e-05

0.00117188 1.38348e-05
0.00119629 1.39841e-05

0.00119629 1.3811e-05
0.0012207 1.46456e-05

0.0012207 1.44006e-05
0.00124512 1.47158e-05

0.00124512 1.47585e-05
0.00126953 1.41958e-05

0.00126953 1.40699e-05
0.00129395 1.4161e-05

0.00129395 1.46176e-05
0.00131836 1.44792e-05

0.00131836 1.38747e-05
0.00134277 1.414e-05

0.00134277 1.50525e-05
0.00136719 1.44583e-05

0.00134277 2.44423e-05
0.00134578 2.44141e-05

0.0013916 9.34273e-07
0.00136899 2.44141e-05

0.00136719 2.47239e-05
0.00136808 2.44141e-05

0.0013916 5.3993e-06
0.00139345 0

0.00146316 0
0.00146484 5.00715e-06

0.00146484 3.66168e-06
0.00148491 2.44141e-05

0.00148502 2.44141e-05
0.00148926 2.58671e-05

0.00148926 1.68066e-05
0.00151367 1.70476e-05

0.00150327 2.44141e-05
0.00151367 2.44425e-05

0.00151367 1.6402e-05
0.00153809 1.5883e-05

0.00151367 2.44399e-05
0.0015169 2.44141e-05

0.0015625 4.9711e-06
0.00154244 2.44141e-05

0.00153809 2.57674e-05
0.00154225 2.44141e-05

0 0.00312081
0.000390625 0.0031098

0.000390625 0.00311009
0.00078125 0.00307649

0.00078125 0.00307712
0.00117187 0.0030191

0.00117188 0.00302014
0.0015625 0.00293433

0.0015625 6.4744e-06
0.00156471 0

0.0016565 0
0.00166016 9.01962e-06

0.00166016 1.01632e-05
0.00167612 2.44141e-05

0.00167521 2.44141e-05
0.00168457 2.76303e-05

0.00168457 1.73595e-05
0.00170898 1.75272e-05

0.00169314 2.44141e-05
0.00170898 2.44702e-05

0.0017334 1.06447e-05
0.00171745 2.44141e-05

0.00170898 2.76234e-05
0.00171852 2.44141e-05

0.0017334 1.10171e-05
0.00173798 0

0.00180005 0
0.00180664 1.45091e-05

0.00180664 9.52089e-06
0.00183105 1.20776e-05

0.00183105 6.40117e-06
0.00185303 0

0.00185611 0
0.00187988 1.72043e-05

0.00187988 8.6406e-06
0.0019043 1.14362e-05

0.0019043 9.07554e-06
0.00192871 1.06037e-05

0.00192871 9.6824e-06
0.00195312 1.20887e-05

0.00195312 9.41432e-06
0.00197754 1.30811e-05

0.00197754 1.36618e-05
0.00200195 1.27753e-05

0.00200195 1.56689e-05
0.00202637 5.65618e-06

0.00202637 6.13222e-06
0.00205078 8.81657e-06

0.00205078 9.24896e-06
0.0020752 1.48362e-05

0.0020752 9.61028e-06
0.00209961 1.17857e-05

0.00209961 1.34318e-05
0.00212402 1.34377e-05

0.00212402 1.31471e-05
0.00214844 8.25656e-06

0.00214844 7.82092e-06
0.00217285 1.30055e-05

0.00217285 1.38923e-05
0.00219727 1.39455e-05

0.00219727 1.32502e-05
0.00222168 7.64704e-06

0.00222168 7.54404e-06
0.00224609 1.33669e-05

0.00224609 1.40469e-05
0.00227051 1.40722e-05

0.00227051 1.39572e-05
0.00229492 6.98758e-06

0.00229492 7.74932e-06
0.00231934 1.18434e-05

0.00231934 1.04768e-05
0.00234375 1.52683e-05

0.00234375 1.52985e-05
0.00236816 1.06415e-05

0.00236816 1.254e-05
0.00239258 7.02536e-06

0.00239258 7.03228e-06
0.00241699 1.2535e-05

0.00241699 1.05751e-05
0.00244141 1.53481e-05

0.00244141 1.53441e-05
0.00246582 1.05655e-05

0.00246582 1.25065e-05
0.00249023 7.06745e-06

0.00249023 7.06936e-06
0.00251465 1.25519e-05

0.00251465 1.05993e-05
0.00253906 1.53173e-05

0.00253906 1.53117e-05
0.00256348 1.05803e-05

0.00256348 1.24718e-05
0.00258789 7.15743e-06

0.00258789 7.15048e-06
0.0026123 1.25825e-05

0.0026123 1.07323e-05
0.00263672 1.52033e-05

0.00263672 1.51466e-05
0.00266113 1.05244e-05

0.00266113 1.18591e-05
0.00268555 7.94965e-06

0.00268555 7.14974e-06
0.00270996 1.39122e-05

0.00270996 1.39602e-05
0.00273438 1.41633e-05

0.00273437 1.39309e-05
0.00275879 7.40465e-06

0.00275879 8.19745e-06
0.0027832 1.18332e-05

0.0027832 1.07049e-05
0.00280762 1.49519e-05

0.00280762 1.49453e-05
0.00283203 1.07098e-05

0.00283203 1.19023e-05
0.00285645 8.14428e-06

0.00285645 7.47076e-06
0.00288086 1.37233e-05

0.00288086 1.37842e-05
0.00290527 1.39609e-05

0.00290527 1.30276e-05
0.00292969 8.4033e-06

0.00292969 8.94029e-06
0.0029541 1.29639e-05

0.0029541 1.31848e-05
0.00297852 1.32842e-05

0.00297852 1.15819e-05
0.00300293 1.04538e-05

0.00300293 1.06335e-05
0.00302734 1.43639e-05

0.00302734 1.28119e-05
0.00305176 1.42719e-05

0.00305176 1.31558e-05
0.00307617 1.39603e-05

0.00307617 1.35772e-05
0.00310059 1.47105e-05

0.00310059 1.39781e-05
0.003125 1.48795e-05

0.00175781 0.00287842
0.00157291 0.00292969

0.0015625 0.00293217
0.00157146 0.00292969

0.00175781 0.0028789
0.00195312 0.00281604

0.00234375 0.00265848
0.00216981 0.00273438

0.00195312 0.00281638
0.00214844 0.00274313

0.00214844 0.00274257
0.00216721 0.00273438

0.00292969 0.00231074
0.00288388 0.00234375

0.003125 0.0021481
0.00312463 0.00214844

0.00302734 0.00223553
0.00301423 0.00224609

0.00297852 0.00227153
0.00294838 0.00229492

0.00292969 0.00231033
0.00294968 0.00229492

0.00297852 0.00227075
0.00300936 0.00224609

0.00302734 0.00223355
0.003125 0.00214872

0.00244141 0.00261068
0.00238787 0.00263672

0.00234375 0.00265685
0.00238514 0.00263672

0.00244141 0.00261027
0.00253906 0.00255929

0.00273438 0.00244631
0.00257714 0.00253906

0.00253906 0.00255907
0.00257355 0.00253906

0.00283203 0.00238004
0.00273972 0.00244141

0.00273438 0.00244443
0.00273911 0.00244141

0.00283203 0.00237977
0.00288225 0.00234375

0.003125 1.43778e-05
0.00314941 1.5334e-05

0.00314941 1.47625e-05
0.00317383 1.56445e-05

0.00317383 1.51441e-05
0.00319824 1.60333e-05

0.00319824 1.54688e-05
0.00322266 1.64518e-05

0.00322266 1.58289e-05
0.00324707 1.70651e-05

0.00324707 1.64063e-05
0.00327148 1.77398e-05

0.00327148 1.71196e-05
0.0032959 1.82608e-05

0.0032959 1.76973e-05
0.00332031 1.86498e-05

0.00332031 1.79786e-05
0.00334473 1.9292e-05

0.00334473 1.9352e-05
0.00336914 1.96217e-05

0.00336914 1.31488e-05
0.00339307 2.44141e-05

0.00339182 2.44141e-05
0.00339355 2.50761e-05

0.00339355 2.69427e-05
0.00341797 4.81505e-05

0.00341789 4.88281e-05
0.00341797 4.8903e-05

0.00341797 4.84863e-05
0.00341832 4.88281e-05

0.00341797 4.90174e-05
0.00344197 7.32422e-05

0.00344201 7.32422e-05
0.00344238 7.36338e-05

0.00344238 7.37716e-05
0.00346453 9.76563e-05

0.0034651 9.76563e-05
0.0034668 9.9571e-05

0.0034668 0.000100359
0.00348575 0.00012207

0.00348553 0.00012207
0.00349121 0.000128862

0.00349121 0.000128515
0.00350597 0.000146484

0.0035062 0.000146484
0.00351563 0.000158827

0.00351563 0.00015924
0.00354275 0.000195313

0.00354298 0.000195313
0.00356445 0.000227505

0.00356445 0.000228694
0.00357457 0.000244141

0.00357516 0.000244141
0.00360403 0.000292969

0.00360479 0.000292969
0.00361328 0.000310031

0.00361328 0.000311488
0.00362914 0.000341797

0.00362934 0.000341797
0.00365202 0.000390625

0.00365268 0.000390625
0.00369025 0.000488281

0.00369008 0.000488281
0.00371094 0.000561633

0.00371094 0.00056339
0.00371735 0.000585938

0.00371752 0.000585937
0.00373648 0.000683594

0.00373612 0.000683594
0.00374742 0.00078125

0.0037494 0.00078125
0.00375022 0.000976562

0.00374991 0.000976562
0.00372215 0.00117188

0.00371094 0.00121258
0.00366671 0.00136719

0.00366676 0.00136719
0.00358182 0.0015625

0.00371094 0.00120593
0.00372068 0.00117187

0.00332031 0.00195255
0.00331983 0.00195312

0.00351563 0.00167866
0.00346847 0.00175781

0.00341797 0.00182225
0.00339374 0.00185547

0.00332031 0.00194612
0.00339358 0.00185547

0.00341797 0.00182107
0.00346417 0.00175781

0.00331832 0.00195312
0.00312886 0.00214844

0.003125 0.00214928
0.00312591 0.00214844

0.00351563 0.00167217
0.00358096 0.0015625

