7.16005e-05 0
7.32422e-05 4.8086e-06

7.32422e-05 6.88144e-07
9.59996e-05 2.44141e-05

9.76563e-05 1.42938e-05
0.00012207 1.48283e-05

0.00012207 1.37193e-05
0.000146484 1.38137e-05

0.000146484 1.42724e-05
0.000170898 1.49961e-05

0.000170898 1.46352e-05
0.000195313 1.40315e-05

0.000195313 1.43453e-05
0.000219727 1.39761e-05

0.000219727 1.38416e-05
0.000244141 1.42535e-05

0.000244141 1.42155e-05
0.000268555 1.4744e-05

0.000268555 1.48338e-05
0.000292969 1.40906e-05

0.000292969 1.43368e-05
0.000317383 1.34597e-05

0.000317383 1.37036e-05
0.000341797 1.38783e-05

0.000341797 1.39265e-05
0.000366211 1.4135e-05

0.000366211 1.42617e-05
0.000390625 1.3638e-05

0.000390625 1.38671e-05
0.000415039 1.32493e-05

0.000415039 1.34117e-05
0.000439453 1.35677e-05

0.000439453 1.36143e-05
0.000463867 1.37329e-05

0.000463867 1.38333e-05
0.000488281 1.33223e-05

0.000488281 1.35262e-05
0.000512695 1.30658e-05

0.000512695 1.31658e-05
0.000537109 1.33183e-05

0.000537109 1.33374e-05
0.000561523 1.3476e-05

0.000561523 1.35342e-05
0.000585937 1.31521e-05

0.000585938 1.3313e-05
0.000610352 1.2945e-05

0.000610352 1.30211e-05
0.000634766 1.31358e-05

0.000634766 1.31613e-05
0.00065918 1.32612e-05

0.00065918 1.33138e-05
0.000683594 1.29866e-05

0.000683594 1.30771e-05
0.000708008 1.28763e-05

0.000708008 1.29386e-05
0.000732422 1.30762e-05

0.000732422 1.30263e-05
0.000756836 1.31228e-05

0.000756836 1.31055e-05
0.00078125 1.30469e-05

0.00078125 1.30036e-05
0.000805664 1.30619e-05

0.000805664 1.29598e-05
0.000830078 1.32757e-05

0.000830078 1.32225e-05
0.000854492 1.32962e-05

0.000854492 1.31781e-05
0.000878906 1.31636e-05

0.000878906 1.31668e-05
0.00090332 1.33309e-05

0.00090332 1.3202e-05
0.000927734 1.3377e-05

0.000927734 1.32929e-05
0.000952148 1.3459e-05

0.000952148 1.33188e-05
0.000976562 1.35027e-05

0.000976562 1.34233e-05
0.00100098 1.35983e-05

0.00100098 1.34457e-05
0.00102539 1.36338e-05

0.00102539 1.35134e-05
0.0010498 1.37866e-05

0.0010498 1.36433e-05
0.00107422 1.38435e-05

0.00107422 1.35993e-05
0.00109863 1.40011e-05

0.00109863 1.4014e-05
0.00112305 1.40806e-05

0.00112305 1.37817e-05
0.00114746 1.39201e-05

0.00114746 1.37265e-05
0.00117187 1.45794e-05

0.00117188 1.45809e-05
0.00119629 1.44407e-05

0.00119629 1.42039e-05
0.0012207 1.38829e-05

0.0012207 1.38257e-05
0.00124512 1.46976e-05

0.00124512 1.47186e-05
0.00126953 1.47322e-05

0.00126953 1.44435e-05
0.00129395 1.41013e-05

0.00129395 1.45188e-05
0.00131836 1.43927e-05

0.00131836 1.38973e-05
0.00134277 1.445e-05

0.00134217 2.44141e-05
0.00134277 2.44194e-05

0.00134277 1.54889e-05
0.00136719 1.42932e-05

0.0013916 2.88643e-07
0.00136899 2.44141e-05

0.0013916 4.36703e-06
0.00139309 0

0.00146299 0
0.00146484 5.45601e-06

0.00146484 3.80494e-06
0.00148493 2.44141e-05

0.00148603 2.44141e-05
0.00148926 2.55203e-05

0.00148926 1.66406e-05
0.00151367 1.71978e-05

0.00151367 1.67886e-05
0.00153809 1.61422e-05

0.0015625 4.64598e-06
0.00154247 2.44141e-05

0.00153809 2.56135e-05
0.00154171 2.44141e-05

0 0.00312084
0.000390625 0.00310983

0.000390625 0.00311012
0.00078125 0.00307653

0.00078125 0.00307716
0.00117187 0.00301914

0.00117188 0.00302019
0.0015625 0.00293438

0.0015625 6.34407e-06
0.00156467 0

0.00165647 0
0.00166016 9.08806e-06

0.00166016 1.01553e-05
0.00167614 2.44141e-05

0.00167533 2.44141e-05
0.00168457 2.75907e-05

0.00168457 1.7356e-05
0.00170898 1.75535e-05

0.00169449 2.44141e-05
0.00170898 2.44781e-05

0.0017334 1.06506e-05
0.00171747 2.44141e-05

0.00170898 2.76521e-05
0.0017186 2.44141e-05

0.0017334 1.09807e-05
0.00173797 0

0.00180009 0
0.00180664 1.44673e-05

0.00180664 9.50945e-06
0.00183105 1.21165e-05

0.00183105 6.3947e-06
0.00185307 0

0.00185607 0
0.00187988 1.72156e-05

0.00187988 8.66259e-06
0.0019043 1.14302e-05

0.0019043 9.08468e-06
0.00192871 1.06026e-05

0.00192871 9.68899e-06
0.00195312 1.20876e-05

0.00195312 9.41802e-06
0.00197754 1.3077e-05

0.00197754 1.36543e-05
0.00200195 1.27782e-05

0.00200195 1.56672e-05
0.00202637 5.67113e-06

0.00202637 6.14376e-06
0.00205078 8.81516e-06

0.00205078 9.25675e-06
0.0020752 1.48296e-05

0.0020752 9.60621e-06
0.00209961 1.17838e-05

0.00209961 1.34266e-05
0.00212402 1.34467e-05

0.00212402 1.31666e-05
0.00214844 8.24984e-06

0.00214844 7.81938e-06
0.00217285 1.29784e-05

0.00217285 1.38602e-05
0.00219727 1.39539e-05

0.00219727 1.31847e-05
0.00222168 7.73749e-06

0.00222168 7.64649e-06
0.00224609 1.342e-05

0.00224609 1.41481e-05
0.00227051 1.39604e-05

0.00227051 1.38846e-05
0.00229492 6.93053e-06

0.00229492 7.70556e-06
0.00231934 1.19183e-05

0.00231934 1.0494e-05
0.00234375 1.5257e-05

0.00234375 1.52904e-05
0.00236816 1.06456e-05

0.00236816 1.25351e-05
0.00239258 7.05104e-06

0.00239258 7.0594e-06
0.00241699 1.25344e-05

0.00241699 1.05858e-05
0.00244141 1.53313e-05

0.00244141 1.53272e-05
0.00246582 1.05726e-05

0.00246582 1.24955e-05
0.00249023 7.10416e-06

0.00249023 7.10657e-06
0.00251465 1.25542e-05

0.00251465 1.06157e-05
0.00253906 1.52935e-05

0.00253906 1.52876e-05
0.00256348 1.05912e-05

0.00256348 1.24645e-05
0.00258789 7.20339e-06

0.00258789 7.19801e-06
0.0026123 1.25758e-05

0.0026123 1.07454e-05
0.00263672 1.51736e-05

0.00263672 1.51171e-05
0.00266113 1.05374e-05

0.00266113 1.18556e-05
0.00268555 7.9933e-06

0.00268555 7.19375e-06
0.00270996 1.3902e-05

0.00270996 1.39578e-05
0.00273438 1.41476e-05

0.00273437 1.39107e-05
0.00275879 7.44077e-06

0.00275879 8.22787e-06
0.0027832 1.1849e-05

0.0027832 1.07257e-05
0.00280762 1.49353e-05

0.00280762 1.49265e-05
0.00283203 1.07286e-05

0.00283203 1.19321e-05
0.00285645 8.16532e-06

0.00285645 7.47263e-06
0.00288086 1.37065e-05

0.00288086 1.37812e-05
0.00290527 1.39963e-05

0.00290527 1.31542e-05
0.00292969 8.31345e-06

0.00292969 8.71976e-06
0.0029541 1.29519e-05

0.0029541 1.33679e-05
0.00297852 1.33909e-05

0.00297852 1.17926e-05
0.00300293 9.9094e-06

0.00300293 1.01575e-05
0.00302734 1.41717e-05

0.00302734 1.26731e-05
0.00305176 1.43671e-05

0.00305176 1.30004e-05
0.00307617 1.37612e-05

0.00307617 1.3396e-05
0.00310059 1.47737e-05

0.00310059 1.38498e-05
0.003125 1.5018e-05

0.00175781 0.00287848
0.00157312 0.00292969

0.0015625 0.00293227
0.0015718 0.00292969

0.00175781 0.00287897
0.00195312 0.00281611

0.00234375 0.00265857
0.00217 0.00273438

0.00195312 0.00281645
0.00214844 0.00274321

0.00214844 0.00274266
0.00216742 0.00273438

0.00292969 0.00231087
0.00288405 0.00234375

0.003125 0.00214814
0.00312467 0.00214844

0.00302734 0.00223573
0.00301447 0.00224609

0.00297852 0.00227163
0.00294851 0.00229492

0.00292969 0.00231044
0.00294983 0.00229492

0.00297852 0.00227085
0.00300947 0.00224609

0.00302734 0.00223366
0.003125 0.00214883

0.00244141 0.00261078
0.00238807 0.00263672

0.00234375 0.00265694
0.00238532 0.00263672

0.00244141 0.00261037
0.00253906 0.00255938

0.00273438 0.00244642
0.00257732 0.00253906

0.00253906 0.00255914
0.00257368 0.00253906

0.00283203 0.00238014
0.00273988 0.00244141

0.00273438 0.00244451
0.00273923 0.00244141

0.00283203 0.00237987
0.00288238 0.00234375

0.003125 1.43827e-05
0.00314941 1.5636e-05

0.00314941 1.49094e-05
0.00317383 1.60087e-05

0.00317383 1.54692e-05
0.00319824 1.64066e-05

0.00319824 1.59073e-05
0.00322266 1.6639e-05

0.00322266 1.60913e-05
0.00324707 1.70846e-05

0.00324707 1.65607e-05
0.00327148 1.77927e-05

0.00327148 1.72272e-05
0.0032959 1.82595e-05

0.0032959 1.75941e-05
0.00332031 1.87561e-05

0.00332031 1.78393e-05
0.00334473 1.99635e-05

0.00334473 2.02065e-05
0.00336914 2.03922e-05

0.00336914 1.32853e-05
0.00339269 2.44141e-05

0.00339047 2.44141e-05
0.00339355 2.56742e-05

0.00339355 2.84254e-05
0.00341645 4.88281e-05

0.00341665 4.88281e-05
0.00341797 5.00934e-05

0.00341797 5.05706e-05
0.0034408 7.32422e-05

0.00344095 7.32422e-05
0.00344238 7.47189e-05

0.00344238 7.49832e-05
0.00346365 9.76563e-05

0.00346416 9.76563e-05
0.0034668 0.000100594

0.0034668 0.000101076
0.00350568 0.000146484

0.00350565 0.000146484
0.00351563 0.000159486

0.00351563 0.000159873
0.00354241 0.000195313

0.00354253 0.000195313
0.00356445 0.000228036

0.00356445 0.000228758
0.00357455 0.000244141

0.00357495 0.000244141
0.00360391 0.000292969

0.00360467 0.000292969
0.00361328 0.00031024

0.00361328 0.000311674
0.00362908 0.000341797

0.00362928 0.000341797
0.00365199 0.000390625

0.00365266 0.000390625
0.00369028 0.000488281

0.0036901 0.000488281
0.00371094 0.000561506

0.00371094 0.000563257
0.00371739 0.000585938

0.00371756 0.000585937
0.00373653 0.000683594

0.00373616 0.000683594
0.00374745 0.00078125

0.00374943 0.00078125
0.00375024 0.000976562

0.00374994 0.000976562
0.00372217 0.00117188

0.00371094 0.00121269
0.00366675 0.00136719

0.00366679 0.00136719
0.00358187 0.0015625

0.00371094 0.00120593
0.00372068 0.00117187

0.00332031 0.00195261
0.00331988 0.00195312

0.00351563 0.00167885
0.00346859 0.00175781

0.00341797 0.00182238
0.00339382 0.00185547

0.00332031 0.00194624
0.00339367 0.00185547

0.00341797 0.00182116
0.00346423 0.00175781

0.00331842 0.00195312
0.00312898 0.00214844

0.003125 0.00214974
0.00312641 0.00214844

0.00351563 0.0016722
0.00358097 0.0015625

