7.1602e-05 0
7.32422e-05 4.80587e-06

7.32422e-05 3.53221e-07
9.59836e-05 2.44141e-05

9.67574e-05 2.44141e-05
9.76563e-05 2.4731e-05

9.76563e-05 1.42861e-05
0.00012207 1.51559e-05

0.000119773 2.44141e-05
0.00012207 2.44455e-05

0.00012207 1.39492e-05
0.000146484 1.38128e-05

0.000146484 1.46388e-05
0.000170898 1.45915e-05

0.000170898 1.38401e-05
0.000195313 1.38484e-05

0.000195313 1.41781e-05
0.000219727 1.5065e-05

0.000219727 1.48777e-05
0.000244141 1.42064e-05

0.000244141 1.44514e-05
0.000268555 1.37323e-05

0.000268555 1.38779e-05
0.000292969 1.40926e-05

0.000292969 1.41423e-05
0.000317383 1.43715e-05

0.000317383 1.45321e-05
0.000341797 1.37931e-05

0.000341797 1.40116e-05
0.000366211 1.33667e-05

0.000366211 1.36584e-05
0.000390625 1.36945e-05

0.000390625 1.36804e-05
0.000415039 1.37518e-05

0.000415039 1.38488e-05
0.000439453 1.36109e-05

0.000439453 1.37785e-05
0.000463867 1.32984e-05

0.000463867 1.34346e-05
0.000488281 1.33149e-05

0.000488281 1.34767e-05
0.000512695 1.34245e-05

0.000512695 1.34053e-05
0.000537109 1.32677e-05

0.000537109 1.34213e-05
0.000561523 1.32791e-05

0.000561523 1.33209e-05
0.000585937 1.31453e-05

0.000585938 1.32768e-05
0.000610352 1.31693e-05

0.000610352 1.32339e-05
0.000634766 1.30771e-05

0.000634766 1.31156e-05
0.00065918 1.31051e-05

0.00065918 1.31857e-05
0.000683594 1.31102e-05

0.000683594 1.32078e-05
0.000708008 1.29046e-05

0.000708008 1.29188e-05
0.000732422 1.29449e-05

0.000732422 1.29329e-05
0.000756836 1.32165e-05

0.000756836 1.31623e-05
0.00078125 1.31058e-05

0.00078125 1.30859e-05
0.000805664 1.29827e-05

0.000805664 1.29183e-05
0.000830078 1.32024e-05

0.000830078 1.31122e-05
0.000854492 1.33629e-05

0.000854492 1.32226e-05
0.000878906 1.32595e-05

0.000878906 1.32176e-05
0.00090332 1.3311e-05

0.00090332 1.32335e-05
0.000927734 1.33839e-05

0.000927734 1.33228e-05
0.000952148 1.34245e-05

0.000952148 1.32735e-05
0.000976562 1.34924e-05

0.000976562 1.34182e-05
0.00100098 1.36499e-05

0.00100098 1.34625e-05
0.00102539 1.3645e-05

0.00102539 1.34989e-05
0.0010498 1.38397e-05

0.0010498 1.38232e-05
0.00107422 1.37933e-05

0.00107422 1.35448e-05
0.00109863 1.37491e-05

0.00109863 1.3611e-05
0.00112305 1.43126e-05

0.00112305 1.40714e-05
0.00114746 1.42906e-05

0.00114746 1.42545e-05
0.00117187 1.40071e-05

0.00117188 1.38998e-05
0.00119629 1.4081e-05

0.00119629 1.39068e-05
0.0012207 1.46337e-05

0.0012207 1.44516e-05
0.00124512 1.46624e-05

0.00124512 1.46763e-05
0.00126953 1.4197e-05

0.00126953 1.41039e-05
0.00129395 1.4256e-05

0.00129395 1.46876e-05
0.00131836 1.44241e-05

0.00131836 1.37732e-05
0.00134277 1.41746e-05

0.00134277 1.51703e-05
0.00136719 1.45702e-05

0.0013916 7.19981e-07
0.00136912 2.44141e-05

0.0013916 4.08806e-06
0.00139299 0

0.00146309 0
0.00146484 5.19669e-06

0.00146484 4.11901e-06
0.00148488 2.44141e-05

0.0014851 2.44141e-05
0.00148926 2.58151e-05

0.00148926 1.65616e-05
0.00151367 1.67449e-05

0.00150303 2.44141e-05
0.00151367 2.44325e-05

0.00151367 1.63739e-05
0.00153809 1.62069e-05

0.0015625 5.05329e-06
0.00154247 2.44141e-05

0.00153809 2.56334e-05
0.00154182 2.44141e-05

0 0.00312084
0.000390625 0.00310983

0.000390625 0.00311012
0.00078125 0.00307653

0.00078125 0.00307716
0.00117187 0.00301915

0.00117188 0.00302019
0.0015625 0.00293439

0.0015625 7.18052e-06
0.00156498 0

0.00165646 0
0.00166016 9.09505e-06

0.00166016 1.01385e-05
0.00167615 2.44141e-05

0.00167543 2.44141e-05
0.00168457 2.75615e-05

0.00168457 1.73689e-05
0.00170898 1.75816e-05

0.00169467 2.44141e-05
0.00170898 2.44834e-05

0.0017334 1.06478e-05
0.00171748 2.44141e-05

0.00170898 2.76527e-05
0.00171859 2.44141e-05

0.0017334 1.09823e-05
0.00173797 0

0.00180009 0
0.00180664 1.44566e-05

0.00180664 9.49398e-06
0.00183105 1.21278e-05

0.00183105 6.40134e-06
0.0018531 0

0.00185607 0
0.00187988 1.7209e-05

0.00187988 8.66406e-06
0.0019043 1.1436e-05

0.0019043 9.08744e-06
0.00192871 1.0599e-05

0.00192871 9.68823e-06
0.00195312 1.20887e-05

0.00195312 9.41906e-06
0.00197754 1.30773e-05

0.00197754 1.36551e-05
0.00200195 1.27769e-05

0.00200195 1.567e-05
0.00202637 5.66682e-06

0.00202637 6.16674e-06
0.00205078 8.78494e-06

0.00205078 9.14327e-06
0.0020752 1.48842e-05

0.0020752 9.6878e-06
0.00209961 1.18942e-05

0.00209961 1.35498e-05
0.00212402 1.33109e-05

0.00212402 1.30616e-05
0.00214844 8.20541e-06

0.00214844 7.79542e-06
0.00217285 1.30801e-05

0.00217285 1.39121e-05
0.00219727 1.39093e-05

0.00219727 1.31651e-05
0.00222168 7.70664e-06

0.00222168 7.62347e-06
0.00224609 1.34434e-05

0.00224609 1.41478e-05
0.00227051 1.39643e-05

0.00227051 1.38887e-05
0.00229492 6.93245e-06

0.00229492 7.70897e-06
0.00231934 1.19144e-05

0.00231934 1.04919e-05
0.00234375 1.52567e-05

0.00234375 1.52902e-05
0.00236816 1.06473e-05

0.00236816 1.25358e-05
0.00239258 7.05064e-06

0.00239258 7.05919e-06
0.00241699 1.25347e-05

0.00241699 1.05859e-05
0.00244141 1.5332e-05

0.00244141 1.53277e-05
0.00246582 1.05733e-05

0.00246582 1.24969e-05
0.00249023 7.10363e-06

0.00249023 7.10606e-06
0.00251465 1.25535e-05

0.00251465 1.06151e-05
0.00253906 1.52947e-05

0.00253906 1.52887e-05
0.00256348 1.05913e-05

0.00256348 1.24657e-05
0.00258789 7.20137e-06

0.00258789 7.19519e-06
0.0026123 1.25764e-05

0.0026123 1.07456e-05
0.00263672 1.51762e-05

0.00263672 1.51191e-05
0.00266113 1.05365e-05

0.00266113 1.18561e-05
0.00268555 7.99157e-06

0.00268555 7.19285e-06
0.00270996 1.39017e-05

0.00270996 1.3956e-05
0.00273438 1.41484e-05

0.00273437 1.39078e-05
0.00275879 7.44588e-06

0.00275879 8.23473e-06
0.0027832 1.18501e-05

0.0027832 1.07307e-05
0.00280762 1.49264e-05

0.00280762 1.49231e-05
0.00283203 1.07209e-05

0.00283203 1.1843e-05
0.00285645 8.24672e-06

0.00285645 7.57074e-06
0.00288086 1.37923e-05

0.00288086 1.39361e-05
0.00290527 1.38497e-05

0.00290527 1.30642e-05
0.00292969 8.18303e-06

0.00292969 8.60483e-06
0.0029541 1.30538e-05

0.0029541 1.33795e-05
0.00297852 1.34173e-05

0.00297852 1.18569e-05
0.00300293 9.85167e-06

0.00300293 1.01394e-05
0.00302734 1.40723e-05

0.00302734 1.25555e-05
0.00305176 1.43645e-05

0.00305176 1.2912e-05
0.00307617 1.38895e-05

0.00307617 1.34386e-05
0.00310059 1.49347e-05

0.00310059 1.39915e-05
0.003125 1.5111e-05

0.00175781 0.00287849
0.00157314 0.00292969

0.0015625 0.00293227
0.00157183 0.00292969

0.00175781 0.00287897
0.00195312 0.00281612

0.00234375 0.00265858
0.00217002 0.00273438

0.00195312 0.00281646
0.00214844 0.00274322

0.00214844 0.00274266
0.00216743 0.00273438

0.00292969 0.00231088
0.00288406 0.00234375

0.003125 0.00214815
0.00312468 0.00214844

0.00302734 0.00223574
0.00301449 0.00224609

0.00297852 0.00227164
0.00294852 0.00229492

0.00292969 0.00231045
0.00294984 0.00229492

0.00297852 0.00227086
0.00300949 0.00224609

0.00302734 0.00223367
0.003125 0.00214885

0.00244141 0.00261078
0.00238808 0.00263672

0.00234375 0.00265695
0.00238534 0.00263672

0.00244141 0.00261038
0.00253906 0.00255939

0.00273438 0.00244642
0.00257733 0.00253906

0.00253906 0.00255915
0.00257369 0.00253906

0.00283203 0.00238015
0.00273989 0.00244141

0.00273438 0.00244451
0.00273924 0.00244141

0.00283203 0.00237988
0.00288239 0.00234375

0.003125 1.45327e-05
0.00314941 1.5625e-05

0.00314941 1.49765e-05
0.00317383 1.59205e-05

0.00317383 1.5432e-05
0.00319824 1.63201e-05

0.00319824 1.57832e-05
0.00322266 1.66517e-05

0.00322266 1.59613e-05
0.00324707 1.73312e-05

0.00324707 1.73981e-05
0.00327148 1.75424e-05

0.00327148 1.66079e-05
0.0032959 1.6954e-05

0.0032959 1.59599e-05
0.00332031 1.96311e-05

0.00332031 1.96919e-05
0.00334473 2.11682e-05

0.00334473 2.00457e-05
0.00336914 1.84979e-05

0.00336914 1.27344e-05
0.00339239 2.44141e-05

0.00339092 2.44141e-05
0.00339355 2.55056e-05

0.00339355 2.7769e-05
0.00341713 4.88281e-05

0.00341693 4.88281e-05
0.00341797 4.9845e-05

0.00341797 5.02921e-05
0.00344078 7.32422e-05

0.00344105 7.32422e-05
0.00344238 7.46245e-05

0.00344238 7.49063e-05
0.00346364 9.76563e-05

0.00346415 9.76563e-05
0.0034668 0.000100628

0.0034668 0.000101119
0.00350554 0.000146484

0.00350553 0.000146484
0.00351563 0.000159665

0.00351563 0.000160058
0.00354225 0.000195313

0.00354238 0.000195313
0.00356445 0.000228268

0.00356445 0.000229018
0.00357437 0.000244141

0.00357478 0.000244141
0.00360375 0.000292969

0.00360451 0.000292969
0.00361328 0.000310547

0.00361328 0.000311967
0.00362893 0.000341797

0.00362914 0.000341797
0.00365187 0.000390625

0.00365254 0.000390625
0.00369019 0.000488281

0.00369002 0.000488281
0.00371094 0.000561733

0.00371094 0.000563521
0.00371732 0.000585938

0.0037175 0.000585937
0.00373649 0.000683594

0.00373612 0.000683594
0.00374743 0.00078125

0.00374941 0.00078125
0.00375025 0.000976562

0.00374994 0.000976562
0.00372219 0.00117188

0.00371094 0.00121276
0.00366677 0.00136719

0.00366681 0.00136719
0.00358189 0.0015625

0.00371094 0.001206
0.0037207 0.00117187

0.00332031 0.00195264
0.00331991 0.00195312

0.00351563 0.00167889
0.00346861 0.00175781

0.00341797 0.0018224
0.00339384 0.00185547

0.00332031 0.00194627
0.00339368 0.00185547

0.00341797 0.00182118
0.00346425 0.00175781

0.00331843 0.00195312
0.00312899 0.00214844

0.003125 0.00214978
0.00312646 0.00214844

0.00351563 0.00167224
0.00358099 0.0015625

