7.17162e-05 0
7.32422e-05 4.48316e-06

7.32422e-05 4.12296e-07
9.59773e-05 2.44141e-05

9.74853e-05 2.44141e-05
9.76563e-05 2.44742e-05

9.76563e-05 1.43159e-05
0.00012207 1.5021e-05

0.00012146 2.44141e-05
0.00012207 2.44208e-05

0.00012207 1.37029e-05
0.000146484 1.38592e-05

0.000146484 1.43498e-05
0.000170898 1.52305e-05

0.000170898 1.48592e-05
0.000195313 1.40939e-05

0.000195313 1.44369e-05
0.000219727 1.3933e-05

0.000219727 1.3934e-05
0.000244141 1.42358e-05

0.000244141 1.41796e-05
0.000268555 1.46581e-05

0.000268555 1.48008e-05
0.000292969 1.41188e-05

0.000292969 1.42777e-05
0.000317383 1.34944e-05

0.000317383 1.37841e-05
0.000341797 1.39359e-05

0.000341797 1.39354e-05
0.000366211 1.40673e-05

0.000366211 1.42365e-05
0.000390625 1.36846e-05

0.000390625 1.38916e-05
0.000415039 1.32746e-05

0.000415039 1.34391e-05
0.000439453 1.35617e-05

0.000439453 1.36175e-05
0.000463867 1.37305e-05

0.000463867 1.3827e-05
0.000488281 1.33417e-05

0.000488281 1.35424e-05
0.000512695 1.30879e-05

0.000512695 1.31945e-05
0.000537109 1.33106e-05

0.000537109 1.33376e-05
0.000561523 1.34614e-05

0.000561523 1.35209e-05
0.000585937 1.31647e-05

0.000585938 1.33206e-05
0.000610352 1.29607e-05

0.000610352 1.30301e-05
0.000634766 1.31375e-05

0.000634766 1.31761e-05
0.00065918 1.32593e-05

0.00065918 1.33102e-05
0.000683594 1.29771e-05

0.000683594 1.31163e-05
0.000708008 1.28416e-05

0.000708008 1.28596e-05
0.000732422 1.30373e-05

0.000732422 1.29634e-05
0.000756836 1.32468e-05

0.000756836 1.32233e-05
0.00078125 1.30784e-05

0.00078125 1.30191e-05
0.000805664 1.29837e-05

0.000805664 1.29433e-05
0.000830078 1.33079e-05

0.000830078 1.32397e-05
0.000854492 1.3286e-05

0.000854492 1.31337e-05
0.000878906 1.31841e-05

0.000878906 1.32282e-05
0.00090332 1.33702e-05

0.00090332 1.3215e-05
0.000927734 1.33084e-05

0.000927734 1.32595e-05
0.000952148 1.34744e-05

0.000952148 1.33125e-05
0.000976562 1.35243e-05

0.000976562 1.34132e-05
0.00100098 1.36314e-05

0.00100098 1.35161e-05
0.00102539 1.36428e-05

0.00102539 1.3506e-05
0.0010498 1.37265e-05

0.0010498 1.36203e-05
0.00107422 1.3867e-05

0.00107422 1.368e-05
0.00109863 1.39225e-05

0.00109863 1.38171e-05
0.00112305 1.40362e-05

0.00112305 1.38537e-05
0.00114746 1.40816e-05

0.00114746 1.39284e-05
0.00117187 1.4273e-05

0.00117188 1.40187e-05
0.00119629 1.44474e-05

0.00119629 1.44688e-05
0.0012207 1.43999e-05

0.0012207 1.41622e-05
0.00124512 1.4196e-05

0.00124512 1.42483e-05
0.00126953 1.46733e-05

0.00126953 1.45168e-05
0.00129395 1.45101e-05

0.00129395 1.49664e-05
0.00131836 1.39446e-05

0.00131836 1.35702e-05
0.00134277 1.38624e-05

0.00134277 1.46259e-05
0.00136719 1.47364e-05

0.0013916 1.3553e-06
0.00136913 2.44141e-05

0.0013916 4.81763e-06
0.00139325 0

0.0014632 0
0.00146484 4.87311e-06

0.00146484 3.33995e-06
0.0014849 2.44141e-05

0.00148605 2.44141e-05
0.00148926 2.55372e-05

0.00148926 1.68624e-05
0.00151367 1.7622e-05

0.00151367 1.69347e-05
0.00153809 1.60083e-05

0.0015625 4.72215e-06
0.00154254 2.44141e-05

0.00153809 2.57383e-05
0.00154208 2.44141e-05

0 0.00312086
0.000390625 0.00310985

0.000390625 0.00311014
0.00078125 0.00307655

0.00078125 0.00307718
0.00117187 0.00301917

0.00117188 0.00302022
0.0015625 0.00293442

0.0015625 6.21704e-06
0.00156462 0

0.00165647 0
0.00166016 9.07637e-06

0.00166016 1.01732e-05
0.00167612 2.44141e-05

0.00167526 2.44141e-05
0.00168457 2.76174e-05

0.00168457 1.73679e-05
0.00170898 1.75487e-05

0.0016938 2.44141e-05
0.00170898 2.44741e-05

0.0017334 1.06579e-05
0.00171747 2.44141e-05

0.00170898 2.76468e-05
0.00171859 2.44141e-05

0.0017334 1.10217e-05
0.00173799 0

0.00180009 0
0.00180664 1.44632e-05

0.00180664 9.51827e-06
0.00183105 1.21192e-05

0.00183105 6.38498e-06
0.00185308 0

0.00185607 0
0.00187988 1.72302e-05

0.00187988 8.67566e-06
0.0019043 1.14275e-05

0.0019043 9.08891e-06
0.00192871 1.06018e-05

0.00192871 9.69256e-06
0.00195312 1.20893e-05

0.00195312 9.41997e-06
0.00197754 1.30768e-05

0.00197754 1.3658e-05
0.00200195 1.27777e-05

0.00200195 1.566e-05
0.00202637 5.67441e-06

0.00202637 6.1737e-06
0.00205078 8.79909e-06

0.00205078 9.15609e-06
0.0020752 1.4878e-05

0.0020752 9.69438e-06
0.00209961 1.18896e-05

0.00209961 1.35423e-05
0.00212402 1.33109e-05

0.00212402 1.30647e-05
0.00214844 8.2143e-06

0.00214844 7.80264e-06
0.00217285 1.30715e-05

0.00217285 1.38953e-05
0.00219727 1.39185e-05

0.00219727 1.31835e-05
0.00222168 7.72155e-06

0.00222168 7.62837e-06
0.00224609 1.34235e-05

0.00224609 1.4136e-05
0.00227051 1.3979e-05

0.00227051 1.38985e-05
0.00229492 6.94297e-06

0.00229492 7.71744e-06
0.00231934 1.19055e-05

0.00231934 1.04917e-05
0.00234375 1.52581e-05

0.00234375 1.52917e-05
0.00236816 1.06478e-05

0.00236816 1.25328e-05
0.00239258 7.05307e-06

0.00239258 7.06279e-06
0.00241699 1.25387e-05

0.00241699 1.05899e-05
0.00244141 1.53291e-05

0.00244141 1.53248e-05
0.00246582 1.05752e-05

0.00246582 1.24963e-05
0.00249023 7.11134e-06

0.00249023 7.11377e-06
0.00251465 1.25528e-05

0.00251465 1.06174e-05
0.00253906 1.52913e-05

0.00253906 1.52857e-05
0.00256348 1.0594e-05

0.00256348 1.24625e-05
0.00258789 7.21067e-06

0.00258789 7.20463e-06
0.0026123 1.25794e-05

0.0026123 1.07493e-05
0.00263672 1.51735e-05

0.00263672 1.5118e-05
0.00266113 1.05429e-05

0.00266113 1.18633e-05
0.00268555 7.99401e-06

0.00268555 7.1941e-06
0.00270996 1.38987e-05

0.00270996 1.39611e-05
0.00273438 1.41488e-05

0.00273437 1.39323e-05
0.00275879 7.41332e-06

0.00275879 8.20546e-06
0.0027832 1.18203e-05

0.0027832 1.06819e-05
0.00280762 1.49595e-05

0.00280762 1.49693e-05
0.00283203 1.07217e-05

0.00283203 1.19659e-05
0.00285645 8.04787e-06

0.00285645 7.32637e-06
0.00288086 1.37231e-05

0.00288086 1.38362e-05
0.00290527 1.40365e-05

0.00290527 1.32195e-05
0.00292969 8.09828e-06

0.00292969 8.54335e-06
0.0029541 1.28999e-05

0.0029541 1.32449e-05
0.00297852 1.34817e-05

0.00297852 1.16039e-05
0.00300293 1.01519e-05

0.00300293 1.03397e-05
0.00302734 1.45018e-05

0.00302734 1.28502e-05
0.00305176 1.45205e-05

0.00305176 1.32457e-05
0.00307617 1.40329e-05

0.00307617 1.37202e-05
0.00310059 1.4838e-05

0.00310059 1.41095e-05
0.003125 1.48999e-05

0.00175781 0.00287852
0.00157324 0.00292969

0.0015625 0.00293232
0.00157199 0.00292969

0.00175781 0.002879
0.00195312 0.00281615

0.00234375 0.00265861
0.0021701 0.00273438

0.00195312 0.00281649
0.00214844 0.00274325

0.00214844 0.0027427
0.00216752 0.00273438

0.00292969 0.00231091
0.00288412 0.00234375

0.003125 0.00214816
0.00312469 0.00214844

0.00302734 0.0022358
0.00301457 0.00224609

0.00297852 0.00227166
0.00294855 0.00229492

0.00292969 0.00231048
0.00294987 0.00229492

0.00297852 0.00227087
0.00300949 0.00224609

0.00302734 0.00223369
0.003125 0.00214885

0.00244141 0.00261082
0.00238816 0.00263672

0.00234375 0.00265698
0.0023854 0.00263672

0.00244141 0.00261041
0.00253906 0.00255942

0.00273438 0.00244646
0.00257739 0.00253906

0.00253906 0.00255917
0.00257373 0.00253906

0.00283203 0.00238018
0.00273994 0.00244141

0.00273438 0.00244453
0.00273926 0.00244141

0.00283203 0.0023799
0.00288241 0.00234375

0.003125 1.44788e-05
0.00314941 1.53354e-05

0.00314941 1.48022e-05
0.00317383 1.55995e-05

0.00317383 1.51141e-05
0.00319824 1.60255e-05

0.00319824 1.54289e-05
0.00322266 1.65237e-05

0.00322266 1.58606e-05
0.00324707 1.71937e-05

0.00324707 1.64745e-05
0.00327148 1.78884e-05

0.00327148 1.72147e-05
0.0032959 1.84937e-05

0.0032959 1.78451e-05
0.00332031 1.90085e-05

0.00332031 1.80596e-05
0.00334473 1.99755e-05

0.00334473 2.02489e-05
0.00336914 2.04364e-05

0.00336914 1.37307e-05
0.00339301 2.44141e-05

0.00339174 2.44141e-05
0.00339355 2.51025e-05

0.00339355 2.74697e-05
0.00341797 4.87878e-05

0.0034173 4.88281e-05
0.00341797 4.94807e-05

0.00341797 4.84647e-05
0.00341834 4.88281e-05

0.00341797 4.958e-05
0.00344146 7.32422e-05

0.00344151 7.32422e-05
0.00344238 7.41516e-05

0.00344238 7.43222e-05
0.00346409 9.76563e-05

0.0034646 9.76563e-05
0.0034668 0.000100117

0.0034668 0.000100846
0.00348539 0.00012207

0.00348518 0.00012207
0.00349121 0.000129257

0.00349121 0.000128909
0.00350569 0.000146484

0.00350598 0.000146484
0.00351563 0.000159085

0.00351563 0.000159569
0.00354258 0.000195313

0.00354277 0.000195313
0.00356445 0.000227744

0.00356445 0.000228683
0.00357459 0.000244141

0.00357507 0.000244141
0.003604 0.000292969

0.00360475 0.000292969
0.00361328 0.000310099

0.00361328 0.000311524
0.00362913 0.000341797

0.00362932 0.000341797
0.003652 0.000390625

0.00365266 0.000390625
0.00369021 0.000488281

0.00369003 0.000488281
0.00371094 0.000561881

0.00371094 0.000563575
0.00371729 0.000585938

0.00371745 0.000585937
0.00373638 0.000683594

0.00373601 0.000683594
0.00374729 0.00078125

0.00374926 0.00078125
0.00375007 0.000976562

0.00374976 0.000976562
0.00372201 0.00117188

0.00371094 0.00121215
0.00366661 0.00136719

0.00366665 0.00136719
0.00358176 0.0015625

0.00371094 0.00120528
0.00372049 0.00117187

0.00332031 0.00195247
0.00331977 0.00195312

0.00351563 0.00167876
0.00346855 0.00175781

0.00341797 0.00182232
0.00339379 0.00185547

0.00332031 0.00194622
0.00339363 0.00185547

0.00341797 0.00182108
0.00346417 0.00175781

0.0033184 0.00195312
0.00312899 0.00214844

0.003125 0.00214987
0.00312655 0.00214844

0.00351563 0.00167204
0.00358085 0.0015625

