7.1549e-05 0
7.32422e-05 4.9505e-06

7.32422e-05 8.87915e-08
9.59661e-05 2.44141e-05

9.72103e-05 2.44141e-05
9.76563e-05 2.45732e-05

9.76563e-05 1.42936e-05
0.00012207 1.54836e-05

0.00012207 1.4249e-05
0.000146484 1.37875e-05

0.000146484 1.43946e-05
0.000170898 1.46586e-05

0.000170898 1.4267e-05
0.000195313 1.41826e-05

0.000195313 1.44714e-05
0.000219727 1.44494e-05

0.000219727 1.4329e-05
0.000244141 1.40861e-05

0.000244141 1.43019e-05
0.000268555 1.42399e-05

0.000268555 1.42447e-05
0.000292969 1.4074e-05

0.000292969 1.42784e-05
0.000317383 1.39989e-05

0.000317383 1.40947e-05
0.000341797 1.37935e-05

0.000341797 1.39998e-05
0.000366211 1.38175e-05

0.000366211 1.39229e-05
0.000390625 1.36888e-05

0.000390625 1.38405e-05
0.000415039 1.36235e-05

0.000415039 1.37631e-05
0.000439453 1.35232e-05

0.000439453 1.36629e-05
0.000463867 1.34437e-05

0.000463867 1.35929e-05
0.000488281 1.33689e-05

0.000488281 1.33893e-05
0.000512695 1.33876e-05

0.000512695 1.35691e-05
0.000537109 1.33901e-05

0.000537109 1.34701e-05
0.000561523 1.30447e-05

0.000561523 1.31374e-05
0.000585937 1.32042e-05

0.000585938 1.32589e-05
0.000610352 1.33523e-05

0.000610352 1.33956e-05
0.000634766 1.30813e-05

0.000634766 1.32436e-05
0.00065918 1.2914e-05

0.00065918 1.2969e-05
0.000683594 1.30362e-05

0.000683594 1.30754e-05
0.000708008 1.31779e-05

0.000708008 1.31286e-05
0.000732422 1.30232e-05

0.000732422 1.31236e-05
0.000756836 1.2979e-05

0.000756836 1.29234e-05
0.00078125 1.30223e-05

0.00078125 1.29603e-05
0.000805664 1.32831e-05

0.000805664 1.31757e-05
0.000830078 1.32321e-05

0.000830078 1.3129e-05
0.000854492 1.31955e-05

0.000854492 1.31814e-05
0.000878906 1.33222e-05

0.000878906 1.32194e-05
0.00090332 1.33086e-05

0.00090332 1.32668e-05
0.000927734 1.33662e-05

0.000927734 1.32644e-05
0.000952148 1.34082e-05

0.000952148 1.3306e-05
0.000976562 1.35366e-05

0.000976562 1.3413e-05
0.00100098 1.35977e-05

0.00100098 1.34784e-05
0.00102539 1.36365e-05

0.00102539 1.34981e-05
0.0010498 1.37467e-05

0.0010498 1.36531e-05
0.00107422 1.38322e-05

0.00107422 1.3602e-05
0.00109863 1.3911e-05

0.00109863 1.38578e-05
0.00112305 1.40935e-05

0.00112305 1.37617e-05
0.00114746 1.41096e-05

0.00114746 1.41373e-05
0.00117187 1.43467e-05

0.00117188 1.40643e-05
0.00119629 1.41302e-05

0.00119629 1.39329e-05
0.0012207 1.46532e-05

0.0012207 1.44826e-05
0.00124512 1.48399e-05

0.00124512 1.49194e-05
0.00126953 1.42345e-05

0.00126953 1.41759e-05
0.00129395 1.4063e-05

0.00129395 1.44236e-05
0.00131836 1.45536e-05

0.00131836 1.40871e-05
0.00134277 1.43553e-05

0.00134181 2.44141e-05
0.00134277 2.44182e-05

0.00134277 1.52714e-05
0.00136719 1.41277e-05

0.00134277 2.44294e-05
0.00134362 2.44141e-05

0.0013916 5.7082e-07
0.00136891 2.44141e-05

0.0013916 4.76531e-06
0.00139323 0

0.00146283 0
0.00146484 5.87884e-06

0.00146484 3.5046e-06
0.00148507 2.44141e-05

0.00148634 2.44141e-05
0.00148926 2.54159e-05

0.00148926 1.64658e-05
0.00151367 1.75461e-05

0.00151367 1.71747e-05
0.00153809 1.63351e-05

0.0015625 4.46885e-06
0.00154244 2.44141e-05

0.00153809 2.54027e-05
0.00154103 2.44141e-05

0 0.00312087
0.000390625 0.00310987

0.000390625 0.00311016
0.00078125 0.00307657

0.00078125 0.0030772
0.00117187 0.00301919

0.00117188 0.00302024
0.0015625 0.00293444

0.0015625 7.16504e-06
0.00156498 0

0.00165648 0
0.00166016 9.05174e-06

0.00166016 1.01866e-05
0.00167612 2.44141e-05

0.00167522 2.44141e-05
0.00168457 2.76267e-05

0.00168457 1.73492e-05
0.00170898 1.75134e-05

0.00169307 2.44141e-05
0.00170898 2.44695e-05

0.0017334 1.06579e-05
0.00171745 2.44141e-05

0.00170898 2.76225e-05
0.00171853 2.44141e-05

0.0017334 1.10157e-05
0.00173798 0

0.00180011 0
0.00180664 1.44434e-05

0.00180664 9.49173e-06
0.00183105 1.21399e-05

0.00183105 6.38918e-06
0.00185314 0

0.00185605 0
0.00187988 1.72228e-05

0.00187988 8.68358e-06
0.0019043 1.14353e-05

0.0019043 9.09542e-06
0.00192871 1.05975e-05

0.00192871 9.69566e-06
0.00195312 1.20903e-05

0.00195312 9.42295e-06
0.00197754 1.30738e-05

0.00197754 1.36516e-05
0.00200195 1.27806e-05

0.00200195 1.56614e-05
0.00202637 5.68538e-06

0.00202637 6.16695e-06
0.00205078 8.80998e-06

0.00205078 9.22745e-06
0.0020752 1.48391e-05

0.0020752 9.64635e-06
0.00209961 1.18098e-05

0.00209961 1.34515e-05
0.00212402 1.33862e-05

0.00212402 1.30235e-05
0.00214844 8.3466e-06

0.00214844 7.93578e-06
0.00217285 1.31148e-05

0.00217285 1.4017e-05
0.00219727 1.38088e-05

0.00219727 1.31724e-05
0.00222168 7.60111e-06

0.00222168 7.51986e-06
0.00224609 1.3435e-05

0.00224609 1.40505e-05
0.00227051 1.40553e-05

0.00227051 1.39449e-05
0.00229492 7.0164e-06

0.00229492 7.77744e-06
0.00231934 1.18473e-05

0.00231934 1.0489e-05
0.00234375 1.52483e-05

0.00234375 1.52784e-05
0.00236816 1.06513e-05

0.00236816 1.25296e-05
0.00239258 7.06743e-06

0.00239258 7.07447e-06
0.00241699 1.2536e-05

0.00241699 1.05918e-05
0.00244141 1.53237e-05

0.00244141 1.53192e-05
0.00246582 1.05802e-05

0.00246582 1.24967e-05
0.00249023 7.12105e-06

0.00249023 7.1231e-06
0.00251465 1.25517e-05

0.00251465 1.06216e-05
0.00253906 1.5287e-05

0.00253906 1.52794e-05
0.00256348 1.05976e-05

0.00256348 1.24579e-05
0.00258789 7.22802e-06

0.00258789 7.2215e-06
0.0026123 1.25824e-05

0.0026123 1.07561e-05
0.00263672 1.51671e-05

0.00263672 1.51124e-05
0.00266113 1.05522e-05

0.00266113 1.18716e-05
0.00268555 8.00428e-06

0.00268555 7.20192e-06
0.00270996 1.38947e-05

0.00270996 1.39798e-05
0.00273438 1.41372e-05

0.00273437 1.39301e-05
0.00275879 7.37859e-06

0.00275879 8.16314e-06
0.0027832 1.18376e-05

0.0027832 1.06901e-05
0.00280762 1.49824e-05

0.00280762 1.49799e-05
0.00283203 1.07074e-05

0.00283203 1.19378e-05
0.00285645 8.07288e-06

0.00285645 7.38051e-06
0.00288086 1.37257e-05

0.00288086 1.38019e-05
0.00290527 1.40086e-05

0.00290527 1.31198e-05
0.00292969 8.2634e-06

0.00292969 8.73786e-06
0.0029541 1.29547e-05

0.0029541 1.3286e-05
0.00297852 1.33603e-05

0.00297852 1.16265e-05
0.00300293 1.01643e-05

0.00300293 1.03908e-05
0.00302734 1.43593e-05

0.00302734 1.2778e-05
0.00305176 1.43452e-05

0.00305176 1.3085e-05
0.00307617 1.39335e-05

0.00307617 1.35311e-05
0.00310059 1.48612e-05

0.00310059 1.40331e-05
0.003125 1.50352e-05

0.00175781 0.00287854
0.00157331 0.00292969

0.0015625 0.00293235
0.00157209 0.00292969

0.00175781 0.00287902
0.00195312 0.00281616

0.00234375 0.00265862
0.00217012 0.00273438

0.00195312 0.0028165
0.00214844 0.00274326

0.00214844 0.0027427
0.00216752 0.00273438

0.00292969 0.00231089
0.00288409 0.00234375

0.003125 0.00214816
0.00312469 0.00214844

0.00302734 0.00223578
0.00301454 0.00224609

0.00297852 0.00227161
0.0029485 0.00229492

0.00292969 0.00231046
0.00294982 0.00229492

0.00297852 0.00227081
0.00300942 0.00224609

0.00302734 0.00223364
0.003125 0.0021488

0.00244141 0.00261082
0.00238817 0.00263672

0.00234375 0.00265698
0.00238539 0.00263672

0.00244141 0.00261041
0.00253906 0.00255942

0.00273438 0.00244644
0.00257739 0.00253906

0.00253906 0.00255915
0.00257368 0.00253906

0.00283203 0.00238016
0.00273992 0.00244141

0.00273438 0.00244449
0.0027392 0.00244141

0.00283203 0.00237986
0.00288236 0.00234375

0.003125 1.45183e-05
0.00314941 1.54682e-05

0.00314941 1.48643e-05
0.00317383 1.57559e-05

0.00317383 1.52349e-05
0.00319824 1.62453e-05

0.00319824 1.5669e-05
0.00322266 1.66886e-05

0.00322266 1.61132e-05
0.00324707 1.71696e-05

0.00324707 1.65327e-05
0.00327148 1.77461e-05

0.00327148 1.68334e-05
0.0032959 1.87257e-05

0.0032959 1.88621e-05
0.00332031 1.91213e-05

0.00332031 1.72629e-05
0.00334473 1.88147e-05

0.00334473 2.00018e-05
0.00336914 2.10853e-05

0.00336914 1.3646e-05
0.00339331 2.44141e-05

0.00339045 2.44141e-05
0.00339355 2.56053e-05

0.00339355 2.3931e-05
0.00339403 2.44141e-05

0.00339355 2.77774e-05
0.00341765 4.88281e-05

0.00341749 4.88281e-05
0.00341797 4.9287e-05

0.00341797 4.96448e-05
0.00344162 7.32422e-05

0.00344163 7.32422e-05
0.00344238 7.40247e-05

0.00344238 7.42e-05
0.00346424 9.76563e-05

0.00346471 9.76563e-05
0.0034668 0.000100001

0.0034668 0.000100698
0.00348552 0.00012207

0.00348531 0.00012207
0.00349121 0.000129114

0.00349121 0.000128763
0.0035058 0.000146484

0.00350603 0.000146484
0.00351563 0.000159027

0.00351563 0.000159468
0.00354263 0.000195313

0.00354284 0.000195313
0.00356445 0.000227651

0.00356445 0.000228704
0.00357457 0.000244141

0.00357511 0.000244141
0.00360402 0.000292969

0.00360477 0.000292969
0.00361328 0.000310065

0.00361328 0.00031148
0.00362915 0.000341797

0.00362934 0.000341797
0.00365202 0.000390625

0.00365268 0.000390625
0.00369025 0.000488281

0.00369007 0.000488281
0.00371094 0.000561743

0.00371094 0.000563452
0.00371733 0.000585938

0.00371749 0.000585937
0.00373642 0.000683594

0.00373606 0.000683594
0.00374733 0.00078125

0.0037493 0.00078125
0.00375009 0.000976562

0.00374978 0.000976562
0.00372201 0.00117188

0.00371094 0.00121214
0.00366659 0.00136719

0.00366663 0.00136719
0.00358172 0.0015625

0.00371094 0.00120517
0.00372046 0.00117187

0.00332031 0.00195235
0.00331967 0.00195312

0.00351563 0.00167872
0.00346852 0.00175781

0.00341797 0.00182226
0.00339374 0.00185547

0.00332031 0.00194614
0.00339357 0.00185547

0.00341797 0.00182099
0.00346412 0.00175781

0.00331834 0.00195312
0.00312894 0.00214844

0.003125 0.00214984
0.00312652 0.00214844

0.00351563 0.00167192
0.00358079 0.0015625

