7.13842e-05 0
7.32422e-05 5.40768e-06

7.32422e-05 8.57332e-07
9.60899e-05 2.44141e-05

9.76563e-05 1.41154e-05
0.00012207 1.47761e-05

0.00012207 1.3684e-05
0.000146484 1.41122e-05

0.000146484 1.44553e-05
0.000170898 1.51029e-05

0.000170898 1.47377e-05
0.000195313 1.40817e-05

0.000195313 1.44187e-05
0.000219727 1.41031e-05

0.000219727 1.40223e-05
0.000244141 1.43051e-05

0.000244141 1.43744e-05
0.000268555 1.45881e-05

0.000268555 1.46784e-05
0.000292969 1.39842e-05

0.000292969 1.4252e-05
0.000317383 1.36284e-05

0.000317383 1.39017e-05
0.000341797 1.38062e-05

0.000341797 1.38934e-05
0.000366211 1.38422e-05

0.000366211 1.39267e-05
0.000390625 1.37037e-05

0.000390625 1.38033e-05
0.000415039 1.35963e-05

0.000415039 1.37699e-05
0.000439453 1.35503e-05

0.000439453 1.36425e-05
0.000463867 1.34298e-05

0.000463867 1.35721e-05
0.000488281 1.34331e-05

0.000488281 1.35229e-05
0.000512695 1.33445e-05

0.000512695 1.34537e-05
0.000537109 1.32896e-05

0.000537109 1.33936e-05
0.000561523 1.3234e-05

0.000561523 1.33291e-05
0.000585937 1.31821e-05

0.000585938 1.32576e-05
0.000610352 1.31573e-05

0.000610352 1.32012e-05
0.000634766 1.31653e-05

0.000634766 1.3191e-05
0.00065918 1.31721e-05

0.00065918 1.32795e-05
0.000683594 1.30598e-05

0.000683594 1.31619e-05
0.000708008 1.2886e-05

0.000708008 1.29273e-05
0.000732422 1.30189e-05

0.000732422 1.29706e-05
0.000756836 1.32075e-05

0.000756836 1.31201e-05
0.00078125 1.31645e-05

0.00078125 1.31671e-05
0.000805664 1.30747e-05

0.000805664 1.30201e-05
0.000830078 1.3132e-05

0.000830078 1.30477e-05
0.000854492 1.33545e-05

0.000854492 1.3242e-05
0.000878906 1.33521e-05

0.000878906 1.32382e-05
0.00090332 1.33236e-05

0.00090332 1.32658e-05
0.000927734 1.34525e-05

0.000927734 1.33694e-05
0.000952148 1.34648e-05

0.000952148 1.3347e-05
0.000976562 1.35109e-05

0.000976562 1.34179e-05
0.00100098 1.36571e-05

0.00100098 1.35155e-05
0.00102539 1.3696e-05

0.00102539 1.35696e-05
0.0010498 1.37736e-05

0.0010498 1.36424e-05
0.00107422 1.3874e-05

0.00107422 1.37689e-05
0.00109863 1.39224e-05

0.00109863 1.3777e-05
0.00112305 1.39712e-05

0.00112305 1.37748e-05
0.00114746 1.42112e-05

0.00114746 1.40592e-05
0.00117187 1.43571e-05

0.00117188 1.42514e-05
0.00119629 1.41952e-05

0.00119629 1.41408e-05
0.0012207 1.41882e-05

0.0012207 1.38561e-05
0.00124512 1.46641e-05

0.00124512 1.48395e-05
0.00126953 1.47578e-05

0.00126953 1.43716e-05
0.00129395 1.40192e-05

0.00129395 1.45046e-05
0.00131836 1.45373e-05

0.00131836 1.3903e-05
0.00134277 1.45392e-05

0.00134277 1.5808e-05
0.00136719 1.42413e-05

0.00139147 0
0.0013689 2.44141e-05

0.0013916 4.94145e-06
0.00139329 0

0.00146304 0
0.00146484 5.3087e-06

0.00146484 3.09607e-06
0.00148493 2.44141e-05

0.00148666 2.44141e-05
0.00148926 2.5335e-05

0.00148926 1.71368e-05
0.00151367 1.78384e-05

0.00151367 1.69413e-05
0.00153809 1.5662e-05

0.0015625 4.70791e-06
0.0015424 2.44141e-05

0.00153809 2.5585e-05
0.00154166 2.44141e-05

0 0.00312092
0.000390625 0.00310991

0.000390625 0.0031102
0.00078125 0.00307661

0.00078125 0.00307724
0.00117187 0.00301922

0.00117188 0.00302027
0.0015625 0.00293446

0.0015625 6.37314e-06
0.00156468 0

0.00165648 0
0.00166016 9.06369e-06

0.00166016 1.01542e-05
0.00167611 2.44141e-05

0.00167524 2.44141e-05
0.00168457 2.76301e-05

0.00168457 1.74162e-05
0.00170898 1.75644e-05

0.00169066 2.44141e-05
0.00170898 2.447e-05

0.0017334 1.06066e-05
0.00171744 2.44141e-05

0.00170898 2.76015e-05
0.00171843 2.44141e-05

0.0017334 1.10132e-05
0.00173798 0

0.00180011 0
0.00180664 1.44362e-05

0.00180664 9.4881e-06
0.00183105 1.21467e-05

0.00183105 6.37506e-06
0.0018532 0

0.00185603 0
0.00187988 1.72321e-05

0.00187988 8.70382e-06
0.0019043 1.14277e-05

0.0019043 9.09753e-06
0.00192871 1.05912e-05

0.00192871 9.69672e-06
0.00195312 1.20928e-05

0.00195312 9.42146e-06
0.00197754 1.30729e-05

0.00197754 1.36555e-05
0.00200195 1.27811e-05

0.00200195 1.56487e-05
0.00202637 5.69114e-06

0.00202637 6.17672e-06
0.00205078 8.8239e-06

0.00205078 9.22027e-06
0.0020752 1.4845e-05

0.0020752 9.66862e-06
0.00209961 1.18313e-05

0.00209961 1.34729e-05
0.00212402 1.33651e-05

0.00212402 1.30229e-05
0.00214844 8.33494e-06

0.00214844 7.93221e-06
0.00217285 1.31073e-05

0.00217285 1.39972e-05
0.00219727 1.38075e-05

0.00219727 1.31668e-05
0.00222168 7.62041e-06

0.00222168 7.53169e-06
0.00224609 1.34317e-05

0.00224609 1.40528e-05
0.00227051 1.40501e-05

0.00227051 1.39404e-05
0.00229492 7.0193e-06

0.00229492 7.77952e-06
0.00231934 1.18515e-05

0.00231934 1.04921e-05
0.00234375 1.52466e-05

0.00234375 1.52769e-05
0.00236816 1.06532e-05

0.00236816 1.25297e-05
0.00239258 7.07278e-06

0.00239258 7.08043e-06
0.00241699 1.25354e-05

0.00241699 1.05944e-05
0.00244141 1.532e-05

0.00244141 1.53155e-05
0.00246582 1.05808e-05

0.00246582 1.24951e-05
0.00249023 7.12743e-06

0.00249023 7.12981e-06
0.00251465 1.25502e-05

0.00251465 1.06217e-05
0.00253906 1.52831e-05

0.00253906 1.52777e-05
0.00256348 1.05992e-05

0.00256348 1.24639e-05
0.00258789 7.22279e-06

0.00258789 7.21496e-06
0.0026123 1.25764e-05

0.0026123 1.07516e-05
0.00263672 1.51713e-05

0.00263672 1.51166e-05
0.00266113 1.05462e-05

0.00266113 1.18646e-05
0.00268555 7.99848e-06

0.00268555 7.19819e-06
0.00270996 1.38994e-05

0.00270996 1.39729e-05
0.00273438 1.41403e-05

0.00273437 1.3924e-05
0.00275879 7.39902e-06

0.00275879 8.18749e-06
0.0027832 1.18379e-05

0.0027832 1.06995e-05
0.00280762 1.49613e-05

0.00280762 1.49651e-05
0.00283203 1.07056e-05

0.00283203 1.18719e-05
0.00285645 8.14658e-06

0.00285645 7.45795e-06
0.00288086 1.37899e-05

0.00288086 1.39284e-05
0.00290527 1.39004e-05

0.00290527 1.30971e-05
0.00292969 8.11327e-06

0.00292969 8.56155e-06
0.0029541 1.30186e-05

0.0029541 1.33633e-05
0.00297852 1.33925e-05

0.00297852 1.16403e-05
0.00300293 9.97839e-06

0.00300293 1.01501e-05
0.00302734 1.44591e-05

0.00302734 1.27796e-05
0.00305176 1.46185e-05

0.00305176 1.32385e-05
0.00307617 1.40494e-05

0.00307617 1.37433e-05
0.00310059 1.48793e-05

0.00310059 1.41215e-05
0.003125 1.4928e-05

0.00175781 0.00287855
0.00157337 0.00292969

0.0015625 0.00293237
0.00157218 0.00292969

0.00175781 0.00287903
0.00195312 0.00281617

0.00234375 0.00265861
0.00217011 0.00273438

0.00195312 0.00281651
0.00214844 0.00274326

0.00214844 0.00274269
0.0021675 0.00273438

0.00292969 0.00231087
0.00288406 0.00234375

0.003125 0.00214816
0.00312469 0.00214844

0.00302734 0.00223578
0.00301454 0.00224609

0.00297852 0.00227159
0.00294847 0.00229492

0.00292969 0.00231044
0.0029498 0.00229492

0.00297852 0.00227078
0.00300938 0.00224609

0.00302734 0.00223362
0.003125 0.00214878

0.00244141 0.00261081
0.00238815 0.00263672

0.00234375 0.00265696
0.00238536 0.00263672

0.00244141 0.0026104
0.00253906 0.0025594

0.00273438 0.00244643
0.00257736 0.00253906

0.00253906 0.00255911
0.00257363 0.00253906

0.00283203 0.00238013
0.00273988 0.00244141

0.00273438 0.00244445
0.00273914 0.00244141

0.00283203 0.00237983
0.00288232 0.00234375

0.003125 1.44725e-05
0.00314941 1.54343e-05

0.00314941 1.4836e-05
0.00317383 1.57825e-05

0.00317383 1.52821e-05
0.00319824 1.62094e-05

0.00319824 1.56626e-05
0.00322266 1.65488e-05

0.00322266 1.59284e-05
0.00324707 1.71237e-05

0.00324707 1.65484e-05
0.00327148 1.78284e-05

0.00327148 1.71015e-05
0.0032959 1.83492e-05

0.0032959 1.79543e-05
0.00332031 1.88428e-05

0.00332031 1.79713e-05
0.00334473 1.92539e-05

0.00334473 1.9545e-05
0.00336914 1.98173e-05

0.00336914 1.31342e-05
0.00339314 2.44141e-05

0.00339158 2.44141e-05
0.00339355 2.51807e-05

0.00339355 2.72061e-05
0.00341797 4.85848e-05

0.00341775 4.88281e-05
0.00341797 4.90421e-05

0.00341797 4.93638e-05
0.00344166 7.32422e-05

0.00344173 7.32422e-05
0.00344238 7.39296e-05

0.00344238 7.40935e-05
0.00346425 9.76563e-05

0.00346478 9.76563e-05
0.0034668 9.9925e-05

0.0034668 0.000100399
0.00350595 0.000146484

0.00350597 0.000146484
0.00351563 0.000159127

0.00351563 0.000159579
0.00354252 0.000195313

0.00354275 0.000195313
0.00356445 0.000227824

0.00356445 0.000228986
0.00357438 0.000244141

0.00357496 0.000244141
0.00360385 0.000292969

0.00360459 0.000292969
0.00361328 0.000310424

0.00361328 0.000311811
0.00362897 0.000341797

0.00362917 0.000341797
0.00365185 0.000390625

0.00365252 0.000390625
0.00369009 0.000488281

0.00368992 0.000488281
0.00371094 0.000562205

0.00371094 0.000563953
0.00371719 0.000585938

0.00371736 0.000585937
0.00373632 0.000683594

0.00373595 0.000683594
0.00374726 0.00078125

0.00374923 0.00078125
0.00375007 0.000976562

0.00374976 0.000976562
0.00372202 0.00117188

0.00371094 0.00121221
0.00366663 0.00136719

0.00366666 0.00136719
0.00358176 0.0015625

0.00371094 0.0012052
0.00372047 0.00117187

0.00332031 0.00195241
0.00331971 0.00195312

0.00351563 0.0016788
0.00346857 0.00175781

0.00341797 0.00182229
0.00339375 0.00185547

0.00332031 0.00194615
0.00339358 0.00185547

0.00341797 0.001821
0.00346413 0.00175781

0.00331834 0.00195312
0.00312892 0.00214844

0.003125 0.00214985
0.00312654 0.00214844

0.00351563 0.00167193
0.0035808 0.0015625

