7.17406e-05 0
7.32422e-05 4.41366e-06

7.32422e-05 2.68324e-07
9.59955e-05 2.44141e-05

9.76563e-05 1.41032e-05
0.00012207 1.52832e-05

0.00012207 1.42262e-05
0.000146484 1.39233e-05

0.000146484 1.44214e-05
0.000170898 1.44911e-05

0.000170898 1.42352e-05
0.000195313 1.4023e-05

0.000195313 1.39397e-05
0.000219727 1.46425e-05

0.000219727 1.47642e-05
0.000244141 1.45954e-05

0.000244141 1.45284e-05
0.000268555 1.37874e-05

0.000268555 1.41794e-05
0.000292969 1.40249e-05

0.000292969 1.38962e-05
0.000317383 1.41817e-05

0.000317383 1.43838e-05
0.000341797 1.4261e-05

0.000341797 1.43417e-05
0.000366211 1.35462e-05

0.000366211 1.38733e-05
0.000390625 1.35567e-05

0.000390625 1.36528e-05
0.000415039 1.37591e-05

0.000415039 1.3912e-05
0.000439453 1.36775e-05

0.000439453 1.38181e-05
0.000463867 1.32427e-05

0.000463867 1.3432e-05
0.000488281 1.33055e-05

0.000488281 1.33735e-05
0.000512695 1.35016e-05

0.000512695 1.35396e-05
0.000537109 1.33858e-05

0.000537109 1.35292e-05
0.000561523 1.31204e-05

0.000561523 1.32222e-05
0.000585937 1.31085e-05

0.000585938 1.31925e-05
0.000610352 1.32928e-05

0.000610352 1.33086e-05
0.000634766 1.3167e-05

0.000634766 1.33183e-05
0.00065918 1.29625e-05

0.00065918 1.29587e-05
0.000683594 1.30069e-05

0.000683594 1.31003e-05
0.000708008 1.32492e-05

0.000708008 1.32342e-05
0.000732422 1.29446e-05

0.000732422 1.30145e-05
0.000756836 1.29213e-05

0.000756836 1.28571e-05
0.00078125 1.31892e-05

0.00078125 1.30589e-05
0.000805664 1.33503e-05

0.000805664 1.32902e-05
0.000830078 1.31752e-05

0.000830078 1.3187e-05
0.000854492 1.30563e-05

0.000854492 1.2969e-05
0.000878906 1.33087e-05

0.000878906 1.317e-05
0.00090332 1.35629e-05

0.00090332 1.34809e-05
0.000927734 1.33687e-05

0.000927734 1.33454e-05
0.000952148 1.32236e-05

0.000952148 1.30971e-05
0.000976562 1.3575e-05

0.000976562 1.33982e-05
0.00100098 1.38702e-05

0.00100098 1.37753e-05
0.00102539 1.35967e-05

0.00102539 1.3473e-05
0.0010498 1.35295e-05

0.0010498 1.34015e-05
0.00107422 1.40544e-05

0.00107422 1.38807e-05
0.00109863 1.41014e-05

0.00109863 1.38322e-05
0.00112305 1.39588e-05

0.00112305 1.39277e-05
0.00114746 1.42475e-05

0.00114746 1.3948e-05
0.00117187 1.43339e-05

0.00117188 1.42073e-05
0.00119629 1.4566e-05

0.00119629 1.45751e-05
0.0012207 1.42684e-05

0.0012207 1.40873e-05
0.00124512 1.42056e-05

0.00124512 1.42812e-05
0.00126953 1.47471e-05

0.00126953 1.44519e-05
0.00129395 1.45749e-05

0.00129395 1.5141e-05
0.00131836 1.40827e-05

0.00131836 1.35124e-05
0.00134277 1.3855e-05

0.00134277 1.48701e-05
0.00136719 1.48855e-05

0.0013916 1.06297e-06
0.00136919 2.44141e-05

0.0013916 4.59121e-06
0.00139316 0

0.00146307 0
0.00146484 5.23714e-06

0.00146484 3.77062e-06
0.001485 2.44141e-05

0.00148541 2.44141e-05
0.00148926 2.5723e-05

0.00148926 1.64291e-05
0.00151367 1.70763e-05

0.00151367 1.6628e-05
0.00153809 1.63869e-05

0.00151367 2.4417e-05
0.00151481 2.44141e-05

0.0015625 4.88917e-06
0.00154268 2.44141e-05

0.00153809 2.59089e-05
0.00154258 2.44141e-05

0 0.00312098
0.000390625 0.00310997

0.000390625 0.00311026
0.00078125 0.00307666

0.00078125 0.00307729
0.00117187 0.00301925

0.00117188 0.0030203
0.0015625 0.00293447

0.0015625 6.1241e-06
0.00156458 0

0.00165645 0
0.00166016 9.11452e-06

0.00166016 1.0144e-05
0.00167611 2.44141e-05

0.00167536 2.44141e-05
0.00168457 2.75925e-05

0.00168457 1.74247e-05
0.00170898 1.76258e-05

0.00169402 2.44141e-05
0.00170898 2.44817e-05

0.0017334 1.06438e-05
0.00171751 2.44141e-05

0.00170898 2.7661e-05
0.00171859 2.44141e-05

0.0017334 1.10132e-05
0.00173798 0

0.00180012 0
0.00180664 1.44212e-05

0.00180664 9.48697e-06
0.00183105 1.21602e-05

0.00183105 6.36341e-06
0.00185323 0

0.00185602 0
0.00187988 1.72452e-05

0.00187988 8.72388e-06
0.0019043 1.14227e-05

0.0019043 9.10369e-06
0.00192871 1.05867e-05

0.00192871 9.69946e-06
0.00195312 1.20938e-05

0.00195312 9.42332e-06
0.00197754 1.3071e-05

0.00197754 1.36543e-05
0.00200195 1.27814e-05

0.00200195 1.5639e-05
0.00202637 5.70281e-06

0.00202637 6.20186e-06
0.00205078 8.81918e-06

0.00205078 9.17051e-06
0.0020752 1.48665e-05

0.0020752 9.7135e-06
0.00209961 1.18948e-05

0.00209961 1.35426e-05
0.00212402 1.32966e-05

0.00212402 1.30439e-05
0.00214844 8.24011e-06

0.00214844 7.83211e-06
0.00217285 1.30832e-05

0.00217285 1.38993e-05
0.00219727 1.39029e-05

0.00219727 1.31748e-05
0.00222168 7.74522e-06

0.00222168 7.65447e-06
0.00224609 1.34226e-05

0.00224609 1.41344e-05
0.00227051 1.39659e-05

0.00227051 1.38876e-05
0.00229492 6.96367e-06

0.00229492 7.73657e-06
0.00231934 1.19079e-05

0.00231934 1.04984e-05
0.00234375 1.52441e-05

0.00234375 1.52782e-05
0.00236816 1.06554e-05

0.00236816 1.25319e-05
0.00239258 7.07466e-06

0.00239258 7.08427e-06
0.00241699 1.25337e-05

0.00241699 1.0594e-05
0.00244141 1.53185e-05

0.00244141 1.53149e-05
0.00246582 1.05818e-05

0.00246582 1.24992e-05
0.00249023 7.12377e-06

0.00249023 7.12574e-06
0.00251465 1.25463e-05

0.00251465 1.06174e-05
0.00253906 1.52867e-05

0.00253906 1.5282e-05
0.00256348 1.05969e-05

0.00256348 1.24694e-05
0.00258789 7.20822e-06

0.00258789 7.20375e-06
0.0026123 1.25689e-05

0.0026123 1.0742e-05
0.00263672 1.5172e-05

0.00263672 1.51168e-05
0.00266113 1.05382e-05

0.00266113 1.18572e-05
0.00268555 7.98872e-06

0.00268555 7.18445e-06
0.00270996 1.39053e-05

0.00270996 1.3971e-05
0.00273438 1.41465e-05

0.00273437 1.39259e-05
0.00275879 7.40027e-06

0.00275879 8.19027e-06
0.0027832 1.18375e-05

0.0027832 1.06977e-05
0.00280762 1.49629e-05

0.00280762 1.49633e-05
0.00283203 1.07147e-05

0.00283203 1.19569e-05
0.00285645 8.07412e-06

0.00285645 7.37117e-06
0.00288086 1.37045e-05

0.00288086 1.37973e-05
0.00290527 1.40157e-05

0.00290527 1.31006e-05
0.00292969 8.2675e-06

0.00292969 8.76651e-06
0.0029541 1.29576e-05

0.0029541 1.32839e-05
0.00297852 1.33151e-05

0.00297852 1.14979e-05
0.00300293 1.02673e-05

0.00300293 1.04419e-05
0.00302734 1.45588e-05

0.00302734 1.28554e-05
0.00305176 1.44802e-05

0.00305176 1.32722e-05
0.00307617 1.41033e-05

0.00307617 1.37572e-05
0.00310059 1.48344e-05

0.00310059 1.41355e-05
0.003125 1.49108e-05

0.00175781 0.00287854
0.0015734 0.00292969

0.0015625 0.00293239
0.00157223 0.00292969

0.00175781 0.00287903
0.00195312 0.00281615

0.00234375 0.00265856
0.00217004 0.00273438

0.00195312 0.00281649
0.00214844 0.00274323

0.00214844 0.00274264
0.00216739 0.00273438

0.00292969 0.00231079
0.00288396 0.00234375

0.003125 0.00214816
0.00312469 0.00214844

0.00302734 0.0022357
0.00301444 0.00224609

0.00297852 0.00227149
0.00294836 0.00229492

0.00292969 0.00231036
0.00294968 0.00229492

0.00297852 0.00227066
0.00300923 0.00224609

0.00302734 0.00223353
0.003125 0.00214867

0.00244141 0.00261077
0.00238807 0.00263672

0.00234375 0.00265691
0.00238524 0.00263672

0.00244141 0.00261035
0.00253906 0.00255934

0.00273438 0.00244636
0.00257727 0.00253906

0.00253906 0.00255903
0.00257347 0.00253906

0.00283203 0.00238005
0.00273978 0.00244141

0.00273438 0.00244435
0.00273898 0.00244141

0.00283203 0.00237974
0.00288218 0.00234375

0.003125 1.44746e-05
0.00314941 1.53502e-05

0.00314941 1.47882e-05
0.00317383 1.56827e-05

0.00317383 1.51603e-05
0.00319824 1.61556e-05

0.00319824 1.55975e-05
0.00322266 1.65758e-05

0.00322266 1.5998e-05
0.00324707 1.70368e-05

0.00324707 1.63849e-05
0.00327148 1.76648e-05

0.00327148 1.7049e-05
0.0032959 1.8372e-05

0.0032959 1.76863e-05
0.00332031 1.89193e-05

0.00332031 1.8087e-05
0.00334473 1.98e-05

0.00334473 1.99708e-05
0.00336914 2.00609e-05

0.00336914 1.33269e-05
0.00339292 2.44141e-05

0.00339138 2.44141e-05
0.00339355 2.52654e-05

0.00339355 2.76801e-05
0.00341767 4.88281e-05

0.00341729 4.88281e-05
0.00341797 4.94856e-05

0.00341797 4.96953e-05
0.00344154 7.32422e-05

0.00344157 7.32422e-05
0.00344238 7.4084e-05

0.00344238 7.42466e-05
0.00346425 9.76563e-05

0.00346479 9.76563e-05
0.0034668 9.98933e-05

0.0034668 0.000100351
0.00350617 0.000146484

0.00350616 0.000146484
0.00351563 0.000158825

0.00351563 0.000159099
0.00354262 0.000195313

0.00354304 0.000195313
0.00356445 0.000227358

0.00356445 0.000228642
0.00357462 0.000244141

0.00357525 0.000244141
0.00360415 0.000292969

0.0036049 0.000292969
0.00361328 0.000309809

0.00361328 0.000311236
0.00362927 0.000341797

0.00362946 0.000341797
0.00365212 0.000390625

0.00365279 0.000390625
0.00369032 0.000488281

0.00369014 0.000488281
0.00371094 0.000561543

0.00371094 0.000563231
0.00371738 0.000585938

0.00371754 0.000585937
0.00373645 0.000683594

0.00373609 0.000683594
0.00374735 0.00078125

0.00374932 0.00078125
0.00375008 0.000976562

0.00374978 0.000976562
0.00372198 0.00117188

0.00371094 0.00121204
0.00366655 0.00136719

0.00366657 0.00136719
0.00358164 0.0015625

0.00371094 0.00120486
0.00372038 0.00117187

0.00332031 0.00195223
0.00331956 0.00195312

0.00351563 0.00167867
0.00346848 0.00175781

0.00341797 0.00182214
0.00339364 0.00185547

0.00332031 0.00194599
0.00339345 0.00185547

0.00341797 0.00182082
0.00346401 0.00175781

0.00331821 0.00195312
0.0031288 0.00214844

0.003125 0.00214975
0.00312643 0.00214844

0.00351563 0.00167169
0.00358066 0.0015625

