7.16676e-05 0
7.32422e-05 4.61798e-06

7.33325e-05 0
9.59612e-05 2.44141e-05

9.76563e-05 1.41851e-05
0.00012207 1.56717e-05

0.00012207 1.44635e-05
0.000146484 1.38705e-05

0.000146484 1.45941e-05
0.000170898 1.4328e-05

0.000170898 1.38463e-05
0.000195313 1.40731e-05

0.000195313 1.42174e-05
0.000219727 1.50578e-05

0.000219727 1.49899e-05
0.000244141 1.42573e-05

0.000244141 1.44429e-05
0.000268555 1.36733e-05

0.000268555 1.38681e-05
0.000292969 1.41862e-05

0.000292969 1.42131e-05
0.000317383 1.43931e-05

0.000317383 1.45173e-05
0.000341797 1.38162e-05

0.000341797 1.4083e-05
0.000366211 1.34436e-05

0.000366211 1.3649e-05
0.000390625 1.37176e-05

0.000390625 1.37571e-05
0.000415039 1.38724e-05

0.000415039 1.39363e-05
0.000439453 1.36037e-05

0.000439453 1.3833e-05
0.000463867 1.32977e-05

0.000463867 1.34237e-05
0.000488281 1.3323e-05

0.000488281 1.3477e-05
0.000512695 1.35056e-05

0.000512695 1.35366e-05
0.000537109 1.32519e-05

0.000537109 1.3372e-05
0.000561523 1.31942e-05

0.000561523 1.33266e-05
0.000585937 1.32035e-05

0.000585938 1.32485e-05
0.000610352 1.31396e-05

0.000610352 1.31945e-05
0.000634766 1.31784e-05

0.000634766 1.32078e-05
0.00065918 1.31572e-05

0.00065918 1.32747e-05
0.000683594 1.30255e-05

0.000683594 1.30925e-05
0.000708008 1.29154e-05

0.000708008 1.29388e-05
0.000732422 1.31089e-05

0.000732422 1.30851e-05
0.000756836 1.3165e-05

0.000756836 1.30861e-05
0.00078125 1.30757e-05

0.00078125 1.30666e-05
0.000805664 1.31686e-05

0.000805664 1.30885e-05
0.000830078 1.32195e-05

0.000830078 1.3143e-05
0.000854492 1.32805e-05

0.000854492 1.31969e-05
0.000878906 1.33093e-05

0.000878906 1.32249e-05
0.00090332 1.33613e-05

0.00090332 1.32743e-05
0.000927734 1.34301e-05

0.000927734 1.33275e-05
0.000952148 1.3486e-05

0.000952148 1.33807e-05
0.000976562 1.35558e-05

0.000976562 1.34588e-05
0.00100098 1.36122e-05

0.00100098 1.34596e-05
0.00102539 1.37037e-05

0.00102539 1.36028e-05
0.0010498 1.38308e-05

0.0010498 1.3646e-05
0.00107422 1.38583e-05

0.00107422 1.37825e-05
0.00109863 1.39705e-05

0.00109863 1.3752e-05
0.00112305 1.40367e-05

0.00112305 1.39666e-05
0.00114746 1.422e-05

0.00114746 1.39654e-05
0.00117187 1.42119e-05

0.00117188 1.41676e-05
0.00119629 1.43996e-05

0.00119629 1.44285e-05
0.0012207 1.41096e-05

0.0012207 1.36759e-05
0.00124512 1.43962e-05

0.00124512 1.44334e-05
0.00126953 1.52291e-05

0.00126953 1.4799e-05
0.00129395 1.45413e-05

0.00129395 1.51256e-05
0.00131836 1.41231e-05

0.00131836 1.35082e-05
0.00134277 1.42499e-05

0.00134277 1.56333e-05
0.00136719 1.47817e-05

0.0013916 6.65599e-08
0.00136913 2.44141e-05

0.0013916 4.25074e-06
0.00139305 0

0.00146278 0
0.00146484 6.00371e-06

0.00146484 3.13113e-06
0.0014852 2.44141e-05

0.00148798 2.44141e-05
0.00148926 2.48601e-05

0.00148926 1.63104e-05
0.00151367 1.79657e-05

0.00151367 1.76758e-05
0.00153809 1.64357e-05

0.0015625 3.96263e-06
0.00154239 2.44141e-05

0.00153809 2.51405e-05
0.00154021 2.44141e-05

0 0.00312098
0.000390625 0.00310997

0.000390625 0.00311026
0.00078125 0.00307666

0.00078125 0.00307729
0.00117187 0.00301925

0.00117188 0.0030203
0.0015625 0.00293446

0.0015625 6.93674e-06
0.0015649 0

0.0016564 0
0.00166016 9.23646e-06

0.00166016 1.01534e-05
0.00167615 2.44141e-05

0.00167554 2.44141e-05
0.00168457 2.75253e-05

0.00168457 1.7389e-05
0.00170898 1.76216e-05

0.00169501 2.44141e-05
0.00170898 2.44907e-05

0.0017334 1.06545e-05
0.00171752 2.44141e-05

0.00170898 2.76801e-05
0.00171864 2.44141e-05

0.0017334 1.09368e-05
0.00173795 0

0.00180011 0
0.00180664 1.44405e-05

0.00180664 9.48186e-06
0.00183105 1.21436e-05

0.00183105 6.36109e-06
0.00185327 0

0.00185603 0
0.00187988 1.72433e-05

0.00187988 8.72355e-06
0.0019043 1.14346e-05

0.0019043 9.10792e-06
0.00192871 1.05847e-05

0.00192871 9.70232e-06
0.00195312 1.20959e-05

0.00195312 9.4247e-06
0.00197754 1.30715e-05

0.00197754 1.36547e-05
0.00200195 1.27856e-05

0.00200195 1.56388e-05
0.00202637 5.70976e-06

0.00202637 6.18734e-06
0.00205078 8.84283e-06

0.00205078 9.2767e-06
0.0020752 1.4809e-05

0.0020752 9.63586e-06
0.00209961 1.17863e-05

0.00209961 1.34245e-05
0.00212402 1.34142e-05

0.00212402 1.30441e-05
0.00214844 8.36443e-06

0.00214844 7.95884e-06
0.00217285 1.30848e-05

0.00217285 1.39934e-05
0.00219727 1.38045e-05

0.00219727 1.31088e-05
0.00222168 7.68368e-06

0.00222168 7.61297e-06
0.00224609 1.34831e-05

0.00224609 1.41355e-05
0.00227051 1.39565e-05

0.00227051 1.38834e-05
0.00229492 6.97283e-06

0.00229492 7.74496e-06
0.00231934 1.19067e-05

0.00231934 1.04993e-05
0.00234375 1.52376e-05

0.00234375 1.52726e-05
0.00236816 1.06579e-05

0.00236816 1.25318e-05
0.00239258 7.0804e-06

0.00239258 7.08799e-06
0.00241699 1.25326e-05

0.00241699 1.05952e-05
0.00244141 1.53184e-05

0.00244141 1.53148e-05
0.00246582 1.05833e-05

0.00246582 1.25005e-05
0.00249023 7.12515e-06

0.00249023 7.12655e-06
0.00251465 1.25464e-05

0.00251465 1.0619e-05
0.00253906 1.52875e-05

0.00253906 1.52818e-05
0.00256348 1.05972e-05

0.00256348 1.24649e-05
0.00258789 7.21544e-06

0.00258789 7.20737e-06
0.0026123 1.25777e-05

0.0026123 1.07495e-05
0.00263672 1.51762e-05

0.00263672 1.51214e-05
0.00266113 1.05445e-05

0.00266113 1.18669e-05
0.00268555 7.99021e-06

0.00268555 7.18962e-06
0.00270996 1.38995e-05

0.00270996 1.39702e-05
0.00273438 1.41459e-05

0.00273437 1.39323e-05
0.00275879 7.39353e-06

0.00275879 8.18295e-06
0.0027832 1.18287e-05

0.0027832 1.0691e-05
0.00280762 1.49657e-05

0.00280762 1.49719e-05
0.00283203 1.07009e-05

0.00283203 1.18589e-05
0.00285645 8.14121e-06

0.00285645 7.47034e-06
0.00288086 1.37898e-05

0.00288086 1.39203e-05
0.00290527 1.38721e-05

0.00290527 1.29559e-05
0.00292969 8.23972e-06

0.00292969 8.79587e-06
0.0029541 1.30694e-05

0.0029541 1.32591e-05
0.00297852 1.32729e-05

0.00297852 1.14823e-05
0.00300293 1.04012e-05

0.00300293 1.06134e-05
0.00302734 1.45101e-05

0.00302734 1.28715e-05
0.00305176 1.42949e-05

0.00305176 1.3179e-05
0.00307617 1.40171e-05

0.00307617 1.3617e-05
0.00310059 1.48078e-05

0.00310059 1.4045e-05
0.003125 1.49897e-05

0.00175781 0.00287853
0.00157338 0.00292969

0.0015625 0.00293238
0.00157221 0.00292969

0.00175781 0.00287902
0.00195312 0.00281614

0.00234375 0.00265855
0.00217 0.00273438

0.00195312 0.00281648
0.00214844 0.00274321

0.00214844 0.00274262
0.00216734 0.00273438

0.00292969 0.00231077
0.00288393 0.00234375

0.003125 0.00214816
0.00312469 0.00214844

0.00302734 0.00223568
0.00301442 0.00224609

0.00297852 0.00227147
0.00294833 0.00229492

0.00292969 0.00231034
0.00294965 0.00229492

0.00297852 0.00227062
0.0030092 0.00224609

0.00302734 0.0022335
0.003125 0.00214865

0.00244141 0.00261075
0.00238803 0.00263672

0.00234375 0.00265688
0.00238519 0.00263672

0.00244141 0.00261033
0.00253906 0.00255932

0.00273438 0.00244634
0.00257723 0.00253906

0.00253906 0.002559
0.00257342 0.00253906

0.00283203 0.00238003
0.00273974 0.00244141

0.00273438 0.00244431
0.00273893 0.00244141

0.00283203 0.00237971
0.00288214 0.00234375

0.003125 1.44488e-05
0.00314941 1.54778e-05

0.00314941 1.48939e-05
0.00317383 1.58212e-05

0.00317383 1.53618e-05
0.00319824 1.612e-05

0.00319824 1.56075e-05
0.00322266 1.64088e-05

0.00322266 1.58737e-05
0.00324707 1.70131e-05

0.00324707 1.63952e-05
0.00327148 1.76724e-05

0.00327148 1.69124e-05
0.0032959 1.83509e-05

0.0032959 1.78036e-05
0.00332031 1.9042e-05

0.00332031 1.83995e-05
0.00334473 1.93406e-05

0.00334473 1.89614e-05
0.00336914 1.97664e-05

0.00336914 1.39806e-05
0.00339148 2.44141e-05

0.00339048 2.44141e-05
0.00339355 2.55399e-05

0.00339355 2.67983e-05
0.00341797 4.7429e-05

0.00341797 4.77407e-05
0.00341908 4.88281e-05

0.00341821 4.88281e-05
0.00344222 7.32422e-05

0.00344221 7.32422e-05
0.00344238 7.3426e-05

0.00344238 7.35737e-05
0.00346457 9.76563e-05

0.00346511 9.76563e-05
0.0034668 9.95584e-05

0.0034668 0.000100266
0.00348578 0.00012207

0.00348554 0.00012207
0.00349121 0.000128864

0.00349121 0.000128537
0.00350593 0.000146484

0.00350622 0.000146484
0.00351563 0.000158802

0.00351563 0.000159276
0.00354271 0.000195313

0.00354299 0.000195313
0.00356445 0.000227475

0.00356445 0.000228798
0.0035745 0.000244141

0.00357516 0.000244141
0.00360404 0.000292969

0.00360479 0.000292969
0.00361328 0.000310034

0.00361328 0.000311454
0.00362915 0.000341797

0.00362935 0.000341797
0.00365202 0.000390625

0.00365268 0.000390625
0.00369023 0.000488281

0.00369005 0.000488281
0.00371094 0.000561798

0.00371094 0.00056354
0.0037173 0.000585938

0.00371747 0.000585937
0.00373641 0.000683594

0.00373604 0.000683594
0.00374732 0.00078125

0.00374929 0.00078125
0.00375008 0.000976562

0.00374977 0.000976562
0.00372199 0.00117188

0.00371094 0.0012121
0.00366657 0.00136719

0.00366659 0.00136719
0.00358166 0.0015625

0.00371094 0.0012049
0.00372039 0.00117187

0.00332031 0.00195224
0.00331958 0.00195312

0.00351563 0.00167869
0.0034685 0.00175781

0.00341797 0.00182214
0.00339364 0.00185547

0.00332031 0.00194597
0.00339344 0.00185547

0.00341797 0.00182081
0.00346401 0.00175781

0.0033182 0.00195312
0.00312878 0.00214844

0.003125 0.00214973
0.00312641 0.00214844

0.00351563 0.00167168
0.00358066 0.0015625

