7.19329e-05 0
7.32422e-05 3.87656e-06

7.32422e-05 6.58607e-07
9.59121e-05 2.44141e-05

9.58742e-05 2.44141e-05
9.76563e-05 2.50359e-05

9.76563e-05 1.42536e-05
0.00012207 1.48674e-05

0.000120437 2.44141e-05
0.00012207 2.44294e-05

0.00012207 1.36892e-05
0.000146484 1.40401e-05

0.000146484 1.46428e-05
0.000170898 1.50259e-05

0.000170898 1.45079e-05
0.000195313 1.3825e-05

0.000195313 1.43037e-05
0.000219727 1.42933e-05

0.000219727 1.38722e-05
0.000244141 1.44445e-05

0.000244141 1.48258e-05
0.000268555 1.46675e-05

0.000268555 1.45211e-05
0.000292969 1.35462e-05

0.000292969 1.39666e-05
0.000317383 1.40144e-05

0.000317383 1.39684e-05
0.000341797 1.41722e-05

0.000341797 1.4436e-05
0.000366211 1.38583e-05

0.000366211 1.39836e-05
0.000390625 1.32738e-05

0.000390625 1.35333e-05
0.000415039 1.36946e-05

0.000415039 1.36801e-05
0.000439453 1.38177e-05

0.000439453 1.39461e-05
0.000463867 1.34878e-05

0.000463867 1.36734e-05
0.000488281 1.31413e-05

0.000488281 1.32789e-05
0.000512695 1.33725e-05

0.000512695 1.34207e-05
0.000537109 1.35309e-05

0.000537109 1.35894e-05
0.000561523 1.32236e-05

0.000561523 1.34013e-05
0.000585937 1.30159e-05

0.000585938 1.30864e-05
0.000610352 1.31693e-05

0.000610352 1.3209e-05
0.000634766 1.33277e-05

0.000634766 1.33758e-05
0.00065918 1.30514e-05

0.00065918 1.31912e-05
0.000683594 1.28784e-05

0.000683594 1.29347e-05
0.000708008 1.3046e-05

0.000708008 1.30163e-05
0.000732422 1.32118e-05

0.000732422 1.32053e-05
0.000756836 1.3055e-05

0.000756836 1.3058e-05
0.00078125 1.29551e-05

0.00078125 1.29063e-05
0.000805664 1.32073e-05

0.000805664 1.30555e-05
0.000830078 1.33879e-05

0.000830078 1.33498e-05
0.000854492 1.3243e-05

0.000854492 1.31974e-05
0.000878906 1.30916e-05

0.000878906 1.30314e-05
0.00090332 1.34089e-05

0.00090332 1.32495e-05
0.000927734 1.35859e-05

0.000927734 1.34388e-05
0.000952148 1.34933e-05

0.000952148 1.34047e-05
0.000976562 1.35109e-05

0.000976562 1.34494e-05
0.00100098 1.3639e-05

0.00100098 1.35411e-05
0.00102539 1.36548e-05

0.00102539 1.34989e-05
0.0010498 1.37581e-05

0.0010498 1.36647e-05
0.00107422 1.3918e-05

0.00107422 1.3661e-05
0.00109863 1.39767e-05

0.00109863 1.39087e-05
0.00112305 1.4152e-05

0.00112305 1.3835e-05
0.00114746 1.4174e-05

0.00114746 1.41614e-05
0.00117187 1.44208e-05

0.00117188 1.42179e-05
0.00119629 1.41933e-05

0.00119629 1.4181e-05
0.0012207 1.43628e-05

0.0012207 1.39204e-05
0.00124512 1.47742e-05

0.00124512 1.50964e-05
0.00126953 1.47976e-05

0.00126953 1.42166e-05
0.00129395 1.40019e-05

0.00129395 1.48183e-05
0.00131836 1.4736e-05

0.00131836 1.39459e-05
0.00134277 1.41429e-05

0.00134277 1.53705e-05
0.00136719 1.44945e-05

0.00134277 2.44305e-05
0.00134397 2.44141e-05

0.0013916 3.98037e-07
0.00136911 2.44141e-05

0.00136719 2.49811e-05
0.00136878 2.44141e-05

0.0013916 3.62066e-06
0.00139282 0

0.00146311 0
0.00146484 5.14138e-06

0.00146484 3.96738e-06
0.00148486 2.44141e-05

0.00148484 2.44141e-05
0.00148926 2.5915e-05

0.00148926 1.65824e-05
0.00151367 1.69757e-05

0.00150687 2.44141e-05
0.00151367 2.44509e-05

0.00151367 1.66244e-05
0.00153809 1.62356e-05

0.00151367 2.44402e-05
0.0015181 2.44141e-05

0.0015625 4.81086e-06
0.00154253 2.44141e-05

0.00153809 2.5666e-05
0.00154187 2.44141e-05

0 0.00312099
0.000390625 0.00310998

0.000390625 0.00311027
0.00078125 0.00307666

0.00078125 0.0030773
0.00117187 0.00301925

0.00117188 0.0030203
0.0015625 0.00293446

0.0015625 6.42196e-06
0.0015647 0

0.00165647 0
0.00166016 9.06851e-06

0.00166016 1.02064e-05
0.00167607 2.44141e-05

0.00167517 2.44141e-05
0.00168457 2.76547e-05

0.00168457 1.74136e-05
0.00170898 1.75681e-05

0.0016921 2.44141e-05
0.00170898 2.44682e-05

0.0017334 1.06712e-05
0.00171749 2.44141e-05

0.00170898 2.76305e-05
0.00171852 2.44141e-05

0.0017334 1.10498e-05
0.001738 0

0.00180013 0
0.00180664 1.44163e-05

0.00180664 9.47528e-06
0.00183105 1.21658e-05

0.00183105 6.36277e-06
0.00185327 0

0.00185601 0
0.00187988 1.72439e-05

0.00187988 8.72916e-06
0.0019043 1.1429e-05

0.0019043 9.1088e-06
0.00192871 1.05849e-05

0.00192871 9.7028e-06
0.00195312 1.20947e-05

0.00195312 9.42433e-06
0.00197754 1.30709e-05

0.00197754 1.36556e-05
0.00200195 1.27834e-05

0.00200195 1.56355e-05
0.00202637 5.70807e-06

0.00202637 6.20157e-06
0.00205078 8.83046e-06

0.00205078 9.17752e-06
0.0020752 1.48745e-05

0.0020752 9.72839e-06
0.00209961 1.18966e-05

0.00209961 1.35406e-05
0.00212402 1.32984e-05

0.00212402 1.30503e-05
0.00214844 8.25518e-06

0.00214844 7.85139e-06
0.00217285 1.3071e-05

0.00217285 1.38748e-05
0.00219727 1.39113e-05

0.00219727 1.31802e-05
0.00222168 7.79067e-06

0.00222168 7.69759e-06
0.00224609 1.34046e-05

0.00224609 1.41447e-05
0.00227051 1.3937e-05

0.00227051 1.38707e-05
0.00229492 6.95332e-06

0.00229492 7.72138e-06
0.00231934 1.19197e-05

0.00231934 1.04995e-05
0.00234375 1.52456e-05

0.00234375 1.52782e-05
0.00236816 1.06526e-05

0.00236816 1.25285e-05
0.00239258 7.07704e-06

0.00239258 7.08592e-06
0.00241699 1.25358e-05

0.00241699 1.0596e-05
0.00244141 1.53167e-05

0.00244141 1.53122e-05
0.00246582 1.05837e-05

0.00246582 1.24995e-05
0.00249023 7.12923e-06

0.00249023 7.13053e-06
0.00251465 1.25454e-05

0.00251465 1.06186e-05
0.00253906 1.52858e-05

0.00253906 1.52811e-05
0.00256348 1.05991e-05

0.00256348 1.24736e-05
0.00258789 7.20796e-06

0.00258789 7.20088e-06
0.0026123 1.25676e-05

0.0026123 1.07423e-05
0.00263672 1.51776e-05

0.00263672 1.51216e-05
0.00266113 1.05371e-05

0.00266113 1.1857e-05
0.00268555 7.98626e-06

0.00268555 7.18344e-06
0.00270996 1.39072e-05

0.00270996 1.3973e-05
0.00273438 1.41456e-05

0.00273437 1.39289e-05
0.00275879 7.39423e-06

0.00275879 8.18451e-06
0.0027832 1.18344e-05

0.0027832 1.07006e-05
0.00280762 1.49589e-05

0.00280762 1.49593e-05
0.00283203 1.06989e-05

0.00283203 1.18467e-05
0.00285645 8.17087e-06

0.00285645 7.50076e-06
0.00288086 1.37919e-05

0.00288086 1.3915e-05
0.00290527 1.38661e-05

0.00290527 1.296e-05
0.00292969 8.26706e-06

0.00292969 8.81364e-06
0.0029541 1.30652e-05

0.0029541 1.32753e-05
0.00297852 1.32646e-05

0.00297852 1.14889e-05
0.00300293 1.03757e-05

0.00300293 1.05928e-05
0.00302734 1.44979e-05

0.00302734 1.28676e-05
0.00305176 1.42861e-05

0.00305176 1.31639e-05
0.00307617 1.39903e-05

0.00307617 1.35979e-05
0.00310059 1.47953e-05

0.00310059 1.40311e-05
0.003125 1.49695e-05

0.00175781 0.00287853
0.00157338 0.00292969

0.0015625 0.00293238
0.00157222 0.00292969

0.00175781 0.00287902
0.00195312 0.00281614

0.00234375 0.00265854
0.00217 0.00273438

0.00195312 0.00281648
0.00214844 0.00274321

0.00214844 0.00274262
0.00216732 0.00273438

0.00292969 0.00231078
0.00288394 0.00234375

0.003125 0.00214816
0.0031247 0.00214844

0.00302734 0.0022357
0.00301444 0.00224609

0.00297852 0.00227147
0.00294833 0.00229492

0.00292969 0.00231035
0.00294966 0.00229492

0.00297852 0.00227063
0.0030092 0.00224609

0.00302734 0.00223351
0.003125 0.00214867

0.00244141 0.00261074
0.00238803 0.00263672

0.00234375 0.00265688
0.00238518 0.00263672

0.00244141 0.00261032
0.00253906 0.00255931

0.00273438 0.00244634
0.00257723 0.00253906

0.00253906 0.00255899
0.0025734 0.00253906

0.00283203 0.00238003
0.00273974 0.00244141

0.00273438 0.0024443
0.00273891 0.00244141

0.00283203 0.00237971
0.00288214 0.00234375

0.003125 1.44515e-05
0.00314941 1.54314e-05

0.00314941 1.48024e-05
0.00317383 1.57952e-05

0.00317383 1.52736e-05
0.00319824 1.62716e-05

0.00319824 1.57527e-05
0.00322266 1.65619e-05

0.00322266 1.59106e-05
0.00324707 1.70615e-05

0.00324707 1.6618e-05
0.00327148 1.77811e-05

0.00327148 1.6932e-05
0.0032959 1.82143e-05

0.0032959 1.79514e-05
0.00332031 1.89264e-05

0.00332031 1.81265e-05
0.00334473 1.89632e-05

0.00334473 1.89919e-05
0.00336914 1.95593e-05

0.00336914 1.32573e-05
0.00339243 2.44141e-05

0.00339132 2.44141e-05
0.00339355 2.52695e-05

0.00339355 2.69428e-05
0.00341797 4.81137e-05

0.00341782 4.88281e-05
0.00341797 4.89706e-05

0.00341797 4.82866e-05
0.00341852 4.88281e-05

0.00341797 4.91065e-05
0.00344176 7.32422e-05

0.00344183 7.32422e-05
0.00344238 7.38189e-05

0.00344238 7.39764e-05
0.00346429 9.76563e-05

0.00346481 9.76563e-05
0.0034668 9.98886e-05

0.0034668 0.000100345
0.00350596 0.000146484

0.00350601 0.000146484
0.00351563 0.000159059

0.00351563 0.000159547
0.00354255 0.000195313

0.00354283 0.000195313
0.00356445 0.00022769

0.00356445 0.000229061
0.00357433 0.000244141

0.00357501 0.000244141
0.00360391 0.000292969

0.00360466 0.000292969
0.00361328 0.000310281

0.00361328 0.000311691
0.00362904 0.000341797

0.00362924 0.000341797
0.00365193 0.000390625

0.00365259 0.000390625
0.00369018 0.000488281

0.00369001 0.000488281
0.00371094 0.000561852

0.00371094 0.000563621
0.00371729 0.000585938

0.00371746 0.000585937
0.00373643 0.000683594

0.00373606 0.000683594
0.00374735 0.00078125

0.00374933 0.00078125
0.00375014 0.000976562

0.00374983 0.000976562
0.00372205 0.00117188

0.00371094 0.00121232
0.00366663 0.00136719

0.00366665 0.00136719
0.00358171 0.0015625

0.00371094 0.00120512
0.00372045 0.00117187

0.00332031 0.00195232
0.00331964 0.00195312

0.00351563 0.0016788
0.00346855 0.00175781

0.00341797 0.0018222
0.00339368 0.00185547

0.00332031 0.00194601
0.00339348 0.00185547

0.00341797 0.00182087
0.00346406 0.00175781

0.00331823 0.00195312
0.0031288 0.00214844

0.003125 0.00214976
0.00312644 0.00214844

0.00351563 0.00167175
0.00358071 0.0015625

