7.17728e-05 0
7.32422e-05 4.32525e-06

7.32422e-05 9.80333e-07
9.57972e-05 2.44141e-05

9.76563e-05 1.44749e-05
0.00012207 1.48599e-05

0.00012207 1.40536e-05
0.000146484 1.37225e-05

0.000146484 1.42133e-05
0.000170898 1.46074e-05

0.000170898 1.41363e-05
0.000195313 1.42522e-05

0.000195313 1.45049e-05
0.000219727 1.44972e-05

0.000219727 1.4344e-05
0.000244141 1.40326e-05

0.000244141 1.40709e-05
0.000268555 1.44453e-05

0.000268555 1.45678e-05
0.000292969 1.43934e-05

0.000292969 1.452e-05
0.000317383 1.37231e-05

0.000317383 1.39575e-05
0.000341797 1.37722e-05

0.000341797 1.40521e-05
0.000366211 1.39086e-05

0.000366211 1.38926e-05
0.000390625 1.36193e-05

0.000390625 1.38751e-05
0.000415039 1.36732e-05

0.000415039 1.373e-05
0.000439453 1.34792e-05

0.000439453 1.36558e-05
0.000463867 1.35189e-05

0.000463867 1.36221e-05
0.000488281 1.33842e-05

0.000488281 1.34923e-05
0.000512695 1.33316e-05

0.000512695 1.34458e-05
0.000537109 1.33248e-05

0.000537109 1.33948e-05
0.000561523 1.32523e-05

0.000561523 1.33464e-05
0.000585937 1.32167e-05

0.000585938 1.33116e-05
0.000610352 1.31474e-05

0.000610352 1.32095e-05
0.000634766 1.31163e-05

0.000634766 1.32128e-05
0.00065918 1.3112e-05

0.00065918 1.31316e-05
0.000683594 1.30496e-05

0.000683594 1.31241e-05
0.000708008 1.30833e-05

0.000708008 1.3104e-05
0.000732422 1.3019e-05

0.000732422 1.30218e-05
0.000756836 1.30643e-05

0.000756836 1.30287e-05
0.00078125 1.3155e-05

0.00078125 1.30948e-05
0.000805664 1.31717e-05

0.000805664 1.30922e-05
0.000830078 1.32018e-05

0.000830078 1.31295e-05
0.000854492 1.32946e-05

0.000854492 1.32211e-05
0.000878906 1.33111e-05

0.000878906 1.31934e-05
0.00090332 1.3361e-05

0.00090332 1.33331e-05
0.000927734 1.34425e-05

0.000927734 1.32446e-05
0.000952148 1.34694e-05

0.000952148 1.35161e-05
0.000976562 1.35887e-05

0.000976562 1.33712e-05
0.00100098 1.34495e-05

0.00100098 1.33507e-05
0.00102539 1.38696e-05

0.00102539 1.36823e-05
0.0010498 1.39096e-05

0.0010498 1.38407e-05
0.00107422 1.37209e-05

0.00107422 1.36068e-05
0.00109863 1.38051e-05

0.00109863 1.35909e-05
0.00112305 1.4269e-05

0.00112305 1.40947e-05
0.00114746 1.43502e-05

0.00114746 1.42577e-05
0.00117187 1.39965e-05

0.00117188 1.38823e-05
0.00119629 1.41596e-05

0.00119629 1.3814e-05
0.0012207 1.48682e-05

0.0012207 1.47527e-05
0.00124512 1.4946e-05

0.00124512 1.49306e-05
0.00126953 1.40603e-05

0.00126953 1.40252e-05
0.00129395 1.42951e-05

0.00129395 1.46031e-05
0.00131836 1.48119e-05

0.00131836 1.42404e-05
0.00134277 1.44101e-05

0.00134277 1.543e-05
0.00136719 1.42547e-05

0.0013916 5.91959e-07
0.00136903 2.44141e-05

0.0013916 4.4565e-06
0.00139312 0

0.00146308 0
0.00146484 5.20466e-06

0.00146484 3.94431e-06
0.00148494 2.44141e-05

0.00148555 2.44141e-05
0.00148926 2.56703e-05

0.00148926 1.64759e-05
0.00151367 1.69602e-05

0.00151054 2.44141e-05
0.00151367 2.4438e-05

0.00151367 1.65817e-05
0.00153809 1.6328e-05

0.00151367 2.44315e-05
0.00151897 2.44141e-05

0.0015625 4.91652e-06
0.00154257 2.44141e-05

0.00153809 2.57068e-05
0.001542 2.44141e-05

0 0.00312099
0.000390625 0.00310998

0.000390625 0.00311027
0.00078125 0.00307666

0.00078125 0.00307729
0.00117187 0.00301925

0.00117188 0.0030203
0.0015625 0.00293446

0.0015625 6.75791e-06
0.00156482 0

0.00165649 0
0.00166016 9.03507e-06

0.00166016 1.0154e-05
0.00167608 2.44141e-05

0.00167527 2.44141e-05
0.00168457 2.76311e-05

0.00168457 1.74553e-05
0.00170898 1.76227e-05

0.0016917 2.44141e-05
0.00170898 2.4475e-05

0.0017334 1.06395e-05
0.00171749 2.44141e-05

0.00170898 2.76207e-05
0.00171846 2.44141e-05

0.0017334 1.10588e-05
0.00173801 0

0.00180013 0
0.00180664 1.44085e-05

0.00180664 9.45642e-06
0.00183105 1.21749e-05

0.00183105 6.37307e-06
0.00185329 0

0.00185602 0
0.00187988 1.72353e-05

0.00187988 8.7287e-06
0.0019043 1.14413e-05

0.0019043 9.11426e-06
0.00192871 1.05796e-05

0.00192871 9.70147e-06
0.00195312 1.20961e-05

0.00195312 9.42515e-06
0.00197754 1.30735e-05

0.00197754 1.36591e-05
0.00200195 1.27829e-05

0.00200195 1.56276e-05
0.00202637 5.71396e-06

0.00202637 6.18913e-06
0.00205078 8.8596e-06

0.00205078 9.26953e-06
0.0020752 1.48261e-05

0.0020752 9.67204e-06
0.00209961 1.18037e-05

0.00209961 1.34404e-05
0.00212402 1.33873e-05

0.00212402 1.3032e-05
0.00214844 8.37378e-06

0.00214844 7.96804e-06
0.00217285 1.30912e-05

0.00217285 1.39948e-05
0.00219727 1.37985e-05

0.00219727 1.30987e-05
0.00222168 7.69946e-06

0.00222168 7.62597e-06
0.00224609 1.34951e-05

0.00224609 1.41618e-05
0.00227051 1.39398e-05

0.00227051 1.38754e-05
0.00229492 6.94827e-06

0.00229492 7.72421e-06
0.00231934 1.19226e-05

0.00231934 1.05014e-05
0.00234375 1.52441e-05

0.00234375 1.52787e-05
0.00236816 1.06537e-05

0.00236816 1.25301e-05
0.00239258 7.07651e-06

0.00239258 7.08521e-06
0.00241699 1.25356e-05

0.00241699 1.05963e-05
0.00244141 1.5318e-05

0.00244141 1.53132e-05
0.00246582 1.05833e-05

0.00246582 1.24995e-05
0.00249023 7.12904e-06

0.00249023 7.13057e-06
0.00251465 1.25458e-05

0.00251465 1.06189e-05
0.00253906 1.52857e-05

0.00253906 1.52809e-05
0.00256348 1.05994e-05

0.00256348 1.24704e-05
0.00258789 7.2119e-06

0.00258789 7.2038e-06
0.0026123 1.25723e-05

0.0026123 1.07462e-05
0.00263672 1.5178e-05

0.00263672 1.5123e-05
0.00266113 1.05399e-05

0.00266113 1.18615e-05
0.00268555 7.98677e-06

0.00268555 7.18483e-06
0.00270996 1.39046e-05

0.00270996 1.39727e-05
0.00273438 1.41463e-05

0.00273437 1.39312e-05
0.00275879 7.39196e-06

0.00275879 8.18177e-06
0.0027832 1.18322e-05

0.0027832 1.06999e-05
0.00280762 1.496e-05

0.00280762 1.49536e-05
0.00283203 1.07017e-05

0.00283203 1.19189e-05
0.00285645 8.10975e-06

0.00285645 7.41962e-06
0.00288086 1.37187e-05

0.00288086 1.37798e-05
0.00290527 1.39962e-05

0.00290527 1.30698e-05
0.00292969 8.35833e-06

0.00292969 8.87401e-06
0.0029541 1.29543e-05

0.0029541 1.32324e-05
0.00297852 1.32996e-05

0.00297852 1.15618e-05
0.00300293 1.03552e-05

0.00300293 1.05369e-05
0.00302734 1.44246e-05

0.00302734 1.28249e-05
0.00305176 1.43478e-05

0.00305176 1.31864e-05
0.00307617 1.39892e-05

0.00307617 1.35917e-05
0.00310059 1.47857e-05

0.00310059 1.39985e-05
0.003125 1.50184e-05

0.00175781 0.00287853
0.00157336 0.00292969

0.0015625 0.00293238
0.00157221 0.00292969

0.00175781 0.00287901
0.00195312 0.00281613

0.00234375 0.00265854
0.00216999 0.00273438

0.00195312 0.00281647
0.00214844 0.0027432

0.00214844 0.00274261
0.00216731 0.00273438

0.00292969 0.00231077
0.00288394 0.00234375

0.003125 0.00214816
0.0031247 0.00214844

0.00302734 0.00223571
0.00301445 0.00224609

0.00297852 0.00227147
0.00294833 0.00229492

0.00292969 0.00231035
0.00294966 0.00229492

0.00297852 0.00227062
0.0030092 0.00224609

0.00302734 0.00223351
0.003125 0.00214867

0.00244141 0.00261074
0.00238802 0.00263672

0.00234375 0.00265687
0.00238517 0.00263672

0.00244141 0.00261032
0.00253906 0.00255931

0.00273438 0.00244633
0.00257722 0.00253906

0.00253906 0.00255898
0.00257339 0.00253906

0.00283203 0.00238003
0.00273974 0.00244141

0.00273438 0.0024443
0.0027389 0.00244141

0.00283203 0.00237971
0.00288214 0.00234375

0.003125 1.44768e-05
0.00314941 1.55216e-05

0.00314941 1.49339e-05
0.00317383 1.5791e-05

0.00317383 1.52919e-05
0.00319824 1.61447e-05

0.00319824 1.55645e-05
0.00322266 1.6625e-05

0.00322266 1.5936e-05
0.00324707 1.73702e-05

0.00324707 1.73555e-05
0.00327148 1.74503e-05

0.00327148 1.66227e-05
0.0032959 1.68601e-05

0.0032959 1.572e-05
0.00332031 1.95299e-05

0.00332031 1.98057e-05
0.00334473 2.12202e-05

0.00334473 1.97037e-05
0.00336914 1.83755e-05

0.00336914 1.33499e-05
0.00339224 2.44141e-05

0.00339243 2.44141e-05
0.00339355 2.48344e-05

0.00339355 2.65409e-05
0.00341797 4.7565e-05

0.00341797 4.78536e-05
0.00341895 4.88281e-05

0.003418 4.88281e-05
0.00344191 7.32422e-05

0.00344199 7.32422e-05
0.00344238 7.36597e-05

0.00344238 7.37943e-05
0.00346444 9.76563e-05

0.00346498 9.76563e-05
0.0034668 9.97029e-05

0.0034668 0.000100124
0.00350611 0.000146484

0.00350616 0.000146484
0.00351563 0.00015888

0.00351563 0.000159366
0.00354266 0.000195313

0.00354295 0.000195313
0.00356445 0.000227545

0.00356445 0.000228926
0.00357442 0.000244141

0.0035751 0.000244141
0.00360398 0.000292969

0.00360473 0.000292969
0.00361328 0.000310161

0.00361328 0.000311573
0.00362909 0.000341797

0.00362929 0.000341797
0.00365196 0.000390625

0.00365262 0.000390625
0.00369018 0.000488281

0.00369 0.000488281
0.00371094 0.000561933

0.00371094 0.00056368
0.00371726 0.000585938

0.00371744 0.000585937
0.00373639 0.000683594

0.00373602 0.000683594
0.00374731 0.00078125

0.00374929 0.00078125
0.00375011 0.000976562

0.0037498 0.000976562
0.00372203 0.00117188

0.00371094 0.00121226
0.00366662 0.00136719

0.00366664 0.00136719
0.00358171 0.0015625

0.00371094 0.00120506
0.00372043 0.00117187

0.00332031 0.00195233
0.00331965 0.00195312

0.00351563 0.0016788
0.00346856 0.00175781

0.00341797 0.0018222
0.00339368 0.00185547

0.00332031 0.00194601
0.00339348 0.00185547

0.00341797 0.00182087
0.00346406 0.00175781

0.00331823 0.00195312
0.0031288 0.00214844

0.003125 0.00214977
0.00312644 0.00214844

0.00351563 0.00167175
0.00358071 0.0015625

