7.16788e-05 0
7.32422e-05 4.5879e-06

7.32422e-05 1.90683e-07
9.58896e-05 2.44141e-05

9.76563e-05 1.44082e-05
0.00012207 1.54191e-05

0.00012207 1.42265e-05
0.000146484 1.37038e-05

0.000146484 1.43728e-05
0.000170898 1.46361e-05

0.000170898 1.41792e-05
0.000195313 1.41619e-05

0.000195313 1.45679e-05
0.000219727 1.44139e-05

0.000219727 1.41073e-05
0.000244141 1.39931e-05

0.000244141 1.43211e-05
0.000268555 1.4483e-05

0.000268555 1.43389e-05
0.000292969 1.40137e-05

0.000292969 1.42765e-05
0.000317383 1.40222e-05

0.000317383 1.41588e-05
0.000341797 1.38018e-05

0.000341797 1.40002e-05
0.000366211 1.37526e-05

0.000366211 1.38978e-05
0.000390625 1.36875e-05

0.000390625 1.38097e-05
0.000415039 1.36262e-05

0.000415039 1.37495e-05
0.000439453 1.35608e-05

0.000439453 1.36848e-05
0.000463867 1.34699e-05

0.000463867 1.35496e-05
0.000488281 1.3442e-05

0.000488281 1.35154e-05
0.000512695 1.34803e-05

0.000512695 1.36476e-05
0.000537109 1.32923e-05

0.000537109 1.34213e-05
0.000561523 1.30536e-05

0.000561523 1.31455e-05
0.000585937 1.32607e-05

0.000585938 1.32755e-05
0.000610352 1.3366e-05

0.000610352 1.34387e-05
0.000634766 1.30989e-05

0.000634766 1.3237e-05
0.00065918 1.29134e-05

0.00065918 1.29877e-05
0.000683594 1.30864e-05

0.000683594 1.30951e-05
0.000708008 1.31962e-05

0.000708008 1.32316e-05
0.000732422 1.29874e-05

0.000732422 1.30084e-05
0.000756836 1.29339e-05

0.000756836 1.29106e-05
0.00078125 1.32023e-05

0.00078125 1.30534e-05
0.000805664 1.33051e-05

0.000805664 1.32275e-05
0.000830078 1.32472e-05

0.000830078 1.31976e-05
0.000854492 1.31894e-05

0.000854492 1.31507e-05
0.000878906 1.33122e-05

0.000878906 1.3243e-05
0.00090332 1.33777e-05

0.00090332 1.32423e-05
0.000927734 1.34163e-05

0.000927734 1.33646e-05
0.000952148 1.35099e-05

0.000952148 1.33378e-05
0.000976562 1.35335e-05

0.000976562 1.34931e-05
0.00100098 1.36693e-05

0.00100098 1.34621e-05
0.00102539 1.36699e-05

0.00102539 1.35685e-05
0.0010498 1.39028e-05

0.0010498 1.3721e-05
0.00107422 1.39116e-05

0.00107422 1.37476e-05
0.00109863 1.40112e-05

0.00109863 1.40104e-05
0.00112305 1.40224e-05

0.00112305 1.38066e-05
0.00114746 1.39705e-05

0.00114746 1.37789e-05
0.00117187 1.45042e-05

0.00117188 1.42773e-05
0.00119629 1.46214e-05

0.00119629 1.45344e-05
0.0012207 1.42885e-05

0.0012207 1.41649e-05
0.00124512 1.43473e-05

0.00124512 1.42536e-05
0.00126953 1.48557e-05

0.00126953 1.46003e-05
0.00129395 1.48672e-05

0.00129395 1.52909e-05
0.00131836 1.42469e-05

0.00131836 1.38071e-05
0.00134277 1.4002e-05

0.00134277 1.52384e-05
0.00136719 1.46055e-05

0.0013916 5.57031e-07
0.00136908 2.44141e-05

0.0013916 4.39255e-06
0.0013931 0

0.00146292 0
0.00146484 5.65052e-06

0.00146484 3.90135e-06
0.00148504 2.44141e-05

0.0014858 2.44141e-05
0.00148926 2.55819e-05

0.00148926 1.6337e-05
0.00151367 1.69972e-05

0.0015091 2.44141e-05
0.00151367 2.44649e-05

0.00151367 1.65968e-05
0.00153809 1.64964e-05

0.00152552 2.44141e-05
0.00153809 2.44456e-05

0.0015625 4.90865e-06
0.00154275 2.44141e-05

0.00153809 2.60244e-05
0.00154291 2.44141e-05

0 0.00312099
0.000390625 0.00310997

0.000390625 0.00311026
0.00078125 0.00307665

0.00078125 0.00307729
0.00117187 0.00301924

0.00117188 0.00302029
0.0015625 0.00293444

0.0015625 5.9509e-06
0.00156452 0

0.00165647 0
0.00166016 9.07667e-06

0.00166016 1.01756e-05
0.00167607 2.44141e-05

0.0016752 2.44141e-05
0.00168457 2.76495e-05

0.00168457 1.74445e-05
0.00170898 1.7602e-05

0.00169147 2.44141e-05
0.00170898 2.44714e-05

0.0017334 1.06463e-05
0.00171749 2.44141e-05

0.00170898 2.76269e-05
0.00171849 2.44141e-05

0.0017334 1.10681e-05
0.00173801 0

0.00180013 0
0.00180664 1.44162e-05

0.00180664 9.47521e-06
0.00183105 1.21659e-05

0.00183105 6.35642e-06
0.00185329 0

0.00185601 0
0.00187988 1.72495e-05

0.00187988 8.73714e-06
0.0019043 1.1429e-05

0.0019043 9.11132e-06
0.00192871 1.05837e-05

0.00192871 9.70582e-06
0.00195312 1.20959e-05

0.00195312 9.42383e-06
0.00197754 1.30709e-05

0.00197754 1.36572e-05
0.00200195 1.27872e-05

0.00200195 1.56174e-05
0.00202637 5.72833e-06

0.00202637 6.21388e-06
0.00205078 8.86052e-06

0.00205078 9.25612e-06
0.0020752 1.48204e-05

0.0020752 9.67849e-06
0.00209961 1.18337e-05

0.00209961 1.34649e-05
0.00212402 1.3376e-05

0.00212402 1.30982e-05
0.00214844 8.29679e-06

0.00214844 7.87549e-06
0.00217285 1.30303e-05

0.00217285 1.38791e-05
0.00219727 1.39208e-05

0.00219727 1.32562e-05
0.00222168 7.70505e-06

0.00222168 7.5944e-06
0.00224609 1.3335e-05

0.00224609 1.4015e-05
0.00227051 1.40712e-05

0.00227051 1.39483e-05
0.00229492 7.05633e-06

0.00229492 7.80825e-06
0.00231934 1.18338e-05

0.00231934 1.0494e-05
0.00234375 1.52385e-05

0.00234375 1.5268e-05
0.00236816 1.06598e-05

0.00236816 1.25316e-05
0.00239258 7.08525e-06

0.00239258 7.09305e-06
0.00241699 1.25301e-05

0.00241699 1.0595e-05
0.00244141 1.53148e-05

0.00244141 1.53105e-05
0.00246582 1.05852e-05

0.00246582 1.24978e-05
0.00249023 7.13271e-06

0.00249023 7.13477e-06
0.00251465 1.25465e-05

0.00251465 1.06211e-05
0.00253906 1.52823e-05

0.00253906 1.52765e-05
0.00256348 1.06012e-05

0.00256348 1.24692e-05
0.00258789 7.2201e-06

0.00258789 7.21413e-06
0.0026123 1.2569e-05

0.0026123 1.07459e-05
0.00263672 1.51704e-05

0.00263672 1.51156e-05
0.00266113 1.05439e-05

0.00266113 1.18624e-05
0.00268555 7.99349e-06

0.00268555 7.19128e-06
0.00270996 1.39008e-05

0.00270996 1.39702e-05
0.00273438 1.41447e-05

0.00273437 1.39248e-05
0.00275879 7.40242e-06

0.00275879 8.19124e-06
0.0027832 1.18379e-05

0.0027832 1.07061e-05
0.00280762 1.4955e-05

0.00280762 1.49491e-05
0.00283203 1.07076e-05

0.00283203 1.1925e-05
0.00285645 8.11774e-06

0.00285645 7.42363e-06
0.00288086 1.37167e-05

0.00288086 1.37874e-05
0.00290527 1.39976e-05

0.00290527 1.31132e-05
0.00292969 8.30866e-06

0.00292969 8.79185e-06
0.0029541 1.29348e-05

0.0029541 1.3262e-05
0.00297852 1.3334e-05

0.00297852 1.15775e-05
0.00300293 1.02443e-05

0.00300293 1.0415e-05
0.00302734 1.44499e-05

0.00302734 1.28061e-05
0.00305176 1.44595e-05

0.00305176 1.32081e-05
0.00307617 1.40648e-05

0.00307617 1.37091e-05
0.00310059 1.48474e-05

0.00310059 1.4113e-05
0.003125 1.49227e-05

0.00175781 0.00287851
0.00157331 0.00292969

0.0015625 0.00293237
0.00157217 0.00292969

0.00175781 0.002879
0.00195312 0.00281612

0.00234375 0.00265853
0.00216996 0.00273438

0.00195312 0.00281646
0.00214844 0.00274319

0.00214844 0.00274259
0.00216727 0.00273438

0.00292969 0.00231078
0.00288394 0.00234375

0.003125 0.00214817
0.0031247 0.00214844

0.00302734 0.00223573
0.00301447 0.00224609

0.00297852 0.00227147
0.00294833 0.00229492

0.00292969 0.00231035
0.00294966 0.00229492

0.00297852 0.00227062
0.00300919 0.00224609

0.00302734 0.00223351
0.003125 0.00214867

0.00244141 0.00261073
0.002388 0.00263672

0.00234375 0.00265686
0.00238514 0.00263672

0.00244141 0.00261031
0.00253906 0.0025593

0.00273438 0.00244633
0.00257721 0.00253906

0.00253906 0.00255896
0.00257336 0.00253906

0.00283203 0.00238002
0.00273973 0.00244141

0.00273438 0.00244428
0.00273887 0.00244141

0.00283203 0.0023797
0.00288213 0.00234375

0.003125 1.44337e-05
0.00314941 1.54103e-05

0.00314941 1.47838e-05
0.00317383 1.58432e-05

0.00317383 1.52937e-05
0.00319824 1.63253e-05

0.00319824 1.5738e-05
0.00322266 1.66675e-05

0.00322266 1.60409e-05
0.00324707 1.7224e-05

0.00324707 1.73064e-05
0.00327148 1.72556e-05

0.00327148 1.63569e-05
0.0032959 1.68141e-05

0.0032959 1.57944e-05
0.00332031 1.96187e-05

0.00332031 1.97826e-05
0.00334473 2.09451e-05

0.00334473 1.98596e-05
0.00336914 1.78784e-05

0.00336914 1.22139e-05
0.00339332 2.44141e-05

0.003392 2.44141e-05
0.00339355 2.505e-05

0.00339355 2.71068e-05
0.00341797 4.88144e-05

0.00341755 4.88281e-05
0.00341797 4.92368e-05

0.00341797 4.95516e-05
0.00344154 7.32422e-05

0.00344172 7.32422e-05
0.00344238 7.39294e-05

0.00344238 7.41057e-05
0.00346441 9.76563e-05

0.00346494 9.76563e-05
0.0034668 9.97348e-05

0.0034668 0.000100518
0.00348571 0.00012207

0.00348549 0.00012207
0.00349121 0.000128888

0.00349121 0.000128537
0.003506 0.000146484

0.00350624 0.000146484
0.00351563 0.000158736

0.00351563 0.000159211
0.00354282 0.000195313

0.0035431 0.000195313
0.00356445 0.000227311

0.00356445 0.000228731
0.00357455 0.000244141

0.00357524 0.000244141
0.00360412 0.000292969

0.00360487 0.000292969
0.00361328 0.000309879

0.00361328 0.000311307
0.00362923 0.000341797

0.00362942 0.000341797
0.00365208 0.000390625

0.00365274 0.000390625
0.00369028 0.000488281

0.0036901 0.000488281
0.00371094 0.000561656

0.00371094 0.000563378
0.00371734 0.000585938

0.00371751 0.000585937
0.00373644 0.000683594

0.00373607 0.000683594
0.00374734 0.00078125

0.00374932 0.00078125
0.0037501 0.000976562

0.00374979 0.000976562
0.00372201 0.00117188

0.00371094 0.00121218
0.00366659 0.00136719

0.00366661 0.00136719
0.00358168 0.0015625

0.00371094 0.00120489
0.00372038 0.00117187

0.00332031 0.00195239
0.0033197 0.00195312

0.00351563 0.0016788
0.00346856 0.00175781

0.00341797 0.00182219
0.00339367 0.00185547

0.00332031 0.00194601
0.00339347 0.00185547

0.00341797 0.00182084
0.00346404 0.00175781

0.00331823 0.00195312
0.0031288 0.00214844

0.003125 0.00214976
0.00312644 0.00214844

0.00351563 0.00167169
0.00358067 0.0015625

