0 0.0768049
0.00012207 0.0768075

0.00012207 0.0768075
0.000244141 0.0768154

0.000244141 0.0768154
0.000366211 0.0768286

0.000366211 0.0768286
0.000488281 0.0768473

0.000488281 0.0768473
0.000610352 0.0768715

0.000610352 0.0768715
0.000732422 0.0769012

0.000732422 0.0769012
0.000743106 0.0769043

0.000743143 0.0769043
0.000854492 0.0769366

0.000854492 0.0769365
0.000976562 0.076978

0.000976562 0.0769779
0.00109863 0.0770258

0.00109863 0.0770257
0.00110018 0.0770264

0.00110023 0.0770264
0.0012207 0.0770805

0.0012207 0.0770803
0.00134277 0.077143

0.00134277 0.0771428
0.00135264 0.0771484

0.00135255 0.0771484
0.00146484 0.0772141

0.00146484 0.0772138
0.00154982 0.0772705

0.00154982 0.0772705
0.00158691 0.0772952

0.00158691 0.0772948
0.00170898 0.077388

0.00170898 0.0773877
0.00171491 0.0773926

0.0017149 0.0773926
0.00183105 0.0774946

0.00183105 0.0774949
0.00185181 0.0775146

0.0018523 0.0775146
0.00195312 0.0776185

0.00195312 0.0776187
0.00196949 0.0776367

0.00196995 0.0776367
0.00207242 0.0777588

0.00207002 0.0777588
0.0020752 0.0777656

0.0020752 0.0777632
0.00216093 0.0778809

0.00215999 0.0778809
0.00219727 0.0779396

0.00219727 0.0779384
0.00223813 0.0780029

0.00223749 0.0780029
0.00230486 0.078125

0 0.08171
0.00012207 0.0817068

0.00012207 0.0817068
0.000244141 0.0816972

0.000244141 0.0816972
0.000366211 0.081681

0.000488281 0.0816582
0.000451699 0.081665

0.000366211 0.081681
0.000451689 0.081665

0.000976562 0.0814987
0.000869506 0.081543

0.000488281 0.0816582
0.000610352 0.0816286

0.000610352 0.0816287
0.000732422 0.0815923

0.000732422 0.0815923
0.000854492 0.081549

0.000854492 0.0815492
0.000869472 0.081543

0.00170898 0.0810204
0.00166977 0.0810547

0.00195312 0.0807696
0.00191815 0.0808105

0.00183105 0.0809039
0.00180265 0.0809326

0.00170898 0.0810211
0.00180309 0.0809326

0.00183105 0.0809039
0.00191743 0.0808105

0.000976562 0.0814985
0.00109863 0.0814408

0.0012207 0.0813758
0.00113668 0.0814209

0.00109863 0.0814413
0.00113664 0.0814209

0.00146484 0.0812193
0.00134771 0.0812988

0.0012207 0.0813755
0.00134277 0.0813016

0.00134277 0.0813019
0.00134754 0.0812988

0.00158691 0.0811259
0.00152075 0.0811768

0.00146484 0.0812191
0.00152158 0.0811768

0.00158691 0.0811249
0.00167004 0.0810547

0.00230372 0.078125
0.00231934 0.0781578

0.00231934 0.0781548
0.00236321 0.0782471

0.00236249 0.0782471
0.00241215 0.0783691

0.00241171 0.0783691
0.00244141 0.0784549

0.00244141 0.0784521
0.00245496 0.0784912

0.00245479 0.0784912
0.00248897 0.0786133

0.00248843 0.0786133
0.00251456 0.0787354

0.00251444 0.0787354
0.00253385 0.0788574

0.00253383 0.0788574
0.00254678 0.0789795

0.00254677 0.0789795
0.00255332 0.0791016

0.00244141 0.0798922
0.00242161 0.0799561

0.00242123 0.0799561
0.00237533 0.0800781

0.00255331 0.0791016
0.00255346 0.0792236

0.00255347 0.0792236
0.00254723 0.0793457

0.00254724 0.0793457
0.00253457 0.0794678

0.00253457 0.0794678
0.00251543 0.0795898

0.00251537 0.0795898
0.00248987 0.0797119

0.00248968 0.0797119
0.00245831 0.079834

0.00244141 0.0798876
0.00245803 0.079834

0.00219727 0.0804354
0.00211607 0.0805664

0.00231934 0.0802064
0.00226162 0.0803223

0.00237466 0.0800781
0.0023215 0.0802002

0.00231934 0.0802019
0.00232019 0.0802002

0.00219727 0.0804349
0.00226094 0.0803223

0.0020752 0.0806153
0.00201982 0.0806885

0.00195312 0.0807687
0.00201939 0.0806885

0.0020752 0.0806151
0.00211087 0.0805664

