7.16539e-05 0
7.32422e-05 4.65753e-06

7.32422e-05 4.46909e-08
9.5873e-05 2.44141e-05

9.73981e-05 2.44141e-05
9.76563e-05 2.45067e-05

9.76563e-05 1.43911e-05
0.00012207 1.56333e-05

0.00012207 1.42988e-05
0.000146484 1.38817e-05

0.000146484 1.47067e-05
0.000170898 1.46586e-05

0.000170898 1.39877e-05
0.000195313 1.41173e-05

0.000195313 1.44855e-05
0.000219727 1.50834e-05

0.000219727 1.48777e-05
0.000244141 1.41767e-05

0.000244141 1.45956e-05
0.000268555 1.38618e-05

0.000268555 1.40117e-05
0.000292969 1.39018e-05

0.000292969 1.40844e-05
0.000317383 1.42041e-05

0.000317383 1.41995e-05
0.000341797 1.38981e-05

0.000341797 1.40643e-05
0.000366211 1.37621e-05

0.000366211 1.39503e-05
0.000390625 1.36877e-05

0.000390625 1.38306e-05
0.000415039 1.35996e-05

0.000415039 1.37541e-05
0.000439453 1.35376e-05

0.000439453 1.36615e-05
0.000463867 1.34461e-05

0.000463867 1.35847e-05
0.000488281 1.33879e-05

0.000488281 1.34541e-05
0.000512695 1.33636e-05

0.000512695 1.34986e-05
0.000537109 1.33412e-05

0.000537109 1.33966e-05
0.000561523 1.31909e-05

0.000561523 1.33244e-05
0.000585937 1.32162e-05

0.000585938 1.32768e-05
0.000610352 1.31541e-05

0.000610352 1.32208e-05
0.000634766 1.31427e-05

0.000634766 1.32186e-05
0.00065918 1.30999e-05

0.00065918 1.31197e-05
0.000683594 1.30733e-05

0.000683594 1.31195e-05
0.000708008 1.31325e-05

0.000708008 1.32001e-05
0.000732422 1.30115e-05

0.000732422 1.30229e-05
0.000756836 1.29595e-05

0.000756836 1.29051e-05
0.00078125 1.32162e-05

0.00078125 1.30579e-05
0.000805664 1.3369e-05

0.000805664 1.33356e-05
0.000830078 1.32339e-05

0.000830078 1.3173e-05
0.000854492 1.31071e-05

0.000854492 1.30499e-05
0.000878906 1.34246e-05

0.000878906 1.33154e-05
0.00090332 1.35073e-05

0.00090332 1.34151e-05
0.000927734 1.33393e-05

0.000927734 1.32944e-05
0.000952148 1.34175e-05

0.000952148 1.32498e-05
0.000976562 1.36847e-05

0.000976562 1.35548e-05
0.00100098 1.3798e-05

0.00100098 1.37026e-05
0.00102539 1.35936e-05

0.00102539 1.35077e-05
0.0010498 1.36827e-05

0.0010498 1.34767e-05
0.00107422 1.40805e-05

0.00107422 1.39236e-05
0.00109863 1.4177e-05

0.00109863 1.40295e-05
0.00112305 1.39141e-05

0.00112305 1.39596e-05
0.00114746 1.39646e-05

0.00114746 1.35778e-05
0.00117187 1.43736e-05

0.00117188 1.41389e-05
0.00119629 1.50128e-05

0.00119629 1.47703e-05
0.0012207 1.45602e-05

0.0012207 1.46066e-05
0.00124512 1.42107e-05

0.00124512 1.41136e-05
0.00126953 1.45917e-05

0.00126953 1.43613e-05
0.00129395 1.5212e-05

0.00129395 1.55378e-05
0.00131836 1.45374e-05

0.00131836 1.40702e-05
0.00134277 1.38958e-05

0.00134277 1.53415e-05
0.00136719 1.4458e-05

0.0013916 3.60231e-07
0.00136903 2.44141e-05

0.00136719 2.4714e-05
0.00136803 2.44141e-05

0.0013916 4.24038e-06
0.00139304 0

0.00146277 0
0.00146484 6.03181e-06

0.00146484 3.36977e-06
0.00148508 2.44141e-05

0.0014874 2.44141e-05
0.00148926 2.50564e-05

0.00148926 1.64095e-05
0.00151367 1.79008e-05

0.00151367 1.76842e-05
0.00153809 1.64483e-05

0.0015625 3.98653e-06
0.00154241 2.44141e-05

0.00153809 2.52189e-05
0.00154044 2.44141e-05

0 0.00312095
0.000390625 0.00310994

0.000390625 0.00311022
0.00078125 0.00307662

0.00078125 0.00307725
0.00117187 0.00301921

0.00117188 0.00302025
0.0015625 0.00293441

0.0015625 6.96571e-06
0.00156491 0

0.00165646 0
0.00166016 9.09133e-06

0.00166016 1.0232e-05
0.00167606 2.44141e-05

0.00167515 2.44141e-05
0.00168457 2.7656e-05

0.00168457 1.73904e-05
0.00170898 1.7548e-05

0.00169266 2.44141e-05
0.00170898 2.44681e-05

0.0017334 1.0698e-05
0.0017175 2.44141e-05

0.00170898 2.76418e-05
0.00171857 2.44141e-05

0.0017334 1.10703e-05
0.00173801 0

0.00180012 0
0.00180664 1.44224e-05

0.00180664 9.46903e-06
0.00183105 1.21612e-05

0.00183105 6.34635e-06
0.00185335 0

0.00185601 0
0.00187988 1.72584e-05

0.00187988 8.75177e-06
0.0019043 1.14394e-05

0.0019043 9.12176e-06
0.00192871 1.05793e-05

0.00192871 9.71141e-06
0.00195312 1.20997e-05

0.00195312 9.43013e-06
0.00197754 1.30695e-05

0.00197754 1.36569e-05
0.00200195 1.2788e-05

0.00200195 1.56109e-05
0.00202637 5.74106e-06

0.00202637 6.22369e-06
0.00205078 8.86921e-06

0.00205078 9.25845e-06
0.0020752 1.48249e-05

0.0020752 9.70364e-06
0.00209961 1.18339e-05

0.00209961 1.34644e-05
0.00212402 1.33523e-05

0.00212402 1.30256e-05
0.00214844 8.36416e-06

0.00214844 7.96021e-06
0.00217285 1.30875e-05

0.00217285 1.39722e-05
0.00219727 1.38065e-05

0.00219727 1.31086e-05
0.00222168 7.71867e-06

0.00222168 7.63835e-06
0.00224609 1.34768e-05

0.00224609 1.41451e-05
0.00227051 1.39483e-05

0.00227051 1.38766e-05
0.00229492 6.97484e-06

0.00229492 7.74838e-06
0.00231934 1.1915e-05

0.00231934 1.05048e-05
0.00234375 1.52343e-05

0.00234375 1.52702e-05
0.00236816 1.06615e-05

0.00236816 1.25309e-05
0.00239258 7.09056e-06

0.00239258 7.0996e-06
0.00241699 1.25327e-05

0.00241699 1.06005e-05
0.00244141 1.53113e-05

0.00244141 1.53068e-05
0.00246582 1.05869e-05

0.00246582 1.24952e-05
0.00249023 7.14383e-06

0.00249023 7.1456e-06
0.00251465 1.25476e-05

0.00251465 1.0627e-05
0.00253906 1.52758e-05

0.00253906 1.527e-05
0.00256348 1.06035e-05

0.00256348 1.24614e-05
0.00258789 7.2389e-06

0.00258789 7.23159e-06
0.0026123 1.25752e-05

0.0026123 1.0758e-05
0.00263672 1.51608e-05

0.00263672 1.51048e-05
0.00266113 1.0551e-05

0.00266113 1.18667e-05
0.00268555 8.01421e-06

0.00268555 7.21392e-06
0.00270996 1.38908e-05

0.00270996 1.3963e-05
0.00273438 1.41402e-05

0.00273437 1.39108e-05
0.00275879 7.43263e-06

0.00275879 8.22137e-06
0.0027832 1.18455e-05

0.0027832 1.07212e-05
0.00280762 1.49337e-05

0.00280762 1.49321e-05
0.00283203 1.07151e-05

0.00283203 1.18653e-05
0.00285645 8.20365e-06

0.00285645 7.52543e-06
0.00288086 1.37684e-05

0.00288086 1.38982e-05
0.00290527 1.38791e-05

0.00290527 1.30232e-05
0.00292969 8.24508e-06

0.00292969 8.73706e-06
0.0029541 1.30329e-05

0.0029541 1.33297e-05
0.00297852 1.33019e-05

0.00297852 1.15757e-05
0.00300293 1.01575e-05

0.00300293 1.03222e-05
0.00302734 1.44718e-05

0.00302734 1.27945e-05
0.00305176 1.45275e-05

0.00305176 1.32347e-05
0.00307617 1.40854e-05

0.00307617 1.37246e-05
0.00310059 1.48816e-05

0.00310059 1.41417e-05
0.003125 1.49738e-05

0.00175781 0.00287849
0.00157321 0.00292969

0.0015625 0.00293235
0.0015721 0.00292969

0.00175781 0.00287898
0.00195312 0.0028161

0.00234375 0.00265852
0.00216993 0.00273438

0.00195312 0.00281644
0.00214844 0.00274318

0.00214844 0.00274257
0.00216722 0.00273438

0.00292969 0.0023108
0.00288397 0.00234375

0.003125 0.00214817
0.00312471 0.00214844

0.00302734 0.00223579
0.00301455 0.00224609

0.00297852 0.00227147
0.00294834 0.00229492

0.00292969 0.00231037
0.00294968 0.00229492

0.00297852 0.00227061
0.00300918 0.00224609

0.00302734 0.00223353
0.003125 0.00214869

0.00244141 0.00261073
0.002388 0.00263672

0.00234375 0.00265684
0.00238511 0.00263672

0.00244141 0.00261031
0.00253906 0.0025593

0.00273438 0.00244634
0.00257722 0.00253906

0.00253906 0.00255893
0.00257332 0.00253906

0.00283203 0.00238003
0.00273975 0.00244141

0.00273438 0.00244425
0.00273884 0.00244141

0.00283203 0.0023797
0.00288213 0.00234375

0.003125 1.45436e-05
0.00314941 1.53891e-05

0.00314941 1.48408e-05
0.00317383 1.5654e-05

0.00317383 1.51041e-05
0.00319824 1.61856e-05

0.00319824 1.55348e-05
0.00322266 1.68121e-05

0.00322266 1.61207e-05
0.00324707 1.7428e-05

0.00324707 1.74243e-05
0.00327148 1.73176e-05

0.00327148 1.6471e-05
0.0032959 1.6879e-05

0.0032959 1.57164e-05
0.00332031 1.97884e-05

0.00332031 2.00868e-05
0.00334473 2.13702e-05

0.00334473 2.00107e-05
0.00336914 1.80609e-05

0.00336914 1.28689e-05
0.00339299 2.44141e-05

0.00339271 2.44141e-05
0.00339355 2.47393e-05

0.00339355 2.6683e-05
0.00341797 4.79129e-05

0.00341797 4.7908e-05
0.00341891 4.88281e-05

0.00341797 4.88682e-05
0.00344197 7.32422e-05

0.00344199 7.32422e-05
0.00344238 7.36556e-05

0.00344238 7.37718e-05
0.00346449 9.76563e-05

0.00346501 9.76563e-05
0.0034668 9.96643e-05

0.0034668 0.000100367
0.00348575 0.00012207

0.00348552 0.00012207
0.00349121 0.000128873

0.00349121 0.000128544
0.00350596 0.000146484

0.00350624 0.000146484
0.00351563 0.000158746

0.00351563 0.00015922
0.0035428 0.000195313

0.00354311 0.000195313
0.00356445 0.000227276

0.00356445 0.00022882
0.0035745 0.000244141

0.00357524 0.000244141
0.00360413 0.000292969

0.00360489 0.000292969
0.00361328 0.000309831

0.00361328 0.000311285
0.00362924 0.000341797

0.00362944 0.000341797
0.00365211 0.000390625

0.00365277 0.000390625
0.00369032 0.000488281

0.00369015 0.000488281
0.00371094 0.000561486

0.00371094 0.000563239
0.00371738 0.000585938

0.00371756 0.000585937
0.00373649 0.000683594

0.00373612 0.000683594
0.00374739 0.00078125

0.00374937 0.00078125
0.00375015 0.000976562

0.00374984 0.000976562
0.00372205 0.00117188

0.00371094 0.00121236
0.00366664 0.00136719

0.00366665 0.00136719
0.00358172 0.0015625

0.00371094 0.00120497
0.00372041 0.00117187

0.00332031 0.00195255
0.00331983 0.00195312

0.00351563 0.00167892
0.00346863 0.00175781

0.00341797 0.00182225
0.00339371 0.00185547

0.00332031 0.00194604
0.0033935 0.00185547

0.00341797 0.00182087
0.00346407 0.00175781

0.00331826 0.00195312
0.00312883 0.00214844

0.003125 0.00214978
0.00312646 0.00214844

0.00351563 0.0016717
0.00358068 0.0015625

