7.17735e-05 0
7.32422e-05 4.32145e-06

7.32422e-05 3.04518e-07
9.59531e-05 2.44141e-05

9.72315e-05 2.44141e-05
9.76563e-05 2.45644e-05

9.76563e-05 1.42774e-05
0.00012207 1.51808e-05

0.000121278 2.44141e-05
0.00012207 2.44254e-05

0.00012207 1.38025e-05
0.000146484 1.39941e-05

0.000146484 1.45206e-05
0.000170898 1.5238e-05

0.000170898 1.48636e-05
0.000195313 1.40717e-05

0.000195313 1.44341e-05
0.000219727 1.40689e-05

0.000219727 1.39279e-05
0.000244141 1.44375e-05

0.000244141 1.45296e-05
0.000268555 1.47705e-05

0.000268555 1.48055e-05
0.000292969 1.39405e-05

0.000292969 1.43563e-05
0.000317383 1.35887e-05

0.000317383 1.36859e-05
0.000341797 1.38842e-05

0.000341797 1.40276e-05
0.000366211 1.42188e-05

0.000366211 1.42482e-05
0.000390625 1.3614e-05

0.000390625 1.39396e-05
0.000415039 1.33434e-05

0.000415039 1.34314e-05
0.000439453 1.35403e-05

0.000439453 1.36455e-05
0.000463867 1.37991e-05

0.000463867 1.38497e-05
0.000488281 1.33509e-05

0.000488281 1.35597e-05
0.000512695 1.31455e-05

0.000512695 1.32375e-05
0.000537109 1.33569e-05

0.000537109 1.34263e-05
0.000561523 1.34531e-05

0.000561523 1.35383e-05
0.000585937 1.30951e-05

0.000585938 1.31413e-05
0.000610352 1.30944e-05

0.000610352 1.32193e-05
0.000634766 1.33465e-05

0.000634766 1.33799e-05
0.00065918 1.30396e-05

0.00065918 1.31783e-05
0.000683594 1.28973e-05

0.000683594 1.29393e-05
0.000708008 1.30789e-05

0.000708008 1.3023e-05
0.000732422 1.32515e-05

0.000732422 1.32296e-05
0.000756836 1.31159e-05

0.000756836 1.31325e-05
0.00078125 1.2979e-05

0.00078125 1.29124e-05
0.000805664 1.32136e-05

0.000805664 1.30974e-05
0.000830078 1.34455e-05

0.000830078 1.33716e-05
0.000854492 1.32573e-05

0.000854492 1.32094e-05
0.000878906 1.31679e-05

0.000878906 1.30833e-05
0.00090332 1.34856e-05

0.00090332 1.33968e-05
0.000927734 1.35653e-05

0.000927734 1.3395e-05
0.000952148 1.34207e-05

0.000952148 1.3393e-05
0.000976562 1.36069e-05

0.000976562 1.34751e-05
0.00100098 1.36559e-05

0.00100098 1.35193e-05
0.00102539 1.37486e-05

0.00102539 1.36138e-05
0.0010498 1.3859e-05

0.0010498 1.37014e-05
0.00107422 1.39343e-05

0.00107422 1.386e-05
0.00109863 1.39644e-05

0.00109863 1.38225e-05
0.00112305 1.39717e-05

0.00112305 1.36372e-05
0.00114746 1.44143e-05

0.00114746 1.44106e-05
0.00117187 1.45812e-05

0.00117188 1.42964e-05
0.00119629 1.40214e-05

0.00119629 1.39162e-05
0.0012207 1.46468e-05

0.0012207 1.43377e-05
0.00124512 1.51262e-05

0.00124512 1.53724e-05
0.00126953 1.44536e-05

0.00126953 1.41587e-05
0.00129395 1.38362e-05

0.00129395 1.45399e-05
0.00131836 1.47792e-05

0.00131836 1.41208e-05
0.00134277 1.42498e-05

0.00134277 1.5023e-05
0.00136719 1.44997e-05

0.0013916 1.26557e-06
0.00136916 2.44141e-05

0.0013916 4.77477e-06
0.00139323 0

0.00146331 0
0.00146484 4.59023e-06

0.00146484 3.93723e-06
0.00148468 2.44141e-05

0.00148442 2.44141e-05
0.00148926 2.60839e-05

0.00148926 1.69705e-05
0.00151367 1.70275e-05

0.00148926 2.4451e-05
0.00150039 2.44141e-05

0.00151367 1.6463e-05
0.00153809 1.59382e-05

0.00151367 2.44446e-05
0.00151743 2.44141e-05

0.0015625 5.06344e-06
0.00154251 2.44141e-05

0.00153809 2.58001e-05
0.00154235 2.44141e-05

0 0.00312094
0.000390625 0.00310993

0.000390625 0.00311021
0.00078125 0.00307661

0.00078125 0.00307724
0.00117187 0.0030192

0.00117188 0.00302025
0.0015625 0.00293441

0.0015625 6.67738e-06
0.00156479 0

0.00165648 0
0.00166016 9.0465e-06

0.00166016 1.02279e-05
0.00167604 2.44141e-05

0.0016751 2.44141e-05
0.00168457 2.76757e-05

0.00168457 1.74104e-05
0.00170898 1.75661e-05

0.00169208 2.44141e-05
0.00170898 2.44681e-05

0.0017334 1.07062e-05
0.00171751 2.44141e-05

0.00170898 2.7641e-05
0.00171856 2.44141e-05

0.0017334 1.11002e-05
0.00173803 0

0.00180015 0
0.00180664 1.43854e-05

0.00180664 9.45306e-06
0.00183105 1.21957e-05

0.00183105 6.34785e-06
0.00185338 0

0.00185598 0
0.00187988 1.72584e-05

0.00187988 8.76415e-06
0.0019043 1.14332e-05

0.0019043 9.12482e-06
0.00192871 1.05765e-05

0.00192871 9.71258e-06
0.00195312 1.20983e-05

0.00195312 9.42752e-06
0.00197754 1.30692e-05

0.00197754 1.36572e-05
0.00200195 1.27901e-05

0.00200195 1.55988e-05
0.00202637 5.75254e-06

0.00202637 6.22629e-06
0.00205078 8.89246e-06

0.00205078 9.31794e-06
0.0020752 1.47889e-05

0.0020752 9.66258e-06
0.00209961 1.17893e-05

0.00209961 1.3416e-05
0.00212402 1.34157e-05

0.00212402 1.30594e-05
0.00214844 8.39208e-06

0.00214844 7.98559e-06
0.00217285 1.30612e-05

0.00217285 1.39737e-05
0.00219727 1.38064e-05

0.00219727 1.31003e-05
0.00222168 7.72395e-06

0.00222168 7.64894e-06
0.00224609 1.34836e-05

0.00224609 1.4154e-05
0.00227051 1.39336e-05

0.00227051 1.38659e-05
0.00229492 6.97131e-06

0.00229492 7.74525e-06
0.00231934 1.19239e-05

0.00231934 1.05083e-05
0.00234375 1.52304e-05

0.00234375 1.52655e-05
0.00236816 1.06622e-05

0.00236816 1.25298e-05
0.00239258 7.09862e-06

0.00239258 7.10739e-06
0.00241699 1.25305e-05

0.00241699 1.0601e-05
0.00244141 1.53072e-05

0.00244141 1.5303e-05
0.00246582 1.059e-05

0.00246582 1.24966e-05
0.00249023 7.14804e-06

0.00249023 7.15006e-06
0.00251465 1.25447e-05

0.00251465 1.06258e-05
0.00253906 1.52748e-05

0.00253906 1.52693e-05
0.00256348 1.0606e-05

0.00256348 1.24665e-05
0.00258789 7.23549e-06

0.00258789 7.22745e-06
0.0026123 1.25715e-05

0.0026123 1.07549e-05
0.00263672 1.51651e-05

0.00263672 1.51083e-05
0.00266113 1.05493e-05

0.00266113 1.18648e-05
0.00268555 8.01039e-06

0.00268555 7.21189e-06
0.00270996 1.38929e-05

0.00270996 1.39591e-05
0.00273438 1.41428e-05

0.00273437 1.39198e-05
0.00275879 7.43245e-06

0.00275879 8.21987e-06
0.0027832 1.18341e-05

0.0027832 1.07076e-05
0.00280762 1.49434e-05

0.00280762 1.49422e-05
0.00283203 1.07228e-05

0.00283203 1.19374e-05
0.00285645 8.12316e-06

0.00285645 7.43321e-06
0.00288086 1.3705e-05

0.00288086 1.37855e-05
0.00290527 1.39917e-05

0.00290527 1.30857e-05
0.00292969 8.32882e-06

0.00292969 8.83131e-06
0.0029541 1.29459e-05

0.0029541 1.32446e-05
0.00297852 1.33115e-05

0.00297852 1.15566e-05
0.00300293 1.03091e-05

0.00300293 1.04769e-05
0.00302734 1.44574e-05

0.00302734 1.2826e-05
0.00305176 1.44188e-05

0.00305176 1.3217e-05
0.00307617 1.40371e-05

0.00307617 1.36387e-05
0.00310059 1.48406e-05

0.00310059 1.40407e-05
0.003125 1.50731e-05

0.00175781 0.00287849
0.00157319 0.00292969

0.0015625 0.00293235
0.0015721 0.00292969

0.00175781 0.00287897
0.00195312 0.0028161

0.00234375 0.00265853
0.00216994 0.00273438

0.00195312 0.00281644
0.00214844 0.00274318

0.00214844 0.00274257
0.00216722 0.00273438

0.00292969 0.00231082
0.002884 0.00234375

0.00302734 0.00223583
0.0030146 0.00224609

0.00297852 0.00227149
0.00294836 0.00229492

0.00292969 0.00231039
0.0029497 0.00229492

0.00297852 0.00227063
0.0030092 0.00224609

0.00302734 0.00223354
0.003125 0.00214871

0.00244141 0.00261074
0.00238802 0.00263672

0.00234375 0.00265685
0.00238512 0.00263672

0.00244141 0.00261031
0.00253906 0.0025593

0.00273438 0.00244635
0.00257724 0.00253906

0.00253906 0.00255893
0.00257332 0.00253906

0.00283203 0.00238005
0.00273976 0.00244141

0.00273438 0.00244426
0.00273884 0.00244141

0.00283203 0.00237971
0.00288214 0.00234375

0.003125 1.45658e-05
0.00314941 1.55602e-05

0.00314941 1.50144e-05
0.00317383 1.57302e-05

0.00317383 1.51669e-05
0.00319824 1.61607e-05

0.00319824 1.57159e-05
0.00322266 1.67365e-05

0.00322266 1.60384e-05
0.00324707 1.70917e-05

0.00324707 1.68559e-05
0.00327148 1.75102e-05

0.00327148 1.64497e-05
0.0032959 1.78973e-05

0.0032959 1.80739e-05
0.00332031 1.90632e-05

0.00332031 1.78048e-05
0.00334473 1.84997e-05

0.00334473 1.92397e-05
0.00336914 1.92871e-05

0.00336914 1.19375e-05
0.00339355 2.43844e-05

0.00339059 2.44141e-05
0.00339355 2.56879e-05

0.00339355 2.37829e-05
0.00339411 2.44141e-05

0.00339355 2.81038e-05
0.00341666 4.88281e-05

0.00341718 4.88281e-05
0.00341797 4.95773e-05

0.00341797 5.00147e-05
0.00344154 7.32422e-05

0.00344155 7.32422e-05
0.00344238 7.4096e-05

0.00344238 7.42726e-05
0.00346431 9.76563e-05

0.00346481 9.76563e-05
0.0034668 9.98826e-05

0.0034668 0.000100353
0.0035062 0.000146484

0.00350615 0.000146484
0.00351563 0.000158839

0.00351563 0.000159294
0.00354277 0.000195313

0.00354307 0.000195313
0.00356445 0.000227329

0.00356445 0.000228894
0.00357445 0.000244141

0.00357521 0.000244141
0.0036041 0.000292969

0.00360486 0.000292969
0.00361328 0.000309882

0.00361328 0.000311329
0.00362922 0.000341797

0.00362942 0.000341797
0.00365209 0.000390625

0.00365276 0.000390625
0.00369032 0.000488281

0.00369014 0.000488281
0.00371094 0.000561466

0.00371094 0.000563237
0.00371739 0.000585938

0.00371756 0.000585937
0.0037365 0.000683594

0.00373614 0.000683594
0.00374742 0.00078125

0.00374939 0.00078125
0.00375019 0.000976562

0.00374988 0.000976562
0.0037221 0.00117188

0.00371094 0.00121253
0.00366669 0.00136719

0.0036667 0.00136719
0.00358176 0.0015625

0.00371094 0.00120512
0.00372045 0.00117187

0.00332031 0.00195265
0.00331992 0.00195312

0.00351563 0.00167902
0.00346868 0.00175781

0.00341797 0.00182231
0.00339375 0.00185547

0.00332031 0.00194608
0.00339354 0.00185547

0.00341797 0.00182092
0.00346411 0.00175781

0.00331829 0.00195312
0.00312885 0.00214844

0.003125 0.00214981
0.00312649 0.00214844

0.00351563 0.00167176
0.00358071 0.0015625

