7.19212e-05 0
7.32422e-05 3.90189e-06

7.32422e-05 7.52267e-07
9.57832e-05 2.44141e-05

9.76563e-05 1.45187e-05
0.00012207 1.49651e-05

0.00012207 1.40387e-05
0.000146484 1.36355e-05

0.000146484 1.39376e-05
0.000170898 1.49203e-05

0.000170898 1.46558e-05
0.000195313 1.4556e-05

0.000195313 1.45748e-05
0.000219727 1.41251e-05

0.000219727 1.42566e-05
0.000244141 1.42484e-05

0.000244141 1.4232e-05
0.000268555 1.44551e-05

0.000268555 1.45939e-05
0.000292969 1.42606e-05

0.000292969 1.44582e-05
0.000317383 1.37076e-05

0.000317383 1.39089e-05
0.000341797 1.37887e-05

0.000341797 1.3923e-05
0.000366211 1.40599e-05

0.000366211 1.41038e-05
0.000390625 1.38024e-05

0.000390625 1.40603e-05
0.000415039 1.34646e-05

0.000415039 1.36087e-05
0.000439453 1.3403e-05

0.000439453 1.35533e-05
0.000463867 1.3666e-05

0.000463867 1.36953e-05
0.000488281 1.34836e-05

0.000488281 1.3676e-05
0.000512695 1.32298e-05

0.000512695 1.33302e-05
0.000537109 1.31937e-05

0.000537109 1.3257e-05
0.000561523 1.34499e-05

0.000561523 1.35098e-05
0.000585937 1.32951e-05

0.000585938 1.33886e-05
0.000610352 1.30055e-05

0.000610352 1.31095e-05
0.000634766 1.31419e-05

0.000634766 1.31703e-05
0.00065918 1.32703e-05

0.00065918 1.33409e-05
0.000683594 1.30546e-05

0.000683594 1.31559e-05
0.000708008 1.28732e-05

0.000708008 1.29054e-05
0.000732422 1.30871e-05

0.000732422 1.30088e-05
0.000756836 1.32792e-05

0.000756836 1.32498e-05
0.00078125 1.31302e-05

0.00078125 1.31201e-05
0.000805664 1.29962e-05

0.000805664 1.29214e-05
0.000830078 1.32812e-05

0.000830078 1.31206e-05
0.000854492 1.35121e-05

0.000854492 1.34496e-05
0.000878906 1.33209e-05

0.000878906 1.32869e-05
0.00090332 1.31585e-05

0.00090332 1.30913e-05
0.000927734 1.34929e-05

0.000927734 1.33225e-05
0.000952148 1.37078e-05

0.000952148 1.35674e-05
0.000976562 1.35839e-05

0.000976562 1.34804e-05
0.00100098 1.35742e-05

0.00100098 1.35082e-05
0.00102539 1.37821e-05

0.00102539 1.3626e-05
0.0010498 1.38367e-05

0.0010498 1.37229e-05
0.00107422 1.38835e-05

0.00107422 1.37403e-05
0.00109863 1.39644e-05

0.00109863 1.3791e-05
0.00112305 1.4155e-05

0.00112305 1.39534e-05
0.00114746 1.43073e-05

0.00114746 1.42028e-05
0.00117187 1.42889e-05

0.00117188 1.40777e-05
0.00119629 1.43165e-05

0.00119629 1.40074e-05
0.0012207 1.48564e-05

0.0012207 1.47781e-05
0.00124512 1.49592e-05

0.00124512 1.4989e-05
0.00126953 1.41653e-05

0.00126953 1.42902e-05
0.00129395 1.41372e-05

0.00129395 1.40857e-05
0.00131836 1.48286e-05

0.00131836 1.48902e-05
0.00134277 1.47123e-05

0.00134277 1.4979e-05
0.00136719 1.36516e-05

0.0013916 1.4946e-06
0.00136891 2.44141e-05

0.00136719 2.44744e-05
0.00136737 2.44141e-05

0.0013916 4.90603e-06
0.00139328 0

0.00146299 0
0.00146484 5.45314e-06

0.00146484 3.96993e-06
0.00148499 2.44141e-05

0.00148581 2.44141e-05
0.00148926 2.55762e-05

0.00148926 1.63022e-05
0.00151367 1.70432e-05

0.00151161 2.44141e-05
0.00151367 2.44399e-05

0.00151367 1.6738e-05
0.00153809 1.661e-05

0.00153668 2.44141e-05
0.00153809 2.44164e-05

0.0015625 4.86691e-06
0.00154276 2.44141e-05

0.00153809 2.59088e-05
0.00154254 2.44141e-05

0 0.00312093
0.000390625 0.00310992

0.000390625 0.00311021
0.00078125 0.0030766

0.00078125 0.00307724
0.00117187 0.0030192

0.00117188 0.00302024
0.0015625 0.0029344

0.0015625 6.22577e-06
0.00156462 0

0.00165642 0
0.00166016 9.18127e-06

0.00166016 1.01819e-05
0.0016761 2.44141e-05

0.0016754 2.44141e-05
0.00168457 2.75773e-05

0.00168457 1.74199e-05
0.00170898 1.76413e-05

0.0016949 2.44141e-05
0.00170898 2.44857e-05

0.0017334 1.06948e-05
0.00171755 2.44141e-05

0.00170898 2.76864e-05
0.00171866 2.44141e-05

0.0017334 1.10156e-05
0.00173799 0

0.00180014 0
0.00180664 1.44014e-05

0.00180664 9.44669e-06
0.00183105 1.21823e-05

0.00183105 6.34524e-06
0.00185342 0

0.00185599 0
0.00187988 1.72559e-05

0.00187988 8.76619e-06
0.0019043 1.14414e-05

0.0019043 9.12727e-06
0.00192871 1.05721e-05

0.00192871 9.71234e-06
0.00195312 1.21013e-05

0.00195312 9.42998e-06
0.00197754 1.30688e-05

0.00197754 1.3657e-05
0.00200195 1.27899e-05

0.00200195 1.5601e-05
0.00202637 5.75247e-06

0.00202637 6.2386e-06
0.00205078 8.87702e-06

0.00205078 9.26218e-06
0.0020752 1.48169e-05

0.0020752 9.70325e-06
0.00209961 1.18454e-05

0.00209961 1.34665e-05
0.00212402 1.3362e-05

0.00212402 1.31002e-05
0.00214844 8.3106e-06

0.00214844 7.89138e-06
0.00217285 1.30153e-05

0.00217285 1.38625e-05
0.00219727 1.39146e-05

0.00219727 1.31678e-05
0.00222168 7.80816e-06

0.00222168 7.71699e-06
0.00224609 1.34114e-05

0.00224609 1.41495e-05
0.00227051 1.39255e-05

0.00227051 1.38564e-05
0.00229492 6.97191e-06

0.00229492 7.74298e-06
0.00231934 1.19284e-05

0.00231934 1.05084e-05
0.00234375 1.52292e-05

0.00234375 1.52651e-05
0.00236816 1.06633e-05

0.00236816 1.25301e-05
0.00239258 7.09897e-06

0.00239258 7.10772e-06
0.00241699 1.25306e-05

0.00241699 1.06016e-05
0.00244141 1.53072e-05

0.00244141 1.53026e-05
0.00246582 1.05901e-05

0.00246582 1.24967e-05
0.00249023 7.14913e-06

0.00249023 7.15094e-06
0.00251465 1.25445e-05

0.00251465 1.06265e-05
0.00253906 1.52741e-05

0.00253906 1.52682e-05
0.00256348 1.06059e-05

0.00256348 1.2464e-05
0.00258789 7.23946e-06

0.00258789 7.23254e-06
0.0026123 1.25721e-05

0.0026123 1.07559e-05
0.00263672 1.51611e-05

0.00263672 1.51057e-05
0.00266113 1.05509e-05

0.00266113 1.18652e-05
0.00268555 8.01289e-06

0.00268555 7.21354e-06
0.00270996 1.38924e-05

0.00270996 1.39606e-05
0.00273438 1.4142e-05

0.00273437 1.39209e-05
0.00275879 7.42949e-06

0.00275879 8.21736e-06
0.0027832 1.1833e-05

0.0027832 1.07085e-05
0.00280762 1.49417e-05

0.00280762 1.4943e-05
0.00283203 1.07142e-05

0.00283203 1.18621e-05
0.00285645 8.18668e-06

0.00285645 7.50951e-06
0.00288086 1.37796e-05

0.00288086 1.39029e-05
0.00290527 1.38863e-05

0.00290527 1.30647e-05
0.00292969 8.20209e-06

0.00292969 8.70764e-06
0.0029541 1.29733e-05

0.0029541 1.31812e-05
0.00297852 1.33976e-05

0.00297852 1.16288e-05
0.00300293 1.03381e-05

0.00300293 1.04941e-05
0.00302734 1.44034e-05

0.00302734 1.28076e-05
0.00305176 1.44442e-05

0.00305176 1.32073e-05
0.00307617 1.40738e-05

0.00307617 1.36667e-05
0.00310059 1.48908e-05

0.00310059 1.41068e-05
0.003125 1.50725e-05

0.00175781 0.00287848
0.00157318 0.00292969

0.0015625 0.00293235
0.00157209 0.00292969

0.00175781 0.00287897
0.00195312 0.0028161

0.00234375 0.00265853
0.00216994 0.00273438

0.00195312 0.00281644
0.00214844 0.00274318

0.00214844 0.00274257
0.00216722 0.00273438

0.00292969 0.00231083
0.00288401 0.00234375

0.00302734 0.00223584
0.00301461 0.00224609

0.00297852 0.0022715
0.00294837 0.00229492

0.00292969 0.0023104
0.00294971 0.00229492

0.00297852 0.00227063
0.0030092 0.00224609

0.00302734 0.00223355
0.003125 0.00214872

0.00244141 0.00261074
0.00238802 0.00263672

0.00234375 0.00265685
0.00238512 0.00263672

0.00244141 0.00261032
0.00253906 0.00255931

0.00273438 0.00244636
0.00257724 0.00253906

0.00253906 0.00255893
0.00257332 0.00253906

0.00283203 0.00238005
0.00273977 0.00244141

0.00273438 0.00244426
0.00273884 0.00244141

0.00283203 0.00237971
0.00288215 0.00234375

0.003125 1.46052e-05
0.00314941 1.54951e-05

0.00314941 1.49461e-05
0.00317383 1.56914e-05

0.00317383 1.52038e-05
0.00319824 1.61454e-05

0.00319824 1.56988e-05
0.00322266 1.65533e-05

0.00322266 1.59387e-05
0.00324707 1.69121e-05

0.00324707 1.63683e-05
0.00327148 1.76375e-05

0.00327148 1.69482e-05
0.0032959 1.82606e-05

0.0032959 1.78092e-05
0.00332031 1.87223e-05

0.00332031 1.78415e-05
0.00334473 1.91785e-05

0.00334473 1.95091e-05
0.00336914 1.96965e-05

0.00336914 1.29648e-05
0.00339355 2.44138e-05

0.00339212 2.44141e-05
0.00339355 2.49657e-05

0.00339355 2.69776e-05
0.00341797 4.84018e-05

0.00341771 4.88281e-05
0.00341797 4.90781e-05

0.00341797 4.81634e-05
0.00341865 4.88281e-05

0.00341797 4.92131e-05
0.0034417 7.32422e-05

0.00344177 7.32422e-05
0.00344238 7.38895e-05

0.00344238 7.40764e-05
0.00346424 9.76563e-05

0.00346477 9.76563e-05
0.0034668 9.99281e-05

0.0034668 0.000100369
0.00350599 0.000146484

0.00350601 0.000146484
0.00351563 0.000159036

0.00351563 0.000159482
0.00354262 0.000195313

0.00354294 0.000195313
0.00356445 0.00022749

0.00356445 0.000229075
0.00357433 0.000244141

0.00357511 0.000244141
0.00360403 0.000292969

0.0036048 0.000292969
0.00361328 0.000309997

0.00361328 0.000311454
0.00362917 0.000341797

0.00362937 0.000341797
0.00365206 0.000390625

0.00365273 0.000390625
0.00369031 0.000488281

0.00369014 0.000488281
0.00371094 0.000561459

0.00371094 0.000563242
0.00371739 0.000585938

0.00371757 0.000585937
0.00373651 0.000683594

0.00373614 0.000683594
0.00374743 0.00078125

0.0037494 0.00078125
0.0037502 0.000976562

0.00374989 0.000976562
0.00372211 0.00117188

0.00371094 0.00121257
0.0036667 0.00136719

0.00366671 0.00136719
0.00358178 0.0015625

0.00371094 0.00120516
0.00372046 0.00117187

0.00332031 0.00195268
0.00331994 0.00195312

0.00351563 0.00167904
0.0034687 0.00175781

0.00341797 0.00182233
0.00339376 0.00185547

0.00332031 0.0019461
0.00339355 0.00185547

0.00341797 0.00182093
0.00346412 0.00175781

0.0033183 0.00195312
0.00312886 0.00214844

0.003125 0.00214982
0.00312651 0.00214844

0.00351563 0.00167178
0.00358072 0.0015625

