7.17203e-05 0
7.32422e-05 4.47244e-06

7.32422e-05 5.7572e-07
9.5825e-05 2.44141e-05

9.76563e-05 1.44856e-05
0.00012207 1.51707e-05

0.00012207 1.41225e-05
0.000146484 1.3721e-05

0.000146484 1.43741e-05
0.000170898 1.46552e-05

0.000170898 1.40021e-05
0.000195313 1.42797e-05

0.000195313 1.45897e-05
0.000219727 1.48757e-05

0.000219727 1.47288e-05
0.000244141 1.40058e-05

0.000244141 1.43485e-05
0.000268555 1.39791e-05

0.000268555 1.39384e-05
0.000292969 1.42233e-05

0.000292969 1.44665e-05
0.000317383 1.43023e-05

0.000317383 1.42806e-05
0.000341797 1.36266e-05

0.000341797 1.39478e-05
0.000366211 1.38178e-05

0.000366211 1.39444e-05
0.000390625 1.37654e-05

0.000390625 1.38836e-05
0.000415039 1.36116e-05

0.000415039 1.37134e-05
0.000439453 1.35879e-05

0.000439453 1.37443e-05
0.000463867 1.35635e-05

0.000463867 1.36219e-05
0.000488281 1.34103e-05

0.000488281 1.36058e-05
0.000512695 1.33888e-05

0.000512695 1.3441e-05
0.000537109 1.3272e-05

0.000537109 1.34139e-05
0.000561523 1.33334e-05

0.000561523 1.33962e-05
0.000585937 1.31994e-05

0.000585938 1.32842e-05
0.000610352 1.31773e-05

0.000610352 1.32723e-05
0.000634766 1.31686e-05

0.000634766 1.31882e-05
0.00065918 1.31236e-05

0.00065918 1.32193e-05
0.000683594 1.31285e-05

0.000683594 1.31936e-05
0.000708008 1.29879e-05

0.000708008 1.29955e-05
0.000732422 1.30581e-05

0.000732422 1.30628e-05
0.000756836 1.3208e-05

0.000756836 1.31628e-05
0.00078125 1.30986e-05

0.00078125 1.30529e-05
0.000805664 1.31261e-05

0.000805664 1.30145e-05
0.000830078 1.3352e-05

0.000830078 1.3269e-05
0.000854492 1.33964e-05

0.000854492 1.33137e-05
0.000878906 1.32375e-05

0.000878906 1.32301e-05
0.00090332 1.33248e-05

0.00090332 1.31597e-05
0.000927734 1.35291e-05

0.000927734 1.34347e-05
0.000952148 1.36599e-05

0.000952148 1.35263e-05
0.000976562 1.34941e-05

0.000976562 1.33929e-05
0.00100098 1.36542e-05

0.00100098 1.36469e-05
0.00102539 1.37607e-05

0.00102539 1.35467e-05
0.0010498 1.367e-05

0.0010498 1.3499e-05
0.00107422 1.40929e-05

0.00107422 1.38872e-05
0.00109863 1.42254e-05

0.00109863 1.41462e-05
0.00112305 1.39625e-05

0.00112305 1.37848e-05
0.00114746 1.40467e-05

0.00114746 1.37616e-05
0.00117187 1.47487e-05

0.00117188 1.47639e-05
0.00119629 1.46069e-05

0.00119629 1.42633e-05
0.0012207 1.39993e-05

0.0012207 1.40857e-05
0.00124512 1.48711e-05

0.00124512 1.45287e-05
0.00126953 1.49744e-05

0.00126953 1.50662e-05
0.00129395 1.46065e-05

0.00129395 1.48494e-05
0.00131836 1.39155e-05

0.00131836 1.39662e-05
0.00134277 1.4235e-05

0.00134277 1.4545e-05
0.00136719 1.46396e-05

0.0013916 2.02719e-06
0.00136927 2.44141e-05

0.0013916 5.10807e-06
0.00139335 0

0.00146302 0
0.00146484 5.35967e-06

0.00146484 3.48716e-06
0.00148504 2.44141e-05

0.00148687 2.44141e-05
0.00148926 2.52358e-05

0.00148926 1.63997e-05
0.00151367 1.75818e-05

0.00151367 1.72462e-05
0.00153809 1.6441e-05

0.0015625 4.39998e-06
0.00154254 2.44141e-05

0.00153809 2.54532e-05
0.00154115 2.44141e-05

0 0.00312086
0.000390625 0.00310985

0.000390625 0.00311014
0.00078125 0.00307654

0.00078125 0.00307718
0.00117187 0.00301915

0.00117188 0.0030202
0.0015625 0.00293438

0.0015625 6.54598e-06
0.00156475 0

0.00165643 0
0.00166016 9.15591e-06

0.00166016 1.01999e-05
0.00167605 2.44141e-05

0.0016753 2.44141e-05
0.00168457 2.7621e-05

0.00168457 1.74702e-05
0.00170898 1.76547e-05

0.0016929 2.44141e-05
0.00170898 2.44795e-05

0.0017334 1.06849e-05
0.00171755 2.44141e-05

0.00170898 2.76604e-05
0.00171857 2.44141e-05

0.0017334 1.10664e-05
0.00173801 0

0.00180015 0
0.00180664 1.43918e-05

0.00180664 9.44703e-06
0.00183105 1.21908e-05

0.00183105 6.32798e-06
0.00185347 0

0.00185597 0
0.00187988 1.72734e-05

0.00187988 8.79007e-06
0.0019043 1.14392e-05

0.0019043 9.13556e-06
0.00192871 1.05693e-05

0.00192871 9.72039e-06
0.00195312 1.21036e-05

0.00195312 9.43307e-06
0.00197754 1.30653e-05

0.00197754 1.36561e-05
0.00200195 1.27934e-05

0.00200195 1.55846e-05
0.00202637 5.77413e-06

0.00202637 6.24871e-06
0.00205078 8.90628e-06

0.00205078 9.33201e-06
0.0020752 1.47763e-05

0.0020752 9.66807e-06
0.00209961 1.17927e-05

0.00209961 1.34142e-05
0.00212402 1.34168e-05

0.00212402 1.31162e-05
0.00214844 8.34801e-06

0.00214844 7.92831e-06
0.00217285 1.29988e-05

0.00217285 1.38713e-05
0.00219727 1.38989e-05

0.00219727 1.31752e-05
0.00222168 7.78863e-06

0.00222168 7.68857e-06
0.00224609 1.34045e-05

0.00224609 1.41204e-05
0.00227051 1.39635e-05

0.00227051 1.38832e-05
0.00229492 6.99973e-06

0.00229492 7.76786e-06
0.00231934 1.19027e-05

0.00231934 1.05067e-05
0.00234375 1.5229e-05

0.00234375 1.52628e-05
0.00236816 1.06666e-05

0.00236816 1.25313e-05
0.00239258 7.10285e-06

0.00239258 7.11201e-06
0.00241699 1.25294e-05

0.00241699 1.06029e-05
0.00244141 1.53054e-05

0.00244141 1.53006e-05
0.00246582 1.0591e-05

0.00246582 1.24955e-05
0.00249023 7.15352e-06

0.00249023 7.15505e-06
0.00251465 1.2545e-05

0.00251465 1.06293e-05
0.00253906 1.52713e-05

0.00253906 1.52648e-05
0.00256348 1.06067e-05

0.00256348 1.24611e-05
0.00258789 7.24795e-06

0.00258789 7.24232e-06
0.0026123 1.25717e-05

0.0026123 1.07582e-05
0.00263672 1.51539e-05

0.00263672 1.50978e-05
0.00266113 1.05552e-05

0.00266113 1.18677e-05
0.00268555 8.02165e-06

0.00268555 7.22182e-06
0.00270996 1.38869e-05

0.00270996 1.39564e-05
0.00273438 1.41416e-05

0.00273437 1.39164e-05
0.00275879 7.44178e-06

0.00275879 8.22664e-06
0.0027832 1.18377e-05

0.0027832 1.07167e-05
0.00280762 1.49378e-05

0.00280762 1.49334e-05
0.00283203 1.0723e-05

0.00283203 1.19207e-05
0.00285645 8.15503e-06

0.00285645 7.4745e-06
0.00288086 1.37093e-05

0.00288086 1.37874e-05
0.00290527 1.39664e-05

0.00290527 1.30439e-05
0.00292969 8.37967e-06

0.00292969 8.90202e-06
0.0029541 1.29634e-05

0.0029541 1.32375e-05
0.00297852 1.32687e-05

0.00297852 1.15199e-05
0.00300293 1.03866e-05

0.00300293 1.05531e-05
0.00302734 1.44777e-05

0.00302734 1.28438e-05
0.00305176 1.43777e-05

0.00305176 1.32119e-05
0.00307617 1.40543e-05

0.00307617 1.3651e-05
0.00310059 1.48384e-05

0.00310059 1.40746e-05
0.003125 1.50291e-05

0.00175781 0.00287847
0.0015731 0.00292969

0.0015625 0.00293234
0.00157206 0.00292969

0.00175781 0.00287896
0.00195312 0.0028161

0.00234375 0.00265856
0.00216997 0.00273438

0.00195312 0.00281644
0.00214844 0.00274319

0.00214844 0.00274258
0.00216725 0.00273438

0.00292969 0.00231092
0.00288413 0.00234375

0.00302734 0.00223599
0.0030148 0.00224609

0.00297852 0.00227157
0.00294846 0.00229492

0.00292969 0.00231048
0.00294981 0.00229492

0.00297852 0.0022707
0.00300929 0.00224609

0.00302734 0.00223363
0.003125 0.00214882

0.00244141 0.00261079
0.0023881 0.00263672

0.00234375 0.00265687
0.00238518 0.00263672

0.00244141 0.00261035
0.00253906 0.00255935

0.00273438 0.00244642
0.00257733 0.00253906

0.00253906 0.00255896
0.00257337 0.00253906

0.00283203 0.00238012
0.00273987 0.00244141

0.00273438 0.0024443
0.0027389 0.00244141

0.00283203 0.00237977
0.00288223 0.00234375

0.003125 1.45259e-05
0.00314941 1.54844e-05

0.00314941 1.49081e-05
0.00317383 1.57633e-05

0.00317383 1.53072e-05
0.00319824 1.61371e-05

0.00319824 1.58067e-05
0.00322266 1.62885e-05

0.00322266 1.54807e-05
0.00324707 1.6805e-05

0.00324707 1.69496e-05
0.00327148 1.75166e-05

0.00327148 1.65349e-05
0.0032959 1.67924e-05

0.0032959 1.54635e-05
0.00332031 1.94809e-05

0.00332031 2.01249e-05
0.00334473 2.11266e-05

0.00334473 1.95204e-05
0.00336914 1.74275e-05

0.00336914 1.22197e-05
0.00339274 2.44141e-05

0.0033919 2.44141e-05
0.00339355 2.50894e-05

0.00339355 2.69944e-05
0.00341797 4.85438e-05

0.0034176 4.88281e-05
0.00341797 4.91867e-05

0.00341797 4.84919e-05
0.00341831 4.88281e-05

0.00341797 4.93036e-05
0.00344162 7.32422e-05

0.00344172 7.32422e-05
0.00344238 7.39412e-05

0.00344238 7.41535e-05
0.00346418 9.76563e-05

0.00346474 9.76563e-05
0.0034668 9.99686e-05

0.0034668 0.000100443
0.00350595 0.000146484

0.00350599 0.000146484
0.00351563 0.000159063

0.00351563 0.000159532
0.00354259 0.000195313

0.00354293 0.000195313
0.00356445 0.000227518

0.00356445 0.000229184
0.00357426 0.000244141

0.00357507 0.000244141
0.00360399 0.000292969

0.00360475 0.000292969
0.00361328 0.000310087

0.00361328 0.00031154
0.00362913 0.000341797

0.00362933 0.000341797
0.00365203 0.000390625

0.00365269 0.000390625
0.00369028 0.000488281

0.00369011 0.000488281
0.00371094 0.000561539

0.00371094 0.00056331
0.00371737 0.000585938

0.00371755 0.000585937
0.0037365 0.000683594

0.00373613 0.000683594
0.00374742 0.00078125

0.0037494 0.00078125
0.0037502 0.000976562

0.00374989 0.000976562
0.00372212 0.00117188

0.00371094 0.00121265
0.00366674 0.00136719

0.00366674 0.00136719
0.00358183 0.0015625

0.00371094 0.00120514
0.00372045 0.00117187

0.00351563 0.00167921
0.00346881 0.00175781

0.00341797 0.00182246
0.00339385 0.00185547

0.00332031 0.00194622
0.00339364 0.00185547

0.00341797 0.00182103
0.0034642 0.00175781

0.0033184 0.00195312
0.00312896 0.00214844

0.003125 0.00215
0.0031267 0.00214844

0.00351563 0.00167184
0.00358075 0.0015625

