7.20602e-05 0
7.32422e-05 3.50165e-06

7.32422e-05 3.77718e-07
9.59371e-05 2.44141e-05

9.7229e-05 2.44141e-05
9.76563e-05 2.45649e-05

9.76563e-05 1.41101e-05
0.00012207 1.51452e-05

0.000121417 2.44141e-05
0.00012207 2.44247e-05

0.00012207 1.37212e-05
0.000146484 1.43621e-05

0.000146484 1.49904e-05
0.000170898 1.52774e-05

0.000170898 1.47276e-05
0.000195313 1.38148e-05

0.000195313 1.44412e-05
0.000219727 1.43789e-05

0.000219727 1.41164e-05
0.000244141 1.43285e-05

0.000244141 1.44568e-05
0.000268555 1.46959e-05

0.000268555 1.48256e-05
0.000292969 1.39965e-05

0.000292969 1.4267e-05
0.000317383 1.35878e-05

0.000317383 1.38466e-05
0.000341797 1.3934e-05

0.000341797 1.40355e-05
0.000366211 1.39522e-05

0.000366211 1.39689e-05
0.000390625 1.36851e-05

0.000390625 1.38735e-05
0.000415039 1.36847e-05

0.000415039 1.38022e-05
0.000439453 1.35679e-05

0.000439453 1.36921e-05
0.000463867 1.35158e-05

0.000463867 1.36489e-05
0.000488281 1.3459e-05

0.000488281 1.35545e-05
0.000512695 1.33724e-05

0.000512695 1.3508e-05
0.000537109 1.33319e-05

0.000537109 1.34067e-05
0.000561523 1.32622e-05

0.000561523 1.33692e-05
0.000585937 1.32599e-05

0.000585938 1.33383e-05
0.000610352 1.31718e-05

0.000610352 1.32623e-05
0.000634766 1.31259e-05

0.000634766 1.32089e-05
0.00065918 1.31046e-05

0.00065918 1.31056e-05
0.000683594 1.31327e-05

0.000683594 1.32078e-05
0.000708008 1.31446e-05

0.000708008 1.32215e-05
0.000732422 1.29261e-05

0.000732422 1.29002e-05
0.000756836 1.30304e-05

0.000756836 1.29652e-05
0.00078125 1.33679e-05

0.00078125 1.32831e-05
0.000805664 1.32253e-05

0.000805664 1.31958e-05
0.000830078 1.30539e-05

0.000830078 1.29797e-05
0.000854492 1.33245e-05

0.000854492 1.31577e-05
0.000878906 1.35892e-05

0.000878906 1.35138e-05
0.00090332 1.34192e-05

0.00090332 1.33906e-05
0.000927734 1.32179e-05

0.000927734 1.31199e-05
0.000952148 1.35613e-05

0.000952148 1.33415e-05
0.000976562 1.39132e-05

0.000976562 1.38287e-05
0.00100098 1.37011e-05

0.00100098 1.36488e-05
0.00102539 1.34155e-05

0.00102539 1.32909e-05
0.0010498 1.38922e-05

0.0010498 1.36215e-05
0.00107422 1.43408e-05

0.00107422 1.42361e-05
0.00109863 1.40409e-05

0.00109863 1.39856e-05
0.00112305 1.36778e-05

0.00112305 1.35215e-05
0.00114746 1.42874e-05

0.00114746 1.39499e-05
0.00117187 1.48861e-05

0.00117188 1.47192e-05
0.00119629 1.45565e-05

0.00119629 1.46071e-05
0.0012207 1.39713e-05

0.0012207 1.36871e-05
0.00124512 1.45929e-05

0.00124512 1.47068e-05
0.00126953 1.52956e-05

0.00126953 1.47713e-05
0.00129395 1.44533e-05

0.00129395 1.52524e-05
0.00131836 1.42378e-05

0.00131836 1.34767e-05
0.00134277 1.41433e-05

0.00134277 1.54975e-05
0.00136719 1.50418e-05

0.0013916 4.07862e-07
0.0013693 2.44141e-05

0.0013916 3.81569e-06
0.00139289 0

0.00146302 0
0.00146484 5.35024e-06

0.00146484 3.27384e-06
0.00148506 2.44141e-05

0.00148672 2.44141e-05
0.00148926 2.52968e-05

0.00148926 1.63762e-05
0.00151367 1.78723e-05

0.00151186 2.44141e-05
0.00151367 2.44638e-05

0.00151367 1.75902e-05
0.00153809 1.64975e-05

0.0015625 4.13026e-06
0.00154251 2.44141e-05

0.00153809 2.52214e-05
0.00154044 2.44141e-05

0 0.00312084
0.000390625 0.00310983

0.000390625 0.00311012
0.00078125 0.00307653

0.00078125 0.00307716
0.00117187 0.00301914

0.00117188 0.00302019
0.0015625 0.00293438

0.0015625 6.6053e-06
0.00156478 0

0.00165645 0
0.00166016 9.11817e-06

0.00166016 1.02089e-05
0.00167604 2.44141e-05

0.00167519 2.44141e-05
0.00168457 2.76531e-05

0.00168457 1.74624e-05
0.00170898 1.76168e-05

0.00169086 2.44141e-05
0.00170898 2.44721e-05

0.0017334 1.06737e-05
0.00171752 2.44141e-05

0.00170898 2.7628e-05
0.00171849 2.44141e-05

0.0017334 1.10867e-05
0.00173802 0

0.00180017 0
0.00180664 1.43598e-05

0.00180664 9.44256e-06
0.00183105 1.22194e-05

0.00183105 6.32605e-06
0.00185348 0

0.00185595 0
0.00187988 1.72839e-05

0.00187988 8.80628e-06
0.0019043 1.14354e-05

0.0019043 9.14279e-06
0.00192871 1.05657e-05

0.00192871 9.72173e-06
0.00195312 1.2103e-05

0.00195312 9.43386e-06
0.00197754 1.3066e-05

0.00197754 1.36569e-05
0.00200195 1.27934e-05

0.00200195 1.5582e-05
0.00202637 5.77725e-06

0.00202637 6.26156e-06
0.00205078 8.89974e-06

0.00205078 9.30371e-06
0.0020752 1.47847e-05

0.0020752 9.69417e-06
0.00209961 1.18168e-05

0.00209961 1.34393e-05
0.00212402 1.3371e-05

0.00212402 1.3017e-05
0.00214844 8.40386e-06

0.00214844 8.00406e-06
0.00217285 1.30906e-05

0.00217285 1.39844e-05
0.00219727 1.37824e-05

0.00219727 1.30841e-05
0.00222168 7.74167e-06

0.00222168 7.66472e-06
0.00224609 1.34951e-05

0.00224609 1.41626e-05
0.00227051 1.39258e-05

0.00227051 1.38623e-05
0.00229492 6.98013e-06

0.00229492 7.75636e-06
0.00231934 1.19264e-05

0.00231934 1.05119e-05
0.00234375 1.52237e-05

0.00234375 1.52592e-05
0.00236816 1.06689e-05

0.00236816 1.25292e-05
0.00239258 7.11255e-06

0.00239258 7.12165e-06
0.00241699 1.25304e-05

0.00241699 1.06075e-05
0.00244141 1.53005e-05

0.00244141 1.52957e-05
0.00246582 1.05946e-05

0.00246582 1.24937e-05
0.00249023 7.16589e-06

0.00249023 7.16742e-06
0.00251465 1.25455e-05

0.00251465 1.06347e-05
0.00253906 1.52652e-05

0.00253906 1.52586e-05
0.00256348 1.0611e-05

0.00256348 1.24562e-05
0.00258789 7.26563e-06

0.00258789 7.25687e-06
0.0026123 1.25784e-05

0.0026123 1.07699e-05
0.00263672 1.51505e-05

0.00263672 1.50941e-05
0.00266113 1.05626e-05

0.00266113 1.18731e-05
0.00268555 8.03703e-06

0.00268555 7.24038e-06
0.00270996 1.38808e-05

0.00270996 1.39567e-05
0.00273438 1.41353e-05

0.00273437 1.39159e-05
0.00275879 7.44599e-06

0.00275879 8.2353e-06
0.0027832 1.18288e-05

0.0027832 1.07168e-05
0.00280762 1.49198e-05

0.00280762 1.49186e-05
0.00283203 1.07098e-05

0.00283203 1.184e-05
0.00285645 8.2249e-06

0.00285645 7.56028e-06
0.00288086 1.37697e-05

0.00288086 1.38762e-05
0.00290527 1.38577e-05

0.00290527 1.29272e-05
0.00292969 8.37806e-06

0.00292969 8.9675e-06
0.0029541 1.30309e-05

0.0029541 1.31469e-05
0.00297852 1.32454e-05

0.00297852 1.14551e-05
0.00300293 1.06736e-05

0.00300293 1.08745e-05
0.00302734 1.44934e-05

0.00302734 1.29784e-05
0.00305176 1.40879e-05

0.00305176 1.31968e-05
0.00307617 1.37841e-05

0.00307617 1.34463e-05
0.00310059 1.44937e-05

0.00310059 1.37323e-05
0.003125 1.48421e-05

0.00175781 0.00287847
0.00157309 0.00292969

0.0015625 0.00293234
0.00157208 0.00292969

0.00175781 0.00287896
0.00195312 0.00281611

0.00234375 0.00265857
0.00217 0.00273438

0.00195312 0.00281644
0.00214844 0.0027432

0.00214844 0.00274259
0.00216727 0.00273438

0.00292969 0.00231094
0.00288416 0.00234375

0.00302734 0.00223603
0.00301485 0.00224609

0.00297852 0.00227157
0.00294847 0.00229492

0.00292969 0.00231049
0.00294983 0.00229492

0.00297852 0.0022707
0.00300928 0.00224609

0.00302734 0.00223364
0.003125 0.00214882

0.00244141 0.0026108
0.00238813 0.00263672

0.00234375 0.00265688
0.0023852 0.00263672

0.00244141 0.00261037
0.00253906 0.00255936

0.00273438 0.00244644
0.00257736 0.00253906

0.00253906 0.00255896
0.00257337 0.00253906

0.00283203 0.00238013
0.00273989 0.00244141

0.00273438 0.00244429
0.00273889 0.00244141

0.00283203 0.00237978
0.00288223 0.00234375

0.003125 1.41865e-05
0.00314941 1.54926e-05

0.00314941 1.47673e-05
0.00317383 1.59223e-05

0.00317383 1.5336e-05
0.00319824 1.62776e-05

0.00319824 1.56999e-05
0.00322266 1.66127e-05

0.00322266 1.60124e-05
0.00324707 1.72146e-05

0.00324707 1.66421e-05
0.00327148 1.78579e-05

0.00327148 1.71176e-05
0.0032959 1.83959e-05

0.0032959 1.79324e-05
0.00332031 1.9055e-05

0.00332031 1.8277e-05
0.00334473 1.94818e-05

0.00334473 1.94876e-05
0.00336914 1.99095e-05

0.00336914 1.36996e-05
0.00339248 2.44141e-05

0.00339198 2.44141e-05
0.00339355 2.49982e-05

0.00339355 2.6834e-05
0.00341797 4.79565e-05

0.00341768 4.88281e-05
0.00341797 4.91168e-05

0.00341797 4.80189e-05
0.00341879 4.88281e-05

0.00341797 4.91181e-05
0.0034416 7.32422e-05

0.0034417 7.32422e-05
0.00344238 7.39575e-05

0.00344238 7.41821e-05
0.00346412 9.76563e-05

0.00346471 9.76563e-05
0.0034668 0.000100004

0.0034668 0.000100435
0.00350598 0.000146484

0.00350604 0.000146484
0.00351563 0.000158977

0.00351563 0.00015948
0.00354266 0.000195313

0.00354302 0.000195313
0.00356445 0.000227366

0.00356445 0.000229089
0.00357433 0.000244141

0.00357516 0.000244141
0.00360409 0.000292969

0.00360486 0.000292969
0.00361328 0.000309878

0.00361328 0.000311339
0.00362923 0.000341797

0.00362943 0.000341797
0.00365212 0.000390625

0.00365278 0.000390625
0.00369036 0.000488281

0.00369019 0.000488281
0.00371094 0.000561283

0.00371094 0.000563054
0.00371744 0.000585938

0.00371762 0.000585937
0.00373656 0.000683594

0.00373619 0.000683594
0.00374747 0.00078125

0.00374945 0.00078125
0.00375024 0.000976562

0.00374993 0.000976562
0.00372216 0.00117188

0.00371094 0.00121276
0.00366676 0.00136719

0.00366676 0.00136719
0.00358183 0.0015625

0.00371094 0.00120519
0.00372047 0.00117187

0.00351563 0.00167926
0.00346884 0.00175781

0.00341797 0.00182247
0.00339385 0.00185547

0.00332031 0.00194622
0.00339364 0.00185547

0.00341797 0.00182102
0.0034642 0.00175781

0.0033184 0.00195312
0.00312897 0.00214844

0.003125 0.00215003
0.00312674 0.00214844

0.00351563 0.00167182
0.00358074 0.0015625

