7.17391e-05 0
7.32422e-05 4.42029e-06

7.32422e-05 7.40327e-07
9.58237e-05 2.44141e-05

9.72753e-05 2.44141e-05
9.76563e-05 2.45472e-05

9.76563e-05 1.45813e-05
0.00012207 1.49113e-05

0.000118148 2.44141e-05
0.00012207 2.44345e-05

0.00012207 1.37074e-05
0.000146484 1.37354e-05

0.000146484 1.42948e-05
0.000170898 1.52425e-05

0.000170898 1.47951e-05
0.000195313 1.41415e-05

0.000195313 1.44099e-05
0.000219727 1.4093e-05

0.000219727 1.40134e-05
0.000244141 1.44283e-05

0.000244141 1.44124e-05
0.000268555 1.47393e-05

0.000268555 1.49087e-05
0.000292969 1.40495e-05

0.000292969 1.43321e-05
0.000317383 1.34722e-05

0.000317383 1.36988e-05
0.000341797 1.3942e-05

0.000341797 1.39624e-05
0.000366211 1.42113e-05

0.000366211 1.43352e-05
0.000390625 1.36862e-05

0.000390625 1.39072e-05
0.000415039 1.32793e-05

0.000415039 1.34543e-05
0.000439453 1.36286e-05

0.000439453 1.3646e-05
0.000463867 1.37995e-05

0.000463867 1.39176e-05
0.000488281 1.33942e-05

0.000488281 1.35774e-05
0.000512695 1.30911e-05

0.000512695 1.32079e-05
0.000537109 1.33919e-05

0.000537109 1.33985e-05
0.000561523 1.35383e-05

0.000561523 1.36058e-05
0.000585937 1.31986e-05

0.000585938 1.33681e-05
0.000610352 1.29745e-05

0.000610352 1.30642e-05
0.000634766 1.31721e-05

0.000634766 1.32104e-05
0.00065918 1.32874e-05

0.00065918 1.33427e-05
0.000683594 1.30047e-05

0.000683594 1.31214e-05
0.000708008 1.2891e-05

0.000708008 1.2906e-05
0.000732422 1.3113e-05

0.000732422 1.30231e-05
0.000756836 1.32842e-05

0.000756836 1.32633e-05
0.00078125 1.313e-05

0.00078125 1.30423e-05
0.000805664 1.30735e-05

0.000805664 1.30415e-05
0.000830078 1.33966e-05

0.000830078 1.32387e-05
0.000854492 1.33891e-05

0.000854492 1.33542e-05
0.000878906 1.33024e-05

0.000878906 1.33043e-05
0.00090332 1.32482e-05

0.00090332 1.3085e-05
0.000927734 1.34902e-05

0.000927734 1.33321e-05
0.000952148 1.38116e-05

0.000952148 1.36925e-05
0.000976562 1.35907e-05

0.000976562 1.35741e-05
0.00100098 1.34185e-05

0.00100098 1.32295e-05
0.00102539 1.38237e-05

0.00102539 1.36386e-05
0.0010498 1.42382e-05

0.0010498 1.40671e-05
0.00107422 1.38929e-05

0.00107422 1.39327e-05
0.00109863 1.36792e-05

0.00109863 1.34384e-05
0.00112305 1.41383e-05

0.00112305 1.39276e-05
0.00114746 1.47492e-05

0.00114746 1.45235e-05
0.00117187 1.43295e-05

0.00117188 1.43215e-05
0.00119629 1.40514e-05

0.00119629 1.37684e-05
0.0012207 1.46639e-05

0.0012207 1.44832e-05
0.00124512 1.52959e-05

0.00124512 1.52877e-05
0.00126953 1.4451e-05

0.00126953 1.42834e-05
0.00129395 1.41512e-05

0.00129395 1.48189e-05
0.00131836 1.47102e-05

0.00131836 1.39734e-05
0.00134277 1.42894e-05

0.00134277 1.54586e-05
0.00136719 1.45704e-05

0.00134277 2.44474e-05
0.00134514 2.44141e-05

0.0013916 4.92574e-07
0.00136918 2.44141e-05

0.00136719 2.48822e-05
0.0013685 2.44141e-05

0.0013916 3.78105e-06
0.00139288 0

0.00146301 0
0.00146484 5.41052e-06

0.00146484 3.96616e-06
0.00148501 2.44141e-05

0.00148511 2.44141e-05
0.00148926 2.58107e-05

0.00148926 1.61731e-05
0.00151367 1.70083e-05

0.00151233 2.44141e-05
0.00151367 2.44327e-05

0.00151367 1.67802e-05
0.00153809 1.67288e-05

0.00152769 2.44141e-05
0.00153809 2.44602e-05

0.0015625 4.70734e-06
0.00154283 2.44141e-05

0.00153809 2.62579e-05
0.00154353 2.44141e-05

0 0.00312082
0.000390625 0.00310981

0.000390625 0.0031101
0.00078125 0.00307651

0.00078125 0.00307715
0.00117187 0.00301913

0.00117188 0.00302018
0.0015625 0.00293437

0.0015625 5.68071e-06
0.00156442 0

0.00165636 0
0.00166016 9.30438e-06

0.00166016 1.0167e-05
0.00167612 2.44141e-05

0.00167557 2.44141e-05
0.00168457 2.75229e-05

0.00168457 1.74405e-05
0.00170898 1.76941e-05

0.00169535 2.44141e-05
0.00170898 2.44969e-05

0.0017334 1.06845e-05
0.00171759 2.44141e-05

0.00170898 2.77184e-05
0.00171872 2.44141e-05

0.0017334 1.09592e-05
0.00173796 0

0.00180016 0
0.00180664 1.43726e-05

0.00180664 9.44334e-06
0.00183105 1.22081e-05

0.00183105 6.31046e-06
0.00185354 0

0.00185594 0
0.00187988 1.72896e-05

0.00187988 8.8172e-06
0.0019043 1.14318e-05

0.0019043 9.14313e-06
0.00192871 1.05639e-05

0.00192871 9.72461e-06
0.00195312 1.21051e-05

0.00195312 9.43599e-06
0.00197754 1.30618e-05

0.00197754 1.36511e-05
0.00200195 1.27961e-05

0.00200195 1.55801e-05
0.00202637 5.78816e-06

0.00202637 6.26522e-06
0.00205078 8.90453e-06

0.00205078 9.31143e-06
0.0020752 1.47886e-05

0.0020752 9.69865e-06
0.00209961 1.18191e-05

0.00209961 1.34396e-05
0.00212402 1.33805e-05

0.00212402 1.30963e-05
0.00214844 8.34351e-06

0.00214844 7.92318e-06
0.00217285 1.30153e-05

0.00217285 1.38663e-05
0.00219727 1.39065e-05

0.00219727 1.32305e-05
0.00222168 7.76134e-06

0.00222168 7.64947e-06
0.00224609 1.33466e-05

0.00224609 1.40386e-05
0.00227051 1.40363e-05

0.00227051 1.39233e-05
0.00229492 7.06967e-06

0.00229492 7.8246e-06
0.00231934 1.1853e-05

0.00231934 1.05068e-05
0.00234375 1.52204e-05

0.00234375 1.52523e-05
0.00236816 1.06713e-05

0.00236816 1.25265e-05
0.00239258 7.11996e-06

0.00239258 7.12828e-06
0.00241699 1.25302e-05

0.00241699 1.06099e-05
0.00244141 1.5296e-05

0.00244141 1.52903e-05
0.00246582 1.05971e-05

0.00246582 1.24912e-05
0.00249023 7.17667e-06

0.00249023 7.17844e-06
0.00251465 1.25451e-05

0.00251465 1.06386e-05
0.00253906 1.52584e-05

0.00253906 1.52511e-05
0.00256348 1.06149e-05

0.00256348 1.24572e-05
0.00258789 7.27674e-06

0.00258789 7.27183e-06
0.0026123 1.25697e-05

0.0026123 1.07697e-05
0.00263672 1.5136e-05

0.00263672 1.50786e-05
0.00266113 1.05631e-05

0.00266113 1.18681e-05
0.00268555 8.05077e-06

0.00268555 7.24861e-06
0.00270996 1.38792e-05

0.00270996 1.39614e-05
0.00273438 1.41291e-05

0.00273437 1.39022e-05
0.00275879 7.45157e-06

0.00275879 8.23283e-06
0.0027832 1.18533e-05

0.0027832 1.07389e-05
0.00280762 1.49248e-05

0.00280762 1.49103e-05
0.00283203 1.07221e-05

0.00283203 1.19072e-05
0.00285645 8.2072e-06

0.00285645 7.52385e-06
0.00288086 1.37088e-05

0.00288086 1.37746e-05
0.00290527 1.3967e-05

0.00290527 1.31361e-05
0.00292969 8.35455e-06

0.00292969 8.78285e-06
0.0029541 1.29245e-05

0.0029541 1.33184e-05
0.00297852 1.33505e-05

0.00297852 1.16935e-05
0.00300293 1.00561e-05

0.00300293 1.02235e-05
0.00302734 1.43278e-05

0.00302734 1.27375e-05
0.00305176 1.45094e-05

0.00305176 1.31376e-05
0.00307617 1.39821e-05

0.00307617 1.36159e-05
0.00310059 1.48993e-05

0.00310059 1.40558e-05
0.003125 1.50486e-05

0.00175781 0.00287847
0.00157307 0.00292969

0.0015625 0.00293234
0.00157208 0.00292969

0.00175781 0.00287896
0.00195312 0.0028161

0.00234375 0.00265857
0.00216999 0.00273438

0.00195312 0.00281644
0.00214844 0.0027432

0.00214844 0.00274258
0.00216725 0.00273438

0.00292969 0.00231095
0.00288417 0.00234375

0.00302734 0.00223606
0.00301488 0.00224609

0.00297852 0.00227157
0.00294847 0.00229492

0.00292969 0.0023105
0.00294983 0.00229492

0.00297852 0.00227069
0.00300928 0.00224609

0.00302734 0.00223365
0.003125 0.00214883

0.00244141 0.0026108
0.00238813 0.00263672

0.00234375 0.00265687
0.00238518 0.00263672

0.00244141 0.00261036
0.00253906 0.00255936

0.00273438 0.00244644
0.00257736 0.00253906

0.00253906 0.00255895
0.00257334 0.00253906

0.00283203 0.00238013
0.00273989 0.00244141

0.00273438 0.00244428
0.00273887 0.00244141

0.00283203 0.00237977
0.00288223 0.00234375

0.003125 1.45234e-05
0.00314941 1.55753e-05

0.00314941 1.49753e-05
0.00317383 1.58542e-05

0.00317383 1.53849e-05
0.00319824 1.61939e-05

0.00319824 1.56866e-05
0.00322266 1.6537e-05

0.00322266 1.59595e-05
0.00324707 1.71183e-05

0.00324707 1.65949e-05
0.00327148 1.77283e-05

0.00327148 1.71408e-05
0.0032959 1.80559e-05

0.0032959 1.73744e-05
0.00332031 1.87079e-05

0.00332031 1.80975e-05
0.00334473 1.97428e-05

0.00334473 1.96621e-05
0.00336914 1.9711e-05

0.00336914 1.3434e-05
0.00339342 2.44141e-05

0.00339156 2.44141e-05
0.00339355 2.51446e-05

0.00339355 2.64007e-05
0.00341797 4.76797e-05

0.00341766 4.88281e-05
0.00341797 4.91334e-05

0.00341797 4.90421e-05
0.00344158 7.32422e-05

0.0034418 7.32422e-05
0.00344238 7.38485e-05

0.00344238 7.40514e-05
0.00346431 9.76563e-05

0.00346487 9.76563e-05
0.0034668 9.98135e-05

0.0034668 0.000100554
0.00348565 0.00012207

0.00348544 0.00012207
0.00349121 0.000128956

0.00349121 0.000128654
0.0035059 0.000146484

0.00350619 0.000146484
0.00351563 0.000158797

0.00351563 0.000159312
0.00354275 0.000195313

0.00354311 0.000195313
0.00356445 0.000227281

0.00356445 0.000229031
0.00357436 0.000244141

0.0035752 0.000244141
0.00360409 0.000292969

0.00360484 0.000292969
0.00361328 0.000309925

0.00361328 0.000311373
0.0036292 0.000341797

0.0036294 0.000341797
0.00365207 0.000390625

0.00365273 0.000390625
0.00369029 0.000488281

0.00369012 0.000488281
0.00371094 0.000561509

0.00371094 0.000563294
0.00371737 0.000585938

0.00371755 0.000585937
0.0037365 0.000683594

0.00373614 0.000683594
0.00374743 0.00078125

0.00374941 0.00078125
0.00375022 0.000976562

0.00374991 0.000976562
0.00372215 0.00117188

0.00371094 0.00121278
0.00366678 0.00136719

0.00366677 0.00136719
0.00358185 0.0015625

0.00371094 0.00120516
0.00372046 0.00117187

0.00351563 0.00167933
0.00346888 0.00175781

0.00341797 0.00182251
0.00339387 0.00185547

0.00332031 0.00194624
0.00339366 0.00185547

0.00341797 0.00182104
0.00346421 0.00175781

0.00331842 0.00195312
0.00312898 0.00214844

0.003125 0.00215006
0.00312676 0.00214844

0.00351563 0.00167182
0.00358074 0.0015625

