7.17491e-05 0
7.32422e-05 4.39365e-06

7.32422e-05 4.19858e-07
9.58843e-05 2.44141e-05

9.66584e-05 2.44141e-05
9.76563e-05 2.47665e-05

9.76563e-05 1.43816e-05
0.00012207 1.51914e-05

0.000119948 2.44141e-05
0.00012207 2.44411e-05

0.00012207 1.39757e-05
0.000146484 1.38598e-05

0.000146484 1.46351e-05
0.000170898 1.47573e-05

0.000170898 1.39623e-05
0.000195313 1.40643e-05

0.000195313 1.47164e-05
0.000219727 1.48362e-05

0.000219727 1.45095e-05
0.000244141 1.37058e-05

0.000244141 1.39694e-05
0.000268555 1.43292e-05

0.000268555 1.42724e-05
0.000292969 1.45009e-05

0.000292969 1.46767e-05
0.000317383 1.39791e-05

0.000317383 1.41626e-05
0.000341797 1.3527e-05

0.000341797 1.37431e-05
0.000366211 1.39431e-05

0.000366211 1.40241e-05
0.000390625 1.39688e-05

0.000390625 1.41314e-05
0.000415039 1.34707e-05

0.000415039 1.35879e-05
0.000439453 1.34111e-05

0.000439453 1.36441e-05
0.000463867 1.36951e-05

0.000463867 1.36136e-05
0.000488281 1.34611e-05

0.000488281 1.36485e-05
0.000512695 1.34645e-05

0.000512695 1.35958e-05
0.000537109 1.32073e-05

0.000537109 1.33284e-05
0.000561523 1.32156e-05

0.000561523 1.32744e-05
0.000585937 1.33646e-05

0.000585938 1.3426e-05
0.000610352 1.32492e-05

0.000610352 1.33753e-05
0.000634766 1.30069e-05

0.000634766 1.3078e-05
0.00065918 1.30662e-05

0.00065918 1.31367e-05
0.000683594 1.32286e-05

0.000683594 1.32464e-05
0.000708008 1.30297e-05

0.000708008 1.30961e-05
0.000732422 1.29587e-05

0.000732422 1.29228e-05
0.000756836 1.31574e-05

0.000756836 1.30687e-05
0.00078125 1.33212e-05

0.00078125 1.32181e-05
0.000805664 1.3225e-05

0.000805664 1.32037e-05
0.000830078 1.31961e-05

0.000830078 1.31228e-05
0.000854492 1.33092e-05

0.000854492 1.32873e-05
0.000878906 1.3382e-05

0.000878906 1.32208e-05
0.00090332 1.33487e-05

0.00090332 1.33863e-05
0.000927734 1.34693e-05

0.000927734 1.32727e-05
0.000952148 1.34181e-05

0.000952148 1.32898e-05
0.000976562 1.37789e-05

0.000976562 1.35965e-05
0.00100098 1.38171e-05

0.00100098 1.37672e-05
0.00102539 1.36306e-05

0.00102539 1.35119e-05
0.0010498 1.36975e-05

0.0010498 1.35081e-05
0.00107422 1.41672e-05

0.00107422 1.39587e-05
0.00109863 1.42475e-05

0.00109863 1.41385e-05
0.00112305 1.39791e-05

0.00112305 1.38997e-05
0.00114746 1.4062e-05

0.00114746 1.37323e-05
0.00117187 1.46344e-05

0.00117188 1.4719e-05
0.00119629 1.46476e-05

0.00119629 1.42744e-05
0.0012207 1.39797e-05

0.0012207 1.39247e-05
0.00124512 1.498e-05

0.00124512 1.49858e-05
0.00126953 1.49396e-05

0.00126953 1.46495e-05
0.00129395 1.41811e-05

0.00129395 1.47359e-05
0.00131836 1.44428e-05

0.00131836 1.38808e-05
0.00134277 1.44874e-05

0.00134277 1.54524e-05
0.00136719 1.46873e-05

0.0013916 7.70534e-07
0.00136923 2.44141e-05

0.0013916 4.56303e-06
0.00139316 0

0.00146328 0
0.00146484 4.65132e-06

0.00146484 3.3534e-06
0.00148483 2.44141e-05

0.00148549 2.44141e-05
0.00148926 2.57365e-05

0.00148926 1.71152e-05
0.00151367 1.75024e-05

0.00151367 1.65732e-05
0.00153809 1.57877e-05

0.0015625 5.15176e-06
0.00154257 2.44141e-05

0.00153809 2.58988e-05
0.00154265 2.44141e-05

0 0.0031208
0.000390625 0.00310979

0.000390625 0.00311008
0.00078125 0.00307649

0.00078125 0.00307713
0.00117187 0.00301911

0.00117188 0.00302016
0.0015625 0.00293436

0.0015625 6.46323e-06
0.00156471 0

0.00165648 0
0.00166016 9.04364e-06

0.00166016 1.02419e-05
0.00167603 2.44141e-05

0.00167507 2.44141e-05
0.00168457 2.76882e-05

0.00168457 1.74044e-05
0.00170898 1.75637e-05

0.00169241 2.44141e-05
0.00170898 2.44682e-05

0.0017334 1.07297e-05
0.00171753 2.44141e-05

0.00170898 2.76514e-05
0.0017186 2.44141e-05

0.0017334 1.11188e-05
0.00173804 0

0.00180016 0
0.00180664 1.43755e-05

0.00180664 9.44645e-06
0.00183105 1.22052e-05

0.00183105 6.31103e-06
0.00185353 0

0.00185595 0
0.00187988 1.72942e-05

0.00187988 8.81784e-06
0.0019043 1.14386e-05

0.0019043 9.14766e-06
0.00192871 1.05646e-05

0.00192871 9.72879e-06
0.00195312 1.21046e-05

0.00195312 9.43789e-06
0.00197754 1.306e-05

0.00197754 1.36503e-05
0.00200195 1.2796e-05

0.00200195 1.55739e-05
0.00202637 5.79539e-06

0.00202637 6.29067e-06
0.00205078 8.89174e-06

0.00205078 9.24311e-06
0.0020752 1.4818e-05

0.0020752 9.74883e-06
0.00209961 1.18998e-05

0.00209961 1.35293e-05
0.00212402 1.32978e-05

0.00212402 1.30535e-05
0.00214844 8.28966e-06

0.00214844 7.88472e-06
0.00217285 1.30588e-05

0.00217285 1.38674e-05
0.00219727 1.39046e-05

0.00219727 1.31718e-05
0.00222168 7.8213e-06

0.00222168 7.73042e-06
0.00224609 1.34018e-05

0.00224609 1.413e-05
0.00227051 1.39344e-05

0.00227051 1.38602e-05
0.00229492 7.00998e-06

0.00229492 7.77647e-06
0.00231934 1.19173e-05

0.00231934 1.05161e-05
0.00234375 1.52157e-05

0.00234375 1.52502e-05
0.00236816 1.06727e-05

0.00236816 1.25267e-05
0.00239258 7.12819e-06

0.00239258 7.13662e-06
0.00241699 1.25287e-05

0.00241699 1.06125e-05
0.00244141 1.5292e-05

0.00244141 1.52873e-05
0.00246582 1.05984e-05

0.00246582 1.24904e-05
0.00249023 7.18202e-06

0.00249023 7.18347e-06
0.00251465 1.25447e-05

0.00251465 1.06401e-05
0.00253906 1.5256e-05

0.00253906 1.52499e-05
0.00256348 1.06158e-05

0.00256348 1.24569e-05
0.00258789 7.27886e-06

0.00258789 7.27105e-06
0.0026123 1.25726e-05

0.0026123 1.07716e-05
0.00263672 1.51411e-05

0.00263672 1.50847e-05
0.00266113 1.05647e-05

0.00266113 1.18719e-05
0.00268555 8.04661e-06

0.00268555 7.25048e-06
0.00270996 1.38754e-05

0.00270996 1.39478e-05
0.00273438 1.41342e-05

0.00273437 1.38961e-05
0.00275879 7.48098e-06

0.00275879 8.26788e-06
0.0027832 1.18479e-05

0.0027832 1.07295e-05
0.00280762 1.49123e-05

0.00280762 1.49127e-05
0.00283203 1.07459e-05

0.00283203 1.19694e-05
0.00285645 8.14952e-06

0.00285645 7.44292e-06
0.00288086 1.36775e-05

0.00288086 1.378e-05
0.00290527 1.40128e-05

0.00290527 1.31932e-05
0.00292969 8.23914e-06

0.00292969 8.68849e-06
0.0029541 1.28672e-05

0.0029541 1.3197e-05
0.00297852 1.34373e-05

0.00297852 1.15733e-05
0.00300293 1.02997e-05

0.00300293 1.0485e-05
0.00302734 1.44911e-05

0.00302734 1.28991e-05
0.00305176 1.43954e-05

0.00305176 1.32031e-05
0.00307617 1.39534e-05

0.00307617 1.35948e-05
0.00310059 1.48268e-05

0.00310059 1.40244e-05
0.003125 1.50338e-05

0.00175781 0.00287846
0.00157303 0.00292969

0.0015625 0.00293234
0.00157206 0.00292969

0.00175781 0.00287895
0.00195312 0.0028161

0.00234375 0.00265857
0.00216999 0.00273438

0.00195312 0.00281644
0.00214844 0.0027432

0.00214844 0.00274258
0.00216724 0.00273438

0.00292969 0.00231097
0.0028842 0.00234375

0.00302734 0.0022361
0.00301494 0.00224609

0.00297852 0.00227159
0.0029485 0.00229492

0.00292969 0.00231052
0.00294986 0.00229492

0.00297852 0.00227071
0.0030093 0.00224609

0.00302734 0.00223366
0.003125 0.00214885

0.00244141 0.00261081
0.00238814 0.00263672

0.00234375 0.00265687
0.00238518 0.00263672

0.00244141 0.00261037
0.00253906 0.00255936

0.00273438 0.00244645
0.00257737 0.00253906

0.00253906 0.00255895
0.00257334 0.00253906

0.00283203 0.00238015
0.00273991 0.00244141

0.00273438 0.00244428
0.00273887 0.00244141

0.00283203 0.00237978
0.00288224 0.00234375

0.003125 1.4538e-05
0.00314941 1.549e-05

0.00314941 1.49162e-05
0.00317383 1.56983e-05

0.00317383 1.51445e-05
0.00319824 1.61928e-05

0.00319824 1.55115e-05
0.00322266 1.69021e-05

0.00322266 1.62033e-05
0.00324707 1.76016e-05

0.00324707 1.7607e-05
0.00327148 1.73842e-05

0.00327148 1.65819e-05
0.0032959 1.68056e-05

0.0032959 1.58123e-05
0.00332031 1.95978e-05

0.00332031 1.97609e-05
0.00334473 2.11258e-05

0.00334473 1.97802e-05
0.00336914 1.83597e-05

0.00336914 1.30308e-05
0.00339232 2.44141e-05

0.00339179 2.44141e-05
0.00339355 2.51035e-05

0.00339355 2.70844e-05
0.00341797 4.83278e-05

0.00341781 4.88281e-05
0.00341797 4.89858e-05

0.00341797 4.87132e-05
0.00341809 4.88281e-05

0.00341797 4.92395e-05
0.00344181 7.32422e-05

0.00344188 7.32422e-05
0.00344238 7.37692e-05

0.00344238 7.38762e-05
0.00346456 9.76563e-05

0.00346508 9.76563e-05
0.0034668 9.95825e-05

0.0034668 0.000100315
0.00348586 0.00012207

0.00348562 0.00012207
0.00349121 0.000128744

0.00349121 0.000128397
0.0035061 0.000146484

0.00350635 0.000146484
0.00351563 0.000158592

0.00351563 0.000159082
0.00354289 0.000195313

0.00354324 0.000195313
0.00356445 0.000227116

0.00356445 0.000228878
0.00357445 0.000244141

0.00357529 0.000244141
0.00360415 0.000292969

0.0036049 0.000292969
0.00361328 0.000309815

0.00361328 0.000311259
0.00362925 0.000341797

0.00362944 0.000341797
0.0036521 0.000390625

0.00365276 0.000390625
0.0036903 0.000488281

0.00369013 0.000488281
0.00371094 0.000561501

0.00371094 0.000563273
0.00371738 0.000585938

0.00371755 0.000585937
0.0037365 0.000683594

0.00373613 0.000683594
0.00374742 0.00078125

0.0037494 0.00078125
0.00375022 0.000976562

0.00374991 0.000976562
0.00372215 0.00117188

0.00371094 0.0012128
0.00366679 0.00136719

0.00366678 0.00136719
0.00358187 0.0015625

0.00371094 0.00120515
0.00372045 0.00117187

0.00351563 0.00167939
0.00346892 0.00175781

0.00341797 0.00182255
0.0033939 0.00185547

0.00332031 0.00194628
0.00339368 0.00185547

0.00341797 0.00182107
0.00346424 0.00175781

0.00331845 0.00195312
0.003129 0.00214844

0.003125 0.0021501
0.0031268 0.00214844

0.00351563 0.00167184
0.00358075 0.0015625

