7.15404e-05 0
7.32422e-05 4.97374e-06

7.32422e-05 9.30001e-08
9.59604e-05 2.44141e-05

9.76563e-05 1.43205e-05
0.00012207 1.5481e-05

0.00012207 1.41141e-05
0.000146484 1.38853e-05

0.000146484 1.46839e-05
0.000170898 1.47575e-05

0.000170898 1.40837e-05
0.000195313 1.40313e-05

0.000195313 1.42961e-05
0.000219727 1.5063e-05

0.000219727 1.50343e-05
0.000244141 1.42971e-05

0.000244141 1.44647e-05
0.000268555 1.37247e-05

0.000268555 1.39461e-05
0.000292969 1.42346e-05

0.000292969 1.42261e-05
0.000317383 1.44091e-05

0.000317383 1.46149e-05
0.000341797 1.38504e-05

0.000341797 1.40761e-05
0.000366211 1.33794e-05

0.000366211 1.35732e-05
0.000390625 1.38382e-05

0.000390625 1.38299e-05
0.000415039 1.40239e-05

0.000415039 1.41475e-05
0.000439453 1.35575e-05

0.000439453 1.37667e-05
0.000463867 1.31993e-05

0.000463867 1.33677e-05
0.000488281 1.34967e-05

0.000488281 1.35283e-05
0.000512695 1.36276e-05

0.000512695 1.37329e-05
0.000537109 1.32782e-05

0.000537109 1.34405e-05
0.000561523 1.30471e-05

0.000561523 1.31383e-05
0.000585937 1.33012e-05

0.000585938 1.33154e-05
0.000610352 1.34081e-05

0.000610352 1.34649e-05
0.000634766 1.31094e-05

0.000634766 1.32859e-05
0.00065918 1.29228e-05

0.00065918 1.29815e-05
0.000683594 1.3072e-05

0.000683594 1.31169e-05
0.000708008 1.32211e-05

0.000708008 1.31026e-05
0.000732422 1.31e-05

0.000732422 1.32055e-05
0.000756836 1.31288e-05

0.000756836 1.30542e-05
0.00078125 1.30386e-05

0.00078125 1.29753e-05
0.000805664 1.33367e-05

0.000805664 1.32316e-05
0.000830078 1.33809e-05

0.000830078 1.33209e-05
0.000854492 1.32074e-05

0.000854492 1.31744e-05
0.000878906 1.32736e-05

0.000878906 1.31164e-05
0.00090332 1.35556e-05

0.00090332 1.35473e-05
0.000927734 1.35416e-05

0.000927734 1.33947e-05
0.000952148 1.32688e-05

0.000952148 1.32203e-05
0.000976562 1.36841e-05

0.000976562 1.3422e-05
0.00100098 1.39242e-05

0.00100098 1.3881e-05
0.00102539 1.37724e-05

0.00102539 1.36496e-05
0.0010498 1.35337e-05

0.0010498 1.34355e-05
0.00107422 1.40447e-05

0.00107422 1.37354e-05
0.00109863 1.4365e-05

0.00109863 1.43388e-05
0.00112305 1.41053e-05

0.00112305 1.38686e-05
0.00114746 1.38723e-05

0.00114746 1.37644e-05
0.00117187 1.46854e-05

0.00117188 1.44058e-05
0.00119629 1.47663e-05

0.00119629 1.45909e-05
0.0012207 1.44289e-05

0.0012207 1.43526e-05
0.00124512 1.45627e-05

0.00124512 1.46208e-05
0.00126953 1.47323e-05

0.00126953 1.45962e-05
0.00129395 1.44968e-05

0.00129395 1.46936e-05
0.00131836 1.45011e-05

0.00131836 1.40208e-05
0.00134277 1.47667e-05

0.00134277 1.59641e-05
0.00136719 1.44237e-05

0.00139158 0
0.00136914 2.44141e-05

0.00136719 2.46359e-05
0.0013678 2.44141e-05

0.0013916 3.74758e-06
0.00139287 0

0.00146309 0
0.00146484 5.1729e-06

0.00146484 3.49847e-06
0.00148492 2.44141e-05

0.00148593 2.44141e-05
0.00148926 2.5568e-05

0.00148926 1.68304e-05
0.00151367 1.74173e-05

0.00151072 2.44141e-05
0.00151367 2.44434e-05

0.00151367 1.66466e-05
0.00153809 1.60904e-05

0.00151367 2.44769e-05
0.00152141 2.44141e-05

0.0015625 5.04767e-06
0.00154272 2.44141e-05

0.00153809 2.60322e-05
0.00154298 2.44141e-05

0 0.00312078
0.000390625 0.00310977

0.000390625 0.00311006
0.00078125 0.00307647

0.00078125 0.00307711
0.00117187 0.0030191

0.00117188 0.00302015
0.0015625 0.00293436

0.0015625 5.95281e-06
0.00156453 0

0.00165646 0
0.00166016 9.08634e-06

0.00166016 1.02462e-05
0.00167601 2.44141e-05

0.00167508 2.44141e-05
0.00168457 2.76903e-05

0.00168457 1.74472e-05
0.00170898 1.7599e-05

0.0016918 2.44141e-05
0.00170898 2.44674e-05

0.0017334 1.07193e-05
0.00171754 2.44141e-05

0.00170898 2.76518e-05
0.00171858 2.44141e-05

0.0017334 1.11326e-05
0.00173805 0

0.00180019 0
0.00180664 1.4342e-05

0.00180664 9.43158e-06
0.00183105 1.22363e-05

0.00183105 6.30729e-06
0.00185358 0

0.00185593 0
0.00187988 1.72983e-05

0.00187988 8.83542e-06
0.0019043 1.14329e-05

0.0019043 9.15237e-06
0.00192871 1.05606e-05

0.00192871 9.72963e-06
0.00195312 1.21063e-05

0.00195312 9.43785e-06
0.00197754 1.30621e-05

0.00197754 1.36532e-05
0.00200195 1.27988e-05

0.00200195 1.55687e-05
0.00202637 5.80233e-06

0.00202637 6.2783e-06
0.00205078 8.92045e-06

0.00205078 9.34494e-06
0.0020752 1.47633e-05

0.0020752 9.68359e-06
0.00209961 1.17955e-05

0.00209961 1.34132e-05
0.00212402 1.34021e-05

0.00212402 1.30365e-05
0.00214844 8.42797e-06

0.00214844 8.02124e-06
0.00217285 1.3078e-05

0.00217285 1.39813e-05
0.00219727 1.37964e-05

0.00219727 1.31773e-05
0.00222168 7.67585e-06

0.00222168 7.58222e-06
0.00224609 1.34003e-05

0.00224609 1.40134e-05
0.00227051 1.40599e-05

0.00227051 1.39373e-05
0.00229492 7.10755e-06

0.00229492 7.86031e-06
0.00231934 1.18338e-05

0.00231934 1.0511e-05
0.00234375 1.52078e-05

0.00234375 1.52386e-05
0.00236816 1.0679e-05

0.00236816 1.25259e-05
0.00239258 7.14064e-06

0.00239258 7.14789e-06
0.00241699 1.25255e-05

0.00241699 1.06146e-05
0.00244141 1.52865e-05

0.00244141 1.52816e-05
0.00246582 1.06021e-05

0.00246582 1.2491e-05
0.00249023 7.19039e-06

0.00249023 7.19219e-06
0.00251465 1.25415e-05

0.00251465 1.06405e-05
0.00253906 1.52519e-05

0.00253906 1.52463e-05
0.00256348 1.06187e-05

0.00256348 1.24661e-05
0.00258789 7.27456e-06

0.00258789 7.26686e-06
0.0026123 1.25608e-05

0.0026123 1.07641e-05
0.00263672 1.51423e-05

0.00263672 1.50858e-05
0.00266113 1.05571e-05

0.00266113 1.18585e-05
0.00268555 8.04422e-06

0.00268555 7.24533e-06
0.00270996 1.38886e-05

0.00270996 1.39589e-05
0.00273438 1.41307e-05

0.00273437 1.39176e-05
0.00275879 7.44767e-06

0.00275879 8.23123e-06
0.0027832 1.18302e-05

0.0027832 1.07108e-05
0.00280762 1.49361e-05

0.00280762 1.49404e-05
0.00283203 1.07176e-05

0.00283203 1.18627e-05
0.00285645 8.19083e-06

0.00285645 7.51486e-06
0.00288086 1.37786e-05

0.00288086 1.39153e-05
0.00290527 1.38717e-05

0.00290527 1.30172e-05
0.00292969 8.21793e-06

0.00292969 8.73351e-06
0.0029541 1.30241e-05

0.0029541 1.32745e-05
0.00297852 1.33112e-05

0.00297852 1.15054e-05
0.00300293 1.03006e-05

0.00300293 1.04657e-05
0.00302734 1.45537e-05

0.00302734 1.29004e-05
0.00305176 1.44419e-05

0.00305176 1.32498e-05
0.00307617 1.4021e-05

0.00307617 1.36593e-05
0.00310059 1.48452e-05

0.00310059 1.40699e-05
0.003125 1.5037e-05

0.00175781 0.00287846
0.001573 0.00292969

0.0015625 0.00293234
0.00157206 0.00292969

0.00175781 0.00287895
0.00195312 0.0028161

0.00234375 0.00265858
0.00217001 0.00273438

0.00195312 0.00281644
0.00214844 0.00274321

0.00214844 0.00274258
0.00216725 0.00273438

0.00292969 0.00231101
0.00288425 0.00234375

0.00302734 0.00223617
0.00301503 0.00224609

0.00297852 0.00227162
0.00294854 0.00229492

0.00292969 0.00231056
0.0029499 0.00229492

0.00297852 0.00227073
0.00300933 0.00224609

0.00302734 0.0022337
0.003125 0.0021489

0.00244141 0.00261083
0.00238817 0.00263672

0.00234375 0.00265688
0.00238521 0.00263672

0.00244141 0.00261039
0.00253906 0.00255938

0.00273438 0.00244648
0.00257742 0.00253906

0.00253906 0.00255896
0.00257336 0.00253906

0.00283203 0.00238017
0.00273995 0.00244141

0.00273438 0.00244429
0.00273889 0.00244141

0.00283203 0.00237981
0.00288227 0.00234375

0.003125 1.45226e-05
0.00314941 1.55237e-05

0.00314941 1.49102e-05
0.00317383 1.58361e-05

0.00317383 1.53376e-05
0.00319824 1.62654e-05

0.00319824 1.58227e-05
0.00322266 1.65235e-05

0.00322266 1.58901e-05
0.00324707 1.69485e-05

0.00324707 1.65811e-05
0.00327148 1.76767e-05

0.00327148 1.67406e-05
0.0032959 1.81359e-05

0.0032959 1.78193e-05
0.00332031 1.91237e-05

0.00332031 1.83218e-05
0.00334473 1.91594e-05

0.00334473 1.92932e-05
0.00336914 1.9325e-05

0.00336914 1.27617e-05
0.00339291 2.44141e-05

0.00339086 2.44141e-05
0.00339355 2.54967e-05

0.00339355 2.74049e-05
0.00341791 4.88281e-05

0.00341759 4.88281e-05
0.00341797 4.91981e-05

0.00341797 4.95289e-05
0.00344161 7.32422e-05

0.00344169 7.32422e-05
0.00344238 7.39638e-05

0.00344238 7.41374e-05
0.00346428 9.76563e-05

0.00346477 9.76563e-05
0.0034668 9.99203e-05

0.0034668 0.000100665
0.00348553 0.00012207

0.00348532 0.00012207
0.00349121 0.000129103

0.00349121 0.000128755
0.0035058 0.000146484

0.00350603 0.000146484
0.00351563 0.000159012

0.00351563 0.000159465
0.00354262 0.000195313

0.00354298 0.000195313
0.00356445 0.000227468

0.00356445 0.000229259
0.0035742 0.000244141

0.00357507 0.000244141
0.00360398 0.000292969

0.00360473 0.000292969
0.00361328 0.000310139

0.00361328 0.000311564
0.00362911 0.000341797

0.00362931 0.000341797
0.003652 0.000390625

0.00365267 0.000390625
0.00369026 0.000488281

0.00369009 0.000488281
0.00371094 0.00056153

0.00371094 0.000563325
0.00371737 0.000585938

0.00371755 0.000585937
0.00373653 0.000683594

0.00373616 0.000683594
0.00374747 0.00078125

0.00374945 0.00078125
0.00375029 0.000976562

0.00374998 0.000976562
0.00372223 0.00117188

0.00371094 0.00121309
0.00366687 0.00136719

0.00366686 0.00136719
0.00358194 0.0015625

0.00371094 0.0012054
0.00372052 0.00117187

0.00351563 0.00167955
0.003469 0.00175781

0.00341797 0.00182264
0.00339396 0.00185547

0.00332031 0.00194635
0.00339374 0.00185547

0.00341797 0.00182114
0.0034643 0.00175781

0.0033185 0.00195312
0.00312905 0.00214844

0.003125 0.00215018
0.0031269 0.00214844

0.00351563 0.00167192
0.0035808 0.0015625

