7.16619e-05 0
7.32422e-05 4.63847e-06

7.32422e-05 9.20535e-07
9.57422e-05 2.44141e-05

9.76563e-05 1.4535e-05
0.00012207 1.51028e-05

0.00012207 1.41954e-05
0.000146484 1.38689e-05

0.000146484 1.46087e-05
0.000170898 1.45169e-05

0.000170898 1.38527e-05
0.000195313 1.40684e-05

0.000195313 1.43125e-05
0.000219727 1.51502e-05

0.000219727 1.50066e-05
0.000244141 1.42422e-05

0.000244141 1.44644e-05
0.000268555 1.37856e-05

0.000268555 1.39128e-05
0.000292969 1.428e-05

0.000292969 1.43197e-05
0.000317383 1.44989e-05

0.000317383 1.46916e-05
0.000341797 1.37808e-05

0.000341797 1.40888e-05
0.000366211 1.33225e-05

0.000366211 1.35015e-05
0.000390625 1.38137e-05

0.000390625 1.38184e-05
0.000415039 1.40615e-05

0.000415039 1.41729e-05
0.000439453 1.351e-05

0.000439453 1.37491e-05
0.000463867 1.31341e-05

0.000463867 1.32827e-05
0.000488281 1.34914e-05

0.000488281 1.34851e-05
0.000512695 1.37046e-05

0.000512695 1.37756e-05
0.000537109 1.33229e-05

0.000537109 1.34966e-05
0.000561523 1.30261e-05

0.000561523 1.31418e-05
0.000585937 1.32722e-05

0.000585938 1.32859e-05
0.000610352 1.34257e-05

0.000610352 1.3497e-05
0.000634766 1.31202e-05

0.000634766 1.32821e-05
0.00065918 1.28836e-05

0.00065918 1.29975e-05
0.000683594 1.30484e-05

0.000683594 1.30269e-05
0.000708008 1.32114e-05

0.000708008 1.31352e-05
0.000732422 1.31747e-05

0.000732422 1.32157e-05
0.000756836 1.30793e-05

0.000756836 1.30306e-05
0.00078125 1.30838e-05

0.00078125 1.30142e-05
0.000805664 1.33572e-05

0.000805664 1.32637e-05
0.000830078 1.33446e-05

0.000830078 1.326e-05
0.000854492 1.32285e-05

0.000854492 1.31765e-05
0.000878906 1.33862e-05

0.000878906 1.33198e-05
0.00090332 1.34733e-05

0.00090332 1.33183e-05
0.000927734 1.34686e-05

0.000927734 1.34027e-05
0.000952148 1.36108e-05

0.000952148 1.34754e-05
0.000976562 1.36182e-05

0.000976562 1.35132e-05
0.00100098 1.37116e-05

0.00100098 1.36001e-05
0.00102539 1.37886e-05

0.00102539 1.36542e-05
0.0010498 1.38525e-05

0.0010498 1.37316e-05
0.00107422 1.39551e-05

0.00107422 1.37892e-05
0.00109863 1.40554e-05

0.00109863 1.39204e-05
0.00112305 1.41714e-05

0.00112305 1.39422e-05
0.00114746 1.4287e-05

0.00114746 1.41904e-05
0.00117187 1.44342e-05

0.00117188 1.41058e-05
0.00119629 1.45033e-05

0.00119629 1.45475e-05
0.0012207 1.47017e-05

0.0012207 1.4333e-05
0.00124512 1.45203e-05

0.00124512 1.46261e-05
0.00126953 1.4921e-05

0.00126953 1.47396e-05
0.00129395 1.45859e-05

0.00129395 1.48549e-05
0.00131836 1.44458e-05

0.00131836 1.42078e-05
0.00134277 1.44663e-05

0.00134277 1.5316e-05
0.00136719 1.43949e-05

0.00134277 2.44351e-05
0.00134419 2.44141e-05

0.0013916 8.82469e-07
0.00136919 2.44141e-05

0.00136719 2.45628e-05
0.00136761 2.44141e-05

0.0013916 3.75776e-06
0.00139287 0

0.0014629 0
0.00146484 5.68159e-06

0.00146484 3.26196e-06
0.0014851 2.44141e-05

0.00148664 2.44141e-05
0.00148926 2.53253e-05

0.00148926 1.62435e-05
0.00151367 1.8001e-05

0.0015132 2.44141e-05
0.00151367 2.44294e-05

0.00151367 1.78913e-05
0.00153809 1.66439e-05

0.0015625 3.83054e-06
0.00154245 2.44141e-05

0.00153809 2.51022e-05
0.00154007 2.44141e-05

0 0.00312077
0.000390625 0.00310976

0.000390625 0.00311005
0.00078125 0.00307647

0.00078125 0.0030771
0.00117187 0.0030191

0.00117188 0.00302015
0.0015625 0.00293436

0.0015625 6.89884e-06
0.00156489 0

0.00165638 0
0.00166016 9.25989e-06

0.00166016 1.02131e-05
0.00167606 2.44141e-05

0.00167539 2.44141e-05
0.00168457 2.7586e-05

0.00168457 1.7456e-05
0.00170898 1.76844e-05

0.00169495 2.44141e-05
0.00170898 2.44888e-05

0.0017334 1.07261e-05
0.0017176 2.44141e-05

0.00170898 2.77171e-05
0.00171873 2.44141e-05

0.0017334 1.10532e-05
0.00173801 0

0.00180018 0
0.00180664 1.43559e-05

0.00180664 9.43977e-06
0.00183105 1.22231e-05

0.00183105 6.2824e-06
0.00185365 0

0.00185592 0
0.00187988 1.73181e-05

0.00187988 8.85886e-06
0.0019043 1.14313e-05

0.0019043 9.15922e-06
0.00192871 1.05566e-05

0.00192871 9.73694e-06
0.00195312 1.21094e-05

0.00195312 9.44076e-06
0.00197754 1.30577e-05

0.00197754 1.36499e-05
0.00200195 1.28039e-05

0.00200195 1.55633e-05
0.00202637 5.81728e-06

0.00202637 6.28927e-06
0.00205078 8.92928e-06

0.00205078 9.36932e-06
0.0020752 1.47483e-05

0.0020752 9.6697e-06
0.00209961 1.17846e-05

0.00209961 1.33976e-05
0.00212402 1.34301e-05

0.00212402 1.31218e-05
0.00214844 8.37533e-06

0.00214844 7.95303e-06
0.00217285 1.29925e-05

0.00217285 1.38754e-05
0.00219727 1.38939e-05

0.00219727 1.32159e-05
0.00222168 7.7542e-06

0.00222168 7.64804e-06
0.00224609 1.33567e-05

0.00224609 1.40297e-05
0.00227051 1.40367e-05

0.00227051 1.39144e-05
0.00229492 7.09966e-06

0.00229492 7.85561e-06
0.00231934 1.1855e-05

0.00231934 1.05172e-05
0.00234375 1.52012e-05

0.00234375 1.52338e-05
0.00236816 1.06843e-05

0.00236816 1.2529e-05
0.00239258 7.14971e-06

0.00239258 7.15738e-06
0.00241699 1.25212e-05

0.00241699 1.06146e-05
0.00244141 1.52844e-05

0.00244141 1.52809e-05
0.00246582 1.06054e-05

0.00246582 1.24955e-05
0.00249023 7.18857e-06

0.00249023 7.1897e-06
0.00251465 1.2539e-05

0.00251465 1.06393e-05
0.00253906 1.52555e-05

0.00253906 1.5249e-05
0.00256348 1.06174e-05

0.00256348 1.24557e-05
0.00258789 7.28207e-06

0.00258789 7.2762e-06
0.0026123 1.25726e-05

0.0026123 1.07729e-05
0.00263672 1.51365e-05

0.00263672 1.50806e-05
0.00266113 1.05659e-05

0.00266113 1.18733e-05
0.00268555 8.04915e-06

0.00268555 7.24851e-06
0.00270996 1.38756e-05

0.00270996 1.39559e-05
0.00273438 1.41334e-05

0.00273437 1.3907e-05
0.00275879 7.45624e-06

0.00275879 8.24382e-06
0.0027832 1.18396e-05

0.0027832 1.07226e-05
0.00280762 1.49203e-05

0.00280762 1.49215e-05
0.00283203 1.07218e-05

0.00283203 1.18713e-05
0.00285645 8.20917e-06

0.00285645 7.52856e-06
0.00288086 1.37601e-05

0.00288086 1.38928e-05
0.00290527 1.38818e-05

0.00290527 1.30291e-05
0.00292969 8.24476e-06

0.00292969 8.77378e-06
0.0029541 1.29858e-05

0.0029541 1.32118e-05
0.00297852 1.33136e-05

0.00297852 1.14358e-05
0.00300293 1.04582e-05

0.00300293 1.06199e-05
0.00302734 1.463e-05

0.00302734 1.30006e-05
0.00305176 1.43548e-05

0.00305176 1.32845e-05
0.00307617 1.39475e-05

0.00307617 1.36224e-05
0.00310059 1.47302e-05

0.00310059 1.39836e-05
0.003125 1.49556e-05

0.00175781 0.00287846
0.00157301 0.00292969

0.0015625 0.00293235
0.00157211 0.00292969

0.00175781 0.00287895
0.00195312 0.0028161

0.00234375 0.0026586
0.00217003 0.00273438

0.00195312 0.00281644
0.00214844 0.00274322

0.00214844 0.00274259
0.00216727 0.00273438

0.00292969 0.00231105
0.0028843 0.00234375

0.00302734 0.00223625
0.00301512 0.00224609

0.00297852 0.00227164
0.00294856 0.00229492

0.00292969 0.00231059
0.00294993 0.00229492

0.00297852 0.00227074
0.00300934 0.00224609

0.00302734 0.00223372
0.003125 0.00214892

0.00244141 0.00261085
0.00238821 0.00263672

0.00234375 0.00265689
0.00238523 0.00263672

0.00244141 0.0026104
0.00253906 0.0025594

0.00273438 0.00244651
0.00257746 0.00253906

0.00253906 0.00255895
0.00257335 0.00253906

0.00283203 0.0023802
0.00273998 0.00244141

0.00273438 0.00244429
0.00273889 0.00244141

0.00283203 0.00237982
0.00288229 0.00234375

0.003125 1.44148e-05
0.00314941 1.54789e-05

0.00314941 1.48139e-05
0.00317383 1.58601e-05

0.00317383 1.52936e-05
0.00319824 1.63555e-05

0.00319824 1.57915e-05
0.00322266 1.67163e-05

0.00322266 1.59661e-05
0.00324707 1.73237e-05

0.00324707 1.75242e-05
0.00327148 1.74689e-05

0.00327148 1.63797e-05
0.0032959 1.68073e-05

0.0032959 1.57923e-05
0.00332031 2.00014e-05

0.00332031 2.03509e-05
0.00334473 2.12479e-05

0.00334473 1.99211e-05
0.00336914 1.76665e-05

0.00336914 1.22664e-05
0.00339281 2.44141e-05

0.00339144 2.44141e-05
0.00339355 2.52919e-05

0.00339355 2.74404e-05
0.00341774 4.88281e-05

0.00341758 4.88281e-05
0.00341797 4.92007e-05

0.00341797 4.95627e-05
0.00344168 7.32422e-05

0.00344173 7.32422e-05
0.00344238 7.39205e-05

0.00344238 7.40583e-05
0.00346442 9.76563e-05

0.00346492 9.76563e-05
0.0034668 9.97596e-05

0.0034668 0.000100211
0.00350624 0.000146484

0.00350621 0.000146484
0.00351563 0.00015876

0.00351563 0.000159222
0.00354281 0.000195313

0.00354318 0.000195313
0.00356445 0.000227172

0.00356445 0.000229001
0.00357438 0.000244141

0.00357525 0.000244141
0.00360414 0.000292969

0.0036049 0.000292969
0.00361328 0.000309818

0.00361328 0.000311268
0.00362925 0.000341797

0.00362945 0.000341797
0.00365212 0.000390625

0.00365279 0.000390625
0.00369035 0.000488281

0.00369017 0.000488281
0.00371094 0.000561344

0.00371094 0.000563125
0.00371742 0.000585938

0.0037176 0.000585937
0.00373654 0.000683594

0.00373618 0.000683594
0.00374746 0.00078125

0.00374944 0.00078125
0.00375025 0.000976562

0.00374994 0.000976562
0.00372218 0.00117188

0.00371094 0.00121291
0.00366682 0.00136719

0.0036668 0.00136719
0.0035819 0.0015625

0.00371094 0.00120507
0.00372043 0.00117187

0.00351563 0.00167956
0.00346902 0.00175781

0.00341797 0.00182265
0.00339396 0.00185547

0.00332031 0.00194635
0.00339374 0.00185547

0.00341797 0.0018211
0.00346427 0.00175781

0.00331851 0.00195312
0.00312907 0.00214844

0.003125 0.00215026
0.00312698 0.00214844

0.00351563 0.00167182
0.00358073 0.0015625

