7.15305e-05 0
7.32422e-05 5.00506e-06

7.32422e-05 8.2247e-07
9.58113e-05 2.44141e-05

9.75085e-05 2.44141e-05
9.76563e-05 2.44655e-05

9.76563e-05 1.43933e-05
0.00012207 1.52305e-05

0.00012207 1.44026e-05
0.000146484 1.39268e-05

0.000146484 1.43975e-05
0.000170898 1.44783e-05

0.000170898 1.41594e-05
0.000195313 1.42963e-05

0.000195313 1.42792e-05
0.000219727 1.48113e-05

0.000219727 1.47977e-05
0.000244141 1.45003e-05

0.000244141 1.47023e-05
0.000268555 1.3916e-05

0.000268555 1.41393e-05
0.000292969 1.39285e-05

0.000292969 1.40299e-05
0.000317383 1.42629e-05

0.000317383 1.43221e-05
0.000341797 1.41054e-05

0.000341797 1.43363e-05
0.000366211 1.3622e-05

0.000366211 1.37788e-05
0.000390625 1.35595e-05

0.000390625 1.38333e-05
0.000415039 1.37947e-05

0.000415039 1.37613e-05
0.000439453 1.3519e-05

0.000439453 1.36592e-05
0.000463867 1.36067e-05

0.000463867 1.36493e-05
0.000488281 1.35529e-05

0.000488281 1.37583e-05
0.000512695 1.33643e-05

0.000512695 1.35053e-05
0.000537109 1.31154e-05

0.000537109 1.32115e-05
0.000561523 1.33419e-05

0.000561523 1.33492e-05
0.000585937 1.34612e-05

0.000585938 1.35563e-05
0.000610352 1.31605e-05

0.000610352 1.3292e-05
0.000634766 1.2943e-05

0.000634766 1.30481e-05
0.00065918 1.31666e-05

0.00065918 1.31754e-05
0.000683594 1.32296e-05

0.000683594 1.32817e-05
0.000708008 1.3011e-05

0.000708008 1.30774e-05
0.000732422 1.29395e-05

0.000732422 1.29118e-05
0.000756836 1.31843e-05

0.000756836 1.30781e-05
0.00078125 1.3328e-05

0.00078125 1.3206e-05
0.000805664 1.32496e-05

0.000805664 1.32277e-05
0.000830078 1.32414e-05

0.000830078 1.31743e-05
0.000854492 1.33009e-05

0.000854492 1.32335e-05
0.000878906 1.3419e-05

0.000878906 1.33087e-05
0.00090332 1.34364e-05

0.00090332 1.33494e-05
0.000927734 1.34897e-05

0.000927734 1.33867e-05
0.000952148 1.35641e-05

0.000952148 1.34505e-05
0.000976562 1.36497e-05

0.000976562 1.35191e-05
0.00100098 1.37266e-05

0.00100098 1.36078e-05
0.00102539 1.38012e-05

0.00102539 1.36192e-05
0.0010498 1.39159e-05

0.0010498 1.39475e-05
0.00107422 1.39085e-05

0.00107422 1.36039e-05
0.00109863 1.38723e-05

0.00109863 1.36968e-05
0.00112305 1.45664e-05

0.00112305 1.44487e-05
0.00114746 1.43669e-05

0.00114746 1.42322e-05
0.00117187 1.39037e-05

0.00117188 1.3727e-05
0.00119629 1.45801e-05

0.00119629 1.42772e-05
0.0012207 1.51891e-05

0.0012207 1.50738e-05
0.00124512 1.46901e-05

0.00124512 1.47718e-05
0.00126953 1.40772e-05

0.00126953 1.38551e-05
0.00129395 1.48075e-05

0.00129395 1.53104e-05
0.00131836 1.50539e-05

0.00131836 1.42635e-05
0.00134277 1.39871e-05

0.00134277 1.5455e-05
0.00136719 1.44686e-05

0.0013916 4.64603e-07
0.00136905 2.44141e-05

0.0013916 4.74409e-06
0.00139322 0

0.00146288 0
0.00146484 5.73868e-06

0.00146484 3.29954e-06
0.00148508 2.44141e-05

0.00148674 2.44141e-05
0.00148926 2.52864e-05

0.00148926 1.63177e-05
0.00151367 1.79376e-05

0.00151317 2.44141e-05
0.00151367 2.44289e-05

0.00151367 1.7734e-05
0.00153809 1.65844e-05

0.00151367 2.44217e-05
0.00151404 2.44141e-05

0.0015625 3.96435e-06
0.00154253 2.44141e-05

0.00153809 2.54024e-05
0.00154095 2.44141e-05

0 0.00312077
0.000390625 0.00310977

0.000390625 0.00311006
0.00078125 0.00307647

0.00078125 0.00307711
0.00117187 0.0030191

0.00117188 0.00302015
0.0015625 0.00293436

0.0015625 6.39343e-06
0.0015647 0

0.00165644 0
0.00166016 9.13635e-06

0.00166016 1.02557e-05
0.001676 2.44141e-05

0.00167508 2.44141e-05
0.00168457 2.7692e-05

0.00168457 1.74591e-05
0.00170898 1.76165e-05

0.00169219 2.44141e-05
0.00170898 2.44687e-05

0.0017334 1.07305e-05
0.00171756 2.44141e-05

0.00170898 2.76634e-05
0.0017186 2.44141e-05

0.0017334 1.11346e-05
0.00173805 0

0.00180019 0
0.00180664 1.43362e-05

0.00180664 9.43857e-06
0.00183105 1.22405e-05

0.00183105 6.28417e-06
0.00185363 0

0.0018559 0
0.00187988 1.73209e-05

0.00187988 8.86297e-06
0.0019043 1.14266e-05

0.0019043 9.15954e-06
0.00192871 1.05578e-05

0.00192871 9.73767e-06
0.00195312 1.21092e-05

0.00195312 9.4411e-06
0.00197754 1.30579e-05

0.00197754 1.36491e-05
0.00200195 1.2805e-05

0.00200195 1.55663e-05
0.00202637 5.81717e-06

0.00202637 6.29166e-06
0.00205078 8.92328e-06

0.00205078 9.35299e-06
0.0020752 1.47585e-05

0.0020752 9.68212e-06
0.00209961 1.18002e-05

0.00209961 1.34121e-05
0.00212402 1.3415e-05

0.00212402 1.31123e-05
0.00214844 8.37392e-06

0.00214844 7.9521e-06
0.00217285 1.30036e-05

0.00217285 1.38802e-05
0.00219727 1.38941e-05

0.00219727 1.32169e-05
0.00222168 7.75723e-06

0.00222168 7.65559e-06
0.00224609 1.33553e-05

0.00224609 1.40307e-05
0.00227051 1.40293e-05

0.00227051 1.391e-05
0.00229492 7.09902e-06

0.00229492 7.85416e-06
0.00231934 1.18563e-05

0.00231934 1.05162e-05
0.00234375 1.52e-05

0.00234375 1.52333e-05
0.00236816 1.0684e-05

0.00236816 1.25279e-05
0.00239258 7.14928e-06

0.00239258 7.15673e-06
0.00241699 1.25222e-05

0.00241699 1.06144e-05
0.00244141 1.52847e-05

0.00244141 1.5281e-05
0.00246582 1.06063e-05

0.00246582 1.24948e-05
0.00249023 7.19039e-06

0.00249023 7.19212e-06
0.00251465 1.25399e-05

0.00251465 1.06405e-05
0.00253906 1.52543e-05

0.00253906 1.52479e-05
0.00256348 1.0619e-05

0.00256348 1.24601e-05
0.00258789 7.28105e-06

0.00258789 7.27488e-06
0.0026123 1.2568e-05

0.0026123 1.07697e-05
0.00263672 1.51385e-05

0.00263672 1.50817e-05
0.00266113 1.05653e-05

0.00266113 1.18704e-05
0.00268555 8.04898e-06

0.00268555 7.2503e-06
0.00270996 1.38776e-05

0.00270996 1.39549e-05
0.00273438 1.41318e-05

0.00273437 1.39047e-05
0.00275879 7.46166e-06

0.00275879 8.24903e-06
0.0027832 1.18406e-05

0.0027832 1.07205e-05
0.00280762 1.49211e-05

0.00280762 1.49253e-05
0.00283203 1.07289e-05

0.00283203 1.18808e-05
0.00285645 8.2014e-06

0.00285645 7.52987e-06
0.00288086 1.3749e-05

0.00288086 1.38696e-05
0.00290527 1.38884e-05

0.00290527 1.30222e-05
0.00292969 8.2819e-06

0.00292969 8.81586e-06
0.0029541 1.29775e-05

0.0029541 1.31422e-05
0.00297852 1.33546e-05

0.00297852 1.16098e-05
0.00300293 1.04644e-05

0.00300293 1.06296e-05
0.00302734 1.43713e-05

0.00302734 1.27976e-05
0.00305176 1.43453e-05

0.00305176 1.31698e-05
0.00307617 1.40825e-05

0.00307617 1.36425e-05
0.00310059 1.48732e-05

0.00310059 1.4095e-05
0.003125 1.50635e-05

0.00175781 0.00287847
0.00157302 0.00292969

0.0015625 0.00293236
0.00157213 0.00292969

0.00175781 0.00287895
0.00195312 0.00281611

0.00234375 0.0026586
0.00217004 0.00273438

0.00195312 0.00281645
0.00214844 0.00274322

0.00214844 0.00274259
0.00216728 0.00273438

0.00292969 0.00231105
0.00288431 0.00234375

0.00302734 0.00223626
0.00301513 0.00224609

0.00297852 0.00227164
0.00294856 0.00229492

0.00292969 0.00231059
0.00294993 0.00229492

0.00297852 0.00227074
0.00300933 0.00224609

0.00302734 0.00223372
0.003125 0.00214892

0.00244141 0.00261085
0.00238822 0.00263672

0.00234375 0.00265689
0.00238523 0.00263672

0.00244141 0.00261041
0.00253906 0.0025594

0.00273438 0.00244651
0.00257746 0.00253906

0.00253906 0.00255895
0.00257335 0.00253906

0.00283203 0.0023802
0.00273998 0.00244141

0.00273438 0.00244429
0.00273888 0.00244141

0.00283203 0.00237982
0.00288228 0.00234375

0.003125 1.45421e-05
0.00314941 1.55192e-05

0.00314941 1.49406e-05
0.00317383 1.58193e-05

0.00317383 1.53386e-05
0.00319824 1.61999e-05

0.00319824 1.5721e-05
0.00322266 1.65215e-05

0.00322266 1.58897e-05
0.00324707 1.70584e-05

0.00324707 1.66097e-05
0.00327148 1.7747e-05

0.00327148 1.66796e-05
0.0032959 1.83917e-05

0.0032959 1.86589e-05
0.00332031 1.90215e-05

0.00332031 1.75844e-05
0.00334473 1.82108e-05

0.00334473 1.90791e-05
0.00336914 1.98541e-05

0.00336914 1.27279e-05
0.00339326 2.44141e-05

0.00339082 2.44141e-05
0.00339355 2.55099e-05

0.00339355 2.41388e-05
0.00339382 2.44141e-05

0.00339355 2.73653e-05
0.00341778 4.88281e-05

0.00341742 4.88281e-05
0.00341797 4.9361e-05

0.00341797 4.86061e-05
0.0034182 4.88281e-05

0.00341797 4.96814e-05
0.00344133 7.32422e-05

0.00344144 7.32422e-05
0.00344238 7.42266e-05

0.00344238 7.44726e-05
0.00346396 9.76563e-05

0.00346455 9.76563e-05
0.0034668 0.000100178

0.0034668 0.00010096
0.00348532 0.00012207

0.00348512 0.00012207
0.00349121 0.000129328

0.00349121 0.000129002
0.00350563 0.000146484

0.00350591 0.000146484
0.00351563 0.000159133

0.00351563 0.000159605
0.00354258 0.000195313

0.00354296 0.000195313
0.00356445 0.000227436

0.00356445 0.000229288
0.0035742 0.000244141

0.00357509 0.000244141
0.00360403 0.000292969

0.00360479 0.000292969
0.00361328 0.000310004

0.00361328 0.000311461
0.00362918 0.000341797

0.00362938 0.000341797
0.00365208 0.000390625

0.00365275 0.000390625
0.00369035 0.000488281

0.00369018 0.000488281
0.00371094 0.000561257

0.00371094 0.000563057
0.00371745 0.000585938

0.00371763 0.000585937
0.00373658 0.000683594

0.00373622 0.000683594
0.00374751 0.00078125

0.00374948 0.00078125
0.00375029 0.000976562

0.00374998 0.000976562
0.00372221 0.00117188

0.00371094 0.00121304
0.00366685 0.00136719

0.00366683 0.00136719
0.00358192 0.0015625

0.00371094 0.00120519
0.00372047 0.00117187

0.00351563 0.00167961
0.00346905 0.00175781

0.00341797 0.00182267
0.00339398 0.00185547

0.00332031 0.00194636
0.00339375 0.00185547

0.00341797 0.00182112
0.00346429 0.00175781

0.00331851 0.00195312
0.00312907 0.00214844

0.003125 0.00215028
0.003127 0.00214844

0.00351563 0.00167184
0.00358075 0.0015625

