7.19987e-05 0
7.32422e-05 3.679e-06

7.32422e-05 5.76359e-07
9.57471e-05 2.44141e-05

9.76563e-05 1.44705e-05
0.00012207 1.52343e-05

0.00012207 1.40934e-05
0.000146484 1.39534e-05

0.000146484 1.46508e-05
0.000170898 1.48337e-05

0.000170898 1.4312e-05
0.000195313 1.40229e-05

0.000195313 1.43845e-05
0.000219727 1.46453e-05

0.000219727 1.44473e-05
0.000244141 1.42974e-05

0.000244141 1.45809e-05
0.000268555 1.42128e-05

0.000268555 1.42425e-05
0.000292969 1.39267e-05

0.000292969 1.40473e-05
0.000317383 1.42572e-05

0.000317383 1.43825e-05
0.000341797 1.41112e-05

0.000341797 1.43043e-05
0.000366211 1.3581e-05

0.000366211 1.37807e-05
0.000390625 1.36103e-05

0.000390625 1.37498e-05
0.000415039 1.38789e-05

0.000415039 1.39285e-05
0.000439453 1.36569e-05

0.000439453 1.38637e-05
0.000463867 1.33572e-05

0.000463867 1.34773e-05
0.000488281 1.33554e-05

0.000488281 1.35392e-05
0.000512695 1.35019e-05

0.000512695 1.34805e-05
0.000537109 1.32973e-05

0.000537109 1.34588e-05
0.000561523 1.33138e-05

0.000561523 1.33314e-05
0.000585937 1.32348e-05

0.000585938 1.3414e-05
0.000610352 1.32181e-05

0.000610352 1.32207e-05
0.000634766 1.30618e-05

0.000634766 1.31641e-05
0.00065918 1.32389e-05

0.00065918 1.33005e-05
0.000683594 1.30897e-05

0.000683594 1.31907e-05
0.000708008 1.29093e-05

0.000708008 1.29106e-05
0.000732422 1.30778e-05

0.000732422 1.30228e-05
0.000756836 1.33157e-05

0.000756836 1.32608e-05
0.00078125 1.31477e-05

0.00078125 1.31443e-05
0.000805664 1.30315e-05

0.000805664 1.29315e-05
0.000830078 1.33153e-05

0.000830078 1.31647e-05
0.000854492 1.35634e-05

0.000854492 1.35072e-05
0.000878906 1.33193e-05

0.000878906 1.32365e-05
0.00090332 1.32175e-05

0.00090332 1.31411e-05
0.000927734 1.36579e-05

0.000927734 1.34837e-05
0.000952148 1.37272e-05

0.000952148 1.36942e-05
0.000976562 1.34651e-05

0.000976562 1.33653e-05
0.00100098 1.35066e-05

0.00100098 1.33588e-05
0.00102539 1.40094e-05

0.00102539 1.38298e-05
0.0010498 1.40143e-05

0.0010498 1.37988e-05
0.00107422 1.38484e-05

0.00107422 1.37857e-05
0.00109863 1.41337e-05

0.00109863 1.3904e-05
0.00112305 1.42738e-05

0.00112305 1.42439e-05
0.00114746 1.42449e-05

0.00114746 1.39926e-05
0.00117187 1.41867e-05

0.00117188 1.40004e-05
0.00119629 1.47893e-05

0.00119629 1.44351e-05
0.0012207 1.49848e-05

0.0012207 1.49706e-05
0.00124512 1.46993e-05

0.00124512 1.49669e-05
0.00126953 1.40169e-05

0.00126953 1.36959e-05
0.00129395 1.44721e-05

0.00129395 1.50506e-05
0.00131836 1.51576e-05

0.00131836 1.44884e-05
0.00134277 1.38504e-05

0.00134277 1.47415e-05
0.00136719 1.44553e-05

0.00134277 2.44207e-05
0.00134422 2.44141e-05

0.0013916 1.62907e-06
0.00136917 2.44141e-05

0.00136719 2.44949e-05
0.00136743 2.44141e-05

0.0013916 4.79094e-06
0.00139324 0

0.00146324 0
0.00146484 4.78625e-06

0.00146484 3.88065e-06
0.00148482 2.44141e-05

0.00148459 2.44141e-05
0.00148926 2.60103e-05

0.00148926 1.66181e-05
0.00151367 1.70609e-05

0.00150497 2.44141e-05
0.00151367 2.4467e-05

0.00151367 1.66271e-05
0.00153809 1.62964e-05

0.00151367 2.44182e-05
0.00151466 2.44141e-05

0.0015625 4.93137e-06
0.00154265 2.44141e-05

0.00153809 2.59603e-05
0.00154275 2.44141e-05

0 0.00312078
0.000390625 0.00310978

0.000390625 0.00311006
0.00078125 0.00307648

0.00078125 0.00307711
0.00117187 0.00301911

0.00117188 0.00302015
0.0015625 0.00293436

0.0015625 6.38345e-06
0.00156468 0

0.00165644 0
0.00166016 9.11604e-06

0.00166016 1.0232e-05
0.00167599 2.44141e-05

0.00167515 2.44141e-05
0.00168457 2.76787e-05

0.00168457 1.75157e-05
0.00170898 1.76815e-05

0.00169186 2.44141e-05
0.00170898 2.44735e-05

0.0017334 1.07196e-05
0.00171758 2.44141e-05

0.00170898 2.76615e-05
0.00171856 2.44141e-05

0.0017334 1.11468e-05
0.00173806 0

0.0018002 0
0.00180664 1.43211e-05

0.00180664 9.40763e-06
0.00183105 1.22572e-05

0.00183105 6.28984e-06
0.00185371 0

0.0018559 0
0.00187988 1.73093e-05

0.00187988 8.86973e-06
0.0019043 1.14366e-05

0.0019043 9.16558e-06
0.00192871 1.05502e-05

0.00192871 9.73827e-06
0.00195312 1.21104e-05

0.00195312 9.44296e-06
0.00197754 1.30552e-05

0.00197754 1.36464e-05
0.00200195 1.28035e-05

0.00200195 1.55627e-05
0.00202637 5.82163e-06

0.00202637 6.29842e-06
0.00205078 8.92132e-06

0.00205078 9.33821e-06
0.0020752 1.47652e-05

0.0020752 9.69741e-06
0.00209961 1.18161e-05

0.00209961 1.34255e-05
0.00212402 1.33956e-05

0.00212402 1.31012e-05
0.00214844 8.37276e-06

0.00214844 7.95682e-06
0.00217285 1.30067e-05

0.00217285 1.38759e-05
0.00219727 1.38833e-05

0.00219727 1.31594e-05
0.00222168 7.81405e-06

0.00222168 7.72203e-06
0.00224609 1.34078e-05

0.00224609 1.4118e-05
0.00227051 1.39426e-05

0.00227051 1.38598e-05
0.00229492 7.035e-06

0.00229492 7.80147e-06
0.00231934 1.19133e-05

0.00231934 1.0523e-05
0.00234375 1.52027e-05

0.00234375 1.52375e-05
0.00236816 1.06803e-05

0.00236816 1.25267e-05
0.00239258 7.14881e-06

0.00239258 7.15696e-06
0.00241699 1.25234e-05

0.00241699 1.06161e-05
0.00244141 1.52826e-05

0.00244141 1.52786e-05
0.00246582 1.06049e-05

0.00246582 1.2493e-05
0.00249023 7.19343e-06

0.00249023 7.19495e-06
0.00251465 1.2539e-05

0.00251465 1.06394e-05
0.00253906 1.52523e-05

0.00253906 1.52479e-05
0.00256348 1.06193e-05

0.00256348 1.24692e-05
0.00258789 7.26947e-06

0.00258789 7.26231e-06
0.0026123 1.25587e-05

0.0026123 1.07611e-05
0.00263672 1.51449e-05

0.00263672 1.50886e-05
0.00266113 1.05547e-05

0.00266113 1.18572e-05
0.00268555 8.03884e-06

0.00268555 7.23991e-06
0.00270996 1.38905e-05

0.00270996 1.39576e-05
0.00273438 1.41331e-05

0.00273437 1.39141e-05
0.00275879 7.4528e-06

0.00275879 8.23786e-06
0.0027832 1.18341e-05

0.0027832 1.07168e-05
0.00280762 1.49296e-05

0.00280762 1.49263e-05
0.00283203 1.0726e-05

0.00283203 1.1932e-05
0.00285645 8.14985e-06

0.00285645 7.46238e-06
0.00288086 1.36985e-05

0.00288086 1.3769e-05
0.00290527 1.39896e-05

0.00290527 1.30904e-05
0.00292969 8.36601e-06

0.00292969 8.86959e-06
0.0029541 1.29246e-05

0.0029541 1.32321e-05
0.00297852 1.32942e-05

0.00297852 1.15257e-05
0.00300293 1.03506e-05

0.00300293 1.04895e-05
0.00302734 1.45082e-05

0.00302734 1.28599e-05
0.00305176 1.4459e-05

0.00305176 1.32517e-05
0.00307617 1.40814e-05

0.00307617 1.37093e-05
0.00310059 1.48619e-05

0.00310059 1.41114e-05
0.003125 1.50093e-05

0.00175781 0.00287846
0.00157303 0.00292969

0.0015625 0.00293236
0.00157214 0.00292969

0.00175781 0.00287895
0.00195312 0.00281611

0.00234375 0.00265859
0.00217003 0.00273438

0.00195312 0.00281645
0.00214844 0.00274322

0.00214844 0.00274259
0.00216727 0.00273438

0.00292969 0.00231105
0.0028843 0.00234375

0.00302734 0.00223626
0.00301513 0.00224609

0.00297852 0.00227163
0.00294855 0.00229492

0.00292969 0.00231059
0.00294992 0.00229492

0.00297852 0.00227073
0.00300932 0.00224609

0.00302734 0.00223371
0.003125 0.00214891

0.00244141 0.00261085
0.00238821 0.00263672

0.00234375 0.00265689
0.00238522 0.00263672

0.00244141 0.0026104
0.00253906 0.00255939

0.00273438 0.0024465
0.00257745 0.00253906

0.00253906 0.00255894
0.00257333 0.00253906

0.00283203 0.00238019
0.00273997 0.00244141

0.00273438 0.00244427
0.00273886 0.00244141

0.00283203 0.00237981
0.00288227 0.00234375

0.003125 1.45302e-05
0.00314941 1.54732e-05

0.00314941 1.49277e-05
0.00317383 1.57354e-05

0.00317383 1.52556e-05
0.00319824 1.61009e-05

0.00319824 1.55101e-05
0.00322266 1.66011e-05

0.00322266 1.58914e-05
0.00324707 1.73844e-05

0.00324707 1.73612e-05
0.00327148 1.74713e-05

0.00327148 1.659e-05
0.0032959 1.68909e-05

0.0032959 1.56185e-05
0.00332031 1.97777e-05

0.00332031 1.99685e-05
0.00334473 2.18062e-05

0.00334473 2.05133e-05
0.00336914 1.85583e-05

0.00336914 1.30414e-05
0.00339273 2.44141e-05

0.00339188 2.44141e-05
0.00339355 2.50768e-05

0.00339355 2.75097e-05
0.00341789 4.88281e-05

0.00341757 4.88281e-05
0.00341797 4.92121e-05

0.00341797 4.95298e-05
0.0034417 7.32422e-05

0.00344174 7.32422e-05
0.00344238 7.39106e-05

0.00344238 7.40495e-05
0.00346444 9.76563e-05

0.00346503 9.76563e-05
0.0034668 9.96375e-05

0.0034668 0.000100462
0.00348575 0.00012207

0.00348552 0.00012207
0.00349121 0.000128861

0.00349121 0.000128512
0.00350601 0.000146484

0.00350625 0.000146484
0.00351563 0.000158709

0.00351563 0.000159168
0.00354285 0.000195313

0.00354322 0.000195313
0.00356445 0.000227119

0.00356445 0.000228952
0.00357441 0.000244141

0.00357528 0.000244141
0.00360416 0.000292969

0.00360492 0.000292969
0.00361328 0.000309779

0.00361328 0.000311223
0.00362927 0.000341797

0.00362946 0.000341797
0.00365212 0.000390625

0.00365278 0.000390625
0.00369033 0.000488281

0.00369016 0.000488281
0.00371094 0.000561419

0.00371094 0.000563185
0.0037174 0.000585938

0.00371758 0.000585937
0.00373652 0.000683594

0.00373616 0.000683594
0.00374745 0.00078125

0.00374943 0.00078125
0.00375025 0.000976562

0.00374994 0.000976562
0.00372219 0.00117188

0.00371094 0.00121297
0.00366684 0.00136719

0.00366682 0.00136719
0.00358191 0.0015625

0.00371094 0.0012051
0.00372044 0.00117187

0.00351563 0.00167961
0.00346905 0.00175781

0.00341797 0.00182266
0.00339397 0.00185547

0.00332031 0.00194635
0.00339374 0.00185547

0.00341797 0.00182111
0.00346428 0.00175781

0.00331851 0.00195312
0.00312907 0.00214844

0.003125 0.00215028
0.00312701 0.00214844

0.00351563 0.00167182
0.00358074 0.0015625

