7.18293e-05 0
7.32422e-05 4.17193e-06

7.32422e-05 7.04748e-07
9.59071e-05 2.44141e-05

9.59645e-05 2.44141e-05
9.76563e-05 2.50034e-05

9.76563e-05 1.42554e-05
0.00012207 1.49138e-05

0.000120067 2.44141e-05
0.00012207 2.44343e-05

0.00012207 1.37624e-05
0.000146484 1.40841e-05

0.000146484 1.46168e-05
0.000170898 1.5056e-05

0.000170898 1.45237e-05
0.000195313 1.40168e-05

0.000195313 1.44093e-05
0.000219727 1.44633e-05

0.000219727 1.41767e-05
0.000244141 1.44486e-05

0.000244141 1.4544e-05
0.000268555 1.4757e-05

0.000268555 1.49794e-05
0.000292969 1.39838e-05

0.000292969 1.43143e-05
0.000317383 1.3424e-05

0.000317383 1.36462e-05
0.000341797 1.39552e-05

0.000341797 1.39642e-05
0.000366211 1.42431e-05

0.000366211 1.43404e-05
0.000390625 1.36876e-05

0.000390625 1.39257e-05
0.000415039 1.3288e-05

0.000415039 1.34469e-05
0.000439453 1.36275e-05

0.000439453 1.36546e-05
0.000463867 1.38276e-05

0.000463867 1.39257e-05
0.000488281 1.3407e-05

0.000488281 1.36051e-05
0.000512695 1.31061e-05

0.000512695 1.32353e-05
0.000537109 1.3366e-05

0.000537109 1.33908e-05
0.000561523 1.3511e-05

0.000561523 1.35842e-05
0.000585937 1.31929e-05

0.000585938 1.33427e-05
0.000610352 1.29885e-05

0.000610352 1.30631e-05
0.000634766 1.32029e-05

0.000634766 1.32223e-05
0.00065918 1.33101e-05

0.00065918 1.33699e-05
0.000683594 1.30228e-05

0.000683594 1.30965e-05
0.000708008 1.29366e-05

0.000708008 1.29525e-05
0.000732422 1.32118e-05

0.000732422 1.31656e-05
0.000756836 1.32383e-05

0.000756836 1.31539e-05
0.00078125 1.3115e-05

0.00078125 1.31048e-05
0.000805664 1.32432e-05

0.000805664 1.3167e-05
0.000830078 1.33012e-05

0.000830078 1.32256e-05
0.000854492 1.33163e-05

0.000854492 1.32246e-05
0.000878906 1.33751e-05

0.000878906 1.32997e-05
0.00090332 1.34609e-05

0.00090332 1.33474e-05
0.000927734 1.34877e-05

0.000927734 1.34173e-05
0.000952148 1.35491e-05

0.000952148 1.34028e-05
0.000976562 1.36262e-05

0.000976562 1.35299e-05
0.00100098 1.37669e-05

0.00100098 1.35911e-05
0.00102539 1.37907e-05

0.00102539 1.36801e-05
0.0010498 1.39154e-05

0.0010498 1.37762e-05
0.00107422 1.396e-05

0.00107422 1.37944e-05
0.00109863 1.40795e-05

0.00109863 1.39424e-05
0.00112305 1.42284e-05

0.00112305 1.39554e-05
0.00114746 1.43579e-05

0.00114746 1.44238e-05
0.00117187 1.43714e-05

0.00117188 1.39877e-05
0.00119629 1.42441e-05

0.00119629 1.41227e-05
0.0012207 1.50731e-05

0.0012207 1.47678e-05
0.00124512 1.49738e-05

0.00124512 1.51979e-05
0.00126953 1.43302e-05

0.00126953 1.40688e-05
0.00129395 1.42848e-05

0.00129395 1.48412e-05
0.00131836 1.50293e-05

0.00131836 1.43696e-05
0.00134277 1.42839e-05

0.00134277 1.52129e-05
0.00136719 1.45207e-05

0.0013916 1.16389e-06
0.00136927 2.44141e-05

0.0013916 3.91738e-06
0.00139293 0

0.00146304 0
0.00146484 5.30623e-06

0.00146484 3.66835e-06
0.00148487 2.44141e-05

0.00148604 2.44141e-05
0.00148926 2.55287e-05

0.00148926 1.67731e-05
0.00151367 1.741e-05

0.00151012 2.44141e-05
0.00151367 2.44529e-05

0.00151367 1.67553e-05
0.00153809 1.62519e-05

0.00151367 2.44667e-05
0.00152087 2.44141e-05

0.0015625 5.04103e-06
0.00154277 2.44141e-05

0.00153809 2.59868e-05
0.00154281 2.44141e-05

0 0.00312078
0.000390625 0.00310978

0.000390625 0.00311006
0.00078125 0.00307648

0.00078125 0.00307711
0.00117187 0.00301911

0.00117188 0.00302016
0.0015625 0.00293436

0.0015625 6.16346e-06
0.00156461 0

0.00165643 0
0.00166016 9.14189e-06

0.00166016 1.02223e-05
0.00167601 2.44141e-05

0.00167523 2.44141e-05
0.00168457 2.76471e-05

0.00168457 1.74865e-05
0.00170898 1.7685e-05

0.00169402 2.44141e-05
0.00170898 2.44799e-05

0.0017334 1.07351e-05
0.0017176 2.44141e-05

0.00170898 2.7695e-05
0.00171867 2.44141e-05

0.0017334 1.11231e-05
0.00173804 0

0.00180019 0
0.00180664 1.43352e-05

0.00180664 9.41703e-06
0.00183105 1.22439e-05

0.00183105 6.28253e-06
0.00185371 0

0.0018559 0
0.00187988 1.73169e-05

0.00187988 8.87184e-06
0.0019043 1.14394e-05

0.0019043 9.16803e-06
0.00192871 1.05521e-05

0.00192871 9.74188e-06
0.00195312 1.21115e-05

0.00195312 9.44486e-06
0.00197754 1.30553e-05

0.00197754 1.36478e-05
0.00200195 1.2805e-05

0.00200195 1.55654e-05
0.00202637 5.82092e-06

0.00202637 6.32411e-06
0.00205078 8.89388e-06

0.00205078 9.24395e-06
0.0020752 1.48044e-05

0.0020752 9.75906e-06
0.00209961 1.19109e-05

0.00209961 1.35307e-05
0.00212402 1.32853e-05

0.00212402 1.30372e-05
0.00214844 8.30875e-06

0.00214844 7.90321e-06
0.00217285 1.30713e-05

0.00217285 1.38839e-05
0.00219727 1.38879e-05

0.00219727 1.31539e-05
0.00222168 7.8259e-06

0.00222168 7.74436e-06
0.00224609 1.34155e-05

0.00224609 1.41318e-05
0.00227051 1.39215e-05

0.00227051 1.38478e-05
0.00229492 7.03038e-06

0.00229492 7.79761e-06
0.00231934 1.19223e-05

0.00231934 1.0524e-05
0.00234375 1.51996e-05

0.00234375 1.52356e-05
0.00236816 1.06819e-05

0.00236816 1.2526e-05
0.00239258 7.152e-06

0.00239258 7.16032e-06
0.00241699 1.25236e-05

0.00241699 1.06173e-05
0.00244141 1.52809e-05

0.00244141 1.52771e-05
0.00246582 1.06063e-05

0.00246582 1.24943e-05
0.00249023 7.19536e-06

0.00249023 7.19636e-06
0.00251465 1.25377e-05

0.00251465 1.06404e-05
0.00253906 1.52517e-05

0.00253906 1.52457e-05
0.00256348 1.06195e-05

0.00256348 1.24563e-05
0.00258789 7.28583e-06

0.00258789 7.28002e-06
0.0026123 1.25705e-05

0.0026123 1.07717e-05
0.00263672 1.51355e-05

0.00263672 1.50805e-05
0.00266113 1.05679e-05

0.00266113 1.18732e-05
0.00268555 8.04993e-06

0.00268555 7.24871e-06
0.00270996 1.3878e-05

0.00270996 1.39619e-05
0.00273438 1.41318e-05

0.00273437 1.39212e-05
0.00275879 7.4343e-06

0.00275879 8.21834e-06
0.0027832 1.18287e-05

0.0027832 1.07083e-05
0.00280762 1.49406e-05

0.00280762 1.49445e-05
0.00283203 1.07074e-05

0.00283203 1.18434e-05
0.00285645 8.19454e-06

0.00285645 7.5288e-06
0.00288086 1.37867e-05

0.00288086 1.38965e-05
0.00290527 1.38682e-05

0.00290527 1.30002e-05
0.00292969 8.27742e-06

0.00292969 8.81588e-06
0.0029541 1.30074e-05

0.0029541 1.32081e-05
0.00297852 1.33021e-05

0.00297852 1.15519e-05
0.00300293 1.03956e-05

0.00300293 1.05412e-05
0.00302734 1.44626e-05

0.00302734 1.2839e-05
0.00305176 1.44205e-05

0.00305176 1.32377e-05
0.00307617 1.40729e-05

0.00307617 1.36809e-05
0.00310059 1.48375e-05

0.00310059 1.40808e-05
0.003125 1.50213e-05

0.00175781 0.00287846
0.00157302 0.00292969

0.0015625 0.00293236
0.00157215 0.00292969

0.00175781 0.00287895
0.00195312 0.00281611

0.00234375 0.00265859
0.00217003 0.00273438

0.00195312 0.00281644
0.00214844 0.00274321

0.00214844 0.00274258
0.00216725 0.00273438

0.00292969 0.00231105
0.0028843 0.00234375

0.00302734 0.00223628
0.00301515 0.00224609

0.00297852 0.00227162
0.00294854 0.00229492

0.00292969 0.00231059
0.00294992 0.00229492

0.00297852 0.00227071
0.0030093 0.00224609

0.00302734 0.00223371
0.003125 0.00214891

0.00244141 0.00261084
0.00238821 0.00263672

0.00234375 0.00265688
0.0023852 0.00263672

0.00244141 0.0026104
0.00253906 0.00255939

0.00273438 0.0024465
0.00257745 0.00253906

0.00253906 0.00255893
0.00257331 0.00253906

0.00283203 0.00238019
0.00273997 0.00244141

0.00273438 0.00244426
0.00273884 0.00244141

0.00283203 0.0023798
0.00288226 0.00234375

0.003125 1.44909e-05
0.00314941 1.55265e-05

0.00314941 1.4902e-05
0.00317383 1.58959e-05

0.00317383 1.53942e-05
0.00319824 1.62966e-05

0.00319824 1.58445e-05
0.00322266 1.65124e-05

0.00322266 1.59906e-05
0.00324707 1.68791e-05

0.00324707 1.63049e-05
0.00327148 1.7654e-05

0.00327148 1.7027e-05
0.0032959 1.83509e-05

0.0032959 1.77193e-05
0.00332031 1.87923e-05

0.00332031 1.79305e-05
0.00334473 1.9585e-05

0.00334473 1.9803e-05
0.00336914 2.00175e-05

0.00336914 1.32589e-05
0.00339303 2.44141e-05

0.00339155 2.44141e-05
0.00339355 2.51956e-05

0.00339355 2.75321e-05
0.00341791 4.88281e-05

0.00341756 4.88281e-05
0.00341797 4.92228e-05

0.00341797 4.95044e-05
0.00344174 7.32422e-05

0.00344179 7.32422e-05
0.00344238 7.38603e-05

0.00344238 7.40066e-05
0.00346444 9.76563e-05

0.00346497 9.76563e-05
0.0034668 9.96972e-05

0.0034668 0.00010019
0.00350624 0.000146484

0.00350621 0.000146484
0.00351563 0.000158766

0.00351563 0.000159211
0.00354282 0.000195313

0.00354319 0.000195313
0.00356445 0.000227165

0.00356445 0.000229001
0.00357438 0.000244141

0.00357525 0.000244141
0.00360414 0.000292969

0.0036049 0.000292969
0.00361328 0.000309816

0.00361328 0.00031126
0.00362926 0.000341797

0.00362945 0.000341797
0.00365213 0.000390625

0.00365279 0.000390625
0.00369035 0.000488281

0.00369018 0.000488281
0.00371094 0.000561338

0.00371094 0.000563115
0.00371742 0.000585938

0.0037176 0.000585937
0.00373655 0.000683594

0.00373618 0.000683594
0.00374747 0.00078125

0.00374945 0.00078125
0.00375026 0.000976562

0.00374995 0.000976562
0.00372219 0.00117188

0.00371094 0.00121297
0.00366684 0.00136719

0.00366681 0.00136719
0.00358191 0.0015625

0.00371094 0.00120506
0.00372043 0.00117187

0.00351563 0.00167963
0.00346906 0.00175781

0.00341797 0.00182266
0.00339397 0.00185547

0.00332031 0.00194635
0.00339374 0.00185547

0.00341797 0.0018211
0.00346428 0.00175781

0.0033185 0.00195312
0.00312906 0.00214844

0.003125 0.0021503
0.00312703 0.00214844

0.00351563 0.0016718
0.00358072 0.0015625

