7.19335e-05 0
7.32422e-05 3.86638e-06

7.32422e-05 4.71664e-07
9.56644e-05 2.44141e-05

9.76563e-05 1.48964e-05
0.00012207 1.52043e-05

0.00012207 1.39625e-05
0.000146484 1.33574e-05

0.000146484 1.41042e-05
0.000170898 1.50556e-05

0.000170898 1.42507e-05
0.000195313 1.45557e-05

0.000195313 1.5056e-05
0.000219727 1.45886e-05

0.000219727 1.44046e-05
0.000244141 1.36605e-05

0.000244141 1.38981e-05
0.000268555 1.45858e-05

0.000268555 1.44764e-05
0.000292969 1.46609e-05

0.000292969 1.48558e-05
0.000317383 1.39192e-05

0.000317383 1.42467e-05
0.000341797 1.34282e-05

0.000341797 1.36449e-05
0.000366211 1.38825e-05

0.000366211 1.3904e-05
0.000390625 1.41303e-05

0.000390625 1.42519e-05
0.000415039 1.36199e-05

0.000415039 1.38419e-05
0.000439453 1.32357e-05

0.000439453 1.33953e-05
0.000463867 1.35744e-05

0.000463867 1.35952e-05
0.000488281 1.37475e-05

0.000488281 1.38618e-05
0.000512695 1.33341e-05

0.000512695 1.35274e-05
0.000537109 1.3035e-05

0.000537109 1.31639e-05
0.000561523 1.3314e-05

0.000561523 1.33164e-05
0.000585937 1.34638e-05

0.000585938 1.35253e-05
0.000610352 1.31674e-05

0.000610352 1.33077e-05
0.000634766 1.29525e-05

0.000634766 1.30355e-05
0.00065918 1.31461e-05

0.00065918 1.31706e-05
0.000683594 1.32483e-05

0.000683594 1.32563e-05
0.000708008 1.30368e-05

0.000708008 1.30929e-05
0.000732422 1.3011e-05

0.000732422 1.29403e-05
0.000756836 1.32358e-05

0.000756836 1.32101e-05
0.00078125 1.33174e-05

0.00078125 1.31921e-05
0.000805664 1.31387e-05

0.000805664 1.3148e-05
0.000830078 1.33025e-05

0.000830078 1.32014e-05
0.000854492 1.33525e-05

0.000854492 1.32606e-05
0.000878906 1.34089e-05

0.000878906 1.33223e-05
0.00090332 1.34475e-05

0.00090332 1.33566e-05
0.000927734 1.34959e-05

0.000927734 1.3385e-05
0.000952148 1.35892e-05

0.000952148 1.34578e-05
0.000976562 1.36957e-05

0.000976562 1.35682e-05
0.00100098 1.37587e-05

0.00100098 1.36455e-05
0.00102539 1.37921e-05

0.00102539 1.36491e-05
0.0010498 1.38975e-05

0.0010498 1.37686e-05
0.00107422 1.40432e-05

0.00107422 1.38817e-05
0.00109863 1.40814e-05

0.00109863 1.39191e-05
0.00112305 1.41978e-05

0.00112305 1.40316e-05
0.00114746 1.436e-05

0.00114746 1.42237e-05
0.00117187 1.44022e-05

0.00117188 1.42553e-05
0.00119629 1.44149e-05

0.00119629 1.40795e-05
0.0012207 1.47965e-05

0.0012207 1.47798e-05
0.00124512 1.50282e-05

0.00124512 1.50605e-05
0.00126953 1.4215e-05

0.00126953 1.402e-05
0.00129395 1.44395e-05

0.00129395 1.49224e-05
0.00131836 1.50182e-05

0.00131836 1.44572e-05
0.00134277 1.41553e-05

0.00134277 1.51233e-05
0.00136719 1.43344e-05

0.00134277 2.44584e-05
0.00134637 2.44141e-05

0.0013916 1.08585e-06
0.00136913 2.44141e-05

0.00136719 2.5055e-05
0.00136904 2.44141e-05

0.0013916 4.40461e-06
0.0013931 0

0.00146294 0
0.00146484 5.60536e-06

0.00146484 4.22885e-06
0.00148482 2.44141e-05

0.0014854 2.44141e-05
0.00148926 2.57207e-05

0.00148926 1.65136e-05
0.00151367 1.69721e-05

0.00151303 2.44141e-05
0.00151367 2.44186e-05

0.00151367 1.66976e-05
0.00153809 1.6508e-05

0.00151367 2.44302e-05
0.00152158 2.44141e-05

0.0015625 4.96394e-06
0.00154272 2.44141e-05

0.00153809 2.57436e-05
0.00154207 2.44141e-05

0 0.00312079
0.000390625 0.00310979

0.000390625 0.00311007
0.00078125 0.00307649

0.00078125 0.00307712
0.00117187 0.00301911

0.00117188 0.00302016
0.0015625 0.00293436

0.0015625 6.50509e-06
0.00156473 0

0.00165642 0
0.00166016 9.1759e-06

0.00166016 1.01917e-05
0.00167603 2.44141e-05

0.00167529 2.44141e-05
0.00168457 2.76334e-05

0.00168457 1.75174e-05
0.00170898 1.77255e-05

0.00169402 2.44141e-05
0.00170898 2.44838e-05

0.0017334 1.07108e-05
0.0017176 2.44141e-05

0.00170898 2.76984e-05
0.00171865 2.44141e-05

0.0017334 1.11162e-05
0.00173804 0

0.00180019 0
0.00180664 1.43367e-05

0.00180664 9.42081e-06
0.00183105 1.22421e-05

0.00183105 6.26832e-06
0.00185375 0

0.00185589 0
0.00187988 1.73274e-05

0.00187988 8.8871e-06
0.0019043 1.14329e-05

0.0019043 9.1696e-06
0.00192871 1.05481e-05

0.00192871 9.74302e-06
0.00195312 1.2113e-05

0.00195312 9.44442e-06
0.00197754 1.30537e-05

0.00197754 1.36489e-05
0.00200195 1.28051e-05

0.00200195 1.55612e-05
0.00202637 5.82177e-06

0.00202637 6.32416e-06
0.00205078 8.90071e-06

0.00205078 9.24766e-06
0.0020752 1.48048e-05

0.0020752 9.76855e-06
0.00209961 1.1906e-05

0.00209961 1.35274e-05
0.00212402 1.32743e-05

0.00212402 1.29543e-05
0.00214844 8.38629e-06

0.00214844 7.99667e-06
0.00217285 1.31523e-05

0.00217285 1.39966e-05
0.00219727 1.37789e-05

0.00219727 1.31747e-05
0.00222168 7.68434e-06

0.00222168 7.59105e-06
0.00224609 1.34014e-05

0.00224609 1.40157e-05
0.00227051 1.40558e-05

0.00227051 1.39337e-05
0.00229492 7.1126e-06

0.00229492 7.86595e-06
0.00231934 1.18362e-05

0.00231934 1.0514e-05
0.00234375 1.52032e-05

0.00234375 1.52335e-05
0.00236816 1.06822e-05

0.00236816 1.25237e-05
0.00239258 7.15186e-06

0.00239258 7.15963e-06
0.00241699 1.25254e-05

0.00241699 1.06184e-05
0.00244141 1.52803e-05

0.00244141 1.52757e-05
0.00246582 1.06066e-05

0.00246582 1.2492e-05
0.00249023 7.20034e-06

0.00249023 7.2015e-06
0.00251465 1.2539e-05

0.00251465 1.06435e-05
0.00253906 1.5248e-05

0.00253906 1.52418e-05
0.00256348 1.0621e-05

0.00256348 1.24593e-05
0.00258789 7.28939e-06

0.00258789 7.28308e-06
0.0026123 1.25652e-05

0.0026123 1.07707e-05
0.00263672 1.51332e-05

0.00263672 1.50778e-05
0.00266113 1.0566e-05

0.00266113 1.18691e-05
0.00268555 8.05256e-06

0.00268555 7.25185e-06
0.00270996 1.38784e-05

0.00270996 1.39595e-05
0.00273438 1.41294e-05

0.00273437 1.39045e-05
0.00275879 7.45467e-06

0.00275879 8.24041e-06
0.0027832 1.18444e-05

0.0027832 1.07196e-05
0.00280762 1.49292e-05

0.00280762 1.49278e-05
0.00283203 1.07346e-05

0.00283203 1.19464e-05
0.00285645 8.14526e-06

0.00285645 7.45294e-06
0.00288086 1.36946e-05

0.00288086 1.37831e-05
0.00290527 1.39922e-05

0.00290527 1.31216e-05
0.00292969 8.30606e-06

0.00292969 8.81367e-06
0.0029541 1.28907e-05

0.0029541 1.31434e-05
0.00297852 1.33693e-05

0.00297852 1.15371e-05
0.00300293 1.04657e-05

0.00300293 1.06084e-05
0.00302734 1.45054e-05

0.00302734 1.29012e-05
0.00305176 1.43972e-05

0.00305176 1.32642e-05
0.00307617 1.40353e-05

0.00307617 1.36748e-05
0.00310059 1.47853e-05

0.00310059 1.40475e-05
0.003125 1.49689e-05

0.00175781 0.00287846
0.00157303 0.00292969

0.0015625 0.00293237
0.00157217 0.00292969

0.00175781 0.00287895
0.00195312 0.0028161

0.00234375 0.00265858
0.00217001 0.00273438

0.00195312 0.00281644
0.00214844 0.00274321

0.00214844 0.00274257
0.00216723 0.00273438

0.00292969 0.00231104
0.00288429 0.00234375

0.00302734 0.00223628
0.00301516 0.00224609

0.00297852 0.0022716
0.00294852 0.00229492

0.00292969 0.00231058
0.0029499 0.00229492

0.00297852 0.00227069
0.00300927 0.00224609

0.00302734 0.00223369
0.003125 0.00214889

0.00244141 0.00261084
0.0023882 0.00263672

0.00234375 0.00265687
0.00238518 0.00263672

0.00244141 0.00261039
0.00253906 0.00255938

0.00273438 0.00244649
0.00257743 0.00253906

0.00253906 0.00255891
0.00257327 0.00253906

0.00283203 0.00238017
0.00273995 0.00244141

0.00273438 0.00244423
0.0027388 0.00244141

0.00283203 0.00237978
0.00288223 0.00234375

0.003125 1.44472e-05
0.00314941 1.54775e-05

0.00314941 1.48591e-05
0.00317383 1.58391e-05

0.00317383 1.53015e-05
0.00319824 1.62676e-05

0.00319824 1.57063e-05
0.00322266 1.66567e-05

0.00322266 1.61099e-05
0.00324707 1.71401e-05

0.00324707 1.6558e-05
0.00327148 1.76768e-05

0.00327148 1.69921e-05
0.0032959 1.83516e-05

0.0032959 1.7877e-05
0.00332031 1.89898e-05

0.00332031 1.83509e-05
0.00334473 1.92183e-05

0.00334473 1.88554e-05
0.00336914 1.97461e-05

0.00336914 1.40053e-05
0.00339152 2.44141e-05

0.00339059 2.44141e-05
0.00339355 2.54885e-05

0.00339355 2.65987e-05
0.00341797 4.71902e-05

0.00341797 4.76319e-05
0.00341918 4.88281e-05

0.00341833 4.88281e-05
0.00344225 7.32422e-05

0.00344222 7.32422e-05
0.00344238 7.34179e-05

0.00344238 7.35327e-05
0.00346457 9.76563e-05

0.00346509 9.76563e-05
0.0034668 9.95815e-05

0.0034668 0.000100268
0.00348576 0.00012207

0.00348557 0.00012207
0.00349121 0.00012884

0.00349121 0.000128568
0.00350591 0.000146484

0.00350619 0.000146484
0.00351563 0.00015881

0.00351563 0.000159241
0.00354276 0.000195313

0.00354314 0.000195313
0.00356445 0.000227232

0.00356445 0.000229105
0.00357431 0.000244141

0.0035752 0.000244141
0.00360409 0.000292969

0.00360486 0.000292969
0.00361328 0.000309887

0.00361328 0.000311352
0.00362921 0.000341797

0.00362941 0.000341797
0.00365209 0.000390625

0.00365275 0.000390625
0.00369032 0.000488281

0.00369015 0.000488281
0.00371094 0.000561402

0.00371094 0.000563208
0.0037174 0.000585938

0.00371758 0.000585937
0.00373653 0.000683594

0.00373616 0.000683594
0.00374746 0.00078125

0.00374943 0.00078125
0.00375025 0.000976562

0.00374994 0.000976562
0.00372218 0.00117188

0.00371094 0.00121294
0.00366682 0.00136719

0.0036668 0.00136719
0.00358189 0.0015625

0.00371094 0.00120497
0.0037204 0.00117187

0.00332031 0.00195276
0.00332001 0.00195312

0.00351563 0.00167963
0.00346906 0.00175781

0.00341797 0.00182265
0.00339396 0.00185547

0.00332031 0.00194633
0.00339372 0.00185547

0.00341797 0.00182107
0.00346426 0.00175781

0.00331849 0.00195312
0.00312905 0.00214844

0.003125 0.00215032
0.00312704 0.00214844

0.00351563 0.00167175
0.00358069 0.0015625

