7.13612e-05 0
7.32422e-05 5.46772e-06

7.32422e-05 3.1684e-07
9.60838e-05 2.44141e-05

9.76563e-05 1.41152e-05
0.00012207 1.52745e-05

0.00012207 1.38797e-05
0.000146484 1.4194e-05

0.000146484 1.47935e-05
0.000170898 1.50915e-05

0.000170898 1.45431e-05
0.000195313 1.40041e-05

0.000195313 1.45566e-05
0.000219727 1.44746e-05

0.000219727 1.42089e-05
0.000244141 1.42096e-05

0.000244141 1.445e-05
0.000268555 1.45822e-05

0.000268555 1.45363e-05
0.000292969 1.409e-05

0.000292969 1.43654e-05
0.000317383 1.39684e-05

0.000317383 1.4128e-05
0.000341797 1.38841e-05

0.000341797 1.40721e-05
0.000366211 1.38877e-05

0.000366211 1.39914e-05
0.000390625 1.37394e-05

0.000390625 1.39076e-05
0.000415039 1.36702e-05

0.000415039 1.3785e-05
0.000439453 1.35885e-05

0.000439453 1.37478e-05
0.000463867 1.3536e-05

0.000463867 1.36166e-05
0.000488281 1.34418e-05

0.000488281 1.35762e-05
0.000512695 1.34488e-05

0.000512695 1.35219e-05
0.000537109 1.33487e-05

0.000537109 1.34548e-05
0.000561523 1.33159e-05

0.000561523 1.33957e-05
0.000585937 1.32719e-05

0.000585938 1.33555e-05
0.000610352 1.32348e-05

0.000610352 1.33149e-05
0.000634766 1.31776e-05

0.000634766 1.32781e-05
0.00065918 1.31136e-05

0.00065918 1.31265e-05
0.000683594 1.3129e-05

0.000683594 1.32106e-05
0.000708008 1.31846e-05

0.000708008 1.32318e-05
0.000732422 1.29864e-05

0.000732422 1.2948e-05
0.000756836 1.30959e-05

0.000756836 1.30514e-05
0.00078125 1.33782e-05

0.00078125 1.32834e-05
0.000805664 1.32309e-05

0.000805664 1.32176e-05
0.000830078 1.31361e-05

0.000830078 1.301e-05
0.000854492 1.33868e-05

0.000854492 1.34098e-05
0.000878906 1.34895e-05

0.000878906 1.33168e-05
0.00090332 1.31961e-05

0.00090332 1.31487e-05
0.000927734 1.35748e-05

0.000927734 1.33511e-05
0.000952148 1.37849e-05

0.000952148 1.37605e-05
0.000976562 1.36049e-05

0.000976562 1.34548e-05
0.00100098 1.34501e-05

0.00100098 1.33309e-05
0.00102539 1.40274e-05

0.00102539 1.38547e-05
0.0010498 1.40921e-05

0.0010498 1.3895e-05
0.00107422 1.3823e-05

0.00107422 1.3847e-05
0.00109863 1.39902e-05

0.00109863 1.35768e-05
0.00112305 1.43589e-05

0.00112305 1.44331e-05
0.00114746 1.46081e-05

0.00114746 1.4287e-05
0.00117187 1.39216e-05

0.00117188 1.37687e-05
0.00119629 1.4704e-05

0.00119629 1.4392e-05
0.0012207 1.5283e-05

0.0012207 1.51136e-05
0.00124512 1.47914e-05

0.00124512 1.4952e-05
0.00126953 1.42012e-05

0.00126953 1.38879e-05
0.00129395 1.48185e-05

0.00129395 1.53986e-05
0.00131836 1.52438e-05

0.00131836 1.4463e-05
0.00134277 1.3993e-05

0.00134277 1.53605e-05
0.00136719 1.45281e-05

0.0013916 8.16791e-07
0.00136917 2.44141e-05

0.0013916 4.45811e-06
0.00139312 0

0.00146311 0
0.00146484 5.13929e-06

0.00146484 4.15241e-06
0.00148458 2.44141e-05

0.00148457 2.44141e-05
0.00148926 2.6037e-05

0.00148926 1.70336e-05
0.00151367 1.71496e-05

0.00148926 2.44424e-05
0.00150174 2.44141e-05

0.00151367 1.6611e-05
0.00153809 1.61557e-05

0.00151367 2.44361e-05
0.00151674 2.44141e-05

0.0015625 5.28349e-06
0.00154268 2.44141e-05

0.00153809 2.56809e-05
0.00154194 2.44141e-05

0 0.00312081
0.000390625 0.00310981

0.000390625 0.00311009
0.00078125 0.0030765

0.00078125 0.00307714
0.00117187 0.00301912

0.00117188 0.00302017
0.0015625 0.00293437

0.0015625 7.05707e-06
0.00156494 0

0.00165643 0
0.00166016 9.14204e-06

0.00166016 1.02546e-05
0.00167597 2.44141e-05

0.00167513 2.44141e-05
0.00168457 2.76877e-05

0.00168457 1.75168e-05
0.00170898 1.7705e-05

0.00169393 2.44141e-05
0.00170898 2.4475e-05

0.0017334 1.07707e-05
0.00171763 2.44141e-05

0.00170898 2.76996e-05
0.00171867 2.44141e-05

0.0017334 1.11823e-05
0.00173808 0

0.00180022 0
0.00180664 1.43059e-05

0.00180664 9.40948e-06
0.00183105 1.22702e-05

0.00183105 6.25855e-06
0.00185381 0

0.00185587 0
0.00187988 1.73411e-05

0.00187988 8.91196e-06
0.0019043 1.14335e-05

0.0019043 9.18102e-06
0.00192871 1.05447e-05

0.00192871 9.75125e-06
0.00195312 1.21146e-05

0.00195312 9.44811e-06
0.00197754 1.30512e-05

0.00197754 1.3645e-05
0.00200195 1.28118e-05

0.00200195 1.55384e-05
0.00202637 5.85963e-06

0.00202637 6.33822e-06
0.00205078 8.94707e-06

0.00205078 9.36779e-06
0.0020752 1.474e-05

0.0020752 9.70626e-06
0.00209961 1.18153e-05

0.00209961 1.34179e-05
0.00212402 1.33957e-05

0.00212402 1.31113e-05
0.00214844 8.38107e-06

0.00214844 7.96312e-06
0.00217285 1.29895e-05

0.00217285 1.38484e-05
0.00219727 1.3899e-05

0.00219727 1.31601e-05
0.00222168 7.85981e-06

0.00222168 7.76954e-06
0.00224609 1.33958e-05

0.00224609 1.41215e-05
0.00227051 1.39189e-05

0.00227051 1.38448e-05
0.00229492 7.04903e-06

0.00229492 7.81152e-06
0.00231934 1.19192e-05

0.00231934 1.05275e-05
0.00234375 1.51938e-05

0.00234375 1.52302e-05
0.00236816 1.06861e-05

0.00236816 1.25268e-05
0.00239258 7.16132e-06

0.00239258 7.16989e-06
0.00241699 1.25208e-05

0.00241699 1.06193e-05
0.00244141 1.52761e-05

0.00244141 1.52725e-05
0.00246582 1.06086e-05

0.00246582 1.24916e-05
0.00249023 7.20453e-06

0.00249023 7.2059e-06
0.00251465 1.25381e-05

0.00251465 1.06439e-05
0.00253906 1.52458e-05

0.00253906 1.52404e-05
0.00256348 1.06225e-05

0.00256348 1.24611e-05
0.00258789 7.2896e-06

0.00258789 7.28373e-06
0.0026123 1.25626e-05

0.0026123 1.07694e-05
0.00263672 1.51325e-05

0.00263672 1.50769e-05
0.00266113 1.05653e-05

0.00266113 1.18666e-05
0.00268555 8.05374e-06

0.00268555 7.2528e-06
0.00270996 1.38803e-05

0.00270996 1.39607e-05
0.00273438 1.41284e-05

0.00273437 1.39065e-05
0.00275879 7.45263e-06

0.00275879 8.23671e-06
0.0027832 1.18437e-05

0.0027832 1.07218e-05
0.00280762 1.49304e-05

0.00280762 1.49339e-05
0.00283203 1.07227e-05

0.00283203 1.18778e-05
0.00285645 8.19502e-06

0.00285645 7.52317e-06
0.00288086 1.37548e-05

0.00288086 1.38826e-05
0.00290527 1.38811e-05

0.00290527 1.29968e-05
0.00292969 8.27912e-06

0.00292969 8.83121e-06
0.0029541 1.29972e-05

0.0029541 1.32073e-05
0.00297852 1.32679e-05

0.00297852 1.14227e-05
0.00300293 1.04857e-05

0.00300293 1.06134e-05
0.00302734 1.46394e-05

0.00302734 1.29548e-05
0.00305176 1.444e-05

0.00305176 1.33059e-05
0.00307617 1.41263e-05

0.00307617 1.37087e-05
0.00310059 1.49282e-05

0.00310059 1.41701e-05
0.003125 1.5161e-05

0.00175781 0.00287847
0.00157305 0.00292969

0.0015625 0.00293239
0.00157225 0.00292969

0.00175781 0.00287896
0.00195312 0.0028161

0.00234375 0.00265858
0.00217002 0.00273438

0.00195312 0.00281644
0.00214844 0.00274321

0.00214844 0.00274257
0.00216722 0.00273438

0.00292969 0.00231106
0.00288432 0.00234375

0.00302734 0.00223636
0.00301526 0.00224609

0.00297852 0.0022716
0.00294852 0.00229492

0.00292969 0.0023106
0.00294991 0.00229492

0.00297852 0.00227066
0.00300924 0.00224609

0.00302734 0.0022337
0.003125 0.0021489

0.00244141 0.00261084
0.00238821 0.00263672

0.00234375 0.00265686
0.00238516 0.00263672

0.00244141 0.00261039
0.00253906 0.00255938

0.00273438 0.0024465
0.00257744 0.00253906

0.00253906 0.00255888
0.00257322 0.00253906

0.00283203 0.00238018
0.00273996 0.00244141

0.00273438 0.0024442
0.00273875 0.00244141

0.00283203 0.00237977
0.00288221 0.00234375

0.003125 1.46988e-05
0.00314941 1.55281e-05

0.00314941 1.50059e-05
0.00317383 1.56894e-05

0.00317383 1.52169e-05
0.00319824 1.61578e-05

0.00319824 1.5715e-05
0.00322266 1.65958e-05

0.00322266 1.60164e-05
0.00324707 1.69088e-05

0.00324707 1.64362e-05
0.00327148 1.7484e-05

0.00327148 1.68126e-05
0.0032959 1.8053e-05

0.0032959 1.77447e-05
0.00332031 1.85455e-05

0.00332031 1.75731e-05
0.00334473 1.88658e-05

0.00334473 1.90994e-05
0.00336914 1.97762e-05

0.00336914 1.29553e-05
0.00339271 2.44141e-05

0.00339177 2.44141e-05
0.00339355 2.51245e-05

0.00339355 2.75027e-05
0.00341789 4.88281e-05

0.00341764 4.88281e-05
0.00341797 4.91498e-05

0.00341797 4.95221e-05
0.00344172 7.32422e-05

0.00344178 7.32422e-05
0.00344238 7.3868e-05

0.00344238 7.40305e-05
0.00346446 9.76563e-05

0.00346499 9.76563e-05
0.0034668 9.96751e-05

0.0034668 0.000100125
0.00350632 0.000146484

0.00350626 0.000146484
0.00351563 0.000158701

0.00351563 0.000158931
0.00354272 0.000195313

0.00354324 0.000195313
0.00356445 0.000227099

0.00356445 0.000228987
0.00357438 0.000244141

0.00357528 0.000244141
0.00360416 0.000292969

0.00360492 0.000292969
0.00361328 0.00030977

0.00361328 0.000311229
0.00362927 0.000341797

0.00362947 0.000341797
0.00365213 0.000390625

0.00365279 0.000390625
0.00369034 0.000488281

0.00369018 0.000488281
0.00371094 0.000561348

0.00371094 0.000563176
0.00371741 0.000585938

0.00371759 0.000585937
0.00373654 0.000683594

0.00373617 0.000683594
0.00374745 0.00078125

0.00374943 0.00078125
0.00375024 0.000976562

0.00374993 0.000976562
0.00372217 0.00117188

0.00371094 0.00121295
0.00366683 0.00136719

0.0036668 0.00136719
0.00358189 0.0015625

0.00371094 0.0012048
0.00372035 0.00117187

0.00332031 0.00195282
0.00332006 0.00195312

0.00351563 0.00167973
0.00346912 0.00175781

0.00341797 0.00182269
0.00339398 0.00185547

0.00332031 0.00194634
0.00339373 0.00185547

0.00341797 0.00182105
0.00346426 0.00175781

0.0033185 0.00195312
0.00312906 0.00214844

0.003125 0.00215042
0.00312716 0.00214844

0.00351563 0.00167168
0.00358065 0.0015625

