7.1613e-05 0
7.32422e-05 4.77485e-06

7.32422e-05 9.57511e-07
9.59598e-05 2.44141e-05

9.76563e-05 1.41987e-05
0.00012207 1.47951e-05

0.00012207 1.37158e-05
0.000146484 1.42051e-05

0.000146484 1.46639e-05
0.000170898 1.50955e-05

0.000170898 1.45839e-05
0.000195313 1.40209e-05

0.000195313 1.44431e-05
0.000219727 1.44259e-05

0.000219727 1.41711e-05
0.000244141 1.44067e-05

0.000244141 1.4502e-05
0.000268555 1.47379e-05

0.000268555 1.48734e-05
0.000292969 1.40781e-05

0.000292969 1.44059e-05
0.000317383 1.35837e-05

0.000317383 1.37609e-05
0.000341797 1.39264e-05

0.000341797 1.40149e-05
0.000366211 1.4227e-05

0.000366211 1.43039e-05
0.000390625 1.37081e-05

0.000390625 1.397e-05
0.000415039 1.33641e-05

0.000415039 1.34775e-05
0.000439453 1.36263e-05

0.000439453 1.37137e-05
0.000463867 1.38421e-05

0.000463867 1.38986e-05
0.000488281 1.33972e-05

0.000488281 1.36346e-05
0.000512695 1.31752e-05

0.000512695 1.32328e-05
0.000537109 1.33886e-05

0.000537109 1.34621e-05
0.000561523 1.35756e-05

0.000561523 1.3605e-05
0.000585937 1.31828e-05

0.000585938 1.33846e-05
0.000610352 1.3036e-05

0.000610352 1.31071e-05
0.000634766 1.31766e-05

0.000634766 1.3197e-05
0.00065918 1.33237e-05

0.00065918 1.33523e-05
0.000683594 1.31144e-05

0.000683594 1.3218e-05
0.000708008 1.29596e-05

0.000708008 1.30267e-05
0.000732422 1.30699e-05

0.000732422 1.30042e-05
0.000756836 1.32351e-05

0.000756836 1.31672e-05
0.00078125 1.32603e-05

0.00078125 1.31605e-05
0.000805664 1.3213e-05

0.000805664 1.32635e-05
0.000830078 1.32398e-05

0.000830078 1.3129e-05
0.000854492 1.32102e-05

0.000854492 1.3126e-05
0.000878906 1.34947e-05

0.000878906 1.33617e-05
0.00090332 1.35135e-05

0.00090332 1.34661e-05
0.000927734 1.33767e-05

0.000927734 1.328e-05
0.000952148 1.34642e-05

0.000952148 1.33197e-05
0.000976562 1.37935e-05

0.000976562 1.3601e-05
0.00100098 1.38445e-05

0.00100098 1.38035e-05
0.00102539 1.36736e-05

0.00102539 1.34955e-05
0.0010498 1.37554e-05

0.0010498 1.35558e-05
0.00107422 1.43112e-05

0.00107422 1.42301e-05
0.00109863 1.41695e-05

0.00109863 1.39723e-05
0.00112305 1.38016e-05

0.00112305 1.36769e-05
0.00114746 1.44614e-05

0.00114746 1.40234e-05
0.00117187 1.49611e-05

0.00117188 1.49384e-05
0.00119629 1.46816e-05

0.00119629 1.44901e-05
0.0012207 1.40849e-05

0.0012207 1.40356e-05
0.00124512 1.4944e-05

0.00124512 1.4765e-05
0.00126953 1.52557e-05

0.00126953 1.5147e-05
0.00129395 1.46285e-05

0.00129395 1.50734e-05
0.00131836 1.41068e-05

0.00131836 1.41275e-05
0.00134277 1.41122e-05

0.00134277 1.45329e-05
0.00136719 1.46233e-05

0.0013916 2.06402e-06
0.00136927 2.44141e-05

0.0013916 5.15616e-06
0.00139337 0

0.00146307 0
0.00146484 5.2213e-06

0.00146484 3.61381e-06
0.00148478 2.44141e-05

0.00148589 2.44141e-05
0.00148926 2.55941e-05

0.00148926 1.67962e-05
0.00151367 1.77653e-05

0.00151367 1.72537e-05
0.00153809 1.64214e-05

0.0015625 4.80174e-06
0.00154276 2.44141e-05

0.00153809 2.56511e-05
0.00154174 2.44141e-05

0 0.00312081
0.000390625 0.0031098

0.000390625 0.00311009
0.00078125 0.0030765

0.00078125 0.00307714
0.00117187 0.00301912

0.00117188 0.00302017
0.0015625 0.00293437

0.0015625 6.58337e-06
0.00156476 0

0.00165642 0
0.00166016 9.16568e-06

0.00166016 1.02594e-05
0.00167597 2.44141e-05

0.00167514 2.44141e-05
0.00168457 2.76832e-05

0.00168457 1.75152e-05
0.00170898 1.77032e-05

0.00169352 2.44141e-05
0.00170898 2.44771e-05

0.0017334 1.07699e-05
0.00171763 2.44141e-05

0.00170898 2.77034e-05
0.00171868 2.44141e-05

0.0017334 1.1186e-05
0.00173808 0

0.00180022 0
0.00180664 1.43034e-05

0.00180664 9.41601e-06
0.00183105 1.22715e-05

0.00183105 6.25638e-06
0.00185379 0

0.00185587 0
0.00187988 1.73465e-05

0.00187988 8.91435e-06
0.0019043 1.14306e-05

0.0019043 9.18144e-06
0.00192871 1.05453e-05

0.00192871 9.7513e-06
0.00195312 1.21143e-05

0.00195312 9.4489e-06
0.00197754 1.30511e-05

0.00197754 1.36449e-05
0.00200195 1.28104e-05

0.00200195 1.55422e-05
0.00202637 5.85487e-06

0.00202637 6.35875e-06
0.00205078 8.91688e-06

0.00205078 9.26353e-06
0.0020752 1.4788e-05

0.0020752 9.77818e-06
0.00209961 1.19141e-05

0.00209961 1.35294e-05
0.00212402 1.32703e-05

0.00212402 1.29707e-05
0.00214844 8.37971e-06

0.00214844 7.98985e-06
0.00217285 1.31295e-05

0.00217285 1.39751e-05
0.00219727 1.37857e-05

0.00219727 1.30905e-05
0.00222168 7.77679e-06

0.00222168 7.70594e-06
0.00224609 1.34762e-05

0.00224609 1.41396e-05
0.00227051 1.39199e-05

0.00227051 1.38485e-05
0.00229492 7.03911e-06

0.00229492 7.80945e-06
0.00231934 1.19229e-05

0.00231934 1.05282e-05
0.00234375 1.51935e-05

0.00234375 1.52311e-05
0.00236816 1.06857e-05

0.00236816 1.25269e-05
0.00239258 7.15996e-06

0.00239258 7.16823e-06
0.00241699 1.25215e-05

0.00241699 1.06194e-05
0.00244141 1.52774e-05

0.00244141 1.52736e-05
0.00246582 1.06083e-05

0.00246582 1.2492e-05
0.00249023 7.20357e-06

0.00249023 7.20503e-06
0.00251465 1.25384e-05

0.00251465 1.06438e-05
0.00253906 1.52466e-05

0.00253906 1.52413e-05
0.00256348 1.06224e-05

0.00256348 1.24626e-05
0.00258789 7.2875e-06

0.00258789 7.2806e-06
0.0026123 1.25627e-05

0.0026123 1.07693e-05
0.00263672 1.51354e-05

0.00263672 1.50796e-05
0.00266113 1.05637e-05

0.00266113 1.1866e-05
0.00268555 8.05135e-06

0.00268555 7.25146e-06
0.00270996 1.3881e-05

0.00270996 1.3959e-05
0.00273438 1.41291e-05

0.00273437 1.39065e-05
0.00275879 7.45512e-06

0.00275879 8.24263e-06
0.0027832 1.18394e-05

0.0027832 1.07185e-05
0.00280762 1.49237e-05

0.00280762 1.49302e-05
0.00283203 1.07222e-05

0.00283203 1.1851e-05
0.00285645 8.21742e-06

0.00285645 7.54991e-06
0.00288086 1.37805e-05

0.00288086 1.39295e-05
0.00290527 1.38372e-05

0.00290527 1.29444e-05
0.00292969 8.26254e-06

0.00292969 8.83156e-06
0.0029541 1.30504e-05

0.0029541 1.32421e-05
0.00297852 1.3232e-05

0.00297852 1.14055e-05
0.00300293 1.04631e-05

0.00300293 1.0589e-05
0.00302734 1.46568e-05

0.00302734 1.2919e-05
0.00305176 1.44908e-05

0.00305176 1.33327e-05
0.00307617 1.42226e-05

0.00307617 1.38157e-05
0.00310059 1.49461e-05

0.00310059 1.425e-05
0.003125 1.5071e-05

0.00175781 0.00287847
0.00157304 0.00292969

0.0015625 0.00293239
0.00157225 0.00292969

0.00175781 0.00287895
0.00195312 0.0028161

0.00234375 0.00265858
0.00217002 0.00273438

0.00195312 0.00281644
0.00214844 0.00274321

0.00214844 0.00274257
0.00216721 0.00273438

0.00292969 0.00231106
0.00288432 0.00234375

0.00302734 0.00223637
0.00301526 0.00224609

0.00297852 0.0022716
0.00294852 0.00229492

0.00292969 0.0023106
0.00294991 0.00229492

0.00297852 0.00227066
0.00300924 0.00224609

0.00302734 0.0022337
0.003125 0.0021489

0.00244141 0.00261084
0.00238821 0.00263672

0.00234375 0.00265686
0.00238516 0.00263672

0.00244141 0.00261039
0.00253906 0.00255938

0.00273438 0.0024465
0.00257744 0.00253906

0.00253906 0.00255887
0.00257321 0.00253906

0.00283203 0.00238017
0.00273996 0.00244141

0.00273438 0.0024442
0.00273874 0.00244141

0.00283203 0.00237976
0.0028822 0.00234375

0.003125 1.46514e-05
0.00314941 1.54274e-05

0.00314941 1.48918e-05
0.00317383 1.57013e-05

0.00317383 1.52477e-05
0.00319824 1.61871e-05

0.00319824 1.58348e-05
0.00322266 1.63702e-05

0.00322266 1.54689e-05
0.00324707 1.69032e-05

0.00324707 1.70812e-05
0.00327148 1.77035e-05

0.00327148 1.67866e-05
0.0032959 1.67364e-05

0.0032959 1.54099e-05
0.00332031 1.92812e-05

0.00332031 1.98914e-05
0.00334473 2.1245e-05

0.00334473 1.96995e-05
0.00336914 1.76988e-05

0.00336914 1.22928e-05
0.00339275 2.44141e-05

0.00339165 2.44141e-05
0.00339355 2.51968e-05

0.00339355 2.72959e-05
0.00341797 4.88019e-05

0.0034177 4.88281e-05
0.00341797 4.9088e-05

0.00341797 4.93802e-05
0.0034418 7.32422e-05

0.00344185 7.32422e-05
0.00344238 7.37921e-05

0.00344238 7.39469e-05
0.00346447 9.76563e-05

0.00346501 9.76563e-05
0.0034668 9.9665e-05

0.0034668 0.000100138
0.00350626 0.000146484

0.00350623 0.000146484
0.00351563 0.000158736

0.00351563 0.00015917
0.00354285 0.000195313

0.00354322 0.000195313
0.00356445 0.000227116

0.00356445 0.000229009
0.00357437 0.000244141

0.00357527 0.000244141
0.00360416 0.000292969

0.00360492 0.000292969
0.00361328 0.000309773

0.00361328 0.000311235
0.00362927 0.000341797

0.00362946 0.000341797
0.00365213 0.000390625

0.0036528 0.000390625
0.00369035 0.000488281

0.00369018 0.000488281
0.00371094 0.000561322

0.00371094 0.000563151
0.00371741 0.000585938

0.0037176 0.000585937
0.00373654 0.000683594

0.00373618 0.000683594
0.00374746 0.00078125

0.00374944 0.00078125
0.00375024 0.000976562

0.00374993 0.000976562
0.00372217 0.00117188

0.00371094 0.00121294
0.00366683 0.00136719

0.00366679 0.00136719
0.00358189 0.0015625

0.00371094 0.00120478
0.00372035 0.00117187

0.00332031 0.00195281
0.00332005 0.00195312

0.00351563 0.00167973
0.00346912 0.00175781

0.00341797 0.00182268
0.00339397 0.00185547

0.00332031 0.00194633
0.00339372 0.00185547

0.00341797 0.00182105
0.00346426 0.00175781

0.00331849 0.00195312
0.00312905 0.00214844

0.003125 0.00215042
0.00312716 0.00214844

0.00351563 0.00167167
0.00358064 0.0015625

