7.16903e-05 0
7.32422e-05 4.5555e-06

7.32422e-05 6.69581e-08
9.58636e-05 2.44141e-05

9.74203e-05 2.44141e-05
9.76563e-05 2.44987e-05

9.76563e-05 1.44261e-05
0.00012207 1.55805e-05

0.00012207 1.43119e-05
0.000146484 1.37595e-05

0.000146484 1.44367e-05
0.000170898 1.47004e-05

0.000170898 1.40352e-05
0.000195313 1.44496e-05

0.000195313 1.49483e-05
0.000219727 1.48446e-05

0.000219727 1.45304e-05
0.000244141 1.37897e-05

0.000244141 1.41415e-05
0.000268555 1.44877e-05

0.000268555 1.45286e-05
0.000292969 1.43325e-05

0.000292969 1.4376e-05
0.000317383 1.39461e-05

0.000317383 1.42396e-05
0.000341797 1.39543e-05

0.000341797 1.40777e-05
0.000366211 1.38058e-05

0.000366211 1.40333e-05
0.000390625 1.37458e-05

0.000390625 1.38182e-05
0.000415039 1.36299e-05

0.000415039 1.38083e-05
0.000439453 1.36875e-05

0.000439453 1.37686e-05
0.000463867 1.34987e-05

0.000463867 1.36777e-05
0.000488281 1.34159e-05

0.000488281 1.34381e-05
0.000512695 1.34419e-05

0.000512695 1.35775e-05
0.000537109 1.35217e-05

0.000537109 1.36225e-05
0.000561523 1.31754e-05

0.000561523 1.32967e-05
0.000585937 1.31485e-05

0.000585938 1.3234e-05
0.000610352 1.33489e-05

0.000610352 1.33767e-05
0.000634766 1.32351e-05

0.000634766 1.33937e-05
0.00065918 1.29839e-05

0.00065918 1.3042e-05
0.000683594 1.29801e-05

0.000683594 1.30579e-05
0.000708008 1.32313e-05

0.000708008 1.31162e-05
0.000732422 1.31543e-05

0.000732422 1.31559e-05
0.000756836 1.3188e-05

0.000756836 1.31397e-05
0.00078125 1.31769e-05

0.00078125 1.31447e-05
0.000805664 1.32526e-05

0.000805664 1.31861e-05
0.000830078 1.32861e-05

0.000830078 1.32117e-05
0.000854492 1.33302e-05

0.000854492 1.32503e-05
0.000878906 1.33937e-05

0.000878906 1.32921e-05
0.00090332 1.34585e-05

0.00090332 1.33841e-05
0.000927734 1.3503e-05

0.000927734 1.33581e-05
0.000952148 1.35669e-05

0.000952148 1.35092e-05
0.000976562 1.36855e-05

0.000976562 1.35286e-05
0.00100098 1.36575e-05

0.00100098 1.35666e-05
0.00102539 1.38199e-05

0.00102539 1.36147e-05
0.0010498 1.39503e-05

0.0010498 1.3838e-05
0.00107422 1.40543e-05

0.00107422 1.38149e-05
0.00109863 1.40786e-05

0.00109863 1.39957e-05
0.00112305 1.42998e-05

0.00112305 1.40631e-05
0.00114746 1.42988e-05

0.00114746 1.41743e-05
0.00117187 1.44869e-05

0.00117188 1.41684e-05
0.00119629 1.46824e-05

0.00119629 1.47787e-05
0.0012207 1.46956e-05

0.0012207 1.43413e-05
0.00124512 1.43773e-05

0.00124512 1.43746e-05
0.00126953 1.51568e-05

0.00126953 1.50796e-05
0.00129395 1.48965e-05

0.00129395 1.51712e-05
0.00131836 1.40633e-05

0.00131836 1.37653e-05
0.00134277 1.44462e-05

0.00134277 1.53721e-05
0.00136719 1.49406e-05

0.0013916 1.00015e-06
0.00136939 2.44141e-05

0.0013916 4.11868e-06
0.001393 0

0.00146321 0
0.00146484 4.86889e-06

0.00146484 4.09432e-06
0.00148457 2.44141e-05

0.00148446 2.44141e-05
0.00148926 2.60808e-05

0.00148926 1.71165e-05
0.00151367 1.70813e-05

0.00148926 2.44572e-05
0.00149948 2.44141e-05

0.00151367 1.63927e-05
0.00153809 1.61102e-05

0.0015625 5.5396e-06
0.00154279 2.44141e-05

0.00153809 2.59525e-05
0.0015428 2.44141e-05

0 0.00312081
0.000390625 0.0031098

0.000390625 0.00311009
0.00078125 0.0030765

0.00078125 0.00307713
0.00117187 0.00301912

0.00117188 0.00302017
0.0015625 0.00293437

0.0015625 6.78341e-06
0.00156486 0

0.00165644 0
0.00166016 9.1234e-06

0.00166016 1.02705e-05
0.00167595 2.44141e-05

0.0016751 2.44141e-05
0.00168457 2.76992e-05

0.00168457 1.7532e-05
0.00170898 1.77012e-05

0.00169209 2.44141e-05
0.00170898 2.44734e-05

0.0017334 1.07726e-05
0.00171762 2.44141e-05

0.00170898 2.76735e-05
0.00171859 2.44141e-05

0.0017334 1.11995e-05
0.00173809 0

0.00180022 0
0.00180664 1.42929e-05

0.00180664 9.38249e-06
0.00183105 1.22846e-05

0.00183105 6.26555e-06
0.00185387 0

0.00185587 0
0.00187988 1.73326e-05

0.00187988 8.91781e-06
0.0019043 1.14471e-05

0.0019043 9.18926e-06
0.00192871 1.05376e-05

0.00192871 9.75194e-06
0.00195312 1.21168e-05

0.00195312 9.45062e-06
0.00197754 1.30519e-05

0.00197754 1.36463e-05
0.00200195 1.28114e-05

0.00200195 1.55387e-05
0.00202637 5.86024e-06

0.00202637 6.3326e-06
0.00205078 8.95351e-06

0.00205078 9.38723e-06
0.0020752 1.47346e-05

0.0020752 9.70108e-06
0.00209961 1.17926e-05

0.00209961 1.33995e-05
0.00212402 1.34042e-05

0.00212402 1.30387e-05
0.00214844 8.46118e-06

0.00214844 8.05485e-06
0.00217285 1.30661e-05

0.00217285 1.39683e-05
0.00219727 1.37923e-05

0.00219727 1.31836e-05
0.00222168 7.70297e-06

0.00222168 7.60286e-06
0.00224609 1.33841e-05

0.00224609 1.40019e-05
0.00227051 1.40616e-05

0.00227051 1.39352e-05
0.00229492 7.1318e-06

0.00229492 7.88212e-06
0.00231934 1.18298e-05

0.00231934 1.05162e-05
0.00234375 1.51971e-05

0.00234375 1.52278e-05
0.00236816 1.06867e-05

0.00236816 1.25247e-05
0.00239258 7.16034e-06

0.00239258 7.16786e-06
0.00241699 1.2523e-05

0.00241699 1.062e-05
0.00244141 1.52772e-05

0.00244141 1.52727e-05
0.00246582 1.06094e-05

0.00246582 1.2493e-05
0.00249023 7.20536e-06

0.00249023 7.20691e-06
0.00251465 1.25371e-05

0.00251465 1.06432e-05
0.00253906 1.52464e-05

0.00253906 1.52412e-05
0.00256348 1.06235e-05

0.00256348 1.24642e-05
0.00258789 7.28659e-06

0.00258789 7.27861e-06
0.0026123 1.25626e-05

0.0026123 1.07678e-05
0.00263672 1.51398e-05

0.00263672 1.50847e-05
0.00266113 1.05649e-05

0.00266113 1.18677e-05
0.00268555 8.04665e-06

0.00268555 7.24934e-06
0.00270996 1.38819e-05

0.00270996 1.39573e-05
0.00273438 1.41311e-05

0.00273437 1.39127e-05
0.00275879 7.45262e-06

0.00275879 8.23844e-06
0.0027832 1.18333e-05

0.0027832 1.07166e-05
0.00280762 1.49262e-05

0.00280762 1.49292e-05
0.00283203 1.07179e-05

0.00283203 1.18599e-05
0.00285645 8.20543e-06

0.00285645 7.53399e-06
0.00288086 1.37681e-05

0.00288086 1.39053e-05
0.00290527 1.38573e-05

0.00290527 1.29552e-05
0.00292969 8.28258e-06

0.00292969 8.86493e-06
0.0029541 1.30205e-05

0.0029541 1.32002e-05
0.00297852 1.32253e-05

0.00297852 1.13166e-05
0.00300293 1.06018e-05

0.00300293 1.07192e-05
0.00302734 1.47718e-05

0.00302734 1.30422e-05
0.00305176 1.44301e-05

0.00305176 1.33891e-05
0.00307617 1.41479e-05

0.00307617 1.37986e-05
0.00310059 1.48253e-05

0.00310059 1.4156e-05
0.003125 1.4978e-05

0.00175781 0.00287846
0.00157303 0.00292969

0.0015625 0.00293239
0.00157224 0.00292969

0.00175781 0.00287895
0.00195312 0.0028161

0.00234375 0.00265858
0.00217 0.00273438

0.00195312 0.00281644
0.00214844 0.0027432

0.00214844 0.00274256
0.00216719 0.00273438

0.00292969 0.00231031
0.00288406 0.00234375

0.003125 0.00214824
0.00312479 0.00214844

0.00302734 0.00223481
0.00301319 0.00224609

0.00297852 0.00227206
0.0029489 0.00229492

0.00292969 0.00231028
0.00294954 0.00229492

0.00300293 0.00225272
0.00298025 0.00227051

0.00297852 0.00227188
0.00298022 0.00227051

0.00300293 0.00224979
0.00300775 0.00224609

0.00307617 0.0021912
0.00306919 0.00219727

0.00302734 0.00223321
0.00306981 0.00219727

0.00307617 0.00219172
0.00312499 0.00214844

0.00244141 0.00261084
0.0023882 0.00263672

0.00234375 0.00265685
0.00238514 0.00263672

0.00244141 0.00261039
0.00253906 0.00255938

0.00273438 0.00244648
0.00257739 0.00253906

0.00253906 0.0025589
0.00257328 0.00253906

0.00283203 0.00238024
0.00274005 0.00244141

0.00273438 0.00244429
0.0027389 0.00244141

0.00283203 0.00237977
0.00288086 0.00234559

0.00288086 0.00234447
0.00288188 0.00234375

0.003125 1.45228e-05
0.00314941 1.54124e-05

0.00314941 1.48485e-05
0.00317383 1.57382e-05

0.00317383 1.52384e-05
0.00319824 1.61852e-05

0.00319824 1.57206e-05
0.00322266 1.64902e-05

0.00322266 1.58337e-05
0.00324707 1.69414e-05

0.00324707 1.65828e-05
0.00327148 1.76238e-05

0.00327148 1.67453e-05
0.0032959 1.79614e-05

0.0032959 1.76756e-05
0.00332031 1.8858e-05

0.00332031 1.80955e-05
0.00334473 1.8949e-05

0.00334473 1.89678e-05
0.00336914 1.92728e-05

0.00336914 1.27926e-05
0.00339272 2.44141e-05

0.00339105 2.44141e-05
0.00339355 2.54092e-05

0.00339355 2.72099e-05
0.00341797 4.85729e-05

0.00341775 4.88281e-05
0.00341797 4.90379e-05

0.00341797 4.85918e-05
0.00341821 4.88281e-05

0.00341797 4.93212e-05
0.00344177 7.32422e-05

0.00344182 7.32422e-05
0.00344238 7.38286e-05

0.00344238 7.39573e-05
0.00346444 9.76563e-05

0.00346497 9.76563e-05
0.0034668 9.97018e-05

0.0034668 0.000100166
0.00350623 0.000146484

0.0035062 0.000146484
0.00351563 0.000158767

0.00351563 0.000159198
0.00354283 0.000195313

0.00354321 0.000195313
0.00356445 0.00022713

0.00356445 0.000229035
0.00357436 0.000244141

0.00357526 0.000244141
0.00360415 0.000292969

0.00360492 0.000292969
0.00361328 0.000309778

0.00361328 0.000311252
0.00362926 0.000341797

0.00362946 0.000341797
0.00365214 0.000390625

0.0036528 0.000390625
0.00369036 0.000488281

0.00369019 0.000488281
0.00371094 0.000561283

0.00371094 0.000563119
0.00371742 0.000585938

0.00371761 0.000585937
0.00373656 0.000683594

0.00373619 0.000683594
0.00374747 0.00078125

0.00374945 0.00078125
0.00375025 0.000976562

0.00374995 0.000976562
0.00372218 0.00117188

0.00371094 0.00121295
0.00366682 0.00136719

0.00366679 0.00136719
0.00358188 0.0015625

0.00371094 0.00120477
0.00372035 0.00117187

0.00332031 0.00195259
0.00331987 0.00195312

0.00351563 0.00167973
0.00346913 0.00175781

0.00341797 0.0018227
0.00339399 0.00185547

0.00332031 0.00194636
0.00339376 0.00185547

0.00341797 0.00182105
0.00346425 0.00175781

0.00322266 0.00205472
0.00312617 0.00214844

0.00331562 0.00195313
0.00322656 0.00205078

0.00322266 0.00205189
0.00322374 0.00205078

0.003125 0.00215035
0.00312709 0.00214844

0.00351563 0.00167166
0.00358063 0.0015625

