7.15229e-05 0
7.32422e-05 5.02851e-06

7.32422e-05 1.38097e-06
9.57972e-05 2.44141e-05

9.76563e-05 1.4449e-05
0.00012207 1.47048e-05

0.00012207 1.40003e-05
0.000146484 1.39462e-05

0.000146484 1.45799e-05
0.000170898 1.44896e-05

0.000170898 1.37746e-05
0.000195313 1.40314e-05

0.000195313 1.42891e-05
0.000219727 1.51807e-05

0.000219727 1.49341e-05
0.000244141 1.42835e-05

0.000244141 1.45479e-05
0.000268555 1.38884e-05

0.000268555 1.39423e-05
0.000292969 1.42463e-05

0.000292969 1.4333e-05
0.000317383 1.45754e-05

0.000317383 1.47188e-05
0.000341797 1.38491e-05

0.000341797 1.41602e-05
0.000366211 1.33992e-05

0.000366211 1.35816e-05
0.000390625 1.3832e-05

0.000390625 1.3886e-05
0.000415039 1.40507e-05

0.000415039 1.41395e-05
0.000439453 1.35235e-05

0.000439453 1.37802e-05
0.000463867 1.3229e-05

0.000463867 1.33419e-05
0.000488281 1.35045e-05

0.000488281 1.35592e-05
0.000512695 1.36897e-05

0.000512695 1.37557e-05
0.000537109 1.32838e-05

0.000537109 1.3486e-05
0.000561523 1.30679e-05

0.000561523 1.31618e-05
0.000585937 1.32693e-05

0.000585938 1.3293e-05
0.000610352 1.34166e-05

0.000610352 1.34815e-05
0.000634766 1.31292e-05

0.000634766 1.32481e-05
0.00065918 1.2951e-05

0.00065918 1.30558e-05
0.000683594 1.31283e-05

0.000683594 1.30838e-05
0.000708008 1.3219e-05

0.000708008 1.32671e-05
0.000732422 1.31111e-05

0.000732422 1.30996e-05
0.000756836 1.29793e-05

0.000756836 1.29357e-05
0.00078125 1.32704e-05

0.00078125 1.31205e-05
0.000805664 1.34385e-05

0.000805664 1.33977e-05
0.000830078 1.32687e-05

0.000830078 1.32164e-05
0.000854492 1.31555e-05

0.000854492 1.30853e-05
0.000878906 1.34931e-05

0.000878906 1.34204e-05
0.00090332 1.35443e-05

0.00090332 1.33298e-05
0.000927734 1.34301e-05

0.000927734 1.34641e-05
0.000952148 1.36481e-05

0.000952148 1.34166e-05
0.000976562 1.36147e-05

0.000976562 1.35671e-05
0.00100098 1.38387e-05

0.00100098 1.36454e-05
0.00102539 1.37912e-05

0.00102539 1.36664e-05
0.0010498 1.39581e-05

0.0010498 1.38366e-05
0.00107422 1.40403e-05

0.00107422 1.3851e-05
0.00109863 1.40831e-05

0.00109863 1.39128e-05
0.00112305 1.43189e-05

0.00112305 1.41275e-05
0.00114746 1.4433e-05

0.00114746 1.43971e-05
0.00117187 1.43103e-05

0.00117188 1.4062e-05
0.00119629 1.43628e-05

0.00119629 1.40507e-05
0.0012207 1.51279e-05

0.0012207 1.49707e-05
0.00124512 1.51737e-05

0.00124512 1.51677e-05
0.00126953 1.43406e-05

0.00126953 1.41239e-05
0.00129395 1.46882e-05

0.00129395 1.52326e-05
0.00131836 1.51814e-05

0.00131836 1.44877e-05
0.00134277 1.42416e-05

0.00134277 1.54859e-05
0.00136719 1.45311e-05

0.00134277 2.44439e-05
0.00134471 2.44141e-05

0.0013916 8.14251e-07
0.00136924 2.44141e-05

0.00136719 2.46987e-05
0.001368 2.44141e-05

0.0013916 4.09878e-06
0.00139299 0

0.00146312 0
0.00146484 5.12646e-06

0.00146484 4.14001e-06
0.00148458 2.44141e-05

0.00148441 2.44141e-05
0.00148926 2.6091e-05

0.00148926 1.70842e-05
0.00151367 1.7058e-05

0.00148926 2.44629e-05
0.00150137 2.44141e-05

0.00151367 1.64598e-05
0.00153809 1.60862e-05

0.00151367 2.44493e-05
0.00152028 2.44141e-05

0.0015625 5.36634e-06
0.00154271 2.44141e-05

0.00153809 2.58416e-05
0.00154245 2.44141e-05

0 0.00312063
0.000390625 0.00310962

0.000390625 0.0031099
0.00078125 0.00307631

0.00078125 0.00307695
0.00117187 0.00301893

0.00117188 0.00301997
0.0015625 0.00293416

0.0015625 6.71981e-06
0.00156482 0

0.00165643 0
0.00166016 9.13686e-06

0.00166016 1.02466e-05
0.00167594 2.44141e-05

0.0016751 2.44141e-05
0.00168457 2.77077e-05

0.00168457 1.75744e-05
0.00170898 1.77547e-05

0.00169283 2.44141e-05
0.00170898 2.44758e-05

0.0017334 1.07612e-05
0.00171764 2.44141e-05

0.00170898 2.77022e-05
0.00171865 2.44141e-05

0.0017334 1.12262e-05
0.0017381 0

0.00180023 0
0.00180664 1.42915e-05

0.00180664 9.4058e-06
0.00183105 1.2283e-05

0.00183105 6.23814e-06
0.00185389 0

0.00185585 0
0.00187988 1.73632e-05

0.00187988 8.94432e-06
0.0019043 1.14349e-05

0.0019043 9.19438e-06
0.00192871 1.05385e-05

0.00192871 9.76051e-06
0.00195312 1.21184e-05

0.00195312 9.4535e-06
0.00197754 1.30477e-05

0.00197754 1.36423e-05
0.00200195 1.28171e-05

0.00200195 1.55298e-05
0.00202637 5.88052e-06

0.00202637 6.35834e-06
0.00205078 8.95618e-06

0.00205078 9.38677e-06
0.0020752 1.47246e-05

0.0020752 9.70344e-06
0.00209961 1.18094e-05

0.00209961 1.34057e-05
0.00212402 1.3407e-05

0.00212402 1.3125e-05
0.00214844 8.38952e-06

0.00214844 7.97068e-06
0.00217285 1.29723e-05

0.00217285 1.38313e-05
0.00219727 1.3907e-05

0.00219727 1.32269e-05
0.00222168 7.81681e-06

0.00222168 7.70069e-06
0.00224609 1.33267e-05

0.00224609 1.4014e-05
0.00227051 1.40308e-05

0.00227051 1.39087e-05
0.00229492 7.1413e-06

0.00229492 7.89017e-06
0.00231934 1.18496e-05

0.00231934 1.05271e-05
0.00234375 1.5185e-05

0.00234375 1.52179e-05
0.00236816 1.06955e-05

0.00236816 1.25291e-05
0.00239258 7.17837e-06

0.00239258 7.18623e-06
0.00241699 1.25152e-05

0.00241699 1.06224e-05
0.00244141 1.52698e-05

0.00244141 1.52654e-05
0.00246582 1.06141e-05

0.00246582 1.24918e-05
0.00249023 7.21749e-06

0.00249023 7.21932e-06
0.00251465 1.25354e-05

0.00251465 1.06471e-05
0.00253906 1.52393e-05

0.00253906 1.52333e-05
0.00256348 1.06276e-05

0.00256348 1.24618e-05
0.00258789 7.30162e-06

0.00258789 7.2959e-06
0.0026123 1.25593e-05

0.0026123 1.07726e-05
0.00263672 1.5126e-05

0.00263672 1.5069e-05
0.00266113 1.0569e-05

0.00266113 1.18671e-05
0.00268555 8.0652e-06

0.00268555 7.26678e-06
0.00270996 1.38737e-05

0.00270996 1.39484e-05
0.00273438 1.41286e-05

0.00273437 1.38931e-05
0.00275879 7.49e-06

0.00275879 8.27544e-06
0.0027832 1.18488e-05

0.0027832 1.07442e-05
0.00280762 1.48969e-05

0.00280762 1.48939e-05
0.00283203 1.0732e-05

0.00283203 1.18384e-05
0.00285645 8.28952e-06

0.00285645 7.63138e-06
0.00288086 1.37654e-05

0.00288086 1.39022e-05
0.00290527 1.38169e-05

0.00290527 1.29305e-05
0.00292969 8.35202e-06

0.00292969 8.91821e-06
0.0029541 1.3035e-05

0.0029541 1.322e-05
0.00297852 1.32123e-05

0.00297852 1.14267e-05
0.00300293 1.05164e-05

0.00300293 1.06464e-05
0.00302734 1.45982e-05

0.00302734 1.29287e-05
0.00305176 1.43969e-05

0.00305176 1.32855e-05
0.00307617 1.41099e-05

0.00307617 1.373e-05
0.00310059 1.48415e-05

0.00310059 1.41446e-05
0.003125 1.49756e-05

0.00175781 0.00287825
0.00157228 0.00292969

0.0015625 0.00293217
0.00157147 0.00292969

0.00175781 0.00287874
0.00195312 0.00281588

0.00234375 0.00265834
0.00216948 0.00273438

0.00195312 0.00281622
0.00214844 0.00274297

0.00214844 0.00274229
0.00216658 0.00273438

0.00292969 0.00231035
0.00288333 0.00234375

0.00302734 0.00223408
0.00301227 0.00224609

0.00297852 0.00227179
0.00294857 0.00229492

0.00292969 0.00230979
0.00294929 0.00229492

0.00300293 0.00225259
0.00298026 0.00227051

0.00297852 0.002272
0.00298037 0.00227051

0.00300293 0.00224917
0.00300688 0.00224609

0.00307617 0.00219103
0.00306896 0.00219727

0.00302734 0.00223298
0.00306963 0.00219727

0.00307617 0.00219161
0.00312486 0.00214844

0.00244141 0.0026106
0.00238771 0.00263672

0.00234375 0.00265659
0.00238461 0.00263672

0.00244141 0.00261014
0.00253906 0.00255913

0.00273438 0.00244625
0.002577 0.00253906

0.00253906 0.00255863
0.00257283 0.00253906

0.00283203 0.00237996
0.0027396 0.00244141

0.00273438 0.00244396
0.00273838 0.00244141

0.00283203 0.00237996
0.00288261 0.00234375

0.003125 1.45048e-05
0.00314941 1.53908e-05

0.00314941 1.48215e-05
0.00317383 1.57439e-05

0.00317383 1.5249e-05
0.00319824 1.61889e-05

0.00319824 1.5649e-05
0.00322266 1.65284e-05

0.00322266 1.59355e-05
0.00324707 1.70485e-05

0.00324707 1.64393e-05
0.00327148 1.7749e-05

0.00327148 1.69094e-05
0.0032959 1.85207e-05

0.0032959 1.8745e-05
0.00332031 1.85754e-05

0.00332031 1.70143e-05
0.00334473 1.80796e-05

0.00334473 1.92917e-05
0.00336914 2.01594e-05

0.00336914 1.26084e-05
0.00339355 2.41728e-05

0.00339112 2.44141e-05
0.00339355 2.53823e-05

0.00339355 2.36077e-05
0.00339431 2.44141e-05

0.00339355 2.7409e-05
0.0034178 4.88281e-05

0.00341766 4.88281e-05
0.00341797 4.91221e-05

0.00341797 4.8601e-05
0.00341821 4.88281e-05

0.00341797 4.93917e-05
0.00344187 7.32422e-05

0.00344186 7.32422e-05
0.00344238 7.37908e-05

0.00344238 7.3933e-05
0.00346448 9.76563e-05

0.00346497 9.76563e-05
0.0034668 9.97064e-05

0.0034668 0.000100417
0.00348575 0.00012207

0.00348553 0.00012207
0.00349121 0.000128855

0.00349121 0.000128508
0.003506 0.000146484

0.00350624 0.000146484
0.00351563 0.00015874

0.00351563 0.00015924
0.00354276 0.000195313

0.00354317 0.000195313
0.00356445 0.0002272

0.00356445 0.000229171
0.00357426 0.000244141

0.0035752 0.000244141
0.00360408 0.000292969

0.00360485 0.000292969
0.00361328 0.000309904

0.00361328 0.0003114
0.00362919 0.000341797

0.00362939 0.000341797
0.00365208 0.000390625

0.00365274 0.000390625
0.00369033 0.000488281

0.00369017 0.000488281
0.00371094 0.000561254

0.00371094 0.000563195
0.00371741 0.000585938

0.00371762 0.000585937
0.00373662 0.000683594

0.00373626 0.000683594
0.00374761 0.00078125

0.00374959 0.00078125
0.00375056 0.000976562

0.00375024 0.000976562
0.00372269 0.00117188

0.00371094 0.00121502
0.00366749 0.00136719

0.00361328 0.00149377
0.00358068 0.0015625

0.00366564 0.00136719
0.00362676 0.00146484

0.00361328 0.00149254
0.00362642 0.00146484

0.00371094 0.00121095
0.00372057 0.00117187

0.00332031 0.00195174
0.00331915 0.00195312

0.0034668 0.00175441
0.0034646 0.00175781

0.00351563 0.00167961
0.00351265 0.00168457

0.00351139 0.00168457
0.00349623 0.00170898

0.0034668 0.00175449
0.00349631 0.00170898

0.00341797 0.00182357
0.00339514 0.00185547

0.00332031 0.00194777
0.00339539 0.00185547

0.00341797 0.00182398
0.00346543 0.00175781

0.00322266 0.00205474
0.00312591 0.00214844

0.00331633 0.00195313
0.00322657 0.00205078

0.00322266 0.00205306
0.00322487 0.00205078

0.003125 0.00214957
0.00312624 0.00214844

0.00356445 0.00159142
0.00355383 0.00161133

0.00355405 0.00161133
0.0035262 0.00166016

0.00356445 0.00159177
0.00358008 0.0015625

0.00351563 0.00167666
0.00352569 0.00166016

