7.0602e-05 0
7.32422e-05 4.39503e-06

9.42372e-05 0
9.76563e-05 8.46176e-06

0.000104189 0
0.00012207 2.20164e-05

0.00012207 1.87639e-05
0.000146484 6.52052e-06

0.000146484 3.61914e-06
0.000170898 6.44825e-07

0.000170898 4.88643e-06
0.000195313 1.80917e-05

0.000195313 1.01269e-05
0.000219727 6.12103e-06

0.000219727 5.23964e-06
0.000244141 1.36702e-05

0.000244141 1.09704e-05
0.000268555 1.44241e-05

0.000268555 1.15175e-05
0.000292969 1.17775e-05

0.000292969 1.1999e-05
0.000317383 1.37424e-05

0.000317383 1.24731e-05
0.000341797 1.32132e-05

0.000341797 1.28975e-05
0.000366211 1.38939e-05

0.000366211 1.32582e-05
0.000390625 1.38757e-05

0.000390625 1.35552e-05
0.000415039 1.41533e-05

0.000415039 1.37942e-05
0.000439453 1.42426e-05

0.000439453 1.40024e-05
0.000463867 1.43928e-05

0.000463867 1.41457e-05
0.000488281 1.44959e-05

0.000488281 1.42643e-05
0.000512695 1.46789e-05

0.000512695 1.44459e-05
0.000537109 1.48513e-05

0.000537109 1.46223e-05
0.000561523 1.49692e-05

0.000561523 1.4625e-05
0.000585937 1.52326e-05

0.000585938 1.52349e-05
0.000610352 1.53511e-05

0.000610352 1.50131e-05
0.000634766 1.50366e-05

0.000634766 1.44865e-05
0.00065918 1.61385e-05

0.00065918 1.63426e-05
0.000683594 1.65073e-05

0.000683594 1.59724e-05
0.000708008 1.49386e-05

0.000708008 1.50571e-05
0.000732422 1.6018e-05

0.000732422 1.60699e-05
0.000756836 1.6489e-05

0.000756836 1.66531e-05
0.00078125 1.51543e-05

0 0.000967321
0.000390625 0.000967371

0.000390625 0.000966746
0.000585937 0.000967061

0.000585938 0.000967183
0.00078125 0.000968797

0.00078125 1.57339e-05
0.000805664 1.42436e-05

0.000805664 1.44641e-05
0.000830078 1.4879e-05

0.000830078 1.53093e-05
0.000854492 1.53441e-05

0.000854492 1.53204e-05
0.000878906 1.40796e-05

0.000878906 1.44483e-05
0.00090332 1.42042e-05

0.00090332 1.45376e-05
0.000927734 1.44767e-05

0.000927734 1.45018e-05
0.000952148 1.40549e-05

0.000952148 1.43301e-05
0.000976562 1.3986e-05

0.000976562 1.42688e-05
0.00100098 1.37559e-05

0.00100098 1.39635e-05
0.00102539 1.3569e-05

0.00102539 1.40706e-05
0.0010498 1.33589e-05

0.0010498 1.34567e-05
0.00107422 1.3018e-05

0.00107422 1.40629e-05
0.00109863 1.27246e-05

0.00109863 1.4103e-05
0.00112305 1.04602e-05

0.00112305 1.0135e-05
0.00114746 1.17865e-05

0.00114746 1.33811e-05
0.00117187 1.33269e-05

0.00117188 1.30828e-05
0.00119629 8.76674e-06

0.00119629 8.37325e-06
0.0012207 1.29303e-05

0.0012207 1.38857e-05
0.00124512 1.369e-05

0.00124512 1.29973e-05
0.00126953 8.0456e-06

0.00126953 8.55663e-06
0.00129395 1.28614e-05

0.00129395 1.28783e-05
0.00131836 1.34675e-05

0.00131836 1.26538e-05
0.00134277 9.53893e-06

0.00134277 1.15185e-05
0.00136719 1.08672e-05

0.00136719 2.21185e-05
0.00139082 0

0.0013916 9.97475e-06
0.00139541 0

0.00146264 0
0.00146484 6.36563e-06

0.00146484 1.46879e-06
0.00148726 2.44141e-05

0.00148769 2.44141e-05
0.00148926 2.4948e-05

0.00148926 1.42262e-05
0.00151367 1.5657e-05

0.00151093 2.44141e-05
0.00151367 2.44778e-05

0.00151367 1.58723e-05
0.00153809 1.41959e-05

0.0015625 1.06591e-06
0.00153989 2.44141e-05

0.00078125 0.000968854
0.000878906 0.00097006

0.000878906 0.000970044
0.000976562 0.000971569

0.000976562 0.000971622
0.00107422 0.000973392

0.00107422 0.000973394
0.00117188 0.000975296

0.00117187 0.000975215
0.00123246 0.000976562

0.00123138 0.000976562
0.00126953 0.000977411

0.00126953 0.000977387
0.00136719 0.000979993

0.00136719 0.000980053
0.00146484 0.000982994

0.00146484 0.000982982
0.0015625 0.000986162

0.0015625 7.1685e-06
0.00156502 0

0.00165633 0
0.00166016 9.3783e-06

0.00166016 1.02645e-05
0.00167602 2.44141e-05

0.00167529 2.44141e-05
0.00168457 2.7621e-05

0.00168457 1.75038e-05
0.00170898 1.76855e-05

0.00169272 2.44141e-05
0.00170898 2.44805e-05

0.0017334 1.06861e-05
0.00171763 2.44141e-05

0.00170898 2.76885e-05
0.0017186 2.44141e-05

0.0017334 1.07775e-05
0.00173789 0

0.00180494 0
0.00180664 4.56831e-06

0.0018181 0
0.00183105 1.05106e-05

0.00183977 0
0.00185547 7.28902e-06

0.00186156 0
0.00187988 1.24369e-05

0.00187988 5.25806e-07
0.0019043 1.2363e-05

0.0019043 5.67817e-06
0.00192871 1.22229e-05

0.00192871 7.4666e-06
0.00195312 1.14648e-05

0.00195312 8.42251e-06
0.00197754 1.3732e-05

0.00197754 1.36376e-05
0.00200195 1.17161e-05

0.00200195 1.97547e-05
0.00202633 0

0.00202637 9.01376e-07
0.00205078 5.27828e-06

0.00205078 5.08009e-06
0.0020752 1.79383e-05

0.0020752 7.15816e-06
0.00209961 1.14565e-05

0.00209961 1.41856e-05
0.00212402 1.40241e-05

0.00212402 1.38812e-05
0.00214844 4.52742e-06

0.00214844 3.82836e-06
0.00217285 1.38225e-05

0.00217285 1.48996e-05
0.00219727 1.49049e-05

0.00219727 1.40212e-05
0.00222168 3.63643e-06

0.00222168 3.5824e-06
0.00224609 1.44344e-05

0.00224609 1.50056e-05
0.00227051 1.50624e-05

0.00227051 1.54453e-05
0.00229492 2.64616e-06

0.00229492 3.72341e-06
0.00231934 1.20166e-05

0.00231934 9.06176e-06
0.00234375 1.76694e-05

0.0015625 0.00098616
0.00166016 0.000989603

0.00166016 0.000989561
0.00175781 0.000993356

0.00175781 0.000993308
0.00185547 0.000997634

0.00185547 0.000997659
0.0019043 0.00100006

0.0019043 0.00100006
0.00195312 0.00100266

0.00195312 0.00100266
0.00200195 0.00100544

0.00200195 0.00100544
0.00205078 0.00100841

0.00205078 0.00100841
0.00209961 0.00101158

0.00209961 0.00101158
0.00214844 0.00101496

0.00214844 0.00101496
0.00219727 0.00101857

0.00219727 0.00101856
0.00224609 0.00102242

0.00224609 0.00102242
0.00228131 0.00102539

0.00228147 0.00102539
0.00229492 0.00102653

0.00229492 0.00102653
0.00234375 0.00103095

0.00234375 1.78078e-05
0.00236816 9.24426e-06

0.00236816 1.29908e-05
0.00239258 2.48011e-06

0.00239258 2.73764e-06
0.00241699 1.36415e-05

0.00241699 9.30129e-06
0.00244141 1.73116e-05

0.00244141 1.75896e-05
0.00246582 9.34823e-06

0.00246582 1.26994e-05
0.00249023 3.08115e-06

0.00249023 3.38198e-06
0.00251465 1.36386e-05

0.00251465 9.56251e-06
0.00253906 1.69007e-05

0.00253906 1.71616e-05
0.00256348 9.54243e-06

0.00256348 1.24308e-05
0.00258789 4.01292e-06

0.00258789 4.28085e-06
0.0026123 1.35275e-05

0.0026123 9.99266e-06
0.00263672 1.63491e-05

0.00263672 1.65156e-05
0.00266113 9.68433e-06

0.00266113 1.13712e-05
0.00268555 6.00568e-06

0.00268555 5.27777e-06
0.00270996 1.49732e-05

0.00270996 1.45288e-05
0.00273438 1.43301e-05

0.00273437 1.40805e-05
0.00275879 5.9047e-06

0.00275879 6.89365e-06
0.0027832 1.21556e-05

0.0027832 1.04662e-05
0.00280762 1.55619e-05

0.00280762 1.5598e-05
0.00283203 1.01927e-05

0.00283203 1.15308e-05
0.00285645 7.37445e-06

0.00285645 6.7424e-06
0.00288086 1.42479e-05

0.00288086 1.38941e-05
0.00290527 1.41213e-05

0.00290527 1.32721e-05
0.00292969 8.02327e-06

0.00292969 8.24742e-06
0.0029541 1.31729e-05

0.0029541 1.36259e-05
0.00297852 1.3829e-05

0.00297852 1.29613e-05
0.00300293 8.73086e-06

0.00300293 8.92563e-06
0.00302734 1.31619e-05

0.00302734 1.35404e-05
0.00305176 1.3527e-05

0.00305176 1.27285e-05
0.00307617 9.34099e-06

0.00307617 9.63044e-06
0.00310059 1.30927e-05

0.00310059 1.32894e-05
0.003125 1.32249e-05

0.00234375 0.00103094
0.00239258 0.00103565

0.00239258 0.00103565
0.00244141 0.00104067

0.00244141 0.00104067
0.00249023 0.00104602

0.00249023 0.00104603
0.00253906 0.00105169

0.00253906 0.00105168
0.00258789 0.00105769

0.00258789 0.00105769
0.00263672 0.00106407

0.00263672 0.00106407
0.00268555 0.00107082

0.00268555 0.00107078
0.00270886 0.00107422

0.00270892 0.00107422
0.00270996 0.00107437

0.00270996 0.00107435
0.00273438 0.00107801

0.00273437 0.00107801
0.00275879 0.0010818

0.00275879 0.00108179
0.0027832 0.00108572

0.0027832 0.00108571
0.00283203 0.00109388

0.00283203 0.00109389
0.00288086 0.00110242

0.00288086 0.0011024
0.00292969 0.00111133

0.00292969 0.00111133
0.00297852 0.00112071

0.00297852 0.0011207
0.00299014 0.00112305

0.00299008 0.00112305
0.00300293 0.00112561

0.00300293 0.0011256
0.00302734 0.00113059

0.00302734 0.00113059
0.00305176 0.00113571

0.00305176 0.00113571
0.00307617 0.00114095

0.00307617 0.00114095
0.00310059 0.00114635

0.00310059 0.00114635
0.00310546 0.00114746

0.00310548 0.00114746
0.003125 0.00115192

0.003125 1.24364e-05
0.00314941 1.02001e-05

0.00314941 1.06694e-05
0.00317383 1.29325e-05

0.00317383 1.22715e-05
0.00319824 1.33135e-05

0.00319824 1.24747e-05
0.00322266 1.2547e-05

0.00322266 1.26579e-05
0.00324707 1.30272e-05

0.00324707 1.27074e-05
0.00327148 1.28284e-05

0.00327148 1.27938e-05
0.0032959 1.30608e-05

0.0032959 1.28728e-05
0.00332031 1.30391e-05

0.00332031 1.29513e-05
0.00334473 1.31389e-05

0.00334473 1.30182e-05
0.00336914 1.31607e-05

0.00336914 1.30698e-05
0.00339355 1.32242e-05

0.00339355 1.31283e-05
0.00341797 1.32723e-05

0.00341797 1.31817e-05
0.00344238 1.33199e-05

0.00344238 1.32278e-05
0.0034668 1.33729e-05

0.0034668 1.32871e-05
0.00349121 1.34254e-05

0.00349121 1.33336e-05
0.00351563 1.34688e-05

0.00351563 1.33903e-05
0.00354004 1.352e-05

0.00354004 1.34354e-05
0.00356445 1.35576e-05

0.00356445 1.34698e-05
0.00358887 1.36207e-05

0.00358887 1.35274e-05
0.00361328 1.36889e-05

0.00361328 1.35905e-05
0.0036377 1.374e-05

0.0036377 1.36509e-05
0.00366211 1.37886e-05

0.00366211 1.36972e-05
0.00368652 1.38396e-05

0.00368652 1.37461e-05
0.00371094 1.39075e-05

0.00371094 1.3802e-05
0.00373535 1.39785e-05

0.00373535 1.38687e-05
0.00375977 1.40528e-05

0.00375977 1.39323e-05
0.00378418 1.4129e-05

0.00378418 1.40074e-05
0.00380859 1.42155e-05

0.00380859 1.40765e-05
0.00383301 1.43055e-05

0.00383301 1.41451e-05
0.00385742 1.44327e-05

0.00385742 1.42228e-05
0.00388184 1.46083e-05

0.00388184 1.43691e-05
0.00390625 1.48163e-05

0.003125 0.00115192
0.00314941 0.00115767

0.00314941 0.00115766
0.00317383 0.00116359

0.00317383 0.00116354
0.00320647 0.00117187

0.00320652 0.00117188
0.00322266 0.00117607

0.00322266 0.00117608
0.00324707 0.00118261

0.00324707 0.0011826
0.00327148 0.00118931

0.00327148 0.00118931
0.0032959 0.00119622

0.0032959 0.00119626
0.00329599 0.00119629

0.00329617 0.00119629
0.00332031 0.00120331

0.00332031 0.00120332
0.00336914 0.00121795

0.00336914 0.00121791
0.00337809 0.0012207

0.00337798 0.0012207
0.00339355 0.0012255

0.00339355 0.0012255
0.00341797 0.00123319

0.00341797 0.00123318
0.00344238 0.00124104

0.00344238 0.00124104
0.00345474 0.00124512

0.00345472 0.00124512
0.0034668 0.00124911

0.0034668 0.00124911
0.00349121 0.00125737

0.00349121 0.00125736
0.00351563 0.00126584

0.00351563 0.00126581
0.00352592 0.00126953

0.00352595 0.00126953
0.00354004 0.00127456

0.00354004 0.00127456
0.00356445 0.00128349

0.00356445 0.00128348
0.00358887 0.00129263

0.00358887 0.00129263
0.0035923 0.00129395

0.00359227 0.00129395
0.00361328 0.00130202

0.00361328 0.001302
0.00365475 0.00131836

0.00365474 0.00131836
0.00366211 0.00132129

0.00366211 0.00132131
0.00368652 0.00133117

0.00368652 0.00133116
0.00371094 0.00134121

0.00371094 0.0013412
0.00371468 0.00134277

0.00371463 0.00134277
0.00373535 0.00135147

0.00373535 0.00135147
0.00375977 0.00136192

0.00375977 0.00136191
0.00377185 0.00136719

0.00377181 0.00136719
0.00378418 0.00137259

0.00378418 0.00137259
0.00380859 0.00138346

0.00380859 0.00138345
0.00382658 0.0013916

0.00382655 0.0013916
0.00383301 0.00139453

0.00383301 0.00139453
0.00385742 0.00140579

0.00385742 0.00140578
0.00387928 0.00141602

0.0038793 0.00141602
0.00388184 0.0014172

0.00388184 0.00141718
0.00390625 0.00142867

0.00390625 1.4547e-05
0.00393066 1.4997e-05

0.00393066 1.47256e-05
0.00395508 1.51859e-05

0.00395508 1.49004e-05
0.00397949 1.53955e-05

0.00397949 1.50997e-05
0.00400391 1.56312e-05

0.00400391 1.53347e-05
0.00402832 1.58535e-05

0.00402832 1.54498e-05
0.00405273 1.61647e-05

0.00405273 1.59433e-05
0.00407715 1.64832e-05

0.00407715 1.57518e-05
0.00410156 1.68138e-05

0.00410156 1.68013e-05
0.00412598 1.75377e-05

0.00412598 1.68291e-05
0.00415039 1.70955e-05

0.00415039 1.54043e-05
0.0041748 1.9433e-05

0.0041748 2.10528e-05
0.00419922 2.08768e-05

0.00419922 1.85271e-05
0.00422363 1.59583e-05

0.00422363 1.61357e-05
0.00424805 2.06564e-05

0.00424805 2.18607e-05
0.00427246 2.16662e-05

0.00427246 1.98457e-05
0.00429688 1.65574e-05

0.00429688 1.81495e-05
0.00432129 1.88008e-05

0.00432129 1.91021e-05
0.0043457 1.86038e-05

0.0043457 1.86296e-05
0.00437012 1.7324e-05

0.00437012 1.80382e-05
0.00439453 1.70874e-05

0.00439453 1.7529e-05
0.00441895 1.66028e-05

0.00441895 1.71525e-05
0.00444336 1.62435e-05

0.00444336 1.67573e-05
0.00446777 1.57189e-05

0.00446777 1.61868e-05
0.00449219 1.53674e-05

0.00449219 1.58422e-05
0.0045166 1.52171e-05

0.0045166 1.54794e-05
0.00454102 1.50152e-05

0.00454102 1.53478e-05
0.00456543 1.49361e-05

0.00456543 1.51677e-05
0.00458984 1.46475e-05

0.00458984 1.47355e-05
0.00461426 1.47007e-05

0.00461426 1.47956e-05
0.00463867 1.49632e-05

0.00463867 1.51671e-05
0.00466309 1.45406e-05

0.00466309 1.44674e-05
0.0046875 1.42826e-05

0.00390625 0.00142866
0.00393066 0.00144028

0.00393066 0.00144026
0.00393102 0.00144043

0.00393095 0.00144043
0.00395508 0.00145206

0.00395508 0.00145205
0.00397949 0.00146396

0.00397949 0.00146394
0.00398133 0.00146484

0.00398125 0.00146484
0.00400391 0.00147603

0.00400391 0.00147601
0.00402832 0.0014882

0.00402832 0.00148817
0.00403047 0.00148926

0.00403038 0.00148926
0.00405273 0.00150053

0.00405273 0.00150052
0.00407863 0.00151367

0.00407864 0.00151367
0.00410156 0.00152533

0.00410156 0.00152532
0.00412598 0.00153781

0.00412598 0.00153777
0.00412658 0.00153809

0.0041265 0.00153809
0.00415039 0.00155037

0.00415039 0.00155036
0.0041739 0.0015625

0.00417387 0.0015625
0.0041748 0.00156298

0.0041748 0.00156298
0.00419922 0.00157565

0.00419922 0.00157565
0.00422085 0.00158691

0.00422081 0.00158691
0.00422363 0.00158838

0.00422363 0.00158839
0.00424805 0.00160113

0.00424805 0.00160114
0.00426764 0.00161133

0.0042676 0.00161133
0.00427246 0.00161386

0.00427246 0.00161386
0.00429688 0.00162654

0.00429688 0.00162653
0.00431464 0.00163574

0.0043146 0.00163574
0.00432129 0.00163921

0.00432129 0.0016392
0.0043457 0.00165184

0.0043457 0.00165183
0.00436183 0.00166016

0.00436179 0.00166016
0.00437012 0.00166446

0.00437012 0.00166445
0.00439453 0.00167702

0.00439453 0.001677
0.00440929 0.00168457

0.00440922 0.00168457
0.00441895 0.00168956

0.00441895 0.00168955
0.00444336 0.00170198

0.00444336 0.00170198
0.00445729 0.00170898

0.00445719 0.00170898
0.00446777 0.00171433

0.00446777 0.00171431
0.00449219 0.00172653

0.00449219 0.00172652
0.00450607 0.0017334

0.00450601 0.0017334
0.0045166 0.00173865

0.0045166 0.00173864
0.00454102 0.00175064

0.00454102 0.00175062
0.00455578 0.00175781

0.00455572 0.00175781
0.00456543 0.00176254

0.00456543 0.00176253
0.00458984 0.00177429

0.00458984 0.00177429
0.00460651 0.00178223

0.00460643 0.00178223
0.00461426 0.00178596

0.00461426 0.00178595
0.00463867 0.00179741

0.00463867 0.00179743
0.00465872 0.00180664

0.00465858 0.00180664
0.00466309 0.00180872

0.00466309 0.00180872
0.0046875 0.00181985

0.0046875 1.40607e-05
0.00471191 1.53528e-05

0.00471191 1.5173e-05
0.00473633 1.56661e-05

0.00473633 1.51771e-05
0.00476074 1.5053e-05

0.00476074 1.498e-05
0.00478516 1.56525e-05

0.00478516 1.53283e-05
0.00480957 1.60297e-05

0.00480957 1.551e-05
0.00483398 1.63212e-05

0.00483398 1.59637e-05
0.0048584 1.68097e-05

0.0048584 1.6357e-05
0.00488281 1.69841e-05

0.00488281 1.65358e-05
0.00490723 1.73794e-05

0.00490723 1.70388e-05
0.00493164 1.78697e-05

0.00493164 1.68745e-05
0.00495605 1.86202e-05

0.00495605 1.816e-05
0.00498047 2.01865e-05

0.00498047 2.01225e-05
0.00500488 1.94252e-05

0.00500488 1.69523e-05
0.0050293 1.99996e-05

0.0050293 2.06375e-05
0.0050519 2.44141e-05

0.00504034 2.44141e-05
0.00505371 2.55467e-05

0.00505371 2.35488e-05
0.00507813 2.1449e-05

0.00505371 2.49208e-05
0.00506468 2.44141e-05

0.00507813 2.01507e-05
0.00510254 2.1292e-05

0.00510254 2.18533e-05
0.00512081 2.44141e-05

0.00510954 2.44141e-05
0.00512695 2.57675e-05

0.00515137 2.24553e-05
0.00513529 2.44141e-05

0.00512695 2.59649e-05
0.0051505 2.44141e-05

0.00515137 2.29846e-05
0.00517578 1.84607e-05

0.00517578 1.726e-05
0.0052002 2.17025e-05

0.00518941 2.44141e-05
0.0052002 2.56634e-05

0.0052002 2.2738e-05
0.00521367 2.44141e-05

0.0052002 2.60516e-05
0.00522461 2.76316e-05

0.00522461 2.44134e-05
0.00524902 2.03718e-05

0.00522461 2.60743e-05
0.00524004 2.44141e-05

0.00524902 2.21234e-05
0.00527344 2.01236e-05

0.00527344 1.86967e-05
0.00529785 2.25185e-05

0.00529081 2.44141e-05
0.00529785 2.50717e-05

0.00529785 2.33609e-05
0.00530739 2.44141e-05

0.00529785 2.51987e-05
0.00532227 2.65775e-05

0.00532227 2.42784e-05
0.00534668 2.22033e-05

0.00532227 2.51757e-05
0.00533633 2.44141e-05

0.00534668 2.15164e-05
0.00537109 2.38896e-05

0.00535631 2.44141e-05
0.00537109 2.55183e-05

0.00537109 2.38249e-05
0.00537713 2.44141e-05

0.00537109 2.63761e-05
0.00539551 2.7982e-05

0.00541992 2.34908e-05
0.00541155 2.44141e-05

0.00539551 2.74174e-05
0.00541992 2.5398e-05

0.00541992 2.35939e-05
0.00544434 2.23919e-05

0.00541992 2.4812e-05
0.00542907 2.44141e-05

0.00544434 2.29499e-05
0.00545898 2.44141e-05

0.00545861 2.44141e-05
0.00546875 2.51431e-05

0.00546875 2.43792e-05
0.00549316 2.43475e-05

0.00546875 2.66013e-05
0.00549316 2.66589e-05

0.00549316 2.37726e-05
0.00551758 2.39911e-05

0.00549316 2.4602e-05
0.00551758 2.48497e-05

0.00554199 2.41393e-05
0.0055268 2.44141e-05

0.00551758 2.72639e-05
0.00554199 2.70097e-05

0.00554199 2.34822e-05
0.00556641 2.35323e-05

0.00554199 2.45714e-05
0.00556641 2.46126e-05

0.00556641 2.41655e-05
0.00557971 2.44141e-05

0.00556641 2.70727e-05
0.00559082 2.73302e-05

0.00559082 2.39604e-05
0.00561523 2.38485e-05

0.00559082 2.47395e-05
0.00561523 2.46801e-05

0.00561523 2.37173e-05
0.00562733 2.44141e-05

0.00561523 2.66117e-05
0.00563965 2.77634e-05

0.00563965 2.72073e-05
0.00566406 2.57997e-05

0.00568848 2.37865e-05
0.0056667 2.44141e-05

0.00566406 2.4718e-05
0.0056746 2.44141e-05

0.00568848 2.43831e-05
0.00569595 2.44141e-05

0.00568848 2.50727e-05
0.00571289 2.51394e-05

0.00571289 2.42297e-05
0.0057373 2.41763e-05

0.00571289 2.44986e-05
0.0057373 2.45903e-05

0.0057373 2.35783e-05
0.00574671 2.44141e-05

0.00573827 2.44141e-05
0.00576172 2.63971e-05

0.00576172 2.86426e-05
0.00578613 2.82828e-05

0.00581055 2.27941e-05
0.00579416 2.44141e-05

0.00578613 2.60574e-05
0.00580442 2.44141e-05

0.00581055 2.33011e-05
0.00582983 2.44141e-05

0.0058247 2.44141e-05
0.00583496 2.48921e-05

0.00583496 2.58513e-05
0.00585938 2.76704e-05

0.00588379 2.3726e-05
0.00587604 2.44141e-05

0.00585938 2.85865e-05
0.00588379 2.70587e-05

0.00588379 2.31109e-05
0.0059082 2.31597e-05

0.00588379 2.49283e-05
0.0059082 2.50398e-05

0.0059082 2.4281e-05
0.00593262 2.417e-05

0.0059082 2.81621e-05
0.00593262 2.79957e-05

0.00593262 2.41459e-05
0.00595703 2.22594e-05

0.00593262 2.53088e-05
0.00594426 2.44141e-05

0.00595703 2.33091e-05
0.0059692 2.44141e-05

0.00597452 2.44141e-05
0.00598145 2.48759e-05

0.00600586 2.41418e-05
0.00599996 2.44141e-05

0.00598145 2.69631e-05
0.00600586 2.64439e-05

0.00600586 2.28496e-05
0.00603027 2.3e-05

0.00600586 2.45289e-05
0.00603027 2.47811e-05

0.00603027 2.3745e-05
0.00604178 2.44141e-05

0.00603027 2.69128e-05
0.00605469 2.75949e-05

0.0060791 2.42364e-05
0.00607519 2.44141e-05

0.00605469 2.49753e-05
0.00606601 2.44141e-05

0.00610352 2.41759e-05
0.00609775 2.44141e-05

0.0060791 2.50426e-05
0.00610352 2.45072e-05

0.00610352 2.43797e-05
0.00612793 2.25298e-05

0.00610352 2.44978e-05
0.00610615 2.44141e-05

0.00612793 2.06004e-05
0.00615234 2.3874e-05

0.00613235 2.44141e-05
0.00615234 2.67546e-05

0.00615234 2.37604e-05
0.00616187 2.44141e-05

0.00615234 2.88972e-05
0.00617676 2.97069e-05

0.00620117 2.26901e-05
0.00618859 2.44141e-05

0.00617676 2.66201e-05
0.00619547 2.44141e-05

0.00620117 2.28995e-05
0.00622559 2.38099e-05

0.0062153 2.44141e-05
0.00622559 2.4715e-05

0.00622559 2.39249e-05
0.00623079 2.44141e-05

0.00622559 2.54122e-05
0.00625 2.71793e-05

0.0046875 0.00181984
0.00471191 0.00183078

0.00471191 0.00183072
0.00471266 0.00183105

0.0047125 0.00183105
0.00473633 0.00184156

0.00473633 0.00184155
0.00476074 0.00185213

0.00476074 0.0018521
0.00476864 0.00185547

0.00476853 0.00185547
0.00478516 0.00186256

0.00478516 0.00186254
0.00480957 0.00187276

0.00480957 0.00187275
0.00482697 0.00187988

0.0048268 0.00187988
0.00483398 0.00188283

0.00483398 0.00188284
0.00488281 0.0019022

0.00488281 0.0019021
0.00488862 0.0019043

0.00488838 0.0019043
0.00490723 0.00191152

0.00490723 0.0019115
0.00493164 0.00192062

0.00493164 0.00192061
0.00495388 0.00192871

0.00495385 0.00192871
0.00495605 0.00192951

0.00495605 0.00192951
0.00498047 0.00193817

0.00498047 0.00193817
0.00500488 0.00194659

0.00500488 0.00194659
0.00502434 0.00195312

0.00502429 0.00195312
0.0050293 0.00195481

0.0050293 0.0019548
0.00505371 0.00196277

0.00505371 0.00196277
0.00507813 0.0019705

0.00507813 0.0019705
0.00510104 0.00197754

0.00510098 0.00197754
0.00510254 0.00197802

0.00510254 0.00197803
0.00512695 0.00198525

0.00512695 0.00198529
0.00517578 0.00199891

0.00517578 0.00199884
0.00518787 0.00200195

0.00518758 0.00200195
0.0052002 0.00200527

0.0052002 0.00200526
0.00522461 0.00201141

0.00522461 0.00201141
0.00524902 0.00201728

0.00524902 0.00201727
0.00527344 0.00202286

0.00527344 0.00202285
0.00528959 0.00202637

0.00528949 0.00202637
0.00529785 0.00202819

0.00529785 0.00202817
0.00532227 0.00203321

0.00532227 0.00203321
0.00534668 0.00203797

0.00534668 0.00203797
0.00537109 0.00204244

0.00537109 0.00204245
0.00539551 0.00204664

0.00539551 0.00204663
0.00541992 0.00205054

0.00541992 0.0020505
0.00542181 0.00205078

0.00542146 0.00205078
0.00544434 0.00205418

0.00544434 0.00205418
0.00546875 0.00205752

0.00546875 0.00205752
0.00549316 0.00206057

0.00549316 0.00206057
0.00551758 0.00206334

0.00551758 0.00206334
0.00554199 0.0020658

0.00554199 0.0020658
0.00556641 0.00206797

0.00556641 0.00206797
0.00559082 0.00206984

0.00559082 0.00206984
0.00561523 0.00207141

0.00561523 0.00207141
0.00563965 0.00207267

0.00563965 0.00207267
0.00566406 0.00207363

0.00566406 0.00207363
0.00568848 0.00207428

0.00568848 0.00207428
0.00571289 0.00207461

0.00571289 0.00207461
0.0057373 0.00207463

0.0057373 0.00207463
0.00576172 0.00207433

0.00576172 0.00207433
0.00578613 0.0020737

0.00578613 0.0020737
0.00581055 0.00207275

0.00581055 0.00207275
0.00583496 0.00207147

0.00583496 0.00207147
0.00585938 0.00206986

0.00585938 0.00206986
0.00588379 0.0020679

0.00588379 0.0020679
0.0059082 0.00206561

0.0059082 0.00206561
0.00593262 0.00206296

0.00593262 0.00206296
0.00595703 0.00205997

0.00603027 0.00204886
0.00601877 0.00205078

0.00603027 0.00204883
0.00605469 0.00204438

0.00595703 0.00205997
0.00598145 0.00205662

0.00598145 0.00205662
0.00600586 0.00205291

0.00600586 0.00205289
0.00601849 0.00205078

0.00605469 0.00204438
0.0060791 0.00203954

0.0060791 0.00203955
0.00610352 0.00203432

0.00610352 0.00203432
0.00612793 0.00202871

0.00615234 0.00202272
0.00613755 0.00202637

0.00612793 0.00202868
0.00613729 0.00202637

0.00615234 0.00202269
0.00617676 0.00201625

0.00617676 0.00201625
0.00620117 0.00200938

0.00625 0.0019945
0.00622591 0.00200195

0.00620117 0.00200936
0.00622559 0.0020021

0.00622559 0.00200202
0.00622579 0.00200195

0.00625 2.72021e-05
0.00627441 2.67025e-05

0.00627441 2.59907e-05
0.00629883 2.45514e-05

0.00629883 2.3698e-05
0.00632324 2.41702e-05

0.00630475 2.44141e-05
0.00632324 2.47826e-05

0.00632324 2.42033e-05
0.00632615 2.44141e-05

0.00632324 2.54744e-05
0.00634766 2.70065e-05

0.00634766 2.73322e-05
0.00637207 2.69435e-05

0.00637207 2.58986e-05
0.00639648 2.50151e-05

0.00639648 2.51861e-05
0.0064209 2.55556e-05

0.0064209 2.62238e-05
0.00644531 2.61679e-05

0.00644531 2.55146e-05
0.00646973 2.50034e-05

0.00646973 2.50867e-05
0.00649414 2.526e-05

0.00649414 2.53595e-05
0.00651855 2.58516e-05

0.00651855 2.60506e-05
0.00654297 2.62646e-05

0.00654297 2.60791e-05
0.00656738 2.59884e-05

0.00656738 2.57938e-05
0.0065918 2.61588e-05

0.0065918 2.56523e-05
0.00661621 2.78751e-05

0.00661621 2.76683e-05
0.00664063 3.31755e-05

0.00664062 3.32281e-05
0.00666504 4.23284e-05

0.00666504 4.28749e-05
0.0066774 4.88281e-05

0.00667796 4.88281e-05
0.00668945 5.43605e-05

0.00668945 5.4572e-05
0.00671387 6.80008e-05

0.00671387 6.82359e-05
0.00672209 7.32422e-05

0.00672259 7.32422e-05
0.00673828 8.28262e-05

0.00673828 8.29235e-05
0.00676026 9.76563e-05

0.00676032 9.76563e-05
0.0067627 9.92528e-05

0.0067627 9.9267e-05
0.00678711 0.00011715

0.00678711 0.000117396
0.00679318 0.00012207

0.00679338 0.00012207
0.00681152 0.000136543

0.00681152 0.000136812
0.00682304 0.000146484

0.00682304 0.000146484
0.00683594 0.000157636

0.00683594 0.000157889
0.00685015 0.000170898

0.0068502 0.000170898
0.00686035 0.00018059

0.00686035 0.000180717
0.00687497 0.000195313

0.00687509 0.000195313
0.00688477 0.000205422

0.00688477 0.000205483
0.00689786 0.000219727

0.00689808 0.000219727
0.00690918 0.000232456

0.00690918 0.000232437
0.00691911 0.000244141

0.00691932 0.000244141
0.00693359 0.000261735

0.00693359 0.000261817
0.00693889 0.000268555

0.00693906 0.000268555
0.0069575 0.000292969

0.00695745 0.000292969
0.00695801 0.000293759

0.00695801 0.000293753
0.00697465 0.000317383

0.00697466 0.000317383
0.00698242 0.000329175

0.00698242 0.000329255
0.00699067 0.000341797

0.00699069 0.000341797
0.00700568 0.000366211

0.00700566 0.000366211
0.00700684 0.000368271

0.00700684 0.000368288
0.00701962 0.000390625

0.00701963 0.000390625
0.00703125 0.0004124

0.00703125 0.00133289
0.00701533 0.00136719

0.00693359 0.00150052
0.00692466 0.00151367

0.00692472 0.00151367
0.00688756 0.0015625

0.00698242 0.00142514
0.00695799 0.00146484

0.00701495 0.00136719
0.00698801 0.00141602

0.00698242 0.00142537
0.00698807 0.00141602

0.00693359 0.00150066
0.00695812 0.00146484

0.00703125 0.000412495
0.00703261 0.000415039

0.00703263 0.000415039
0.00704476 0.000439453

0.00704476 0.000439453
0.00705566 0.000463081

0.00705566 0.000463436
0.00705586 0.000463867

0.00705599 0.000463867
0.00706648 0.000488281

0.00706671 0.000488281
0.00708008 0.000523404

0.00708008 0.000523567
0.00708499 0.000537109

0.00708499 0.000537109
0.00709315 0.000561523

0.00709315 0.000561523
0.00710059 0.000585937

0.00710059 0.000585938
0.00710449 0.00060005

0.00710449 0.000600059
0.00710734 0.000610352

0.00710734 0.000610352
0.00711343 0.000634766

0.00711343 0.000634766
0.00711886 0.00065918

0.00711885 0.00065918
0.00712365 0.000683594

0.00712382 0.000683594
0.00712891 0.000715884

0.00712891 0.000715687
0.00713132 0.000732422

0.00713131 0.000732422
0.00713425 0.000756836

0.00713424 0.000756836
0.00713656 0.00078125

0.00713669 0.00078125
0.00713955 0.000830078

0.00713955 0.000830078
0.00714007 0.000878906

0.00714006 0.000878906
0.00713825 0.000927734

0.00713828 0.000927734
0.00713413 0.000976562

0.00712891 0.00101437
0.00711955 0.00107422

0.00711944 0.00107422
0.00709486 0.00117188

0.00712891 0.00101643
0.00713415 0.000976563

0.00709517 0.00117187
0.00706073 0.00126953

0.00706022 0.00126953
0.00703901 0.00131836

0.00703125 0.00133418
0.00703905 0.00131836

0.00639648 0.00193796
0.00636085 0.00195312

0.0064209 0.00192659
0.00641629 0.00192871

0.00639648 0.00193778
0.00641621 0.00192871

0.0064209 0.00192657
0.00644531 0.00191482

0.00649414 0.00188977
0.00646623 0.0019043

0.00644531 0.0019148
0.00646619 0.0019043

0.00649414 0.00188958
0.00654297 0.00186163

0.0065918 0.00183127
0.00655308 0.00185547

0.00664063 0.0017979
0.00662784 0.00180664

0.00661621 0.00181475
0.00659186 0.00183105

0.00661621 0.0018146
0.00662755 0.00180664

0.00654297 0.0018615
0.00655288 0.00185547

0.00625 0.00199443
0.00629883 0.00197743

0.00629883 0.00197741
0.00634766 0.00195861

0.00634766 0.00195852
0.00636074 0.00195312

0.00673828 0.00171963
0.00669293 0.00175781

0.00683594 0.00162278
0.00680097 0.00166016

0.00678711 0.00167408
0.00674984 0.00170898

0.00673828 0.00171923
0.00674974 0.00170898

0.00678711 0.00167361
0.00680055 0.00166016

0.00664062 0.00179768
0.00668945 0.00176048

0.00668945 0.00176039
0.00669269 0.00175781

0.00688477 0.00156596
0.00684649 0.00161133

0.00683594 0.0016227
0.00684616 0.00161133

0.00688477 0.00156577
0.00688741 0.0015625

