7.13762e-05 0
7.32422e-05 5.43089e-06

7.32422e-05 9.82767e-07
9.60199e-05 2.44141e-05

9.76563e-05 1.40989e-05
0.00012207 1.48945e-05

0.00012207 1.38598e-05
0.000146484 1.43367e-05

0.000146484 1.49056e-05
0.000170898 1.48374e-05

0.000170898 1.44117e-05
0.000195313 1.36769e-05

0.000195313 1.38598e-05
0.000219727 1.47342e-05

0.000219727 1.46615e-05
0.000244141 1.47969e-05

0.000244141 1.48023e-05
0.000268555 1.40069e-05

0.000268555 1.41582e-05
0.000292969 1.40483e-05

0.000292969 1.43213e-05
0.000317383 1.43171e-05

0.000317383 1.42408e-05
0.000341797 1.39592e-05

0.000341797 1.42703e-05
0.000366211 1.39327e-05

0.000366211 1.40128e-05
0.000390625 1.36697e-05

0.000390625 1.39591e-05
0.000415039 1.37227e-05

0.000415039 1.37796e-05
0.000439453 1.35467e-05

0.000439453 1.3755e-05
0.000463867 1.35781e-05

0.000463867 1.36515e-05
0.000488281 1.34113e-05

0.000488281 1.35539e-05
0.000512695 1.34235e-05

0.000512695 1.35236e-05
0.000537109 1.33472e-05

0.000537109 1.34461e-05
0.000561523 1.32726e-05

0.000561523 1.32969e-05
0.000585937 1.33205e-05

0.000585938 1.35121e-05
0.000610352 1.3241e-05

0.000610352 1.32555e-05
0.000634766 1.29684e-05

0.000634766 1.31671e-05
0.00065918 1.31723e-05

0.00065918 1.31012e-05
0.000683594 1.313e-05

0.000683594 1.31467e-05
0.000708008 1.32341e-05

0.000708008 1.33281e-05
0.000732422 1.30289e-05

0.000732422 1.29827e-05
0.000756836 1.29689e-05

0.000756836 1.29628e-05
0.00078125 1.33745e-05

0.00078125 1.32321e-05
0.000805664 1.33107e-05

0.000805664 1.32112e-05
0.000830078 1.32397e-05

0.000830078 1.31926e-05
0.000854492 1.33913e-05

0.000854492 1.32794e-05
0.000878906 1.34601e-05

0.000878906 1.33854e-05
0.00090332 1.34623e-05

0.00090332 1.33761e-05
0.000927734 1.34761e-05

0.000927734 1.33864e-05
0.000952148 1.36081e-05

0.000952148 1.34842e-05
0.000976562 1.36949e-05

0.000976562 1.35838e-05
0.00100098 1.37235e-05

0.00100098 1.35692e-05
0.00102539 1.38182e-05

0.00102539 1.36804e-05
0.0010498 1.40001e-05

0.0010498 1.37945e-05
0.00107422 1.40758e-05

0.00107422 1.39497e-05
0.00109863 1.41591e-05

0.00109863 1.39554e-05
0.00112305 1.42359e-05

0.00112305 1.40117e-05
0.00114746 1.45298e-05

0.00114746 1.43292e-05
0.00117187 1.46704e-05

0.00117188 1.46304e-05
0.00119629 1.445e-05

0.00119629 1.43168e-05
0.0012207 1.43974e-05

0.0012207 1.41123e-05
0.00124512 1.50953e-05

0.00124512 1.51783e-05
0.00126953 1.5112e-05

0.00126953 1.48489e-05
0.00129395 1.4251e-05

0.00129395 1.46655e-05
0.00131836 1.4663e-05

0.00131836 1.43698e-05
0.00134277 1.47261e-05

0.00134277 1.54767e-05
0.00136719 1.44229e-05

0.0013916 1.12464e-06
0.00136916 2.44141e-05

0.0013916 5.53859e-06
0.00139351 0

0.001463 0
0.00146484 5.441e-06

0.00146484 3.8284e-06
0.0014847 2.44141e-05

0.00148573 2.44141e-05
0.00148926 2.56471e-05

0.00148926 1.68657e-05
0.00151367 1.76701e-05

0.00151336 2.44141e-05
0.00151367 2.44184e-05

0.00151367 1.71768e-05
0.00153809 1.64443e-05

0.00151367 2.44188e-05
0.00151405 2.44141e-05

0.0015625 4.94031e-06
0.00154281 2.44141e-05

0.00153809 2.57298e-05
0.00154198 2.44141e-05

0 0.00312027
0.000390625 0.00310926

0.000390625 0.00310954
0.00078125 0.00307594

0.00078125 0.00307658
0.00117187 0.00301855

0.00117188 0.00301959
0.0015625 0.00293378

0.0015625 6.7275e-06
0.00156481 0

0.00165644 0
0.00166016 9.12083e-06

0.00166016 1.02595e-05
0.00167593 2.44141e-05

0.00167505 2.44141e-05
0.00168457 2.77253e-05

0.00168457 1.75729e-05
0.00170898 1.77403e-05

0.00169206 2.44141e-05
0.00170898 2.44724e-05

0.0017334 1.0766e-05
0.00171764 2.44141e-05

0.00170898 2.76923e-05
0.00171863 2.44141e-05

0.0017334 1.12414e-05
0.00173811 0

0.00180024 0
0.00180664 1.42703e-05

0.00180664 9.39133e-06
0.00183105 1.23029e-05

0.00183105 6.22533e-06
0.00185398 0

0.00185582 0
0.00187988 1.73711e-05

0.00187988 8.96879e-06
0.0019043 1.14306e-05

0.0019043 9.20101e-06
0.00192871 1.05308e-05

0.00192871 9.76441e-06
0.00195312 1.21191e-05

0.00195312 9.4529e-06
0.00197754 1.30436e-05

0.00197754 1.36388e-05
0.00200195 1.28205e-05

0.00200195 1.55324e-05
0.00202637 5.88216e-06

0.00202637 6.38843e-06
0.00205078 8.92398e-06

0.00205078 9.2742e-06
0.0020752 1.47745e-05

0.0020752 9.78668e-06
0.00209961 1.19175e-05

0.00209961 1.3524e-05
0.00212402 1.32667e-05

0.00212402 1.29701e-05
0.00214844 8.39456e-06

0.00214844 8.00223e-06
0.00217285 1.31255e-05

0.00217285 1.39596e-05
0.00219727 1.37968e-05

0.00219727 1.31924e-05
0.00222168 7.71853e-06

0.00222168 7.61767e-06
0.00224609 1.33702e-05

0.00224609 1.39836e-05
0.00227051 1.40699e-05

0.00227051 1.3934e-05
0.00229492 7.16955e-06

0.00229492 7.91581e-06
0.00231934 1.18254e-05

0.00231934 1.0528e-05
0.00234375 1.51819e-05

0.00234375 1.52127e-05
0.00236816 1.06966e-05

0.00236816 1.25236e-05
0.00239258 7.19036e-06

0.00239258 7.19776e-06
0.00241699 1.25182e-05

0.00241699 1.06287e-05
0.00244141 1.52625e-05

0.00244141 1.52577e-05
0.00246582 1.06189e-05

0.00246582 1.24895e-05
0.00249023 7.23485e-06

0.00249023 7.23615e-06
0.00251465 1.25353e-05

0.00251465 1.06543e-05
0.00253906 1.52309e-05

0.00253906 1.52243e-05
0.00256348 1.06333e-05

0.00256348 1.24568e-05
0.00258789 7.32444e-06

0.00258789 7.31622e-06
0.0026123 1.25641e-05

0.0026123 1.07847e-05
0.00263672 1.51188e-05

0.00263672 1.50611e-05
0.00266113 1.05786e-05

0.00266113 1.18742e-05
0.00268555 8.08417e-06

0.00268555 7.28752e-06
0.00270996 1.38653e-05

0.00270996 1.39494e-05
0.00273438 1.41219e-05

0.00273437 1.38984e-05
0.00275879 7.48685e-06

0.00275879 8.26747e-06
0.0027832 1.1842e-05

0.0027832 1.0734e-05
0.00280762 1.49093e-05

0.00280762 1.4903e-05
0.00283203 1.07382e-05

0.00283203 1.19121e-05
0.00285645 8.21258e-06

0.00285645 7.54416e-06
0.00288086 1.36959e-05

0.00288086 1.37735e-05
0.00290527 1.39369e-05

0.00290527 1.30068e-05
0.00292969 8.45222e-06

0.00292969 9.01768e-06
0.0029541 1.29356e-05

0.0029541 1.31391e-05
0.00297852 1.32269e-05

0.00297852 1.1436e-05
0.00300293 1.06332e-05

0.00300293 1.07611e-05
0.00302734 1.45545e-05

0.00302734 1.29294e-05
0.00305176 1.43163e-05

0.00305176 1.32624e-05
0.00307617 1.40822e-05

0.00307617 1.36917e-05
0.00310059 1.479e-05

0.00310059 1.41004e-05
0.003125 1.49439e-05

0.00175781 0.00287788
0.00157093 0.00292969

0.0015625 0.0029318
0.00157011 0.00292969

0.00175781 0.00287838
0.00195312 0.00281554

0.00234375 0.00265809
0.00216878 0.00273438

0.00195312 0.00281587
0.00214844 0.00274267

0.00214844 0.00274197
0.00216586 0.00273438

0.00292969 0.00231043
0.00288339 0.00234375

0.00302734 0.00223422
0.00301242 0.00224609

0.00297852 0.00227189
0.00294868 0.00229492

0.00292969 0.00230987
0.0029494 0.00229492

0.00300293 0.00225272
0.0029804 0.00227051

0.00297852 0.00227209
0.00298049 0.00227051

0.00300293 0.0022495
0.00300731 0.00224609

0.00307617 0.00219117
0.00306912 0.00219727

0.00302734 0.00223313
0.00306986 0.00219727

0.00307617 0.0021918
0.003125 0.00214856

0.00244141 0.00261038
0.00238722 0.00263672

0.00234375 0.00265634
0.00238412 0.00263672

0.00244141 0.00260993
0.00253906 0.00255896

0.00273438 0.00244618
0.00257673 0.00253906

0.00253906 0.00255846
0.00257257 0.00253906

0.00283203 0.00237995
0.00273949 0.00244141

0.00273438 0.00244397
0.00273841 0.00244141

0.00283203 0.00237995
0.00288264 0.00234375

0.003125 1.44572e-05
0.00314941 1.53648e-05

0.00314941 1.47791e-05
0.00317383 1.57424e-05

0.00317383 1.52086e-05
0.00319824 1.6222e-05

0.00319824 1.56437e-05
0.00322266 1.66163e-05

0.00322266 1.60283e-05
0.00324707 1.71166e-05

0.00324707 1.65025e-05
0.00327148 1.77305e-05

0.00327148 1.68967e-05
0.0032959 1.85461e-05

0.0032959 1.8759e-05
0.00332031 1.86843e-05

0.00332031 1.71096e-05
0.00334473 1.81846e-05

0.00334473 1.93496e-05
0.00336914 2.02435e-05

0.00336914 1.27326e-05
0.00339355 2.42923e-05

0.00339091 2.44141e-05
0.00339355 2.547e-05

0.00339355 2.36862e-05
0.00339424 2.44141e-05

0.00339355 2.75429e-05
0.00341766 4.88281e-05

0.00341759 4.88281e-05
0.00341797 4.91865e-05

0.00341797 4.9528e-05
0.00344178 7.32422e-05

0.00344178 7.32422e-05
0.00344238 7.38668e-05

0.00344238 7.40146e-05
0.00346447 9.76563e-05

0.00346498 9.76563e-05
0.0034668 9.96848e-05

0.0034668 0.000100411
0.00348581 0.00012207

0.00348558 0.00012207
0.00349121 0.000128771

0.00349121 0.000128424
0.0035061 0.000146484

0.00350636 0.000146484
0.00351563 0.000158556

0.00351563 0.000159082
0.00354294 0.000195313

0.00354336 0.000195313
0.00356445 0.000226872

0.00356445 0.000228858
0.00357449 0.000244141

0.00357542 0.000244141
0.00360434 0.000292969

0.00360513 0.000292969
0.00361328 0.000309318

0.00361328 0.00031086
0.00362949 0.000341797

0.00362969 0.000341797
0.0036524 0.000390625

0.00365307 0.000390625
0.0036907 0.000488281

0.00369055 0.000488281
0.00371094 0.000559811

0.00371094 0.000561775
0.00371782 0.000585938

0.00371803 0.000585937
0.00373706 0.000683594

0.00373669 0.000683594
0.00374806 0.00078125

0.00375004 0.00078125
0.00375104 0.000976562

0.00375073 0.000976562
0.00372319 0.00117188

0.00371094 0.00121666
0.00366798 0.00136719

0.00361328 0.00149497
0.00358126 0.0015625

0.00366615 0.00136719
0.0036273 0.00146484

0.00361328 0.00149366
0.00362694 0.00146484

0.00371094 0.00121325
0.00372114 0.00117187

0.00332031 0.00195192
0.0033193 0.00195312

0.0034668 0.0017554
0.00346524 0.00175781

0.00351563 0.00168031
0.00351306 0.00168457

0.00351198 0.00168457
0.00349682 0.00170898

0.0034668 0.00175539
0.0034969 0.00170898

0.00341797 0.00182439
0.00339569 0.00185547

0.00332031 0.00194842
0.00339598 0.00185547

0.00341797 0.00182477
0.00346601 0.00175781

0.00322266 0.00205512
0.00312616 0.00214844

0.00331683 0.00195313
0.00322697 0.00205078

0.00322266 0.00205388
0.00322568 0.00205078

0.003125 0.00214928
0.00312593 0.00214844

0.00356445 0.00159253
0.00355442 0.00161133

0.00355463 0.00161133
0.00352679 0.00166016

0.00356445 0.00159281
0.00358063 0.0015625

0.00351563 0.00167785
0.00352642 0.00166016

