7.16928e-05 0
7.32422e-05 4.5496e-06

7.32422e-05 5.69169e-07
9.59326e-05 2.44141e-05

9.76563e-05 1.4225e-05
0.00012207 1.51301e-05

0.00012207 1.38449e-05
0.000146484 1.42236e-05

0.000146484 1.48626e-05
0.000170898 1.50895e-05

0.000170898 1.44853e-05
0.000195313 1.39438e-05

0.000195313 1.44985e-05
0.000219727 1.45967e-05

0.000219727 1.43963e-05
0.000244141 1.41873e-05

0.000244141 1.44273e-05
0.000268555 1.43397e-05

0.000268555 1.43992e-05
0.000292969 1.40472e-05

0.000292969 1.40338e-05
0.000317383 1.4186e-05

0.000317383 1.4475e-05
0.000341797 1.42074e-05

0.000341797 1.42627e-05
0.000366211 1.35428e-05

0.000366211 1.38683e-05
0.000390625 1.37145e-05

0.000390625 1.37391e-05
0.000415039 1.38343e-05

0.000415039 1.39535e-05
0.000439453 1.3773e-05

0.000439453 1.39401e-05
0.000463867 1.33614e-05

0.000463867 1.35125e-05
0.000488281 1.33513e-05

0.000488281 1.34787e-05
0.000512695 1.35848e-05

0.000512695 1.35987e-05
0.000537109 1.34214e-05

0.000537109 1.3598e-05
0.000561523 1.32042e-05

0.000561523 1.33026e-05
0.000585937 1.31418e-05

0.000585938 1.32214e-05
0.000610352 1.33476e-05

0.000610352 1.3393e-05
0.000634766 1.32345e-05

0.000634766 1.33637e-05
0.00065918 1.29755e-05

0.00065918 1.30115e-05
0.000683594 1.30574e-05

0.000683594 1.3129e-05
0.000708008 1.32759e-05

0.000708008 1.31842e-05
0.000732422 1.30955e-05

0.000732422 1.31809e-05
0.000756836 1.30965e-05

0.000756836 1.30325e-05
0.00078125 1.31262e-05

0.00078125 1.30483e-05
0.000805664 1.33635e-05

0.000805664 1.32583e-05
0.000830078 1.33548e-05

0.000830078 1.32384e-05
0.000854492 1.33132e-05

0.000854492 1.32857e-05
0.000878906 1.34361e-05

0.000878906 1.33316e-05
0.00090332 1.34394e-05

0.00090332 1.33317e-05
0.000927734 1.35477e-05

0.000927734 1.3466e-05
0.000952148 1.36222e-05

0.000952148 1.34661e-05
0.000976562 1.3644e-05

0.000976562 1.35471e-05
0.00100098 1.38051e-05

0.00100098 1.36297e-05
0.00102539 1.38654e-05

0.00102539 1.37412e-05
0.0010498 1.39651e-05

0.0010498 1.38117e-05
0.00107422 1.4022e-05

0.00107422 1.39081e-05
0.00109863 1.41181e-05

0.00109863 1.38976e-05
0.00112305 1.42573e-05

0.00112305 1.40913e-05
0.00114746 1.44894e-05

0.00114746 1.44358e-05
0.00117187 1.43391e-05

0.00117188 1.40935e-05
0.00119629 1.4336e-05

0.00119629 1.41035e-05
0.0012207 1.50515e-05

0.0012207 1.45859e-05
0.00124512 1.53537e-05

0.00124512 1.55972e-05
0.00126953 1.48098e-05

0.00126953 1.45363e-05
0.00129395 1.41195e-05

0.00129395 1.48595e-05
0.00131836 1.48791e-05

0.00131836 1.40888e-05
0.00134277 1.45983e-05

0.00134277 1.5783e-05
0.00136719 1.47742e-05

0.0013916 5.95204e-07
0.00136931 2.44141e-05

0.0013916 4.53732e-06
0.00139315 0

0.00146304 0
0.00146484 5.33616e-06

0.00146484 4.02727e-06
0.00148465 2.44141e-05

0.00148535 2.44141e-05
0.00148926 2.57702e-05

0.00148926 1.68546e-05
0.00151367 1.74444e-05

0.00150945 2.44141e-05
0.00151367 2.44551e-05

0.00151367 1.69279e-05
0.00153809 1.65051e-05

0.00151367 2.44669e-05
0.00152327 2.44141e-05

0.0015625 5.14853e-06
0.00154296 2.44141e-05

0.00153809 2.614e-05
0.00154321 2.44141e-05

0 0.00312023
0.000390625 0.00310922

0.000390625 0.00310951
0.00078125 0.00307591

0.00078125 0.00307654
0.00117187 0.00301851

0.00117188 0.00301955
0.0015625 0.00293375

0.0015625 6.30727e-06
0.00156467 0

0.00165643 0
0.00166016 9.14536e-06

0.00166016 1.02964e-05
0.00167593 2.44141e-05

0.00167504 2.44141e-05
0.00168457 2.77193e-05

0.00168457 1.75235e-05
0.00170898 1.77003e-05

0.00169334 2.44141e-05
0.00170898 2.44721e-05

0.0017334 1.08093e-05
0.00171765 2.44141e-05

0.00170898 2.77029e-05
0.00171869 2.44141e-05

0.0017334 1.12309e-05
0.0017381 0

0.00180025 0
0.00180664 1.4259e-05

0.00180664 9.38045e-06
0.00183105 1.23139e-05

0.00183105 6.23044e-06
0.00185399 0

0.00185582 0
0.00187988 1.73673e-05

0.00187988 8.97067e-06
0.0019043 1.14344e-05

0.0019043 9.20401e-06
0.00192871 1.05277e-05

0.00192871 9.76287e-06
0.00195312 1.21197e-05

0.00195312 9.45492e-06
0.00197754 1.3044e-05

0.00197754 1.36374e-05
0.00200195 1.28189e-05

0.00200195 1.55282e-05
0.00202637 5.88853e-06

0.00202637 6.37636e-06
0.00205078 8.94407e-06

0.00205078 9.34658e-06
0.0020752 1.47396e-05

0.0020752 9.73389e-06
0.00209961 1.18511e-05

0.00209961 1.34463e-05
0.00212402 1.33589e-05

0.00212402 1.30905e-05
0.00214844 8.37913e-06

0.00214844 7.95805e-06
0.00217285 1.30118e-05

0.00217285 1.3847e-05
0.00219727 1.39134e-05

0.00219727 1.32509e-05
0.00222168 7.80744e-06

0.00222168 7.6979e-06
0.00224609 1.3308e-05

0.00224609 1.39933e-05
0.00227051 1.40435e-05

0.00227051 1.39131e-05
0.00229492 7.16021e-06

0.00229492 7.90588e-06
0.00231934 1.18396e-05

0.00231934 1.05284e-05
0.00234375 1.51783e-05

0.00234375 1.52104e-05
0.00236816 1.06974e-05

0.00236816 1.25222e-05
0.00239258 7.19307e-06

0.00239258 7.20009e-06
0.00241699 1.2519e-05

0.00241699 1.06303e-05
0.00244141 1.52609e-05

0.00244141 1.52565e-05
0.00246582 1.06191e-05

0.00246582 1.24882e-05
0.00249023 7.23798e-06

0.00249023 7.2392e-06
0.00251465 1.25359e-05

0.00251465 1.06563e-05
0.00253906 1.52286e-05

0.00253906 1.52223e-05
0.00256348 1.06331e-05

0.00256348 1.24515e-05
0.00258789 7.33185e-06

0.00258789 7.32434e-06
0.0026123 1.25676e-05

0.0026123 1.07886e-05
0.00263672 1.51134e-05

0.00263672 1.50582e-05
0.00266113 1.05813e-05

0.00266113 1.18753e-05
0.00268555 8.08862e-06

0.00268555 7.29161e-06
0.00270996 1.38642e-05

0.00270996 1.39515e-05
0.00273438 1.41199e-05

0.00273437 1.38965e-05
0.00275879 7.4862e-06

0.00275879 8.26856e-06
0.0027832 1.18429e-05

0.0027832 1.07385e-05
0.00280762 1.4902e-05

0.00280762 1.48978e-05
0.00283203 1.07288e-05

0.00283203 1.1859e-05
0.00285645 8.25948e-06

0.00285645 7.59916e-06
0.00288086 1.37418e-05

0.00288086 1.38485e-05
0.00290527 1.38608e-05

0.00290527 1.29472e-05
0.00292969 8.41029e-06

0.00292969 8.98711e-06
0.0029541 1.2998e-05

0.0029541 1.31639e-05
0.00297852 1.32156e-05

0.00297852 1.14399e-05
0.00300293 1.06135e-05

0.00300293 1.07413e-05
0.00302734 1.45575e-05

0.00302734 1.29352e-05
0.00305176 1.4324e-05

0.00305176 1.32766e-05
0.00307617 1.4054e-05

0.00307617 1.36765e-05
0.00310059 1.47539e-05

0.00310059 1.40673e-05
0.003125 1.49282e-05

0.00175781 0.00287786
0.00157082 0.00292969

0.0015625 0.00293177
0.00157001 0.00292969

0.00175781 0.00287835
0.00195312 0.00281552

0.00234375 0.00265808
0.00216875 0.00273438

0.00195312 0.00281585
0.00214844 0.00274265

0.00214844 0.00274196
0.00216583 0.00273438

0.00292969 0.00231045
0.00288341 0.00234375

0.00302734 0.00223425
0.00301246 0.00224609

0.00297852 0.00227191
0.0029487 0.00229492

0.00292969 0.00230989
0.00294943 0.00229492

0.00300293 0.00225274
0.00298042 0.00227051

0.00297852 0.00227211
0.00298052 0.00227051

0.00300293 0.00224953
0.00300736 0.00224609

0.00307617 0.00219119
0.00306914 0.00219727

0.00302734 0.00223316
0.00306989 0.00219727

0.00307617 0.00219183
0.003125 0.00214859

0.00244141 0.00261038
0.0023872 0.00263672

0.00234375 0.00265633
0.0023841 0.00263672

0.00244141 0.00260992
0.00253906 0.00255896

0.00273438 0.00244618
0.00257674 0.00253906

0.00253906 0.00255846
0.00257257 0.00253906

0.00283203 0.00237996
0.00273951 0.00244141

0.00273438 0.00244399
0.00273843 0.00244141

0.00283203 0.00237996
0.00288265 0.00234375

0.003125 1.44382e-05
0.00314941 1.53582e-05

0.00314941 1.47608e-05
0.00317383 1.57303e-05

0.00317383 1.51709e-05
0.00319824 1.6243e-05

0.00319824 1.565e-05
0.00322266 1.66804e-05

0.00322266 1.60854e-05
0.00324707 1.71475e-05

0.00324707 1.65688e-05
0.00327148 1.7691e-05

0.00327148 1.71077e-05
0.0032959 1.82256e-05

0.0032959 1.75126e-05
0.00332031 1.89047e-05

0.00332031 1.80797e-05
0.00334473 2.00339e-05

0.00334473 1.98225e-05
0.00336914 2.05032e-05

0.00336914 1.41497e-05
0.00339159 2.44141e-05

0.00339026 2.44141e-05
0.00339355 2.56643e-05

0.00339355 2.77842e-05
0.00341797 4.86944e-05

0.00341748 4.88281e-05
0.00341797 4.92963e-05

0.00341797 4.94747e-05
0.00344189 7.32422e-05

0.00344189 7.32422e-05
0.00344238 7.37493e-05

0.00344238 7.38331e-05
0.0034647 9.76563e-05

0.0034652 9.76563e-05
0.0034668 9.94363e-05

0.0034668 9.98624e-05
0.0035066 0.000146484

0.00350658 0.000146484
0.00351563 0.000158269

0.00351563 0.000158817
0.00354312 0.000195313

0.00354355 0.000195313
0.00356445 0.000226621

0.00356445 0.000228596
0.00357466 0.000244141

0.00357558 0.000244141
0.00360447 0.000292969

0.00360526 0.000292969
0.00361328 0.000309087

0.00361328 0.000310626
0.0036296 0.000341797

0.00362979 0.000341797
0.00365248 0.000390625

0.00365314 0.000390625
0.00369075 0.000488281

0.0036906 0.000488281
0.00371094 0.000559679

0.00371094 0.000561618
0.00371786 0.000585938

0.00371807 0.000585937
0.00373709 0.000683594

0.00373672 0.000683594
0.00374809 0.00078125

0.00375007 0.00078125
0.00375107 0.000976562

0.00375076 0.000976562
0.00372323 0.00117188

0.00371094 0.0012168
0.00366802 0.00136719

0.00361328 0.00149507
0.00358131 0.0015625

0.00366619 0.00136719
0.00362735 0.00146484

0.00361328 0.00149376
0.00362699 0.00146484

0.00371094 0.00121344
0.00372118 0.00117187

0.00332031 0.00195197
0.00331934 0.00195312

0.0034668 0.00175548
0.00346529 0.00175781

0.00351563 0.00168036
0.0035131 0.00168457

0.00351203 0.00168457
0.00349687 0.00170898

0.0034668 0.00175546
0.00349695 0.00170898

0.00341797 0.00182446
0.00339574 0.00185547

0.00332031 0.00194847
0.00339603 0.00185547

0.00341797 0.00182484
0.00346606 0.00175781

0.00322266 0.00205515
0.00312619 0.00214844

0.00331688 0.00195313
0.00322701 0.00205078

0.00322266 0.00205394
0.00322575 0.00205078

0.003125 0.00214928
0.00312592 0.00214844

0.00356445 0.00159263
0.00355447 0.00161133

0.00355468 0.00161133
0.00352684 0.00166016

0.00356445 0.00159289
0.00358068 0.0015625

0.00351563 0.00167794
0.00352648 0.00166016

