7.1611e-05 0
7.32422e-05 4.7804e-06

7.32422e-05 7.04905e-07
9.58803e-05 2.44141e-05

9.72188e-05 2.44141e-05
9.76563e-05 2.45668e-05

9.76563e-05 1.43766e-05
0.00012207 1.50739e-05

0.000119452 2.44141e-05
0.00012207 2.4443e-05

0.00012207 1.38962e-05
0.000146484 1.40305e-05

0.000146484 1.46405e-05
0.000170898 1.50219e-05

0.000170898 1.45117e-05
0.000195313 1.40178e-05

0.000195313 1.44302e-05
0.000219727 1.44526e-05

0.000219727 1.42615e-05
0.000244141 1.43031e-05

0.000244141 1.43526e-05
0.000268555 1.45955e-05

0.000268555 1.46556e-05
0.000292969 1.42916e-05

0.000292969 1.45778e-05
0.000317383 1.37977e-05

0.000317383 1.39768e-05
0.000341797 1.37623e-05

0.000341797 1.40009e-05
0.000366211 1.40467e-05

0.000366211 1.40269e-05
0.000390625 1.37819e-05

0.000390625 1.39449e-05
0.000415039 1.37303e-05

0.000415039 1.3857e-05
0.000439453 1.36277e-05

0.000439453 1.37755e-05
0.000463867 1.35553e-05

0.000463867 1.37223e-05
0.000488281 1.34337e-05

0.000488281 1.35361e-05
0.000512695 1.33671e-05

0.000512695 1.35113e-05
0.000537109 1.33957e-05

0.000537109 1.34527e-05
0.000561523 1.32808e-05

0.000561523 1.33915e-05
0.000585937 1.32643e-05

0.000585938 1.33471e-05
0.000610352 1.32012e-05

0.000610352 1.32572e-05
0.000634766 1.31871e-05

0.000634766 1.32409e-05
0.00065918 1.32061e-05

0.00065918 1.33115e-05
0.000683594 1.30824e-05

0.000683594 1.31901e-05
0.000708008 1.29275e-05

0.000708008 1.2924e-05
0.000732422 1.30947e-05

0.000732422 1.30177e-05
0.000756836 1.33435e-05

0.000756836 1.32727e-05
0.00078125 1.3214e-05

0.00078125 1.31984e-05
0.000805664 1.30782e-05

0.000805664 1.29829e-05
0.000830078 1.3331e-05

0.000830078 1.31857e-05
0.000854492 1.35932e-05

0.000854492 1.35291e-05
0.000878906 1.33788e-05

0.000878906 1.33691e-05
0.00090332 1.31899e-05

0.00090332 1.30722e-05
0.000927734 1.35748e-05

0.000927734 1.33698e-05
0.000952148 1.39246e-05

0.000952148 1.38266e-05
0.000976562 1.36438e-05

0.000976562 1.36262e-05
0.00100098 1.33956e-05

0.00100098 1.32321e-05
0.00102539 1.38962e-05

0.00102539 1.3642e-05
0.0010498 1.43707e-05

0.0010498 1.4247e-05
0.00107422 1.39896e-05

0.00107422 1.39782e-05
0.00109863 1.36406e-05

0.00109863 1.34359e-05
0.00112305 1.42882e-05

0.00112305 1.39705e-05
0.00114746 1.49514e-05

0.00114746 1.47578e-05
0.00117187 1.45042e-05

0.00117188 1.44332e-05
0.00119629 1.40872e-05

0.00119629 1.3893e-05
0.0012207 1.48256e-05

0.0012207 1.4516e-05
0.00124512 1.54809e-05

0.00124512 1.55668e-05
0.00126953 1.47194e-05

0.00126953 1.44415e-05
0.00129395 1.41765e-05

0.00129395 1.49067e-05
0.00131836 1.49549e-05

0.00131836 1.41147e-05
0.00134277 1.45802e-05

0.00134277 1.58253e-05
0.00136719 1.47853e-05

0.0013916 5.28159e-07
0.00136933 2.44141e-05

0.0013916 4.26844e-06
0.00139305 0

0.00146314 0
0.00146484 5.05782e-06

0.00146484 4.21092e-06
0.0014846 2.44141e-05

0.0014844 2.44141e-05
0.00148926 2.60867e-05

0.00148926 1.67642e-05
0.00151367 1.71643e-05

0.00150293 2.44141e-05
0.00151367 2.44712e-05

0.00151367 1.67636e-05
0.00153809 1.65452e-05

0.00151367 2.44455e-05
0.00152936 2.44141e-05

0.0015625 5.19985e-06
0.00154293 2.44141e-05

0.00153809 2.60565e-05
0.00154298 2.44141e-05

0 0.00312015
0.000390625 0.00310914

0.000390625 0.00310943
0.00078125 0.00307583

0.00078125 0.00307647
0.00117187 0.00301845

0.00117188 0.00301949
0.0015625 0.0029337

0.0015625 6.3296e-06
0.00156468 0

0.00165642 0
0.00166016 9.15907e-06

0.00166016 1.02876e-05
0.00167592 2.44141e-05

0.00167507 2.44141e-05
0.00168457 2.77131e-05

0.00168457 1.75526e-05
0.00170898 1.77303e-05

0.00169294 2.44141e-05
0.00170898 2.44747e-05

0.0017334 1.07951e-05
0.00171766 2.44141e-05

0.00170898 2.77098e-05
0.00171869 2.44141e-05

0.0017334 1.12321e-05
0.0017381 0

0.00180024 0
0.00180664 1.42696e-05

0.00180664 9.38783e-06
0.00183105 1.2304e-05

0.00183105 6.22187e-06
0.001854 0

0.00185582 0
0.00187988 1.73732e-05

0.00187988 8.97483e-06
0.0019043 1.14319e-05

0.0019043 9.20358e-06
0.00192871 1.0528e-05

0.00192871 9.76408e-06
0.00195312 1.2121e-05

0.00195312 9.45589e-06
0.00197754 1.30432e-05

0.00197754 1.36378e-05
0.00200195 1.2819e-05

0.00200195 1.55307e-05
0.00202637 5.88584e-06

0.00202637 6.38951e-06
0.00205078 8.92601e-06

0.00205078 9.28037e-06
0.0020752 1.47717e-05

0.0020752 9.7781e-06
0.00209961 1.1919e-05

0.00209961 1.35201e-05
0.00212402 1.3287e-05

0.00212402 1.30528e-05
0.00214844 8.33649e-06

0.00214844 7.93053e-06
0.00217285 1.30449e-05

0.00217285 1.3843e-05
0.00219727 1.39071e-05

0.00219727 1.324e-05
0.00222168 7.82089e-06

0.00222168 7.71037e-06
0.00224609 1.33144e-05

0.00224609 1.40037e-05
0.00227051 1.4031e-05

0.00227051 1.39047e-05
0.00229492 7.1566e-06

0.00229492 7.90328e-06
0.00231934 1.18478e-05

0.00231934 1.05309e-05
0.00234375 1.51765e-05

0.00234375 1.52098e-05
0.00236816 1.06985e-05

0.00236816 1.25231e-05
0.00239258 7.19485e-06

0.00239258 7.20249e-06
0.00241699 1.25176e-05

0.00241699 1.063e-05
0.00244141 1.52597e-05

0.00244141 1.52553e-05
0.00246582 1.06199e-05

0.00246582 1.2488e-05
0.00249023 7.2395e-06

0.00249023 7.24096e-06
0.00251465 1.25355e-05

0.00251465 1.06565e-05
0.00253906 1.52275e-05

0.00253906 1.5221e-05
0.00256348 1.06341e-05

0.00256348 1.24574e-05
0.00258789 7.328e-06

0.00258789 7.32242e-06
0.0026123 1.25584e-05

0.0026123 1.07816e-05
0.00263672 1.51118e-05

0.00263672 1.50554e-05
0.00266113 1.0578e-05

0.00266113 1.18681e-05
0.00268555 8.08849e-06

0.00268555 7.29005e-06
0.00270996 1.3869e-05

0.00270996 1.3952e-05
0.00273438 1.41199e-05

0.00273437 1.38951e-05
0.00275879 7.49007e-06

0.00275879 8.27133e-06
0.0027832 1.18461e-05

0.0027832 1.074e-05
0.00280762 1.49043e-05

0.00280762 1.49019e-05
0.00283203 1.0733e-05

0.00283203 1.18587e-05
0.00285645 8.26245e-06

0.00285645 7.60958e-06
0.00288086 1.37423e-05

0.00288086 1.38448e-05
0.00290527 1.38563e-05

0.00290527 1.29276e-05
0.00292969 8.43965e-06

0.00292969 9.01906e-06
0.0029541 1.30158e-05

0.0029541 1.31849e-05
0.00297852 1.31925e-05

0.00297852 1.1442e-05
0.00300293 1.06029e-05

0.00300293 1.0754e-05
0.00302734 1.45265e-05

0.00302734 1.29191e-05
0.00305176 1.42657e-05

0.00305176 1.32471e-05
0.00307617 1.39988e-05

0.00307617 1.36192e-05
0.00310059 1.46944e-05

0.00310059 1.39541e-05
0.003125 1.49474e-05

0.00175781 0.00287782
0.00157063 0.00292969

0.0015625 0.00293172
0.00156983 0.00292969

0.00175781 0.00287831
0.00195312 0.00281548

0.00234375 0.00265807
0.0021687 0.00273438

0.00195312 0.00281582
0.00214844 0.00274263

0.00214844 0.00274194
0.00216579 0.00273438

0.00292969 0.00231051
0.00288348 0.00234375

0.00302734 0.00223432
0.00301255 0.00224609

0.00297852 0.00227196
0.00294877 0.00229492

0.00292969 0.00230994
0.0029495 0.00229492

0.00300293 0.00225281
0.00298049 0.00227051

0.00297852 0.00227217
0.00298059 0.00227051

0.00300293 0.00224962
0.00300747 0.00224609

0.00307617 0.00219125
0.00306921 0.00219727

0.00302734 0.00223322
0.00306998 0.00219727

0.00307617 0.0021919
0.003125 0.00214867

0.00244141 0.00261038
0.0023872 0.00263672

0.00234375 0.00265632
0.0023841 0.00263672

0.00244141 0.00260993
0.00253906 0.00255897

0.00273438 0.00244621
0.00257676 0.00253906

0.00253906 0.00255848
0.00257259 0.00253906

0.00283203 0.00238
0.00273955 0.00244141

0.00273438 0.00244403
0.0027385 0.00244141

0.00283203 0.00238
0.00288272 0.00234375

0.003125 1.43582e-05
0.00314941 1.55286e-05

0.00314941 1.48474e-05
0.00317383 1.59635e-05

0.00317383 1.54069e-05
0.00319824 1.63583e-05

0.00319824 1.58887e-05
0.00322266 1.65694e-05

0.00322266 1.60088e-05
0.00324707 1.69613e-05

0.00324707 1.64898e-05
0.00327148 1.76925e-05

0.00327148 1.71911e-05
0.0032959 1.80213e-05

0.0032959 1.70715e-05
0.00332031 1.87019e-05

0.00332031 1.81996e-05
0.00334473 2.0245e-05

0.00334473 1.99716e-05
0.00336914 1.98927e-05

0.00336914 1.34774e-05
0.00339273 2.44141e-05

0.00339172 2.44141e-05
0.00339355 2.51202e-05

0.00339355 2.73407e-05
0.00341796 4.88281e-05

0.00341725 4.88281e-05
0.00341797 4.9537e-05

0.00341797 4.98392e-05
0.00344113 7.32422e-05

0.0034414 7.32422e-05
0.00344238 7.42642e-05

0.00344238 7.45319e-05
0.00346402 9.76563e-05

0.00346457 9.76563e-05
0.0034668 0.000100143

0.0034668 0.000100903
0.00348542 0.00012207

0.00348521 0.00012207
0.00349121 0.000129197

0.00349121 0.000128862
0.00350578 0.000146484

0.00350606 0.000146484
0.00351563 0.000158902

0.00351563 0.000159429
0.00354276 0.000195313

0.00354318 0.000195313
0.00356445 0.000227055

0.00356445 0.000229049
0.00357438 0.000244141

0.00357533 0.000244141
0.00360432 0.000292969

0.00360512 0.000292969
0.00361328 0.000309317

0.00361328 0.000310874
0.00362951 0.000341797

0.00362972 0.000341797
0.00365247 0.000390625

0.00365313 0.000390625
0.00369082 0.000488281

0.00369067 0.000488281
0.00371094 0.000559328

0.00371094 0.000561304
0.00371797 0.000585938

0.00371817 0.000585937
0.00373722 0.000683594

0.00373685 0.000683594
0.00374823 0.00078125

0.0037502 0.00078125
0.00375121 0.000976562

0.0037509 0.000976562
0.00372336 0.00117188

0.00371094 0.00121723
0.00366814 0.00136719

0.00361328 0.00149534
0.00358144 0.0015625

0.00366631 0.00136719
0.00362747 0.00146484

0.00361328 0.00149401
0.00362711 0.00146484

0.00371094 0.001214
0.00372133 0.00117187

0.00332031 0.0019521
0.00331945 0.00195312

0.0034668 0.00175567
0.00346542 0.00175781

0.00351563 0.00168053
0.0035132 0.00168457

0.00351216 0.00168457
0.00349699 0.00170898

0.0034668 0.00175565
0.00349708 0.00170898

0.00341797 0.00182463
0.00339586 0.00185547

0.00332031 0.00194862
0.00339615 0.00185547

0.00341797 0.001825
0.00346618 0.00175781

0.00322266 0.00205526
0.00312628 0.00214844

0.00331699 0.00195313
0.00322712 0.00205078

0.00322266 0.0020541
0.0032259 0.00205078

0.003125 0.0021493
0.00312595 0.00214844

0.00356445 0.00159287
0.0035546 0.00161133

0.00355481 0.00161133
0.00352696 0.00166016

0.00356445 0.00159312
0.0035808 0.0015625

0.00351563 0.00167818
0.00352663 0.00166016

