7.17218e-05 0
7.32422e-05 4.47018e-06

7.32422e-05 7.35917e-07
9.57588e-05 2.44141e-05

9.70684e-05 2.44141e-05
9.76563e-05 2.46201e-05

9.76563e-05 1.46622e-05
0.00012207 1.50411e-05

0.000118096 2.44141e-05
0.00012207 2.44379e-05

0.00012207 1.3892e-05
0.000146484 1.36894e-05

0.000146484 1.42508e-05
0.000170898 1.51377e-05

0.000170898 1.44254e-05
0.000195313 1.45527e-05

0.000195313 1.50741e-05
0.000219727 1.45175e-05

0.000219727 1.44008e-05
0.000244141 1.36938e-05

0.000244141 1.39573e-05
0.000268555 1.45312e-05

0.000268555 1.43972e-05
0.000292969 1.45911e-05

0.000292969 1.48105e-05
0.000317383 1.39831e-05

0.000317383 1.42035e-05
0.000341797 1.34938e-05

0.000341797 1.37323e-05
0.000366211 1.39771e-05

0.000366211 1.39507e-05
0.000390625 1.41183e-05

0.000390625 1.43124e-05
0.000415039 1.36529e-05

0.000415039 1.38169e-05
0.000439453 1.32519e-05

0.000439453 1.35388e-05
0.000463867 1.35839e-05

0.000463867 1.35337e-05
0.000488281 1.36018e-05

0.000488281 1.37015e-05
0.000512695 1.35222e-05

0.000512695 1.36546e-05
0.000537109 1.32154e-05

0.000537109 1.33466e-05
0.000561523 1.32321e-05

0.000561523 1.33108e-05
0.000585937 1.33922e-05

0.000585938 1.34281e-05
0.000610352 1.32692e-05

0.000610352 1.34025e-05
0.000634766 1.30693e-05

0.000634766 1.31649e-05
0.00065918 1.30509e-05

0.00065918 1.31392e-05
0.000683594 1.31689e-05

0.000683594 1.31165e-05
0.000708008 1.3142e-05

0.000708008 1.31583e-05
0.000732422 1.31865e-05

0.000732422 1.32247e-05
0.000756836 1.30743e-05

0.000756836 1.30392e-05
0.00078125 1.30899e-05

0.00078125 1.30157e-05
0.000805664 1.3356e-05

0.000805664 1.32635e-05
0.000830078 1.33558e-05

0.000830078 1.32255e-05
0.000854492 1.32801e-05

0.000854492 1.32619e-05
0.000878906 1.34366e-05

0.000878906 1.33102e-05
0.00090332 1.34498e-05

0.00090332 1.3386e-05
0.000927734 1.35168e-05

0.000927734 1.33957e-05
0.000952148 1.35564e-05

0.000952148 1.34245e-05
0.000976562 1.37151e-05

0.000976562 1.35654e-05
0.00100098 1.38176e-05

0.00100098 1.37072e-05
0.00102539 1.38091e-05

0.00102539 1.36829e-05
0.0010498 1.38532e-05

0.0010498 1.36936e-05
0.00107422 1.40794e-05

0.00107422 1.38849e-05
0.00109863 1.4237e-05

0.00109863 1.40741e-05
0.00112305 1.42389e-05

0.00112305 1.40628e-05
0.00114746 1.43137e-05

0.00114746 1.42082e-05
0.00117187 1.44946e-05

0.00117188 1.40862e-05
0.00119629 1.47384e-05

0.00119629 1.4746e-05
0.0012207 1.49905e-05

0.0012207 1.4492e-05
0.00124512 1.47249e-05

0.00124512 1.51093e-05
0.00126953 1.50034e-05

0.00126953 1.45114e-05
0.00129395 1.45342e-05

0.00129395 1.52742e-05
0.00131836 1.48754e-05

0.00131836 1.42685e-05
0.00134277 1.41359e-05

0.00134277 1.52235e-05
0.00136719 1.47144e-05

0.00134277 2.44216e-05
0.00134369 2.44141e-05

0.0013916 1.17957e-06
0.00136929 2.44141e-05

0.00136719 2.46197e-05
0.00136778 2.44141e-05

0.0013916 4.53492e-06
0.00139314 0

0.00146296 0
0.00146484 5.56002e-06

0.00146484 4.15174e-06
0.00148467 2.44141e-05

0.00148535 2.44141e-05
0.00148926 2.57617e-05

0.00148926 1.67618e-05
0.00151367 1.73266e-05

0.00151164 2.44141e-05
0.00151367 2.44325e-05

0.00151367 1.69372e-05
0.00153809 1.65367e-05

0.0015625 5.12545e-06
0.00154283 2.44141e-05

0.00153809 2.56799e-05
0.00154185 2.44141e-05

0 0.00312007
0.000390625 0.00310906

0.000390625 0.00310935
0.00078125 0.00307576

0.00078125 0.00307639
0.00117187 0.00301838

0.00117188 0.00301942
0.0015625 0.00293364

0.0015625 6.88536e-06
0.00156488 0

0.00165643 0
0.00166016 9.14016e-06

0.00166016 1.02757e-05
0.00167592 2.44141e-05

0.00167504 2.44141e-05
0.00168457 2.77283e-05

0.00168457 1.75669e-05
0.00170898 1.77369e-05

0.00169238 2.44141e-05
0.00170898 2.44725e-05

0.0017334 1.07839e-05
0.00171765 2.44141e-05

0.00170898 2.76996e-05
0.00171866 2.44141e-05

0.0017334 1.12477e-05
0.00173811 0

0.00180024 0
0.00180664 1.42778e-05

0.00180664 9.39375e-06
0.00183105 1.22962e-05

0.00183105 6.2168e-06
0.001854 0

0.00185582 0
0.00187988 1.73771e-05

0.00187988 8.97582e-06
0.0019043 1.14312e-05

0.0019043 9.20357e-06
0.00192871 1.05295e-05

0.00192871 9.76616e-06
0.00195312 1.2121e-05

0.00195312 9.45681e-06
0.00197754 1.30415e-05

0.00197754 1.36358e-05
0.00200195 1.28197e-05

0.00200195 1.55255e-05
0.00202637 5.89398e-06

0.00202637 6.36291e-06
0.00205078 8.96468e-06

0.00205078 9.40603e-06
0.0020752 1.47203e-05

0.0020752 9.70456e-06
0.00209961 1.17963e-05

0.00209961 1.33945e-05
0.00212402 1.34146e-05

0.00212402 1.31213e-05
0.00214844 8.40612e-06

0.00214844 7.98241e-06
0.00217285 1.29795e-05

0.00217285 1.38419e-05
0.00219727 1.3908e-05

0.00219727 1.32292e-05
0.00222168 7.82069e-06

0.00222168 7.7126e-06
0.00224609 1.33257e-05

0.00224609 1.4014e-05
0.00227051 1.40224e-05

0.00227051 1.38993e-05
0.00229492 7.15023e-06

0.00229492 7.89896e-06
0.00231934 1.18545e-05

0.00231934 1.05329e-05
0.00234375 1.51754e-05

0.00234375 1.52082e-05
0.00236816 1.06985e-05

0.00236816 1.25227e-05
0.00239258 7.19801e-06

0.00239258 7.20493e-06
0.00241699 1.25172e-05

0.00241699 1.0631e-05
0.00244141 1.52587e-05

0.00244141 1.52544e-05
0.00246582 1.06203e-05

0.00246582 1.24884e-05
0.00249023 7.24075e-06

0.00249023 7.24221e-06
0.00251465 1.25345e-05

0.00251465 1.06556e-05
0.00253906 1.52274e-05

0.00253906 1.52219e-05
0.00256348 1.06345e-05

0.00256348 1.2458e-05
0.00258789 7.32582e-06

0.00258789 7.31821e-06
0.0026123 1.2561e-05

0.0026123 1.0783e-05
0.00263672 1.51168e-05

0.00263672 1.50595e-05
0.00266113 1.0578e-05

0.00266113 1.18709e-05
0.00268555 8.08556e-06

0.00268555 7.28978e-06
0.00270996 1.38664e-05

0.00270996 1.39469e-05
0.00273438 1.41212e-05

0.00273437 1.38899e-05
0.00275879 7.5011e-06

0.00275879 8.28171e-06
0.0027832 1.18502e-05

0.0027832 1.07469e-05
0.00280762 1.48975e-05

0.00280762 1.48881e-05
0.00283203 1.07438e-05

0.00283203 1.19126e-05
0.00285645 8.23979e-06

0.00285645 7.57267e-06
0.00288086 1.36866e-05

0.00288086 1.37563e-05
0.00290527 1.39395e-05

0.00290527 1.30149e-05
0.00292969 8.4899e-06

0.00292969 9.02787e-06
0.0029541 1.29424e-05

0.0029541 1.3178e-05
0.00297852 1.32363e-05

0.00297852 1.15668e-05
0.00300293 1.04806e-05

0.00300293 1.06333e-05
0.00302734 1.43647e-05

0.00302734 1.279e-05
0.00305176 1.43083e-05

0.00305176 1.31375e-05
0.00307617 1.40661e-05

0.00307617 1.3579e-05
0.00310059 1.4914e-05

0.00310059 1.41081e-05
0.003125 1.51635e-05

0.00175781 0.00287777
0.00157043 0.00292969

0.0015625 0.00293167
0.00156964 0.00292969

0.00175781 0.00287826
0.00195312 0.00281545

0.00234375 0.00265806
0.00216865 0.00273438

0.00195312 0.00281578
0.00214844 0.00274261

0.00214844 0.00274191
0.00216574 0.00273438

0.00292969 0.00231055
0.00288354 0.00234375

0.00302734 0.00223439
0.00301264 0.00224609

0.00297852 0.00227201
0.00294882 0.00229492

0.00292969 0.00230999
0.00294957 0.00229492

0.00300293 0.00225286
0.00298056 0.00227051

0.00297852 0.00227222
0.00298065 0.00227051

0.00300293 0.00224969
0.00300756 0.00224609

0.00307617 0.00219129
0.00306926 0.00219727

0.00302734 0.00223328
0.00307005 0.00219727

0.00307617 0.00219197
0.003125 0.00214873

0.00244141 0.00261038
0.00238719 0.00263672

0.00234375 0.00265631
0.00238408 0.00263672

0.00244141 0.00260992
0.00253906 0.00255898

0.00273438 0.00244624
0.00257678 0.00253906

0.00253906 0.00255849
0.00257261 0.00253906

0.00283203 0.00238003
0.00273959 0.00244141

0.00273438 0.00244407
0.00273856 0.00244141

0.00283203 0.00238003
0.00288277 0.00234375

0.003125 1.46546e-05
0.00314941 1.55276e-05

0.00314941 1.49832e-05
0.00317383 1.57229e-05

0.00317383 1.52308e-05
0.00319824 1.61938e-05

0.00319824 1.56751e-05
0.00322266 1.66866e-05

0.00322266 1.61435e-05
0.00324707 1.70676e-05

0.00324707 1.64526e-05
0.00327148 1.75848e-05

0.00327148 1.68831e-05
0.0032959 1.84399e-05

0.0032959 1.8544e-05
0.00332031 1.85061e-05

0.00332031 1.66633e-05
0.00334473 1.85848e-05

0.00334473 1.99599e-05
0.00336914 2.09332e-05

0.00336914 1.28464e-05
0.00339355 2.42579e-05

0.00339028 2.44141e-05
0.00339355 2.57635e-05

0.00339355 2.36034e-05
0.00339428 2.44141e-05

0.00339355 2.85007e-05
0.00341638 4.88281e-05

0.00341697 4.88281e-05
0.00341797 4.97624e-05

0.00341797 5.0202e-05
0.00344152 7.32422e-05

0.00344153 7.32422e-05
0.00344238 7.41209e-05

0.00344238 7.42803e-05
0.00346442 9.76563e-05

0.0034649 9.76563e-05
0.0034668 9.97671e-05

0.0034668 0.000100515
0.0034858 0.00012207

0.00348558 0.00012207
0.00349121 0.000128749

0.00349121 0.000128383
0.00350618 0.000146484

0.0035064 0.000146484
0.00351563 0.000158478

0.00351563 0.000158981
0.00354305 0.000195313

0.00354345 0.000195313
0.00356445 0.00022672

0.00356445 0.000228679
0.00357461 0.000244141

0.00357553 0.000244141
0.00360445 0.000292969

0.00360524 0.000292969
0.00361328 0.00030911

0.00361328 0.000310644
0.0036296 0.000341797

0.0036298 0.000341797
0.00365251 0.000390625

0.00365316 0.000390625
0.0036908 0.000488281

0.00369065 0.000488281
0.00371094 0.00055944

0.00371094 0.000561384
0.00371794 0.000585938

0.00371814 0.000585937
0.00373718 0.000683594

0.00373681 0.000683594
0.0037482 0.00078125

0.00375019 0.00078125
0.00375122 0.000976562

0.0037509 0.000976562
0.00372339 0.00117188

0.00371094 0.00121738
0.0036682 0.00136719

0.00361328 0.0014955
0.00358152 0.0015625

0.00366637 0.00136719
0.00362754 0.00146484

0.00361328 0.00149416
0.00362717 0.00146484

0.00371094 0.00121421
0.00372137 0.00117187

0.00332031 0.00195221
0.00331954 0.00195312

0.0034668 0.00175581
0.00346551 0.00175781

0.00351563 0.00168063
0.00351326 0.00168457

0.00351224 0.00168457
0.00349708 0.00170898

0.0034668 0.00175579
0.00349716 0.00170898

0.00341797 0.00182476
0.00339595 0.00185547

0.00332031 0.00194873
0.00339624 0.00185547

0.00341797 0.00182513
0.00346627 0.00175781

0.00322266 0.00205534
0.00312635 0.00214844

0.00331708 0.00195313
0.0032272 0.00205078

0.00322266 0.00205423
0.00322603 0.00205078

0.003125 0.00214932
0.00312597 0.00214844

0.00356445 0.00159302
0.00355468 0.00161133

0.00355489 0.00161133
0.00352705 0.00166016

0.00356445 0.00159327
0.00358088 0.0015625

0.00351563 0.00167835
0.00352673 0.00166016

