0 0.0576598
0.00012207 0.0576624

0.00012207 0.0576624
0.000244141 0.0576702

0.000244141 0.0576702
0.000366211 0.0576833

0.000366211 0.0576833
0.000488281 0.0577019

0.000488281 0.0577019
0.000610352 0.057726

0.000610352 0.057726
0.000665191 0.0577393

0.000665223 0.0577393
0.000732422 0.0577555

0.000732422 0.0577555
0.000854492 0.0577908

0.000854492 0.0577907
0.000976562 0.0578318

0.000976562 0.0578317
0.00105252 0.0578613

0.00105258 0.0578613
0.00109863 0.0578793

0.00109863 0.0578791
0.0012207 0.0579336

0.0012207 0.0579334
0.00131901 0.0579834

0.00131905 0.0579834
0.00134277 0.0579955

0.00134277 0.0579952
0.00146484 0.058066

0.00146484 0.0580657
0.00152512 0.0581055

0.00152503 0.0581055
0.00158691 0.0581464

0.00158691 0.058146
0.00169452 0.0582275

0.00169484 0.0582275
0.00170898 0.0582386

0.00170898 0.0582379
0.00183105 0.0583443

0.00183105 0.0583445
0.00183648 0.0583496

0.00183697 0.0583496
0.00195312 0.0584666

0.00195312 0.0584673
0.00195719 0.0584717

0.00195758 0.0584717
0.0020623 0.0585938

0.000610352 0.0624828
0.000539891 0.0625

0.000610352 0.0624828
0.000732422 0.0624461

0.000732422 0.0624461
0.000854492 0.0624024

0.000976562 0.0623517
0.000913719 0.0623779

0.000854492 0.0624026
0.000913682 0.0623779

0.0012207 0.0622277
0.00116863 0.0622559

0.000976562 0.0623516
0.00109863 0.0622934

0.00109863 0.0622937
0.00116859 0.0622559

0.0012207 0.0622275
0.00134277 0.0621532

0.00146484 0.0620703
0.00137202 0.0621338

0.00134277 0.0621534
0.00137258 0.0621338

0.00158691 0.0619763
0.00154118 0.0620117

0.00170898 0.0618706
0.00168757 0.0618896

0.00158691 0.0619758
0.00168741 0.0618896

0.00183105 0.0617538
0.00181772 0.0617676

0.00195312 0.0616178
0.00192953 0.0616455

0.00183105 0.0617529
0.00192984 0.0616455

0.00170898 0.061872
0.0018177 0.0617676

0.00146484 0.0620703
0.00154142 0.0620117

0.00205999 0.0585938
0.0020752 0.0586136

0.0020752 0.0586117
0.00215258 0.0587158

0.00215166 0.0587158
0.00219727 0.0587863

0.00219727 0.0587853
0.00223103 0.0588379

0.00223065 0.0588379
0.00229932 0.05896

0.00229831 0.05896
0.00231934 0.0590033

0.00231934 0.0590008
0.00235874 0.059082

0.00235806 0.059082
0.00240875 0.0592041

0.00240825 0.0592041
0.00244141 0.0592977

0.00244141 0.0592951
0.00245243 0.0593262

0.00245233 0.0593262
0.00248743 0.0594482

0.00248687 0.0594482
0.00251371 0.0595703

0.00251355 0.0595703
0.00253357 0.0596924

0.00253355 0.0596924
0.00254709 0.0598145

0.00254708 0.0598145
0.00255419 0.0599365

0.00255419 0.0599365
0.00255489 0.0600586

0.0025549 0.0600586
0.00254919 0.0601807

0.0025492 0.0601807
0.00253704 0.0603027

0.00253705 0.0603027
0.00251841 0.0604248

0.00251836 0.0604248
0.00249333 0.0605469

0.00244141 0.0607407
0.00242607 0.060791

0.00242582 0.060791
0.00238067 0.0609131

0.00237997 0.0609131
0.00232731 0.0610352

0.0020752 0.061465
0.00203205 0.0615234

0.00219727 0.0612826
0.002121 0.0614014

0.0020752 0.061463
0.00212001 0.0614014

0.00231934 0.0610534
0.00226802 0.0611572

0.00226736 0.0611572
0.00219848 0.0612793

0.00231934 0.0610491
0.00232622 0.0610352

0.00249314 0.0605469
0.00246219 0.0606689

0.00244141 0.0607365
0.002462 0.0606689

0.00195312 0.0616169
0.00203032 0.0615234

0 0.0625647
0.00012207 0.0625615

0.00012207 0.0625615
0.000244141 0.0625518

0.000244141 0.0625518
0.000366211 0.0625356

0.000366211 0.0625356
0.000488281 0.0625126

0.000488281 0.0625126
0.000539869 0.0625

