7.17387e-05 0
7.32422e-05 4.42059e-06

7.32422e-05 5.67573e-07
9.57943e-05 2.44141e-05

9.76563e-05 1.41745e-05
0.00012207 1.557e-05

0.00012207 1.47581e-05
0.000146484 1.42388e-05

0.000146484 1.46903e-05
0.000170898 1.42271e-05

0.000170898 1.39568e-05
0.000195313 1.43122e-05

0.000195313 1.43899e-05
0.000219727 1.50852e-05

0.000219727 1.50122e-05
0.000244141 1.43637e-05

0.000244141 1.4638e-05
0.000268555 1.38042e-05

0.000268555 1.3854e-05
0.000292969 1.42203e-05

0.000292969 1.44498e-05
0.000317383 1.45605e-05

0.000317383 1.45543e-05
0.000341797 1.36928e-05

0.000341797 1.39787e-05
0.000366211 1.37003e-05

0.000366211 1.39188e-05
0.000390625 1.39047e-05

0.000390625 1.39785e-05
0.000415039 1.36791e-05

0.000415039 1.37984e-05
0.000439453 1.35735e-05

0.000439453 1.37386e-05
0.000463867 1.35822e-05

0.000463867 1.3686e-05
0.000488281 1.34528e-05

0.000488281 1.35668e-05
0.000512695 1.34083e-05

0.000512695 1.35271e-05
0.000537109 1.3378e-05

0.000537109 1.3459e-05
0.000561523 1.32973e-05

0.000561523 1.34162e-05
0.000585937 1.32524e-05

0.000585938 1.33169e-05
0.000610352 1.3201e-05

0.000610352 1.33011e-05
0.000634766 1.31993e-05

0.000634766 1.32549e-05
0.00065918 1.31159e-05

0.00065918 1.314e-05
0.000683594 1.31601e-05

0.000683594 1.32094e-05
0.000708008 1.31903e-05

0.000708008 1.32573e-05
0.000732422 1.30153e-05

0.000732422 1.30209e-05
0.000756836 1.3032e-05

0.000756836 1.29774e-05
0.00078125 1.3311e-05

0.00078125 1.32017e-05
0.000805664 1.33302e-05

0.000805664 1.32465e-05
0.000830078 1.32275e-05

0.000830078 1.31616e-05
0.000854492 1.33428e-05

0.000854492 1.32784e-05
0.000878906 1.34585e-05

0.000878906 1.33539e-05
0.00090332 1.34129e-05

0.00090332 1.33544e-05
0.000927734 1.34688e-05

0.000927734 1.33314e-05
0.000952148 1.36031e-05

0.000952148 1.34738e-05
0.000976562 1.37496e-05

0.000976562 1.36438e-05
0.00100098 1.37e-05

0.00100098 1.35241e-05
0.00102539 1.3783e-05

0.00102539 1.36547e-05
0.0010498 1.40769e-05

0.0010498 1.38786e-05
0.00107422 1.40667e-05

0.00107422 1.3825e-05
0.00109863 1.41933e-05

0.00109863 1.41442e-05
0.00112305 1.43668e-05

0.00112305 1.42422e-05
0.00114746 1.41208e-05

0.00114746 1.37511e-05
0.00117187 1.45716e-05

0.00117188 1.43536e-05
0.00119629 1.52938e-05

0.00119629 1.50755e-05
0.0012207 1.47549e-05

0.0012207 1.48112e-05
0.00124512 1.43178e-05

0.00124512 1.42778e-05
0.00126953 1.47636e-05

0.00126953 1.45917e-05
0.00129395 1.53142e-05

0.00129395 1.56498e-05
0.00131836 1.4566e-05

0.00131836 1.41189e-05
0.00134277 1.40337e-05

0.00134277 1.52681e-05
0.00136719 1.48117e-05

0.00134277 2.44301e-05
0.00134499 2.44141e-05

0.0013916 9.66656e-07
0.00136932 2.44141e-05

0.00136719 2.48062e-05
0.00136831 2.44141e-05

0.0013916 4.04443e-06
0.00139297 0

0.00146312 0
0.00146484 5.09172e-06

0.00146484 3.87996e-06
0.00148468 2.44141e-05

0.00148534 2.44141e-05
0.00148926 2.57788e-05

0.00148926 1.67721e-05
0.00151367 1.75984e-05

0.00151367 1.71849e-05
0.00153809 1.65472e-05

0.0015625 4.88855e-06
0.00154285 2.44141e-05

0.00153809 2.58842e-05
0.00154242 2.44141e-05

0 0.00311987
0.000390625 0.00310887

0.000390625 0.00310915
0.00078125 0.00307558

0.00078125 0.00307621
0.00117187 0.00301823

0.00117188 0.00301927
0.0015625 0.00293353

0.0015625 6.55242e-06
0.00156474 0

0.0016564 0
0.00166016 9.21268e-06

0.00166016 1.02845e-05
0.00167593 2.44141e-05

0.00167513 2.44141e-05
0.00168457 2.76967e-05

0.00168457 1.75599e-05
0.00170898 1.77595e-05

0.00169411 2.44141e-05
0.00170898 2.44793e-05

0.0017334 1.0806e-05
0.00171769 2.44141e-05

0.00170898 2.77349e-05
0.00171875 2.44141e-05

0.0017334 1.12076e-05
0.00173809 0

0.00180024 0
0.00180664 1.42786e-05

0.00180664 9.39067e-06
0.00183105 1.22959e-05

0.00183105 6.21436e-06
0.00185402 0

0.00185582 0
0.00187988 1.73796e-05

0.00187988 8.98033e-06
0.0019043 1.14357e-05

0.0019043 9.20769e-06
0.00192871 1.0528e-05

0.00192871 9.76831e-06
0.00195312 1.21219e-05

0.00195312 9.45746e-06
0.00197754 1.30423e-05

0.00197754 1.3639e-05
0.00200195 1.28202e-05

0.00200195 1.55256e-05
0.00202637 5.89155e-06

0.00202637 6.3883e-06
0.00205078 8.93991e-06

0.00205078 9.29665e-06
0.0020752 1.47732e-05

0.0020752 9.79066e-06
0.00209961 1.19056e-05

0.00209961 1.35161e-05
0.00212402 1.32754e-05

0.00212402 1.29775e-05
0.00214844 8.40103e-06

0.00214844 8.00998e-06
0.00217285 1.31158e-05

0.00217285 1.39648e-05
0.00219727 1.37839e-05

0.00219727 1.30894e-05
0.00222168 7.79551e-06

0.00222168 7.72411e-06
0.00224609 1.34681e-05

0.00224609 1.41239e-05
0.00227051 1.39224e-05

0.00227051 1.38411e-05
0.00229492 7.08094e-06

0.00229492 7.84894e-06
0.00231934 1.19218e-05

0.00231934 1.05427e-05
0.00234375 1.51715e-05

0.00234375 1.5208e-05
0.00236816 1.06998e-05

0.00236816 1.25237e-05
0.00239258 7.20406e-06

0.00239258 7.21179e-06
0.00241699 1.25157e-05

0.00241699 1.06329e-05
0.00244141 1.52554e-05

0.00244141 1.52515e-05
0.00246582 1.06218e-05

0.00246582 1.2488e-05
0.00249023 7.24553e-06

0.00249023 7.24653e-06
0.00251465 1.2534e-05

0.00251465 1.0658e-05
0.00253906 1.52247e-05

0.00253906 1.52185e-05
0.00256348 1.06351e-05

0.00256348 1.24556e-05
0.00258789 7.33321e-06

0.00258789 7.32755e-06
0.0026123 1.25591e-05

0.0026123 1.07845e-05
0.00263672 1.51082e-05

0.00263672 1.50516e-05
0.00266113 1.05791e-05

0.00266113 1.18694e-05
0.00268555 8.09288e-06

0.00268555 7.29556e-06
0.00270996 1.3864e-05

0.00270996 1.39419e-05
0.00273438 1.41227e-05

0.00273437 1.38892e-05
0.00275879 7.51402e-06

0.00275879 8.29685e-06
0.0027832 1.18457e-05

0.0027832 1.07453e-05
0.00280762 1.4889e-05

0.00280762 1.4885e-05
0.00283203 1.07478e-05

0.00283203 1.19386e-05
0.00285645 8.21368e-06

0.00285645 7.52848e-06
0.00288086 1.36727e-05

0.00288086 1.37587e-05
0.00290527 1.39671e-05

0.00290527 1.30467e-05
0.00292969 8.43372e-06

0.00292969 8.97119e-06
0.0029541 1.29235e-05

0.0029541 1.31627e-05
0.00297852 1.3266e-05

0.00297852 1.14862e-05
0.00300293 1.05451e-05

0.00300293 1.07144e-05
0.00302734 1.44848e-05

0.00302734 1.28778e-05
0.00305176 1.428e-05

0.00305176 1.31849e-05
0.00307617 1.40581e-05

0.00307617 1.36139e-05
0.00310059 1.48567e-05

0.00310059 1.4085e-05
0.003125 1.50812e-05

0.00175781 0.00287768
0.00157004 0.00292969

0.0015625 0.00293157
0.00156928 0.00292969

0.00175781 0.00287818
0.00195312 0.00281539

0.00234375 0.00265807
0.0021686 0.00273438

0.00195312 0.00281573
0.00214844 0.00274258

0.00214844 0.00274189
0.00216569 0.00273438

0.00292969 0.00231069
0.00288371 0.00234375

0.00302734 0.00223458
0.00301287 0.00224609

0.00297852 0.00227214
0.00294899 0.00229492

0.00292969 0.00231012
0.00294974 0.00229492

0.00300293 0.002253
0.00298073 0.00227051

0.00297852 0.00227236
0.00298083 0.00227051

0.00300293 0.00224987
0.0030078 0.00224609

0.00307617 0.00219142
0.00306941 0.00219727

0.00302734 0.00223343
0.00307025 0.00219727

0.00307617 0.00219213
0.003125 0.00214891

0.00244141 0.00261041
0.00238723 0.00263672

0.00234375 0.00265632
0.00238412 0.00263672

0.00244141 0.00260995
0.00253906 0.00255903

0.00273438 0.00244632
0.00257687 0.00253906

0.00253906 0.00255854
0.00257271 0.00253906

0.00283203 0.00238014
0.00273972 0.00244141

0.00273438 0.00244418
0.00273873 0.00244141

0.00283203 0.00238014
0.00288292 0.00234375

0.003125 1.45526e-05
0.00314941 1.55076e-05

0.00314941 1.48974e-05
0.00317383 1.58338e-05

0.00317383 1.52893e-05
0.00319824 1.63454e-05

0.00319824 1.58545e-05
0.00322266 1.67016e-05

0.00322266 1.61477e-05
0.00324707 1.69892e-05

0.00324707 1.6603e-05
0.00327148 1.74801e-05

0.00327148 1.65713e-05
0.0032959 1.8195e-05

0.0032959 1.80483e-05
0.00332031 1.91567e-05

0.00332031 1.81498e-05
0.00334473 1.88282e-05

0.00334473 1.92395e-05
0.00336914 1.93224e-05

0.00336914 1.24787e-05
0.00339318 2.44141e-05

0.0033907 2.44141e-05
0.00339355 2.55839e-05

0.00339355 2.76178e-05
0.00341759 4.88281e-05

0.00341752 4.88281e-05
0.00341797 4.92541e-05

0.00341797 4.95885e-05
0.00344179 7.32422e-05

0.00344183 7.32422e-05
0.00344238 7.3811e-05

0.00344238 7.39522e-05
0.00346459 9.76563e-05

0.00346504 9.76563e-05
0.0034668 9.96165e-05

0.0034668 0.000100284
0.00348592 0.00012207

0.00348567 0.00012207
0.00349121 0.00012867

0.00349121 0.000128335
0.00350617 0.000146484

0.00350643 0.000146484
0.00351563 0.000158451

0.00351563 0.000158935
0.00354305 0.000195313

0.00354345 0.000195313
0.00356445 0.00022674

0.00356445 0.000228698
0.00357459 0.000244141

0.00357551 0.000244141
0.00360444 0.000292969

0.00360522 0.000292969
0.00361328 0.000309137

0.00361328 0.000310666
0.0036296 0.000341797

0.00362979 0.000341797
0.00365251 0.000390625

0.00365317 0.000390625
0.00369083 0.000488281

0.00369068 0.000488281
0.00371094 0.000559298

0.00371094 0.000561275
0.00371797 0.000585938

0.00371818 0.000585937
0.00373723 0.000683594

0.00373687 0.000683594
0.00374826 0.00078125

0.00375024 0.00078125
0.00375129 0.000976562

0.00375097 0.000976562
0.00372348 0.00117188

0.00371094 0.00121766
0.0036683 0.00136719

0.00361328 0.0014958
0.00358168 0.0015625

0.00366648 0.00136719
0.00362767 0.00146484

0.00361328 0.00149441
0.00362729 0.00146484

0.00371094 0.00121463
0.00372147 0.00117187

0.00332031 0.00195244
0.00331974 0.00195312

0.0034668 0.00175611
0.0034657 0.00175781

0.00351563 0.00168079
0.00351336 0.00168457

0.00351241 0.00168457
0.00349725 0.00170898

0.0034668 0.00175606
0.00349734 0.00170898

0.00341797 0.00182503
0.00339614 0.00185547

0.00332031 0.00194898
0.00339644 0.00185547

0.00341797 0.00182539
0.00346645 0.00175781

0.00322266 0.00205554
0.00312653 0.00214844

0.00331728 0.00195313
0.0032274 0.00205078

0.00322266 0.00205454
0.00322633 0.00205078

0.003125 0.0021494
0.00312606 0.00214844

0.00356445 0.00159333
0.00355485 0.00161133

0.00355505 0.00161133
0.00352721 0.00166016

0.00356445 0.00159354
0.00358102 0.0015625

0.00351563 0.00167868
0.00352693 0.00166016

