7.14687e-05 0
7.32422e-05 5.17323e-06

7.32422e-05 3.18816e-07
9.59344e-05 2.44141e-05

9.76563e-05 1.42814e-05
0.00012207 1.54681e-05

0.00012207 1.42813e-05
0.000146484 1.40016e-05

0.000146484 1.46515e-05
0.000170898 1.46564e-05

0.000170898 1.40563e-05
0.000195313 1.42344e-05

0.000195313 1.45936e-05
0.000219727 1.49951e-05

0.000219727 1.48087e-05
0.000244141 1.412e-05

0.000244141 1.42829e-05
0.000268555 1.42155e-05

0.000268555 1.44039e-05
0.000292969 1.44192e-05

0.000292969 1.44918e-05
0.000317383 1.40305e-05

0.000317383 1.41654e-05
0.000341797 1.394e-05

0.000341797 1.42183e-05
0.000366211 1.39566e-05

0.000366211 1.39974e-05
0.000390625 1.37071e-05

0.000390625 1.39691e-05
0.000415039 1.37646e-05

0.000415039 1.38354e-05
0.000439453 1.35604e-05

0.000439453 1.37438e-05
0.000463867 1.35776e-05

0.000463867 1.36553e-05
0.000488281 1.34928e-05

0.000488281 1.36389e-05
0.000512695 1.34413e-05

0.000512695 1.35499e-05
0.000537109 1.33063e-05

0.000537109 1.34392e-05
0.000561523 1.32835e-05

0.000561523 1.33001e-05
0.000585937 1.33289e-05

0.000585938 1.3443e-05
0.000610352 1.33217e-05

0.000610352 1.34145e-05
0.000634766 1.3038e-05

0.000634766 1.30968e-05
0.00065918 1.31237e-05

0.00065918 1.3201e-05
0.000683594 1.32903e-05

0.000683594 1.33202e-05
0.000708008 1.30289e-05

0.000708008 1.31061e-05
0.000732422 1.29666e-05

0.000732422 1.29168e-05
0.000756836 1.32329e-05

0.000756836 1.30924e-05
0.00078125 1.34329e-05

0.00078125 1.33781e-05
0.000805664 1.32636e-05

0.000805664 1.32527e-05
0.000830078 1.31066e-05

0.000830078 1.30238e-05
0.000854492 1.34069e-05

0.000854492 1.32786e-05
0.000878906 1.3636e-05

0.000878906 1.35125e-05
0.00090332 1.34415e-05

0.00090332 1.34179e-05
0.000927734 1.33923e-05

0.000927734 1.31967e-05
0.000952148 1.37197e-05

0.000952148 1.37442e-05
0.000976562 1.38389e-05

0.000976562 1.3629e-05
0.00100098 1.34285e-05

0.00100098 1.33476e-05
0.00102539 1.39371e-05

0.00102539 1.3639e-05
0.0010498 1.43004e-05

0.0010498 1.41932e-05
0.00107422 1.4098e-05

0.00107422 1.40645e-05
0.00109863 1.37291e-05

0.00109863 1.35103e-05
0.00112305 1.42695e-05

0.00112305 1.40791e-05
0.00114746 1.48786e-05

0.00114746 1.46386e-05
0.00117187 1.43935e-05

0.00117188 1.43999e-05
0.00119629 1.4171e-05

0.00119629 1.38214e-05
0.0012207 1.48517e-05

0.0012207 1.46425e-05
0.00124512 1.55619e-05

0.00124512 1.54773e-05
0.00126953 1.46928e-05

0.00126953 1.45952e-05
0.00129395 1.43296e-05

0.00129395 1.49379e-05
0.00131836 1.4805e-05

0.00131836 1.42454e-05
0.00134277 1.44667e-05

0.00134277 1.53306e-05
0.00136719 1.47666e-05

0.0013916 1.27187e-06
0.00136943 2.44141e-05

0.0013916 3.79646e-06
0.00139289 0

0.00146303 0
0.00146484 5.34237e-06

0.00146484 3.97657e-06
0.00148463 2.44141e-05

0.00148555 2.44141e-05
0.00148926 2.57075e-05

0.00148926 1.69402e-05
0.00151367 1.75418e-05

0.00151367 1.70023e-05
0.00153809 1.64303e-05

0.0015625 5.16112e-06
0.00154287 2.44141e-05

0.00153809 2.58282e-05
0.0015423 2.44141e-05

0 0.00311961
0.000390625 0.00310862

0.000390625 0.00310891
0.00078125 0.00307537

0.00078125 0.00307601
0.00117187 0.00301809

0.00117188 0.00301913
0.0015625 0.00293348

0.0015625 6.72585e-06
0.00156482 0

0.00165641 0
0.00166016 9.17842e-06

0.00166016 1.02702e-05
0.00167592 2.44141e-05

0.00167513 2.44141e-05
0.00168457 2.76996e-05

0.00168457 1.75798e-05
0.00170898 1.77823e-05

0.00169409 2.44141e-05
0.00170898 2.448e-05

0.0017334 1.08066e-05
0.00171769 2.44141e-05

0.00170898 2.77319e-05
0.00171873 2.44141e-05

0.0017334 1.12507e-05
0.00173811 0

0.00180027 0
0.00180664 1.42405e-05

0.00180664 9.37899e-06
0.00183105 1.23299e-05

0.00183105 6.21185e-06
0.00185405 0

0.00185579 0
0.00187988 1.73876e-05

0.00187988 8.99919e-06
0.0019043 1.14316e-05

0.0019043 9.21466e-06
0.00192871 1.05238e-05

0.00192871 9.77126e-06
0.00195312 1.21217e-05

0.00195312 9.45781e-06
0.00197754 1.30413e-05

0.00197754 1.36375e-05
0.00200195 1.28229e-05

0.00200195 1.55137e-05
0.00202637 5.90843e-06

0.00202637 6.39384e-06
0.00205078 8.96365e-06

0.00205078 9.36604e-06
0.0020752 1.47309e-05

0.0020752 9.74729e-06
0.00209961 1.18469e-05

0.00209961 1.34393e-05
0.00212402 1.33546e-05

0.00212402 1.3066e-05
0.00214844 8.41646e-06

0.00214844 8.00938e-06
0.00217285 1.30211e-05

0.00217285 1.38678e-05
0.00219727 1.386e-05

0.00219727 1.31545e-05
0.00222168 7.86551e-06

0.00222168 7.76983e-06
0.00224609 1.33917e-05

0.00224609 1.40951e-05
0.00227051 1.39388e-05

0.00227051 1.38486e-05
0.00229492 7.10349e-06

0.00229492 7.86511e-06
0.00231934 1.19071e-05

0.00231934 1.05403e-05
0.00234375 1.51692e-05

0.00234375 1.52047e-05
0.00236816 1.07042e-05

0.00236816 1.25219e-05
0.00239258 7.21128e-06

0.00239258 7.22044e-06
0.00241699 1.25171e-05

0.00241699 1.06366e-05
0.00244141 1.52505e-05

0.00244141 1.5246e-05
0.00246582 1.06262e-05

0.00246582 1.24868e-05
0.00249023 7.25814e-06

0.00249023 7.25972e-06
0.00251465 1.25333e-05

0.00251465 1.06615e-05
0.00253906 1.52189e-05

0.00253906 1.52131e-05
0.00256348 1.06409e-05

0.00256348 1.24562e-05
0.00258789 7.34465e-06

0.00258789 7.33769e-06
0.0026123 1.25597e-05

0.0026123 1.07905e-05
0.00263672 1.51056e-05

0.00263672 1.50476e-05
0.00266113 1.05834e-05

0.00266113 1.18723e-05
0.00268555 8.10341e-06

0.00268555 7.30583e-06
0.00270996 1.38613e-05

0.00270996 1.39484e-05
0.00273438 1.41161e-05

0.00273437 1.38949e-05
0.00275879 7.49814e-06

0.00275879 8.27855e-06
0.0027832 1.18409e-05

0.0027832 1.07376e-05
0.00280762 1.49001e-05

0.00280762 1.48989e-05
0.00283203 1.07349e-05

0.00283203 1.18638e-05
0.00285645 8.25778e-06

0.00285645 7.59519e-06
0.00288086 1.37446e-05

0.00288086 1.38632e-05
0.00290527 1.38587e-05

0.00290527 1.29695e-05
0.00292969 8.36429e-06

0.00292969 8.92689e-06
0.0029541 1.29911e-05

0.0029541 1.31869e-05
0.00297852 1.32289e-05

0.00297852 1.13919e-05
0.00300293 1.05816e-05

0.00300293 1.07068e-05
0.00302734 1.465e-05

0.00302734 1.29937e-05
0.00305176 1.4366e-05

0.00305176 1.33111e-05
0.00307617 1.40588e-05

0.00307617 1.36998e-05
0.00310059 1.47889e-05

0.00310059 1.40847e-05
0.003125 1.49715e-05

0.00175781 0.00287768
0.00156987 0.00292969

0.0015625 0.00293154
0.00156919 0.00292969

0.00175781 0.00287817
0.00195312 0.00281543

0.00234375 0.00265817
0.00216879 0.00273438

0.00195312 0.00281577
0.00214844 0.00274266

0.00214844 0.00274198
0.00216589 0.00273438

0.00292969 0.00231067
0.00288372 0.00234375

0.00302734 0.00223441
0.00301267 0.00224609

0.00297852 0.00227205
0.00294891 0.00229492

0.00292969 0.00231006
0.00294963 0.00229492

0.00300293 0.00225288
0.00298061 0.00227051

0.00297852 0.00227227
0.00298072 0.00227051

0.00300293 0.00224971
0.00300758 0.00224609

0.00307617 0.00219121
0.00306918 0.00219727

0.00302734 0.0022333
0.00307002 0.00219727

0.00307617 0.00219193
0.003125 0.00214864

0.00244141 0.00261051
0.00238745 0.00263672

0.00234375 0.00265642
0.00238432 0.00263672

0.00244141 0.00261006
0.00253906 0.00255912

0.00273438 0.00244639
0.00257705 0.00253906

0.00253906 0.00255861
0.00257282 0.00253906

0.00283203 0.00238015
0.0027398 0.00244141

0.00273438 0.00244421
0.00273879 0.00244141

0.00283203 0.00238012
0.00288285 0.00234375

0.003125 1.44845e-05
0.00314941 1.54149e-05

0.00314941 1.47882e-05
0.00317383 1.57851e-05

0.00317383 1.51046e-05
0.00319824 1.64637e-05

0.00319824 1.63151e-05
0.00322266 1.66079e-05

0.00322266 1.58169e-05
0.00324707 1.62692e-05

0.00324707 1.53842e-05
0.00327148 1.83468e-05

0.00327148 1.81074e-05
0.0032959 1.95276e-05

0.0032959 1.86315e-05
0.00332031 1.79218e-05

0.00332031 1.77961e-05
0.00334473 1.84195e-05

0.00334473 1.83587e-05
0.00336914 1.94413e-05

0.00336914 1.30439e-05
0.00339182 2.44141e-05

0.00338981 2.44141e-05
0.00339355 2.59024e-05

0.00339355 2.73534e-05
0.00341797 4.83818e-05

0.00341792 4.88281e-05
0.00341797 4.88793e-05

0.00341797 4.82827e-05
0.00341854 4.88281e-05

0.00341797 4.90844e-05
0.00344208 7.32422e-05

0.00344203 7.32422e-05
0.00344238 7.36065e-05

0.00344238 7.3738e-05
0.0034646 9.76563e-05

0.00346509 9.76563e-05
0.0034668 9.95662e-05

0.0034668 9.99484e-05
0.00350642 0.000146484

0.00350642 0.000146484
0.00351563 0.000158452

0.00351563 0.000158934
0.00354307 0.000195313

0.00354349 0.000195313
0.00356445 0.000226641

0.00356445 0.000228573
0.00357469 0.000244141

0.0035756 0.000244141
0.00360456 0.000292969

0.00360534 0.000292969
0.00361328 0.000308869

0.00361328 0.000310367
0.00362978 0.000341797

0.00362997 0.000341797
0.00365273 0.000390625

0.00365339 0.000390625
0.00369111 0.000488281

0.00369097 0.000488281
0.00371094 0.000558143

0.00371094 0.000560112
0.00371832 0.000585938

0.00371852 0.000585937
0.0037376 0.000683594

0.00373724 0.000683594
0.00374865 0.00078125

0.00375063 0.00078125
0.00375167 0.000976562

0.00375136 0.000976562
0.00372382 0.00117188

0.00371094 0.00121876
0.00366855 0.00136719

0.00366853 0.00136719
0.00358356 0.0015625

0.00371094 0.0012161
0.00372185 0.00117187

0.00332031 0.00195078
0.00331834 0.00195312

0.00351563 0.00167766
0.00346788 0.00175781

0.00341797 0.00182413
0.0033954 0.00185547

0.00332031 0.0019483
0.00339576 0.00185547

0.00341797 0.00182415
0.00346579 0.00175781

0.00322266 0.00205512
0.00312625 0.00214844

0.00331673 0.00195313
0.00322698 0.00205078

0.00322266 0.00205417
0.00322596 0.00205078

0.003125 0.00214896
0.00312558 0.00214844

0.00351563 0.00167785
0.00358433 0.0015625

