7.1426e-05 0
7.32422e-05 5.30041e-06

7.32422e-05 1.35422e-06
9.58759e-05 2.44141e-05

9.65819e-05 2.44141e-05
9.76563e-05 2.47788e-05

9.76563e-05 1.43638e-05
0.00012207 1.46492e-05

0.000118234 2.44141e-05
0.00012207 2.4431e-05

0.00012207 1.37676e-05
0.000146484 1.41293e-05

0.000146484 1.46064e-05
0.000170898 1.49724e-05

0.000170898 1.44932e-05
0.000195313 1.39811e-05

0.000195313 1.43792e-05
0.000219727 1.43936e-05

0.000219727 1.40486e-05
0.000244141 1.44482e-05

0.000244141 1.47117e-05
0.000268555 1.46895e-05

0.000268555 1.46826e-05
0.000292969 1.3779e-05

0.000292969 1.39083e-05
0.000317383 1.40826e-05

0.000317383 1.43667e-05
0.000341797 1.43642e-05

0.000341797 1.43635e-05
0.000366211 1.36236e-05

0.000366211 1.39008e-05
0.000390625 1.36956e-05

0.000390625 1.37789e-05
0.000415039 1.38976e-05

0.000415039 1.40354e-05
0.000439453 1.37405e-05

0.000439453 1.38816e-05
0.000463867 1.33502e-05

0.000463867 1.34663e-05
0.000488281 1.3517e-05

0.000488281 1.35966e-05
0.000512695 1.37103e-05

0.000512695 1.38177e-05
0.000537109 1.33344e-05

0.000537109 1.35115e-05
0.000561523 1.30815e-05

0.000561523 1.32005e-05
0.000585937 1.33242e-05

0.000585938 1.33377e-05
0.000610352 1.3435e-05

0.000610352 1.3496e-05
0.000634766 1.31705e-05

0.000634766 1.33173e-05
0.00065918 1.29826e-05

0.00065918 1.30292e-05
0.000683594 1.31554e-05

0.000683594 1.31703e-05
0.000708008 1.33107e-05

0.000708008 1.33167e-05
0.000732422 1.30702e-05

0.000732422 1.31279e-05
0.000756836 1.29985e-05

0.000756836 1.2921e-05
0.00078125 1.32808e-05

0.00078125 1.31284e-05
0.000805664 1.35147e-05

0.000805664 1.34475e-05
0.000830078 1.33145e-05

0.000830078 1.32786e-05
0.000854492 1.31709e-05

0.000854492 1.3109e-05
0.000878906 1.34968e-05

0.000878906 1.32952e-05
0.00090332 1.37192e-05

0.00090332 1.3684e-05
0.000927734 1.35463e-05

0.000927734 1.34719e-05
0.000952148 1.33389e-05

0.000952148 1.3241e-05
0.000976562 1.37934e-05

0.000976562 1.35726e-05
0.00100098 1.40566e-05

0.00100098 1.39335e-05
0.00102539 1.38284e-05

0.00102539 1.38167e-05
0.0010498 1.36538e-05

0.0010498 1.3411e-05
0.00107422 1.41057e-05

0.00107422 1.3872e-05
0.00109863 1.46515e-05

0.00109863 1.44559e-05
0.00112305 1.42665e-05

0.00112305 1.42569e-05
0.00114746 1.39713e-05

0.00114746 1.36389e-05
0.00117187 1.46412e-05

0.00117188 1.43808e-05
0.00119629 1.54154e-05

0.00119629 1.51726e-05
0.0012207 1.47718e-05

0.0012207 1.47606e-05
0.00124512 1.43853e-05

0.00124512 1.46617e-05
0.00126953 1.46802e-05

0.00126953 1.42099e-05
0.00129395 1.49655e-05

0.00129395 1.54707e-05
0.00131836 1.50911e-05

0.00131836 1.44583e-05
0.00134277 1.4101e-05

0.00134277 1.53864e-05
0.00136719 1.46013e-05

0.0013916 9.02534e-07
0.00136926 2.44141e-05

0.00136719 2.47299e-05
0.00136809 2.44141e-05

0.0013916 4.0792e-06
0.00139298 0

0.00146318 0
0.00146484 4.96739e-06

0.00146484 4.28574e-06
0.00148446 2.44141e-05

0.00148441 2.44141e-05
0.00148926 2.60999e-05

0.00148926 1.70657e-05
0.00151367 1.72268e-05

0.00148926 2.44428e-05
0.00150495 2.44141e-05

0.00151367 1.66953e-05
0.00153809 1.63666e-05

0.00151367 2.44469e-05
0.00152131 2.44141e-05

0.0015625 5.43479e-06
0.00154291 2.44141e-05

0.00153809 2.59424e-05
0.00154269 2.44141e-05

0 0.00311956
0.000390625 0.00310858

0.000390625 0.00310886
0.00078125 0.00307534

0.00078125 0.00307598
0.00117187 0.00301807

0.00117188 0.00301912
0.0015625 0.00293346

0.0015625 6.77933e-06
0.00156486 0

0.00165643 0
0.00166016 9.14658e-06

0.00166016 1.03103e-05
0.00167589 2.44141e-05

0.001675 2.44141e-05
0.00168457 2.77417e-05

0.00168457 1.75752e-05
0.00170898 1.77468e-05

0.0016928 2.44141e-05
0.00170898 2.44715e-05

0.0017334 1.0824e-05
0.00171768 2.44141e-05

0.00170898 2.77112e-05
0.00171869 2.44141e-05

0.0017334 1.12702e-05
0.00173812 0

0.00180027 0
0.00180664 1.42414e-05

0.00180664 9.36776e-06
0.00183105 1.23305e-05

0.00183105 6.19408e-06
0.00185416 0

0.00185578 0
0.00187988 1.73978e-05

0.00187988 9.02326e-06
0.0019043 1.14359e-05

0.0019043 9.22393e-06
0.00192871 1.05161e-05

0.00192871 9.77664e-06
0.00195312 1.21264e-05

0.00195312 9.46085e-06
0.00197754 1.30398e-05

0.00197754 1.3639e-05
0.00200195 1.28266e-05

0.00200195 1.55015e-05
0.00202637 5.92485e-06

0.00202637 6.40381e-06
0.00205078 8.98588e-06

0.00205078 9.40912e-06
0.0020752 1.47079e-05

0.0020752 9.73789e-06
0.00209961 1.1814e-05

0.00209961 1.34056e-05
0.00212402 1.33759e-05

0.00212402 1.3024e-05
0.00214844 8.48866e-06

0.00214844 8.09037e-06
0.00217285 1.30589e-05

0.00217285 1.39561e-05
0.00219727 1.37659e-05

0.00219727 1.30757e-05
0.00222168 7.82048e-06

0.00222168 7.74356e-06
0.00224609 1.34688e-05

0.00224609 1.41217e-05
0.00227051 1.39158e-05

0.00227051 1.38345e-05
0.00229492 7.10177e-06

0.00229492 7.86906e-06
0.00231934 1.19227e-05

0.00231934 1.05491e-05
0.00234375 1.51595e-05

0.00234375 1.51972e-05
0.00236816 1.07076e-05

0.00236816 1.25208e-05
0.00239258 7.22563e-06

0.00239258 7.23405e-06
0.00241699 1.25149e-05

0.00241699 1.06409e-05
0.00244141 1.52434e-05

0.00244141 1.52394e-05
0.00246582 1.06291e-05

0.00246582 1.24837e-05
0.00249023 7.27118e-06

0.00249023 7.27245e-06
0.00251465 1.25336e-05

0.00251465 1.06677e-05
0.00253906 1.52105e-05

0.00253906 1.52039e-05
0.00256348 1.06439e-05

0.00256348 1.24537e-05
0.00258789 7.36118e-06

0.00258789 7.35453e-06
0.0026123 1.25563e-05

0.0026123 1.0793e-05
0.00263672 1.5096e-05

0.00263672 1.50397e-05
0.00266113 1.05885e-05

0.00266113 1.18712e-05
0.00268555 8.11472e-06

0.00268555 7.31733e-06
0.00270996 1.38602e-05

0.00270996 1.39499e-05
0.00273438 1.41118e-05

0.00273437 1.38972e-05
0.00275879 7.49852e-06

0.00275879 8.27788e-06
0.0027832 1.18366e-05

0.0027832 1.07312e-05
0.00280762 1.49044e-05

0.00280762 1.48996e-05
0.00283203 1.07434e-05

0.00283203 1.19365e-05
0.00285645 8.19187e-06

0.00285645 7.5181e-06
0.00288086 1.36722e-05

0.00288086 1.37419e-05
0.00290527 1.3967e-05

0.00290527 1.29995e-05
0.00292969 8.49224e-06

0.00292969 9.07474e-06
0.0029541 1.29297e-05

0.0029541 1.3142e-05
0.00297852 1.31828e-05

0.00297852 1.13382e-05
0.00300293 1.07202e-05

0.00300293 1.08516e-05
0.00302734 1.46636e-05

0.00302734 1.3005e-05
0.00305176 1.42774e-05

0.00305176 1.3299e-05
0.00307617 1.40832e-05

0.00307617 1.36759e-05
0.00310059 1.47897e-05

0.00310059 1.40677e-05
0.003125 1.50394e-05

0.00175781 0.00287764
0.00156976 0.00292969

0.0015625 0.00293151
0.00156908 0.00292969

0.00175781 0.00287813
0.00195312 0.00281537

0.00234375 0.00265806
0.00216859 0.00273438

0.00195312 0.00281571
0.00214844 0.00274258

0.00214844 0.00274186
0.00216561 0.00273438

0.00292969 0.00231059
0.0028836 0.00234375

0.00302734 0.00223433
0.00301256 0.00224609

0.00297852 0.00227196
0.00294879 0.00229492

0.00292969 0.00230996
0.0029495 0.00229492

0.00300293 0.0022528
0.00298049 0.00227051

0.00297852 0.0022722
0.00298063 0.00227051

0.00300293 0.00224958
0.00300741 0.00224609

0.00307617 0.00219113
0.00306908 0.00219727

0.00302734 0.00223323
0.00306997 0.00219727

0.00307617 0.00219188
0.003125 0.00214862

0.00244141 0.0026104
0.00238723 0.00263672

0.00234375 0.00265629
0.00238405 0.00263672

0.00244141 0.00260994
0.00253906 0.00255899

0.00273438 0.00244626
0.00257683 0.00253906

0.00253906 0.00255844
0.00257253 0.00253906

0.00283203 0.00238002
0.0027396 0.00244141

0.00273438 0.00244404
0.00273851 0.00244141

0.00283203 0.00237997
0.00288266 0.00234375

0.003125 1.45354e-05
0.00314941 1.54783e-05

0.00314941 1.49512e-05
0.00317383 1.56978e-05

0.00317383 1.5124e-05
0.00319824 1.61392e-05

0.00319824 1.57787e-05
0.00322266 1.66107e-05

0.00322266 1.5831e-05
0.00324707 1.6895e-05

0.00324707 1.63731e-05
0.00327148 1.79361e-05

0.00327148 1.75423e-05
0.0032959 1.81071e-05

0.0032959 1.79236e-05
0.00332031 1.74728e-05

0.00332031 1.57746e-05
0.00334473 1.90057e-05

0.00334473 2.0701e-05
0.00336914 2.11577e-05

0.00336914 1.22225e-05
0.00339355 2.34208e-05

0.00339115 2.44141e-05
0.00339355 2.54358e-05

0.00339355 2.87613e-05
0.00341542 4.88281e-05

0.00341649 4.88281e-05
0.00341797 5.0218e-05

0.00341797 5.08155e-05
0.00344097 7.32422e-05

0.00344112 7.32422e-05
0.00344238 7.45334e-05

0.00344238 7.47722e-05
0.00346405 9.76563e-05

0.00346452 9.76563e-05
0.0034668 0.000100182

0.0034668 0.000100943
0.00348549 0.00012207

0.00348528 0.00012207
0.00349121 0.000129075

0.00349121 0.000128697
0.00350596 0.000146484

0.00350615 0.000146484
0.00351563 0.000158751

0.00351563 0.000159199
0.00354299 0.000195313

0.00354338 0.000195313
0.00356445 0.000226698

0.00356445 0.000228619
0.00357468 0.000244141

0.00357559 0.000244141
0.00360464 0.000292969

0.0036054 0.000292969
0.00361328 0.000308715

0.00361328 0.000310186
0.00362991 0.000341797

0.00363008 0.000341797
0.00365287 0.000390625

0.00365353 0.000390625
0.00369129 0.000488281

0.00369115 0.000488281
0.00371094 0.000557493

0.00371094 0.000559409
0.00371852 0.000585938

0.00371871 0.000585937
0.0037378 0.000683594

0.00373743 0.000683594
0.00374884 0.00078125

0.00375082 0.00078125
0.00375186 0.000976562

0.00375155 0.000976562
0.00372399 0.00117188

0.00371094 0.00121933
0.00366871 0.00136719

0.00366868 0.00136719
0.00358375 0.0015625

0.00371094 0.00121685
0.00372204 0.00117187

0.00332031 0.00195083
0.00331838 0.00195312

0.00351563 0.00167816
0.00346818 0.00175781

0.00341797 0.00182444
0.00339559 0.00185547

0.00332031 0.00194846
0.00339594 0.00185547

0.00341797 0.00182437
0.003466 0.00175781

0.00322266 0.00205518
0.00312623 0.00214844

0.00331686 0.00195313
0.00322705 0.00205078

0.00322266 0.00205435
0.00322615 0.00205078

0.003125 0.00214874
0.00312533 0.00214844

0.00351563 0.0016782
0.00358454 0.0015625

