7.18915e-05 0
7.32422e-05 3.98495e-06

7.3415e-05 0
9.57157e-05 2.44141e-05

9.76563e-05 1.46526e-05
0.00012207 1.59099e-05

0.00012207 1.44278e-05
0.000146484 1.37361e-05

0.000146484 1.4724e-05
0.000170898 1.47396e-05

0.000170898 1.40116e-05
0.000195313 1.41769e-05

0.000195313 1.44375e-05
0.000219727 1.5287e-05

0.000219727 1.51946e-05
0.000244141 1.43532e-05

0.000244141 1.4583e-05
0.000268555 1.37952e-05

0.000268555 1.39782e-05
0.000292969 1.43366e-05

0.000292969 1.43811e-05
0.000317383 1.45547e-05

0.000317383 1.47306e-05
0.000341797 1.38561e-05

0.000341797 1.41601e-05
0.000366211 1.34182e-05

0.000366211 1.35948e-05
0.000390625 1.38656e-05

0.000390625 1.3873e-05
0.000415039 1.41138e-05

0.000415039 1.42334e-05
0.000439453 1.35928e-05

0.000439453 1.38174e-05
0.000463867 1.32017e-05

0.000463867 1.33559e-05
0.000488281 1.35559e-05

0.000488281 1.35745e-05
0.000512695 1.374e-05

0.000512695 1.38298e-05
0.000537109 1.33278e-05

0.000537109 1.35115e-05
0.000561523 1.30614e-05

0.000561523 1.31506e-05
0.000585937 1.33505e-05

0.000585938 1.34505e-05
0.000610352 1.3413e-05

0.000610352 1.34414e-05
0.000634766 1.30051e-05

0.000634766 1.31787e-05
0.00065918 1.30535e-05

0.00065918 1.30916e-05
0.000683594 1.3175e-05

0.000683594 1.31281e-05
0.000708008 1.32237e-05

0.000708008 1.32305e-05
0.000732422 1.31737e-05

0.000732422 1.31475e-05
0.000756836 1.31225e-05

0.000756836 1.31108e-05
0.00078125 1.32577e-05

0.00078125 1.3157e-05
0.000805664 1.33246e-05

0.000805664 1.33152e-05
0.000830078 1.32957e-05

0.000830078 1.31754e-05
0.000854492 1.3278e-05

0.000854492 1.31768e-05
0.000878906 1.3583e-05

0.000878906 1.34453e-05
0.00090332 1.36018e-05

0.00090332 1.35478e-05
0.000927734 1.34424e-05

0.000927734 1.3361e-05
0.000952148 1.35306e-05

0.000952148 1.33473e-05
0.000976562 1.38929e-05

0.000976562 1.37347e-05
0.00100098 1.39695e-05

0.00100098 1.38383e-05
0.00102539 1.37553e-05

0.00102539 1.37992e-05
0.0010498 1.37799e-05

0.0010498 1.34544e-05
0.00107422 1.41102e-05

0.00107422 1.39092e-05
0.00109863 1.46663e-05

0.00109863 1.44688e-05
0.00112305 1.42685e-05

0.00112305 1.42657e-05
0.00114746 1.3997e-05

0.00114746 1.37333e-05
0.00117187 1.45872e-05

0.00117188 1.42797e-05
0.00119629 1.5318e-05

0.00119629 1.51072e-05
0.0012207 1.48791e-05

0.0012207 1.48497e-05
0.00124512 1.4378e-05

0.00124512 1.42366e-05
0.00126953 1.49918e-05

0.00126953 1.49569e-05
0.00129395 1.54889e-05

0.00129395 1.57223e-05
0.00131836 1.43794e-05

0.00131836 1.40993e-05
0.00134277 1.41661e-05

0.00134277 1.53206e-05
0.00136719 1.48877e-05

0.0013916 1.09372e-06
0.00136936 2.44141e-05

0.0013916 4.49585e-06
0.00139313 0

0.00146281 0
0.00146484 5.98314e-06

0.00146484 4.64683e-06
0.0014847 2.44141e-05

0.00148511 2.44141e-05
0.00148926 2.58077e-05

0.00148926 1.5972e-05
0.00151367 1.73253e-05

0.00151367 1.7805e-05
0.00153809 1.75105e-05

0.0015625 4.29828e-06
0.00154294 2.44141e-05

0.00153809 2.54295e-05
0.00154095 2.44141e-05

0 0.00311966
0.000390625 0.00310867

0.000390625 0.00310895
0.00078125 0.00307541

0.00078125 0.00307605
0.00117187 0.00301812

0.00117188 0.00301916
0.0015625 0.00293349

0.0015625 6.78065e-06
0.00156484 0

0.00165641 0
0.00166016 9.18195e-06

0.00166016 1.03407e-05
0.00167585 2.44141e-05

0.00167492 2.44141e-05
0.00168457 2.77729e-05

0.00168457 1.76052e-05
0.00170898 1.77681e-05

0.0016922 2.44141e-05
0.00170898 2.44698e-05

0.0017334 1.08468e-05
0.00171771 2.44141e-05

0.00170898 2.77305e-05
0.00171874 2.44141e-05

0.0017334 1.13273e-05
0.00173815 0

0.00180028 0
0.00180664 1.4224e-05

0.00180664 9.38145e-06
0.00183105 1.23436e-05

0.00183105 6.17383e-06
0.00185418 0

0.00185576 0
0.00187988 1.74234e-05

0.00187988 9.04831e-06
0.0019043 1.14253e-05

0.0019043 9.23102e-06
0.00192871 1.05162e-05

0.00192871 9.78414e-06
0.00195312 1.21262e-05

0.00195312 9.46284e-06
0.00197754 1.30365e-05

0.00197754 1.36368e-05
0.00200195 1.28296e-05

0.00200195 1.54786e-05
0.00202637 5.95326e-06

0.00202637 6.43602e-06
0.00205078 9.00554e-06

0.00205078 9.40324e-06
0.0020752 1.471e-05

0.0020752 9.77117e-06
0.00209961 1.18499e-05

0.00209961 1.34356e-05
0.00212402 1.33495e-05

0.00212402 1.30751e-05
0.00214844 8.43239e-06

0.00214844 8.02053e-06
0.00217285 1.30072e-05

0.00217285 1.38522e-05
0.00219727 1.38704e-05

0.00219727 1.32098e-05
0.00222168 7.84204e-06

0.00222168 7.73056e-06
0.00224609 1.3331e-05

0.00224609 1.40055e-05
0.00227051 1.402e-05

0.00227051 1.38926e-05
0.00229492 7.18842e-06

0.00229492 7.93582e-06
0.00231934 1.18537e-05

0.00231934 1.05446e-05
0.00234375 1.5156e-05

0.00234375 1.51909e-05
0.00236816 1.07118e-05

0.00236816 1.25201e-05
0.00239258 7.23262e-06

0.00239258 7.2409e-06
0.00241699 1.25138e-05

0.00241699 1.06425e-05
0.00244141 1.52399e-05

0.00244141 1.52359e-05
0.00246582 1.06318e-05

0.00246582 1.24854e-05
0.00249023 7.27565e-06

0.00249023 7.27702e-06
0.00251465 1.25305e-05

0.00251465 1.0666e-05
0.00253906 1.521e-05

0.00253906 1.5205e-05
0.00256348 1.06459e-05

0.00256348 1.24579e-05
0.00258789 7.35587e-06

0.00258789 7.34911e-06
0.0026123 1.25541e-05

0.0026123 1.07913e-05
0.00263672 1.50993e-05

0.00263672 1.50421e-05
0.00266113 1.0585e-05

0.00266113 1.18691e-05
0.00268555 8.11114e-06

0.00268555 7.3181e-06
0.00270996 1.38573e-05

0.00270996 1.39307e-05
0.00273438 1.41188e-05

0.00273437 1.38765e-05
0.00275879 7.55221e-06

0.00275879 8.33687e-06
0.0027832 1.18471e-05

0.0027832 1.07643e-05
0.00280762 1.48539e-05

0.00280762 1.48502e-05
0.00283203 1.07511e-05

0.00283203 1.18482e-05
0.00285645 8.34077e-06

0.00285645 7.68739e-06
0.00288086 1.37287e-05

0.00288086 1.38446e-05
0.00290527 1.3825e-05

0.00290527 1.2895e-05
0.00292969 8.49479e-06

0.00292969 9.09154e-06
0.0029541 1.30173e-05

0.0029541 1.31414e-05
0.00297852 1.31755e-05

0.00297852 1.14863e-05
0.00300293 1.06675e-05

0.00300293 1.08002e-05
0.00302734 1.4445e-05

0.00302734 1.28612e-05
0.00305176 1.4257e-05

0.00305176 1.32217e-05
0.00307617 1.40581e-05

0.00307617 1.3639e-05
0.00310059 1.4736e-05

0.00310059 1.40143e-05
0.003125 1.4958e-05

0.00175781 0.00287766
0.00156986 0.00292969

0.0015625 0.00293155
0.00156923 0.00292969

0.00175781 0.00287815
0.00195312 0.00281539

0.00234375 0.00265809
0.00216863 0.00273438

0.00195312 0.00281573
0.00214844 0.00274259

0.00214844 0.00274187
0.00216565 0.00273438

0.00292969 0.00231067
0.00288371 0.00234375

0.00302734 0.00223444
0.0030127 0.00224609

0.00297852 0.002272
0.00294886 0.00229492

0.00292969 0.00231002
0.00294956 0.00229492

0.00300293 0.00225285
0.00298055 0.00227051

0.00297852 0.00227228
0.00298072 0.00227051

0.00300293 0.00224949
0.00300731 0.00224609

0.00307617 0.00219111
0.00306906 0.00219727

0.00302734 0.00223329
0.00307004 0.00219727

0.00307617 0.00219193
0.003125 0.00214867

0.00244141 0.00261043
0.00238729 0.00263672

0.00234375 0.00265631
0.00238409 0.00263672

0.00244141 0.00260996
0.00253906 0.00255902

0.00273438 0.00244631
0.0025769 0.00253906

0.00253906 0.00255845
0.00257254 0.00253906

0.00283203 0.00238007
0.00273967 0.00244141

0.00273438 0.00244405
0.00273852 0.00244141

0.00283203 0.00237999
0.00288269 0.00234375

0.003125 1.44074e-05
0.00314941 1.54648e-05

0.00314941 1.48503e-05
0.00317383 1.58459e-05

0.00317383 1.53155e-05
0.00319824 1.6226e-05

0.00319824 1.56682e-05
0.00322266 1.65949e-05

0.00322266 1.60232e-05
0.00324707 1.71535e-05

0.00324707 1.65679e-05
0.00327148 1.77466e-05

0.00327148 1.70931e-05
0.0032959 1.82915e-05

0.0032959 1.77781e-05
0.00332031 1.88551e-05

0.00332031 1.81785e-05
0.00334473 1.93556e-05

0.00334473 1.95116e-05
0.00336914 1.94759e-05

0.00336914 1.28613e-05
0.00339321 2.44141e-05

0.00339166 2.44141e-05
0.00339355 2.51604e-05

0.00339355 2.73351e-05
0.00341797 4.86922e-05

0.00341772 4.88281e-05
0.00341797 4.90654e-05

0.00341797 4.84655e-05
0.00341835 4.88281e-05

0.00341797 4.92804e-05
0.00344197 7.32422e-05

0.00344198 7.32422e-05
0.00344238 7.36562e-05

0.00344238 7.37979e-05
0.00346466 9.76563e-05

0.00346518 9.76563e-05
0.0034668 9.94655e-05

0.0034668 0.000100199
0.003486 0.00012207

0.00348577 0.00012207
0.00349121 0.000128545

0.00349121 0.000128192
0.0035063 0.000146484

0.00350651 0.000146484
0.00351563 0.000158335

0.00351563 0.000158795
0.00354318 0.000195313

0.00354358 0.000195313
0.00356445 0.000226502

0.00356445 0.000228383
0.00357482 0.000244141

0.00357569 0.000244141
0.00360465 0.000292969

0.00360538 0.000292969
0.00361328 0.000308801

0.00361328 0.000310166
0.00362988 0.000341797

0.00363003 0.000341797
0.00365277 0.000390625

0.00365344 0.000390625
0.00369113 0.000488281

0.00369098 0.000488281
0.00371094 0.000558172

0.00371094 0.000560004
0.00371834 0.000585938

0.00371852 0.000585937
0.00373759 0.000683594

0.00373722 0.000683594
0.00374862 0.00078125

0.0037506 0.00078125
0.00375164 0.000976562

0.00375133 0.000976562
0.00372379 0.00117188

0.00371094 0.00121862
0.00366854 0.00136719

0.00366852 0.00136719
0.00358364 0.0015625

0.00371094 0.00121605
0.00372184 0.00117187

0.00332031 0.00195082
0.00331837 0.00195312

0.00351563 0.00167815
0.0034682 0.00175781

0.00341797 0.00182446
0.00339561 0.00185547

0.00332031 0.00194848
0.00339593 0.00185547

0.00341797 0.00182431
0.00346595 0.00175781

0.00322266 0.00205522
0.00312628 0.00214844

0.00331687 0.00195313
0.00322708 0.00205078

0.00322266 0.00205448
0.00322627 0.00205078

0.003125 0.00214868
0.00312526 0.00214844

0.00351563 0.00167802
0.0035844 0.0015625

