0 0.0513146
0.00012207 0.0513172

0.00012207 0.0513172
0.000244141 0.051325

0.000244141 0.0513249
0.000366211 0.0513381

0.000366211 0.051338
0.000488281 0.0513566

0.000488281 0.0513566
0.000610352 0.0513806

0.000610352 0.0513806
0.000655929 0.0513916

0.000655961 0.0513916
0.000732422 0.0514101

0.000732422 0.0514101
0.000854492 0.0514452

0.000854492 0.0514451
0.000976562 0.0514862

0.000976562 0.0514861
0.00104761 0.0515137

0.00104767 0.0515137
0.00109863 0.0515335

0.00109863 0.0515333
0.0012207 0.0515876

0.0012207 0.0515874
0.00131605 0.0516357

0.00131609 0.0516357
0.00134277 0.0516493

0.00134277 0.051649
0.00146484 0.0517196

0.00146484 0.0517193
0.00152343 0.0517578

0.00152333 0.0517578
0.00158691 0.0517998

0.00158691 0.0517993
0.00169351 0.0518799

0.00169382 0.0518799
0.00170898 0.0518917

0.00170898 0.0518909
0.00183105 0.0519971

0.00183105 0.0519973
0.00183601 0.052002

0.00183654 0.052002
0.00195312 0.0521191

0.00195312 0.0521197
0.00195712 0.052124

0.00195749 0.052124
0.00206249 0.0522461

0.00206017 0.0522461
0.0020752 0.0522657

0.0020752 0.0522638
0.00215296 0.0523682

0.00215202 0.0523682
0.00219727 0.0524379

0.00219727 0.052437
0.00223155 0.0524902

0.00223115 0.0524902
0.00229991 0.0526123

0.00229888 0.0526123
0.00231934 0.0526544

0.00231934 0.0526519
0.00235939 0.0527344

0.00235869 0.0527344
0.00240944 0.0528564

0.00240895 0.0528564
0.00244141 0.052948

0.00244141 0.0529453
0.00245319 0.0529785

0.00245308 0.0529785
0.00248815 0.0531006

0.00248758 0.0531006
0.00251439 0.0532227

0.00251424 0.0532227
0.00253421 0.0533447

0.00253419 0.0533447
0.00254767 0.0534668

0.00254767 0.0534668
0.00255472 0.0535889

0.00255471 0.0535889
0.00255535 0.0537109

0.00244141 0.0543932
0.0024261 0.0544434

0.00242585 0.0544434
0.00238066 0.0545654

0.00237995 0.0545654
0.00232729 0.0546875

0.00255535 0.0537109
0.00254957 0.053833

0.00254958 0.053833
0.00253734 0.0539551

0.00253734 0.0539551
0.00251862 0.0540771

0.00251857 0.0540771
0.00249346 0.0541992

0.00249328 0.0541992
0.00246227 0.0543213

0.00244141 0.054389
0.00246207 0.0543213

0 0.0562192
0.00012207 0.056216

0.00012207 0.056216
0.000244141 0.0562063

0.000244141 0.0562063
0.000366211 0.05619

0.000366211 0.05619
0.000488281 0.056167

0.000610352 0.0561371
0.000547966 0.0561523

0.000610352 0.0561371
0.000732422 0.0561003

0.000732422 0.0561003
0.000854492 0.0560564

0.000976562 0.0560054
0.000917145 0.0560303

0.000854492 0.0560565
0.000917109 0.0560303

0.000488281 0.056167
0.000547945 0.0561523

0.00158691 0.0556294
0.00154228 0.0556641

0.00170898 0.0555237
0.00168836 0.055542

0.00158691 0.055629
0.00168819 0.055542

0.00183105 0.0554068
0.00181829 0.0554199

0.00195312 0.0552707
0.00193002 0.0552979

0.00183105 0.0554057
0.00193033 0.0552979

0.00170898 0.055525
0.00181826 0.0554199

0.0012207 0.0558811
0.0011708 0.0559082

0.000976562 0.0560053
0.00109863 0.055947

0.00109863 0.0559473
0.00117076 0.0559082

0.0012207 0.055881
0.00134277 0.0558065

0.00146484 0.0557235
0.00137336 0.0557861

0.00134277 0.0558066
0.00137392 0.0557861

0.00146484 0.0557236
0.00154247 0.0556641

0.0020752 0.0551163
0.00203158 0.0551758

0.00219727 0.0549344
0.00212066 0.0550537

0.0020752 0.055116
0.00212023 0.0550537

0.00231934 0.0547059
0.00226803 0.0548096

0.0022673 0.0548096
0.00219824 0.0549316

0.00231934 0.0547014
0.00232619 0.0546875

0.00195312 0.0552704
0.0020311 0.0551758

