7.18337e-05 0
7.32422e-05 4.15311e-06

7.32422e-05 7.80224e-07
9.58092e-05 2.44141e-05

9.69763e-05 2.44141e-05
9.76563e-05 2.46514e-05

9.76563e-05 1.42629e-05
0.00012207 1.51685e-05

0.00012207 1.43182e-05
0.000146484 1.40789e-05

0.00012207 2.44166e-05
0.000122735 2.44141e-05

0.000146484 1.44046e-05
0.000170898 1.46502e-05

0.000170898 1.41268e-05
0.000195313 1.46569e-05

0.000195313 1.49918e-05
0.000219727 1.49063e-05

0.000219727 1.48084e-05
0.000244141 1.38384e-05

0.000244141 1.3977e-05
0.000268555 1.43907e-05

0.000268555 1.46338e-05
0.000292969 1.46609e-05

0.000292969 1.46512e-05
0.000317383 1.37591e-05

0.000317383 1.40502e-05
0.000341797 1.38559e-05

0.000341797 1.40696e-05
0.000366211 1.40427e-05

0.000366211 1.40624e-05
0.000390625 1.38026e-05

0.000390625 1.39817e-05
0.000415039 1.37348e-05

0.000415039 1.38498e-05
0.000439453 1.36417e-05

0.000439453 1.3836e-05
0.000463867 1.35676e-05

0.000463867 1.36734e-05
0.000488281 1.34172e-05

0.000488281 1.35089e-05
0.000512695 1.35147e-05

0.000512695 1.36297e-05
0.000537109 1.34694e-05

0.000537109 1.35948e-05
0.000561523 1.31924e-05

0.000561523 1.33083e-05
0.000585937 1.3202e-05

0.000585938 1.32739e-05
0.000610352 1.33589e-05

0.000610352 1.33525e-05
0.000634766 1.32813e-05

0.000634766 1.34085e-05
0.00065918 1.31209e-05

0.00065918 1.32841e-05
0.000683594 1.29338e-05

0.000683594 1.29454e-05
0.000708008 1.30819e-05

0.000708008 1.30621e-05
0.000732422 1.33508e-05

0.000732422 1.32664e-05
0.000756836 1.31761e-05

0.000756836 1.31922e-05
0.00078125 1.30905e-05

0.00078125 1.29814e-05
0.000805664 1.33148e-05

0.000805664 1.31944e-05
0.000830078 1.3569e-05

0.000830078 1.34785e-05
0.000854492 1.33632e-05

0.000854492 1.33892e-05
0.000878906 1.32057e-05

0.000878906 1.30767e-05
0.00090332 1.34979e-05

0.00090332 1.33706e-05
0.000927734 1.38394e-05

0.000927734 1.36367e-05
0.000952148 1.36308e-05

0.000952148 1.36272e-05
0.000976562 1.35739e-05

0.000976562 1.3499e-05
0.00100098 1.36894e-05

0.00100098 1.34104e-05
0.00102539 1.40743e-05

0.00102539 1.39662e-05
0.0010498 1.42224e-05

0.0010498 1.40462e-05
0.00107422 1.38294e-05

0.00107422 1.38366e-05
0.00109863 1.40212e-05

0.00109863 1.36508e-05
0.00112305 1.45063e-05

0.00112305 1.43651e-05
0.00114746 1.48167e-05

0.00114746 1.45213e-05
0.00117187 1.43473e-05

0.00117188 1.4323e-05
0.00119629 1.45836e-05

0.00119629 1.41749e-05
0.0012207 1.51061e-05

0.0012207 1.50094e-05
0.00124512 1.53959e-05

0.00124512 1.54884e-05
0.00126953 1.44258e-05

0.00126953 1.42834e-05
0.00129395 1.43966e-05

0.00129395 1.49699e-05
0.00131836 1.51258e-05

0.00131836 1.44105e-05
0.00134277 1.45204e-05

0.00134277 1.54653e-05
0.00136719 1.4808e-05

0.0013916 1.32679e-06
0.00136945 2.44141e-05

0.0013916 4.55528e-06
0.00139315 0

0.00146321 0
0.00146484 4.87972e-06

0.00146484 4.02569e-06
0.00148446 2.44141e-05

0.00148429 2.44141e-05
0.00148926 2.61633e-05

0.00148926 1.71561e-05
0.00151367 1.75196e-05

0.00150101 2.44141e-05
0.00151367 2.44707e-05

0.00151367 1.6855e-05
0.00153809 1.63772e-05

0.00151367 2.4455e-05
0.00151925 2.44141e-05

0.0015625 5.50874e-06
0.00154299 2.44141e-05

0.00153809 2.58996e-05
0.00154254 2.44141e-05

0 0.00311971
0.000390625 0.00310872

0.000390625 0.003109
0.00078125 0.00307546

0.00078125 0.00307609
0.00117187 0.00301816

0.00117188 0.00301921
0.0015625 0.00293352

0.0015625 6.90735e-06
0.00156491 0

0.00165639 0
0.00166016 9.21134e-06

0.00166016 1.03057e-05
0.00167587 2.44141e-05

0.00167508 2.44141e-05
0.00168457 2.77243e-05

0.00168457 1.76216e-05
0.00170898 1.78286e-05

0.00169387 2.44141e-05
0.00170898 2.44822e-05

0.0017334 1.08554e-05
0.00171775 2.44141e-05

0.00170898 2.77528e-05
0.00171878 2.44141e-05

0.0017334 1.13109e-05
0.00173815 0

0.00180031 0
0.00180664 1.41916e-05

0.00180664 9.34725e-06
0.00183105 1.23752e-05

0.00183105 6.17845e-06
0.00185426 0

0.00185574 0
0.00187988 1.74153e-05

0.00187988 9.0611e-06
0.0019043 1.14332e-05

0.0019043 9.23874e-06
0.00192871 1.051e-05

0.00192871 9.78682e-06
0.00195312 1.21291e-05

0.00195312 9.46549e-06
0.00197754 1.30362e-05

0.00197754 1.3636e-05
0.00200195 1.28329e-05

0.00200195 1.54786e-05
0.00202637 5.96078e-06

0.00202637 6.44065e-06
0.00205078 9.00877e-06

0.00205078 9.42739e-06
0.0020752 1.46929e-05

0.0020752 9.75065e-06
0.00209961 1.1829e-05

0.00209961 1.34083e-05
0.00212402 1.33813e-05

0.00212402 1.31087e-05
0.00214844 8.43516e-06

0.00214844 8.02339e-06
0.00217285 1.29679e-05

0.00217285 1.38243e-05
0.00219727 1.38784e-05

0.00219727 1.31386e-05
0.00222168 7.92465e-06

0.00222168 7.82942e-06
0.00224609 1.33916e-05

0.00224609 1.41129e-05
0.00227051 1.39005e-05

0.00227051 1.38183e-05
0.00229492 7.11812e-06

0.00229492 7.87861e-06
0.00231934 1.19296e-05

0.00231934 1.05553e-05
0.00234375 1.51521e-05

0.00234375 1.51909e-05
0.00236816 1.07131e-05

0.00236816 1.25222e-05
0.00239258 7.23806e-06

0.00239258 7.24707e-06
0.00241699 1.25113e-05

0.00241699 1.06431e-05
0.00244141 1.52379e-05

0.00244141 1.52344e-05
0.00246582 1.06335e-05

0.00246582 1.24869e-05
0.00249023 7.27699e-06

0.00249023 7.27821e-06
0.00251465 1.25291e-05

0.00251465 1.06661e-05
0.00253906 1.52098e-05

0.00253906 1.52042e-05
0.00256348 1.06459e-05

0.00256348 1.24527e-05
0.00258789 7.36192e-06

0.00258789 7.35455e-06
0.0026123 1.25602e-05

0.0026123 1.07966e-05
0.00263672 1.50976e-05

0.00263672 1.50402e-05
0.00266113 1.05902e-05

0.00266113 1.1876e-05
0.00268555 8.11586e-06

0.00268555 7.32331e-06
0.00270996 1.38515e-05

0.00270996 1.39303e-05
0.00273438 1.41182e-05

0.00273437 1.3879e-05
0.00275879 7.54902e-06

0.00275879 8.32889e-06
0.0027832 1.18478e-05

0.0027832 1.0761e-05
0.00280762 1.48666e-05

0.00280762 1.48574e-05
0.00283203 1.07593e-05

0.00283203 1.19359e-05
0.00285645 8.26099e-06

0.00285645 7.58373e-06
0.00288086 1.36553e-05

0.00288086 1.37306e-05
0.00290527 1.39571e-05

0.00290527 1.30517e-05
0.00292969 8.4908e-06

0.00292969 9.01197e-06
0.0029541 1.29039e-05

0.0029541 1.32026e-05
0.00297852 1.32176e-05

0.00297852 1.14092e-05
0.00300293 1.05265e-05

0.00300293 1.06389e-05
0.00302734 1.46295e-05

0.00302734 1.29651e-05
0.00305176 1.44109e-05

0.00305176 1.33297e-05
0.00307617 1.40589e-05

0.00307617 1.37162e-05
0.00310059 1.47611e-05

0.00310059 1.40376e-05
0.003125 1.49682e-05

0.00175781 0.00287769
0.00156999 0.00292969

0.0015625 0.00293159
0.00156938 0.00292969

0.00175781 0.00287818
0.00195312 0.00281541

0.00234375 0.0026581
0.00216868 0.00273438

0.00195312 0.00281575
0.00214844 0.00274261

0.00214844 0.00274189
0.00216569 0.00273438

0.00292969 0.00231066
0.0028837 0.00234375

0.00302734 0.00223441
0.00301267 0.00224609

0.00297852 0.00227197
0.00294883 0.00229492

0.00292969 0.00231
0.00294953 0.00229492

0.00300293 0.00225282
0.00298052 0.00227051

0.00297852 0.00227226
0.00298071 0.00227051

0.00300293 0.0022494
0.00300719 0.00224609

0.00307617 0.00219106
0.003069 0.00219727

0.00302734 0.00223326
0.00307 0.00219727

0.00307617 0.0021919
0.003125 0.00214863

0.00244141 0.00261044
0.00238731 0.00263672

0.00234375 0.00265632
0.0023841 0.00263672

0.00244141 0.00260997
0.00253906 0.00255902

0.00273438 0.0024463
0.0025769 0.00253906

0.00253906 0.00255844
0.00257252 0.00253906

0.00283203 0.00238005
0.00273966 0.00244141

0.00273438 0.00244402
0.00273848 0.00244141

0.00283203 0.00237996
0.00288264 0.00234375

0.003125 1.4463e-05
0.00314941 1.54939e-05

0.00314941 1.49537e-05
0.00317383 1.57356e-05

0.00317383 1.50812e-05
0.00319824 1.61846e-05

0.00319824 1.57285e-05
0.00322266 1.6856e-05

0.00322266 1.64686e-05
0.00324707 1.67936e-05

0.00324707 1.62705e-05
0.00327148 1.6901e-05

0.00327148 1.55792e-05
0.0032959 1.88368e-05

0.0032959 1.91831e-05
0.00332031 2.02806e-05

0.00332031 1.88225e-05
0.00334473 1.77884e-05

0.00334473 1.81724e-05
0.00336914 1.92232e-05

0.00336914 1.29773e-05
0.00339097 2.44141e-05

0.00338999 2.44141e-05
0.00339355 2.5897e-05

0.00339355 2.80094e-05
0.00341762 4.88281e-05

0.00341745 4.88281e-05
0.00341797 4.93186e-05

0.00341797 4.9606e-05
0.0034419 7.32422e-05

0.0034419 7.32422e-05
0.00344238 7.37404e-05

0.00344238 7.38723e-05
0.00346468 9.76563e-05

0.00346509 9.76563e-05
0.0034668 9.95665e-05

0.0034668 0.000100202
0.00348598 0.00012207

0.00348573 0.00012207
0.00349121 0.000128598

0.00349121 0.000128281
0.00350623 0.000146484

0.0035065 0.000146484
0.00351563 0.000158339

0.00351563 0.000158823
0.00354318 0.000195313

0.00354358 0.000195313
0.00356445 0.000226494

0.00356445 0.000228373
0.00357483 0.000244141

0.00357571 0.000244141
0.00360468 0.000292969

0.0036054 0.000292969
0.00361328 0.000308747

0.00361328 0.000310091
0.00362992 0.000341797

0.00363007 0.000341797
0.00365282 0.000390625

0.00365348 0.000390625
0.00369117 0.000488281

0.00369102 0.000488281
0.00371094 0.000558071

0.00371094 0.000559882
0.00371837 0.000585938

0.00371854 0.000585937
0.0037376 0.000683594

0.00373723 0.000683594
0.00374862 0.00078125

0.0037506 0.00078125
0.00375161 0.000976562

0.0037513 0.000976562
0.00372374 0.00117188

0.00371094 0.00121844
0.00366848 0.00136719

0.00366846 0.00136719
0.00358358 0.0015625

0.00371094 0.00121584
0.00372179 0.00117187

0.00332031 0.00195072
0.00331829 0.00195312

0.00351563 0.00167809
0.00346816 0.00175781

0.00341797 0.0018244
0.00339556 0.00185547

0.00332031 0.00194841
0.00339587 0.00185547

0.00341797 0.00182422
0.00346589 0.00175781

0.00322266 0.00205517
0.00312624 0.00214844

0.00331681 0.00195313
0.00322703 0.00205078

0.00322266 0.00205445
0.00322624 0.00205078

0.003125 0.00214861
0.00312519 0.00214844

0.00351563 0.00167789
0.00358432 0.0015625

