0 0.04973
0.00012207 0.0497325

0.00012207 0.0497325
0.000244141 0.0497403

0.000244141 0.0497403
0.000366211 0.0497534

0.000366211 0.0497534
0.000488281 0.049772

0.000488281 0.049772
0.000610352 0.049796

0.000610352 0.0497959
0.000646657 0.0498047

0.000646684 0.0498047
0.000732422 0.0498254

0.000732422 0.0498254
0.000854492 0.0498605

0.000854492 0.0498604
0.000976562 0.0499014

0.000976562 0.0499013
0.00104207 0.0499268

0.00104213 0.0499268
0.00109863 0.0499487

0.00109863 0.0499485
0.0012207 0.0500027

0.0012207 0.0500025
0.00131201 0.0500488

0.00131206 0.0500488
0.00134277 0.0500644

0.00134277 0.0500641
0.00146484 0.0501347

0.00146484 0.0501344
0.00152053 0.0501709

0.00152038 0.0501709
0.00158691 0.0502148

0.00158691 0.0502143
0.00169107 0.050293

0.00169138 0.050293
0.00170898 0.0503067

0.00170898 0.0503059
0.00183105 0.0504119

0.00183105 0.0504121
0.00183417 0.050415

0.00183472 0.050415
0.00195312 0.0505338

0.00195312 0.0505344
0.00195563 0.0505371

0.00195598 0.0505371
0.00206123 0.0506592

0.00205893 0.0506592
0.0020752 0.0506804

0.0020752 0.0506785
0.0021519 0.0507812

0 0.0546345
0.00012207 0.0546313

0.00012207 0.0546313
0.000244141 0.0546215

0.000244141 0.0546216
0.000366211 0.0546052

0.000366211 0.0546053
0.000488281 0.0545822

0.000610352 0.0545522
0.00055654 0.0545654

0.000488281 0.0545822
0.000556517 0.0545654

0.000610352 0.0545523
0.000732422 0.0545154

0.000976562 0.0544205
0.000921996 0.0544434

0.000732422 0.0545154
0.000854492 0.0544715

0.000854492 0.0544716
0.000921966 0.0544434

0.00195312 0.0536856
0.00193188 0.0537109

0.00146484 0.0541385
0.00137619 0.0541992

0.000976562 0.0544206
0.00109863 0.0543622

0.0012207 0.0542961
0.00117429 0.0543213

0.00109863 0.0543624
0.00117426 0.0543213

0.0012207 0.054296
0.00134277 0.0542216

0.00134277 0.0542217
0.00137675 0.0541992

0.00170898 0.0539387
0.00169062 0.0539551

0.00158691 0.0540442
0.00154462 0.0540771

0.00146484 0.0541385
0.00154473 0.0540771

0.00158691 0.0540441
0.00169042 0.0539551

0.00183105 0.0538215
0.00181991 0.053833

0.00170898 0.0539398
0.00181984 0.053833

0.00183105 0.0538207
0.00193217 0.0537109

0.00215097 0.0507812
0.00219727 0.0508525

0.00219727 0.0508515
0.00223063 0.0509033

0.00223027 0.0509033
0.00229919 0.0510254

0.00229818 0.0510254
0.00231934 0.0510689

0.00231934 0.0510664
0.0023588 0.0511475

0.0023581 0.0511475
0.00240897 0.0512695

0.00240848 0.0512695
0.00244141 0.0513622

0.00244141 0.0513595
0.00245283 0.0513916

0.00245273 0.0513916
0.00248792 0.0515137

0.00248735 0.0515137
0.00251425 0.0516357

0.00251409 0.0516357
0.00253415 0.0517578

0.00253413 0.0517578
0.00254769 0.0518799

0.00254768 0.0518799
0.00255481 0.052002

0.00255481 0.052002
0.00255551 0.052124

0.00255552 0.052124
0.00254981 0.0522461

0.00254982 0.0522461
0.00253765 0.0523682

0.00253765 0.0523682
0.002519 0.0524902

0.00251895 0.0524902
0.00249392 0.0526123

0.00249373 0.0526123
0.00246278 0.0527344

0.00244141 0.0528081
0.00242669 0.0528564

0.00242646 0.0528564
0.00238138 0.0529785

0.00231934 0.0531207
0.00226891 0.0532227

0.00238067 0.0529785
0.00232809 0.0531006

0.00231934 0.0531161
0.00232703 0.0531006

0.00219727 0.053346
0.00212385 0.0534668

0.0020752 0.0535311
0.00203292 0.0535889

0.00195312 0.0536855
0.00203253 0.0535889

0.0020752 0.0535302
0.00212097 0.0534668

0.00226814 0.0532227
0.00219924 0.0533447

0.00219727 0.0533452
0.00219758 0.0533447

0.00244141 0.052804
0.0024626 0.0527344

