7.16724e-05 0
7.32422e-05 4.6091e-06

7.32422e-05 1.17759e-06
9.58935e-05 2.44141e-05

9.76563e-05 1.42081e-05
0.00012207 1.47361e-05

0.00012207 1.37579e-05
0.000146484 1.43279e-05

0.000146484 1.4703e-05
0.000170898 1.51357e-05

0.000170898 1.46521e-05
0.000195313 1.41221e-05

0.000195313 1.45294e-05
0.000219727 1.44671e-05

0.000219727 1.42298e-05
0.000244141 1.44463e-05

0.000244141 1.45492e-05
0.000268555 1.47894e-05

0.000268555 1.49551e-05
0.000292969 1.41028e-05

0.000292969 1.44039e-05
0.000317383 1.35912e-05

0.000317383 1.3794e-05
0.000341797 1.40117e-05

0.000341797 1.40406e-05
0.000366211 1.42872e-05

0.000366211 1.44268e-05
0.000390625 1.37581e-05

0.000390625 1.395e-05
0.000415039 1.33552e-05

0.000415039 1.36094e-05
0.000439453 1.36815e-05

0.000439453 1.36624e-05
0.000463867 1.37504e-05

0.000463867 1.38178e-05
0.000488281 1.36047e-05

0.000488281 1.37897e-05
0.000512695 1.33049e-05

0.000512695 1.34429e-05
0.000537109 1.32626e-05

0.000537109 1.34067e-05
0.000561523 1.34236e-05

0.000561523 1.34464e-05
0.000585937 1.32839e-05

0.000585938 1.33909e-05
0.000610352 1.32023e-05

0.000610352 1.32372e-05
0.000634766 1.32191e-05

0.000634766 1.32548e-05
0.00065918 1.33122e-05

0.00065918 1.34128e-05
0.000683594 1.31267e-05

0.000683594 1.32098e-05
0.000708008 1.29439e-05

0.000708008 1.30042e-05
0.000732422 1.31541e-05

0.000732422 1.30501e-05
0.000756836 1.33182e-05

0.000756836 1.33018e-05
0.00078125 1.32424e-05

0.00078125 1.31982e-05
0.000805664 1.30843e-05

0.000805664 1.29943e-05
0.000830078 1.33858e-05

0.000830078 1.32178e-05
0.000854492 1.36308e-05

0.000854492 1.35616e-05
0.000878906 1.34222e-05

0.000878906 1.33931e-05
0.00090332 1.3251e-05

0.00090332 1.31323e-05
0.000927734 1.36439e-05

0.000927734 1.34232e-05
0.000952148 1.39723e-05

0.000952148 1.38689e-05
0.000976562 1.37257e-05

0.000976562 1.37247e-05
0.00100098 1.34562e-05

0.00100098 1.33039e-05
0.00102539 1.38904e-05

0.00102539 1.37013e-05
0.0010498 1.43574e-05

0.0010498 1.42116e-05
0.00107422 1.39816e-05

0.00107422 1.39682e-05
0.00109863 1.37383e-05

0.00109863 1.34812e-05
0.00112305 1.43621e-05

0.00112305 1.40585e-05
0.00114746 1.50005e-05

0.00114746 1.47764e-05
0.00117187 1.45497e-05

0.00117188 1.44233e-05
0.00119629 1.42755e-05

0.00119629 1.42294e-05
0.0012207 1.48631e-05

0.0012207 1.43681e-05
0.00124512 1.53395e-05

0.00124512 1.5499e-05
0.00126953 1.51742e-05

0.00126953 1.48595e-05
0.00129395 1.43148e-05

0.00129395 1.50225e-05
0.00131836 1.47671e-05

0.00131836 1.40811e-05
0.00134277 1.46834e-05

0.00134277 1.57316e-05
0.00136719 1.50289e-05

0.0013916 9.87431e-07
0.00136951 2.44141e-05

0.0013916 4.29635e-06
0.00139306 0

0.00146327 0
0.00146484 4.69075e-06

0.00146484 3.88664e-06
0.00148439 2.44141e-05

0.00148455 2.44141e-05
0.00148926 2.60942e-05

0.00148926 1.74594e-05
0.00151367 1.76955e-05

0.00150151 2.44141e-05
0.00151367 2.44415e-05

0.00151367 1.67752e-05
0.00153809 1.61613e-05

0.0015625 5.72598e-06
0.00154302 2.44141e-05

0.00153809 2.60558e-05
0.00154306 2.44141e-05

0 0.00311975
0.000390625 0.00310876

0.000390625 0.00310905
0.00078125 0.00307551

0.00078125 0.00307614
0.00117187 0.0030182

0.00117188 0.00301925
0.0015625 0.00293356

0.0015625 6.95373e-06
0.00156494 0

0.00165642 0
0.00166016 9.15122e-06

0.00166016 1.03622e-05
0.00167583 2.44141e-05

0.00167492 2.44141e-05
0.00168457 2.7776e-05

0.00168457 1.76006e-05
0.00170898 1.77763e-05

0.00169292 2.44141e-05
0.00170898 2.44718e-05

0.0017334 1.08962e-05
0.00171775 2.44141e-05

0.00170898 2.77345e-05
0.00171875 2.44141e-05

0.0017334 1.13539e-05
0.00173817 0

0.00180029 0
0.00180664 1.4215e-05

0.00180664 9.34508e-06
0.00183105 1.23557e-05

0.00183105 6.17112e-06
0.00185431 0

0.00185575 0
0.00187988 1.742e-05

0.00187988 9.06708e-06
0.0019043 1.14473e-05

0.0019043 9.24605e-06
0.00192871 1.05065e-05

0.00192871 9.79196e-06
0.00195312 1.21326e-05

0.00195312 9.47172e-06
0.00197754 1.30326e-05

0.00197754 1.36316e-05
0.00200195 1.28337e-05

0.00200195 1.54843e-05
0.00202637 5.9646e-06

0.00202637 6.44723e-06
0.00205078 8.99551e-06

0.00205078 9.415e-06
0.0020752 1.46935e-05

0.0020752 9.75449e-06
0.00209961 1.18319e-05

0.00209961 1.34172e-05
0.00212402 1.3359e-05

0.00212402 1.30163e-05
0.00214844 8.49328e-06

0.00214844 8.0908e-06
0.00217285 1.30686e-05

0.00217285 1.39547e-05
0.00219727 1.37777e-05

0.00219727 1.31655e-05
0.00222168 7.75819e-06

0.00222168 7.662e-06
0.00224609 1.338e-05

0.00224609 1.3988e-05
0.00227051 1.40431e-05

0.00227051 1.3908e-05
0.00229492 7.2079e-06

0.00229492 7.95474e-06
0.00231934 1.18381e-05

0.00231934 1.05453e-05
0.00234375 1.51516e-05

0.00234375 1.51831e-05
0.00236816 1.07155e-05

0.00236816 1.25202e-05
0.00239258 7.24401e-06

0.00239258 7.25119e-06
0.00241699 1.25106e-05

0.00241699 1.06441e-05
0.00244141 1.52359e-05

0.00244141 1.52321e-05
0.00246582 1.06353e-05

0.00246582 1.24866e-05
0.00249023 7.28142e-06

0.00249023 7.28246e-06
0.00251465 1.25289e-05

0.00251465 1.06681e-05
0.00253906 1.52078e-05

0.00253906 1.52019e-05
0.00256348 1.06472e-05

0.00256348 1.24508e-05
0.00258789 7.36844e-06

0.00258789 7.36059e-06
0.0026123 1.25619e-05

0.0026123 1.08003e-05
0.00263672 1.50949e-05

0.00263672 1.50374e-05
0.00266113 1.05929e-05

0.00266113 1.18781e-05
0.00268555 8.12148e-06

0.00268555 7.3292e-06
0.00270996 1.38487e-05

0.00270996 1.39301e-05
0.00273438 1.41164e-05

0.00273437 1.38804e-05
0.00275879 7.54851e-06

0.00275879 8.32912e-06
0.0027832 1.18436e-05

0.0027832 1.07561e-05
0.00280762 1.48665e-05

0.00280762 1.48666e-05
0.00283203 1.07519e-05

0.00283203 1.18418e-05
0.00285645 8.32981e-06

0.00285645 7.67765e-06
0.00288086 1.37505e-05

0.00288086 1.38884e-05
0.00290527 1.38053e-05

0.00290527 1.29208e-05
0.00292969 8.39601e-06

0.00292969 8.95976e-06
0.0029541 1.30307e-05

0.0029541 1.32114e-05
0.00297852 1.3203e-05

0.00297852 1.14456e-05
0.00300293 1.05337e-05

0.00300293 1.06595e-05
0.00302734 1.45646e-05

0.00302734 1.29416e-05
0.00305176 1.43548e-05

0.00305176 1.32873e-05
0.00307617 1.40034e-05

0.00307617 1.3631e-05
0.00310059 1.47433e-05

0.00310059 1.39817e-05
0.003125 1.50258e-05

0.00175781 0.00287772
0.00157011 0.00292969

0.0015625 0.00293163
0.00156953 0.00292969

0.00175781 0.00287821
0.00195312 0.00281544

0.00234375 0.00265811
0.00216872 0.00273438

0.00195312 0.00281578
0.00214844 0.00274263

0.00214844 0.00274191
0.00216573 0.00273438

0.00292969 0.00231066
0.0028837 0.00234375

0.00302734 0.00223441
0.00301266 0.00224609

0.00297852 0.00227195
0.00294881 0.00229492

0.00292969 0.00230998
0.0029495 0.00229492

0.00300293 0.0022528
0.0029805 0.00227051

0.00297852 0.00227226
0.0029807 0.00227051

0.00300293 0.00224932
0.00300709 0.00224609

0.00307617 0.00219102
0.00306895 0.00219727

0.00302734 0.00223325
0.00306999 0.00219727

0.00307617 0.00219188
0.003125 0.00214861

0.00244141 0.00261045
0.00238733 0.00263672

0.00234375 0.00265633
0.00238411 0.00263672

0.00244141 0.00260998
0.00253906 0.00255902

0.00273438 0.0024463
0.0025769 0.00253906

0.00253906 0.00255843
0.0025725 0.00253906

0.00283203 0.00238004
0.00273965 0.00244141

0.00273438 0.002444
0.00273844 0.00244141

0.00283203 0.00237994
0.00288261 0.00234375

0.003125 1.44793e-05
0.00314941 1.55547e-05

0.00314941 1.49351e-05
0.00317383 1.5832e-05

0.00317383 1.52835e-05
0.00319824 1.6258e-05

0.00319824 1.57764e-05
0.00322266 1.66712e-05

0.00322266 1.6134e-05
0.00324707 1.69906e-05

0.00324707 1.65541e-05
0.00327148 1.74453e-05

0.00327148 1.67224e-05
0.0032959 1.80557e-05

0.0032959 1.75077e-05
0.00332031 1.90422e-05

0.00332031 1.81184e-05
0.00334473 1.97125e-05

0.00334473 1.98786e-05
0.00336914 1.98595e-05

0.00336914 1.32049e-05
0.00339324 2.44141e-05

0.00339132 2.44141e-05
0.00339355 2.52783e-05

0.00339355 2.73849e-05
0.00341797 4.86884e-05

0.00341769 4.88281e-05
0.00341797 4.90961e-05

0.00341797 4.85674e-05
0.00341824 4.88281e-05

0.00341797 4.9335e-05
0.00344189 7.32422e-05

0.00344191 7.32422e-05
0.00344238 7.37342e-05

0.00344238 7.38659e-05
0.00346459 9.76563e-05

0.00346505 9.76563e-05
0.0034668 9.96104e-05

0.0034668 0.000100278
0.0034859 0.00012207

0.00348565 0.00012207
0.00349121 0.000128698

0.00349121 0.00012838
0.00350615 0.000146484

0.00350642 0.000146484
0.00351563 0.000158438

0.00351563 0.000158888
0.00354313 0.000195313

0.00354352 0.000195313
0.00356445 0.000226573

0.00356445 0.000228456
0.00357477 0.000244141

0.00357565 0.000244141
0.00360462 0.000292969

0.00360534 0.000292969
0.00361328 0.000308881

0.00361328 0.000310208
0.00362986 0.000341797

0.00363001 0.000341797
0.00365275 0.000390625

0.00365341 0.000390625
0.00369111 0.000488281

0.00369095 0.000488281
0.00371094 0.00055829

0.00371094 0.0005601
0.00371831 0.000585938

0.00371848 0.000585937
0.00373754 0.000683594

0.00373718 0.000683594
0.00374857 0.00078125

0.00375055 0.00078125
0.00375158 0.000976562

0.00375126 0.000976562
0.00372371 0.00117188

0.00371094 0.00121835
0.00366846 0.00136719

0.00366844 0.00136719
0.00358356 0.0015625

0.00371094 0.00121573
0.00372176 0.00117187

0.00332031 0.00195068
0.00331826 0.00195312

0.00351563 0.00167809
0.00346817 0.00175781

0.00341797 0.00182438
0.00339555 0.00185547

0.00332031 0.00194838
0.00339585 0.00185547

0.00341797 0.00182417
0.00346586 0.00175781

0.00322266 0.00205515
0.00312622 0.00214844

0.00331679 0.00195313
0.00322701 0.00205078

0.00322266 0.00205445
0.00322624 0.00205078

0.003125 0.00214858
0.00312515 0.00214844

0.00351563 0.00167783
0.00358428 0.0015625

