7.16844e-05 0
7.32422e-05 4.57454e-06

7.32422e-05 9.4577e-07
9.58895e-05 2.44141e-05

9.76563e-05 1.43228e-05
0.00012207 1.48336e-05

0.00012207 1.37699e-05
0.000146484 1.40778e-05

0.000146484 1.46571e-05
0.000170898 1.49807e-05

0.000170898 1.43112e-05
0.000195313 1.40468e-05

0.000195313 1.44421e-05
0.000219727 1.47785e-05

0.000219727 1.44258e-05
0.000244141 1.44635e-05

0.000244141 1.47357e-05
0.000268555 1.45448e-05

0.000268555 1.45111e-05
0.000292969 1.40757e-05

0.000292969 1.42499e-05
0.000317383 1.43467e-05

0.000317383 1.45688e-05
0.000341797 1.41693e-05

0.000341797 1.43832e-05
0.000366211 1.35915e-05

0.000366211 1.38644e-05
0.000390625 1.36608e-05

0.000390625 1.37697e-05
0.000415039 1.38972e-05

0.000415039 1.40133e-05
0.000439453 1.37043e-05

0.000439453 1.38506e-05
0.000463867 1.33509e-05

0.000463867 1.35499e-05
0.000488281 1.34234e-05

0.000488281 1.3438e-05
0.000512695 1.35767e-05

0.000512695 1.36616e-05
0.000537109 1.35166e-05

0.000537109 1.36419e-05
0.000561523 1.31587e-05

0.000561523 1.32682e-05
0.000585937 1.32025e-05

0.000585938 1.32697e-05
0.000610352 1.34355e-05

0.000610352 1.35173e-05
0.000634766 1.31947e-05

0.000634766 1.33197e-05
0.00065918 1.2917e-05

0.00065918 1.30059e-05
0.000683594 1.3127e-05

0.000683594 1.31086e-05
0.000708008 1.33016e-05

0.000708008 1.33018e-05
0.000732422 1.31086e-05

0.000732422 1.31476e-05
0.000756836 1.29846e-05

0.000756836 1.29225e-05
0.00078125 1.32546e-05

0.00078125 1.31032e-05
0.000805664 1.35057e-05

0.000805664 1.3432e-05
0.000830078 1.33285e-05

0.000830078 1.33135e-05
0.000854492 1.31447e-05

0.000854492 1.30507e-05
0.000878906 1.3465e-05

0.000878906 1.32809e-05
0.00090332 1.37799e-05

0.00090332 1.37027e-05
0.000927734 1.35481e-05

0.000927734 1.35294e-05
0.000952148 1.33027e-05

0.000952148 1.31716e-05
0.000976562 1.37454e-05

0.000976562 1.35003e-05
0.00100098 1.41805e-05

0.00100098 1.40594e-05
0.00102539 1.38812e-05

0.00102539 1.38368e-05
0.0010498 1.35742e-05

0.0010498 1.3386e-05
0.00107422 1.41591e-05

0.00107422 1.38818e-05
0.00109863 1.47016e-05

0.00109863 1.45916e-05
0.00112305 1.42242e-05

0.00112305 1.40238e-05
0.00114746 1.39867e-05

0.00114746 1.37639e-05
0.00117187 1.49943e-05

0.00117188 1.46724e-05
0.00119629 1.52779e-05

0.00119629 1.49321e-05
0.0012207 1.48049e-05

0.0012207 1.48797e-05
0.00124512 1.48637e-05

0.00124512 1.49132e-05
0.00126953 1.47977e-05

0.00126953 1.43979e-05
0.00129395 1.51584e-05

0.00129395 1.57835e-05
0.00131836 1.51712e-05

0.00131836 1.45067e-05
0.00134277 1.40462e-05

0.00134277 1.55834e-05
0.00136719 1.46274e-05

0.00134277 2.44307e-05
0.00134386 2.44141e-05

0.0013916 5.97645e-07
0.00136926 2.44141e-05

0.00136719 2.48381e-05
0.00136838 2.44141e-05

0.0013916 3.87581e-06
0.00139291 0

0.00146287 0
0.00146484 5.79126e-06

0.00146484 4.12545e-06
0.00148455 2.44141e-05

0.00148543 2.44141e-05
0.00148926 2.57545e-05

0.00148926 1.68632e-05
0.00151367 1.7768e-05

0.00151056 2.44141e-05
0.00151367 2.44631e-05

0.00151367 1.74314e-05
0.00153809 1.67645e-05

0.0015625 5.01986e-06
0.00154299 2.44141e-05

0.00153809 2.56897e-05
0.0015418 2.44141e-05

0 0.0031198
0.000390625 0.00310881

0.000390625 0.00310909
0.00078125 0.00307555

0.00078125 0.00307618
0.00117187 0.00301824

0.00117188 0.00301929
0.0015625 0.00293359

0.0015625 6.93448e-06
0.0015649 0

0.00165638 0
0.00166016 9.24199e-06

0.00166016 1.03287e-05
0.00167585 2.44141e-05

0.00167502 2.44141e-05
0.00168457 2.77484e-05

0.00168457 1.76396e-05
0.00170898 1.78338e-05

0.0016936 2.44141e-05
0.00170898 2.44782e-05

0.0017334 1.08642e-05
0.00171776 2.44141e-05

0.00170898 2.77568e-05
0.00171879 2.44141e-05

0.0017334 1.13337e-05
0.00173816 0

0.0018003 0
0.00180664 1.41963e-05

0.00180664 9.35334e-06
0.00183105 1.23705e-05

0.00183105 6.15976e-06
0.00185431 0

0.00185573 0
0.00187988 1.74324e-05

0.00187988 9.08002e-06
0.0019043 1.14331e-05

0.0019043 9.24654e-06
0.00192871 1.05079e-05

0.00192871 9.79304e-06
0.00195312 1.21314e-05

0.00195312 9.47169e-06
0.00197754 1.30318e-05

0.00197754 1.36306e-05
0.00200195 1.28335e-05

0.00200195 1.54844e-05
0.00202637 5.96471e-06

0.00202637 6.44687e-06
0.00205078 8.99483e-06

0.00205078 9.41063e-06
0.0020752 1.46977e-05

0.0020752 9.75464e-06
0.00209961 1.18412e-05

0.00209961 1.34221e-05
0.00212402 1.33667e-05

0.00212402 1.30873e-05
0.00214844 8.43537e-06

0.00214844 8.0188e-06
0.00217285 1.29995e-05

0.00217285 1.38531e-05
0.00219727 1.38776e-05

0.00219727 1.32071e-05
0.00222168 7.84394e-06

0.00222168 7.74035e-06
0.00224609 1.33338e-05

0.00224609 1.4007e-05
0.00227051 1.401e-05

0.00227051 1.38812e-05
0.00229492 7.19691e-06

0.00229492 7.94604e-06
0.00231934 1.18593e-05

0.00231934 1.0548e-05
0.00234375 1.51454e-05

0.00234375 1.51809e-05
0.00236816 1.0719e-05

0.00236816 1.25212e-05
0.00239258 7.24704e-06

0.00239258 7.25441e-06
0.00241699 1.25101e-05

0.00241699 1.06451e-05
0.00244141 1.52354e-05

0.00244141 1.52317e-05
0.00246582 1.06368e-05

0.00246582 1.24857e-05
0.00249023 7.28496e-06

0.00249023 7.28695e-06
0.00251465 1.25298e-05

0.00251465 1.06699e-05
0.00253906 1.52053e-05

0.00253906 1.51998e-05
0.00256348 1.06493e-05

0.00256348 1.2454e-05
0.00258789 7.37001e-06

0.00258789 7.36307e-06
0.0026123 1.2557e-05

0.0026123 1.07984e-05
0.00263672 1.50927e-05

0.00263672 1.5034e-05
0.00266113 1.05925e-05

0.00266113 1.18739e-05
0.00268555 8.12624e-06

0.00268555 7.33378e-06
0.00270996 1.38507e-05

0.00270996 1.39319e-05
0.00273438 1.41131e-05

0.00273437 1.38772e-05
0.00275879 7.55146e-06

0.00275879 8.33134e-06
0.0027832 1.18473e-05

0.0027832 1.07547e-05
0.00280762 1.48701e-05

0.00280762 1.48695e-05
0.00283203 1.07629e-05

0.00283203 1.19301e-05
0.00285645 8.25201e-06

0.00285645 7.57463e-06
0.00288086 1.36764e-05

0.00288086 1.37709e-05
0.00290527 1.39421e-05

0.00290527 1.30578e-05
0.00292969 8.42271e-06

0.00292969 8.94477e-06
0.0029541 1.29124e-05

0.0029541 1.31861e-05
0.00297852 1.32587e-05

0.00297852 1.14746e-05
0.00300293 1.04784e-05

0.00300293 1.05827e-05
0.00302734 1.45631e-05

0.00302734 1.28988e-05
0.00305176 1.44676e-05

0.00305176 1.33193e-05
0.00307617 1.41253e-05

0.00307617 1.37728e-05
0.00310059 1.48132e-05

0.00310059 1.41343e-05
0.003125 1.49251e-05

0.00175781 0.00287775
0.00157023 0.00292969

0.0015625 0.00293167
0.00156968 0.00292969

0.00175781 0.00287824
0.00195312 0.00281547

0.00234375 0.00265813
0.00216877 0.00273438

0.00195312 0.0028158
0.00214844 0.00274265

0.00214844 0.00274193
0.00216578 0.00273438

0.00292969 0.00231067
0.00288372 0.00234375

0.00302734 0.00223442
0.00301268 0.00224609

0.00297852 0.00227195
0.00294881 0.00229492

0.00292969 0.00230999
0.0029495 0.00229492

0.00300293 0.0022528
0.00298049 0.00227051

0.00297852 0.00227227
0.00298072 0.00227051

0.00300293 0.00224926
0.00300702 0.00224609

0.00307617 0.00219099
0.00306892 0.00219727

0.00302734 0.00223325
0.00306999 0.00219727

0.00307617 0.00219187
0.003125 0.0021486

0.00244141 0.00261047
0.00238737 0.00263672

0.00234375 0.00265634
0.00238414 0.00263672

0.00244141 0.00260999
0.00253906 0.00255903

0.00273438 0.00244631
0.00257693 0.00253906

0.00253906 0.00255843
0.0025725 0.00253906

0.00283203 0.00238005
0.00273966 0.00244141

0.00273438 0.00244399
0.00273843 0.00244141

0.00283203 0.00237993
0.0028826 0.00234375

0.003125 1.44672e-05
0.00314941 1.53774e-05

0.00314941 1.48039e-05
0.00317383 1.57379e-05

0.00317383 1.52237e-05
0.00319824 1.61808e-05

0.00319824 1.5585e-05
0.00322266 1.65972e-05

0.00322266 1.58972e-05
0.00324707 1.72894e-05

0.00324707 1.66923e-05
0.00327148 1.80232e-05

0.00327148 1.7216e-05
0.0032959 1.8484e-05

0.0032959 1.80885e-05
0.00332031 1.91081e-05

0.00332031 1.83338e-05
0.00334473 1.94053e-05

0.00334473 1.94954e-05
0.00336914 1.9844e-05

0.00336914 1.34404e-05
0.00339238 2.44141e-05

0.00339096 2.44141e-05
0.00339355 2.54167e-05

0.00339355 2.73641e-05
0.00341797 4.86024e-05

0.00341763 4.88281e-05
0.00341797 4.91593e-05

0.00341797 4.94534e-05
0.00344162 7.32422e-05

0.0034417 7.32422e-05
0.00344238 7.39578e-05

0.00344238 7.41241e-05
0.0034643 9.76563e-05

0.0034648 9.76563e-05
0.0034668 9.98928e-05

0.0034668 0.00010032
0.00350619 0.000146484

0.0035062 0.000146484
0.00351563 0.000158719

0.00351563 0.000159188
0.00354293 0.000195313

0.00354333 0.000195313
0.00356445 0.000226813

0.00356445 0.000228714
0.00357461 0.000244141

0.00357551 0.000244141
0.00360453 0.000292969

0.00360525 0.000292969
0.00361328 0.000309041

0.00361328 0.000310368
0.0036298 0.000341797

0.00362995 0.000341797
0.00365272 0.000390625

0.00365339 0.000390625
0.00369112 0.000488281

0.00369097 0.000488281
0.00371094 0.000558209

0.00371094 0.000560028
0.00371834 0.000585938

0.00371851 0.000585937
0.00373757 0.000683594

0.0037372 0.000683594
0.0037486 0.00078125

0.00375057 0.00078125
0.00375158 0.000976562

0.00375127 0.000976562
0.00372371 0.00117188

0.00371094 0.00121831
0.00366844 0.00136719

0.00366842 0.00136719
0.00358354 0.0015625

0.00371094 0.00121569
0.00372175 0.00117187

0.00332031 0.00195066
0.00331824 0.00195312

0.00351563 0.00167811
0.00346817 0.00175781

0.00341797 0.00182438
0.00339555 0.00185547

0.00332031 0.00194837
0.00339583 0.00185547

0.00341797 0.00182414
0.00346584 0.00175781

0.00322266 0.00205514
0.00312621 0.00214844

0.00331678 0.00195313
0.003227 0.00205078

0.00322266 0.00205447
0.00322625 0.00205078

0.00351563 0.00167777
0.00358424 0.0015625

