7.18121e-05 0
7.32422e-05 4.21372e-06

7.32422e-05 9.01529e-07
9.57411e-05 2.44141e-05

9.76563e-05 1.45129e-05
0.00012207 1.50355e-05

0.00012207 1.40915e-05
0.000146484 1.38835e-05

0.000146484 1.45227e-05
0.000170898 1.46999e-05

0.000170898 1.40725e-05
0.000195313 1.418e-05

0.000195313 1.46532e-05
0.000219727 1.47384e-05

0.000219727 1.41535e-05
0.000244141 1.42333e-05

0.000244141 1.44939e-05
0.000268555 1.50237e-05

0.000268555 1.50663e-05
0.000292969 1.41644e-05

0.000292969 1.44904e-05
0.000317383 1.35979e-05

0.000317383 1.38486e-05
0.000341797 1.40019e-05

0.000341797 1.40762e-05
0.000366211 1.42469e-05

0.000366211 1.43692e-05
0.000390625 1.37438e-05

0.000390625 1.39808e-05
0.000415039 1.33867e-05

0.000415039 1.35321e-05
0.000439453 1.36881e-05

0.000439453 1.37175e-05
0.000463867 1.38831e-05

0.000463867 1.39975e-05
0.000488281 1.34712e-05

0.000488281 1.36615e-05
0.000512695 1.31531e-05

0.000512695 1.3282e-05
0.000537109 1.34382e-05

0.000537109 1.34691e-05
0.000561523 1.35742e-05

0.000561523 1.36407e-05
0.000585937 1.3234e-05

0.000585938 1.34189e-05
0.000610352 1.30289e-05

0.000610352 1.30662e-05
0.000634766 1.32437e-05

0.000634766 1.33616e-05
0.00065918 1.33425e-05

0.00065918 1.33286e-05
0.000683594 1.29536e-05

0.000683594 1.30264e-05
0.000708008 1.3138e-05

0.000708008 1.31321e-05
0.000732422 1.33102e-05

0.000732422 1.33064e-05
0.000756836 1.31145e-05

0.000756836 1.30651e-05
0.00078125 1.31009e-05

0.00078125 1.30481e-05
0.000805664 1.34244e-05

0.000805664 1.32782e-05
0.000830078 1.34315e-05

0.000830078 1.33885e-05
0.000854492 1.33069e-05

0.000854492 1.32381e-05
0.000878906 1.33527e-05

0.000878906 1.31931e-05
0.00090332 1.36693e-05

0.00090332 1.36618e-05
0.000927734 1.36286e-05

0.000927734 1.34767e-05
0.000952148 1.33365e-05

0.000952148 1.32734e-05
0.000976562 1.38102e-05

0.000976562 1.35109e-05
0.00100098 1.40981e-05

0.00100098 1.40473e-05
0.00102539 1.39203e-05

0.00102539 1.37866e-05
0.0010498 1.36301e-05

0.0010498 1.35146e-05
0.00107422 1.42168e-05

0.00107422 1.38578e-05
0.00109863 1.46266e-05

0.00109863 1.4558e-05
0.00112305 1.4366e-05

0.00112305 1.4213e-05
0.00114746 1.39712e-05

0.00114746 1.37816e-05
0.00117187 1.47667e-05

0.00117188 1.43287e-05
0.00119629 1.54024e-05

0.00119629 1.53102e-05
0.0012207 1.49722e-05

0.0012207 1.47739e-05
0.00124512 1.44058e-05

0.00124512 1.47334e-05
0.00126953 1.49543e-05

0.00126953 1.43772e-05
0.00129395 1.51587e-05

0.00129395 1.57356e-05
0.00131836 1.52296e-05

0.00131836 1.46837e-05
0.00134277 1.4022e-05

0.00134277 1.54161e-05
0.00136719 1.44806e-05

0.0013916 8.44883e-07
0.00136923 2.44141e-05

0.00136719 2.45633e-05
0.00136761 2.44141e-05

0.0013916 3.88131e-06
0.00139292 0

0.00146275 0
0.00146484 6.14147e-06

0.00146484 4.57251e-06
0.00148445 2.44141e-05

0.00148545 2.44141e-05
0.00148926 2.5732e-05

0.00148926 1.70241e-05
0.00151367 1.73221e-05

0.00151026 2.44141e-05
0.00151367 2.44285e-05

0.00151367 1.69263e-05
0.00153809 1.65853e-05

0.00151367 2.44276e-05
0.00151649 2.44141e-05

0.0015625 5.421e-06
0.00154298 2.44141e-05

0.00153809 2.58127e-05
0.00154225 2.44141e-05

0 0.00311986
0.000390625 0.00310887

0.000390625 0.00310915
0.00078125 0.0030756

0.00078125 0.00307624
0.00117187 0.00301829

0.00117188 0.00301934
0.0015625 0.00293363

0.0015625 7.19914e-06
0.00156502 0

0.00165642 0
0.00166016 9.16622e-06

0.00166016 1.03231e-05
0.00167583 2.44141e-05

0.00167491 2.44141e-05
0.00168457 2.77882e-05

0.00168457 1.76475e-05
0.00170898 1.78243e-05

0.00169272 2.44141e-05
0.00170898 2.44729e-05

0.0017334 1.08586e-05
0.00171774 2.44141e-05

0.00170898 2.77474e-05
0.00171876 2.44141e-05

0.0017334 1.13638e-05
0.00173817 0

0.00180031 0
0.00180664 1.41844e-05

0.00180664 9.35221e-06
0.00183105 1.23806e-05

0.00183105 6.15196e-06
0.00185434 0

0.00185571 0
0.00187988 1.74411e-05

0.00187988 9.09464e-06
0.0019043 1.14286e-05

0.0019043 9.24928e-06
0.00192871 1.05037e-05

0.00192871 9.79414e-06
0.00195312 1.21328e-05

0.00195312 9.47181e-06
0.00197754 1.30308e-05

0.00197754 1.36298e-05
0.00200195 1.28355e-05

0.00200195 1.54791e-05
0.00202637 5.9728e-06

0.00202637 6.45106e-06
0.00205078 9.00465e-06

0.00205078 9.44366e-06
0.0020752 1.46747e-05

0.0020752 9.73017e-06
0.00209961 1.18132e-05

0.00209961 1.3389e-05
0.00212402 1.34028e-05

0.00212402 1.30987e-05
0.00214844 8.46294e-06

0.00214844 8.04791e-06
0.00217285 1.29873e-05

0.00217285 1.38432e-05
0.00219727 1.38793e-05

0.00219727 1.32458e-05
0.00222168 7.8375e-06

0.00222168 7.721e-06
0.00224609 1.32893e-05

0.00224609 1.39567e-05
0.00227051 1.40537e-05

0.00227051 1.391e-05
0.00229492 7.2303e-06

0.00229492 7.96806e-06
0.00231934 1.18265e-05

0.00231934 1.05449e-05
0.00234375 1.51482e-05

0.00234375 1.518e-05
0.00236816 1.0716e-05

0.00236816 1.2516e-05
0.00239258 7.24986e-06

0.00239258 7.25711e-06
0.00241699 1.25131e-05

0.00241699 1.06476e-05
0.00244141 1.52313e-05

0.00244141 1.52274e-05
0.00246582 1.06379e-05

0.00246582 1.24839e-05
0.00249023 7.29263e-06

0.00249023 7.29403e-06
0.00251465 1.25296e-05

0.00251465 1.06733e-05
0.00253906 1.52005e-05

0.00253906 1.51942e-05
0.00256348 1.06508e-05

0.00256348 1.2448e-05
0.00258789 7.38399e-06

0.00258789 7.37764e-06
0.0026123 1.25595e-05

0.0026123 1.08041e-05
0.00263672 1.50837e-05

0.00263672 1.50267e-05
0.00266113 1.0598e-05

0.00266113 1.18785e-05
0.00268555 8.13496e-06

0.00268555 7.3411e-06
0.00270996 1.38452e-05

0.00270996 1.3933e-05
0.00273438 1.41108e-05

0.00273437 1.38759e-05
0.00275879 7.54997e-06

0.00275879 8.32704e-06
0.0027832 1.18508e-05

0.0027832 1.07563e-05
0.00280762 1.48751e-05

0.00280762 1.48709e-05
0.00283203 1.07661e-05

0.00283203 1.19456e-05
0.00285645 8.24417e-06

0.00285645 7.56277e-06
0.00288086 1.36651e-05

0.00288086 1.37667e-05
0.00290527 1.3952e-05

0.00290527 1.30763e-05
0.00292969 8.3998e-06

0.00292969 8.90062e-06
0.0029541 1.2913e-05

0.0029541 1.32368e-05
0.00297852 1.32572e-05

0.00297852 1.14593e-05
0.00300293 1.03811e-05

0.00300293 1.04819e-05
0.00302734 1.46097e-05

0.00302734 1.28998e-05
0.00305176 1.45466e-05

0.00305176 1.33429e-05
0.00307617 1.41656e-05

0.00307617 1.3824e-05
0.00310059 1.4871e-05

0.00310059 1.41631e-05
0.003125 1.49756e-05

0.00175781 0.00287778
0.00157037 0.00292969

0.0015625 0.00293172
0.00156984 0.00292969

0.00175781 0.00287828
0.00195312 0.0028155

0.00234375 0.00265814
0.00216882 0.00273438

0.00195312 0.00281583
0.00214844 0.00274268

0.00214844 0.00274196
0.00216583 0.00273438

0.00292969 0.00231068
0.00288375 0.00234375

0.00302734 0.00223443
0.00301269 0.00224609

0.00297852 0.00227194
0.00294881 0.00229492

0.00292969 0.00230999
0.0029495 0.00229492

0.00300293 0.00225279
0.00298048 0.00227051

0.00297852 0.00227229
0.00298073 0.00227051

0.00300293 0.00224918
0.00300691 0.00224609

0.00307617 0.00219095
0.00306888 0.00219727

0.00302734 0.00223325
0.00306998 0.00219727

0.00307617 0.00219186
0.003125 0.00214859

0.00244141 0.00261049
0.00238742 0.00263672

0.00234375 0.00265636
0.00238417 0.00263672

0.00244141 0.00261001
0.00253906 0.00255905

0.00273438 0.00244632
0.00257695 0.00253906

0.00253906 0.00255843
0.0025725 0.00253906

0.00283203 0.00238005
0.00273967 0.00244141

0.00273438 0.00244398
0.00273842 0.00244141

0.00283203 0.00237992
0.00288258 0.00234375

0.003125 1.45073e-05
0.00314941 1.54852e-05

0.00314941 1.49053e-05
0.00317383 1.5834e-05

0.00317383 1.53543e-05
0.00319824 1.61982e-05

0.00319824 1.57055e-05
0.00322266 1.6486e-05

0.00322266 1.58394e-05
0.00324707 1.70862e-05

0.00324707 1.65694e-05
0.00327148 1.78774e-05

0.00327148 1.69953e-05
0.0032959 1.83804e-05

0.0032959 1.82161e-05
0.00332031 1.89222e-05

0.00332031 1.78118e-05
0.00334473 1.89756e-05

0.00334473 1.96056e-05
0.00336914 1.98603e-05

0.00336914 1.2782e-05
0.00339348 2.44141e-05

0.00339077 2.44141e-05
0.00339355 2.55325e-05

0.00339355 2.76006e-05
0.00341756 4.88281e-05

0.00341745 4.88281e-05
0.00341797 4.93232e-05

0.00341797 4.96921e-05
0.00344159 7.32422e-05

0.00344166 7.32422e-05
0.00344238 7.39942e-05

0.00344238 7.41596e-05
0.00346437 9.76563e-05

0.00346486 9.76563e-05
0.0034668 9.98167e-05

0.0034668 0.000100538
0.00348572 0.00012207

0.00348548 0.00012207
0.00349121 0.000128879

0.00349121 0.000128531
0.00350604 0.000146484

0.00350628 0.000146484
0.00351563 0.000158621

0.00351563 0.000159075
0.00354301 0.000195313

0.0035434 0.000195313
0.00356445 0.000226737

0.00356445 0.00022862
0.00357467 0.000244141

0.00357555 0.000244141
0.00360454 0.000292969

0.00360525 0.000292969
0.00361328 0.000309061

0.00361328 0.000310349
0.00362979 0.000341797

0.00362994 0.000341797
0.00365269 0.000390625

0.00365335 0.000390625
0.00369104 0.000488281

0.00369089 0.000488281
0.00371094 0.000558538

0.00371094 0.00056032
0.00371825 0.000585938

0.00371841 0.000585937
0.00373747 0.000683594

0.0037371 0.000683594
0.00374849 0.00078125

0.00375047 0.00078125
0.00375148 0.000976562

0.00375117 0.000976562
0.00372362 0.00117188

0.00371094 0.001218
0.00366836 0.00136719

0.00366835 0.00136719
0.00358348 0.0015625

0.00371094 0.00121533
0.00372166 0.00117187

0.00332031 0.00195062
0.00331821 0.00195312

0.00351563 0.00167807
0.00346816 0.00175781

0.00341797 0.00182434
0.00339552 0.00185547

0.00332031 0.00194833
0.00339579 0.00185547

0.00341797 0.00182407
0.00346579 0.00175781

0.00322266 0.00205511
0.0031262 0.00214844

0.00331675 0.00195313
0.00322698 0.00205078

0.00322266 0.00205447
0.00322626 0.00205078

0.00351563 0.00167764
0.00358416 0.0015625

