7.14813e-05 0
7.32422e-05 5.14186e-06

7.32422e-05 9.05001e-07
9.59223e-05 2.44141e-05

9.7291e-05 2.44141e-05
9.76563e-05 2.45403e-05

9.76563e-05 1.44322e-05
0.00012207 1.48223e-05

0.000119314 2.44141e-05
0.00012207 2.4431e-05

0.00012207 1.36382e-05
0.000146484 1.39535e-05

0.000146484 1.43973e-05
0.000170898 1.53494e-05

0.000170898 1.48613e-05
0.000195313 1.42406e-05

0.000195313 1.45663e-05
0.000219727 1.41914e-05

0.000219727 1.40539e-05
0.000244141 1.44587e-05

0.000244141 1.44809e-05
0.000268555 1.49135e-05

0.000268555 1.50196e-05
0.000292969 1.41812e-05

0.000292969 1.44638e-05
0.000317383 1.36043e-05

0.000317383 1.38301e-05
0.000341797 1.40422e-05

0.000341797 1.41086e-05
0.000366211 1.42846e-05

0.000366211 1.44219e-05
0.000390625 1.37215e-05

0.000390625 1.39743e-05
0.000415039 1.33478e-05

0.000415039 1.35055e-05
0.000439453 1.36971e-05

0.000439453 1.37279e-05
0.000463867 1.38802e-05

0.000463867 1.39651e-05
0.000488281 1.34658e-05

0.000488281 1.36679e-05
0.000512695 1.31949e-05

0.000512695 1.33153e-05
0.000537109 1.34187e-05

0.000537109 1.34558e-05
0.000561523 1.35586e-05

0.000561523 1.36497e-05
0.000585937 1.32355e-05

0.000585938 1.34022e-05
0.000610352 1.30059e-05

0.000610352 1.30984e-05
0.000634766 1.32132e-05

0.000634766 1.32219e-05
0.00065918 1.33517e-05

0.00065918 1.33944e-05
0.000683594 1.3105e-05

0.000683594 1.3202e-05
0.000708008 1.29539e-05

0.000708008 1.29603e-05
0.000732422 1.31835e-05

0.000732422 1.30976e-05
0.000756836 1.33779e-05

0.000756836 1.33304e-05
0.00078125 1.32178e-05

0.00078125 1.319e-05
0.000805664 1.31227e-05

0.000805664 1.30248e-05
0.000830078 1.34263e-05

0.000830078 1.33617e-05
0.000854492 1.35326e-05

0.000854492 1.33751e-05
0.000878906 1.33256e-05

0.000878906 1.33202e-05
0.00090332 1.35016e-05

0.00090332 1.33891e-05
0.000927734 1.35772e-05

0.000927734 1.34461e-05
0.000952148 1.36527e-05

0.000952148 1.35288e-05
0.000976562 1.37435e-05

0.000976562 1.35863e-05
0.00100098 1.38323e-05

0.00100098 1.37246e-05
0.00102539 1.39164e-05

0.00102539 1.36949e-05
0.0010498 1.40128e-05

0.0010498 1.39165e-05
0.00107422 1.42071e-05

0.00107422 1.39059e-05
0.00109863 1.42466e-05

0.00109863 1.41467e-05
0.00112305 1.45028e-05

0.00112305 1.4204e-05
0.00114746 1.45036e-05

0.00114746 1.44943e-05
0.00117187 1.46264e-05

0.00117188 1.42889e-05
0.00119629 1.46276e-05

0.00119629 1.46093e-05
0.0012207 1.50506e-05

0.0012207 1.4785e-05
0.00124512 1.48417e-05

0.00124512 1.49856e-05
0.00126953 1.4766e-05

0.00126953 1.43323e-05
0.00129395 1.49394e-05

0.00129395 1.54861e-05
0.00131836 1.52522e-05

0.00131836 1.48127e-05
0.00134277 1.4077e-05

0.00134277 1.50652e-05
0.00136719 1.44869e-05

0.00134277 2.4429e-05
0.00134437 2.44141e-05

0.0013916 1.61125e-06
0.00136927 2.44141e-05

0.00136719 2.45555e-05
0.0013676 2.44141e-05

0.0013916 4.89731e-06
0.00139327 0

0.00146298 0
0.00146484 5.49194e-06

0.00146484 4.20069e-06
0.00148448 2.44141e-05

0.00148535 2.44141e-05
0.00148926 2.57853e-05

0.00148926 1.70768e-05
0.00151367 1.75877e-05

0.00151367 1.70519e-05
0.00153809 1.65378e-05

0.0015625 5.34288e-06
0.00154303 2.44141e-05

0.00153809 2.59547e-05
0.00154265 2.44141e-05

0 0.00311987
0.000390625 0.00310887

0.000390625 0.00310916
0.00078125 0.00307561

0.00078125 0.00307624
0.00117187 0.0030183

0.00117188 0.00301934
0.0015625 0.00293364

0.0015625 6.7258e-06
0.00156484 0

0.00165642 0
0.00166016 9.14971e-06

0.00166016 1.0342e-05
0.00167582 2.44141e-05

0.00167489 2.44141e-05
0.00168457 2.7791e-05

0.00168457 1.76309e-05
0.00170898 1.78068e-05

0.0016929 2.44141e-05
0.00170898 2.44718e-05

0.0017334 1.08802e-05
0.00171775 2.44141e-05

0.00170898 2.77464e-05
0.00171877 2.44141e-05

0.0017334 1.13788e-05
0.00173818 0

0.00180032 0
0.00180664 1.41765e-05

0.00180664 9.33979e-06
0.00183105 1.23888e-05

0.00183105 6.15507e-06
0.00185437 0

0.00185571 0
0.00187988 1.74358e-05

0.00187988 9.09638e-06
0.0019043 1.1432e-05

0.0019043 9.25052e-06
0.00192871 1.05018e-05

0.00192871 9.79479e-06
0.00195312 1.21338e-05

0.00195312 9.47241e-06
0.00197754 1.303e-05

0.00197754 1.36298e-05
0.00200195 1.28354e-05

0.00200195 1.54823e-05
0.00202637 5.96922e-06

0.00202637 6.45732e-06
0.00205078 8.99142e-06

0.00205078 9.39546e-06
0.0020752 1.4701e-05

0.0020752 9.77285e-06
0.00209961 1.18525e-05

0.00209961 1.34347e-05
0.00212402 1.33341e-05

0.00212402 1.29883e-05
0.00214844 8.50426e-06

0.00214844 8.10785e-06
0.00217285 1.30925e-05

0.00217285 1.3966e-05
0.00219727 1.37621e-05

0.00219727 1.31642e-05
0.00222168 7.76465e-06

0.00222168 7.6678e-06
0.00224609 1.33788e-05

0.00224609 1.39871e-05
0.00227051 1.40412e-05

0.00227051 1.39081e-05
0.00229492 7.21109e-06

0.00229492 7.95796e-06
0.00231934 1.18357e-05

0.00231934 1.05442e-05
0.00234375 1.51493e-05

0.00234375 1.51813e-05
0.00236816 1.07161e-05

0.00236816 1.25157e-05
0.00239258 7.24867e-06

0.00239258 7.25625e-06
0.00241699 1.25143e-05

0.00241699 1.06486e-05
0.00244141 1.52313e-05

0.00244141 1.5227e-05
0.00246582 1.06375e-05

0.00246582 1.24831e-05
0.00249023 7.29434e-06

0.00249023 7.29523e-06
0.00251465 1.25301e-05

0.00251465 1.06745e-05
0.00253906 1.51999e-05

0.00253906 1.51936e-05
0.00256348 1.06509e-05

0.00256348 1.24478e-05
0.00258789 7.38577e-06

0.00258789 7.37922e-06
0.0026123 1.25596e-05

0.0026123 1.08052e-05
0.00263672 1.50827e-05

0.00263672 1.50255e-05
0.00266113 1.0598e-05

0.00266113 1.18782e-05
0.00268555 8.13697e-06

0.00268555 7.34272e-06
0.00270996 1.38449e-05

0.00270996 1.39334e-05
0.00273438 1.41103e-05

0.00273437 1.3874e-05
0.00275879 7.55203e-06

0.00275879 8.33347e-06
0.0027832 1.18487e-05

0.0027832 1.07569e-05
0.00280762 1.48644e-05

0.00280762 1.48693e-05
0.00283203 1.07556e-05

0.00283203 1.18637e-05
0.00285645 8.3072e-06

0.00285645 7.636e-06
0.00288086 1.37473e-05

0.00288086 1.39121e-05
0.00290527 1.38247e-05

0.00290527 1.29812e-05
0.00292969 8.28506e-06

0.00292969 8.82366e-06
0.0029541 1.30078e-05

0.0029541 1.32308e-05
0.00297852 1.32579e-05

0.00297852 1.14e-05
0.00300293 1.04671e-05

0.00300293 1.05951e-05
0.00302734 1.46772e-05

0.00302734 1.29811e-05
0.00305176 1.44507e-05

0.00305176 1.33241e-05
0.00307617 1.41065e-05

0.00307617 1.37389e-05
0.00310059 1.48778e-05

0.00310059 1.41451e-05
0.003125 1.50561e-05

0.00175781 0.00287779
0.00157039 0.00292969

0.0015625 0.00293173
0.00156986 0.00292969

0.00175781 0.00287828
0.00195312 0.0028155

0.00234375 0.00265815
0.00216883 0.00273438

0.00195312 0.00281584
0.00214844 0.00274268

0.00214844 0.00274196
0.00216584 0.00273438

0.00292969 0.00231068
0.00288375 0.00234375

0.00302734 0.00223443
0.00301269 0.00224609

0.00297852 0.00227194
0.00294881 0.00229492

0.00292969 0.00230999
0.00294949 0.00229492

0.00300293 0.00225279
0.00298048 0.00227051

0.00297852 0.00227229
0.00298073 0.00227051

0.00300293 0.00224916
0.00300689 0.00224609

0.00307617 0.00219094
0.00306887 0.00219727

0.00302734 0.00223324
0.00306997 0.00219727

0.00307617 0.00219186
0.003125 0.00214858

0.00244141 0.00261049
0.00238742 0.00263672

0.00234375 0.00265636
0.00238417 0.00263672

0.00244141 0.00261001
0.00253906 0.00255905

0.00273438 0.00244631
0.00257695 0.00253906

0.00253906 0.00255843
0.00257249 0.00253906

0.00283203 0.00238005
0.00273967 0.00244141

0.00273438 0.00244398
0.00273841 0.00244141

0.00283203 0.00237991
0.00288257 0.00234375

0.003125 1.45959e-05
0.00314941 1.54772e-05

0.00314941 1.49264e-05
0.00317383 1.57186e-05

0.00317383 1.5212e-05
0.00319824 1.61891e-05

0.00319824 1.56512e-05
0.00322266 1.66716e-05

0.00322266 1.58912e-05
0.00324707 1.73105e-05

0.00324707 1.73623e-05
0.00327148 1.75503e-05

0.00327148 1.67347e-05
0.0032959 1.68175e-05

0.0032959 1.57128e-05
0.00332031 1.93548e-05

0.00332031 1.95381e-05
0.00334473 2.11955e-05

0.00334473 2.00796e-05
0.00336914 1.83029e-05

0.00336914 1.24437e-05
0.00339296 2.44141e-05

0.00339173 2.44141e-05
0.00339355 2.51696e-05

0.00339355 2.77136e-05
0.00341741 4.88281e-05

0.0034175 4.88281e-05
0.00341797 4.92807e-05

0.00341797 4.97145e-05
0.00344167 7.32422e-05

0.00344173 7.32422e-05
0.00344238 7.39172e-05

0.00344238 7.40705e-05
0.00346449 9.76563e-05

0.00346497 9.76563e-05
0.0034668 9.96961e-05

0.0034668 0.000100122
0.00350643 0.000146484

0.00350637 0.000146484
0.00351563 0.000158516

0.00351563 0.000158949
0.00354308 0.000195313

0.00354346 0.000195313
0.00356445 0.000226685

0.00356445 0.000228559
0.0035747 0.000244141

0.00357558 0.000244141
0.00360454 0.000292969

0.00360524 0.000292969
0.00361328 0.000309073

0.00361328 0.000310351
0.00362978 0.000341797

0.00362993 0.000341797
0.00365267 0.000390625

0.00365333 0.000390625
0.00369102 0.000488281

0.00369086 0.000488281
0.00371094 0.000558636

0.00371094 0.000560418
0.00371822 0.000585938

0.00371839 0.000585937
0.00373745 0.000683594

0.00373708 0.000683594
0.00374847 0.00078125

0.00375045 0.00078125
0.00375146 0.000976562

0.00375115 0.000976562
0.0037236 0.00117188

0.00371094 0.00121794
0.00366835 0.00136719

0.00366833 0.00136719
0.00358347 0.0015625

0.00371094 0.00121526
0.00372165 0.00117187

0.00332031 0.00195061
0.00331819 0.00195312

0.00351563 0.00167805
0.00346815 0.00175781

0.00341797 0.00182433
0.00339551 0.00185547

0.00332031 0.00194832
0.00339578 0.00185547

0.00341797 0.00182405
0.00346578 0.00175781

0.00322266 0.00205511
0.00312619 0.00214844

0.00331674 0.00195313
0.00322697 0.00205078

0.00322266 0.00205446
0.00322625 0.00205078

0.00351563 0.00167762
0.00358414 0.0015625

