7.13771e-05 0
7.32422e-05 5.42792e-06

7.32422e-05 8.67328e-07
9.59606e-05 2.44141e-05

9.76563e-05 1.42071e-05
0.00012207 1.50616e-05

0.00012207 1.3944e-05
0.000146484 1.42994e-05

0.000146484 1.49658e-05
0.000170898 1.48639e-05

0.000170898 1.44067e-05
0.000195313 1.36754e-05

0.000195313 1.39157e-05
0.000219727 1.4769e-05

0.000219727 1.4516e-05
0.000244141 1.49044e-05

0.000244141 1.49543e-05
0.000268555 1.43501e-05

0.000268555 1.46073e-05
0.000292969 1.38522e-05

0.000292969 1.40726e-05
0.000317383 1.40528e-05

0.000317383 1.42463e-05
0.000341797 1.41826e-05

0.000341797 1.41586e-05
0.000366211 1.38685e-05

0.000366211 1.41159e-05
0.000390625 1.38676e-05

0.000390625 1.39894e-05
0.000415039 1.36592e-05

0.000415039 1.38184e-05
0.000439453 1.36656e-05

0.000439453 1.38301e-05
0.000463867 1.35889e-05

0.000463867 1.36595e-05
0.000488281 1.34641e-05

0.000488281 1.36706e-05
0.000512695 1.34582e-05

0.000512695 1.3436e-05
0.000537109 1.33738e-05

0.000537109 1.36004e-05
0.000561523 1.34369e-05

0.000561523 1.34993e-05
0.000585937 1.30707e-05

0.000585938 1.31778e-05
0.000610352 1.32357e-05

0.000610352 1.32746e-05
0.000634766 1.33793e-05

0.000634766 1.34546e-05
0.00065918 1.31109e-05

0.00065918 1.32049e-05
0.000683594 1.29519e-05

0.000683594 1.30263e-05
0.000708008 1.31763e-05

0.000708008 1.30957e-05
0.000732422 1.32761e-05

0.000732422 1.32713e-05
0.000756836 1.31909e-05

0.000756836 1.31843e-05
0.00078125 1.30715e-05

0.00078125 1.29657e-05
0.000805664 1.33345e-05

0.000805664 1.31721e-05
0.000830078 1.36157e-05

0.000830078 1.35546e-05
0.000854492 1.33926e-05

0.000854492 1.33936e-05
0.000878906 1.3157e-05

0.000878906 1.30678e-05
0.00090332 1.35347e-05

0.00090332 1.33396e-05
0.000927734 1.38929e-05

0.000927734 1.3785e-05
0.000952148 1.36372e-05

0.000952148 1.36069e-05
0.000976562 1.34055e-05

0.000976562 1.3244e-05
0.00100098 1.38796e-05

0.00100098 1.36296e-05
0.00102539 1.43306e-05

0.00102539 1.42121e-05
0.0010498 1.39761e-05

0.0010498 1.39425e-05
0.00107422 1.3657e-05

0.00107422 1.34429e-05
0.00109863 1.4312e-05

0.00109863 1.39904e-05
0.00112305 1.49386e-05

0.00112305 1.47664e-05
0.00114746 1.44755e-05

0.00114746 1.43717e-05
0.00117187 1.4097e-05

0.00117188 1.37395e-05
0.00119629 1.50711e-05

0.00119629 1.51101e-05
0.0012207 1.54799e-05

0.0012207 1.49111e-05
0.00124512 1.45024e-05

0.00124512 1.50339e-05
0.00126953 1.489e-05

0.00126953 1.42553e-05
0.00129395 1.49255e-05

0.00129395 1.56495e-05
0.00131836 1.53662e-05

0.00131836 1.46785e-05
0.00134277 1.40385e-05

0.00134277 1.54701e-05
0.00136719 1.45107e-05

0.0013916 8.40927e-07
0.0013692 2.44141e-05

0.0013916 4.50577e-06
0.00139313 0

0.00146297 0
0.00146484 5.52205e-06

0.00146484 3.92419e-06
0.00148454 2.44141e-05

0.00148537 2.44141e-05
0.00148926 2.57885e-05

0.00148926 1.71973e-05
0.00151367 1.77264e-05

0.00150908 2.44141e-05
0.00151367 2.44538e-05

0.00151367 1.69233e-05
0.00153809 1.64177e-05

0.00151367 2.44735e-05
0.0015221 2.44141e-05

0.0015625 5.55875e-06
0.00154313 2.44141e-05

0.00153809 2.61617e-05
0.0015433 2.44141e-05

0 0.00311993
0.000390625 0.00310893

0.000390625 0.00310922
0.00078125 0.00307566

0.00078125 0.0030763
0.00117187 0.00301834

0.00117188 0.00301939
0.0015625 0.00293367

0.0015625 6.48295e-06
0.00156476 0

0.00165641 0
0.00166016 9.18379e-06

0.00166016 1.03051e-05
0.00167583 2.44141e-05

0.00167498 2.44141e-05
0.00168457 2.77688e-05

0.00168457 1.76816e-05
0.00170898 1.78626e-05

0.00169237 2.44141e-05
0.00170898 2.44765e-05

0.0017334 1.08396e-05
0.00171775 2.44141e-05

0.00170898 2.77415e-05
0.00171872 2.44141e-05

0.0017334 1.13525e-05
0.00173817 0

0.00180031 0
0.00180664 1.41924e-05

0.00180664 9.34702e-06
0.00183105 1.23745e-05

0.00183105 6.14126e-06
0.0018544 0

0.00185571 0
0.00187988 1.7447e-05

0.00187988 9.10762e-06
0.0019043 1.14333e-05

0.0019043 9.25467e-06
0.00192871 1.04984e-05

0.00192871 9.7982e-06
0.00195312 1.21348e-05

0.00195312 9.47204e-06
0.00197754 1.30284e-05

0.00197754 1.36318e-05
0.00200195 1.28365e-05

0.00200195 1.54684e-05
0.00202637 5.97995e-06

0.00202637 6.46464e-06
0.00205078 9.01244e-06

0.00205078 9.40804e-06
0.0020752 1.47019e-05

0.0020752 9.78644e-06
0.00209961 1.18591e-05

0.00209961 1.34354e-05
0.00212402 1.33396e-05

0.00212402 1.30665e-05
0.00214844 8.45247e-06

0.00214844 8.04729e-06
0.00217285 1.30035e-05

0.00217285 1.38367e-05
0.00219727 1.38617e-05

0.00219727 1.31446e-05
0.00222168 7.93949e-06

0.00222168 7.844e-06
0.00224609 1.33807e-05

0.00224609 1.41077e-05
0.00227051 1.38962e-05

0.00227051 1.38163e-05
0.00229492 7.12507e-06

0.00229492 7.88341e-06
0.00231934 1.19261e-05

0.00231934 1.05548e-05
0.00234375 1.5148e-05

0.00234375 1.51852e-05
0.00236816 1.07146e-05

0.00236816 1.25152e-05
0.00239258 7.25045e-06

0.00239258 7.25927e-06
0.00241699 1.25159e-05

0.00241699 1.06509e-05
0.00244141 1.52292e-05

0.00244141 1.5225e-05
0.00246582 1.06385e-05

0.00246582 1.24817e-05
0.00249023 7.29991e-06

0.00249023 7.30112e-06
0.00251465 1.25304e-05

0.00251465 1.06764e-05
0.00253906 1.51967e-05

0.00253906 1.51908e-05
0.00256348 1.06534e-05

0.00256348 1.24491e-05
0.00258789 7.39e-06

0.00258789 7.38258e-06
0.0026123 1.25584e-05

0.0026123 1.08065e-05
0.00263672 1.50824e-05

0.00263672 1.50251e-05
0.00266113 1.05989e-05

0.00266113 1.18781e-05
0.00268555 8.13947e-06

0.00268555 7.34643e-06
0.00270996 1.38443e-05

0.00270996 1.39322e-05
0.00273438 1.4109e-05

0.00273437 1.38757e-05
0.00275879 7.55337e-06

0.00275879 8.33267e-06
0.0027832 1.18465e-05

0.0027832 1.07489e-05
0.00280762 1.48737e-05

0.00280762 1.48749e-05
0.00283203 1.0771e-05

0.00283203 1.19485e-05
0.00285645 8.23371e-06

0.00285645 7.56051e-06
0.00288086 1.36611e-05

0.00288086 1.3766e-05
0.00290527 1.39402e-05

0.00290527 1.29917e-05
0.00292969 8.46319e-06

0.00292969 9.0333e-06
0.0029541 1.29478e-05

0.0029541 1.31679e-05
0.00297852 1.3192e-05

0.00297852 1.13952e-05
0.00300293 1.06176e-05

0.00300293 1.07406e-05
0.00302734 1.4603e-05

0.00302734 1.29308e-05
0.00305176 1.43548e-05

0.00305176 1.32904e-05
0.00307617 1.41401e-05

0.00307617 1.37267e-05
0.00310059 1.48433e-05

0.00310059 1.41282e-05
0.003125 1.50363e-05

0.00175781 0.00287781
0.00157051 0.00292969

0.0015625 0.00293177
0.00157 0.00292969

0.00175781 0.00287831
0.00195312 0.00281552

0.00234375 0.00265815
0.00216885 0.00273438

0.00195312 0.00281586
0.00214844 0.00274269

0.00214844 0.00274197
0.00216586 0.00273438

0.00292969 0.00231066
0.00288372 0.00234375

0.00302734 0.00223438
0.00301263 0.00224609

0.00297852 0.00227189
0.00294876 0.00229492

0.00292969 0.00230995
0.00294944 0.00229492

0.00300293 0.00225274
0.00298042 0.00227051

0.00297852 0.00227226
0.0029807 0.00227051

0.00300293 0.00224905
0.00300674 0.00224609

0.00307617 0.00219087
0.00306879 0.00219727

0.00302734 0.0022332
0.00306992 0.00219727

0.00307617 0.0021918
0.003125 0.00214852

0.00244141 0.00261049
0.00238743 0.00263672

0.00234375 0.00265636
0.00238416 0.00263672

0.00244141 0.00261001
0.00253906 0.00255904

0.00273438 0.0024463
0.00257694 0.00253906

0.00253906 0.0025584
0.00257245 0.00253906

0.00283203 0.00238002
0.00273964 0.00244141

0.00273438 0.00244394
0.00273834 0.00244141

0.00283203 0.00237987
0.0028825 0.00234375

0.003125 1.45466e-05
0.00314941 1.5473e-05

0.00314941 1.49448e-05
0.00317383 1.5736e-05

0.00317383 1.5275e-05
0.00319824 1.60705e-05

0.00319824 1.55306e-05
0.00322266 1.65123e-05

0.00322266 1.59445e-05
0.00324707 1.71234e-05

0.00324707 1.6527e-05
0.00327148 1.76463e-05

0.00327148 1.69569e-05
0.0032959 1.8198e-05

0.0032959 1.7698e-05
0.00332031 1.88654e-05

0.00332031 1.80904e-05
0.00334473 1.93878e-05

0.00334473 1.94229e-05
0.00336914 1.97354e-05

0.00336914 1.30834e-05
0.0033924 2.44141e-05

0.00339068 2.44141e-05
0.00339355 2.55733e-05

0.00339355 2.78648e-05
0.00341753 4.88281e-05

0.00341737 4.88281e-05
0.00341797 4.94004e-05

0.00341797 4.96991e-05
0.00344175 7.32422e-05

0.00344177 7.32422e-05
0.00344238 7.38734e-05

0.00344238 7.40003e-05
0.00346461 9.76563e-05

0.00346514 9.76563e-05
0.0034668 9.94963e-05

0.0034668 9.99439e-05
0.00350664 0.000146484

0.00350657 0.000146484
0.00351563 0.000158241

0.00351563 0.000158503
0.00354313 0.000195313

0.00354366 0.000195313
0.00356445 0.0002264

0.00356445 0.000228281
0.00357488 0.000244141

0.00357575 0.000244141
0.00360469 0.000292969

0.00360539 0.000292969
0.00361328 0.000308799

0.00361328 0.000310079
0.0036299 0.000341797

0.00363004 0.000341797
0.00365276 0.000390625

0.00365342 0.000390625
0.00369107 0.000488281

0.0036909 0.000488281
0.00371094 0.00055856

0.00371094 0.000560295
0.00371825 0.000585938

0.0037184 0.000585937
0.00373743 0.000683594

0.00373707 0.000683594
0.00374844 0.00078125

0.00375041 0.00078125
0.00375139 0.000976562

0.00375108 0.000976562
0.00372351 0.00117188

0.00371094 0.0012176
0.00366824 0.00136719

0.00366823 0.00136719
0.00358336 0.0015625

0.00371094 0.00121485
0.00372155 0.00117187

0.00332031 0.00195047
0.00331808 0.00195312

0.00351563 0.00167793
0.00346808 0.00175781

0.00341797 0.00182422
0.00339544 0.00185547

0.00332031 0.00194821
0.00339569 0.00185547

0.00341797 0.00182391
0.00346568 0.00175781

0.00322266 0.00205503
0.00312613 0.00214844

0.00331665 0.00195313
0.0032269 0.00205078

0.00322266 0.00205441
0.0032262 0.00205078

0.00351563 0.00167741
0.00358402 0.0015625

