7.17036e-05 0
7.32422e-05 4.51975e-06

7.32422e-05 6.92753e-07
9.59411e-05 2.44141e-05

9.75348e-05 2.44141e-05
9.76563e-05 2.44564e-05

9.76563e-05 1.41969e-05
0.00012207 1.50148e-05

0.000120557 2.44141e-05
0.00012207 2.44337e-05

0.00012207 1.37893e-05
0.000146484 1.42485e-05

0.000146484 1.4947e-05
0.000170898 1.49874e-05

0.000170898 1.44077e-05
0.000195313 1.36939e-05

0.000195313 1.39054e-05
0.000219727 1.49086e-05

0.000219727 1.48084e-05
0.000244141 1.48741e-05

0.000244141 1.48275e-05
0.000268555 1.40916e-05

0.000268555 1.43357e-05
0.000292969 1.41809e-05

0.000292969 1.42346e-05
0.000317383 1.44422e-05

0.000317383 1.46543e-05
0.000341797 1.41874e-05

0.000341797 1.44021e-05
0.000366211 1.35459e-05

0.000366211 1.38971e-05
0.000390625 1.36322e-05

0.000390625 1.36808e-05
0.000415039 1.38673e-05

0.000415039 1.3966e-05
0.000439453 1.38445e-05

0.000439453 1.39696e-05
0.000463867 1.33952e-05

0.000463867 1.35807e-05
0.000488281 1.3371e-05

0.000488281 1.34763e-05
0.000512695 1.35784e-05

0.000512695 1.36452e-05
0.000537109 1.34573e-05

0.000537109 1.35754e-05
0.000561523 1.32022e-05

0.000561523 1.33352e-05
0.000585937 1.32212e-05

0.000585938 1.33461e-05
0.000610352 1.32657e-05

0.000610352 1.3267e-05
0.000634766 1.31727e-05

0.000634766 1.33222e-05
0.00065918 1.31532e-05

0.00065918 1.31304e-05
0.000683594 1.30656e-05

0.000683594 1.31333e-05
0.000708008 1.3249e-05

0.000708008 1.32122e-05
0.000732422 1.31504e-05

0.000732422 1.31356e-05
0.000756836 1.31577e-05

0.000756836 1.31322e-05
0.00078125 1.32621e-05

0.00078125 1.31624e-05
0.000805664 1.33182e-05

0.000805664 1.32455e-05
0.000830078 1.33743e-05

0.000830078 1.32829e-05
0.000854492 1.33849e-05

0.000854492 1.33157e-05
0.000878906 1.34528e-05

0.000878906 1.33409e-05
0.00090332 1.35273e-05

0.00090332 1.34255e-05
0.000927734 1.36165e-05

0.000927734 1.34906e-05
0.000952148 1.36594e-05

0.000952148 1.35678e-05
0.000976562 1.37245e-05

0.000976562 1.35491e-05
0.00100098 1.38344e-05

0.00100098 1.3707e-05
0.00102539 1.40129e-05

0.00102539 1.38026e-05
0.0010498 1.40431e-05

0.0010498 1.38871e-05
0.00107422 1.41989e-05

0.00107422 1.39625e-05
0.00109863 1.43615e-05

0.00109863 1.44135e-05
0.00112305 1.42904e-05

0.00112305 1.39682e-05
0.00114746 1.41643e-05

0.00114746 1.40254e-05
0.00117187 1.49837e-05

0.00117188 1.46314e-05
0.00119629 1.50161e-05

0.00119629 1.49199e-05
0.0012207 1.47085e-05

0.0012207 1.46539e-05
0.00124512 1.46524e-05

0.00124512 1.45149e-05
0.00126953 1.51111e-05

0.00126953 1.51408e-05
0.00129395 1.51328e-05

0.00129395 1.53435e-05
0.00131836 1.42693e-05

0.00131836 1.38172e-05
0.00134277 1.47252e-05

0.00134277 1.59712e-05
0.00136719 1.51017e-05

0.0013916 5.09976e-07
0.00136945 2.44141e-05

0.00136719 2.46615e-05
0.00136788 2.44141e-05

0.0013916 4.43362e-06
0.00139311 0

0.00146307 0
0.00146484 5.23089e-06

0.00146484 3.9904e-06
0.00148443 2.44141e-05

0.00148541 2.44141e-05
0.00148926 2.57816e-05

0.00148926 1.73808e-05
0.00151367 1.77401e-05

0.00151367 1.69361e-05
0.00153809 1.62438e-05

0.0015625 5.55789e-06
0.00154298 2.44141e-05

0.00153809 2.59057e-05
0.00154257 2.44141e-05

0 0.00311993
0.000390625 0.00310894

0.000390625 0.00310923
0.00078125 0.00307567

0.00078125 0.00307631
0.00117187 0.00301835

0.00117188 0.0030194
0.0015625 0.00293368

0.0015625 7.00678e-06
0.00156495 0

0.00165641 0
0.00166016 9.16329e-06

0.00166016 1.03708e-05
0.00167581 2.44141e-05

0.00167488 2.44141e-05
0.00168457 2.77932e-05

0.00168457 1.76203e-05
0.00170898 1.77922e-05

0.00169277 2.44141e-05
0.00170898 2.44707e-05

0.0017334 1.09018e-05
0.00171776 2.44141e-05

0.00170898 2.77458e-05
0.00171878 2.44141e-05

0.0017334 1.13757e-05
0.00173818 0

0.00180032 0
0.00180664 1.41749e-05

0.00180664 9.33444e-06
0.00183105 1.23908e-05

0.00183105 6.1494e-06
0.00185441 0

0.00185571 0
0.00187988 1.74422e-05

0.00187988 9.10783e-06
0.0019043 1.14382e-05

0.0019043 9.25886e-06
0.00192871 1.04964e-05

0.00192871 9.79718e-06
0.00195312 1.21341e-05

0.00195312 9.47203e-06
0.00197754 1.30311e-05

0.00197754 1.3634e-05
0.00200195 1.28363e-05

0.00200195 1.54632e-05
0.00202637 5.98472e-06

0.00202637 6.45837e-06
0.00205078 9.03056e-06

0.00205078 9.46241e-06
0.0020752 1.46743e-05

0.0020752 9.75499e-06
0.00209961 1.18055e-05

0.00209961 1.33858e-05
0.00212402 1.33834e-05

0.00212402 1.30201e-05
0.00214844 8.53716e-06

0.00214844 8.14386e-06
0.00217285 1.30506e-05

0.00217285 1.39569e-05
0.00219727 1.37399e-05

0.00219727 1.3053e-05
0.00222168 7.85273e-06

0.00222168 7.77382e-06
0.00224609 1.34789e-05

0.00224609 1.41326e-05
0.00227051 1.38957e-05

0.00227051 1.382e-05
0.00229492 7.11496e-06

0.00229492 7.88219e-06
0.00231934 1.19332e-05

0.00231934 1.05586e-05
0.00234375 1.5148e-05

0.00234375 1.51868e-05
0.00236816 1.07148e-05

0.00236816 1.25168e-05
0.00239258 7.25025e-06

0.00239258 7.25978e-06
0.00241699 1.25147e-05

0.00241699 1.06507e-05
0.00244141 1.5229e-05

0.00244141 1.52247e-05
0.00246582 1.0638e-05

0.00246582 1.2481e-05
0.00249023 7.3e-06

0.00249023 7.30116e-06
0.00251465 1.25307e-05

0.00251465 1.06765e-05
0.00253906 1.51962e-05

0.00253906 1.51901e-05
0.00256348 1.06535e-05

0.00256348 1.24482e-05
0.00258789 7.39154e-06

0.00258789 7.38381e-06
0.0026123 1.25592e-05

0.0026123 1.08073e-05
0.00263672 1.50821e-05

0.00263672 1.50251e-05
0.00266113 1.05994e-05

0.00266113 1.18785e-05
0.00268555 8.14017e-06

0.00268555 7.34765e-06
0.00270996 1.38439e-05

0.00270996 1.39318e-05
0.00273438 1.41087e-05

0.00273437 1.38736e-05
0.00275879 7.55642e-06

0.00275879 8.33681e-06
0.0027832 1.18475e-05

0.0027832 1.07545e-05
0.00280762 1.48658e-05

0.00280762 1.4867e-05
0.00283203 1.07654e-05

0.00283203 1.18938e-05
0.00285645 8.29049e-06

0.00285645 7.62794e-06
0.00288086 1.37078e-05

0.00288086 1.38461e-05
0.00290527 1.38554e-05

0.00290527 1.29381e-05
0.00292969 8.4101e-06

0.00292969 8.98535e-06
0.0029541 1.30045e-05

0.0029541 1.31902e-05
0.00297852 1.31904e-05

0.00297852 1.14006e-05
0.00300293 1.05896e-05

0.00300293 1.06988e-05
0.00302734 1.46224e-05

0.00302734 1.29387e-05
0.00305176 1.44074e-05

0.00305176 1.33345e-05
0.00307617 1.41423e-05

0.00307617 1.37687e-05
0.00310059 1.48002e-05

0.00310059 1.41169e-05
0.003125 1.49612e-05

0.00175781 0.00287782
0.00157054 0.00292969

0.0015625 0.00293177
0.00157003 0.00292969

0.00175781 0.00287831
0.00195312 0.00281552

0.00234375 0.00265815
0.00216886 0.00273438

0.00195312 0.00281586
0.00214844 0.0027427

0.00214844 0.00274197
0.00216586 0.00273438

0.00292969 0.00231066
0.00288372 0.00234375

0.00302734 0.00223438
0.00301263 0.00224609

0.00297852 0.00227189
0.00294876 0.00229492

0.00292969 0.00230995
0.00294943 0.00229492

0.00300293 0.00225274
0.00298042 0.00227051

0.00297852 0.00227226
0.00298069 0.00227051

0.00300293 0.00224903
0.00300672 0.00224609

0.00307617 0.00219086
0.00306878 0.00219727

0.00302734 0.0022332
0.00306991 0.00219727

0.00307617 0.0021918
0.003125 0.00214852

0.00244141 0.00261049
0.00238743 0.00263672

0.00234375 0.00265636
0.00238417 0.00263672

0.00244141 0.00261001
0.00253906 0.00255904

0.00273438 0.0024463
0.00257694 0.00253906

0.00253906 0.0025584
0.00257244 0.00253906

0.00283203 0.00238002
0.00273964 0.00244141

0.00273438 0.00244393
0.00273834 0.00244141

0.00283203 0.00237986
0.0028825 0.00234375

0.003125 1.44683e-05
0.00314941 1.54451e-05

0.00314941 1.48736e-05
0.00317383 1.57991e-05

0.00317383 1.5306e-05
0.00319824 1.61581e-05

0.00319824 1.56311e-05
0.00322266 1.65044e-05

0.00322266 1.59551e-05
0.00324707 1.70439e-05

0.00324707 1.64589e-05
0.00327148 1.76422e-05

0.00327148 1.69661e-05
0.0032959 1.82366e-05

0.0032959 1.76881e-05
0.00332031 1.88599e-05

0.00332031 1.81391e-05
0.00334473 1.93967e-05

0.00334473 1.94926e-05
0.00336914 1.95707e-05

0.00336914 1.30259e-05
0.00339306 2.44141e-05

0.00339194 2.44141e-05
0.00339355 2.50439e-05

0.00339355 2.72017e-05
0.00341797 4.85934e-05

0.00341742 4.88281e-05
0.00341797 4.93594e-05

0.00341797 4.85005e-05
0.00341831 4.88281e-05

0.00341797 4.93537e-05
0.00344168 7.32422e-05

0.00344173 7.32422e-05
0.00344238 7.39195e-05

0.00344238 7.41084e-05
0.00346432 9.76563e-05

0.00346486 9.76563e-05
0.0034668 9.982e-05

0.0034668 0.000100226
0.00350629 0.000146484

0.00350628 0.000146484
0.00351563 0.000158618

0.00351563 0.000158865
0.00354285 0.000195313

0.00354342 0.000195313
0.00356445 0.000226693

0.00356445 0.000228592
0.00357469 0.000244141

0.00357558 0.000244141
0.00360458 0.000292969

0.00360528 0.000292969
0.00361328 0.000308982

0.00361328 0.00031027
0.00362983 0.000341797

0.00362998 0.000341797
0.00365273 0.000390625

0.00365339 0.000390625
0.00369108 0.000488281

0.00369092 0.000488281
0.00371094 0.00055846

0.00371094 0.000560214
0.00371828 0.000585938

0.00371843 0.000585937
0.00373747 0.000683594

0.0037371 0.000683594
0.00374847 0.00078125

0.00375044 0.00078125
0.00375142 0.000976562

0.00375111 0.000976562
0.00372353 0.00117188

0.00371094 0.00121765
0.00366825 0.00136719

0.00366823 0.00136719
0.00358336 0.0015625

0.00371094 0.00121491
0.00372157 0.00117187

0.00332031 0.00195046
0.00331807 0.00195312

0.00351563 0.00167794
0.00346808 0.00175781

0.00341797 0.00182422
0.00339544 0.00185547

0.00332031 0.0019482
0.00339568 0.00185547

0.00341797 0.0018239
0.00346567 0.00175781

0.00322266 0.00205502
0.00312612 0.00214844

0.00331665 0.00195313
0.00322689 0.00205078

0.00322266 0.00205441
0.0032262 0.00205078

0.00351563 0.00167741
0.00358402 0.0015625

