7.1526e-05 0
7.32422e-05 5.01927e-06

7.32422e-05 1.22262e-06
9.58172e-05 2.44141e-05

9.76563e-05 1.43668e-05
0.00012207 1.48744e-05

0.00012207 1.41539e-05
0.000146484 1.40202e-05

0.000146484 1.44702e-05
0.000170898 1.45616e-05

0.000170898 1.3911e-05
0.000195313 1.44062e-05

0.000195313 1.49341e-05
0.000219727 1.48785e-05

0.000219727 1.45107e-05
0.000244141 1.37184e-05

0.000244141 1.38302e-05
0.000268555 1.474e-05

0.000268555 1.49351e-05
0.000292969 1.47229e-05

0.000292969 1.45874e-05
0.000317383 1.36464e-05

0.000317383 1.41405e-05
0.000341797 1.40487e-05

0.000341797 1.41524e-05
0.000366211 1.39402e-05

0.000366211 1.40817e-05
0.000390625 1.37822e-05

0.000390625 1.38935e-05
0.000415039 1.37433e-05

0.000415039 1.39326e-05
0.000439453 1.37041e-05

0.000439453 1.37596e-05
0.000463867 1.35334e-05

0.000463867 1.37532e-05
0.000488281 1.35452e-05

0.000488281 1.36268e-05
0.000512695 1.33569e-05

0.000512695 1.34679e-05
0.000537109 1.34319e-05

0.000537109 1.35029e-05
0.000561523 1.34279e-05

0.000561523 1.35686e-05
0.000585937 1.32211e-05

0.000585938 1.33776e-05
0.000610352 1.30459e-05

0.000610352 1.30884e-05
0.000634766 1.32214e-05

0.000634766 1.32784e-05
0.00065918 1.3337e-05

0.00065918 1.3345e-05
0.000683594 1.30495e-05

0.000683594 1.32028e-05
0.000708008 1.29866e-05

0.000708008 1.29346e-05
0.000732422 1.31506e-05

0.000732422 1.31073e-05
0.000756836 1.33913e-05

0.000756836 1.3228e-05
0.00078125 1.32666e-05

0.00078125 1.33132e-05
0.000805664 1.32412e-05

0.000805664 1.31489e-05
0.000830078 1.32415e-05

0.000830078 1.31397e-05
0.000854492 1.35487e-05

0.000854492 1.34311e-05
0.000878906 1.35555e-05

0.000878906 1.34061e-05
0.00090332 1.34648e-05

0.00090332 1.35292e-05
0.000927734 1.35438e-05

0.000927734 1.33598e-05
0.000952148 1.35328e-05

0.000952148 1.33766e-05
0.000976562 1.3952e-05

0.000976562 1.37377e-05
0.00100098 1.40136e-05

0.00100098 1.39444e-05
0.00102539 1.38007e-05

0.00102539 1.36796e-05
0.0010498 1.38544e-05

0.0010498 1.36686e-05
0.00107422 1.43411e-05

0.00107422 1.40968e-05
0.00109863 1.44668e-05

0.00109863 1.43545e-05
0.00112305 1.42297e-05

0.00112305 1.4243e-05
0.00114746 1.41261e-05

0.00114746 1.37579e-05
0.00117187 1.46447e-05

0.00117188 1.43822e-05
0.00119629 1.53785e-05

0.00119629 1.51429e-05
0.0012207 1.48639e-05

0.0012207 1.48082e-05
0.00124512 1.44989e-05

0.00124512 1.47081e-05
0.00126953 1.48e-05

0.00126953 1.4333e-05
0.00129395 1.5122e-05

0.00129395 1.55683e-05
0.00131836 1.52239e-05

0.00131836 1.46762e-05
0.00134277 1.42149e-05

0.00134277 1.54348e-05
0.00136719 1.46102e-05

0.00134277 2.4423e-05
0.00134344 2.44141e-05

0.0013916 1.14689e-06
0.0013693 2.44141e-05

0.00136719 2.44514e-05
0.00136729 2.44141e-05

0.0013916 4.65981e-06
0.00139319 0

0.00146293 0
0.00146484 5.63842e-06

0.00146484 4.05977e-06
0.00148453 2.44141e-05

0.00148555 2.44141e-05
0.00148926 2.57199e-05

0.00148926 1.7138e-05
0.00151367 1.76449e-05

0.00150912 2.44141e-05
0.00151367 2.44522e-05

0.00151367 1.69302e-05
0.00153809 1.64789e-05

0.00151367 2.44707e-05
0.0015231 2.44141e-05

0.0015625 5.50918e-06
0.00154313 2.44141e-05

0.00153809 2.61699e-05
0.00154331 2.44141e-05

0 0.00311994
0.000390625 0.00310895

0.000390625 0.00310923
0.00078125 0.00307568

0.00078125 0.00307631
0.00117187 0.00301835

0.00117188 0.0030194
0.0015625 0.00293368

0.0015625 6.46241e-06
0.00156475 0

0.0016564 0
0.00166016 9.20715e-06

0.00166016 1.03052e-05
0.00167583 2.44141e-05

0.00167502 2.44141e-05
0.00168457 2.77587e-05

0.00168457 1.76923e-05
0.00170898 1.78716e-05

0.001692 2.44141e-05
0.00170898 2.44776e-05

0.0017334 1.08312e-05
0.00171775 2.44141e-05

0.00170898 2.77364e-05
0.0017187 2.44141e-05

0.0017334 1.13397e-05
0.00173816 0

0.00180031 0
0.00180664 1.41866e-05

0.00180664 9.34003e-06
0.00183105 1.23803e-05

0.00183105 6.14169e-06
0.00185442 0

0.00185571 0
0.00187988 1.74452e-05

0.00187988 9.10997e-06
0.0019043 1.14351e-05

0.0019043 9.25691e-06
0.00192871 1.04971e-05

0.00192871 9.79844e-06
0.00195312 1.21348e-05

0.00195312 9.47225e-06
0.00197754 1.3029e-05

0.00197754 1.36319e-05
0.00200195 1.28372e-05

0.00200195 1.54629e-05
0.00202637 5.98712e-06

0.00202637 6.47456e-06
0.00205078 9.01583e-06

0.00205078 9.41208e-06
0.0020752 1.46935e-05

0.0020752 9.78473e-06
0.00209961 1.18599e-05

0.00209961 1.34342e-05
0.00212402 1.33394e-05

0.00212402 1.30613e-05
0.00214844 8.45804e-06

0.00214844 8.04949e-06
0.00217285 1.30126e-05

0.00217285 1.38516e-05
0.00219727 1.38582e-05

0.00219727 1.32188e-05
0.00222168 7.85206e-06

0.00222168 7.73656e-06
0.00224609 1.33126e-05

0.00224609 1.398e-05
0.00227051 1.40327e-05

0.00227051 1.38992e-05
0.00229492 7.22065e-06

0.00229492 7.9618e-06
0.00231934 1.18394e-05

0.00231934 1.05479e-05
0.00234375 1.51471e-05

0.00234375 1.518e-05
0.00236816 1.07179e-05

0.00236816 1.25167e-05
0.00239258 7.25288e-06

0.00239258 7.26093e-06
0.00241699 1.2513e-05

0.00241699 1.06498e-05
0.00244141 1.5229e-05

0.00244141 1.52242e-05
0.00246582 1.0639e-05

0.00246582 1.24818e-05
0.00249023 7.30025e-06

0.00249023 7.30148e-06
0.00251465 1.25301e-05

0.00251465 1.06764e-05
0.00253906 1.51962e-05

0.00253906 1.51893e-05
0.00256348 1.0654e-05

0.00256348 1.24483e-05
0.00258789 7.39311e-06

0.00258789 7.38594e-06
0.0026123 1.25582e-05

0.0026123 1.08071e-05
0.00263672 1.50805e-05

0.00263672 1.50228e-05
0.00266113 1.0601e-05

0.00266113 1.18799e-05
0.00268555 8.14213e-06

0.00268555 7.34887e-06
0.00270996 1.38423e-05

0.00270996 1.39311e-05
0.00273438 1.41094e-05

0.00273437 1.38753e-05
0.00275879 7.55616e-06

0.00275879 8.33654e-06
0.0027832 1.18453e-05

0.0027832 1.07552e-05
0.00280762 1.4864e-05

0.00280762 1.48656e-05
0.00283203 1.07604e-05

0.00283203 1.18796e-05
0.00285645 8.29995e-06

0.00285645 7.6385e-06
0.00288086 1.37187e-05

0.00288086 1.38592e-05
0.00290527 1.3841e-05

0.00290527 1.2927e-05
0.00292969 8.40581e-06

0.00292969 8.98443e-06
0.0029541 1.30142e-05

0.0029541 1.31932e-05
0.00297852 1.31854e-05

0.00297852 1.1376e-05
0.00300293 1.06124e-05

0.00300293 1.07363e-05
0.00302734 1.46442e-05

0.00302734 1.29677e-05
0.00305176 1.43604e-05

0.00305176 1.33005e-05
0.00307617 1.41234e-05

0.00307617 1.37366e-05
0.00310059 1.48359e-05

0.00310059 1.4143e-05
0.003125 1.49875e-05

0.00175781 0.00287782
0.00157055 0.00292969

0.0015625 0.00293178
0.00157004 0.00292969

0.00175781 0.00287832
0.00195312 0.00281552

0.00234375 0.00265815
0.00216886 0.00273438

0.00195312 0.00281586
0.00214844 0.00274269

0.00214844 0.00274197
0.00216586 0.00273438

0.00292969 0.00231065
0.00288371 0.00234375

0.00302734 0.00223436
0.00301261 0.00224609

0.00297852 0.00227188
0.00294874 0.00229492

0.00292969 0.00230994
0.00294941 0.00229492

0.00300293 0.00225272
0.0029804 0.00227051

0.00297852 0.00227225
0.00298068 0.00227051

0.00300293 0.002249
0.00300668 0.00224609

0.00307617 0.00219085
0.00306876 0.00219727

0.00302734 0.00223318
0.00306989 0.00219727

0.00307617 0.00219178
0.003125 0.0021485

0.00244141 0.00261049
0.00238743 0.00263672

0.00234375 0.00265635
0.00238416 0.00263672

0.00244141 0.00261001
0.00253906 0.00255903

0.00273438 0.00244629
0.00257693 0.00253906

0.00253906 0.00255839
0.00257243 0.00253906

0.00283203 0.00238001
0.00273963 0.00244141

0.00273438 0.00244392
0.00273832 0.00244141

0.00283203 0.00237985
0.00288248 0.00234375

0.003125 1.44945e-05
0.00314941 1.54241e-05

0.00314941 1.48549e-05
0.00317383 1.57938e-05

0.00317383 1.53232e-05
0.00319824 1.61684e-05

0.00319824 1.56505e-05
0.00322266 1.6449e-05

0.00322266 1.58959e-05
0.00324707 1.69976e-05

0.00324707 1.64876e-05
0.00327148 1.7597e-05

0.00327148 1.68263e-05
0.0032959 1.81275e-05

0.0032959 1.76583e-05
0.00332031 1.89238e-05

0.00332031 1.824e-05
0.00334473 1.92293e-05

0.00334473 1.91169e-05
0.00336914 1.94439e-05

0.00336914 1.33878e-05
0.00339287 2.44141e-05

0.00339225 2.44141e-05
0.00339355 2.48909e-05

0.00339355 2.63159e-05
0.00341797 4.73531e-05

0.00341791 4.88281e-05
0.00341797 4.88846e-05

0.00341797 4.77371e-05
0.00341906 4.88281e-05

0.00341816 4.88281e-05
0.00344193 7.32422e-05

0.00344201 7.32422e-05
0.00344238 7.36389e-05

0.00344238 7.38224e-05
0.0034644 9.76563e-05

0.00346499 9.76563e-05
0.0034668 9.96876e-05

0.0034668 0.000100064
0.00350628 0.000146484

0.00350631 0.000146484
0.00351563 0.000158559

0.00351563 0.000159105
0.00352459 0.000170898

0.00352474 0.000170898
0.00354004 0.000191594

0.00354004 0.000191299
0.00354295 0.000195313

0.00354342 0.000195313
0.00356445 0.000226719

0.00356445 0.000228628
0.00357466 0.000244141

0.00357556 0.000244141
0.00360453 0.000292969

0.00360523 0.000292969
0.00361328 0.000309092

0.00361328 0.000310368
0.00362977 0.000341797

0.00362992 0.000341797
0.00365266 0.000390625

0.00365332 0.000390625
0.003691 0.000488281

0.00369084 0.000488281
0.00371094 0.000558702

0.00371094 0.000560467
0.0037182 0.000585938

0.00371837 0.000585937
0.00373742 0.000683594

0.00373705 0.000683594
0.00374843 0.00078125

0.00375041 0.00078125
0.0037514 0.000976562

0.00375109 0.000976562
0.00372351 0.00117188

0.00371094 0.0012176
0.00366823 0.00136719

0.00366822 0.00136719
0.00358335 0.0015625

0.00371094 0.00121485
0.00372155 0.00117187

0.00332031 0.00195043
0.00331805 0.00195312

0.00351563 0.00167792
0.00346807 0.00175781

0.00341797 0.0018242
0.00339542 0.00185547

0.00332031 0.00194818
0.00339567 0.00185547

0.00341797 0.00182388
0.00346566 0.00175781

0.00322266 0.00205501
0.0031261 0.00214844

0.00331663 0.00195313
0.00322687 0.00205078

0.00322266 0.0020544
0.00322619 0.00205078

0.00351563 0.00167738
0.003584 0.0015625

