7.15577e-05 0
7.32422e-05 4.93178e-06

7.32422e-05 1.44656e-06
9.58021e-05 2.44141e-05

9.76563e-05 1.43779e-05
0.00012207 1.46717e-05

0.00012207 1.39995e-05
0.000146484 1.40619e-05

0.000146484 1.44625e-05
0.000170898 1.46845e-05

0.000170898 1.40871e-05
0.000195313 1.43221e-05

0.000195313 1.44047e-05
0.000219727 1.51129e-05

0.000219727 1.51158e-05
0.000244141 1.44247e-05

0.000244141 1.46592e-05
0.000268555 1.37542e-05

0.000268555 1.39512e-05
0.000292969 1.41746e-05

0.000292969 1.42515e-05
0.000317383 1.45078e-05

0.000317383 1.46127e-05
0.000341797 1.39126e-05

0.000341797 1.41548e-05
0.000366211 1.35199e-05

0.000366211 1.36369e-05
0.000390625 1.39225e-05

0.000390625 1.40879e-05
0.000415039 1.40192e-05

0.000415039 1.40526e-05
0.000439453 1.34024e-05

0.000439453 1.35988e-05
0.000463867 1.35304e-05

0.000463867 1.37137e-05
0.000488281 1.36393e-05

0.000488281 1.36309e-05
0.000512695 1.33877e-05

0.000512695 1.34978e-05
0.000537109 1.34954e-05

0.000537109 1.35459e-05
0.000561523 1.34691e-05

0.000561523 1.36327e-05
0.000585937 1.32474e-05

0.000585938 1.34035e-05
0.000610352 1.30474e-05

0.000610352 1.31345e-05
0.000634766 1.32295e-05

0.000634766 1.3258e-05
0.00065918 1.33303e-05

0.00065918 1.33322e-05
0.000683594 1.31363e-05

0.000683594 1.33012e-05
0.000708008 1.30039e-05

0.000708008 1.29983e-05
0.000732422 1.30436e-05

0.000732422 1.30216e-05
0.000756836 1.33482e-05

0.000756836 1.32234e-05
0.00078125 1.3288e-05

0.00078125 1.32118e-05
0.000805664 1.32516e-05

0.000805664 1.32248e-05
0.000830078 1.33442e-05

0.000830078 1.32497e-05
0.000854492 1.33868e-05

0.000854492 1.33016e-05
0.000878906 1.3467e-05

0.000878906 1.33517e-05
0.00090332 1.35266e-05

0.00090332 1.34384e-05
0.000927734 1.35872e-05

0.000927734 1.34603e-05
0.000952148 1.36375e-05

0.000952148 1.34898e-05
0.000976562 1.37984e-05

0.000976562 1.36818e-05
0.00100098 1.38763e-05

0.00100098 1.36565e-05
0.00102539 1.39236e-05

0.00102539 1.3909e-05
0.0010498 1.40528e-05

0.0010498 1.38312e-05
0.00107422 1.39675e-05

0.00107422 1.36915e-05
0.00109863 1.44783e-05

0.00109863 1.4345e-05
0.00112305 1.46692e-05

0.00112305 1.44704e-05
0.00114746 1.42078e-05

0.00114746 1.42402e-05
0.00117187 1.43617e-05

0.00117188 1.38931e-05
0.00119629 1.49756e-05

0.00119629 1.50283e-05
0.0012207 1.52979e-05

0.0012207 1.49095e-05
0.00124512 1.43965e-05

0.00124512 1.44967e-05
0.00126953 1.5e-05

0.00126953 1.46584e-05
0.00129395 1.54613e-05

0.00129395 1.59111e-05
0.00131836 1.49072e-05

0.00131836 1.45218e-05
0.00134277 1.395e-05

0.00134277 1.52383e-05
0.00136719 1.46595e-05

0.00134277 2.4449e-05
0.0013466 2.44141e-05

0.0013916 1.1642e-06
0.00136925 2.44141e-05

0.00136719 2.49467e-05
0.00136872 2.44141e-05

0.0013916 4.90133e-06
0.00139327 0

0.0014629 0
0.00146484 5.7248e-06

0.00146484 4.67369e-06
0.00148442 2.44141e-05

0.00148474 2.44141e-05
0.00148926 2.59674e-05

0.00148926 1.68286e-05
0.00151367 1.72096e-05

0.00150833 2.44141e-05
0.00151367 2.44424e-05

0.00151367 1.69226e-05
0.00153809 1.68681e-05

0.00152855 2.44141e-05
0.00153809 2.44514e-05

0.0015625 5.45437e-06
0.00154316 2.44141e-05

0.00153809 2.61985e-05
0.00154335 2.44141e-05

0 0.00311998
0.000390625 0.00310898

0.000390625 0.00310927
0.00078125 0.00307571

0.00078125 0.00307635
0.00117187 0.00301838

0.00117188 0.00301943
0.0015625 0.0029337

0.0015625 6.90636e-06
0.00156491 0

0.00165639 0
0.00166016 9.21164e-06

0.00166016 1.03327e-05
0.00167583 2.44141e-05

0.00167499 2.44141e-05
0.00168457 2.77595e-05

0.00168457 1.76442e-05
0.00170898 1.78346e-05

0.00169339 2.44141e-05
0.00170898 2.44772e-05

0.0017334 1.08703e-05
0.00171776 2.44141e-05

0.00170898 2.77564e-05
0.00171879 2.44141e-05

0.0017334 1.13482e-05
0.00173817 0

0.0018003 0
0.00180664 1.41923e-05

0.00180664 9.33396e-06
0.00183105 1.23762e-05

0.00183105 6.13353e-06
0.00185448 0

0.0018557 0
0.00187988 1.74472e-05

0.00187988 9.11771e-06
0.0019043 1.14383e-05

0.0019043 9.26013e-06
0.00192871 1.04952e-05

0.00192871 9.80097e-06
0.00195312 1.21379e-05

0.00195312 9.47562e-06
0.00197754 1.30281e-05

0.00197754 1.36318e-05
0.00200195 1.2838e-05

0.00200195 1.54668e-05
0.00202637 5.98677e-06

0.00202637 6.48584e-06
0.00205078 8.99981e-06

0.00205078 9.35551e-06
0.0020752 1.47241e-05

0.0020752 9.82753e-06
0.00209961 1.1917e-05

0.00209961 1.35032e-05
0.00212402 1.32678e-05

0.00212402 1.29668e-05
0.00214844 8.46681e-06

0.00214844 8.07962e-06
0.00217285 1.31108e-05

0.00217285 1.39506e-05
0.00219727 1.37708e-05

0.00219727 1.30981e-05
0.00222168 7.85269e-06

0.00222168 7.77939e-06
0.00224609 1.34364e-05

0.00224609 1.40957e-05
0.00227051 1.3914e-05

0.00227051 1.3827e-05
0.00229492 7.14512e-06

0.00229492 7.90554e-06
0.00231934 1.19141e-05

0.00231934 1.05556e-05
0.00234375 1.51401e-05

0.00234375 1.51795e-05
0.00236816 1.07185e-05

0.00236816 1.25152e-05
0.00239258 7.25643e-06

0.00239258 7.26402e-06
0.00241699 1.25152e-05

0.00241699 1.06529e-05
0.00244141 1.5228e-05

0.00244141 1.52238e-05
0.00246582 1.06397e-05

0.00246582 1.24808e-05
0.00249023 7.30438e-06

0.00249023 7.30536e-06
0.00251465 1.25317e-05

0.00251465 1.06798e-05
0.00253906 1.51945e-05

0.00253906 1.51877e-05
0.00256348 1.06548e-05

0.00256348 1.24453e-05
0.00258789 7.40054e-06

0.00258789 7.39339e-06
0.0026123 1.25609e-05

0.0026123 1.08121e-05
0.00263672 1.50761e-05

0.00263672 1.50178e-05
0.00266113 1.06042e-05

0.00266113 1.18818e-05
0.00268555 8.15124e-06

0.00268555 7.35747e-06
0.00270996 1.38392e-05

0.00270996 1.39327e-05
0.00273438 1.41062e-05

0.00273437 1.38758e-05
0.00275879 7.55463e-06

0.00275879 8.33413e-06
0.0027832 1.18443e-05

0.0027832 1.07516e-05
0.00280762 1.48678e-05

0.00280762 1.48648e-05
0.00283203 1.07677e-05

0.00283203 1.19442e-05
0.00285645 8.24495e-06

0.00285645 7.57348e-06
0.00288086 1.36529e-05

0.00288086 1.37243e-05
0.00290527 1.39626e-05

0.00290527 1.30429e-05
0.00292969 8.50277e-06

0.00292969 9.07048e-06
0.0029541 1.2869e-05

0.0029541 1.30365e-05
0.00297852 1.32664e-05

0.00297852 1.14723e-05
0.00300293 1.07709e-05

0.00300293 1.08856e-05
0.00302734 1.44964e-05

0.00302734 1.29338e-05
0.00305176 1.42486e-05

0.00305176 1.32364e-05
0.00307617 1.40672e-05

0.00307617 1.36176e-05
0.00310059 1.4815e-05

0.00310059 1.40571e-05
0.003125 1.50991e-05

0.00175781 0.00287784
0.00157063 0.00292969

0.0015625 0.0029318
0.00157013 0.00292969

0.00175781 0.00287833
0.00195312 0.00281554

0.00234375 0.00265815
0.00216888 0.00273438

0.00195312 0.00281588
0.00214844 0.0027427

0.00214844 0.00274197
0.00216587 0.00273438

0.00292969 0.00231065
0.00288371 0.00234375

0.00302734 0.00223436
0.0030126 0.00224609

0.00297852 0.00227186
0.00294873 0.00229492

0.00292969 0.00230993
0.0029494 0.00229492

0.00300293 0.00225271
0.00298039 0.00227051

0.00297852 0.00227225
0.00298068 0.00227051

0.00300293 0.00224895
0.00300661 0.00224609

0.00307617 0.00219082
0.00306873 0.00219727

0.00302734 0.00223318
0.00306989 0.00219727

0.00307617 0.00219177
0.003125 0.00214849

0.00244141 0.00261049
0.00238743 0.00263672

0.00234375 0.00265635
0.00238415 0.00263672

0.00244141 0.00261001
0.00253906 0.00255903

0.00273438 0.00244628
0.00257693 0.00253906

0.00253906 0.00255838
0.0025724 0.00253906

0.00283203 0.00238
0.00273962 0.00244141

0.00273438 0.0024439
0.00273829 0.00244141

0.00283203 0.00237983
0.00288245 0.00234375

0.003125 1.45891e-05
0.00314941 1.55058e-05

0.00314941 1.49784e-05
0.00317383 1.56796e-05

0.00317383 1.52184e-05
0.00319824 1.6051e-05

0.00319824 1.55848e-05
0.00322266 1.64974e-05

0.00322266 1.58271e-05
0.00324707 1.70409e-05

0.00324707 1.64518e-05
0.00327148 1.78193e-05

0.00327148 1.71053e-05
0.0032959 1.83174e-05

0.0032959 1.78275e-05
0.00332031 1.87893e-05

0.00332031 1.81123e-05
0.00334473 1.92277e-05

0.00334473 1.93752e-05
0.00336914 1.94724e-05

0.00336914 1.27238e-05
0.00339283 2.44141e-05

0.00339113 2.44141e-05
0.00339355 2.54064e-05

0.00339355 2.77513e-05
0.00341741 4.88281e-05

0.0034175 4.88281e-05
0.00341797 4.92734e-05

0.00341797 4.97925e-05
0.00344153 7.32422e-05

0.00344161 7.32422e-05
0.00344238 7.40425e-05

0.00344238 7.42366e-05
0.00346434 9.76563e-05

0.00346489 9.76563e-05
0.0034668 9.97816e-05

0.0034668 0.00010025
0.00350636 0.000146484

0.00350633 0.000146484
0.00351563 0.000158555

0.00351563 0.000159035
0.00354304 0.000195313

0.00354344 0.000195313
0.00356445 0.00022669

0.00356445 0.000228586
0.00357469 0.000244141

0.00357558 0.000244141
0.00360455 0.000292969

0.00360525 0.000292969
0.00361328 0.000309052

0.00361328 0.00031033
0.00362979 0.000341797

0.00362994 0.000341797
0.00365268 0.000390625

0.00365334 0.000390625
0.00369102 0.000488281

0.00369086 0.000488281
0.00371094 0.000558659

0.00371094 0.0005604
0.00371822 0.000585938

0.00371838 0.000585937
0.00373742 0.000683594

0.00373706 0.000683594
0.00374844 0.00078125

0.00375042 0.00078125
0.00375141 0.000976562

0.0037511 0.000976562
0.00372353 0.00117188

0.00371094 0.00121765
0.00366825 0.00136719

0.00366824 0.00136719
0.00358336 0.0015625

0.00371094 0.00121493
0.00372157 0.00117187

0.00332031 0.00195042
0.00331804 0.00195312

0.00351563 0.00167797
0.0034681 0.00175781

0.00341797 0.00182422
0.00339543 0.00185547

0.00332031 0.00194818
0.00339567 0.00185547

0.00341797 0.00182387
0.00346566 0.00175781

0.00322266 0.002055
0.00312609 0.00214844

0.00331663 0.00195313
0.00322687 0.00205078

0.00322266 0.00205441
0.0032262 0.00205078

0.00351563 0.00167737
0.003584 0.0015625

