7.17536e-05 0
7.32422e-05 4.37833e-06

7.32422e-05 4.35691e-07
9.57409e-05 2.44141e-05

9.76563e-05 1.47384e-05
0.00012207 1.52803e-05

0.00012207 1.39828e-05
0.000146484 1.35942e-05

0.000146484 1.41904e-05
0.000170898 1.52205e-05

0.000170898 1.47446e-05
0.000195313 1.44583e-05

0.000195313 1.46599e-05
0.000219727 1.42946e-05

0.000219727 1.43337e-05
0.000244141 1.42921e-05

0.000244141 1.42905e-05
0.000268555 1.45986e-05

0.000268555 1.4675e-05
0.000292969 1.44366e-05

0.000292969 1.46428e-05
0.000317383 1.387e-05

0.000317383 1.40969e-05
0.000341797 1.38113e-05

0.000341797 1.40099e-05
0.000366211 1.40646e-05

0.000366211 1.41651e-05
0.000390625 1.38268e-05

0.000390625 1.39305e-05
0.000415039 1.36285e-05

0.000415039 1.38316e-05
0.000439453 1.3704e-05

0.000439453 1.3779e-05
0.000463867 1.35885e-05

0.000463867 1.37469e-05
0.000488281 1.35038e-05

0.000488281 1.36003e-05
0.000512695 1.34059e-05

0.000512695 1.35621e-05
0.000537109 1.34013e-05

0.000537109 1.34614e-05
0.000561523 1.33083e-05

0.000561523 1.33717e-05
0.000585937 1.33676e-05

0.000585938 1.34634e-05
0.000610352 1.33003e-05

0.000610352 1.34163e-05
0.000634766 1.30853e-05

0.000634766 1.31955e-05
0.00065918 1.30888e-05

0.00065918 1.31296e-05
0.000683594 1.32185e-05

0.000683594 1.32214e-05
0.000708008 1.31908e-05

0.000708008 1.32162e-05
0.000732422 1.30879e-05

0.000732422 1.30925e-05
0.000756836 1.31353e-05

0.000756836 1.30054e-05
0.00078125 1.33602e-05

0.00078125 1.33005e-05
0.000805664 1.34395e-05

0.000805664 1.32991e-05
0.000830078 1.32684e-05

0.000830078 1.32637e-05
0.000854492 1.34316e-05

0.000854492 1.33324e-05
0.000878906 1.34798e-05

0.000878906 1.33672e-05
0.00090332 1.35439e-05

0.00090332 1.34517e-05
0.000927734 1.36203e-05

0.000927734 1.35077e-05
0.000952148 1.36526e-05

0.000952148 1.35458e-05
0.000976562 1.37413e-05

0.000976562 1.36048e-05
0.00100098 1.38468e-05

0.00100098 1.36757e-05
0.00102539 1.39743e-05

0.00102539 1.37664e-05
0.0010498 1.41365e-05

0.0010498 1.4125e-05
0.00107422 1.40893e-05

0.00107422 1.38471e-05
0.00109863 1.40011e-05

0.00109863 1.38321e-05
0.00112305 1.46185e-05

0.00112305 1.43768e-05
0.00114746 1.46934e-05

0.00114746 1.46094e-05
0.00117187 1.43405e-05

0.00117188 1.41762e-05
0.00119629 1.44696e-05

0.00119629 1.41603e-05
0.0012207 1.52529e-05

0.0012207 1.49949e-05
0.00124512 1.54094e-05

0.00124512 1.55049e-05
0.00126953 1.4589e-05

0.00126953 1.44758e-05
0.00129395 1.44341e-05

0.00129395 1.49419e-05
0.00131836 1.50849e-05

0.00131836 1.44043e-05
0.00134277 1.47361e-05

0.00134277 1.57822e-05
0.00136719 1.47832e-05

0.0013916 9.47623e-07
0.00136945 2.44141e-05

0.0013916 4.19428e-06
0.00139302 0

0.00146282 0
0.00146484 5.92587e-06

0.00146484 4.68039e-06
0.00148442 2.44141e-05

0.00148526 2.44141e-05
0.00148926 2.57918e-05

0.00148926 1.6854e-05
0.00151367 1.73005e-05

0.00151004 2.44141e-05
0.00151367 2.44391e-05

0.00151367 1.70485e-05
0.00153809 1.68533e-05

0.00151367 2.4419e-05
0.00151629 2.44141e-05

0.0015625 5.37166e-06
0.00154311 2.44141e-05

0.00153809 2.59062e-05
0.00154247 2.44141e-05

0 0.00311999
0.000390625 0.003109

0.000390625 0.00310929
0.00078125 0.00307573

0.00078125 0.00307636
0.00117187 0.00301839

0.00117188 0.00301944
0.0015625 0.00293371

0.0015625 6.92069e-06
0.00156492 0

0.0016564 0
0.00166016 9.18517e-06

0.00166016 1.03687e-05
0.0016758 2.44141e-05

0.00167489 2.44141e-05
0.00168457 2.77909e-05

0.00168457 1.76321e-05
0.00170898 1.78115e-05

0.00169318 2.44141e-05
0.00170898 2.44724e-05

0.0017334 1.09082e-05
0.00171777 2.44141e-05

0.00170898 2.77537e-05
0.00171879 2.44141e-05

0.0017334 1.13882e-05
0.00173819 0

0.00180033 0
0.00180664 1.4159e-05

0.00180664 9.34365e-06
0.00183105 1.24029e-05

0.00183105 6.13953e-06
0.00185441 0

0.00185569 0
0.00187988 1.74562e-05

0.00187988 9.12009e-06
0.0019043 1.14292e-05

0.0019043 9.26059e-06
0.00192871 1.04993e-05

0.00192871 9.80139e-06
0.00195312 1.21349e-05

0.00195312 9.47475e-06
0.00197754 1.30295e-05

0.00197754 1.36331e-05
0.00200195 1.28371e-05

0.00200195 1.546e-05
0.00202637 5.99124e-06

0.00202637 6.48739e-06
0.00205078 9.01065e-06

0.00205078 9.36918e-06
0.0020752 1.47188e-05

0.0020752 9.82765e-06
0.00209961 1.19087e-05

0.00209961 1.34968e-05
0.00212402 1.32714e-05

0.00212402 1.2961e-05
0.00214844 8.47768e-06

0.00214844 8.09475e-06
0.00217285 1.31122e-05

0.00217285 1.39612e-05
0.00219727 1.375e-05

0.00219727 1.30694e-05
0.00222168 7.85629e-06

0.00222168 7.78457e-06
0.00224609 1.34631e-05

0.00224609 1.41196e-05
0.00227051 1.38952e-05

0.00227051 1.38167e-05
0.00229492 7.12992e-06

0.00229492 7.89379e-06
0.00231934 1.19289e-05

0.00231934 1.05601e-05
0.00234375 1.51406e-05

0.00234375 1.51799e-05
0.00236816 1.07165e-05

0.00236816 1.25139e-05
0.00239258 7.25925e-06

0.00239258 7.26754e-06
0.00241699 1.25146e-05

0.00241699 1.06538e-05
0.00244141 1.52242e-05

0.00244141 1.522e-05
0.00246582 1.06398e-05

0.00246582 1.24785e-05
0.00249023 7.30945e-06

0.00249023 7.31075e-06
0.00251465 1.25306e-05

0.00251465 1.06802e-05
0.00253906 1.51899e-05

0.00253906 1.5184e-05
0.00256348 1.06558e-05

0.00256348 1.24493e-05
0.00258789 7.39914e-06

0.00258789 7.39415e-06
0.0026123 1.25516e-05

0.0026123 1.08056e-05
0.00263672 1.50716e-05

0.00263672 1.50151e-05
0.00266113 1.05986e-05

0.00266113 1.18707e-05
0.00268555 8.14986e-06

0.00268555 7.35446e-06
0.00270996 1.38468e-05

0.00270996 1.3934e-05
0.00273438 1.41053e-05

0.00273437 1.38709e-05
0.00275879 7.56109e-06

0.00275879 8.33609e-06
0.0027832 1.18554e-05

0.0027832 1.07674e-05
0.00280762 1.48666e-05

0.00280762 1.48647e-05
0.00283203 1.07604e-05

0.00283203 1.18619e-05
0.00285645 8.33206e-06

0.00285645 7.68476e-06
0.00288086 1.3727e-05

0.00288086 1.38573e-05
0.00290527 1.38186e-05

0.00290527 1.29136e-05
0.00292969 8.44641e-06

0.00292969 9.02679e-06
0.0029541 1.30114e-05

0.0029541 1.3179e-05
0.00297852 1.31747e-05

0.00297852 1.14179e-05
0.00300293 1.06146e-05

0.00300293 1.07211e-05
0.00302734 1.45827e-05

0.00302734 1.29358e-05
0.00305176 1.43661e-05

0.00305176 1.32852e-05
0.00307617 1.41141e-05

0.00307617 1.37179e-05
0.00310059 1.48362e-05

0.00310059 1.41265e-05
0.003125 1.5008e-05

0.00175781 0.00287784
0.00157066 0.00292969

0.0015625 0.00293181
0.00157016 0.00292969

0.00175781 0.00287834
0.00195312 0.00281554

0.00234375 0.00265815
0.00216888 0.00273438

0.00195312 0.00281588
0.00214844 0.0027427

0.00214844 0.00274197
0.00216587 0.00273438

0.00292969 0.00231064
0.0028837 0.00234375

0.00302734 0.00223435
0.00301259 0.00224609

0.00297852 0.00227185
0.00294872 0.00229492

0.00292969 0.00230992
0.00294939 0.00229492

0.00300293 0.0022527
0.00298037 0.00227051

0.00297852 0.00227224
0.00298068 0.00227051

0.00300293 0.00224891
0.00300657 0.00224609

0.00307617 0.0021908
0.00306871 0.00219727

0.00302734 0.00223317
0.00306988 0.00219727

0.00307617 0.00219176
0.003125 0.00214848

0.00244141 0.00261049
0.00238743 0.00263672

0.00234375 0.00265635
0.00238414 0.00263672

0.00244141 0.00261
0.00253906 0.00255902

0.00273438 0.00244628
0.00257692 0.00253906

0.00253906 0.00255837
0.00257239 0.00253906

0.00283203 0.00237999
0.00273961 0.00244141

0.00273438 0.00244388
0.00273826 0.00244141

0.00283203 0.00237982
0.00288243 0.00234375

0.003125 1.45226e-05
0.00314941 1.5437e-05

0.00314941 1.48929e-05
0.00317383 1.57358e-05

0.00317383 1.52559e-05
0.00319824 1.61145e-05

0.00319824 1.56227e-05
0.00322266 1.64767e-05

0.00322266 1.59645e-05
0.00324707 1.69036e-05

0.00324707 1.62648e-05
0.00327148 1.75224e-05

0.00327148 1.69157e-05
0.0032959 1.82814e-05

0.0032959 1.76724e-05
0.00332031 1.87362e-05

0.00332031 1.78385e-05
0.00334473 1.94694e-05

0.00334473 1.96964e-05
0.00336914 1.9974e-05

0.00336914 1.32336e-05
0.00339315 2.44141e-05

0.00339165 2.44141e-05
0.00339355 2.51498e-05

0.00339355 2.73512e-05
0.00341797 4.8643e-05

0.00341766 4.88281e-05
0.00341797 4.91296e-05

0.00341797 4.876e-05
0.00341804 4.88281e-05

0.00341797 4.93207e-05
0.00344188 7.32422e-05

0.00344189 7.32422e-05
0.00344238 7.37512e-05

0.00344238 7.38774e-05
0.00346458 9.76563e-05

0.00346508 9.76563e-05
0.0034668 9.9567e-05

0.0034668 9.9983e-05
0.00350647 0.000146484

0.00350644 0.000146484
0.00351563 0.00015843

0.00351563 0.0001589
0.0035431 0.000195313

0.00354349 0.000195313
0.00356445 0.000226642

0.00356445 0.000228525
0.00357472 0.000244141

0.0035756 0.000244141
0.00360455 0.000292969

0.00360525 0.000292969
0.00361328 0.000309064

0.00361328 0.000310333
0.00362978 0.000341797

0.00362992 0.000341797
0.00365265 0.000390625

0.00365331 0.000390625
0.00369098 0.000488281

0.00369082 0.000488281
0.00371094 0.000558822

0.00371094 0.000560561
0.00371818 0.000585938

0.00371833 0.000585937
0.00373738 0.000683594

0.00373701 0.000683594
0.00374839 0.00078125

0.00375037 0.00078125
0.00375137 0.000976562

0.00375106 0.000976562
0.00372349 0.00117188

0.00371094 0.00121754
0.00366822 0.00136719

0.00366821 0.00136719
0.00358334 0.0015625

0.00371094 0.00121479
0.00372153 0.00117187

0.00332031 0.0019504
0.00331803 0.00195312

0.00351563 0.00167795
0.00346809 0.00175781

0.00341797 0.00182421
0.00339542 0.00185547

0.00332031 0.00194816
0.00339565 0.00185547

0.00341797 0.00182385
0.00346565 0.00175781

0.00322266 0.00205499
0.00312608 0.00214844

0.00331662 0.00195313
0.00322685 0.00205078

0.00322266 0.0020544
0.00322619 0.00205078

0.00351563 0.00167733
0.00358398 0.0015625

