7.1588e-05 0
7.32422e-05 4.84319e-06

7.32422e-05 4.92027e-07
9.5868e-05 2.44141e-05

9.76563e-05 1.44194e-05
0.00012207 1.52827e-05

0.00012207 1.39089e-05
0.000146484 1.40939e-05

0.000146484 1.48312e-05
0.000170898 1.51631e-05

0.000170898 1.4523e-05
0.000195313 1.40079e-05

0.000195313 1.46368e-05
0.000219727 1.45402e-05

0.000219727 1.42134e-05
0.000244141 1.41655e-05

0.000244141 1.44643e-05
0.000268555 1.46374e-05

0.000268555 1.44911e-05
0.000292969 1.41601e-05

0.000292969 1.44296e-05
0.000317383 1.41526e-05

0.000317383 1.4274e-05
0.000341797 1.39459e-05

0.000341797 1.41286e-05
0.000366211 1.39468e-05

0.000366211 1.41364e-05
0.000390625 1.38047e-05

0.000390625 1.39572e-05
0.000415039 1.3613e-05

0.000415039 1.37215e-05
0.000439453 1.37002e-05

0.000439453 1.3772e-05
0.000463867 1.37663e-05

0.000463867 1.39622e-05
0.000488281 1.34508e-05

0.000488281 1.36343e-05
0.000512695 1.31419e-05

0.000512695 1.3249e-05
0.000537109 1.34402e-05

0.000537109 1.34555e-05
0.000561523 1.36005e-05

0.000561523 1.36698e-05
0.000585937 1.32327e-05

0.000585938 1.33937e-05
0.000610352 1.30223e-05

0.000610352 1.31224e-05
0.000634766 1.32421e-05

0.000634766 1.32629e-05
0.00065918 1.33259e-05

0.00065918 1.33851e-05
0.000683594 1.30705e-05

0.000683594 1.31491e-05
0.000708008 1.29858e-05

0.000708008 1.29704e-05
0.000732422 1.32513e-05

0.000732422 1.31367e-05
0.000756836 1.34013e-05

0.000756836 1.33632e-05
0.00078125 1.3241e-05

0.00078125 1.32015e-05
0.000805664 1.31595e-05

0.000805664 1.30682e-05
0.000830078 1.34753e-05

0.000830078 1.34092e-05
0.000854492 1.35432e-05

0.000854492 1.33954e-05
0.000878906 1.33442e-05

0.000878906 1.33288e-05
0.00090332 1.35487e-05

0.00090332 1.34393e-05
0.000927734 1.36232e-05

0.000927734 1.35003e-05
0.000952148 1.36486e-05

0.000952148 1.35072e-05
0.000976562 1.37753e-05

0.000976562 1.37255e-05
0.00100098 1.38233e-05

0.00100098 1.36582e-05
0.00102539 1.37711e-05

0.00102539 1.3506e-05
0.0010498 1.42125e-05

0.0010498 1.41901e-05
0.00107422 1.43135e-05

0.00107422 1.41296e-05
0.00109863 1.37786e-05

0.00109863 1.35657e-05
0.00112305 1.43999e-05

0.00112305 1.41255e-05
0.00114746 1.50701e-05

0.00114746 1.48948e-05
0.00117187 1.45645e-05

0.00117188 1.45235e-05
0.00119629 1.41456e-05

0.00119629 1.38691e-05
0.0012207 1.49935e-05

0.0012207 1.47508e-05
0.00124512 1.57122e-05

0.00124512 1.56935e-05
0.00126953 1.47471e-05

0.00126953 1.44812e-05
0.00129395 1.44279e-05

0.00129395 1.52411e-05
0.00131836 1.51132e-05

0.00131836 1.41904e-05
0.00134277 1.45121e-05

0.00134277 1.59078e-05
0.00136719 1.49676e-05

0.0013916 5.84381e-07
0.00136944 2.44141e-05

0.0013916 4.13662e-06
0.001393 0

0.00146322 0
0.00146484 4.83165e-06

0.00146484 4.44673e-06
0.00148428 2.44141e-05

0.00148418 2.44141e-05
0.00148926 2.61961e-05

0.00148926 1.72026e-05
0.00151367 1.7349e-05

0.00148926 2.44513e-05
0.00150437 2.44141e-05

0.00151367 1.68189e-05
0.00153809 1.65043e-05

0.00151367 2.4443e-05
0.00152094 2.44141e-05

0.0015625 5.61713e-06
0.00154308 2.44141e-05

0.00153809 2.6e-05
0.00154283 2.44141e-05

0 0.00312
0.000390625 0.00310901

0.000390625 0.00310929
0.00078125 0.00307573

0.00078125 0.00307636
0.00117187 0.0030184

0.00117188 0.00301945
0.0015625 0.00293371

0.0015625 6.92895e-06
0.00156493 0

0.00165642 0
0.00166016 9.1627e-06

0.00166016 1.03334e-05
0.00167582 2.44141e-05

0.00167494 2.44141e-05
0.00168457 2.77789e-05

0.00168457 1.76525e-05
0.00170898 1.78482e-05

0.0016939 2.44141e-05
0.00170898 2.44758e-05

0.0017334 1.08957e-05
0.00171778 2.44141e-05

0.00170898 2.77589e-05
0.00171879 2.44141e-05

0.0017334 1.13826e-05
0.00173819 0

0.00180033 0
0.00180664 1.41543e-05

0.00180664 9.31684e-06
0.00183105 1.24102e-05

0.00183105 6.14565e-06
0.00185447 0

0.00185569 0
0.00187988 1.7443e-05

0.00187988 9.1215e-06
0.0019043 1.14405e-05

0.0019043 9.26394e-06
0.00192871 1.04938e-05

0.00192871 9.80202e-06
0.00195312 1.21372e-05

0.00195312 9.47556e-06
0.00197754 1.30286e-05

0.00197754 1.36316e-05
0.00200195 1.28395e-05

0.00200195 1.54563e-05
0.00202637 5.99986e-06

0.00202637 6.47425e-06
0.00205078 9.03597e-06

0.00205078 9.46186e-06
0.0020752 1.46739e-05

0.0020752 9.76395e-06
0.00209961 1.18212e-05

0.00209961 1.3393e-05
0.00212402 1.33854e-05

0.00212402 1.30889e-05
0.00214844 8.4863e-06

0.00214844 8.07353e-06
0.00217285 1.29871e-05

0.00217285 1.38421e-05
0.00219727 1.3865e-05

0.00219727 1.32305e-05
0.00222168 7.86069e-06

0.00222168 7.74298e-06
0.00224609 1.32975e-05

0.00224609 1.39712e-05
0.00227051 1.40347e-05

0.00227051 1.38984e-05
0.00229492 7.22709e-06

0.00229492 7.96646e-06
0.00231934 1.18363e-05

0.00231934 1.05476e-05
0.00234375 1.51441e-05

0.00234375 1.5176e-05
0.00236816 1.07194e-05

0.00236816 1.25144e-05
0.00239258 7.25955e-06

0.00239258 7.26743e-06
0.00241699 1.25135e-05

0.00241699 1.06525e-05
0.00244141 1.5225e-05

0.00244141 1.522e-05
0.00246582 1.06415e-05

0.00246582 1.24806e-05
0.00249023 7.30885e-06

0.00249023 7.31054e-06
0.00251465 1.25292e-05

0.00251465 1.06785e-05
0.00253906 1.51915e-05

0.00253906 1.51855e-05
0.00256348 1.06571e-05

0.00256348 1.24534e-05
0.00258789 7.3944e-06

0.00258789 7.38689e-06
0.0026123 1.25517e-05

0.0026123 1.0804e-05
0.00263672 1.50807e-05

0.00263672 1.50229e-05
0.00266113 1.0599e-05

0.00266113 1.18733e-05
0.00268555 8.14362e-06

0.00268555 7.35243e-06
0.00270996 1.38465e-05

0.00270996 1.39305e-05
0.00273438 1.41064e-05

0.00273437 1.38676e-05
0.00275879 7.56837e-06

0.00275879 8.34603e-06
0.0027832 1.1855e-05

0.0027832 1.07705e-05
0.00280762 1.48558e-05

0.00280762 1.48543e-05
0.00283203 1.0761e-05

0.00283203 1.18517e-05
0.00285645 8.35018e-06

0.00285645 7.69866e-06
0.00288086 1.37357e-05

0.00288086 1.38749e-05
0.00290527 1.38074e-05

0.00290527 1.29345e-05
0.00292969 8.40942e-06

0.00292969 8.98674e-06
0.0029541 1.29901e-05

0.0029541 1.31354e-05
0.00297852 1.32182e-05

0.00297852 1.14452e-05
0.00300293 1.06411e-05

0.00300293 1.07351e-05
0.00302734 1.45663e-05

0.00302734 1.29312e-05
0.00305176 1.43864e-05

0.00305176 1.33091e-05
0.00307617 1.41257e-05

0.00307617 1.37369e-05
0.00310059 1.48154e-05

0.00310059 1.41244e-05
0.003125 1.49838e-05

0.00175781 0.00287785
0.00157067 0.00292969

0.0015625 0.00293181
0.00157018 0.00292969

0.00175781 0.00287834
0.00195312 0.00281554

0.00234375 0.00265815
0.00216888 0.00273438

0.00195312 0.00281588
0.00214844 0.0027427

0.00214844 0.00274197
0.00216587 0.00273438

0.00292969 0.00231064
0.0028837 0.00234375

0.00302734 0.00223435
0.00301259 0.00224609

0.00297852 0.00227185
0.00294872 0.00229492

0.00292969 0.00230992
0.00294938 0.00229492

0.00300293 0.0022527
0.00298037 0.00227051

0.00297852 0.00227224
0.00298068 0.00227051

0.00300293 0.0022489
0.00300655 0.00224609

0.00307617 0.0021908
0.0030687 0.00219727

0.00302734 0.00223317
0.00306987 0.00219727

0.00307617 0.00219176
0.003125 0.00214848

0.00244141 0.00261049
0.00238743 0.00263672

0.00234375 0.00265635
0.00238414 0.00263672

0.00244141 0.00261
0.00253906 0.00255902

0.00273438 0.00244628
0.00257692 0.00253906

0.00253906 0.00255836
0.00257238 0.00253906

0.00283203 0.00237999
0.00273961 0.00244141

0.00273438 0.00244388
0.00273825 0.00244141

0.00283203 0.00237982
0.00288243 0.00234375

0.003125 1.45101e-05
0.00314941 1.54115e-05

0.00314941 1.48606e-05
0.00317383 1.57186e-05

0.00317383 1.5249e-05
0.00319824 1.61069e-05

0.00319824 1.5595e-05
0.00322266 1.64524e-05

0.00322266 1.58447e-05
0.00324707 1.70131e-05

0.00324707 1.64505e-05
0.00327148 1.77014e-05

0.00327148 1.69865e-05
0.0032959 1.82001e-05

0.0032959 1.78007e-05
0.00332031 1.86878e-05

0.00332031 1.78008e-05
0.00334473 1.91433e-05

0.00334473 1.94484e-05
0.00336914 1.97251e-05

0.00336914 1.28666e-05
0.00339317 2.44141e-05

0.0033915 2.44141e-05
0.00339355 2.52324e-05

0.00339355 2.74832e-05
0.00341781 4.88281e-05

0.00341761 4.88281e-05
0.00341797 4.91784e-05

0.00341797 4.95541e-05
0.00344169 7.32422e-05

0.00344173 7.32422e-05
0.00344238 7.39175e-05

0.00344238 7.40603e-05
0.00346445 9.76563e-05

0.00346495 9.76563e-05
0.0034668 9.97154e-05

0.0034668 0.000100136
0.0035064 0.000146484

0.00350637 0.000146484
0.00351563 0.000158509

0.00351563 0.000158963
0.00354308 0.000195313

0.00354347 0.000195313
0.00356445 0.000226663

0.00356445 0.000228549
0.00357471 0.000244141

0.00357559 0.000244141
0.00360455 0.000292969

0.00360526 0.000292969
0.00361328 0.000309051

0.00361328 0.000310328
0.00362979 0.000341797

0.00362993 0.000341797
0.00365267 0.000390625

0.00365333 0.000390625
0.003691 0.000488281

0.00369084 0.000488281
0.00371094 0.000558742

0.00371094 0.000560477
0.0037182 0.000585938

0.00371835 0.000585937
0.00373739 0.000683594

0.00373703 0.000683594
0.0037484 0.00078125

0.00375038 0.00078125
0.00375137 0.000976562

0.00375106 0.000976562
0.00372349 0.00117188

0.00371094 0.00121752
0.00366821 0.00136719

0.00366821 0.00136719
0.00358334 0.0015625

0.00371094 0.00121477
0.00372153 0.00117187

0.00332031 0.0019504
0.00331802 0.00195312

0.00351563 0.00167795
0.00346809 0.00175781

0.00341797 0.0018242
0.00339542 0.00185547

0.00332031 0.00194816
0.00339565 0.00185547

0.00341797 0.00182384
0.00346564 0.00175781

0.00322266 0.00205498
0.00312608 0.00214844

0.00331661 0.00195313
0.00322685 0.00205078

0.00322266 0.00205441
0.00322619 0.00205078

0.00351563 0.00167732
0.00358397 0.0015625

