7.20615e-05 0
7.32422e-05 3.49845e-06

7.32422e-05 7.23458e-08
9.57022e-05 2.44141e-05

9.6949e-05 2.44141e-05
9.76563e-05 2.46695e-05

9.76563e-05 1.45384e-05
0.00012207 1.57157e-05

0.00012207 1.44475e-05
0.000146484 1.38418e-05

0.000146484 1.45959e-05
0.000170898 1.46978e-05

0.000170898 1.40533e-05
0.000195313 1.43964e-05

0.000195313 1.47691e-05
0.000219727 1.50682e-05

0.000219727 1.48858e-05
0.000244141 1.40419e-05

0.000244141 1.44743e-05
0.000268555 1.40242e-05

0.000268555 1.39833e-05
0.000292969 1.42428e-05

0.000292969 1.43184e-05
0.000317383 1.45835e-05

0.000317383 1.47463e-05
0.000341797 1.38949e-05

0.000341797 1.41851e-05
0.000366211 1.33943e-05

0.000366211 1.35908e-05
0.000390625 1.38493e-05

0.000390625 1.38644e-05
0.000415039 1.41049e-05

0.000415039 1.42078e-05
0.000439453 1.35974e-05

0.000439453 1.38169e-05
0.000463867 1.32305e-05

0.000463867 1.33675e-05
0.000488281 1.35662e-05

0.000488281 1.35854e-05
0.000512695 1.37557e-05

0.000512695 1.38451e-05
0.000537109 1.33415e-05

0.000537109 1.35251e-05
0.000561523 1.30713e-05

0.000561523 1.31848e-05
0.000585937 1.33395e-05

0.000585938 1.33466e-05
0.000610352 1.34746e-05

0.000610352 1.35546e-05
0.000634766 1.31564e-05

0.000634766 1.33096e-05
0.00065918 1.29326e-05

0.00065918 1.30262e-05
0.000683594 1.31425e-05

0.000683594 1.30971e-05
0.000708008 1.33119e-05

0.000708008 1.3322e-05
0.000732422 1.31559e-05

0.000732422 1.31427e-05
0.000756836 1.30269e-05

0.000756836 1.29839e-05
0.00078125 1.33279e-05

0.00078125 1.31669e-05
0.000805664 1.3498e-05

0.000805664 1.3444e-05
0.000830078 1.3349e-05

0.000830078 1.32817e-05
0.000854492 1.32449e-05

0.000854492 1.31422e-05
0.000878906 1.35972e-05

0.000878906 1.35144e-05
0.00090332 1.36781e-05

0.00090332 1.35656e-05
0.000927734 1.34154e-05

0.000927734 1.34168e-05
0.000952148 1.3554e-05

0.000952148 1.33241e-05
0.000976562 1.38594e-05

0.000976562 1.37911e-05
0.00100098 1.39771e-05

0.00100098 1.3733e-05
0.00102539 1.37303e-05

0.00102539 1.36985e-05
0.0010498 1.40656e-05

0.0010498 1.38413e-05
0.00107422 1.41784e-05

0.00107422 1.39655e-05
0.00109863 1.43147e-05

0.00109863 1.41642e-05
0.00112305 1.4395e-05

0.00112305 1.41591e-05
0.00114746 1.44804e-05

0.00114746 1.43482e-05
0.00117187 1.4715e-05

0.00117188 1.44088e-05
0.00119629 1.48116e-05

0.00119629 1.47895e-05
0.0012207 1.49181e-05

0.0012207 1.46211e-05
0.00124512 1.48066e-05

0.00124512 1.49393e-05
0.00126953 1.50684e-05

0.00126953 1.47078e-05
0.00129395 1.49298e-05

0.00129395 1.53305e-05
0.00131836 1.504e-05

0.00131836 1.47723e-05
0.00134277 1.43912e-05

0.00134277 1.5386e-05
0.00136719 1.43677e-05

0.00134277 2.44358e-05
0.00134409 2.44141e-05

0.0013916 1.18179e-06
0.00136924 2.44141e-05

0.00136719 2.44829e-05
0.00136739 2.44141e-05

0.0013916 4.45879e-06
0.00139312 0

0.00146294 0
0.00146484 5.58128e-06

0.00146484 4.81547e-06
0.00148439 2.44141e-05

0.00148438 2.44141e-05
0.00148926 2.60805e-05

0.00148926 1.65656e-05
0.00151367 1.72085e-05

0.00150715 2.44141e-05
0.00151367 2.44782e-05

0.00151367 1.72704e-05
0.00153809 1.7157e-05

0.0015625 5.09361e-06
0.00154311 2.44141e-05

0.00153809 2.5898e-05
0.00154238 2.44141e-05

0 0.00312002
0.000390625 0.00310902

0.000390625 0.00310931
0.00078125 0.00307575

0.00078125 0.00307638
0.00117187 0.00301841

0.00117188 0.00301946
0.0015625 0.00293372

0.0015625 6.99497e-06
0.00156493 0

0.0016564 0
0.00166016 9.18297e-06

0.00166016 1.03668e-05
0.0016758 2.44141e-05

0.00167488 2.44141e-05
0.00168457 2.77961e-05

0.00168457 1.76396e-05
0.00170898 1.7817e-05

0.001693 2.44141e-05
0.00170898 2.44721e-05

0.0017334 1.0904e-05
0.00171777 2.44141e-05

0.00170898 2.77548e-05
0.00171879 2.44141e-05

0.0017334 1.13838e-05
0.00173819 0

0.00180032 0
0.00180664 1.41703e-05

0.00180664 9.34361e-06
0.00183105 1.23935e-05

0.00183105 6.13186e-06
0.00185444 0

0.00185569 0
0.00187988 1.746e-05

0.00187988 9.12577e-06
0.0019043 1.14325e-05

0.0019043 9.26327e-06
0.00192871 1.04976e-05

0.00192871 9.80459e-06
0.00195312 1.21359e-05

0.00195312 9.47581e-06
0.00197754 1.30271e-05

0.00197754 1.36306e-05
0.00200195 1.28395e-05

0.00200195 1.54507e-05
0.00202637 6.00561e-06

0.00202637 6.49257e-06
0.00205078 9.02854e-06

0.00205078 9.42156e-06
0.0020752 1.46872e-05

0.0020752 9.79498e-06
0.00209961 1.18658e-05

0.00209961 1.3438e-05
0.00212402 1.33343e-05

0.00212402 1.30749e-05
0.00214844 8.44903e-06

0.00214844 8.03479e-06
0.00217285 1.29993e-05

0.00217285 1.38325e-05
0.00219727 1.38802e-05

0.00219727 1.32178e-05
0.00222168 7.87995e-06

0.00222168 7.76836e-06
0.00224609 1.33132e-05

0.00224609 1.39977e-05
0.00227051 1.40094e-05

0.00227051 1.38808e-05
0.00229492 7.21638e-06

0.00229492 7.96061e-06
0.00231934 1.18557e-05

0.00231934 1.05534e-05
0.00234375 1.51399e-05

0.00234375 1.51751e-05
0.00236816 1.07216e-05

0.00236816 1.25166e-05
0.00239258 7.26239e-06

0.00239258 7.27042e-06
0.00241699 1.25117e-05

0.00241699 1.06526e-05
0.00244141 1.52248e-05

0.00244141 1.52206e-05
0.00246582 1.06419e-05

0.00246582 1.24814e-05
0.00249023 7.30764e-06

0.00249023 7.30932e-06
0.00251465 1.25291e-05

0.00251465 1.0678e-05
0.00253906 1.51928e-05

0.00253906 1.51868e-05
0.00256348 1.06571e-05

0.00256348 1.24493e-05
0.00258789 7.39743e-06

0.00258789 7.39038e-06
0.0026123 1.25572e-05

0.0026123 1.08088e-05
0.00263672 1.50784e-05

0.00263672 1.50203e-05
0.00266113 1.06019e-05

0.00266113 1.18792e-05
0.00268555 8.14694e-06

0.00268555 7.35564e-06
0.00270996 1.38398e-05

0.00270996 1.39248e-05
0.00273438 1.4109e-05

0.00273437 1.38675e-05
0.00275879 7.57609e-06

0.00275879 8.35606e-06
0.0027832 1.18501e-05

0.0027832 1.07642e-05
0.00280762 1.48522e-05

0.00280762 1.48495e-05
0.00283203 1.07742e-05

0.00283203 1.19369e-05
0.00285645 8.27805e-06

0.00285645 7.60967e-06
0.00288086 1.36522e-05

0.00288086 1.37429e-05
0.00290527 1.39311e-05

0.00290527 1.2983e-05
0.00292969 8.53095e-06

0.00292969 9.10543e-06
0.0029541 1.29315e-05

0.0029541 1.31426e-05
0.00297852 1.31721e-05

0.00297852 1.13717e-05
0.00300293 1.07042e-05

0.00300293 1.08218e-05
0.00302734 1.46188e-05

0.00302734 1.29752e-05
0.00305176 1.42967e-05

0.00305176 1.33164e-05
0.00307617 1.40614e-05

0.00307617 1.37044e-05
0.00310059 1.46907e-05

0.00310059 1.40126e-05
0.003125 1.48879e-05

0.00175781 0.00287786
0.0015707 0.00292969

0.0015625 0.00293183
0.00157022 0.00292969

0.00175781 0.00287835
0.00195312 0.00281555

0.00234375 0.00265815
0.00216889 0.00273438

0.00195312 0.00281589
0.00214844 0.00274271

0.00214844 0.00274197
0.00216587 0.00273438

0.00292969 0.00231065
0.00288371 0.00234375

0.00302734 0.00223435
0.00301259 0.00224609

0.00297852 0.00227185
0.00294871 0.00229492

0.00292969 0.00230992
0.00294938 0.00229492

0.00300293 0.00225269
0.00298036 0.00227051

0.00297852 0.00227224
0.00298068 0.00227051

0.00300293 0.00224886
0.00300651 0.00224609

0.00307617 0.00219078
0.00306868 0.00219727

0.00302734 0.00223316
0.00306987 0.00219727

0.00307617 0.00219175
0.003125 0.00214847

0.00244141 0.00261049
0.00238744 0.00263672

0.00234375 0.00265635
0.00238414 0.00263672

0.00244141 0.00261001
0.00253906 0.00255902

0.00273438 0.00244628
0.00257693 0.00253906

0.00253906 0.00255836
0.00257237 0.00253906

0.00283203 0.00237998
0.0027396 0.00244141

0.00273438 0.00244387
0.00273824 0.00244141

0.00283203 0.00237981
0.00288241 0.00234375

0.003125 1.43601e-05
0.00314941 1.5421e-05

0.00314941 1.48143e-05
0.00317383 1.58112e-05

0.00317383 1.52853e-05
0.00319824 1.61631e-05

0.00319824 1.56021e-05
0.00322266 1.65294e-05

0.00322266 1.5952e-05
0.00324707 1.71268e-05

0.00324707 1.65039e-05
0.00327148 1.77535e-05

0.00327148 1.70715e-05
0.0032959 1.83449e-05

0.0032959 1.77482e-05
0.00332031 1.89749e-05

0.00332031 1.81919e-05
0.00334473 1.9678e-05

0.00334473 1.98095e-05
0.00336914 1.98856e-05

0.00336914 1.32805e-05
0.00339292 2.44141e-05

0.00339138 2.44141e-05
0.00339355 2.52592e-05

0.00339355 2.74789e-05
0.00341797 4.8808e-05

0.00341761 4.88281e-05
0.00341797 4.91755e-05

0.00341797 4.87326e-05
0.00341807 4.88281e-05

0.00341797 4.9483e-05
0.00344171 7.32422e-05

0.00344175 7.32422e-05
0.00344238 7.39015e-05

0.00344238 7.40493e-05
0.00346444 9.76563e-05

0.00346498 9.76563e-05
0.0034668 9.96791e-05

0.0034668 0.000100128
0.0035064 0.000146484

0.00350637 0.000146484
0.00351563 0.000158503

0.00351563 0.000158974
0.00354307 0.000195313

0.00354347 0.000195313
0.00356445 0.000226645

0.00356445 0.000228534
0.00357472 0.000244141

0.00357561 0.000244141
0.00360458 0.000292969

0.00360528 0.000292969
0.00361328 0.000309006

0.00361328 0.000310283
0.00362982 0.000341797

0.00362996 0.000341797
0.0036527 0.000390625

0.00365336 0.000390625
0.00369104 0.000488281

0.00369087 0.000488281
0.00371094 0.000558636

0.00371094 0.00056036
0.00371823 0.000585938

0.00371838 0.000585937
0.00373742 0.000683594

0.00373705 0.000683594
0.00374842 0.00078125

0.0037504 0.00078125
0.00375138 0.000976562

0.00375107 0.000976562
0.00372349 0.00117188

0.00371094 0.0012175
0.0036682 0.00136719

0.00366819 0.00136719
0.00358332 0.0015625

0.00371094 0.00121474
0.00372153 0.00117187

0.00332031 0.00195038
0.00331801 0.00195312

0.00351563 0.00167795
0.00346809 0.00175781

0.00341797 0.0018242
0.00339541 0.00185547

0.00332031 0.00194815
0.00339564 0.00185547

0.00341797 0.00182382
0.00346563 0.00175781

0.00322266 0.00205498
0.00312607 0.00214844

0.0033166 0.00195313
0.00322684 0.00205078

0.00322266 0.00205441
0.0032262 0.00205078

0.00351563 0.00167728
0.00358394 0.0015625

