7.1751e-05 0
7.32422e-05 4.3878e-06

7.32422e-05 1.08825e-06
9.56669e-05 2.44141e-05

9.76563e-05 1.45764e-05
0.00012207 1.50646e-05

0.00012207 1.42022e-05
0.000146484 1.39664e-05

0.000146484 1.45393e-05
0.000170898 1.47306e-05

0.000170898 1.40728e-05
0.000195313 1.43967e-05

0.000195313 1.47305e-05
0.000219727 1.50522e-05

0.000219727 1.48968e-05
0.000244141 1.40867e-05

0.000244141 1.45328e-05
0.000268555 1.39642e-05

0.000268555 1.39484e-05
0.000292969 1.41494e-05

0.000292969 1.4268e-05
0.000317383 1.45406e-05

0.000317383 1.46326e-05
0.000341797 1.38903e-05

0.000341797 1.41744e-05
0.000366211 1.34839e-05

0.000366211 1.3629e-05
0.000390625 1.38445e-05

0.000390625 1.3907e-05
0.000415039 1.40766e-05

0.000415039 1.41785e-05
0.000439453 1.35525e-05

0.000439453 1.37901e-05
0.000463867 1.32491e-05

0.000463867 1.33564e-05
0.000488281 1.35713e-05

0.000488281 1.36026e-05
0.000512695 1.37543e-05

0.000512695 1.383e-05
0.000537109 1.33232e-05

0.000537109 1.35277e-05
0.000561523 1.30801e-05

0.000561523 1.31922e-05
0.000585937 1.3308e-05

0.000585938 1.33327e-05
0.000610352 1.34432e-05

0.000610352 1.35379e-05
0.000634766 1.31231e-05

0.000634766 1.32339e-05
0.00065918 1.294e-05

0.00065918 1.30377e-05
0.000683594 1.3201e-05

0.000683594 1.31355e-05
0.000708008 1.32727e-05

0.000708008 1.32677e-05
0.000732422 1.31687e-05

0.000732422 1.32069e-05
0.000756836 1.30586e-05

0.000756836 1.29521e-05
0.00078125 1.32713e-05

0.00078125 1.31844e-05
0.000805664 1.35405e-05

0.000805664 1.33732e-05
0.000830078 1.33675e-05

0.000830078 1.33936e-05
0.000854492 1.33231e-05

0.000854492 1.32728e-05
0.000878906 1.33651e-05

0.000878906 1.32087e-05
0.00090332 1.36427e-05

0.00090332 1.35506e-05
0.000927734 1.3725e-05

0.000927734 1.35207e-05
0.000952148 1.35892e-05

0.000952148 1.36171e-05
0.000976562 1.37603e-05

0.000976562 1.35455e-05
0.00100098 1.37778e-05

0.00100098 1.37337e-05
0.00102539 1.39918e-05

0.00102539 1.37561e-05
0.0010498 1.39565e-05

0.0010498 1.38309e-05
0.00107422 1.4199e-05

0.00107422 1.40357e-05
0.00109863 1.42401e-05

0.00109863 1.39958e-05
0.00112305 1.4349e-05

0.00112305 1.41906e-05
0.00114746 1.46339e-05

0.00114746 1.45022e-05
0.00117187 1.4539e-05

0.00117188 1.42891e-05
0.00119629 1.45935e-05

0.00119629 1.42888e-05
0.0012207 1.52359e-05

0.0012207 1.50779e-05
0.00124512 1.5335e-05

0.00124512 1.5369e-05
0.00126953 1.45779e-05

0.00126953 1.44456e-05
0.00129395 1.46772e-05

0.00129395 1.52344e-05
0.00131836 1.50873e-05

0.00131836 1.45148e-05
0.00134277 1.43697e-05

0.00134277 1.54956e-05
0.00136719 1.45919e-05

0.0013916 1.06102e-06
0.00136925 2.44141e-05

0.0013916 5.1053e-06
0.00139335 0

0.00146293 0
0.00146484 5.64124e-06

0.00146484 4.35443e-06
0.00148441 2.44141e-05

0.00148521 2.44141e-05
0.00148926 2.58334e-05

0.00148926 1.70215e-05
0.00151367 1.76439e-05

0.00151367 1.72531e-05
0.00153809 1.67319e-05

0.0015625 5.29521e-06
0.00154307 2.44141e-05

0.00153809 2.58846e-05
0.0015424 2.44141e-05

0 0.00312002
0.000390625 0.00310903

0.000390625 0.00310931
0.00078125 0.00307575

0.00078125 0.00307638
0.00117187 0.00301841

0.00117188 0.00301946
0.0015625 0.00293373

0.0015625 7.12302e-06
0.00156499 0

0.00165642 0
0.00166016 9.14512e-06

0.00166016 1.03248e-05
0.00167582 2.44141e-05

0.0016749 2.44141e-05
0.00168457 2.77937e-05

0.00168457 1.7656e-05
0.00170898 1.78394e-05

0.00169315 2.44141e-05
0.00170898 2.44739e-05

0.0017334 1.08753e-05
0.00171776 2.44141e-05

0.00170898 2.77571e-05
0.00171879 2.44141e-05

0.0017334 1.13985e-05
0.00173819 0

0.00180033 0
0.00180664 1.41643e-05

0.00180664 9.3397e-06
0.00183105 1.2399e-05

0.00183105 6.13237e-06
0.00185445 0

0.00185569 0
0.00187988 1.74593e-05

0.00187988 9.12731e-06
0.0019043 1.14328e-05

0.0019043 9.26387e-06
0.00192871 1.0498e-05

0.00192871 9.80577e-06
0.00195312 1.21364e-05

0.00195312 9.47565e-06
0.00197754 1.30276e-05

0.00197754 1.36309e-05
0.00200195 1.28418e-05

0.00200195 1.54494e-05
0.00202637 6.00973e-06

0.00202637 6.49123e-06
0.00205078 9.03686e-06

0.00205078 9.46055e-06
0.0020752 1.46622e-05

0.0020752 9.76405e-06
0.00209961 1.18267e-05

0.00209961 1.33982e-05
0.00212402 1.3374e-05

0.00212402 1.30312e-05
0.00214844 8.52752e-06

0.00214844 8.13304e-06
0.00217285 1.30397e-05

0.00217285 1.3934e-05
0.00219727 1.37612e-05

0.00219727 1.30855e-05
0.00222168 7.85728e-06

0.00222168 7.77431e-06
0.00224609 1.34397e-05

0.00224609 1.40897e-05
0.00227051 1.39217e-05

0.00227051 1.38305e-05
0.00229492 7.15821e-06

0.00229492 7.91798e-06
0.00231934 1.1911e-05

0.00231934 1.0559e-05
0.00234375 1.51369e-05

0.00234375 1.51762e-05
0.00236816 1.07232e-05

0.00236816 1.25181e-05
0.00239258 7.26363e-06

0.00239258 7.27224e-06
0.00241699 1.25115e-05

0.00241699 1.06535e-05
0.00244141 1.52248e-05

0.00244141 1.52207e-05
0.00246582 1.06422e-05

0.00246582 1.24814e-05
0.00249023 7.30863e-06

0.00249023 7.30972e-06
0.00251465 1.25301e-05

0.00251465 1.06798e-05
0.00253906 1.51931e-05

0.00253906 1.51863e-05
0.00256348 1.06572e-05

0.00256348 1.24452e-05
0.00258789 7.40403e-06

0.00258789 7.3952e-06
0.0026123 1.25634e-05

0.0026123 1.08152e-05
0.00263672 1.50785e-05

0.00263672 1.50205e-05
0.00266113 1.06059e-05

0.00266113 1.18853e-05
0.00268555 8.15083e-06

0.00268555 7.36067e-06
0.00270996 1.38352e-05

0.00270996 1.39242e-05
0.00273438 1.41086e-05

0.00273437 1.38704e-05
0.00275879 7.57404e-06

0.00275879 8.35369e-06
0.0027832 1.18458e-05

0.0027832 1.07611e-05
0.00280762 1.48532e-05

0.00280762 1.48492e-05
0.00283203 1.07724e-05

0.00283203 1.1933e-05
0.00285645 8.27832e-06

0.00285645 7.61128e-06
0.00288086 1.36538e-05

0.00288086 1.37355e-05
0.00290527 1.39349e-05

0.00290527 1.29917e-05
0.00292969 8.54055e-06

0.00292969 9.11831e-06
0.0029541 1.29142e-05

0.0029541 1.30987e-05
0.00297852 1.31961e-05

0.00297852 1.14207e-05
0.00300293 1.07406e-05

0.00300293 1.08653e-05
0.00302734 1.45378e-05

0.00302734 1.2947e-05
0.00305176 1.42359e-05

0.00305176 1.32414e-05
0.00307617 1.40457e-05

0.00307617 1.36413e-05
0.00310059 1.47511e-05

0.00310059 1.40526e-05
0.003125 1.49478e-05

0.00175781 0.00287786
0.00157071 0.00292969

0.0015625 0.00293183
0.00157023 0.00292969

0.00175781 0.00287835
0.00195312 0.00281555

0.00234375 0.00265815
0.00216889 0.00273438

0.00195312 0.00281589
0.00214844 0.00274271

0.00214844 0.00274197
0.00216587 0.00273438

0.00292969 0.00231065
0.00288371 0.00234375

0.00302734 0.00223435
0.00301259 0.00224609

0.00297852 0.00227184
0.00294871 0.00229492

0.00292969 0.00230992
0.00294937 0.00229492

0.00300293 0.00225269
0.00298036 0.00227051

0.00297852 0.00227224
0.00298068 0.00227051

0.00300293 0.00224885
0.00300649 0.00224609

0.00307617 0.00219077
0.00306868 0.00219727

0.00302734 0.00223316
0.00306987 0.00219727

0.00307617 0.00219175
0.003125 0.00214847

0.00244141 0.00261049
0.00238744 0.00263672

0.00234375 0.00265635
0.00238414 0.00263672

0.00244141 0.00261
0.00253906 0.00255902

0.00273438 0.00244627
0.00257692 0.00253906

0.00253906 0.00255835
0.00257236 0.00253906

0.00283203 0.00237998
0.0027396 0.00244141

0.00273438 0.00244386
0.00273823 0.00244141

0.00283203 0.0023798
0.00288241 0.00234375

0.003125 1.4441e-05
0.00314941 1.53718e-05

0.00314941 1.47922e-05
0.00317383 1.57224e-05

0.00317383 1.51541e-05
0.00319824 1.62108e-05

0.00319824 1.55628e-05
0.00322266 1.67635e-05

0.00322266 1.61845e-05
0.00324707 1.73036e-05

0.00324707 1.6749e-05
0.00327148 1.76197e-05

0.00327148 1.68907e-05
0.0032959 1.82302e-05

0.0032959 1.7946e-05
0.00332031 1.9012e-05

0.00332031 1.80923e-05
0.00334473 1.91578e-05

0.00334473 1.92338e-05
0.00336914 1.9855e-05

0.00336914 1.34678e-05
0.0033923 2.44141e-05

0.00339107 2.44141e-05
0.00339355 2.53643e-05

0.00339355 2.72313e-05
0.00341797 4.82741e-05

0.00341773 4.88281e-05
0.00341797 4.90608e-05

0.00341797 4.81774e-05
0.00341864 4.88281e-05

0.00341797 4.91223e-05
0.00344201 7.32422e-05

0.00344207 7.32422e-05
0.00344238 7.35634e-05

0.00344238 7.37061e-05
0.00346467 9.76563e-05

0.0034652 9.76563e-05
0.0034668 9.94478e-05

0.0034668 9.99233e-05
0.00350643 0.000146484

0.00350642 0.000146484
0.00351563 0.000158472

0.00351563 0.000158946
0.00354304 0.000195313

0.00354344 0.000195313
0.00356445 0.000226729

0.00356445 0.000228623
0.00357465 0.000244141

0.00357554 0.000244141
0.0036045 0.000292969

0.0036052 0.000292969
0.00361328 0.000309164

0.00361328 0.000310435
0.00362974 0.000341797

0.00362988 0.000341797
0.00365263 0.000390625

0.00365329 0.000390625
0.00369098 0.000488281

0.00369082 0.000488281
0.00371094 0.000558783

0.00371094 0.000560535
0.00371819 0.000585938

0.00371834 0.000585937
0.00373739 0.000683594

0.00373703 0.000683594
0.00374841 0.00078125

0.00375039 0.00078125
0.00375138 0.000976562

0.00375106 0.000976562
0.00372348 0.00117188

0.00371094 0.00121749
0.0036682 0.00136719

0.00366819 0.00136719
0.00358332 0.0015625

0.00371094 0.00121474
0.00372152 0.00117187

0.00332031 0.00195037
0.003318 0.00195312

0.00351563 0.00167796
0.00346809 0.00175781

0.00341797 0.00182419
0.00339541 0.00185547

0.00332031 0.00194814
0.00339563 0.00185547

0.00341797 0.00182381
0.00346562 0.00175781

0.00322266 0.00205497
0.00312607 0.00214844

0.0033166 0.00195313
0.00322684 0.00205078

0.00322266 0.00205441
0.0032262 0.00205078

0.00351563 0.00167727
0.00358394 0.0015625

