7.08204e-05 0
7.32422e-05 4.7913e-06

9.34031e-05 0
9.76563e-05 1.05668e-05

9.79004e-05 0
0.00012207 2.30294e-05

0.00012207 2.08511e-05
0.000146484 3.92569e-06

0.000146484 7.19351e-06
0.000163244 0

0.000171785 0
0.000195313 1.79912e-05

0.000195313 8.33883e-06
0.000219727 1.18402e-05

0.000219727 9.40846e-06
0.000244141 1.16968e-05

0.000244141 1.03257e-05
0.000268555 1.25163e-05

0.000268555 1.11141e-05
0.000292969 1.27011e-05

0.000292969 1.17639e-05
0.000317383 1.31447e-05

0.000317383 1.23237e-05
0.000341797 1.33639e-05

0.000341797 1.27573e-05
0.000366211 1.36092e-05

0.000366211 1.30966e-05
0.000390625 1.38162e-05

0.000390625 1.34037e-05
0.000415039 1.40201e-05

0.000415039 1.36678e-05
0.000439453 1.41673e-05

0.000439453 1.38745e-05
0.000463867 1.43082e-05

0.000463867 1.41409e-05
0.000488281 1.43617e-05

0.000488281 1.40191e-05
0.000512695 1.45065e-05

0.000512695 1.45239e-05
0.000537109 1.47428e-05

0.000537109 1.44188e-05
0.000561523 1.44532e-05

0.000561523 1.41103e-05
0.000585937 1.5211e-05

0.000585938 1.49857e-05
0.000610352 1.56623e-05

0.000610352 1.53266e-05
0.000634766 1.51129e-05

0.000634766 1.52788e-05
0.00065918 1.50137e-05

0.00065918 1.43455e-05
0.000683594 1.5656e-05

0.000683594 1.55384e-05
0.000708008 1.6951e-05

0.000708008 1.68584e-05
0.000732422 1.56009e-05

0.000732422 1.58807e-05
0.000756836 1.44161e-05

0.000756836 1.46575e-05
0.00078125 1.53412e-05

0 0.000981637
0.000195313 0.000981827

0.000195313 0.000981708
0.000292969 0.000982002

0.000292969 0.000982034
0.000390625 0.000982702

0.000390625 0.00098269
0.000488281 0.000983693

0.000488281 0.000983684
0.000537109 0.000984333

0.000537109 0.000984341
0.000585938 0.000985141

0.000585937 0.000985151
0.000634766 0.000986068

0.000634766 0.000986062
0.000683594 0.000987091

0.000683594 0.000987089
0.000732422 0.000988244

0.000732422 0.000988247
0.00078125 0.000989525

0.00078125 1.58114e-05
0.000805664 1.56217e-05

0.000805664 1.55503e-05
0.000830078 1.41311e-05

0.000830078 1.4631e-05
0.000854492 1.44787e-05

0.000854492 1.47511e-05
0.000878906 1.46863e-05

0.000878906 1.47299e-05
0.00090332 1.42763e-05

0.00090332 1.45217e-05
0.000927734 1.41962e-05

0.000927734 1.44227e-05
0.000952148 1.40728e-05

0.000952148 1.42373e-05
0.000976562 1.39364e-05

0.000976562 1.41777e-05
0.00100098 1.38541e-05

0.00100098 1.40295e-05
0.00102539 1.36498e-05

0.00102539 1.40901e-05
0.0010498 1.33671e-05

0.0010498 1.35458e-05
0.00107422 1.30557e-05

0.00107422 1.39523e-05
0.00109863 1.27863e-05

0.00109863 1.41312e-05
0.00112305 1.07986e-05

0.00112305 1.05518e-05
0.00114746 1.16896e-05

0.00114746 1.32034e-05
0.00117187 1.32151e-05

0.00117188 1.31408e-05
0.00119629 9.11607e-06

0.00119629 8.64273e-06
0.0012207 1.27049e-05

0.0012207 1.36476e-05
0.00124512 1.37301e-05

0.00124512 1.30217e-05
0.00126953 8.43575e-06

0.00126953 8.88275e-06
0.00129395 1.27398e-05

0.00129395 1.29005e-05
0.00131836 1.33466e-05

0.00131836 1.25937e-05
0.00134277 9.61557e-06

0.00134277 1.15248e-05
0.00136719 1.09356e-05

0.00136719 2.21624e-05
0.00139087 0

0.0013916 9.97739e-06
0.00139541 0

0.00146254 0
0.00146484 6.60242e-06

0.00146484 1.06722e-06
0.00148733 2.44141e-05

0.00148891 2.44141e-05
0.00148926 2.45358e-05

0.00148926 1.42331e-05
0.00151367 1.59838e-05

0.00151367 1.5992e-05
0.00153809 1.41563e-05

0.0015625 1.08093e-06
0.00153993 2.44141e-05

0.00153809 2.47753e-05
0.00153913 2.44141e-05

0.00078125 0.000989522
0.000830078 0.000990925

0.000830078 0.000990924
0.000878906 0.000992461

0.000878906 0.000992459
0.000927734 0.000994134

0.000927734 0.000994131
0.000976562 0.000995953

0.000976563 0.00099595
0.00102539 0.000997932

0.00102539 0.000997933
0.00107422 0.00100008

0.00107422 0.00100007
0.00112305 0.00100239

0.00112305 0.0010024
0.00117187 0.0010049

0.00117188 0.00100489
0.0012207 0.00100759

0.0012207 0.00100759
0.00126953 0.00101049

0.00126953 0.00101048
0.00131836 0.00101359

0.00131836 0.0010136
0.00136719 0.00101693

0.00136719 0.00101692
0.00141602 0.00102049

0.00141602 0.00102049
0.00146484 0.00102432

0.00146484 0.00102434
0.00147732 0.00102539

0.00147772 0.00102539
0.00151367 0.00102842

0.00151367 0.00102842
0.0015625 0.00103282

0.0015625 7.11347e-06
0.001565 0

0.00165627 0
0.00166016 9.50011e-06

0.00166016 1.03133e-05
0.00167601 2.44141e-05

0.00167525 2.44141e-05
0.00168457 2.7627e-05

0.00168457 1.7494e-05
0.00170898 1.76544e-05

0.00169144 2.44141e-05
0.00170898 2.44763e-05

0.0017334 1.06847e-05
0.00171764 2.44141e-05

0.00170898 2.76722e-05
0.00171855 2.44141e-05

0.0017334 1.06525e-05
0.00173783 0

0.00180494 0
0.00180664 4.56753e-06

0.00181815 0
0.00183105 1.0516e-05

0.00184018 0
0.00185547 7.50692e-06

0.00186153 0
0.00187988 1.2736e-05

0.00187988 9.63597e-07
0.0019043 1.23293e-05

0.0019043 5.90419e-06
0.00192871 1.20678e-05

0.00192871 7.56599e-06
0.00195312 1.14726e-05

0.00195312 8.38269e-06
0.00197754 1.37598e-05

0.00197754 1.39988e-05
0.00200195 1.15655e-05

0.00200195 1.93142e-05
0.00202606 0

0.00202637 7.4253e-07
0.00205078 6.00699e-06

0.00205078 5.41935e-06
0.0020752 1.76551e-05

0.0020752 7.2217e-06
0.00209961 1.1491e-05

0.00209961 1.4212e-05
0.00212402 1.40356e-05

0.00212402 1.38095e-05
0.00214844 4.6776e-06

0.00214844 4.02169e-06
0.00217285 1.3864e-05

0.00217285 1.50117e-05
0.00219727 1.47685e-05

0.00219727 1.39313e-05
0.00222168 3.63897e-06

0.00222168 3.62261e-06
0.00224609 1.44895e-05

0.00224609 1.49834e-05
0.00227051 1.50198e-05

0.00227051 1.51859e-05
0.00229492 2.97413e-06

0.00229492 4.13293e-06
0.00231934 1.21048e-05

0.00231934 9.1619e-06
0.00234375 1.74005e-05

0.0015625 0.00103282
0.00161133 0.00103751

0.00161133 0.00103751
0.00166016 0.00104252

0.00166016 0.00104253
0.00170898 0.00104785

0.00170898 0.00104785
0.00175781 0.00105348

0.00175781 0.00105346
0.00180664 0.00105943

0.00180664 0.00105944
0.00185547 0.00106577

0.00185547 0.00106577
0.0019043 0.00107248

0.0019043 0.00107245
0.00191634 0.00107422

0.00191629 0.00107422
0.00192871 0.001076

0.00192871 0.00107599
0.00195312 0.00107964

0.00195312 0.00107963
0.00200195 0.00108728

0.00200195 0.0010873
0.00205078 0.00109537

0.00205078 0.00109538
0.00209961 0.00110381

0.00209961 0.00110379
0.00214844 0.00111259

0.00214844 0.00111259
0.00219727 0.00112182

0.00219727 0.00112181
0.00220348 0.00112305

0.00220338 0.00112305
0.00222168 0.00112663

0.00222168 0.00112663
0.00224609 0.00113154

0.00224609 0.00113154
0.00227051 0.00113657

0.00227051 0.00113656
0.00229492 0.00114172

0.00229492 0.00114171
0.00231934 0.00114703

0.00231934 0.00114703
0.00232125 0.00114746

0.00232128 0.00114746
0.00234375 0.00115251

0.00234375 1.77294e-05
0.00236816 9.35739e-06

0.00236816 1.26153e-05
0.00239258 2.94042e-06

0.00239258 3.37422e-06
0.00241699 1.37614e-05

0.00241699 9.49519e-06
0.00244141 1.68654e-05

0.00244141 1.73074e-05
0.00246582 9.5616e-06

0.00246582 1.24079e-05
0.00249023 3.77085e-06

0.00249023 4.16139e-06
0.00251465 1.36258e-05

0.00251465 9.80151e-06
0.00253906 1.64581e-05

0.00253906 1.68273e-05
0.00256348 9.76667e-06

0.00256348 1.22064e-05
0.00258789 4.7589e-06

0.00258789 5.06903e-06
0.0026123 1.3484e-05

0.0026123 1.0255e-05
0.00263672 1.59314e-05

0.00263672 1.61616e-05
0.00266113 9.90898e-06

0.00266113 1.14344e-05
0.00268555 6.53155e-06

0.00268555 5.84879e-06
0.00270996 1.4696e-05

0.00270996 1.42525e-05
0.00273438 1.42955e-05

0.00273437 1.39064e-05
0.00275879 6.69613e-06

0.00275879 7.62602e-06
0.0027832 1.21121e-05

0.0027832 1.06988e-05
0.00280762 1.51678e-05

0.00280762 1.52731e-05
0.00283203 1.03919e-05

0.00283203 1.1538e-05
0.00285645 7.88909e-06

0.00285645 7.30388e-06
0.00288086 1.40813e-05

0.00288086 1.37633e-05
0.00290527 1.39872e-05

0.00290527 1.31768e-05
0.00292969 8.50966e-06

0.00292969 8.73382e-06
0.0029541 1.30936e-05

0.0029541 1.35237e-05
0.00297852 1.3671e-05

0.00297852 1.28842e-05
0.00300293 9.14078e-06

0.00300293 9.33185e-06
0.00302734 1.30763e-05

0.00302734 1.34218e-05
0.00305176 1.33911e-05

0.00305176 1.26627e-05
0.00307617 9.70426e-06

0.00307617 1.00273e-05
0.00310059 1.29669e-05

0.00310059 1.30966e-05
0.003125 1.30637e-05

0.00234375 0.00115251
0.00236816 0.00115816

0.00236816 0.00115815
0.00239258 0.00116398

0.00239258 0.00116395
0.00242431 0.00117187

0.00242442 0.00117188
0.00244141 0.00117618

0.00244141 0.00117619
0.00246582 0.00118255

0.00246582 0.00118254
0.00249023 0.00118909

0.00249023 0.00118907
0.00253906 0.00120267

0.00253906 0.0012027
0.00258789 0.00121687

0.00258789 0.00121683
0.00260074 0.0012207

0.00260066 0.0012207
0.0026123 0.00122417

0.0026123 0.00122416
0.00263672 0.00123161

0.00263672 0.0012316
0.00266113 0.0012392

0.00266113 0.00123919
0.00267971 0.00124512

0.0026797 0.00124512
0.00268555 0.00124698

0.00268555 0.00124698
0.00270996 0.00125496

0.00270996 0.00125496
0.00273438 0.00126313

0.00273437 0.00126312
0.002753 0.00126953

0.00275298 0.00126953
0.00275879 0.00127153

0.00275879 0.00127153
0.0027832 0.00128014

0.0027832 0.00128014
0.00280762 0.00128894

0.00280762 0.00128894
0.00282117 0.00129395

0.00282114 0.00129395
0.00283203 0.00129797

0.00283203 0.00129797
0.00288086 0.00131649

0.00288086 0.00131647
0.00288568 0.00131836

0.00288555 0.00131836
0.00290527 0.00132602

0.00290527 0.00132601
0.00292969 0.00133566

0.00292969 0.00133565
0.00294737 0.00134277

0.00294735 0.00134277
0.0029541 0.0013455

0.0029541 0.00134549
0.00297852 0.00135552

0.00297852 0.00135551
0.00300293 0.00136574

0.00300293 0.00136573
0.00300634 0.00136719

0.00300628 0.00136719
0.00302734 0.00137619

0.00302734 0.00137619
0.00305176 0.00138681

0.00305176 0.0013868
0.0030626 0.0013916

0.00306256 0.0013916
0.00307617 0.00139763

0.00307617 0.00139762
0.00311693 0.00141602

0.00311692 0.00141602
0.003125 0.00141969

0.003125 1.22734e-05
0.00314941 1.06766e-05

0.00314941 1.10144e-05
0.00317383 1.30502e-05

0.00317383 1.24187e-05
0.00319824 1.32196e-05

0.00319824 1.2555e-05
0.00322266 1.26085e-05

0.00322266 1.26676e-05
0.00324707 1.30449e-05

0.00324707 1.27699e-05
0.00327148 1.29204e-05

0.00327148 1.2853e-05
0.0032959 1.30712e-05

0.0032959 1.2922e-05
0.00332031 1.30769e-05

0.00332031 1.29831e-05
0.00334473 1.31611e-05

0.00334473 1.3043e-05
0.00336914 1.32098e-05

0.00336914 1.31053e-05
0.00339355 1.32782e-05

0.00339355 1.3169e-05
0.00341797 1.3333e-05

0.00341797 1.32331e-05
0.00344238 1.33877e-05

0.00344238 1.32944e-05
0.0034668 1.34322e-05

0.0034668 1.33479e-05
0.00349121 1.34741e-05

0.00349121 1.33921e-05
0.00351563 1.35193e-05

0.00351563 1.34346e-05
0.00354004 1.35743e-05

0.00354004 1.34856e-05
0.00356445 1.3632e-05

0.00356445 1.35464e-05
0.00358887 1.36793e-05

0.00358887 1.36048e-05
0.00361328 1.37104e-05

0.00361328 1.36468e-05
0.0036377 1.37365e-05

0.0036377 1.36717e-05
0.00366211 1.37776e-05

0.00366211 1.36971e-05
0.00368652 1.38448e-05

0.00368652 1.37468e-05
0.00371094 1.39247e-05

0.00371094 1.38218e-05
0.00373535 1.39891e-05

0.00373535 1.38925e-05
0.00375977 1.40331e-05

0.00375977 1.39283e-05
0.00378418 1.4097e-05

0.00378418 1.39539e-05
0.00380859 1.42299e-05

0.00380859 1.40297e-05
0.00383301 1.44208e-05

0.00383301 1.4175e-05
0.00385742 1.46169e-05

0.00385742 1.43464e-05
0.00388184 1.47989e-05

0.00388184 1.45262e-05
0.00390625 1.4986e-05

0.003125 0.0014197
0.00314941 0.00143091

0.00314941 0.0014309
0.00316993 0.00144043

0.00316991 0.00144043
0.00317383 0.00144225

0.00317383 0.00144225
0.00319824 0.00145373

0.00319824 0.00145372
0.00322158 0.00146484

0.00322156 0.00146484
0.00322266 0.00146537

0.00322266 0.00146537
0.00324707 0.00147714

0.00324707 0.00147714
0.00327148 0.00148905

0.00327148 0.00148906
0.00332031 0.00151317

0.00332031 0.00151317
0.00332132 0.00151367

0.00332123 0.00151367
0.00334473 0.00152539

0.00334473 0.00152538
0.00336914 0.00153761

0.00336914 0.00153758
0.00337014 0.00153809

0.00337005 0.00153809
0.00339355 0.00154994

0.00339355 0.00154992
0.00341797 0.00156231

0.00341797 0.00156228
0.0034184 0.0015625

0.00390625 1.47124e-05
0.00393066 1.51739e-05

0.00393066 1.48942e-05
0.00395508 1.53713e-05

0.00395508 1.50759e-05
0.00397949 1.55991e-05

0.00397949 1.52471e-05
0.00400391 1.58954e-05

0.00400391 1.54499e-05
0.00402832 1.6329e-05

0.00402832 1.63201e-05
0.00405273 1.63512e-05

0.00405273 1.5844e-05
0.00407715 1.59897e-05

0.00407715 1.50251e-05
0.00410156 1.79033e-05

0.00410156 1.81668e-05
0.00412598 1.89651e-05

0.00412598 1.80198e-05
0.00415039 1.64528e-05

0.00415039 1.53523e-05
0.0041748 1.87798e-05

0.0041748 2.01541e-05
0.00419922 2.10546e-05

0.00419922 1.90196e-05
0.00422363 1.69135e-05

0.00422363 1.70414e-05
0.00424805 1.99552e-05

0.00424805 1.97467e-05
0.00427246 2.20138e-05

0.00427246 2.23597e-05
0.00429688 1.9171e-05

0.00429688 1.92138e-05
0.00432129 1.61693e-05

0.00432129 1.69606e-05
0.0043457 1.84812e-05

0.0043457 1.96988e-05
0.00437012 1.86876e-05

0.00437012 1.82913e-05
0.00439453 1.51398e-05

0.00439453 1.63562e-05
0.00441895 1.61047e-05

0.00441895 1.6781e-05
0.00444336 1.61991e-05

0.00444336 1.62063e-05
0.00446777 1.52229e-05

0.00446777 1.54549e-05
0.00449219 1.58186e-05

0.00449219 1.6294e-05
0.0045166 1.5761e-05

0.0045166 1.58551e-05
0.00454102 1.45034e-05

0.00454102 1.50462e-05
0.00456543 1.47469e-05

0.00456543 1.48182e-05
0.00458984 1.50506e-05

0.00458984 1.53865e-05
0.00461426 1.47864e-05

0.00461426 1.49743e-05
0.00463867 1.39186e-05

0.00463867 1.39809e-05
0.00466309 1.45135e-05

0.00466309 1.44609e-05
0.0046875 1.52728e-05

0.00341831 0.0015625
0.00344238 0.00157478

0.00344238 0.00157477
0.00346606 0.00158691

0.00346601 0.00158691
0.0034668 0.00158732

0.0034668 0.00158732
0.00351354 0.00161133

0.00351351 0.00161133
0.00351563 0.00161242

0.00351563 0.00161242
0.00354004 0.00162497

0.00354004 0.00162496
0.00356106 0.00163574

0.00356103 0.00163574
0.00356445 0.0016375

0.00356445 0.00163749
0.00358887 0.00165001

0.00358887 0.00165
0.00360868 0.00166016

0.00360865 0.00166016
0.00361328 0.00166253

0.00361328 0.00166253
0.0036377 0.00167503

0.0036377 0.00167502
0.0036564 0.00168457

0.00365632 0.00168457
0.00366211 0.00168753

0.00366211 0.00168753
0.00370447 0.00170898

0.00370445 0.00170898
0.00371094 0.00171226

0.00371094 0.00171225
0.00373535 0.0017245

0.00373535 0.00172449
0.00375324 0.0017334

0.0037532 0.0017334
0.00375977 0.00173667

0.00375977 0.00173666
0.00378418 0.00174874

0.00378418 0.00174873
0.00380265 0.00175781

0.00380261 0.00175781
0.00380859 0.00176076

0.00380859 0.00176075
0.00383301 0.00177266

0.00383301 0.00177266
0.0038528 0.00178223

0.00385271 0.00178223
0.00385742 0.0017845

0.00385742 0.00178451
0.00390399 0.00180664

0.003904 0.00180664
0.00390625 0.0018077

0.00390625 0.00180769
0.00393066 0.00181908

0.00393066 0.00181907
0.00395508 0.00183031

0.00395508 0.00183026
0.00395682 0.00183105

0.00395668 0.00183105
0.00397949 0.00184142

0.00397949 0.00184141
0.00400391 0.00185235

0.00400391 0.00185233
0.00401101 0.00185547

0.0040109 0.00185547
0.00402832 0.00186318

0.00402832 0.00186316
0.00405273 0.0018738

0.00405273 0.00187379
0.00406694 0.00187988

0.00406684 0.00187988
0.00407715 0.0018843

0.00407715 0.00188429
0.00410156 0.00189457

0.00410156 0.00189459
0.00412525 0.0019043

0.00412505 0.0019043
0.00412598 0.00190468

0.00412598 0.00190468
0.00415039 0.00191461

0.00415039 0.00191459
0.0041748 0.0019243

0.0041748 0.00192428
0.00418617 0.00192871

0.00418607 0.00192871
0.00419922 0.00193384

0.00419922 0.00193382
0.00422363 0.00194315

0.00422363 0.00194315
0.00424805 0.00195229

0.00424805 0.00195224
0.00425045 0.00195312

0.00425028 0.00195312
0.00427246 0.00196126

0.00427246 0.00196125
0.00429688 0.00197

0.00429688 0.00197
0.00431841 0.00197754

0.00431833 0.00197754
0.00432129 0.00197857

0.00432129 0.00197857
0.0043457 0.00198688

0.0043457 0.00198692
0.00439172 0.00200195

0.00439177 0.00200195
0.00439453 0.00200285

0.00439453 0.00200283
0.00441895 0.00201047

0.00441895 0.00201047
0.00444336 0.00201787

0.00444336 0.00201787
0.00446777 0.00202505

0.00446777 0.00202501
0.00447254 0.00202637

0.00447235 0.00202637
0.00449219 0.00203202

0.00449219 0.002032
0.0045166 0.00203872

0.0045166 0.00203872
0.00454102 0.00204521

0.00454102 0.00204521
0.00456271 0.00205078

0.00456267 0.00205078
0.00456543 0.00205149

0.00456543 0.00205148
0.00458984 0.00205753

0.00458984 0.00205753
0.00461426 0.00206333

0.00461426 0.00206334
0.00463867 0.00206891

0.00463867 0.00206891
0.00466309 0.00207425

0.00466309 0.00207419
0.00466791 0.0020752

0.0046674 0.0020752
0.0046875 0.00207938

0.0046875 1.485e-05
0.00471191 1.495e-05

0.00471191 1.47802e-05
0.00473633 1.51163e-05

0.00473633 1.49605e-05
0.00476074 1.539e-05

0.00476074 1.50755e-05
0.00478516 1.55319e-05

0.00478516 1.51297e-05
0.00480957 1.59852e-05

0.00480957 1.55649e-05
0.00483398 1.65013e-05

0.00483398 1.65572e-05
0.0048584 1.61942e-05

0.0048584 1.5642e-05
0.00488281 1.57849e-05

0.00488281 1.51969e-05
0.00490723 1.78056e-05

0.00490723 1.75248e-05
0.00493164 1.86614e-05

0.00493164 1.79717e-05
0.00495605 1.72121e-05

0.00495605 1.64891e-05
0.00498047 1.82319e-05

0.00498047 1.67237e-05
0.00500488 2.18681e-05

0.00500488 2.11309e-05
0.0050293 2.38789e-05

0.0050293 2.29301e-05
0.00505371 2.11578e-05

0.00505371 2.18077e-05
0.00507813 1.96575e-05

0.00507813 1.6994e-05
0.00510254 2.24348e-05

0.00509179 2.44141e-05
0.00510254 2.60435e-05

0.00510254 2.29815e-05
0.00510948 2.44141e-05

0.00510254 2.69941e-05
0.00512695 2.96855e-05

0.00512695 2.64096e-05
0.00515137 2.45024e-05

0.00515137 2.41011e-05
0.00517578 2.39905e-05

0.00515137 2.47459e-05
0.00517578 2.46344e-05

0.00517578 2.49851e-05
0.0052002 2.54843e-05

0.0052002 2.53519e-05
0.00522461 2.52887e-05

0.00522461 2.5191e-05
0.00524902 2.50257e-05

0.00524902 2.5019e-05
0.00527344 2.49601e-05

0.00527344 2.4929e-05
0.00529785 2.50522e-05

0.00529785 2.50484e-05
0.00532227 2.54232e-05

0.00532227 2.55154e-05
0.00534668 2.59652e-05

0.00534668 2.6016e-05
0.00537109 2.6255e-05

0.00537109 2.62538e-05
0.00539551 2.61828e-05

0.00539551 2.61034e-05
0.00541992 2.58836e-05

0.00541992 2.58578e-05
0.00544434 2.56995e-05

0.00544434 2.56929e-05
0.00546875 2.56609e-05

0.00546875 2.56901e-05
0.00549316 2.57393e-05

0.00549316 2.57541e-05
0.00551758 2.57965e-05

0.00551758 2.57967e-05
0.00554199 2.58025e-05

0.00554199 2.57995e-05
0.00556641 2.57744e-05

0.00556641 2.57795e-05
0.00559082 2.57193e-05

0.00559082 2.57213e-05
0.00561523 2.56116e-05

0.00561523 2.55963e-05
0.00563965 2.54636e-05

0.00563965 2.54392e-05
0.00566406 2.53631e-05

0.00566406 2.53523e-05
0.00568848 2.54032e-05

0.00568848 2.54201e-05
0.00571289 2.55858e-05

0.00571289 2.56158e-05
0.0057373 2.58024e-05

0.0057373 2.58221e-05
0.00576172 2.593e-05

0.00576172 2.5927e-05
0.00578613 2.59231e-05

0.00578613 2.5905e-05
0.00581055 2.58316e-05

0.00581055 2.58143e-05
0.00583496 2.57421e-05

0.00583496 2.57366e-05
0.00585938 2.57115e-05

0.00585938 2.57161e-05
0.00588379 2.57399e-05

0.00588379 2.57505e-05
0.0059082 2.57929e-05

0.0059082 2.58025e-05
0.00593262 2.58231e-05

0.00593262 2.58286e-05
0.00595703 2.57974e-05

0.00595703 2.58036e-05
0.00598145 2.56972e-05

0.00598145 2.57228e-05
0.00600586 2.54776e-05

0.00600586 2.5476e-05
0.00603027 2.50436e-05

0.00603027 2.38957e-05
0.00604069 2.44141e-05

0.00603412 2.44141e-05
0.00605469 2.544e-05

0.00605469 2.78577e-05
0.0060791 2.7523e-05

0.00610352 2.24844e-05
0.00608643 2.44141e-05

0.0060791 2.56028e-05
0.00609255 2.44141e-05

0.00610352 2.21859e-05
0.00612793 2.42437e-05

0.00611745 2.44141e-05
0.00612793 2.51542e-05

0.00612793 2.42868e-05
0.00613045 2.44141e-05

0.00612793 2.71862e-05
0.00615234 2.78536e-05

0.00615234 2.42092e-05
0.00616893 2.44141e-05

0.00615234 2.4629e-05
0.00617676 2.49272e-05

0.00617676 2.56573e-05
0.00620117 3.05621e-05

0.00620117 3.0561e-05
0.00622559 3.84753e-05

0.00622559 3.87047e-05
0.0062492 4.88281e-05

0.00624921 4.88281e-05
0.00625 4.91668e-05

0.0046875 0.00207941
0.00473633 0.00208879

0.00473633 0.00208879
0.00478516 0.00209713

0.00478516 0.00209708
0.00480203 0.00209961

0.0048016 0.00209961
0.00480957 0.00210085

0.00480957 0.00210084
0.00483398 0.00210439

0.00483398 0.00210438
0.0048584 0.00210766

0.0048584 0.00210765
0.00488281 0.00211066

0.00488281 0.00211066
0.00490723 0.0021134

0.00490723 0.0021134
0.00493164 0.00211588

0.00493164 0.00211588
0.00495605 0.00211809

0.00495605 0.00211809
0.00498047 0.00212003

0.00498047 0.00212003
0.00500488 0.00212171

0.00500488 0.00212171
0.0050293 0.00212312

0.0050293 0.00212312
0.00504875 0.00212402

0.00504864 0.00212402
0.00505371 0.00212426

0.00505371 0.00212426
0.00507813 0.00212512

0.00507813 0.00212512
0.00510254 0.00212572

0.00510254 0.00212572
0.00512695 0.00212603

0.00512695 0.00212604
0.00515137 0.00212607

0.00515137 0.00212608
0.00517578 0.00212583

0.00517578 0.00212583
0.0052002 0.00212531

0.0052002 0.00212531
0.00522461 0.0021245

0.00524902 0.00212341
0.00523542 0.00212402

0.00522461 0.00212449
0.00523503 0.00212402

0.00524902 0.0021234
0.00527344 0.00212201

0.00527344 0.00212201
0.00529785 0.00212032

0.00529785 0.00212033
0.00532227 0.00211834

0.00532227 0.00211834
0.00534668 0.00211605

0.00534668 0.00211605
0.00537109 0.00211345

0.00537109 0.00211345
0.00539551 0.00211055

0.00539551 0.00211055
0.00541992 0.00210733

0.00541992 0.00210733
0.00544434 0.00210379

0.00544434 0.0021038
0.00546875 0.00209993

0.00551758 0.00209124
0.00547114 0.00209961

0.00546875 0.00209997
0.00547086 0.00209961

0.00551758 0.0020912
0.00556641 0.00208101

0.00556641 0.00208103
0.00561523 0.00206948

0.00561523 0.0020694
0.00563965 0.0020631

0.00563965 0.00206309
0.00566406 0.00205643

0.00571289 0.00204213
0.00568371 0.00205078

0.00571289 0.002042
0.0057373 0.00203414

0.00576172 0.00202593
0.00576042 0.00202637

0.0057373 0.00203415
0.00576039 0.00202637

0.00566406 0.00205643
0.00568375 0.00205078

0.00576172 0.00202593
0.00578613 0.00201729

0.00578613 0.00201728
0.00581055 0.00200822

0.00585938 0.00198892
0.00582685 0.00200195

0.00581055 0.00200821
0.00582669 0.00200195

0.00595703 0.00194414
0.00593826 0.00195312

0.00595703 0.00194401
0.00600586 0.00191859

0.00605469 0.00189111
0.00603148 0.0019043

0.00600586 0.00191848
0.00603027 0.00190503

0.00603027 0.00190488
0.0060313 0.0019043

0.00625 0.00175228
0.00624337 0.00175781

0.00615234 0.00182792
0.00611155 0.00185547

0.00605469 0.00189095
0.00610352 0.00186068

0.00610352 0.00186052
0.00611128 0.00185547

0.00620117 0.00179199
0.00618129 0.00180664

0.00615234 0.00182757
0.00617676 0.00180996

0.00617676 0.00180981
0.00618111 0.00180664

0.00620117 0.00179175
0.00624297 0.00175781

0.00585938 0.00198877
0.0059082 0.00196731

0.0059082 0.00196719
0.00593262 0.00195582

0.00593262 0.0019557
0.00593789 0.00195312

0.00625 4.92251e-05
0.00627441 6.16821e-05

0.00627441 6.181e-05
0.00629418 7.32422e-05

0.00629433 7.32422e-05
0.00629883 7.58406e-05

0.00629883 7.58883e-05
0.00632324 9.14872e-05

0.00632324 9.16627e-05
0.00633196 9.76563e-05

0.00633213 9.76563e-05
0.00634766 0.000108553

0.00634766 0.000108637
0.0063652 0.00012207

0.00636531 0.00012207
0.00637207 0.000127283

0.00637207 0.000127296
0.0063951 0.000146484

0.00639515 0.000146484
0.00639648 0.000147627

0.00639648 0.000147603
0.0064209 0.000169695

0.0064209 0.000169902
0.00642195 0.000170898

0.00642219 0.000170898
0.00644531 0.000193644

0.00644531 0.000193882
0.00644671 0.000195313

0.00644692 0.000195313
0.00646973 0.000219724

0.00646966 0.000219727
0.00646973 0.000219805

0.00646973 0.000219796
0.00649074 0.000244141

0.00649071 0.000244141
0.00649414 0.000248378

0.00649414 0.000248456
0.00651022 0.000268555

0.00651025 0.000268555
0.00651855 0.000279767

0.00651855 0.000279795
0.00652827 0.000292969

0.00652834 0.000292969
0.00654297 0.000314148

0.00654297 0.000314264
0.00654503 0.000317383

0.00654515 0.000317383
0.00656083 0.000341797

0.0065609 0.000341797
0.00656738 0.000352647

0.00656738 0.000352906
0.00657533 0.000366211

0.00657539 0.000366211
0.00658894 0.000390625

0.00658897 0.000390625
0.0065918 0.000396303

0.0065918 0.000396243
0.00660148 0.000415039

0.00660148 0.000415039
0.00661314 0.000439453

0.00661313 0.000439453
0.00661621 0.000446424

0.00661621 0.000446449
0.00662391 0.000463867

0.00662391 0.000463867
0.00663387 0.000488281

0.00663387 0.000488281
0.00664063 0.000506291

0.00664062 0.000506339
0.00664301 0.000512695

0.00664301 0.000512695
0.0066514 0.000537109

0.00665139 0.000537109
0.00665904 0.000561523

0.00665903 0.000561523
0.00666504 0.000582613

0.00666504 0.000582335
0.00666607 0.000585937

0.00666617 0.000585937
0.00667802 0.000634766

0.00667799 0.000634766
0.00668713 0.000683594

0.00668704 0.000683594
0.00668945 0.000701494

0.00668945 0.000700833
0.0066905 0.000708008

0.00669051 0.000708008
0.00669348 0.000732422

0.00669348 0.000732422
0.00669586 0.000756836

0.00669585 0.000756836
0.00669762 0.00078125

0.00644531 0.00154884
0.00643489 0.0015625

0.00664062 0.00119119
0.00661149 0.00126953

0.00661164 0.00126953
0.00656473 0.00136719

0.00654297 0.00140413
0.00650667 0.00146484

0.00649414 0.00148203
0.00647222 0.00151367

0.00644531 0.00154898
0.00647231 0.00151367

0.00649414 0.00148247
0.00650609 0.00146484

0.00654297 0.00140491
0.00656429 0.00136719

0.00669762 0.00078125
0.00669879 0.000805664

0.00669879 0.000805664
0.00669936 0.000830078

0.00669936 0.000830078
0.00669935 0.000854492

0.00669935 0.000854492
0.00669876 0.000878906

0.00669876 0.000878906
0.0066976 0.00090332

0.0066976 0.00090332
0.00669588 0.000927734

0.00669604 0.000927734
0.00669086 0.000976562

0.00668945 0.000985673
0.00668334 0.00102539

0.00668332 0.00102539
0.0066735 0.00107422

0.00668945 0.000985727
0.00669086 0.000976563

0.00667352 0.00107422
0.0066614 0.00112305

0.00666137 0.00112305
0.00664699 0.00117187

0.00664062 0.00119163
0.00664742 0.00117188

0.00625 0.00175227
0.00629869 0.00170898

0.00634766 0.00166126
0.00629887 0.00170898

0.00639648 0.00160828
0.00639382 0.00161133

0.00639399 0.00161133
0.00634868 0.00166016

0.00639648 0.00160823
0.00643502 0.0015625

0.00634766 0.00166111
0.00634858 0.00166016

