7.19244e-05 0
7.32422e-05 3.89134e-06

7.32422e-05 1.70792e-08
9.57684e-05 2.44141e-05

9.76563e-05 1.4454e-05
0.00012207 1.57314e-05

0.00012207 1.43707e-05
0.000146484 1.39528e-05

0.000146484 1.47308e-05
0.000170898 1.47908e-05

0.000170898 1.41044e-05
0.000195313 1.43141e-05

0.000195313 1.47779e-05
0.000219727 1.50765e-05

0.000219727 1.48093e-05
0.000244141 1.40862e-05

0.000244141 1.44944e-05
0.000268555 1.42113e-05

0.000268555 1.41343e-05
0.000292969 1.43177e-05

0.000292969 1.44319e-05
0.000317383 1.45608e-05

0.000317383 1.47583e-05
0.000341797 1.38965e-05

0.000341797 1.41995e-05
0.000366211 1.34525e-05

0.000366211 1.36575e-05
0.000390625 1.38604e-05

0.000390625 1.38994e-05
0.000415039 1.40591e-05

0.000415039 1.41848e-05
0.000439453 1.35755e-05

0.000439453 1.37952e-05
0.000463867 1.32438e-05

0.000463867 1.33851e-05
0.000488281 1.35562e-05

0.000488281 1.35705e-05
0.000512695 1.37214e-05

0.000512695 1.38245e-05
0.000537109 1.33409e-05

0.000537109 1.3516e-05
0.000561523 1.30613e-05

0.000561523 1.3164e-05
0.000585937 1.33382e-05

0.000585938 1.33312e-05
0.000610352 1.34994e-05

0.000610352 1.35584e-05
0.000634766 1.31894e-05

0.000634766 1.33489e-05
0.00065918 1.29446e-05

0.00065918 1.30449e-05
0.000683594 1.31206e-05

0.000683594 1.30822e-05
0.000708008 1.33199e-05

0.000708008 1.33036e-05
0.000732422 1.32043e-05

0.000732422 1.3217e-05
0.000756836 1.30418e-05

0.000756836 1.29705e-05
0.00078125 1.32855e-05

0.00078125 1.31763e-05
0.000805664 1.35362e-05

0.000805664 1.34512e-05
0.000830078 1.33278e-05

0.000830078 1.33006e-05
0.000854492 1.32319e-05

0.000854492 1.31086e-05
0.000878906 1.35706e-05

0.000878906 1.35133e-05
0.00090332 1.36948e-05

0.00090332 1.35011e-05
0.000927734 1.34459e-05

0.000927734 1.3448e-05
0.000952148 1.36785e-05

0.000952148 1.35094e-05
0.000976562 1.37791e-05

0.000976562 1.36426e-05
0.00100098 1.38861e-05

0.00100098 1.37192e-05
0.00102539 1.3935e-05

0.00102539 1.37811e-05
0.0010498 1.40737e-05

0.0010498 1.39106e-05
0.00107422 1.41888e-05

0.00107422 1.3929e-05
0.00109863 1.43524e-05

0.00109863 1.43941e-05
0.00112305 1.43609e-05

0.00112305 1.3968e-05
0.00114746 1.42618e-05

0.00114746 1.40899e-05
0.00117187 1.51242e-05

0.00117188 1.47737e-05
0.00119629 1.51017e-05

0.00119629 1.50319e-05
0.0012207 1.47137e-05

0.0012207 1.46248e-05
0.00124512 1.47348e-05

0.00124512 1.45581e-05
0.00126953 1.53653e-05

0.00126953 1.5184e-05
0.00129395 1.54968e-05

0.00129395 1.5839e-05
0.00131836 1.46043e-05

0.00131836 1.40452e-05
0.00134277 1.4609e-05

0.00134277 1.62744e-05
0.00136719 1.50859e-05

0.0013916 3.73602e-08
0.00136948 2.44141e-05

0.0013916 3.27938e-06
0.00139271 0

0.00146311 0
0.00146484 5.10783e-06

0.00146484 3.45174e-06
0.00148445 2.44141e-05

0.00148589 2.44141e-05
0.00148926 2.56434e-05

0.00148926 1.76342e-05
0.00151367 1.83834e-05

0.00151367 1.73386e-05
0.00153809 1.6119e-05

0.0015625 5.38996e-06
0.00154302 2.44141e-05

0.00153809 2.59865e-05
0.00154277 2.44141e-05

0 0.00312008
0.000390625 0.00310908

0.000390625 0.00310937
0.00078125 0.0030758

0.00078125 0.00307643
0.00117187 0.00301845

0.00117188 0.0030195
0.0015625 0.00293375

0.0015625 6.73573e-06
0.00156484 0

0.00165639 0
0.00166016 9.21704e-06

0.00166016 1.03774e-05
0.00167578 2.44141e-05

0.00167489 2.44141e-05
0.00168457 2.77958e-05

0.00168457 1.76685e-05
0.00170898 1.78439e-05

0.00169273 2.44141e-05
0.00170898 2.44725e-05

0.0017334 1.09101e-05
0.00171779 2.44141e-05

0.00170898 2.77561e-05
0.00171878 2.44141e-05

0.0017334 1.14091e-05
0.0017382 0

0.00180035 0
0.00180664 1.41377e-05

0.00180664 9.32483e-06
0.00183105 1.24231e-05

0.00183105 6.10984e-06
0.00185458 0

0.00185566 0
0.00187988 1.74798e-05

0.00187988 9.16607e-06
0.0019043 1.14345e-05

0.0019043 9.28052e-06
0.00192871 1.04888e-05

0.00192871 9.81511e-06
0.00195312 1.21398e-05

0.00195312 9.48267e-06
0.00197754 1.3022e-05

0.00197754 1.36269e-05
0.00200195 1.28431e-05

0.00200195 1.54378e-05
0.00202637 6.02977e-06

0.00202637 6.52998e-06
0.00205078 9.02657e-06

0.00205078 9.37819e-06
0.0020752 1.47025e-05

0.0020752 9.84941e-06
0.00209961 1.19217e-05

0.00209961 1.34982e-05
0.00212402 1.32527e-05

0.00212402 1.2958e-05
0.00214844 8.48895e-06

0.00214844 8.10122e-06
0.00217285 1.31062e-05

0.00217285 1.39336e-05
0.00219727 1.37704e-05

0.00219727 1.31801e-05
0.00222168 7.80988e-06

0.00222168 7.70297e-06
0.00224609 1.33482e-05

0.00224609 1.39646e-05
0.00227051 1.40473e-05

0.00227051 1.39051e-05
0.00229492 7.25685e-06

0.00229492 7.99708e-06
0.00231934 1.18306e-05

0.00231934 1.05582e-05
0.00234375 1.51316e-05

0.00234375 1.51635e-05
0.00236816 1.07271e-05

0.00236816 1.25122e-05
0.00239258 7.28573e-06

0.00239258 7.29333e-06
0.00241699 1.25109e-05

0.00241699 1.06612e-05
0.00244141 1.52119e-05

0.00244141 1.52074e-05
0.00246582 1.0649e-05

0.00246582 1.24782e-05
0.00249023 7.33312e-06

0.00249023 7.33436e-06
0.00251465 1.25271e-05

0.00251465 1.06873e-05
0.00253906 1.51787e-05

0.00253906 1.51724e-05
0.00256348 1.06637e-05

0.00256348 1.24458e-05
0.00258789 7.42396e-06

0.00258789 7.417e-06
0.0026123 1.25536e-05

0.0026123 1.08159e-05
0.00263672 1.50635e-05

0.00263672 1.50066e-05
0.00266113 1.06094e-05

0.00266113 1.18784e-05
0.00268555 8.16803e-06

0.00268555 7.37558e-06
0.00270996 1.38371e-05

0.00270996 1.39285e-05
0.00273438 1.41021e-05

0.00273437 1.38764e-05
0.00275879 7.57024e-06

0.00275879 8.34928e-06
0.0027832 1.18367e-05

0.0027832 1.07513e-05
0.00280762 1.48582e-05

0.00280762 1.48659e-05
0.00283203 1.07608e-05

0.00283203 1.18808e-05
0.00285645 8.29019e-06

0.00285645 7.61958e-06
0.00288086 1.37267e-05

0.00288086 1.38693e-05
0.00290527 1.38551e-05

0.00290527 1.29933e-05
0.00292969 8.33387e-06

0.00292969 8.89114e-06
0.0029541 1.29656e-05

0.0029541 1.3151e-05
0.00297852 1.32637e-05

0.00297852 1.14061e-05
0.00300293 1.05994e-05

0.00300293 1.06692e-05
0.00302734 1.46906e-05

0.00302734 1.30034e-05
0.00305176 1.45055e-05

0.00305176 1.344e-05
0.00307617 1.41336e-05

0.00307617 1.38348e-05
0.00310059 1.47273e-05

0.00310059 1.40913e-05
0.003125 1.48672e-05

0.00175781 0.00287788
0.0015708 0.00292969

0.0015625 0.00293187
0.00157037 0.00292969

0.00175781 0.00287837
0.00195312 0.00281557

0.00234375 0.00265816
0.00216892 0.00273438

0.00195312 0.0028159
0.00214844 0.00274272

0.00214844 0.00274197
0.00216587 0.00273438

0.00292969 0.00231067
0.00288375 0.00234375

0.00302734 0.00223436
0.0030126 0.00224609

0.00297852 0.00227181
0.00294869 0.00229492

0.00292969 0.00230991
0.00294935 0.00229492

0.00300293 0.00225267
0.00298033 0.00227051

0.00297852 0.00227225
0.00298068 0.00227051

0.00300293 0.00224866
0.00300625 0.00224609

0.00307617 0.00219068
0.00306858 0.00219727

0.00302734 0.00223315
0.00306986 0.00219727

0.00307617 0.00219173
0.003125 0.00214845

0.00244141 0.0026105
0.00238747 0.00263672

0.00234375 0.00265634
0.00238412 0.00263672

0.00244141 0.00261001
0.00253906 0.00255902

0.00273438 0.00244627
0.00257693 0.00253906

0.00253906 0.00255831
0.00257228 0.00253906

0.00283203 0.00237997
0.00273959 0.00244141

0.00273438 0.00244379
0.00273812 0.00244141

0.00283203 0.00237975
0.00288233 0.00234375

0.003125 1.43926e-05
0.00314941 1.54012e-05

0.00314941 1.48108e-05
0.00317383 1.57885e-05

0.00317383 1.52406e-05
0.00319824 1.61874e-05

0.00319824 1.55802e-05
0.00322266 1.66437e-05

0.00322266 1.60021e-05
0.00324707 1.73016e-05

0.00324707 1.73139e-05
0.00327148 1.72772e-05

0.00327148 1.6382e-05
0.0032959 1.68538e-05

0.0032959 1.57151e-05
0.00332031 1.97555e-05

0.00332031 1.99709e-05
0.00334473 2.12877e-05

0.00334473 2.00281e-05
0.00336914 1.80762e-05

0.00336914 1.26838e-05
0.00339304 2.44141e-05

0.0033925 2.44141e-05
0.00339355 2.48298e-05

0.00339355 2.69597e-05
0.00341797 4.83544e-05

0.00341782 4.88281e-05
0.00341797 4.89705e-05

0.00341797 4.81871e-05
0.00341863 4.88281e-05

0.00341797 4.91632e-05
0.00344182 7.32422e-05

0.00344186 7.32422e-05
0.00344238 7.37867e-05

0.00344238 7.39263e-05
0.00346445 9.76563e-05

0.00346495 9.76563e-05
0.0034668 9.97282e-05

0.0034668 0.000100106
0.00350634 0.000146484

0.00350634 0.000146484
0.00351563 0.000158548

0.00351563 0.000159011
0.00354305 0.000195313

0.00354346 0.000195313
0.00356445 0.000226664

0.00356445 0.000228605
0.00357468 0.000244141

0.00357559 0.000244141
0.00360457 0.000292969

0.00360529 0.000292969
0.00361328 0.000308984

0.00361328 0.00031029
0.00362982 0.000341797

0.00362996 0.000341797
0.0036527 0.000390625

0.00365337 0.000390625
0.00369104 0.000488281

0.00369088 0.000488281
0.00371094 0.000558616

0.00371094 0.000560339
0.00371824 0.000585938

0.00371839 0.000585937
0.00373742 0.000683594

0.00373705 0.000683594
0.00374842 0.00078125

0.00375039 0.00078125
0.00375135 0.000976562

0.00375104 0.000976562
0.00372344 0.00117188

0.00371094 0.00121733
0.00366815 0.00136719

0.00366814 0.00136719
0.00358327 0.0015625

0.00371094 0.00121456
0.00372148 0.00117187

0.00332031 0.0019503
0.00331794 0.00195312

0.00351563 0.00167801
0.00346813 0.00175781

0.00341797 0.00182419
0.0033954 0.00185547

0.00332031 0.00194809
0.00339559 0.00185547

0.00341797 0.00182371
0.00346557 0.00175781

0.00322266 0.00205494
0.00312605 0.00214844

0.00331656 0.00195313
0.00322681 0.00205078

0.00322266 0.00205446
0.00322625 0.00205078

0.00351563 0.00167709
0.00358383 0.0015625

