7.17673e-05 0
7.32422e-05 4.33845e-06

7.32664e-05 0
9.56935e-05 2.44141e-05

9.76563e-05 1.46977e-05
0.00012207 1.58801e-05

0.00012207 1.4499e-05
0.000146484 1.37218e-05

0.000146484 1.46534e-05
0.000170898 1.46897e-05

0.000170898 1.40076e-05
0.000195313 1.42703e-05

0.000195313 1.44929e-05
0.000219727 1.52651e-05

0.000219727 1.5108e-05
0.000244141 1.44067e-05

0.000244141 1.47058e-05
0.000268555 1.39279e-05

0.000268555 1.39924e-05
0.000292969 1.43001e-05

0.000292969 1.46336e-05
0.000317383 1.44806e-05

0.000317383 1.43838e-05
0.000341797 1.36693e-05

0.000341797 1.40345e-05
0.000366211 1.39751e-05

0.000366211 1.41078e-05
0.000390625 1.38544e-05

0.000390625 1.39396e-05
0.000415039 1.3684e-05

0.000415039 1.38765e-05
0.000439453 1.36991e-05

0.000439453 1.38483e-05
0.000463867 1.35086e-05

0.000463867 1.36517e-05
0.000488281 1.34167e-05

0.000488281 1.34869e-05
0.000512695 1.35219e-05

0.000512695 1.36528e-05
0.000537109 1.34672e-05

0.000537109 1.35708e-05
0.000561523 1.31643e-05

0.000561523 1.33068e-05
0.000585937 1.32188e-05

0.000585938 1.32333e-05
0.000610352 1.3374e-05

0.000610352 1.34565e-05
0.000634766 1.32735e-05

0.000634766 1.3342e-05
0.00065918 1.29994e-05

0.00065918 1.31122e-05
0.000683594 1.31235e-05

0.000683594 1.31097e-05
0.000708008 1.3248e-05

0.000708008 1.32694e-05
0.000732422 1.31654e-05

0.000732422 1.31568e-05
0.000756836 1.30512e-05

0.000756836 1.29649e-05
0.00078125 1.33184e-05

0.00078125 1.31616e-05
0.000805664 1.35555e-05

0.000805664 1.35008e-05
0.000830078 1.33555e-05

0.000830078 1.33548e-05
0.000854492 1.315e-05

0.000854492 1.30547e-05
0.000878906 1.35041e-05

0.000878906 1.33374e-05
0.00090332 1.38227e-05

0.00090332 1.37212e-05
0.000927734 1.35543e-05

0.000927734 1.35402e-05
0.000952148 1.33724e-05

0.000952148 1.31911e-05
0.000976562 1.38367e-05

0.000976562 1.3589e-05
0.00100098 1.4283e-05

0.00100098 1.41538e-05
0.00102539 1.39243e-05

0.00102539 1.38945e-05
0.0010498 1.36278e-05

0.0010498 1.34089e-05
0.00107422 1.42657e-05

0.00107422 1.39557e-05
0.00109863 1.48734e-05

0.00109863 1.4724e-05
0.00112305 1.43846e-05

0.00112305 1.43584e-05
0.00114746 1.39363e-05

0.00114746 1.36637e-05
0.00117187 1.4787e-05

0.00117188 1.43942e-05
0.00119629 1.56682e-05

0.00119629 1.53912e-05
0.0012207 1.51311e-05

0.0012207 1.49625e-05
0.00124512 1.46712e-05

0.00124512 1.50218e-05
0.00126953 1.50239e-05

0.00126953 1.4568e-05
0.00129395 1.5069e-05

0.00129395 1.57205e-05
0.00131836 1.51473e-05

0.00131836 1.45369e-05
0.00134277 1.41605e-05

0.00134277 1.55638e-05
0.00136719 1.46949e-05

0.0013916 8.27222e-07
0.00136933 2.44141e-05

0.0013916 3.90525e-06
0.00139292 0

0.00146305 0
0.00146484 5.29409e-06

0.00146484 4.56482e-06
0.00148422 2.44141e-05

0.00148388 2.44141e-05
0.00148926 2.63023e-05

0.00148926 1.72287e-05
0.00151367 1.74321e-05

0.00148926 2.44445e-05
0.00150303 2.44141e-05

0.00151367 1.69822e-05
0.00153809 1.66085e-05

0.00151367 2.44487e-05
0.0015205 2.44141e-05

0.0015625 5.55505e-06
0.00154314 2.44141e-05

0.00153809 2.60132e-05
0.00154283 2.44141e-05

0 0.00312008
0.000390625 0.00310908

0.000390625 0.00310937
0.00078125 0.0030758

0.00078125 0.00307643
0.00117187 0.00301845

0.00117188 0.0030195
0.0015625 0.00293375

0.0015625 6.86603e-06
0.00156491 0

0.0016564 0
0.00166016 9.19808e-06

0.00166016 1.0373e-05
0.00167578 2.44141e-05

0.00167484 2.44141e-05
0.00168457 2.78152e-05

0.00168457 1.76728e-05
0.00170898 1.78523e-05

0.00169301 2.44141e-05
0.00170898 2.44725e-05

0.0017334 1.09186e-05
0.0017178 2.44141e-05

0.00170898 2.77694e-05
0.00171882 2.44141e-05

0.0017334 1.14196e-05
0.0017382 0

0.00180033 0
0.00180664 1.41572e-05

0.00180664 9.33419e-06
0.00183105 1.24056e-05

0.00183105 6.08846e-06
0.00185463 0

0.00185565 0
0.00187988 1.74938e-05

0.00187988 9.18218e-06
0.0019043 1.14309e-05

0.0019043 9.28241e-06
0.00192871 1.04855e-05

0.00192871 9.81999e-06
0.00195312 1.21419e-05

0.00195312 9.48206e-06
0.00197754 1.30182e-05

0.00197754 1.36245e-05
0.00200195 1.28485e-05

0.00200195 1.54346e-05
0.00202637 6.03892e-06

0.00202637 6.51328e-06
0.00205078 9.05693e-06

0.00205078 9.49028e-06
0.0020752 1.46488e-05

0.0020752 9.77595e-06
0.00209961 1.18117e-05

0.00209961 1.33795e-05
0.00212402 1.33741e-05

0.00212402 1.30103e-05
0.00214844 8.57016e-06

0.00214844 8.17894e-06
0.00217285 1.30494e-05

0.00217285 1.39478e-05
0.00219727 1.37316e-05

0.00219727 1.30536e-05
0.00222168 7.88679e-06

0.00222168 7.80727e-06
0.00224609 1.34645e-05

0.00224609 1.41156e-05
0.00227051 1.38916e-05

0.00227051 1.38115e-05
0.00229492 7.15972e-06

0.00229492 7.92266e-06
0.00231934 1.19288e-05

0.00231934 1.05696e-05
0.00234375 1.51258e-05

0.00234375 1.51647e-05
0.00236816 1.07295e-05

0.00236816 1.25149e-05
0.00239258 7.28926e-06

0.00239258 7.29868e-06
0.00241699 1.25088e-05

0.00241699 1.06618e-05
0.00244141 1.52096e-05

0.00244141 1.52052e-05
0.00246582 1.06505e-05

0.00246582 1.24794e-05
0.00249023 7.33517e-06

0.00249023 7.33641e-06
0.00251465 1.25249e-05

0.00251465 1.06856e-05
0.00253906 1.51789e-05

0.00253906 1.51734e-05
0.00256348 1.06651e-05

0.00256348 1.24501e-05
0.00258789 7.41853e-06

0.00258789 7.40956e-06
0.0026123 1.25527e-05

0.0026123 1.0814e-05
0.00263672 1.50711e-05

0.00263672 1.50131e-05
0.00266113 1.06077e-05

0.00266113 1.18792e-05
0.00268555 8.16145e-06

0.00268555 7.36972e-06
0.00270996 1.38395e-05

0.00270996 1.39344e-05
0.00273438 1.40999e-05

0.00273437 1.38751e-05
0.00275879 7.55727e-06

0.00275879 8.33403e-06
0.0027832 1.1844e-05

0.0027832 1.0755e-05
0.00280762 1.48664e-05

0.00280762 1.48613e-05
0.00283203 1.07643e-05

0.00283203 1.19388e-05
0.00285645 8.25293e-06

0.00285645 7.58049e-06
0.00288086 1.36546e-05

0.00288086 1.3733e-05
0.00290527 1.39513e-05

0.00290527 1.30203e-05
0.00292969 8.50725e-06

0.00292969 9.07736e-06
0.0029541 1.28943e-05

0.0029541 1.31072e-05
0.00297852 1.32035e-05

0.00297852 1.13763e-05
0.00300293 1.07225e-05

0.00300293 1.08095e-05
0.00302734 1.46445e-05

0.00302734 1.30033e-05
0.00305176 1.43504e-05

0.00305176 1.33435e-05
0.00307617 1.40895e-05

0.00307617 1.37358e-05
0.00310059 1.47454e-05

0.00310059 1.40813e-05
0.003125 1.49147e-05

0.00175781 0.00287787
0.00157079 0.00292969

0.0015625 0.00293187
0.00157036 0.00292969

0.00175781 0.00287837
0.00195312 0.00281556

0.00234375 0.00265815
0.0021689 0.00273438

0.00195312 0.0028159
0.00214844 0.00274271

0.00214844 0.00274196
0.00216584 0.00273438

0.00292969 0.00231068
0.00288376 0.00234375

0.00302734 0.00223437
0.00301261 0.00224609

0.00297852 0.00227181
0.00294869 0.00229492

0.00292969 0.00230991
0.00294934 0.00229492

0.00300293 0.00225267
0.00298033 0.00227051

0.00297852 0.00227226
0.00298069 0.00227051

0.00300293 0.00224863
0.0030062 0.00224609

0.00307617 0.00219066
0.00306855 0.00219727

0.00302734 0.00223316
0.00306986 0.00219727

0.00307617 0.00219173
0.003125 0.00214845

0.00244141 0.0026105
0.00238746 0.00263672

0.00234375 0.00265633
0.0023841 0.00263672

0.00244141 0.00261
0.00253906 0.00255901

0.00273438 0.00244627
0.00257693 0.00253906

0.00253906 0.00255829
0.00257224 0.00253906

0.00283203 0.00237997
0.00273959 0.00244141

0.00273438 0.00244377
0.00273808 0.00244141

0.00283203 0.00237973
0.00288231 0.00234375

0.003125 1.44198e-05
0.00314941 1.53844e-05

0.00314941 1.47941e-05
0.00317383 1.57715e-05

0.00317383 1.5255e-05
0.00319824 1.61823e-05

0.00319824 1.56326e-05
0.00322266 1.6523e-05

0.00322266 1.5931e-05
0.00324707 1.70714e-05

0.00324707 1.64891e-05
0.00327148 1.77276e-05

0.00327148 1.69492e-05
0.0032959 1.83658e-05

0.0032959 1.83993e-05
0.00332031 1.85601e-05

0.00332031 1.69896e-05
0.00334473 1.86435e-05

0.00334473 1.96238e-05
0.00336914 2.06432e-05

0.00336914 1.3371e-05
0.00339355 2.42582e-05

0.00339119 2.44141e-05
0.00339355 2.52972e-05

0.00339355 2.3704e-05
0.00339426 2.44141e-05

0.00339355 2.701e-05
0.00341797 4.82858e-05

0.00341774 4.88281e-05
0.00341797 4.905e-05

0.00341797 4.80467e-05
0.00341877 4.88281e-05

0.00341797 4.90948e-05
0.00344187 7.32422e-05

0.00344188 7.32422e-05
0.00344238 7.37729e-05

0.00344238 7.39343e-05
0.00346441 9.76563e-05

0.00346496 9.76563e-05
0.0034668 9.97134e-05

0.0034668 0.000100429
0.00348578 0.00012207

0.00348555 0.00012207
0.00349121 0.000128811

0.00349121 0.00012848
0.00350607 0.000146484

0.00350633 0.000146484
0.00351563 0.000158553

0.00351563 0.000159007
0.00354306 0.000195313

0.00354347 0.000195313
0.00356445 0.000226644

0.00356445 0.000228606
0.00357467 0.000244141

0.00357559 0.000244141
0.00360456 0.000292969

0.00360528 0.000292969
0.00361328 0.000309003

0.00361328 0.000310322
0.0036298 0.000341797

0.00362995 0.000341797
0.00365269 0.000390625

0.00365335 0.000390625
0.00369103 0.000488281

0.00369087 0.000488281
0.00371094 0.000558643

0.00371094 0.000560367
0.00371823 0.000585938

0.00371838 0.000585937
0.00373742 0.000683594

0.00373705 0.000683594
0.00374842 0.00078125

0.0037504 0.00078125
0.00375137 0.000976562

0.00375106 0.000976562
0.00372346 0.00117188

0.00371094 0.00121739
0.00366816 0.00136719

0.00366816 0.00136719
0.00358329 0.0015625

0.00371094 0.00121464
0.0037215 0.00117187

0.00332031 0.0019503
0.00331794 0.00195312

0.00351563 0.00167808
0.00346817 0.00175781

0.00341797 0.00182423
0.00339542 0.00185547

0.00332031 0.00194811
0.0033956 0.00185547

0.00341797 0.00182371
0.00346558 0.00175781

0.00322266 0.00205495
0.00312605 0.00214844

0.00331657 0.00195313
0.00322681 0.00205078

0.00322266 0.0020545
0.00322628 0.00205078

0.00351563 0.00167709
0.00358383 0.0015625

