7.1733e-05 0
7.32422e-05 4.43819e-06

7.32422e-05 1.05965e-06
9.58466e-05 2.44141e-05

9.76563e-05 1.42789e-05
0.00012207 1.48651e-05

0.00012207 1.36927e-05
0.000146484 1.44213e-05

0.000146484 1.49687e-05
0.000170898 1.5326e-05

0.000170898 1.46819e-05
0.000195313 1.40047e-05

0.000195313 1.46226e-05
0.000219727 1.45915e-05

0.000219727 1.43419e-05
0.000244141 1.42956e-05

0.000244141 1.45187e-05
0.000268555 1.46223e-05

0.000268555 1.45928e-05
0.000292969 1.42082e-05

0.000292969 1.4451e-05
0.000317383 1.40847e-05

0.000317383 1.427e-05
0.000341797 1.39604e-05

0.000341797 1.41438e-05
0.000366211 1.3914e-05

0.000366211 1.40657e-05
0.000390625 1.38126e-05

0.000390625 1.39574e-05
0.000415039 1.37153e-05

0.000415039 1.38961e-05
0.000439453 1.36163e-05

0.000439453 1.37433e-05
0.000463867 1.35094e-05

0.000463867 1.36555e-05
0.000488281 1.35082e-05

0.000488281 1.35975e-05
0.000512695 1.34366e-05

0.000512695 1.35627e-05
0.000537109 1.33633e-05

0.000537109 1.34454e-05
0.000561523 1.32958e-05

0.000561523 1.3349e-05
0.000585937 1.33582e-05

0.000585938 1.33898e-05
0.000610352 1.33647e-05

0.000610352 1.34948e-05
0.000634766 1.3176e-05

0.000634766 1.33033e-05
0.00065918 1.29882e-05

0.00065918 1.30503e-05
0.000683594 1.31666e-05

0.000683594 1.31549e-05
0.000708008 1.33036e-05

0.000708008 1.33134e-05
0.000732422 1.31179e-05

0.000732422 1.31381e-05
0.000756836 1.30389e-05

0.000756836 1.29882e-05
0.00078125 1.33007e-05

0.00078125 1.31455e-05
0.000805664 1.34811e-05

0.000805664 1.33471e-05
0.000830078 1.34291e-05

0.000830078 1.34371e-05
0.000854492 1.33092e-05

0.000854492 1.32422e-05
0.000878906 1.33474e-05

0.000878906 1.32326e-05
0.00090332 1.36672e-05

0.00090332 1.35104e-05
0.000927734 1.37177e-05

0.000927734 1.35865e-05
0.000952148 1.36207e-05

0.000952148 1.35312e-05
0.000976562 1.37477e-05

0.000976562 1.36356e-05
0.00100098 1.38947e-05

0.00100098 1.37285e-05
0.00102539 1.39396e-05

0.00102539 1.37681e-05
0.0010498 1.40813e-05

0.0010498 1.39212e-05
0.00107422 1.42236e-05

0.00107422 1.39905e-05
0.00109863 1.43232e-05

0.00109863 1.41403e-05
0.00112305 1.45197e-05

0.00112305 1.42525e-05
0.00114746 1.46544e-05

0.00114746 1.44104e-05
0.00117187 1.48848e-05

0.00117188 1.46697e-05
0.00119629 1.4996e-05

0.00119629 1.50009e-05
0.0012207 1.48219e-05

0.0012207 1.45612e-05
0.00124512 1.48143e-05

0.00124512 1.49608e-05
0.00126953 1.52726e-05

0.00126953 1.49687e-05
0.00129395 1.49166e-05

0.00129395 1.52801e-05
0.00131836 1.48678e-05

0.00131836 1.44946e-05
0.00134277 1.47185e-05

0.00134277 1.59647e-05
0.00136719 1.45471e-05

0.0013916 5.10982e-07
0.00136925 2.44141e-05

0.0013916 4.7298e-06
0.00139321 0

0.00146297 0
0.00146484 5.51147e-06

0.00146484 4.76601e-06
0.00148421 2.44141e-05

0.00148381 2.44141e-05
0.00148926 2.63087e-05

0.00148926 1.71134e-05
0.00151367 1.72381e-05

0.00148926 2.44638e-05
0.00150394 2.44141e-05

0.00151367 1.68957e-05
0.00153809 1.67108e-05

0.00151367 2.44345e-05
0.00152504 2.44141e-05

0.0015625 5.61697e-06
0.00154315 2.44141e-05

0.00153809 2.59292e-05
0.00154258 2.44141e-05

0 0.00312008
0.000390625 0.00310908

0.000390625 0.00310937
0.00078125 0.0030758

0.00078125 0.00307643
0.00117187 0.00301845

0.00117188 0.0030195
0.0015625 0.00293375

0.0015625 7.04178e-06
0.00156498 0

0.00165639 0
0.00166016 9.21437e-06

0.00166016 1.03738e-05
0.00167578 2.44141e-05

0.00167483 2.44141e-05
0.00168457 2.782e-05

0.00168457 1.76776e-05
0.00170898 1.78537e-05

0.0016928 2.44141e-05
0.00170898 2.44719e-05

0.0017334 1.0915e-05
0.0017178 2.44141e-05

0.00170898 2.77703e-05
0.00171882 2.44141e-05

0.0017334 1.1431e-05
0.00173821 0

0.00180035 0
0.00180664 1.41334e-05

0.00180664 9.34296e-06
0.00183105 1.24243e-05

0.00183105 6.09156e-06
0.00185458 0

0.00185564 0
0.00187988 1.7501e-05

0.00187988 9.18461e-06
0.0019043 1.14221e-05

0.0019043 9.2825e-06
0.00192871 1.04875e-05

0.00192871 9.818e-06
0.00195312 1.21395e-05

0.00195312 9.48063e-06
0.00197754 1.30211e-05

0.00197754 1.36265e-05
0.00200195 1.28476e-05

0.00200195 1.54325e-05
0.00202637 6.03863e-06

0.00202637 6.52725e-06
0.00205078 9.04632e-06

0.00205078 9.4452e-06
0.0020752 1.46648e-05

0.0020752 9.80538e-06
0.00209961 1.18584e-05

0.00209961 1.34216e-05
0.00212402 1.33285e-05

0.00212402 1.30053e-05
0.00214844 8.53553e-06

0.00214844 8.1448e-06
0.00217285 1.30502e-05

0.00217285 1.39199e-05
0.00219727 1.37564e-05

0.00219727 1.30649e-05
0.00222168 7.91233e-06

0.00222168 7.83029e-06
0.00224609 1.34503e-05

0.00224609 1.41188e-05
0.00227051 1.38825e-05

0.00227051 1.38044e-05
0.00229492 7.15917e-06

0.00229492 7.92013e-06
0.00231934 1.19351e-05

0.00231934 1.05722e-05
0.00234375 1.51261e-05

0.00234375 1.51656e-05
0.00236816 1.07298e-05

0.00236816 1.25158e-05
0.00239258 7.29008e-06

0.00239258 7.29972e-06
0.00241699 1.25086e-05

0.00241699 1.06621e-05
0.00244141 1.52097e-05

0.00244141 1.52058e-05
0.00246582 1.06507e-05

0.00246582 1.24796e-05
0.00249023 7.33475e-06

0.00249023 7.33613e-06
0.00251465 1.25252e-05

0.00251465 1.06856e-05
0.00253906 1.51794e-05

0.00253906 1.51741e-05
0.00256348 1.06651e-05

0.00256348 1.24497e-05
0.00258789 7.41828e-06

0.00258789 7.41002e-06
0.0026123 1.2553e-05

0.0026123 1.0814e-05
0.00263672 1.50703e-05

0.00263672 1.5013e-05
0.00266113 1.06073e-05

0.00266113 1.18788e-05
0.00268555 8.16084e-06

0.00268555 7.36859e-06
0.00270996 1.38402e-05

0.00270996 1.3935e-05
0.00273438 1.41003e-05

0.00273437 1.38739e-05
0.00275879 7.55762e-06

0.00275879 8.33509e-06
0.0027832 1.18457e-05

0.0027832 1.07554e-05
0.00280762 1.48661e-05

0.00280762 1.48623e-05
0.00283203 1.07655e-05

0.00283203 1.19382e-05
0.00285645 8.25361e-06

0.00285645 7.5843e-06
0.00288086 1.36542e-05

0.00288086 1.37321e-05
0.00290527 1.39473e-05

0.00290527 1.29994e-05
0.00292969 8.5274e-06

0.00292969 9.10938e-06
0.0029541 1.29069e-05

0.0029541 1.30988e-05
0.00297852 1.31903e-05

0.00297852 1.13743e-05
0.00300293 1.07628e-05

0.00300293 1.08713e-05
0.00302734 1.46158e-05

0.00302734 1.29958e-05
0.00305176 1.42732e-05

0.00305176 1.32974e-05
0.00307617 1.40625e-05

0.00307617 1.36645e-05
0.00310059 1.47578e-05

0.00310059 1.40599e-05
0.003125 1.49905e-05

0.00175781 0.00287787
0.00157079 0.00292969

0.0015625 0.00293187
0.00157037 0.00292969

0.00175781 0.00287837
0.00195312 0.00281556

0.00234375 0.00265816
0.00216891 0.00273438

0.00195312 0.0028159
0.00214844 0.00274271

0.00214844 0.00274196
0.00216584 0.00273438

0.00292969 0.00231069
0.00288377 0.00234375

0.00302734 0.00223438
0.00301262 0.00224609

0.00297852 0.00227182
0.0029487 0.00229492

0.00292969 0.00230992
0.00294935 0.00229492

0.00300293 0.00225267
0.00298034 0.00227051

0.00297852 0.00227226
0.0029807 0.00227051

0.00300293 0.00224863
0.0030062 0.00224609

0.00307617 0.00219066
0.00306856 0.00219727

0.00302734 0.00223316
0.00306987 0.00219727

0.00307617 0.00219173
0.003125 0.00214845

0.00244141 0.0026105
0.00238746 0.00263672

0.00234375 0.00265633
0.0023841 0.00263672

0.00244141 0.00261001
0.00253906 0.00255901

0.00273438 0.00244628
0.00257694 0.00253906

0.00253906 0.00255829
0.00257224 0.00253906

0.00283203 0.00237997
0.0027396 0.00244141

0.00273438 0.00244377
0.00273808 0.00244141

0.00283203 0.00237974
0.00288231 0.00234375

0.003125 1.45064e-05
0.00314941 1.53952e-05

0.00314941 1.48678e-05
0.00317383 1.56309e-05

0.00317383 1.51307e-05
0.00319824 1.60429e-05

0.00319824 1.54421e-05
0.00322266 1.66122e-05

0.00322266 1.59519e-05
0.00324707 1.72748e-05

0.00324707 1.65693e-05
0.00327148 1.78866e-05

0.00327148 1.71301e-05
0.0032959 1.85758e-05

0.0032959 1.86543e-05
0.00332031 1.86272e-05

0.00332031 1.69154e-05
0.00334473 1.87366e-05

0.00334473 1.99463e-05
0.00336914 2.09775e-05

0.00336914 1.3331e-05
0.00339355 2.43228e-05

0.0033908 2.44141e-05
0.00339355 2.54877e-05

0.00339355 2.37076e-05
0.00339423 2.44141e-05

0.00339355 2.77918e-05
0.0034175 4.88281e-05

0.00341742 4.88281e-05
0.00341797 4.935e-05

0.00341797 4.96751e-05
0.0034417 7.32422e-05

0.00344169 7.32422e-05
0.00344238 7.39549e-05

0.00344238 7.40989e-05
0.00346445 9.76563e-05

0.00346499 9.76563e-05
0.0034668 9.96764e-05

0.0034668 0.00010043
0.00348585 0.00012207

0.00348562 0.00012207
0.00349121 0.000128711

0.00349121 0.00012836
0.00350619 0.000146484

0.00350641 0.000146484
0.00351563 0.000158441

0.00351563 0.000158892
0.00354315 0.000195313

0.00354355 0.000195313
0.00356445 0.000226533

0.00356445 0.000228483
0.00357476 0.000244141

0.00357566 0.000244141
0.00360462 0.000292969

0.00360534 0.000292969
0.00361328 0.000308888

0.00361328 0.000310206
0.00362985 0.000341797

0.00363 0.000341797
0.00365273 0.000390625

0.0036534 0.000390625
0.00369106 0.000488281

0.0036909 0.000488281
0.00371094 0.000558567

0.00371094 0.000560273
0.00371826 0.000585938

0.0037184 0.000585937
0.00373743 0.000683594

0.00373707 0.000683594
0.00374843 0.00078125

0.00375041 0.00078125
0.00375138 0.000976562

0.00375107 0.000976562
0.00372348 0.00117188

0.00371094 0.00121743
0.00366818 0.00136719

0.00366818 0.00136719
0.0035833 0.0015625

0.00371094 0.00121471
0.00372152 0.00117187

0.00332031 0.00195031
0.00331795 0.00195312

0.00351563 0.00167811
0.00346818 0.00175781

0.00341797 0.00182425
0.00339543 0.00185547

0.00332031 0.00194812
0.00339561 0.00185547

0.00341797 0.00182373
0.00346559 0.00175781

0.00322266 0.00205496
0.00312605 0.00214844

0.00331658 0.00195313
0.00322682 0.00205078

0.00322266 0.00205451
0.0032263 0.00205078

0.00351563 0.00167711
0.00358384 0.0015625

