7.1551e-05 0
7.32422e-05 4.94423e-06

7.33358e-05 0
9.57786e-05 2.44141e-05

9.76563e-05 1.46244e-05
0.00012207 1.59163e-05

0.00012207 1.4543e-05
0.000146484 1.36927e-05

0.000146484 1.44779e-05
0.000170898 1.47138e-05

0.000170898 1.40429e-05
0.000195313 1.45639e-05

0.000195313 1.50574e-05
0.000219727 1.49626e-05

0.000219727 1.46209e-05
0.000244141 1.38344e-05

0.000244141 1.42966e-05
0.000268555 1.44808e-05

0.000268555 1.4295e-05
0.000292969 1.44487e-05

0.000292969 1.46914e-05
0.000317383 1.4328e-05

0.000317383 1.44384e-05
0.000341797 1.37349e-05

0.000341797 1.40346e-05
0.000366211 1.38966e-05

0.000366211 1.40691e-05
0.000390625 1.38931e-05

0.000390625 1.39651e-05
0.000415039 1.36982e-05

0.000415039 1.38733e-05
0.000439453 1.3685e-05

0.000439453 1.38311e-05
0.000463867 1.3549e-05

0.000463867 1.36522e-05
0.000488281 1.34845e-05

0.000488281 1.36378e-05
0.000512695 1.34931e-05

0.000512695 1.35538e-05
0.000537109 1.33689e-05

0.000537109 1.35189e-05
0.000561523 1.33397e-05

0.000561523 1.34156e-05
0.000585937 1.32444e-05

0.000585938 1.33762e-05
0.000610352 1.32328e-05

0.000610352 1.32071e-05
0.000634766 1.32447e-05

0.000634766 1.33716e-05
0.00065918 1.32918e-05

0.00065918 1.33499e-05
0.000683594 1.29863e-05

0.000683594 1.30468e-05
0.000708008 1.3093e-05

0.000708008 1.30791e-05
0.000732422 1.33234e-05

0.000732422 1.32953e-05
0.000756836 1.31962e-05

0.000756836 1.31819e-05
0.00078125 1.30775e-05

0.00078125 1.29733e-05
0.000805664 1.3368e-05

0.000805664 1.32029e-05
0.000830078 1.36265e-05

0.000830078 1.35505e-05
0.000854492 1.34093e-05

0.000854492 1.33983e-05
0.000878906 1.3224e-05

0.000878906 1.3108e-05
0.00090332 1.35974e-05

0.00090332 1.34107e-05
0.000927734 1.39291e-05

0.000927734 1.38222e-05
0.000952148 1.36538e-05

0.000952148 1.36444e-05
0.000976562 1.3444e-05

0.000976562 1.32972e-05
0.00100098 1.3881e-05

0.00100098 1.36823e-05
0.00102539 1.42781e-05

0.00102539 1.3979e-05
0.0010498 1.41035e-05

0.0010498 1.41619e-05
0.00107422 1.39894e-05

0.00107422 1.37507e-05
0.00109863 1.40676e-05

0.00109863 1.38688e-05
0.00112305 1.47687e-05

0.00112305 1.44683e-05
0.00114746 1.47546e-05

0.00114746 1.46104e-05
0.00117187 1.44813e-05

0.00117188 1.43573e-05
0.00119629 1.46604e-05

0.00119629 1.42521e-05
0.0012207 1.53226e-05

0.0012207 1.51693e-05
0.00124512 1.55865e-05

0.00124512 1.55615e-05
0.00126953 1.47044e-05

0.00126953 1.45304e-05
0.00129395 1.48138e-05

0.00129395 1.5414e-05
0.00131836 1.5315e-05

0.00131836 1.46689e-05
0.00134277 1.4513e-05

0.00134277 1.57833e-05
0.00136719 1.4691e-05

0.00134277 2.44309e-05
0.00134372 2.44141e-05

0.0013916 8.75028e-07
0.0013694 2.44141e-05

0.00136719 2.49046e-05
0.00136858 2.44141e-05

0.0013916 4.29176e-06
0.00139306 0

0.00146301 0
0.00146484 5.37174e-06

0.00146484 5.01661e-06
0.00148416 2.44141e-05

0.00148328 2.44141e-05
0.00148926 2.64706e-05

0.00148926 1.69366e-05
0.00151367 1.70203e-05

0.00148926 2.44731e-05
0.00150114 2.44141e-05

0.00151367 1.68628e-05
0.00153809 1.69348e-05

0.00153099 2.44141e-05
0.00153809 2.44419e-05

0.0015625 5.63026e-06
0.00154319 2.44141e-05

0.00153809 2.59558e-05
0.00154264 2.44141e-05

0 0.00312006
0.000390625 0.00310906

0.000390625 0.00310934
0.00078125 0.00307578

0.00078125 0.00307641
0.00117187 0.00301844

0.00117188 0.00301948
0.0015625 0.00293375

0.0015625 7.22954e-06
0.00156505 0

0.0016564 0
0.00166016 9.19678e-06

0.00166016 1.03669e-05
0.00167578 2.44141e-05

0.00167487 2.44141e-05
0.00168457 2.78088e-05

0.00168457 1.76778e-05
0.00170898 1.78592e-05

0.00169308 2.44141e-05
0.00170898 2.44731e-05

0.0017334 1.09147e-05
0.0017178 2.44141e-05

0.00170898 2.7767e-05
0.00171881 2.44141e-05

0.0017334 1.14247e-05
0.00173821 0

0.00180036 0
0.00180664 1.413e-05

0.00180664 9.32967e-06
0.00183105 1.24289e-05

0.00183105 6.08213e-06
0.00185466 0

0.00185563 0
0.00187988 1.75045e-05

0.00187988 9.19885e-06
0.0019043 1.1428e-05

0.0019043 9.2894e-06
0.00192871 1.0484e-05

0.00192871 9.82456e-06
0.00195312 1.21421e-05

0.00195312 9.48402e-06
0.00197754 1.30172e-05

0.00197754 1.36222e-05
0.00200195 1.28521e-05

0.00200195 1.54269e-05
0.00202637 6.05511e-06

0.00202637 6.54627e-06
0.00205078 9.04767e-06

0.00205078 9.44435e-06
0.0020752 1.46596e-05

0.0020752 9.80742e-06
0.00209961 1.18734e-05

0.00209961 1.34326e-05
0.00212402 1.33293e-05

0.00212402 1.30683e-05
0.00214844 8.47601e-06

0.00214844 8.06278e-06
0.00217285 1.29989e-05

0.00217285 1.38311e-05
0.00219727 1.3871e-05

0.00219727 1.3216e-05
0.00222168 7.8989e-06

0.00222168 7.78916e-06
0.00224609 1.33049e-05

0.00224609 1.39784e-05
0.00227051 1.40117e-05

0.00227051 1.38745e-05
0.00229492 7.26418e-06

0.00229492 8.00544e-06
0.00231934 1.18506e-05

0.00231934 1.05663e-05
0.00234375 1.51154e-05

0.00234375 1.51505e-05
0.00236816 1.0737e-05

0.00236816 1.25142e-05
0.00239258 7.30567e-06

0.00239258 7.31286e-06
0.00241699 1.25054e-05

0.00241699 1.0665e-05
0.00244141 1.5204e-05

0.00244141 1.52002e-05
0.00246582 1.06549e-05

0.00246582 1.2478e-05
0.00249023 7.34639e-06

0.00249023 7.34744e-06
0.00251465 1.25259e-05

0.00251465 1.06922e-05
0.00253906 1.51728e-05

0.00253906 1.51658e-05
0.00256348 1.06682e-05

0.00256348 1.24418e-05
0.00258789 7.44109e-06

0.00258789 7.43406e-06
0.0026123 1.25562e-05

0.0026123 1.08243e-05
0.00263672 1.50549e-05

0.00263672 1.49973e-05
0.00266113 1.06168e-05

0.00266113 1.18847e-05
0.00268555 8.1827e-06

0.00268555 7.39109e-06
0.00270996 1.38272e-05

0.00270996 1.39251e-05
0.00273438 1.40974e-05

0.00273437 1.38584e-05
0.00275879 7.59215e-06

0.00275879 8.36963e-06
0.0027832 1.18547e-05

0.0027832 1.0775e-05
0.00280762 1.48396e-05

0.00280762 1.48399e-05
0.00283203 1.07709e-05

0.00283203 1.18657e-05
0.00285645 8.35671e-06

0.00285645 7.69316e-06
0.00288086 1.37267e-05

0.00288086 1.38601e-05
0.00290527 1.38391e-05

0.00290527 1.30435e-05
0.00292969 8.3482e-06

0.00292969 8.84714e-06
0.0029541 1.29372e-05

0.0029541 1.31445e-05
0.00297852 1.33545e-05

0.00297852 1.1647e-05
0.00300293 1.04149e-05

0.00300293 1.05433e-05
0.00302734 1.4349e-05

0.00302734 1.27928e-05
0.00305176 1.44161e-05

0.00305176 1.31932e-05
0.00307617 1.40609e-05

0.00307617 1.36605e-05
0.00310059 1.48542e-05

0.00310059 1.40763e-05
0.003125 1.50256e-05

0.00175781 0.00287788
0.00157079 0.00292969

0.0015625 0.00293188
0.0015704 0.00292969

0.00175781 0.00287838
0.00195312 0.00281558

0.00234375 0.00265819
0.00216897 0.00273438

0.00195312 0.00281591
0.00214844 0.00274274

0.00214844 0.00274199
0.00216591 0.00273438

0.00292969 0.0023108
0.00288391 0.00234375

0.00302734 0.00223452
0.0030128 0.00224609

0.00297852 0.0022719
0.00294881 0.00229492

0.00292969 0.00231001
0.00294946 0.00229492

0.00300293 0.00225277
0.00298045 0.00227051

0.00297852 0.00227235
0.00298081 0.00227051

0.00300293 0.00224869
0.00300629 0.00224609

0.00307617 0.00219072
0.00306862 0.00219727

0.00302734 0.00223326
0.00306999 0.00219727

0.00307617 0.00219184
0.003125 0.00214856

0.00244141 0.00261055
0.00238756 0.00263672

0.00234375 0.00265637
0.00238418 0.00263672

0.00244141 0.00261005
0.00253906 0.00255906

0.00273438 0.00244635
0.00257703 0.00253906

0.00253906 0.00255833
0.00257231 0.00253906

0.00283203 0.00238005
0.0027397 0.00244141

0.00273438 0.00244383
0.00273817 0.00244141

0.00283203 0.0023798
0.0028824 0.00234375

0.003125 1.44744e-05
0.00314941 1.55534e-05

0.00314941 1.48887e-05
0.00317383 1.59815e-05

0.00317383 1.54424e-05
0.00319824 1.64302e-05

0.00319824 1.59305e-05
0.00322266 1.66551e-05

0.00322266 1.60271e-05
0.00324707 1.71336e-05

0.00324707 1.66934e-05
0.00327148 1.79093e-05

0.00327148 1.73187e-05
0.0032959 1.81299e-05

0.0032959 1.72624e-05
0.00332031 1.89093e-05

0.00332031 1.84678e-05
0.00334473 2.02746e-05

0.00334473 1.98859e-05
0.00336914 1.98995e-05

0.00336914 1.36426e-05
0.00339204 2.44141e-05

0.00339115 2.44141e-05
0.00339355 2.535e-05

0.00339355 2.77605e-05
0.00341787 4.88281e-05

0.00341767 4.88281e-05
0.00341797 4.91115e-05

0.00341797 4.95752e-05
0.00344176 7.32422e-05

0.00344181 7.32422e-05
0.00344238 7.38392e-05

0.00344238 7.39785e-05
0.00346455 9.76563e-05

0.00346502 9.76563e-05
0.0034668 9.96414e-05

0.0034668 0.00010034
0.00348586 0.00012207

0.00348561 0.00012207
0.00349121 0.00012874

0.00349121 0.000128407
0.00350612 0.000146484

0.00350637 0.000146484
0.00351563 0.000158512

0.00351563 0.000158944
0.00354307 0.000195313

0.00354346 0.000195313
0.00356445 0.000226697

0.00356445 0.000228596
0.00357467 0.000244141

0.00357556 0.000244141
0.00360451 0.000292969

0.00360522 0.000292969
0.00361328 0.000309139

0.00361328 0.000310415
0.00362974 0.000341797

0.00362989 0.000341797
0.00365261 0.000390625

0.00365328 0.000390625
0.00369094 0.000488281

0.00369078 0.000488281
0.00371094 0.000558944

0.00371094 0.000560665
0.00371815 0.000585938

0.0037183 0.000585937
0.00373735 0.000683594

0.00373698 0.000683594
0.00374837 0.00078125

0.00375035 0.00078125
0.00375135 0.000976562

0.00375104 0.000976562
0.00372349 0.00117188

0.00371094 0.00121752
0.00366823 0.00136719

0.00366823 0.00136719
0.00358339 0.0015625

0.00371094 0.00121481
0.00372154 0.00117187

0.00332031 0.00195049
0.00331809 0.00195312

0.00351563 0.00167835
0.00346833 0.00175781

0.00341797 0.00182444
0.00339556 0.00185547

0.00332031 0.00194827
0.00339573 0.00185547

0.00341797 0.00182386
0.00346569 0.00175781

0.00322266 0.00205508
0.00312617 0.00214844

0.0033167 0.00195313
0.00322694 0.00205078

0.00322266 0.00205467
0.00322646 0.00205078

0.00351563 0.00167721
0.00358389 0.0015625

