7.15227e-05 0
7.32422e-05 5.02722e-06

7.32422e-05 1.0544e-06
9.59299e-05 2.44141e-05

9.76563e-05 1.42634e-05
0.00012207 1.48039e-05

0.00012207 1.3748e-05
0.000146484 1.42076e-05

0.000146484 1.45233e-05
0.000170898 1.52642e-05

0.000170898 1.486e-05
0.000195313 1.42758e-05

0.000195313 1.46266e-05
0.000219727 1.42284e-05

0.000219727 1.40763e-05
0.000244141 1.44323e-05

0.000244141 1.44912e-05
0.000268555 1.49241e-05

0.000268555 1.50185e-05
0.000292969 1.41789e-05

0.000292969 1.44206e-05
0.000317383 1.36662e-05

0.000317383 1.39719e-05
0.000341797 1.40574e-05

0.000341797 1.40478e-05
0.000366211 1.41702e-05

0.000366211 1.42424e-05
0.000390625 1.39752e-05

0.000390625 1.42225e-05
0.000415039 1.35853e-05

0.000415039 1.37265e-05
0.000439453 1.35247e-05

0.000439453 1.37614e-05
0.000463867 1.37438e-05

0.000463867 1.37633e-05
0.000488281 1.34618e-05

0.000488281 1.36284e-05
0.000512695 1.34282e-05

0.000512695 1.35687e-05
0.000537109 1.33603e-05

0.000537109 1.33708e-05
0.000561523 1.33793e-05

0.000561523 1.35433e-05
0.000585937 1.33981e-05

0.000585938 1.34761e-05
0.000610352 1.30616e-05

0.000610352 1.31342e-05
0.000634766 1.32054e-05

0.000634766 1.326e-05
0.00065918 1.33806e-05

0.00065918 1.3421e-05
0.000683594 1.30932e-05

0.000683594 1.32163e-05
0.000708008 1.29506e-05

0.000708008 1.29416e-05
0.000732422 1.31919e-05

0.000732422 1.30897e-05
0.000756836 1.34359e-05

0.000756836 1.33841e-05
0.00078125 1.32496e-05

0.00078125 1.3232e-05
0.000805664 1.30988e-05

0.000805664 1.3031e-05
0.000830078 1.34104e-05

0.000830078 1.32442e-05
0.000854492 1.36361e-05

0.000854492 1.35654e-05
0.000878906 1.34497e-05

0.000878906 1.33785e-05
0.00090332 1.33319e-05

0.00090332 1.32243e-05
0.000927734 1.37224e-05

0.000927734 1.36216e-05
0.000952148 1.38236e-05

0.000952148 1.36217e-05
0.000976562 1.3626e-05

0.000976562 1.35838e-05
0.00100098 1.38677e-05

0.00100098 1.37202e-05
0.00102539 1.39532e-05

0.00102539 1.36958e-05
0.0010498 1.41076e-05

0.0010498 1.39764e-05
0.00107422 1.43244e-05

0.00107422 1.41789e-05
0.00109863 1.41602e-05

0.00109863 1.40685e-05
0.00112305 1.42035e-05

0.00112305 1.38879e-05
0.00114746 1.46604e-05

0.00114746 1.42573e-05
0.00117187 1.52261e-05

0.00117188 1.51754e-05
0.00119629 1.49288e-05

0.00119629 1.4708e-05
0.0012207 1.43755e-05

0.0012207 1.4117e-05
0.00124512 1.54523e-05

0.00124512 1.56094e-05
0.00126953 1.56524e-05

0.00126953 1.51e-05
0.00129395 1.45406e-05

0.00129395 1.53309e-05
0.00131836 1.50076e-05

0.00131836 1.44771e-05
0.00134277 1.46363e-05

0.00134277 1.57226e-05
0.00136719 1.4875e-05

0.0013916 1.08309e-06
0.00136954 2.44141e-05

0.0013916 3.62808e-06
0.00139283 0

0.00146295 0
0.00146484 5.60527e-06

0.00146484 4.35808e-06
0.00148432 2.44141e-05

0.00148504 2.44141e-05
0.00148926 2.59043e-05

0.00148926 1.72054e-05
0.00151367 1.77277e-05

0.00151367 1.72184e-05
0.00153809 1.66667e-05

0.0015625 5.45988e-06
0.00154315 2.44141e-05

0.00153809 2.60086e-05
0.00154278 2.44141e-05

0 0.00312003
0.000390625 0.00310903

0.000390625 0.00310932
0.00078125 0.00307576

0.00078125 0.00307639
0.00117187 0.00301842

0.00117188 0.00301947
0.0015625 0.00293374

0.0015625 7.05432e-06
0.00156497 0

0.00165637 0
0.00166016 9.26554e-06

0.00166016 1.03344e-05
0.0016758 2.44141e-05

0.00167505 2.44141e-05
0.00168457 2.77523e-05

0.00168457 1.77004e-05
0.00170898 1.79219e-05

0.0016945 2.44141e-05
0.00170898 2.44847e-05

0.0017334 1.09047e-05
0.00171783 2.44141e-05

0.00170898 2.77972e-05
0.00171887 2.44141e-05

0.0017334 1.13739e-05
0.00173818 0

0.00180034 0
0.00180664 1.41517e-05

0.00180664 9.32626e-06
0.00183105 1.24112e-05

0.00183105 6.07224e-06
0.00185472 0

0.00185564 0
0.00187988 1.75074e-05

0.00187988 9.20614e-06
0.0019043 1.1436e-05

0.0019043 9.29355e-06
0.00192871 1.04795e-05

0.00192871 9.82698e-06
0.00195312 1.21455e-05

0.00195312 9.48772e-06
0.00197754 1.30147e-05

0.00197754 1.36203e-05
0.00200195 1.28523e-05

0.00200195 1.54313e-05
0.00202637 6.0547e-06

0.00202637 6.55408e-06
0.00205078 9.03262e-06

0.00205078 9.39227e-06
0.0020752 1.46907e-05

0.0020752 9.84774e-06
0.00209961 1.19261e-05

0.00209961 1.34959e-05
0.00212402 1.32655e-05

0.00212402 1.30192e-05
0.00214844 8.45031e-06

0.00214844 8.05636e-06
0.00217285 1.30411e-05

0.00217285 1.38411e-05
0.00219727 1.38456e-05

0.00219727 1.31367e-05
0.00222168 7.96664e-06

0.00222168 7.87545e-06
0.00224609 1.33773e-05

0.00224609 1.40893e-05
0.00227051 1.38944e-05

0.00227051 1.38051e-05
0.00229492 7.18628e-06

0.00229492 7.94165e-06
0.00231934 1.1924e-05

0.00231934 1.05741e-05
0.00234375 1.51157e-05

0.00234375 1.51539e-05
0.00236816 1.07349e-05

0.00236816 1.25123e-05
0.00239258 7.30776e-06

0.00239258 7.31642e-06
0.00241699 1.25073e-05

0.00241699 1.06676e-05
0.00244141 1.52004e-05

0.00244141 1.51961e-05
0.00246582 1.06561e-05

0.00246582 1.24772e-05
0.00249023 7.35325e-06

0.00249023 7.35417e-06
0.00251465 1.25242e-05

0.00251465 1.0693e-05
0.00253906 1.51691e-05

0.00253906 1.51629e-05
0.00256348 1.06701e-05

0.00256348 1.24462e-05
0.00258789 7.44032e-06

0.00258789 7.43285e-06
0.0026123 1.25504e-05

0.0026123 1.08203e-05
0.00263672 1.50563e-05

0.00263672 1.4998e-05
0.00266113 1.06156e-05

0.00266113 1.18816e-05
0.00268555 8.18116e-06

0.00268555 7.3905e-06
0.00270996 1.38297e-05

0.00270996 1.39224e-05
0.00273438 1.40989e-05

0.00273437 1.38655e-05
0.00275879 7.59266e-06

0.00275879 8.3683e-06
0.0027832 1.18462e-05

0.0027832 1.07637e-05
0.00280762 1.48494e-05

0.00280762 1.48515e-05
0.00283203 1.07779e-05

0.00283203 1.1959e-05
0.00285645 8.25439e-06

0.00285645 7.56164e-06
0.00288086 1.36536e-05

0.00288086 1.37597e-05
0.00290527 1.39706e-05

0.00290527 1.31313e-05
0.00292969 8.36667e-06

0.00292969 8.82913e-06
0.0029541 1.28874e-05

0.0029541 1.32562e-05
0.00297852 1.33117e-05

0.00297852 1.15515e-05
0.00300293 1.02383e-05

0.00300293 1.03374e-05
0.00302734 1.4527e-05

0.00302734 1.28122e-05
0.00305176 1.46388e-05

0.00305176 1.33035e-05
0.00307617 1.42372e-05

0.00307617 1.38702e-05
0.00310059 1.5001e-05

0.00310059 1.42667e-05
0.003125 1.50432e-05

0.00175781 0.00287788
0.00157076 0.00292969

0.0015625 0.00293187
0.00157038 0.00292969

0.00175781 0.00287837
0.00195312 0.00281558

0.00234375 0.0026582
0.00216898 0.00273438

0.00195312 0.00281591
0.00214844 0.00274274

0.00214844 0.002742
0.00216592 0.00273438

0.00292969 0.00231082
0.00288394 0.00234375

0.00302734 0.00223454
0.00301282 0.00224609

0.00297852 0.00227191
0.00294882 0.00229492

0.00292969 0.00231002
0.00294948 0.00229492

0.00300293 0.00225277
0.00298046 0.00227051

0.00297852 0.00227237
0.00298082 0.00227051

0.00300293 0.00224867
0.00300627 0.00224609

0.00307617 0.00219071
0.00306861 0.00219727

0.00302734 0.00223327
0.00307 0.00219727

0.00307617 0.00219184
0.003125 0.00214856

0.00244141 0.00261056
0.00238758 0.00263672

0.00234375 0.00265637
0.00238419 0.00263672

0.00244141 0.00261006
0.00253906 0.00255907

0.00273438 0.00244636
0.00257706 0.00253906

0.00253906 0.00255833
0.00257232 0.00253906

0.00283203 0.00238006
0.00273972 0.00244141

0.00273438 0.00244383
0.00273817 0.00244141

0.00283203 0.0023798
0.0028824 0.00234375

0.003125 1.45938e-05
0.00314941 1.55244e-05

0.00314941 1.49607e-05
0.00317383 1.58788e-05

0.00317383 1.53882e-05
0.00319824 1.62775e-05

0.00319824 1.58236e-05
0.00322266 1.65524e-05

0.00322266 1.60285e-05
0.00324707 1.69244e-05

0.00324707 1.65302e-05
0.00327148 1.74638e-05

0.00327148 1.67386e-05
0.0032959 1.7943e-05

0.0032959 1.75496e-05
0.00332031 1.87407e-05

0.00332031 1.80303e-05
0.00334473 1.89979e-05

0.00334473 1.90466e-05
0.00336914 1.91789e-05

0.00336914 1.25107e-05
0.00339288 2.44141e-05

0.00339137 2.44141e-05
0.00339355 2.53074e-05

0.00339355 2.75269e-05
0.0034177 4.88281e-05

0.00341746 4.88281e-05
0.00341797 4.93134e-05

0.00341797 4.87828e-05
0.00341802 4.88281e-05

0.00341797 4.95774e-05
0.00344171 7.32422e-05

0.00344178 7.32422e-05
0.00344238 7.38704e-05

0.00344238 7.40511e-05
0.00346449 9.76563e-05

0.00346502 9.76563e-05
0.0034668 9.96285e-05

0.0034668 0.000100054
0.00350649 0.000146484

0.00350641 0.000146484
0.00351563 0.000158468

0.00351563 0.000158685
0.00354297 0.000195313

0.0035435 0.000195313
0.00356445 0.000226638

0.00356445 0.000228541
0.00357471 0.000244141

0.0035756 0.000244141
0.00360454 0.000292969

0.00360524 0.000292969
0.00361328 0.000309085

0.00361328 0.000310367
0.00362976 0.000341797

0.00362991 0.000341797
0.00365263 0.000390625

0.00365329 0.000390625
0.00369094 0.000488281

0.00369078 0.000488281
0.00371094 0.000558973

0.00371094 0.000560683
0.00371814 0.000585938

0.00371829 0.000585937
0.00373733 0.000683594

0.00373696 0.000683594
0.00374834 0.00078125

0.00375032 0.00078125
0.00375131 0.000976562

0.003751 0.000976562
0.00372344 0.00117188

0.00371094 0.00121734
0.00366818 0.00136719

0.00366818 0.00136719
0.00358334 0.0015625

0.00371094 0.00121458
0.00372148 0.00117187

0.00332031 0.00195045
0.00331807 0.00195312

0.00351563 0.00167831
0.00346832 0.00175781

0.00341797 0.00182441
0.00339555 0.00185547

0.00332031 0.00194824
0.0033957 0.00185547

0.00341797 0.00182381
0.00346565 0.00175781

0.00322266 0.00205507
0.00312617 0.00214844

0.00331668 0.00195313
0.00322694 0.00205078

0.00322266 0.00205468
0.00322646 0.00205078

0.00351563 0.00167712
0.00358383 0.0015625

