7.16225e-05 0
7.32422e-05 4.74483e-06

7.32702e-05 0
9.59206e-05 2.44141e-05

9.76563e-05 1.43082e-05
0.00012207 1.56557e-05

0.00012207 1.43921e-05
0.000146484 1.38321e-05

0.000146484 1.44114e-05
0.000170898 1.46695e-05

0.000170898 1.40216e-05
0.000195313 1.46078e-05

0.000195313 1.50662e-05
0.000219727 1.49459e-05

0.000219727 1.45291e-05
0.000244141 1.39078e-05

0.000244141 1.43404e-05
0.000268555 1.46884e-05

0.000268555 1.46132e-05
0.000292969 1.43725e-05

0.000292969 1.44701e-05
0.000317383 1.41787e-05

0.000317383 1.43881e-05
0.000341797 1.41408e-05

0.000341797 1.42843e-05
0.000366211 1.39797e-05

0.000366211 1.42265e-05
0.000390625 1.38321e-05

0.000390625 1.39965e-05
0.000415039 1.36642e-05

0.000415039 1.38748e-05
0.000439453 1.36804e-05

0.000439453 1.37892e-05
0.000463867 1.35791e-05

0.000463867 1.3736e-05
0.000488281 1.3505e-05

0.000488281 1.36172e-05
0.000512695 1.34078e-05

0.000512695 1.3519e-05
0.000537109 1.34126e-05

0.000537109 1.35467e-05
0.000561523 1.33217e-05

0.000561523 1.3407e-05
0.000585937 1.3195e-05

0.000585938 1.32933e-05
0.000610352 1.32665e-05

0.000610352 1.32984e-05
0.000634766 1.32647e-05

0.000634766 1.34099e-05
0.00065918 1.31012e-05

0.00065918 1.31932e-05
0.000683594 1.29244e-05

0.000683594 1.29194e-05
0.000708008 1.32067e-05

0.000708008 1.31283e-05
0.000732422 1.34008e-05

0.000732422 1.33355e-05
0.000756836 1.31838e-05

0.000756836 1.31423e-05
0.00078125 1.31674e-05

0.00078125 1.31013e-05
0.000805664 1.34542e-05

0.000805664 1.33548e-05
0.000830078 1.34667e-05

0.000830078 1.33758e-05
0.000854492 1.3343e-05

0.000854492 1.33128e-05
0.000878906 1.34607e-05

0.000878906 1.33689e-05
0.00090332 1.35663e-05

0.00090332 1.34271e-05
0.000927734 1.36366e-05

0.000927734 1.35353e-05
0.000952148 1.37097e-05

0.000952148 1.35838e-05
0.000976562 1.37392e-05

0.000976562 1.36166e-05
0.00100098 1.38604e-05

0.00100098 1.37065e-05
0.00102539 1.39825e-05

0.00102539 1.38085e-05
0.0010498 1.40858e-05

0.0010498 1.39207e-05
0.00107422 1.41907e-05

0.00107422 1.39549e-05
0.00109863 1.43539e-05

0.00109863 1.42414e-05
0.00112305 1.44881e-05

0.00112305 1.40928e-05
0.00114746 1.46016e-05

0.00114746 1.46827e-05
0.00117187 1.48503e-05

0.00117188 1.44646e-05
0.00119629 1.44967e-05

0.00119629 1.42208e-05
0.0012207 1.53635e-05

0.0012207 1.52161e-05
0.00124512 1.56009e-05

0.00124512 1.55311e-05
0.00126953 1.46913e-05

0.00126953 1.46286e-05
0.00129395 1.48045e-05

0.00129395 1.53099e-05
0.00131836 1.51997e-05

0.00131836 1.44276e-05
0.00134277 1.48253e-05

0.00134277 1.62312e-05
0.00136719 1.49309e-05

0.0013916 4.388e-07
0.00136952 2.44141e-05

0.00136719 2.46089e-05
0.00136773 2.44141e-05

0.0013916 3.55979e-06
0.0013928 0

0.00146302 0
0.00146484 5.39264e-06

0.00146484 4.50126e-06
0.00148424 2.44141e-05

0.00148439 2.44141e-05
0.00148926 2.61294e-05

0.00148926 1.72445e-05
0.00151367 1.75516e-05

0.00150676 2.44141e-05
0.00151367 2.44387e-05

0.00151367 1.70685e-05
0.00153809 1.66186e-05

0.00151367 2.44523e-05
0.00151942 2.44141e-05

0.0015625 5.58578e-06
0.00154311 2.44141e-05

0.00153809 2.5937e-05
0.00154261 2.44141e-05

0 0.00312003
0.000390625 0.00310903

0.000390625 0.00310932
0.00078125 0.00307576

0.00078125 0.00307639
0.00117187 0.00301843

0.00117188 0.00301947
0.0015625 0.00293375

0.0015625 7.42732e-06
0.00156512 0

0.00165639 0
0.00166016 9.20556e-06

0.00166016 1.03659e-05
0.00167576 2.44141e-05

0.00167491 2.44141e-05
0.00168457 2.78031e-05

0.00168457 1.77213e-05
0.00170898 1.79039e-05

0.00169265 2.44141e-05
0.00170898 2.44754e-05

0.0017334 1.09132e-05
0.00171782 2.44141e-05

0.00170898 2.77662e-05
0.00171878 2.44141e-05

0.0017334 1.14282e-05
0.00173821 0

0.00180036 0
0.00180664 1.4116e-05

0.00180664 9.29162e-06
0.00183105 1.24452e-05

0.00183105 6.0878e-06
0.00185476 0

0.00185563 0
0.00187988 1.74937e-05

0.00187988 9.20905e-06
0.0019043 1.14477e-05

0.0019043 9.30123e-06
0.00192871 1.0474e-05

0.00192871 9.82586e-06
0.00195312 1.21468e-05

0.00195312 9.48938e-06
0.00197754 1.30183e-05

0.00197754 1.36254e-05
0.00200195 1.28505e-05

0.00200195 1.5426e-05
0.00202637 6.05595e-06

0.00202637 6.54283e-06
0.00205078 9.05412e-06

0.00205078 9.46619e-06
0.0020752 1.46487e-05

0.0020752 9.79658e-06
0.00209961 1.18483e-05

0.00209961 1.3401e-05
0.00212402 1.33515e-05

0.00212402 1.30811e-05
0.00214844 8.49842e-06

0.00214844 8.08331e-06
0.00217285 1.29772e-05

0.00217285 1.38117e-05
0.00219727 1.3874e-05

0.00219727 1.32269e-05
0.00222168 7.91671e-06

0.00222168 7.79489e-06
0.00224609 1.32891e-05

0.00224609 1.39718e-05
0.00227051 1.40209e-05

0.00227051 1.38813e-05
0.00229492 7.26848e-06

0.00229492 8.00884e-06
0.00231934 1.18448e-05

0.00231934 1.05653e-05
0.00234375 1.51169e-05

0.00234375 1.51506e-05
0.00236816 1.07378e-05

0.00236816 1.25133e-05
0.00239258 7.30779e-06

0.00239258 7.31652e-06
0.00241699 1.25056e-05

0.00241699 1.06661e-05
0.00244141 1.52007e-05

0.00244141 1.51959e-05
0.00246582 1.0657e-05

0.00246582 1.24782e-05
0.00249023 7.35232e-06

0.00249023 7.35424e-06
0.00251465 1.25225e-05

0.00251465 1.06907e-05
0.00253906 1.51691e-05

0.00253906 1.51631e-05
0.00256348 1.06711e-05

0.00256348 1.24491e-05
0.00258789 7.4363e-06

0.00258789 7.43109e-06
0.0026123 1.25457e-05

0.0026123 1.08163e-05
0.00263672 1.50544e-05

0.00263672 1.49962e-05
0.00266113 1.06124e-05

0.00266113 1.18772e-05
0.00268555 8.17912e-06

0.00268555 7.3856e-06
0.00270996 1.38333e-05

0.00270996 1.39247e-05
0.00273438 1.41001e-05

0.00273437 1.38711e-05
0.00275879 7.58419e-06

0.00275879 8.36475e-06
0.0027832 1.18372e-05

0.0027832 1.07468e-05
0.00280762 1.4855e-05

0.00280762 1.48618e-05
0.00283203 1.07838e-05

0.00283203 1.19872e-05
0.00285645 8.20892e-06

0.00285645 7.50386e-06
0.00288086 1.36441e-05

0.00288086 1.37658e-05
0.00290527 1.39969e-05

0.00290527 1.3153e-05
0.00292969 8.30475e-06

0.00292969 8.81766e-06
0.0029541 1.28334e-05

0.0029541 1.31111e-05
0.00297852 1.33479e-05

0.00297852 1.13401e-05
0.00300293 1.06229e-05

0.00300293 1.06899e-05
0.00302734 1.483e-05

0.00302734 1.31277e-05
0.00305176 1.4525e-05

0.00305176 1.34978e-05
0.00307617 1.40904e-05

0.00307617 1.38224e-05
0.00310059 1.47315e-05

0.00310059 1.40821e-05
0.003125 1.49173e-05

0.00175781 0.00287789
0.00157079 0.00292969

0.0015625 0.00293188
0.00157042 0.00292969

0.00175781 0.00287838
0.00195312 0.00281559

0.00234375 0.00265822
0.00216902 0.00273438

0.00195312 0.00281593
0.00214844 0.00274276

0.00214844 0.00274201
0.00216596 0.00273438

0.00292969 0.00231087
0.00288401 0.00234375

0.00302734 0.00223463
0.00301293 0.00224609

0.00297852 0.00227197
0.00294889 0.00229492

0.00292969 0.00231007
0.00294955 0.00229492

0.00300293 0.00225284
0.00298054 0.00227051

0.00297852 0.00227242
0.00298089 0.00227051

0.00300293 0.00224883
0.00300647 0.00224609

0.00307617 0.00219079
0.00306871 0.00219727

0.00302734 0.00223335
0.00307012 0.00219727

0.00307617 0.00219194
0.003125 0.00214869

0.00244141 0.00261058
0.00238762 0.00263672

0.00234375 0.00265639
0.00238423 0.00263672

0.00244141 0.00261008
0.00253906 0.00255909

0.00273438 0.00244639
0.00257709 0.00253906

0.00253906 0.00255835
0.00257235 0.00253906

0.00283203 0.00238009
0.00273976 0.00244141

0.00273438 0.00244386
0.00273822 0.00244141

0.00283203 0.00237983
0.00288245 0.00234375

0.003125 1.44668e-05
0.00314941 1.5415e-05

0.00314941 1.48813e-05
0.00317383 1.56627e-05

0.00317383 1.519e-05
0.00319824 1.59951e-05

0.00319824 1.54147e-05
0.00322266 1.65014e-05

0.00322266 1.58468e-05
0.00324707 1.72391e-05

0.00324707 1.64886e-05
0.00327148 1.79467e-05

0.00327148 1.70946e-05
0.0032959 1.87343e-05

0.0032959 1.89059e-05
0.00332031 1.87476e-05

0.00332031 1.72127e-05
0.00334473 1.82996e-05

0.00334473 1.94626e-05
0.00336914 2.03648e-05

0.00336914 1.29088e-05
0.00339355 2.43616e-05

0.00339117 2.44141e-05
0.00339355 2.53604e-05

0.00339355 2.37482e-05
0.00339419 2.44141e-05

0.00339355 2.75327e-05
0.00341761 4.88281e-05

0.0034171 4.88281e-05
0.00341797 4.96659e-05

0.00341797 4.87056e-05
0.0034181 4.88281e-05

0.00341797 4.96737e-05
0.00344146 7.32422e-05

0.00344151 7.32422e-05
0.00344238 7.41487e-05

0.00344238 7.43833e-05
0.00346408 9.76563e-05

0.00346462 9.76563e-05
0.0034668 0.000100088

0.0034668 0.0001008
0.0034855 0.00012207

0.00348528 0.00012207
0.00349121 0.000129125

0.00349121 0.00012878
0.00350584 0.000146484

0.00350607 0.000146484
0.00351563 0.000158877

0.00351563 0.000159311
0.00354287 0.000195313

0.00354327 0.000195313
0.00356445 0.000226884

0.00356445 0.000228792
0.00357456 0.000244141

0.00357547 0.000244141
0.00360451 0.000292969

0.00360522 0.000292969
0.00361328 0.000309089

0.00361328 0.000310391
0.00362979 0.000341797

0.00362994 0.000341797
0.00365272 0.000390625

0.00365338 0.000390625
0.00369111 0.000488281

0.00369094 0.000488281
0.00371094 0.000558345

0.00371094 0.000560042
0.00371833 0.000585938

0.00371847 0.000585937
0.00373752 0.000683594

0.00373715 0.000683594
0.00374852 0.00078125

0.00375049 0.00078125
0.00375144 0.000976562

0.00375114 0.000976562
0.00372349 0.00117188

0.00371094 0.00121745
0.00366807 0.00136719

0.00366805 0.00136719
0.00358295 0.0015625

0.00371094 0.00121469
0.00372154 0.00117187

0.00332031 0.00195075
0.00331831 0.00195312

0.00351563 0.00167994
0.00346645 0.00175781

0.00341797 0.00182476
0.0033959 0.00185547

0.00332031 0.00194861
0.00339602 0.00185547

0.00346545 0.00175781
0.00343117 0.00180664

0.00341797 0.00182418
0.00343055 0.00180664

0.00322266 0.00205527
0.0031263 0.00214844

0.00331694 0.00195313
0.00322714 0.00205078

0.00322266 0.00205491
0.00322669 0.00205078

0.003125 0.00214886
0.00312546 0.00214844

0.00358099 0.0015625
0.00352728 0.00166016

0.00351563 0.00167594
0.00352531 0.00166016

