7.14791e-05 0
7.32422e-05 5.14727e-06

7.32422e-05 8.22755e-07
9.59119e-05 2.44141e-05

9.74341e-05 2.44141e-05
9.76563e-05 2.44911e-05

9.76563e-05 1.42607e-05
0.00012207 1.51035e-05

0.00012207 1.4038e-05
0.000146484 1.41951e-05

0.000146484 1.46813e-05
0.000170898 1.49305e-05

0.000170898 1.4553e-05
0.000195313 1.40751e-05

0.000195313 1.44402e-05
0.000219727 1.44164e-05

0.000219727 1.41015e-05
0.000244141 1.44891e-05

0.000244141 1.44949e-05
0.000268555 1.49729e-05

0.000268555 1.51145e-05
0.000292969 1.4239e-05

0.000292969 1.44996e-05
0.000317383 1.35787e-05

0.000317383 1.37957e-05
0.000341797 1.41314e-05

0.000341797 1.41544e-05
0.000366211 1.44397e-05

0.000366211 1.45769e-05
0.000390625 1.37924e-05

0.000390625 1.40582e-05
0.000415039 1.33285e-05

0.000415039 1.35202e-05
0.000439453 1.3749e-05

0.000439453 1.37722e-05
0.000463867 1.39571e-05

0.000463867 1.40779e-05
0.000488281 1.34697e-05

0.000488281 1.36952e-05
0.000512695 1.31236e-05

0.000512695 1.32744e-05
0.000537109 1.34311e-05

0.000537109 1.344e-05
0.000561523 1.36083e-05

0.000561523 1.36843e-05
0.000585937 1.32689e-05

0.000585938 1.34258e-05
0.000610352 1.30134e-05

0.000610352 1.3111e-05
0.000634766 1.32444e-05

0.000634766 1.32925e-05
0.00065918 1.33393e-05

0.00065918 1.33121e-05
0.000683594 1.31111e-05

0.000683594 1.32248e-05
0.000708008 1.31167e-05

0.000708008 1.31084e-05
0.000732422 1.31593e-05

0.000732422 1.31411e-05
0.000756836 1.32736e-05

0.000756836 1.31859e-05
0.00078125 1.32726e-05

0.00078125 1.32073e-05
0.000805664 1.33327e-05

0.000805664 1.3259e-05
0.000830078 1.33815e-05

0.000830078 1.32854e-05
0.000854492 1.34327e-05

0.000854492 1.33453e-05
0.000878906 1.35102e-05

0.000878906 1.33878e-05
0.00090332 1.35721e-05

0.00090332 1.35035e-05
0.000927734 1.36235e-05

0.000927734 1.34817e-05
0.000952148 1.36558e-05

0.000952148 1.35682e-05
0.000976562 1.38174e-05

0.000976562 1.36358e-05
0.00100098 1.38741e-05

0.00100098 1.37503e-05
0.00102539 1.39936e-05

0.00102539 1.37887e-05
0.0010498 1.40895e-05

0.0010498 1.39189e-05
0.00107422 1.42838e-05

0.00107422 1.40846e-05
0.00109863 1.43551e-05

0.00109863 1.41509e-05
0.00112305 1.44719e-05

0.00112305 1.43947e-05
0.00114746 1.45474e-05

0.00114746 1.4399e-05
0.00117187 1.44642e-05

0.00117188 1.39884e-05
0.00119629 1.50567e-05

0.00119629 1.52002e-05
0.0012207 1.53774e-05

0.0012207 1.49293e-05
0.00124512 1.4405e-05

0.00124512 1.44845e-05
0.00126953 1.52415e-05

0.00126953 1.48252e-05
0.00129395 1.57427e-05

0.00129395 1.61463e-05
0.00131836 1.51094e-05

0.00131836 1.47017e-05
0.00134277 1.41401e-05

0.00134277 1.55592e-05
0.00136719 1.47816e-05

0.00134277 2.44325e-05
0.00134423 2.44141e-05

0.0013916 1.02062e-06
0.00136944 2.44141e-05

0.00136719 2.47005e-05
0.001368 2.44141e-05

0.0013916 3.65387e-06
0.00139284 0

0.00146293 0
0.00146484 5.63772e-06

0.00146484 4.55068e-06
0.00148428 2.44141e-05

0.0014846 2.44141e-05
0.00148926 2.60482e-05

0.00148926 1.72188e-05
0.00151367 1.74762e-05

0.00151147 2.44141e-05
0.00151367 2.44201e-05

0.00151367 1.69102e-05
0.00153809 1.66863e-05

0.0015625 5.802e-06
0.00154326 2.44141e-05

0.00153809 2.61169e-05
0.00154314 2.44141e-05

0 0.00312004
0.000390625 0.00310905

0.000390625 0.00310934
0.00078125 0.00307579

0.00078125 0.00307642
0.00117187 0.00301848

0.00117188 0.00301952
0.0015625 0.00293383

0.0015625 7.05684e-06
0.001565 0

0.00165639 0
0.00166016 9.21686e-06

0.00166016 1.03544e-05
0.00167577 2.44141e-05

0.00167491 2.44141e-05
0.00168457 2.78044e-05

0.00168457 1.7724e-05
0.00170898 1.7918e-05

0.00169326 2.44141e-05
0.00170898 2.44778e-05

0.0017334 1.09159e-05
0.00171783 2.44141e-05

0.00170898 2.77834e-05
0.00171883 2.44141e-05

0.0017334 1.14454e-05
0.00173822 0

0.00180037 0
0.00180664 1.4111e-05

0.00180664 9.32378e-06
0.00183105 1.24454e-05

0.00183105 6.07634e-06
0.0018547 0

0.00185562 0
0.00187988 1.75146e-05

0.00187988 9.21412e-06
0.0019043 1.14312e-05

0.0019043 9.29873e-06
0.00192871 1.04819e-05

0.00192871 9.83033e-06
0.00195312 1.21425e-05

0.00195312 9.48768e-06
0.00197754 1.30151e-05

0.00197754 1.36191e-05
0.00200195 1.28545e-05

0.00200195 1.54232e-05
0.00202637 6.06757e-06

0.00202637 6.5538e-06
0.00205078 9.05425e-06

0.00205078 9.45911e-06
0.0020752 1.46542e-05

0.0020752 9.80659e-06
0.00209961 1.18666e-05

0.00209961 1.34245e-05
0.00212402 1.3339e-05

0.00212402 1.30628e-05
0.00214844 8.49746e-06

0.00214844 8.09686e-06
0.00217285 1.29958e-05

0.00217285 1.38271e-05
0.00219727 1.3848e-05

0.00219727 1.32137e-05
0.00222168 7.90687e-06

0.00222168 7.78724e-06
0.00224609 1.32945e-05

0.00224609 1.39577e-05
0.00227051 1.40255e-05

0.00227051 1.38853e-05
0.00229492 7.28735e-06

0.00229492 8.02235e-06
0.00231934 1.18365e-05

0.00231934 1.05667e-05
0.00234375 1.51142e-05

0.00234375 1.51478e-05
0.00236816 1.07403e-05

0.00236816 1.25143e-05
0.00239258 7.31232e-06

0.00239258 7.32075e-06
0.00241699 1.25042e-05

0.00241699 1.06669e-05
0.00244141 1.51997e-05

0.00244141 1.51959e-05
0.00246582 1.06577e-05

0.00246582 1.24792e-05
0.00249023 7.35193e-06

0.00249023 7.35319e-06
0.00251465 1.25226e-05

0.00251465 1.06907e-05
0.00253906 1.51712e-05

0.00253906 1.51659e-05
0.00256348 1.06705e-05

0.00256348 1.24506e-05
0.00258789 7.432e-06

0.00258789 7.42266e-06
0.0026123 1.255e-05

0.0026123 1.08172e-05
0.00263672 1.50657e-05

0.00263672 1.50085e-05
0.00266113 1.06117e-05

0.00266113 1.18789e-05
0.00268555 8.17065e-06

0.00268555 7.37974e-06
0.00270996 1.38388e-05

0.00270996 1.39376e-05
0.00273438 1.40946e-05

0.00273437 1.38745e-05
0.00275879 7.55561e-06

0.00275879 8.33125e-06
0.0027832 1.18441e-05

0.0027832 1.07565e-05
0.00280762 1.48657e-05

0.00280762 1.48641e-05
0.00283203 1.07556e-05

0.00283203 1.18628e-05
0.00285645 8.31598e-06

0.00285645 7.66524e-06
0.00288086 1.37236e-05

0.00288086 1.38409e-05
0.00290527 1.38347e-05

0.00290527 1.29182e-05
0.00292969 8.46225e-06

0.00292969 9.0566e-06
0.0029541 1.29923e-05

0.0029541 1.31342e-05
0.00297852 1.31787e-05

0.00297852 1.14096e-05
0.00300293 1.06981e-05

0.00300293 1.0813e-05
0.00302734 1.45683e-05

0.00302734 1.29531e-05
0.00305176 1.42875e-05

0.00305176 1.32688e-05
0.00307617 1.40654e-05

0.00307617 1.36564e-05
0.00310059 1.47843e-05

0.00310059 1.40517e-05
0.003125 1.50271e-05

0.00175781 0.00287799
0.0015711 0.00292969

0.0015625 0.00293198
0.00157079 0.00292969

0.00175781 0.00287849
0.00195312 0.00281572

0.00234375 0.00265841
0.0021694 0.00273438

0.00195312 0.00281606
0.00214844 0.00274292

0.00214844 0.00274222
0.00216644 0.00273438

0.00292969 0.00231116
0.00288441 0.00234375

0.00302734 0.00223491
0.00301329 0.00224609

0.00297852 0.00227223
0.00294924 0.00229492

0.00292969 0.00231034
0.0029499 0.00229492

0.00300293 0.0022531
0.00298087 0.00227051

0.00297852 0.00227267
0.0029812 0.00227051

0.00300293 0.00224938
0.00300719 0.00224609

0.00307617 0.00219097
0.00306892 0.00219727

0.00302734 0.0022336
0.00307038 0.00219727

0.00307617 0.00219216
0.003125 0.00214887

0.00244141 0.0026108
0.00238804 0.00263672

0.00234375 0.00265661
0.00238469 0.00263672

0.00244141 0.0026103
0.00253906 0.00255933

0.00273438 0.00244666
0.00257751 0.00253906

0.00253906 0.00255863
0.00257283 0.00253906

0.00283203 0.00238037
0.00274017 0.00244141

0.00273438 0.00244422
0.00273878 0.00244141

0.00283203 0.00238012
0.00288283 0.00234375

0.003125 1.44865e-05
0.00314941 1.55068e-05

0.00314941 1.49029e-05
0.00317383 1.5845e-05

0.00317383 1.53224e-05
0.00319824 1.62538e-05

0.00319824 1.57289e-05
0.00322266 1.66245e-05

0.00322266 1.60891e-05
0.00324707 1.70697e-05

0.00324707 1.65795e-05
0.00327148 1.75519e-05

0.00327148 1.67283e-05
0.0032959 1.82411e-05

0.0032959 1.78963e-05
0.00332031 1.91499e-05

0.00332031 1.82806e-05
0.00334473 1.91959e-05

0.00334473 1.93951e-05
0.00336914 1.94816e-05

0.00336914 1.28777e-05
0.00339292 2.44141e-05

0.00339088 2.44141e-05
0.00339355 2.54788e-05

0.00339355 2.74304e-05
0.00341792 4.88281e-05

0.0034176 4.88281e-05
0.00341797 4.91814e-05

0.00341797 4.95303e-05
0.00344167 7.32422e-05

0.00344176 7.32422e-05
0.00344238 7.38856e-05

0.00344238 7.40569e-05
0.00346443 9.76563e-05

0.00346494 9.76563e-05
0.0034668 9.97249e-05

0.0034668 0.000100185
0.00350635 0.000146484

0.00350629 0.000146484
0.00351563 0.000158608

0.00351563 0.000158994
0.00354307 0.000195313

0.00354345 0.000195313
0.00356445 0.000226653

0.00356445 0.000228529
0.00357473 0.000244141

0.00357561 0.000244141
0.00360461 0.000292969

0.00360531 0.000292969
0.00361328 0.000308921

0.00361328 0.000310205
0.00362987 0.000341797

0.00363001 0.000341797
0.00365277 0.000390625

0.00365344 0.000390625
0.00369114 0.000488281

0.00369097 0.000488281
0.00371094 0.000558281

0.00371094 0.000559947
0.00371835 0.000585938

0.00371849 0.000585937
0.00373751 0.000683594

0.00373714 0.000683594
0.00374848 0.00078125

0.00375046 0.00078125
0.00375132 0.000976562

0.00375101 0.000976562
0.00372323 0.00117188

0.00371094 0.00121639
0.00366765 0.00136719

0.00366764 0.00136719
0.00358236 0.0015625

0.00371094 0.00121337
0.00372124 0.00117187

0.00332031 0.00195027
0.00331792 0.00195312

0.00351563 0.00167872
0.00346579 0.00175781

0.00341797 0.00182423
0.00339564 0.00185547

0.00332031 0.00194846
0.0033957 0.00185547

0.00346486 0.00175781
0.00343072 0.00180664

0.00341797 0.0018235
0.00343001 0.00180664

0.00322266 0.00205533
0.0031265 0.00214844

0.00331682 0.00195313
0.00322719 0.00205078

0.00322266 0.00205501
0.00322678 0.00205078

0.003125 0.00214917
0.0031258 0.00214844

0.00358031 0.0015625
0.00352652 0.00166016

0.00351563 0.00167474
0.00352455 0.00166016

