0 0.0370963
0.00012207 0.0370989

0.00012207 0.0370988
0.000244141 0.0371066

0.000244141 0.0371065
0.000270619 0.0371094

0.000270616 0.0371094
0.000366211 0.0371196

0.000366211 0.0371196
0.000488281 0.037138

0.000488281 0.037138
0.000610352 0.0371619

0.000610352 0.0371618
0.000732422 0.0371911

0.000732422 0.0371911
0.000854492 0.037226

0.000854492 0.0372259
0.000871202 0.0372314

0.000871248 0.0372314
0.000976562 0.0372666

0.000976562 0.0372665
0.00109863 0.0373135

0.00109863 0.0373133
0.00118978 0.0373535

0.00118984 0.0373535
0.0012207 0.0373671

0.0012207 0.0373669
0.00134277 0.0374284

0.00134277 0.0374281
0.00142558 0.0374756

0.00142562 0.0374756
0.00146484 0.0374981

0.00146484 0.0374977
0.00158691 0.0375777

0.00158691 0.0375778
0.00161496 0.0375977

0.00161419 0.0375977
0.00170898 0.0376688

0.00170898 0.0376693
0.00177009 0.0377197

0.00176898 0.0377197
0.00183105 0.0377738

0.00183105 0.0377739
0.00190158 0.0378418

0.00190088 0.0378418
0.00195312 0.0378966

0.00195312 0.0378953
0.00201401 0.0379639

0.0020143 0.0379639
0.0020752 0.0380399

0.0020752 0.0380386
0.00211115 0.0380859

0.00211142 0.0380859
0.00219642 0.038208

0.00219435 0.038208
0.00219727 0.0382128

0.00219727 0.0382095
0.00227011 0.0383301

0.00226942 0.0383301
0.00231934 0.0384255

0.00231934 0.038425
0.00233353 0.0384521

0.00233345 0.0384521
0.00238825 0.0385742

0.00238755 0.0385742
0.00243445 0.0386963

0.00243346 0.0386963
0.00244141 0.0387211

0.00244141 0.0387148
0.00247455 0.0388184

0.00247395 0.0388184
0.00250441 0.0389404

0.00250405 0.0389404
0.00252711 0.0390625

0.000244141 0.0419861
0.000168365 0.0419922

0.000244141 0.0419861
0.000366211 0.0419697

0.000366211 0.0419698
0.000488281 0.0419465

0.000488281 0.0419465
0.000610352 0.0419165

0.000610352 0.0419165
0.000732422 0.0418795

0.000854492 0.0418355
0.00075844 0.0418701

0.000732422 0.0418795
0.000758401 0.0418701

0.000854492 0.0418356
0.000976562 0.0417842

0 0.0419991
0.00012207 0.0419959

0.00012207 0.0419959
0.000168383 0.0419922

0.00146484 0.0415014
0.00146132 0.0415039

0.00109863 0.0417253
0.00105112 0.041748

0.00109863 0.0417263
0.0012207 0.0416599

0.000976562 0.0417842
0.00105217 0.041748

0.00134277 0.0415847
0.00127549 0.041626

0.0012207 0.0416595
0.00127539 0.041626

0.00134277 0.0415852
0.00146124 0.0415039

0.00146484 0.0415018
0.00158691 0.0414072

0.00170898 0.0413015
0.00161608 0.0413818

0.00158691 0.0414058
0.00161572 0.0413818

0.00183105 0.0411835
0.00175425 0.0412598

0.00195312 0.0410471
0.00187398 0.0411377

0.00183105 0.041182
0.00187274 0.0411377

0.00170898 0.0413011
0.00175345 0.0412598

0.00252706 0.0390625
0.00254353 0.0391846

0.00254353 0.0391846
0.00255354 0.0393066

0.00255353 0.0393066
0.00255711 0.0394287

0.00255712 0.0394287
0.00255427 0.0395508

0.00255428 0.0395508
0.00254499 0.0396729

0.002545 0.0396729
0.00252922 0.0397949

0.0025292 0.0397949
0.00250697 0.039917

0.00250689 0.039917
0.00247839 0.0400391

0.00244141 0.0401725
0.00240397 0.0402832

0.00231934 0.0404811
0.00229786 0.0405273

0.00240328 0.0402832
0.00235379 0.0404053

0.00231934 0.0404785
0.00235336 0.0404053

0.00219727 0.040707
0.00216035 0.0407715

0.0020752 0.040893
0.00207479 0.0408936

0.0020752 0.0408939
0.00198049 0.0410156

0.0020752 0.0408935
0.00215896 0.0407715

0.00229761 0.0405273
0.00223268 0.0406494

0.00219727 0.0407066
0.00223195 0.0406494

0.00247814 0.0400391
0.00244405 0.0401611

0.00244141 0.0401655
0.00244289 0.0401611

0.00195312 0.0410467
0.0019792 0.0410156

