7.18003e-05 0
7.32422e-05 4.24868e-06

7.32422e-05 5.34074e-07
9.58967e-05 2.44141e-05

9.66647e-05 2.44141e-05
9.76563e-05 2.47624e-05

9.76563e-05 1.42998e-05
0.00012207 1.50997e-05

0.000120583 2.44141e-05
0.00012207 2.44328e-05

0.00012207 1.38081e-05
0.000146484 1.41039e-05

0.000146484 1.45405e-05
0.000170898 1.53241e-05

0.000170898 1.49179e-05
0.000195313 1.42436e-05

0.000195313 1.4593e-05
0.000219727 1.41945e-05

0.000219727 1.41173e-05
0.000244141 1.4417e-05

0.000244141 1.44458e-05
0.000268555 1.48128e-05

0.000268555 1.47623e-05
0.000292969 1.43541e-05

0.000292969 1.46445e-05
0.000317383 1.3967e-05

0.000317383 1.41277e-05
0.000341797 1.39305e-05

0.000341797 1.41846e-05
0.000366211 1.41225e-05

0.000366211 1.4187e-05
0.000390625 1.37757e-05

0.000390625 1.39706e-05
0.000415039 1.37082e-05

0.000415039 1.38529e-05
0.000439453 1.37126e-05

0.000439453 1.38585e-05
0.000463867 1.3609e-05

0.000463867 1.3727e-05
0.000488281 1.34649e-05

0.000488281 1.35419e-05
0.000512695 1.35358e-05

0.000512695 1.35862e-05
0.000537109 1.35967e-05

0.000537109 1.37781e-05
0.000561523 1.33151e-05

0.000561523 1.34812e-05
0.000585937 1.30199e-05

0.000585938 1.31301e-05
0.000610352 1.32922e-05

0.000610352 1.33071e-05
0.000634766 1.34288e-05

0.000634766 1.35081e-05
0.00065918 1.30911e-05

0.00065918 1.32344e-05
0.000683594 1.28977e-05

0.000683594 1.29282e-05
0.000708008 1.31885e-05

0.000708008 1.30976e-05
0.000732422 1.34071e-05

0.000732422 1.32582e-05
0.000756836 1.33051e-05

0.000756836 1.33595e-05
0.00078125 1.32132e-05

0.00078125 1.31262e-05
0.000805664 1.32253e-05

0.000805664 1.31638e-05
0.000830078 1.35523e-05

0.000830078 1.34055e-05
0.000854492 1.3512e-05

0.000854492 1.33921e-05
0.000878906 1.34802e-05

0.000878906 1.34068e-05
0.00090332 1.36401e-05

0.00090332 1.36144e-05
0.000927734 1.36027e-05

0.000927734 1.34556e-05
0.000952148 1.35741e-05

0.000952148 1.34395e-05
0.000976562 1.39536e-05

0.000976562 1.37502e-05
0.00100098 1.40489e-05

0.00100098 1.39917e-05
0.00102539 1.38534e-05

0.00102539 1.37251e-05
0.0010498 1.38643e-05

0.0010498 1.36648e-05
0.00107422 1.43914e-05

0.00107422 1.41404e-05
0.00109863 1.45642e-05

0.00109863 1.44324e-05
0.00112305 1.42846e-05

0.00112305 1.41074e-05
0.00114746 1.43657e-05

0.00114746 1.39913e-05
0.00117187 1.51306e-05

0.00117188 1.52095e-05
0.00119629 1.50836e-05

0.00119629 1.45867e-05
0.0012207 1.43313e-05

0.0012207 1.43119e-05
0.00124512 1.55699e-05

0.00124512 1.56944e-05
0.00126953 1.52789e-05

0.00126953 1.48895e-05
0.00129395 1.43057e-05

0.00129395 1.50155e-05
0.00131836 1.50062e-05

0.00131836 1.42026e-05
0.00134277 1.49777e-05

0.00134277 1.63181e-05
0.00136719 1.497e-05

0.0013916 3.23552e-07
0.00136947 2.44141e-05

0.00136719 2.45279e-05
0.0013675 2.44141e-05

0.0013916 4.24796e-06
0.00139304 0

0.00146282 0
0.00146484 5.95105e-06

0.00146484 4.52151e-06
0.00148433 2.44141e-05

0.00148511 2.44141e-05
0.00148926 2.5868e-05

0.00148926 1.71696e-05
0.00151367 1.75603e-05

0.00151051 2.44141e-05
0.00151367 2.44322e-05

0.00151367 1.69816e-05
0.00153809 1.67744e-05

0.00151367 2.44227e-05
0.00151851 2.44141e-05

0.0015625 5.84439e-06
0.00154332 2.44141e-05

0.00153809 2.60351e-05
0.00154288 2.44141e-05

0 0.00312021
0.000390625 0.00310923

0.000390625 0.00310951
0.00078125 0.00307599

0.00078125 0.00307662
0.00117187 0.00301872

0.00117188 0.00301976
0.0015625 0.00293412

0.0015625 7.09967e-06
0.00156502 0

0.00165639 0
0.00166016 9.2175e-06

0.00166016 1.03817e-05
0.00167574 2.44141e-05

0.00167486 2.44141e-05
0.00168457 2.78219e-05

0.00168457 1.7734e-05
0.00170898 1.79192e-05

0.00169281 2.44141e-05
0.00170898 2.44756e-05

0.0017334 1.09371e-05
0.00171784 2.44141e-05

0.00170898 2.77828e-05
0.00171883 2.44141e-05

0.0017334 1.14613e-05
0.00173823 0

0.00180038 0
0.00180664 1.40982e-05

0.00180664 9.2933e-06
0.00183105 1.24597e-05

0.00183105 6.06948e-06
0.00185482 0

0.00185561 0
0.00187988 1.75117e-05

0.00187988 9.23422e-06
0.0019043 1.14399e-05

0.0019043 9.30864e-06
0.00192871 1.04696e-05

0.00192871 9.83074e-06
0.00195312 1.21464e-05

0.00195312 9.49014e-06
0.00197754 1.30146e-05

0.00197754 1.36221e-05
0.00200195 1.28525e-05

0.00200195 1.54156e-05
0.00202637 6.07054e-06

0.00202637 6.57099e-06
0.00205078 9.04971e-06

0.00205078 9.41121e-06
0.0020752 1.46745e-05

0.0020752 9.85103e-06
0.00209961 1.19182e-05

0.00209961 1.34886e-05
0.00212402 1.32607e-05

0.00212402 1.2948e-05
0.00214844 8.52018e-06

0.00214844 8.1358e-06
0.00217285 1.31159e-05

0.00217285 1.39438e-05
0.00219727 1.37577e-05

0.00219727 1.31648e-05
0.00222168 7.83881e-06

0.00222168 7.74341e-06
0.00224609 1.33548e-05

0.00224609 1.39692e-05
0.00227051 1.40209e-05

0.00227051 1.38839e-05
0.00229492 7.28358e-06

0.00229492 8.02419e-06
0.00231934 1.18385e-05

0.00231934 1.05668e-05
0.00234375 1.51091e-05

0.00234375 1.51438e-05
0.00236816 1.07407e-05

0.00236816 1.2511e-05
0.00239258 7.31697e-06

0.00239258 7.32428e-06
0.00241699 1.25061e-05

0.00241699 1.06695e-05
0.00244141 1.51973e-05

0.00244141 1.51939e-05
0.00246582 1.06587e-05

0.00246582 1.2479e-05
0.00249023 7.35623e-06

0.00249023 7.35745e-06
0.00251465 1.25219e-05

0.00251465 1.0692e-05
0.00253906 1.51688e-05

0.00253906 1.51644e-05
0.00256348 1.06706e-05

0.00256348 1.24513e-05
0.00258789 7.43264e-06

0.00258789 7.4252e-06
0.0026123 1.25461e-05

0.0026123 1.08157e-05
0.00263672 1.50604e-05

0.00263672 1.50041e-05
0.00266113 1.06083e-05

0.00266113 1.18742e-05
0.00268555 8.17144e-06

0.00268555 7.38016e-06
0.00270996 1.3838e-05

0.00270996 1.39264e-05
0.00273438 1.40993e-05

0.00273437 1.38617e-05
0.00275879 7.58946e-06

0.00275879 8.36719e-06
0.0027832 1.18528e-05

0.0027832 1.0771e-05
0.00280762 1.48448e-05

0.00280762 1.48466e-05
0.00283203 1.07726e-05

0.00283203 1.18835e-05
0.00285645 8.33284e-06

0.00285645 7.67496e-06
0.00288086 1.37056e-05

0.00288086 1.38431e-05
0.00290527 1.3838e-05

0.00290527 1.29273e-05
0.00292969 8.44642e-06

0.00292969 9.02563e-06
0.0029541 1.29992e-05

0.0029541 1.31668e-05
0.00297852 1.3186e-05

0.00297852 1.13965e-05
0.00300293 1.06536e-05

0.00300293 1.07775e-05
0.00302734 1.46033e-05

0.00302734 1.2972e-05
0.00305176 1.43064e-05

0.00305176 1.32887e-05
0.00307617 1.40465e-05

0.00307617 1.36637e-05
0.00310059 1.47566e-05

0.00310059 1.40368e-05
0.003125 1.49875e-05

0.00175781 0.0028783
0.00157213 0.00292969

0.0015625 0.0029323
0.00157193 0.00292969

0.00175781 0.0028788
0.00195312 0.00281605

0.00234375 0.00265873
0.00217015 0.00273438

0.00195312 0.00281639
0.00214844 0.00274325

0.00214844 0.00274261
0.00216734 0.00273438

0.00292969 0.00231129
0.00288462 0.00234375

0.00302734 0.00223492
0.00301332 0.00224609

0.00297852 0.0022723
0.00294935 0.00229492

0.00292969 0.00231044
0.00295 0.00229492

0.00300293 0.00225313
0.00298093 0.00227051

0.00297852 0.00227279
0.00298135 0.00227051

0.00300293 0.00224952
0.00300736 0.00224609

0.00307617 0.00219092
0.00306887 0.00219727

0.00302734 0.00223362
0.00307035 0.00219727

0.00307617 0.00219213
0.003125 0.00214878

0.00244141 0.0026111
0.00238868 0.00263672

0.00234375 0.00265695
0.00238539 0.00263672

0.00244141 0.0026106
0.00253906 0.00255961

0.00273438 0.00244688
0.00257798 0.00253906

0.00253906 0.00255894
0.00257335 0.00253906

0.00283203 0.00238053
0.00274049 0.00244141

0.00273438 0.00244452
0.00273926 0.00244141

0.00283203 0.00238027
0.002883 0.00234375

0.003125 1.44667e-05
0.00314941 1.54646e-05

0.00314941 1.48904e-05
0.00317383 1.57626e-05

0.00317383 1.52462e-05
0.00319824 1.61453e-05

0.00319824 1.55697e-05
0.00322266 1.66255e-05

0.00322266 1.60186e-05
0.00324707 1.7233e-05

0.00324707 1.66079e-05
0.00327148 1.77941e-05

0.00327148 1.71786e-05
0.0032959 1.83003e-05

0.0032959 1.76225e-05
0.00332031 1.89534e-05

0.00332031 1.82147e-05
0.00334473 1.99261e-05

0.00334473 1.9898e-05
0.00336914 2.01007e-05

0.00336914 1.3554e-05
0.0033924 2.44141e-05

0.00339076 2.44141e-05
0.00339355 2.55071e-05

0.00339355 2.78031e-05
0.0034178 4.88281e-05

0.00341744 4.88281e-05
0.00341797 4.93368e-05

0.00341797 4.87805e-05
0.00341802 4.88281e-05

0.00341797 4.95515e-05
0.00344188 7.32422e-05

0.00344186 7.32422e-05
0.00344238 7.37762e-05

0.00344238 7.38684e-05
0.00346471 9.76563e-05

0.0034652 9.76563e-05
0.0034668 9.94281e-05

0.0034668 9.98396e-05
0.0035067 0.000146484

0.0035066 0.000146484
0.00351563 0.000158205

0.00351563 0.000158624
0.00354331 0.000195313

0.00354369 0.000195313
0.00356445 0.000226388

0.00356445 0.000228268
0.00357489 0.000244141

0.00357575 0.000244141
0.00360466 0.000292969

0.00360536 0.000292969
0.00361328 0.000308873

0.00361328 0.000310147
0.00362985 0.000341797

0.00362999 0.000341797
0.00365268 0.000390625

0.00365334 0.000390625
0.00369093 0.000488281

0.00369076 0.000488281
0.00371094 0.000559224

0.00371094 0.00056083
0.00371808 0.000585938

0.00371821 0.000585937
0.00373717 0.000683594

0.0037368 0.000683594
0.00374809 0.00078125

0.00375007 0.00078125
0.00375085 0.000976562

0.00375055 0.000976562
0.0037227 0.00117188

0.00371094 0.00121445
0.00366708 0.00136719

0.0036671 0.00136719
0.00358183 0.0015625

0.00371094 0.00121111
0.00372069 0.00117187

0.00332031 0.00194945
0.00331724 0.00195312

0.00351563 0.00167786
0.00346527 0.00175781

0.00341797 0.00182363
0.00339526 0.00185547

0.00332031 0.00194807
0.0033953 0.00185547

0.00346436 0.00175781
0.00343027 0.00180664

0.00341797 0.00182276
0.00342945 0.00180664

0.00322266 0.00205512
0.00312639 0.00214844

0.0033165 0.00195313
0.00322697 0.00205078

0.00322266 0.00205486
0.00322663 0.00205078

0.003125 0.0021492
0.00312584 0.00214844

0.00357977 0.0015625
0.003526 0.00166016

0.00351563 0.00167387
0.003524 0.00166016

