7.15952e-05 0
7.32422e-05 4.82425e-06

7.32422e-05 5.18656e-07
9.58773e-05 2.44141e-05

9.70826e-05 2.44141e-05
9.76563e-05 2.46159e-05

9.76563e-05 1.44003e-05
0.00012207 1.52347e-05

0.000119384 2.44141e-05
0.00012207 2.44497e-05

0.00012207 1.39737e-05
0.000146484 1.39994e-05

0.000146484 1.46604e-05
0.000170898 1.50164e-05

0.000170898 1.44495e-05
0.000195313 1.40868e-05

0.000195313 1.4514e-05
0.000219727 1.4589e-05

0.000219727 1.42625e-05
0.000244141 1.43919e-05

0.000244141 1.45791e-05
0.000268555 1.47283e-05

0.000268555 1.4686e-05
0.000292969 1.42051e-05

0.000292969 1.44803e-05
0.000317383 1.40678e-05

0.000317383 1.41552e-05
0.000341797 1.40925e-05

0.000341797 1.41951e-05
0.000366211 1.42559e-05

0.000366211 1.45265e-05
0.000390625 1.38154e-05

0.000390625 1.40462e-05
0.000415039 1.33126e-05

0.000415039 1.34872e-05
0.000439453 1.37499e-05

0.000439453 1.37695e-05
0.000463867 1.39823e-05

0.000463867 1.41016e-05
0.000488281 1.3456e-05

0.000488281 1.3688e-05
0.000512695 1.30972e-05

0.000512695 1.3234e-05
0.000537109 1.3454e-05

0.000537109 1.34475e-05
0.000561523 1.36598e-05

0.000561523 1.37284e-05
0.000585937 1.32723e-05

0.000585938 1.34416e-05
0.000610352 1.2996e-05

0.000610352 1.31031e-05
0.000634766 1.32514e-05

0.000634766 1.32769e-05
0.00065918 1.33748e-05

0.00065918 1.34356e-05
0.000683594 1.30607e-05

0.000683594 1.31142e-05
0.000708008 1.29963e-05

0.000708008 1.30029e-05
0.000732422 1.33243e-05

0.000732422 1.32494e-05
0.000756836 1.33233e-05

0.000756836 1.32291e-05
0.00078125 1.3205e-05

0.00078125 1.32004e-05
0.000805664 1.33375e-05

0.000805664 1.3228e-05
0.000830078 1.34047e-05

0.000830078 1.33073e-05
0.000854492 1.34878e-05

0.000854492 1.33764e-05
0.000878906 1.35202e-05

0.000878906 1.34232e-05
0.00090332 1.35831e-05

0.00090332 1.34737e-05
0.000927734 1.36589e-05

0.000927734 1.35634e-05
0.000952148 1.37174e-05

0.000952148 1.35927e-05
0.000976562 1.3769e-05

0.000976562 1.36259e-05
0.00100098 1.39186e-05

0.00100098 1.37809e-05
0.00102539 1.40215e-05

0.00102539 1.37924e-05
0.0010498 1.41169e-05

0.0010498 1.40023e-05
0.00107422 1.4296e-05

0.00107422 1.40443e-05
0.00109863 1.43175e-05

0.00109863 1.41751e-05
0.00112305 1.45475e-05

0.00112305 1.43173e-05
0.00114746 1.46281e-05

0.00114746 1.44536e-05
0.00117187 1.47605e-05

0.00117188 1.45487e-05
0.00119629 1.48861e-05

0.00119629 1.47437e-05
0.0012207 1.50132e-05

0.0012207 1.47756e-05
0.00124512 1.50963e-05

0.00124512 1.5256e-05
0.00126953 1.50253e-05

0.00126953 1.46977e-05
0.00129395 1.47965e-05

0.00129395 1.53171e-05
0.00131836 1.51258e-05

0.00131836 1.46508e-05
0.00134277 1.45311e-05

0.00134277 1.5609e-05
0.00136719 1.46394e-05

0.0013916 1.13456e-06
0.00136937 2.44141e-05

0.0013916 4.6321e-06
0.00139318 0

0.00146291 0
0.00146484 5.69302e-06

0.00146484 4.34995e-06
0.00148435 2.44141e-05

0.00148512 2.44141e-05
0.00148926 2.58746e-05

0.00148926 1.72242e-05
0.00151367 1.76573e-05

0.00150896 2.44141e-05
0.00151367 2.44452e-05

0.00151367 1.69574e-05
0.00153809 1.67244e-05

0.00152765 2.44141e-05
0.00153809 2.44328e-05

0.0015625 5.87071e-06
0.00154339 2.44141e-05

0.00153809 2.62604e-05
0.00154354 2.44141e-05

0 0.00312029
0.000390625 0.00310931

0.000390625 0.00310959
0.00078125 0.00307607

0.00078125 0.00307671
0.00117187 0.00301881

0.00117188 0.00301985
0.0015625 0.00293421

0.0015625 6.71308e-06
0.00156488 0

0.00165638 0
0.00166016 9.2356e-06

0.00166016 1.03931e-05
0.00167574 2.44141e-05

0.00167485 2.44141e-05
0.00168457 2.78219e-05

0.00168457 1.77174e-05
0.00170898 1.79102e-05

0.00169364 2.44141e-05
0.00170898 2.44756e-05

0.0017334 1.09571e-05
0.00171785 2.44141e-05

0.00170898 2.77946e-05
0.00171887 2.44141e-05

0.0017334 1.14791e-05
0.00173824 0

0.00180037 0
0.00180664 1.4112e-05

0.00180664 9.315e-06
0.00183105 1.24456e-05

0.00183105 6.05929e-06
0.00185479 0

0.00185561 0
0.00187988 1.75242e-05

0.00187988 9.23751e-06
0.0019043 1.1432e-05

0.0019043 9.3048e-06
0.00192871 1.04727e-05

0.00192871 9.83283e-06
0.00195312 1.21474e-05

0.00195312 9.48959e-06
0.00197754 1.30132e-05

0.00197754 1.36213e-05
0.00200195 1.28554e-05

0.00200195 1.54137e-05
0.00202637 6.07549e-06

0.00202637 6.56405e-06
0.00205078 9.06469e-06

0.00205078 9.46267e-06
0.0020752 1.46506e-05

0.0020752 9.82373e-06
0.00209961 1.18643e-05

0.00209961 1.34222e-05
0.00212402 1.33163e-05

0.00212402 1.29789e-05
0.00214844 8.56925e-06

0.00214844 8.18179e-06
0.00217285 1.30726e-05

0.00217285 1.39358e-05
0.00219727 1.37378e-05

0.00219727 1.31297e-05
0.00222168 7.8609e-06

0.00222168 7.76463e-06
0.00224609 1.33773e-05

0.00224609 1.39938e-05
0.00227051 1.399e-05

0.00227051 1.38651e-05
0.00229492 7.27172e-06

0.00229492 8.01334e-06
0.00231934 1.18571e-05

0.00231934 1.05713e-05
0.00234375 1.5108e-05

0.00234375 1.51442e-05
0.00236816 1.07416e-05

0.00236816 1.25133e-05
0.00239258 7.31832e-06

0.00239258 7.3263e-06
0.00241699 1.25036e-05

0.00241699 1.06683e-05
0.00244141 1.51971e-05

0.00244141 1.51936e-05
0.00246582 1.06597e-05

0.00246582 1.24804e-05
0.00249023 7.35515e-06

0.00249023 7.35664e-06
0.00251465 1.25206e-05

0.00251465 1.06898e-05
0.00253906 1.51704e-05

0.00253906 1.51659e-05
0.00256348 1.06719e-05

0.00256348 1.24517e-05
0.00258789 7.43114e-06

0.00258789 7.42359e-06
0.0026123 1.25483e-05

0.0026123 1.0817e-05
0.00263672 1.50626e-05

0.00263672 1.50047e-05
0.00266113 1.06101e-05

0.00266113 1.18789e-05
0.00268555 8.17105e-06

0.00268555 7.38096e-06
0.00270996 1.38331e-05

0.00270996 1.39208e-05
0.00273438 1.41017e-05

0.00273437 1.38577e-05
0.00275879 7.60023e-06

0.00275879 8.37865e-06
0.0027832 1.18546e-05

0.0027832 1.07755e-05
0.00280762 1.48368e-05

0.00280762 1.48386e-05
0.00283203 1.07774e-05

0.00283203 1.18782e-05
0.00285645 8.35144e-06

0.00285645 7.69792e-06
0.00288086 1.37059e-05

0.00288086 1.3844e-05
0.00290527 1.38262e-05

0.00290527 1.29294e-05
0.00292969 8.45063e-06

0.00292969 9.02626e-06
0.0029541 1.29908e-05

0.0029541 1.31384e-05
0.00297852 1.32086e-05

0.00297852 1.14574e-05
0.00300293 1.06524e-05

0.00300293 1.07669e-05
0.00302734 1.45264e-05

0.00302734 1.29336e-05
0.00305176 1.43058e-05

0.00305176 1.32759e-05
0.00307617 1.40235e-05

0.00307617 1.36437e-05
0.00310059 1.47206e-05

0.00310059 1.39975e-05
0.003125 1.49631e-05

0.00175781 0.00287839
0.00157246 0.00292969

0.0015625 0.00293239
0.00157227 0.00292969

0.00175781 0.00287889
0.00195312 0.00281613

0.00234375 0.0026588
0.00217032 0.00273438

0.00195312 0.00281647
0.00214844 0.00274333

0.00214844 0.0027427
0.00216755 0.00273438

0.00292969 0.0023113
0.00288464 0.00234375

0.00302734 0.0022349
0.0030133 0.00224609

0.00297852 0.0022723
0.00294936 0.00229492

0.00292969 0.00231044
0.00295 0.00229492

0.00300293 0.00225312
0.00298093 0.00227051

0.00297852 0.00227281
0.00298137 0.00227051

0.00300293 0.00224953
0.00300737 0.00224609

0.00307617 0.0021909
0.00306884 0.00219727

0.00302734 0.00223361
0.00307033 0.00219727

0.00307617 0.00219211
0.003125 0.00214875

0.00244141 0.00261116
0.00238881 0.00263672

0.00234375 0.00265702
0.00238553 0.00263672

0.00244141 0.00261066
0.00253906 0.00255967

0.00273438 0.00244691
0.00257806 0.00253906

0.00253906 0.002559
0.00257345 0.00253906

0.00283203 0.00238055
0.00274053 0.00244141

0.00273438 0.00244457
0.00273934 0.00244141

0.00283203 0.00238029
0.00288302 0.00234375

0.003125 1.44078e-05
0.00314941 1.54881e-05

0.00314941 1.48626e-05
0.00317383 1.58603e-05

0.00317383 1.53431e-05
0.00319824 1.6227e-05

0.00319824 1.5666e-05
0.00322266 1.65788e-05

0.00322266 1.59299e-05
0.00324707 1.7251e-05

0.00324707 1.67128e-05
0.00327148 1.79356e-05

0.00327148 1.71189e-05
0.0032959 1.83654e-05

0.0032959 1.78999e-05
0.00332031 1.91771e-05

0.00332031 1.84262e-05
0.00334473 1.96124e-05

0.00334473 1.95988e-05
0.00336914 1.98505e-05

0.00336914 1.36957e-05
0.0033926 2.44141e-05

0.00339214 2.44141e-05
0.00339355 2.49381e-05

0.00339355 2.68154e-05
0.00341797 4.78639e-05

0.00341767 4.88281e-05
0.00341797 4.91264e-05

0.00341797 4.7852e-05
0.00341896 4.88281e-05

0.00341797 4.89602e-05
0.00344179 7.32422e-05

0.00344182 7.32422e-05
0.00344238 7.38393e-05

0.00344238 7.40241e-05
0.00346427 9.76563e-05

0.00346477 9.76563e-05
0.0034668 9.99246e-05

0.0034668 0.000100219
0.0035062 0.000146484

0.00350622 0.000146484
0.00351563 0.000158706

0.00351563 0.000159153
0.00354295 0.000195313

0.00354335 0.000195313
0.00356445 0.000226801

0.00356445 0.000228706
0.00357461 0.000244141

0.00357551 0.000244141
0.00360448 0.000292969

0.00360519 0.000292969
0.00361328 0.000309194

0.00361328 0.000310478
0.00362971 0.000341797

0.00362985 0.000341797
0.00365257 0.000390625

0.00365323 0.000390625
0.00369086 0.000488281

0.00369068 0.000488281
0.00371094 0.000559484

0.00371094 0.000561118
0.003718 0.000585938

0.00371813 0.000585937
0.00373709 0.000683594

0.00373672 0.000683594
0.003748 0.00078125

0.00374999 0.00078125
0.00375076 0.000976562

0.00375045 0.000976562
0.00372259 0.00117188

0.00371094 0.00121406
0.00366697 0.00136719

0.00366699 0.00136719
0.00358173 0.0015625

0.00371094 0.00121065
0.00372058 0.00117187

0.00332031 0.00194927
0.00331709 0.00195312

0.00351563 0.00167769
0.00346518 0.00175781

0.00341797 0.00182352
0.00339519 0.00185547

0.00332031 0.00194799
0.00339522 0.00185547

0.00346427 0.00175781
0.00343018 0.00180664

0.00341797 0.00182262
0.00342934 0.00180664

0.00322266 0.00205506
0.00312636 0.00214844

0.00331643 0.00195313
0.00322691 0.00205078

0.00322266 0.00205482
0.00322659 0.00205078

0.003125 0.00214921
0.00312585 0.00214844

0.00357967 0.0015625
0.0035259 0.00166016

0.00351563 0.00167371
0.0035239 0.00166016

