7.08207e-05 0
7.32422e-05 4.79189e-06

9.33944e-05 0
9.76563e-05 1.05529e-05

9.86801e-05 0
0.00012207 2.33643e-05

0.00012207 2.12266e-05
0.000146484 4.80192e-06

0.000146484 6.18199e-06
0.000164842 0

0.000170898 1.16749e-06
0.000195313 1.8669e-05

0.000195313 9.3726e-06
0.000219727 1.06514e-05

0.000219727 9.44787e-06
0.000244141 1.18054e-05

0.000244141 1.03831e-05
0.000268555 1.23866e-05

0.000268555 1.10999e-05
0.000292969 1.26294e-05

0.000292969 1.17104e-05
0.000317383 1.30427e-05

0.000317383 1.22284e-05
0.000341797 1.32975e-05

0.000341797 1.26649e-05
0.000366211 1.35778e-05

0.000366211 1.30221e-05
0.000390625 1.38106e-05

0.000390625 1.33809e-05
0.000415039 1.40171e-05

0.000415039 1.37007e-05
0.000439453 1.40824e-05

0.000439453 1.38256e-05
0.000463867 1.41506e-05

0.000463867 1.39642e-05
0.000488281 1.43159e-05

0.000488281 1.41169e-05
0.000512695 1.44022e-05

0.000512695 1.41892e-05
0.000537109 1.45351e-05

0.000537109 1.43348e-05
0.000561523 1.47275e-05

0.000561523 1.44406e-05
0.000585937 1.49068e-05

0.000585938 1.46172e-05
0.000610352 1.51934e-05

0.000610352 1.4973e-05
0.000634766 1.53127e-05

0.000634766 1.48551e-05
0.00065918 1.55155e-05

0.00065918 1.54589e-05
0.000683594 1.59304e-05

0.000683594 1.57894e-05
0.000708008 1.53816e-05

0.000708008 1.52874e-05
0.000732422 1.54091e-05

0.000732422 1.56836e-05
0.000756836 1.56934e-05

0.000756836 1.57213e-05
0.00078125 1.49919e-05

0 0.000993542
9.76563e-05 0.000993701

9.76563e-05 0.000993705
0.000195313 0.000994174

0.000195313 0.000994168
0.000244141 0.000994525

0.000244141 0.000994526
0.000292969 0.000995017

0.000292969 0.000995022
0.000341797 0.000995635

0.000341797 0.000995628
0.000390625 0.000996368

0.000390625 0.000996369
0.000439453 0.000997249

0.000439453 0.000997247
0.000488281 0.00099827

0.000488281 0.000998267
0.000537109 0.000999445

0.000537109 0.000999445
0.000585938 0.00100079

0.000585937 0.00100078
0.000634766 0.0010023

0.000634766 0.0010023
0.000683594 0.001004

0.000683594 0.001004
0.000732422 0.00100589

0.000732422 0.00100589
0.00078125 0.00100798

0.00078125 1.53489e-05
0.000805664 1.48036e-05

0.000805664 1.50871e-05
0.000830078 1.47266e-05

0.000830078 1.49573e-05
0.000854492 1.46077e-05

0.000854492 1.48414e-05
0.000878906 1.44081e-05

0.000878906 1.4636e-05
0.00090332 1.42373e-05

0.00090332 1.44693e-05
0.000927734 1.41509e-05

0.000927734 1.43685e-05
0.000952148 1.40072e-05

0.000952148 1.41605e-05
0.000976562 1.39e-05

0.000976562 1.41346e-05
0.00100098 1.38411e-05

0.00100098 1.40053e-05
0.00102539 1.36079e-05

0.00102539 1.40068e-05
0.0010498 1.33689e-05

0.0010498 1.35413e-05
0.00107422 1.31224e-05

0.00107422 1.38673e-05
0.00109863 1.28936e-05

0.00109863 1.42247e-05
0.00112305 1.10372e-05

0.00112305 1.08381e-05
0.00114746 1.15836e-05

0.00114746 1.31399e-05
0.00117187 1.31026e-05

0.00117188 1.30259e-05
0.00119629 9.34626e-06

0.00119629 8.846e-06
0.0012207 1.27454e-05

0.0012207 1.37471e-05
0.00124512 1.35695e-05

0.00124512 1.29251e-05
0.00126953 8.42963e-06

0.00126953 8.88197e-06
0.00129395 1.28054e-05

0.00129395 1.29091e-05
0.00131836 1.33181e-05

0.00131836 1.25926e-05
0.00134277 9.6329e-06

0.00134277 1.15481e-05
0.00136719 1.09152e-05

0.00136719 2.21567e-05
0.00139083 0

0.0013916 9.97631e-06
0.00139541 0

0.00146242 0
0.00146484 6.94505e-06

0.00146484 1.13996e-06
0.00148734 2.44141e-05

0.00148785 2.44141e-05
0.00148926 2.48985e-05

0.00148926 1.43094e-05
0.00151367 1.59218e-05

0.00151367 1.58386e-05
0.00153809 1.41513e-05

0.0015625 1.2229e-06
0.00154006 2.44141e-05

0.00153809 2.49615e-05
0.00153968 2.44141e-05

0.00078125 0.00100797
0.000830078 0.00101027

0.000830078 0.00101027
0.000878906 0.00101279

0.000878906 0.00101279
0.000927734 0.00101554

0.000927734 0.00101553
0.000976562 0.00101853

0.000976563 0.00101853
0.00102539 0.00102177

0.00102539 0.00102177
0.00107422 0.00102529

0.00107422 0.00102532
0.00107511 0.00102539

0.00107559 0.00102539
0.00112305 0.0010291

0.00112305 0.0010291
0.00117187 0.00103321

0.00117188 0.00103321
0.0012207 0.00103764

0.0012207 0.00103764
0.00126953 0.00104241

0.00126953 0.00104241
0.00131836 0.00104751

0.00131836 0.00104751
0.00136719 0.00105294

0.00136719 0.00105293
0.00141602 0.0010587

0.00141602 0.0010587
0.00146484 0.00106484

0.00146484 0.00106484
0.00151367 0.00107135

0.00151367 0.00107132
0.0015341 0.00107422

0.00153412 0.00107422
0.00153809 0.00107477

0.00153809 0.00107475
0.0015625 0.00107828

0.0015625 6.21385e-06
0.00156465 0

0.00165624 0
0.00166016 9.5599e-06

0.00166016 1.03486e-05
0.00167599 2.44141e-05

0.0016751 2.44141e-05
0.00168457 2.76751e-05

0.00168457 1.74972e-05
0.00170898 1.76218e-05

0.00168951 2.44141e-05
0.00170898 2.44626e-05

0.0017334 1.06767e-05
0.00171764 2.44141e-05

0.00170898 2.76436e-05
0.00171847 2.44141e-05

0.0017334 1.05683e-05
0.00173779 0

0.00180494 0
0.00180664 4.56564e-06

0.00181829 0
0.00183105 1.054e-05

0.00184061 0
0.00185547 7.7923e-06

0.00186132 0
0.00187988 1.29606e-05

0.00187988 1.37285e-06
0.0019043 1.22251e-05

0.0019043 6.06599e-06
0.00192871 1.195e-05

0.00192871 7.63905e-06
0.00195312 1.14821e-05

0.00195312 8.34139e-06
0.00197754 1.37876e-05

0.00197754 1.43559e-05
0.00200195 1.13928e-05

0.00200195 1.88433e-05
0.0020258 0

0.00202637 5.7816e-07
0.00205078 6.76001e-06

0.00205078 5.83606e-06
0.0020752 1.73161e-05

0.0020752 7.21267e-06
0.00209961 1.14603e-05

0.00209961 1.41595e-05
0.00212402 1.41426e-05

0.00212402 1.39607e-05
0.00214844 4.69057e-06

0.00214844 4.0376e-06
0.00217285 1.37142e-05

0.00217285 1.48277e-05
0.00219727 1.49068e-05

0.00219727 1.3898e-05
0.00222168 3.95648e-06

0.00222168 3.95241e-06
0.00224609 1.44072e-05

0.00224609 1.50526e-05
0.00227051 1.48618e-05

0.00227051 1.49679e-05
0.00229492 3.14074e-06

0.00229492 4.33958e-06
0.00231934 1.22216e-05

0.00231934 9.25132e-06
0.00234375 1.72192e-05

0.0015625 0.00107826
0.00161133 0.00108568

0.00161133 0.0010857
0.00166016 0.00109355

0.00166016 0.00109356
0.00170898 0.00110177

0.00170898 0.00110175
0.00175781 0.00111032

0.00175781 0.00111033
0.00180664 0.00111932

0.00180664 0.0011193
0.00182604 0.00112305

0.00182604 0.00112305
0.00183105 0.001124

0.00183105 0.00112399
0.00185547 0.00112877

0.00185547 0.00112877
0.00187988 0.00113367

0.00187988 0.00113367
0.0019043 0.00113868

0.0019043 0.00113868
0.00192871 0.00114383

0.00192871 0.00114382
0.00194543 0.00114746

0.00194544 0.00114746
0.00195312 0.00114913

0.00195312 0.00114914
0.00197754 0.00115462

0.00197754 0.00115461
0.00200195 0.00116026

0.00200195 0.00116023
0.00205011 0.00117187

0.00205 0.00117188
0.00205078 0.00117207

0.00205078 0.00117208
0.0020752 0.00117824

0.0020752 0.00117824
0.00209961 0.00118457

0.00209961 0.00118455
0.00214844 0.00119769

0.00214844 0.00119772
0.00219727 0.00121141

0.00219727 0.00121135
0.00222928 0.0012207

0.00222929 0.0012207
0.00224609 0.00122568

0.00224609 0.00122569
0.00227051 0.00123305

0.00227051 0.00123304
0.00229492 0.00124057

0.00229492 0.00124056
0.00230934 0.00124512

0.00230933 0.00124512
0.00231934 0.00124828

0.00231934 0.00124828
0.00234375 0.00125618

0.00234375 1.76324e-05
0.00236816 9.43436e-06

0.00236816 1.24347e-05
0.00239258 3.25734e-06

0.00239258 3.75405e-06
0.00241699 1.37903e-05

0.00241699 9.62402e-06
0.00244141 1.66231e-05

0.00244141 1.7122e-05
0.00246582 9.6762e-06

0.00246582 1.22734e-05
0.00249023 4.18379e-06

0.00249023 4.59394e-06
0.00251465 1.35995e-05

0.00251465 9.94942e-06
0.00253906 1.62234e-05

0.00253906 1.6623e-05
0.00256348 9.88339e-06

0.00256348 1.21078e-05
0.00258789 5.187e-06

0.00258789 5.4994e-06
0.0026123 1.34439e-05

0.0026123 1.04061e-05
0.00263672 1.57066e-05

0.00263672 1.5955e-05
0.00266113 1.00185e-05

0.00266113 1.1359e-05
0.00268555 6.94324e-06

0.00268555 6.29945e-06
0.00270996 1.46388e-05

0.00270996 1.42922e-05
0.00273438 1.4094e-05

0.00273437 1.37094e-05
0.00275879 6.96262e-06

0.00275879 7.89026e-06
0.0027832 1.22202e-05

0.0027832 1.0832e-05
0.00280762 1.49649e-05

0.00280762 1.50996e-05
0.00283203 1.05017e-05

0.00283203 1.15651e-05
0.00285645 8.15987e-06

0.00285645 7.5932e-06
0.00288086 1.39806e-05

0.00288086 1.36958e-05
0.00290527 1.39207e-05

0.00290527 1.31482e-05
0.00292969 8.72867e-06

0.00292969 8.94625e-06
0.0029541 1.30372e-05

0.0029541 1.34529e-05
0.00297852 1.36134e-05

0.00297852 1.28526e-05
0.00300293 9.34636e-06

0.00300293 9.53338e-06
0.00302734 1.30316e-05

0.00302734 1.33751e-05
0.00305176 1.33144e-05

0.00305176 1.26185e-05
0.00307617 9.86504e-06

0.00307617 1.02214e-05
0.00310059 1.29049e-05

0.00310059 1.29716e-05
0.003125 1.29811e-05

0.00234375 0.00125618
0.00236816 0.00126428

0.00236816 0.00126427
0.00238361 0.00126953

0.00238357 0.00126953
0.00239258 0.0012726

0.00239258 0.00127261
0.00241699 0.00128111

0.00241699 0.0012811
0.00244141 0.00128979

0.00244141 0.00128977
0.00249023 0.00130768

0.00249023 0.0013077
0.00251829 0.00131836

0.00251836 0.00131836
0.00253906 0.00132628

0.00253906 0.00132628
0.00256348 0.00133577

0.00256348 0.00133576
0.00258118 0.00134277

0.00258116 0.00134277
0.00258789 0.00134544

0.00258789 0.00134544
0.0026123 0.0013553

0.0026123 0.00135529
0.00263672 0.00136534

0.00263672 0.00136533
0.00264114 0.00136719

0.00264109 0.00136719
0.00266113 0.0013756

0.00266113 0.0013756
0.00268555 0.00138603

0.00268555 0.00138602
0.00269839 0.0013916

0.00269835 0.0013916
0.00270996 0.00139665

0.00270996 0.00139665
0.00273438 0.00140742

0.00273438 0.00140741
0.00275357 0.00141602

0.00275359 0.00141602
0.00275879 0.00141833

0.00275879 0.00141832
0.0027832 0.0014293

0.0027832 0.00142929
0.00280762 0.0014404

0.00280762 0.00144038
0.00280773 0.00144043

0.00280767 0.00144043
0.00283203 0.00145166

0.00283203 0.00145165
0.00285645 0.00146304

0.00285645 0.00146303
0.00286029 0.00146484

0.00286022 0.00146484
0.00288086 0.0014746

0.00288086 0.00147459
0.00290527 0.00148626

0.00290527 0.00148624
0.00291153 0.00148926

0.00291146 0.00148926
0.00292969 0.00149806

0.00292969 0.00149805
0.00296172 0.00151367

0.00296171 0.00151367
0.00297852 0.00152189

0.00297852 0.00152188
0.00300293 0.00153388

0.00300293 0.00153386
0.00301147 0.00153809

0.00301141 0.00153809
0.00302734 0.00154596

0.00302734 0.00154595
0.00305176 0.0015581

0.00305176 0.00155809
0.00306057 0.0015625

0.0030605 0.0015625
0.00307617 0.00157035

0.00307617 0.00157034
0.00310059 0.00158263

0.00310059 0.00158261
0.0031091 0.00158691

0.00310902 0.00158691
0.003125 0.00159499

0.003125 1.21924e-05
0.00314941 1.09465e-05

0.00314941 1.12215e-05
0.00317383 1.3089e-05

0.00317383 1.24647e-05
0.00319824 1.31572e-05

0.00319824 1.25891e-05
0.00322266 1.26746e-05

0.00322266 1.26959e-05
0.00324707 1.3045e-05

0.00324707 1.27941e-05
0.00327148 1.29582e-05

0.00327148 1.28788e-05
0.0032959 1.30933e-05

0.0032959 1.29505e-05
0.00332031 1.31055e-05

0.00332031 1.30115e-05
0.00334473 1.31813e-05

0.00334473 1.30684e-05
0.00336914 1.32305e-05

0.00336914 1.31237e-05
0.00339355 1.33019e-05

0.00339355 1.3177e-05
0.00341797 1.3379e-05

0.00341797 1.3367e-05
0.00344238 1.33518e-05

0.00344238 1.32157e-05
0.0034668 1.33181e-05

0.0034668 1.32344e-05
0.00349121 1.36335e-05

0.00349121 1.34886e-05
0.00351563 1.36304e-05

0.00351563 1.36078e-05
0.00354004 1.34696e-05

0.00354004 1.35135e-05
0.00356445 1.34012e-05

0.00356445 1.32565e-05
0.00358887 1.36556e-05

0.00358887 1.35241e-05
0.00361328 1.39805e-05

0.00361328 1.38949e-05
0.0036377 1.36996e-05

0.0036377 1.37096e-05
0.00366211 1.3502e-05

0.00366211 1.33712e-05
0.00368652 1.39134e-05

0.00368652 1.37272e-05
0.00371094 1.42973e-05

0.00371094 1.41916e-05
0.00373535 1.39609e-05

0.00373535 1.39476e-05
0.00375977 1.37241e-05

0.00375977 1.35141e-05
0.00378418 1.42987e-05

0.00378418 1.40179e-05
0.00380859 1.48554e-05

0.00380859 1.46986e-05
0.00383301 1.44256e-05

0.00383301 1.4391e-05
0.00385742 1.40515e-05

0.00385742 1.37652e-05
0.00388184 1.48279e-05

0.00388184 1.44623e-05
0.00390625 1.56597e-05

0.00390625 1.54347e-05
0.00393066 1.51101e-05

0.00393066 1.49982e-05
0.00395508 1.45885e-05

0.00395508 1.41668e-05
0.00397949 1.57089e-05

0.00397949 1.52861e-05
0.00400391 1.68584e-05

0.00400391 1.65934e-05
0.00402832 1.60035e-05

0.00402832 1.58814e-05
0.00405273 1.52287e-05

0.00405273 1.44577e-05
0.00407715 1.70139e-05

0.00407715 1.63965e-05
0.00410156 1.92398e-05

0.00410156 1.85074e-05
0.00412598 1.8385e-05

0.00412598 1.79831e-05
0.00415039 1.74112e-05

0.00415039 1.61589e-05
0.0041748 1.96134e-05

0.0041748 2.14763e-05
0.00419922 2.0827e-05

0.00419922 1.84532e-05
0.00422363 1.60206e-05

0.00422363 1.66515e-05
0.00424805 2.07866e-05

0.00424805 2.1635e-05
0.00427246 2.11089e-05

0.00427246 1.97026e-05
0.00429688 1.66833e-05

0.00429688 1.81441e-05
0.00432129 1.85612e-05

0.00432129 1.9083e-05
0.0043457 1.81371e-05

0.0043457 1.82337e-05
0.00437012 1.65865e-05

0.00437012 1.73298e-05
0.00439453 1.67211e-05

0.00439453 1.72555e-05
0.00441895 1.64294e-05

0.00441895 1.67367e-05
0.00444336 1.58033e-05

0.00444336 1.6457e-05
0.00446777 1.55613e-05

0.00446777 1.58047e-05
0.00449219 1.51754e-05

0.00449219 1.58057e-05
0.0045166 1.51394e-05

0.0045166 1.52707e-05
0.00454102 1.45928e-05

0.00454102 1.4922e-05
0.00456543 1.49077e-05

0.00456543 1.50225e-05
0.00458984 1.48178e-05

0.00458984 1.50388e-05
0.00461426 1.44582e-05

0.00461426 1.46138e-05
0.00463867 1.42931e-05

0.00463867 1.43132e-05
0.00466309 1.46746e-05

0.00466309 1.4542e-05
0.0046875 1.49392e-05

0.003125 0.00159499
0.0031573 0.00161133

0.00315725 0.00161133
0.00317383 0.00161972

0.00317383 0.0016197
0.00319824 0.00163205

0.00319824 0.00163202
0.0032056 0.00163574

0.00320552 0.00163574
0.00322266 0.0016444

0.00322266 0.00164439
0.00324707 0.00165673

0.00324707 0.00165671
0.0032539 0.00166016

0.00325381 0.00166016
0.00327148 0.00166909

0.00327148 0.00166907
0.0032959 0.0016814

0.0032959 0.00168136
0.00330227 0.00168457

0.00330215 0.00168457
0.00332031 0.00169371

0.00332031 0.00169371
0.00335088 0.00170898

0.00335081 0.00170898
0.00336914 0.00171812

0.00336914 0.0017181
0.00339355 0.00173019

0.00339355 0.00173016
0.00340014 0.0017334

0.00340005 0.0017334
0.00341797 0.00174222

0.00341797 0.0017422
0.00344238 0.00175415

0.00344238 0.00175413
0.00344996 0.00175781

0.00344986 0.00175781
0.0034668 0.00176605

0.0034668 0.00176603
0.00349121 0.00177783

0.00349121 0.0017778
0.00350046 0.00178223

0.00350032 0.00178223
0.00351563 0.00178956

0.00351563 0.00178956
0.00355187 0.00180664

0.0035518 0.00180664
0.00356445 0.00181257

0.00356445 0.00181255
0.00358887 0.00182386

0.00358887 0.00182385
0.00360462 0.00183105

0.00360456 0.00183105
0.00361328 0.00183505

0.00361328 0.00183503
0.0036377 0.00184607

0.0036377 0.00184607
0.00365872 0.00185547

0.00365869 0.00185547
0.00366211 0.001857

0.00366211 0.00185699
0.00368652 0.00186777

0.00368652 0.00186776
0.00371094 0.00187839

0.00371094 0.00187835
0.00371452 0.00187988

0.00371435 0.00187988
0.00373535 0.00188889

0.00373535 0.00188888
0.00375977 0.00189917

0.00375977 0.00189917
0.00377224 0.0019043

0.00377206 0.0019043
0.00378418 0.00190933

0.00378418 0.00190931
0.00380859 0.00191926

0.00380859 0.00191925
0.00383222 0.00192871

0.0038322 0.00192871
0.00383301 0.00192903

0.00383301 0.00192903
0.00385742 0.00193864

0.00385742 0.00193863
0.00388184 0.00194805

0.00388184 0.00194804
0.00389524 0.00195312

0.00389516 0.00195312
0.00390625 0.00195733

0.00390625 0.00195732
0.00393066 0.0019664

0.00393066 0.0019664
0.00395508 0.00197529

0.00395508 0.00197535
0.00400391 0.00199249

0.00400391 0.00199246
0.0040323 0.00200195

0.00403205 0.00200195
0.00405273 0.0020088

0.00405273 0.00200877
0.00407715 0.00201662

0.00407715 0.00201661
0.00410156 0.00202425

0.00410156 0.00202422
0.00410863 0.00202637

0.00410848 0.00202637
0.00412598 0.00203169

0.00412598 0.00203168
0.00415039 0.00203889

0.00415039 0.00203889
0.0041748 0.0020459

0.0041748 0.00204589
0.00419235 0.00205078

0.00419229 0.00205078
0.00419922 0.00205271

0.00419922 0.0020527
0.00422363 0.0020593

0.00422363 0.0020593
0.00424805 0.00206568

0.00424805 0.00206568
0.00427246 0.00207183

0.00427246 0.00207181
0.00428642 0.0020752

0.00428612 0.0020752
0.00429688 0.0020778

0.00429687 0.00207781
0.0043457 0.0020889

0.0043457 0.00208889
0.00439453 0.00209903

0.00439453 0.00209893
0.00439815 0.00209961

0.00439774 0.00209961
0.00441895 0.00210371

0.00441895 0.0021037
0.00444336 0.00210819

0.00444336 0.00210819
0.00446777 0.00211244

0.00446777 0.00211244
0.00449219 0.00211644

0.00449219 0.00211644
0.0045166 0.0021202

0.0045166 0.00212019
0.00454102 0.00212372

0.00454102 0.00212368
0.00454356 0.00212402

0.00454322 0.00212402
0.00456543 0.00212701

0.00456543 0.00212701
0.00458984 0.00213005

0.00458984 0.00213005
0.00461426 0.00213285

0.00461426 0.00213286
0.00463867 0.00213542

0.00463867 0.00213542
0.00466309 0.00213773

0.00466309 0.00213773
0.0046875 0.0021398

0.0046875 1.46335e-05
0.00471191 1.49919e-05

0.00471191 1.48185e-05
0.00473633 1.52438e-05

0.00473633 1.49543e-05
0.00476074 1.53683e-05

0.00476074 1.5144e-05
0.00478516 1.56047e-05

0.00478516 1.52501e-05
0.00480957 1.58455e-05

0.00480957 1.55803e-05
0.00483398 1.61822e-05

0.00483398 1.55299e-05
0.0048584 1.66074e-05

0.0048584 1.60986e-05
0.00488281 1.75721e-05

0.00488281 1.66935e-05
0.00490723 1.8146e-05

0.00490723 1.74727e-05
0.00493164 1.89704e-05

0.00493164 1.81347e-05
0.00495605 1.96809e-05

0.00495605 1.88772e-05
0.00498047 2.06584e-05

0.00498047 1.97395e-05
0.00500488 2.16383e-05

0.00500488 2.06681e-05
0.0050293 2.26649e-05

0.0050293 2.17733e-05
0.00505371 2.3598e-05

0.00505371 2.28799e-05
0.00507813 2.41025e-05

0.00507813 2.37395e-05
0.00510254 2.40772e-05

0.00510254 2.37776e-05
0.00512695 2.38803e-05

0.00512695 2.33403e-05
0.00514567 2.44141e-05

0.00514704 2.44141e-05
0.00515137 2.46104e-05

0.00515137 2.55692e-05
0.00517578 2.65198e-05

0.00517578 2.59713e-05
0.0052002 2.58709e-05

0.0052002 2.58904e-05
0.00522461 2.57968e-05

0.00522461 2.58588e-05
0.00524902 2.5609e-05

0.00524902 2.54375e-05
0.00527344 2.52503e-05

0.00527344 2.53513e-05
0.00529785 2.53675e-05

0.00529785 2.54815e-05
0.00532227 2.5271e-05

0.00532227 2.48399e-05
0.00534668 2.50367e-05

0.00534668 2.5491e-05
0.00537109 2.60486e-05

0.00537109 2.60983e-05
0.00539551 2.60085e-05

0.00539551 2.5758e-05
0.00541992 2.54224e-05

0.00541992 2.54161e-05
0.00544434 2.53485e-05

0.00544434 2.5284e-05
0.00546875 2.5626e-05

0.00546875 2.61006e-05
0.00549316 2.60322e-05

0.00549316 2.53812e-05
0.00551758 2.52551e-05

0.00551758 2.58268e-05
0.00554199 2.58015e-05

0.00554199 2.52839e-05
0.00556641 2.52515e-05

0.00556641 2.51358e-05
0.00559082 2.63627e-05

0.00561523 2.4111e-05
0.00560771 2.44141e-05

0.00559082 2.81074e-05
0.00561523 2.73798e-05

0.00561523 2.40862e-05
0.00563965 2.37193e-05

0.00561523 2.49782e-05
0.00563965 2.46327e-05

0.00563965 2.38735e-05
0.00564773 2.44141e-05

0.00563965 2.64069e-05
0.00566406 2.77841e-05

0.00568848 2.43526e-05
0.00568758 2.44141e-05

0.00566406 2.77786e-05
0.00568848 2.63206e-05

0.00571289 2.32771e-05
0.00569107 2.44141e-05

0.00568848 2.50769e-05
0.00570204 2.44141e-05

0.00571289 2.37898e-05
0.00572529 2.44141e-05

0.00571509 2.44141e-05
0.0057373 2.53063e-05

0.00576172 2.43657e-05
0.00575148 2.44141e-05

0.0057373 2.61278e-05
0.00576172 2.5995e-05

0.00576172 2.42627e-05
0.00578613 2.42939e-05

0.00576172 2.45287e-05
0.00578613 2.4559e-05

0.00578613 2.4321e-05
0.00579059 2.44141e-05

0.00578613 2.58995e-05
0.00581055 2.63413e-05

0.00581055 2.55781e-05
0.00583496 2.50052e-05

0.00583496 2.4733e-05
0.00585938 2.52078e-05

0.00585938 2.55039e-05
0.00588379 2.69784e-05

0.0059082 2.43595e-05
0.00590652 2.44141e-05

0.00588379 2.82982e-05
0.0059082 2.75422e-05

0.00593262 2.42528e-05
0.0059116 2.44141e-05

0.0059082 2.48841e-05
0.00593262 2.47131e-05

0.00595703 2.42351e-05
0.00594762 2.44141e-05

0.00593262 2.7759e-05
0.00595703 2.74627e-05

0.00595703 2.34544e-05
0.00597764 2.44141e-05

0.0059698 2.44141e-05
0.00598145 2.49488e-05

0.00598145 2.61329e-05
0.00600586 3.34983e-05

0.00600586 3.38514e-05
0.00603027 4.38835e-05

0.00603027 4.42844e-05
0.00603966 4.88281e-05

0.00604075 4.88281e-05
0.00605469 5.5574e-05

0.00605469 5.58103e-05
0.0060791 6.92054e-05

0.0060791 6.95098e-05
0.00608525 7.32422e-05

0.00608588 7.32422e-05
0.00610352 8.40357e-05

0.00610352 8.4157e-05
0.00612348 9.76563e-05

0.00612359 9.76563e-05
0.00612793 0.000100579

0.00612793 0.000100636
0.00615234 0.000118722

0.00615234 0.000119
0.00615628 0.00012207

0.00615658 0.00012207
0.00617676 0.000138384

0.00617676 0.000138661
0.00618593 0.000146484

0.006186 0.000146484
0.00620117 0.000159784

0.00620117 0.000160079
0.0062128 0.000170898

0.00621294 0.000170898
0.00622559 0.000183151

0.00622559 0.000183331
0.00623739 0.000195313

0.00623759 0.000195313
0.00625 0.00020857

0.00625 0.00152891
0.00622445 0.0015625

0.0046875 0.00213981
0.00471191 0.00214163

0.00471191 0.00214163
0.00473633 0.0021432

0.00473633 0.0021432
0.00476074 0.00214453

0.00476074 0.00214453
0.00478516 0.0021456

0.00478516 0.0021456
0.00480957 0.00214642

0.00480957 0.00214642
0.00483398 0.00214699

0.00483398 0.00214699
0.0048584 0.0021473

0.0048584 0.0021473
0.00488281 0.00214734

0.00488281 0.00214734
0.00490723 0.00214713

0.00490723 0.00214713
0.00493164 0.00214665

0.00493164 0.00214665
0.00495605 0.0021459

0.00495605 0.0021459
0.00498047 0.00214488

0.00498047 0.00214488
0.00500488 0.00214359

0.00500488 0.00214359
0.0050293 0.00214202

0.0050293 0.00214202
0.00505371 0.00214017

0.00505371 0.00214017
0.00507813 0.00213804

0.00507813 0.00213804
0.00510254 0.00213563

0.00510254 0.00213563
0.00512695 0.00213292

0.00512695 0.00213292
0.00515137 0.00212992

0.00515137 0.00212992
0.00517578 0.00212663

0.0052002 0.00212305
0.0051936 0.00212402

0.00517578 0.00212662
0.00519346 0.00212402

0.0052002 0.00212304
0.00522461 0.00211914

0.00522461 0.00211914
0.00524902 0.00211493

0.00524902 0.00211493
0.00527344 0.00211041

0.00527344 0.00211041
0.00529785 0.00210557

0.00529785 0.00210557
0.00532227 0.0021004

0.00537109 0.00208908
0.00532621 0.00209961

0.00532227 0.00210042
0.00532585 0.00209961

0.00537109 0.00208903
0.00541992 0.00207613

0.00541992 0.00207614
0.00546875 0.00206187

0.00576172 0.00194174
0.00573921 0.00195312

0.00576172 0.00194161
0.00581055 0.00191484

0.00585938 0.00188596
0.00582867 0.0019043

0.00581055 0.00191474
0.00582858 0.0019043

0.00551758 0.0020462
0.00550339 0.00205078

0.00551758 0.00204606
0.00554199 0.00203757

0.00554199 0.00203757
0.00556641 0.00202871

0.00546875 0.0020618
0.00549316 0.00205415

0.00549316 0.00205409
0.00550316 0.00205078

0.00559082 0.00201947
0.00557266 0.00202637

0.00556641 0.00202868
0.00557249 0.00202637

0.00559082 0.00201944
0.00561523 0.00200974

0.00566406 0.00198917
0.00563414 0.00200195

0.00561523 0.00200974
0.00563405 0.00200195

0.00566406 0.00198901
0.00571289 0.00196624

0.00571289 0.0019661
0.0057373 0.00195409

0.0057373 0.00195396
0.00573893 0.00195312

0.00605469 0.00174077
0.00603472 0.00175781

0.0059082 0.00185418
0.00590622 0.00185547

0.0059082 0.00185416
0.00595703 0.00181968

0.00585938 0.00188577
0.00590595 0.00185547

0.00600586 0.00178213
0.00597418 0.00180664

0.00595703 0.00181945
0.00597406 0.00180664

0.00600586 0.00178165
0.00603027 0.00176144

0.00603027 0.00176138
0.00603452 0.00175781

0.00615234 0.00164582
0.0061388 0.00166016

0.00610352 0.00169556
0.0060894 0.00170898

0.00605469 0.00174038
0.00608934 0.00170898

0.00610352 0.00169544
0.00613871 0.00166016

0.00620117 0.00159057
0.00618371 0.00161133

0.00615234 0.00164588
0.00618346 0.00161133

0.00620117 0.00159085
0.0062243 0.0015625

0.00625 0.000208659
0.00626001 0.000219727

0.00626025 0.000219727
0.00627441 0.000236255

0.00627441 0.000236322
0.00628093 0.000244141

0.00628143 0.000244141
0.00629883 0.000266791

0.00629883 0.000266613
0.00630032 0.000268555

0.00630048 0.000268555
0.00631851 0.000292969

0.00631854 0.000292969
0.00632324 0.00029987

0.00632324 0.000299907
0.00633525 0.000317383

0.00633527 0.000317383
0.00634766 0.00033675

0.00634766 0.000336845
0.00635075 0.000341797

0.00635084 0.000341797
0.00636535 0.000366211

0.00636535 0.000366211
0.00637207 0.000378354

0.00637207 0.000378442
0.00637881 0.000390625

0.00637907 0.000390625
0.00639648 0.000425794

0.00639648 0.000425901
0.00640291 0.000439453

0.00640291 0.000439453
0.00641366 0.000463867

0.00641366 0.000463867
0.0064209 0.000481699

0.0064209 0.00048176
0.00642355 0.000488281

0.00642355 0.000488281
0.00643268 0.000512695

0.00643268 0.000512695
0.00644103 0.000537109

0.00644102 0.000537109
0.00644531 0.000550864

0.00644531 0.000550892
0.00644863 0.000561523

0.00644863 0.000561523
0.00645554 0.000585937

0.00645553 0.000585938
0.00646175 0.000610352

0.00646175 0.000610352
0.00646728 0.000634766

0.00646743 0.000634766
0.00647654 0.000683594

0.00647654 0.000683594
0.00648309 0.000732422

0.00648306 0.000732422
0.00648712 0.00078125

0.00644531 0.00113916
0.00643639 0.00117188

0.00648711 0.00078125
0.00648879 0.000830078

0.00648878 0.000830078
0.00648814 0.000878906

0.00648813 0.000878906
0.00648518 0.000927734

0.00648519 0.000927734
0.00647995 0.000976562

0.00647996 0.000976563
0.00647243 0.00102539

0.00647242 0.00102539
0.00646261 0.00107422

0.00646264 0.00107422
0.00645052 0.00112305

0.00644531 0.00114072
0.00645054 0.00112305

0.00643676 0.00117187
0.0064004 0.00126953

0.00639648 0.00127714
0.00637791 0.00131836

0.00637788 0.00131836
0.00635307 0.00136719

0.00639648 0.00127759
0.00640012 0.00126953

0.00634766 0.00137781
0.00629576 0.00146484

0.00629529 0.00146484
0.00626164 0.00151367

0.00625 0.00152924
0.00626137 0.00151367

0.00634766 0.00137723
0.00635331 0.00136719

