7.16459e-05 0
7.32422e-05 4.68199e-06

7.32422e-05 1.7348e-07
9.57578e-05 2.44141e-05

9.70525e-05 2.44141e-05
9.76563e-05 2.46307e-05

9.76563e-05 1.46019e-05
0.00012207 1.56769e-05

0.00012207 1.44309e-05
0.000146484 1.37341e-05

0.000146484 1.45746e-05
0.000170898 1.46025e-05

0.000170898 1.39187e-05
0.000195313 1.42901e-05

0.000195313 1.44962e-05
0.000219727 1.52657e-05

0.000219727 1.51085e-05
0.000244141 1.43314e-05

0.000244141 1.46265e-05
0.000268555 1.38924e-05

0.000268555 1.39903e-05
0.000292969 1.42994e-05

0.000292969 1.43548e-05
0.000317383 1.46456e-05

0.000317383 1.48084e-05
0.000341797 1.3938e-05

0.000341797 1.42311e-05
0.000366211 1.34128e-05

0.000366211 1.36246e-05
0.000390625 1.38757e-05

0.000390625 1.38962e-05
0.000415039 1.41273e-05

0.000415039 1.42418e-05
0.000439453 1.361e-05

0.000439453 1.38312e-05
0.000463867 1.32365e-05

0.000463867 1.3372e-05
0.000488281 1.35951e-05

0.000488281 1.36034e-05
0.000512695 1.37947e-05

0.000512695 1.38855e-05
0.000537109 1.33663e-05

0.000537109 1.35616e-05
0.000561523 1.30671e-05

0.000561523 1.31931e-05
0.000585937 1.33359e-05

0.000585938 1.33506e-05
0.000610352 1.34858e-05

0.000610352 1.35503e-05
0.000634766 1.3176e-05

0.000634766 1.33189e-05
0.00065918 1.29727e-05

0.00065918 1.3064e-05
0.000683594 1.31635e-05

0.000683594 1.3114e-05
0.000708008 1.33206e-05

0.000708008 1.33154e-05
0.000732422 1.321e-05

0.000732422 1.32072e-05
0.000756836 1.30752e-05

0.000756836 1.29968e-05
0.00078125 1.33385e-05

0.00078125 1.32056e-05
0.000805664 1.35701e-05

0.000805664 1.35101e-05
0.000830078 1.33566e-05

0.000830078 1.33106e-05
0.000854492 1.32407e-05

0.000854492 1.31426e-05
0.000878906 1.36223e-05

0.000878906 1.35527e-05
0.00090332 1.37017e-05

0.00090332 1.34974e-05
0.000927734 1.34876e-05

0.000927734 1.35048e-05
0.000952148 1.3735e-05

0.000952148 1.35526e-05
0.000976562 1.37743e-05

0.000976562 1.3607e-05
0.00100098 1.39641e-05

0.00100098 1.39106e-05
0.00102539 1.39543e-05

0.00102539 1.372e-05
0.0010498 1.39174e-05

0.0010498 1.37125e-05
0.00107422 1.44524e-05

0.00107422 1.42557e-05
0.00109863 1.45206e-05

0.00109863 1.43809e-05
0.00112305 1.41974e-05

0.00112305 1.40906e-05
0.00114746 1.43991e-05

0.00114746 1.40476e-05
0.00117187 1.50135e-05

0.00117188 1.47923e-05
0.00119629 1.52356e-05

0.00119629 1.50315e-05
0.0012207 1.47493e-05

0.0012207 1.46219e-05
0.00124512 1.49469e-05

0.00124512 1.49958e-05
0.00126953 1.53141e-05

0.00126953 1.51348e-05
0.00129395 1.49567e-05

0.00129395 1.5194e-05
0.00131836 1.4823e-05

0.00131836 1.4468e-05
0.00134277 1.50176e-05

0.00134277 1.60612e-05
0.00136719 1.48556e-05

0.0013916 8.75087e-07
0.00136951 2.44141e-05

0.00136719 2.4504e-05
0.00136744 2.44141e-05

0.0013916 4.48992e-06
0.00139313 0

0.00146293 0
0.00146484 5.6336e-06

0.00146484 4.56764e-06
0.0014843 2.44141e-05

0.00148496 2.44141e-05
0.00148926 2.59173e-05

0.00148926 1.70395e-05
0.00151367 1.75845e-05

0.00151199 2.44141e-05
0.00151367 2.44285e-05

0.00151367 1.72754e-05
0.00153809 1.68341e-05

0.0015625 5.36059e-06
0.00154313 2.44141e-05

0.00153809 2.59403e-05
0.00154255 2.44141e-05

0 0.00312105
0.000390625 0.00311006

0.000390625 0.00311035
0.00078125 0.00307682

0.00078125 0.00307745
0.00117187 0.00301952

0.00117188 0.00302057
0.0015625 0.00293485

0.0015625 7.26336e-06
0.00156504 0

0.00165638 0
0.00166016 9.2272e-06

0.00166016 1.04071e-05
0.0016757 2.44141e-05

0.00167483 2.44141e-05
0.00168457 2.78369e-05

0.00168457 1.77568e-05
0.00170898 1.79503e-05

0.00169358 2.44141e-05
0.00170898 2.44757e-05

0.0017334 1.09788e-05
0.00171789 2.44141e-05

0.00170898 2.78034e-05
0.00171888 2.44141e-05

0.0017334 1.1505e-05
0.00173825 0

0.0018004 0
0.00180664 1.40747e-05

0.00180664 9.28707e-06
0.00183105 1.24799e-05

0.00183105 6.05585e-06
0.00185489 0

0.00185558 0
0.00187988 1.7527e-05

0.00187988 9.25828e-06
0.0019043 1.14395e-05

0.0019043 9.31821e-06
0.00192871 1.04676e-05

0.00192871 9.83934e-06
0.00195312 1.21493e-05

0.00195312 9.4946e-06
0.00197754 1.3012e-05

0.00197754 1.36196e-05
0.00200195 1.28582e-05

0.00200195 1.53949e-05
0.00202637 6.10369e-06

0.00202637 6.58254e-06
0.00205078 9.09341e-06

0.00205078 9.52172e-06
0.0020752 1.46162e-05

0.0020752 9.80121e-06
0.00209961 1.18274e-05

0.00209961 1.338e-05
0.00212402 1.33621e-05

0.00212402 1.30026e-05
0.00214844 8.60242e-06

0.00214844 8.21334e-06
0.00217285 1.30489e-05

0.00217285 1.39405e-05
0.00219727 1.3725e-05

0.00219727 1.30577e-05
0.00222168 7.91751e-06

0.00222168 7.83952e-06
0.00224609 1.34463e-05

0.00224609 1.40953e-05
0.00227051 1.38866e-05

0.00227051 1.38019e-05
0.00229492 7.20404e-06

0.00229492 7.96118e-06
0.00231934 1.19242e-05

0.00231934 1.05799e-05
0.00234375 1.51043e-05

0.00234375 1.51433e-05
0.00236816 1.07428e-05

0.00236816 1.25133e-05
0.00239258 7.32529e-06

0.00239258 7.33382e-06
0.00241699 1.25031e-05

0.00241699 1.06714e-05
0.00244141 1.51929e-05

0.00244141 1.51883e-05
0.00246582 1.06625e-05

0.00246582 1.24796e-05
0.00249023 7.3655e-06

0.00249023 7.36653e-06
0.00251465 1.25195e-05

0.00251465 1.0694e-05
0.00253906 1.51647e-05

0.00253906 1.51586e-05
0.00256348 1.06749e-05

0.00256348 1.24488e-05
0.00258789 7.44605e-06

0.00258789 7.43894e-06
0.0026123 1.25472e-05

0.0026123 1.08221e-05
0.00263672 1.50527e-05

0.00263672 1.49934e-05
0.00266113 1.06155e-05

0.00266113 1.18811e-05
0.00268555 8.18616e-06

0.00268555 7.39268e-06
0.00270996 1.38289e-05

0.00270996 1.39253e-05
0.00273438 1.40977e-05

0.00273437 1.38669e-05
0.00275879 7.5871e-06

0.00275879 8.3657e-06
0.0027832 1.1843e-05

0.0027832 1.07613e-05
0.00280762 1.48459e-05

0.00280762 1.48501e-05
0.00283203 1.07706e-05

0.00283203 1.18569e-05
0.00285645 8.34467e-06

0.00285645 7.69136e-06
0.00288086 1.37358e-05

0.00288086 1.38814e-05
0.00290527 1.38091e-05

0.00290527 1.29484e-05
0.00292969 8.382e-06

0.00292969 8.96338e-06
0.0029541 1.29733e-05

0.0029541 1.30692e-05
0.00297852 1.32732e-05

0.00297852 1.15075e-05
0.00300293 1.0699e-05

0.00300293 1.07975e-05
0.00302734 1.44848e-05

0.00302734 1.29029e-05
0.00305176 1.43386e-05

0.00305176 1.32549e-05
0.00307617 1.41277e-05

0.00307617 1.3691e-05
0.00310059 1.4868e-05

0.00310059 1.41316e-05
0.003125 1.50783e-05

0.00175781 0.00287897
0.00157476 0.00292969

0.0015625 0.00293305
0.00157463 0.00292969

0.00175781 0.00287947
0.00195312 0.00281665

0.00234375 0.00265914
0.0021713 0.00273438

0.00195312 0.00281699
0.00214844 0.00274377

0.00214844 0.00274323
0.00216872 0.00273438

0.00292969 0.00231126
0.00288464 0.00234375

0.00302734 0.00223465
0.00301301 0.00224609

0.00297852 0.00227219
0.00294927 0.00229492

0.00292969 0.00231037
0.00294988 0.00229492

0.00300293 0.00225297
0.00298077 0.00227051

0.00297852 0.00227282
0.00298139 0.00227051

0.00300293 0.0022495
0.00300732 0.00224609

0.00307617 0.00219068
0.0030686 0.00219727

0.00302734 0.00223345
0.00307009 0.00219727

0.00307617 0.00219189
0.003125 0.00214847

0.00244141 0.00261144
0.00238945 0.00263672

0.00234375 0.0026574
0.00238627 0.00263672

0.00244141 0.00261095
0.00253906 0.0025599

0.00273438 0.00244701
0.00257841 0.00253906

0.00253906 0.00255928
0.00257388 0.00253906

0.00283203 0.00238057
0.00274067 0.00244141

0.00273438 0.00244479
0.00273967 0.00244141

0.00283203 0.00238029
0.00288296 0.00234375

0.003125 1.45731e-05
0.00314941 1.54989e-05

0.00314941 1.4944e-05
0.00317383 1.57837e-05

0.00317383 1.52101e-05
0.00319824 1.62721e-05

0.00319824 1.61701e-05
0.00322266 1.63884e-05

0.00322266 1.55745e-05
0.00324707 1.62907e-05

0.00324707 1.53634e-05
0.00327148 1.84675e-05

0.00327148 1.81327e-05
0.0032959 1.95476e-05

0.0032959 1.86281e-05
0.00332031 1.80202e-05

0.00332031 1.77949e-05
0.00334473 1.86696e-05

0.00334473 1.89151e-05
0.00336914 1.94827e-05

0.00336914 1.27957e-05
0.00339288 2.44141e-05

0.00339068 2.44141e-05
0.00339355 2.55533e-05

0.00339355 2.40854e-05
0.00339388 2.44141e-05

0.00339355 2.71562e-05
0.00341797 4.86213e-05

0.00341769 4.88281e-05
0.00341797 4.91016e-05

0.00341797 4.8401e-05
0.00341841 4.88281e-05

0.00341797 4.94005e-05
0.00344147 7.32422e-05

0.00344157 7.32422e-05
0.00344238 7.40978e-05

0.00344238 7.43591e-05
0.00346388 9.76563e-05

0.00346442 9.76563e-05
0.0034668 0.000100341

0.0034668 0.000100816
0.00350551 0.000146484

0.00350555 0.000146484
0.00351563 0.000159663

0.00351563 0.000160107
0.00354212 0.000195313

0.00354251 0.000195313
0.00356445 0.000228149

0.00356445 0.000230024
0.00357369 0.000244141

0.00357462 0.000244141
0.00360355 0.000292969

0.00360423 0.000292969
0.00361328 0.000311118

0.00361328 0.000312314
0.00362874 0.000341797

0.00362891 0.000341797
0.00365163 0.000390625

0.0036523 0.000390625
0.00368993 0.000488281

0.00368975 0.000488281
0.00371094 0.000562681

0.00371094 0.000564401
0.00371707 0.000585938

0.00371724 0.000585937
0.00373622 0.000683594

0.00373585 0.000683594
0.00374714 0.00078125

0.00374913 0.00078125
0.0037499 0.000976562

0.00374959 0.000976562
0.00372173 0.00117188

0.00371094 0.00121091
0.0036661 0.00136719

0.00366615 0.00136719
0.00358099 0.0015625

0.00371094 0.00120698
0.00371967 0.00117187

0.00332031 0.00194816
0.00331617 0.00195312

0.00351563 0.00167655
0.0034645 0.00175781

0.00341797 0.00182274
0.00339465 0.00185547

0.00332031 0.00194739
0.00339467 0.00185547

0.00346363 0.00175781
0.00342959 0.00180664

0.00341797 0.00182165
0.00342861 0.00180664

0.00322266 0.00205465
0.00312606 0.00214844

0.00331594 0.00195313
0.00322651 0.00205078

0.00322266 0.00205455
0.00322632 0.00205078

0.003125 0.00214917
0.0031258 0.00214844

0.00357893 0.0015625
0.00352521 0.00166016

0.00351563 0.00167265
0.00352324 0.00166016

