7.21768e-05 0
7.32422e-05 3.17327e-06

7.32422e-05 6.60237e-07
9.57712e-05 2.44141e-05

9.55833e-05 2.44141e-05
9.76563e-05 2.51416e-05

9.76563e-05 1.4289e-05
0.00012207 1.50951e-05

0.000120455 2.44141e-05
0.00012207 2.44341e-05

0.00012207 1.38251e-05
0.000146484 1.43561e-05

0.000146484 1.49179e-05
0.000170898 1.53075e-05

0.000170898 1.47881e-05
0.000195313 1.40177e-05

0.000195313 1.45332e-05
0.000219727 1.44632e-05

0.000219727 1.42328e-05
0.000244141 1.44627e-05

0.000244141 1.45448e-05
0.000268555 1.48149e-05

0.000268555 1.49613e-05
0.000292969 1.41638e-05

0.000292969 1.44526e-05
0.000317383 1.36471e-05

0.000317383 1.38527e-05
0.000341797 1.40274e-05

0.000341797 1.40656e-05
0.000366211 1.43018e-05

0.000366211 1.44439e-05
0.000390625 1.38001e-05

0.000390625 1.39864e-05
0.000415039 1.33945e-05

0.000415039 1.36414e-05
0.000439453 1.37108e-05

0.000439453 1.37095e-05
0.000463867 1.37752e-05

0.000463867 1.38539e-05
0.000488281 1.35967e-05

0.000488281 1.38016e-05
0.000512695 1.32986e-05

0.000512695 1.33796e-05
0.000537109 1.33269e-05

0.000537109 1.34376e-05
0.000561523 1.35852e-05

0.000561523 1.36722e-05
0.000585937 1.32514e-05

0.000585938 1.33889e-05
0.000610352 1.30176e-05

0.000610352 1.31195e-05
0.000634766 1.32661e-05

0.000634766 1.32728e-05
0.00065918 1.33453e-05

0.00065918 1.33963e-05
0.000683594 1.30942e-05

0.000683594 1.31704e-05
0.000708008 1.30114e-05

0.000708008 1.29848e-05
0.000732422 1.32777e-05

0.000732422 1.32336e-05
0.000756836 1.33694e-05

0.000756836 1.32461e-05
0.00078125 1.32127e-05

0.00078125 1.31984e-05
0.000805664 1.33562e-05

0.000805664 1.3264e-05
0.000830078 1.34238e-05

0.000830078 1.3318e-05
0.000854492 1.34694e-05

0.000854492 1.33911e-05
0.000878906 1.35183e-05

0.000878906 1.34105e-05
0.00090332 1.35638e-05

0.00090332 1.3471e-05
0.000927734 1.36645e-05

0.000927734 1.35398e-05
0.000952148 1.37212e-05

0.000952148 1.36208e-05
0.000976562 1.37849e-05

0.000976562 1.36198e-05
0.00100098 1.38867e-05

0.00100098 1.37623e-05
0.00102539 1.40449e-05

0.00102539 1.38009e-05
0.0010498 1.41341e-05

0.0010498 1.4171e-05
0.00107422 1.41458e-05

0.00107422 1.3847e-05
0.00109863 1.40492e-05

0.00109863 1.38254e-05
0.00112305 1.48027e-05

0.00112305 1.47137e-05
0.00114746 1.47113e-05

0.00114746 1.44468e-05
0.00117187 1.41775e-05

0.00117188 1.39736e-05
0.00119629 1.50262e-05

0.00119629 1.46433e-05
0.0012207 1.56615e-05

0.0012207 1.55175e-05
0.00124512 1.51545e-05

0.00124512 1.53529e-05
0.00126953 1.43505e-05

0.00126953 1.4043e-05
0.00129395 1.49986e-05

0.00129395 1.56171e-05
0.00131836 1.56394e-05

0.00131836 1.4821e-05
0.00134277 1.42574e-05

0.00134277 1.5456e-05
0.00136719 1.48785e-05

0.00134277 2.4434e-05
0.00134488 2.44141e-05

0.0013916 1.53279e-06
0.00136953 2.44141e-05

0.00136719 2.46499e-05
0.00136787 2.44141e-05

0.0013916 4.60944e-06
0.00139317 0

0.00146294 0
0.00146484 5.59053e-06

0.00146484 4.53796e-06
0.00148428 2.44141e-05

0.00148509 2.44141e-05
0.00148926 2.58804e-05

0.00148926 1.71509e-05
0.00151367 1.76043e-05

0.00151367 1.72083e-05
0.00153809 1.6721e-05

0.0015625 5.42253e-06
0.00154312 2.44141e-05

0.00153809 2.59893e-05
0.00154272 2.44141e-05

0 0.00312111
0.000390625 0.00311013

0.000390625 0.00311041
0.00078125 0.00307687

0.00078125 0.00307751
0.00117187 0.00301957

0.00117188 0.00302062
0.0015625 0.0029349

0.0015625 7.24011e-06
0.00156504 0

0.00165639 0
0.00166016 9.19847e-06

0.00166016 1.04e-05
0.0016757 2.44141e-05

0.00167482 2.44141e-05
0.00168457 2.7844e-05

0.00168457 1.77677e-05
0.00170898 1.79602e-05

0.00169328 2.44141e-05
0.00170898 2.44762e-05

0.0017334 1.09764e-05
0.00171789 2.44141e-05

0.00170898 2.78035e-05
0.00171887 2.44141e-05

0.0017334 1.15161e-05
0.00173826 0

0.00180039 0
0.00180664 1.40812e-05

0.00180664 9.27504e-06
0.00183105 1.24761e-05

0.00183105 6.05569e-06
0.00185493 0

0.00185559 0
0.00187988 1.75223e-05

0.00187988 9.26095e-06
0.0019043 1.14474e-05

0.0019043 9.32156e-06
0.00192871 1.04625e-05

0.00192871 9.83897e-06
0.00195312 1.2151e-05

0.00195312 9.49587e-06
0.00197754 1.30115e-05

0.00197754 1.36198e-05
0.00200195 1.28573e-05

0.00200195 1.53952e-05
0.00202637 6.10275e-06

0.00202637 6.58901e-06
0.00205078 9.08522e-06

0.00205078 9.48474e-06
0.0020752 1.46363e-05

0.0020752 9.8299e-06
0.00209961 1.1866e-05

0.00209961 1.34174e-05
0.00212402 1.3324e-05

0.00212402 1.30018e-05
0.00214844 8.57073e-06

0.00214844 8.17846e-06
0.00217285 1.30505e-05

0.00217285 1.39177e-05
0.00219727 1.37548e-05

0.00219727 1.30723e-05
0.00222168 7.93959e-06

0.00222168 7.86303e-06
0.00224609 1.34329e-05

0.00224609 1.41013e-05
0.00227051 1.3875e-05

0.00227051 1.37926e-05
0.00229492 7.19984e-06

0.00229492 7.95681e-06
0.00231934 1.19318e-05

0.00231934 1.05818e-05
0.00234375 1.51027e-05

0.00234375 1.51431e-05
0.00236816 1.07417e-05

0.00236816 1.25116e-05
0.00239258 7.32624e-06

0.00239258 7.33391e-06
0.00241699 1.25048e-05

0.00241699 1.06732e-05
0.00244141 1.51925e-05

0.00244141 1.51886e-05
0.00246582 1.06613e-05

0.00246582 1.24782e-05
0.00249023 7.36643e-06

0.00249023 7.36685e-06
0.00251465 1.25209e-05

0.00251465 1.06958e-05
0.00253906 1.5164e-05

0.00253906 1.51586e-05
0.00256348 1.06736e-05

0.00256348 1.2447e-05
0.00258789 7.44738e-06

0.00258789 7.43963e-06
0.0026123 1.25486e-05

0.0026123 1.08229e-05
0.00263672 1.50528e-05

0.00263672 1.4996e-05
0.00266113 1.06145e-05

0.00266113 1.18787e-05
0.00268555 8.18478e-06

0.00268555 7.39246e-06
0.00270996 1.38322e-05

0.00270996 1.39275e-05
0.00273438 1.40963e-05

0.00273437 1.38689e-05
0.00275879 7.58317e-06

0.00275879 8.3602e-06
0.0027832 1.18426e-05

0.0027832 1.07634e-05
0.00280762 1.48475e-05

0.00280762 1.4851e-05
0.00283203 1.07628e-05

0.00283203 1.18467e-05
0.00285645 8.34815e-06

0.00285645 7.6953e-06
0.00288086 1.37418e-05

0.00288086 1.38857e-05
0.00290527 1.38015e-05

0.00290527 1.29161e-05
0.00292969 8.40814e-06

0.00292969 8.99104e-06
0.0029541 1.30127e-05

0.0029541 1.31578e-05
0.00297852 1.32011e-05

0.00297852 1.14497e-05
0.00300293 1.06113e-05

0.00300293 1.07055e-05
0.00302734 1.45575e-05

0.00302734 1.29049e-05
0.00305176 1.44102e-05

0.00305176 1.33159e-05
0.00307617 1.41537e-05

0.00307617 1.37665e-05
0.00310059 1.48165e-05

0.00310059 1.41299e-05
0.003125 1.49702e-05

0.00175781 0.00287901
0.00157491 0.00292969

0.0015625 0.00293309
0.00157479 0.00292969

0.00175781 0.00287951
0.00195312 0.00281668

0.00234375 0.00265915
0.00217135 0.00273438

0.00195312 0.00281703
0.00214844 0.0027438

0.00214844 0.00274325
0.00216879 0.00273438

0.00292969 0.00231125
0.00288462 0.00234375

0.00302734 0.00223462
0.00301297 0.00224609

0.00297852 0.00227217
0.00294925 0.00229492

0.00292969 0.00231036
0.00294986 0.00229492

0.00300293 0.00225295
0.00298075 0.00227051

0.00297852 0.00227281
0.00298138 0.00227051

0.00300293 0.00224948
0.0030073 0.00224609

0.00307617 0.00219066
0.00306858 0.00219727

0.00302734 0.00223343
0.00307006 0.00219727

0.00307617 0.00219187
0.003125 0.00214844

0.00244141 0.00261145
0.00238948 0.00263672

0.00234375 0.00265742
0.0023863 0.00263672

0.00244141 0.00261096
0.00253906 0.00255991

0.00273438 0.00244701
0.00257842 0.00253906

0.00253906 0.00255929
0.0025739 0.00253906

0.00283203 0.00238056
0.00274066 0.00244141

0.00273438 0.0024448
0.00273968 0.00244141

0.00283203 0.00238028
0.00288295 0.00234375

0.003125 1.44897e-05
0.00314941 1.54323e-05

0.00314941 1.48676e-05
0.00317383 1.57715e-05

0.00317383 1.52494e-05
0.00319824 1.6186e-05

0.00319824 1.56053e-05
0.00322266 1.66419e-05

0.00322266 1.60405e-05
0.00324707 1.72233e-05

0.00324707 1.66251e-05
0.00327148 1.77727e-05

0.00327148 1.71702e-05
0.0032959 1.82477e-05

0.0032959 1.7546e-05
0.00332031 1.89367e-05

0.00332031 1.81502e-05
0.00334473 2.00491e-05

0.00334473 1.98848e-05
0.00336914 2.03956e-05

0.00336914 1.40309e-05
0.00339189 2.44141e-05

0.00339056 2.44141e-05
0.00339355 2.55515e-05

0.00339355 2.7644e-05
0.00341797 4.86512e-05

0.00341751 4.88281e-05
0.00341797 4.92682e-05

0.00341797 4.94631e-05
0.00344175 7.32422e-05

0.0034418 7.32422e-05
0.00344238 7.38475e-05

0.00344238 7.39829e-05
0.00346443 9.76563e-05

0.00346494 9.76563e-05
0.0034668 9.97383e-05

0.0034668 0.000100214
0.00350611 0.000146484

0.00350608 0.000146484
0.00351563 0.000158985

0.00351563 0.000159458
0.00354255 0.000195313

0.00354292 0.000195313
0.00356445 0.000227643

0.00356445 0.000229486
0.00357403 0.000244141

0.00357492 0.000244141
0.00360375 0.000292969

0.00360442 0.000292969
0.00361328 0.000310792

0.00361328 0.000311969
0.00362886 0.000341797

0.00362903 0.000341797
0.00365167 0.000390625

0.00365233 0.000390625
0.00368987 0.000488281

0.00368969 0.000488281
0.00371094 0.000563058

0.00371094 0.000564716
0.00371697 0.000585938

0.00371713 0.000585937
0.00373608 0.000683594

0.00373571 0.000683594
0.003747 0.00078125

0.00374899 0.00078125
0.00374977 0.000976562

0.00374946 0.000976562
0.00372161 0.00117188

0.00371094 0.00121054
0.003666 0.00136719

0.00366606 0.00136719
0.00358092 0.0015625

0.00371094 0.00120655
0.00371956 0.00117187

0.00332031 0.00194807
0.0033161 0.00195312

0.00351563 0.00167644
0.00346444 0.00175781

0.00341797 0.00182267
0.0033946 0.00185547

0.00332031 0.00194733
0.00339461 0.00185547

0.00346357 0.00175781
0.00342954 0.00180664

0.00341797 0.00182157
0.00342854 0.00180664

0.00322266 0.00205461
0.00312602 0.00214844

0.00331589 0.00195313
0.00322646 0.00205078

0.00322266 0.00205451
0.00322629 0.00205078

0.003125 0.00214915
0.00312577 0.00214844

0.00357885 0.0015625
0.00352514 0.00166016

0.00351563 0.00167255
0.00352317 0.00166016

