7.15341e-05 0
7.32422e-05 4.99773e-06

7.32422e-05 9.29904e-07
9.58795e-05 2.44141e-05

9.67745e-05 2.44141e-05
9.76563e-05 2.4719e-05

9.76563e-05 1.42682e-05
0.00012207 1.50343e-05

0.000118905 2.44141e-05
0.00012207 2.44524e-05

0.00012207 1.3801e-05
0.000146484 1.44469e-05

0.000146484 1.50535e-05
0.000170898 1.52748e-05

0.000170898 1.46851e-05
0.000195313 1.39179e-05

0.000195313 1.44407e-05
0.000219727 1.46657e-05

0.000219727 1.45187e-05
0.000244141 1.44399e-05

0.000244141 1.46469e-05
0.000268555 1.43348e-05

0.000268555 1.43352e-05
0.000292969 1.41318e-05

0.000292969 1.43893e-05
0.000317383 1.42741e-05

0.000317383 1.42929e-05
0.000341797 1.39945e-05

0.000341797 1.42308e-05
0.000366211 1.39705e-05

0.000366211 1.41035e-05
0.000390625 1.3784e-05

0.000390625 1.39637e-05
0.000415039 1.37504e-05

0.000415039 1.38764e-05
0.000439453 1.36883e-05

0.000439453 1.38424e-05
0.000463867 1.35886e-05

0.000463867 1.37094e-05
0.000488281 1.34755e-05

0.000488281 1.36316e-05
0.000512695 1.34516e-05

0.000512695 1.35434e-05
0.000537109 1.33754e-05

0.000537109 1.34879e-05
0.000561523 1.33482e-05

0.000561523 1.34378e-05
0.000585937 1.32762e-05

0.000585938 1.33565e-05
0.000610352 1.32439e-05

0.000610352 1.33263e-05
0.000634766 1.32241e-05

0.000634766 1.32935e-05
0.00065918 1.31588e-05

0.00065918 1.32391e-05
0.000683594 1.31167e-05

0.000683594 1.30883e-05
0.000708008 1.31878e-05

0.000708008 1.32036e-05
0.000732422 1.32953e-05

0.000732422 1.31824e-05
0.000756836 1.3226e-05

0.000756836 1.32601e-05
0.00078125 1.33018e-05

0.00078125 1.31786e-05
0.000805664 1.32901e-05

0.000805664 1.32802e-05
0.000830078 1.34434e-05

0.000830078 1.32579e-05
0.000854492 1.34483e-05

0.000854492 1.34804e-05
0.000878906 1.35218e-05

0.000878906 1.33282e-05
0.00090332 1.34389e-05

0.00090332 1.33118e-05
0.000927734 1.38532e-05

0.000927734 1.37053e-05
0.000952148 1.38651e-05

0.000952148 1.37707e-05
0.000976562 1.36336e-05

0.000976562 1.35853e-05
0.00100098 1.37797e-05

0.00100098 1.34842e-05
0.00102539 1.42116e-05

0.00102539 1.4121e-05
0.0010498 1.43486e-05

0.0010498 1.40936e-05
0.00107422 1.39524e-05

0.00107422 1.39908e-05
0.00109863 1.42613e-05

0.00109863 1.37573e-05
0.00112305 1.47062e-05

0.00112305 1.46583e-05
0.00114746 1.50828e-05

0.00114746 1.45922e-05
0.00117187 1.45498e-05

0.00117188 1.48017e-05
0.00119629 1.48712e-05

0.00119629 1.41871e-05
0.0012207 1.50667e-05

0.0012207 1.54143e-05
0.00124512 1.56912e-05

0.00124512 1.54259e-05
0.00126953 1.42861e-05

0.00126953 1.39533e-05
0.00129395 1.52883e-05

0.00129395 1.60178e-05
0.00131836 1.58832e-05

0.00131836 1.50115e-05
0.00134277 1.40057e-05

0.00134277 1.55573e-05
0.00136719 1.46927e-05

0.00134277 2.444e-05
0.00134465 2.44141e-05

0.0013916 1.06921e-06
0.00136942 2.44141e-05

0.00136719 2.5069e-05
0.00136906 2.44141e-05

0.0013916 3.981e-06
0.00139295 0

0.00146279 0
0.00146484 5.99355e-06

0.00146484 4.81719e-06
0.0014843 2.44141e-05

0.00148478 2.44141e-05
0.00148926 2.59623e-05

0.00148926 1.69715e-05
0.00151367 1.7318e-05

0.00150747 2.44141e-05
0.00151367 2.44437e-05

0.00151367 1.694e-05
0.00153809 1.69982e-05

0.00152858 2.44141e-05
0.00153809 2.4472e-05

0.0015625 5.67045e-06
0.0015434 2.44141e-05

0.00153809 2.64224e-05
0.00154397 2.44141e-05

0 0.0031217
0.000390625 0.00311069

0.000390625 0.00311098
0.00078125 0.0030774

0.00078125 0.00307804
0.00117187 0.00302003

0.00117188 0.00302109
0.0015625 0.00293527

0.0015625 6.50167e-06
0.00156478 0

0.00165637 0
0.00166016 9.24189e-06

0.00166016 1.0418e-05
0.00167568 2.44141e-05

0.00167479 2.44141e-05
0.00168457 2.78552e-05

0.00168457 1.77823e-05
0.00170898 1.79685e-05

0.00169315 2.44141e-05
0.00170898 2.44744e-05

0.0017334 1.09819e-05
0.0017179 2.44141e-05

0.00170898 2.78115e-05
0.00171889 2.44141e-05

0.0017334 1.15261e-05
0.00173826 0

0.00180038 0
0.00180664 1.40935e-05

0.00180664 9.28672e-06
0.00183105 1.24644e-05

0.00183105 6.03406e-06
0.00185498 0

0.00185558 0
0.00187988 1.75409e-05

0.00187988 9.28033e-06
0.0019043 1.14439e-05

0.0019043 9.32565e-06
0.00192871 1.04595e-05

0.00192871 9.84356e-06
0.00195312 1.21546e-05

0.00195312 9.49798e-06
0.00197754 1.30099e-05

0.00197754 1.36207e-05
0.00200195 1.28605e-05

0.00200195 1.5381e-05
0.00202637 6.12041e-06

0.00202637 6.61052e-06
0.00205078 9.09895e-06

0.00205078 9.49918e-06
0.0020752 1.46197e-05

0.0020752 9.82466e-06
0.00209961 1.18724e-05

0.00209961 1.34181e-05
0.00212402 1.33363e-05

0.00212402 1.3084e-05
0.00214844 8.50495e-06

0.00214844 8.09518e-06
0.00217285 1.29702e-05

0.00217285 1.38023e-05
0.00219727 1.38696e-05

0.00219727 1.32034e-05
0.00222168 7.95155e-06

0.00222168 7.83807e-06
0.00224609 1.33001e-05

0.00224609 1.39834e-05
0.00227051 1.39879e-05

0.00227051 1.38549e-05
0.00229492 7.28926e-06

0.00229492 8.029e-06
0.00231934 1.1861e-05

0.00231934 1.05769e-05
0.00234375 1.50981e-05

0.00234375 1.51356e-05
0.00236816 1.07499e-05

0.00236816 1.25165e-05
0.00239258 7.33253e-06

0.00239258 7.34036e-06
0.00241699 1.24991e-05

0.00241699 1.06716e-05
0.00244141 1.51919e-05

0.00244141 1.51886e-05
0.00246582 1.06632e-05

0.00246582 1.24798e-05
0.00249023 7.36491e-06

0.00249023 7.36604e-06
0.00251465 1.25199e-05

0.00251465 1.0694e-05
0.00253906 1.51654e-05

0.00253906 1.51602e-05
0.00256348 1.06743e-05

0.00256348 1.245e-05
0.00258789 7.44258e-06

0.00258789 7.43527e-06
0.0026123 1.25468e-05

0.0026123 1.08206e-05
0.00263672 1.50553e-05

0.00263672 1.49966e-05
0.00266113 1.06136e-05

0.00266113 1.18794e-05
0.00268555 8.18222e-06

0.00268555 7.39045e-06
0.00270996 1.38304e-05

0.00270996 1.39213e-05
0.00273438 1.40999e-05

0.00273437 1.38677e-05
0.00275879 7.59388e-06

0.00275879 8.3725e-06
0.0027832 1.18403e-05

0.0027832 1.07624e-05
0.00280762 1.48416e-05

0.00280762 1.4849e-05
0.00283203 1.07682e-05

0.00283203 1.18585e-05
0.00285645 8.33898e-06

0.00285645 7.68167e-06
0.00288086 1.37344e-05

0.00288086 1.38867e-05
0.00290527 1.38082e-05

0.00290527 1.2915e-05
0.00292969 8.39585e-06

0.00292969 8.97065e-06
0.0029541 1.30282e-05

0.0029541 1.32007e-05
0.00297852 1.31903e-05

0.00297852 1.13892e-05
0.00300293 1.05959e-05

0.00300293 1.07254e-05
0.00302734 1.46288e-05

0.00302734 1.29468e-05
0.00305176 1.43681e-05

0.00305176 1.32915e-05
0.00307617 1.41473e-05

0.00307617 1.37405e-05
0.00310059 1.48692e-05

0.00310059 1.41672e-05
0.003125 1.50261e-05

0.00175781 0.00287933
0.00157624 0.00292969

0.0015625 0.00293347
0.00157613 0.00292969

0.00175781 0.00287983
0.00195312 0.00281694

0.00234375 0.00265926
0.00217176 0.00273438

0.00195312 0.00281728
0.00214844 0.00274399

0.00214844 0.00274348
0.00216928 0.00273438

0.00292969 0.00231105
0.0028844 0.00234375

0.00302734 0.00223425
0.00301253 0.00224609

0.00297852 0.00227193
0.00294897 0.00229492

0.00292969 0.00231014
0.00294955 0.00229492

0.00300293 0.00225268
0.00298043 0.00227051

0.00297852 0.00227265
0.00298118 0.00227051

0.00300293 0.00224909
0.00300678 0.00224609

0.00307617 0.00219033
0.00306821 0.00219727

0.00302734 0.00223315
0.00306968 0.00219727

0.00307617 0.00219153
0.00312457 0.00214844

0.00244141 0.00261152
0.00238965 0.00263672

0.00234375 0.00265754
0.00238652 0.00263672

0.00244141 0.00261103
0.00253906 0.00255993

0.00273438 0.00244693
0.00257843 0.00253906

0.00253906 0.00255932
0.00257392 0.00253906

0.00283203 0.00238042
0.00274053 0.00244141

0.00273438 0.00244476
0.00273961 0.00244141

0.00283203 0.00238011
0.00288268 0.00234375

0.003125 1.45491e-05
0.00314941 1.54323e-05

0.00314941 1.48703e-05
0.00317383 1.57675e-05

0.00317383 1.52788e-05
0.00319824 1.62062e-05

0.00319824 1.56652e-05
0.00322266 1.6566e-05

0.00322266 1.59604e-05
0.00324707 1.71114e-05

0.00324707 1.65421e-05
0.00327148 1.77744e-05

0.00327148 1.70557e-05
0.0032959 1.83226e-05

0.0032959 1.78991e-05
0.00332031 1.88709e-05

0.00332031 1.80226e-05
0.00334473 1.9296e-05

0.00334473 1.95973e-05
0.00336914 1.97194e-05

0.00336914 1.29282e-05
0.00339319 2.44141e-05

0.00339114 2.44141e-05
0.00339355 2.53732e-05

0.00339355 2.74897e-05
0.00341782 4.88281e-05

0.00341764 4.88281e-05
0.00341797 4.91429e-05

0.00341797 4.95463e-05
0.00344165 7.32422e-05

0.00344168 7.32422e-05
0.00344238 7.39735e-05

0.00344238 7.4118e-05
0.00346433 9.76563e-05

0.00346488 9.76563e-05
0.0034668 9.98028e-05

0.0034668 0.000100289
0.00350611 0.000146484

0.00350607 0.000146484
0.00351563 0.000158978

0.00351563 0.000159415
0.00354261 0.000195313

0.00354297 0.000195313
0.00356445 0.000227571

0.00356445 0.000229432
0.00357407 0.000244141

0.00357496 0.000244141
0.00360378 0.000292969

0.00360446 0.000292969
0.00361328 0.000310736

0.00361328 0.000311959
0.00362885 0.000341797

0.00362902 0.000341797
0.00365163 0.000390625

0.00365229 0.000390625
0.00368974 0.000488281

0.00368954 0.000488281
0.00371094 0.000563855

0.00371094 0.000565441
0.00371674 0.000585938

0.00371689 0.000585937
0.00373574 0.000683594

0.00373537 0.000683594
0.00374657 0.00078125

0.00374855 0.00078125
0.00374918 0.000976562

0.00374887 0.000976562
0.00372092 0.00117188

0.00371094 0.001208
0.00366525 0.00136719

0.00366534 0.00136719
0.00358023 0.0015625

0.00371094 0.00120351
0.00371882 0.00117187

0.00332031 0.00194719
0.00331537 0.00195312

0.00351563 0.00167536
0.00346379 0.00175781

0.00341797 0.00182187
0.00339403 0.00185547

0.00332031 0.00194667
0.00339404 0.00185547

0.00346294 0.00175781
0.00342894 0.00180664

0.00341797 0.00182063
0.00342785 0.00180664

0.00322266 0.00205412
0.00312562 0.00214844

0.00331535 0.00195313
0.00322598 0.00205078

0.00322266 0.00205409
0.00322587 0.00205078

0.003125 0.00214883
0.00312542 0.00214844

0.00357817 0.0015625
0.00352449 0.00166016

0.00351563 0.00167147
0.0035225 0.00166016

