7.16668e-05 0
7.32422e-05 4.62534e-06

7.32422e-05 7.84841e-07
9.57299e-05 2.44141e-05

9.70876e-05 2.44141e-05
9.76563e-05 2.46132e-05

9.76563e-05 1.45427e-05
0.00012207 1.52478e-05

0.000119791 2.44141e-05
0.00012207 2.44398e-05

0.00012207 1.41996e-05
0.000146484 1.39705e-05

0.000146484 1.46298e-05
0.000170898 1.48e-05

0.000170898 1.40974e-05
0.000195313 1.43411e-05

0.000195313 1.46036e-05
0.000219727 1.52126e-05

0.000219727 1.51194e-05
0.000244141 1.42959e-05

0.000244141 1.46096e-05
0.000268555 1.38896e-05

0.000268555 1.39228e-05
0.000292969 1.4365e-05

0.000292969 1.46384e-05
0.000317383 1.45507e-05

0.000317383 1.45166e-05
0.000341797 1.36339e-05

0.000341797 1.39494e-05
0.000366211 1.3874e-05

0.000366211 1.40472e-05
0.000390625 1.39882e-05

0.000390625 1.40372e-05
0.000415039 1.36963e-05

0.000415039 1.38558e-05
0.000439453 1.36628e-05

0.000439453 1.38376e-05
0.000463867 1.36054e-05

0.000463867 1.37099e-05
0.000488281 1.34614e-05

0.000488281 1.36267e-05
0.000512695 1.34471e-05

0.000512695 1.35438e-05
0.000537109 1.33621e-05

0.000537109 1.347e-05
0.000561523 1.33366e-05

0.000561523 1.34226e-05
0.000585937 1.3288e-05

0.000585938 1.33647e-05
0.000610352 1.32454e-05

0.000610352 1.33135e-05
0.000634766 1.32237e-05

0.000634766 1.32965e-05
0.00065918 1.31836e-05

0.00065918 1.32175e-05
0.000683594 1.31564e-05

0.000683594 1.31419e-05
0.000708008 1.325e-05

0.000708008 1.33226e-05
0.000732422 1.32072e-05

0.000732422 1.31551e-05
0.000756836 1.30703e-05

0.000756836 1.30136e-05
0.00078125 1.33944e-05

0.00078125 1.33131e-05
0.000805664 1.34624e-05

0.000805664 1.33203e-05
0.000830078 1.33049e-05

0.000830078 1.32816e-05
0.000854492 1.34715e-05

0.000854492 1.33484e-05
0.000878906 1.35543e-05

0.000878906 1.34353e-05
0.00090332 1.36203e-05

0.00090332 1.3526e-05
0.000927734 1.36499e-05

0.000927734 1.352e-05
0.000952148 1.37193e-05

0.000952148 1.36137e-05
0.000976562 1.38591e-05

0.000976562 1.36832e-05
0.00100098 1.3924e-05

0.00100098 1.37821e-05
0.00102539 1.40542e-05

0.00102539 1.38855e-05
0.0010498 1.41351e-05

0.0010498 1.39222e-05
0.00107422 1.42961e-05

0.00107422 1.41058e-05
0.00109863 1.44921e-05

0.00109863 1.44258e-05
0.00112305 1.43949e-05

0.00112305 1.42095e-05
0.00114746 1.43398e-05

0.00114746 1.40624e-05
0.00117187 1.49629e-05

0.00117188 1.44895e-05
0.00119629 1.54932e-05

0.00119629 1.5525e-05
0.0012207 1.514e-05

0.0012207 1.49697e-05
0.00124512 1.43787e-05

0.00124512 1.45062e-05
0.00126953 1.51979e-05

0.00126953 1.47843e-05
0.00129395 1.56902e-05

0.00129395 1.61773e-05
0.00131836 1.50341e-05

0.00131836 1.45579e-05
0.00134277 1.40206e-05

0.00134277 1.53823e-05
0.00136719 1.49572e-05

0.00134277 2.44384e-05
0.00134632 2.44141e-05

0.0013916 1.34194e-06
0.00136945 2.44141e-05

0.00136719 2.47379e-05
0.00136812 2.44141e-05

0.0013916 4.87684e-06
0.00139326 0

0.00146301 0
0.00146484 5.3217e-06

0.00146484 5.27436e-06
0.00148407 2.44141e-05

0.00148328 2.44141e-05
0.00148926 2.64597e-05

0.00148926 1.68769e-05
0.00151367 1.69312e-05

0.00148926 2.44757e-05
0.00150088 2.44141e-05

0.00151367 1.69561e-05
0.00153809 1.70651e-05

0.00153073 2.44141e-05
0.00153809 2.44467e-05

0.0015625 5.5413e-06
0.00154319 2.44141e-05

0.00153809 2.59548e-05
0.00154261 2.44141e-05

0 0.00312176
0.000390625 0.00311076

0.000390625 0.00311104
0.00078125 0.00307746

0.00078125 0.00307809
0.00117187 0.00302008

0.00117188 0.00302114
0.0015625 0.00293531

0.0015625 7.40977e-06
0.00156511 0

0.00165638 0
0.00166016 9.21982e-06

0.00166016 1.0408e-05
0.00167568 2.44141e-05

0.0016748 2.44141e-05
0.00168457 2.78551e-05

0.00168457 1.77848e-05
0.00170898 1.79804e-05

0.00169348 2.44141e-05
0.00170898 2.44765e-05

0.0017334 1.09903e-05
0.00171791 2.44141e-05

0.00170898 2.78155e-05
0.0017189 2.44141e-05

0.0017334 1.15402e-05
0.00173827 0

0.00180039 0
0.00180664 1.40863e-05

0.00180664 9.29557e-06
0.00183105 1.24693e-05

0.00183105 6.03171e-06
0.00185496 0

0.00185557 0
0.00187988 1.75463e-05

0.00187988 9.28076e-06
0.0019043 1.14373e-05

0.0019043 9.32385e-06
0.00192871 1.04644e-05

0.00192871 9.84667e-06
0.00195312 1.21529e-05

0.00195312 9.49728e-06
0.00197754 1.30082e-05

0.00197754 1.36182e-05
0.00200195 1.28631e-05

0.00200195 1.53825e-05
0.00202637 6.12329e-06

0.00202637 6.60384e-06
0.00205078 9.10615e-06

0.00205078 9.53933e-06
0.0020752 1.45993e-05

0.0020752 9.79838e-06
0.00209961 1.18262e-05

0.00209961 1.33763e-05
0.00212402 1.33686e-05

0.00212402 1.30305e-05
0.00214844 8.58384e-06

0.00214844 8.18708e-06
0.00217285 1.3022e-05

0.00217285 1.39156e-05
0.00219727 1.37521e-05

0.00219727 1.30727e-05
0.00222168 7.91877e-06

0.00222168 7.83681e-06
0.00224609 1.3433e-05

0.00224609 1.40795e-05
0.00227051 1.39043e-05

0.00227051 1.38082e-05
0.00229492 7.22653e-06

0.00229492 7.98404e-06
0.00231934 1.19163e-05

0.00231934 1.05833e-05
0.00234375 1.50963e-05

0.00234375 1.51364e-05
0.00236816 1.07498e-05

0.00236816 1.25175e-05
0.00239258 7.33444e-06

0.00239258 7.34309e-06
0.00241699 1.24975e-05

0.00241699 1.06712e-05
0.00244141 1.51904e-05

0.00244141 1.51875e-05
0.00246582 1.06638e-05

0.00246582 1.24803e-05
0.00249023 7.36508e-06

0.00249023 7.36636e-06
0.00251465 1.25187e-05

0.00251465 1.0693e-05
0.00253906 1.51652e-05

0.00253906 1.51599e-05
0.00256348 1.06745e-05

0.00256348 1.2452e-05
0.00258789 7.4402e-06

0.00258789 7.43236e-06
0.0026123 1.2545e-05

0.0026123 1.08178e-05
0.00263672 1.50582e-05

0.00263672 1.5e-05
0.00266113 1.06131e-05

0.00266113 1.1879e-05
0.00268555 8.17753e-06

0.00268555 7.38717e-06
0.00270996 1.3832e-05

0.00270996 1.39208e-05
0.00273438 1.41005e-05

0.00273437 1.38679e-05
0.00275879 7.59344e-06

0.00275879 8.36847e-06
0.0027832 1.18438e-05

0.0027832 1.07621e-05
0.00280762 1.4851e-05

0.00280762 1.48501e-05
0.00283203 1.07812e-05

0.00283203 1.19548e-05
0.00285645 8.26431e-06

0.00285645 7.5889e-06
0.00288086 1.36434e-05

0.00288086 1.37361e-05
0.00290527 1.39537e-05

0.00290527 1.30373e-05
0.00292969 8.48659e-06

0.00292969 9.03672e-06
0.0029541 1.28953e-05

0.0029541 1.31341e-05
0.00297852 1.32232e-05

0.00297852 1.14186e-05
0.00300293 1.06311e-05

0.00300293 1.07221e-05
0.00302734 1.46053e-05

0.00302734 1.2947e-05
0.00305176 1.44077e-05

0.00305176 1.33308e-05
0.00307617 1.41408e-05

0.00307617 1.37552e-05
0.00310059 1.48259e-05

0.00310059 1.41229e-05
0.003125 1.5012e-05

0.00175781 0.00287936
0.00157637 0.00292969

0.0015625 0.0029335
0.00157626 0.00292969

0.00175781 0.00287986
0.00195312 0.00281696

0.00234375 0.00265927
0.00217179 0.00273438

0.00195312 0.0028173
0.00214844 0.002744

0.00214844 0.00274349
0.00216931 0.00273438

0.00292969 0.00231102
0.00288436 0.00234375

0.00302734 0.0022342
0.00301247 0.00224609

0.00297852 0.00227189
0.00294893 0.00229492

0.00292969 0.00231011
0.00294951 0.00229492

0.00300293 0.00225264
0.00298038 0.00227051

0.00297852 0.00227263
0.00298114 0.00227051

0.00300293 0.00224902
0.00300669 0.00224609

0.00307617 0.00219029
0.00306816 0.00219727

0.00302734 0.00223311
0.00306963 0.00219727

0.00307617 0.00219148
0.00312451 0.00214844

0.00244141 0.00261152
0.00238965 0.00263672

0.00234375 0.00265755
0.00238652 0.00263672

0.00244141 0.00261103
0.00253906 0.00255992

0.00273438 0.00244691
0.00257841 0.00253906

0.00253906 0.00255931
0.00257391 0.00253906

0.00283203 0.00238039
0.0027405 0.00244141

0.00273438 0.00244474
0.00273958 0.00244141

0.00283203 0.00238008
0.00288264 0.00234375

0.003125 1.44903e-05
0.00314941 1.55093e-05

0.00314941 1.48889e-05
0.00317383 1.59145e-05

0.00317383 1.53159e-05
0.00319824 1.64106e-05

0.00319824 1.63312e-05
0.00322266 1.63697e-05

0.00322266 1.56617e-05
0.00324707 1.61327e-05

0.00324707 1.52972e-05
0.00327148 1.82386e-05

0.00327148 1.78939e-05
0.0032959 1.93673e-05

0.0032959 1.85447e-05
0.00332031 1.78979e-05

0.00332031 1.75232e-05
0.00334473 1.84475e-05

0.00334473 1.88705e-05
0.00336914 1.94207e-05

0.00336914 1.24254e-05
0.00339321 2.44141e-05

0.00339085 2.44141e-05
0.00339355 2.55178e-05

0.00339355 2.39621e-05
0.00339398 2.44141e-05

0.00339355 2.73472e-05
0.00341769 4.88281e-05

0.00341732 4.88281e-05
0.00341797 4.94607e-05

0.00341797 4.9777e-05
0.00344133 7.32422e-05

0.00344154 7.32422e-05
0.00344238 7.41174e-05

0.00344238 7.43381e-05
0.00346418 9.76563e-05

0.00346472 9.76563e-05
0.0034668 9.99895e-05

0.0034668 0.000100762
0.00348546 0.00012207

0.00348524 0.00012207
0.00349121 0.000129206

0.00349121 0.000128864
0.0035057 0.000146484

0.00350595 0.000146484
0.00351563 0.000159129

0.00351563 0.000159553
0.00354253 0.000195313

0.00354288 0.000195313
0.00356445 0.000227679

0.00356445 0.00022955
0.00357399 0.000244141

0.00357489 0.000244141
0.00360372 0.000292969

0.00360441 0.000292969
0.00361328 0.000310831

0.00361328 0.000312061
0.0036288 0.000341797

0.00362898 0.000341797
0.0036516 0.000390625

0.00365226 0.000390625
0.00368971 0.000488281

0.00368952 0.000488281
0.00371094 0.000563916

0.00371094 0.000565517
0.00371672 0.000585938

0.00371687 0.000585937
0.00373572 0.000683594

0.00373535 0.000683594
0.00374655 0.00078125

0.00374853 0.00078125
0.00374914 0.000976562

0.00374884 0.000976562
0.00372088 0.00117188

0.00371094 0.00120782
0.00366519 0.00136719

0.00366529 0.00136719
0.00358017 0.0015625

0.00371094 0.00120329
0.00371877 0.00117187

0.00332031 0.00194709
0.00331529 0.00195312

0.00351563 0.00167525
0.00346372 0.00175781

0.00341797 0.00182178
0.00339396 0.00185547

0.00332031 0.0019466
0.00339397 0.00185547

0.00346287 0.00175781
0.00342888 0.00180664

0.00341797 0.00182053
0.00342777 0.00180664

0.00322266 0.00205406
0.00312556 0.00214844

0.00331528 0.00195313
0.00322592 0.00205078

0.00322266 0.00205403
0.00322582 0.00205078

0.003125 0.00214878
0.00312537 0.00214844

0.00357811 0.0015625
0.00352442 0.00166016

0.00351563 0.00167137
0.00352244 0.00166016

