7.18474e-05 0
7.32422e-05 4.11284e-06

7.32422e-05 3.17944e-07
9.57804e-05 2.44141e-05

9.70394e-05 2.44141e-05
9.76563e-05 2.46339e-05

9.76563e-05 1.44832e-05
0.00012207 1.5443e-05

0.000120732 2.44141e-05
0.00012207 2.44346e-05

0.00012207 1.42081e-05
0.000146484 1.38779e-05

0.00012207 2.44197e-05
0.000123121 2.44141e-05

0.000146484 1.42783e-05
0.000170898 1.51276e-05

0.000170898 1.49116e-05
0.000195313 1.45235e-05

0.000195313 1.46829e-05
0.000219727 1.41028e-05

0.000219727 1.40184e-05
0.000244141 1.45017e-05

0.000244141 1.44854e-05
0.000268555 1.50616e-05

0.000268555 1.51767e-05
0.000292969 1.42642e-05

0.000292969 1.45368e-05
0.000317383 1.35586e-05

0.000317383 1.38152e-05
0.000341797 1.41091e-05

0.000341797 1.41587e-05
0.000366211 1.43882e-05

0.000366211 1.45427e-05
0.000390625 1.37365e-05

0.000390625 1.40286e-05
0.000415039 1.32809e-05

0.000415039 1.34712e-05
0.000439453 1.36844e-05

0.000439453 1.37023e-05
0.000463867 1.39253e-05

0.000463867 1.40147e-05
0.000488281 1.34756e-05

0.000488281 1.36766e-05
0.000512695 1.31455e-05

0.000512695 1.32718e-05
0.000537109 1.34365e-05

0.000537109 1.34585e-05
0.000561523 1.36048e-05

0.000561523 1.36872e-05
0.000585937 1.32364e-05

0.000585938 1.34114e-05
0.000610352 1.29915e-05

0.000610352 1.30981e-05
0.000634766 1.32175e-05

0.000634766 1.32428e-05
0.00065918 1.33322e-05

0.00065918 1.33749e-05
0.000683594 1.307e-05

0.000683594 1.31336e-05
0.000708008 1.30018e-05

0.000708008 1.29602e-05
0.000732422 1.32956e-05

0.000732422 1.31331e-05
0.000756836 1.34843e-05

0.000756836 1.34378e-05
0.00078125 1.33275e-05

0.00078125 1.32715e-05
0.000805664 1.31853e-05

0.000805664 1.31078e-05
0.000830078 1.35323e-05

0.000830078 1.3479e-05
0.000854492 1.35967e-05

0.000854492 1.34264e-05
0.000878906 1.33866e-05

0.000878906 1.33864e-05
0.00090332 1.36308e-05

0.00090332 1.34788e-05
0.000927734 1.36947e-05

0.000927734 1.3573e-05
0.000952148 1.37646e-05

0.000952148 1.36267e-05
0.000976562 1.38327e-05

0.000976562 1.37162e-05
0.00100098 1.39303e-05

0.00100098 1.37804e-05
0.00102539 1.40023e-05

0.00102539 1.38724e-05
0.0010498 1.4111e-05

0.0010498 1.38797e-05
0.00107422 1.42674e-05

0.00107422 1.42895e-05
0.00109863 1.42913e-05

0.00109863 1.40353e-05
0.00112305 1.41147e-05

0.00112305 1.38173e-05
0.00114746 1.48866e-05

0.00114746 1.48487e-05
0.00117187 1.49859e-05

0.00117188 1.46335e-05
0.00119629 1.42902e-05

0.00119629 1.40698e-05
0.0012207 1.52166e-05

0.0012207 1.48319e-05
0.00124512 1.59437e-05

0.00124512 1.60842e-05
0.00126953 1.50537e-05

0.00126953 1.46512e-05
0.00129395 1.44063e-05

0.00129395 1.53225e-05
0.00131836 1.54143e-05

0.00131836 1.43831e-05
0.00134277 1.48246e-05

0.00134277 1.62343e-05
0.00136719 1.52296e-05

0.0013916 7.32248e-07
0.00136968 2.44141e-05

0.0013916 3.84531e-06
0.0013929 0

0.00146299 0
0.00146484 5.46856e-06

0.00146484 4.38896e-06
0.00148428 2.44141e-05

0.00148485 2.44141e-05
0.00148926 2.59753e-05

0.00148926 1.7183e-05
0.00151367 1.77874e-05

0.00151367 1.73334e-05
0.00153809 1.67776e-05

0.0015625 5.44012e-06
0.0015432 2.44141e-05

0.00153809 2.60433e-05
0.00154285 2.44141e-05

0 0.00312187
0.000390625 0.00311087

0.000390625 0.00311116
0.00078125 0.00307756

0.00078125 0.0030782
0.00117187 0.00302017

0.00117188 0.00302123
0.0015625 0.00293538

0.0015625 7.15003e-06
0.00156501 0

0.00165639 0
0.00166016 9.19958e-06

0.00166016 1.04231e-05
0.00167567 2.44141e-05

0.00167478 2.44141e-05
0.00168457 2.78592e-05

0.00168457 1.77738e-05
0.00170898 1.79665e-05

0.00169331 2.44141e-05
0.00170898 2.44757e-05

0.0017334 1.10057e-05
0.00171791 2.44141e-05

0.00170898 2.78109e-05
0.00171889 2.44141e-05

0.0017334 1.15412e-05
0.00173827 0

0.00180039 0
0.00180664 1.40811e-05

0.00180664 9.26278e-06
0.00183105 1.24777e-05

0.00183105 6.04177e-06
0.00185503 0

0.00185558 0
0.00187988 1.75319e-05

0.00187988 9.28173e-06
0.0019043 1.14574e-05

0.0019043 9.33317e-06
0.00192871 1.04562e-05

0.00192871 9.84572e-06
0.00195312 1.21557e-05

0.00195312 9.5011e-06
0.00197754 1.30102e-05

0.00197754 1.36186e-05
0.00200195 1.28627e-05

0.00200195 1.53885e-05
0.00202637 6.1219e-06

0.00202637 6.60536e-06
0.00205078 9.09599e-06

0.00205078 9.52413e-06
0.0020752 1.46062e-05

0.0020752 9.80523e-06
0.00209961 1.18358e-05

0.00209961 1.33836e-05
0.00212402 1.3357e-05

0.00212402 1.30173e-05
0.00214844 8.58863e-06

0.00214844 8.19566e-06
0.00217285 1.30317e-05

0.00217285 1.39272e-05
0.00219727 1.3735e-05

0.00219727 1.30509e-05
0.00222168 7.92056e-06

0.00222168 7.84185e-06
0.00224609 1.34532e-05

0.00224609 1.40974e-05
0.00227051 1.38877e-05

0.00227051 1.37973e-05
0.00229492 7.21635e-06

0.00229492 7.977e-06
0.00231934 1.19288e-05

0.00231934 1.05862e-05
0.00234375 1.50949e-05

0.00234375 1.51367e-05
0.00236816 1.07498e-05

0.00236816 1.25181e-05
0.00239258 7.33464e-06

0.00239258 7.3429e-06
0.00241699 1.24974e-05

0.00241699 1.06715e-05
0.00244141 1.51911e-05

0.00244141 1.51882e-05
0.00246582 1.06634e-05

0.00246582 1.2481e-05
0.00249023 7.36367e-06

0.00249023 7.36456e-06
0.00251465 1.25186e-05

0.00251465 1.06928e-05
0.00253906 1.51664e-05

0.00253906 1.51614e-05
0.00256348 1.0673e-05

0.00256348 1.24483e-05
0.00258789 7.44107e-06

0.00258789 7.43268e-06
0.0026123 1.255e-05

0.0026123 1.08212e-05
0.00263672 1.50583e-05

0.00263672 1.50004e-05
0.00266113 1.06145e-05

0.00266113 1.18818e-05
0.00268555 8.17893e-06

0.00268555 7.38879e-06
0.00270996 1.38299e-05

0.00270996 1.39224e-05
0.00273438 1.40989e-05

0.00273437 1.38629e-05
0.00275879 7.59381e-06

0.00275879 8.37012e-06
0.0027832 1.1849e-05

0.0027832 1.07676e-05
0.00280762 1.48455e-05

0.00280762 1.48478e-05
0.00283203 1.07758e-05

0.00283203 1.18917e-05
0.00285645 8.32435e-06

0.00285645 7.66656e-06
0.00288086 1.36992e-05

0.00288086 1.38395e-05
0.00290527 1.38411e-05

0.00290527 1.29275e-05
0.00292969 8.44034e-06

0.00292969 9.01437e-06
0.0029541 1.30032e-05

0.0029541 1.31878e-05
0.00297852 1.31779e-05

0.00297852 1.14026e-05
0.00300293 1.0602e-05

0.00300293 1.07109e-05
0.00302734 1.46088e-05

0.00302734 1.29128e-05
0.00305176 1.44121e-05

0.00305176 1.33118e-05
0.00307617 1.42082e-05

0.00307617 1.37935e-05
0.00310059 1.48905e-05

0.00310059 1.41729e-05
0.003125 1.50564e-05

0.00175781 0.00287941
0.00157661 0.00292969

0.0015625 0.00293357
0.0015765 0.00292969

0.00175781 0.00287991
0.00195312 0.002817

0.00234375 0.00265927
0.00217184 0.00273438

0.00195312 0.00281735
0.00214844 0.00274402

0.00214844 0.00274352
0.00216937 0.00273438

0.00292969 0.00231096
0.00288428 0.00234375

0.00302734 0.00223411
0.00301235 0.00224609

0.00297852 0.00227182
0.00294884 0.00229492

0.00292969 0.00231005
0.00294942 0.00229492

0.00300293 0.00225256
0.00298029 0.00227051

0.00297852 0.00227258
0.00298108 0.00227051

0.00300293 0.00224889
0.00300653 0.00224609

0.00307617 0.0021902
0.00306806 0.00219727

0.00302734 0.00223304
0.00306953 0.00219727

0.00307617 0.0021914
0.00312441 0.00214844

0.00244141 0.00261151
0.00238965 0.00263672

0.00234375 0.00265755
0.00238652 0.00263672

0.00244141 0.00261102
0.00253906 0.00255991

0.00273438 0.00244687
0.00257837 0.00253906

0.00253906 0.00255929
0.00257387 0.00253906

0.00283203 0.00238034
0.00274044 0.00244141

0.00273438 0.0024447
0.00273952 0.00244141

0.00283203 0.00238002
0.00288255 0.00234375

0.003125 1.44951e-05
0.00314941 1.56031e-05

0.00314941 1.53985e-05
0.00317383 1.56533e-05

0.00317383 1.50086e-05
0.00319824 1.55166e-05

0.00319824 1.48441e-05
0.00322266 1.70678e-05

0.00322266 1.66098e-05
0.00324707 1.78255e-05

0.00324707 1.73556e-05
0.00327148 1.67961e-05

0.00327148 1.64854e-05
0.0032959 1.69099e-05

0.0032959 1.54473e-05
0.00332031 1.9492e-05

0.00332031 2.01339e-05
0.00334473 2.12501e-05

0.00334473 1.9645e-05
0.00336914 1.75268e-05

0.00336914 1.22151e-05
0.00339259 2.44141e-05

0.00339151 2.44141e-05
0.00339355 2.52641e-05

0.00339355 2.73609e-05
0.00341782 4.88281e-05

0.0034176 4.88281e-05
0.00341797 4.919e-05

0.00341797 4.95554e-05
0.00344157 7.32422e-05

0.00344165 7.32422e-05
0.00344238 7.40067e-05

0.00344238 7.4189e-05
0.00346423 9.76563e-05

0.00346478 9.76563e-05
0.0034668 9.99192e-05

0.0034668 0.000100422
0.00350598 0.000146484

0.00350597 0.000146484
0.00351563 0.000159111

0.00351563 0.000159566
0.0035425 0.000195313

0.00354287 0.000195313
0.00356445 0.000227704

0.00356445 0.000229584
0.00357397 0.000244141

0.00357487 0.000244141
0.0036037 0.000292969

0.0036044 0.000292969
0.00361328 0.000310861

0.00361328 0.000312099
0.00362878 0.000341797

0.00362896 0.000341797
0.00365158 0.000390625

0.00365224 0.000390625
0.00368968 0.000488281

0.00368949 0.000488281
0.00371094 0.000564045

0.00371094 0.000565654
0.00371668 0.000585938

0.00371683 0.000585937
0.00373567 0.000683594

0.00373531 0.000683594
0.00374649 0.00078125

0.00374847 0.00078125
0.00374907 0.000976562

0.00374877 0.000976562
0.00372079 0.00117188

0.00371094 0.00120748
0.00366508 0.00136719

0.00366518 0.00136719
0.00358006 0.0015625

0.00371094 0.00120288
0.00371867 0.00117187

0.00332031 0.00194691
0.00331513 0.00195312

0.00351563 0.00167506
0.0034636 0.00175781

0.00341797 0.00182162
0.00339385 0.00185547

0.00332031 0.00194646
0.00339386 0.00185547

0.00346276 0.00175781
0.00342876 0.00180664

0.00341797 0.00182034
0.00342763 0.00180664

0.00322266 0.00205395
0.00312547 0.00214844

0.00331517 0.00195313
0.00322581 0.00205078

0.00322266 0.00205394
0.00322573 0.00205078

0.003125 0.0021487
0.00312529 0.00214844

0.003578 0.0015625
0.00352431 0.00166016

0.00351563 0.00167118
0.00352232 0.00166016

