7.08207e-05 0
7.32422e-05 4.79189e-06

9.33974e-05 0
9.76563e-05 1.05603e-05

9.87575e-05 0
0.00012207 2.3627e-05

0.00012207 2.10303e-05
0.000146484 5.71187e-06

0.000146484 6.98e-06
0.00016574 0

0.000170898 1.60372e-06
0.000195313 1.81855e-05

0.000195313 9.45854e-06
0.000219727 1.08515e-05

0.000219727 9.6121e-06
0.000244141 1.17319e-05

0.000244141 1.04335e-05
0.000268555 1.23595e-05

0.000268555 1.11315e-05
0.000292969 1.25965e-05

0.000292969 1.16964e-05
0.000317383 1.29957e-05

0.000317383 1.21947e-05
0.000341797 1.32823e-05

0.000341797 1.2642e-05
0.000366211 1.35625e-05

0.000366211 1.30336e-05
0.000390625 1.37589e-05

0.000390625 1.33612e-05
0.000415039 1.39035e-05

0.000415039 1.35903e-05
0.000439453 1.40086e-05

0.000439453 1.37286e-05
0.000463867 1.41664e-05

0.000463867 1.38961e-05
0.000488281 1.43703e-05

0.000488281 1.41646e-05
0.000512695 1.44623e-05

0.000512695 1.41504e-05
0.000537109 1.45805e-05

0.000537109 1.44686e-05
0.000561523 1.4836e-05

0.000561523 1.44828e-05
0.000585937 1.48332e-05

0.000585938 1.46107e-05
0.000610352 1.52575e-05

0.000610352 1.53198e-05
0.000634766 1.50506e-05

0.000634766 1.47235e-05
0.00065918 1.47035e-05

0.00065918 1.46184e-05
0.000683594 1.57194e-05

0.000683594 1.51467e-05
0.000708008 1.61046e-05

0.000708008 1.63006e-05
0.000732422 1.56694e-05

0.000732422 1.57109e-05
0.000756836 1.44599e-05

0.000756836 1.46522e-05
0.00078125 1.52308e-05

0 0.00100714
4.88281e-05 0.00100721

4.88281e-05 0.00100721
9.76563e-05 0.00100741

9.76563e-05 0.0010074
0.000146484 0.00100774

0.000146484 0.00100773
0.000195313 0.00100823

0.000195313 0.00100824
0.000244141 0.0010089

0.000244141 0.00100889
0.000292969 0.00100973

0.000292969 0.00100973
0.000341797 0.00101074

0.000341797 0.00101074
0.000390625 0.00101194

0.000390625 0.00101194
0.000439453 0.00101335

0.000439453 0.00101334
0.000488281 0.00101496

0.000488281 0.00101496
0.000537109 0.0010168

0.000537109 0.00101679
0.000585938 0.00101886

0.000585937 0.00101886
0.000634766 0.00102119

0.000634766 0.00102118
0.000683594 0.00102377

0.000683594 0.00102377
0.000711255 0.00102539

0.000711456 0.00102539
0.000732422 0.00102662

0.000732422 0.00102663
0.00078125 0.00102979

0.00078125 1.56395e-05
0.000805664 1.54878e-05

0.000805664 1.54617e-05
0.000830078 1.4169e-05

0.000830078 1.45861e-05
0.000854492 1.44337e-05

0.000854492 1.46697e-05
0.000878906 1.47175e-05

0.000878906 1.47883e-05
0.00090332 1.43076e-05

0.00090332 1.4542e-05
0.000927734 1.40825e-05

0.000927734 1.43649e-05
0.000952148 1.40114e-05

0.000952148 1.42161e-05
0.000976562 1.38608e-05

0.000976562 1.40988e-05
0.00100098 1.37324e-05

0.00100098 1.3918e-05
0.00102539 1.36022e-05

0.00102539 1.39455e-05
0.0010498 1.34105e-05

0.0010498 1.35557e-05
0.00107422 1.31686e-05

0.00107422 1.38593e-05
0.00109863 1.29281e-05

0.00109863 1.42206e-05
0.00112305 1.11601e-05

0.00112305 1.10122e-05
0.00114746 1.15903e-05

0.00114746 1.31443e-05
0.00117187 1.29999e-05

0.00117188 1.30318e-05
0.00119629 9.37885e-06

0.00119629 8.84208e-06
0.0012207 1.26889e-05

0.0012207 1.36365e-05
0.00124512 1.36458e-05

0.00124512 1.30037e-05
0.00126953 8.53966e-06

0.00126953 8.97405e-06
0.00129395 1.26985e-05

0.00129395 1.28654e-05
0.00131836 1.33085e-05

0.00131836 1.26167e-05
0.00134277 9.63815e-06

0.00134277 1.15655e-05
0.00136719 1.08233e-05

0.00136719 2.21108e-05
0.00139077 0

0.0013916 9.97334e-06
0.00139541 0

0.00146231 0
0.00146484 7.22616e-06

0.00146484 1.16438e-06
0.00148738 2.44141e-05

0.00148795 2.44141e-05
0.00148926 2.48633e-05

0.00148926 1.42673e-05
0.00151367 1.59381e-05

0.00151367 1.58243e-05
0.00153809 1.42395e-05

0.00151367 2.44237e-05
0.00151404 2.44141e-05

0.0015625 1.26751e-06
0.00154016 2.44141e-05

0.00153809 2.46e-05
0.00153862 2.44141e-05

0.00078125 0.00102979
0.000830078 0.00103326

0.000830078 0.00103326
0.000878906 0.00103705

0.000878906 0.00103704
0.000927734 0.00104116

0.000927734 0.00104117
0.000976562 0.00104564

0.000976563 0.00104563
0.00102539 0.00105045

0.00102539 0.00105045
0.00107422 0.00105561

0.00107422 0.00105559
0.00112305 0.00106111

0.00112305 0.00106112
0.00117187 0.00106702

0.00117188 0.00106701
0.0012207 0.00107329

0.0012207 0.00107327
0.00122759 0.00107422

0.00122748 0.00107422
0.00124512 0.0010766

0.00124512 0.00107659
0.00126953 0.00108003

0.00126953 0.00108002
0.00131836 0.00108725

0.00131836 0.00108726
0.00136719 0.00109491

0.00136719 0.00109493
0.00141602 0.00110294

0.00141602 0.00110292
0.00146484 0.00111132

0.00146484 0.00111132
0.00151367 0.00112013

0.00151367 0.00112011
0.00152917 0.00112305

0.00152914 0.00112305
0.00153809 0.00112472

0.00153809 0.00112471
0.0015625 0.00112939

0.0015625 5.53241e-06
0.0015644 0

0.00165514 0
0.00166016 1.19559e-05

0.00166016 1.06244e-05
0.00167603 2.44141e-05

0.00167488 2.44141e-05
0.00168457 2.77299e-05

0.00168457 1.81019e-05
0.00170898 1.77274e-05

0.00168457 2.45129e-05
0.00169671 2.44141e-05

0.0017334 9.5901e-06
0.00171747 2.44141e-05

0.00170898 2.7684e-05
0.00171812 2.44141e-05

0.0017334 7.51918e-06
0.00173639 0

0.00180494 0
0.00180664 4.56422e-06

0.00181838 0
0.00183105 1.05528e-05

0.00184109 0
0.00185547 8.10035e-06

0.00186102 0
0.00187988 1.32243e-05

0.00187988 1.84644e-06
0.0019043 1.20631e-05

0.0019043 6.21702e-06
0.00192871 1.18256e-05

0.00192871 7.70669e-06
0.00195312 1.15021e-05

0.00195312 8.30067e-06
0.00197754 1.38137e-05

0.00197754 1.47596e-05
0.00200195 1.11764e-05

0.00200195 1.82869e-05
0.00202549 0

0.00202637 4.56163e-07
0.00205078 7.55708e-06

0.00205078 6.13721e-06
0.0020752 1.70015e-05

0.0020752 7.32495e-06
0.00209961 1.15396e-05

0.00209961 1.41809e-05
0.00212402 1.40871e-05

0.00212402 1.3847e-05
0.00214844 4.89701e-06

0.00214844 4.27028e-06
0.00217285 1.37593e-05

0.00217285 1.49459e-05
0.00219727 1.47448e-05

0.00219727 1.38569e-05
0.00222168 3.91131e-06

0.00222168 3.92601e-06
0.00224609 1.44167e-05

0.00224609 1.49207e-05
0.00227051 1.49214e-05

0.00227051 1.48819e-05
0.00229492 3.46169e-06

0.00229492 4.66332e-06
0.00231934 1.21792e-05

0.00231934 9.33787e-06
0.00234375 1.70528e-05

0.0015625 0.0011294
0.00158691 0.0011342

0.00158691 0.0011342
0.00161133 0.00113913

0.00161133 0.00113912
0.00163574 0.00114419

0.00163574 0.00114418
0.00165106 0.00114746

0.00165107 0.00114746
0.00166016 0.0011494

0.00166016 0.00114941
0.00168457 0.0011548

0.00168457 0.0011548
0.00170898 0.00116036

0.00170898 0.00116032
0.0017575 0.00117187

0.00175731 0.00117188
0.00175781 0.001172

0.00175781 0.001172
0.00178223 0.00117806

0.00178223 0.00117805
0.00180664 0.00118429

0.00180664 0.0011843
0.00183105 0.0011907

0.00183105 0.0011907
0.00185188 0.00119629

0.00185204 0.00119629
0.00185547 0.00119721

0.00185547 0.00119724
0.0019043 0.00121071

0.0019043 0.00121066
0.00193926 0.0012207

0.00193926 0.0012207
0.00195312 0.00122473

0.00195312 0.00122475
0.00197754 0.00123198

0.00197754 0.00123197
0.00200195 0.00123936

0.00200195 0.00123935
0.00202054 0.00124512

0.00202053 0.00124512
0.00202637 0.00124693

0.00202637 0.00124693
0.00205078 0.00125469

0.00205078 0.00125468
0.0020752 0.00126263

0.0020752 0.00126262
0.00209586 0.00126953

0.00209583 0.00126953
0.00209961 0.0012708

0.00209961 0.0012708
0.00212402 0.00127916

0.00212402 0.00127915
0.00214844 0.00128768

0.00214844 0.00128767
0.002166 0.00129395

0.00216598 0.00129395
0.00217285 0.0012964

0.00217285 0.0012964
0.00219727 0.00130531

0.00219727 0.0013053
0.00223227 0.00131836

0.00223232 0.00131836
0.00224609 0.00132353

0.00224609 0.00132353
0.00227051 0.00133284

0.00227051 0.00133283
0.00229492 0.00134232

0.00229492 0.0013423
0.00229611 0.00134277

0.00229606 0.00134277
0.00231934 0.00135199

0.00231934 0.00135198
0.00234375 0.00136183

0.00234375 1.75204e-05
0.00236816 9.50237e-06

0.00236816 1.23055e-05
0.00239258 3.54448e-06

0.00239258 4.07026e-06
0.00241699 1.37917e-05

0.00241699 9.7355e-06
0.00244141 1.64333e-05

0.00244141 1.6959e-05
0.00246582 9.76649e-06

0.00246582 1.21854e-05
0.00249023 4.52373e-06

0.00249023 4.93484e-06
0.00251465 1.35641e-05

0.00251465 1.00682e-05
0.00253906 1.60452e-05

0.00253906 1.64524e-05
0.00256348 9.97492e-06

0.00256348 1.20511e-05
0.00258789 5.52413e-06

0.00258789 5.82512e-06
0.0026123 1.34013e-05

0.0026123 1.05214e-05
0.00263672 1.55457e-05

0.00263672 1.57931e-05
0.00266113 1.01051e-05

0.00266113 1.13691e-05
0.00268555 7.20855e-06

0.00268555 6.57694e-06
0.00270996 1.454e-05

0.00270996 1.4231e-05
0.00273438 1.40309e-05

0.00273437 1.36273e-05
0.00275879 7.22061e-06

0.00275879 8.13166e-06
0.0027832 1.22298e-05

0.0027832 1.0919e-05
0.00280762 1.48138e-05

0.00280762 1.49637e-05
0.00283203 1.05754e-05

0.00283203 1.15144e-05
0.00285645 8.42184e-06

0.00285645 7.88153e-06
0.00288086 1.39728e-05

0.00288086 1.37665e-05
0.00290527 1.37515e-05

0.00290527 1.30232e-05
0.00292969 8.81094e-06

0.00292969 9.04518e-06
0.0029541 1.31048e-05

0.0029541 1.34334e-05
0.00297852 1.35628e-05

0.00297852 1.29071e-05
0.00300293 9.41686e-06

0.00300293 9.58785e-06
0.00302734 1.29216e-05

0.00302734 1.32105e-05
0.00305176 1.33894e-05

0.00305176 1.27122e-05
0.00307617 1.00377e-05

0.00307617 1.03832e-05
0.00310059 1.27396e-05

0.00310059 1.28273e-05
0.003125 1.29724e-05

0.00234375 0.00136182
0.00235679 0.00136719

0.00235675 0.00136719
0.00236816 0.00137188

0.00236816 0.00137188
0.00239258 0.0013821

0.00239258 0.00138209
0.0024149 0.0013916

0.00241489 0.0013916
0.00241699 0.0013925

0.00241699 0.0013925
0.00244141 0.00140307

0.00244141 0.00140306
0.00247087 0.00141602

0.00247092 0.00141602
0.00249023 0.00142455

0.00249023 0.00142455
0.00251465 0.00143544

0.00251465 0.00143543
0.00252571 0.00144043

0.00252567 0.00144043
0.00253906 0.00144648

0.00253906 0.00144647
0.00256348 0.00145764

0.00256348 0.00145763
0.00257906 0.00146484

0.00257901 0.00146484
0.00258789 0.00146895

0.00258789 0.00146895
0.0026123 0.00148038

0.0026123 0.00148038
0.00263108 0.00148926

0.00263104 0.00148926
0.00263672 0.00149194

0.00263672 0.00149193
0.00268215 0.00151367

0.00268207 0.00151367
0.00268555 0.00151534

0.00268555 0.00151535
0.00270996 0.00152714

0.00270996 0.00152712
0.00273255 0.00153809

0.00273254 0.00153809
0.00273438 0.00153898

0.00273437 0.00153898
0.00275879 0.0015509

0.00275879 0.00155089
0.00278239 0.0015625

0.00278237 0.0015625
0.0027832 0.00156291

0.0027832 0.00156291
0.00280762 0.00157499

0.00280762 0.00157498
0.00283162 0.00158691

0.00283159 0.00158691
0.00283203 0.00158713

0.00283203 0.00158714
0.00285645 0.00159931

0.00285645 0.00159931
0.00288051 0.00161133

0.00288048 0.00161133
0.00288086 0.00161152

0.00288086 0.00161152
0.00290527 0.0016237

0.00290527 0.00162369
0.00292945 0.00163574

0.00292943 0.00163574
0.00292969 0.00163587

0.00292969 0.00163587
0.0029541 0.00164805

0.0029541 0.00164804
0.00297838 0.00166016

0.00297836 0.00166016
0.00297852 0.00166024

0.00297852 0.00166024
0.00300293 0.00167242

0.00300293 0.00167241
0.00302732 0.00168457

0.00302729 0.00168457
0.00302734 0.0016846

0.00302734 0.00168453
0.00302742 0.00168457

0.00302734 0.0016846
0.00305176 0.00169674

0.00305176 0.00169673
0.00307617 0.00170882

0.00307617 0.00170877
0.00307661 0.00170898

0.00307648 0.00170898
0.00310059 0.00172085

0.00310059 0.00172083
0.003125 0.00173278

0.003125 1.21665e-05
0.00314941 1.11506e-05

0.00314941 1.1364e-05
0.00317383 1.30918e-05

0.00317383 1.24925e-05
0.00319824 1.31331e-05

0.00319824 1.26197e-05
0.00322266 1.27199e-05

0.00322266 1.27247e-05
0.00324707 1.30405e-05

0.00324707 1.28122e-05
0.00327148 1.29702e-05

0.00327148 1.28862e-05
0.0032959 1.31019e-05

0.0032959 1.29577e-05
0.00332031 1.31303e-05

0.00332031 1.30291e-05
0.00334473 1.32049e-05

0.00334473 1.30952e-05
0.00336914 1.32447e-05

0.00336914 1.31537e-05
0.00339355 1.32955e-05

0.00339355 1.32064e-05
0.00341797 1.33384e-05

0.00341797 1.3257e-05
0.00344238 1.33836e-05

0.00344238 1.33056e-05
0.0034668 1.34233e-05

0.0034668 1.3351e-05
0.00349121 1.34615e-05

0.00349121 1.33921e-05
0.00351563 1.34986e-05

0.00351563 1.34296e-05
0.00354004 1.35392e-05

0.00354004 1.34663e-05
0.00356445 1.35859e-05

0.00356445 1.35052e-05
0.00358887 1.36403e-05

0.00358887 1.35484e-05
0.00361328 1.37041e-05

0.00361328 1.36e-05
0.0036377 1.37773e-05

0.0036377 1.36678e-05
0.00366211 1.38499e-05

0.00366211 1.37484e-05
0.00368652 1.39026e-05

0.00368652 1.38167e-05
0.00371094 1.39338e-05

0.00371094 1.38451e-05
0.00373535 1.39833e-05

0.00373535 1.38569e-05
0.00375977 1.41038e-05

0.00375977 1.3925e-05
0.00378418 1.42808e-05

0.00378418 1.40749e-05
0.00380859 1.44343e-05

0.00380859 1.42267e-05
0.00383301 1.45384e-05

0.00383301 1.43358e-05
0.00385742 1.46629e-05

0.00385742 1.44535e-05
0.00388184 1.483e-05

0.00388184 1.45971e-05
0.00390625 1.50039e-05

0.00390625 1.47401e-05
0.00393066 1.52011e-05

0.00393066 1.49087e-05
0.00395508 1.54466e-05

0.00395508 1.50971e-05
0.00397949 1.57363e-05

0.00397949 1.53396e-05
0.00400391 1.60931e-05

0.00400391 1.5627e-05
0.00402832 1.65008e-05

0.00402832 1.59767e-05
0.00405273 1.6991e-05

0.00405273 1.64893e-05
0.00407715 1.74668e-05

0.00407715 1.73621e-05
0.00410156 1.7416e-05

0.00410156 1.63959e-05
0.00412598 1.76615e-05

0.00412598 1.82303e-05
0.00415039 1.89687e-05

0.00415039 1.78474e-05
0.0041748 1.76614e-05

0.0041748 1.69563e-05
0.00419922 1.98744e-05

0.00419922 1.95122e-05
0.00422363 2.18327e-05

0.00422363 2.19011e-05
0.00424805 1.95706e-05

0.00424805 1.97427e-05
0.00427246 1.69412e-05

0.00427246 1.71404e-05
0.00429688 1.87285e-05

0.00429688 2.02976e-05
0.00432129 1.95623e-05

0.00432129 1.88796e-05
0.0043457 1.55187e-05

0.0043457 1.67404e-05
0.00437012 1.66034e-05

0.00437012 1.71187e-05
0.00439453 1.70267e-05

0.00439453 1.72651e-05
0.00441895 1.59095e-05

0.00441895 1.59939e-05
0.00444336 1.57049e-05

0.00444336 1.66677e-05
0.00446777 1.5997e-05

0.00446777 1.60808e-05
0.00449219 1.445e-05

0.00449219 1.48516e-05
0.0045166 1.50601e-05

0.0045166 1.52692e-05
0.00454102 1.56068e-05

0.00454102 1.58593e-05
0.00456543 1.46154e-05

0.00456543 1.49953e-05
0.00458984 1.38317e-05

0.00458984 1.4051e-05
0.00461426 1.45689e-05

0.00461426 1.45892e-05
0.00463867 1.50561e-05

0.00463867 1.48197e-05
0.00466309 1.45479e-05

0.00466309 1.44698e-05
0.0046875 1.47391e-05

0.003125 0.00173273
0.00312637 0.0017334

0.00312625 0.0017334
0.00314941 0.00174467

0.00314941 0.00174466
0.00317383 0.00175648

0.00317383 0.00175645
0.00317666 0.00175781

0.00317655 0.00175781
0.00319824 0.00176826

0.00319824 0.00176825
0.00322266 0.00177993

0.00322266 0.0017799
0.00322757 0.00178223

0.00322744 0.00178223
0.00324707 0.00179154

0.00324707 0.00179153
0.00327148 0.001803

0.00327148 0.00180298
0.00327939 0.00180664

0.00327926 0.00180664
0.0032959 0.00181438

0.0032959 0.00181436
0.00332031 0.00182559

0.00332031 0.00182557
0.00333237 0.00183105

0.00333229 0.00183105
0.00334473 0.00183671

0.00334473 0.00183669
0.00336914 0.00184768

0.00336914 0.00184768
0.00338664 0.00185547

0.00338659 0.00185547
0.00339355 0.00185857

0.00339355 0.00185856
0.00341797 0.00186931

0.00341797 0.0018693
0.0034423 0.00187988

0.00344225 0.00187988
0.00344238 0.00187994

0.00344238 0.00187984
0.00344248 0.00187988

0.00344238 0.00187995
0.0034668 0.0018904

0.0034668 0.00189042
0.00349999 0.0019043

0.00349987 0.0019043
0.00351563 0.00191084

0.00351563 0.00191081
0.00354004 0.00192077

0.00354004 0.00192076
0.00355983 0.00192871

0.00355979 0.00192871
0.00356445 0.00193058

0.00356445 0.00193058
0.00358887 0.00194022

0.00358887 0.00194021
0.00361328 0.0019497

0.00361328 0.00194968
0.00362231 0.00195312

0.00362219 0.00195312
0.0036377 0.00195905

0.0036377 0.00195903
0.00366211 0.00196819

0.00366211 0.00196818
0.00368652 0.00197717

0.00368652 0.00197709
0.00368778 0.00197754

0.00368747 0.00197754
0.00371094 0.00198599

0.00371094 0.001986
0.00375679 0.00200195

0.00375682 0.00200195
0.00375977 0.00200297

0.00375977 0.00200295
0.00378418 0.00201115

0.00378418 0.00201115
0.00380859 0.00201914

0.00380859 0.00201913
0.00383123 0.00202637

0.0038312 0.00202637
0.00383301 0.00202695

0.00383301 0.00202695
0.00385742 0.00203455

0.00385742 0.00203455
0.00388184 0.00204195

0.00388184 0.00204195
0.00390625 0.00204917

0.00390625 0.00204914
0.00391197 0.00205078

0.0039118 0.00205078
0.00393066 0.00205621

0.00393066 0.0020562
0.00395508 0.00206302

0.00395508 0.00206302
0.00397949 0.00206965

0.00397949 0.00206965
0.00400064 0.0020752

0.00400044 0.0020752
0.00400391 0.00207611

0.00400391 0.00207611
0.00405273 0.00208822

0.00405273 0.0020882
0.00410156 0.00209942

0.00410156 0.0020993
0.00410303 0.00209961

0.00410263 0.00209961
0.00412598 0.00210467

0.00412598 0.00210466
0.00415039 0.00210971

0.00415039 0.00210972
0.0041748 0.00211455

0.0041748 0.00211455
0.00419922 0.00211915

0.00419922 0.00211915
0.00422363 0.00212353

0.00422363 0.0021235
0.00422672 0.00212402

0.00422644 0.00212402
0.00424805 0.00212771

0.00424805 0.0021277
0.00427246 0.00213164

0.00427246 0.00213164
0.00429688 0.00213536

0.00429688 0.00213536
0.00432129 0.00213886

0.00432129 0.00213886
0.0043457 0.00214212

0.0043457 0.00214212
0.00437012 0.00214516

0.00437012 0.00214516
0.00439453 0.00214798

0.00439453 0.00214795
0.00439912 0.00214844

0.00439879 0.00214844
0.00441895 0.00215058

0.00441895 0.00215057
0.00444336 0.00215293

0.00444336 0.00215293
0.00446777 0.00215506

0.00446777 0.00215506
0.00449219 0.00215695

0.00449219 0.00215695
0.0045166 0.00215861

0.0045166 0.00215861
0.00454102 0.00216003

0.00454102 0.00216003
0.00456543 0.00216121

0.00456543 0.00216121
0.00458984 0.00216215

0.00458984 0.00216215
0.00461426 0.00216284

0.00461426 0.00216284
0.00463867 0.00216329

0.00463867 0.00216329
0.00466309 0.00216349

0.00466309 0.00216349
0.0046875 0.00216344

0.0046875 1.46594e-05
0.00471191 1.51406e-05

0.00471191 1.4815e-05
0.00473633 1.51744e-05

0.00473633 1.49786e-05
0.00476074 1.5411e-05

0.00476074 1.50789e-05
0.00478516 1.56277e-05

0.00478516 1.52961e-05
0.00480957 1.60159e-05

0.00480957 1.55466e-05
0.00483398 1.6391e-05

0.00483398 1.56859e-05
0.0048584 1.71016e-05

0.0048584 1.65624e-05
0.00488281 1.79265e-05

0.00488281 1.69963e-05
0.00490723 1.83446e-05

0.00490723 1.74449e-05
0.00493164 1.96633e-05

0.00493164 1.83787e-05
0.00495605 2.13992e-05

0.00495605 2.15862e-05
0.00498047 2.1563e-05

0.00498047 2.07672e-05
0.00500488 1.89644e-05

0.00500488 1.69244e-05
0.0050293 2.21506e-05

0.00501628 2.44141e-05
0.0050293 2.61713e-05

0.0050293 2.29329e-05
0.00505189 2.44141e-05

0.0050293 2.67501e-05
0.00505371 2.75312e-05

0.00505371 2.19267e-05
0.00507813 2.0425e-05

0.00505371 2.54115e-05
0.00507292 2.44141e-05

0.00507813 2.10027e-05
0.00509463 2.44141e-05

0.00508739 2.44141e-05
0.00510254 2.65399e-05

0.00510254 2.43934e-05
0.00510663 2.44141e-05

0.00510254 2.84729e-05
0.00512695 2.83728e-05

0.00512695 2.42673e-05
0.00515137 2.27611e-05

0.00512695 2.54311e-05
0.00514312 2.44141e-05

0.00515137 2.48779e-05
0.00517578 2.59363e-05

0.00517578 2.58193e-05
0.0052002 2.61159e-05

0.0052002 2.60334e-05
0.00522461 2.59674e-05

0.00522461 2.59326e-05
0.00524902 2.57385e-05

0.00524902 2.57171e-05
0.00527344 2.55072e-05

0.00527344 2.54882e-05
0.00529785 2.53433e-05

0.00529785 2.53363e-05
0.00532227 2.53088e-05

0.00532227 2.53124e-05
0.00534668 2.54091e-05

0.00534668 2.54214e-05
0.00537109 2.56105e-05

0.00537109 2.56281e-05
0.00539551 2.58499e-05

0.00539551 2.58695e-05
0.00541992 2.60495e-05

0.00541992 2.60638e-05
0.00544434 2.61343e-05

0.00544434 2.61363e-05
0.00546875 2.60647e-05

0.00546875 2.6051e-05
0.00549316 2.58609e-05

0.00549316 2.58385e-05
0.00551758 2.56023e-05

0.00551758 2.55834e-05
0.00554199 2.53836e-05

0.00554199 2.53775e-05
0.00556641 2.52643e-05

0.00556641 2.52732e-05
0.00559082 2.52407e-05

0.00559082 2.52757e-05
0.00561523 2.52358e-05

0.00563965 2.43969e-05
0.00563873 2.44141e-05

0.00561523 2.53818e-05
0.00563965 2.49732e-05

0.00563965 2.42954e-05
0.00566406 2.43449e-05

0.00563965 2.45078e-05
0.00566406 2.45571e-05

0.00566406 2.45611e-05
0.00568848 2.59905e-05

0.00568848 2.70459e-05
0.00571289 2.7549e-05

0.0057373 2.40998e-05
0.00573163 2.44141e-05

0.00571289 2.6955e-05
0.0057373 2.56446e-05

0.0057373 2.41141e-05
0.0057507 2.44141e-05

0.0057373 2.44865e-05
0.00576172 2.50312e-05

0.00578613 2.42487e-05
0.00577663 2.44141e-05

0.00576172 2.75099e-05
0.00578613 2.72591e-05

0.00578613 2.37371e-05
0.00581055 2.42299e-05

0.00578866 2.44141e-05
0.00581055 2.48414e-05

0.00581055 2.54097e-05
0.00583496 3.12021e-05

0.00583496 3.13766e-05
0.00585938 4.01432e-05

0.00585938 4.03638e-05
0.0058781 4.88281e-05

0.00587852 4.88281e-05
0.00588379 5.12112e-05

0.00588379 5.13736e-05
0.0059082 6.4284e-05

0.0059082 6.44456e-05
0.00592293 7.32422e-05

0.00592326 7.32422e-05
0.00593262 7.88304e-05

0.00593262 7.89394e-05
0.00595703 9.50541e-05

0.00595703 9.53327e-05
0.00596038 9.76563e-05

0.0059607 9.76563e-05
0.00598145 0.000112704

0.00598145 0.000112949
0.00599326 0.00012207

0.00599328 0.00012207
0.00600586 0.000132003

0.00600586 0.000132201
0.00602264 0.000146484

0.0060227 0.000146484
0.00603027 0.000153136

0.00603027 0.000153236
0.00604936 0.000170898

0.00604938 0.000170898
0.00605469 0.000176021

0.00605469 0.000176055
0.00607374 0.000195313

0.00607379 0.000195313
0.0060791 0.000200926

0.0060791 0.000200949
0.00609621 0.000219727

0.0060963 0.000219727
0.00610352 0.000228089

0.00610352 0.000228122
0.00611698 0.000244141

0.00611714 0.000244141
0.00612793 0.000257808

0.00612793 0.000257768
0.00613619 0.000268555

0.00613639 0.000268555
0.00615234 0.000290281

0.00615234 0.000290439
0.00615413 0.000292969

0.00615426 0.000292969
0.00617094 0.000317383

0.00617094 0.000317383
0.00617676 0.000326521

0.00617676 0.000326593
0.00618643 0.000341797

0.00618668 0.000341797
0.00620117 0.000367117

0.00620117 0.000366792
0.00621428 0.000390625

0.00621428 0.000390625
0.00622559 0.000412729

0.00622559 0.000412841
0.00622671 0.000415039

0.00622674 0.000415039
0.00623831 0.000439453

0.00623831 0.000439453
0.00624902 0.000463867

0.006249 0.000463867
0.00625 0.000466325

0.00625 0.00123213
0.00623616 0.00126953

0.00623629 0.00126953
0.00618971 0.00136719

0.00615234 0.00143038
0.00613194 0.00146484

0.00610352 0.00150586
0.00609817 0.00151367

0.00609823 0.00151367
0.00606141 0.0015625

0.00610352 0.00150592
0.00613164 0.00146484

0.00618927 0.00136719
0.00616193 0.00141602

0.00615234 0.00143161
0.00616197 0.00141602

0.0046875 0.00216344
0.00471191 0.00216314

0.00471191 0.00216314
0.00473633 0.00216258

0.00473633 0.00216258
0.00476074 0.00216176

0.00476074 0.00216177
0.00478516 0.00216069

0.00478516 0.00216069
0.00480957 0.00215935

0.00480957 0.00215935
0.00483398 0.00215775

0.00483398 0.00215775
0.0048584 0.00215588

0.0048584 0.00215588
0.00488281 0.00215374

0.00495605 0.00214567
0.00493332 0.00214844

0.00495605 0.00214567
0.00498047 0.00214241

0.00498047 0.00214241
0.00500488 0.00213886

0.00500488 0.00213886
0.0050293 0.00213502

0.0050293 0.00213502
0.00505371 0.00213088

0.00505371 0.00213088
0.00507813 0.00212644

0.00488281 0.00215374
0.00490723 0.00215132

0.00490723 0.00215133
0.00493164 0.00214864

0.00493164 0.00214863
0.00493322 0.00214844

0.00510254 0.00212172
0.0050907 0.00212402

0.00507813 0.00212643
0.0050905 0.00212402

0.00510254 0.0021217
0.00512695 0.00211663

0.00512695 0.00211664
0.00515137 0.00211124

0.00515137 0.00211124
0.00517578 0.00210553

0.00522461 0.00209321
0.00519956 0.00209961

0.00517578 0.00210552
0.00519972 0.00209961

0.00522461 0.00209316
0.00527344 0.00207924

0.00537109 0.00204719
0.00536067 0.00205078

0.00527344 0.00207923
0.00532227 0.00206391

0.00532227 0.00206383
0.00534668 0.00205565

0.00534668 0.00205562
0.00536038 0.00205078

0.00537109 0.00204712
0.00541992 0.00202869

0.00544434 0.00201883
0.00542558 0.00202637

0.00541992 0.00202858
0.00542542 0.00202637

0.00544434 0.0020188
0.00546875 0.00200856

0.00561523 0.00193711
0.00558501 0.00195312

0.00563965 0.00192309
0.0056297 0.00192871

0.00561523 0.00193688
0.00562968 0.00192871

0.00563965 0.00192311
0.00566406 0.00190886

0.00576172 0.00184573
0.00574732 0.00185547

0.00571289 0.00187871
0.0056719 0.0019043

0.00566406 0.00190887
0.0056716 0.0019043

0.00571289 0.00187851
0.00574677 0.00185547

0.00576172 0.00184553
0.00581055 0.0018095

0.00585938 0.00177032
0.00581428 0.00180664

0.00581055 0.0018094
0.00581414 0.00180664

0.00551758 0.00198684
0.00548403 0.00200195

0.00546875 0.00200855
0.00548385 0.00200195

0.00551758 0.00198667
0.00556641 0.00196277

0.00556641 0.00196267
0.00558492 0.00195312

0.0059082 0.00172747
0.00587371 0.00175781

0.00595703 0.00168032
0.00592771 0.00170898

0.0059082 0.00172706
0.00592754 0.00170898

0.00600586 0.0016282
0.00597682 0.00166016

0.00605469 0.00157076
0.00602109 0.00161133

0.00600586 0.00162825
0.00602076 0.00161133

0.00595703 0.00168007
0.00597637 0.00166016

0.00585938 0.00176992
0.0058736 0.00175781

0.00605469 0.00157071
0.00606123 0.0015625

0.00625 0.000466331
0.00625889 0.000488281

0.00625889 0.000488281
0.00626799 0.000512695

0.00626799 0.000512695
0.00627441 0.000531533

0.00627441 0.000531571
0.0062763 0.000537109

0.00627647 0.000537109
0.00629095 0.000585938

0.00629098 0.000585937
0.00629883 0.000618744

0.00629883 0.000618816
0.0063024 0.000634766

0.0063024 0.000634766
0.00630724 0.00065918

0.00630724 0.00065918
0.00631144 0.000683594

0.00631144 0.000683594
0.00631501 0.000708008

0.00631501 0.000708008
0.00631796 0.000732422

0.00631796 0.000732422
0.0063203 0.000756836

0.0063203 0.000756836
0.00632205 0.00078125

0.00632204 0.00078125
0.00632319 0.000805664

0.00632318 0.000805664
0.00632324 0.00080818

0.00632324 0.000807905
0.00632375 0.000830078

0.00632324 0.000874206
0.00632313 0.000878906

0.00632374 0.000830078
0.00632372 0.000854492

0.00632324 0.00087393
0.00632372 0.000854492

0.00632326 0.000878906
0.00632037 0.000927734

0.00632041 0.000927734
0.00631519 0.000976562

0.00629883 0.00106953
0.00629789 0.00107422

0.00631514 0.000976563
0.00630762 0.00102539

0.00629883 0.00106947
0.00630763 0.00102539

0.00629848 0.00107422
0.0062721 0.00117188

0.00625 0.00123247
0.00627243 0.00117187

