7.19746e-05 0
7.32422e-05 3.74705e-06

7.34749e-05 0
9.57324e-05 2.44141e-05

9.76563e-05 1.45985e-05
0.00012207 1.59128e-05

0.00012207 1.44645e-05
0.000146484 1.37097e-05

0.000146484 1.45207e-05
0.000170898 1.47934e-05

0.000170898 1.40905e-05
0.000195313 1.45134e-05

0.000195313 1.506e-05
0.000219727 1.49269e-05

0.000219727 1.45381e-05
0.000244141 1.38533e-05

0.000244141 1.43225e-05
0.000268555 1.45828e-05

0.000268555 1.44745e-05
0.000292969 1.43256e-05

0.000292969 1.44725e-05
0.000317383 1.41987e-05

0.000317383 1.43317e-05
0.000341797 1.40404e-05

0.000341797 1.4252e-05
0.000366211 1.39672e-05

0.000366211 1.40926e-05
0.000390625 1.3841e-05

0.000390625 1.403e-05
0.000415039 1.38048e-05

0.000415039 1.39564e-05
0.000439453 1.36352e-05

0.000439453 1.37875e-05
0.000463867 1.35633e-05

0.000463867 1.37174e-05
0.000488281 1.35388e-05

0.000488281 1.36372e-05
0.000512695 1.34478e-05

0.000512695 1.35761e-05
0.000537109 1.33998e-05

0.000537109 1.34565e-05
0.000561523 1.33689e-05

0.000561523 1.34923e-05
0.000585937 1.33552e-05

0.000585938 1.34988e-05
0.000610352 1.3126e-05

0.000610352 1.32073e-05
0.000634766 1.30986e-05

0.000634766 1.31673e-05
0.00065918 1.33007e-05

0.00065918 1.32726e-05
0.000683594 1.32259e-05

0.000683594 1.32775e-05
0.000708008 1.3123e-05

0.000708008 1.32103e-05
0.000732422 1.30654e-05

0.000732422 1.294e-05
0.000756836 1.32526e-05

0.000756836 1.31925e-05
0.00078125 1.35331e-05

0.00078125 1.33763e-05
0.000805664 1.33108e-05

0.000805664 1.32596e-05
0.000830078 1.33707e-05

0.000830078 1.33589e-05
0.000854492 1.34902e-05

0.000854492 1.33226e-05
0.000878906 1.34998e-05

0.000878906 1.34565e-05
0.00090332 1.36528e-05

0.00090332 1.34947e-05
0.000927734 1.36176e-05

0.000927734 1.35357e-05
0.000952148 1.3756e-05

0.000952148 1.36194e-05
0.000976562 1.38212e-05

0.000976562 1.36763e-05
0.00100098 1.39178e-05

0.00100098 1.37419e-05
0.00102539 1.40629e-05

0.00102539 1.3833e-05
0.0010498 1.42488e-05

0.0010498 1.42283e-05
0.00107422 1.42148e-05

0.00107422 1.39163e-05
0.00109863 1.41445e-05

0.00109863 1.39758e-05
0.00112305 1.48206e-05

0.00112305 1.44768e-05
0.00114746 1.49109e-05

0.00114746 1.48511e-05
0.00117187 1.46391e-05

0.00117188 1.44773e-05
0.00119629 1.45705e-05

0.00119629 1.42795e-05
0.0012207 1.53598e-05

0.0012207 1.51792e-05
0.00124512 1.56257e-05

0.00124512 1.56156e-05
0.00126953 1.47653e-05

0.00126953 1.45418e-05
0.00129395 1.48588e-05

0.00129395 1.53532e-05
0.00131836 1.55474e-05

0.00131836 1.48813e-05
0.00134277 1.484e-05

0.00134277 1.61821e-05
0.00136719 1.46501e-05

0.0013916 6.38315e-07
0.00136943 2.44141e-05

0.0013916 4.19527e-06
0.00139303 0

0.00146288 0
0.00146484 5.76355e-06

0.00146484 4.59621e-06
0.00148427 2.44141e-05

0.00148467 2.44141e-05
0.00148926 2.60228e-05

0.00148926 1.71212e-05
0.00151367 1.75857e-05

0.0015103 2.44141e-05
0.00151367 2.44371e-05

0.00151367 1.71539e-05
0.00153809 1.68708e-05

0.00151367 2.44344e-05
0.00152032 2.44141e-05

0.0015625 5.64521e-06
0.0015433 2.44141e-05

0.00153809 2.61112e-05
0.00154306 2.44141e-05

0 0.00312292
0.000390625 0.00311188

0.000390625 0.00311217
0.00078125 0.00307847

0.00078125 0.00307911
0.00117187 0.00302091

0.00117188 0.00302197
0.0015625 0.0029359

0.0015625 7.12499e-06
0.00156501 0

0.00165637 0
0.00166016 9.23462e-06

0.00166016 1.04188e-05
0.00167563 2.44141e-05

0.00167474 2.44141e-05
0.00168457 2.78923e-05

0.00168457 1.7861e-05
0.00170898 1.80669e-05

0.00169367 2.44141e-05
0.00170898 2.44789e-05

0.0017334 1.10286e-05
0.00171797 2.44141e-05

0.00170898 2.78496e-05
0.00171896 2.44141e-05

0.0017334 1.16239e-05
0.00173832 0

0.00180041 0
0.00180664 1.40541e-05

0.00180664 9.28765e-06
0.00183105 1.24967e-05

0.00183105 6.00219e-06
0.00185509 0

0.00185554 0
0.00187988 1.75793e-05

0.00187988 9.33056e-06
0.0019043 1.14392e-05

0.0019043 9.34577e-06
0.00192871 1.04528e-05

0.00192871 9.85857e-06
0.00195312 1.21564e-05

0.00195312 9.50563e-06
0.00197754 1.30016e-05

0.00197754 1.36097e-05
0.00200195 1.28685e-05

0.00200195 1.53759e-05
0.00202637 6.14989e-06

0.00202637 6.63518e-06
0.00205078 9.10225e-06

0.00205078 9.50705e-06
0.0020752 1.46166e-05

0.0020752 9.84409e-06
0.00209961 1.1872e-05

0.00209961 1.34129e-05
0.00212402 1.33214e-05

0.00212402 1.30445e-05
0.00214844 8.5506e-06

0.00214844 8.14485e-06
0.00217285 1.30016e-05

0.00217285 1.38322e-05
0.00219727 1.3834e-05

0.00219727 1.31978e-05
0.00222168 7.95112e-06

0.00222168 7.83926e-06
0.00224609 1.33007e-05

0.00224609 1.39728e-05
0.00227051 1.3991e-05

0.00227051 1.38565e-05
0.00229492 7.30776e-06

0.00229492 8.04574e-06
0.00231934 1.18538e-05

0.00231934 1.05791e-05
0.00234375 1.50894e-05

0.00234375 1.51255e-05
0.00236816 1.07547e-05

0.00236816 1.25135e-05
0.00239258 7.34912e-06

0.00239258 7.35656e-06
0.00241699 1.24978e-05

0.00241699 1.06759e-05
0.00244141 1.51835e-05

0.00244141 1.518e-05
0.00246582 1.06701e-05

0.00246582 1.24808e-05
0.00249023 7.37996e-06

0.00249023 7.38087e-06
0.00251465 1.25169e-05

0.00251465 1.06988e-05
0.00253906 1.51585e-05

0.00253906 1.51518e-05
0.00256348 1.06792e-05

0.00256348 1.24429e-05
0.00258789 7.46483e-06

0.00258789 7.45755e-06
0.0026123 1.25517e-05

0.0026123 1.08308e-05
0.00263672 1.50446e-05

0.00263672 1.49857e-05
0.00266113 1.06256e-05

0.00266113 1.189e-05
0.00268555 8.19983e-06

0.00268555 7.41155e-06
0.00270996 1.38154e-05

0.00270996 1.39079e-05
0.00273438 1.40992e-05

0.00273437 1.38523e-05
0.00275879 7.63259e-06

0.00275879 8.40906e-06
0.0027832 1.18503e-05

0.0027832 1.07839e-05
0.00280762 1.48171e-05

0.00280762 1.48187e-05
0.00283203 1.07857e-05

0.00283203 1.18786e-05
0.00285645 8.37751e-06

0.00285645 7.72845e-06
0.00288086 1.36916e-05

0.00288086 1.38189e-05
0.00290527 1.38249e-05

0.00290527 1.29061e-05
0.00292969 8.52199e-06

0.00292969 9.11042e-06
0.0029541 1.29905e-05

0.0029541 1.31343e-05
0.00297852 1.31639e-05

0.00297852 1.14527e-05
0.00300293 1.06874e-05

0.00300293 1.07987e-05
0.00302734 1.44975e-05

0.00302734 1.28789e-05
0.00305176 1.43072e-05

0.00305176 1.32462e-05
0.00307617 1.41376e-05

0.00307617 1.36978e-05
0.00310059 1.48329e-05

0.00310059 1.41284e-05
0.003125 1.50158e-05

0.00175781 0.00287981
0.00157846 0.00292969

0.0015625 0.00293409
0.00157835 0.00292969

0.00175781 0.00288031
0.00195312 0.00281727

0.00234375 0.00265925
0.00217209 0.00273438

0.00195312 0.00281761
0.00214844 0.00274415

0.00214844 0.00274368
0.00216969 0.00273438

0.00292969 0.00231049
0.0028837 0.00234375

0.003125 0.00214818
0.00312472 0.00214844

0.00302734 0.00223339
0.00301146 0.00224609

0.00297852 0.00227126
0.00294819 0.00229492

0.00292969 0.00230955
0.00294873 0.00229492

0.00300293 0.00225201
0.00297962 0.00227051

0.00297852 0.00227214
0.00298054 0.00227051

0.00300293 0.00224779
0.0030051 0.00224609

0.00307617 0.00218945
0.0030672 0.00219727

0.00302734 0.00223249
0.00306885 0.00219727

0.00307617 0.00219075
0.00312362 0.00214844

0.00244141 0.0026114
0.00238952 0.00263672

0.00234375 0.00265754
0.00238642 0.00263672

0.00244141 0.00261093
0.00253906 0.00255973

0.00273438 0.00244653
0.00257801 0.00253906

0.00253906 0.0025591
0.0025735 0.00253906

0.00283203 0.00237991
0.00273991 0.00244141

0.00273438 0.0024444
0.00273904 0.00244141

0.00283203 0.00237952
0.00288184 0.00234375

0.003125 1.45224e-05
0.00314941 1.5423e-05

0.00314941 1.48692e-05
0.00317383 1.57463e-05

0.00317383 1.52675e-05
0.00319824 1.61459e-05

0.00319824 1.56353e-05
0.00322266 1.64861e-05

0.00322266 1.58726e-05
0.00324707 1.70341e-05

0.00324707 1.6551e-05
0.00327148 1.76661e-05

0.00327148 1.68604e-05
0.0032959 1.81217e-05

0.0032959 1.77383e-05
0.00332031 1.8904e-05

0.00332031 1.8218e-05
0.00334473 1.90811e-05

0.00334473 1.91539e-05
0.00336914 1.92146e-05

0.00336914 1.28934e-05
0.00339334 2.44141e-05

0.00339243 2.44141e-05
0.00339355 2.48418e-05

0.00339355 2.65406e-05
0.00341797 4.78675e-05

0.00341778 4.88281e-05
0.00341797 4.90103e-05

0.00341797 4.78608e-05
0.00341895 4.88281e-05

0.00341797 4.88932e-05
0.00344174 7.32422e-05

0.00344179 7.32422e-05
0.00344238 7.38691e-05

0.00344238 7.40627e-05
0.0034641 9.76563e-05

0.00346471 9.76563e-05
0.0034668 0.000100018

0.0034668 0.000100802
0.00348532 0.00012207

0.00348514 0.00012207
0.00349121 0.000129357

0.00349121 0.00012906
0.00350549 0.000146484

0.00350577 0.000146484
0.00351563 0.000159308

0.00351563 0.000159932
0.00352388 0.000170898

0.00352406 0.000170898
0.00354004 0.000192662

0.00354004 0.000192352
0.00354218 0.000195313

0.00354261 0.000195313
0.00356445 0.000228138

0.00356445 0.000230095
0.00357362 0.000244141

0.00357457 0.000244141
0.00360336 0.000292969

0.00360409 0.000292969
0.00361328 0.0003115

0.00361328 0.000312857
0.00362837 0.000341797

0.00362858 0.000341797
0.00365117 0.000390625

0.00365183 0.000390625
0.00368923 0.000488281

0.00368903 0.000488281
0.00371094 0.00056578

0.00371094 0.00056747
0.00371616 0.000585938

0.00371633 0.000585937
0.00373514 0.000683594

0.00373477 0.000683594
0.00374592 0.00078125

0.0037479 0.00078125
0.00374844 0.000976562

0.00374813 0.000976562
0.00372008 0.00117188

0.00371094 0.00120497
0.00366433 0.00136719

0.00366444 0.00136719
0.00357929 0.0015625

0.00371094 0.00119957
0.00371785 0.00117187

0.00332031 0.00194545
0.00331393 0.00195312

0.00351563 0.00167376
0.00346278 0.00175781

0.00341797 0.00182061
0.00339311 0.00185547

0.00332031 0.00194552
0.0033931 0.00185547

0.00346196 0.00175781
0.00342798 0.00180664

0.00341797 0.0018189
0.00342658 0.00180664

0.003125 0.0021482
0.00322266 0.00205317

0.00331437 0.00195313
0.00322503 0.00205078

0.00322266 0.00205336
0.00322516 0.00205078

0.00357722 0.0015625
0.00352353 0.00166016

0.00351563 0.00166992
0.00352154 0.00166016

