7.1476e-05 0
7.32422e-05 5.16013e-06

7.32422e-05 8.94492e-07
9.59413e-05 2.44141e-05

9.6565e-05 2.44141e-05
9.76563e-05 2.47909e-05

9.76563e-05 1.42266e-05
0.00012207 1.49665e-05

0.000118719 2.44141e-05
0.00012207 2.4453e-05

0.00012207 1.3802e-05
0.000146484 1.43102e-05

0.000146484 1.487e-05
0.000170898 1.51256e-05

0.000170898 1.45289e-05
0.000195313 1.39902e-05

0.000195313 1.44791e-05
0.000219727 1.4662e-05

0.000219727 1.41991e-05
0.000244141 1.46086e-05

0.000244141 1.49752e-05
0.000268555 1.48174e-05

0.000268555 1.48091e-05
0.000292969 1.37467e-05

0.000292969 1.39614e-05
0.000317383 1.41626e-05

0.000317383 1.45121e-05
0.000341797 1.4356e-05

0.000341797 1.43108e-05
0.000366211 1.35708e-05

0.000366211 1.39768e-05
0.000390625 1.3756e-05

0.000390625 1.36923e-05
0.000415039 1.3855e-05

0.000415039 1.40697e-05
0.000439453 1.39093e-05

0.000439453 1.3971e-05
0.000463867 1.33335e-05

0.000463867 1.35825e-05
0.000488281 1.34424e-05

0.000488281 1.34857e-05
0.000512695 1.36114e-05

0.000512695 1.36797e-05
0.000537109 1.35312e-05

0.000537109 1.36818e-05
0.000561523 1.31956e-05

0.000561523 1.33375e-05
0.000585937 1.31599e-05

0.000585938 1.32458e-05
0.000610352 1.33734e-05

0.000610352 1.33224e-05
0.000634766 1.33605e-05

0.000634766 1.3529e-05
0.00065918 1.31456e-05

0.00065918 1.32236e-05
0.000683594 1.29036e-05

0.000683594 1.29662e-05
0.000708008 1.32488e-05

0.000708008 1.31163e-05
0.000732422 1.34164e-05

0.000732422 1.33888e-05
0.000756836 1.32603e-05

0.000756836 1.32228e-05
0.00078125 1.31236e-05

0.00078125 1.30533e-05
0.000805664 1.34522e-05

0.000805664 1.33651e-05
0.000830078 1.35601e-05

0.000830078 1.34166e-05
0.000854492 1.33744e-05

0.000854492 1.33423e-05
0.000878906 1.3521e-05

0.000878906 1.34175e-05
0.00090332 1.36359e-05

0.00090332 1.34855e-05
0.000927734 1.37003e-05

0.000927734 1.35867e-05
0.000952148 1.37858e-05

0.000952148 1.36329e-05
0.000976562 1.38503e-05

0.000976562 1.37472e-05
0.00100098 1.39519e-05

0.00100098 1.37748e-05
0.00102539 1.40177e-05

0.00102539 1.38796e-05
0.0010498 1.41888e-05

0.0010498 1.40418e-05
0.00107422 1.42245e-05

0.00107422 1.39396e-05
0.00109863 1.44106e-05

0.00109863 1.44244e-05
0.00112305 1.45748e-05

0.00112305 1.42067e-05
0.00114746 1.43794e-05

0.00114746 1.40876e-05
0.00117187 1.51839e-05

0.00117188 1.48828e-05
0.00119629 1.54618e-05

0.00119629 1.52385e-05
0.0012207 1.4983e-05

0.0012207 1.51321e-05
0.00124512 1.47914e-05

0.00124512 1.45838e-05
0.00126953 1.50807e-05

0.00126953 1.49011e-05
0.00129395 1.58365e-05

0.00129395 1.62559e-05
0.00131836 1.49715e-05

0.00131836 1.46163e-05
0.00134277 1.39855e-05

0.00134277 1.53491e-05
0.00136719 1.48555e-05

0.00134277 2.44381e-05
0.00134579 2.44141e-05

0.0013916 1.31445e-06
0.00136939 2.44141e-05

0.00136719 2.47071e-05
0.00136803 2.44141e-05

0.0013916 4.95434e-06
0.00139329 0

0.00146306 0
0.00146484 5.26999e-06

0.00146484 4.5009e-06
0.00148417 2.44141e-05

0.00148402 2.44141e-05
0.00148926 2.62671e-05

0.00148926 1.72454e-05
0.00151367 1.76938e-05

0.00150444 2.44141e-05
0.00151367 2.44686e-05

0.00151367 1.7243e-05
0.00153809 1.6786e-05

0.00151367 2.44514e-05
0.00151908 2.44141e-05

0.0015625 5.58748e-06
0.00154327 2.44141e-05

0.00153809 2.5965e-05
0.00154263 2.44141e-05

0 0.00312295
0.000390625 0.00311191

0.000390625 0.0031122
0.00078125 0.0030785

0.00078125 0.00307913
0.00117187 0.00302093

0.00117188 0.00302198
0.0015625 0.00293591

0.0015625 6.98156e-06
0.00156496 0

0.00165635 0
0.00166016 9.29065e-06

0.00166016 1.04407e-05
0.00167561 2.44141e-05

0.00167471 2.44141e-05
0.00168457 2.7904e-05

0.00168457 1.78759e-05
0.00170898 1.80798e-05

0.00169359 2.44141e-05
0.00170898 2.44785e-05

0.0017334 1.10442e-05
0.00171799 2.44141e-05

0.00170898 2.78603e-05
0.00171899 2.44141e-05

0.0017334 1.1638e-05
0.00173832 0

0.00180044 0
0.00180664 1.40185e-05

0.00180664 9.27374e-06
0.00183105 1.25274e-05

0.00183105 5.99834e-06
0.00185514 0

0.00185551 0
0.00187988 1.75805e-05

0.00187988 9.34544e-06
0.0019043 1.14289e-05

0.0019043 9.34697e-06
0.00192871 1.04488e-05

0.00192871 9.8572e-06
0.00195312 1.21564e-05

0.00195312 9.50294e-06
0.00197754 1.30029e-05

0.00197754 1.36142e-05
0.00200195 1.28677e-05

0.00200195 1.53662e-05
0.00202637 6.15117e-06

0.00202637 6.63633e-06
0.00205078 9.11718e-06

0.00205078 9.51326e-06
0.0020752 1.46175e-05

0.0020752 9.85428e-06
0.00209961 1.18748e-05

0.00209961 1.34145e-05
0.00212402 1.33183e-05

0.00212402 1.30438e-05
0.00214844 8.55799e-06

0.00214844 8.15507e-06
0.00217285 1.29988e-05

0.00217285 1.38239e-05
0.00219727 1.38335e-05

0.00219727 1.32006e-05
0.00222168 7.96614e-06

0.00222168 7.85081e-06
0.00224609 1.32934e-05

0.00224609 1.39738e-05
0.00227051 1.39858e-05

0.00227051 1.3855e-05
0.00229492 7.30524e-06

0.00229492 8.04124e-06
0.00231934 1.18544e-05

0.00231934 1.05782e-05
0.00234375 1.50917e-05

0.00234375 1.51283e-05
0.00236816 1.07519e-05

0.00236816 1.25094e-05
0.00239258 7.34746e-06

0.00239258 7.35547e-06
0.00241699 1.25023e-05

0.00241699 1.06787e-05
0.00244141 1.51817e-05

0.00244141 1.51778e-05
0.00246582 1.06699e-05

0.00246582 1.24782e-05
0.00249023 7.38611e-06

0.00249023 7.38726e-06
0.00251465 1.25174e-05

0.00251465 1.07002e-05
0.00253906 1.51549e-05

0.00253906 1.51503e-05
0.00256348 1.06812e-05

0.00256348 1.24497e-05
0.00258789 7.46048e-06

0.00258789 7.45226e-06
0.0026123 1.25449e-05

0.0026123 1.08268e-05
0.00263672 1.50477e-05

0.00263672 1.49886e-05
0.00266113 1.0619e-05

0.00266113 1.18792e-05
0.00268555 8.19837e-06

0.00268555 7.41044e-06
0.00270996 1.38249e-05

0.00270996 1.39136e-05
0.00273438 1.4095e-05

0.00273437 1.38517e-05
0.00275879 7.62828e-06

0.00275879 8.40344e-06
0.0027832 1.18537e-05

0.0027832 1.0787e-05
0.00280762 1.48196e-05

0.00280762 1.48191e-05
0.00283203 1.07826e-05

0.00283203 1.18765e-05
0.00285645 8.38053e-06

0.00285645 7.73087e-06
0.00288086 1.36924e-05

0.00288086 1.38138e-05
0.00290527 1.38296e-05

0.00290527 1.29217e-05
0.00292969 8.52277e-06

0.00292969 9.09657e-06
0.0029541 1.29844e-05

0.0029541 1.31525e-05
0.00297852 1.31719e-05

0.00297852 1.14559e-05
0.00300293 1.06506e-05

0.00300293 1.07645e-05
0.00302734 1.45065e-05

0.00302734 1.28945e-05
0.00305176 1.43138e-05

0.00305176 1.327e-05
0.00307617 1.4075e-05

0.00307617 1.3686e-05
0.00310059 1.47349e-05

0.00310059 1.40321e-05
0.003125 1.49334e-05

0.00175781 0.00287983
0.00157851 0.00292969

0.0015625 0.00293411
0.00157841 0.00292969

0.00175781 0.00288033
0.00195312 0.00281728

0.00234375 0.00265926
0.00217211 0.00273438

0.00195312 0.00281762
0.00214844 0.00274416

0.00214844 0.00274369
0.00216973 0.00273438

0.00292969 0.0023105
0.00288371 0.00234375

0.003125 0.00214817
0.00312471 0.00214844

0.00302734 0.00223339
0.00301146 0.00224609

0.00297852 0.00227125
0.00294819 0.00229492

0.00292969 0.00230956
0.00294873 0.00229492

0.00300293 0.00225199
0.0029796 0.00227051

0.00297852 0.00227213
0.00298052 0.00227051

0.00300293 0.0022477
0.00300499 0.00224609

0.00307617 0.00218942
0.00306716 0.00219727

0.00302734 0.0022325
0.00306885 0.00219727

0.00307617 0.00219075
0.00312362 0.00214844

0.00244141 0.00261141
0.00238954 0.00263672

0.00234375 0.00265755
0.00238644 0.00263672

0.00244141 0.00261094
0.00253906 0.00255974

0.00273438 0.00244653
0.00257803 0.00253906

0.00253906 0.00255911
0.00257351 0.00253906

0.00283203 0.00237992
0.00273992 0.00244141

0.00273438 0.00244441
0.00273906 0.00244141

0.00283203 0.00237952
0.00288183 0.00234375

0.003125 1.43985e-05
0.00314941 1.54523e-05

0.00314941 1.48304e-05
0.00317383 1.58523e-05

0.00317383 1.53057e-05
0.00319824 1.62582e-05

0.00319824 1.5682e-05
0.00322266 1.66409e-05

0.00322266 1.60307e-05
0.00324707 1.72281e-05

0.00324707 1.6653e-05
0.00327148 1.78498e-05

0.00327148 1.71293e-05
0.0032959 1.83808e-05

0.0032959 1.79463e-05
0.00332031 1.89907e-05

0.00332031 1.81825e-05
0.00334473 1.94166e-05

0.00334473 1.9623e-05
0.00336914 1.97823e-05

0.00336914 1.30074e-05
0.00339263 2.44141e-05

0.00339079 2.44141e-05
0.00339355 2.55393e-05

0.00339355 2.79082e-05
0.00341719 4.88281e-05

0.00341729 4.88281e-05
0.00341797 4.94875e-05

0.00341797 5.00489e-05
0.00344118 7.32422e-05

0.00344127 7.32422e-05
0.00344238 7.43922e-05

0.00344238 7.45923e-05
0.00346392 9.76563e-05

0.00346443 9.76563e-05
0.0034668 0.000100297

0.0034668 0.000100756
0.00350576 0.000146484

0.00350576 0.000146484
0.00351563 0.000159397

0.00351563 0.000159919
0.00354223 0.000195313

0.00354262 0.000195313
0.00356445 0.000228094

0.00356445 0.000230036
0.00357366 0.000244141

0.00357461 0.000244141
0.00360342 0.000292969

0.00360417 0.000292969
0.00361328 0.000311346

0.00361328 0.00031273
0.00362844 0.000341797

0.00362866 0.000341797
0.00365125 0.000390625

0.00365192 0.000390625
0.00368932 0.000488281

0.00368912 0.000488281
0.00371094 0.000565478

0.00371094 0.000567163
0.00371624 0.000585938

0.00371642 0.000585937
0.00373521 0.000683594

0.00373485 0.000683594
0.00374599 0.00078125

0.00374797 0.00078125
0.00374848 0.000976562

0.00374818 0.000976562
0.00372012 0.00117188

0.00371094 0.00120511
0.00366436 0.00136719

0.00366446 0.00136719
0.0035793 0.0015625

0.00371094 0.0011997
0.00371788 0.00117187

0.00332031 0.00194538
0.00331387 0.00195312

0.00351563 0.00167377
0.00346278 0.00175781

0.00341797 0.00182063
0.00339313 0.00185547

0.00332031 0.00194553
0.00339311 0.00185547

0.00346196 0.00175781
0.00342799 0.00180664

0.00341797 0.00181884
0.00342654 0.00180664

0.003125 0.00214819
0.00322266 0.00205317

0.00331437 0.00195313
0.00322503 0.00205078

0.00322266 0.00205339
0.00322519 0.00205078

0.00357724 0.0015625
0.00352353 0.00166016

0.00351563 0.00166993
0.00352155 0.00166016

