7.15929e-05 0
7.32422e-05 4.82773e-06

7.32628e-05 0
9.59276e-05 2.44141e-05

9.73604e-05 2.44141e-05
9.76563e-05 2.45203e-05

9.76563e-05 1.43772e-05
0.00012207 1.55806e-05

0.00012207 1.41909e-05
0.000146484 1.38053e-05

0.000146484 1.42199e-05
0.000170898 1.51309e-05

0.000170898 1.48682e-05
0.000195313 1.45726e-05

0.000195313 1.46529e-05
0.000219727 1.42252e-05

0.000219727 1.41753e-05
0.000244141 1.45883e-05

0.000244141 1.46197e-05
0.000268555 1.49123e-05

0.000268555 1.50902e-05
0.000292969 1.41409e-05

0.000292969 1.44281e-05
0.000317383 1.36e-05

0.000317383 1.38199e-05
0.000341797 1.41309e-05

0.000341797 1.41504e-05
0.000366211 1.43551e-05

0.000366211 1.44999e-05
0.000390625 1.37673e-05

0.000390625 1.40126e-05
0.000415039 1.33685e-05

0.000415039 1.34943e-05
0.000439453 1.38027e-05

0.000439453 1.39884e-05
0.000463867 1.38552e-05

0.000463867 1.38618e-05
0.000488281 1.32349e-05

0.000488281 1.34547e-05
0.000512695 1.34563e-05

0.000512695 1.34824e-05
0.000537109 1.36166e-05

0.000537109 1.37513e-05
0.000561523 1.3358e-05

0.000561523 1.34668e-05
0.000585937 1.30532e-05

0.000585938 1.31923e-05
0.000610352 1.33146e-05

0.000610352 1.32891e-05
0.000634766 1.34082e-05

0.000634766 1.34892e-05
0.00065918 1.3191e-05

0.00065918 1.33037e-05
0.000683594 1.29606e-05

0.000683594 1.30185e-05
0.000708008 1.31681e-05

0.000708008 1.30901e-05
0.000732422 1.33889e-05

0.000732422 1.33536e-05
0.000756836 1.32644e-05

0.000756836 1.32518e-05
0.00078125 1.3098e-05

0.00078125 1.30062e-05
0.000805664 1.33898e-05

0.000805664 1.32367e-05
0.000830078 1.36684e-05

0.000830078 1.35702e-05
0.000854492 1.34577e-05

0.000854492 1.34437e-05
0.000878906 1.3296e-05

0.000878906 1.31714e-05
0.00090332 1.36402e-05

0.00090332 1.3492e-05
0.000927734 1.39376e-05

0.000927734 1.37198e-05
0.000952148 1.37559e-05

0.000952148 1.38193e-05
0.000976562 1.36646e-05

0.000976562 1.34806e-05
0.00100098 1.37634e-05

0.00100098 1.35818e-05
0.00102539 1.43263e-05

0.00102539 1.40725e-05
0.0010498 1.43043e-05

0.0010498 1.42378e-05
0.00107422 1.40278e-05

0.00107422 1.38553e-05
0.00109863 1.41976e-05

0.00109863 1.38759e-05
0.00112305 1.49185e-05

0.00112305 1.48768e-05
0.00114746 1.4818e-05

0.00114746 1.4401e-05
0.00117187 1.42997e-05

0.00117188 1.40659e-05
0.00119629 1.54675e-05

0.00119629 1.53436e-05
0.0012207 1.56293e-05

0.0012207 1.52103e-05
0.00124512 1.47971e-05

0.00124512 1.5243e-05
0.00126953 1.50457e-05

0.00126953 1.45023e-05
0.00129395 1.5181e-05

0.00129395 1.59248e-05
0.00131836 1.54857e-05

0.00131836 1.48508e-05
0.00134277 1.41045e-05

0.00134277 1.55233e-05
0.00136719 1.46671e-05

0.00134277 2.44633e-05
0.00134632 2.44141e-05

0.0013916 1.13263e-06
0.00136932 2.44141e-05

0.00136719 2.47997e-05
0.00136829 2.44141e-05

0.0013916 5.01541e-06
0.00139331 0

0.00146301 0
0.00146484 5.4321e-06

0.00146484 4.32011e-06
0.00148425 2.44141e-05

0.00148486 2.44141e-05
0.00148926 2.59789e-05

0.00148926 1.72964e-05
0.00151367 1.7895e-05

0.00151367 1.73411e-05
0.00153809 1.67322e-05

0.0015625 5.57065e-06
0.00154324 2.44141e-05

0.00153809 2.59087e-05
0.00154246 2.44141e-05

0 0.00312295
0.000390625 0.00311191

0.000390625 0.0031122
0.00078125 0.0030785

0.00078125 0.00307913
0.00117187 0.00302093

0.00117188 0.00302198
0.0015625 0.00293591

0.0015625 7.1669e-06
0.00156503 0

0.00165636 0
0.00166016 9.25986e-06

0.00166016 1.04231e-05
0.0016756 2.44141e-05

0.00167471 2.44141e-05
0.00168457 2.79081e-05

0.00168457 1.78944e-05
0.00170898 1.81047e-05

0.00169383 2.44141e-05
0.00170898 2.44797e-05

0.0017334 1.1041e-05
0.001718 2.44141e-05

0.00170898 2.78674e-05
0.001719 2.44141e-05

0.0017334 1.16545e-05
0.00173833 0

0.00180044 0
0.00180664 1.40227e-05

0.00180664 9.25499e-06
0.00183105 1.25264e-05

0.00183105 5.99912e-06
0.0018552 0

0.00185551 0
0.00187988 1.75721e-05

0.00187988 9.34829e-06
0.0019043 1.14379e-05

0.0019043 9.34954e-06
0.00192871 1.04436e-05

0.00192871 9.85692e-06
0.00195312 1.216e-05

0.00195312 9.50508e-06
0.00197754 1.30028e-05

0.00197754 1.36156e-05
0.00200195 1.28673e-05

0.00200195 1.53611e-05
0.00202637 6.15592e-06

0.00202637 6.63046e-06
0.00205078 9.13408e-06

0.00205078 9.56531e-06
0.0020752 1.45907e-05

0.0020752 9.81674e-06
0.00209961 1.18296e-05

0.00209961 1.33648e-05
0.00212402 1.33798e-05

0.00212402 1.30978e-05
0.00214844 8.56844e-06

0.00214844 8.16256e-06
0.00217285 1.29432e-05

0.00217285 1.37886e-05
0.00219727 1.38511e-05

0.00219727 1.31551e-05
0.00222168 8.03397e-06

0.00222168 7.92473e-06
0.00224609 1.3333e-05

0.00224609 1.40582e-05
0.00227051 1.38993e-05

0.00227051 1.38019e-05
0.00229492 7.2428e-06

0.00229492 7.99029e-06
0.00231934 1.19119e-05

0.00231934 1.0584e-05
0.00234375 1.50937e-05

0.00234375 1.51323e-05
0.00236816 1.07511e-05

0.00236816 1.25112e-05
0.00239258 7.34602e-06

0.00239258 7.35532e-06
0.00241699 1.25016e-05

0.00241699 1.06786e-05
0.00244141 1.51814e-05

0.00244141 1.51771e-05
0.00246582 1.06692e-05

0.00246582 1.24781e-05
0.00249023 7.3861e-06

0.00249023 7.38697e-06
0.00251465 1.25166e-05

0.00251465 1.06995e-05
0.00253906 1.51547e-05

0.00253906 1.51497e-05
0.00256348 1.06812e-05

0.00256348 1.24505e-05
0.00258789 7.45979e-06

0.00258789 7.45251e-06
0.0026123 1.25425e-05

0.0026123 1.08254e-05
0.00263672 1.50455e-05

0.00263672 1.49865e-05
0.00266113 1.06171e-05

0.00266113 1.18774e-05
0.00268555 8.19772e-06

0.00268555 7.40807e-06
0.00270996 1.38253e-05

0.00270996 1.3912e-05
0.00273438 1.40969e-05

0.00273437 1.38518e-05
0.00275879 7.63089e-06

0.00275879 8.40332e-06
0.0027832 1.18565e-05

0.0027832 1.07869e-05
0.00280762 1.48267e-05

0.00280762 1.48229e-05
0.00283203 1.07928e-05

0.00283203 1.19288e-05
0.00285645 8.34106e-06

0.00285645 7.6837e-06
0.00288086 1.36466e-05

0.00288086 1.37371e-05
0.00290527 1.39067e-05

0.00290527 1.3004e-05
0.00292969 8.55357e-06

0.00292969 9.10681e-06
0.0029541 1.29003e-05

0.0029541 1.30989e-05
0.00297852 1.32179e-05

0.00297852 1.14851e-05
0.00300293 1.06792e-05

0.00300293 1.07918e-05
0.00302734 1.44697e-05

0.00302734 1.29137e-05
0.00305176 1.42656e-05

0.00305176 1.32196e-05
0.00307617 1.40142e-05

0.00307617 1.35929e-05
0.00310059 1.47799e-05

0.00310059 1.40129e-05
0.003125 1.50528e-05

0.00175781 0.00287983
0.00157851 0.00292969

0.0015625 0.00293411
0.00157841 0.00292969

0.00175781 0.00288033
0.00195312 0.00281728

0.00234375 0.00265926
0.00217211 0.00273438

0.00195312 0.00281762
0.00214844 0.00274416

0.00214844 0.00274369
0.00216973 0.00273438

0.00292969 0.0023105
0.00288371 0.00234375

0.003125 0.00214816
0.0031247 0.00214844

0.00302734 0.00223337
0.00301144 0.00224609

0.00297852 0.00227124
0.00294817 0.00229492

0.00292969 0.00230955
0.00294872 0.00229492

0.00300293 0.00225204
0.00297965 0.00227051

0.00297852 0.00227213
0.00298053 0.00227051

0.00300293 0.00224774
0.00300504 0.00224609

0.00307617 0.00218941
0.00306715 0.00219727

0.00302734 0.00223249
0.00306884 0.00219727

0.00307617 0.00219074
0.00312362 0.00214844

0.00244141 0.00261141
0.00238954 0.00263672

0.00234375 0.00265755
0.00238644 0.00263672

0.00244141 0.00261094
0.00253906 0.00255974

0.00273438 0.00244653
0.00257803 0.00253906

0.00253906 0.0025591
0.00257351 0.00253906

0.00283203 0.00237991
0.00273992 0.00244141

0.00273438 0.00244441
0.00273905 0.00244141

0.00283203 0.00237951
0.00288182 0.00234375

0.003125 1.45057e-05
0.00314941 1.55216e-05

0.00314941 1.4933e-05
0.00317383 1.57951e-05

0.00317383 1.52453e-05
0.00319824 1.62292e-05

0.00319824 1.561e-05
0.00322266 1.68121e-05

0.00322266 1.61468e-05
0.00324707 1.74602e-05

0.00324707 1.74651e-05
0.00327148 1.73684e-05

0.00327148 1.6509e-05
0.0032959 1.69176e-05

0.0032959 1.578e-05
0.00332031 1.98194e-05

0.00332031 2.00997e-05
0.00334473 2.13849e-05

0.00334473 2.00876e-05
0.00336914 1.80823e-05

0.00336914 1.27139e-05
0.00339287 2.44141e-05

0.00339215 2.44141e-05
0.00339355 2.49721e-05

0.00339355 2.70942e-05
0.00341797 4.85764e-05

0.00341778 4.88281e-05
0.00341797 4.90129e-05

0.00341797 4.87806e-05
0.00341802 4.88281e-05

0.00341797 4.93712e-05
0.00344156 7.32422e-05

0.00344165 7.32422e-05
0.00344238 7.40144e-05

0.00344238 7.42062e-05
0.0034641 9.76563e-05

0.00346463 9.76563e-05
0.0034668 0.000100103

0.0034668 0.000100851
0.00348529 0.00012207

0.00348507 0.00012207
0.00349121 0.000129437

0.00349121 0.000129094
0.00350546 0.000146484

0.00350574 0.000146484
0.00351563 0.000159456

0.00351563 0.000159949
0.00354216 0.000195313

0.00354254 0.000195313
0.00356445 0.000228232

0.00356445 0.000230178
0.00357356 0.000244141

0.00357452 0.000244141
0.00360331 0.000292969

0.00360405 0.000292969
0.00361328 0.000311578

0.00361328 0.00031295
0.00362833 0.000341797

0.00362855 0.000341797
0.00365115 0.000390625

0.00365181 0.000390625
0.00368923 0.000488281

0.00368904 0.000488281
0.00371094 0.000565703

0.00371094 0.000567427
0.00371617 0.000585938

0.00371636 0.000585937
0.00373518 0.000683594

0.00373481 0.000683594
0.00374597 0.00078125

0.00374795 0.00078125
0.00374848 0.000976562

0.00374818 0.000976562
0.00372012 0.00117188

0.00371094 0.00120513
0.00366436 0.00136719

0.00366447 0.00136719
0.0035793 0.0015625

0.00371094 0.00119971
0.00371788 0.00117187

0.00332031 0.00194536
0.00331385 0.00195312

0.00351563 0.00167378
0.00346278 0.00175781

0.00341797 0.00182064
0.00339313 0.00185547

0.00332031 0.00194553
0.00339311 0.00185547

0.00346197 0.00175781
0.00342799 0.00180664

0.00341797 0.00181883
0.00342653 0.00180664

0.003125 0.00214819
0.00322266 0.00205317

0.00331437 0.00195313
0.00322503 0.00205078

0.00322266 0.0020534
0.00322519 0.00205078

0.00357724 0.0015625
0.00352354 0.00166016

0.00351563 0.00166994
0.00352155 0.00166016

