7.1616e-05 0
7.32422e-05 4.7685e-06

7.32422e-05 1.19513e-06
9.5659e-05 2.44141e-05

9.76563e-05 1.46714e-05
0.00012207 1.49931e-05

0.00012207 1.40782e-05
0.000146484 1.3935e-05

0.000146484 1.46212e-05
0.000170898 1.48183e-05

0.000170898 1.39608e-05
0.000195313 1.43624e-05

0.000195313 1.48968e-05
0.000219727 1.51797e-05

0.000219727 1.48234e-05
0.000244141 1.39526e-05

0.000244141 1.43591e-05
0.000268555 1.43343e-05

0.000268555 1.4294e-05
0.000292969 1.44431e-05

0.000292969 1.46599e-05
0.000317383 1.42679e-05

0.000317383 1.42341e-05
0.000341797 1.3889e-05

0.000341797 1.43068e-05
0.000366211 1.40859e-05

0.000366211 1.40871e-05
0.000390625 1.36962e-05

0.000390625 1.38804e-05
0.000415039 1.39157e-05

0.000415039 1.40743e-05
0.000439453 1.37626e-05

0.000439453 1.39531e-05
0.000463867 1.33716e-05

0.000463867 1.35208e-05
0.000488281 1.3447e-05

0.000488281 1.35324e-05
0.000512695 1.3683e-05

0.000512695 1.38155e-05
0.000537109 1.33756e-05

0.000537109 1.34827e-05
0.000561523 1.30832e-05

0.000561523 1.32232e-05
0.000585937 1.33847e-05

0.000585938 1.33323e-05
0.000610352 1.34686e-05

0.000610352 1.35955e-05
0.000634766 1.32114e-05

0.000634766 1.32927e-05
0.00065918 1.29488e-05

0.00065918 1.30755e-05
0.000683594 1.32355e-05

0.000683594 1.31763e-05
0.000708008 1.32953e-05

0.000708008 1.32487e-05
0.000732422 1.32341e-05

0.000732422 1.32189e-05
0.000756836 1.32317e-05

0.000756836 1.32008e-05
0.00078125 1.33006e-05

0.00078125 1.32174e-05
0.000805664 1.33776e-05

0.000805664 1.32968e-05
0.000830078 1.34374e-05

0.000830078 1.33329e-05
0.000854492 1.34673e-05

0.000854492 1.33732e-05
0.000878906 1.35577e-05

0.000878906 1.34351e-05
0.00090332 1.36366e-05

0.00090332 1.35281e-05
0.000927734 1.37008e-05

0.000927734 1.35735e-05
0.000952148 1.3755e-05

0.000952148 1.36326e-05
0.000976562 1.38675e-05

0.000976562 1.37294e-05
0.00100098 1.39519e-05

0.00100098 1.37723e-05
0.00102539 1.4064e-05

0.00102539 1.39002e-05
0.0010498 1.42251e-05

0.0010498 1.3972e-05
0.00107422 1.4363e-05

0.00107422 1.41677e-05
0.00109863 1.45638e-05

0.00109863 1.43115e-05
0.00112305 1.46441e-05

0.00112305 1.4676e-05
0.00114746 1.45819e-05

0.00114746 1.4312e-05
0.00117187 1.44941e-05

0.00117188 1.41877e-05
0.00119629 1.53598e-05

0.00119629 1.54195e-05
0.0012207 1.52846e-05

0.0012207 1.48073e-05
0.00124512 1.45186e-05

0.00124512 1.48444e-05
0.00126953 1.53883e-05

0.00126953 1.50084e-05
0.00129395 1.52087e-05

0.00129395 1.55815e-05
0.00131836 1.49826e-05

0.00131836 1.43922e-05
0.00134277 1.48389e-05

0.00134277 1.62332e-05
0.00136719 1.50646e-05

0.0013916 6.03106e-07
0.00136956 2.44141e-05

0.0013916 4.28207e-06
0.00139306 0

0.00146289 0
0.00146484 5.65858e-06

0.00146484 5.12381e-06
0.00148419 2.44141e-05

0.00148422 2.44141e-05
0.00148926 2.61426e-05

0.00148926 1.66382e-05
0.00151367 1.72948e-05

0.00151064 2.44141e-05
0.00151367 2.44445e-05

0.00151367 1.75099e-05
0.00153809 1.73683e-05

0.0015625 5.12211e-06
0.00154321 2.44141e-05

0.00153809 2.58844e-05
0.0015423 2.44141e-05

0 0.0031229
0.000390625 0.00311186

0.000390625 0.00311215
0.00078125 0.00307845

0.00078125 0.00307909
0.00117187 0.00302089

0.00117188 0.00302194
0.0015625 0.00293588

0.0015625 7.34294e-06
0.00156506 0

0.00165636 0
0.00166016 9.262e-06

0.00166016 1.04296e-05
0.00167558 2.44141e-05

0.00167472 2.44141e-05
0.00168457 2.7913e-05

0.00168457 1.79326e-05
0.00170898 1.81497e-05

0.00169392 2.44141e-05
0.00170898 2.44818e-05

0.0017334 1.10583e-05
0.00171804 2.44141e-05

0.00170898 2.78787e-05
0.00171901 2.44141e-05

0.0017334 1.16689e-05
0.00173834 0

0.00180044 0
0.00180664 1.40185e-05

0.00180664 9.25559e-06
0.00183105 1.25297e-05

0.00183105 5.99119e-06
0.00185523 0

0.0018555 0
0.00187988 1.7581e-05

0.00187988 9.35725e-06
0.0019043 1.14409e-05

0.0019043 9.35598e-06
0.00192871 1.04452e-05

0.00192871 9.86363e-06
0.00195312 1.21603e-05

0.00195312 9.5093e-06
0.00197754 1.29998e-05

0.00197754 1.36099e-05
0.00200195 1.2871e-05

0.00200195 1.53602e-05
0.00202637 6.17038e-06

0.00202637 6.65799e-06
0.00205078 9.11795e-06

0.00205078 9.53994e-06
0.0020752 1.45837e-05

0.0020752 9.82698e-06
0.00209961 1.18507e-05

0.00209961 1.33881e-05
0.00212402 1.33385e-05

0.00212402 1.30138e-05
0.00214844 8.5983e-06

0.00214844 8.1992e-06
0.00217285 1.30304e-05

0.00217285 1.39028e-05
0.00219727 1.37603e-05

0.00219727 1.31492e-05
0.00222168 7.89047e-06

0.00222168 7.78746e-06
0.00224609 1.33505e-05

0.00224609 1.39638e-05
0.00227051 1.40096e-05

0.00227051 1.38699e-05
0.00229492 7.32955e-06

0.00229492 8.06849e-06
0.00231934 1.18429e-05

0.00231934 1.05833e-05
0.00234375 1.50834e-05

0.00234375 1.51197e-05
0.00236816 1.07591e-05

0.00236816 1.25156e-05
0.00239258 7.3584e-06

0.00239258 7.36566e-06
0.00241699 1.24939e-05

0.00241699 1.06778e-05
0.00244141 1.51792e-05

0.00244141 1.51758e-05
0.00246582 1.06712e-05

0.00246582 1.24796e-05
0.00249023 7.38589e-06

0.00249023 7.38676e-06
0.00251465 1.25153e-05

0.00251465 1.06994e-05
0.00253906 1.51547e-05

0.00253906 1.5149e-05
0.00256348 1.06804e-05

0.00256348 1.24478e-05
0.00258789 7.46252e-06

0.00258789 7.45607e-06
0.0026123 1.25436e-05

0.0026123 1.08258e-05
0.00263672 1.50428e-05

0.00263672 1.49842e-05
0.00266113 1.062e-05

0.00266113 1.1881e-05
0.00268555 8.19833e-06

0.00268555 7.40919e-06
0.00270996 1.38209e-05

0.00270996 1.39054e-05
0.00273438 1.41004e-05

0.00273437 1.38556e-05
0.00275879 7.63739e-06

0.00275879 8.40929e-06
0.0027832 1.18494e-05

0.0027832 1.07775e-05
0.00280762 1.48308e-05

0.00280762 1.48315e-05
0.00283203 1.08013e-05

0.00283203 1.19638e-05
0.00285645 8.2995e-06

0.00285645 7.62681e-06
0.00288086 1.36323e-05

0.00288086 1.37484e-05
0.00290527 1.39324e-05

0.00290527 1.30282e-05
0.00292969 8.47749e-06

0.00292969 9.02031e-06
0.0029541 1.2906e-05

0.0029541 1.31556e-05
0.00297852 1.32166e-05

0.00297852 1.13835e-05
0.00300293 1.06233e-05

0.00300293 1.07278e-05
0.00302734 1.46503e-05

0.00302734 1.2972e-05
0.00305176 1.43974e-05

0.00305176 1.33283e-05
0.00307617 1.41437e-05

0.00307617 1.37639e-05
0.00310059 1.48402e-05

0.00310059 1.41461e-05
0.003125 1.49986e-05

0.00175781 0.00287979
0.00157838 0.00292969

0.0015625 0.00293408
0.0015783 0.00292969

0.00175781 0.00288029
0.00195312 0.00281725

0.00234375 0.00265924
0.00217206 0.00273438

0.00195312 0.00281759
0.00214844 0.00274413

0.00214844 0.00274367
0.00216967 0.00273438

0.00292969 0.0023105
0.00288371 0.00234375

0.003125 0.00214807
0.0031246 0.00214844

0.00302734 0.00223336
0.00301143 0.00224609

0.00297852 0.00227122
0.00294816 0.00229492

0.00292969 0.00230955
0.00294871 0.00229492

0.00300293 0.00225198
0.00297958 0.00227051

0.00297852 0.00227208
0.00298046 0.00227051

0.00300293 0.00224767
0.00300496 0.00224609

0.00307617 0.00218933
0.00306706 0.00219727

0.00302734 0.00223249
0.00306885 0.00219727

0.00307617 0.00219073
0.0031236 0.00214844

0.00244141 0.0026114
0.0023895 0.00263672

0.00234375 0.00265752
0.00238639 0.00263672

0.00244141 0.00261092
0.00253906 0.00255972

0.00273438 0.00244652
0.002578 0.00253906

0.00253906 0.00255908
0.00257347 0.00253906

0.00283203 0.0023799
0.0027399 0.00244141

0.00273438 0.00244438
0.00273901 0.00244141

0.00283203 0.00237948
0.00288178 0.00234375

0.003125 1.45278e-05
0.00314941 1.54365e-05

0.00314941 1.48933e-05
0.00317383 1.57364e-05

0.00317383 1.5277e-05
0.00319824 1.60987e-05

0.00319824 1.55656e-05
0.00322266 1.64712e-05

0.00322266 1.57026e-05
0.00324707 1.72607e-05

0.00324707 1.74235e-05
0.00327148 1.74388e-05

0.00327148 1.63287e-05
0.0032959 1.6663e-05

0.0032959 1.5779e-05
0.00332031 1.97056e-05

0.00332031 1.99948e-05
0.00334473 2.07549e-05

0.00334473 1.95772e-05
0.00336914 1.74276e-05

0.00336914 1.18502e-05
0.00339325 2.44141e-05

0.00339165 2.44141e-05
0.00339355 2.52082e-05

0.00339355 2.71391e-05
0.00341786 4.88281e-05

0.00341754 4.88281e-05
0.00341797 4.92443e-05

0.00341797 4.95746e-05
0.00344154 7.32422e-05

0.00344171 7.32422e-05
0.00344238 7.39392e-05

0.00344238 7.41048e-05
0.00346437 9.76563e-05

0.00346491 9.76563e-05
0.0034668 9.97776e-05

0.0034668 0.000100603
0.00348557 0.00012207

0.00348536 0.00012207
0.00349121 0.00012907

0.00349121 0.000128712
0.00350581 0.000146484

0.00350606 0.000146484
0.00351563 0.000159029

0.00351563 0.00015954
0.00354247 0.000195313

0.00354285 0.000195313
0.00356445 0.000227802

0.00356445 0.000229746
0.00357384 0.000244141

0.00357478 0.000244141
0.00360354 0.000292969

0.00360428 0.000292969
0.00361328 0.000311141

0.00361328 0.000312557
0.00362851 0.000341797

0.00362873 0.000341797
0.00365129 0.000390625

0.00365195 0.000390625
0.00368931 0.000488281

0.00368911 0.000488281
0.00371094 0.000565562

0.00371094 0.000567243
0.00371622 0.000585938

0.00371639 0.000585937
0.00373518 0.000683594

0.00373482 0.000683594
0.00374596 0.00078125

0.00374794 0.00078125
0.00374846 0.000976562

0.00374816 0.000976562
0.00372011 0.00117188

0.00371094 0.00120513
0.00366437 0.00136719

0.00366446 0.00136719
0.0035793 0.0015625

0.00371094 0.00119963
0.00371786 0.00117187

0.00332031 0.00194522
0.00331373 0.00195312

0.00351563 0.00167377
0.00346278 0.00175781

0.00341797 0.00182067
0.00339316 0.00185547

0.00332031 0.00194553
0.00339311 0.00185547

0.00346196 0.00175781
0.00342798 0.00180664

0.00341797 0.00181869
0.00342643 0.00180664

0.003125 0.00214817
0.00322266 0.00205315

0.00331436 0.00195313
0.00322501 0.00205078

0.00322266 0.00205344
0.00322524 0.00205078

0.00357723 0.0015625
0.00352353 0.00166016

0.00351563 0.0016699
0.00352153 0.00166016

