7.16854e-05 0
7.32422e-05 4.57285e-06

7.32422e-05 1.10135e-06
9.57392e-05 2.44141e-05

9.76563e-05 1.44065e-05
0.00012207 1.50536e-05

0.00012207 1.42353e-05
0.000146484 1.41234e-05

0.000146484 1.47378e-05
0.000170898 1.45459e-05

0.000170898 1.3839e-05
0.000195313 1.42186e-05

0.000195313 1.44782e-05
0.000219727 1.54029e-05

0.000219727 1.51037e-05
0.000244141 1.44355e-05

0.000244141 1.48637e-05
0.000268555 1.39429e-05

0.000268555 1.38808e-05
0.000292969 1.42095e-05

0.000292969 1.4632e-05
0.000317383 1.46877e-05

0.000317383 1.45381e-05
0.000341797 1.36396e-05

0.000341797 1.40547e-05
0.000366211 1.38715e-05

0.000366211 1.39029e-05
0.000390625 1.39949e-05

0.000390625 1.41539e-05
0.000415039 1.39127e-05

0.000415039 1.40639e-05
0.000439453 1.34664e-05

0.000439453 1.37027e-05
0.000463867 1.34641e-05

0.000463867 1.35341e-05
0.000488281 1.3641e-05

0.000488281 1.37411e-05
0.000512695 1.35846e-05

0.000512695 1.36938e-05
0.000537109 1.32489e-05

0.000537109 1.33815e-05
0.000561523 1.32888e-05

0.000561523 1.34258e-05
0.000585937 1.33813e-05

0.000585938 1.33918e-05
0.000610352 1.32136e-05

0.000610352 1.33434e-05
0.000634766 1.32045e-05

0.000634766 1.32333e-05
0.00065918 1.31709e-05

0.00065918 1.32483e-05
0.000683594 1.32094e-05

0.000683594 1.31785e-05
0.000708008 1.31697e-05

0.000708008 1.31086e-05
0.000732422 1.33365e-05

0.000732422 1.3367e-05
0.000756836 1.33107e-05

0.000756836 1.32608e-05
0.00078125 1.31027e-05

0.00078125 1.30139e-05
0.000805664 1.34354e-05

0.000805664 1.32877e-05
0.000830078 1.36871e-05

0.000830078 1.35917e-05
0.000854492 1.34435e-05

0.000854492 1.34549e-05
0.000878906 1.33018e-05

0.000878906 1.3142e-05
0.00090332 1.36688e-05

0.00090332 1.3485e-05
0.000927734 1.40478e-05

0.000927734 1.39235e-05
0.000952148 1.3729e-05

0.000952148 1.37192e-05
0.000976562 1.35214e-05

0.000976562 1.33616e-05
0.00100098 1.39952e-05

0.00100098 1.373e-05
0.00102539 1.44634e-05

0.00102539 1.43417e-05
0.0010498 1.4139e-05

0.0010498 1.40729e-05
0.00107422 1.38077e-05

0.00107422 1.35638e-05
0.00109863 1.451e-05

0.00109863 1.41682e-05
0.00112305 1.5177e-05

0.00112305 1.50311e-05
0.00114746 1.46465e-05

0.00114746 1.45755e-05
0.00117187 1.41531e-05

0.00117188 1.38865e-05
0.00119629 1.51212e-05

0.00119629 1.48307e-05
0.0012207 1.58779e-05

0.0012207 1.55601e-05
0.00124512 1.51801e-05

0.00124512 1.55561e-05
0.00126953 1.45182e-05

0.00126953 1.40027e-05
0.00129395 1.5038e-05

0.00129395 1.5922e-05
0.00131836 1.58475e-05

0.00131836 1.49662e-05
0.00134277 1.39508e-05

0.00134277 1.52746e-05
0.00136719 1.48351e-05

0.0013916 1.65714e-06
0.00136949 2.44141e-05

0.0013916 4.78399e-06
0.00139323 0

0.00146281 0
0.00146484 5.96731e-06

0.00146484 4.51027e-06
0.00148428 2.44141e-05

0.00148489 2.44141e-05
0.00148926 2.59533e-05

0.00148926 1.72236e-05
0.00151367 1.76917e-05

0.00150946 2.44141e-05
0.00151367 2.44438e-05

0.00151367 1.70874e-05
0.00153809 1.68612e-05

0.00151367 2.44162e-05
0.00151475 2.44141e-05

0.0015625 5.91996e-06
0.00154342 2.44141e-05

0.00153809 2.61229e-05
0.00154311 2.44141e-05

0 0.00312285
0.000390625 0.00311181

0.000390625 0.0031121
0.00078125 0.00307841

0.00078125 0.00307904
0.00117187 0.00302085

0.00117188 0.0030219
0.0015625 0.00293584

0.0015625 7.15227e-06
0.00156505 0

0.00165637 0
0.00166016 9.23502e-06

0.00166016 1.04141e-05
0.00167559 2.44141e-05

0.00167471 2.44141e-05
0.00168457 2.79155e-05

0.00168457 1.79268e-05
0.00170898 1.81512e-05

0.00169426 2.44141e-05
0.00170898 2.44825e-05

0.0017334 1.10583e-05
0.00171804 2.44141e-05

0.00170898 2.7881e-05
0.00171901 2.44141e-05

0.0017334 1.16654e-05
0.00173834 0

0.00180042 0
0.00180664 1.40463e-05

0.00180664 9.2505e-06
0.00183105 1.25077e-05

0.00183105 5.97967e-06
0.0018553 0

0.00185551 0
0.00187988 1.75835e-05

0.00187988 9.36548e-06
0.0019043 1.14515e-05

0.0019043 9.3607e-06
0.00192871 1.04394e-05

0.00192871 9.86685e-06
0.00195312 1.21645e-05

0.00195312 9.51218e-06
0.00197754 1.29975e-05

0.00197754 1.3609e-05
0.00200195 1.28732e-05

0.00200195 1.53648e-05
0.00202637 6.17023e-06

0.00202637 6.64749e-06
0.00205078 9.12355e-06

0.00205078 9.56661e-06
0.0020752 1.4579e-05

0.0020752 9.80717e-06
0.00209961 1.18287e-05

0.00209961 1.33634e-05
0.00212402 1.33812e-05

0.00212402 1.30862e-05
0.00214844 8.57317e-06

0.00214844 8.1715e-06
0.00217285 1.29542e-05

0.00217285 1.38072e-05
0.00219727 1.38302e-05

0.00219727 1.31156e-05
0.00222168 8.04073e-06

0.00222168 7.94513e-06
0.00224609 1.33687e-05

0.00224609 1.40837e-05
0.00227051 1.38654e-05

0.00227051 1.37775e-05
0.00229492 7.24355e-06

0.00229492 7.99461e-06
0.00231934 1.19328e-05

0.00231934 1.05936e-05
0.00234375 1.50813e-05

0.00234375 1.51224e-05
0.00236816 1.0758e-05

0.00236816 1.25135e-05
0.00239258 7.36258e-06

0.00239258 7.37115e-06
0.00241699 1.24962e-05

0.00241699 1.0681e-05
0.00244141 1.51757e-05

0.00244141 1.51728e-05
0.00246582 1.06734e-05

0.00246582 1.24779e-05
0.00249023 7.39404e-06

0.00249023 7.39436e-06
0.00251465 1.25171e-05

0.00251465 1.07047e-05
0.00253906 1.51508e-05

0.00253906 1.51445e-05
0.00256348 1.06825e-05

0.00256348 1.2441e-05
0.00258789 7.47895e-06

0.00258789 7.47165e-06
0.0026123 1.25501e-05

0.0026123 1.08349e-05
0.00263672 1.50367e-05

0.00263672 1.49787e-05
0.00266113 1.06293e-05

0.00266113 1.18879e-05
0.00268555 8.21223e-06

0.00268555 7.42254e-06
0.00270996 1.38169e-05

0.00270996 1.39171e-05
0.00273438 1.40917e-05

0.00273437 1.38605e-05
0.00275879 7.61419e-06

0.00275879 8.38835e-06
0.0027832 1.18435e-05

0.0027832 1.07715e-05
0.00280762 1.4833e-05

0.00280762 1.48386e-05
0.00283203 1.07751e-05

0.00283203 1.1852e-05
0.00285645 8.36805e-06

0.00285645 7.72412e-06
0.00288086 1.37272e-05

0.00288086 1.38711e-05
0.00290527 1.37897e-05

0.00290527 1.28712e-05
0.00292969 8.47112e-06

0.00292969 9.09783e-06
0.0029541 1.30089e-05

0.0029541 1.3075e-05
0.00297852 1.31693e-05

0.00297852 1.13739e-05
0.00300293 1.08575e-05

0.00300293 1.09805e-05
0.00302734 1.4585e-05

0.00302734 1.29918e-05
0.00305176 1.41876e-05

0.00305176 1.32583e-05
0.00307617 1.40581e-05

0.00307617 1.36537e-05
0.00310059 1.47291e-05

0.00310059 1.40467e-05
0.003125 1.49298e-05

0.00175781 0.00287977
0.00157826 0.00292969

0.0015625 0.00293405
0.0015782 0.00292969

0.00175781 0.00288027
0.00195312 0.00281723

0.00234375 0.00265923
0.00217202 0.00273438

0.00195312 0.00281757
0.00214844 0.00274412

0.00214844 0.00274365
0.00216963 0.00273438

0.00292969 0.00231051
0.00288372 0.00234375

0.003125 0.00214804
0.00312457 0.00214844

0.00302734 0.00223337
0.00301143 0.00224609

0.00297852 0.00227122
0.00294816 0.00229492

0.00292969 0.00230957
0.00294873 0.00229492

0.00300293 0.00225199
0.00297959 0.00227051

0.00297852 0.00227207
0.00298045 0.00227051

0.00300293 0.0022477
0.00300499 0.00224609

0.00307617 0.00218931
0.00306704 0.00219727

0.00302734 0.00223251
0.00306887 0.00219727

0.00307617 0.00219074
0.00312362 0.00214844

0.00244141 0.00261139
0.00238948 0.00263672

0.00234375 0.00265751
0.00238636 0.00263672

0.00244141 0.00261091
0.00253906 0.00255971

0.00273438 0.00244651
0.00257799 0.00253906

0.00253906 0.00255907
0.00257345 0.00253906

0.00283203 0.0023799
0.00273989 0.00244141

0.00273438 0.00244437
0.002739 0.00244141

0.00283203 0.00237948
0.00288177 0.00234375

0.003125 1.44363e-05
0.00314941 1.53466e-05

0.00314941 1.4792e-05
0.00317383 1.56635e-05

0.00317383 1.51053e-05
0.00319824 1.61286e-05

0.00319824 1.54814e-05
0.00322266 1.67222e-05

0.00322266 1.60989e-05
0.00324707 1.73215e-05

0.00324707 1.66504e-05
0.00327148 1.77813e-05

0.00327148 1.70396e-05
0.0032959 1.85089e-05

0.0032959 1.80449e-05
0.00332031 1.9252e-05

0.00332031 1.81232e-05
0.00334473 1.98395e-05

0.00334473 2.02471e-05
0.00336914 2.04822e-05

0.00336914 1.35872e-05
0.00339274 2.44141e-05

0.00339061 2.44141e-05
0.00339355 2.557e-05

0.00339355 2.79958e-05
0.00341725 4.88281e-05

0.00341728 4.88281e-05
0.00341797 4.94946e-05

0.00341797 5.00351e-05
0.00344125 7.32422e-05

0.00344131 7.32422e-05
0.00344238 7.4352e-05

0.00344238 7.4512e-05
0.00346401 9.76563e-05

0.00346454 9.76563e-05
0.0034668 0.000100176

0.0034668 0.00010068
0.00350585 0.000146484

0.00350585 0.000146484
0.00351563 0.000159261

0.00351563 0.00015976
0.00354238 0.000195313

0.00354277 0.000195313
0.00356445 0.000227842

0.00356445 0.000229798
0.00357383 0.000244141

0.00357478 0.000244141
0.00360361 0.000292969

0.00360437 0.000292969
0.00361328 0.00031092

0.00361328 0.000312382
0.00362863 0.000341797

0.00362885 0.000341797
0.00365145 0.000390625

0.00365211 0.000390625
0.00368952 0.000488281

0.00368932 0.000488281
0.00371094 0.000564799

0.00371094 0.000566465
0.00371644 0.000585938

0.00371661 0.000585937
0.00373539 0.000683594

0.00373503 0.000683594
0.00374616 0.00078125

0.00374814 0.00078125
0.00374864 0.000976562

0.00374834 0.000976562
0.00372027 0.00117188

0.00371094 0.00120567
0.00366449 0.00136719

0.00366458 0.00136719
0.00357939 0.0015625

0.00371094 0.0012003
0.00371803 0.00117187

0.00332031 0.0019452
0.00331371 0.00195312

0.00351563 0.00167389
0.00346284 0.00175781

0.00341797 0.00182078
0.00339323 0.00185547

0.00332031 0.00194558
0.00339317 0.00185547

0.00346202 0.00175781
0.00342804 0.00180664

0.00341797 0.0018187
0.00342644 0.00180664

0.003125 0.00214819
0.00322266 0.00205318

0.0033144 0.00195313
0.00322504 0.00205078

0.00322266 0.0020535
0.00322529 0.00205078

0.00357733 0.0015625
0.00352361 0.00166016

0.00351563 0.00167006
0.00352163 0.00166016

