0 0.21835
0.00012207 0.218353

0.00012207 0.218353
0.000244141 0.218362

0.000244141 0.218362
0.000366211 0.218376

0.000366211 0.218376
0.00041007 0.218384

0.000410058 0.218384
0.000488281 0.218397

0.000488281 0.218397
0.000610352 0.218423

0.000610352 0.218423
0.000732422 0.218456

0.000732422 0.218456
0.000854492 0.218495

0.000854492 0.218495
0.000884245 0.218506

0.000884267 0.218506
0.000976562 0.21854

0.000976562 0.21854
0.00109863 0.218593

0.00109863 0.218593
0.00116886 0.218628

0.00116887 0.218628
0.0012207 0.218654

0.0012207 0.218653
0.00134277 0.218723

0.00134277 0.218722
0.00138601 0.21875

0.00138577 0.21875
0.00146484 0.218801

0.00146484 0.218801
0.00156279 0.218872

0.00156296 0.218872
0.00158691 0.21889

0.00158691 0.218889
0.00170898 0.218991

0.00170898 0.218991
0.00171216 0.218994

0.00171329 0.218994
0.00183105 0.219106

0.00183105 0.219106
0.00184097 0.219116

0.00184096 0.219116
0.00195293 0.219238

0.00195092 0.219238
0.00195312 0.219241

0.00170898 0.222628
0.00167648 0.222656

0.00195312 0.222379
0.00192508 0.222412

0.00183105 0.222514
0.00181073 0.222534

0.00170898 0.222629
0.00181065 0.222534

0.00183105 0.222513
0.0019253 0.222412

0.00195312 0.219239
0.00205044 0.21936

0.00204944 0.21936
0.0020752 0.219397

0.0020752 0.219396
0.00213617 0.219482

0.00213567 0.219482
0.00219727 0.219582

0.00219727 0.219582
0.00221079 0.219604

0.00221125 0.219604
0.0022775 0.219727

0.00227716 0.219727
0.00231934 0.219816

0.00231934 0.219816
0.00233473 0.219849

0.00233475 0.219849
0.00238432 0.219971

0.00238411 0.219971
0.00242607 0.220093

0.00242578 0.220093
0.00244141 0.220148

0.00244141 0.220146
0.0024611 0.220215

0.00246081 0.220215
0.0024888 0.220337

0.00248873 0.220337
0.00251015 0.220459

0.00251014 0.220459
0.00252517 0.220581

0.00252515 0.220581
0.00253387 0.220703

0.00244141 0.22148
0.00241824 0.221558

0.00241798 0.221558
0.00237415 0.22168

0.00253386 0.220703
0.00253633 0.220825

0.00253634 0.220825
0.00253259 0.220947

0.00253261 0.220947
0.00252261 0.221069

0.00252264 0.221069
0.00250628 0.221191

0.00250631 0.221191
0.00248345 0.221313

0.00248343 0.221313
0.00245405 0.221436

0.00244141 0.221477
0.00245373 0.221436

0.00219727 0.222041
0.00212038 0.222168

0.00231934 0.22181
0.00226377 0.221924

0.00237409 0.22168
0.00232278 0.221802

0.00231934 0.221806
0.00232164 0.221802

0.00219727 0.222043
0.00226344 0.221924

0.0020752 0.222226
0.0020274 0.22229

0.00195312 0.22238
0.00202732 0.22229

0.0020752 0.222224
0.0021162 0.222168

0 0.223281
0.000244141 0.223269

0.000366211 0.223253
0.000251895 0.223267

0.000244141 0.223268
0.000251896 0.223267

0.000366211 0.223253
0.000488281 0.223232

0.000854492 0.223133
0.000819099 0.223145

0.000854492 0.223133
0.000976562 0.223086

0.000488281 0.223232
0.000610352 0.223206

0.000610352 0.223206
0.000732422 0.223173

0.000732422 0.223173
0.000819069 0.223145

0.000976562 0.223087
0.00109863 0.223033

0.0012207 0.222971
0.00111914 0.223022

0.00109863 0.223033
0.00111915 0.223022

0.00146484 0.222824
0.00134077 0.2229

0.0012207 0.222971
0.00134277 0.222901

0.00134277 0.222901
0.0013439 0.2229

0.00158691 0.222732
0.00152412 0.222778

0.00146484 0.222822
0.00152523 0.222778

0.00158691 0.222731
0.00167651 0.222656

