7.15833e-05 0
7.32422e-05 4.86835e-06

7.32422e-05 1.08193e-06
9.58924e-05 2.44141e-05

9.591e-05 2.44141e-05
9.76563e-05 2.50131e-05

9.76563e-05 1.41739e-05
0.00012207 1.48831e-05

0.000119581 2.44141e-05
0.00012207 2.44414e-05

0.00012207 1.38045e-05
0.000146484 1.44909e-05

0.000146484 1.51594e-05
0.000170898 1.49837e-05

0.000170898 1.43544e-05
0.000195313 1.36613e-05

0.000195313 1.40702e-05
0.000219727 1.49823e-05

0.000219727 1.45355e-05
0.000244141 1.49195e-05

0.000244141 1.51867e-05
0.000268555 1.44826e-05

0.000268555 1.45852e-05
0.000292969 1.37437e-05

0.000292969 1.40816e-05
0.000317383 1.427e-05

0.000317383 1.43954e-05
0.000341797 1.4226e-05

0.000341797 1.4245e-05
0.000366211 1.38436e-05

0.000366211 1.41571e-05
0.000390625 1.38461e-05

0.000390625 1.39506e-05
0.000415039 1.36636e-05

0.000415039 1.38934e-05
0.000439453 1.36758e-05

0.000439453 1.37105e-05
0.000463867 1.35767e-05

0.000463867 1.37497e-05
0.000488281 1.36195e-05

0.000488281 1.36841e-05
0.000512695 1.34091e-05

0.000512695 1.35585e-05
0.000537109 1.34033e-05

0.000537109 1.35141e-05
0.000561523 1.33504e-05

0.000561523 1.34361e-05
0.000585937 1.32856e-05

0.000585938 1.33918e-05
0.000610352 1.3253e-05

0.000610352 1.32859e-05
0.000634766 1.32338e-05

0.000634766 1.32824e-05
0.00065918 1.32868e-05

0.00065918 1.33914e-05
0.000683594 1.31346e-05

0.000683594 1.32293e-05
0.000708008 1.29689e-05

0.000708008 1.29215e-05
0.000732422 1.32309e-05

0.000732422 1.31034e-05
0.000756836 1.3539e-05

0.000756836 1.34676e-05
0.00078125 1.33165e-05

0.00078125 1.33158e-05
0.000805664 1.31067e-05

0.000805664 1.30121e-05
0.000830078 1.34692e-05

0.000830078 1.32965e-05
0.000854492 1.37906e-05

0.000854492 1.37128e-05
0.000878906 1.34961e-05

0.000878906 1.35071e-05
0.00090332 1.32596e-05

0.00090332 1.31397e-05
0.000927734 1.37056e-05

0.000927734 1.35175e-05
0.000952148 1.40841e-05

0.000952148 1.38672e-05
0.000976562 1.38271e-05

0.000976562 1.37537e-05
0.00100098 1.37874e-05

0.00100098 1.36517e-05
0.00102539 1.40935e-05

0.00102539 1.399e-05
0.0010498 1.42221e-05

0.0010498 1.39571e-05
0.00107422 1.41438e-05

0.00107422 1.40042e-05
0.00109863 1.44956e-05

0.00109863 1.42415e-05
0.00112305 1.46241e-05

0.00112305 1.43631e-05
0.00114746 1.47392e-05

0.00114746 1.45485e-05
0.00117187 1.49154e-05

0.00117188 1.4776e-05
0.00119629 1.4916e-05

0.00119629 1.47361e-05
0.0012207 1.49545e-05

0.0012207 1.44467e-05
0.00124512 1.56006e-05

0.00124512 1.60452e-05
0.00126953 1.55578e-05

0.00126953 1.49406e-05
0.00129395 1.42916e-05

0.00129395 1.51884e-05
0.00131836 1.53459e-05

0.00131836 1.44202e-05
0.00134277 1.50696e-05

0.00134277 1.65423e-05
0.00136719 1.50659e-05

0.0013916 2.77173e-07
0.0013696 2.44141e-05

0.00136719 2.45315e-05
0.00136751 2.44141e-05

0.0013916 3.64572e-06
0.00139283 0

0.00146278 0
0.00146484 6.04979e-06

0.00146484 4.46743e-06
0.00148431 2.44141e-05

0.00148581 2.44141e-05
0.00148926 2.56335e-05

0.00148926 1.70154e-05
0.00151367 1.80177e-05

0.00151367 1.77629e-05
0.00153809 1.71053e-05

0.0015625 5.2254e-06
0.00154326 2.44141e-05

0.00153809 2.588e-05
0.00154228 2.44141e-05

0 0.00312268
0.000390625 0.00311165

0.000390625 0.00311194
0.00078125 0.00307826

0.00078125 0.00307889
0.00117187 0.00302072

0.00117188 0.00302177
0.0015625 0.00293574

0.0015625 7.32933e-06
0.00156507 0

0.00165636 0
0.00166016 9.26971e-06

0.00166016 1.04355e-05
0.00167558 2.44141e-05

0.00167473 2.44141e-05
0.00168457 2.79093e-05

0.00168457 1.79314e-05
0.00170898 1.81447e-05

0.00169369 2.44141e-05
0.00170898 2.44814e-05

0.0017334 1.1057e-05
0.00171804 2.44141e-05

0.00170898 2.78708e-05
0.00171898 2.44141e-05

0.0017334 1.16526e-05
0.00173833 0

0.00180044 0
0.00180664 1.40243e-05

0.00180664 9.2497e-06
0.00183105 1.25258e-05

0.00183105 5.98152e-06
0.00185529 0

0.00185551 0
0.00187988 1.75898e-05

0.00187988 9.37199e-06
0.0019043 1.14511e-05

0.0019043 9.36584e-06
0.00192871 1.04392e-05

0.00192871 9.86873e-06
0.00195312 1.21629e-05

0.00195312 9.51367e-06
0.00197754 1.2997e-05

0.00197754 1.3606e-05
0.00200195 1.2874e-05

0.00200195 1.53644e-05
0.00202637 6.1767e-06

0.00202637 6.66151e-06
0.00205078 9.11353e-06

0.00205078 9.52859e-06
0.0020752 1.45976e-05

0.0020752 9.84021e-06
0.00209961 1.18686e-05

0.00209961 1.34062e-05
0.00212402 1.3331e-05

0.00212402 1.30494e-05
0.00214844 8.55999e-06

0.00214844 8.15451e-06
0.00217285 1.29981e-05

0.00217285 1.38316e-05
0.00219727 1.38342e-05

0.00219727 1.31939e-05
0.00222168 7.96227e-06

0.00222168 7.85674e-06
0.00224609 1.32994e-05

0.00224609 1.39646e-05
0.00227051 1.39849e-05

0.00227051 1.38481e-05
0.00229492 7.33539e-06

0.00229492 8.07154e-06
0.00231934 1.18537e-05

0.00231934 1.05865e-05
0.00234375 1.50738e-05

0.00234375 1.51117e-05
0.00236816 1.07639e-05

0.00236816 1.25116e-05
0.00239258 7.37291e-06

0.00239258 7.37982e-06
0.00241699 1.24957e-05

0.00241699 1.06841e-05
0.00244141 1.51718e-05

0.00244141 1.51681e-05
0.00246582 1.06774e-05

0.00246582 1.24763e-05
0.00249023 7.40599e-06

0.00249023 7.40731e-06
0.00251465 1.25169e-05

0.00251465 1.07089e-05
0.00253906 1.51439e-05

0.00253906 1.51372e-05
0.00256348 1.06882e-05

0.00256348 1.24415e-05
0.00258789 7.4926e-06

0.00258789 7.48463e-06
0.0026123 1.25483e-05

0.0026123 1.08391e-05
0.00263672 1.50318e-05

0.00263672 1.4973e-05
0.00266113 1.06346e-05

0.00266113 1.18904e-05
0.00268555 8.22303e-06

0.00268555 7.43566e-06
0.00270996 1.38116e-05

0.00270996 1.39139e-05
0.00273438 1.40873e-05

0.00273437 1.38485e-05
0.00275879 7.6324e-06

0.00275879 8.40444e-06
0.0027832 1.18546e-05

0.0027832 1.07819e-05
0.00280762 1.48259e-05

0.00280762 1.48263e-05
0.00283203 1.07937e-05

0.00283203 1.19553e-05
0.00285645 8.30585e-06

0.00285645 7.62192e-06
0.00288086 1.36429e-05

0.00288086 1.37509e-05
0.00290527 1.39492e-05

0.00290527 1.3108e-05
0.00292969 8.42274e-06

0.00292969 8.90798e-06
0.0029541 1.28722e-05

0.0029541 1.32051e-05
0.00297852 1.32824e-05

0.00297852 1.14791e-05
0.00300293 1.0403e-05

0.00300293 1.04757e-05
0.00302734 1.46111e-05

0.00302734 1.29193e-05
0.00305176 1.4584e-05

0.00305176 1.33863e-05
0.00307617 1.41466e-05

0.00307617 1.38309e-05
0.00310059 1.48271e-05

0.00310059 1.41392e-05
0.003125 1.49433e-05

0.00175781 0.00287968
0.00157791 0.00292969

0.0015625 0.00293396
0.00157787 0.00292969

0.00175781 0.00288019
0.00195312 0.00281717

0.00234375 0.00265921
0.00217192 0.00273438

0.00195312 0.00281751
0.00214844 0.00274407

0.00214844 0.0027436
0.00216953 0.00273438

0.00292969 0.00231059
0.00288382 0.00234375

0.003125 0.00214814
0.00312467 0.00214844

0.00302734 0.0022335
0.00301159 0.00224609

0.00297852 0.00227129
0.00294824 0.00229492

0.00292969 0.00230964
0.00294882 0.00229492

0.00300293 0.00225207
0.00297968 0.00227051

0.00297852 0.00227212
0.00298052 0.00227051

0.00300293 0.00224772
0.00300502 0.00224609

0.00307617 0.00218935
0.00306708 0.00219727

0.00302734 0.0022326
0.003069 0.00219727

0.00307617 0.00219084
0.00312375 0.00214844

0.00244141 0.00261138
0.00238945 0.00263672

0.00234375 0.00265748
0.00238632 0.00263672

0.00244141 0.0026109
0.00253906 0.00255971

0.00273438 0.00244654
0.002578 0.00253906

0.00253906 0.00255907
0.00257345 0.00253906

0.00283203 0.00237994
0.00273994 0.00244141

0.00273438 0.00244439
0.00273903 0.00244141

0.00283203 0.00237951
0.00288183 0.00234375

0.003125 1.44675e-05
0.00314941 1.54724e-05

0.00314941 1.48517e-05
0.00317383 1.5873e-05

0.00317383 1.52493e-05
0.00319824 1.64065e-05

0.00319824 1.62933e-05
0.00322266 1.64344e-05

0.00322266 1.5626e-05
0.00324707 1.62782e-05

0.00324707 1.5351e-05
0.00327148 1.8538e-05

0.00327148 1.82118e-05
0.0032959 1.96788e-05

0.0032959 1.87246e-05
0.00332031 1.80984e-05

0.00332031 1.7698e-05
0.00334473 1.89403e-05

0.00334473 1.93208e-05
0.00336914 1.99868e-05

0.00336914 1.2902e-05
0.00339241 2.44141e-05

0.00338989 2.44141e-05
0.00339355 2.59396e-05

0.00339355 2.81927e-05
0.00341669 4.88281e-05

0.00341676 4.88281e-05
0.00341797 4.99952e-05

0.00341797 5.04992e-05
0.00344084 7.32422e-05

0.00344105 7.32422e-05
0.00344238 7.46181e-05

0.00344238 7.48476e-05
0.00346384 9.76563e-05

0.00346434 9.76563e-05
0.0034668 0.000100398

0.0034668 0.000101144
0.0034852 0.00012207

0.00348498 0.00012207
0.00349121 0.000129491

0.00349121 0.000129134
0.00350551 0.000146484

0.00350576 0.000146484
0.00351563 0.00015935

0.00351563 0.000159814
0.00354237 0.000195313

0.00354275 0.000195313
0.00356445 0.000227837

0.00356445 0.000229802
0.00357383 0.000244141

0.00357479 0.000244141
0.00360364 0.000292969

0.00360441 0.000292969
0.00361328 0.000310834

0.00361328 0.000312321
0.00362867 0.000341797

0.00362889 0.000341797
0.0036515 0.000390625

0.00365217 0.000390625
0.00368959 0.000488281

0.00368939 0.000488281
0.00371094 0.000564478

0.00371094 0.000566175
0.00371652 0.000585938

0.0037167 0.000585937
0.0037355 0.000683594

0.00373513 0.000683594
0.00374628 0.00078125

0.00374826 0.00078125
0.00374879 0.000976562

0.00374848 0.000976562
0.00372044 0.00117188

0.00371094 0.00120632
0.0036647 0.00136719

0.00366478 0.00136719
0.00357958 0.0015625

0.00371094 0.00120109
0.00371823 0.00117187

0.00332031 0.00194527
0.00331377 0.00195312

0.00351563 0.00167419
0.00346303 0.00175781

0.00341797 0.00182108
0.00339344 0.00185547

0.00332031 0.0019458
0.00339335 0.00185547

0.00346221 0.00175781
0.00342822 0.00180664

0.00341797 0.00181884
0.00342655 0.00180664

0.003125 0.0021483
0.00322266 0.00205332

0.00331457 0.00195313
0.00322519 0.00205078

0.00322266 0.00205369
0.00322548 0.00205078

0.00357752 0.0015625
0.0035238 0.00166016

0.00351563 0.00167043
0.00352186 0.00166016

