7.16802e-05 0
7.32422e-05 4.58747e-06

7.32422e-05 1.10131e-06
9.57593e-05 2.44141e-05

9.76563e-05 1.44565e-05
0.00012207 1.49477e-05

0.00012207 1.38424e-05
0.000146484 1.42505e-05

0.000146484 1.48224e-05
0.000170898 1.52262e-05

0.000170898 1.46576e-05
0.000195313 1.40799e-05

0.000195313 1.45596e-05
0.000219727 1.45687e-05

0.000219727 1.41751e-05
0.000244141 1.45768e-05

0.000244141 1.49573e-05
0.000268555 1.48093e-05

0.000268555 1.47923e-05
0.000292969 1.37235e-05

0.000292969 1.39357e-05
0.000317383 1.41544e-05

0.000317383 1.43983e-05
0.000341797 1.44566e-05

0.000341797 1.45052e-05
0.000366211 1.36755e-05

0.000366211 1.39275e-05
0.000390625 1.36496e-05

0.000390625 1.38891e-05
0.000415039 1.387e-05

0.000415039 1.38988e-05
0.000439453 1.36494e-05

0.000439453 1.37882e-05
0.000463867 1.35955e-05

0.000463867 1.37423e-05
0.000488281 1.35176e-05

0.000488281 1.36092e-05
0.000512695 1.34404e-05

0.000512695 1.35777e-05
0.000537109 1.34325e-05

0.000537109 1.35135e-05
0.000561523 1.33222e-05

0.000561523 1.34129e-05
0.000585937 1.33167e-05

0.000585938 1.33623e-05
0.000610352 1.3333e-05

0.000610352 1.34788e-05
0.000634766 1.3208e-05

0.000634766 1.33062e-05
0.00065918 1.29958e-05

0.00065918 1.30373e-05
0.000683594 1.32022e-05

0.000683594 1.31764e-05
0.000708008 1.33628e-05

0.000708008 1.33298e-05
0.000732422 1.31791e-05

0.000732422 1.32266e-05
0.000756836 1.30946e-05

0.000756836 1.30013e-05
0.00078125 1.33176e-05

0.00078125 1.31858e-05
0.000805664 1.35919e-05

0.000805664 1.35276e-05
0.000830078 1.33833e-05

0.000830078 1.33473e-05
0.000854492 1.32193e-05

0.000854492 1.31179e-05
0.000878906 1.36064e-05

0.000878906 1.33848e-05
0.00090332 1.38975e-05

0.00090332 1.38146e-05
0.000927734 1.36711e-05

0.000927734 1.36315e-05
0.000952148 1.34365e-05

0.000952148 1.32985e-05
0.000976562 1.38974e-05

0.000976562 1.36487e-05
0.00100098 1.4314e-05

0.00100098 1.41988e-05
0.00102539 1.40083e-05

0.00102539 1.39564e-05
0.0010498 1.37149e-05

0.0010498 1.34804e-05
0.00107422 1.43594e-05

0.00107422 1.40387e-05
0.00109863 1.49813e-05

0.00109863 1.48111e-05
0.00112305 1.45114e-05

0.00112305 1.4489e-05
0.00114746 1.40555e-05

0.00114746 1.37654e-05
0.00117187 1.48762e-05

0.00117188 1.4481e-05
0.00119629 1.58247e-05

0.00119629 1.55761e-05
0.0012207 1.52687e-05

0.0012207 1.5173e-05
0.00124512 1.46215e-05

0.00124512 1.46149e-05
0.00126953 1.53236e-05

0.00126953 1.5125e-05
0.00129395 1.58368e-05

0.00129395 1.62531e-05
0.00131836 1.48809e-05

0.00131836 1.44603e-05
0.00134277 1.42175e-05

0.00134277 1.56932e-05
0.00136719 1.50423e-05

0.00134277 2.4464e-05
0.00134749 2.44141e-05

0.0013916 1.02444e-06
0.00136947 2.44141e-05

0.00136719 2.4802e-05
0.00136829 2.44141e-05

0.0013916 4.94394e-06
0.00139329 0

0.00146289 0
0.00146484 5.76469e-06

0.00146484 4.39905e-06
0.00148423 2.44141e-05

0.00148504 2.44141e-05
0.00148926 2.59179e-05

0.00148926 1.73776e-05
0.00151367 1.78642e-05

0.00151367 1.72114e-05
0.00153809 1.67221e-05

0.0015625 5.80569e-06
0.00154334 2.44141e-05

0.00153809 2.59769e-05
0.00154268 2.44141e-05

0 0.00312257
0.000390625 0.00311153

0.000390625 0.00311182
0.00078125 0.00307815

0.00078125 0.00307879
0.00117187 0.00302063

0.00117188 0.00302168
0.0015625 0.00293568

0.0015625 7.09179e-06
0.00156502 0

0.00165636 0
0.00166016 9.26069e-06

0.00166016 1.04189e-05
0.00167557 2.44141e-05

0.0016747 2.44141e-05
0.00168457 2.79272e-05

0.00168457 1.79567e-05
0.00170898 1.81859e-05

0.00169432 2.44141e-05
0.00170898 2.44838e-05

0.0017334 1.10723e-05
0.00171806 2.44141e-05

0.00170898 2.78936e-05
0.00171903 2.44141e-05

0.0017334 1.16943e-05
0.00173835 0

0.00180044 0
0.00180664 1.40139e-05

0.00180664 9.25452e-06
0.00183105 1.25336e-05

0.00183105 5.97468e-06
0.0018553 0

0.00185549 0
0.00187988 1.75966e-05

0.00187988 9.38008e-06
0.0019043 1.14419e-05

0.0019043 9.36501e-06
0.00192871 1.04389e-05

0.00192871 9.86918e-06
0.00195312 1.21619e-05

0.00195312 9.5105e-06
0.00197754 1.29971e-05

0.00197754 1.36074e-05
0.00200195 1.28761e-05

0.00200195 1.53565e-05
0.00202637 6.18239e-06

0.00202637 6.65775e-06
0.00205078 9.13455e-06

0.00205078 9.58238e-06
0.0020752 1.45697e-05

0.0020752 9.80701e-06
0.00209961 1.18227e-05

0.00209961 1.33555e-05
0.00212402 1.33879e-05

0.00212402 1.30887e-05
0.00214844 8.58378e-06

0.00214844 8.17468e-06
0.00217285 1.29579e-05

0.00217285 1.3808e-05
0.00219727 1.38461e-05

0.00219727 1.32055e-05
0.00222168 7.97794e-06

0.00222168 7.86487e-06
0.00224609 1.32823e-05

0.00224609 1.3954e-05
0.00227051 1.39915e-05

0.00227051 1.38526e-05
0.00229492 7.34481e-06

0.00229492 8.07739e-06
0.00231934 1.18478e-05

0.00231934 1.05875e-05
0.00234375 1.50736e-05

0.00234375 1.511e-05
0.00236816 1.07639e-05

0.00236816 1.251e-05
0.00239258 7.37766e-06

0.00239258 7.38507e-06
0.00241699 1.24955e-05

0.00241699 1.06859e-05
0.00244141 1.51676e-05

0.00244141 1.51636e-05
0.00246582 1.06788e-05

0.00246582 1.24762e-05
0.00249023 7.41173e-06

0.00249023 7.41295e-06
0.00251465 1.25142e-05

0.00251465 1.07082e-05
0.00253906 1.51411e-05

0.00253906 1.51355e-05
0.00256348 1.06898e-05

0.00256348 1.24483e-05
0.00258789 7.48687e-06

0.00258789 7.47999e-06
0.0026123 1.2539e-05

0.0026123 1.08326e-05
0.00263672 1.50316e-05

0.00263672 1.49729e-05
0.00266113 1.0627e-05

0.00266113 1.18808e-05
0.00268555 8.21812e-06

0.00268555 7.42833e-06
0.00270996 1.38186e-05

0.00270996 1.39127e-05
0.00273438 1.40907e-05

0.00273437 1.38584e-05
0.00275879 7.62855e-06

0.00275879 8.40357e-06
0.0027832 1.18407e-05

0.0027832 1.07693e-05
0.00280762 1.48272e-05

0.00280762 1.48349e-05
0.00283203 1.07867e-05

0.00283203 1.18869e-05
0.00285645 8.34438e-06

0.00285645 7.68124e-06
0.00288086 1.37094e-05

0.00288086 1.38616e-05
0.00290527 1.38356e-05

0.00290527 1.29639e-05
0.00292969 8.39182e-06

0.00292969 8.9374e-06
0.0029541 1.29954e-05

0.0029541 1.32033e-05
0.00297852 1.32307e-05

0.00297852 1.14762e-05
0.00300293 1.04929e-05

0.00300293 1.06191e-05
0.00302734 1.45323e-05

0.00302734 1.28769e-05
0.00305176 1.44116e-05

0.00305176 1.32558e-05
0.00307617 1.41403e-05

0.00307617 1.37008e-05
0.00310059 1.49246e-05

0.00310059 1.41386e-05
0.003125 1.51616e-05

0.00175781 0.00287963
0.00157768 0.00292969

0.0015625 0.0029339
0.00157766 0.00292969

0.00175781 0.00288013
0.00195312 0.00281713

0.00234375 0.0026592
0.00217188 0.00273438

0.00195312 0.00281747
0.00214844 0.00274405

0.00214844 0.00274358
0.00216949 0.00273438

0.00292969 0.00231065
0.0028839 0.00234375

0.003125 0.00214823
0.00312477 0.00214844

0.00302734 0.0022336
0.00301171 0.00224609

0.00297852 0.00227135
0.00294832 0.00229492

0.00292969 0.0023097
0.0029489 0.00229492

0.00300293 0.00225214
0.00297976 0.00227051

0.00297852 0.00227217
0.00298057 0.00227051

0.00300293 0.00224778
0.0030051 0.00224609

0.00307617 0.00218938
0.00306713 0.00219727

0.00302734 0.00223268
0.00306909 0.00219727

0.00307617 0.00219092
0.00312385 0.00214844

0.00244141 0.00261138
0.00238946 0.00263672

0.00234375 0.00265748
0.00238632 0.00263672

0.00244141 0.0026109
0.00253906 0.00255973

0.00273438 0.00244658
0.00257803 0.00253906

0.00253906 0.00255908
0.00257349 0.00253906

0.00283203 0.00237999
0.00273999 0.00244141

0.00273438 0.00244442
0.00273908 0.00244141

0.00283203 0.00237955
0.00288189 0.00234375

0.003125 1.46596e-05
0.00314941 1.56069e-05

0.00314941 1.50597e-05
0.00317383 1.58016e-05

0.00317383 1.52158e-05
0.00319824 1.63017e-05

0.00319824 1.58745e-05
0.00322266 1.68643e-05

0.00322266 1.62601e-05
0.00324707 1.7018e-05

0.00324707 1.668e-05
0.00327148 1.74394e-05

0.00327148 1.64243e-05
0.0032959 1.82659e-05

0.0032959 1.8418e-05
0.00332031 1.92509e-05

0.00332031 1.78525e-05
0.00334473 1.85024e-05

0.00334473 1.92542e-05
0.00336914 1.97145e-05

0.00336914 1.25457e-05
0.00339313 2.44141e-05

0.00338995 2.44141e-05
0.00339355 2.59054e-05

0.00339355 2.40023e-05
0.00339394 2.44141e-05

0.00339355 2.79357e-05
0.00341719 4.88281e-05

0.00341737 4.88281e-05
0.00341797 4.93986e-05

0.00341797 4.9777e-05
0.00344165 7.32422e-05

0.00344166 7.32422e-05
0.00344238 7.39943e-05

0.00344238 7.41531e-05
0.00346432 9.76563e-05

0.00346487 9.76563e-05
0.0034668 9.9828e-05

0.0034668 0.000100363
0.00350603 0.000146484

0.00350597 0.000146484
0.00351563 0.000159133

0.00351563 0.000159538
0.00354249 0.000195313

0.00354285 0.000195313
0.00356445 0.000227784

0.00356445 0.000229732
0.00357386 0.000244141

0.0035748 0.000244141
0.00360359 0.000292969

0.00360436 0.000292969
0.00361328 0.000310959

0.00361328 0.000312437
0.00362859 0.000341797

0.00362882 0.000341797
0.00365141 0.000390625

0.00365207 0.000390625
0.00368949 0.000488281

0.0036893 0.000488281
0.00371094 0.000564764

0.00371094 0.000566507
0.00371643 0.000585938

0.00371662 0.000585937
0.00373545 0.000683594

0.00373508 0.000683594
0.00374626 0.00078125

0.00374824 0.00078125
0.00374882 0.000976562

0.00374851 0.000976562
0.00372051 0.00117188

0.00371094 0.00120661
0.0036648 0.00136719

0.00366487 0.00136719
0.00357969 0.0015625

0.00371094 0.00120143
0.0037183 0.00117187

0.00332031 0.00194533
0.00331382 0.00195312

0.00351563 0.00167437
0.00346314 0.00175781

0.00341797 0.00182126
0.00339358 0.00185547

0.00332031 0.00194594
0.00339347 0.00185547

0.00346232 0.00175781
0.00342833 0.00180664

0.00341797 0.00181894
0.00342662 0.00180664

0.003125 0.00214839
0.00322266 0.00205343

0.00331467 0.00195313
0.00322529 0.00205078

0.00322266 0.00205381
0.0032256 0.00205078

0.00357762 0.0015625
0.00352391 0.00166016

0.00351563 0.00167065
0.00352199 0.00166016

