7.16778e-05 0
7.32422e-05 4.59998e-06

7.32422e-05 1.05681e-06
9.57248e-05 2.44141e-05

9.62632e-05 2.44141e-05
9.76563e-05 2.48962e-05

9.76563e-05 1.45002e-05
0.00012207 1.50211e-05

0.000120184 2.44141e-05
0.00012207 2.44294e-05

0.00012207 1.40376e-05
0.000146484 1.41045e-05

0.000146484 1.46617e-05
0.000170898 1.49654e-05

0.000170898 1.44509e-05
0.000195313 1.41722e-05

0.000195313 1.42195e-05
0.000219727 1.49661e-05

0.000219727 1.50061e-05
0.000244141 1.48077e-05

0.000244141 1.48935e-05
0.000268555 1.39732e-05

0.000268555 1.43114e-05
0.000292969 1.40459e-05

0.000292969 1.41061e-05
0.000317383 1.43473e-05

0.000317383 1.45095e-05
0.000341797 1.42232e-05

0.000341797 1.4376e-05
0.000366211 1.3632e-05

0.000366211 1.38962e-05
0.000390625 1.36954e-05

0.000390625 1.37493e-05
0.000415039 1.39548e-05

0.000415039 1.40842e-05
0.000439453 1.38185e-05

0.000439453 1.39195e-05
0.000463867 1.33826e-05

0.000463867 1.36163e-05
0.000488281 1.34829e-05

0.000488281 1.35072e-05
0.000512695 1.3597e-05

0.000512695 1.37061e-05
0.000537109 1.35261e-05

0.000537109 1.36434e-05
0.000561523 1.31945e-05

0.000561523 1.33354e-05
0.000585937 1.32381e-05

0.000585938 1.32853e-05
0.000610352 1.34107e-05

0.000610352 1.34655e-05
0.000634766 1.32906e-05

0.000634766 1.34294e-05
0.00065918 1.3012e-05

0.00065918 1.30615e-05
0.000683594 1.30917e-05

0.000683594 1.31416e-05
0.000708008 1.33432e-05

0.000708008 1.32295e-05
0.000732422 1.32142e-05

0.000732422 1.32734e-05
0.000756836 1.31893e-05

0.000756836 1.31032e-05
0.00078125 1.32192e-05

0.00078125 1.31365e-05
0.000805664 1.34937e-05

0.000805664 1.33617e-05
0.000830078 1.34796e-05

0.000830078 1.33742e-05
0.000854492 1.34285e-05

0.000854492 1.33857e-05
0.000878906 1.35351e-05

0.000878906 1.3418e-05
0.00090332 1.36044e-05

0.00090332 1.34914e-05
0.000927734 1.37047e-05

0.000927734 1.35937e-05
0.000952148 1.37453e-05

0.000952148 1.35941e-05
0.000976562 1.38283e-05

0.000976562 1.36919e-05
0.00100098 1.39983e-05

0.00100098 1.38167e-05
0.00102539 1.40688e-05

0.00102539 1.38904e-05
0.0010498 1.41839e-05

0.0010498 1.3984e-05
0.00107422 1.43519e-05

0.00107422 1.41076e-05
0.00109863 1.45362e-05

0.00109863 1.45484e-05
0.00112305 1.44581e-05

0.00112305 1.41181e-05
0.00114746 1.43838e-05

0.00114746 1.41019e-05
0.00117187 1.53233e-05

0.00117188 1.52272e-05
0.00119629 1.52395e-05

0.00119629 1.48899e-05
0.0012207 1.45554e-05

0.0012207 1.44205e-05
0.00124512 1.55014e-05

0.00124512 1.53304e-05
0.00126953 1.58934e-05

0.00126953 1.56342e-05
0.00129395 1.52351e-05

0.00129395 1.58557e-05
0.00131836 1.46952e-05

0.00131836 1.42053e-05
0.00134277 1.4748e-05

0.00134277 1.63869e-05
0.00136719 1.50524e-05

0.0013916 9.465e-08
0.00136948 2.44141e-05

0.0013916 3.86582e-06
0.00139291 0

0.00146307 0
0.00146484 5.22004e-06

0.00146484 4.53339e-06
0.00148404 2.44141e-05

0.00148387 2.44141e-05
0.00148926 2.63402e-05

0.00148926 1.76841e-05
0.00151367 1.76121e-05

0.00148926 2.44719e-05
0.00149961 2.44141e-05

0.00151367 1.68641e-05
0.00153809 1.63923e-05

0.00151367 2.44564e-05
0.00151972 2.44141e-05

0.0015625 6.03485e-06
0.00154324 2.44141e-05

0.00153809 2.60042e-05
0.00154287 2.44141e-05

0 0.00312255
0.000390625 0.00311151

0.000390625 0.0031118
0.00078125 0.00307813

0.00078125 0.00307877
0.00117187 0.00302062

0.00117188 0.00302167
0.0015625 0.00293566

0.0015625 7.39356e-06
0.00156514 0

0.00165636 0
0.00166016 9.26447e-06

0.00166016 1.04194e-05
0.00167556 2.44141e-05

0.0016747 2.44141e-05
0.00168457 2.7928e-05

0.00168457 1.79623e-05
0.00170898 1.81916e-05

0.00169432 2.44141e-05
0.00170898 2.44838e-05

0.0017334 1.10724e-05
0.00171806 2.44141e-05

0.00170898 2.78946e-05
0.00171903 2.44141e-05

0.0017334 1.16943e-05
0.00173835 0

0.00180044 0
0.00180664 1.40142e-05

0.00180664 9.26483e-06
0.00183105 1.2532e-05

0.00183105 5.96858e-06
0.00185529 0

0.00185549 0
0.00187988 1.76033e-05

0.00187988 9.38347e-06
0.0019043 1.14342e-05

0.0019043 9.36193e-06
0.00192871 1.04411e-05

0.00192871 9.86992e-06
0.00195312 1.21627e-05

0.00195312 9.511e-06
0.00197754 1.29959e-05

0.00197754 1.36069e-05
0.00200195 1.28759e-05

0.00200195 1.53578e-05
0.00202637 6.18093e-06

0.00202637 6.66735e-06
0.00205078 9.12161e-06

0.00205078 9.54225e-06
0.0020752 1.45848e-05

0.0020752 9.83759e-06
0.00209961 1.1854e-05

0.00209961 1.33894e-05
0.00212402 1.3332e-05

0.00212402 1.2985e-05
0.00214844 8.63075e-06

0.00214844 8.2439e-06
0.00217285 1.30527e-05

0.00217285 1.39231e-05
0.00219727 1.37235e-05

0.00219727 1.31222e-05
0.00222168 7.90828e-06

0.00222168 7.81103e-06
0.00224609 1.33657e-05

0.00224609 1.39751e-05
0.00227051 1.39828e-05

0.00227051 1.3852e-05
0.00229492 7.3352e-06

0.00229492 8.0726e-06
0.00231934 1.18544e-05

0.00231934 1.05898e-05
0.00234375 1.50744e-05

0.00234375 1.51107e-05
0.00236816 1.07635e-05

0.00236816 1.25107e-05
0.00239258 7.37824e-06

0.00239258 7.38594e-06
0.00241699 1.24945e-05

0.00241699 1.06856e-05
0.00244141 1.51671e-05

0.00244141 1.51629e-05
0.00246582 1.06788e-05

0.00246582 1.24766e-05
0.00249023 7.41153e-06

0.00249023 7.41274e-06
0.00251465 1.25133e-05

0.00251465 1.07071e-05
0.00253906 1.51413e-05

0.00253906 1.51358e-05
0.00256348 1.06899e-05

0.00256348 1.24507e-05
0.00258789 7.4833e-06

0.00258789 7.47521e-06
0.0026123 1.25377e-05

0.0026123 1.083e-05
0.00263672 1.50363e-05

0.00263672 1.49775e-05
0.00266113 1.06263e-05

0.00266113 1.18811e-05
0.00268555 8.21257e-06

0.00268555 7.42449e-06
0.00270996 1.38199e-05

0.00270996 1.39122e-05
0.00273438 1.40913e-05

0.00273437 1.38576e-05
0.00275879 7.62809e-06

0.00275879 8.40154e-06
0.0027832 1.18434e-05

0.0027832 1.07681e-05
0.00280762 1.48331e-05

0.00280762 1.48333e-05
0.00283203 1.07997e-05

0.00283203 1.19663e-05
0.00285645 8.28621e-06

0.00285645 7.60447e-06
0.00288086 1.3638e-05

0.00288086 1.37429e-05
0.00290527 1.39599e-05

0.00290527 1.31127e-05
0.00292969 8.42075e-06

0.00292969 8.92535e-06
0.0029541 1.2849e-05

0.0029541 1.31099e-05
0.00297852 1.33263e-05

0.00297852 1.15461e-05
0.00300293 1.0514e-05

0.00300293 1.06031e-05
0.00302734 1.44852e-05

0.00302734 1.28449e-05
0.00305176 1.44929e-05

0.00305176 1.32909e-05
0.00307617 1.4211e-05

0.00307617 1.3803e-05
0.00310059 1.49302e-05

0.00310059 1.42026e-05
0.003125 1.50572e-05

0.00175781 0.00287962
0.00157763 0.00292969

0.0015625 0.00293389
0.00157763 0.00292969

0.00175781 0.00288012
0.00195312 0.00281712

0.00234375 0.0026592
0.00217187 0.00273438

0.00195312 0.00281746
0.00214844 0.00274405

0.00214844 0.00274358
0.00216948 0.00273438

0.00292969 0.00231067
0.00288392 0.00234375

0.003125 0.00214824
0.00312478 0.00214844

0.00302734 0.00223362
0.00301173 0.00224609

0.00297852 0.00227136
0.00294833 0.00229492

0.00292969 0.00230971
0.00294891 0.00229492

0.00300293 0.00225215
0.00297977 0.00227051

0.00297852 0.00227217
0.00298058 0.00227051

0.00300293 0.00224779
0.00300511 0.00224609

0.00307617 0.00218939
0.00306713 0.00219727

0.00302734 0.00223269
0.00306911 0.00219727

0.00307617 0.00219094
0.00312386 0.00214844

0.00244141 0.00261139
0.00238945 0.00263672

0.00234375 0.00265748
0.00238632 0.00263672

0.00244141 0.0026109
0.00253906 0.00255973

0.00273438 0.00244658
0.00257804 0.00253906

0.00253906 0.00255909
0.00257349 0.00253906

0.00283203 0.00238
0.00274 0.00244141

0.00273438 0.00244443
0.00273908 0.00244141

0.00283203 0.00237956
0.0028819 0.00234375

0.003125 1.4557e-05
0.00314941 1.55455e-05

0.00314941 1.49185e-05
0.00317383 1.59655e-05

0.00317383 1.537e-05
0.00319824 1.65015e-05

0.00319824 1.6457e-05
0.00322266 1.63964e-05

0.00322266 1.55879e-05
0.00324707 1.61765e-05

0.00324707 1.54469e-05
0.00327148 1.84534e-05

0.00327148 1.81091e-05
0.0032959 1.92768e-05

0.0032959 1.84423e-05
0.00332031 1.77678e-05

0.00332031 1.75781e-05
0.00334473 1.84647e-05

0.00334473 1.85313e-05
0.00336914 1.94495e-05

0.00336914 1.2805e-05
0.0033923 2.44141e-05

0.00339078 2.44141e-05
0.00339355 2.55308e-05

0.00339355 2.73937e-05
0.00341797 4.86929e-05

0.0034177 4.88281e-05
0.00341797 4.90908e-05

0.00341797 4.87507e-05
0.00341805 4.88281e-05

0.00341797 4.93304e-05
0.0034418 7.32422e-05

0.00344181 7.32422e-05
0.00344238 7.38457e-05

0.00344238 7.39957e-05
0.00346433 9.76563e-05

0.00346483 9.76563e-05
0.0034668 9.98711e-05

0.0034668 0.000100599
0.0034855 0.00012207

0.00348527 0.00012207
0.00349121 0.000129202

0.00349121 0.000128854
0.00350566 0.000146484

0.00350591 0.000146484
0.00351563 0.000159226

0.00351563 0.000159639
0.0035424 0.000195313

0.00354277 0.000195313
0.00356445 0.000227901

0.00356445 0.000229854
0.00357377 0.000244141

0.00357472 0.000244141
0.00360353 0.000292969

0.0036043 0.000292969
0.00361328 0.000311077

0.00361328 0.000312555
0.00362854 0.000341797

0.00362877 0.000341797
0.00365138 0.000390625

0.00365204 0.000390625
0.00368948 0.000488281

0.00368929 0.000488281
0.00371094 0.000564767

0.00371094 0.000566531
0.00371643 0.000585938

0.00371662 0.000585937
0.00373546 0.000683594

0.00373509 0.000683594
0.00374627 0.00078125

0.00374825 0.00078125
0.00374883 0.000976562

0.00374852 0.000976562
0.00372052 0.00117188

0.00371094 0.00120663
0.00366481 0.00136719

0.00366488 0.00136719
0.0035797 0.0015625

0.00371094 0.00120146
0.00371831 0.00117187

0.00332031 0.00194533
0.00331382 0.00195312

0.00351563 0.00167439
0.00346315 0.00175781

0.00341797 0.00182128
0.00339359 0.00185547

0.00332031 0.00194595
0.00339348 0.00185547

0.00346233 0.00175781
0.00342834 0.00180664

0.00341797 0.00181894
0.00342662 0.00180664

0.003125 0.0021484
0.00322266 0.00205344

0.00331469 0.00195313
0.00322531 0.00205078

0.00322266 0.00205383
0.00322562 0.00205078

0.00357763 0.0015625
0.00352392 0.00166016

0.00351563 0.00167067
0.00352201 0.00166016

