7.1603e-05 0
7.32422e-05 4.80518e-06

7.32422e-05 9.23991e-07
9.58252e-05 2.44141e-05

9.68738e-05 2.44141e-05
9.76563e-05 2.46853e-05

9.76563e-05 1.43473e-05
0.00012207 1.50743e-05

0.00012147 2.44141e-05
0.00012207 2.4421e-05

0.00012207 1.38659e-05
0.000146484 1.437e-05

0.000146484 1.49005e-05
0.000170898 1.53204e-05

0.000170898 1.48511e-05
0.000195313 1.40589e-05

0.000195313 1.44807e-05
0.000219727 1.44748e-05

0.000219727 1.42944e-05
0.000244141 1.46063e-05

0.000244141 1.46212e-05
0.000268555 1.48292e-05

0.000268555 1.51e-05
0.000292969 1.41331e-05

0.000292969 1.43461e-05
0.000317383 1.35751e-05

0.000317383 1.39585e-05
0.000341797 1.40838e-05

0.000341797 1.39956e-05
0.000366211 1.41173e-05

0.000366211 1.42628e-05
0.000390625 1.39664e-05

0.000390625 1.41651e-05
0.000415039 1.34937e-05

0.000415039 1.36889e-05
0.000439453 1.35251e-05

0.000439453 1.36032e-05
0.000463867 1.38109e-05

0.000463867 1.38682e-05
0.000488281 1.36566e-05

0.000488281 1.38133e-05
0.000512695 1.32842e-05

0.000512695 1.343e-05
0.000537109 1.33112e-05

0.000537109 1.33885e-05
0.000561523 1.35346e-05

0.000561523 1.35648e-05
0.000585937 1.3391e-05

0.000585938 1.35436e-05
0.000610352 1.31245e-05

0.000610352 1.32104e-05
0.000634766 1.31352e-05

0.000634766 1.3227e-05
0.00065918 1.33324e-05

0.00065918 1.32853e-05
0.000683594 1.32128e-05

0.000683594 1.33223e-05
0.000708008 1.31322e-05

0.000708008 1.31535e-05
0.000732422 1.30703e-05

0.000732422 1.30044e-05
0.000756836 1.33307e-05

0.000756836 1.31791e-05
0.00078125 1.35151e-05

0.00078125 1.34652e-05
0.000805664 1.33586e-05

0.000805664 1.32913e-05
0.000830078 1.32474e-05

0.000830078 1.31643e-05
0.000854492 1.35957e-05

0.000854492 1.35047e-05
0.000878906 1.36656e-05

0.000878906 1.34877e-05
0.00090332 1.35096e-05

0.00090332 1.34818e-05
0.000927734 1.37209e-05

0.000927734 1.35823e-05
0.000952148 1.377e-05

0.000952148 1.36165e-05
0.000976562 1.38667e-05

0.000976562 1.37407e-05
0.00100098 1.39876e-05

0.00100098 1.38351e-05
0.00102539 1.40216e-05

0.00102539 1.38018e-05
0.0010498 1.42103e-05

0.0010498 1.41784e-05
0.00107422 1.43049e-05

0.00107422 1.40456e-05
0.00109863 1.4162e-05

0.00109863 1.39189e-05
0.00112305 1.4745e-05

0.00112305 1.44782e-05
0.00114746 1.50269e-05

0.00114746 1.4902e-05
0.00117187 1.46399e-05

0.00117188 1.45087e-05
0.00119629 1.45752e-05

0.00119629 1.42395e-05
0.0012207 1.5409e-05

0.0012207 1.49977e-05
0.00124512 1.59924e-05

0.00124512 1.612e-05
0.00126953 1.51983e-05

0.00126953 1.49348e-05
0.00129395 1.45065e-05

0.00129395 1.5383e-05
0.00131836 1.52287e-05

0.00131836 1.44242e-05
0.00134277 1.47647e-05

0.00134277 1.60401e-05
0.00136719 1.51303e-05

0.0013916 9.30573e-07
0.00136964 2.44141e-05

0.0013916 4.00692e-06
0.00139296 0

0.00146303 0
0.00146484 5.35905e-06

0.00146484 4.53848e-06
0.00148412 2.44141e-05

0.00148377 2.44141e-05
0.00148926 2.63616e-05

0.00148926 1.74644e-05
0.00151367 1.75808e-05

0.00148926 2.44693e-05
0.001504 2.44141e-05

0.00151367 1.68415e-05
0.00153809 1.66596e-05

0.00153599 2.44141e-05
0.00153809 2.44185e-05

0.0015625 6.15916e-06
0.00154345 2.44141e-05

0.00153809 2.62476e-05
0.00154355 2.44141e-05

0 0.00312237
0.000390625 0.00311135

0.000390625 0.00311163
0.00078125 0.00307798

0.00078125 0.00307862
0.00117187 0.00302049

0.00117188 0.00302154
0.0015625 0.00293557

0.0015625 7.11364e-06
0.00156504 0

0.00165637 0
0.00166016 9.25183e-06

0.00166016 1.0403e-05
0.00167555 2.44141e-05

0.0016747 2.44141e-05
0.00168457 2.79361e-05

0.00168457 1.79984e-05
0.00170898 1.82355e-05

0.00169435 2.44141e-05
0.00170898 2.44863e-05

0.0017334 1.10713e-05
0.00171808 2.44141e-05

0.00170898 2.79074e-05
0.00171905 2.44141e-05

0.0017334 1.17149e-05
0.00173836 0

0.00180043 0
0.00180664 1.4028e-05

0.00180664 9.26994e-06
0.00183105 1.25202e-05

0.00183105 5.96014e-06
0.00185531 0

0.00185549 0
0.00187988 1.76117e-05

0.00187988 9.39014e-06
0.0019043 1.14398e-05

0.0019043 9.36764e-06
0.00192871 1.0439e-05

0.00192871 9.87289e-06
0.00195312 1.21635e-05

0.00195312 9.51263e-06
0.00197754 1.29958e-05

0.00197754 1.36073e-05
0.00200195 1.28775e-05

0.00200195 1.53518e-05
0.00202637 6.18978e-06

0.00202637 6.66772e-06
0.00205078 9.13749e-06

0.00205078 9.57442e-06
0.0020752 1.45738e-05

0.0020752 9.82467e-06
0.00209961 1.18344e-05

0.00209961 1.33641e-05
0.00212402 1.33689e-05

0.00212402 1.30742e-05
0.00214844 8.5912e-06

0.00214844 8.18845e-06
0.00217285 1.29616e-05

0.00217285 1.38147e-05
0.00219727 1.38203e-05

0.00219727 1.3117e-05
0.00222168 8.04053e-06

0.00222168 7.9442e-06
0.00224609 1.33655e-05

0.00224609 1.40708e-05
0.00227051 1.3876e-05

0.00227051 1.37818e-05
0.00229492 7.26654e-06

0.00229492 8.01709e-06
0.00231934 1.1925e-05

0.00231934 1.05974e-05
0.00234375 1.50717e-05

0.00234375 1.51128e-05
0.00236816 1.07645e-05

0.00236816 1.25121e-05
0.00239258 7.37954e-06

0.00239258 7.38797e-06
0.00241699 1.24948e-05

0.00241699 1.06868e-05
0.00244141 1.51671e-05

0.00244141 1.51635e-05
0.00246582 1.06793e-05

0.00246582 1.24783e-05
0.00249023 7.41068e-06

0.00249023 7.41128e-06
0.00251465 1.25128e-05

0.00251465 1.07068e-05
0.00253906 1.51435e-05

0.00253906 1.51384e-05
0.00256348 1.06888e-05

0.00256348 1.245e-05
0.00258789 7.4809e-06

0.00258789 7.47275e-06
0.0026123 1.254e-05

0.0026123 1.08306e-05
0.00263672 1.50381e-05

0.00263672 1.49799e-05
0.00266113 1.06256e-05

0.00266113 1.18822e-05
0.00268555 8.20951e-06

0.00268555 7.41827e-06
0.00270996 1.38231e-05

0.00270996 1.3924e-05
0.00273438 1.40894e-05

0.00273437 1.38679e-05
0.00275879 7.5964e-06

0.00275879 8.37222e-06
0.0027832 1.18362e-05

0.0027832 1.07587e-05
0.00280762 1.48431e-05

0.00280762 1.48496e-05
0.00283203 1.07698e-05

0.00283203 1.18559e-05
0.00285645 8.34066e-06

0.00285645 7.68908e-06
0.00288086 1.37339e-05

0.00288086 1.38811e-05
0.00290527 1.38033e-05

0.00290527 1.2894e-05
0.00292969 8.42476e-06

0.00292969 9.0594e-06
0.0029541 1.29886e-05

0.0029541 1.30407e-05
0.00297852 1.31947e-05

0.00297852 1.13988e-05
0.00300293 1.08527e-05

0.00300293 1.09434e-05
0.00302734 1.45743e-05

0.00302734 1.29478e-05
0.00305176 1.4287e-05

0.00305176 1.32767e-05
0.00307617 1.42061e-05

0.00307617 1.37296e-05
0.00310059 1.49118e-05

0.00310059 1.42097e-05
0.003125 1.51148e-05

0.00175781 0.00287954
0.00157729 0.00292969

0.0015625 0.0029338
0.00157731 0.00292969

0.00175781 0.00288005
0.00195312 0.00281706

0.00234375 0.00265919
0.00217179 0.00273438

0.00195312 0.0028174
0.00214844 0.00274401

0.00214844 0.00274354
0.0021694 0.00273438

0.00292969 0.00231074
0.00288401 0.00234375

0.003125 0.00214826
0.00312481 0.00214844

0.00302734 0.00223372
0.00301186 0.00224609

0.00297852 0.00227142
0.0029484 0.00229492

0.00292969 0.00230977
0.00294899 0.00229492

0.00300293 0.00225221
0.00297985 0.00227051

0.00297852 0.00227222
0.00298064 0.00227051

0.00300293 0.00224778
0.0030051 0.00224609

0.00307617 0.00218941
0.00306716 0.00219727

0.00302734 0.00223277
0.0030692 0.00219727

0.00307617 0.00219101
0.00312396 0.00214844

0.00244141 0.00261138
0.00238944 0.00263672

0.00234375 0.00265746
0.00238629 0.00263672

0.00244141 0.0026109
0.00253906 0.00255974

0.00273438 0.00244662
0.00257806 0.00253906

0.00253906 0.00255909
0.00257351 0.00253906

0.00283203 0.00238004
0.00274005 0.00244141

0.00273438 0.00244445
0.00273912 0.00244141

0.00283203 0.00237959
0.00288195 0.00234375

0.003125 1.46179e-05
0.00314941 1.54739e-05

0.00314941 1.49337e-05
0.00317383 1.5796e-05

0.00317383 1.52983e-05
0.00319824 1.62427e-05

0.00319824 1.57265e-05
0.00322266 1.663e-05

0.00322266 1.61296e-05
0.00324707 1.70076e-05

0.00324707 1.64522e-05
0.00327148 1.74937e-05

0.00327148 1.69088e-05
0.0032959 1.81638e-05

0.0032959 1.75537e-05
0.00332031 1.87987e-05

0.00332031 1.8096e-05
0.00334473 1.94468e-05

0.00334473 1.94835e-05
0.00336914 1.95705e-05

0.00336914 1.31322e-05
0.00339323 2.44141e-05

0.00339193 2.44141e-05
0.00339355 2.50336e-05

0.00339355 2.68826e-05
0.00341797 4.81329e-05

0.00341788 4.88281e-05
0.00341797 4.89198e-05

0.00341797 4.82474e-05
0.00341856 4.88281e-05

0.00341797 4.90184e-05
0.00344189 7.32422e-05

0.00344193 7.32422e-05
0.00344238 7.3716e-05

0.00344238 7.38777e-05
0.00346439 9.76563e-05

0.00346493 9.76563e-05
0.0034668 9.9755e-05

0.0034668 0.000100197
0.00350602 0.000146484

0.00350602 0.000146484
0.00351563 0.000159075

0.00351563 0.00015934
0.00354229 0.000195313

0.00354285 0.000195313
0.00356445 0.000227773

0.00356445 0.000229736
0.00357386 0.000244141

0.00357481 0.000244141
0.00360361 0.000292969

0.00360439 0.000292969
0.00361328 0.000310897

0.00361328 0.000312393
0.00362862 0.000341797

0.00362885 0.000341797
0.00365146 0.000390625

0.00365212 0.000390625
0.00368957 0.000488281

0.00368938 0.000488281
0.00371094 0.000564402

0.00371094 0.000566184
0.00371653 0.000585938

0.00371672 0.000585937
0.00373557 0.000683594

0.0037352 0.000683594
0.0037464 0.00078125

0.00374838 0.00078125
0.00374898 0.000976562

0.00374867 0.000976562
0.00372068 0.00117188

0.00371094 0.00120719
0.00366497 0.00136719

0.00366503 0.00136719
0.00357983 0.0015625

0.00371094 0.00120215
0.00371848 0.00117187

0.00332031 0.00194535
0.00331384 0.00195312

0.00351563 0.0016746
0.00346328 0.00175781

0.00341797 0.0018215
0.00339375 0.00185547

0.00332031 0.0019461
0.0033936 0.00185547

0.00346245 0.00175781
0.00342846 0.00180664

0.00341797 0.001819
0.00342667 0.00180664

0.00322266 0.00205354
0.00312505 0.00214844

0.0033148 0.00195313
0.00322541 0.00205078

0.00322266 0.00205397
0.00322576 0.00205078

0.00357777 0.0015625
0.00352405 0.00166016

0.00351563 0.00167092
0.00352216 0.00166016

