7.14222e-05 0
7.32422e-05 5.31217e-06

7.32422e-05 1.23706e-06
9.59425e-05 2.44141e-05

9.63121e-05 2.44141e-05
9.76563e-05 2.48713e-05

9.76563e-05 1.41236e-05
0.00012207 1.47972e-05

0.000118963 2.44141e-05
0.00012207 2.44467e-05

0.00012207 1.38083e-05
0.000146484 1.45212e-05

0.000146484 1.51339e-05
0.000170898 1.49136e-05

0.000170898 1.41916e-05
0.000195313 1.37877e-05

0.000195313 1.41977e-05
0.000219727 1.52134e-05

0.000219727 1.4888e-05
0.000244141 1.47053e-05

0.000244141 1.48698e-05
0.000268555 1.42477e-05

0.000268555 1.43858e-05
0.000292969 1.42186e-05

0.000292969 1.43905e-05
0.000317383 1.44641e-05

0.000317383 1.4467e-05
0.000341797 1.4253e-05

0.000341797 1.46455e-05
0.000366211 1.38737e-05

0.000366211 1.41183e-05
0.000390625 1.34081e-05

0.000390625 1.36011e-05
0.000415039 1.38416e-05

0.000415039 1.38635e-05
0.000439453 1.40252e-05

0.000439453 1.41574e-05
0.000463867 1.35301e-05

0.000463867 1.37441e-05
0.000488281 1.32007e-05

0.000488281 1.3341e-05
0.000512695 1.35418e-05

0.000512695 1.35441e-05
0.000537109 1.36967e-05

0.000537109 1.38063e-05
0.000561523 1.33025e-05

0.000561523 1.34837e-05
0.000585937 1.30145e-05

0.000585938 1.31238e-05
0.000610352 1.33027e-05

0.000610352 1.33014e-05
0.000634766 1.3456e-05

0.000634766 1.35227e-05
0.00065918 1.31289e-05

0.00065918 1.32747e-05
0.000683594 1.29114e-05

0.000683594 1.2921e-05
0.000708008 1.3209e-05

0.000708008 1.31283e-05
0.000732422 1.34709e-05

0.000732422 1.3375e-05
0.000756836 1.32507e-05

0.000756836 1.32625e-05
0.00078125 1.31564e-05

0.00078125 1.30618e-05
0.000805664 1.34103e-05

0.000805664 1.32509e-05
0.000830078 1.36737e-05

0.000830078 1.35999e-05
0.000854492 1.34923e-05

0.000854492 1.34692e-05
0.000878906 1.32969e-05

0.000878906 1.32048e-05
0.00090332 1.36346e-05

0.00090332 1.34913e-05
0.000927734 1.39078e-05

0.000927734 1.36994e-05
0.000952148 1.37603e-05

0.000952148 1.36859e-05
0.000976562 1.38046e-05

0.000976562 1.36791e-05
0.00100098 1.39589e-05

0.00100098 1.38034e-05
0.00102539 1.411e-05

0.00102539 1.39251e-05
0.0010498 1.41801e-05

0.0010498 1.40004e-05
0.00107422 1.43045e-05

0.00107422 1.40898e-05
0.00109863 1.44858e-05

0.00109863 1.43511e-05
0.00112305 1.45723e-05

0.00112305 1.42111e-05
0.00114746 1.47128e-05

0.00114746 1.47438e-05
0.00117187 1.49775e-05

0.00117188 1.48023e-05
0.00119629 1.44971e-05

0.00119629 1.40494e-05
0.0012207 1.5182e-05

0.0012207 1.49621e-05
0.00124512 1.61758e-05

0.00124512 1.61526e-05
0.00126953 1.51133e-05

0.00126953 1.49012e-05
0.00129395 1.44906e-05

0.00129395 1.53163e-05
0.00131836 1.52733e-05

0.00131836 1.43493e-05
0.00134277 1.49721e-05

0.00134277 1.64019e-05
0.00136719 1.52153e-05

0.0013916 5.50801e-07
0.00136966 2.44141e-05

0.0013916 4.04223e-06
0.00139297 0

0.00146306 0
0.00146484 5.18138e-06

0.00146484 5.2005e-06
0.0014839 2.44141e-05

0.00148312 2.44141e-05
0.00148926 2.65559e-05

0.00148926 1.71974e-05
0.00151367 1.72364e-05

0.00148926 2.4476e-05
0.00149979 2.44141e-05

0.00151367 1.70952e-05
0.00153809 1.69818e-05

0.00152537 2.44141e-05
0.00153809 2.44381e-05

0.0015625 5.73594e-06
0.00154329 2.44141e-05

0.00153809 2.60144e-05
0.00154279 2.44141e-05

0 0.00312208
0.000390625 0.00311106

0.000390625 0.00311135
0.00078125 0.00307772

0.00078125 0.00307836
0.00117187 0.00302027

0.00117188 0.00302131
0.0015625 0.00293539

0.0015625 7.63916e-06
0.00156521 0

0.00165637 0
0.00166016 9.24959e-06

0.00166016 1.04143e-05
0.00167555 2.44141e-05

0.00167471 2.44141e-05
0.00168457 2.79291e-05

0.00168457 1.7991e-05
0.00170898 1.82285e-05

0.00169433 2.44141e-05
0.00170898 2.44865e-05

0.0017334 1.1083e-05
0.00171809 2.44141e-05

0.00170898 2.78998e-05
0.00171903 2.44141e-05

0.0017334 1.17048e-05
0.00173836 0

0.00180046 0
0.00180664 1.3989e-05

0.00180664 9.24656e-06
0.00183105 1.25548e-05

0.00183105 5.96494e-06
0.00185535 0

0.00185548 0
0.00187988 1.76099e-05

0.00187988 9.40129e-06
0.0019043 1.14449e-05

0.0019043 9.37652e-06
0.00192871 1.04361e-05

0.00192871 9.87629e-06
0.00195312 1.21636e-05

0.00195312 9.51586e-06
0.00197754 1.2995e-05

0.00197754 1.36063e-05
0.00200195 1.28771e-05

0.00200195 1.53413e-05
0.00202637 6.20367e-06

0.00202637 6.68475e-06
0.00205078 9.14407e-06

0.00205078 9.56514e-06
0.0020752 1.45769e-05

0.0020752 9.85171e-06
0.00209961 1.18491e-05

0.00209961 1.33806e-05
0.00212402 1.33318e-05

0.00212402 1.29927e-05
0.00214844 8.64361e-06

0.00214844 8.25072e-06
0.00217285 1.30416e-05

0.00217285 1.39109e-05
0.00219727 1.37346e-05

0.00219727 1.31462e-05
0.00222168 7.91111e-06

0.00222168 7.80491e-06
0.00224609 1.33429e-05

0.00224609 1.39539e-05
0.00227051 1.40079e-05

0.00227051 1.38656e-05
0.00229492 7.35467e-06

0.00229492 8.09052e-06
0.00231934 1.18409e-05

0.00231934 1.05905e-05
0.00234375 1.50716e-05

0.00234375 1.51066e-05
0.00236816 1.07673e-05

0.00236816 1.25102e-05
0.00239258 7.38686e-06

0.00239258 7.39494e-06
0.00241699 1.24942e-05

0.00241699 1.0689e-05
0.00244141 1.51627e-05

0.00244141 1.51588e-05
0.00246582 1.06817e-05

0.00246582 1.2476e-05
0.00249023 7.42005e-06

0.00249023 7.4208e-06
0.00251465 1.2513e-05

0.00251465 1.07111e-05
0.00253906 1.51372e-05

0.00253906 1.51314e-05
0.00256348 1.06917e-05

0.00256348 1.24448e-05
0.00258789 7.49712e-06

0.00258789 7.48756e-06
0.0026123 1.25437e-05

0.0026123 1.0838e-05
0.00263672 1.50322e-05

0.00263672 1.4974e-05
0.00266113 1.06336e-05

0.00266113 1.18886e-05
0.00268555 8.2216e-06

0.00268555 7.43373e-06
0.00270996 1.38143e-05

0.00270996 1.39187e-05
0.00273438 1.4085e-05

0.00273437 1.38453e-05
0.00275879 7.62687e-06

0.00275879 8.40171e-06
0.0027832 1.18583e-05

0.0027832 1.07924e-05
0.00280762 1.48138e-05

0.00280762 1.48088e-05
0.00283203 1.07804e-05

0.00283203 1.18567e-05
0.00285645 8.41159e-06

0.00285645 7.71822e-06
0.00288086 1.37508e-05

0.00288086 1.38936e-05
0.00290527 1.38672e-05

0.00290527 1.32265e-05
0.00292969 8.20715e-06

0.00292969 8.89792e-06
0.0029541 1.25526e-05

0.0029541 1.22815e-05
0.00297852 1.36567e-05

0.00297852 1.16764e-05
0.00300293 1.15878e-05

0.00300293 1.16044e-05
0.00302734 1.42149e-05

0.00302734 1.28864e-05
0.00305176 1.40059e-05

0.00305176 1.32326e-05
0.00307617 1.42231e-05

0.00307617 1.36428e-05
0.00310059 1.47396e-05

0.00310059 1.40712e-05
0.003125 1.50823e-05

0.00175781 0.0028794
0.00157666 0.00292969

0.0015625 0.00293364
0.00157674 0.00292969

0.00175781 0.0028799
0.00195312 0.00281695

0.00234375 0.00265914
0.00217161 0.00273438

0.00195312 0.00281729
0.00214844 0.00274393

0.00214844 0.00274345
0.00216921 0.00273438

0.00292969 0.00231085
0.00288415 0.00234375

0.00302734 0.00223389
0.00301207 0.00224609

0.00297852 0.00227151
0.00294851 0.00229492

0.00292969 0.00230988
0.00294913 0.00229492

0.00300293 0.00225233
0.00297998 0.00227051

0.00297852 0.00227228
0.00298071 0.00227051

0.00300293 0.00224792
0.00300529 0.00224609

0.00307617 0.00218946
0.00306722 0.00219727

0.00302734 0.0022329
0.00306938 0.00219727

0.00307617 0.00219115
0.00312413 0.00214844

0.00244141 0.00261136
0.00238936 0.00263672

0.00234375 0.0026574
0.0023862 0.00263672

0.00244141 0.00261087
0.00253906 0.00255973

0.00273438 0.00244665
0.00257806 0.00253906

0.00253906 0.00255908
0.00257349 0.00253906

0.00283203 0.0023801
0.00274011 0.00244141

0.00273438 0.00244447
0.00273915 0.00244141

0.00283203 0.00237964
0.00288202 0.00234375

0.003125 1.45156e-05
0.00314941 1.54776e-05

0.00314941 1.49604e-05
0.00317383 1.57675e-05

0.00317383 1.53175e-05
0.00319824 1.60288e-05

0.00319824 1.55179e-05
0.00322266 1.64274e-05

0.00322266 1.58456e-05
0.00324707 1.70922e-05

0.00324707 1.64651e-05
0.00327148 1.77271e-05

0.00327148 1.7038e-05
0.0032959 1.82537e-05

0.0032959 1.76851e-05
0.00332031 1.88528e-05

0.00332031 1.82014e-05
0.00334473 1.9418e-05

0.00334473 1.94704e-05
0.00336914 1.95007e-05

0.00336914 1.31738e-05
0.00339337 2.44141e-05

0.00339245 2.44141e-05
0.00339355 2.48267e-05

0.00339355 2.66135e-05
0.00341797 4.77948e-05

0.00341797 4.77585e-05
0.00341906 4.88281e-05

0.003418 4.88281e-05
0.00344196 7.32422e-05

0.00344199 7.32422e-05
0.00344238 7.36599e-05

0.00344238 7.38161e-05
0.00346438 9.76563e-05

0.00346493 9.76563e-05
0.0034668 9.97545e-05

0.0034668 0.000100181
0.00350602 0.000146484

0.00350608 0.000146484
0.00351563 0.00015898

0.00351563 0.000159491
0.00354254 0.000195313

0.00354296 0.000195313
0.00356445 0.00022755

0.00356445 0.000229556
0.00357399 0.000244141

0.00357496 0.000244141
0.0036038 0.000292969

0.0036046 0.000292969
0.00361328 0.000310445

0.00361328 0.000312025
0.00362883 0.000341797

0.00362906 0.000341797
0.00365169 0.000390625

0.00365235 0.000390625
0.00368981 0.000488281

0.00368963 0.000488281
0.00371094 0.000563518

0.00371094 0.000565322
0.00371678 0.000585938

0.00371697 0.000585937
0.00373581 0.000683594

0.00373545 0.000683594
0.00374664 0.00078125

0.00374862 0.00078125
0.00374922 0.000976562

0.00374891 0.000976562
0.00372093 0.00117188

0.00371094 0.00120811
0.00366523 0.00136719

0.00366529 0.00136719
0.00358008 0.0015625

0.00371094 0.00120328
0.00371876 0.00117187

0.00332031 0.00194542
0.00331389 0.00195312

0.00351563 0.00167499
0.00346352 0.00175781

0.00341797 0.00182189
0.00339403 0.00185547

0.00332031 0.00194637
0.00339384 0.00185547

0.00346269 0.00175781
0.00342868 0.00180664

0.00341797 0.00181914
0.00342678 0.00180664

0.00322266 0.00205373
0.00312521 0.00214844

0.00331501 0.00195313
0.0032256 0.00205078

0.00322266 0.00205424
0.00322602 0.00205078

0.00357802 0.0015625
0.00352428 0.00166016

0.00351563 0.00167137
0.00352244 0.00166016

