7.19322e-05 0
7.32422e-05 3.8692e-06

7.34741e-05 0
9.57387e-05 2.44141e-05

9.71657e-05 2.44141e-05
9.76563e-05 2.45933e-05

9.76563e-05 1.46016e-05
0.00012207 1.5912e-05

0.00012207 1.43222e-05
0.000146484 1.38412e-05

0.000146484 1.48913e-05
0.000170898 1.48566e-05

0.000170898 1.40649e-05
0.000195313 1.40437e-05

0.000195313 1.43813e-05
0.000219727 1.5333e-05

0.000219727 1.50726e-05
0.000244141 1.45585e-05

0.000244141 1.48909e-05
0.000268555 1.39961e-05

0.000268555 1.41017e-05
0.000292969 1.41168e-05

0.000292969 1.43713e-05
0.000317383 1.45393e-05

0.000317383 1.45209e-05
0.000341797 1.39604e-05

0.000341797 1.42052e-05
0.000366211 1.38336e-05

0.000366211 1.40637e-05
0.000390625 1.3847e-05

0.000390625 1.3964e-05
0.000415039 1.37448e-05

0.000415039 1.38622e-05
0.000439453 1.37167e-05

0.000439453 1.38454e-05
0.000463867 1.36441e-05

0.000463867 1.37414e-05
0.000488281 1.35356e-05

0.000488281 1.36843e-05
0.000512695 1.34984e-05

0.000512695 1.35942e-05
0.000537109 1.3407e-05

0.000537109 1.35529e-05
0.000561523 1.33536e-05

0.000561523 1.34481e-05
0.000585937 1.32605e-05

0.000585938 1.32806e-05
0.000610352 1.33519e-05

0.000610352 1.34857e-05
0.000634766 1.33269e-05

0.000634766 1.33814e-05
0.00065918 1.302e-05

0.00065918 1.3139e-05
0.000683594 1.31509e-05

0.000683594 1.31171e-05
0.000708008 1.33014e-05

0.000708008 1.33138e-05
0.000732422 1.3242e-05

0.000732422 1.32344e-05
0.000756836 1.30803e-05

0.000756836 1.29877e-05
0.00078125 1.33462e-05

0.00078125 1.32336e-05
0.000805664 1.35991e-05

0.000805664 1.34187e-05
0.000830078 1.34484e-05

0.000830078 1.34408e-05
0.000854492 1.34355e-05

0.000854492 1.33526e-05
0.000878906 1.35068e-05

0.000878906 1.34524e-05
0.00090332 1.36506e-05

0.00090332 1.34679e-05
0.000927734 1.36844e-05

0.000927734 1.35477e-05
0.000952148 1.38771e-05

0.000952148 1.38464e-05
0.000976562 1.37988e-05

0.000976562 1.36091e-05
0.00100098 1.37441e-05

0.00100098 1.35603e-05
0.00102539 1.42881e-05

0.00102539 1.40238e-05
0.0010498 1.44376e-05

0.0010498 1.4324e-05
0.00107422 1.41643e-05

0.00107422 1.40345e-05
0.00109863 1.41789e-05

0.00109863 1.38844e-05
0.00112305 1.48279e-05

0.00112305 1.46764e-05
0.00114746 1.50229e-05

0.00114746 1.47012e-05
0.00117187 1.45665e-05

0.00117188 1.4502e-05
0.00119629 1.49808e-05

0.00119629 1.48042e-05
0.0012207 1.52368e-05

0.0012207 1.50413e-05
0.00124512 1.51488e-05

0.00124512 1.51998e-05
0.00126953 1.50183e-05

0.00126953 1.4521e-05
0.00129395 1.53706e-05

0.00129395 1.60211e-05
0.00131836 1.5608e-05

0.00131836 1.50505e-05
0.00134277 1.41512e-05

0.00134277 1.53234e-05
0.00136719 1.48293e-05

0.00134277 2.44348e-05
0.00134534 2.44141e-05

0.0013916 1.80863e-06
0.00136954 2.44141e-05

0.00136719 2.4682e-05
0.00136797 2.44141e-05

0.0013916 4.92852e-06
0.00139328 0

0.00146272 0
0.00146484 6.14839e-06

0.00146484 5.08874e-06
0.00148411 2.44141e-05

0.0014846 2.44141e-05
0.00148926 2.60325e-05

0.00148926 1.71421e-05
0.00151367 1.73601e-05

0.00150849 2.44141e-05
0.00151367 2.44247e-05

0.00151367 1.70814e-05
0.00153809 1.70064e-05

0.00153603 2.44141e-05
0.00153809 2.44213e-05

0.0015625 5.78707e-06
0.00154338 2.44141e-05

0.00153809 2.61846e-05
0.00154328 2.44141e-05

0 0.00312202
0.000390625 0.003111

0.000390625 0.00311129
0.00078125 0.00307766

0.00078125 0.0030783
0.00117187 0.00302021

0.00117188 0.00302126
0.0015625 0.00293535

0.0015625 7.32562e-06
0.0015651 0

0.00165637 0
0.00166016 9.23232e-06

0.00166016 1.04068e-05
0.00167554 2.44141e-05

0.00167471 2.44141e-05
0.00168457 2.79345e-05

0.00168457 1.80059e-05
0.00170898 1.82417e-05

0.00169437 2.44141e-05
0.00170898 2.44858e-05

0.0017334 1.10731e-05
0.00171809 2.44141e-05

0.00170898 2.79052e-05
0.00171904 2.44141e-05

0.0017334 1.17015e-05
0.00173836 0

0.00180043 0
0.00180664 1.40313e-05

0.00180664 9.24888e-06
0.00183105 1.25203e-05

0.00183105 5.94768e-06
0.00185543 0

0.00185548 0
0.00187988 1.76125e-05

0.00187988 9.40642e-06
0.0019043 1.14509e-05

0.0019043 9.3771e-06
0.00192871 1.04331e-05

0.00192871 9.88001e-06
0.00195312 1.21671e-05

0.00195312 9.51663e-06
0.00197754 1.2992e-05

0.00197754 1.36054e-05
0.00200195 1.28807e-05

0.00200195 1.53421e-05
0.00202637 6.20656e-06

0.00202637 6.68848e-06
0.00205078 9.14375e-06

0.00205078 9.57129e-06
0.0020752 1.45705e-05

0.0020752 9.8384e-06
0.00209961 1.18504e-05

0.00209961 1.33731e-05
0.00212402 1.33579e-05

0.00212402 1.30871e-05
0.00214844 8.58166e-06

0.00214844 8.17404e-06
0.00217285 1.29474e-05

0.00217285 1.37859e-05
0.00219727 1.38492e-05

0.00219727 1.31333e-05
0.00222168 8.07244e-06

0.00222168 7.97619e-06
0.00224609 1.33455e-05

0.00224609 1.40676e-05
0.00227051 1.38667e-05

0.00227051 1.37729e-05
0.00229492 7.2792e-06

0.00229492 8.0273e-06
0.00231934 1.1928e-05

0.00231934 1.06023e-05
0.00234375 1.50635e-05

0.00234375 1.51054e-05
0.00236816 1.07681e-05

0.00236816 1.25106e-05
0.00239258 7.39234e-06

0.00239258 7.4005e-06
0.00241699 1.2493e-05

0.00241699 1.06908e-05
0.00244141 1.51597e-05

0.00244141 1.51563e-05
0.00246582 1.06821e-05

0.00246582 1.24741e-05
0.00249023 7.42486e-06

0.00249023 7.42526e-06
0.00251465 1.25137e-05

0.00251465 1.07139e-05
0.00253906 1.51337e-05

0.00253906 1.51278e-05
0.00256348 1.06921e-05

0.00256348 1.2442e-05
0.00258789 7.50469e-06

0.00258789 7.49721e-06
0.0026123 1.2542e-05

0.0026123 1.08394e-05
0.00263672 1.50231e-05

0.00263672 1.49651e-05
0.00266113 1.06358e-05

0.00266113 1.1887e-05
0.00268555 8.23122e-06

0.00268555 7.44323e-06
0.00270996 1.38107e-05

0.00270996 1.39117e-05
0.00273438 1.40849e-05

0.00273437 1.38393e-05
0.00275879 7.64816e-06

0.00275879 8.41894e-06
0.0027832 1.18641e-05

0.0027832 1.08012e-05
0.00280762 1.48097e-05

0.00280762 1.48084e-05
0.00283203 1.07889e-05

0.00283203 1.18516e-05
0.00285645 8.43111e-06

0.00285645 7.75383e-06
0.00288086 1.37493e-05

0.00288086 1.39118e-05
0.00290527 1.38219e-05

0.00290527 1.31279e-05
0.00292969 8.25444e-06

0.00292969 8.91124e-06
0.0029541 1.26939e-05

0.0029541 1.25595e-05
0.00297852 1.3505e-05

0.00297852 1.15598e-05
0.00300293 1.12922e-05

0.00300293 1.13216e-05
0.00302734 1.43867e-05

0.00302734 1.29421e-05
0.00305176 1.41519e-05

0.00305176 1.33003e-05
0.00307617 1.41817e-05

0.00307617 1.37003e-05
0.00310059 1.47232e-05

0.00310059 1.40797e-05
0.003125 1.49858e-05

0.00175781 0.00287936
0.00157651 0.00292969

0.0015625 0.0029336
0.00157661 0.00292969

0.00175781 0.00287987
0.00195312 0.00281692

0.00234375 0.00265913
0.00217157 0.00273438

0.00195312 0.00281726
0.00214844 0.00274391

0.00214844 0.00274344
0.00216917 0.00273438

0.00292969 0.00231088
0.00288419 0.00234375

0.00302734 0.00223394
0.00301213 0.00224609

0.00297852 0.00227154
0.00294855 0.00229492

0.00292969 0.00230991
0.00294916 0.00229492

0.00300293 0.00225236
0.00298001 0.00227051

0.00297852 0.00227231
0.00298074 0.00227051

0.00300293 0.00224791
0.00300527 0.00224609

0.00307617 0.00218947
0.00306723 0.00219727

0.00302734 0.00223293
0.00306942 0.00219727

0.00307617 0.00219119
0.00312418 0.00214844

0.00244141 0.00261135
0.00238935 0.00263672

0.00234375 0.00265739
0.00238618 0.00263672

0.00244141 0.00261087
0.00253906 0.00255973

0.00273438 0.00244666
0.00257807 0.00253906

0.00253906 0.00255908
0.0025735 0.00253906

0.00283203 0.00238012
0.00274013 0.00244141

0.00273438 0.00244448
0.00273916 0.00244141

0.00283203 0.00237965
0.00288204 0.00234375

0.003125 1.44272e-05
0.00314941 1.54367e-05

0.00314941 1.48304e-05
0.00317383 1.58822e-05

0.00317383 1.53542e-05
0.00319824 1.62747e-05

0.00319824 1.57425e-05
0.00322266 1.65571e-05

0.00322266 1.60169e-05
0.00324707 1.705e-05

0.00324707 1.65862e-05
0.00327148 1.7584e-05

0.00327148 1.68571e-05
0.0032959 1.80671e-05

0.0032959 1.758e-05
0.00332031 1.89114e-05

0.00332031 1.8211e-05
0.00334473 1.93576e-05

0.00334473 1.93618e-05
0.00336914 1.94228e-05

0.00336914 1.28819e-05
0.00339282 2.44141e-05

0.00339113 2.44141e-05
0.00339355 2.53815e-05

0.00339355 2.74503e-05
0.00341795 4.88281e-05

0.0034177 4.88281e-05
0.00341797 4.90841e-05

0.00341797 4.94656e-05
0.00344174 7.32422e-05

0.00344177 7.32422e-05
0.00344238 7.38823e-05

0.00344238 7.40169e-05
0.00346444 9.76563e-05

0.00346497 9.76563e-05
0.0034668 9.97016e-05

0.0034668 0.000100137
0.00350625 0.000146484

0.00350622 0.000146484
0.00351563 0.000158779

0.00351563 0.000159077
0.00354256 0.000195313

0.00354312 0.000195313
0.00356445 0.000227327

0.00356445 0.000229335
0.00357414 0.000244141

0.00357509 0.000244141
0.00360392 0.000292969

0.00360472 0.000292969
0.00361328 0.000310227

0.00361328 0.000311811
0.00362893 0.000341797

0.00362916 0.000341797
0.00365177 0.000390625

0.00365243 0.000390625
0.00368988 0.000488281

0.0036897 0.000488281
0.00371094 0.000563313

0.00371094 0.00056512
0.00371683 0.000585938

0.00371702 0.000585937
0.00373587 0.000683594

0.0037355 0.000683594
0.00374669 0.00078125

0.00374867 0.00078125
0.00374928 0.000976562

0.00374898 0.000976562
0.003721 0.00117188

0.00371094 0.00120836
0.0036653 0.00136719

0.00366535 0.00136719
0.00358014 0.0015625

0.00371094 0.00120357
0.00371884 0.00117187

0.00332031 0.00194543
0.0033139 0.00195312

0.00351563 0.00167509
0.00346358 0.00175781

0.00341797 0.001822
0.00339411 0.00185547

0.00332031 0.00194644
0.0033939 0.00185547

0.00346275 0.00175781
0.00342874 0.00180664

0.00341797 0.00181917
0.0034268 0.00180664

0.00322266 0.00205378
0.00312525 0.00214844

0.00331506 0.00195313
0.00322565 0.00205078

0.00322266 0.00205431
0.00322608 0.00205078

0.00357808 0.0015625
0.00352435 0.00166016

0.00351563 0.00167148
0.00352251 0.00166016

