7.1662e-05 0
7.32422e-05 4.63641e-06

7.32422e-05 2.24173e-07
9.58093e-05 2.44141e-05

9.71503e-05 2.44141e-05
9.76563e-05 2.45948e-05

9.76563e-05 1.44098e-05
0.00012207 1.56495e-05

0.00012207 1.44195e-05
0.000146484 1.39964e-05

0.000146484 1.45718e-05
0.000170898 1.48159e-05

0.000170898 1.44391e-05
0.000195313 1.43635e-05

0.000195313 1.45158e-05
0.000219727 1.47518e-05

0.000219727 1.46556e-05
0.000244141 1.45224e-05

0.000244141 1.47133e-05
0.000268555 1.43422e-05

0.000268555 1.44572e-05
0.000292969 1.41338e-05

0.000292969 1.41945e-05
0.000317383 1.43541e-05

0.000317383 1.45931e-05
0.000341797 1.42473e-05

0.000341797 1.43775e-05
0.000366211 1.36317e-05

0.000366211 1.39657e-05
0.000390625 1.37287e-05

0.000390625 1.3753e-05
0.000415039 1.38968e-05

0.000415039 1.40641e-05
0.000439453 1.3848e-05

0.000439453 1.39456e-05
0.000463867 1.33774e-05

0.000463867 1.36001e-05
0.000488281 1.34615e-05

0.000488281 1.35049e-05
0.000512695 1.36127e-05

0.000512695 1.36797e-05
0.000537109 1.35416e-05

0.000537109 1.36885e-05
0.000561523 1.32246e-05

0.000561523 1.33431e-05
0.000585937 1.31967e-05

0.000585938 1.32998e-05
0.000610352 1.34001e-05

0.000610352 1.33282e-05
0.000634766 1.33577e-05

0.000634766 1.35525e-05
0.00065918 1.31904e-05

0.00065918 1.32264e-05
0.000683594 1.29338e-05

0.000683594 1.30354e-05
0.000708008 1.32864e-05

0.000708008 1.31478e-05
0.000732422 1.33732e-05

0.000732422 1.33685e-05
0.000756836 1.32795e-05

0.000756836 1.327e-05
0.00078125 1.3122e-05

0.00078125 1.30418e-05
0.000805664 1.33924e-05

0.000805664 1.32664e-05
0.000830078 1.36338e-05

0.000830078 1.34571e-05
0.000854492 1.35149e-05

0.000854492 1.34699e-05
0.000878906 1.35154e-05

0.000878906 1.34379e-05
0.00090332 1.36011e-05

0.00090332 1.35149e-05
0.000927734 1.37117e-05

0.000927734 1.35495e-05
0.000952148 1.37819e-05

0.000952148 1.36753e-05
0.000976562 1.38986e-05

0.000976562 1.37043e-05
0.00100098 1.39629e-05

0.00100098 1.38444e-05
0.00102539 1.41209e-05

0.00102539 1.39181e-05
0.0010498 1.41707e-05

0.0010498 1.40006e-05
0.00107422 1.43528e-05

0.00107422 1.41391e-05
0.00109863 1.44952e-05

0.00109863 1.42931e-05
0.00112305 1.46171e-05

0.00112305 1.44626e-05
0.00114746 1.46831e-05

0.00114746 1.44645e-05
0.00117187 1.47963e-05

0.00117188 1.46913e-05
0.00119629 1.4986e-05

0.00119629 1.47887e-05
0.0012207 1.49483e-05

0.0012207 1.43936e-05
0.00124512 1.55431e-05

0.00124512 1.60316e-05
0.00126953 1.56082e-05

0.00126953 1.49604e-05
0.00129395 1.42685e-05

0.00129395 1.51938e-05
0.00131836 1.53069e-05

0.00131836 1.4458e-05
0.00134277 1.49557e-05

0.00134277 1.60802e-05
0.00136719 1.52403e-05

0.0013916 1.17772e-06
0.00136976 2.44141e-05

0.0013916 4.21528e-06
0.00139303 0

0.00146284 0
0.00146484 5.8886e-06

0.00146484 4.36265e-06
0.00148424 2.44141e-05

0.00148518 2.44141e-05
0.00148926 2.58706e-05

0.00148926 1.74053e-05
0.00151367 1.79266e-05

0.00150824 2.44141e-05
0.00151367 2.44603e-05

0.00151367 1.71945e-05
0.00153809 1.67566e-05

0.00151367 2.44701e-05
0.00152424 2.44141e-05

0.0015625 5.85861e-06
0.00154347 2.44141e-05

0.00153809 2.63769e-05
0.00154384 2.44141e-05

0 0.003122
0.000390625 0.00311099

0.000390625 0.00311127
0.00078125 0.00307765

0.00078125 0.00307829
0.00117187 0.0030202

0.00117188 0.00302125
0.0015625 0.00293534

0.0015625 6.86053e-06
0.00156493 0

0.00165637 0
0.00166016 9.24257e-06

0.00166016 1.04124e-05
0.00167555 2.44141e-05

0.00167472 2.44141e-05
0.00168457 2.79275e-05

0.00168457 1.79925e-05
0.00170898 1.82348e-05

0.00169467 2.44141e-05
0.00170898 2.44866e-05

0.0017334 1.10879e-05
0.0017181 2.44141e-05

0.00170898 2.79045e-05
0.00171904 2.44141e-05

0.0017334 1.17102e-05
0.00173837 0

0.00180045 0
0.00180664 1.40102e-05

0.00180664 9.25551e-06
0.00183105 1.25367e-05

0.00183105 5.95659e-06
0.00185537 0

0.00185548 0
0.00187988 1.76172e-05

0.00187988 9.40494e-06
0.0019043 1.14486e-05

0.0019043 9.37848e-06
0.00192871 1.0435e-05

0.00192871 9.87878e-06
0.00195312 1.21652e-05

0.00195312 9.51653e-06
0.00197754 1.29946e-05

0.00197754 1.36067e-05
0.00200195 1.28797e-05

0.00200195 1.53433e-05
0.00202637 6.20466e-06

0.00202637 6.69438e-06
0.00205078 9.13503e-06

0.00205078 9.53625e-06
0.0020752 1.45886e-05

0.0020752 9.87119e-06
0.00209961 1.18789e-05

0.00209961 1.3408e-05
0.00212402 1.33028e-05

0.00212402 1.29806e-05
0.00214844 8.63047e-06

0.00214844 8.24409e-06
0.00217285 1.30485e-05

0.00217285 1.39111e-05
0.00219727 1.37236e-05

0.00219727 1.3047e-05
0.00222168 7.99565e-06

0.00222168 7.91873e-06
0.00224609 1.34349e-05

0.00224609 1.40925e-05
0.00227051 1.38564e-05

0.00227051 1.3771e-05
0.00229492 7.26581e-06

0.00229492 8.02165e-06
0.00231934 1.19354e-05

0.00231934 1.06017e-05
0.00234375 1.50635e-05

0.00234375 1.5107e-05
0.00236816 1.07691e-05

0.00236816 1.25117e-05
0.00239258 7.38976e-06

0.00239258 7.39824e-06
0.00241699 1.24938e-05

0.00241699 1.06905e-05
0.00244141 1.5162e-05

0.00244141 1.51583e-05
0.00246582 1.06824e-05

0.00246582 1.2475e-05
0.00249023 7.42329e-06

0.00249023 7.42414e-06
0.00251465 1.25142e-05

0.00251465 1.07136e-05
0.00253906 1.51353e-05

0.00253906 1.51293e-05
0.00256348 1.06927e-05

0.00256348 1.24431e-05
0.00258789 7.5034e-06

0.00258789 7.49444e-06
0.0026123 1.25441e-05

0.0026123 1.08414e-05
0.00263672 1.50268e-05

0.00263672 1.49679e-05
0.00266113 1.06353e-05

0.00266113 1.18884e-05
0.00268555 8.2304e-06

0.00268555 7.44454e-06
0.00270996 1.38088e-05

0.00270996 1.39074e-05
0.00273438 1.40856e-05

0.00273437 1.38346e-05
0.00275879 7.65903e-06

0.00275879 8.43017e-06
0.0027832 1.18666e-05

0.0027832 1.0801e-05
0.00280762 1.48072e-05

0.00280762 1.47998e-05
0.00283203 1.08094e-05

0.00283203 1.19575e-05
0.00285645 8.35815e-06

0.00285645 7.662e-06
0.00288086 1.36448e-05

0.00288086 1.37542e-05
0.00290527 1.39662e-05

0.00290527 1.32089e-05
0.00292969 8.38257e-06

0.00292969 9.00906e-06
0.0029541 1.26142e-05

0.0029541 1.25885e-05
0.00297852 1.34775e-05

0.00297852 1.15456e-05
0.00300293 1.12496e-05

0.00300293 1.12934e-05
0.00302734 1.43792e-05

0.00302734 1.29346e-05
0.00305176 1.41242e-05

0.00305176 1.32515e-05
0.00307617 1.41623e-05

0.00307617 1.36408e-05
0.00310059 1.47897e-05

0.00310059 1.40905e-05
0.003125 1.51032e-05

0.00175781 0.00287935
0.00157648 0.00292969

0.0015625 0.00293359
0.00157658 0.00292969

0.00175781 0.00287986
0.00195312 0.00281692

0.00234375 0.00265912
0.00217156 0.00273438

0.00195312 0.00281725
0.00214844 0.0027439

0.00214844 0.00274343
0.00216916 0.00273438

0.00292969 0.00231089
0.0028842 0.00234375

0.00302734 0.00223395
0.00301214 0.00224609

0.00297852 0.00227154
0.00294855 0.00229492

0.00292969 0.00230991
0.00294917 0.00229492

0.00300293 0.00225237
0.00298002 0.00227051

0.00297852 0.00227231
0.00298075 0.00227051

0.00300293 0.0022479
0.00300527 0.00224609

0.00307617 0.00218947
0.00306723 0.00219727

0.00302734 0.00223294
0.00306943 0.00219727

0.00307617 0.00219119
0.00312419 0.00214844

0.00244141 0.00261135
0.00238935 0.00263672

0.00234375 0.00265739
0.00238618 0.00263672

0.00244141 0.00261086
0.00253906 0.00255973

0.00273438 0.00244667
0.00257807 0.00253906

0.00253906 0.00255908
0.0025735 0.00253906

0.00283203 0.00238013
0.00274013 0.00244141

0.00273438 0.00244448
0.00273917 0.00244141

0.00283203 0.00237965
0.00288204 0.00234375

0.003125 1.45413e-05
0.00314941 1.55052e-05

0.00314941 1.493e-05
0.00317383 1.58438e-05

0.00317383 1.53701e-05
0.00319824 1.62132e-05

0.00319824 1.57794e-05
0.00322266 1.64468e-05

0.00322266 1.58557e-05
0.00324707 1.69011e-05

0.00324707 1.64175e-05
0.00327148 1.76905e-05

0.00327148 1.68327e-05
0.0032959 1.82896e-05

0.0032959 1.81127e-05
0.00332031 1.88053e-05

0.00332031 1.77063e-05
0.00334473 1.87913e-05

0.00334473 1.94406e-05
0.00336914 1.96474e-05

0.00336914 1.25312e-05
0.00339355 2.43226e-05

0.00339092 2.44141e-05
0.00339355 2.54752e-05

0.00339355 2.74406e-05
0.00341769 4.88281e-05

0.00341752 4.88281e-05
0.00341797 4.92575e-05

0.00341797 4.95702e-05
0.00344167 7.32422e-05

0.00344171 7.32422e-05
0.00344238 7.39388e-05

0.00344238 7.40823e-05
0.00346438 9.76563e-05

0.00346488 9.76563e-05
0.0034668 9.9803e-05

0.0034668 0.000100257
0.00350616 0.000146484

0.00350615 0.000146484
0.00351563 0.000158868

0.00351563 0.000159365
0.00354266 0.000195313

0.00354307 0.000195313
0.00356445 0.000227391

0.00356445 0.000229406
0.00357409 0.000244141

0.00357505 0.000244141
0.00360389 0.000292969

0.00360469 0.000292969
0.00361328 0.000310262

0.00361328 0.000311854
0.00362892 0.000341797

0.00362915 0.000341797
0.00365177 0.000390625

0.00365243 0.000390625
0.00368989 0.000488281

0.00368971 0.000488281
0.00371094 0.000563232

0.00371094 0.000565048
0.00371685 0.000585938

0.00371705 0.000585937
0.00373589 0.000683594

0.00373553 0.000683594
0.00374672 0.00078125

0.0037487 0.00078125
0.0037493 0.000976562

0.003749 0.000976562
0.00372102 0.00117188

0.00371094 0.00120842
0.00366532 0.00136719

0.00366537 0.00136719
0.00358016 0.0015625

0.00371094 0.00120365
0.00371886 0.00117187

0.00332031 0.00194543
0.0033139 0.00195312

0.00351563 0.00167511
0.00346359 0.00175781

0.00341797 0.00182202
0.00339412 0.00185547

0.00332031 0.00194646
0.00339391 0.00185547

0.00346276 0.00175781
0.00342875 0.00180664

0.00341797 0.00181918
0.00342681 0.00180664

0.00322266 0.00205379
0.00312526 0.00214844

0.00331508 0.00195313
0.00322566 0.00205078

0.00322266 0.00205432
0.0032261 0.00205078

0.00357809 0.0015625
0.00352436 0.00166016

0.00351563 0.0016715
0.00352253 0.00166016

