7.15371e-05 0
7.32422e-05 4.98296e-06

7.34659e-05 0
9.59059e-05 2.44141e-05

9.70576e-05 2.44141e-05
9.76563e-05 2.46311e-05

9.76563e-05 1.44484e-05
0.00012207 1.58107e-05

0.00012207 1.43674e-05
0.000146484 1.37052e-05

0.000146484 1.45546e-05
0.000170898 1.46591e-05

0.000170898 1.39896e-05
0.000195313 1.42467e-05

0.000195313 1.44204e-05
0.000219727 1.5198e-05

0.000219727 1.49454e-05
0.000244141 1.45325e-05

0.000244141 1.48437e-05
0.000268555 1.4112e-05

0.000268555 1.42039e-05
0.000292969 1.41181e-05

0.000292969 1.43293e-05
0.000317383 1.44924e-05

0.000317383 1.44902e-05
0.000341797 1.40867e-05

0.000341797 1.42474e-05
0.000366211 1.39453e-05

0.000366211 1.42011e-05
0.000390625 1.39094e-05

0.000390625 1.40224e-05
0.000415039 1.37237e-05

0.000415039 1.38915e-05
0.000439453 1.37652e-05

0.000439453 1.38978e-05
0.000463867 1.36575e-05

0.000463867 1.381e-05
0.000488281 1.34856e-05

0.000488281 1.36226e-05
0.000512695 1.34491e-05

0.000512695 1.35651e-05
0.000537109 1.34735e-05

0.000537109 1.35736e-05
0.000561523 1.33628e-05

0.000561523 1.34867e-05
0.000585937 1.32422e-05

0.000585938 1.33685e-05
0.000610352 1.32106e-05

0.000610352 1.32245e-05
0.000634766 1.32751e-05

0.000634766 1.33935e-05
0.00065918 1.32591e-05

0.00065918 1.3308e-05
0.000683594 1.29968e-05

0.000683594 1.29973e-05
0.000708008 1.32071e-05

0.000708008 1.31357e-05
0.000732422 1.34709e-05

0.000732422 1.34207e-05
0.000756836 1.32694e-05

0.000756836 1.32791e-05
0.00078125 1.31077e-05

0.00078125 1.30269e-05
0.000805664 1.34152e-05

0.000805664 1.32578e-05
0.000830078 1.36922e-05

0.000830078 1.35966e-05
0.000854492 1.34826e-05

0.000854492 1.34542e-05
0.000878906 1.33277e-05

0.000878906 1.31869e-05
0.00090332 1.37067e-05

0.00090332 1.35207e-05
0.000927734 1.40286e-05

0.000927734 1.38839e-05
0.000952148 1.377e-05

0.000952148 1.37443e-05
0.000976562 1.36336e-05

0.000976562 1.33792e-05
0.00100098 1.41087e-05

0.00100098 1.41711e-05
0.00102539 1.43109e-05

0.00102539 1.40072e-05
0.0010498 1.36947e-05

0.0010498 1.35979e-05
0.00107422 1.44067e-05

0.00107422 1.40484e-05
0.00109863 1.48976e-05

0.00109863 1.47708e-05
0.00112305 1.45699e-05

0.00112305 1.43711e-05
0.00114746 1.4256e-05

0.00114746 1.40167e-05
0.00117187 1.5142e-05

0.00117188 1.49067e-05
0.00119629 1.55239e-05

0.00119629 1.51316e-05
0.0012207 1.504e-05

0.0012207 1.50623e-05
0.00124512 1.52169e-05

0.00124512 1.52117e-05
0.00126953 1.52157e-05

0.00126953 1.50996e-05
0.00129395 1.51862e-05

0.00129395 1.55043e-05
0.00131836 1.50668e-05

0.00131836 1.46102e-05
0.00134277 1.4953e-05

0.00134277 1.61793e-05
0.00136719 1.49572e-05

0.0013916 8.41816e-07
0.00136958 2.44141e-05

0.00136719 2.44825e-05
0.00136738 2.44141e-05

0.0013916 4.28139e-06
0.00139306 0

0.00146297 0
0.00146484 5.50768e-06

0.00146484 4.64689e-06
0.00148419 2.44141e-05

0.00148461 2.44141e-05
0.00148926 2.60492e-05

0.00148926 1.712e-05
0.00151367 1.76766e-05

0.00150967 2.44141e-05
0.00151367 2.44486e-05

0.00151367 1.71985e-05
0.00153809 1.71032e-05

0.0015279 2.44141e-05
0.00153809 2.44581e-05

0.0015625 5.86919e-06
0.00154359 2.44141e-05

0.00153809 2.6403e-05
0.00154386 2.44141e-05

0 0.00312185
0.000390625 0.00311084

0.000390625 0.00311112
0.00078125 0.00307751

0.00078125 0.00307815
0.00117187 0.00302008

0.00117188 0.00302113
0.0015625 0.00293524

0.0015625 6.75103e-06
0.0015649 0

0.00165634 0
0.00166016 9.2982e-06

0.00166016 1.04377e-05
0.00167553 2.44141e-05

0.0016747 2.44141e-05
0.00168457 2.79347e-05

0.00168457 1.80009e-05
0.00170898 1.82297e-05

0.00169402 2.44141e-05
0.00170898 2.44852e-05

0.0017334 1.10866e-05
0.0017181 2.44141e-05

0.00170898 2.79034e-05
0.00171904 2.44141e-05

0.0017334 1.16967e-05
0.00173836 0

0.00180046 0
0.00180664 1.39918e-05

0.00180664 9.24096e-06
0.00183105 1.25589e-05

0.00183105 5.94547e-06
0.00185547 7.76033e-10

0.00185547 1.36453e-08
0.00187988 1.76203e-05

0.00187988 9.42447e-06
0.0019043 1.14464e-05

0.0019043 9.38665e-06
0.00192871 1.04336e-05

0.00192871 9.8854e-06
0.00195312 1.21656e-05

0.00195312 9.51923e-06
0.00197754 1.29918e-05

0.00197754 1.36051e-05
0.00200195 1.28818e-05

0.00200195 1.53344e-05
0.00202637 6.21835e-06

0.00202637 6.7023e-06
0.00205078 9.14984e-06

0.00205078 9.57434e-06
0.0020752 1.45647e-05

0.0020752 9.84613e-06
0.00209961 1.18541e-05

0.00209961 1.33757e-05
0.00212402 1.33477e-05

0.00212402 1.30588e-05
0.00214844 8.60443e-06

0.00214844 8.2014e-06
0.00217285 1.29739e-05

0.00217285 1.38159e-05
0.00219727 1.38193e-05

0.00219727 1.31858e-05
0.00222168 7.99403e-06

0.00222168 7.87987e-06
0.00224609 1.32929e-05

0.00224609 1.39541e-05
0.00227051 1.39855e-05

0.00227051 1.38447e-05
0.00229492 7.37009e-06

0.00229492 8.10264e-06
0.00231934 1.18523e-05

0.00231934 1.05995e-05
0.00234375 1.50581e-05

0.00234375 1.50942e-05
0.00236816 1.0774e-05

0.00236816 1.25085e-05
0.00239258 7.4092e-06

0.00239258 7.4164e-06
0.00241699 1.24914e-05

0.00241699 1.06959e-05
0.00244141 1.51518e-05

0.00244141 1.51478e-05
0.00246582 1.0688e-05

0.00246582 1.24717e-05
0.00249023 7.44315e-06

0.00249023 7.44374e-06
0.00251465 1.25135e-05

0.00251465 1.07216e-05
0.00253906 1.51236e-05

0.00253906 1.51163e-05
0.00256348 1.06986e-05

0.00256348 1.24346e-05
0.00258789 7.53325e-06

0.00258789 7.52538e-06
0.0026123 1.25463e-05

0.0026123 1.08521e-05
0.00263672 1.50094e-05

0.00263672 1.49519e-05
0.00266113 1.06479e-05

0.00266113 1.18943e-05
0.00268555 8.25469e-06

0.00268555 7.46738e-06
0.00270996 1.38009e-05

0.00270996 1.39116e-05
0.00273438 1.40785e-05

0.00273437 1.38495e-05
0.00275879 7.64373e-06

0.00275879 8.41344e-06
0.0027832 1.18462e-05

0.0027832 1.07859e-05
0.00280762 1.48137e-05

0.00280762 1.48124e-05
0.00283203 1.07846e-05

0.00283203 1.18777e-05
0.00285645 8.38445e-06

0.00285645 7.72752e-06
0.00288086 1.36941e-05

0.00288086 1.38233e-05
0.00290527 1.38326e-05

0.00290527 1.29619e-05
0.00292969 8.47211e-06

0.00292969 9.03717e-06
0.0029541 1.29479e-05

0.0029541 1.3138e-05
0.00297852 1.31942e-05

0.00297852 1.13883e-05
0.00300293 1.06711e-05

0.00300293 1.07502e-05
0.00302734 1.46434e-05

0.00302734 1.29788e-05
0.00305176 1.44084e-05

0.00305176 1.33467e-05
0.00307617 1.41485e-05

0.00307617 1.37648e-05
0.00310059 1.48374e-05

0.00310059 1.41347e-05
0.003125 1.50279e-05

0.00175781 0.00287926
0.00157612 0.00292969

0.0015625 0.00293351
0.00157626 0.00292969

0.00175781 0.00287977
0.00195312 0.00281684

0.00234375 0.0026591
0.00217144 0.00273438

0.00195312 0.00281718
0.00214844 0.00274385

0.00214844 0.00274339
0.00216906 0.00273438

0.00292969 0.002311
0.00288434 0.00234375

0.00302734 0.00223411
0.00301233 0.00224609

0.00297852 0.00227162
0.00294865 0.00229492

0.00292969 0.00231001
0.00294929 0.00229492

0.00300293 0.00225247
0.00298014 0.00227051

0.00297852 0.00227238
0.00298083 0.00227051

0.00300293 0.00224802
0.00300541 0.00224609

0.00307617 0.00218947
0.00306723 0.00219727

0.00302734 0.00223307
0.00306959 0.00219727

0.00307617 0.00219131
0.00312433 0.00214844

0.00244141 0.00261134
0.00238931 0.00263672

0.00234375 0.00265736
0.00238613 0.00263672

0.00244141 0.00261085
0.00253906 0.00255973

0.00273438 0.0024467
0.00257808 0.00253906

0.00253906 0.00255908
0.00257351 0.00253906

0.00283203 0.00238019
0.00274019 0.00244141

0.00273438 0.00244451
0.00273921 0.00244141

0.00283203 0.00237969
0.0028821 0.00234375

0.003125 1.45363e-05
0.00314941 1.54922e-05

0.00314941 1.49521e-05
0.00317383 1.57761e-05

0.00317383 1.53252e-05
0.00319824 1.60859e-05

0.00319824 1.55586e-05
0.00322266 1.64737e-05

0.00322266 1.59204e-05
0.00324707 1.70961e-05

0.00324707 1.65279e-05
0.00327148 1.76268e-05

0.00327148 1.67953e-05
0.0032959 1.82677e-05

0.0032959 1.80015e-05
0.00332031 1.89932e-05

0.00332031 1.79523e-05
0.00334473 1.90887e-05

0.00334473 1.9452e-05
0.00336914 1.98157e-05

0.00336914 1.31135e-05
0.00339309 2.44141e-05

0.00339179 2.44141e-05
0.00339355 2.51002e-05

0.00339355 2.72323e-05
0.00341797 4.85584e-05

0.00341761 4.88281e-05
0.00341797 4.91767e-05

0.00341797 4.84837e-05
0.00341832 4.88281e-05

0.00341797 4.9294e-05
0.00344181 7.32422e-05

0.00344184 7.32422e-05
0.00344238 7.38091e-05

0.00344238 7.3944e-05
0.00346444 9.76563e-05

0.00346502 9.76563e-05
0.0034668 9.96503e-05

0.0034668 0.000100157
0.0035062 0.000146484

0.00350616 0.000146484
0.00351563 0.000158866

0.00351563 0.000159269
0.00354273 0.000195313

0.00354295 0.000195313
0.00356445 0.00022758

0.00356445 0.000228766
0.00357451 0.000244141

0.0035751 0.000244141
0.00360394 0.000292969

0.00360475 0.000292969
0.00361328 0.000310147

0.00361328 0.000311775
0.00362896 0.000341797

0.0036292 0.000341797
0.00365182 0.000390625

0.00365248 0.000390625
0.00368995 0.000488281

0.00368978 0.000488281
0.00371094 0.000562984

0.00371094 0.000564863
0.00371691 0.000585938

0.00371711 0.000585937
0.00373597 0.000683594

0.00373561 0.000683594
0.00374681 0.00078125

0.00374879 0.00078125
0.00374943 0.000976562

0.00374912 0.000976562
0.00372117 0.00117188

0.00371094 0.001209
0.0036655 0.00136719

0.00366554 0.00136719
0.00358033 0.0015625

0.00371094 0.00120434
0.00371902 0.00117187

0.00332031 0.00194543
0.00331389 0.00195312

0.00351563 0.0016754
0.00346377 0.00175781

0.00341797 0.00182236
0.00339437 0.00185547

0.00332031 0.00194668
0.00339409 0.00185547

0.00346293 0.00175781
0.00342892 0.00180664

0.00341797 0.00181921
0.00342684 0.00180664

0.00322266 0.00205395
0.00312539 0.00214844

0.00331524 0.00195313
0.00322582 0.00205078

0.00322266 0.00205458
0.00322635 0.00205078

0.003125 0.00214865
0.00312523 0.00214844

0.00357827 0.0015625
0.00352454 0.00166016

0.00351563 0.0016718
0.00352271 0.00166016

