7.14412e-05 0
7.32422e-05 5.25109e-06

7.32422e-05 6.87976e-07
9.59001e-05 2.44141e-05

9.76563e-05 1.44845e-05
0.00012207 1.50685e-05

0.00012207 1.38929e-05
0.000146484 1.38218e-05

0.000146484 1.42336e-05
0.000170898 1.52083e-05

0.000170898 1.48139e-05
0.000195313 1.44426e-05

0.000195313 1.46481e-05
0.000219727 1.42016e-05

0.000219727 1.40639e-05
0.000244141 1.44886e-05

0.000244141 1.45252e-05
0.000268555 1.49941e-05

0.000268555 1.50975e-05
0.000292969 1.42032e-05

0.000292969 1.44809e-05
0.000317383 1.36193e-05

0.000317383 1.38165e-05
0.000341797 1.41496e-05

0.000341797 1.41683e-05
0.000366211 1.44441e-05

0.000366211 1.45827e-05
0.000390625 1.3811e-05

0.000390625 1.40783e-05
0.000415039 1.33455e-05

0.000415039 1.35409e-05
0.000439453 1.3747e-05

0.000439453 1.37742e-05
0.000463867 1.39582e-05

0.000463867 1.40581e-05
0.000488281 1.3507e-05

0.000488281 1.37116e-05
0.000512695 1.3195e-05

0.000512695 1.33277e-05
0.000537109 1.34743e-05

0.000537109 1.35079e-05
0.000561523 1.3614e-05

0.000561523 1.37148e-05
0.000585937 1.32436e-05

0.000585938 1.3421e-05
0.000610352 1.30095e-05

0.000610352 1.30696e-05
0.000634766 1.32923e-05

0.000634766 1.32856e-05
0.00065918 1.34669e-05

0.00065918 1.35065e-05
0.000683594 1.3119e-05

0.000683594 1.32234e-05
0.000708008 1.29673e-05

0.000708008 1.29686e-05
0.000732422 1.32889e-05

0.000732422 1.3165e-05
0.000756836 1.34864e-05

0.000756836 1.34172e-05
0.00078125 1.33066e-05

0.00078125 1.32933e-05
0.000805664 1.31971e-05

0.000805664 1.30869e-05
0.000830078 1.34973e-05

0.000830078 1.33501e-05
0.000854492 1.37383e-05

0.000854492 1.36469e-05
0.000878906 1.35094e-05

0.000878906 1.34574e-05
0.00090332 1.34278e-05

0.00090332 1.32947e-05
0.000927734 1.38179e-05

0.000927734 1.37164e-05
0.000952148 1.39457e-05

0.000952148 1.37146e-05
0.000976562 1.37422e-05

0.000976562 1.36851e-05
0.00100098 1.40187e-05

0.00100098 1.38588e-05
0.00102539 1.41028e-05

0.00102539 1.38513e-05
0.0010498 1.42246e-05

0.0010498 1.4125e-05
0.00107422 1.44108e-05

0.00107422 1.40615e-05
0.00109863 1.44579e-05

0.00109863 1.43288e-05
0.00112305 1.48279e-05

0.00112305 1.47512e-05
0.00114746 1.45598e-05

0.00114746 1.42879e-05
0.00117187 1.45639e-05

0.00117188 1.42136e-05
0.00119629 1.55374e-05

0.00119629 1.55007e-05
0.0012207 1.55087e-05

0.0012207 1.50416e-05
0.00124512 1.47226e-05

0.00124512 1.51563e-05
0.00126953 1.53261e-05

0.00126953 1.47022e-05
0.00129395 1.53419e-05

0.00129395 1.60522e-05
0.00131836 1.54967e-05

0.00131836 1.47837e-05
0.00134277 1.43332e-05

0.00134277 1.58351e-05
0.00136719 1.49721e-05

0.0013916 1.01089e-06
0.00136958 2.44141e-05

0.0013916 3.64811e-06
0.00139283 0

0.00146303 0
0.00146484 5.37844e-06

0.00146484 4.21313e-06
0.00148413 2.44141e-05

0.00148488 2.44141e-05
0.00148926 2.59996e-05

0.00148926 1.76195e-05
0.00151367 1.81735e-05

0.00151367 1.73364e-05
0.00153809 1.66743e-05

0.0015625 5.9507e-06
0.00154345 2.44141e-05

0.00153809 2.61578e-05
0.00154321 2.44141e-05

0 0.00312184
0.000390625 0.00311083

0.000390625 0.00311112
0.00078125 0.0030775

0.00078125 0.00307814
0.00117187 0.00302007

0.00117188 0.00302112
0.0015625 0.00293524

0.0015625 7.22385e-06
0.00156508 0

0.00165637 0
0.00166016 9.24205e-06

0.00166016 1.03935e-05
0.00167554 2.44141e-05

0.0016747 2.44141e-05
0.00168457 2.79441e-05

0.00168457 1.80274e-05
0.00170898 1.82747e-05

0.00169471 2.44141e-05
0.00170898 2.44879e-05

0.0017334 1.10809e-05
0.00171811 2.44141e-05

0.00170898 2.7921e-05
0.00171907 2.44141e-05

0.0017334 1.17381e-05
0.00173838 0

0.00180044 0
0.00180664 1.40174e-05

0.00180664 9.2435e-06
0.00183105 1.25403e-05

0.00183105 5.93813e-06
0.00185547 1.03275e-08

0.00185547 1.07647e-08
0.00187988 1.76201e-05

0.00187988 9.42535e-06
0.0019043 1.14502e-05

0.0019043 9.38845e-06
0.00192871 1.04321e-05

0.00192871 9.88596e-06
0.00195312 1.21661e-05

0.00195312 9.52063e-06
0.00197754 1.29907e-05

0.00197754 1.36032e-05
0.00200195 1.28815e-05

0.00200195 1.5333e-05
0.00202637 6.22216e-06

0.00202637 6.71265e-06
0.00205078 9.1426e-06

0.00205078 9.54301e-06
0.0020752 1.45796e-05

0.0020752 9.87048e-06
0.00209961 1.18891e-05

0.00209961 1.34128e-05
0.00212402 1.33106e-05

0.00212402 1.30518e-05
0.00214844 8.57264e-06

0.00214844 8.17792e-06
0.00217285 1.29728e-05

0.00217285 1.37961e-05
0.00219727 1.38213e-05

0.00219727 1.31158e-05
0.00222168 8.06843e-06

0.00222168 7.96802e-06
0.00224609 1.33569e-05

0.00224609 1.4061e-05
0.00227051 1.38754e-05

0.00227051 1.37758e-05
0.00229492 7.30003e-06

0.00229492 8.04804e-06
0.00231934 1.19253e-05

0.00231934 1.0609e-05
0.00234375 1.50559e-05

0.00234375 1.50971e-05
0.00236816 1.07764e-05

0.00236816 1.25122e-05
0.00239258 7.41079e-06

0.00239258 7.41991e-06
0.00241699 1.24894e-05

0.00241699 1.06961e-05
0.00244141 1.5151e-05

0.00244141 1.51474e-05
0.00246582 1.06885e-05

0.00246582 1.24717e-05
0.00249023 7.44373e-06

0.00249023 7.44461e-06
0.00251465 1.25133e-05

0.00251465 1.0721e-05
0.00253906 1.51236e-05

0.00253906 1.51173e-05
0.00256348 1.06993e-05

0.00256348 1.24404e-05
0.00258789 7.52622e-06

0.00258789 7.518e-06
0.0026123 1.25412e-05

0.0026123 1.08488e-05
0.00263672 1.50123e-05

0.00263672 1.49531e-05
0.00266113 1.06415e-05

0.00266113 1.18869e-05
0.00268555 8.25292e-06

0.00268555 7.46476e-06
0.00270996 1.38061e-05

0.00270996 1.39135e-05
0.00273438 1.40766e-05

0.00273437 1.38439e-05
0.00275879 7.64683e-06

0.00275879 8.41934e-06
0.0027832 1.18508e-05

0.0027832 1.07829e-05
0.00280762 1.48132e-05

0.00280762 1.48203e-05
0.00283203 1.07915e-05

0.00283203 1.1865e-05
0.00285645 8.39129e-06

0.00285645 7.74604e-06
0.00288086 1.37119e-05

0.00288086 1.38675e-05
0.00290527 1.37871e-05

0.00290527 1.28812e-05
0.00292969 8.46908e-06

0.00292969 9.08004e-06
0.0029541 1.30058e-05

0.0029541 1.31192e-05
0.00297852 1.31511e-05

0.00297852 1.13288e-05
0.00300293 1.07993e-05

0.00300293 1.09031e-05
0.00302734 1.46726e-05

0.00302734 1.30236e-05
0.00305176 1.42811e-05

0.00305176 1.3315e-05
0.00307617 1.41083e-05

0.00307617 1.37168e-05
0.00310059 1.47865e-05

0.00310059 1.41071e-05
0.003125 1.4974e-05

0.00175781 0.00287926
0.00157611 0.00292969

0.0015625 0.0029335
0.00157625 0.00292969

0.00175781 0.00287977
0.00195312 0.00281684

0.00234375 0.0026591
0.00217144 0.00273438

0.00195312 0.00281718
0.00214844 0.00274385

0.00214844 0.00274338
0.00216906 0.00273438

0.00292969 0.00231101
0.00288435 0.00234375

0.00302734 0.00223411
0.00301233 0.00224609

0.00297852 0.00227162
0.00294865 0.00229492

0.00292969 0.00231001
0.00294929 0.00229492

0.00300293 0.00225247
0.00298013 0.00227051

0.00297852 0.00227239
0.00298084 0.00227051

0.00300293 0.00224797
0.00300535 0.00224609

0.00307617 0.00218945
0.00306721 0.00219727

0.00302734 0.00223307
0.00306959 0.00219727

0.00307617 0.00219131
0.00312433 0.00214844

0.00244141 0.00261134
0.00238931 0.00263672

0.00234375 0.00265736
0.00238612 0.00263672

0.00244141 0.00261085
0.00253906 0.00255973

0.00273438 0.00244671
0.00257808 0.00253906

0.00253906 0.00255908
0.00257351 0.00253906

0.00283203 0.00238019
0.0027402 0.00244141

0.00273438 0.00244451
0.00273921 0.00244141

0.00283203 0.00237969
0.0028821 0.00234375

0.003125 1.44763e-05
0.00314941 1.54066e-05

0.00314941 1.48407e-05
0.00317383 1.57576e-05

0.00317383 1.5231e-05
0.00319824 1.61853e-05

0.00319824 1.55458e-05
0.00322266 1.66899e-05

0.00322266 1.59653e-05
0.00324707 1.74712e-05

0.00324707 1.74923e-05
0.00327148 1.75005e-05

0.00327148 1.66155e-05
0.0032959 1.68361e-05

0.0032959 1.57193e-05
0.00332031 1.96872e-05

0.00332031 1.9859e-05
0.00334473 2.14808e-05

0.00334473 2.03226e-05
0.00336914 1.83274e-05

0.00336914 1.27338e-05
0.00339317 2.44141e-05

0.00339202 2.44141e-05
0.00339355 2.50254e-05

0.00339355 2.71676e-05
0.00341797 4.8766e-05

0.00341754 4.88281e-05
0.00341797 4.92495e-05

0.00341797 4.96035e-05
0.00344144 7.32422e-05

0.00344162 7.32422e-05
0.00344238 7.40372e-05

0.00344238 7.42132e-05
0.00346429 9.76563e-05

0.00346485 9.76563e-05
0.0034668 9.98408e-05

0.0034668 0.000100627
0.0034856 0.00012207

0.00348538 0.00012207
0.00349121 0.000129029

0.00349121 0.000128681
0.00350587 0.000146484

0.00350611 0.000146484
0.00351563 0.000158925

0.00351563 0.000159349
0.0035427 0.000195313

0.00354293 0.000195313
0.00356445 0.000227571

0.00356445 0.000228809
0.00357449 0.000244141

0.0035751 0.000244141
0.00360396 0.000292969

0.00360478 0.000292969
0.00361328 0.00031008

0.00361328 0.000311725
0.00362899 0.000341797

0.00362923 0.000341797
0.00365187 0.000390625

0.00365253 0.000390625
0.00369001 0.000488281

0.00368984 0.000488281
0.00371094 0.000562765

0.00371094 0.000564643
0.00371697 0.000585938

0.00371717 0.000585937
0.00373603 0.000683594

0.00373567 0.000683594
0.00374686 0.00078125

0.00374885 0.00078125
0.00374947 0.000976562

0.00374916 0.000976562
0.0037212 0.00117188

0.00371094 0.0012091
0.00366552 0.00136719

0.00366556 0.00136719
0.00358034 0.0015625

0.00371094 0.00120446
0.00371905 0.00117187

0.00332031 0.0019454
0.00331387 0.00195312

0.00351563 0.00167541
0.00346378 0.00175781

0.00341797 0.00182238
0.00339438 0.00185547

0.00332031 0.00194668
0.0033941 0.00185547

0.00346294 0.00175781
0.00342893 0.00180664

0.00341797 0.00181918
0.00342682 0.00180664

0.00322266 0.00205395
0.00312539 0.00214844

0.00331524 0.00195313
0.00322582 0.00205078

0.00322266 0.0020546
0.00322637 0.00205078

0.003125 0.00214865
0.00312523 0.00214844

0.00357828 0.0015625
0.00352454 0.00166016

0.00351563 0.0016718
0.00352271 0.00166016

