7.16835e-05 0
7.32422e-05 4.57487e-06

7.32422e-05 4.07013e-07
9.60794e-05 2.44141e-05

9.74533e-05 2.44141e-05
9.76563e-05 2.44852e-05

9.76563e-05 1.39489e-05
0.00012207 1.51088e-05

0.00012207 1.37924e-05
0.000146484 1.43632e-05

0.000146484 1.5066e-05
0.000170898 1.48905e-05

0.000170898 1.41991e-05
0.000195313 1.36787e-05

0.000195313 1.40262e-05
0.000219727 1.51143e-05

0.000219727 1.49043e-05
0.000244141 1.46932e-05

0.000244141 1.47342e-05
0.000268555 1.40686e-05

0.000268555 1.42114e-05
0.000292969 1.43341e-05

0.000292969 1.44131e-05
0.000317383 1.45821e-05

0.000317383 1.47864e-05
0.000341797 1.40254e-05

0.000341797 1.42791e-05
0.000366211 1.35272e-05

0.000366211 1.37584e-05
0.000390625 1.39028e-05

0.000390625 1.39219e-05
0.000415039 1.41035e-05

0.000415039 1.42543e-05
0.000439453 1.36837e-05

0.000439453 1.38788e-05
0.000463867 1.32813e-05

0.000463867 1.34385e-05
0.000488281 1.36078e-05

0.000488281 1.36374e-05
0.000512695 1.37738e-05

0.000512695 1.38785e-05
0.000537109 1.33709e-05

0.000537109 1.35396e-05
0.000561523 1.31192e-05

0.000561523 1.32523e-05
0.000585937 1.33818e-05

0.000585938 1.33653e-05
0.000610352 1.34823e-05

0.000610352 1.35888e-05
0.000634766 1.32164e-05

0.000634766 1.3359e-05
0.00065918 1.29458e-05

0.00065918 1.30042e-05
0.000683594 1.32052e-05

0.000683594 1.31756e-05
0.000708008 1.34181e-05

0.000708008 1.33567e-05
0.000732422 1.32034e-05

0.000732422 1.31857e-05
0.000756836 1.31859e-05

0.000756836 1.31039e-05
0.00078125 1.34565e-05

0.00078125 1.33861e-05
0.000805664 1.34977e-05

0.000805664 1.33722e-05
0.000830078 1.33513e-05

0.000830078 1.3317e-05
0.000854492 1.35361e-05

0.000854492 1.34436e-05
0.000878906 1.36015e-05

0.000878906 1.34758e-05
0.00090332 1.36102e-05

0.00090332 1.3515e-05
0.000927734 1.37291e-05

0.000927734 1.35827e-05
0.000952148 1.38219e-05

0.000952148 1.37152e-05
0.000976562 1.38871e-05

0.000976562 1.37246e-05
0.00100098 1.39389e-05

0.00100098 1.38361e-05
0.00102539 1.40905e-05

0.00102539 1.38798e-05
0.0010498 1.41712e-05

0.0010498 1.4039e-05
0.00107422 1.43349e-05

0.00107422 1.40922e-05
0.00109863 1.44165e-05

0.00109863 1.42206e-05
0.00112305 1.46592e-05

0.00112305 1.43317e-05
0.00114746 1.48686e-05

0.00114746 1.48198e-05
0.00117187 1.49179e-05

0.00117188 1.46176e-05
0.00119629 1.47407e-05

0.00119629 1.45299e-05
0.0012207 1.54069e-05

0.0012207 1.5171e-05
0.00124512 1.56244e-05

0.00124512 1.56106e-05
0.00126953 1.50827e-05

0.00126953 1.48658e-05
0.00129395 1.50496e-05

0.00129395 1.55653e-05
0.00131836 1.5433e-05

0.00131836 1.4709e-05
0.00134277 1.49866e-05

0.00134277 1.63973e-05
0.00136719 1.50627e-05

0.0013916 6.4986e-07
0.00136969 2.44141e-05

0.00136719 2.48061e-05
0.00136827 2.44141e-05

0.0013916 3.36225e-06
0.00139273 0

0.0014628 0
0.00146484 5.96004e-06

0.00146484 4.64959e-06
0.00148412 2.44141e-05

0.00148491 2.44141e-05
0.00148926 2.59602e-05

0.00148926 1.74915e-05
0.00151367 1.77469e-05

0.00150878 2.44141e-05
0.00151367 2.44289e-05

0.00151367 1.7081e-05
0.00153809 1.67136e-05

0.00151367 2.44327e-05
0.00151764 2.44141e-05

0.0015625 6.03074e-06
0.00154339 2.44141e-05

0.00153809 2.6103e-05
0.00154309 2.44141e-05

0 0.00312183
0.000390625 0.00311081

0.000390625 0.0031111
0.00078125 0.00307748

0.00078125 0.00307812
0.00117187 0.00302006

0.00117188 0.00302111
0.0015625 0.00293523

0.0015625 7.54177e-06
0.0015652 0

0.00165636 0
0.00166016 9.25679e-06

0.00166016 1.04153e-05
0.00167552 2.44141e-05

0.0016747 2.44141e-05
0.00168457 2.79461e-05

0.00168457 1.80459e-05
0.00170898 1.82911e-05

0.00169448 2.44141e-05
0.00170898 2.44883e-05

0.0017334 1.10976e-05
0.00171813 2.44141e-05

0.00170898 2.79215e-05
0.00171906 2.44141e-05

0.0017334 1.17263e-05
0.00173837 0

0.00180047 0
0.00180664 1.39798e-05

0.00180664 9.19994e-06
0.00183105 1.2587e-05

0.00183105 5.95293e-06
0.00185547 3.64715e-08

0.00185547 4.03169e-08
0.00187988 1.75945e-05

0.00187988 9.4286e-06
0.0019043 1.14546e-05

0.0019043 9.3936e-06
0.00192871 1.04328e-05

0.00192871 9.88982e-06
0.00195312 1.21652e-05

0.00195312 9.52162e-06
0.00197754 1.29904e-05

0.00197754 1.36044e-05
0.00200195 1.28819e-05

0.00200195 1.53267e-05
0.00202637 6.22806e-06

0.00202637 6.71659e-06
0.00205078 9.15265e-06

0.00205078 9.55711e-06
0.0020752 1.45728e-05

0.0020752 9.87518e-06
0.00209961 1.18751e-05

0.00209961 1.33994e-05
0.00212402 1.33065e-05

0.00212402 1.29879e-05
0.00214844 8.63966e-06

0.00214844 8.25207e-06
0.00217285 1.30364e-05

0.00217285 1.38964e-05
0.00219727 1.37298e-05

0.00219727 1.30648e-05
0.00222168 8.0017e-06

0.00222168 7.91725e-06
0.00224609 1.34122e-05

0.00224609 1.40606e-05
0.00227051 1.38833e-05

0.00227051 1.37828e-05
0.00229492 7.30869e-06

0.00229492 8.05943e-06
0.00231934 1.19197e-05

0.00231934 1.06108e-05
0.00234375 1.50508e-05

0.00234375 1.50918e-05
0.00236816 1.0778e-05

0.00236816 1.25099e-05
0.00239258 7.41915e-06

0.00239258 7.42762e-06
0.00241699 1.24893e-05

0.00241699 1.06985e-05
0.00244141 1.51469e-05

0.00244141 1.51442e-05
0.00246582 1.06909e-05

0.00246582 1.24729e-05
0.00249023 7.44813e-06

0.00249023 7.44858e-06
0.00251465 1.25114e-05

0.00251465 1.07212e-05
0.00253906 1.51228e-05

0.00253906 1.5117e-05
0.00256348 1.07004e-05

0.00256348 1.24387e-05
0.00258789 7.52917e-06

0.00258789 7.52152e-06
0.0026123 1.25434e-05

0.0026123 1.08506e-05
0.00263672 1.5011e-05

0.00263672 1.49521e-05
0.00266113 1.06446e-05

0.00266113 1.18921e-05
0.00268555 8.253e-06

0.00268555 7.46639e-06
0.00270996 1.38001e-05

0.00270996 1.39039e-05
0.00273438 1.40813e-05

0.00273437 1.38375e-05
0.00275879 7.66817e-06

0.00275879 8.44001e-06
0.0027832 1.18555e-05

0.0027832 1.07919e-05
0.00280762 1.48031e-05

0.00280762 1.48024e-05
0.00283203 1.0811e-05

0.00283203 1.19686e-05
0.00285645 8.33362e-06

0.00285645 7.66428e-06
0.00288086 1.36071e-05

0.00288086 1.37074e-05
0.00290527 1.39371e-05

0.00290527 1.30069e-05
0.00292969 8.57219e-06

0.00292969 9.14111e-06
0.0029541 1.28828e-05

0.0029541 1.30991e-05
0.00297852 1.31749e-05

0.00297852 1.13547e-05
0.00300293 1.07694e-05

0.00300293 1.08531e-05
0.00302734 1.46537e-05

0.00302734 1.30045e-05
0.00305176 1.43334e-05

0.00305176 1.33515e-05
0.00307617 1.41083e-05

0.00307617 1.37379e-05
0.00310059 1.47442e-05

0.00310059 1.40707e-05
0.003125 1.49476e-05

0.00175781 0.00287926
0.00157608 0.00292969

0.0015625 0.0029335
0.00157625 0.00292969

0.00175781 0.00287976
0.00195312 0.00281684

0.00234375 0.0026591
0.00217145 0.00273438

0.00195312 0.00281718
0.00214844 0.00274385

0.00214844 0.00274339
0.00216908 0.00273438

0.00292969 0.00231105
0.00288441 0.00234375

0.00302734 0.00223415
0.00301237 0.00224609

0.00297852 0.00227163
0.00294868 0.00229492

0.00292969 0.00231005
0.00294934 0.00229492

0.00300293 0.0022525
0.00298017 0.00227051

0.00297852 0.0022724
0.00298086 0.00227051

0.00300293 0.00224804
0.00300545 0.00224609

0.00307617 0.00218941
0.00306717 0.00219727

0.00302734 0.00223311
0.00306965 0.00219727

0.00307617 0.00219135
0.00312437 0.00214844

0.00244141 0.00261135
0.00238932 0.00263672

0.00234375 0.00265737
0.00238614 0.00263672

0.00244141 0.00261086
0.00253906 0.00255974

0.00273438 0.00244672
0.0025781 0.00253906

0.00253906 0.00255909
0.00257353 0.00253906

0.00283203 0.00238021
0.00274022 0.00244141

0.00273438 0.00244453
0.00273924 0.00244141

0.00283203 0.00237969
0.0028821 0.00234375

0.003125 1.44349e-05
0.00314941 1.54408e-05

0.00314941 1.48172e-05
0.00317383 1.58414e-05

0.00317383 1.53081e-05
0.00319824 1.62847e-05

0.00319824 1.57848e-05
0.00322266 1.65563e-05

0.00322266 1.57812e-05
0.00324707 1.71728e-05

0.00324707 1.68808e-05
0.00327148 1.79896e-05

0.00327148 1.6809e-05
0.0032959 1.82303e-05

0.0032959 1.82222e-05
0.00332031 1.94152e-05

0.00332031 1.84201e-05
0.00334473 1.90051e-05

0.00334473 1.92122e-05
0.00336914 1.95954e-05

0.00336914 1.27961e-05
0.00339185 2.44141e-05

0.00338914 2.44141e-05
0.00339355 2.63006e-05

0.00339355 2.85852e-05
0.00341636 4.88281e-05

0.00341678 4.88281e-05
0.00341797 4.99539e-05

0.00341797 5.05147e-05
0.00344101 7.32422e-05

0.00344108 7.32422e-05
0.00344238 7.45862e-05

0.00344238 7.47764e-05
0.0034639 9.76563e-05

0.00346444 9.76563e-05
0.0034668 0.000100283

0.0034668 0.00010108
0.00348529 0.00012207

0.00348508 0.00012207
0.00349121 0.000129345

0.00349121 0.000128967
0.00350568 0.000146484

0.00350591 0.000146484
0.00351563 0.00015914

0.00351563 0.000159619
0.00354256 0.000195313

0.00354283 0.000195313
0.00356445 0.000227659

0.00356445 0.000229044
0.00357435 0.000244141

0.00357503 0.000244141
0.00360394 0.000292969

0.00360476 0.000292969
0.00361328 0.000310098

0.00361328 0.000311746
0.003629 0.000341797

0.00362924 0.000341797
0.00365189 0.000390625

0.00365255 0.000390625
0.00369006 0.000488281

0.00368989 0.000488281
0.00371094 0.000562537

0.00371094 0.000564446
0.00371703 0.000585938

0.00371724 0.000585937
0.00373611 0.000683594

0.00373574 0.000683594
0.00374694 0.00078125

0.00374892 0.00078125
0.00374956 0.000976562

0.00374925 0.000976562
0.0037213 0.00117188

0.00371094 0.00120944
0.00366561 0.00136719

0.00366565 0.00136719
0.00358042 0.0015625

0.00371094 0.00120487
0.00371916 0.00117187

0.00332031 0.00194535
0.00331383 0.00195312

0.00351563 0.00167553
0.00346385 0.00175781

0.00341797 0.00182252
0.00339448 0.00185547

0.00332031 0.00194676
0.00339417 0.00185547

0.00346301 0.00175781
0.00342899 0.00180664

0.00341797 0.00181915
0.0034268 0.00180664

0.00322266 0.002054
0.00312543 0.00214844

0.0033153 0.00195313
0.00322587 0.00205078

0.00322266 0.00205471
0.00322648 0.00205078

0.003125 0.0021487
0.00312528 0.00214844

0.00357836 0.0015625
0.00352462 0.00166016

0.00351563 0.00167191
0.00352278 0.00166016

