7.16851e-05 0
7.32422e-05 4.57061e-06

7.32422e-05 2.19675e-07
9.57675e-05 2.44141e-05

9.76563e-05 1.46373e-05
0.00012207 1.55442e-05

0.00012207 1.43187e-05
0.000146484 1.36082e-05

0.000146484 1.44631e-05
0.000170898 1.46018e-05

0.000170898 1.38982e-05
0.000195313 1.4245e-05

0.000195313 1.44351e-05
0.000219727 1.51742e-05

0.000219727 1.50358e-05
0.000244141 1.42847e-05

0.000244141 1.45236e-05
0.000268555 1.38895e-05

0.000268555 1.39495e-05
0.000292969 1.438e-05

0.000292969 1.43751e-05
0.000317383 1.47088e-05

0.000317383 1.48483e-05
0.000341797 1.40066e-05

0.000341797 1.42932e-05
0.000366211 1.34742e-05

0.000366211 1.36809e-05
0.000390625 1.39216e-05

0.000390625 1.39663e-05
0.000415039 1.41663e-05

0.000415039 1.42991e-05
0.000439453 1.36087e-05

0.000439453 1.38549e-05
0.000463867 1.3231e-05

0.000463867 1.33775e-05
0.000488281 1.36013e-05

0.000488281 1.36229e-05
0.000512695 1.37944e-05

0.000512695 1.38775e-05
0.000537109 1.33566e-05

0.000537109 1.35512e-05
0.000561523 1.30942e-05

0.000561523 1.3208e-05
0.000585937 1.33579e-05

0.000585938 1.33638e-05
0.000610352 1.35e-05

0.000610352 1.35685e-05
0.000634766 1.31966e-05

0.000634766 1.33537e-05
0.00065918 1.29683e-05

0.00065918 1.30391e-05
0.000683594 1.31701e-05

0.000683594 1.31077e-05
0.000708008 1.34026e-05

0.000708008 1.33669e-05
0.000732422 1.32686e-05

0.000732422 1.32232e-05
0.000756836 1.31446e-05

0.000756836 1.30762e-05
0.00078125 1.34457e-05

0.00078125 1.33981e-05
0.000805664 1.35059e-05

0.000805664 1.33366e-05
0.000830078 1.33429e-05

0.000830078 1.33415e-05
0.000854492 1.35717e-05

0.000854492 1.34429e-05
0.000878906 1.35747e-05

0.000878906 1.34576e-05
0.00090332 1.36501e-05

0.00090332 1.35467e-05
0.000927734 1.37561e-05

0.000927734 1.36267e-05
0.000952148 1.3793e-05

0.000952148 1.36591e-05
0.000976562 1.38928e-05

0.000976562 1.37502e-05
0.00100098 1.40214e-05

0.00100098 1.38349e-05
0.00102539 1.41283e-05

0.00102539 1.395e-05
0.0010498 1.427e-05

0.0010498 1.40765e-05
0.00107422 1.43796e-05

0.00107422 1.41977e-05
0.00109863 1.44932e-05

0.00109863 1.45026e-05
0.00112305 1.44165e-05

0.00112305 1.41179e-05
0.00114746 1.44378e-05

0.00114746 1.41997e-05
0.00117187 1.52237e-05

0.00117188 1.4845e-05
0.00119629 1.53547e-05

0.00119629 1.52795e-05
0.0012207 1.49795e-05

0.0012207 1.48034e-05
0.00124512 1.4903e-05

0.00124512 1.47476e-05
0.00126953 1.56747e-05

0.00126953 1.5471e-05
0.00129395 1.57772e-05

0.00129395 1.61271e-05
0.00131836 1.48131e-05

0.00131836 1.44868e-05
0.00134277 1.45693e-05

0.00134277 1.59037e-05
0.00136719 1.51719e-05

0.0013916 1.07455e-06
0.00136967 2.44141e-05

0.0013916 3.83053e-06
0.0013929 0

0.00146289 0
0.00146484 5.75112e-06

0.00146484 4.45504e-06
0.00148418 2.44141e-05

0.00148484 2.44141e-05
0.00148926 2.59885e-05

0.00148926 1.73423e-05
0.00151367 1.79367e-05

0.00151367 1.73126e-05
0.00153809 1.69167e-05

0.00151367 2.44262e-05
0.0015159 2.44141e-05

0.0015625 5.92903e-06
0.00154348 2.44141e-05

0.00153809 2.6047e-05
0.00154285 2.44141e-05

0 0.00312183
0.000390625 0.00311081

0.000390625 0.0031111
0.00078125 0.00307749

0.00078125 0.00307812
0.00117187 0.00302006

0.00117188 0.00302111
0.0015625 0.00293523

0.0015625 7.32987e-06
0.00156512 0

0.00165638 0
0.00166016 9.2189e-06

0.00166016 1.03747e-05
0.00167553 2.44141e-05

0.0016747 2.44141e-05
0.00168457 2.79527e-05

0.00168457 1.80661e-05
0.00170898 1.83289e-05

0.001695 2.44141e-05
0.00170898 2.44913e-05

0.0017334 1.10924e-05
0.00171814 2.44141e-05

0.00170898 2.79368e-05
0.00171909 2.44141e-05

0.0017334 1.17698e-05
0.00173839 0

0.00180047 0
0.00180664 1.3981e-05

0.00180664 9.24506e-06
0.00183105 1.25841e-05

0.00183105 5.96024e-06
0.00185545 0

0.00185547 2.59441e-08
0.00187988 1.76184e-05

0.00187988 9.42946e-06
0.0019043 1.1447e-05

0.0019043 9.39084e-06
0.00192871 1.04358e-05

0.00192871 9.88905e-06
0.00195312 1.21657e-05

0.00195312 9.52212e-06
0.00197754 1.29918e-05

0.00197754 1.36049e-05
0.00200195 1.28825e-05

0.00200195 1.53219e-05
0.00202637 6.23483e-06

0.00202637 6.71052e-06
0.00205078 9.17117e-06

0.00205078 9.61738e-06
0.0020752 1.45424e-05

0.0020752 9.82816e-06
0.00209961 1.18267e-05

0.00209961 1.33494e-05
0.00212402 1.33807e-05

0.00212402 1.30847e-05
0.00214844 8.61158e-06

0.00214844 8.20628e-06
0.00217285 1.29493e-05

0.00217285 1.37961e-05
0.00219727 1.38344e-05

0.00219727 1.32002e-05
0.00222168 8.00633e-06

0.00222168 7.89034e-06
0.00224609 1.32724e-05

0.00224609 1.39338e-05
0.00227051 1.39934e-05

0.00227051 1.38456e-05
0.00229492 7.39712e-06

0.00229492 8.1256e-06
0.00231934 1.18441e-05

0.00231934 1.06027e-05
0.00234375 1.50485e-05

0.00234375 1.50845e-05
0.00236816 1.07815e-05

0.00236816 1.25096e-05
0.00239258 7.4242e-06

0.00239258 7.43144e-06
0.00241699 1.24875e-05

0.00241699 1.06986e-05
0.00244141 1.51454e-05

0.00244141 1.51422e-05
0.00246582 1.06928e-05

0.00246582 1.24734e-05
0.00249023 7.45132e-06

0.00249023 7.45217e-06
0.00251465 1.25101e-05

0.00251465 1.07215e-05
0.00253906 1.51209e-05

0.00253906 1.51152e-05
0.00256348 1.07014e-05

0.00256348 1.24416e-05
0.00258789 7.52841e-06

0.00258789 7.52017e-06
0.0026123 1.25398e-05

0.0026123 1.08483e-05
0.00263672 1.50123e-05

0.00263672 1.49538e-05
0.00266113 1.06424e-05

0.00266113 1.18874e-05
0.00268555 8.25191e-06

0.00268555 7.46586e-06
0.00270996 1.38047e-05

0.00270996 1.39059e-05
0.00273438 1.40803e-05

0.00273437 1.38443e-05
0.00275879 7.66134e-06

0.00275879 8.43226e-06
0.0027832 1.18484e-05

0.0027832 1.07901e-05
0.00280762 1.48041e-05

0.00280762 1.48057e-05
0.00283203 1.07948e-05

0.00283203 1.18762e-05
0.00285645 8.40224e-06

0.00285645 7.75894e-06
0.00288086 1.36865e-05

0.00288086 1.38164e-05
0.00290527 1.38102e-05

0.00290527 1.28815e-05
0.00292969 8.55552e-06

0.00292969 9.15115e-06
0.0029541 1.30029e-05

0.0029541 1.31374e-05
0.00297852 1.3139e-05

0.00297852 1.14568e-05
0.00300293 1.06993e-05

0.00300293 1.08231e-05
0.00302734 1.44617e-05

0.00302734 1.2854e-05
0.00305176 1.42622e-05

0.00305176 1.31961e-05
0.00307617 1.41432e-05

0.00307617 1.36443e-05
0.00310059 1.48987e-05

0.00310059 1.41229e-05
0.003125 1.51639e-05

0.00175781 0.00287926
0.00157609 0.00292969

0.0015625 0.00293351
0.00157627 0.00292969

0.00175781 0.00287977
0.00195312 0.00281685

0.00234375 0.00265911
0.00217145 0.00273438

0.00195312 0.00281719
0.00214844 0.00274386

0.00214844 0.0027434
0.0021691 0.00273438

0.00292969 0.00231107
0.00288443 0.00234375

0.00302734 0.00223417
0.0030124 0.00224609

0.00297852 0.00227164
0.00294869 0.00229492

0.00292969 0.00231006
0.00294935 0.00229492

0.00300293 0.00225251
0.00298018 0.00227051

0.00297852 0.00227241
0.00298088 0.00227051

0.00300293 0.00224804
0.00300544 0.00224609

0.00307617 0.0021894
0.00306716 0.00219727

0.00302734 0.00223312
0.00306966 0.00219727

0.00307617 0.00219136
0.00312439 0.00214844

0.00244141 0.00261136
0.00238933 0.00263672

0.00234375 0.00265737
0.00238615 0.00263672

0.00244141 0.00261087
0.00253906 0.00255975

0.00273438 0.00244673
0.00257811 0.00253906

0.00253906 0.0025591
0.00257354 0.00253906

0.00283203 0.00238021
0.00274023 0.00244141

0.00273438 0.00244453
0.00273926 0.00244141

0.00283203 0.00237969
0.00288211 0.00234375

0.003125 1.46101e-05
0.00314941 1.56003e-05

0.00314941 1.50047e-05
0.00317383 1.59129e-05

0.00317383 1.54298e-05
0.00319824 1.63158e-05

0.00319824 1.58866e-05
0.00322266 1.65656e-05

0.00322266 1.60602e-05
0.00324707 1.68868e-05

0.00324707 1.63704e-05
0.00327148 1.75749e-05

0.00327148 1.69839e-05
0.0032959 1.81999e-05

0.0032959 1.75617e-05
0.00332031 1.87178e-05

0.00332031 1.78409e-05
0.00334473 1.96354e-05

0.00334473 1.98712e-05
0.00336914 1.99975e-05

0.00336914 1.32017e-05
0.00339335 2.44141e-05

0.00339197 2.44141e-05
0.00339355 2.50279e-05

0.00339355 2.73614e-05
0.00341797 4.8773e-05

0.00341755 4.88281e-05
0.00341797 4.92306e-05

0.00341797 4.84223e-05
0.00341839 4.88281e-05

0.00341797 4.94441e-05
0.00344165 7.32422e-05

0.00344171 7.32422e-05
0.00344238 7.39439e-05

0.00344238 7.4135e-05
0.00346424 9.76563e-05

0.00346478 9.76563e-05
0.0034668 9.99174e-05

0.0034668 0.000100387
0.003506 0.000146484

0.00350601 0.000146484
0.00351563 0.000159057

0.00351563 0.000159524
0.00354256 0.000195313

0.00354284 0.000195313
0.00356445 0.000227719

0.00356445 0.000229137
0.00357427 0.000244141

0.00357497 0.000244141
0.00360383 0.000292969

0.00360464 0.000292969
0.00361328 0.000310352

0.00361328 0.000311968
0.00362887 0.000341797

0.00362911 0.000341797
0.00365175 0.000390625

0.00365241 0.000390625
0.0036899 0.000488281

0.00368973 0.000488281
0.00371094 0.000563078

0.00371094 0.000565004
0.00371687 0.000585938

0.00371709 0.000585937
0.00373597 0.000683594

0.00373561 0.000683594
0.00374684 0.00078125

0.00374882 0.00078125
0.0037495 0.000976562

0.00374919 0.000976562
0.00372126 0.00117188

0.00371094 0.00120936
0.00366561 0.00136719

0.00366565 0.00136719
0.00358043 0.0015625

0.00371094 0.00120477
0.00371913 0.00117187

0.00332031 0.00194534
0.00331382 0.00195312

0.00351563 0.00167555
0.00346387 0.00175781

0.00341797 0.00182255
0.0033945 0.00185547

0.00332031 0.00194679
0.00339419 0.00185547

0.00346302 0.00175781
0.003429 0.00180664

0.00341797 0.00181914
0.00342679 0.00180664

0.00322266 0.00205401
0.00312544 0.00214844

0.00331532 0.00195313
0.00322589 0.00205078

0.00322266 0.00205475
0.00322651 0.00205078

0.003125 0.00214872
0.00312531 0.00214844

0.00357837 0.0015625
0.00352463 0.00166016

0.00351563 0.00167192
0.00352279 0.00166016

