7.16853e-05 0
7.32422e-05 4.57354e-06

7.32422e-05 1.11324e-06
9.56518e-05 2.44141e-05

9.76563e-05 1.47517e-05
0.00012207 1.49599e-05

0.00012207 1.40109e-05
0.000146484 1.37552e-05

0.000146484 1.4514e-05
0.000170898 1.47977e-05

0.000170898 1.38855e-05
0.000195313 1.43245e-05

0.000195313 1.49709e-05
0.000219727 1.50345e-05

0.000219727 1.46148e-05
0.000244141 1.36966e-05

0.000244141 1.39591e-05
0.000268555 1.46021e-05

0.000268555 1.45048e-05
0.000292969 1.48141e-05

0.000292969 1.49782e-05
0.000317383 1.4074e-05

0.000317383 1.43891e-05
0.000341797 1.3506e-05

0.000341797 1.37339e-05
0.000366211 1.39613e-05

0.000366211 1.4004e-05
0.000390625 1.42373e-05

0.000390625 1.4367e-05
0.000415039 1.36857e-05

0.000415039 1.39259e-05
0.000439453 1.32777e-05

0.000439453 1.34283e-05
0.000463867 1.36549e-05

0.000463867 1.36631e-05
0.000488281 1.38775e-05

0.000488281 1.39688e-05
0.000512695 1.34351e-05

0.000512695 1.36258e-05
0.000537109 1.31198e-05

0.000537109 1.32476e-05
0.000561523 1.34132e-05

0.000561523 1.34218e-05
0.000585937 1.35659e-05

0.000585938 1.36499e-05
0.000610352 1.32225e-05

0.000610352 1.33874e-05
0.000634766 1.29754e-05

0.000634766 1.30771e-05
0.00065918 1.31997e-05

0.00065918 1.31868e-05
0.000683594 1.33524e-05

0.000683594 1.33526e-05
0.000708008 1.31636e-05

0.000708008 1.31934e-05
0.000732422 1.30727e-05

0.000732422 1.29907e-05
0.000756836 1.33517e-05

0.000756836 1.32204e-05
0.00078125 1.35669e-05

0.00078125 1.34863e-05
0.000805664 1.33612e-05

0.000805664 1.3302e-05
0.000830078 1.33025e-05

0.000830078 1.32005e-05
0.000854492 1.36478e-05

0.000854492 1.35603e-05
0.000878906 1.37011e-05

0.000878906 1.35241e-05
0.00090332 1.35326e-05

0.00090332 1.35145e-05
0.000927734 1.37596e-05

0.000927734 1.36049e-05
0.000952148 1.38167e-05

0.000952148 1.36967e-05
0.000976562 1.38946e-05

0.000976562 1.37082e-05
0.00100098 1.40114e-05

0.00100098 1.38376e-05
0.00102539 1.42137e-05

0.00102539 1.40318e-05
0.0010498 1.42635e-05

0.0010498 1.40962e-05
0.00107422 1.43126e-05

0.00107422 1.41648e-05
0.00109863 1.44666e-05

0.00109863 1.42395e-05
0.00112305 1.46412e-05

0.00112305 1.43588e-05
0.00114746 1.4907e-05

0.00114746 1.49631e-05
0.00117187 1.47946e-05

0.00117188 1.44276e-05
0.00119629 1.45672e-05

0.00119629 1.43816e-05
0.0012207 1.56004e-05

0.0012207 1.52475e-05
0.00124512 1.57432e-05

0.00124512 1.57311e-05
0.00126953 1.50818e-05

0.00126953 1.49391e-05
0.00129395 1.49655e-05

0.00129395 1.55314e-05
0.00131836 1.53253e-05

0.00131836 1.43599e-05
0.00134277 1.52036e-05

0.00134277 1.68928e-05
0.00136719 1.53722e-05

0.0013916 8.99517e-08
0.00136974 2.44141e-05

0.0013916 3.50708e-06
0.00139279 0

0.00146269 0
0.00146484 6.24855e-06

0.00146484 4.82118e-06
0.0014841 2.44141e-05

0.00148476 2.44141e-05
0.00148926 2.60032e-05

0.00148926 1.73883e-05
0.00151367 1.76771e-05

0.00150869 2.44141e-05
0.00151367 2.44318e-05

0.00151367 1.71017e-05
0.00153809 1.69097e-05

0.00153271 2.44141e-05
0.00153809 2.44236e-05

0.0015625 6.08976e-06
0.00154352 2.44141e-05

0.00153809 2.61591e-05
0.00154321 2.44141e-05

0 0.00312185
0.000390625 0.00311083

0.000390625 0.00311112
0.00078125 0.0030775

0.00078125 0.00307814
0.00117187 0.00302008

0.00117188 0.00302113
0.0015625 0.00293524

0.0015625 7.31644e-06
0.00156512 0

0.00165636 0
0.00166016 9.2529e-06

0.00166016 1.03964e-05
0.00167551 2.44141e-05

0.00167469 2.44141e-05
0.00168457 2.7955e-05

0.00168457 1.80717e-05
0.00170898 1.83287e-05

0.00169479 2.44141e-05
0.00170898 2.44905e-05

0.0017334 1.11012e-05
0.00171815 2.44141e-05

0.00170898 2.79348e-05
0.00171908 2.44141e-05

0.0017334 1.17514e-05
0.00173839 0

0.00180046 0
0.00180664 1.39894e-05

0.00180664 9.22495e-06
0.00183105 1.25876e-05

0.00183105 5.96209e-06
0.00185547 1.68343e-08

0.00185547 3.47439e-08
0.00187988 1.76047e-05

0.00187988 9.43214e-06
0.0019043 1.14546e-05

0.0019043 9.39411e-06
0.00192871 1.04334e-05

0.00192871 9.89148e-06
0.00195312 1.21673e-05

0.00195312 9.5232e-06
0.00197754 1.29908e-05

0.00197754 1.36068e-05
0.00200195 1.28823e-05

0.00200195 1.53185e-05
0.00202637 6.23557e-06

0.00202637 6.71258e-06
0.00205078 9.17536e-06

0.00205078 9.61272e-06
0.0020752 1.45469e-05

0.0020752 9.83917e-06
0.00209961 1.18345e-05

0.00209961 1.33549e-05
0.00212402 1.33719e-05

0.00212402 1.30811e-05
0.00214844 8.61496e-06

0.00214844 8.22035e-06
0.00217285 1.29404e-05

0.00217285 1.3787e-05
0.00219727 1.38134e-05

0.00219727 1.31023e-05
0.00222168 8.09359e-06

0.00222168 7.99228e-06
0.00224609 1.33614e-05

0.00224609 1.40737e-05
0.00227051 1.38539e-05

0.00227051 1.37606e-05
0.00229492 7.29807e-06

0.00229492 8.04562e-06
0.00231934 1.19383e-05

0.00231934 1.0615e-05
0.00234375 1.50512e-05

0.00234375 1.50925e-05
0.00236816 1.0778e-05

0.00236816 1.25092e-05
0.00239258 7.42305e-06

0.00239258 7.43231e-06
0.00241699 1.24899e-05

0.00241699 1.07008e-05
0.00244141 1.51438e-05

0.00244141 1.51408e-05
0.00246582 1.06926e-05

0.00246582 1.2473e-05
0.00249023 7.45391e-06

0.00249023 7.45428e-06
0.00251465 1.25096e-05

0.00251465 1.07218e-05
0.00253906 1.51201e-05

0.00253906 1.51149e-05
0.00256348 1.07019e-05

0.00256348 1.24415e-05
0.00258789 7.52905e-06

0.00258789 7.51947e-06
0.0026123 1.25414e-05

0.0026123 1.0849e-05
0.00263672 1.50152e-05

0.00263672 1.49584e-05
0.00266113 1.06423e-05

0.00266113 1.18892e-05
0.00268555 8.24697e-06

0.00268555 7.46148e-06
0.00270996 1.38058e-05

0.00270996 1.39091e-05
0.00273438 1.40801e-05

0.00273437 1.38447e-05
0.00275879 7.65307e-06

0.00275879 8.42708e-06
0.0027832 1.18474e-05

0.0027832 1.07854e-05
0.00280762 1.48049e-05

0.00280762 1.48107e-05
0.00283203 1.07901e-05

0.00283203 1.18886e-05
0.00285645 8.37396e-06

0.00285645 7.7105e-06
0.00288086 1.36902e-05

0.00288086 1.38409e-05
0.00290527 1.38295e-05

0.00290527 1.29506e-05
0.00292969 8.4349e-06

0.00292969 9.00794e-06
0.0029541 1.29648e-05

0.0029541 1.31494e-05
0.00297852 1.31884e-05

0.00297852 1.1326e-05
0.00300293 1.06981e-05

0.00300293 1.07791e-05
0.00302734 1.47365e-05

0.00302734 1.30322e-05
0.00305176 1.44227e-05

0.00305176 1.33887e-05
0.00307617 1.41772e-05

0.00307617 1.38103e-05
0.00310059 1.48422e-05

0.00310059 1.4186e-05
0.003125 1.49866e-05

0.00175781 0.00287927
0.00157613 0.00292969

0.0015625 0.00293352
0.00157631 0.00292969

0.00175781 0.00287977
0.00195312 0.00281685

0.00234375 0.00265911
0.00217147 0.00273438

0.00195312 0.00281719
0.00214844 0.00274387

0.00214844 0.00274341
0.00216912 0.00273438

0.00292969 0.00231108
0.00288445 0.00234375

0.00302734 0.00223417
0.00301241 0.00224609

0.00297852 0.00227164
0.0029487 0.00229492

0.00292969 0.00231007
0.00294936 0.00229492

0.00300293 0.00225252
0.00298019 0.00227051

0.00297852 0.00227242
0.00298088 0.00227051

0.00300293 0.00224806
0.00300548 0.00224609

0.00307617 0.00218938
0.00306713 0.00219727

0.00302734 0.00223314
0.00306967 0.00219727

0.00307617 0.00219136
0.00312438 0.00214844

0.00244141 0.00261136
0.00238935 0.00263672

0.00234375 0.00265738
0.00238616 0.00263672

0.00244141 0.00261087
0.00253906 0.00255975

0.00273438 0.00244673
0.00257812 0.00253906

0.00253906 0.00255911
0.00257355 0.00253906

0.00283203 0.00238022
0.00274024 0.00244141

0.00273438 0.00244454
0.00273927 0.00244141

0.00283203 0.00237969
0.0028821 0.00234375

0.003125 1.45309e-05
0.00314941 1.53996e-05

0.00314941 1.48452e-05
0.00317383 1.57462e-05

0.00317383 1.52449e-05
0.00319824 1.61932e-05

0.00319824 1.56419e-05
0.00322266 1.65769e-05

0.00322266 1.59882e-05
0.00324707 1.70963e-05

0.00324707 1.64709e-05
0.00327148 1.77543e-05

0.00327148 1.70377e-05
0.0032959 1.84476e-05

0.0032959 1.79628e-05
0.00332031 1.8999e-05

0.00332031 1.81111e-05
0.00334473 1.94466e-05

0.00334473 1.96287e-05
0.00336914 2.00041e-05

0.00336914 1.33659e-05
0.0033925 2.44141e-05

0.00339104 2.44141e-05
0.00339355 2.54009e-05

0.00339355 2.76495e-05
0.0034178 4.88281e-05

0.00341733 4.88281e-05
0.00341797 4.94483e-05

0.00341797 4.96485e-05
0.00344157 7.32422e-05

0.00344161 7.32422e-05
0.00344238 7.40437e-05

0.00344238 7.41843e-05
0.0034643 9.76563e-05

0.00346482 9.76563e-05
0.0034668 9.98611e-05

0.0034668 0.000100322
0.00350615 0.000146484

0.00350616 0.000146484
0.00351563 0.00015885

0.00351563 0.000159346
0.00354271 0.000195313

0.003543 0.000195313
0.00356445 0.000227467

0.00356445 0.000228934
0.00357441 0.000244141

0.00357512 0.000244141
0.00360397 0.000292969

0.00360479 0.000292969
0.00361328 0.00031006

0.00361328 0.00031169
0.00362901 0.000341797

0.00362924 0.000341797
0.00365186 0.000390625

0.00365252 0.000390625
0.00368999 0.000488281

0.00368981 0.000488281
0.00371094 0.000562877

0.00371094 0.000564763
0.00371693 0.000585938

0.00371714 0.000585937
0.00373599 0.000683594

0.00373563 0.000683594
0.00374683 0.00078125

0.00374881 0.00078125
0.00374944 0.000976562

0.00374914 0.000976562
0.0037212 0.00117188

0.00371094 0.00120911
0.00366553 0.00136719

0.00366558 0.00136719
0.00358037 0.0015625

0.00371094 0.00120447
0.00371905 0.00117187

0.00332031 0.00194527
0.00331376 0.00195312

0.00351563 0.00167547
0.00346382 0.00175781

0.00341797 0.00182252
0.00339448 0.00185547

0.00332031 0.00194676
0.00339415 0.00185547

0.00346298 0.00175781
0.00342897 0.00180664

0.00341797 0.00181903
0.00342671 0.00180664

0.00322266 0.00205399
0.00312543 0.00214844

0.00331529 0.00195313
0.00322587 0.00205078

0.00322266 0.00205476
0.00322653 0.00205078

0.003125 0.00214871
0.00312529 0.00214844

0.00357831 0.0015625
0.00352458 0.00166016

0.00351563 0.00167182
0.00352273 0.00166016

