7.14656e-05 0
7.32422e-05 5.18527e-06

7.32422e-05 1.01345e-06
9.59489e-05 2.44141e-05

9.76563e-05 1.42729e-05
0.00012207 1.48231e-05

0.00012207 1.36332e-05
0.000146484 1.42809e-05

0.000146484 1.49631e-05
0.000170898 1.51502e-05

0.000170898 1.44995e-05
0.000195313 1.37119e-05

0.000195313 1.40428e-05
0.000219727 1.48295e-05

0.000219727 1.4534e-05
0.000244141 1.4917e-05

0.000244141 1.50716e-05
0.000268555 1.44139e-05

0.000268555 1.46215e-05
0.000292969 1.37804e-05

0.000292969 1.39677e-05
0.000317383 1.42035e-05

0.000317383 1.42553e-05
0.000341797 1.45119e-05

0.000341797 1.46871e-05
0.000366211 1.38845e-05

0.000366211 1.41016e-05
0.000390625 1.34227e-05

0.000390625 1.36695e-05
0.000415039 1.38717e-05

0.000415039 1.38603e-05
0.000439453 1.39688e-05

0.000439453 1.41244e-05
0.000463867 1.35813e-05

0.000463867 1.3787e-05
0.000488281 1.32246e-05

0.000488281 1.33774e-05
0.000512695 1.34943e-05

0.000512695 1.35504e-05
0.000537109 1.36334e-05

0.000537109 1.36966e-05
0.000561523 1.32978e-05

0.000561523 1.34884e-05
0.000585937 1.31085e-05

0.000585938 1.31501e-05
0.000610352 1.32913e-05

0.000610352 1.33877e-05
0.000634766 1.34142e-05

0.000634766 1.34443e-05
0.00065918 1.30355e-05

0.00065918 1.31375e-05
0.000683594 1.30729e-05

0.000683594 1.30931e-05
0.000708008 1.32939e-05

0.000708008 1.31734e-05
0.000732422 1.33261e-05

0.000732422 1.32943e-05
0.000756836 1.33137e-05

0.000756836 1.32546e-05
0.00078125 1.32729e-05

0.00078125 1.32214e-05
0.000805664 1.34133e-05

0.000805664 1.33247e-05
0.000830078 1.34822e-05

0.000830078 1.33463e-05
0.000854492 1.35187e-05

0.000854492 1.3445e-05
0.000878906 1.36151e-05

0.000878906 1.34758e-05
0.00090332 1.36402e-05

0.00090332 1.35513e-05
0.000927734 1.37526e-05

0.000927734 1.35969e-05
0.000952148 1.3819e-05

0.000952148 1.37199e-05
0.000976562 1.39168e-05

0.000976562 1.37157e-05
0.00100098 1.3997e-05

0.00100098 1.38646e-05
0.00102539 1.41989e-05

0.00102539 1.39601e-05
0.0010498 1.42641e-05

0.0010498 1.40793e-05
0.00107422 1.44535e-05

0.00107422 1.42114e-05
0.00109863 1.45957e-05

0.00109863 1.44431e-05
0.00112305 1.46944e-05

0.00112305 1.4444e-05
0.00114746 1.4762e-05

0.00114746 1.46368e-05
0.00117187 1.50096e-05

0.00117188 1.47253e-05
0.00119629 1.5083e-05

0.00119629 1.50033e-05
0.0012207 1.52265e-05

0.0012207 1.49607e-05
0.00124512 1.52147e-05

0.00124512 1.5405e-05
0.00126953 1.52452e-05

0.00126953 1.49402e-05
0.00129395 1.49703e-05

0.00129395 1.54516e-05
0.00131836 1.52484e-05

0.00131836 1.44231e-05
0.00134277 1.51519e-05

0.00134277 1.67533e-05
0.00136719 1.51584e-05

0.0013916 1.35843e-07
0.00136961 2.44141e-05

0.0013916 4.21173e-06
0.00139303 0

0.0014628 0
0.00146484 5.96576e-06

0.00146484 4.53932e-06
0.00148408 2.44141e-05

0.00148488 2.44141e-05
0.00148926 2.59869e-05

0.00148926 1.75544e-05
0.00151367 1.80054e-05

0.00151367 1.73292e-05
0.00153809 1.67808e-05

0.0015625 5.9233e-06
0.00154346 2.44141e-05

0.00153809 2.61275e-05
0.0015431 2.44141e-05

0 0.00312188
0.000390625 0.00311087

0.000390625 0.00311116
0.00078125 0.00307754

0.00078125 0.00307818
0.00117187 0.00302011

0.00117188 0.00302116
0.0015625 0.00293527

0.0015625 7.23196e-06
0.00156508 0

0.00165637 0
0.00166016 9.23576e-06

0.00166016 1.03735e-05
0.00167551 2.44141e-05

0.00167468 2.44141e-05
0.00168457 2.79655e-05

0.00168457 1.81017e-05
0.00170898 1.83665e-05

0.00169493 2.44141e-05
0.00170898 2.44922e-05

0.0017334 1.10946e-05
0.00171816 2.44141e-05

0.00170898 2.79483e-05
0.0017191 2.44141e-05

0.0017334 1.17728e-05
0.0017384 0

0.00180039 0
0.00180664 1.40805e-05

0.00180664 9.22266e-06
0.00183105 1.25253e-05

0.00183105 5.93216e-06
0.00185547 6.62913e-08

0.00185547 4.09213e-08
0.00187988 1.75923e-05

0.00187988 9.43137e-06
0.0019043 1.14624e-05

0.0019043 9.39821e-06
0.00192871 1.04327e-05

0.00192871 9.89372e-06
0.00195312 1.2167e-05

0.00195312 9.5259e-06
0.00197754 1.29888e-05

0.00197754 1.36021e-05
0.00200195 1.28828e-05

0.00200195 1.53131e-05
0.00202637 6.24856e-06

0.00202637 6.72789e-06
0.00205078 9.17413e-06

0.00205078 9.61017e-06
0.0020752 1.45405e-05

0.0020752 9.84211e-06
0.00209961 1.18414e-05

0.00209961 1.33591e-05
0.00212402 1.33642e-05

0.00212402 1.30703e-05
0.00214844 8.61997e-06

0.00214844 8.21307e-06
0.00217285 1.29637e-05

0.00217285 1.38076e-05
0.00219727 1.38293e-05

0.00219727 1.32049e-05
0.00222168 8.00083e-06

0.00222168 7.8865e-06
0.00224609 1.32701e-05

0.00224609 1.39291e-05
0.00227051 1.39982e-05

0.00227051 1.38483e-05
0.00229492 7.4009e-06

0.00229492 8.12952e-06
0.00231934 1.18404e-05

0.00231934 1.06021e-05
0.00234375 1.50469e-05

0.00234375 1.50823e-05
0.00236816 1.07822e-05

0.00236816 1.25071e-05
0.00239258 7.42856e-06

0.00239258 7.43581e-06
0.00241699 1.24891e-05

0.00241699 1.07007e-05
0.00244141 1.51428e-05

0.00244141 1.51399e-05
0.00246582 1.06951e-05

0.00246582 1.24754e-05
0.00249023 7.45472e-06

0.00249023 7.45536e-06
0.00251465 1.25078e-05

0.00251465 1.07213e-05
0.00253906 1.51206e-05

0.00253906 1.51149e-05
0.00256348 1.07024e-05

0.00256348 1.24393e-05
0.00258789 7.53175e-06

0.00258789 7.52421e-06
0.0026123 1.25424e-05

0.0026123 1.08497e-05
0.00263672 1.50113e-05

0.00263672 1.49541e-05
0.00266113 1.0646e-05

0.00266113 1.18926e-05
0.00268555 8.25074e-06

0.00268555 7.46251e-06
0.00270996 1.3804e-05

0.00270996 1.39149e-05
0.00273438 1.4079e-05

0.00273437 1.38495e-05
0.00275879 7.63815e-06

0.00275879 8.40904e-06
0.0027832 1.18482e-05

0.0027832 1.07876e-05
0.00280762 1.48136e-05

0.00280762 1.48109e-05
0.00283203 1.0781e-05

0.00283203 1.18628e-05
0.00285645 8.39881e-06

0.00285645 7.7448e-06
0.00288086 1.37058e-05

0.00288086 1.38305e-05
0.00290527 1.38223e-05

0.00290527 1.2974e-05
0.00292969 8.46568e-06

0.00292969 9.02321e-06
0.0029541 1.29364e-05

0.0029541 1.31167e-05
0.00297852 1.32222e-05

0.00297852 1.14816e-05
0.00300293 1.06173e-05

0.00300293 1.06657e-05
0.00302734 1.45433e-05

0.00302734 1.28947e-05
0.00305176 1.44935e-05

0.00305176 1.33389e-05
0.00307617 1.42177e-05

0.00307617 1.38269e-05
0.00310059 1.48958e-05

0.00310059 1.42231e-05
0.003125 1.50004e-05

0.00175781 0.0028793
0.00157623 0.00292969

0.0015625 0.00293355
0.00157642 0.00292969

0.00175781 0.0028798
0.00195312 0.00281688

0.00234375 0.00265913
0.00217152 0.00273438

0.00195312 0.00281722
0.00214844 0.00274389

0.00214844 0.00274344
0.00216918 0.00273438

0.00292969 0.0023111
0.00288447 0.00234375

0.00302734 0.00223418
0.00301241 0.00224609

0.00297852 0.00227164
0.0029487 0.00229492

0.00292969 0.00231008
0.00294937 0.00229492

0.00300293 0.00225253
0.00298021 0.00227051

0.00297852 0.00227243
0.0029809 0.00227051

0.00300293 0.00224806
0.00300547 0.00224609

0.00307617 0.00218933
0.00306708 0.00219727

0.00302734 0.00223315
0.00306968 0.00219727

0.00307617 0.00219136
0.00312438 0.00214844

0.00244141 0.00261138
0.00238939 0.00263672

0.00234375 0.0026574
0.0023862 0.00263672

0.00244141 0.00261089
0.00253906 0.00255977

0.00273438 0.00244675
0.00257815 0.00253906

0.00253906 0.00255912
0.00257357 0.00253906

0.00283203 0.00238023
0.00274025 0.00244141

0.00273438 0.00244455
0.00273929 0.00244141

0.00283203 0.00237968
0.00288209 0.00234375

0.003125 1.45504e-05
0.00314941 1.54155e-05

0.00314941 1.48794e-05
0.00317383 1.5759e-05

0.00317383 1.52364e-05
0.00319824 1.62028e-05

0.00319824 1.55746e-05
0.00322266 1.67238e-05

0.00322266 1.61244e-05
0.00324707 1.73469e-05

0.00324707 1.67358e-05
0.00327148 1.77954e-05

0.00327148 1.70671e-05
0.0032959 1.84005e-05

0.0032959 1.80492e-05
0.00332031 1.9078e-05

0.00332031 1.81865e-05
0.00334473 1.93387e-05

0.00334473 1.97364e-05
0.00336914 1.96951e-05

0.00336914 1.29585e-05
0.00339346 2.44141e-05

0.00339148 2.44141e-05
0.00339355 2.52248e-05

0.00339355 2.73003e-05
0.00341797 4.87291e-05

0.00341779 4.88281e-05
0.00341797 4.90027e-05

0.00341797 4.87868e-05
0.00341801 4.88281e-05

0.00341797 4.9362e-05
0.00344177 7.32422e-05

0.0034418 7.32422e-05
0.00344238 7.38471e-05

0.00344238 7.39842e-05
0.00346439 9.76563e-05

0.00346488 9.76563e-05
0.0034668 9.98118e-05

0.0034668 0.000100548
0.0034856 0.00012207

0.00348539 0.00012207
0.00349121 0.000129033

0.00349121 0.000128684
0.00350584 0.000146484

0.0035061 0.000146484
0.00351563 0.000158956

0.00351563 0.000159455
0.00354258 0.000195313

0.00354289 0.000195313
0.00356445 0.000227667

0.00356445 0.000229214
0.00357422 0.000244141

0.00357497 0.000244141
0.00360381 0.000292969

0.00360461 0.000292969
0.00361328 0.000310419

0.00361328 0.000312008
0.00362884 0.000341797

0.00362908 0.000341797
0.00365171 0.000390625

0.00365237 0.000390625
0.00368986 0.000488281

0.00368969 0.000488281
0.00371094 0.000563227

0.00371094 0.000565169
0.00371682 0.000585938

0.00371705 0.000585937
0.00373592 0.000683594

0.00373556 0.000683594
0.00374678 0.00078125

0.00374876 0.00078125
0.00374942 0.000976562

0.00374912 0.000976562
0.00372119 0.00117188

0.00371094 0.0012091
0.00366554 0.00136719

0.00366558 0.00136719
0.00358037 0.0015625

0.00371094 0.00120445
0.00371904 0.00117187

0.00332031 0.00194521
0.00331371 0.00195312

0.00351563 0.00167548
0.00346383 0.00175781

0.00341797 0.00182255
0.00339451 0.00185547

0.00332031 0.00194676
0.00339416 0.00185547

0.00346298 0.00175781
0.00342897 0.00180664

0.00341797 0.00181895
0.00342666 0.00180664

0.00322266 0.00205399
0.00312543 0.00214844

0.00331529 0.00195313
0.00322587 0.00205078

0.00322266 0.0020548
0.00322657 0.00205078

0.003125 0.00214871
0.00312529 0.00214844

0.00357831 0.0015625
0.00352458 0.00166016

0.00351563 0.00167181
0.00352272 0.00166016

