7.17485e-05 0
7.32422e-05 4.39136e-06

7.32423e-05 0
9.58908e-05 2.44141e-05

9.72971e-05 2.44141e-05
9.76563e-05 2.45431e-05

9.76563e-05 1.42962e-05
0.00012207 1.56366e-05

0.00012207 1.42951e-05
0.000146484 1.3977e-05

0.000146484 1.45791e-05
0.000170898 1.48502e-05

0.000170898 1.43566e-05
0.000195313 1.43444e-05

0.000195313 1.47607e-05
0.000219727 1.46493e-05

0.000219727 1.44189e-05
0.000244141 1.41057e-05

0.000244141 1.41133e-05
0.000268555 1.48033e-05

0.000268555 1.49542e-05
0.000292969 1.4663e-05

0.000292969 1.4707e-05
0.000317383 1.37461e-05

0.000317383 1.41592e-05
0.000341797 1.3954e-05

0.000341797 1.40161e-05
0.000366211 1.41209e-05

0.000366211 1.42702e-05
0.000390625 1.40043e-05

0.000390625 1.41885e-05
0.000415039 1.35405e-05

0.000415039 1.36884e-05
0.000439453 1.36039e-05

0.000439453 1.38592e-05
0.000463867 1.37429e-05

0.000463867 1.36771e-05
0.000488281 1.3441e-05

0.000488281 1.37074e-05
0.000512695 1.35432e-05

0.000512695 1.35476e-05
0.000537109 1.33273e-05

0.000537109 1.35381e-05
0.000561523 1.33877e-05

0.000561523 1.34007e-05
0.000585937 1.32537e-05

0.000585938 1.33987e-05
0.000610352 1.33125e-05

0.000610352 1.33398e-05
0.000634766 1.31891e-05

0.000634766 1.32525e-05
0.00065918 1.32399e-05

0.00065918 1.32496e-05
0.000683594 1.32611e-05

0.000683594 1.33481e-05
0.000708008 1.3161e-05

0.000708008 1.31749e-05
0.000732422 1.30657e-05

0.000732422 1.29836e-05
0.000756836 1.33684e-05

0.000756836 1.32085e-05
0.00078125 1.35877e-05

0.00078125 1.35109e-05
0.000805664 1.33943e-05

0.000805664 1.33835e-05
0.000830078 1.32419e-05

0.000830078 1.31276e-05
0.000854492 1.3571e-05

0.000854492 1.34215e-05
0.000878906 1.38533e-05

0.000878906 1.37101e-05
0.00090332 1.36287e-05

0.00090332 1.36313e-05
0.000927734 1.35224e-05

0.000927734 1.32815e-05
0.000952148 1.38955e-05

0.000952148 1.39671e-05
0.000976562 1.41051e-05

0.000976562 1.37387e-05
0.00100098 1.3647e-05

0.00100098 1.35702e-05
0.00102539 1.43633e-05

0.00102539 1.41378e-05
0.0010498 1.4459e-05

0.0010498 1.43092e-05
0.00107422 1.41223e-05

0.00107422 1.41221e-05
0.00109863 1.41844e-05

0.00109863 1.3807e-05
0.00112305 1.47213e-05

0.00112305 1.43511e-05
0.00114746 1.53923e-05

0.00114746 1.52842e-05
0.00117187 1.49248e-05

0.00117188 1.47619e-05
0.00119629 1.4396e-05

0.00119629 1.41216e-05
0.0012207 1.54972e-05

0.0012207 1.51593e-05
0.00124512 1.62486e-05

0.00124512 1.63377e-05
0.00126953 1.51239e-05

0.00126953 1.48166e-05
0.00129395 1.45415e-05

0.00129395 1.55168e-05
0.00131836 1.54895e-05

0.00131836 1.4426e-05
0.00134277 1.48871e-05

0.00134277 1.66401e-05
0.00136719 1.51305e-05

0.0013916 1.90498e-08
0.0013696 2.44141e-05

0.00136719 2.48666e-05
0.00136841 2.44141e-05

0.0013916 3.35376e-06
0.00139273 0

0.00146288 0
0.00146484 5.76381e-06

0.00146484 4.07379e-06
0.00148403 2.44141e-05

0.00148569 2.44141e-05
0.00148926 2.57342e-05

0.00148926 1.80361e-05
0.00151367 1.8609e-05

0.00151367 1.76607e-05
0.00153809 1.6339e-05

0.0015625 5.67304e-06
0.00154325 2.44141e-05

0.00153809 2.59835e-05
0.0015427 2.44141e-05

0 0.0031219
0.000390625 0.00311088

0.000390625 0.00311117
0.00078125 0.00307755

0.00078125 0.00307819
0.00117187 0.00302012

0.00117188 0.00302117
0.0015625 0.00293528

0.0015625 7.44834e-06
0.00156514 0

0.00165636 0
0.00166016 9.26766e-06

0.00166016 1.03983e-05
0.00167551 2.44141e-05

0.00167469 2.44141e-05
0.00168457 2.79588e-05

0.00168457 1.80824e-05
0.00170898 1.83412e-05

0.00169479 2.44141e-05
0.00170898 2.44911e-05

0.0017334 1.11063e-05
0.00171816 2.44141e-05

0.00170898 2.7939e-05
0.00171909 2.44141e-05

0.0017334 1.17637e-05
0.00173839 0

0.00180046 0
0.00180664 1.39958e-05

0.00180664 9.24423e-06
0.00183105 1.2594e-05

0.00183105 5.97523e-06
0.00185547 0

0.00185547 3.18894e-08
0.00187988 1.76103e-05

0.00187988 9.43424e-06
0.0019043 1.1457e-05

0.0019043 9.39682e-06
0.00192871 1.04343e-05

0.00192871 9.89423e-06
0.00195312 1.21672e-05

0.00195312 9.52574e-06
0.00197754 1.29888e-05

0.00197754 1.36043e-05
0.00200195 1.28817e-05

0.00200195 1.53186e-05
0.00202637 6.23858e-06

0.00202637 6.74067e-06
0.00205078 9.14721e-06

0.00205078 9.50236e-06
0.0020752 1.45991e-05

0.0020752 9.92612e-06
0.00209961 1.19435e-05

0.00209961 1.34765e-05
0.00212402 1.32291e-05

0.00212402 1.29406e-05
0.00214844 8.60197e-06

0.00214844 8.22387e-06
0.00217285 1.30852e-05

0.00217285 1.38976e-05
0.00219727 1.37378e-05

0.00219727 1.31361e-05
0.00222168 7.95987e-06

0.00222168 7.86097e-06
0.00224609 1.33411e-05

0.00224609 1.39632e-05
0.00227051 1.39744e-05

0.00227051 1.38364e-05
0.00229492 7.38087e-06

0.00229492 8.11594e-06
0.00231934 1.18586e-05

0.00231934 1.06064e-05
0.00234375 1.50474e-05

0.00234375 1.50848e-05
0.00236816 1.07802e-05

0.00236816 1.25066e-05
0.00239258 7.42761e-06

0.00239258 7.43527e-06
0.00241699 1.24897e-05

0.00241699 1.07008e-05
0.00244141 1.51426e-05

0.00244141 1.51394e-05
0.00246582 1.06952e-05

0.00246582 1.24743e-05
0.00249023 7.45643e-06

0.00249023 7.45677e-06
0.00251465 1.2509e-05

0.00251465 1.07229e-05
0.00253906 1.51197e-05

0.00253906 1.51135e-05
0.00256348 1.07034e-05

0.00256348 1.24386e-05
0.00258789 7.53632e-06

0.00258789 7.52831e-06
0.0026123 1.25432e-05

0.0026123 1.08531e-05
0.00263672 1.5009e-05

0.00263672 1.49496e-05
0.00266113 1.06482e-05

0.00266113 1.18957e-05
0.00268555 8.25719e-06

0.00268555 7.46817e-06
0.00270996 1.37991e-05

0.00270996 1.39143e-05
0.00273438 1.40767e-05

0.00273437 1.38466e-05
0.00275879 7.63964e-06

0.00275879 8.41056e-06
0.0027832 1.18497e-05

0.0027832 1.07818e-05
0.00280762 1.4818e-05

0.00280762 1.48154e-05
0.00283203 1.07941e-05

0.00283203 1.19493e-05
0.00285645 8.31995e-06

0.00285645 7.64894e-06
0.00288086 1.36284e-05

0.00288086 1.37271e-05
0.00290527 1.39289e-05

0.00290527 1.30014e-05
0.00292969 8.54628e-06

0.00292969 9.10434e-06
0.0029541 1.2909e-05

0.0029541 1.31532e-05
0.00297852 1.31681e-05

0.00297852 1.13487e-05
0.00300293 1.06844e-05

0.00300293 1.08094e-05
0.00302734 1.46426e-05

0.00302734 1.29673e-05
0.00305176 1.43107e-05

0.00305176 1.3269e-05
0.00307617 1.41536e-05

0.00307617 1.37047e-05
0.00310059 1.49107e-05

0.00310059 1.41685e-05
0.003125 1.51305e-05

0.00175781 0.0028793
0.00157626 0.00292969

0.0015625 0.00293356
0.00157646 0.00292969

0.00175781 0.00287981
0.00195312 0.00281688

0.00234375 0.00265913
0.00217153 0.00273438

0.00195312 0.00281722
0.00214844 0.00274389

0.00214844 0.00274344
0.0021692 0.00273438

0.00292969 0.0023111
0.00288448 0.00234375

0.00302734 0.00223418
0.00301241 0.00224609

0.00297852 0.00227164
0.0029487 0.00229492

0.00292969 0.00231008
0.00294937 0.00229492

0.00300293 0.00225251
0.00298018 0.00227051

0.00297852 0.00227242
0.00298088 0.00227051

0.00300293 0.00224803
0.00300543 0.00224609

0.00307617 0.00218932
0.00306707 0.00219727

0.00302734 0.00223314
0.00306968 0.00219727

0.00307617 0.00219136
0.00312438 0.00214844

0.00244141 0.00261138
0.00238939 0.00263672

0.00234375 0.0026574
0.00238621 0.00263672

0.00244141 0.00261089
0.00253906 0.00255977

0.00273438 0.00244675
0.00257815 0.00253906

0.00253906 0.00255912
0.00257358 0.00253906

0.00283203 0.00238023
0.00274026 0.00244141

0.00273438 0.00244456
0.00273929 0.00244141

0.00283203 0.00237968
0.00288209 0.00234375

0.003125 1.46364e-05
0.00314941 1.55206e-05

0.00314941 1.49595e-05
0.00317383 1.57927e-05

0.00317383 1.52861e-05
0.00319824 1.62726e-05

0.00319824 1.57781e-05
0.00322266 1.66757e-05

0.00322266 1.59809e-05
0.00324707 1.71663e-05

0.00324707 1.69055e-05
0.00327148 1.77067e-05

0.00327148 1.65367e-05
0.0032959 1.81094e-05

0.0032959 1.81815e-05
0.00332031 1.94703e-05

0.00332031 1.8454e-05
0.00334473 1.87697e-05

0.00334473 1.8965e-05
0.00336914 1.93182e-05

0.00336914 1.28309e-05
0.00339233 2.44141e-05

0.00339001 2.44141e-05
0.00339355 2.58493e-05

0.00339355 2.75094e-05
0.00341776 4.88281e-05

0.00341737 4.88281e-05
0.00341797 4.94098e-05

0.00341797 4.98039e-05
0.00344135 7.32422e-05

0.00344154 7.32422e-05
0.00344238 7.41136e-05

0.00344238 7.42886e-05
0.00346425 9.76563e-05

0.00346476 9.76563e-05
0.0034668 9.99352e-05

0.0034668 0.000100711
0.00348552 0.00012207

0.00348531 0.00012207
0.00349121 0.00012911

0.00349121 0.00012875
0.00350581 0.000146484

0.00350605 0.000146484
0.00351563 0.000159005

0.00351563 0.000159485
0.00354258 0.000195313

0.00354289 0.000195313
0.00356445 0.000227644

0.00356445 0.000229209
0.00357422 0.000244141

0.00357499 0.000244141
0.00360384 0.000292969

0.00360464 0.000292969
0.00361328 0.000310359

0.00361328 0.000311956
0.00362887 0.000341797

0.00362911 0.000341797
0.00365174 0.000390625

0.0036524 0.000390625
0.00368988 0.000488281

0.00368971 0.000488281
0.00371094 0.000563163

0.00371094 0.000565101
0.00371684 0.000585938

0.00371706 0.000585937
0.00373594 0.000683594

0.00373557 0.000683594
0.00374678 0.00078125

0.00374877 0.00078125
0.00374942 0.000976562

0.00374911 0.000976562
0.00372118 0.00117188

0.00371094 0.00120905
0.00366552 0.00136719

0.00366556 0.00136719
0.00358035 0.0015625

0.00371094 0.00120437
0.00371903 0.00117187

0.00332031 0.00194518
0.00331368 0.00195312

0.00351563 0.00167545
0.00346381 0.00175781

0.00341797 0.00182254
0.0033945 0.00185547

0.00332031 0.00194675
0.00339415 0.00185547

0.00346297 0.00175781
0.00342895 0.00180664

0.00341797 0.00181891
0.00342662 0.00180664

0.00322266 0.00205399
0.00312543 0.00214844

0.00331528 0.00195313
0.00322586 0.00205078

0.00322266 0.00205481
0.00322657 0.00205078

0.003125 0.0021487
0.00312529 0.00214844

0.00357829 0.0015625
0.00352456 0.00166016

0.00351563 0.00167178
0.0035227 0.00166016

