7.15433e-05 0
7.32422e-05 4.96506e-06

7.33274e-05 0
9.591e-05 2.44141e-05

9.76563e-05 1.44162e-05
0.00012207 1.56999e-05

0.00012207 1.43612e-05
0.000146484 1.37187e-05

0.000146484 1.43319e-05
0.000170898 1.47722e-05

0.000170898 1.43937e-05
0.000195313 1.43778e-05

0.000195313 1.45826e-05
0.000219727 1.44963e-05

0.000219727 1.41087e-05
0.000244141 1.45267e-05

0.000244141 1.47376e-05
0.000268555 1.5004e-05

0.000268555 1.49149e-05
0.000292969 1.41467e-05

0.000292969 1.46834e-05
0.000317383 1.38376e-05

0.000317383 1.38055e-05
0.000341797 1.39413e-05

0.000341797 1.43129e-05
0.000366211 1.44171e-05

0.000366211 1.43353e-05
0.000390625 1.35724e-05

0.000390625 1.38915e-05
0.000415039 1.36708e-05

0.000415039 1.37125e-05
0.000439453 1.3862e-05

0.000439453 1.40157e-05
0.000463867 1.3772e-05

0.000463867 1.39028e-05
0.000488281 1.33045e-05

0.000488281 1.34861e-05
0.000512695 1.34104e-05

0.000512695 1.3509e-05
0.000537109 1.35865e-05

0.000537109 1.35501e-05
0.000561523 1.34607e-05

0.000561523 1.3679e-05
0.000585937 1.32846e-05

0.000585938 1.33853e-05
0.000610352 1.30473e-05

0.000610352 1.31805e-05
0.000634766 1.32926e-05

0.000634766 1.32345e-05
0.00065918 1.33603e-05

0.00065918 1.34751e-05
0.000683594 1.31808e-05

0.000683594 1.32012e-05
0.000708008 1.29674e-05

0.000708008 1.29864e-05
0.000732422 1.33334e-05

0.000732422 1.3188e-05
0.000756836 1.34802e-05

0.000756836 1.34221e-05
0.00078125 1.33222e-05

0.00078125 1.33184e-05
0.000805664 1.32045e-05

0.000805664 1.30839e-05
0.000830078 1.3495e-05

0.000830078 1.33569e-05
0.000854492 1.37655e-05

0.000854492 1.36581e-05
0.000878906 1.35232e-05

0.000878906 1.34712e-05
0.00090332 1.34516e-05

0.00090332 1.32867e-05
0.000927734 1.38657e-05

0.000927734 1.37853e-05
0.000952148 1.39992e-05

0.000952148 1.37687e-05
0.000976562 1.37056e-05

0.000976562 1.37142e-05
0.00100098 1.39752e-05

0.00100098 1.37975e-05
0.00102539 1.40714e-05

0.00102539 1.38848e-05
0.0010498 1.42216e-05

0.0010498 1.39814e-05
0.00107422 1.44045e-05

0.00107422 1.42086e-05
0.00109863 1.45542e-05

0.00109863 1.43304e-05
0.00112305 1.45974e-05

0.00112305 1.43756e-05
0.00114746 1.48093e-05

0.00114746 1.46273e-05
0.00117187 1.49927e-05

0.00117188 1.4635e-05
0.00119629 1.51397e-05

0.00119629 1.52609e-05
0.0012207 1.51834e-05

0.0012207 1.4701e-05
0.00124512 1.49464e-05

0.00124512 1.52846e-05
0.00126953 1.55638e-05

0.00126953 1.50357e-05
0.00129395 1.50745e-05

0.00129395 1.56069e-05
0.00131836 1.53061e-05

0.00131836 1.46104e-05
0.00134277 1.50007e-05

0.00134277 1.62896e-05
0.00136719 1.52718e-05

0.0013916 1.01245e-06
0.0013698 2.44141e-05

0.0013916 3.81543e-06
0.00139289 0

0.00146286 0
0.00146484 5.8155e-06

0.00146484 4.47461e-06
0.00148406 2.44141e-05

0.00148474 2.44141e-05
0.00148926 2.60447e-05

0.00148926 1.76918e-05
0.00151367 1.7988e-05

0.00150708 2.44141e-05
0.00151367 2.44382e-05

0.00151367 1.70885e-05
0.00153809 1.67021e-05

0.00151367 2.44257e-05
0.00151602 2.44141e-05

0.0015625 6.3601e-06
0.00154357 2.44141e-05

0.00153809 2.6169e-05
0.00154329 2.44141e-05

0 0.00312191
0.000390625 0.0031109

0.000390625 0.00311118
0.00078125 0.00307757

0.00078125 0.0030782
0.00117187 0.00302014

0.00117188 0.00302119
0.0015625 0.0029353

0.0015625 7.63611e-06
0.00156526 0

0.00165638 0
0.00166016 9.21865e-06

0.00166016 1.03782e-05
0.00167551 2.44141e-05

0.0016747 2.44141e-05
0.00168457 2.79572e-05

0.00168457 1.80897e-05
0.00170898 1.83594e-05

0.00169508 2.44141e-05
0.00170898 2.4493e-05

0.0017334 1.1108e-05
0.00171817 2.44141e-05

0.00170898 2.79438e-05
0.0017191 2.44141e-05

0.0017334 1.17738e-05
0.0017384 0

0.00180044 0
0.00180664 1.40191e-05

0.00180664 9.22213e-06
0.00183105 1.25934e-05

0.00183105 5.98738e-06
0.00185547 2.00868e-08

0.00185547 3.49099e-08
0.00187988 1.75885e-05

0.00187988 9.4326e-06
0.0019043 1.14722e-05

0.0019043 9.4013e-06
0.00192871 1.04295e-05

0.00192871 9.89559e-06
0.00195312 1.21692e-05

0.00195312 9.52695e-06
0.00197754 1.29882e-05

0.00197754 1.36038e-05
0.00200195 1.28836e-05

0.00200195 1.53154e-05
0.00202637 6.24546e-06

0.00202637 6.74689e-06
0.00205078 9.15162e-06

0.00205078 9.51654e-06
0.0020752 1.45876e-05

0.0020752 9.91582e-06
0.00209961 1.19341e-05

0.00209961 1.34648e-05
0.00212402 1.32437e-05

0.00212402 1.29378e-05
0.00214844 8.61985e-06

0.00214844 8.24401e-06
0.00217285 1.30903e-05

0.00217285 1.391e-05
0.00219727 1.3726e-05

0.00219727 1.31405e-05
0.00222168 7.94832e-06

0.00222168 7.84958e-06
0.00224609 1.33355e-05

0.00224609 1.39453e-05
0.00227051 1.39889e-05

0.00227051 1.38463e-05
0.00229492 7.39734e-06

0.00229492 8.12962e-06
0.00231934 1.18453e-05

0.00231934 1.06039e-05
0.00234375 1.50454e-05

0.00234375 1.50817e-05
0.00236816 1.07839e-05

0.00236816 1.25074e-05
0.00239258 7.43126e-06

0.00239258 7.43874e-06
0.00241699 1.24893e-05

0.00241699 1.07029e-05
0.00244141 1.51411e-05

0.00244141 1.51369e-05
0.00246582 1.06962e-05

0.00246582 1.24723e-05
0.00249023 7.46359e-06

0.00249023 7.4642e-06
0.00251465 1.25096e-05

0.00251465 1.07262e-05
0.00253906 1.5115e-05

0.00253906 1.51082e-05
0.00256348 1.07062e-05

0.00256348 1.24386e-05
0.00258789 7.54553e-06

0.00258789 7.53721e-06
0.0026123 1.25411e-05

0.0026123 1.08551e-05
0.00263672 1.50045e-05

0.00263672 1.49452e-05
0.00266113 1.06508e-05

0.00266113 1.18957e-05
0.00268555 8.26423e-06

0.00268555 7.47479e-06
0.00270996 1.37982e-05

0.00270996 1.39154e-05
0.00273438 1.40749e-05

0.00273437 1.38501e-05
0.00275879 7.63788e-06

0.00275879 8.40842e-06
0.0027832 1.18448e-05

0.0027832 1.07727e-05
0.00280762 1.48249e-05

0.00280762 1.48231e-05
0.00283203 1.08007e-05

0.00283203 1.19528e-05
0.00285645 8.31161e-06

0.00285645 7.62954e-06
0.00288086 1.36477e-05

0.00288086 1.37453e-05
0.00290527 1.39571e-05

0.00290527 1.31241e-05
0.00292969 8.43724e-06

0.00292969 9.09422e-06
0.0029541 1.26824e-05

0.0029541 1.26392e-05
0.00297852 1.33872e-05

0.00297852 1.14826e-05
0.00300293 1.12804e-05

0.00300293 1.12841e-05
0.00302734 1.44737e-05

0.00302734 1.29575e-05
0.00305176 1.4224e-05

0.00305176 1.33317e-05
0.00307617 1.42893e-05

0.00307617 1.37965e-05
0.00310059 1.48371e-05

0.00310059 1.42239e-05
0.003125 1.50185e-05

0.00175781 0.00287932
0.00157631 0.00292969

0.0015625 0.00293358
0.00157652 0.00292969

0.00175781 0.00287982
0.00195312 0.00281689

0.00234375 0.00265913
0.00217154 0.00273438

0.00195312 0.00281723
0.00214844 0.0027439

0.00214844 0.00274345
0.00216922 0.00273438

0.00292969 0.00231109
0.00288446 0.00234375

0.00302734 0.00223412
0.00301233 0.00224609

0.00297852 0.0022716
0.00294865 0.00229492

0.00292969 0.00231007
0.00294933 0.00229492

0.00300293 0.00225248
0.00298014 0.00227051

0.00297852 0.00227238
0.00298084 0.00227051

0.00300293 0.00224799
0.00300539 0.00224609

0.00307617 0.00218924
0.00306697 0.00219727

0.00302734 0.00223311
0.00306964 0.00219727

0.00307617 0.00219131
0.00312432 0.00214844

0.00244141 0.00261138
0.00238939 0.00263672

0.00234375 0.0026574
0.00238621 0.00263672

0.00244141 0.00261089
0.00253906 0.00255977

0.00273438 0.00244673
0.00257814 0.00253906

0.00253906 0.00255911
0.00257355 0.00253906

0.00283203 0.0023802
0.00274023 0.00244141

0.00273438 0.00244454
0.00273926 0.00244141

0.00283203 0.00237964
0.00288203 0.00234375

0.003125 1.45639e-05
0.00314941 1.53392e-05

0.00314941 1.48399e-05
0.00317383 1.56679e-05

0.00317383 1.52311e-05
0.00319824 1.60535e-05

0.00319824 1.55646e-05
0.00322266 1.63467e-05

0.00322266 1.57127e-05
0.00324707 1.69361e-05

0.00324707 1.65078e-05
0.00327148 1.75968e-05

0.00327148 1.67163e-05
0.0032959 1.79475e-05

0.0032959 1.74499e-05
0.00332031 1.90063e-05

0.00332031 1.83438e-05
0.00334473 1.94082e-05

0.00334473 1.91633e-05
0.00336914 1.94217e-05

0.00336914 1.33533e-05
0.00339254 2.44141e-05

0.00339127 2.44141e-05
0.00339355 2.52737e-05

0.00339355 2.6632e-05
0.00341797 4.78781e-05

0.00341764 4.88281e-05
0.00341797 4.91556e-05

0.00341797 4.92017e-05
0.00344152 7.32422e-05

0.00344176 7.32422e-05
0.00344238 7.38946e-05

0.00344238 7.4085e-05
0.00346432 9.76563e-05

0.0034649 9.76563e-05
0.0034668 9.97857e-05

0.0034668 0.000100572
0.00348561 0.00012207

0.00348539 0.00012207
0.00349121 0.000129025

0.00349121 0.000128721
0.00350582 0.000146484

0.0035061 0.000146484
0.00351563 0.000158932

0.00351563 0.000159399
0.00354264 0.000195313

0.00354296 0.000195313
0.00356445 0.000227554

0.00356445 0.000229182
0.00357424 0.000244141

0.00357503 0.000244141
0.00360386 0.000292969

0.00360467 0.000292969
0.00361328 0.000310309

0.00361328 0.00031192
0.00362888 0.000341797

0.00362912 0.000341797
0.00365175 0.000390625

0.00365241 0.000390625
0.00368989 0.000488281

0.00368972 0.000488281
0.00371094 0.000563164

0.00371094 0.000565104
0.00371684 0.000585938

0.00371706 0.000585937
0.00373593 0.000683594

0.00373556 0.000683594
0.00374677 0.00078125

0.00374875 0.00078125
0.00374939 0.000976562

0.00374908 0.000976562
0.00372114 0.00117188

0.00371094 0.00120889
0.00366546 0.00136719

0.0036655 0.00136719
0.00358029 0.0015625

0.00371094 0.00120415
0.00371897 0.00117187

0.00332031 0.00194503
0.00331356 0.00195312

0.00351563 0.00167535
0.00346374 0.00175781

0.00341797 0.00182248
0.00339445 0.00185547

0.00332031 0.00194668
0.00339409 0.00185547

0.0034629 0.00175781
0.00342889 0.00180664

0.00341797 0.0018187
0.00342647 0.00180664

0.00322266 0.00205392
0.00312537 0.00214844

0.00331521 0.00195313
0.0032258 0.00205078

0.00322266 0.0020548
0.00322657 0.00205078

0.003125 0.00214864
0.00312522 0.00214844

0.00357823 0.0015625
0.0035245 0.00166016

0.00351563 0.00167163
0.00352261 0.00166016

