7.14028e-05 0
7.32422e-05 5.35791e-06

7.32422e-05 6.06418e-07
9.58657e-05 2.44141e-05

9.70472e-05 2.44141e-05
9.76563e-05 2.46277e-05

9.76563e-05 1.4598e-05
0.00012207 1.51593e-05

0.000120271 2.44141e-05
0.00012207 2.44301e-05

0.00012207 1.41492e-05
0.000146484 1.34921e-05

0.000146484 1.39215e-05
0.000170898 1.48154e-05

0.000170898 1.41937e-05
0.000195313 1.48407e-05

0.000195313 1.50781e-05
0.000219727 1.46886e-05

0.000219727 1.45672e-05
0.000244141 1.38451e-05

0.000244141 1.3866e-05
0.000268555 1.47646e-05

0.000268555 1.49331e-05
0.000292969 1.48963e-05

0.000292969 1.48335e-05
0.000317383 1.37384e-05

0.000317383 1.41986e-05
0.000341797 1.39102e-05

0.000341797 1.39836e-05
0.000366211 1.41436e-05

0.000366211 1.43057e-05
0.000390625 1.40494e-05

0.000390625 1.42203e-05
0.000415039 1.35129e-05

0.000415039 1.37324e-05
0.000439453 1.35497e-05

0.000439453 1.36511e-05
0.000463867 1.38084e-05

0.000463867 1.38793e-05
0.000488281 1.36383e-05

0.000488281 1.37988e-05
0.000512695 1.33e-05

0.000512695 1.34592e-05
0.000537109 1.33195e-05

0.000537109 1.34011e-05
0.000561523 1.34925e-05

0.000561523 1.35498e-05
0.000585937 1.3363e-05

0.000585938 1.34848e-05
0.000610352 1.3135e-05

0.000610352 1.31796e-05
0.000634766 1.32243e-05

0.000634766 1.33062e-05
0.00065918 1.33785e-05

0.00065918 1.33433e-05
0.000683594 1.31656e-05

0.000683594 1.33162e-05
0.000708008 1.31109e-05

0.000708008 1.30785e-05
0.000732422 1.31344e-05

0.000732422 1.3063e-05
0.000756836 1.34444e-05

0.000756836 1.33372e-05
0.00078125 1.34277e-05

0.00078125 1.33053e-05
0.000805664 1.3334e-05

0.000805664 1.33198e-05
0.000830078 1.34871e-05

0.000830078 1.33568e-05
0.000854492 1.35271e-05

0.000854492 1.34539e-05
0.000878906 1.36032e-05

0.000878906 1.34578e-05
0.00090332 1.36464e-05

0.00090332 1.35679e-05
0.000927734 1.37687e-05

0.000927734 1.35983e-05
0.000952148 1.38052e-05

0.000952148 1.37207e-05
0.000976562 1.3926e-05

0.000976562 1.37337e-05
0.00100098 1.39793e-05

0.00100098 1.38631e-05
0.00102539 1.41561e-05

0.00102539 1.38882e-05
0.0010498 1.42726e-05

0.0010498 1.428e-05
0.00107422 1.43321e-05

0.00107422 1.40636e-05
0.00109863 1.4178e-05

0.00109863 1.39546e-05
0.00112305 1.48353e-05

0.00112305 1.45642e-05
0.00114746 1.50657e-05

0.00114746 1.49436e-05
0.00117187 1.46519e-05

0.00117188 1.43649e-05
0.00119629 1.47951e-05

0.00119629 1.47876e-05
0.0012207 1.55023e-05

0.0012207 1.50479e-05
0.00124512 1.52838e-05

0.00124512 1.5433e-05
0.00126953 1.52487e-05

0.00126953 1.50174e-05
0.00129395 1.5008e-05

0.00129395 1.54873e-05
0.00131836 1.51787e-05

0.00131836 1.45276e-05
0.00134277 1.49885e-05

0.00134277 1.60796e-05
0.00136719 1.53486e-05

0.0013916 1.38506e-06
0.00136985 2.44141e-05

0.0013916 4.32949e-06
0.00139307 0

0.00146299 0
0.00146484 5.37622e-06

0.00146484 5.0071e-06
0.00148389 2.44141e-05

0.00148358 2.44141e-05
0.00148926 2.64256e-05

0.00148926 1.74294e-05
0.00151367 1.75351e-05

0.00148926 2.44737e-05
0.00150338 2.44141e-05

0.00151367 1.71055e-05
0.00153809 1.69361e-05

0.00153603 2.44141e-05
0.00153809 2.44197e-05

0.0015625 6.01997e-06
0.00154349 2.44141e-05

0.00153809 2.63514e-05
0.00154378 2.44141e-05

0 0.00312191
0.000390625 0.0031109

0.000390625 0.00311118
0.00078125 0.00307757

0.00078125 0.0030782
0.00117187 0.00302013

0.00117188 0.00302118
0.0015625 0.0029353

0.0015625 7.49733e-06
0.00156518 0

0.00165637 0
0.00166016 9.23019e-06

0.00166016 1.04017e-05
0.0016755 2.44141e-05

0.0016747 2.44141e-05
0.00168457 2.79555e-05

0.00168457 1.8081e-05
0.00170898 1.83456e-05

0.001695 2.44141e-05
0.00170898 2.44917e-05

0.0017334 1.1122e-05
0.00171817 2.44141e-05

0.00170898 2.79378e-05
0.00171909 2.44141e-05

0.0017334 1.17597e-05
0.00173839 0

0.00180045 0
0.00180664 1.40079e-05

0.00180664 9.16528e-06
0.00183105 1.26115e-05

0.00183105 5.9937e-06
0.00185547 6.10659e-08

0.00185547 5.05566e-08
0.00187988 1.75553e-05

0.00187988 9.43016e-06
0.0019043 1.14862e-05

0.0019043 9.40606e-06
0.00192871 1.04251e-05

0.00192871 9.89604e-06
0.00195312 1.21702e-05

0.00195312 9.52757e-06
0.00197754 1.29888e-05

0.00197754 1.36031e-05
0.00200195 1.28859e-05

0.00200195 1.53137e-05
0.00202637 6.25228e-06

0.00202637 6.72951e-06
0.00205078 9.17805e-06

0.00205078 9.61309e-06
0.0020752 1.45451e-05

0.0020752 9.85204e-06
0.00209961 1.1841e-05

0.00209961 1.3356e-05
0.00212402 1.33619e-05

0.00212402 1.30723e-05
0.00214844 8.62858e-06

0.00214844 8.22229e-06
0.00217285 1.29564e-05

0.00217285 1.37992e-05
0.00219727 1.38279e-05

0.00219727 1.31891e-05
0.00222168 8.0277e-06

0.00222168 7.91445e-06
0.00224609 1.32816e-05

0.00224609 1.3954e-05
0.00227051 1.39704e-05

0.00227051 1.38301e-05
0.00229492 7.38786e-06

0.00229492 8.12003e-06
0.00231934 1.18583e-05

0.00231934 1.06057e-05
0.00234375 1.50438e-05

0.00234375 1.50813e-05
0.00236816 1.07834e-05

0.00236816 1.25067e-05
0.00239258 7.43216e-06

0.00239258 7.43944e-06
0.00241699 1.24896e-05

0.00241699 1.07035e-05
0.00244141 1.51404e-05

0.00244141 1.5136e-05
0.00246582 1.06964e-05

0.00246582 1.24719e-05
0.00249023 7.46516e-06

0.00249023 7.46583e-06
0.00251465 1.25094e-05

0.00251465 1.07269e-05
0.00253906 1.51136e-05

0.00253906 1.51066e-05
0.00256348 1.07063e-05

0.00256348 1.24387e-05
0.00258789 7.54699e-06

0.00258789 7.53915e-06
0.0026123 1.25391e-05

0.0026123 1.08534e-05
0.00263672 1.50031e-05

0.00263672 1.49452e-05
0.00266113 1.06507e-05

0.00266113 1.1893e-05
0.00268555 8.26394e-06

0.00268555 7.47507e-06
0.00270996 1.38008e-05

0.00270996 1.3917e-05
0.00273438 1.40734e-05

0.00273437 1.385e-05
0.00275879 7.63671e-06

0.00275879 8.40537e-06
0.0027832 1.1847e-05

0.0027832 1.07808e-05
0.00280762 1.48219e-05

0.00280762 1.48209e-05
0.00283203 1.07871e-05

0.00283203 1.18711e-05
0.00285645 8.38525e-06

0.00285645 7.71311e-06
0.00288086 1.37275e-05

0.00288086 1.38684e-05
0.00290527 1.38486e-05

0.00290527 1.30909e-05
0.00292969 8.32312e-06

0.00292969 8.99779e-06
0.0029541 1.27137e-05

0.0029541 1.26002e-05
0.00297852 1.34236e-05

0.00297852 1.14844e-05
0.00300293 1.13126e-05

0.00300293 1.12772e-05
0.00302734 1.4518e-05

0.00302734 1.30118e-05
0.00305176 1.42844e-05

0.00305176 1.34242e-05
0.00307617 1.42486e-05

0.00307617 1.38105e-05
0.00310059 1.47371e-05

0.00310059 1.41387e-05
0.003125 1.49748e-05

0.00175781 0.00287932
0.00157631 0.00292969

0.0015625 0.00293358
0.00157652 0.00292969

0.00175781 0.00287982
0.00195312 0.00281689

0.00234375 0.00265913
0.00217154 0.00273438

0.00195312 0.00281723
0.00214844 0.0027439

0.00214844 0.00274345
0.00216922 0.00273438

0.00292969 0.00231109
0.00288446 0.00234375

0.00302734 0.00223411
0.00301232 0.00224609

0.00297852 0.00227159
0.00294864 0.00229492

0.00292969 0.00231006
0.00294932 0.00229492

0.00300293 0.00225247
0.00298013 0.00227051

0.00297852 0.00227238
0.00298083 0.00227051

0.00300293 0.00224797
0.00300535 0.00224609

0.00307617 0.00218923
0.00306696 0.00219727

0.00302734 0.00223311
0.00306963 0.00219727

0.00307617 0.0021913
0.00312431 0.00214844

0.00244141 0.00261138
0.00238939 0.00263672

0.00234375 0.0026574
0.0023862 0.00263672

0.00244141 0.00261089
0.00253906 0.00255976

0.00273438 0.00244673
0.00257814 0.00253906

0.00253906 0.00255911
0.00257355 0.00253906

0.00283203 0.0023802
0.00274022 0.00244141

0.00273438 0.00244453
0.00273925 0.00244141

0.00283203 0.00237964
0.00288202 0.00234375

0.003125 1.44959e-05
0.00314941 1.53834e-05

0.00314941 1.48548e-05
0.00317383 1.57059e-05

0.00317383 1.51239e-05
0.00319824 1.61766e-05

0.00319824 1.60633e-05
0.00322266 1.63017e-05

0.00322266 1.55572e-05
0.00324707 1.61592e-05

0.00324707 1.53102e-05
0.00327148 1.81169e-05

0.00327148 1.77161e-05
0.0032959 1.91921e-05

0.0032959 1.84324e-05
0.00332031 1.78877e-05

0.00332031 1.73276e-05
0.00334473 1.84994e-05

0.00334473 1.90275e-05
0.00336914 1.96362e-05

0.00336914 1.24992e-05
0.00339342 2.44141e-05

0.00339076 2.44141e-05
0.00339355 2.55472e-05

0.00339355 2.37956e-05
0.00339414 2.44141e-05

0.00339355 2.73941e-05
0.0034177 4.88281e-05

0.00341738 4.88281e-05
0.00341797 4.94012e-05

0.00341797 4.97053e-05
0.00344152 7.32422e-05

0.00344169 7.32422e-05
0.00344238 7.39555e-05

0.00344238 7.41264e-05
0.00346442 9.76563e-05

0.00346493 9.76563e-05
0.0034668 9.97472e-05

0.0034668 0.000100526
0.00348569 0.00012207

0.00348547 0.00012207
0.00349121 0.000128919

0.00349121 0.000128554
0.00350596 0.000146484

0.00350618 0.000146484
0.00351563 0.000158833

0.00351563 0.0001593
0.0035427 0.000195313

0.00354302 0.000195313
0.00356445 0.000227477

0.00356445 0.000229109
0.00357429 0.000244141

0.00357507 0.000244141
0.0036039 0.000292969

0.00360471 0.000292969
0.00361328 0.000310223

0.00361328 0.00031184
0.00362892 0.000341797

0.00362916 0.000341797
0.00365178 0.000390625

0.00365244 0.000390625
0.0036899 0.000488281

0.00368973 0.000488281
0.00371094 0.000563141

0.00371094 0.000565075
0.00371685 0.000585938

0.00371707 0.000585937
0.00373593 0.000683594

0.00373556 0.000683594
0.00374677 0.00078125

0.00374875 0.00078125
0.00374939 0.000976562

0.00374908 0.000976562
0.00372113 0.00117188

0.00371094 0.00120887
0.00366546 0.00136719

0.0036655 0.00136719
0.00358028 0.0015625

0.00371094 0.00120413
0.00371897 0.00117187

0.00332031 0.00194501
0.00331355 0.00195312

0.00351563 0.00167534
0.00346374 0.00175781

0.00341797 0.00182247
0.00339445 0.00185547

0.00332031 0.00194667
0.00339408 0.00185547

0.00346289 0.00175781
0.00342888 0.00180664

0.00341797 0.00181867
0.00342646 0.00180664

0.00322266 0.00205392
0.00312536 0.00214844

0.00331521 0.00195313
0.00322579 0.00205078

0.00322266 0.0020548
0.00322657 0.00205078

0.003125 0.00214863
0.00312521 0.00214844

0.00357822 0.0015625
0.00352449 0.00166016

0.00351563 0.00167162
0.0035226 0.00166016

