7.15277e-05 0
7.32422e-05 5.01094e-06

7.32422e-05 5.75283e-07
9.59931e-05 2.44141e-05

9.76563e-05 1.41622e-05
0.00012207 1.51364e-05

0.00012207 1.39489e-05
0.000146484 1.41718e-05

0.000146484 1.46302e-05
0.000170898 1.5019e-05

0.000170898 1.46535e-05
0.000195313 1.40838e-05

0.000195313 1.42286e-05
0.000219727 1.45192e-05

0.000219727 1.4518e-05
0.000244141 1.46773e-05

0.000244141 1.46572e-05
0.000268555 1.43432e-05

0.000268555 1.4484e-05
0.000292969 1.42146e-05

0.000292969 1.42577e-05
0.000317383 1.43198e-05

0.000317383 1.45836e-05
0.000341797 1.42122e-05

0.000341797 1.43638e-05
0.000366211 1.36348e-05

0.000366211 1.38977e-05
0.000390625 1.37785e-05

0.000390625 1.38355e-05
0.000415039 1.39822e-05

0.000415039 1.4068e-05
0.000439453 1.3831e-05

0.000439453 1.40346e-05
0.000463867 1.34236e-05

0.000463867 1.35186e-05
0.000488281 1.34645e-05

0.000488281 1.35934e-05
0.000512695 1.37844e-05

0.000512695 1.38837e-05
0.000537109 1.33837e-05

0.000537109 1.35353e-05
0.000561523 1.31016e-05

0.000561523 1.32334e-05
0.000585937 1.33994e-05

0.000585938 1.33832e-05
0.000610352 1.34958e-05

0.000610352 1.35805e-05
0.000634766 1.32172e-05

0.000634766 1.33409e-05
0.00065918 1.30083e-05

0.00065918 1.30802e-05
0.000683594 1.32369e-05

0.000683594 1.32392e-05
0.000708008 1.33358e-05

0.000708008 1.32651e-05
0.000732422 1.31916e-05

0.000732422 1.32585e-05
0.000756836 1.32103e-05

0.000756836 1.31321e-05
0.00078125 1.32549e-05

0.00078125 1.30828e-05
0.000805664 1.35635e-05

0.000805664 1.35456e-05
0.000830078 1.35421e-05

0.000830078 1.34478e-05
0.000854492 1.31932e-05

0.000854492 1.31044e-05
0.000878906 1.3611e-05

0.000878906 1.34146e-05
0.00090332 1.39696e-05

0.00090332 1.38694e-05
0.000927734 1.36721e-05

0.000927734 1.36552e-05
0.000952148 1.34339e-05

0.000952148 1.32765e-05
0.000976562 1.39358e-05

0.000976562 1.37481e-05
0.00100098 1.43274e-05

0.00100098 1.40349e-05
0.00102539 1.4059e-05

0.00102539 1.39896e-05
0.0010498 1.41228e-05

0.0010498 1.39805e-05
0.00107422 1.43182e-05

0.00107422 1.41217e-05
0.00109863 1.45135e-05

0.00109863 1.43102e-05
0.00112305 1.4601e-05

0.00112305 1.43375e-05
0.00114746 1.47565e-05

0.00114746 1.4579e-05
0.00117187 1.49997e-05

0.00117188 1.45295e-05
0.00119629 1.52423e-05

0.00119629 1.52225e-05
0.0012207 1.55226e-05

0.0012207 1.52428e-05
0.00124512 1.5027e-05

0.00124512 1.51661e-05
0.00126953 1.52205e-05

0.00126953 1.46917e-05
0.00129395 1.56684e-05

0.00129395 1.62539e-05
0.00131836 1.57748e-05

0.00131836 1.52918e-05
0.00134277 1.42573e-05

0.00134277 1.56239e-05
0.00136719 1.46887e-05

0.00134277 2.44428e-05
0.00134464 2.44141e-05

0.0013916 1.46668e-06
0.00136948 2.44141e-05

0.00136719 2.47064e-05
0.00136803 2.44141e-05

0.0013916 4.89054e-06
0.00139327 0

0.00146276 0
0.00146484 6.0364e-06

0.00146484 4.89619e-06
0.00148403 2.44141e-05

0.00148484 2.44141e-05
0.00148926 2.59809e-05

0.00148926 1.73338e-05
0.00151367 1.77869e-05

0.00151367 1.74286e-05
0.00153809 1.70087e-05

0.00151367 2.44252e-05
0.00151562 2.44141e-05

0.0015625 5.71688e-06
0.00154342 2.44141e-05

0.00153809 2.61219e-05
0.00154304 2.44141e-05

0 0.00312189
0.000390625 0.00311087

0.000390625 0.00311116
0.00078125 0.00307755

0.00078125 0.00307818
0.00117187 0.00302012

0.00117188 0.00302117
0.0015625 0.00293529

0.0015625 7.43514e-06
0.00156514 0

0.00165637 0
0.00166016 9.24227e-06

0.00166016 1.03858e-05
0.00167549 2.44141e-05

0.00167469 2.44141e-05
0.00168457 2.79675e-05

0.00168457 1.8117e-05
0.00170898 1.83896e-05

0.00169515 2.44141e-05
0.00170898 2.44936e-05

0.0017334 1.11194e-05
0.00171819 2.44141e-05

0.00170898 2.7957e-05
0.00171912 2.44141e-05

0.0017334 1.17891e-05
0.00173841 0

0.00180047 0
0.00180664 1.39805e-05

0.00180664 9.15441e-06
0.00183105 1.26491e-05

0.00183105 6.01604e-06
0.00185547 5.65558e-08

0.00185547 6.68622e-08
0.00187988 1.75416e-05

0.00187988 9.42917e-06
0.0019043 1.14844e-05

0.0019043 9.40431e-06
0.00192871 1.04285e-05

0.00192871 9.8996e-06
0.00195312 1.21696e-05

0.00195312 9.52614e-06
0.00197754 1.29871e-05

0.00197754 1.36052e-05
0.00200195 1.28864e-05

0.00200195 1.52918e-05
0.00202637 6.2688e-06

0.00202637 6.74637e-06
0.00205078 9.20428e-06

0.00205078 9.63621e-06
0.0020752 1.45295e-05

0.0020752 9.86114e-06
0.00209961 1.18336e-05

0.00209961 1.33498e-05
0.00212402 1.33543e-05

0.00212402 1.29952e-05
0.00214844 8.70547e-06

0.00214844 8.31856e-06
0.00217285 1.30292e-05

0.00217285 1.3904e-05
0.00219727 1.37148e-05

0.00219727 1.31195e-05
0.00222168 7.97597e-06

0.00222168 7.8799e-06
0.00224609 1.33458e-05

0.00224609 1.39637e-05
0.00227051 1.39578e-05

0.00227051 1.38279e-05
0.00229492 7.38978e-06

0.00229492 8.12237e-06
0.00231934 1.18583e-05

0.00231934 1.06052e-05
0.00234375 1.50413e-05

0.00234375 1.50797e-05
0.00236816 1.07844e-05

0.00236816 1.25051e-05
0.00239258 7.43442e-06

0.00239258 7.442e-06
0.00241699 1.24906e-05

0.00241699 1.07047e-05
0.00244141 1.51385e-05

0.00244141 1.51349e-05
0.00246582 1.06971e-05

0.00246582 1.24719e-05
0.00249023 7.46701e-06

0.00249023 7.46779e-06
0.00251465 1.2509e-05

0.00251465 1.07262e-05
0.00253906 1.51136e-05

0.00253906 1.51082e-05
0.00256348 1.07073e-05

0.00256348 1.2442e-05
0.00258789 7.54207e-06

0.00258789 7.5338e-06
0.0026123 1.2538e-05

0.0026123 1.0854e-05
0.00263672 1.5005e-05

0.00263672 1.49459e-05
0.00266113 1.0645e-05

0.00266113 1.18888e-05
0.00268555 8.26296e-06

0.00268555 7.47723e-06
0.00270996 1.37984e-05

0.00270996 1.38982e-05
0.00273438 1.40797e-05

0.00273437 1.38328e-05
0.00275879 7.68755e-06

0.00275879 8.45931e-06
0.0027832 1.18555e-05

0.0027832 1.07994e-05
0.00280762 1.47893e-05

0.00280762 1.4787e-05
0.00283203 1.08172e-05

0.00283203 1.19581e-05
0.00285645 8.3666e-06

0.00285645 7.6071e-06
0.00288086 1.37033e-05

0.00288086 1.38356e-05
0.00290527 1.40492e-05

0.00290527 1.36803e-05
0.00292969 7.91794e-06

0.00292969 8.63813e-06
0.0029541 1.20285e-05

0.0029541 1.14395e-05
0.00297852 1.42614e-05

0.00297852 1.19762e-05
0.00300293 1.24065e-05

0.00300293 1.24002e-05
0.00302734 1.38928e-05

0.00302734 1.2819e-05
0.00305176 1.36722e-05

0.00305176 1.32339e-05
0.00307617 1.43035e-05

0.00307617 1.35879e-05
0.00310059 1.45047e-05

0.00310059 1.3945e-05
0.003125 1.50028e-05

0.00175781 0.00287931
0.00157629 0.00292969

0.0015625 0.00293358
0.00157652 0.00292969

0.00175781 0.00287982
0.00195312 0.00281689

0.00234375 0.00265913
0.00217153 0.00273438

0.00195312 0.00281723
0.00214844 0.0027439

0.00214844 0.00274346
0.00216922 0.00273438

0.00292969 0.0023111
0.00288447 0.00234375

0.00302734 0.0022341
0.00301231 0.00224609

0.00297852 0.00227158
0.00294863 0.00229492

0.00292969 0.00231007
0.00294933 0.00229492

0.00300293 0.00225247
0.00298012 0.00227051

0.00297852 0.00227236
0.00298081 0.00227051

0.00300293 0.00224801
0.00300541 0.00224609

0.00307617 0.00218918
0.00306691 0.00219727

0.00302734 0.00223312
0.00306964 0.00219727

0.00307617 0.0021913
0.00312431 0.00214844

0.00244141 0.00261138
0.00238938 0.00263672

0.00234375 0.0026574
0.0023862 0.00263672

0.00244141 0.00261088
0.00253906 0.00255976

0.00273438 0.00244672
0.00257813 0.00253906

0.00253906 0.0025591
0.00257354 0.00253906

0.00283203 0.00238019
0.00274022 0.00244141

0.00273438 0.00244453
0.00273925 0.00244141

0.00283203 0.00237961
0.00288199 0.00234375

0.003125 1.4363e-05
0.00314941 1.54013e-05

0.00314941 1.48013e-05
0.00317383 1.58352e-05

0.00317383 1.52033e-05
0.00319824 1.62907e-05

0.00319824 1.5775e-05
0.00322266 1.6734e-05

0.00322266 1.62203e-05
0.00324707 1.69719e-05

0.00324707 1.62401e-05
0.00327148 1.76313e-05

0.00327148 1.73561e-05
0.0032959 1.84331e-05

0.0032959 1.80105e-05
0.00332031 1.79402e-05

0.00332031 1.64307e-05
0.00334473 1.92208e-05

0.00334473 2.0498e-05
0.00336914 2.10327e-05

0.00336914 1.30538e-05
0.00339355 2.3644e-05

0.00339184 2.44141e-05
0.00339355 2.50732e-05

0.00339355 2.7415e-05
0.00341757 4.88281e-05

0.00341734 4.88281e-05
0.00341797 4.94389e-05

0.00341797 4.96945e-05
0.00344146 7.32422e-05

0.00344155 7.32422e-05
0.00344238 7.41091e-05

0.00344238 7.42833e-05
0.00346418 9.76563e-05

0.00346468 9.76563e-05
0.0034668 0.000100029

0.0034668 0.000100774
0.00348546 0.00012207

0.00348524 0.00012207
0.00349121 0.000129184

0.00349121 0.00012883
0.00350575 0.000146484

0.00350601 0.000146484
0.00351563 0.000159034

0.00351563 0.000159549
0.00354256 0.000195313

0.00354291 0.000195313
0.00356445 0.000227583

0.00356445 0.000229316
0.00357416 0.000244141

0.003575 0.000244141
0.00360387 0.000292969

0.00360469 0.000292969
0.00361328 0.000310244

0.00361328 0.000311891
0.00362891 0.000341797

0.00362916 0.000341797
0.0036518 0.000390625

0.00365246 0.000390625
0.00368996 0.000488281

0.00368979 0.000488281
0.00371094 0.000562877

0.00371094 0.000564863
0.00371691 0.000585938

0.00371714 0.000585937
0.00373601 0.000683594

0.00373564 0.000683594
0.00374685 0.00078125

0.00374884 0.00078125
0.00374948 0.000976562

0.00374917 0.000976562
0.00372122 0.00117188

0.00371094 0.00120918
0.00366554 0.00136719

0.00366558 0.00136719
0.00358034 0.0015625

0.00371094 0.00120451
0.00371906 0.00117187

0.00332031 0.00194496
0.0033135 0.00195312

0.00351563 0.00167542
0.00346378 0.00175781

0.00341797 0.00182255
0.0033945 0.00185547

0.00332031 0.0019467
0.00339411 0.00185547

0.00346293 0.00175781
0.00342891 0.00180664

0.00341797 0.00181863
0.00342642 0.00180664

0.00322266 0.00205392
0.00312536 0.00214844

0.00331523 0.00195313
0.0032258 0.00205078

0.00322266 0.00205486
0.00322662 0.00205078

0.003125 0.00214865
0.00312523 0.00214844

0.00357828 0.0015625
0.00352454 0.00166016

0.00351563 0.00167168
0.00352264 0.00166016

