7.16898e-05 0
7.32422e-05 4.55931e-06

7.32422e-05 8.35422e-07
9.58452e-05 2.44141e-05

9.76563e-05 1.4354e-05
0.00012207 1.50303e-05

0.00012207 1.40931e-05
0.000146484 1.39566e-05

0.000146484 1.45191e-05
0.000170898 1.46517e-05

0.000170898 1.38284e-05
0.000195313 1.44288e-05

0.000195313 1.50386e-05
0.000219727 1.50813e-05

0.000219727 1.45669e-05
0.000244141 1.37584e-05

0.000244141 1.42488e-05
0.000268555 1.45948e-05

0.000268555 1.43454e-05
0.000292969 1.45226e-05

0.000292969 1.47359e-05
0.000317383 1.43876e-05

0.000317383 1.45592e-05
0.000341797 1.376e-05

0.000341797 1.39922e-05
0.000366211 1.38912e-05

0.000366211 1.40813e-05
0.000390625 1.40832e-05

0.000390625 1.41117e-05
0.000415039 1.37746e-05

0.000415039 1.39674e-05
0.000439453 1.36834e-05

0.000439453 1.38654e-05
0.000463867 1.35919e-05

0.000463867 1.37479e-05
0.000488281 1.34929e-05

0.000488281 1.35451e-05
0.000512695 1.35327e-05

0.000512695 1.36731e-05
0.000537109 1.35494e-05

0.000537109 1.36766e-05
0.000561523 1.32181e-05

0.000561523 1.33343e-05
0.000585937 1.32148e-05

0.000585938 1.33152e-05
0.000610352 1.34053e-05

0.000610352 1.33736e-05
0.000634766 1.33067e-05

0.000634766 1.34636e-05
0.00065918 1.31595e-05

0.00065918 1.32697e-05
0.000683594 1.29697e-05

0.000683594 1.29592e-05
0.000708008 1.32326e-05

0.000708008 1.31741e-05
0.000732422 1.34581e-05

0.000732422 1.33361e-05
0.000756836 1.32668e-05

0.000756836 1.32439e-05
0.00078125 1.32877e-05

0.00078125 1.32383e-05
0.000805664 1.34282e-05

0.000805664 1.3329e-05
0.000830078 1.34792e-05

0.000830078 1.33868e-05
0.000854492 1.34995e-05

0.000854492 1.34164e-05
0.000878906 1.35572e-05

0.000878906 1.34436e-05
0.00090332 1.36502e-05

0.00090332 1.35307e-05
0.000927734 1.37488e-05

0.000927734 1.36129e-05
0.000952148 1.38058e-05

0.000952148 1.36757e-05
0.000976562 1.38927e-05

0.000976562 1.37304e-05
0.00100098 1.40151e-05

0.00100098 1.38737e-05
0.00102539 1.41263e-05

0.00102539 1.39397e-05
0.0010498 1.41917e-05

0.0010498 1.40381e-05
0.00107422 1.43495e-05

0.00107422 1.41345e-05
0.00109863 1.44796e-05

0.00109863 1.42423e-05
0.00112305 1.4685e-05

0.00112305 1.43078e-05
0.00114746 1.50062e-05

0.00114746 1.50402e-05
0.00117187 1.50084e-05

0.00117188 1.45985e-05
0.00119629 1.46639e-05

0.00119629 1.45006e-05
0.0012207 1.5654e-05

0.0012207 1.53547e-05
0.00124512 1.58089e-05

0.00124512 1.58831e-05
0.00126953 1.50368e-05

0.00126953 1.48831e-05
0.00129395 1.48621e-05

0.00129395 1.53792e-05
0.00131836 1.55059e-05

0.00131836 1.46468e-05
0.00134277 1.53087e-05

0.00134277 1.69439e-05
0.00136719 1.50509e-05

0.00139159 0
0.00136961 2.44141e-05

0.0013916 3.82314e-06
0.0013929 0

0.00146285 0
0.00146484 5.87233e-06

0.00146484 4.40408e-06
0.00148413 2.44141e-05

0.00148495 2.44141e-05
0.00148926 2.59646e-05

0.00148926 1.75263e-05
0.00151367 1.80919e-05

0.00151367 1.73518e-05
0.00153809 1.68282e-05

0.0015625 5.98727e-06
0.00154353 2.44141e-05

0.00153809 2.61746e-05
0.00154323 2.44141e-05

0 0.00312189
0.000390625 0.00311088

0.000390625 0.00311116
0.00078125 0.00307755

0.00078125 0.00307819
0.00117187 0.00302012

0.00117188 0.00302117
0.0015625 0.00293529

0.0015625 7.23539e-06
0.00156509 0

0.00165637 0
0.00166016 9.24247e-06

0.00166016 1.03787e-05
0.00167549 2.44141e-05

0.00167468 2.44141e-05
0.00168457 2.79729e-05

0.00168457 1.8126e-05
0.00170898 1.84003e-05

0.00169516 2.44141e-05
0.00170898 2.44939e-05

0.0017334 1.11171e-05
0.00171819 2.44141e-05

0.00170898 2.79597e-05
0.00171912 2.44141e-05

0.0017334 1.17921e-05
0.00173841 0

0.00180033 0
0.00180664 1.41558e-05

0.00180664 9.23656e-06
0.00183105 1.25003e-05

0.00183105 5.95086e-06
0.00185547 7.41814e-08

0.00185547 3.49268e-08
0.00187988 1.75778e-05

0.00187988 9.43265e-06
0.0019043 1.14821e-05

0.0019043 9.40489e-06
0.00192871 1.04261e-05

0.00192871 9.89708e-06
0.00195312 1.217e-05

0.00195312 9.52668e-06
0.00197754 1.2988e-05

0.00197754 1.36054e-05
0.00200195 1.28844e-05

0.00200195 1.52932e-05
0.00202637 6.26612e-06

0.00202637 6.7638e-06
0.00205078 9.18144e-06

0.00205078 9.53919e-06
0.0020752 1.45807e-05

0.0020752 9.93126e-06
0.00209961 1.19373e-05

0.00209961 1.34557e-05
0.00212402 1.32542e-05

0.00212402 1.30305e-05
0.00214844 8.57147e-06

0.00214844 8.1775e-06
0.00217285 1.29875e-05

0.00217285 1.37682e-05
0.00219727 1.38459e-05

0.00219727 1.31357e-05
0.00222168 8.13297e-06

0.00222168 8.03356e-06
0.00224609 1.33297e-05

0.00224609 1.40687e-05
0.00227051 1.3846e-05

0.00227051 1.37543e-05
0.00229492 7.31024e-06

0.00229492 8.05657e-06
0.00231934 1.19364e-05

0.00231934 1.06153e-05
0.00234375 1.50424e-05

0.00234375 1.50851e-05
0.00236816 1.07815e-05

0.00236816 1.25056e-05
0.00239258 7.43309e-06

0.00239258 7.44175e-06
0.00241699 1.24911e-05

0.00241699 1.07053e-05
0.00244141 1.51381e-05

0.00244141 1.5134e-05
0.00246582 1.06969e-05

0.00246582 1.24713e-05
0.00249023 7.46871e-06

0.00249023 7.46932e-06
0.00251465 1.25088e-05

0.00251465 1.0727e-05
0.00253906 1.51121e-05

0.00253906 1.51062e-05
0.00256348 1.07076e-05

0.00256348 1.24418e-05
0.00258789 7.54468e-06

0.00258789 7.53638e-06
0.0026123 1.25366e-05

0.0026123 1.08515e-05
0.00263672 1.50055e-05

0.00263672 1.49486e-05
0.00266113 1.06476e-05

0.00266113 1.1889e-05
0.00268555 8.26026e-06

0.00268555 7.47714e-06
0.00270996 1.38002e-05

0.00270996 1.38979e-05
0.00273438 1.408e-05

0.00273437 1.38367e-05
0.00275879 7.68613e-06

0.00275879 8.45453e-06
0.0027832 1.18537e-05

0.0027832 1.08012e-05
0.00280762 1.47933e-05

0.00280762 1.47909e-05
0.00283203 1.08096e-05

0.00283203 1.18817e-05
0.00285645 8.4341e-06

0.00285645 7.69858e-06
0.00288086 1.37736e-05

0.00288086 1.39479e-05
0.00290527 1.3927e-05

0.00290527 1.3566e-05
0.00292969 7.87801e-06

0.00292969 8.62442e-06
0.0029541 1.21423e-05

0.0029541 1.15111e-05
0.00297852 1.41924e-05

0.00297852 1.19928e-05
0.00300293 1.23057e-05

0.00300293 1.23186e-05
0.00302734 1.38138e-05

0.00302734 1.26987e-05
0.00305176 1.37017e-05

0.00305176 1.31736e-05
0.00307617 1.44178e-05

0.00307617 1.36402e-05
0.00310059 1.46263e-05

0.00310059 1.40553e-05
0.003125 1.50605e-05

0.00175781 0.00287932
0.00157629 0.00292969

0.0015625 0.00293358
0.00157654 0.00292969

0.00175781 0.00287982
0.00195312 0.0028169

0.00234375 0.00265914
0.00217155 0.00273438

0.00195312 0.00281724
0.00214844 0.0027439

0.00214844 0.00274346
0.00216924 0.00273438

0.00292969 0.00231112
0.0028845 0.00234375

0.00302734 0.00223412
0.00301234 0.00224609

0.00297852 0.00227159
0.00294865 0.00229492

0.00292969 0.00231008
0.00294935 0.00229492

0.00300293 0.00225249
0.00298014 0.00227051

0.00297852 0.00227238
0.00298083 0.00227051

0.00300293 0.00224803
0.00300543 0.00224609

0.00307617 0.00218918
0.00306691 0.00219727

0.00302734 0.00223313
0.00306967 0.00219727

0.00307617 0.00219132
0.00312434 0.00214844

0.00244141 0.00261138
0.0023894 0.00263672

0.00234375 0.0026574
0.00238621 0.00263672

0.00244141 0.00261089
0.00253906 0.00255977

0.00273438 0.00244673
0.00257814 0.00253906

0.00253906 0.00255911
0.00257356 0.00253906

0.00283203 0.00238021
0.00274023 0.00244141

0.00273438 0.00244454
0.00273927 0.00244141

0.00283203 0.00237963
0.00288201 0.00234375

0.003125 1.44372e-05
0.00314941 1.54262e-05

0.00314941 1.48506e-05
0.00317383 1.58799e-05

0.00317383 1.53407e-05
0.00319824 1.62503e-05

0.00319824 1.58024e-05
0.00322266 1.64955e-05

0.00322266 1.59146e-05
0.00324707 1.68972e-05

0.00324707 1.64672e-05
0.00327148 1.76015e-05

0.00327148 1.66362e-05
0.0032959 1.82796e-05

0.0032959 1.8584e-05
0.00332031 1.86514e-05

0.00332031 1.69919e-05
0.00334473 1.80569e-05

0.00334473 1.92823e-05
0.00336914 2.0083e-05

0.00336914 1.23126e-05
0.00339355 2.42633e-05

0.00339061 2.44141e-05
0.00339355 2.56436e-05

0.00339355 2.3681e-05
0.00339421 2.44141e-05

0.00339355 2.7922e-05
0.00341681 4.88281e-05

0.00341701 4.88281e-05
0.00341797 4.97436e-05

0.00341797 5.01343e-05
0.00344117 7.32422e-05

0.00344127 7.32422e-05
0.00344238 7.43955e-05

0.00344238 7.46414e-05
0.00346388 9.76563e-05

0.00346442 9.76563e-05
0.0034668 0.00010032

0.0034668 0.000101101
0.00348518 0.00012207

0.00348497 0.00012207
0.00349121 0.000129517

0.00349121 0.000129173
0.00350547 0.000146484

0.00350576 0.000146484
0.00351563 0.000159357

0.00351563 0.000159851
0.00354236 0.000195313

0.00354271 0.000195313
0.00356445 0.000227854

0.00356445 0.000229599
0.00357398 0.000244141

0.00357483 0.000244141
0.00360373 0.000292969

0.00360455 0.000292969
0.00361328 0.000310509

0.00361328 0.000312151
0.00362879 0.000341797

0.00362904 0.000341797
0.00365171 0.000390625

0.00365238 0.000390625
0.00368991 0.000488281

0.00368975 0.000488281
0.00371094 0.000562949

0.00371094 0.000564973
0.00371689 0.000585938

0.00371713 0.000585937
0.00373602 0.000683594

0.00373565 0.000683594
0.00374688 0.00078125

0.00374886 0.00078125
0.00374952 0.000976562

0.00374921 0.000976562
0.00372126 0.00117188

0.00371094 0.00120933
0.00366558 0.00136719

0.00366562 0.00136719
0.00358038 0.0015625

0.00371094 0.00120469
0.00371911 0.00117187

0.00332031 0.00194498
0.00331352 0.00195312

0.00351563 0.00167548
0.00346382 0.00175781

0.00341797 0.00182261
0.00339454 0.00185547

0.00332031 0.00194675
0.00339415 0.00185547

0.00346297 0.00175781
0.00342895 0.00180664

0.00341797 0.00181867
0.00342645 0.00180664

0.00322266 0.00205395
0.00312539 0.00214844

0.00331526 0.00195313
0.00322583 0.00205078

0.00322266 0.00205489
0.00322666 0.00205078

0.003125 0.00214868
0.00312527 0.00214844

0.00357832 0.0015625
0.00352458 0.00166016

0.00351563 0.00167175
0.00352269 0.00166016

