7.18155e-05 0
7.32422e-05 4.20171e-06

7.32422e-05 1.05343e-07
9.58051e-05 2.44141e-05

9.76563e-05 1.4461e-05
0.00012207 1.56051e-05

0.00012207 1.44142e-05
0.000146484 1.37392e-05

0.000146484 1.44166e-05
0.000170898 1.45861e-05

0.000170898 1.39952e-05
0.000195313 1.44234e-05

0.000195313 1.46676e-05
0.000219727 1.50105e-05

0.000219727 1.47544e-05
0.000244141 1.42108e-05

0.000244141 1.46075e-05
0.000268555 1.42065e-05

0.000268555 1.409e-05
0.000292969 1.4246e-05

0.000292969 1.43556e-05
0.000317383 1.47025e-05

0.000317383 1.48489e-05
0.000341797 1.40332e-05

0.000341797 1.42443e-05
0.000366211 1.35374e-05

0.000366211 1.38018e-05
0.000390625 1.3997e-05

0.000390625 1.41247e-05
0.000415039 1.39541e-05

0.000415039 1.39431e-05
0.000439453 1.3596e-05

0.000439453 1.3862e-05
0.000463867 1.36922e-05

0.000463867 1.37791e-05
0.000488281 1.35052e-05

0.000488281 1.36466e-05
0.000512695 1.34991e-05

0.000512695 1.36485e-05
0.000537109 1.34171e-05

0.000537109 1.35269e-05
0.000561523 1.32774e-05

0.000561523 1.33532e-05
0.000585937 1.33466e-05

0.000585938 1.3376e-05
0.000610352 1.34186e-05

0.000610352 1.35385e-05
0.000634766 1.32236e-05

0.000634766 1.33323e-05
0.00065918 1.30037e-05

0.00065918 1.30855e-05
0.000683594 1.32024e-05

0.000683594 1.32116e-05
0.000708008 1.32927e-05

0.000708008 1.3205e-05
0.000732422 1.32e-05

0.000732422 1.3215e-05
0.000756836 1.32821e-05

0.000756836 1.31806e-05
0.00078125 1.33214e-05

0.00078125 1.32435e-05
0.000805664 1.34577e-05

0.000805664 1.33854e-05
0.000830078 1.34286e-05

0.000830078 1.33307e-05
0.000854492 1.34336e-05

0.000854492 1.33339e-05
0.000878906 1.36309e-05

0.000878906 1.34744e-05
0.00090332 1.37274e-05

0.00090332 1.36346e-05
0.000927734 1.37057e-05

0.000927734 1.35711e-05
0.000952148 1.37366e-05

0.000952148 1.36111e-05
0.000976562 1.39766e-05

0.000976562 1.37854e-05
0.00100098 1.40729e-05

0.00100098 1.39439e-05
0.00102539 1.40808e-05

0.00102539 1.38681e-05
0.0010498 1.41996e-05

0.0010498 1.42548e-05
0.00107422 1.428e-05

0.00107422 1.3892e-05
0.00109863 1.42146e-05

0.00109863 1.40139e-05
0.00112305 1.50221e-05

0.00112305 1.46597e-05
0.00114746 1.5042e-05

0.00114746 1.49551e-05
0.00117187 1.46972e-05

0.00117188 1.44972e-05
0.00119629 1.4788e-05

0.00119629 1.4367e-05
0.0012207 1.5755e-05

0.0012207 1.5535e-05
0.00124512 1.60454e-05

0.00124512 1.59889e-05
0.00126953 1.4999e-05

0.00126953 1.50117e-05
0.00129395 1.48999e-05

0.00129395 1.54454e-05
0.00131836 1.53569e-05

0.00131836 1.4611e-05
0.00134277 1.5154e-05

0.00134277 1.66744e-05
0.00136719 1.50328e-05

0.0013916 2.99171e-07
0.00136957 2.44141e-05

0.0013916 4.47581e-06
0.00139312 0

0.00146273 0
0.00146484 6.18323e-06

0.00146484 4.46214e-06
0.00148421 2.44141e-05

0.00148549 2.44141e-05
0.00148926 2.57602e-05

0.00148926 1.72037e-05
0.00151367 1.82104e-05

0.00151338 2.44141e-05
0.00151367 2.44194e-05

0.00151367 1.78444e-05
0.00153809 1.71352e-05

0.0015625 5.42669e-06
0.00154341 2.44141e-05

0.00153809 2.58913e-05
0.0015423 2.44141e-05

0 0.00312189
0.000390625 0.00311087

0.000390625 0.00311116
0.00078125 0.00307755

0.00078125 0.00307818
0.00117187 0.00302012

0.00117188 0.00302117
0.0015625 0.00293529

0.0015625 7.26528e-06
0.00156507 0

0.00165637 0
0.00166016 9.25204e-06

0.00166016 1.03797e-05
0.00167549 2.44141e-05

0.00167468 2.44141e-05
0.00168457 2.79727e-05

0.00168457 1.81325e-05
0.00170898 1.841e-05

0.00169522 2.44141e-05
0.00170898 2.44948e-05

0.0017334 1.11223e-05
0.0017182 2.44141e-05

0.00170898 2.79643e-05
0.00171913 2.44141e-05

0.0017334 1.18068e-05
0.00173842 0

0.00180048 0
0.00180664 1.39714e-05

0.00180664 9.17838e-06
0.00183105 1.26611e-05

0.00183105 6.03272e-06
0.00185547 2.55551e-08

0.00185547 5.68081e-08
0.00187988 1.75533e-05

0.00187988 9.43017e-06
0.0019043 1.14854e-05

0.0019043 9.40718e-06
0.00192871 1.04275e-05

0.00192871 9.89829e-06
0.00195312 1.21687e-05

0.00195312 9.52701e-06
0.00197754 1.29886e-05

0.00197754 1.36054e-05
0.00200195 1.28847e-05

0.00200195 1.52881e-05
0.00202637 6.27246e-06

0.00202637 6.74951e-06
0.00205078 9.20772e-06

0.00205078 9.62534e-06
0.0020752 1.45411e-05

0.0020752 9.87775e-06
0.00209961 1.18528e-05

0.00209961 1.33647e-05
0.00212402 1.33457e-05

0.00212402 1.30618e-05
0.00214844 8.64363e-06

0.00214844 8.2399e-06
0.00217285 1.29617e-05

0.00217285 1.37976e-05
0.00219727 1.38213e-05

0.00219727 1.31861e-05
0.00222168 8.04693e-06

0.00222168 7.93254e-06
0.00224609 1.32802e-05

0.00224609 1.39587e-05
0.00227051 1.39608e-05

0.00227051 1.38252e-05
0.00229492 7.39037e-06

0.00229492 8.12122e-06
0.00231934 1.18619e-05

0.00231934 1.06083e-05
0.00234375 1.5042e-05

0.00234375 1.50807e-05
0.00236816 1.07833e-05

0.00236816 1.25052e-05
0.00239258 7.43501e-06

0.00239258 7.44249e-06
0.00241699 1.24905e-05

0.00241699 1.07053e-05
0.00244141 1.5138e-05

0.00244141 1.51338e-05
0.00246582 1.06969e-05

0.00246582 1.24711e-05
0.00249023 7.46903e-06

0.00249023 7.46961e-06
0.00251465 1.25089e-05

0.00251465 1.07271e-05
0.00253906 1.5112e-05

0.00253906 1.51065e-05
0.00256348 1.07075e-05

0.00256348 1.24427e-05
0.00258789 7.5432e-06

0.00258789 7.53476e-06
0.0026123 1.25359e-05

0.0026123 1.08522e-05
0.00263672 1.50049e-05

0.00263672 1.49453e-05
0.00266113 1.06463e-05

0.00266113 1.18884e-05
0.00268555 8.26384e-06

0.00268555 7.47901e-06
0.00270996 1.37986e-05

0.00270996 1.38979e-05
0.00273438 1.40789e-05

0.00273437 1.38309e-05
0.00275879 7.69068e-06

0.00275879 8.46023e-06
0.0027832 1.18592e-05

0.0027832 1.08108e-05
0.00280762 1.47833e-05

0.00280762 1.47803e-05
0.00283203 1.08054e-05

0.00283203 1.18576e-05
0.00285645 8.46728e-06

0.00285645 7.73182e-06
0.00288086 1.37915e-05

0.00288086 1.39568e-05
0.00290527 1.39173e-05

0.00290527 1.36354e-05
0.00292969 7.83465e-06

0.00292969 8.61454e-06
0.0029541 1.20172e-05

0.0029541 1.13939e-05
0.00297852 1.41786e-05

0.00297852 1.19151e-05
0.00300293 1.23689e-05

0.00300293 1.23123e-05
0.00302734 1.38818e-05

0.00302734 1.27395e-05
0.00305176 1.37551e-05

0.00305176 1.32189e-05
0.00307617 1.44569e-05

0.00307617 1.36928e-05
0.00310059 1.46647e-05

0.00310059 1.41196e-05
0.003125 1.50634e-05

0.00175781 0.00287931
0.00157628 0.00292969

0.0015625 0.00293358
0.00157653 0.00292969

0.00175781 0.00287982
0.00195312 0.0028169

0.00234375 0.00265914
0.00217154 0.00273438

0.00195312 0.00281723
0.00214844 0.0027439

0.00214844 0.00274347
0.00216924 0.00273438

0.00292969 0.00231113
0.00288451 0.00234375

0.00302734 0.00223414
0.00301236 0.00224609

0.00297852 0.0022716
0.00294867 0.00229492

0.00292969 0.00231009
0.00294936 0.00229492

0.00300293 0.0022525
0.00298015 0.00227051

0.00297852 0.00227239
0.00298085 0.00227051

0.00300293 0.00224803
0.00300544 0.00224609

0.00307617 0.00218918
0.00306691 0.00219727

0.00302734 0.00223315
0.00306968 0.00219727

0.00307617 0.00219133
0.00312435 0.00214844

0.00244141 0.00261139
0.0023894 0.00263672

0.00234375 0.0026574
0.00238622 0.00263672

0.00244141 0.00261089
0.00253906 0.00255977

0.00273438 0.00244674
0.00257815 0.00253906

0.00253906 0.00255912
0.00257356 0.00253906

0.00283203 0.00238021
0.00274024 0.00244141

0.00273438 0.00244455
0.00273928 0.00244141

0.00283203 0.00237963
0.00288201 0.00234375

0.003125 1.44694e-05
0.00314941 1.53904e-05

0.00314941 1.48601e-05
0.00317383 1.58265e-05

0.00317383 1.53209e-05
0.00319824 1.61582e-05

0.00319824 1.56738e-05
0.00322266 1.64506e-05

0.00322266 1.59365e-05
0.00324707 1.69061e-05

0.00324707 1.64256e-05
0.00327148 1.74419e-05

0.00327148 1.6834e-05
0.0032959 1.78861e-05

0.0032959 1.72035e-05
0.00332031 1.86631e-05

0.00332031 1.79586e-05
0.00334473 1.96321e-05

0.00334473 1.94667e-05
0.00336914 1.97469e-05

0.00336914 1.31982e-05
0.0033925 2.44141e-05

0.00339096 2.44141e-05
0.00339355 2.54389e-05

0.00339355 2.75782e-05
0.00341787 4.88281e-05

0.00341745 4.88281e-05
0.00341797 4.93272e-05

0.00341797 4.95665e-05
0.00344164 7.32422e-05

0.00344172 7.32422e-05
0.00344238 7.39256e-05

0.00344238 7.41259e-05
0.00346433 9.76563e-05

0.00346494 9.76563e-05
0.0034668 9.97326e-05

0.0034668 0.000100297
0.0035061 0.000146484

0.00350609 0.000146484
0.00351563 0.00015897

0.00351563 0.000159468
0.00354256 0.000195313

0.00354291 0.000195313
0.00356445 0.000227653

0.00356445 0.000229388
0.0035741 0.000244141

0.00357494 0.000244141
0.00360377 0.000292969

0.00360458 0.000292969
0.00361328 0.000310486

0.00361328 0.000312105
0.00362879 0.000341797

0.00362903 0.000341797
0.00365167 0.000390625

0.00365233 0.000390625
0.00368982 0.000488281

0.00368966 0.000488281
0.00371094 0.000563305

0.00371094 0.000565312
0.00371679 0.000585938

0.00371703 0.000585937
0.00373592 0.000683594

0.00373555 0.000683594
0.00374679 0.00078125

0.00374878 0.00078125
0.00374946 0.000976562

0.00374915 0.000976562
0.00372123 0.00117188

0.00371094 0.00120925
0.00366558 0.00136719

0.00366561 0.00136719
0.00358039 0.0015625

0.00371094 0.0012046
0.00371908 0.00117187

0.00332031 0.00194498
0.00331352 0.00195312

0.00351563 0.0016755
0.00346383 0.00175781

0.00341797 0.00182264
0.00339457 0.00185547

0.00332031 0.00194677
0.00339417 0.00185547

0.00346298 0.00175781
0.00342896 0.00180664

0.00341797 0.00181867
0.00342646 0.00180664

0.00322266 0.00205397
0.0031254 0.00214844

0.00331528 0.00195313
0.00322585 0.00205078

0.00322266 0.00205492
0.00322668 0.00205078

0.003125 0.0021487
0.00312529 0.00214844

0.00357833 0.0015625
0.00352459 0.00166016

0.00351563 0.00167177
0.0035227 0.00166016

