7.1826e-05 0
7.32422e-05 4.17079e-06

7.35837e-05 0
9.57458e-05 2.44141e-05

9.76563e-05 1.46119e-05
0.00012207 1.60662e-05

0.00012207 1.45685e-05
0.000146484 1.37102e-05

0.000146484 1.4757e-05
0.000170898 1.45554e-05

0.000170898 1.38546e-05
0.000195313 1.41081e-05

0.000195313 1.44002e-05
0.000219727 1.53101e-05

0.000219727 1.50997e-05
0.000244141 1.43141e-05

0.000244141 1.45789e-05
0.000268555 1.38765e-05

0.000268555 1.39461e-05
0.000292969 1.43682e-05

0.000292969 1.4391e-05
0.000317383 1.47227e-05

0.000317383 1.48845e-05
0.000341797 1.39524e-05

0.000341797 1.42604e-05
0.000366211 1.33968e-05

0.000366211 1.35887e-05
0.000390625 1.39314e-05

0.000390625 1.3941e-05
0.000415039 1.4235e-05

0.000415039 1.43485e-05
0.000439453 1.36206e-05

0.000439453 1.38755e-05
0.000463867 1.31955e-05

0.000463867 1.33503e-05
0.000488281 1.36062e-05

0.000488281 1.36103e-05
0.000512695 1.38395e-05

0.000512695 1.39303e-05
0.000537109 1.33677e-05

0.000537109 1.357e-05
0.000561523 1.30451e-05

0.000561523 1.31719e-05
0.000585937 1.33589e-05

0.000585938 1.33628e-05
0.000610352 1.35243e-05

0.000610352 1.36034e-05
0.000634766 1.31637e-05

0.000634766 1.33324e-05
0.00065918 1.29144e-05

0.00065918 1.29962e-05
0.000683594 1.31691e-05

0.000683594 1.30827e-05
0.000708008 1.34122e-05

0.000708008 1.33686e-05
0.000732422 1.32726e-05

0.000732422 1.32711e-05
0.000756836 1.30847e-05

0.000756836 1.30031e-05
0.00078125 1.3369e-05

0.00078125 1.32372e-05
0.000805664 1.36481e-05

0.000805664 1.3561e-05
0.000830078 1.34119e-05

0.000830078 1.33382e-05
0.000854492 1.33283e-05

0.000854492 1.32406e-05
0.000878906 1.37179e-05

0.000878906 1.36102e-05
0.00090332 1.37598e-05

0.00090332 1.3528e-05
0.000927734 1.3653e-05

0.000927734 1.36831e-05
0.000952148 1.38733e-05

0.000952148 1.36619e-05
0.000976562 1.38041e-05

0.000976562 1.37089e-05
0.00100098 1.40618e-05

0.00100098 1.38469e-05
0.00102539 1.41539e-05

0.00102539 1.39664e-05
0.0010498 1.42737e-05

0.0010498 1.40702e-05
0.00107422 1.44045e-05

0.00107422 1.42029e-05
0.00109863 1.45572e-05

0.00109863 1.44969e-05
0.00112305 1.45342e-05

0.00112305 1.42873e-05
0.00114746 1.45317e-05

0.00114746 1.4241e-05
0.00117187 1.51775e-05

0.00117188 1.49081e-05
0.00119629 1.54195e-05

0.00119629 1.53394e-05
0.0012207 1.49193e-05

0.0012207 1.46967e-05
0.00124512 1.49399e-05

0.00124512 1.50585e-05
0.00126953 1.55993e-05

0.00126953 1.48077e-05
0.00129395 1.57261e-05

0.00129395 1.64017e-05
0.00131836 1.58102e-05

0.00131836 1.51339e-05
0.00134277 1.43944e-05

0.00134277 1.61028e-05
0.00136719 1.48744e-05

0.00134277 2.44354e-05
0.00134382 2.44141e-05

0.0013916 8.06712e-07
0.00136957 2.44141e-05

0.00136719 2.48089e-05
0.00136829 2.44141e-05

0.0013916 3.71791e-06
0.00139286 0

0.00146291 0
0.00146484 5.64883e-06

0.00146484 4.59917e-06
0.00148403 2.44141e-05

0.00148484 2.44141e-05
0.00148926 2.60011e-05

0.00148926 1.75703e-05
0.00151367 1.79678e-05

0.00151367 1.7335e-05
0.00153809 1.67677e-05

0.0015625 5.89207e-06
0.00154343 2.44141e-05

0.00153809 2.60986e-05
0.00154302 2.44141e-05

0 0.00312188
0.000390625 0.00311087

0.000390625 0.00311116
0.00078125 0.00307754

0.00078125 0.00307818
0.00117187 0.00302012

0.00117188 0.00302117
0.0015625 0.00293529

0.0015625 7.34452e-06
0.00156512 0

0.00165635 0
0.00166016 9.27731e-06

0.00166016 1.04091e-05
0.00167548 2.44141e-05

0.00167467 2.44141e-05
0.00168457 2.79745e-05

0.00168457 1.8119e-05
0.00170898 1.83857e-05

0.00169503 2.44141e-05
0.00170898 2.44921e-05

0.0017334 1.11323e-05
0.0017182 2.44141e-05

0.00170898 2.79559e-05
0.00171912 2.44141e-05

0.0017334 1.17804e-05
0.00173841 0

0.00180032 0
0.00180664 1.41775e-05

0.00180664 9.28401e-06
0.00183105 1.24863e-05

0.00183105 5.95768e-06
0.00185547 3.79955e-08

0.00185547 1.64927e-08
0.00187988 1.76011e-05

0.00187988 9.43666e-06
0.0019043 1.14799e-05

0.0019043 9.40364e-06
0.00192871 1.04257e-05

0.00192871 9.89887e-06
0.00195312 1.2171e-05

0.00195312 9.526e-06
0.00197754 1.29861e-05

0.00197754 1.3606e-05
0.00200195 1.28851e-05

0.00200195 1.52808e-05
0.00202637 6.27601e-06

0.00202637 6.75606e-06
0.00205078 9.21392e-06

0.00205078 9.63048e-06
0.0020752 1.45325e-05

0.0020752 9.8757e-06
0.00209961 1.18517e-05

0.00209961 1.33619e-05
0.00212402 1.33459e-05

0.00212402 1.30637e-05
0.00214844 8.64265e-06

0.00214844 8.23643e-06
0.00217285 1.29594e-05

0.00217285 1.37894e-05
0.00219727 1.38313e-05

0.00219727 1.32041e-05
0.00222168 8.04751e-06

0.00222168 7.92906e-06
0.00224609 1.32626e-05

0.00224609 1.39415e-05
0.00227051 1.39771e-05

0.00227051 1.38362e-05
0.00229492 7.4032e-06

0.00229492 8.13133e-06
0.00231934 1.18492e-05

0.00231934 1.06063e-05
0.00234375 1.50416e-05

0.00234375 1.50785e-05
0.00236816 1.07844e-05

0.00236816 1.25049e-05
0.00239258 7.43754e-06

0.00239258 7.44506e-06
0.00241699 1.24899e-05

0.00241699 1.07056e-05
0.00244141 1.51365e-05

0.00244141 1.51322e-05
0.00246582 1.06981e-05

0.00246582 1.24718e-05
0.00249023 7.47083e-06

0.00249023 7.47151e-06
0.00251465 1.25076e-05

0.00251465 1.07272e-05
0.00253906 1.51107e-05

0.00253906 1.51046e-05
0.00256348 1.0708e-05

0.00256348 1.24395e-05
0.00258789 7.54865e-06

0.00258789 7.53953e-06
0.0026123 1.25391e-05

0.0026123 1.0854e-05
0.00263672 1.50049e-05

0.00263672 1.4946e-05
0.00266113 1.06523e-05

0.00266113 1.18949e-05
0.00268555 8.26477e-06

0.00268555 7.48289e-06
0.00270996 1.37938e-05

0.00270996 1.38937e-05
0.00273438 1.408e-05

0.00273437 1.38319e-05
0.00275879 7.69604e-06

0.00275879 8.4654e-06
0.0027832 1.18554e-05

0.0027832 1.08098e-05
0.00280762 1.478e-05

0.00280762 1.47782e-05
0.00283203 1.08053e-05

0.00283203 1.18656e-05
0.00285645 8.4583e-06

0.00285645 7.70855e-06
0.00288086 1.37935e-05

0.00288086 1.3976e-05
0.00290527 1.39274e-05

0.00290527 1.37145e-05
0.00292969 7.72199e-06

0.00292969 8.46524e-06
0.0029541 1.1975e-05

0.0029541 1.13366e-05
0.00297852 1.43153e-05

0.00297852 1.19162e-05
0.00300293 1.2432e-05

0.00300293 1.23883e-05
0.00302734 1.39728e-05

0.00302734 1.28416e-05
0.00305176 1.37491e-05

0.00305176 1.32806e-05
0.00307617 1.44092e-05

0.00307617 1.36943e-05
0.00310059 1.45954e-05

0.00310059 1.40832e-05
0.003125 1.50013e-05

0.00175781 0.00287931
0.00157628 0.00292969

0.0015625 0.00293358
0.00157654 0.00292969

0.00175781 0.00287982
0.00195312 0.0028169

0.00234375 0.00265915
0.00217156 0.00273438

0.00195312 0.00281724
0.00214844 0.00274391

0.00214844 0.00274348
0.00216927 0.00273438

0.00292969 0.00231115
0.00288455 0.00234375

0.00302734 0.00223416
0.00301239 0.00224609

0.00297852 0.00227162
0.00294869 0.00229492

0.00292969 0.00231011
0.00294938 0.00229492

0.00300293 0.00225251
0.00298017 0.00227051

0.00297852 0.00227241
0.00298088 0.00227051

0.00300293 0.00224807
0.00300548 0.00224609

0.00307617 0.00218917
0.00306691 0.00219727

0.00302734 0.00223317
0.0030697 0.00219727

0.00307617 0.00219134
0.00312436 0.00214844

0.00244141 0.0026114
0.00238942 0.00263672

0.00234375 0.00265742
0.00238624 0.00263672

0.00244141 0.0026109
0.00253906 0.00255978

0.00273438 0.00244676
0.00257817 0.00253906

0.00253906 0.00255914
0.0025736 0.00253906

0.00283203 0.00238023
0.00274027 0.00244141

0.00273438 0.00244458
0.00273932 0.00244141

0.00283203 0.00237965
0.00288204 0.00234375

0.003125 1.44238e-05
0.00314941 1.53226e-05

0.00314941 1.48002e-05
0.00317383 1.57461e-05

0.00317383 1.52002e-05
0.00319824 1.61239e-05

0.00319824 1.55208e-05
0.00322266 1.6606e-05

0.00322266 1.60389e-05
0.00324707 1.71939e-05

0.00324707 1.67196e-05
0.00327148 1.75015e-05

0.00327148 1.67098e-05
0.0032959 1.79788e-05

0.0032959 1.78053e-05
0.00332031 1.88457e-05

0.00332031 1.77446e-05
0.00334473 1.9e-05

0.00334473 1.94212e-05
0.00336914 1.97407e-05

0.00336914 1.29472e-05
0.00339355 2.44079e-05

0.00339166 2.44141e-05
0.00339355 2.51457e-05

0.00339355 2.68783e-05
0.00341797 4.84601e-05

0.00341751 4.88281e-05
0.00341797 4.92841e-05

0.00341797 4.94987e-05
0.00344136 7.32422e-05

0.0034416 7.32422e-05
0.00344238 7.40599e-05

0.00344238 7.42708e-05
0.00346418 9.76563e-05

0.00346477 9.76563e-05
0.0034668 9.99258e-05

0.0034668 0.00010074
0.00348547 0.00012207

0.00348525 0.00012207
0.00349121 0.000129199

0.00349121 0.00012888
0.00350569 0.000146484

0.00350599 0.000146484
0.00351563 0.000159085

0.00351563 0.000159605
0.00354249 0.000195313

0.00354285 0.000195313
0.00356445 0.000227707

0.00356445 0.000229478
0.00357404 0.000244141

0.0035749 0.000244141
0.00360375 0.000292969

0.00360456 0.000292969
0.00361328 0.000310513

0.00361328 0.000312148
0.00362877 0.000341797

0.00362902 0.000341797
0.00365166 0.000390625

0.00365233 0.000390625
0.00368983 0.000488281

0.00368966 0.000488281
0.00371094 0.00056331

0.00371094 0.000565314
0.00371679 0.000585938

0.00371702 0.000585937
0.00373591 0.000683594

0.00373554 0.000683594
0.00374678 0.00078125

0.00374876 0.00078125
0.00374944 0.000976562

0.00374913 0.000976562
0.00372121 0.00117188

0.00371094 0.00120918
0.00366556 0.00136719

0.0036656 0.00136719
0.00358039 0.0015625

0.00371094 0.00120451
0.00371906 0.00117187

0.00332031 0.00194498
0.00331352 0.00195312

0.00351563 0.00167551
0.00346384 0.00175781

0.00341797 0.00182267
0.00339459 0.00185547

0.00332031 0.00194679
0.00339418 0.00185547

0.00346299 0.00175781
0.00342897 0.00180664

0.00341797 0.00181867
0.00342645 0.00180664

0.00322266 0.00205397
0.0031254 0.00214844

0.00331529 0.00195313
0.00322586 0.00205078

0.00322266 0.00205493
0.00322669 0.00205078

0.003125 0.00214871
0.0031253 0.00214844

0.00357833 0.0015625
0.00352459 0.00166016

0.00351563 0.00167177
0.0035227 0.00166016

