7.16634e-05 0
7.32422e-05 4.63063e-06

7.32422e-05 2.3386e-08
9.58702e-05 2.44141e-05

9.75379e-05 2.44141e-05
9.76563e-05 2.44566e-05

9.76563e-05 1.43981e-05
0.00012207 1.56469e-05

0.00012207 1.42805e-05
0.000146484 1.38934e-05

0.000146484 1.47567e-05
0.000170898 1.46762e-05

0.000170898 1.41117e-05
0.000195313 1.39358e-05

0.000195313 1.42513e-05
0.000219727 1.49061e-05

0.000219727 1.43588e-05
0.000244141 1.47208e-05

0.000244141 1.50813e-05
0.000268555 1.46546e-05

0.000268555 1.46833e-05
0.000292969 1.37149e-05

0.000292969 1.39396e-05
0.000317383 1.42792e-05

0.000317383 1.43828e-05
0.000341797 1.45429e-05

0.000341797 1.46601e-05
0.000366211 1.38091e-05

0.000366211 1.41834e-05
0.000390625 1.34238e-05

0.000390625 1.35515e-05
0.000415039 1.37665e-05

0.000415039 1.3857e-05
0.000439453 1.40737e-05

0.000439453 1.41269e-05
0.000463867 1.35189e-05

0.000463867 1.37949e-05
0.000488281 1.32207e-05

0.000488281 1.33107e-05
0.000512695 1.34847e-05

0.000512695 1.35522e-05
0.000537109 1.37196e-05

0.000537109 1.37733e-05
0.000561523 1.32698e-05

0.000561523 1.34362e-05
0.000585937 1.30938e-05

0.000585938 1.32122e-05
0.000610352 1.33324e-05

0.000610352 1.32989e-05
0.000634766 1.34056e-05

0.000634766 1.3521e-05
0.00065918 1.3179e-05

0.00065918 1.3262e-05
0.000683594 1.29462e-05

0.000683594 1.29873e-05
0.000708008 1.32585e-05

0.000708008 1.31625e-05
0.000732422 1.34356e-05

0.000732422 1.33213e-05
0.000756836 1.33202e-05

0.000756836 1.32776e-05
0.00078125 1.33189e-05

0.00078125 1.32803e-05
0.000805664 1.34213e-05

0.000805664 1.33522e-05
0.000830078 1.345e-05

0.000830078 1.33472e-05
0.000854492 1.34974e-05

0.000854492 1.3414e-05
0.000878906 1.36086e-05

0.000878906 1.34792e-05
0.00090332 1.36525e-05

0.00090332 1.35598e-05
0.000927734 1.37197e-05

0.000927734 1.35886e-05
0.000952148 1.37812e-05

0.000952148 1.368e-05
0.000976562 1.38877e-05

0.000976562 1.36981e-05
0.00100098 1.39841e-05

0.00100098 1.38229e-05
0.00102539 1.41779e-05

0.00102539 1.41282e-05
0.0010498 1.40963e-05

0.0010498 1.38529e-05
0.00107422 1.4099e-05

0.00107422 1.38527e-05
0.00109863 1.47505e-05

0.00109863 1.44805e-05
0.00112305 1.48751e-05

0.00112305 1.46956e-05
0.00114746 1.45354e-05

0.00114746 1.44056e-05
0.00117187 1.46942e-05

0.00117188 1.41985e-05
0.00119629 1.5494e-05

0.00119629 1.54303e-05
0.0012207 1.57866e-05

0.0012207 1.5442e-05
0.00124512 1.4846e-05

0.00124512 1.50673e-05
0.00126953 1.51568e-05

0.00126953 1.47097e-05
0.00129395 1.57265e-05

0.00129395 1.61859e-05
0.00131836 1.57463e-05

0.00131836 1.49412e-05
0.00134277 1.47509e-05

0.00134277 1.66098e-05
0.00136719 1.5003e-05

0.0013916 2.3855e-07
0.00136962 2.44141e-05

0.0013916 3.13209e-06
0.00139266 0

0.00146275 0
0.00146484 6.05658e-06

0.00146484 4.96043e-06
0.00148397 2.44141e-05

0.0014846 2.44141e-05
0.00148926 2.60666e-05

0.00148926 1.74722e-05
0.00151367 1.77269e-05

0.00150727 2.44141e-05
0.00151367 2.44318e-05

0.00151367 1.72266e-05
0.00153809 1.69486e-05

0.00151367 2.4426e-05
0.00151775 2.44141e-05

0.0015625 6.07554e-06
0.0015435 2.44141e-05

0.00153809 2.61417e-05
0.00154315 2.44141e-05

0 0.0031219
0.000390625 0.00311088

0.000390625 0.00311117
0.00078125 0.00307756

0.00078125 0.0030782
0.00117187 0.00302014

0.00117188 0.00302119
0.0015625 0.00293531

0.0015625 7.75747e-06
0.00156529 0

0.00165638 0
0.00166016 9.22152e-06

0.00166016 1.03749e-05
0.00167549 2.44141e-05

0.00167469 2.44141e-05
0.00168457 2.79702e-05

0.00168457 1.8127e-05
0.00170898 1.84091e-05

0.00169542 2.44141e-05
0.00170898 2.4495e-05

0.0017334 1.11257e-05
0.00171821 2.44141e-05

0.00170898 2.79637e-05
0.00171913 2.44141e-05

0.0017334 1.17877e-05
0.00173841 0

0.00180039 0
0.00180664 1.40793e-05

0.00180664 9.08956e-06
0.00183105 1.26081e-05

0.00183105 6.00583e-06
0.00185547 1.54038e-07

0.00185547 9.03771e-08
0.00187988 1.74852e-05

0.00187988 9.42842e-06
0.0019043 1.15172e-05

0.0019043 9.41763e-06
0.00192871 1.04196e-05

0.00192871 9.90401e-06
0.00195312 1.21729e-05

0.00195312 9.53207e-06
0.00197754 1.29849e-05

0.00197754 1.36025e-05
0.00200195 1.2887e-05

0.00200195 1.52885e-05
0.00202637 6.28037e-06

0.00202637 6.78191e-06
0.00205078 9.18083e-06

0.00205078 9.53908e-06
0.0020752 1.45716e-05

0.0020752 9.9352e-06
0.00209961 1.19408e-05

0.00209961 1.34625e-05
0.00212402 1.32376e-05

0.00212402 1.29487e-05
0.00214844 8.62979e-06

0.00214844 8.25102e-06
0.00217285 1.30724e-05

0.00217285 1.38948e-05
0.00219727 1.373e-05

0.00219727 1.30636e-05
0.00222168 8.04008e-06

0.00222168 7.96559e-06
0.00224609 1.34039e-05

0.00224609 1.40599e-05
0.00227051 1.38571e-05

0.00227051 1.37603e-05
0.00229492 7.33707e-06

0.00229492 8.08569e-06
0.00231934 1.19274e-05

0.00231934 1.06196e-05
0.00234375 1.50292e-05

0.00234375 1.50732e-05
0.00236816 1.07904e-05

0.00236816 1.25083e-05
0.00239258 7.44901e-06

0.00239258 7.45648e-06
0.00241699 1.2486e-05

0.00241699 1.07081e-05
0.00244141 1.51331e-05

0.00244141 1.51297e-05
0.00246582 1.07006e-05

0.00246582 1.24709e-05
0.00249023 7.47726e-06

0.00249023 7.47767e-06
0.00251465 1.25087e-05

0.00251465 1.07315e-05
0.00253906 1.51075e-05

0.00253906 1.51008e-05
0.00256348 1.07094e-05

0.00256348 1.24342e-05
0.00258789 7.56172e-06

0.00258789 7.55282e-06
0.0026123 1.25429e-05

0.0026123 1.08617e-05
0.00263672 1.49967e-05

0.00263672 1.49379e-05
0.00266113 1.06572e-05

0.00266113 1.18965e-05
0.00268555 8.27962e-06

0.00268555 7.49573e-06
0.00270996 1.37915e-05

0.00270996 1.39013e-05
0.00273438 1.40735e-05

0.00273437 1.38417e-05
0.00275879 7.67776e-06

0.00275879 8.44626e-06
0.0027832 1.18444e-05

0.0027832 1.07896e-05
0.00280762 1.47983e-05

0.00280762 1.48021e-05
0.00283203 1.08014e-05

0.00283203 1.1884e-05
0.00285645 8.40115e-06

0.00285645 7.65844e-06
0.00288086 1.37789e-05

0.00288086 1.39589e-05
0.00290527 1.39351e-05

0.00290527 1.35648e-05
0.00292969 7.84051e-06

0.00292969 8.56524e-06
0.0029541 1.21813e-05

0.0029541 1.1509e-05
0.00297852 1.42747e-05

0.00297852 1.20238e-05
0.00300293 1.23748e-05

0.00300293 1.24075e-05
0.00302734 1.38595e-05

0.00302734 1.27942e-05
0.00305176 1.36538e-05

0.00305176 1.32171e-05
0.00307617 1.4302e-05

0.00307617 1.35962e-05
0.00310059 1.44745e-05

0.00310059 1.39224e-05
0.003125 1.49461e-05

0.00175781 0.00287934
0.00157637 0.00292969

0.0015625 0.00293361
0.00157664 0.00292969

0.00175781 0.00287985
0.00195312 0.00281693

0.00234375 0.00265917
0.00217162 0.00273438

0.00195312 0.00281727
0.00214844 0.00274394

0.00214844 0.00274352
0.00216936 0.00273438

0.00292969 0.00231116
0.00288456 0.00234375

0.00302734 0.00223414
0.00301236 0.00224609

0.00297852 0.0022716
0.00294868 0.00229492

0.00292969 0.00231011
0.00294937 0.00229492

0.00300293 0.00225249
0.00298015 0.00227051

0.00297852 0.00227242
0.00298089 0.00227051

0.00300293 0.00224801
0.0030054 0.00224609

0.00307617 0.00218912
0.00306684 0.00219727

0.00302734 0.00223315
0.00306967 0.00219727

0.00307617 0.00219131
0.00312431 0.00214844

0.00244141 0.00261142
0.00238948 0.00263672

0.00234375 0.00265745
0.00238631 0.00263672

0.00244141 0.00261093
0.00253906 0.00255981

0.00273438 0.00244677
0.00257821 0.00253906

0.00253906 0.00255917
0.00257365 0.00253906

0.00283203 0.00238024
0.00274029 0.00244141

0.00273438 0.0024446
0.00273936 0.00244141

0.00283203 0.00237964
0.00288202 0.00234375

0.003125 1.42784e-05
0.00314941 1.54067e-05

0.00314941 1.47765e-05
0.00317383 1.59242e-05

0.00317383 1.53018e-05
0.00319824 1.63059e-05

0.00319824 1.57313e-05
0.00322266 1.67015e-05

0.00322266 1.61781e-05
0.00324707 1.7149e-05

0.00324707 1.6572e-05
0.00327148 1.76274e-05

0.00327148 1.67315e-05
0.0032959 1.857e-05

0.0032959 1.88923e-05
0.00332031 1.88861e-05

0.00332031 1.70001e-05
0.00334473 1.82891e-05

0.00334473 1.97055e-05
0.00336914 2.0651e-05

0.00336914 1.29626e-05
0.00339355 2.41562e-05

0.00339079 2.44141e-05
0.00339355 2.54998e-05

0.00339355 2.36263e-05
0.0033943 2.44141e-05

0.00339355 2.75838e-05
0.00341763 4.88281e-05

0.00341755 4.88281e-05
0.00341797 4.92275e-05

0.00341797 4.95499e-05
0.00344174 7.32422e-05

0.00344174 7.32422e-05
0.00344238 7.39112e-05

0.00344238 7.40531e-05
0.00346438 9.76563e-05

0.00346485 9.76563e-05
0.0034668 9.98419e-05

0.0034668 0.000100535
0.00348561 0.00012207

0.00348538 0.00012207
0.00349121 0.000129054

0.00349121 0.000128729
0.00350579 0.000146484

0.00350607 0.000146484
0.00351563 0.000158983

0.00351563 0.000159456
0.00354258 0.000195313

0.00354293 0.000195313
0.00356445 0.000227599

0.00356445 0.000229384
0.0035741 0.000244141

0.00357497 0.000244141
0.0036038 0.000292969

0.00360462 0.000292969
0.00361328 0.00031041

0.00361328 0.000312031
0.00362883 0.000341797

0.00362907 0.000341797
0.00365171 0.000390625

0.00365237 0.000390625
0.00368985 0.000488281

0.00368969 0.000488281
0.00371094 0.000563231

0.00371094 0.000565231
0.00371681 0.000585938

0.00371704 0.000585937
0.00373592 0.000683594

0.00373556 0.000683594
0.00374678 0.00078125

0.00374876 0.00078125
0.00374942 0.000976562

0.00374912 0.000976562
0.00372119 0.00117188

0.00371094 0.00120909
0.00366553 0.00136719

0.00366556 0.00136719
0.00358035 0.0015625

0.00371094 0.00120438
0.00371903 0.00117187

0.00332031 0.00194491
0.00331346 0.00195312

0.00351563 0.00167544
0.0034638 0.00175781

0.00341797 0.00182263
0.00339456 0.00185547

0.00332031 0.00194674
0.00339414 0.00185547

0.00346295 0.00175781
0.00342893 0.00180664

0.00341797 0.00181854
0.00342636 0.00180664

0.00322266 0.00205392
0.00312535 0.00214844

0.00331525 0.00195313
0.00322582 0.00205078

0.00322266 0.0020549
0.00322667 0.00205078

0.003125 0.00214869
0.00312528 0.00214844

0.00357829 0.0015625
0.00352455 0.00166016

0.00351563 0.00167168
0.00352264 0.00166016

