7.14821e-05 0
7.32422e-05 5.14035e-06

7.32422e-05 1.13049e-06
9.58605e-05 2.44141e-05

9.76563e-05 1.43086e-05
0.00012207 1.49266e-05

0.00012207 1.41943e-05
0.000146484 1.40242e-05

0.000146484 1.45413e-05
0.000170898 1.44277e-05

0.000170898 1.37083e-05
0.000195313 1.43332e-05

0.000195313 1.45397e-05
0.000219727 1.54105e-05

0.000219727 1.50911e-05
0.000244141 1.4346e-05

0.000244141 1.47283e-05
0.000268555 1.40259e-05

0.000268555 1.40002e-05
0.000292969 1.43313e-05

0.000292969 1.46348e-05
0.000317383 1.46379e-05

0.000317383 1.4685e-05
0.000341797 1.36513e-05

0.000341797 1.3836e-05
0.000366211 1.38331e-05

0.000366211 1.40482e-05
0.000390625 1.42837e-05

0.000390625 1.43722e-05
0.000415039 1.36583e-05

0.000415039 1.39396e-05
0.000439453 1.3304e-05

0.000439453 1.34471e-05
0.000463867 1.36323e-05

0.000463867 1.36848e-05
0.000488281 1.38342e-05

0.000488281 1.3912e-05
0.000512695 1.33905e-05

0.000512695 1.35911e-05
0.000537109 1.31527e-05

0.000537109 1.32561e-05
0.000561523 1.34032e-05

0.000561523 1.34287e-05
0.000585937 1.35299e-05

0.000585938 1.36018e-05
0.000610352 1.32058e-05

0.000610352 1.33701e-05
0.000634766 1.30102e-05

0.000634766 1.31027e-05
0.00065918 1.31848e-05

0.00065918 1.31514e-05
0.000683594 1.33471e-05

0.000683594 1.33976e-05
0.000708008 1.31728e-05

0.000708008 1.31093e-05
0.000732422 1.30644e-05

0.000732422 1.30356e-05
0.000756836 1.34702e-05

0.000756836 1.3329e-05
0.00078125 1.34737e-05

0.00078125 1.3414e-05
0.000805664 1.33029e-05

0.000805664 1.32609e-05
0.000830078 1.33797e-05

0.000830078 1.32139e-05
0.000854492 1.36763e-05

0.000854492 1.36001e-05
0.000878906 1.37208e-05

0.000878906 1.35407e-05
0.00090332 1.35284e-05

0.00090332 1.35195e-05
0.000927734 1.37832e-05

0.000927734 1.36394e-05
0.000952148 1.38225e-05

0.000952148 1.37293e-05
0.000976562 1.38479e-05

0.000976562 1.36838e-05
0.00100098 1.39567e-05

0.00100098 1.37856e-05
0.00102539 1.42045e-05

0.00102539 1.39976e-05
0.0010498 1.42829e-05

0.0010498 1.40717e-05
0.00107422 1.43586e-05

0.00107422 1.4115e-05
0.00109863 1.46115e-05

0.00109863 1.44157e-05
0.00112305 1.47948e-05

0.00112305 1.46877e-05
0.00114746 1.46417e-05

0.00114746 1.44613e-05
0.00117187 1.46758e-05

0.00117188 1.41682e-05
0.00119629 1.55046e-05

0.00119629 1.5538e-05
0.0012207 1.5785e-05

0.0012207 1.53204e-05
0.00124512 1.47652e-05

0.00124512 1.48459e-05
0.00126953 1.55532e-05

0.00126953 1.53012e-05
0.00129395 1.5964e-05

0.00129395 1.63448e-05
0.00131836 1.51806e-05

0.00131836 1.48857e-05
0.00134277 1.44146e-05

0.00134277 1.56454e-05
0.00136719 1.50991e-05

0.00134277 2.44628e-05
0.00134819 2.44141e-05

0.0013916 1.63387e-06
0.00136971 2.44141e-05

0.00136719 2.47813e-05
0.00136825 2.44141e-05

0.0013916 4.53682e-06
0.00139314 0

0.0014628 0
0.00146484 5.94853e-06

0.00146484 4.76529e-06
0.00148413 2.44141e-05

0.00148497 2.44141e-05
0.00148926 2.59272e-05

0.00148926 1.71751e-05
0.00151367 1.78151e-05

0.00151367 1.74643e-05
0.00153809 1.71327e-05

0.00151367 2.4419e-05
0.00151491 2.44141e-05

0.0015625 5.71562e-06
0.00154346 2.44141e-05

0.00153809 2.61292e-05
0.00154304 2.44141e-05

0 0.00312202
0.000390625 0.003111

0.000390625 0.00311129
0.00078125 0.00307767

0.00078125 0.00307831
0.00117187 0.00302024

0.00117188 0.00302129
0.0015625 0.0029354

0.0015625 7.43877e-06
0.00156514 0

0.00165639 0
0.00166016 9.20156e-06

0.00166016 1.03597e-05
0.00167547 2.44141e-05

0.0016747 2.44141e-05
0.00168457 2.79779e-05

0.00168457 1.8171e-05
0.00170898 1.84692e-05

0.00169559 2.44141e-05
0.00170898 2.44989e-05

0.0017334 1.11428e-05
0.00171824 2.44141e-05

0.00170898 2.79791e-05
0.00171915 2.44141e-05

0.0017334 1.18332e-05
0.00173843 0

0.00180052 0
0.00180664 1.39136e-05

0.00180664 9.07167e-06
0.00183105 1.27894e-05

0.00183105 6.12333e-06
0.00185547 7.36542e-08

0.00185547 1.20896e-07
0.00187988 1.74588e-05

0.00187988 9.42759e-06
0.0019043 1.15173e-05

0.0019043 9.42053e-06
0.00192871 1.0422e-05

0.00192871 9.90726e-06
0.00195312 1.21685e-05

0.00195312 9.52855e-06
0.00197754 1.29847e-05

0.00197754 1.36034e-05
0.00200195 1.2889e-05

0.00200195 1.52847e-05
0.00202637 6.28178e-06

0.00202637 6.78209e-06
0.00205078 9.18881e-06

0.00205078 9.54011e-06
0.0020752 1.45771e-05

0.0020752 9.95048e-06
0.00209961 1.19415e-05

0.00209961 1.34623e-05
0.00212402 1.32263e-05

0.00212402 1.29301e-05
0.00214844 8.64974e-06

0.00214844 8.27841e-06
0.00217285 1.30799e-05

0.00217285 1.38877e-05
0.00219727 1.37168e-05

0.00219727 1.30753e-05
0.00222168 8.05495e-06

0.00222168 7.96752e-06
0.00224609 1.33846e-05

0.00224609 1.40461e-05
0.00227051 1.38701e-05

0.00227051 1.37702e-05
0.00229492 7.3456e-06

0.00229492 8.09029e-06
0.00231934 1.19178e-05

0.00231934 1.06191e-05
0.00234375 1.50317e-05

0.00234375 1.50725e-05
0.00236816 1.07898e-05

0.00236816 1.25035e-05
0.00239258 7.45585e-06

0.00239258 7.46476e-06
0.00241699 1.24889e-05

0.00241699 1.07119e-05
0.00244141 1.51265e-05

0.00244141 1.51229e-05
0.00246582 1.0705e-05

0.00246582 1.24716e-05
0.00249023 7.48857e-06

0.00249023 7.48902e-06
0.00251465 1.25054e-05

0.00251465 1.07321e-05
0.00253906 1.51034e-05

0.00253906 1.50977e-05
0.00256348 1.07145e-05

0.00256348 1.24396e-05
0.00258789 7.5632e-06

0.00258789 7.55496e-06
0.0026123 1.25374e-05

0.0026123 1.086e-05
0.00263672 1.49961e-05

0.00263672 1.49373e-05
0.00266113 1.06553e-05

0.00266113 1.18966e-05
0.00268555 8.27599e-06

0.00268555 7.48787e-06
0.00270996 1.37932e-05

0.00270996 1.39108e-05
0.00273438 1.40715e-05

0.00273437 1.38389e-05
0.00275879 7.65875e-06

0.00275879 8.42743e-06
0.0027832 1.18545e-05

0.0027832 1.07875e-05
0.00280762 1.48118e-05

0.00280762 1.48068e-05
0.00283203 1.081e-05

0.00283203 1.19661e-05
0.00285645 8.33281e-06

0.00285645 7.57552e-06
0.00288086 1.37012e-05

0.00288086 1.38367e-05
0.00290527 1.40514e-05

0.00290527 1.36399e-05
0.00292969 7.9259e-06

0.00292969 8.60172e-06
0.0029541 1.21284e-05

0.0029541 1.15101e-05
0.00297852 1.4335e-05

0.00297852 1.20873e-05
0.00300293 1.23798e-05

0.00300293 1.24579e-05
0.00302734 1.37906e-05

0.00302734 1.27733e-05
0.00305176 1.35737e-05

0.00305176 1.31163e-05
0.00307617 1.42944e-05

0.00307617 1.35134e-05
0.00310059 1.45913e-05

0.00310059 1.39674e-05
0.003125 1.51018e-05

0.00175781 0.00287941
0.00157667 0.00292969

0.0015625 0.0029337
0.00157696 0.00292969

0.00175781 0.00287992
0.00195312 0.00281698

0.00234375 0.00265919
0.00217171 0.00273438

0.00195312 0.00281732
0.00214844 0.00274398

0.00214844 0.00274358
0.00216949 0.00273438

0.00292969 0.00231114
0.00288455 0.00234375

0.00302734 0.00223406
0.00301227 0.00224609

0.00297852 0.00227155
0.00294863 0.00229492

0.00292969 0.00231008
0.00294933 0.00229492

0.00300293 0.00225245
0.0029801 0.00227051

0.00297852 0.0022724
0.00298086 0.00227051

0.00300293 0.00224802
0.00300542 0.00224609

0.00307617 0.002189
0.00306671 0.00219727

0.00302734 0.00223312
0.00306963 0.00219727

0.00307617 0.00219126
0.00312424 0.00214844

0.00244141 0.00261143
0.00238951 0.00263672

0.00234375 0.00265748
0.00238635 0.00263672

0.00244141 0.00261094
0.00253906 0.00255981

0.00273438 0.00244675
0.00257821 0.00253906

0.00253906 0.00255918
0.00257367 0.00253906

0.00283203 0.00238021
0.00274026 0.00244141

0.00273438 0.00244462
0.00273938 0.00244141

0.00283203 0.00237959
0.00288195 0.00234375

0.003125 1.44428e-05
0.00314941 1.54608e-05

0.00314941 1.4868e-05
0.00317383 1.58636e-05

0.00317383 1.52758e-05
0.00319824 1.62989e-05

0.00319824 1.58455e-05
0.00322266 1.66514e-05

0.00322266 1.56746e-05
0.00324707 1.73259e-05

0.00324707 1.74802e-05
0.00327148 1.80382e-05

0.00327148 1.69463e-05
0.0032959 1.71061e-05

0.0032959 1.56397e-05
0.00332031 2.01829e-05

0.00332031 2.11856e-05
0.00334473 2.19533e-05

0.00334473 1.99916e-05
0.00336914 1.73663e-05

0.00336914 1.25547e-05
0.00339178 2.44141e-05

0.00339101 2.44141e-05
0.00339355 2.54838e-05

0.00339355 2.77214e-05
0.00341739 4.88281e-05

0.00341714 4.88281e-05
0.00341797 4.96364e-05

0.00341797 4.99766e-05
0.00344111 7.32422e-05

0.00344123 7.32422e-05
0.00344238 7.44405e-05

0.00344238 7.46731e-05
0.00346379 9.76563e-05

0.00346428 9.76563e-05
0.0034668 0.000100481

0.0034668 0.000100893
0.00350566 0.000146484

0.00350564 0.000146484
0.00351563 0.000159546

0.00351563 0.000159924
0.0035423 0.000195313

0.00354243 0.000195313
0.00356445 0.000228254

0.00356445 0.000228991
0.00357437 0.000244141

0.00357479 0.000244141
0.0036037 0.000292969

0.00360451 0.000292969
0.00361328 0.000310601

0.00361328 0.000312181
0.00362878 0.000341797

0.00362902 0.000341797
0.00365169 0.000390625

0.00365235 0.000390625
0.00368988 0.000488281

0.00368971 0.000488281
0.00371094 0.000563128

0.00371094 0.000565126
0.00371684 0.000585938

0.00371707 0.000585937
0.00373595 0.000683594

0.00373558 0.000683594
0.00374679 0.00078125

0.00374877 0.00078125
0.00374941 0.000976562

0.00374911 0.000976562
0.00372116 0.00117188

0.00371094 0.001209
0.00366549 0.00136719

0.00366553 0.00136719
0.0035803 0.0015625

0.00371094 0.00120425
0.003719 0.00117187

0.00332031 0.00194479
0.00331336 0.00195312

0.00351563 0.00167537
0.00346375 0.00175781

0.00341797 0.00182259
0.00339453 0.00185547

0.00332031 0.00194667
0.00339409 0.00185547

0.0034629 0.00175781
0.00342888 0.00180664

0.00341797 0.00181833
0.00342621 0.00180664

0.00322266 0.00205386
0.00312529 0.00214844

0.00331519 0.00195313
0.00322575 0.00205078

0.00322266 0.00205487
0.00322663 0.00205078

0.003125 0.00214868
0.00312526 0.00214844

0.00357824 0.0015625
0.0035245 0.00166016

0.00351563 0.00167155
0.00352256 0.00166016

