7.15996e-05 0
7.32422e-05 4.81083e-06

7.32422e-05 3.58817e-07
9.58109e-05 2.44141e-05

9.7397e-05 2.44141e-05
9.76563e-05 2.45062e-05

9.76563e-05 1.45183e-05
0.00012207 1.54688e-05

0.00012207 1.42945e-05
0.000146484 1.37847e-05

0.000146484 1.4535e-05
0.000170898 1.46493e-05

0.000170898 1.3863e-05
0.000195313 1.43951e-05

0.000195313 1.49878e-05
0.000219727 1.50373e-05

0.000219727 1.45944e-05
0.000244141 1.37426e-05

0.000244141 1.39753e-05
0.000268555 1.47078e-05

0.000268555 1.46129e-05
0.000292969 1.48762e-05

0.000292969 1.50662e-05
0.000317383 1.40368e-05

0.000317383 1.43677e-05
0.000341797 1.34973e-05

0.000341797 1.37333e-05
0.000366211 1.40315e-05

0.000366211 1.4063e-05
0.000390625 1.4257e-05

0.000390625 1.43862e-05
0.000415039 1.36765e-05

0.000415039 1.39385e-05
0.000439453 1.32993e-05

0.000439453 1.34736e-05
0.000463867 1.36322e-05

0.000463867 1.36719e-05
0.000488281 1.38019e-05

0.000488281 1.39088e-05
0.000512695 1.33912e-05

0.000512695 1.358e-05
0.000537109 1.3125e-05

0.000537109 1.32386e-05
0.000561523 1.33945e-05

0.000561523 1.33993e-05
0.000585937 1.35333e-05

0.000585938 1.36074e-05
0.000610352 1.32221e-05

0.000610352 1.33804e-05
0.000634766 1.29895e-05

0.000634766 1.30725e-05
0.00065918 1.31921e-05

0.00065918 1.31982e-05
0.000683594 1.3344e-05

0.000683594 1.32874e-05
0.000708008 1.31877e-05

0.000708008 1.31894e-05
0.000732422 1.32087e-05

0.000732422 1.31707e-05
0.000756836 1.33323e-05

0.000756836 1.32498e-05
0.00078125 1.33822e-05

0.00078125 1.32753e-05
0.000805664 1.34202e-05

0.000805664 1.33478e-05
0.000830078 1.34956e-05

0.000830078 1.33598e-05
0.000854492 1.3552e-05

0.000854492 1.3499e-05
0.000878906 1.36273e-05

0.000878906 1.34701e-05
0.00090332 1.36314e-05

0.00090332 1.35716e-05
0.000927734 1.3794e-05

0.000927734 1.36296e-05
0.000952148 1.38037e-05

0.000952148 1.37262e-05
0.000976562 1.39005e-05

0.000976562 1.37099e-05
0.00100098 1.3986e-05

0.00100098 1.38858e-05
0.00102539 1.41596e-05

0.00102539 1.38678e-05
0.0010498 1.42464e-05

0.0010498 1.42238e-05
0.00107422 1.44052e-05

0.00107422 1.41115e-05
0.00109863 1.42844e-05

0.00109863 1.39067e-05
0.00112305 1.49923e-05

0.00112305 1.50641e-05
0.00114746 1.50558e-05

0.00114746 1.46155e-05
0.00117187 1.42701e-05

0.00117188 1.40519e-05
0.00119629 1.55143e-05

0.00119629 1.53664e-05
0.0012207 1.59008e-05

0.0012207 1.55075e-05
0.00124512 1.49529e-05

0.00124512 1.51587e-05
0.00126953 1.51808e-05

0.00126953 1.47634e-05
0.00129395 1.57336e-05

0.00129395 1.62155e-05
0.00131836 1.57574e-05

0.00131836 1.5234e-05
0.00134277 1.44864e-05

0.00134277 1.58495e-05
0.00136719 1.4876e-05

0.00134277 2.44433e-05
0.00134458 2.44141e-05

0.0013916 1.42767e-06
0.00136962 2.44141e-05

0.00136719 2.46657e-05
0.00136791 2.44141e-05

0.0013916 4.66506e-06
0.00139319 0

0.00146293 0
0.00146484 5.52948e-06

0.00146484 5.17666e-06
0.00148389 2.44141e-05

0.00148364 2.44141e-05
0.00148926 2.63875e-05

0.00148926 1.7329e-05
0.00151367 1.73879e-05

0.00148926 2.44733e-05
0.00150225 2.44141e-05

0.00151367 1.71395e-05
0.00153809 1.6939e-05

0.00151367 2.44366e-05
0.00152727 2.44141e-05

0.0015625 5.82615e-06
0.00154333 2.44141e-05

0.00153809 2.61202e-05
0.0015431 2.44141e-05

0 0.00312203
0.000390625 0.00311101

0.000390625 0.0031113
0.00078125 0.00307768

0.00078125 0.00307832
0.00117187 0.00302025

0.00117188 0.0030213
0.0015625 0.0029354

0.0015625 7.75287e-06
0.00156526 0

0.00165637 0
0.00166016 9.23445e-06

0.00166016 1.03727e-05
0.00167546 2.44141e-05

0.00167468 2.44141e-05
0.00168457 2.79819e-05

0.00168457 1.81687e-05
0.00170898 1.8459e-05

0.00169544 2.44141e-05
0.00170898 2.44974e-05

0.0017334 1.11379e-05
0.00171824 2.44141e-05

0.00170898 2.79797e-05
0.00171915 2.44141e-05

0.0017334 1.1809e-05
0.00173842 0

0.00180034 0
0.00180664 1.41378e-05

0.00180664 9.02354e-06
0.00183105 1.26196e-05

0.00183105 6.02733e-06
0.00185547 2.33836e-07

0.00185547 1.37536e-07
0.00187988 1.74147e-05

0.00187988 9.42512e-06
0.0019043 1.15391e-05

0.0019043 9.4281e-06
0.00192871 1.04137e-05

0.00192871 9.90717e-06
0.00195312 1.21703e-05

0.00195312 9.52995e-06
0.00197754 1.29849e-05

0.00197754 1.36025e-05
0.00200195 1.28902e-05

0.00200195 1.52794e-05
0.00202637 6.29149e-06

0.00202637 6.76591e-06
0.00205078 9.21986e-06

0.00205078 9.64732e-06
0.0020752 1.45275e-05

0.0020752 9.8788e-06
0.00209961 1.18409e-05

0.00209961 1.33471e-05
0.00212402 1.33543e-05

0.00212402 1.30657e-05
0.00214844 8.66348e-06

0.00214844 8.26771e-06
0.00217285 1.2942e-05

0.00217285 1.37719e-05
0.00219727 1.38116e-05

0.00219727 1.31165e-05
0.00222168 8.14623e-06

0.00222168 8.04365e-06
0.00224609 1.33316e-05

0.00224609 1.40576e-05
0.00227051 1.38411e-05

0.00227051 1.37494e-05
0.00229492 7.33542e-06

0.00229492 8.07609e-06
0.00231934 1.19342e-05

0.00231934 1.06228e-05
0.00234375 1.50321e-05

0.00234375 1.50729e-05
0.00236816 1.07878e-05

0.00236816 1.25024e-05
0.00239258 7.45771e-06

0.00239258 7.4666e-06
0.00241699 1.24888e-05

0.00241699 1.07127e-05
0.00244141 1.51245e-05

0.00244141 1.51207e-05
0.00246582 1.07051e-05

0.00246582 1.24703e-05
0.00249023 7.49182e-06

0.00249023 7.49188e-06
0.00251465 1.25053e-05

0.00251465 1.07337e-05
0.00253906 1.51009e-05

0.00253906 1.50949e-05
0.00256348 1.07146e-05

0.00256348 1.24387e-05
0.00258789 7.56718e-06

0.00258789 7.55884e-06
0.0026123 1.25361e-05

0.0026123 1.08596e-05
0.00263672 1.49939e-05

0.00263672 1.49369e-05
0.00266113 1.06557e-05

0.00266113 1.18945e-05
0.00268555 8.27688e-06

0.00268555 7.48952e-06
0.00270996 1.3795e-05

0.00270996 1.39115e-05
0.00273438 1.40703e-05

0.00273437 1.38378e-05
0.00275879 7.66083e-06

0.00275879 8.4303e-06
0.0027832 1.18547e-05

0.0027832 1.07909e-05
0.00280762 1.48064e-05

0.00280762 1.48102e-05
0.00283203 1.07976e-05

0.00283203 1.18763e-05
0.00285645 8.40178e-06

0.00285645 7.6702e-06
0.00288086 1.37812e-05

0.00288086 1.39544e-05
0.00290527 1.3921e-05

0.00290527 1.3489e-05
0.00292969 7.91742e-06

0.00292969 8.66418e-06
0.0029541 1.22435e-05

0.0029541 1.15813e-05
0.00297852 1.41734e-05

0.00297852 1.20238e-05
0.00300293 1.23079e-05

0.00300293 1.23536e-05
0.00302734 1.37913e-05

0.00302734 1.27193e-05
0.00305176 1.36337e-05

0.00305176 1.31243e-05
0.00307617 1.43479e-05

0.00307617 1.35465e-05
0.00310059 1.46356e-05

0.00310059 1.40205e-05
0.003125 1.51319e-05

0.00175781 0.00287941
0.00157668 0.00292969

0.0015625 0.00293371
0.00157698 0.00292969

0.00175781 0.00287992
0.00195312 0.00281699

0.00234375 0.0026592
0.00217171 0.00273438

0.00195312 0.00281733
0.00214844 0.00274398

0.00214844 0.00274358
0.0021695 0.00273438

0.00292969 0.00231115
0.00288455 0.00234375

0.00302734 0.00223406
0.00301227 0.00224609

0.00297852 0.00227155
0.00294863 0.00229492

0.00292969 0.00231008
0.00294933 0.00229492

0.00300293 0.00225245
0.0029801 0.00227051

0.00297852 0.0022724
0.00298086 0.00227051

0.00300293 0.00224802
0.00300542 0.00224609

0.00307617 0.002189
0.00306671 0.00219727

0.00302734 0.00223312
0.00306963 0.00219727

0.00307617 0.00219126
0.00312424 0.00214844

0.00244141 0.00261144
0.00238951 0.00263672

0.00234375 0.00265748
0.00238636 0.00263672

0.00244141 0.00261095
0.00253906 0.00255982

0.00273438 0.00244675
0.00257821 0.00253906

0.00253906 0.00255919
0.00257367 0.00253906

0.00283203 0.00238021
0.00274026 0.00244141

0.00273438 0.00244462
0.00273939 0.00244141

0.00283203 0.00237959
0.00288195 0.00234375

0.003125 1.44665e-05
0.00314941 1.54824e-05

0.00314941 1.48869e-05
0.00317383 1.5928e-05

0.00317383 1.53823e-05
0.00319824 1.6319e-05

0.00319824 1.57839e-05
0.00322266 1.66509e-05

0.00322266 1.60472e-05
0.00324707 1.71908e-05

0.00324707 1.66885e-05
0.00327148 1.78297e-05

0.00327148 1.70989e-05
0.0032959 1.82839e-05

0.0032959 1.78925e-05
0.00332031 1.89248e-05

0.00332031 1.81619e-05
0.00334473 1.92852e-05

0.00334473 1.93624e-05
0.00336914 1.97015e-05

0.00336914 1.31657e-05
0.00339244 2.44141e-05

0.00339155 2.44141e-05
0.00339355 2.52102e-05

0.00339355 2.74796e-05
0.00341782 4.88281e-05

0.00341705 4.88281e-05
0.00341797 4.97246e-05

0.00341797 4.8747e-05
0.00341805 4.88281e-05

0.00341797 4.97354e-05
0.00344123 7.32422e-05

0.00344136 7.32422e-05
0.00344238 7.43137e-05

0.00344238 7.45877e-05
0.00346379 9.76563e-05

0.00346432 9.76563e-05
0.0034668 0.000100433

0.0034668 0.00010087
0.0035056 0.000146484

0.00350559 0.000146484
0.00351563 0.000159625

0.00351563 0.000159993
0.00354223 0.000195313

0.00354237 0.000195313
0.00356445 0.000228369

0.00356445 0.000229128
0.00357428 0.000244141

0.0035747 0.000244141
0.0036036 0.000292969

0.0036044 0.000292969
0.00361328 0.000310811

0.00361328 0.000312373
0.00362868 0.000341797

0.00362892 0.000341797
0.00365159 0.000390625

0.00365225 0.000390625
0.00368979 0.000488281

0.00368962 0.000488281
0.00371094 0.000563391

0.00371094 0.000565414
0.00371676 0.000585938

0.003717 0.000585937
0.0037359 0.000683594

0.00373553 0.000683594
0.00374676 0.00078125

0.00374874 0.00078125
0.00374941 0.000976562

0.0037491 0.000976562
0.00372117 0.00117188

0.00371094 0.00120901
0.0036655 0.00136719

0.00366553 0.00136719
0.00358031 0.0015625

0.00371094 0.00120426
0.003719 0.00117187

0.00332031 0.00194479
0.00331336 0.00195312

0.00351563 0.00167537
0.00346375 0.00175781

0.00341797 0.0018226
0.00339453 0.00185547

0.00332031 0.00194667
0.00339409 0.00185547

0.0034629 0.00175781
0.00342888 0.00180664

0.00341797 0.00181832
0.00342621 0.00180664

0.00322266 0.00205386
0.00312529 0.00214844

0.00331519 0.00195313
0.00322575 0.00205078

0.00322266 0.00205487
0.00322663 0.00205078

0.003125 0.00214868
0.00312526 0.00214844

0.00357825 0.0015625
0.00352451 0.00166016

0.00351563 0.00167155
0.00352257 0.00166016

