7.17821e-05 0
7.32422e-05 4.29866e-06

7.32422e-05 7.6878e-07
9.56764e-05 2.44141e-05

9.76563e-05 1.46316e-05
0.00012207 1.52595e-05

0.00012207 1.42255e-05
0.000146484 1.38605e-05

0.000146484 1.4535e-05
0.000170898 1.47812e-05

0.000170898 1.40537e-05
0.000195313 1.44194e-05

0.000195313 1.48103e-05
0.000219727 1.5086e-05

0.000219727 1.48728e-05
0.000244141 1.40415e-05

0.000244141 1.45085e-05
0.000268555 1.40677e-05

0.000268555 1.40296e-05
0.000292969 1.41968e-05

0.000292969 1.42873e-05
0.000317383 1.4549e-05

0.000317383 1.47059e-05
0.000341797 1.39298e-05

0.000341797 1.41482e-05
0.000366211 1.34828e-05

0.000366211 1.37597e-05
0.000390625 1.3863e-05

0.000390625 1.38369e-05
0.000415039 1.39503e-05

0.000415039 1.40195e-05
0.000439453 1.37751e-05

0.000439453 1.39811e-05
0.000463867 1.34362e-05

0.000463867 1.35555e-05
0.000488281 1.34237e-05

0.000488281 1.35912e-05
0.000512695 1.36307e-05

0.000512695 1.36182e-05
0.000537109 1.34193e-05

0.000537109 1.35754e-05
0.000561523 1.33526e-05

0.000561523 1.34266e-05
0.000585937 1.32837e-05

0.000585938 1.34092e-05
0.000610352 1.33099e-05

0.000610352 1.33609e-05
0.000634766 1.32046e-05

0.000634766 1.33326e-05
0.00065918 1.31597e-05

0.00065918 1.31587e-05
0.000683594 1.31569e-05

0.000683594 1.31556e-05
0.000708008 1.33341e-05

0.000708008 1.33053e-05
0.000732422 1.32682e-05

0.000732422 1.32086e-05
0.000756836 1.32272e-05

0.000756836 1.32236e-05
0.00078125 1.33767e-05

0.00078125 1.32421e-05
0.000805664 1.34159e-05

0.000805664 1.33278e-05
0.000830078 1.3526e-05

0.000830078 1.33915e-05
0.000854492 1.3557e-05

0.000854492 1.34697e-05
0.000878906 1.36277e-05

0.000878906 1.35127e-05
0.00090332 1.36695e-05

0.00090332 1.35705e-05
0.000927734 1.37598e-05

0.000927734 1.36103e-05
0.000952148 1.38544e-05

0.000952148 1.3747e-05
0.000976562 1.39498e-05

0.000976562 1.3759e-05
0.00100098 1.40121e-05

0.00100098 1.38709e-05
0.00102539 1.42105e-05

0.00102539 1.39953e-05
0.0010498 1.4296e-05

0.0010498 1.42886e-05
0.00107422 1.42576e-05

0.00107422 1.39985e-05
0.00109863 1.42448e-05

0.00109863 1.40106e-05
0.00112305 1.49188e-05

0.00112305 1.45881e-05
0.00114746 1.50909e-05

0.00114746 1.49553e-05
0.00117187 1.47844e-05

0.00117188 1.47695e-05
0.00119629 1.46328e-05

0.00119629 1.41232e-05
0.0012207 1.5396e-05

0.0012207 1.51103e-05
0.00124512 1.63761e-05

0.00124512 1.62992e-05
0.00126953 1.5366e-05

0.00126953 1.51283e-05
0.00129395 1.47692e-05

0.00129395 1.55652e-05
0.00131836 1.54992e-05

0.00131836 1.48544e-05
0.00134277 1.49333e-05

0.00134277 1.62244e-05
0.00136719 1.49713e-05

0.0013916 9.61618e-07
0.00136964 2.44141e-05

0.0013916 4.23781e-06
0.00139304 0

0.00146279 0
0.00146484 6.01166e-06

0.00146484 4.48246e-06
0.00148406 2.44141e-05

0.00148507 2.44141e-05
0.00148926 2.59279e-05

0.00148926 1.77264e-05
0.00151367 1.80786e-05

0.00151367 1.72779e-05
0.00153809 1.6617e-05

0.0015625 6.00103e-06
0.00154343 2.44141e-05

0.00153809 2.61072e-05
0.00154308 2.44141e-05

0 0.00312205
0.000390625 0.00311104

0.000390625 0.00311132
0.00078125 0.0030777

0.00078125 0.00307834
0.00117187 0.00302026

0.00117188 0.00302131
0.0015625 0.00293541

0.0015625 7.30323e-06
0.00156511 0

0.00165638 0
0.00166016 9.21127e-06

0.00166016 1.03562e-05
0.00167547 2.44141e-05

0.00167469 2.44141e-05
0.00168457 2.79824e-05

0.00168457 1.8175e-05
0.00170898 1.84732e-05

0.00169561 2.44141e-05
0.00170898 2.44987e-05

0.0017334 1.11401e-05
0.00171824 2.44141e-05

0.00170898 2.79821e-05
0.00171916 2.44141e-05

0.0017334 1.18414e-05
0.00173844 0

0.0018005 0
0.00180664 1.39514e-05

0.00180664 9.18694e-06
0.00183105 1.27573e-05

0.00183105 6.13026e-06
0.00185541 0

0.00185547 8.39098e-08
0.00187988 1.75162e-05

0.00187988 9.43249e-06
0.0019043 1.14981e-05

0.0019043 9.4097e-06
0.00192871 1.04268e-05

0.00192871 9.90636e-06
0.00195312 1.21724e-05

0.00195312 9.52885e-06
0.00197754 1.29841e-05

0.00197754 1.36038e-05
0.00200195 1.28906e-05

0.00200195 1.52729e-05
0.00202637 6.2948e-06

0.00202637 6.7697e-06
0.00205078 9.22838e-06

0.00205078 9.6581e-06
0.0020752 1.45193e-05

0.0020752 9.87182e-06
0.00209961 1.18384e-05

0.00209961 1.33463e-05
0.00212402 1.33632e-05

0.00212402 1.30809e-05
0.00214844 8.65166e-06

0.00214844 8.25243e-06
0.00217285 1.29322e-05

0.00217285 1.37695e-05
0.00219727 1.38218e-05

0.00219727 1.31245e-05
0.00222168 8.12984e-06

0.00222168 8.02632e-06
0.00224609 1.33283e-05

0.00224609 1.40431e-05
0.00227051 1.38616e-05

0.00227051 1.37602e-05
0.00229492 7.35089e-06

0.00229492 8.09248e-06
0.00231934 1.19239e-05

0.00231934 1.06225e-05
0.00234375 1.5029e-05

0.00234375 1.50712e-05
0.00236816 1.07922e-05

0.00236816 1.25058e-05
0.00239258 7.45874e-06

0.00239258 7.46772e-06
0.00241699 1.24869e-05

0.00241699 1.07129e-05
0.00244141 1.51253e-05

0.00244141 1.51216e-05
0.00246582 1.07042e-05

0.00246582 1.2469e-05
0.00249023 7.4918e-06

0.00249023 7.4921e-06
0.00251465 1.25068e-05

0.00251465 1.07349e-05
0.00253906 1.51e-05

0.00253906 1.50941e-05
0.00256348 1.07142e-05

0.00256348 1.2438e-05
0.00258789 7.56875e-06

0.00258789 7.55973e-06
0.0026123 1.25366e-05

0.0026123 1.08612e-05
0.00263672 1.4993e-05

0.00263672 1.49357e-05
0.00266113 1.06549e-05

0.00266113 1.18921e-05
0.00268555 8.28058e-06

0.00268555 7.49388e-06
0.00270996 1.37958e-05

0.00270996 1.39104e-05
0.00273438 1.4069e-05

0.00273437 1.38367e-05
0.00275879 7.66684e-06

0.00275879 8.43354e-06
0.0027832 1.18568e-05

0.0027832 1.08056e-05
0.00280762 1.47963e-05

0.00280762 1.47855e-05
0.00283203 1.0794e-05

0.00283203 1.1846e-05
0.00285645 8.46565e-06

0.00285645 7.73224e-06
0.00288086 1.37981e-05

0.00288086 1.39462e-05
0.00290527 1.39219e-05

0.00290527 1.36363e-05
0.00292969 7.86116e-06

0.00292969 8.6602e-06
0.0029541 1.19919e-05

0.0029541 1.14016e-05
0.00297852 1.41134e-05

0.00297852 1.18748e-05
0.00300293 1.23275e-05

0.00300293 1.22414e-05
0.00302734 1.38919e-05

0.00302734 1.27092e-05
0.00305176 1.38139e-05

0.00305176 1.32454e-05
0.00307617 1.45007e-05

0.00307617 1.37259e-05
0.00310059 1.469e-05

0.00310059 1.41257e-05
0.003125 1.51186e-05

0.00175781 0.00287942
0.00157672 0.00292969

0.0015625 0.00293372
0.00157702 0.00292969

0.00175781 0.00287993
0.00195312 0.00281699

0.00234375 0.0026592
0.00217172 0.00273438

0.00195312 0.00281733
0.00214844 0.00274398

0.00214844 0.00274359
0.00216951 0.00273438

0.00292969 0.00231114
0.00288454 0.00234375

0.00302734 0.00223404
0.00301224 0.00224609

0.00297852 0.00227154
0.00294861 0.00229492

0.00292969 0.00231007
0.00294931 0.00229492

0.00300293 0.00225243
0.00298008 0.00227051

0.00297852 0.00227239
0.00298085 0.00227051

0.00300293 0.00224797
0.00300536 0.00224609

0.00307617 0.00218897
0.00306668 0.00219727

0.00302734 0.00223311
0.00306961 0.00219727

0.00307617 0.00219124
0.00312422 0.00214844

0.00244141 0.00261143
0.0023895 0.00263672

0.00234375 0.00265748
0.00238636 0.00263672

0.00244141 0.00261094
0.00253906 0.00255981

0.00273438 0.00244674
0.0025782 0.00253906

0.00253906 0.00255918
0.00257367 0.00253906

0.00283203 0.0023802
0.00274024 0.00244141

0.00273438 0.00244462
0.00273938 0.00244141

0.00283203 0.00237958
0.00288193 0.00234375

0.003125 1.44964e-05
0.00314941 1.55042e-05

0.00314941 1.49139e-05
0.00317383 1.59835e-05

0.00317383 1.53977e-05
0.00319824 1.64081e-05

0.00319824 1.59711e-05
0.00322266 1.66804e-05

0.00322266 1.62213e-05
0.00324707 1.68451e-05

0.00324707 1.61485e-05
0.00327148 1.7632e-05

0.00327148 1.73855e-05
0.0032959 1.8445e-05

0.0032959 1.79905e-05
0.00332031 1.78336e-05

0.00332031 1.63995e-05
0.00334473 1.91248e-05

0.00334473 2.02758e-05
0.00336914 2.0999e-05

0.00336914 1.31995e-05
0.00339355 2.37553e-05

0.00339212 2.44141e-05
0.00339355 2.49539e-05

0.00339355 2.72038e-05
0.00341797 4.87409e-05

0.00341772 4.88281e-05
0.00341797 4.90665e-05

0.00341797 4.93403e-05
0.00344182 7.32422e-05

0.00344188 7.32422e-05
0.00344238 7.37685e-05

0.00344238 7.38986e-05
0.00346449 9.76563e-05

0.00346497 9.76563e-05
0.0034668 9.97087e-05

0.0034668 0.000100459
0.00348567 0.00012207

0.00348546 0.00012207
0.00349121 0.000128961

0.00349121 0.000128598
0.00350589 0.000146484

0.00350609 0.000146484
0.00351563 0.000159012

0.00351563 0.000159381
0.0035426 0.000195313

0.00354273 0.000195313
0.00356445 0.000227953

0.00356445 0.000228762
0.0035745 0.000244141

0.00357492 0.000244141
0.00360373 0.000292969

0.00360451 0.000292969
0.00361328 0.000310634

0.00361328 0.000312166
0.00362874 0.000341797

0.00362897 0.000341797
0.00365159 0.000390625

0.00365224 0.000390625
0.0036897 0.000488281

0.00368953 0.000488281
0.00371094 0.000563815

0.00371094 0.000565804
0.00371664 0.000585938

0.00371688 0.000585937
0.00373575 0.000683594

0.00373539 0.000683594
0.00374661 0.00078125

0.00374859 0.00078125
0.00374927 0.000976562

0.00374896 0.000976562
0.00372105 0.00117188

0.00371094 0.00120864
0.00366541 0.00136719

0.00366545 0.00136719
0.00358024 0.0015625

0.00371094 0.0012038
0.00371888 0.00117187

0.00332031 0.00194475
0.00331332 0.00195312

0.00351563 0.00167529
0.0034637 0.00175781

0.00341797 0.00182255
0.0033945 0.00185547

0.00332031 0.00194663
0.00339406 0.00185547

0.00346286 0.00175781
0.00342884 0.00180664

0.00341797 0.00181823
0.00342614 0.00180664

0.00322266 0.00205383
0.00312527 0.00214844

0.00331516 0.00195313
0.00322573 0.00205078

0.00322266 0.00205485
0.00322661 0.00205078

0.003125 0.00214866
0.00312524 0.00214844

0.00357818 0.0015625
0.00352445 0.00166016

0.00351563 0.00167145
0.0035225 0.00166016

