7.18329e-05 0
7.32422e-05 4.15911e-06

7.32422e-05 9.51017e-07
9.58893e-05 2.44141e-05

9.63482e-05 2.44141e-05
9.76563e-05 2.48656e-05

9.76563e-05 1.42508e-05
0.00012207 1.47676e-05

0.00011958 2.44141e-05
0.00012207 2.4434e-05

0.00012207 1.36182e-05
0.000146484 1.42499e-05

0.000146484 1.45635e-05
0.000170898 1.54454e-05

0.000170898 1.49363e-05
0.000195313 1.43424e-05

0.000195313 1.47855e-05
0.000219727 1.42695e-05

0.000219727 1.41832e-05
0.000244141 1.42793e-05

0.000244141 1.45114e-05
0.000268555 1.46947e-05

0.000268555 1.4583e-05
0.000292969 1.41688e-05

0.000292969 1.44105e-05
0.000317383 1.41439e-05

0.000317383 1.43233e-05
0.000341797 1.40128e-05

0.000341797 1.41563e-05
0.000366211 1.39177e-05

0.000366211 1.40755e-05
0.000390625 1.38943e-05

0.000390625 1.40459e-05
0.000415039 1.37516e-05

0.000415039 1.38868e-05
0.000439453 1.36366e-05

0.000439453 1.38064e-05
0.000463867 1.36144e-05

0.000463867 1.37271e-05
0.000488281 1.35089e-05

0.000488281 1.36397e-05
0.000512695 1.34564e-05

0.000512695 1.35505e-05
0.000537109 1.34142e-05

0.000537109 1.35289e-05
0.000561523 1.33664e-05

0.000561523 1.34451e-05
0.000585937 1.3281e-05

0.000585938 1.33875e-05
0.000610352 1.3268e-05

0.000610352 1.33336e-05
0.000634766 1.32187e-05

0.000634766 1.32708e-05
0.00065918 1.3218e-05

0.00065918 1.32363e-05
0.000683594 1.32396e-05

0.000683594 1.33145e-05
0.000708008 1.3179e-05

0.000708008 1.31792e-05
0.000732422 1.31012e-05

0.000732422 1.30203e-05
0.000756836 1.33609e-05

0.000756836 1.31984e-05
0.00078125 1.35741e-05

0.00078125 1.35108e-05
0.000805664 1.34184e-05

0.000805664 1.3398e-05
0.000830078 1.32392e-05

0.000830078 1.31335e-05
0.000854492 1.35639e-05

0.000854492 1.34076e-05
0.000878906 1.38601e-05

0.000878906 1.37433e-05
0.00090332 1.3625e-05

0.00090332 1.35566e-05
0.000927734 1.35349e-05

0.000927734 1.33845e-05
0.000952148 1.39515e-05

0.000952148 1.38655e-05
0.000976562 1.40751e-05

0.000976562 1.37661e-05
0.00100098 1.38872e-05

0.00100098 1.40011e-05
0.00102539 1.41237e-05

0.00102539 1.37998e-05
0.0010498 1.40406e-05

0.0010498 1.38425e-05
0.00107422 1.46515e-05

0.00107422 1.43409e-05
0.00109863 1.4758e-05

0.00109863 1.46858e-05
0.00112305 1.4468e-05

0.00112305 1.42329e-05
0.00114746 1.45205e-05

0.00114746 1.41992e-05
0.00117187 1.54111e-05

0.00117188 1.51667e-05
0.00119629 1.55507e-05

0.00119629 1.53084e-05
0.0012207 1.49379e-05

0.0012207 1.48253e-05
0.00124512 1.52783e-05

0.00124512 1.52759e-05
0.00126953 1.57217e-05

0.00126953 1.54242e-05
0.00129395 1.54276e-05

0.00129395 1.57333e-05
0.00131836 1.527e-05

0.00131836 1.49754e-05
0.00134277 1.50989e-05

0.00134277 1.64769e-05
0.00136719 1.47328e-05

0.0013916 4.48917e-07
0.00136959 2.44141e-05

0.00136719 2.4838e-05
0.00136836 2.44141e-05

0.0013916 2.81377e-06
0.00139255 0

0.00146277 0
0.00146484 6.02227e-06

0.00146484 4.76601e-06
0.00148404 2.44141e-05

0.00148494 2.44141e-05
0.00148926 2.59542e-05

0.00148926 1.74194e-05
0.00151367 1.79036e-05

0.00151367 1.74763e-05
0.00153809 1.69054e-05

0.0015625 5.64764e-06
0.00154339 2.44141e-05

0.00153809 2.60912e-05
0.00154296 2.44141e-05

0 0.00312208
0.000390625 0.00311107

0.000390625 0.00311135
0.00078125 0.00307773

0.00078125 0.00307837
0.00117187 0.00302029

0.00117188 0.00302134
0.0015625 0.00293543

0.0015625 7.21961e-06
0.00156505 0

0.00165636 0
0.00166016 9.26285e-06

0.00166016 1.03822e-05
0.00167545 2.44141e-05

0.00167466 2.44141e-05
0.00168457 2.79938e-05

0.00168457 1.81879e-05
0.00170898 1.84749e-05

0.00169536 2.44141e-05
0.00170898 2.44966e-05

0.0017334 1.1143e-05
0.00171825 2.44141e-05

0.00170898 2.79854e-05
0.00171916 2.44141e-05

0.0017334 1.18179e-05
0.00173843 0

0.00180013 0
0.00180664 1.44145e-05

0.00180664 9.27745e-06
0.00183105 1.23729e-05

0.00183105 5.95469e-06
0.00185547 1.39682e-07

0.00185547 3.0499e-08
0.00187988 1.75384e-05

0.00187988 9.43685e-06
0.0019043 1.15242e-05

0.0019043 9.41813e-06
0.00192871 1.04114e-05

0.00192871 9.90477e-06
0.00195312 1.21778e-05

0.00195312 9.53174e-06
0.00197754 1.29825e-05

0.00197754 1.3604e-05
0.00200195 1.28887e-05

0.00200195 1.52672e-05
0.00202637 6.299e-06

0.00202637 6.77719e-06
0.00205078 9.23015e-06

0.00205078 9.65959e-06
0.0020752 1.45106e-05

0.0020752 9.87353e-06
0.00209961 1.18335e-05

0.00209961 1.33439e-05
0.00212402 1.33492e-05

0.00212402 1.29875e-05
0.00214844 8.72649e-06

0.00214844 8.34433e-06
0.00217285 1.30261e-05

0.00217285 1.39012e-05
0.00219727 1.3697e-05

0.00219727 1.31058e-05
0.00222168 7.99231e-06

0.00222168 7.89218e-06
0.00224609 1.33501e-05

0.00224609 1.39591e-05
0.00227051 1.39574e-05

0.00227051 1.38229e-05
0.00229492 7.41715e-06

0.00229492 8.14888e-06
0.00231934 1.18607e-05

0.00231934 1.06172e-05
0.00234375 1.5027e-05

0.00234375 1.50659e-05
0.00236816 1.07935e-05

0.00236816 1.25041e-05
0.00239258 7.46267e-06

0.00239258 7.47055e-06
0.00241699 1.24865e-05

0.00241699 1.07128e-05
0.00244141 1.51243e-05

0.00244141 1.51213e-05
0.00246582 1.07059e-05

0.00246582 1.24697e-05
0.00249023 7.49252e-06

0.00249023 7.49348e-06
0.00251465 1.25065e-05

0.00251465 1.0734e-05
0.00253906 1.51004e-05

0.00253906 1.50958e-05
0.00256348 1.07156e-05

0.00256348 1.24416e-05
0.00258789 7.56414e-06

0.00258789 7.55595e-06
0.0026123 1.25341e-05

0.0026123 1.08603e-05
0.00263672 1.49935e-05

0.00263672 1.49338e-05
0.00266113 1.06517e-05

0.00266113 1.18893e-05
0.00268555 8.28188e-06

0.00268555 7.49463e-06
0.00270996 1.37952e-05

0.00270996 1.39072e-05
0.00273438 1.40686e-05

0.00273437 1.38273e-05
0.00275879 7.68002e-06

0.00275879 8.44849e-06
0.0027832 1.18641e-05

0.0027832 1.08114e-05
0.00280762 1.47873e-05

0.00280762 1.47773e-05
0.00283203 1.08059e-05

0.00283203 1.19235e-05
0.00285645 8.4103e-06

0.00285645 7.63927e-06
0.00288086 1.37406e-05

0.00288086 1.38797e-05
0.00290527 1.40354e-05

0.00290527 1.38505e-05
0.00292969 7.7395e-06

0.00292969 8.50338e-06
0.0029541 1.1787e-05

0.0029541 1.12365e-05
0.00297852 1.42849e-05

0.00297852 1.17939e-05
0.00300293 1.24755e-05

0.00300293 1.23271e-05
0.00302734 1.41296e-05

0.00302734 1.29133e-05
0.00305176 1.39159e-05

0.00305176 1.34623e-05
0.00307617 1.44736e-05

0.00307617 1.38445e-05
0.00310059 1.45181e-05

0.00310059 1.40859e-05
0.003125 1.48951e-05

0.00175781 0.00287944
0.0015768 0.00292969

0.0015625 0.00293374
0.0015771 0.00292969

0.00175781 0.00287995
0.00195312 0.00281701

0.00234375 0.00265921
0.00217175 0.00273438

0.00195312 0.00281735
0.00214844 0.002744

0.00214844 0.0027436
0.00216955 0.00273438

0.00292969 0.00231114
0.00288455 0.00234375

0.00302734 0.00223404
0.00301224 0.00224609

0.00297852 0.00227154
0.00294861 0.00229492

0.00292969 0.00231007
0.00294931 0.00229492

0.00300293 0.00225243
0.00298008 0.00227051

0.00297852 0.0022724
0.00298086 0.00227051

0.00300293 0.00224796
0.00300535 0.00224609

0.00307617 0.00218896
0.00306667 0.00219727

0.00302734 0.00223311
0.00306962 0.00219727

0.00307617 0.00219124
0.00312423 0.00214844

0.00244141 0.00261144
0.00238952 0.00263672

0.00234375 0.00265749
0.00238638 0.00263672

0.00244141 0.00261095
0.00253906 0.00255982

0.00273438 0.00244675
0.00257821 0.00253906

0.00253906 0.00255919
0.00257368 0.00253906

0.00283203 0.0023802
0.00274025 0.00244141

0.00273438 0.00244462
0.00273939 0.00244141

0.00283203 0.00237957
0.00288192 0.00234375

0.003125 1.43343e-05
0.00314941 1.53096e-05

0.00314941 1.47482e-05
0.00317383 1.58151e-05

0.00317383 1.52275e-05
0.00319824 1.61965e-05

0.00319824 1.55905e-05
0.00322266 1.66351e-05

0.00322266 1.59512e-05
0.00324707 1.73145e-05

0.00324707 1.66282e-05
0.00327148 1.80817e-05

0.00327148 1.72382e-05
0.0032959 1.87799e-05

0.0032959 1.83121e-05
0.00332031 1.94394e-05

0.00332031 1.86653e-05
0.00334473 1.96074e-05

0.00334473 1.98123e-05
0.00336914 1.98235e-05

0.00336914 1.33558e-05
0.00339249 2.44141e-05

0.00339127 2.44141e-05
0.00339355 2.53133e-05

0.00339355 2.76429e-05
0.00341771 4.88281e-05

0.00341714 4.88281e-05
0.00341797 4.96287e-05

0.00341797 4.97516e-05
0.00344134 7.32422e-05

0.00344141 7.32422e-05
0.00344238 7.42527e-05

0.00344238 7.44589e-05
0.00346398 9.76563e-05

0.00346447 9.76563e-05
0.0034668 0.000100268

0.0034668 0.000100958
0.0034853 0.00012207

0.00348511 0.00012207
0.00349121 0.000129361

0.00349121 0.000129038
0.00350557 0.000146484

0.00350581 0.000146484
0.00351563 0.000159314

0.00351563 0.000159707
0.00354246 0.000195313

0.00354262 0.000195313
0.00356445 0.000227999

0.00356445 0.000228825
0.00357448 0.000244141

0.00357492 0.000244141
0.0036038 0.000292969

0.00360458 0.000292969
0.00361328 0.000310466

0.00361328 0.000312002
0.00362885 0.000341797

0.00362908 0.000341797
0.00365172 0.000390625

0.00365238 0.000390625
0.00368986 0.000488281

0.00368969 0.000488281
0.00371094 0.000563298

0.00371094 0.000565231
0.0037168 0.000585938

0.00371702 0.000585937
0.00373587 0.000683594

0.00373551 0.000683594
0.0037467 0.00078125

0.00374868 0.00078125
0.0037493 0.000976562

0.003749 0.000976562
0.00372106 0.00117188

0.00371094 0.00120863
0.00366539 0.00136719

0.00366543 0.00136719
0.00358022 0.0015625

0.00371094 0.00120378
0.00371888 0.00117187

0.00332031 0.00194472
0.0033133 0.00195312

0.00351563 0.00167525
0.00346368 0.00175781

0.00341797 0.00182253
0.00339449 0.00185547

0.00332031 0.00194662
0.00339404 0.00185547

0.00346284 0.00175781
0.00342882 0.00180664

0.00341797 0.00181817
0.0034261 0.00180664

0.00322266 0.00205384
0.00312528 0.00214844

0.00331515 0.00195313
0.00322573 0.00205078

0.00322266 0.00205486
0.00322662 0.00205078

0.003125 0.00214867
0.00312525 0.00214844

0.00357816 0.0015625
0.00352443 0.00166016

0.00351563 0.0016714
0.00352247 0.00166016

