7.17677e-05 0
7.32422e-05 4.33664e-06

7.33125e-05 0
9.57968e-05 2.44141e-05

9.76563e-05 1.44839e-05
0.00012207 1.58031e-05

0.00012207 1.4482e-05
0.000146484 1.37935e-05

0.000146484 1.45188e-05
0.000170898 1.46775e-05

0.000170898 1.40364e-05
0.000195313 1.44887e-05

0.000195313 1.50291e-05
0.000219727 1.48845e-05

0.000219727 1.44992e-05
0.000244141 1.37957e-05

0.000244141 1.40953e-05
0.000268555 1.47107e-05

0.000268555 1.47207e-05
0.000292969 1.4542e-05

0.000292969 1.47001e-05
0.000317383 1.38233e-05

0.000317383 1.40398e-05
0.000341797 1.38556e-05

0.000341797 1.40763e-05
0.000366211 1.4164e-05

0.000366211 1.41815e-05
0.000390625 1.38485e-05

0.000390625 1.4023e-05
0.000415039 1.37079e-05

0.000415039 1.38707e-05
0.000439453 1.36816e-05

0.000439453 1.38163e-05
0.000463867 1.36298e-05

0.000463867 1.37605e-05
0.000488281 1.35123e-05

0.000488281 1.36336e-05
0.000512695 1.34429e-05

0.000512695 1.35872e-05
0.000537109 1.34034e-05

0.000537109 1.34991e-05
0.000561523 1.33068e-05

0.000561523 1.33263e-05
0.000585937 1.33825e-05

0.000585938 1.35067e-05
0.000610352 1.33815e-05

0.000610352 1.3468e-05
0.000634766 1.30578e-05

0.000634766 1.31626e-05
0.00065918 1.31306e-05

0.00065918 1.3153e-05
0.000683594 1.33266e-05

0.000683594 1.33431e-05
0.000708008 1.32009e-05

0.000708008 1.31675e-05
0.000732422 1.31067e-05

0.000732422 1.30308e-05
0.000756836 1.34256e-05

0.000756836 1.33351e-05
0.00078125 1.35105e-05

0.00078125 1.34267e-05
0.000805664 1.32857e-05

0.000805664 1.32656e-05
0.000830078 1.33741e-05

0.000830078 1.32298e-05
0.000854492 1.36408e-05

0.000854492 1.35294e-05
0.000878906 1.37142e-05

0.000878906 1.35233e-05
0.00090332 1.3621e-05

0.00090332 1.35981e-05
0.000927734 1.37909e-05

0.000927734 1.36222e-05
0.000952148 1.381e-05

0.000952148 1.37021e-05
0.000976562 1.39688e-05

0.000976562 1.38171e-05
0.00100098 1.40178e-05

0.00100098 1.38181e-05
0.00102539 1.41577e-05

0.00102539 1.40362e-05
0.0010498 1.43188e-05

0.0010498 1.40561e-05
0.00107422 1.4356e-05

0.00107422 1.41921e-05
0.00109863 1.46296e-05

0.00109863 1.43905e-05
0.00112305 1.47094e-05

0.00112305 1.44578e-05
0.00114746 1.48707e-05

0.00114746 1.46732e-05
0.00117187 1.50892e-05

0.00117188 1.47729e-05
0.00119629 1.52307e-05

0.00119629 1.52738e-05
0.0012207 1.52404e-05

0.0012207 1.48015e-05
0.00124512 1.51467e-05

0.00124512 1.53348e-05
0.00126953 1.5752e-05

0.00126953 1.54458e-05
0.00129395 1.52019e-05

0.00129395 1.55673e-05
0.00131836 1.51098e-05

0.00131836 1.4631e-05
0.00134277 1.52553e-05

0.00134277 1.66897e-05
0.00136719 1.50288e-05

0.0013916 3.24318e-07
0.00136964 2.44141e-05

0.0013916 3.77866e-06
0.00139288 0

0.00146288 0
0.00146484 5.68652e-06

0.00146484 5.06503e-06
0.00148399 2.44141e-05

0.00148374 2.44141e-05
0.00148926 2.63468e-05

0.00148926 1.71461e-05
0.00151367 1.74899e-05

0.00149837 2.44141e-05
0.00151367 2.44716e-05

0.00151367 1.72658e-05
0.00153809 1.71687e-05

0.00152435 2.44141e-05
0.00153809 2.44577e-05

0.0015625 5.76992e-06
0.00154351 2.44141e-05

0.00153809 2.62691e-05
0.00154346 2.44141e-05

0 0.00312212
0.000390625 0.00311111

0.000390625 0.00311139
0.00078125 0.00307777

0.00078125 0.0030784
0.00117187 0.00302032

0.00117188 0.00302137
0.0015625 0.00293546

0.0015625 7.09326e-06
0.00156502 0

0.00165636 0
0.00166016 9.25464e-06

0.00166016 1.0369e-05
0.00167547 2.44141e-05

0.00167468 2.44141e-05
0.00168457 2.79847e-05

0.00168457 1.81733e-05
0.00170898 1.84712e-05

0.00169563 2.44141e-05
0.00170898 2.44986e-05

0.0017334 1.11476e-05
0.00171825 2.44141e-05

0.00170898 2.79868e-05
0.00171917 2.44141e-05

0.0017334 1.18396e-05
0.00173844 0

0.00180019 0
0.00180664 1.43523e-05

0.00180664 9.35837e-06
0.00183105 1.24345e-05

0.00183105 6.0071e-06
0.00185547 2.69929e-08

0.00185547 1.08261e-08
0.00187988 1.7581e-05

0.00187988 9.43975e-06
0.0019043 1.15071e-05

0.0019043 9.41207e-06
0.00192871 1.04185e-05

0.00192871 9.90699e-06
0.00195312 1.2176e-05

0.00195312 9.52959e-06
0.00197754 1.29809e-05

0.00197754 1.3602e-05
0.00200195 1.28916e-05

0.00200195 1.52701e-05
0.00202637 6.29892e-06

0.00202637 6.79198e-06
0.00205078 9.2123e-06

0.00205078 9.59918e-06
0.0020752 1.4538e-05

0.0020752 9.91125e-06
0.00209961 1.18981e-05

0.00209961 1.34028e-05
0.00212402 1.32966e-05

0.00212402 1.30506e-05
0.00214844 8.61835e-06

0.00214844 8.21605e-06
0.00217285 1.29635e-05

0.00217285 1.37721e-05
0.00219727 1.38365e-05

0.00219727 1.31863e-05
0.00222168 8.07906e-06

0.00222168 7.96569e-06
0.00224609 1.32712e-05

0.00224609 1.39544e-05
0.00227051 1.39494e-05

0.00227051 1.38105e-05
0.00229492 7.41976e-06

0.00229492 8.14924e-06
0.00231934 1.18683e-05

0.00231934 1.06202e-05
0.00234375 1.50231e-05

0.00234375 1.50621e-05
0.00236816 1.07963e-05

0.00236816 1.2506e-05
0.00239258 7.4682e-06

0.00239258 7.47612e-06
0.00241699 1.2483e-05

0.00241699 1.07124e-05
0.00244141 1.51222e-05

0.00244141 1.51191e-05
0.00246582 1.07077e-05

0.00246582 1.24694e-05
0.00249023 7.49554e-06

0.00249023 7.49653e-06
0.00251465 1.25064e-05

0.00251465 1.0736e-05
0.00253906 1.50981e-05

0.00253906 1.50917e-05
0.00256348 1.07169e-05

0.00256348 1.24361e-05
0.00258789 7.57656e-06

0.00258789 7.56929e-06
0.0026123 1.25373e-05

0.0026123 1.08646e-05
0.00263672 1.49866e-05

0.00263672 1.49281e-05
0.00266113 1.06599e-05

0.00266113 1.1897e-05
0.00268555 8.28904e-06

0.00268555 7.50268e-06
0.00270996 1.37872e-05

0.00270996 1.39011e-05
0.00273438 1.40707e-05

0.00273437 1.38316e-05
0.00275879 7.68702e-06

0.00275879 8.45698e-06
0.0027832 1.18537e-05

0.0027832 1.07938e-05
0.00280762 1.47933e-05

0.00280762 1.47934e-05
0.00283203 1.08195e-05

0.00283203 1.19628e-05
0.00285645 8.3543e-06

0.00285645 7.59176e-06
0.00288086 1.37079e-05

0.00288086 1.384e-05
0.00290527 1.40608e-05

0.00290527 1.37112e-05
0.00292969 7.88603e-06

0.00292969 8.67572e-06
0.0029541 1.19316e-05

0.0029541 1.13587e-05
0.00297852 1.41655e-05

0.00297852 1.1856e-05
0.00300293 1.2428e-05

0.00300293 1.23226e-05
0.00302734 1.39857e-05

0.00302734 1.2825e-05
0.00305176 1.381e-05

0.00305176 1.33015e-05
0.00307617 1.44502e-05

0.00307617 1.36967e-05
0.00310059 1.46713e-05

0.00310059 1.41107e-05
0.003125 1.51545e-05

0.00175781 0.00287946
0.00157687 0.00292969

0.0015625 0.00293376
0.00157718 0.00292969

0.00175781 0.00287997
0.00195312 0.00281702

0.00234375 0.00265921
0.00217176 0.00273438

0.00195312 0.00281736
0.00214844 0.002744

0.00214844 0.00274361
0.00216957 0.00273438

0.00292969 0.00231114
0.00288455 0.00234375

0.00302734 0.00223403
0.00301222 0.00224609

0.00297852 0.00227152
0.0029486 0.00229492

0.00292969 0.00231007
0.0029493 0.00229492

0.00300293 0.00225242
0.00298007 0.00227051

0.00297852 0.00227238
0.00298084 0.00227051

0.00300293 0.00224797
0.00300535 0.00224609

0.00307617 0.00218893
0.00306663 0.00219727

0.00302734 0.00223311
0.00306962 0.00219727

0.00307617 0.00219124
0.00312422 0.00214844

0.00244141 0.00261144
0.00238952 0.00263672

0.00234375 0.00265749
0.00238638 0.00263672

0.00244141 0.00261095
0.00253906 0.00255981

0.00273438 0.00244674
0.0025782 0.00253906

0.00253906 0.00255919
0.00257367 0.00253906

0.00283203 0.00238019
0.00274024 0.00244141

0.00273438 0.00244461
0.00273938 0.00244141

0.00283203 0.00237955
0.00288189 0.00234375

0.003125 1.45424e-05
0.00314941 1.54922e-05

0.00314941 1.49411e-05
0.00317383 1.58823e-05

0.00317383 1.53499e-05
0.00319824 1.62691e-05

0.00319824 1.57792e-05
0.00322266 1.66316e-05

0.00322266 1.59577e-05
0.00324707 1.71691e-05

0.00324707 1.67213e-05
0.00327148 1.78937e-05

0.00327148 1.7036e-05
0.0032959 1.82948e-05

0.0032959 1.85186e-05
0.00332031 1.85428e-05

0.00332031 1.71365e-05
0.00334473 1.82422e-05

0.00334473 1.85673e-05
0.00336914 2.07056e-05

0.00336914 1.43118e-05
0.00339141 2.44141e-05

0.00339115 2.44141e-05
0.00339355 2.52766e-05

0.00339355 2.65756e-05
0.00341797 4.74407e-05

0.00341772 4.88281e-05
0.00341797 4.9077e-05

0.00341797 4.8091e-05
0.0034187 4.88281e-05

0.00341797 4.90278e-05
0.00344146 7.32422e-05

0.00344168 7.32422e-05
0.00344238 7.39859e-05

0.00344238 7.42157e-05
0.00346403 9.76563e-05

0.00346457 9.76563e-05
0.0034668 0.000100163

0.0034668 0.000100567
0.00350576 0.000146484

0.0035058 0.000146484
0.00351563 0.000159359

0.00351563 0.000159782
0.00354236 0.000195313

0.00354254 0.000195313
0.00356445 0.000228155

0.00356445 0.000229095
0.00357429 0.000244141

0.00357479 0.000244141
0.00360365 0.000292969

0.00360443 0.000292969
0.00361328 0.000310773

0.00361328 0.000312271
0.00362871 0.000341797

0.00362894 0.000341797
0.00365159 0.000390625

0.00365225 0.000390625
0.00368975 0.000488281

0.00368958 0.000488281
0.00371094 0.000563631

0.00371094 0.00056559
0.00371671 0.000585938

0.00371693 0.000585937
0.0037358 0.000683594

0.00373543 0.000683594
0.00374664 0.00078125

0.00374862 0.00078125
0.00374926 0.000976562

0.00374895 0.000976562
0.00372101 0.00117188

0.00371094 0.00120848
0.00366535 0.00136719

0.00366539 0.00136719
0.00358018 0.0015625

0.00371094 0.00120358
0.00371883 0.00117187

0.00332031 0.00194466
0.00331325 0.00195312

0.00351563 0.00167519
0.00346365 0.00175781

0.00341797 0.0018225
0.00339446 0.00185547

0.00332031 0.00194658
0.00339401 0.00185547

0.0034628 0.00175781
0.00342878 0.00180664

0.00341797 0.00181806
0.00342601 0.00180664

0.00322266 0.00205382
0.00312528 0.00214844

0.00331512 0.00195313
0.00322571 0.00205078

0.00322266 0.00205486
0.00322662 0.00205078

0.003125 0.00214865
0.00312523 0.00214844

0.00357812 0.0015625
0.00352439 0.00166016

0.00351563 0.00167131
0.00352241 0.00166016

