7.18129e-05 0
7.32422e-05 4.20998e-06

7.32422e-05 1.99306e-07
9.57381e-05 2.44141e-05

9.73362e-05 2.44141e-05
9.76563e-05 2.45289e-05

9.76563e-05 1.45096e-05
0.00012207 1.56867e-05

0.00012207 1.45279e-05
0.000146484 1.38411e-05

0.000146484 1.45793e-05
0.000170898 1.45289e-05

0.000170898 1.39094e-05
0.000195313 1.43806e-05

0.000195313 1.45192e-05
0.000219727 1.53322e-05

0.000219727 1.51689e-05
0.000244141 1.44262e-05

0.000244141 1.47213e-05
0.000268555 1.39366e-05

0.000268555 1.41678e-05
0.000292969 1.41924e-05

0.000292969 1.42552e-05
0.000317383 1.4441e-05

0.000317383 1.45541e-05
0.000341797 1.40962e-05

0.000341797 1.4344e-05
0.000366211 1.36396e-05

0.000366211 1.38265e-05
0.000390625 1.37448e-05

0.000390625 1.39489e-05
0.000415039 1.39109e-05

0.000415039 1.39271e-05
0.000439453 1.35866e-05

0.000439453 1.37488e-05
0.000463867 1.35985e-05

0.000463867 1.37231e-05
0.000488281 1.35661e-05

0.000488281 1.36583e-05
0.000512695 1.34552e-05

0.000512695 1.36048e-05
0.000537109 1.33836e-05

0.000537109 1.34721e-05
0.000561523 1.33156e-05

0.000561523 1.34293e-05
0.000585937 1.33298e-05

0.000585938 1.33904e-05
0.000610352 1.3252e-05

0.000610352 1.33155e-05
0.000634766 1.32422e-05

0.000634766 1.32686e-05
0.00065918 1.32674e-05

0.00065918 1.34012e-05
0.000683594 1.31546e-05

0.000683594 1.317e-05
0.000708008 1.30095e-05

0.000708008 1.29944e-05
0.000732422 1.33308e-05

0.000732422 1.31868e-05
0.000756836 1.34773e-05

0.000756836 1.33556e-05
0.00078125 1.33917e-05

0.00078125 1.33544e-05
0.000805664 1.33623e-05

0.000805664 1.33043e-05
0.000830078 1.34546e-05

0.000830078 1.33628e-05
0.000854492 1.35738e-05

0.000854492 1.34524e-05
0.000878906 1.36167e-05

0.000878906 1.34881e-05
0.00090332 1.36913e-05

0.00090332 1.35872e-05
0.000927734 1.37837e-05

0.000927734 1.36524e-05
0.000952148 1.38205e-05

0.000952148 1.36678e-05
0.000976562 1.39554e-05

0.000976562 1.38316e-05
0.00100098 1.40756e-05

0.00100098 1.38394e-05
0.00102539 1.41551e-05

0.00102539 1.40385e-05
0.0010498 1.43525e-05

0.0010498 1.40551e-05
0.00107422 1.4425e-05

0.00107422 1.42324e-05
0.00109863 1.47361e-05

0.00109863 1.46175e-05
0.00112305 1.46583e-05

0.00112305 1.43652e-05
0.00114746 1.46682e-05

0.00114746 1.42373e-05
0.00117187 1.5523e-05

0.00117188 1.56495e-05
0.00119629 1.54848e-05

0.00119629 1.50941e-05
0.0012207 1.4393e-05

0.0012207 1.42413e-05
0.00124512 1.57434e-05

0.00124512 1.59703e-05
0.00126953 1.60073e-05

0.00126953 1.54621e-05
0.00129395 1.45852e-05

0.00129395 1.53992e-05
0.00131836 1.51107e-05

0.00131836 1.46095e-05
0.00134277 1.49626e-05

0.00134277 1.62273e-05
0.00136719 1.48649e-05

0.0013916 7.1694e-07
0.00136948 2.44141e-05

0.0013916 4.88473e-06
0.00139327 0

0.00146277 0
0.00146484 6.08978e-06

0.00146484 4.34056e-06
0.00148416 2.44141e-05

0.00148516 2.44141e-05
0.00148926 2.58928e-05

0.00148926 1.76199e-05
0.00151367 1.80968e-05

0.00151367 1.72788e-05
0.00153809 1.66475e-05

0.0015625 5.9735e-06
0.00154343 2.44141e-05

0.00153809 2.60611e-05
0.00154294 2.44141e-05

0 0.00312216
0.000390625 0.00311114

0.000390625 0.00311143
0.00078125 0.0030778

0.00078125 0.00307843
0.00117187 0.00302034

0.00117188 0.00302139
0.0015625 0.00293546

0.0015625 7.26003e-06
0.00156509 0

0.00165638 0
0.00166016 9.23272e-06

0.00166016 1.0351e-05
0.00167547 2.44141e-05

0.00167467 2.44141e-05
0.00168457 2.7991e-05

0.00168457 1.81907e-05
0.00170898 1.84926e-05

0.00169565 2.44141e-05
0.00170898 2.44995e-05

0.0017334 1.11413e-05
0.00171825 2.44141e-05

0.00170898 2.79912e-05
0.00171917 2.44141e-05

0.0017334 1.18568e-05
0.00173844 0

0.00180039 0
0.00180664 1.41197e-05

0.00180664 9.33675e-06
0.00183105 1.26502e-05

0.00183105 6.1288e-06
0.00185513 0

0.00185547 3.01338e-08
0.00187988 1.7572e-05

0.00187988 9.43927e-06
0.0019043 1.14991e-05

0.0019043 9.4097e-06
0.00192871 1.04229e-05

0.00192871 9.90746e-06
0.00195312 1.21747e-05

0.00195312 9.52982e-06
0.00197754 1.29808e-05

0.00197754 1.36007e-05
0.00200195 1.28914e-05

0.00200195 1.52722e-05
0.00202637 6.29839e-06

0.00202637 6.78472e-06
0.00205078 9.21534e-06

0.00205078 9.61247e-06
0.0020752 1.45374e-05

0.0020752 9.90534e-06
0.00209961 1.18835e-05

0.00209961 1.33889e-05
0.00212402 1.33113e-05

0.00212402 1.30663e-05
0.00214844 8.61993e-06

0.00214844 8.21694e-06
0.00217285 1.29446e-05

0.00217285 1.37548e-05
0.00219727 1.38447e-05

0.00219727 1.31392e-05
0.00222168 8.14228e-06

0.00222168 8.03857e-06
0.00224609 1.33171e-05

0.00224609 1.40431e-05
0.00227051 1.38615e-05

0.00227051 1.37568e-05
0.00229492 7.35524e-06

0.00229492 8.09797e-06
0.00231934 1.19269e-05

0.00231934 1.06266e-05
0.00234375 1.50238e-05

0.00234375 1.50653e-05
0.00236816 1.07942e-05

0.00236816 1.25038e-05
0.00239258 7.47005e-06

0.00239258 7.47862e-06
0.00241699 1.24859e-05

0.00241699 1.07161e-05
0.00244141 1.51194e-05

0.00244141 1.51157e-05
0.00246582 1.0708e-05

0.00246582 1.24685e-05
0.00249023 7.50232e-06

0.00249023 7.50305e-06
0.00251465 1.25048e-05

0.00251465 1.07374e-05
0.00253906 1.50941e-05

0.00253906 1.50887e-05
0.00256348 1.07175e-05

0.00256348 1.24397e-05
0.00258789 7.57533e-06

0.00258789 7.56573e-06
0.0026123 1.25331e-05

0.0026123 1.08609e-05
0.00263672 1.49911e-05

0.00263672 1.49323e-05
0.00266113 1.06585e-05

0.00266113 1.18928e-05
0.00268555 8.28668e-06

0.00268555 7.5027e-06
0.00270996 1.37926e-05

0.00270996 1.3905e-05
0.00273438 1.40673e-05

0.00273437 1.38323e-05
0.00275879 7.68178e-06

0.00275879 8.45063e-06
0.0027832 1.18543e-05

0.0027832 1.07974e-05
0.00280762 1.47929e-05

0.00280762 1.47974e-05
0.00283203 1.08037e-05

0.00283203 1.18768e-05
0.00285645 8.41956e-06

0.00285645 7.66504e-06
0.00288086 1.37984e-05

0.00288086 1.39979e-05
0.00290527 1.39316e-05

0.00290527 1.37051e-05
0.00292969 7.66906e-06

0.00292969 8.42211e-06
0.0029541 1.19998e-05

0.0029541 1.13323e-05
0.00297852 1.43348e-05

0.00297852 1.19051e-05
0.00300293 1.2457e-05

0.00300293 1.23881e-05
0.00302734 1.40388e-05

0.00302734 1.28686e-05
0.00305176 1.38355e-05

0.00305176 1.33384e-05
0.00307617 1.45101e-05

0.00307617 1.37686e-05
0.00310059 1.47094e-05

0.00310059 1.41754e-05
0.003125 1.5139e-05

0.00175781 0.00287946
0.0015769 0.00292969

0.0015625 0.00293377
0.0015772 0.00292969

0.00175781 0.00287997
0.00195312 0.00281701

0.00234375 0.00265919
0.00217173 0.00273438

0.00195312 0.00281735
0.00214844 0.00274399

0.00214844 0.0027436
0.00216954 0.00273438

0.00292969 0.00231112
0.00288451 0.00234375

0.003125 0.00214828
0.00312483 0.00214844

0.00302734 0.00223398
0.00301216 0.00224609

0.00297852 0.00227148
0.00294855 0.00229492

0.00292969 0.00231004
0.00294926 0.00229492

0.00300293 0.00225239
0.00298002 0.00227051

0.00297852 0.00227235
0.0029808 0.00227051

0.00300293 0.00224791
0.00300528 0.00224609

0.00307617 0.00218888
0.00306657 0.00219727

0.00302734 0.00223308
0.00306958 0.00219727

0.00307617 0.0021912
0.00312417 0.00214844

0.00244141 0.00261142
0.00238948 0.00263672

0.00234375 0.00265747
0.00238633 0.00263672

0.00244141 0.00261093
0.00253906 0.00255979

0.00273438 0.00244671
0.00257816 0.00253906

0.00253906 0.00255916
0.00257362 0.00253906

0.00283203 0.00238016
0.00274019 0.00244141

0.00273438 0.00244458
0.00273932 0.00244141

0.00283203 0.00237951
0.00288184 0.00234375

0.003125 1.45371e-05
0.00314941 1.54818e-05

0.00314941 1.49668e-05
0.00317383 1.5898e-05

0.00317383 1.54192e-05
0.00319824 1.61678e-05

0.00319824 1.56884e-05
0.00322266 1.64663e-05

0.00322266 1.59488e-05
0.00324707 1.70068e-05

0.00324707 1.64283e-05
0.00327148 1.76351e-05

0.00327148 1.69927e-05
0.0032959 1.82083e-05

0.0032959 1.76973e-05
0.00332031 1.87041e-05

0.00332031 1.78584e-05
0.00334473 1.93384e-05

0.00334473 1.95115e-05
0.00336914 1.98499e-05

0.00336914 1.3354e-05
0.00339334 2.44141e-05

0.00339238 2.44141e-05
0.00339355 2.48499e-05

0.00339355 2.65885e-05
0.00341797 4.79309e-05

0.00341767 4.88281e-05
0.00341797 4.91292e-05

0.00341797 4.91828e-05
0.00344154 7.32422e-05

0.00344176 7.32422e-05
0.00344238 7.38908e-05

0.00344238 7.40782e-05
0.00346431 9.76563e-05

0.00346487 9.76563e-05
0.0034668 9.98131e-05

0.0034668 0.000100564
0.00348561 0.00012207

0.00348539 0.00012207
0.00349121 0.000129036

0.00349121 0.000128717
0.00350581 0.000146484

0.00350606 0.000146484
0.00351563 0.000159013

0.00351563 0.000159426
0.0035426 0.000195313

0.00354278 0.000195313
0.00356445 0.000227836

0.00356445 0.000228835
0.00357446 0.000244141

0.00357497 0.000244141
0.00360379 0.000292969

0.00360456 0.000292969
0.00361328 0.000310533

0.00361328 0.000312027
0.00362882 0.000341797

0.00362904 0.000341797
0.00365165 0.000390625

0.00365232 0.000390625
0.00368977 0.000488281

0.00368959 0.000488281
0.00371094 0.000563656

0.00371094 0.000565587
0.0037167 0.000585938

0.00371692 0.000585937
0.00373578 0.000683594

0.00373541 0.000683594
0.00374661 0.00078125

0.00374859 0.00078125
0.00374921 0.000976562

0.00374891 0.000976562
0.00372096 0.00117188

0.00371094 0.00120829
0.00366529 0.00136719

0.00366533 0.00136719
0.00358011 0.0015625

0.00371094 0.00120332
0.00371877 0.00117187

0.00332031 0.00194456
0.00331317 0.00195312

0.00351563 0.00167509
0.00346358 0.00175781

0.00341797 0.00182243
0.00339441 0.00185547

0.00332031 0.00194652
0.00339395 0.00185547

0.00346273 0.00175781
0.00342872 0.00180664

0.00341797 0.0018179
0.0034259 0.00180664

0.00322266 0.00205377
0.00312523 0.00214844

0.00331506 0.00195313
0.00322565 0.00205078

0.00322266 0.00205484
0.0032266 0.00205078

0.003125 0.00214859
0.00312517 0.00214844

0.00357805 0.0015625
0.00352432 0.00166016

0.00351563 0.00167118
0.00352233 0.00166016

