7.183e-05 0
7.32422e-05 4.16219e-06

7.32422e-05 6.09316e-07
9.56318e-05 2.44141e-05

9.76563e-05 1.47687e-05
0.00012207 1.53768e-05

0.00012207 1.41131e-05
0.000146484 1.38411e-05

0.000146484 1.47658e-05
0.000170898 1.49497e-05

0.000170898 1.41153e-05
0.000195313 1.41293e-05

0.000195313 1.44619e-05
0.000219727 1.52758e-05

0.000219727 1.51425e-05
0.000244141 1.44052e-05

0.000244141 1.46748e-05
0.000268555 1.38812e-05

0.000268555 1.41545e-05
0.000292969 1.41475e-05

0.000292969 1.41899e-05
0.000317383 1.43552e-05

0.000317383 1.4443e-05
0.000341797 1.41162e-05

0.000341797 1.42093e-05
0.000366211 1.38284e-05

0.000366211 1.41231e-05
0.000390625 1.38504e-05

0.000390625 1.39342e-05
0.000415039 1.36881e-05

0.000415039 1.39189e-05
0.000439453 1.36822e-05

0.000439453 1.37353e-05
0.000463867 1.35312e-05

0.000463867 1.36792e-05
0.000488281 1.36169e-05

0.000488281 1.37306e-05
0.000512695 1.34432e-05

0.000512695 1.35532e-05
0.000537109 1.33172e-05

0.000537109 1.34689e-05
0.000561523 1.33578e-05

0.000561523 1.34234e-05
0.000585937 1.32844e-05

0.000585938 1.33865e-05
0.000610352 1.32374e-05

0.000610352 1.32291e-05
0.000634766 1.3262e-05

0.000634766 1.33361e-05
0.00065918 1.33355e-05

0.00065918 1.33993e-05
0.000683594 1.30908e-05

0.000683594 1.31607e-05
0.000708008 1.3065e-05

0.000708008 1.3009e-05
0.000732422 1.33437e-05

0.000732422 1.32043e-05
0.000756836 1.35042e-05

0.000756836 1.34502e-05
0.00078125 1.33388e-05

0.00078125 1.32923e-05
0.000805664 1.32537e-05

0.000805664 1.3131e-05
0.000830078 1.36017e-05

0.000830078 1.35367e-05
0.000854492 1.36985e-05

0.000854492 1.35092e-05
0.000878906 1.34624e-05

0.000878906 1.34514e-05
0.00090332 1.37146e-05

0.00090332 1.35958e-05
0.000927734 1.37662e-05

0.000927734 1.36021e-05
0.000952148 1.38183e-05

0.000952148 1.36864e-05
0.000976562 1.4e-05

0.000976562 1.3801e-05
0.00100098 1.40933e-05

0.00100098 1.3904e-05
0.00102539 1.42277e-05

0.00102539 1.40105e-05
0.0010498 1.43812e-05

0.0010498 1.4232e-05
0.00107422 1.44749e-05

0.00107422 1.42317e-05
0.00109863 1.454e-05

0.00109863 1.44392e-05
0.00112305 1.47537e-05

0.00112305 1.44687e-05
0.00114746 1.48028e-05

0.00114746 1.47121e-05
0.00117187 1.50166e-05

0.00117188 1.46272e-05
0.00119629 1.51369e-05

0.00119629 1.51338e-05
0.0012207 1.54287e-05

0.0012207 1.51697e-05
0.00124512 1.50823e-05

0.00124512 1.49159e-05
0.00126953 1.55016e-05

0.00126953 1.54765e-05
0.00129395 1.57537e-05

0.00129395 1.6012e-05
0.00131836 1.48738e-05

0.00131836 1.47848e-05
0.00134277 1.45443e-05

0.00134277 1.56337e-05
0.00136719 1.48581e-05

0.0013916 1.42435e-06
0.00136956 2.44141e-05

0.0013916 4.4082e-06
0.0013931 0

0.00146292 0
0.00146484 5.65509e-06

0.00146484 4.43679e-06
0.00148417 2.44141e-05

0.00148483 2.44141e-05
0.00148926 2.59938e-05

0.00148926 1.73228e-05
0.00151367 1.79908e-05

0.00151367 1.74108e-05
0.00153809 1.69528e-05

0.0015625 5.80252e-06
0.00154348 2.44141e-05

0.00153809 2.61529e-05
0.00154314 2.44141e-05

0 0.00312217
0.000390625 0.00311115

0.000390625 0.00311144
0.00078125 0.0030778

0.00078125 0.00307844
0.00117187 0.00302035

0.00117188 0.0030214
0.0015625 0.00293547

0.0015625 7.1575e-06
0.00156504 0

0.00165639 0
0.00166016 9.19723e-06

0.00166016 1.03333e-05
0.00167547 2.44141e-05

0.00167469 2.44141e-05
0.00168457 2.79874e-05

0.00168457 1.81932e-05
0.00170898 1.8502e-05

0.00169576 2.44141e-05
0.00170898 2.45011e-05

0.0017334 1.11365e-05
0.00171825 2.44141e-05

0.00170898 2.79954e-05
0.00171918 2.44141e-05

0.0017334 1.18665e-05
0.00173845 0

0.00180055 0
0.00180664 1.38791e-05

0.00180664 8.98604e-06
0.00183105 1.28906e-05

0.00183105 6.20026e-06
0.00185547 1.16159e-07

0.00185547 1.78302e-07
0.00187988 1.73737e-05

0.00187988 9.42104e-06
0.0019043 1.15412e-05

0.0019043 9.42872e-06
0.00192871 1.04195e-05

0.00192871 9.91251e-06
0.00195312 1.2169e-05

0.00195312 9.53144e-06
0.00197754 1.29825e-05

0.00197754 1.36004e-05
0.00200195 1.28915e-05

0.00200195 1.52765e-05
0.00202637 6.29791e-06

0.00202637 6.79931e-06
0.00205078 9.19472e-06

0.00205078 9.54644e-06
0.0020752 1.45685e-05

0.0020752 9.95281e-06
0.00209961 1.19465e-05

0.00209961 1.34644e-05
0.00212402 1.32257e-05

0.00212402 1.29353e-05
0.00214844 8.64841e-06

0.00214844 8.27252e-06
0.00217285 1.30791e-05

0.00217285 1.38953e-05
0.00219727 1.37195e-05

0.00219727 1.30543e-05
0.00222168 8.06288e-06

0.00222168 7.98938e-06
0.00224609 1.34071e-05

0.00224609 1.40677e-05
0.00227051 1.38414e-05

0.00227051 1.37479e-05
0.00229492 7.34476e-06

0.00229492 8.09333e-06
0.00231934 1.19366e-05

0.00231934 1.06271e-05
0.00234375 1.50202e-05

0.00234375 1.50645e-05
0.00236816 1.07946e-05

0.00236816 1.25025e-05
0.00239258 7.4702e-06

0.00239258 7.47856e-06
0.00241699 1.24874e-05

0.00241699 1.07169e-05
0.00244141 1.51194e-05

0.00244141 1.5116e-05
0.00246582 1.07085e-05

0.00246582 1.24688e-05
0.00249023 7.50295e-06

0.00249023 7.50382e-06
0.00251465 1.2505e-05

0.00251465 1.07376e-05
0.00253906 1.50942e-05

0.00253906 1.5089e-05
0.00256348 1.07181e-05

0.00256348 1.24373e-05
0.00258789 7.57821e-06

0.00258789 7.56925e-06
0.0026123 1.25361e-05

0.0026123 1.08633e-05
0.00263672 1.49896e-05

0.00263672 1.49319e-05
0.00266113 1.06611e-05

0.00266113 1.18955e-05
0.00268555 8.28826e-06

0.00268555 7.50453e-06
0.00270996 1.3791e-05

0.00270996 1.3905e-05
0.00273438 1.40677e-05

0.00273437 1.38373e-05
0.00275879 7.67766e-06

0.00275879 8.4466e-06
0.0027832 1.18481e-05

0.0027832 1.07921e-05
0.00280762 1.47954e-05

0.00280762 1.48008e-05
0.00283203 1.07996e-05

0.00283203 1.18711e-05
0.00285645 8.41338e-06

0.00285645 7.65726e-06
0.00288086 1.38061e-05

0.00288086 1.40101e-05
0.00290527 1.39264e-05

0.00290527 1.37038e-05
0.00292969 7.64671e-06

0.00292969 8.38243e-06
0.0029541 1.20247e-05

0.0029541 1.13396e-05
0.00297852 1.43813e-05

0.00297852 1.19346e-05
0.00300293 1.24698e-05

0.00300293 1.24206e-05
0.00302734 1.40383e-05

0.00302734 1.28748e-05
0.00305176 1.38273e-05

0.00305176 1.33326e-05
0.00307617 1.45272e-05

0.00307617 1.37865e-05
0.00310059 1.47249e-05

0.00310059 1.42247e-05
0.003125 1.50984e-05

0.00175781 0.00287946
0.00157692 0.00292969

0.0015625 0.00293377
0.00157722 0.00292969

0.00175781 0.00287997
0.00195312 0.00281702

0.00234375 0.00265919
0.00217173 0.00273438

0.00195312 0.00281736
0.00214844 0.00274399

0.00214844 0.0027436
0.00216954 0.00273438

0.00292969 0.00231112
0.00288452 0.00234375

0.003125 0.00214827
0.00312482 0.00214844

0.00302734 0.00223398
0.00301216 0.00224609

0.00297852 0.00227148
0.00294855 0.00229492

0.00292969 0.00231004
0.00294926 0.00229492

0.00300293 0.00225239
0.00298002 0.00227051

0.00297852 0.00227235
0.0029808 0.00227051

0.00300293 0.0022479
0.00300526 0.00224609

0.00307617 0.00218887
0.00306656 0.00219727

0.00302734 0.00223308
0.00306958 0.00219727

0.00307617 0.0021912
0.00312417 0.00214844

0.00244141 0.00261142
0.00238949 0.00263672

0.00234375 0.00265747
0.00238633 0.00263672

0.00244141 0.00261093
0.00253906 0.00255979

0.00273438 0.00244671
0.00257816 0.00253906

0.00253906 0.00255916
0.00257362 0.00253906

0.00283203 0.00238016
0.00274019 0.00244141

0.00273438 0.00244458
0.00273932 0.00244141

0.00283203 0.00237951
0.00288183 0.00234375

0.003125 1.45653e-05
0.00314941 1.53424e-05

0.00314941 1.4867e-05
0.00317383 1.57264e-05

0.00317383 1.52112e-05
0.00319824 1.61332e-05

0.00319824 1.55881e-05
0.00322266 1.65845e-05

0.00322266 1.59619e-05
0.00324707 1.71346e-05

0.00324707 1.64573e-05
0.00327148 1.78395e-05

0.00327148 1.71546e-05
0.0032959 1.85344e-05

0.0032959 1.77849e-05
0.00332031 1.91994e-05

0.00332031 1.84168e-05
0.00334473 2.01012e-05

0.00334473 2.01071e-05
0.00336914 2.02462e-05

0.00336914 1.40028e-05
0.00339272 2.44141e-05

0.00339172 2.44141e-05
0.00339355 2.50843e-05

0.00339355 2.70003e-05
0.00341797 4.79893e-05

0.00341773 4.88281e-05
0.00341797 4.90613e-05

0.00341797 4.8002e-05
0.00341881 4.88281e-05

0.00341797 4.90258e-05
0.00344184 7.32422e-05

0.00344186 7.32422e-05
0.00344238 7.37938e-05

0.00344238 7.39381e-05
0.00346432 9.76563e-05

0.00346486 9.76563e-05
0.0034668 9.9837e-05

0.0034668 0.000100258
0.00350601 0.000146484

0.00350603 0.000146484
0.00351563 0.000159054

0.00351563 0.000159496
0.00354256 0.000195313

0.00354276 0.000195313
0.00356445 0.000227836

0.00356445 0.00022888
0.00357444 0.000244141

0.00357497 0.000244141
0.00360382 0.000292969

0.0036046 0.000292969
0.00361328 0.000310447

0.00361328 0.000311954
0.00362887 0.000341797

0.00362909 0.000341797
0.00365171 0.000390625

0.00365237 0.000390625
0.00368983 0.000488281

0.00368966 0.000488281
0.00371094 0.00056344

0.00371094 0.000565354
0.00371677 0.000585938

0.00371698 0.000585937
0.00373582 0.000683594

0.00373546 0.000683594
0.00374665 0.00078125

0.00374863 0.00078125
0.00374924 0.000976562

0.00374894 0.000976562
0.00372098 0.00117188

0.00371094 0.00120835
0.0036653 0.00136719

0.00366534 0.00136719
0.00358012 0.0015625

0.00371094 0.0012034
0.00371879 0.00117187

0.00332031 0.00194455
0.00331316 0.00195312

0.00351563 0.0016751
0.00346359 0.00175781

0.00341797 0.00182244
0.00339442 0.00185547

0.00332031 0.00194652
0.00339395 0.00185547

0.00346274 0.00175781
0.00342872 0.00180664

0.00341797 0.00181789
0.00342589 0.00180664

0.00322266 0.00205377
0.00312523 0.00214844

0.00331506 0.00195313
0.00322565 0.00205078

0.00322266 0.00205485
0.00322661 0.00205078

0.003125 0.00214859
0.00312517 0.00214844

0.00357806 0.0015625
0.00352433 0.00166016

0.00351563 0.00167119
0.00352234 0.00166016

