7.16534e-05 0
7.32422e-05 4.66157e-06

7.32422e-05 4.55193e-07
9.57756e-05 2.44141e-05

9.71252e-05 2.44141e-05
9.76563e-05 2.46023e-05

9.76563e-05 1.44507e-05
0.00012207 1.5514e-05

0.00012207 1.44182e-05
0.000146484 1.3968e-05

0.000146484 1.46355e-05
0.000170898 1.46162e-05

0.000170898 1.4077e-05
0.000195313 1.42789e-05

0.000195313 1.44041e-05
0.000219727 1.5166e-05

0.000219727 1.51169e-05
0.000244141 1.44568e-05

0.000244141 1.46675e-05
0.000268555 1.3846e-05

0.000268555 1.40051e-05
0.000292969 1.42799e-05

0.000292969 1.43432e-05
0.000317383 1.4598e-05

0.000317383 1.47364e-05
0.000341797 1.39483e-05

0.000341797 1.41721e-05
0.000366211 1.35423e-05

0.000366211 1.38264e-05
0.000390625 1.38966e-05

0.000390625 1.39624e-05
0.000415039 1.38581e-05

0.000415039 1.39288e-05
0.000439453 1.36363e-05

0.000439453 1.38034e-05
0.000463867 1.35765e-05

0.000463867 1.3732e-05
0.000488281 1.34938e-05

0.000488281 1.35974e-05
0.000512695 1.34285e-05

0.000512695 1.35486e-05
0.000537109 1.34276e-05

0.000537109 1.35123e-05
0.000561523 1.33356e-05

0.000561523 1.34248e-05
0.000585937 1.32923e-05

0.000585938 1.33808e-05
0.000610352 1.32737e-05

0.000610352 1.32882e-05
0.000634766 1.32731e-05

0.000634766 1.33106e-05
0.00065918 1.3322e-05

0.00065918 1.34338e-05
0.000683594 1.31441e-05

0.000683594 1.32448e-05
0.000708008 1.29686e-05

0.000708008 1.2927e-05
0.000732422 1.32542e-05

0.000732422 1.31162e-05
0.000756836 1.35674e-05

0.000756836 1.34743e-05
0.00078125 1.33622e-05

0.00078125 1.33448e-05
0.000805664 1.31752e-05

0.000805664 1.30561e-05
0.000830078 1.35339e-05

0.000830078 1.33454e-05
0.000854492 1.3872e-05

0.000854492 1.3788e-05
0.000878906 1.35812e-05

0.000878906 1.35795e-05
0.00090332 1.33306e-05

0.00090332 1.31886e-05
0.000927734 1.3813e-05

0.000927734 1.35827e-05
0.000952148 1.42545e-05

0.000952148 1.41561e-05
0.000976562 1.38608e-05

0.000976562 1.37156e-05
0.00100098 1.36732e-05

0.00100098 1.35366e-05
0.00102539 1.44162e-05

0.00102539 1.41845e-05
0.0010498 1.45497e-05

0.0010498 1.42486e-05
0.00107422 1.42724e-05

0.00107422 1.43863e-05
0.00109863 1.4385e-05

0.00109863 1.41195e-05
0.00112305 1.43994e-05

0.00112305 1.40024e-05
0.00114746 1.52085e-05

0.00114746 1.50607e-05
0.00117187 1.53912e-05

0.00117188 1.50855e-05
0.00119629 1.46663e-05

0.00119629 1.46277e-05
0.0012207 1.51389e-05

0.0012207 1.46849e-05
0.00124512 1.59037e-05

0.00124512 1.61387e-05
0.00126953 1.56706e-05

0.00126953 1.52544e-05
0.00129395 1.45418e-05

0.00129395 1.54403e-05
0.00131836 1.51819e-05

0.00131836 1.4454e-05
0.00134277 1.49173e-05

0.00134277 1.61023e-05
0.00136719 1.52837e-05

0.0013916 1.16609e-06
0.00136976 2.44141e-05

0.0013916 4.39535e-06
0.00139309 0

0.00146311 0
0.00146484 5.10317e-06

0.00146484 4.71149e-06
0.00148406 2.44141e-05

0.00148364 2.44141e-05
0.00148926 2.63979e-05

0.00148926 1.72446e-05
0.00151367 1.75792e-05

0.00149754 2.44141e-05
0.00151367 2.44697e-05

0.00151367 1.71064e-05
0.00153809 1.69797e-05

0.00152339 2.44141e-05
0.00153809 2.44571e-05

0.0015625 5.94379e-06
0.00154351 2.44141e-05

0.00153809 2.62867e-05
0.00154357 2.44141e-05

0 0.00312218
0.000390625 0.00311116

0.000390625 0.00311145
0.00078125 0.00307781

0.00078125 0.00307845
0.00117187 0.00302035

0.00117188 0.0030214
0.0015625 0.00293547

0.0015625 7.14403e-06
0.00156504 0

0.00165636 0
0.00166016 9.26894e-06

0.00166016 1.03942e-05
0.00167545 2.44141e-05

0.00167468 2.44141e-05
0.00168457 2.79841e-05

0.00168457 1.81776e-05
0.00170898 1.84713e-05

0.00169556 2.44141e-05
0.00170898 2.44977e-05

0.0017334 1.11635e-05
0.00171826 2.44141e-05

0.00170898 2.79845e-05
0.00171916 2.44141e-05

0.0017334 1.18253e-05
0.00173843 0

0.00180013 0
0.00180664 1.44287e-05

0.00180664 9.38854e-06
0.00183105 1.24017e-05

0.00183105 6.02524e-06
0.00185547 2.0378e-08

0.00185547 0
0.00187988 1.75761e-05

0.00187988 9.44212e-06
0.0019043 1.15222e-05

0.0019043 9.41556e-06
0.00192871 1.04091e-05

0.00192871 9.90586e-06
0.00195312 1.21804e-05

0.00195312 9.53164e-06
0.00197754 1.29795e-05

0.00197754 1.36028e-05
0.00200195 1.28898e-05

0.00200195 1.52675e-05
0.00202637 6.29882e-06

0.00202637 6.79705e-06
0.00205078 9.2097e-06

0.00205078 9.56384e-06
0.0020752 1.45621e-05

0.0020752 9.9481e-06
0.00209961 1.19374e-05

0.00209961 1.3455e-05
0.00212402 1.32401e-05

0.00212402 1.29895e-05
0.00214844 8.61166e-06

0.00214844 8.23051e-06
0.00217285 1.30166e-05

0.00217285 1.37985e-05
0.00219727 1.37942e-05

0.00219727 1.31119e-05
0.00222168 8.12959e-06

0.00222168 8.02996e-06
0.00224609 1.3342e-05

0.00224609 1.40516e-05
0.00227051 1.38545e-05

0.00227051 1.37556e-05
0.00229492 7.35192e-06

0.00229492 8.09519e-06
0.00231934 1.19294e-05

0.00231934 1.06269e-05
0.00234375 1.5025e-05

0.00234375 1.50675e-05
0.00236816 1.07931e-05

0.00236816 1.25018e-05
0.00239258 7.46895e-06

0.00239258 7.47809e-06
0.00241699 1.24888e-05

0.00241699 1.07179e-05
0.00244141 1.51187e-05

0.00244141 1.51153e-05
0.00246582 1.07078e-05

0.00246582 1.24677e-05
0.00249023 7.50437e-06

0.00249023 7.50439e-06
0.00251465 1.25058e-05

0.00251465 1.07391e-05
0.00253906 1.50937e-05

0.00253906 1.50885e-05
0.00256348 1.07174e-05

0.00256348 1.24361e-05
0.00258789 7.58027e-06

0.00258789 7.57211e-06
0.0026123 1.25357e-05

0.0026123 1.08645e-05
0.00263672 1.49856e-05

0.00263672 1.49278e-05
0.00266113 1.06601e-05

0.00266113 1.18938e-05
0.00268555 8.29193e-06

0.00268555 7.50547e-06
0.00270996 1.37914e-05

0.00270996 1.39084e-05
0.00273438 1.40661e-05

0.00273437 1.38412e-05
0.00275879 7.66825e-06

0.00275879 8.43554e-06
0.0027832 1.18462e-05

0.0027832 1.0784e-05
0.00280762 1.48078e-05

0.00280762 1.48176e-05
0.00283203 1.07976e-05

0.00283203 1.18809e-05
0.00285645 8.38226e-06

0.00285645 7.62997e-06
0.00288086 1.3802e-05

0.00288086 1.40266e-05
0.00290527 1.39105e-05

0.00290527 1.35966e-05
0.00292969 7.67908e-06

0.00292969 8.36702e-06
0.0029541 1.22122e-05

0.0029541 1.14634e-05
0.00297852 1.44506e-05

0.00297852 1.20612e-05
0.00300293 1.24719e-05

0.00300293 1.25163e-05
0.00302734 1.39667e-05

0.00302734 1.29082e-05
0.00305176 1.36861e-05

0.00305176 1.3277e-05
0.00307617 1.43455e-05

0.00307617 1.36021e-05
0.00310059 1.45975e-05

0.00310059 1.39731e-05
0.003125 1.51875e-05

0.00175781 0.00287946
0.00157692 0.00292969

0.0015625 0.00293378
0.00157723 0.00292969

0.00175781 0.00287997
0.00195312 0.00281701

0.00234375 0.00265918
0.00217172 0.00273438

0.00195312 0.00281735
0.00214844 0.00274399

0.00214844 0.00274359
0.00216953 0.00273438

0.00292969 0.0023111
0.0028845 0.00234375

0.003125 0.00214821
0.00312475 0.00214844

0.00302734 0.00223394
0.00301212 0.00224609

0.00297852 0.00227146
0.00294853 0.00229492

0.00292969 0.00231003
0.00294924 0.00229492

0.00300293 0.00225237
0.00298 0.00227051

0.00297852 0.00227232
0.00298077 0.00227051

0.00300293 0.0022479
0.00300527 0.00224609

0.00307617 0.00218884
0.00306653 0.00219727

0.00302734 0.00223306
0.00306956 0.00219727

0.00307617 0.00219117
0.00312414 0.00214844

0.00244141 0.00261141
0.00238947 0.00263672

0.00234375 0.00265746
0.00238632 0.00263672

0.00244141 0.00261092
0.00253906 0.00255978

0.00273438 0.0024467
0.00257814 0.00253906

0.00253906 0.00255914
0.00257359 0.00253906

0.00283203 0.00238014
0.00274017 0.00244141

0.00273438 0.00244456
0.00273929 0.00244141

0.00283203 0.00237949
0.0028818 0.00234375

0.003125 1.45199e-05
0.00314941 1.5614e-05

0.00314941 1.51078e-05
0.00317383 1.58512e-05

0.00317383 1.52487e-05
0.00319824 1.61381e-05

0.00319824 1.57268e-05
0.00322266 1.67648e-05

0.00322266 1.58427e-05
0.00324707 1.73806e-05

0.00324707 1.74657e-05
0.00327148 1.78448e-05

0.00327148 1.70754e-05
0.0032959 1.68611e-05

0.0032959 1.55413e-05
0.00332031 1.93651e-05

0.00332031 1.98409e-05
0.00334473 2.16797e-05

0.00334473 2.02783e-05
0.00336914 1.83056e-05

0.00336914 1.27461e-05
0.0033927 2.44141e-05

0.00339261 2.44141e-05
0.00339355 2.47992e-05

0.00339355 2.75701e-05
0.00341762 4.88281e-05

0.00341757 4.88281e-05
0.00341797 4.92098e-05

0.00341797 4.97041e-05
0.00344145 7.32422e-05

0.00344152 7.32422e-05
0.00344238 7.41434e-05

0.00344238 7.43271e-05
0.00346411 9.76563e-05

0.00346463 9.76563e-05
0.0034668 0.000100088

0.0034668 0.000100545
0.00350592 0.000146484

0.00350593 0.000146484
0.00351563 0.00015916

0.00351563 0.000159614
0.00354251 0.000195313

0.00354272 0.000195313
0.00356445 0.000227885

0.00356445 0.00022899
0.00357437 0.000244141

0.00357493 0.000244141
0.00360379 0.000292969

0.00360457 0.000292969
0.00361328 0.000310496

0.00361328 0.000312004
0.00362885 0.000341797

0.00362907 0.000341797
0.0036517 0.000390625

0.00365237 0.000390625
0.00368984 0.000488281

0.00368966 0.000488281
0.00371094 0.000563391

0.00371094 0.000565318
0.00371678 0.000585938

0.003717 0.000585937
0.00373585 0.000683594

0.00373548 0.000683594
0.00374667 0.00078125

0.00374865 0.00078125
0.00374927 0.000976562

0.00374896 0.000976562
0.003721 0.00117188

0.00371094 0.0012084
0.00366531 0.00136719

0.00361328 0.00148967
0.00357868 0.0015625

0.00366351 0.00136719
0.00362456 0.00146484

0.00361328 0.00148559
0.00362314 0.00146484

0.00371094 0.00120345
0.0037188 0.00117187

0.00332031 0.00194462
0.00331311 0.00195312

0.0034668 0.00175247
0.00346336 0.00175781

0.00351563 0.00167437
0.00350958 0.00168457

0.00350942 0.00168457
0.00349454 0.00170898

0.0034668 0.00175185
0.0034946 0.00170898

0.00339355 0.00185526
0.00339339 0.00185547

0.00341797 0.00182369
0.00341273 0.00183105

0.00339355 0.00185517
0.00341134 0.00183105

0.00336914 0.00188592
0.00335465 0.0019043

0.00332031 0.00194592
0.00335501 0.0019043

0.00336914 0.00188657
0.00339334 0.00185547

0.0034628 0.00175781
0.00342894 0.00180664

0.00341797 0.00182024
0.00342758 0.00180664

0.00322266 0.00205374
0.0031252 0.00214844

0.00331504 0.00195313
0.00322564 0.00205078

0.00322266 0.00205484
0.0032266 0.00205078

0.00356445 0.00158702
0.0035514 0.00161133

0.00354004 0.0016318
0.00353785 0.00163574

0.00353798 0.00163574
0.00352382 0.00166016

0.00354004 0.00163209
0.00355155 0.00161133

0.00356445 0.00158757
0.00357792 0.0015625

0.00351563 0.00167328
0.0035234 0.00166016

