7.17758e-05 0
7.32422e-05 4.32382e-06

7.32422e-05 6.41725e-07
9.58487e-05 2.44141e-05

9.60133e-05 2.44141e-05
9.76563e-05 2.49896e-05

9.76563e-05 1.41679e-05
0.00012207 1.52676e-05

0.000118843 2.44141e-05
0.00012207 2.44699e-05

0.00012207 1.43009e-05
0.000146484 1.42422e-05

0.000146484 1.47476e-05
0.000170898 1.45974e-05

0.000170898 1.41804e-05
0.000195313 1.41258e-05

0.000195313 1.41947e-05
0.000219727 1.50644e-05

0.000219727 1.49561e-05
0.000244141 1.47334e-05

0.000244141 1.48479e-05
0.000268555 1.40538e-05

0.000268555 1.42511e-05
0.000292969 1.41815e-05

0.000292969 1.44959e-05
0.000317383 1.4297e-05

0.000317383 1.42681e-05
0.000341797 1.38545e-05

0.000341797 1.41633e-05
0.000366211 1.39904e-05

0.000366211 1.4035e-05
0.000390625 1.38226e-05

0.000390625 1.40155e-05
0.000415039 1.38142e-05

0.000415039 1.39047e-05
0.000439453 1.36476e-05

0.000439453 1.38502e-05
0.000463867 1.35921e-05

0.000463867 1.37044e-05
0.000488281 1.34617e-05

0.000488281 1.35291e-05
0.000512695 1.35526e-05

0.000512695 1.37009e-05
0.000537109 1.34999e-05

0.000537109 1.36005e-05
0.000561523 1.31841e-05

0.000561523 1.3351e-05
0.000585937 1.32395e-05

0.000585938 1.32829e-05
0.000610352 1.33393e-05

0.000610352 1.3303e-05
0.000634766 1.33695e-05

0.000634766 1.35243e-05
0.00065918 1.31948e-05

0.00065918 1.32583e-05
0.000683594 1.29359e-05

0.000683594 1.29744e-05
0.000708008 1.32809e-05

0.000708008 1.31577e-05
0.000732422 1.34774e-05

0.000732422 1.34247e-05
0.000756836 1.32943e-05

0.000756836 1.32534e-05
0.00078125 1.3192e-05

0.00078125 1.30957e-05
0.000805664 1.35342e-05

0.000805664 1.34716e-05
0.000830078 1.36131e-05

0.000830078 1.34169e-05
0.000854492 1.34209e-05

0.000854492 1.3412e-05
0.000878906 1.36787e-05

0.000878906 1.35389e-05
0.00090332 1.36931e-05

0.00090332 1.35424e-05
0.000927734 1.37776e-05

0.000927734 1.36847e-05
0.000952148 1.38988e-05

0.000952148 1.37468e-05
0.000976562 1.38951e-05

0.000976562 1.37463e-05
0.00100098 1.40614e-05

0.00100098 1.39352e-05
0.00102539 1.41859e-05

0.00102539 1.39057e-05
0.0010498 1.4286e-05

0.0010498 1.42708e-05
0.00107422 1.44381e-05

0.00107422 1.42364e-05
0.00109863 1.42158e-05

0.00109863 1.38922e-05
0.00112305 1.47845e-05

0.00112305 1.44181e-05
0.00114746 1.54432e-05

0.00114746 1.53615e-05
0.00117187 1.49772e-05

0.00117188 1.48096e-05
0.00119629 1.44233e-05

0.00119629 1.41766e-05
0.0012207 1.55371e-05

0.0012207 1.51434e-05
0.00124512 1.63208e-05

0.00124512 1.65146e-05
0.00126953 1.51982e-05

0.00126953 1.49365e-05
0.00129395 1.42968e-05

0.00129395 1.52598e-05
0.00131836 1.53976e-05

0.00131836 1.45246e-05
0.00134277 1.49344e-05

0.00134277 1.60899e-05
0.00136719 1.52439e-05

0.0013916 1.20853e-06
0.00136976 2.44141e-05

0.0013916 4.31261e-06
0.00139307 0

0.00146324 0
0.00146484 4.76659e-06

0.00146484 4.3504e-06
0.00148404 2.44141e-05

0.00148375 2.44141e-05
0.00148926 2.63974e-05

0.00148926 1.76741e-05
0.00151367 1.78106e-05

0.00148926 2.44588e-05
0.00150226 2.44141e-05

0.00151367 1.69722e-05
0.00153809 1.64799e-05

0.00151367 2.44547e-05
0.00151967 2.44141e-05

0.0015625 6.05613e-06
0.00154337 2.44141e-05

0.00153809 2.62376e-05
0.00154353 2.44141e-05

0 0.00312224
0.000390625 0.00311122

0.000390625 0.00311151
0.00078125 0.00307788

0.00078125 0.00307851
0.00117187 0.00302042

0.00117188 0.00302147
0.0015625 0.00293555

0.0015625 7.17521e-06
0.00156506 0

0.00165634 0
0.00166016 9.29501e-06

0.00166016 1.04095e-05
0.00167544 2.44141e-05

0.00167464 2.44141e-05
0.00168457 2.79958e-05

0.00168457 1.81738e-05
0.00170898 1.84641e-05

0.00169556 2.44141e-05
0.00170898 2.44965e-05

0.0017334 1.11706e-05
0.00171827 2.44141e-05

0.00170898 2.79921e-05
0.00171919 2.44141e-05

0.0017334 1.1807e-05
0.00173842 0

0.00179994 0
0.00180664 1.46202e-05

0.00180664 9.13065e-06
0.00183105 1.22968e-05

0.00183105 5.95799e-06
0.00185547 3.51664e-07

0.00185547 9.52302e-08
0.00187988 1.73879e-05

0.00187988 9.42579e-06
0.0019043 1.15914e-05

0.0019043 9.43817e-06
0.00192871 1.0391e-05

0.00192871 9.91057e-06
0.00195312 1.21834e-05

0.00195312 9.53715e-06
0.00197754 1.29773e-05

0.00197754 1.35988e-05
0.00200195 1.28921e-05

0.00200195 1.5269e-05
0.00202637 6.30867e-06

0.00202637 6.79428e-06
0.00205078 9.21737e-06

0.00205078 9.61733e-06
0.0020752 1.45326e-05

0.0020752 9.90673e-06
0.00209961 1.18832e-05

0.00209961 1.33908e-05
0.00212402 1.33073e-05

0.00212402 1.30437e-05
0.00214844 8.63579e-06

0.00214844 8.23479e-06
0.00217285 1.29709e-05

0.00217285 1.3793e-05
0.00219727 1.38162e-05

0.00219727 1.31702e-05
0.00222168 8.0664e-06

0.00222168 7.95569e-06
0.00224609 1.32894e-05

0.00224609 1.39576e-05
0.00227051 1.39522e-05

0.00227051 1.38121e-05
0.00229492 7.42581e-06

0.00229492 8.1578e-06
0.00231934 1.18687e-05

0.00231934 1.06236e-05
0.00234375 1.50188e-05

0.00234375 1.50579e-05
0.00236816 1.07995e-05

0.00236816 1.25062e-05
0.00239258 7.47661e-06

0.00239258 7.48406e-06
0.00241699 1.24821e-05

0.00241699 1.07156e-05
0.00244141 1.51188e-05

0.00244141 1.51156e-05
0.00246582 1.07097e-05

0.00246582 1.24701e-05
0.00249023 7.50168e-06

0.00249023 7.50232e-06
0.00251465 1.25043e-05

0.00251465 1.07367e-05
0.00253906 1.5096e-05

0.00253906 1.50905e-05
0.00256348 1.0718e-05

0.00256348 1.24396e-05
0.00258789 7.57462e-06

0.00258789 7.56675e-06
0.0026123 1.25336e-05

0.0026123 1.08626e-05
0.00263672 1.4988e-05

0.00263672 1.49302e-05
0.00266113 1.06555e-05

0.00266113 1.18912e-05
0.00268555 8.28651e-06

0.00268555 7.49796e-06
0.00270996 1.37944e-05

0.00270996 1.3912e-05
0.00273438 1.40665e-05

0.00273437 1.38386e-05
0.00275879 7.66208e-06

0.00275879 8.4323e-06
0.0027832 1.18501e-05

0.0027832 1.07818e-05
0.00280762 1.48092e-05

0.00280762 1.48124e-05
0.00283203 1.08085e-05

0.00283203 1.1967e-05
0.00285645 8.31518e-06

0.00285645 7.54615e-06
0.00288086 1.37147e-05

0.00288086 1.38674e-05
0.00290527 1.40559e-05

0.00290527 1.37218e-05
0.00292969 7.79296e-06

0.00292969 8.49253e-06
0.0029541 1.20263e-05

0.0029541 1.13653e-05
0.00297852 1.44112e-05

0.00297852 1.19645e-05
0.00300293 1.25719e-05

0.00300293 1.24919e-05
0.00302734 1.4126e-05

0.00302734 1.29881e-05
0.00305176 1.38831e-05

0.00305176 1.34526e-05
0.00307617 1.44887e-05

0.00307617 1.38386e-05
0.00310059 1.46057e-05

0.00310059 1.41627e-05
0.003125 1.49723e-05

0.00175781 0.00287954
0.0015772 0.00292969

0.0015625 0.00293386
0.00157752 0.00292969

0.00175781 0.00288005
0.00195312 0.0028171

0.00234375 0.00265926
0.00217192 0.00273438

0.00195312 0.00281744
0.00214844 0.00274408

0.00214844 0.0027437
0.00216977 0.00273438

0.00292969 0.00231106
0.00288447 0.00234375

0.003125 0.00214803
0.00312456 0.00214844

0.00302734 0.00223373
0.00301188 0.00224609

0.00297852 0.00227135
0.00294843 0.00229492

0.00292969 0.00230997
0.00294914 0.00229492

0.00300293 0.00225226
0.00297988 0.00227051

0.00297852 0.00227223
0.00298065 0.00227051

0.00300293 0.00224786
0.00300521 0.00224609

0.00307617 0.00218864
0.00306631 0.00219727

0.00302734 0.00223293
0.00306934 0.00219727

0.00307617 0.00219096
0.00312382 0.00214844

0.00244141 0.00261149
0.00238963 0.00263672

0.00234375 0.00265755
0.0023865 0.00263672

0.00244141 0.002611
0.00253906 0.00255985

0.00273438 0.00244673
0.00257826 0.00253906

0.00253906 0.00255922
0.00257371 0.00253906

0.00283203 0.00238013
0.00274021 0.00244141

0.00273438 0.0024446
0.00273934 0.00244141

0.00283203 0.00237946
0.00288173 0.00234375

0.003125 1.44385e-05
0.00314941 1.5293e-05

0.00314941 1.47707e-05
0.00317383 1.5754e-05

0.00317383 1.51716e-05
0.00319824 1.62e-05

0.00319824 1.55655e-05
0.00322266 1.67221e-05

0.00322266 1.61041e-05
0.00324707 1.73102e-05

0.00324707 1.67725e-05
0.00327148 1.77153e-05

0.00327148 1.69285e-05
0.0032959 1.82567e-05

0.0032959 1.80612e-05
0.00332031 1.90002e-05

0.00332031 1.80428e-05
0.00334473 1.90189e-05

0.00334473 1.8953e-05
0.00336914 2.00607e-05

0.00336914 1.39083e-05
0.00339158 2.44141e-05

0.00338985 2.44141e-05
0.00339355 2.57977e-05

0.00339355 2.70747e-05
0.00341797 4.78443e-05

0.00341797 4.80865e-05
0.00341873 4.88281e-05

0.00341797 4.88904e-05
0.00344203 7.32422e-05

0.00344202 7.32422e-05
0.00344238 7.36256e-05

0.00344238 7.37601e-05
0.00346446 9.76563e-05

0.003465 9.76563e-05
0.0034668 9.96886e-05

0.0034668 0.000100429
0.00348564 0.00012207

0.00348541 0.00012207
0.00349121 0.000129032

0.00349121 0.000128705
0.0035058 0.000146484

0.0035061 0.000146484
0.00351563 0.000158979

0.00351563 0.000159453
0.00354257 0.000195313

0.00354281 0.000195313
0.00356445 0.000227776

0.00356445 0.000228986
0.00357437 0.000244141

0.00357497 0.000244141
0.00360382 0.000292969

0.0036046 0.000292969
0.00361328 0.000310443

0.00361328 0.000311954
0.00362887 0.000341797

0.0036291 0.000341797
0.00365174 0.000390625

0.0036524 0.000390625
0.00368989 0.000488281

0.00368972 0.000488281
0.00371094 0.000563146

0.00371094 0.000565087
0.00371685 0.000585938

0.00371707 0.000585937
0.00373593 0.000683594

0.00373557 0.000683594
0.00374677 0.00078125

0.00374875 0.00078125
0.00374937 0.000976562

0.00374907 0.000976562
0.00372108 0.00117188

0.00371094 0.00120868
0.00366534 0.00136719

0.00366538 0.00136719
0.00358002 0.0015625

0.00371094 0.00120382
0.0037189 0.00117187

0.00332031 0.00194397
0.00331258 0.00195312

0.00351563 0.00167451
0.00346308 0.00175781

0.00339355 0.00185387
0.00339234 0.00185547

0.00341797 0.00182247
0.00341178 0.00183105

0.00339355 0.00185371
0.00341045 0.00183105

0.00336914 0.00188483
0.00335387 0.0019043

0.00332031 0.0019451
0.00335422 0.0019043

0.00336914 0.00188547
0.00339245 0.00185547

0.00346234 0.00175781
0.00342828 0.00180664

0.00341797 0.00181974
0.00342725 0.00180664

0.003125 0.00214835
0.00322266 0.00205327

0.00331436 0.00195313
0.00322516 0.00205078

0.00322266 0.00205446
0.00322623 0.00205078

0.00357796 0.0015625
0.00352412 0.00166016

0.00351563 0.00167252
0.00352314 0.00166016

