7.16603e-05 0
7.32422e-05 4.64221e-06

7.32422e-05 6.35336e-07
9.58048e-05 2.44141e-05

9.72233e-05 2.44141e-05
9.76563e-05 2.45662e-05

9.76563e-05 1.46194e-05
0.00012207 1.50837e-05

0.000118401 2.44141e-05
0.00012207 2.44411e-05

0.00012207 1.3671e-05
0.000146484 1.39042e-05

0.000146484 1.45289e-05
0.000170898 1.55415e-05

0.000170898 1.4966e-05
0.000195313 1.42256e-05

0.000195313 1.46707e-05
0.000219727 1.42136e-05

0.000219727 1.39116e-05
0.000244141 1.45596e-05

0.000244141 1.49699e-05
0.000268555 1.49384e-05

0.000268555 1.47565e-05
0.000292969 1.36646e-05

0.000292969 1.40068e-05
0.000317383 1.41879e-05

0.000317383 1.4255e-05
0.000341797 1.44467e-05

0.000341797 1.4625e-05
0.000366211 1.38683e-05

0.000366211 1.41207e-05
0.000390625 1.34112e-05

0.000390625 1.36206e-05
0.000415039 1.37976e-05

0.000415039 1.38219e-05
0.000439453 1.39762e-05

0.000439453 1.4075e-05
0.000463867 1.35763e-05

0.000463867 1.38004e-05
0.000488281 1.32476e-05

0.000488281 1.33498e-05
0.000512695 1.3482e-05

0.000512695 1.35289e-05
0.000537109 1.37139e-05

0.000537109 1.37895e-05
0.000561523 1.33162e-05

0.000561523 1.34929e-05
0.000585937 1.30519e-05

0.000585938 1.31685e-05
0.000610352 1.3295e-05

0.000610352 1.3318e-05
0.000634766 1.34102e-05

0.000634766 1.34026e-05
0.00065918 1.31949e-05

0.00065918 1.33556e-05
0.000683594 1.30711e-05

0.000683594 1.30559e-05
0.000708008 1.31312e-05

0.000708008 1.31061e-05
0.000732422 1.34289e-05

0.000732422 1.32696e-05
0.000756836 1.33844e-05

0.000756836 1.33962e-05
0.00078125 1.33057e-05

0.00078125 1.32323e-05
0.000805664 1.32901e-05

0.000805664 1.31662e-05
0.000830078 1.36196e-05

0.000830078 1.35247e-05
0.000854492 1.36619e-05

0.000854492 1.34659e-05
0.000878906 1.35224e-05

0.000878906 1.35612e-05
0.00090332 1.3709e-05

0.00090332 1.34907e-05
0.000927734 1.3717e-05

0.000927734 1.36696e-05
0.000952148 1.39384e-05

0.000952148 1.36972e-05
0.000976562 1.39143e-05

0.000976562 1.37717e-05
0.00100098 1.41645e-05

0.00100098 1.39558e-05
0.00102539 1.42546e-05

0.00102539 1.42018e-05
0.0010498 1.41943e-05

0.0010498 1.39939e-05
0.00107422 1.42049e-05

0.00107422 1.39187e-05
0.00109863 1.48044e-05

0.00109863 1.45871e-05
0.00112305 1.50052e-05

0.00112305 1.48069e-05
0.00114746 1.45859e-05

0.00114746 1.44782e-05
0.00117187 1.47593e-05

0.00117188 1.42415e-05
0.00119629 1.56031e-05

0.00119629 1.57829e-05
0.0012207 1.56928e-05

0.0012207 1.51422e-05
0.00124512 1.45516e-05

0.00124512 1.50083e-05
0.00126953 1.54887e-05

0.00126953 1.48258e-05
0.00129395 1.56628e-05

0.00129395 1.62796e-05
0.00131836 1.56274e-05

0.00131836 1.51022e-05
0.00134277 1.42849e-05

0.00134277 1.58245e-05
0.00136719 1.47295e-05

0.00134277 2.44317e-05
0.00134376 2.44141e-05

0.0013916 1.00263e-06
0.00136948 2.44141e-05

0.00136719 2.47829e-05
0.00136823 2.44141e-05

0.0013916 4.00587e-06
0.00139296 0

0.00146306 0
0.00146484 5.21727e-06

0.00146484 4.947e-06
0.00148406 2.44141e-05

0.00148356 2.44141e-05
0.00148926 2.6401e-05

0.00148926 1.70204e-05
0.00151367 1.73997e-05

0.00150015 2.44141e-05
0.00151367 2.44714e-05

0.00151367 1.72375e-05
0.00153809 1.71158e-05

0.00152246 2.44141e-05
0.00153809 2.44569e-05

0.0015625 5.57545e-06
0.00154338 2.44141e-05

0.00153809 2.62339e-05
0.00154337 2.44141e-05

0 0.00312229
0.000390625 0.00311128

0.000390625 0.00311156
0.00078125 0.00307793

0.00078125 0.00307857
0.00117187 0.00302048

0.00117188 0.00302153
0.0015625 0.00293561

0.0015625 7.12184e-06
0.00156501 0

0.00165637 0
0.00166016 9.24928e-06

0.00166016 1.03618e-05
0.00167545 2.44141e-05

0.00167468 2.44141e-05
0.00168457 2.79913e-05

0.00168457 1.82083e-05
0.00170898 1.85075e-05

0.00169557 2.44141e-05
0.00170898 2.44995e-05

0.0017334 1.1142e-05
0.00171826 2.44141e-05

0.00170898 2.79967e-05
0.00171918 2.44141e-05

0.0017334 1.18409e-05
0.00173844 0

0.00180046 0
0.00180664 1.39815e-05

0.00180664 8.80737e-06
0.00183105 1.28949e-05

0.00183105 6.22569e-06
0.00185547 2.97871e-07

0.00185547 2.48479e-07
0.00187988 1.7227e-05

0.00187988 9.40782e-06
0.0019043 1.16e-05

0.0019043 9.44815e-06
0.00192871 1.0402e-05

0.00192871 9.91491e-06
0.00195312 1.21711e-05

0.00195312 9.53351e-06
0.00197754 1.29825e-05

0.00197754 1.35991e-05
0.00200195 1.28952e-05

0.00200195 1.52741e-05
0.00202637 6.30881e-06

0.00202637 6.7965e-06
0.00205078 9.21139e-06

0.00205078 9.60967e-06
0.0020752 1.45366e-05

0.0020752 9.9109e-06
0.00209961 1.18889e-05

0.00209961 1.33907e-05
0.00212402 1.33062e-05

0.00212402 1.30613e-05
0.00214844 8.62674e-06

0.00214844 8.22035e-06
0.00217285 1.29519e-05

0.00217285 1.37557e-05
0.00219727 1.38525e-05

0.00219727 1.32157e-05
0.00222168 8.08574e-06

0.00222168 7.965e-06
0.00224609 1.32404e-05

0.00224609 1.39283e-05
0.00227051 1.39716e-05

0.00227051 1.3823e-05
0.00229492 7.44044e-06

0.00229492 8.16637e-06
0.00231934 1.18518e-05

0.00231934 1.06186e-05
0.00234375 1.50195e-05

0.00234375 1.50562e-05
0.00236816 1.07994e-05

0.00236816 1.25035e-05
0.00239258 7.47773e-06

0.00239258 7.48527e-06
0.00241699 1.24838e-05

0.00241699 1.07164e-05
0.00244141 1.51172e-05

0.00244141 1.51138e-05
0.00246582 1.07113e-05

0.00246582 1.24713e-05
0.00249023 7.50413e-06

0.00249023 7.50473e-06
0.00251465 1.25027e-05

0.00251465 1.07362e-05
0.00253906 1.50957e-05

0.00253906 1.50903e-05
0.00256348 1.07192e-05

0.00256348 1.24403e-05
0.00258789 7.57481e-06

0.00258789 7.56618e-06
0.0026123 1.25344e-05

0.0026123 1.08629e-05
0.00263672 1.49905e-05

0.00263672 1.49329e-05
0.00266113 1.06564e-05

0.00266113 1.1894e-05
0.00268555 8.28345e-06

0.00268555 7.4947e-06
0.00270996 1.37944e-05

0.00270996 1.39139e-05
0.00273438 1.4068e-05

0.00273437 1.38463e-05
0.00275879 7.65055e-06

0.00275879 8.42111e-06
0.0027832 1.18427e-05

0.0027832 1.07666e-05
0.00280762 1.48232e-05

0.00280762 1.4832e-05
0.00283203 1.08087e-05

0.00283203 1.19921e-05
0.00285645 8.26247e-06

0.00285645 7.50399e-06
0.00288086 1.36891e-05

0.00288086 1.38495e-05
0.00290527 1.40511e-05

0.00290527 1.3508e-05
0.00292969 7.95613e-06

0.00292969 8.62056e-06
0.0029541 1.23235e-05

0.0029541 1.16142e-05
0.00297852 1.43663e-05

0.00297852 1.21304e-05
0.00300293 1.24776e-05

0.00300293 1.25495e-05
0.00302734 1.3913e-05

0.00302734 1.2904e-05
0.00305176 1.36416e-05

0.00305176 1.32266e-05
0.00307617 1.43145e-05

0.00307617 1.35599e-05
0.00310059 1.46167e-05

0.00310059 1.40092e-05
0.003125 1.51633e-05

0.00175781 0.0028796
0.00157743 0.00292969

0.0015625 0.00293392
0.00157775 0.00292969

0.00175781 0.00288011
0.00195312 0.00281716

0.00234375 0.00265929
0.00217202 0.00273438

0.00195312 0.0028175
0.00214844 0.00274412

0.00214844 0.00274375
0.00216987 0.00273438

0.00292969 0.00231097
0.00288437 0.00234375

0.003125 0.00214787
0.00312438 0.00214844

0.00302734 0.00223355
0.00301166 0.00224609

0.00297852 0.00227124
0.0029483 0.00229492

0.00292969 0.00230988
0.00294901 0.00229492

0.00300293 0.00225214
0.00297973 0.00227051

0.00297852 0.00227213
0.00298053 0.00227051

0.00300293 0.00224774
0.00300505 0.00224609

0.00307617 0.00218852
0.00306617 0.00219727

0.00302734 0.0022328
0.00306918 0.00219727

0.00307617 0.00219082
0.00312364 0.00214844

0.00244141 0.0026115
0.00238968 0.00263672

0.00234375 0.00265758
0.00238655 0.00263672

0.00244141 0.00261102
0.00253906 0.00255985

0.00273438 0.00244669
0.00257825 0.00253906

0.00253906 0.00255921
0.00257368 0.00253906

0.00283203 0.00238007
0.00274015 0.00244141

0.00273438 0.00244455
0.00273927 0.00244141

0.00283203 0.00237938
0.00288162 0.00234375

0.003125 1.44942e-05
0.00314941 1.55188e-05

0.00314941 1.49446e-05
0.00317383 1.59073e-05

0.00317383 1.53599e-05
0.00319824 1.62743e-05

0.00319824 1.57069e-05
0.00322266 1.67249e-05

0.00322266 1.6157e-05
0.00324707 1.72833e-05

0.00324707 1.68063e-05
0.00327148 1.7683e-05

0.00327148 1.68612e-05
0.0032959 1.82251e-05

0.0032959 1.79109e-05
0.00332031 1.92188e-05

0.00332031 1.83578e-05
0.00334473 1.93443e-05

0.00334473 1.94984e-05
0.00336914 1.96045e-05

0.00336914 1.306e-05
0.00339272 2.44141e-05

0.00339099 2.44141e-05
0.00339355 2.54292e-05

0.00339355 2.75335e-05
0.00341793 4.88281e-05

0.00341768 4.88281e-05
0.00341797 4.91072e-05

0.00341797 4.9464e-05
0.00344179 7.32422e-05

0.00344182 7.32422e-05
0.00344238 7.38272e-05

0.00344238 7.39587e-05
0.00346445 9.76563e-05

0.00346491 9.76563e-05
0.0034668 9.97736e-05

0.0034668 0.000100506
0.00348564 0.00012207

0.00348543 0.00012207
0.00349121 0.000128974

0.00349121 0.000128623
0.0035059 0.000146484

0.00350616 0.000146484
0.00351563 0.000158885

0.00351563 0.000159378
0.00354264 0.000195313

0.00354289 0.000195313
0.00356445 0.00022765

0.00356445 0.000228909
0.00357442 0.000244141

0.00357504 0.000244141
0.00360389 0.000292969

0.00360467 0.000292969
0.00361328 0.000310291

0.00361328 0.000311803
0.00362895 0.000341797

0.00362917 0.000341797
0.00365181 0.000390625

0.00365248 0.000390625
0.00368997 0.000488281

0.0036898 0.000488281
0.00371094 0.000562875

0.00371094 0.000564819
0.00371692 0.000585938

0.00371714 0.000585937
0.00373601 0.000683594

0.00373564 0.000683594
0.00374684 0.00078125

0.00374882 0.00078125
0.00374941 0.000976562

0.00374911 0.000976562
0.00372109 0.00117188

0.00371094 0.00120866
0.00366529 0.00136719

0.00366533 0.00136719
0.00357991 0.0015625

0.00371094 0.00120378
0.0037189 0.00117187

0.00332031 0.00194378
0.00331243 0.00195312

0.00351563 0.00167428
0.00346291 0.00175781

0.00339355 0.00185362
0.00339215 0.00185547

0.00341797 0.00182207
0.00341148 0.00183105

0.00339355 0.00185345
0.00341026 0.00183105

0.00336914 0.00188458
0.00335369 0.0019043

0.00332031 0.00194485
0.00335402 0.0019043

0.00336914 0.00188522
0.00339225 0.00185547

0.00346217 0.00175781
0.0034281 0.00180664

0.00341797 0.00181952
0.0034271 0.00180664

0.003125 0.00214819
0.00322266 0.00205308

0.00331416 0.00195313
0.00322497 0.00205078

0.00322266 0.00205431
0.00322608 0.00205078

0.00357784 0.0015625
0.00352398 0.00166016

0.00351563 0.0016722
0.00352295 0.00166016

