7.13807e-05 0
7.32422e-05 5.42103e-06

7.32422e-05 1.20874e-06
9.59127e-05 2.44141e-05

9.71434e-05 2.44141e-05
9.76563e-05 2.4589e-05

9.76563e-05 1.42982e-05
0.00012207 1.47944e-05

0.000119623 2.44141e-05
0.00012207 2.44333e-05

0.00012207 1.3925e-05
0.000146484 1.41253e-05

0.000146484 1.46593e-05
0.000170898 1.47474e-05

0.000170898 1.39905e-05
0.000195313 1.41981e-05

0.000195313 1.447e-05
0.000219727 1.5264e-05

0.000219727 1.50319e-05
0.000244141 1.44265e-05

0.000244141 1.46967e-05
0.000268555 1.40668e-05

0.000268555 1.42716e-05
0.000292969 1.41938e-05

0.000292969 1.43518e-05
0.000317383 1.42903e-05

0.000317383 1.43174e-05
0.000341797 1.40523e-05

0.000341797 1.42361e-05
0.000366211 1.39947e-05

0.000366211 1.41132e-05
0.000390625 1.38846e-05

0.000390625 1.40741e-05
0.000415039 1.38069e-05

0.000415039 1.3959e-05
0.000439453 1.36326e-05

0.000439453 1.38122e-05
0.000463867 1.35766e-05

0.000463867 1.37122e-05
0.000488281 1.35267e-05

0.000488281 1.36189e-05
0.000512695 1.34939e-05

0.000512695 1.36433e-05
0.000537109 1.34105e-05

0.000537109 1.34488e-05
0.000561523 1.33208e-05

0.000561523 1.34889e-05
0.000585937 1.33771e-05

0.000585938 1.34132e-05
0.000610352 1.31929e-05

0.000610352 1.32726e-05
0.000634766 1.32727e-05

0.000634766 1.33352e-05
0.00065918 1.32708e-05

0.00065918 1.32979e-05
0.000683594 1.31541e-05

0.000683594 1.32654e-05
0.000708008 1.31327e-05

0.000708008 1.30623e-05
0.000732422 1.31985e-05

0.000732422 1.31072e-05
0.000756836 1.34873e-05

0.000756836 1.33754e-05
0.00078125 1.34368e-05

0.00078125 1.33239e-05
0.000805664 1.33602e-05

0.000805664 1.33293e-05
0.000830078 1.35361e-05

0.000830078 1.34094e-05
0.000854492 1.35781e-05

0.000854492 1.34914e-05
0.000878906 1.36228e-05

0.000878906 1.35143e-05
0.00090332 1.36677e-05

0.00090332 1.35511e-05
0.000927734 1.37909e-05

0.000927734 1.36518e-05
0.000952148 1.38883e-05

0.000952148 1.37495e-05
0.000976562 1.39481e-05

0.000976562 1.37911e-05
0.00100098 1.40493e-05

0.00100098 1.3855e-05
0.00102539 1.42356e-05

0.00102539 1.42249e-05
0.0010498 1.41999e-05

0.0010498 1.39295e-05
0.00107422 1.41225e-05

0.00107422 1.38912e-05
0.00109863 1.48321e-05

0.00109863 1.45886e-05
0.00112305 1.49412e-05

0.00112305 1.47698e-05
0.00114746 1.45171e-05

0.00114746 1.44002e-05
0.00117187 1.47251e-05

0.00117188 1.41791e-05
0.00119629 1.56284e-05

0.00119629 1.587e-05
0.0012207 1.56348e-05

0.0012207 1.50538e-05
0.00124512 1.43612e-05

0.00124512 1.46281e-05
0.00126953 1.57354e-05

0.00126953 1.51845e-05
0.00129395 1.60658e-05

0.00129395 1.64667e-05
0.00131836 1.53976e-05

0.00131836 1.49781e-05
0.00134277 1.44563e-05

0.00134277 1.59733e-05
0.00136719 1.50238e-05

0.0013916 1.13291e-06
0.00136964 2.44141e-05

0.0013916 4.2034e-06
0.00139303 0

0.00146286 0
0.00146484 5.76879e-06

0.00146484 4.9691e-06
0.00148421 2.44141e-05

0.00148423 2.44141e-05
0.00148926 2.61498e-05

0.00148926 1.67343e-05
0.00151367 1.74362e-05

0.00151114 2.44141e-05
0.00151367 2.44417e-05

0.00151367 1.74659e-05
0.00153809 1.73592e-05

0.0015625 5.37839e-06
0.00154333 2.44141e-05

0.00153809 2.59222e-05
0.00154241 2.44141e-05

0 0.00312256
0.000390625 0.00311154

0.000390625 0.00311183
0.00078125 0.0030782

0.00078125 0.00307883
0.00117187 0.00302073

0.00117188 0.00302179
0.0015625 0.00293583

0.0015625 7.36859e-06
0.0015651 0

0.00165636 0
0.00166016 9.27101e-06

0.00166016 1.03812e-05
0.00167545 2.44141e-05

0.00167465 2.44141e-05
0.00168457 2.79975e-05

0.00168457 1.81973e-05
0.00170898 1.84919e-05

0.00169551 2.44141e-05
0.00170898 2.44982e-05

0.0017334 1.11519e-05
0.00171827 2.44141e-05

0.00170898 2.79954e-05
0.00171918 2.44141e-05

0.0017334 1.18114e-05
0.00173842 0

0.00180005 0
0.00180664 1.44834e-05

0.00180664 8.85718e-06
0.00183105 1.25179e-05

0.00183105 6.09143e-06
0.00185547 4.8187e-07

0.00185547 2.01245e-07
0.00187988 1.71973e-05

0.00187988 9.40628e-06
0.0019043 1.16543e-05

0.0019043 9.45691e-06
0.00192871 1.03771e-05

0.00192871 9.91592e-06
0.00195312 1.21853e-05

0.00195312 9.54001e-06
0.00197754 1.29759e-05

0.00197754 1.35963e-05
0.00200195 1.2897e-05

0.00200195 1.52674e-05
0.00202637 6.32141e-06

0.00202637 6.80034e-06
0.00205078 9.22569e-06

0.00205078 9.65375e-06
0.0020752 1.45116e-05

0.0020752 9.8831e-06
0.00209961 1.18531e-05

0.00209961 1.33532e-05
0.00212402 1.33496e-05

0.00212402 1.30728e-05
0.00214844 8.65853e-06

0.00214844 8.2536e-06
0.00217285 1.29428e-05

0.00217285 1.37724e-05
0.00219727 1.38317e-05

0.00219727 1.31926e-05
0.00222168 8.08286e-06

0.00222168 7.96703e-06
0.00224609 1.32618e-05

0.00224609 1.39432e-05
0.00227051 1.39563e-05

0.00227051 1.38133e-05
0.00229492 7.43303e-06

0.00229492 8.16111e-06
0.00231934 1.18622e-05

0.00231934 1.06213e-05
0.00234375 1.50179e-05

0.00234375 1.50567e-05
0.00236816 1.07988e-05

0.00236816 1.25016e-05
0.00239258 7.4794e-06

0.00239258 7.48723e-06
0.00241699 1.24857e-05

0.00241699 1.07184e-05
0.00244141 1.51154e-05

0.00244141 1.51126e-05
0.00246582 1.07115e-05

0.00246582 1.24688e-05
0.00249023 7.50872e-06

0.00249023 7.50972e-06
0.00251465 1.25043e-05

0.00251465 1.07396e-05
0.00253906 1.50913e-05

0.00253906 1.50865e-05
0.00256348 1.07195e-05

0.00256348 1.24374e-05
0.00258789 7.58225e-06

0.00258789 7.57401e-06
0.0026123 1.25342e-05

0.0026123 1.08632e-05
0.00263672 1.49865e-05

0.00263672 1.49297e-05
0.00266113 1.06617e-05

0.00266113 1.18937e-05
0.00268555 8.29093e-06

0.00268555 7.5061e-06
0.00270996 1.3793e-05

0.00270996 1.39099e-05
0.00273438 1.40652e-05

0.00273437 1.38387e-05
0.00275879 7.6698e-06

0.00275879 8.43855e-06
0.0027832 1.18485e-05

0.0027832 1.07826e-05
0.00280762 1.48076e-05

0.00280762 1.48194e-05
0.00283203 1.08031e-05

0.00283203 1.19087e-05
0.00285645 8.35699e-06

0.00285645 7.61615e-06
0.00288086 1.37618e-05

0.00288086 1.39514e-05
0.00290527 1.39429e-05

0.00290527 1.35237e-05
0.00292969 7.84286e-06

0.00292969 8.5269e-06
0.0029541 1.22759e-05

0.0029541 1.15111e-05
0.00297852 1.44053e-05

0.00297852 1.20813e-05
0.00300293 1.25656e-05

0.00300293 1.25492e-05
0.00302734 1.40402e-05

0.00302734 1.29688e-05
0.00305176 1.38075e-05

0.00305176 1.338e-05
0.00307617 1.44458e-05

0.00307617 1.37605e-05
0.00310059 1.46283e-05

0.00310059 1.41464e-05
0.003125 1.50274e-05

0.00175781 0.00287978
0.00157819 0.00292969

0.0015625 0.00293413
0.00157848 0.00292969

0.00175781 0.0028803
0.00195312 0.00281729

0.00234375 0.0026593
0.00217219 0.00273438

0.00195312 0.00281764
0.00214844 0.0027442

0.00214844 0.00274382
0.00217002 0.00273438

0.00292969 0.00231069
0.00288402 0.00234375

0.003125 0.00214748
0.00312395 0.00214844

0.00302734 0.00223305
0.00301105 0.00224609

0.00297852 0.00227091
0.00294792 0.00229492

0.00292969 0.00230961
0.00294864 0.00229492

0.00300293 0.00225181
0.00297934 0.00227051

0.00297852 0.00227182
0.00298015 0.00227051

0.00300293 0.00224748
0.00300471 0.00224609

0.00307617 0.00218818
0.00306578 0.00219727

0.00302734 0.00223247
0.00306876 0.00219727

0.00307617 0.00219043
0.00312317 0.00214844

0.00244141 0.00261147
0.00238965 0.00263672

0.00234375 0.00265758
0.00238651 0.00263672

0.00244141 0.00261098
0.00253906 0.00255976

0.00273438 0.00244651
0.00257808 0.00253906

0.00253906 0.00255909
0.00257346 0.00253906

0.00283203 0.00237983
0.00273987 0.00244141

0.00273438 0.00244436
0.00273897 0.00244141

0.00283203 0.0023791
0.00288122 0.00234375

0.003125 1.45032e-05
0.00314941 1.52874e-05

0.00314941 1.48102e-05
0.00317383 1.56399e-05

0.00317383 1.50795e-05
0.00319824 1.60916e-05

0.00319824 1.54457e-05
0.00322266 1.67313e-05

0.00322266 1.60985e-05
0.00324707 1.73362e-05

0.00324707 1.67627e-05
0.00327148 1.76699e-05

0.00327148 1.68254e-05
0.0032959 1.83117e-05

0.0032959 1.80072e-05
0.00332031 1.93075e-05

0.00332031 1.81377e-05
0.00334473 1.96002e-05

0.00334473 2.00415e-05
0.00336914 2.01983e-05

0.00336914 1.30675e-05
0.00339256 2.44141e-05

0.00339003 2.44141e-05
0.00339355 2.58888e-05

0.00339355 2.86123e-05
0.00341612 4.88281e-05

0.00341625 4.88281e-05
0.00341797 5.04756e-05

0.00341797 5.0805e-05
0.00344065 7.32422e-05

0.00344078 7.32422e-05
0.00344238 7.48918e-05

0.00344238 7.51175e-05
0.00346362 9.76563e-05

0.00346413 9.76563e-05
0.0034668 0.000100625

0.0034668 0.000101348
0.00348509 0.00012207

0.00348488 0.00012207
0.00349121 0.000129582

0.00349121 0.000129228
0.00350549 0.000146484

0.00350577 0.000146484
0.00351563 0.000159282

0.00351563 0.000159761
0.00354253 0.000195313

0.0035428 0.000195313
0.00356445 0.000227642

0.00356445 0.000229032
0.00357437 0.000244141

0.00357506 0.000244141
0.00360401 0.000292969

0.00360481 0.000292969
0.00361328 0.000309983

0.00361328 0.000311542
0.00362912 0.000341797

0.00362934 0.000341797
0.00365201 0.000390625

0.00365267 0.000390625
0.00369018 0.000488281

0.00369 0.000488281
0.00371094 0.000562196

0.00371094 0.000564088
0.00371713 0.000585938

0.00371733 0.000585937
0.00373616 0.000683594

0.00373579 0.000683594
0.00374694 0.00078125

0.00374892 0.00078125
0.00374943 0.000976562

0.00374913 0.000976562
0.00372102 0.00117188

0.00371094 0.00120836
0.00366513 0.00136719

0.00366517 0.00136719
0.00357965 0.0015625

0.00371094 0.00120339
0.00371882 0.00117187

0.00332031 0.00194337
0.00331209 0.00195312

0.00351563 0.00167379
0.00346256 0.00175781

0.00339355 0.00185309
0.00339176 0.00185547

0.00341797 0.00182115
0.00341081 0.00183105

0.00339355 0.00185291
0.00340986 0.00183105

0.00336914 0.00188405
0.00335329 0.0019043

0.00332031 0.00194433
0.00335358 0.0019043

0.00336914 0.0018847
0.00339184 0.00185547

0.00346181 0.00175781
0.00342771 0.00180664

0.00341797 0.00181915
0.00342685 0.00180664

0.003125 0.00214777
0.00322266 0.00205262

0.00331373 0.00195313
0.00322451 0.00205078

0.00322266 0.00205396
0.00322574 0.00205078

0.00357758 0.0015625
0.00352366 0.00166016

0.00351563 0.00167143
0.00352248 0.00166016

