7.16585e-05 0
7.32422e-05 4.64675e-06

7.32422e-05 6.84819e-07
9.58273e-05 2.44141e-05

9.76563e-05 1.43767e-05
0.00012207 1.52214e-05

0.00012207 1.42948e-05
0.000146484 1.38995e-05

0.00012207 2.44191e-05
0.00012287 2.44141e-05

0.000146484 1.4306e-05
0.000170898 1.46717e-05

0.000170898 1.42979e-05
0.000195313 1.44702e-05

0.000195313 1.47146e-05
0.000219727 1.45355e-05

0.000219727 1.40828e-05
0.000244141 1.44023e-05

0.000244141 1.46242e-05
0.000268555 1.51316e-05

0.000268555 1.50964e-05
0.000292969 1.42014e-05

0.000292969 1.46432e-05
0.000317383 1.36869e-05

0.000317383 1.38007e-05
0.000341797 1.40116e-05

0.000341797 1.42065e-05
0.000366211 1.44478e-05

0.000366211 1.44514e-05
0.000390625 1.37343e-05

0.000390625 1.40789e-05
0.000415039 1.34731e-05

0.000415039 1.3524e-05
0.000439453 1.37471e-05

0.000439453 1.39934e-05
0.000463867 1.38937e-05

0.000463867 1.38796e-05
0.000488281 1.32416e-05

0.000488281 1.3523e-05
0.000512695 1.3414e-05

0.000512695 1.34187e-05
0.000537109 1.35417e-05

0.000537109 1.36189e-05
0.000561523 1.34994e-05

0.000561523 1.36431e-05
0.000585937 1.31411e-05

0.000585938 1.32558e-05
0.000610352 1.31287e-05

0.000610352 1.32554e-05
0.000634766 1.33446e-05

0.000634766 1.32368e-05
0.00065918 1.32769e-05

0.00065918 1.3431e-05
0.000683594 1.32272e-05

0.000683594 1.32391e-05
0.000708008 1.29795e-05

0.000708008 1.29506e-05
0.000732422 1.3334e-05

0.000732422 1.31931e-05
0.000756836 1.35781e-05

0.000756836 1.34989e-05
0.00078125 1.33465e-05

0.00078125 1.32981e-05
0.000805664 1.32504e-05

0.000805664 1.3168e-05
0.000830078 1.36079e-05

0.000830078 1.35225e-05
0.000854492 1.36703e-05

0.000854492 1.35113e-05
0.000878906 1.34829e-05

0.000878906 1.34496e-05
0.00090332 1.37013e-05

0.00090332 1.35844e-05
0.000927734 1.37831e-05

0.000927734 1.36141e-05
0.000952148 1.38333e-05

0.000952148 1.37246e-05
0.000976562 1.3972e-05

0.000976562 1.37666e-05
0.00100098 1.40546e-05

0.00100098 1.3943e-05
0.00102539 1.4192e-05

0.00102539 1.39703e-05
0.0010498 1.42326e-05

0.0010498 1.41229e-05
0.00107422 1.4417e-05

0.00107422 1.41371e-05
0.00109863 1.45234e-05

0.00109863 1.4499e-05
0.00112305 1.46475e-05

0.00112305 1.43514e-05
0.00114746 1.45439e-05

0.00114746 1.40977e-05
0.00117187 1.53547e-05

0.00117188 1.51706e-05
0.00119629 1.57625e-05

0.00119629 1.53986e-05
0.0012207 1.50377e-05

0.0012207 1.51388e-05
0.00124512 1.51924e-05

0.00124512 1.48413e-05
0.00126953 1.56839e-05

0.00126953 1.59192e-05
0.00129395 1.58286e-05

0.00129395 1.58283e-05
0.00131836 1.4543e-05

0.00131836 1.43257e-05
0.00134277 1.52794e-05

0.00134277 1.6757e-05
0.00136719 1.51968e-05

0.0013916 1.69867e-07
0.00136966 2.44141e-05

0.0013916 3.78491e-06
0.00139288 0

0.00146292 0
0.00146484 5.61301e-06

0.00146484 4.90299e-06
0.00148405 2.44141e-05

0.00148391 2.44141e-05
0.00148926 2.62927e-05

0.00148926 1.73312e-05
0.00151367 1.7413e-05

0.00148926 2.4466e-05
0.00150306 2.44141e-05

0.00151367 1.70134e-05
0.00153809 1.6755e-05

0.00151367 2.44419e-05
0.00152329 2.44141e-05

0.0015625 5.78868e-06
0.00154328 2.44141e-05

0.00153809 2.60513e-05
0.00154293 2.44141e-05

0 0.0031226
0.000390625 0.00311158

0.000390625 0.00311187
0.00078125 0.00307823

0.00078125 0.00307887
0.00117187 0.00302076

0.00117188 0.00302182
0.0015625 0.00293585

0.0015625 7.23032e-06
0.00156506 0

0.00165634 0
0.00166016 9.29993e-06

0.00166016 1.03992e-05
0.00167544 2.44141e-05

0.00167464 2.44141e-05
0.00168457 2.79974e-05

0.00168457 1.81863e-05
0.00170898 1.84721e-05

0.00169534 2.44141e-05
0.00170898 2.44963e-05

0.0017334 1.11526e-05
0.00171826 2.44141e-05

0.00170898 2.79891e-05
0.00171917 2.44141e-05

0.0017334 1.17947e-05
0.00173842 0

0.00179975 0
0.00180664 1.48469e-05

0.00180664 9.25718e-06
0.00183105 1.2141e-05

0.00183105 5.94733e-06
0.00185547 3.37661e-07

0.00185547 5.20984e-08
0.00187988 1.74072e-05

0.00187988 9.42759e-06
0.0019043 1.16045e-05

0.0019043 9.43576e-06
0.00192871 1.03818e-05

0.00192871 9.91172e-06
0.00195312 1.21894e-05

0.00195312 9.53557e-06
0.00197754 1.29728e-05

0.00197754 1.35968e-05
0.00200195 1.28976e-05

0.00200195 1.52653e-05
0.00202637 6.31621e-06

0.00202637 6.80104e-06
0.00205078 9.22418e-06

0.00205078 9.63266e-06
0.0020752 1.45224e-05

0.0020752 9.90608e-06
0.00209961 1.18679e-05

0.00209961 1.33735e-05
0.00212402 1.33097e-05

0.00212402 1.29786e-05
0.00214844 8.71104e-06

0.00214844 8.3308e-06
0.00217285 1.30258e-05

0.00217285 1.38862e-05
0.00219727 1.37e-05

0.00219727 1.30475e-05
0.00222168 8.06084e-06

0.00222168 7.97439e-06
0.00224609 1.34038e-05

0.00224609 1.40504e-05
0.00227051 1.38614e-05

0.00227051 1.37596e-05
0.00229492 7.36482e-06

0.00229492 8.11087e-06
0.00231934 1.19257e-05

0.00231934 1.06303e-05
0.00234375 1.50176e-05

0.00234375 1.50603e-05
0.00236816 1.07981e-05

0.00236816 1.25034e-05
0.00239258 7.47941e-06

0.00239258 7.48835e-06
0.00241699 1.24848e-05

0.00241699 1.07186e-05
0.00244141 1.51148e-05

0.00244141 1.51119e-05
0.00246582 1.07114e-05

0.00246582 1.24689e-05
0.00249023 7.50917e-06

0.00249023 7.50974e-06
0.00251465 1.25039e-05

0.00251465 1.07392e-05
0.00253906 1.50917e-05

0.00253906 1.50865e-05
0.00256348 1.07201e-05

0.00256348 1.24366e-05
0.00258789 7.58396e-06

0.00258789 7.57529e-06
0.0026123 1.25361e-05

0.0026123 1.08664e-05
0.00263672 1.49856e-05

0.00263672 1.49262e-05
0.00266113 1.06634e-05

0.00266113 1.1898e-05
0.00268555 8.29535e-06

0.00268555 7.50887e-06
0.00270996 1.37879e-05

0.00270996 1.39087e-05
0.00273438 1.40655e-05

0.00273437 1.38433e-05
0.00275879 7.66491e-06

0.00275879 8.43507e-06
0.0027832 1.18404e-05

0.0027832 1.07705e-05
0.00280762 1.48125e-05

0.00280762 1.48205e-05
0.00283203 1.08122e-05

0.00283203 1.19762e-05
0.00285645 8.29195e-06

0.00285645 7.54024e-06
0.00288086 1.36958e-05

0.00288086 1.38462e-05
0.00290527 1.40384e-05

0.00290527 1.35369e-05
0.00292969 7.95756e-06

0.00292969 8.63025e-06
0.0029541 1.22638e-05

0.0029541 1.15477e-05
0.00297852 1.4372e-05

0.00297852 1.20813e-05
0.00300293 1.25679e-05

0.00300293 1.25479e-05
0.00302734 1.40482e-05

0.00302734 1.29921e-05
0.00305176 1.38004e-05

0.00305176 1.34114e-05
0.00307617 1.43762e-05

0.00307617 1.37369e-05
0.00310059 1.45127e-05

0.00310059 1.40299e-05
0.003125 1.49574e-05

0.00175781 0.0028798
0.00157827 0.00292969

0.0015625 0.00293415
0.00157856 0.00292969

0.00175781 0.00288031
0.00195312 0.00281731

0.00234375 0.0026593
0.00217221 0.00273438

0.00195312 0.00281765
0.00214844 0.00274421

0.00214844 0.00274383
0.00217004 0.00273438

0.00292969 0.00231068
0.00288401 0.00234375

0.003125 0.00214747
0.00312394 0.00214844

0.00302734 0.00223303
0.00301102 0.00224609

0.00297852 0.00227089
0.0029479 0.00229492

0.00292969 0.00230959
0.00294862 0.00229492

0.00300293 0.00225179
0.00297932 0.00227051

0.00297852 0.00227181
0.00298013 0.00227051

0.00300293 0.00224744
0.00300466 0.00224609

0.00307617 0.00218816
0.00306576 0.00219727

0.00302734 0.00223245
0.00306874 0.00219727

0.00307617 0.00219041
0.00312316 0.00214844

0.00244141 0.00261147
0.00238966 0.00263672

0.00234375 0.00265759
0.00238652 0.00263672

0.00244141 0.00261098
0.00253906 0.00255976

0.00273438 0.00244651
0.00257808 0.00253906

0.00253906 0.00255909
0.00257345 0.00253906

0.00283203 0.00237982
0.00273986 0.00244141

0.00273438 0.00244435
0.00273896 0.00244141

0.00283203 0.00237909
0.0028812 0.00234375

0.003125 1.43583e-05
0.00314941 1.53594e-05

0.00314941 1.47665e-05
0.00317383 1.58478e-05

0.00317383 1.52362e-05
0.00319824 1.62897e-05

0.00319824 1.57173e-05
0.00322266 1.67108e-05

0.00322266 1.61327e-05
0.00324707 1.71519e-05

0.00324707 1.67437e-05
0.00327148 1.75392e-05

0.00327148 1.63726e-05
0.0032959 1.83958e-05

0.0032959 1.86206e-05
0.00332031 1.95854e-05

0.00332031 1.8028e-05
0.00334473 1.867e-05

0.00334473 1.95554e-05
0.00336914 1.99347e-05

0.00336914 1.25741e-05
0.00339287 2.44141e-05

0.0033896 2.44141e-05
0.00339355 2.60998e-05

0.00339355 2.41784e-05
0.00339377 2.44141e-05

0.00339355 2.85618e-05
0.00341617 4.88281e-05

0.00341673 4.88281e-05
0.00341797 5.00001e-05

0.00341797 5.05323e-05
0.00344095 7.32422e-05

0.00344104 7.32422e-05
0.00344238 7.46272e-05

0.00344238 7.48952e-05
0.00346371 9.76563e-05

0.00346422 9.76563e-05
0.0034668 0.000100546

0.0034668 0.000101298
0.00348504 0.00012207

0.00348483 0.00012207
0.00349121 0.000129671

0.00349121 0.00012931
0.00350537 0.000146484

0.00350564 0.000146484
0.00351563 0.000159505

0.00351563 0.000159974
0.0035423 0.000195313

0.00354258 0.000195313
0.00356445 0.000228

0.00356445 0.000229396
0.00357412 0.000244141

0.00357482 0.000244141
0.00360377 0.000292969

0.00360456 0.000292969
0.00361328 0.000310483

0.00361328 0.000312004
0.00362889 0.000341797

0.00362911 0.000341797
0.0036518 0.000390625

0.00365247 0.000390625
0.00369003 0.000488281

0.00368986 0.000488281
0.00371094 0.000562553

0.00371094 0.000564519
0.00371702 0.000585938

0.00371724 0.000585937
0.00373611 0.000683594

0.00373574 0.000683594
0.00374693 0.00078125

0.00374891 0.00078125
0.00374946 0.000976562

0.00374915 0.000976562
0.00372104 0.00117188

0.00371094 0.00120844
0.00366515 0.00136719

0.00366519 0.00136719
0.00357966 0.0015625

0.00371094 0.00120349
0.00371884 0.00117187

0.00332031 0.00194337
0.00331208 0.00195312

0.00351563 0.0016738
0.00346256 0.00175781

0.00339355 0.00185308
0.00339175 0.00185547

0.00341797 0.00182112
0.00341078 0.00183105

0.00339355 0.0018529
0.00340985 0.00183105

0.00336914 0.00188404
0.00335328 0.0019043

0.00332031 0.00194431
0.00335357 0.0019043

0.00336914 0.00188469
0.00339183 0.00185547

0.00346181 0.00175781
0.00342771 0.00180664

0.00341797 0.00181916
0.00342686 0.00180664

0.003125 0.00214775
0.00322266 0.00205261

0.00331372 0.00195313
0.0032245 0.00205078

0.00322266 0.00205395
0.00322573 0.00205078

0.00357759 0.0015625
0.00352367 0.00166016

0.00351563 0.00167142
0.00352247 0.00166016

