7.1624e-05 0
7.32422e-05 4.74618e-06

7.32422e-05 1.41821e-06
9.5835e-05 2.44141e-05

9.74686e-05 2.44141e-05
9.76563e-05 2.44777e-05

9.76563e-05 1.42993e-05
0.00012207 1.46288e-05

0.000120825 2.44141e-05
0.00012207 2.44206e-05

0.00012207 1.37345e-05
0.000146484 1.43238e-05

0.000146484 1.47505e-05
0.000170898 1.51022e-05

0.000170898 1.45713e-05
0.000195313 1.40459e-05

0.000195313 1.45791e-05
0.000219727 1.44407e-05

0.000219727 1.40331e-05
0.000244141 1.43666e-05

0.000244141 1.44845e-05
0.000268555 1.50606e-05

0.000268555 1.51062e-05
0.000292969 1.42123e-05

0.000292969 1.44218e-05
0.000317383 1.37038e-05

0.000317383 1.39879e-05
0.000341797 1.42153e-05

0.000341797 1.43588e-05
0.000366211 1.41177e-05

0.000366211 1.41106e-05
0.000390625 1.37206e-05

0.000390625 1.40348e-05
0.000415039 1.38451e-05

0.000415039 1.39073e-05
0.000439453 1.36362e-05

0.000439453 1.38353e-05
0.000463867 1.36359e-05

0.000463867 1.3733e-05
0.000488281 1.35117e-05

0.000488281 1.36576e-05
0.000512695 1.34839e-05

0.000512695 1.35841e-05
0.000537109 1.34034e-05

0.000537109 1.35313e-05
0.000561523 1.33438e-05

0.000561523 1.34349e-05
0.000585937 1.32775e-05

0.000585938 1.33461e-05
0.000610352 1.32991e-05

0.000610352 1.33401e-05
0.000634766 1.33039e-05

0.000634766 1.34655e-05
0.00065918 1.3127e-05

0.00065918 1.3193e-05
0.000683594 1.29611e-05

0.000683594 1.29843e-05
0.000708008 1.32752e-05

0.000708008 1.31249e-05
0.000732422 1.34471e-05

0.000732422 1.34029e-05
0.000756836 1.33234e-05

0.000756836 1.32567e-05
0.00078125 1.31998e-05

0.00078125 1.31033e-05
0.000805664 1.35406e-05

0.000805664 1.3446e-05
0.000830078 1.36484e-05

0.000830078 1.35259e-05
0.000854492 1.34158e-05

0.000854492 1.34101e-05
0.000878906 1.3522e-05

0.000878906 1.33046e-05
0.00090332 1.38021e-05

0.00090332 1.37385e-05
0.000927734 1.39329e-05

0.000927734 1.37152e-05
0.000952148 1.36831e-05

0.000952148 1.366e-05
0.000976562 1.39631e-05

0.000976562 1.37873e-05
0.00100098 1.40683e-05

0.00100098 1.38974e-05
0.00102539 1.4153e-05

0.00102539 1.39246e-05
0.0010498 1.43226e-05

0.0010498 1.42332e-05
0.00107422 1.44323e-05

0.00107422 1.4073e-05
0.00109863 1.44844e-05

0.00109863 1.45607e-05
0.00112305 1.47513e-05

0.00112305 1.43003e-05
0.00114746 1.45592e-05

0.00114746 1.43e-05
0.00117187 1.54246e-05

0.00117188 1.51315e-05
0.00119629 1.55551e-05

0.00119629 1.5277e-05
0.0012207 1.51506e-05

0.0012207 1.51291e-05
0.00124512 1.5347e-05

0.00124512 1.54109e-05
0.00126953 1.53801e-05

0.00126953 1.51061e-05
0.00129395 1.53184e-05

0.00129395 1.57631e-05
0.00131836 1.53838e-05

0.00131836 1.49032e-05
0.00134277 1.4887e-05

0.00134277 1.61058e-05
0.00136719 1.50129e-05

0.00134277 2.44558e-05
0.00134506 2.44141e-05

0.0013916 1.2007e-06
0.00136969 2.44141e-05

0.00136719 2.46498e-05
0.00136785 2.44141e-05

0.0013916 4.36299e-06
0.00139308 0

0.00146284 0
0.00146484 5.86879e-06

0.00146484 4.54811e-06
0.00148422 2.44141e-05

0.00148488 2.44141e-05
0.00148926 2.59647e-05

0.00148926 1.72887e-05
0.00151367 1.7739e-05

0.00150893 2.44141e-05
0.00151367 2.44459e-05

0.00151367 1.71734e-05
0.00153809 1.6825e-05

0.00151367 2.44191e-05
0.00151485 2.44141e-05

0.0015625 5.81965e-06
0.00154337 2.44141e-05

0.00153809 2.61534e-05
0.0015432 2.44141e-05

0 0.00312289
0.000390625 0.00311186

0.000390625 0.00311215
0.00078125 0.00307849

0.00078125 0.00307913
0.00117187 0.00302099

0.00117188 0.00302205
0.0015625 0.00293603

0.0015625 7.29018e-06
0.00156509 0

0.00165636 0
0.00166016 9.26237e-06

0.00166016 1.03851e-05
0.00167542 2.44141e-05

0.00167465 2.44141e-05
0.00168457 2.80069e-05

0.00168457 1.82203e-05
0.00170898 1.85268e-05

0.00169574 2.44141e-05
0.00170898 2.45002e-05

0.0017334 1.11776e-05
0.0017183 2.44141e-05

0.00170898 2.801e-05
0.00171921 2.44141e-05

0.0017334 1.1828e-05
0.00173843 0

0.00179967 0
0.00180664 1.4937e-05

0.00180664 9.19261e-06
0.00183105 1.21092e-05

0.00183105 5.97414e-06
0.00185547 4.13123e-07

0.00185547 5.98599e-08
0.00187988 1.7334e-05

0.00187988 9.418e-06
0.0019043 1.16491e-05

0.0019043 9.44486e-06
0.00192871 1.03658e-05

0.00192871 9.91183e-06
0.00195312 1.21963e-05

0.00195312 9.53984e-06
0.00197754 1.297e-05

0.00197754 1.3595e-05
0.00200195 1.28976e-05

0.00200195 1.52663e-05
0.00202637 6.31916e-06

0.00202637 6.82244e-06
0.00205078 9.20256e-06

0.00205078 9.56046e-06
0.0020752 1.45516e-05

0.0020752 9.94801e-06
0.00209961 1.19473e-05

0.00209961 1.34592e-05
0.00212402 1.32351e-05

0.00212402 1.30009e-05
0.00214844 8.598e-06

0.00214844 8.21225e-06
0.00217285 1.3005e-05

0.00217285 1.37841e-05
0.00219727 1.38107e-05

0.00219727 1.31167e-05
0.00222168 8.13595e-06

0.00222168 8.03834e-06
0.00224609 1.33358e-05

0.00224609 1.40404e-05
0.00227051 1.38592e-05

0.00227051 1.37546e-05
0.00229492 7.37635e-06

0.00229492 8.11912e-06
0.00231934 1.19251e-05

0.00231934 1.06313e-05
0.00234375 1.50134e-05

0.00234375 1.50569e-05
0.00236816 1.08025e-05

0.00236816 1.25068e-05
0.00239258 7.48301e-06

0.00239258 7.49211e-06
0.00241699 1.24812e-05

0.00241699 1.07179e-05
0.00244141 1.51143e-05

0.00244141 1.51116e-05
0.00246582 1.07118e-05

0.00246582 1.24704e-05
0.00249023 7.50743e-06

0.00249023 7.50802e-06
0.00251465 1.25023e-05

0.00251465 1.07368e-05
0.00253906 1.50935e-05

0.00253906 1.50893e-05
0.00256348 1.07195e-05

0.00256348 1.24443e-05
0.00258789 7.5711e-06

0.00258789 7.56269e-06
0.0026123 1.25286e-05

0.0026123 1.08584e-05
0.00263672 1.49911e-05

0.00263672 1.49324e-05
0.00266113 1.06533e-05

0.00266113 1.18876e-05
0.00268555 8.28367e-06

0.00268555 7.49733e-06
0.00270996 1.37966e-05

0.00270996 1.39072e-05
0.00273438 1.40676e-05

0.00273437 1.38306e-05
0.00275879 7.67959e-06

0.00275879 8.4477e-06
0.0027832 1.18594e-05

0.0027832 1.0804e-05
0.00280762 1.47924e-05

0.00280762 1.4785e-05
0.00283203 1.08094e-05

0.00283203 1.19435e-05
0.00285645 8.38155e-06

0.00285645 7.63987e-06
0.00288086 1.36953e-05

0.00288086 1.38234e-05
0.00290527 1.40112e-05

0.00290527 1.35476e-05
0.00292969 8.04032e-06

0.00292969 8.72561e-06
0.0029541 1.21963e-05

0.0029541 1.15224e-05
0.00297852 1.42947e-05

0.00297852 1.20603e-05
0.00300293 1.2539e-05

0.00300293 1.2516e-05
0.00302734 1.39646e-05

0.00302734 1.29288e-05
0.00305176 1.37318e-05

0.00305176 1.32906e-05
0.00307617 1.43681e-05

0.00307617 1.36412e-05
0.00310059 1.46417e-05

0.00310059 1.40702e-05
0.003125 1.5138e-05

0.00175781 0.00287995
0.00157889 0.00292969

0.0015625 0.00293432
0.00157916 0.00292969

0.00175781 0.00288046
0.00195312 0.00281742

0.00234375 0.00265935
0.00217237 0.00273438

0.00195312 0.00281776
0.00214844 0.00274429

0.00214844 0.00274392
0.00217023 0.00273438

0.00292969 0.00231061
0.00288393 0.00234375

0.003125 0.0021474
0.00312386 0.00214844

0.00302734 0.0022329
0.00301086 0.00224609

0.00297852 0.0022708
0.0029478 0.00229492

0.00292969 0.00230952
0.00294851 0.00229492

0.00300293 0.0022517
0.00297921 0.00227051

0.00297852 0.00227169
0.00297999 0.00227051

0.00300293 0.00224727
0.00300443 0.00224609

0.00307617 0.00218802
0.0030656 0.00219727

0.00302734 0.00223236
0.00306862 0.00219727

0.00307617 0.00219029
0.003123 0.00214844

0.00244141 0.00261149
0.00238973 0.00263672

0.00234375 0.00265763
0.0023866 0.00263672

0.00244141 0.00261101
0.00253906 0.00255977

0.00273438 0.00244647
0.00257808 0.00253906

0.00253906 0.0025591
0.00257346 0.00253906

0.00283203 0.00237976
0.00273981 0.00244141

0.00273438 0.00244434
0.00273894 0.00244141

0.00283203 0.00237902
0.00288109 0.00234375

0.003125 1.45227e-05
0.00314941 1.54612e-05

0.00314941 1.49232e-05
0.00317383 1.58216e-05

0.00317383 1.52766e-05
0.00319824 1.62156e-05

0.00319824 1.57066e-05
0.00322266 1.66547e-05

0.00322266 1.61461e-05
0.00324707 1.70209e-05

0.00324707 1.64355e-05
0.00327148 1.75101e-05

0.00327148 1.69858e-05
0.0032959 1.81798e-05

0.0032959 1.76793e-05
0.00332031 1.85568e-05

0.00332031 1.762e-05
0.00334473 1.92773e-05

0.00334473 1.92687e-05
0.00336914 2.02822e-05

0.00336914 1.39108e-05
0.00339224 2.44141e-05

0.00339141 2.44141e-05
0.00339355 2.52019e-05

0.00339355 2.68622e-05
0.00341797 4.78116e-05

0.00341791 4.88281e-05
0.00341797 4.88861e-05

0.00341797 4.8315e-05
0.00341849 4.88281e-05

0.00341797 4.89953e-05
0.00344185 7.32422e-05

0.00344194 7.32422e-05
0.00344238 7.37032e-05

0.00344238 7.38372e-05
0.00346445 9.76563e-05

0.00346497 9.76563e-05
0.0034668 9.97113e-05

0.0034668 0.000100459
0.00348563 0.00012207

0.0034854 0.00012207
0.00349121 0.000129045

0.00349121 0.000128702
0.00350579 0.000146484

0.00350604 0.000146484
0.00351563 0.000159047

0.00351563 0.000159468
0.00354254 0.000195313

0.00354282 0.000195313
0.00356445 0.000227798

0.00356445 0.000229271
0.00357417 0.000244141

0.00357489 0.000244141
0.0036037 0.000292969

0.00360447 0.000292969
0.00361328 0.000310719

0.00361328 0.000312196
0.00362873 0.000341797

0.00362895 0.000341797
0.00365157 0.000390625

0.00365223 0.000390625
0.00368969 0.000488281

0.00368951 0.000488281
0.00371094 0.000563953

0.00371094 0.000565863
0.00371662 0.000585938

0.00371684 0.000585937
0.00373568 0.000683594

0.00373531 0.000683594
0.00374649 0.00078125

0.00374847 0.00078125
0.00374903 0.000976562

0.00374872 0.000976562
0.00372064 0.00117188

0.00371094 0.00120703
0.00366478 0.00136719

0.00366484 0.00136719
0.00357937 0.0015625

0.00371094 0.00120185
0.00371843 0.00117187

0.00332031 0.00194323
0.00331197 0.00195312

0.00351563 0.00167341
0.00346234 0.00175781

0.00339355 0.0018528
0.00339155 0.00185547

0.00341797 0.00182054
0.00341036 0.00183105

0.00339355 0.00185262
0.00340964 0.00183105

0.00336914 0.00188378
0.0033531 0.0019043

0.00332031 0.00194407
0.00335336 0.0019043

0.00336914 0.00188444
0.00339162 0.00185547

0.00346158 0.00175781
0.00342749 0.00180664

0.00341797 0.00181905
0.00342678 0.00180664

0.003125 0.00214762
0.00322266 0.00205244

0.00331353 0.00195313
0.00322433 0.00205078

0.00322266 0.00205379
0.00322557 0.00205078

0.0035773 0.0015625
0.00352341 0.00166016

0.00351563 0.00167083
0.0035221 0.00166016

