7.10766e-05 0
7.32422e-05 5.35814e-06

9.04226e-05 0
9.76563e-05 1.50964e-05

9.76563e-05 1.0802e-07
0.00012207 2.2988e-05

0.00012207 1.8638e-05
0.000146484 1.08845e-05

0.000146484 1.3581e-05
0.000169894 0

0.000170898 2.42294e-06
0.000195313 1.33111e-05

0.000195313 9.24052e-06
0.000219727 1.38241e-05

0.000219727 1.01886e-05
0.000244141 1.07257e-05

0.000244141 1.0696e-05
0.000268555 1.30184e-05

0.000268555 1.13975e-05
0.000292969 1.24398e-05

0.000292969 1.19193e-05
0.000317383 1.31679e-05

0.000317383 1.23647e-05
0.000341797 1.31695e-05

0.000341797 1.27128e-05
0.000366211 1.34993e-05

0.000366211 1.30039e-05
0.000390625 1.36538e-05

0.000390625 1.32828e-05
0.000415039 1.38759e-05

0.000415039 1.35547e-05
0.000439453 1.39817e-05

0.000439453 1.37569e-05
0.000463867 1.40434e-05

0.000463867 1.38419e-05
0.000488281 1.41291e-05

0.000488281 1.39428e-05
0.000512695 1.42965e-05

0.000512695 1.42253e-05
0.000537109 1.42913e-05

0.000537109 1.40513e-05
0.000561523 1.42904e-05

0.000561523 1.39923e-05
0.000585937 1.48967e-05

0.000585938 1.46561e-05
0.000610352 1.51166e-05

0.000610352 1.4941e-05
0.000634766 1.46902e-05

0.000634766 1.45922e-05
0.00065918 1.4775e-05

0.00065918 1.42699e-05
0.000683594 1.56568e-05

0.000683594 1.57707e-05
0.000708008 1.58854e-05

0.000708008 1.57823e-05
0.000732422 1.43375e-05

0.000732422 1.43951e-05
0.000756836 1.4871e-05

0.000756836 1.53551e-05
0.00078125 1.55414e-05

0 0.0012716
2.44141e-05 0.00127171

2.44141e-05 0.00127171
4.88281e-05 0.00127203

4.88281e-05 0.00127203
7.32422e-05 0.00127256

7.32422e-05 0.00127256
9.76563e-05 0.00127331

9.76563e-05 0.00127331
0.00012207 0.00127427

0.00012207 0.00127427
0.000146484 0.00127545

0.000146484 0.00127545
0.000170898 0.00127685

0.000170898 0.00127685
0.000195313 0.00127847

0.000195313 0.00127847
0.000219727 0.00128032

0.000219727 0.0012803
0.000244141 0.00128242

0.000244141 0.00128239
0.000292969 0.00128728

0.000292969 0.00128727
0.000341797 0.00129303

0.000341797 0.00129306
0.000348512 0.00129395

0.000348187 0.00129395
0.000366211 0.00129631

0.000366211 0.00129631
0.000390625 0.00129971

0.000390625 0.00129969
0.000415039 0.00130333

0.000415039 0.00130333
0.000439453 0.00130722

0.000439453 0.00130717
0.000488281 0.00131566

0.000488281 0.00131569
0.00050243 0.00131836

0.000502254 0.00131836
0.000512695 0.00132033

0.000512695 0.00132031
0.000537109 0.00132517

0.000537109 0.00132518
0.000561523 0.00133025

0.000561523 0.00133025
0.000585937 0.00133555

0.000585938 0.00133554
0.000610352 0.00134105

0.000610352 0.00134104
0.000617688 0.00134277

0.000617638 0.00134277
0.000634766 0.00134681

0.000634766 0.00134681
0.00065918 0.0013528

0.00065918 0.0013528
0.000683594 0.00135903

0.000683594 0.00135902
0.000708008 0.0013655

0.000708008 0.00136549
0.000714155 0.00136719

0.000714085 0.00136719
0.000732422 0.00137225

0.000732422 0.00137226
0.000756836 0.00137922

0.000756836 0.00137921
0.00078125 0.00138639

0.00078125 1.53921e-05
0.000805664 1.41808e-05

0.000805664 1.46001e-05
0.000830078 1.43287e-05

0.000830078 1.44483e-05
0.000854492 1.46926e-05

0.000854492 1.48564e-05
0.000878906 1.44613e-05

0.000878906 1.46851e-05
0.00090332 1.38285e-05

0.00090332 1.40589e-05
0.000927734 1.39216e-05

0.000927734 1.41619e-05
0.000952148 1.41402e-05

0.000952148 1.41953e-05
0.000976562 1.37518e-05

0.000976562 1.40099e-05
0.00100098 1.36152e-05

0.00100098 1.3905e-05
0.00102539 1.34464e-05

0.00102539 1.36736e-05
0.0010498 1.32673e-05

0.0010498 1.3677e-05
0.00107422 1.30755e-05

0.00107422 1.32396e-05
0.00109863 1.28266e-05

0.00109863 1.36828e-05
0.00112305 1.24772e-05

0.00112305 1.22871e-05
0.00114746 1.20876e-05

0.00114746 1.43818e-05
0.00117187 1.15036e-05

0.00117188 1.23533e-05
0.00119629 8.22053e-06

0.00119629 7.43956e-06
0.0012207 1.34829e-05

0.0012207 1.39782e-05
0.00124512 1.40594e-05

0.00124512 1.36961e-05
0.00126953 7.33499e-06

0.00126953 7.95617e-06
0.00129395 1.22392e-05

0.00129395 1.21889e-05
0.00131836 1.39633e-05

0.00131836 1.32405e-05
0.00134277 9.25628e-06

0.00134277 1.16945e-05
0.00136719 9.43795e-06

0.00136719 2.13664e-05
0.00138991 0

0.0013916 9.92678e-06
0.00139543 0

0.00146206 0
0.00146484 7.85303e-06

0.00146484 1.24352e-06
0.00148739 2.44141e-05

0.00148816 2.44141e-05
0.00148926 2.479e-05

0.00148926 1.43272e-05
0.00151367 1.60581e-05

0.00151318 2.44141e-05
0.00151367 2.4428e-05

0.00151367 1.59116e-05
0.00153809 1.43186e-05

0.00151367 2.44205e-05
0.00151392 2.44141e-05

0.0015625 1.36514e-06
0.00154023 2.44141e-05

0.00153809 2.45542e-05
0.00153849 2.44141e-05

0.00078125 0.00138639
0.000798461 0.0013916

0.000798317 0.0013916
0.000805664 0.00139383

0.000805664 0.00139379
0.000830078 0.00140139

0.000830078 0.00140137
0.00087543 0.00141602

0.000875315 0.00141602
0.000878906 0.00141719

0.000878906 0.0014172
0.00090332 0.00142534

0.00090332 0.00142534
0.000927734 0.00143363

0.000927734 0.00143362
0.000947375 0.00144043

0.000947352 0.00144043
0.000952148 0.00144209

0.000952148 0.00144209
0.000976562 0.00145074

0.000976562 0.00145073
0.00100098 0.00145956

0.00100098 0.00145955
0.0010153 0.00146484

0.00101524 0.00146484
0.00102539 0.00146859

0.00102539 0.00146859
0.0010498 0.00147777

0.0010498 0.00147776
0.00107422 0.0014871

0.00107422 0.00148709
0.00112305 0.00150621

0.00112305 0.00150624
0.00114157 0.00151367

0.00114156 0.00151367
0.00114746 0.00151603

0.00114746 0.00151601
0.00117187 0.00152584

0.00117188 0.00152583
0.00119629 0.00153577

0.00119629 0.00153575
0.00120195 0.00153809

0.00120188 0.00153809
0.0012207 0.00154585

0.0012207 0.00154584
0.00124512 0.00155603

0.00124512 0.00155602
0.00126045 0.0015625

0.0012604 0.0015625
0.00126953 0.00156636

0.00126953 0.00156636
0.00129395 0.00157678

0.00129395 0.00157678
0.00131744 0.00158691

0.00131741 0.00158691
0.00131836 0.00158732

0.00131836 0.00158732
0.00136719 0.00160856

0.00136719 0.00160854
0.00137354 0.00161133

0.00137344 0.00161133
0.0013916 0.00161928

0.0013916 0.00161927
0.00141602 0.00162999

0.00141602 0.00162998
0.00142908 0.00163574

0.00142903 0.00163574
0.00144043 0.00164077

0.00144043 0.00164076
0.00146484 0.00165158

0.00146484 0.00165158
0.0014841 0.00166016

0.00148406 0.00166016
0.00148926 0.00166247

0.00148926 0.00166247
0.00151367 0.00167339

0.00151367 0.00167338
0.00153809 0.00168434

0.00153809 0.00168429
0.00153871 0.00168457

0.00153856 0.00168457
0.0015625 0.00169532

0.0015625 5.70404e-06
0.00156446 0

0.001655 0
0.00166016 1.22516e-05

0.00166016 1.06084e-05
0.0016761 2.44141e-05

0.00167479 2.44141e-05
0.00168457 2.77528e-05

0.00168457 1.81224e-05
0.00170898 1.77481e-05

0.00168457 2.45142e-05
0.00169651 2.44141e-05

0.0017334 9.55403e-06
0.00171747 2.44141e-05

0.00170898 2.76515e-05
0.001718 2.44141e-05

0.0017334 7.30961e-06
0.0017363 0

0.00180494 0
0.00180664 4.5641e-06

0.00181839 0
0.00183105 1.05543e-05

0.00184368 0
0.00185547 9.88712e-06

0.00185797 0
0.00187988 1.49687e-05

0.00187988 5.27543e-06
0.0019043 1.02342e-05

0.0019043 6.78453e-06
0.00192871 1.08538e-05

0.00192871 7.81249e-06
0.00195312 1.15972e-05

0.00195312 7.43409e-06
0.00197754 1.42417e-05

0.00197754 1.7021e-05
0.00200195 1.08089e-05

0.00200195 1.46626e-05
0.00202516 0

0.00202637 1.40183e-06
0.00205078 1.18942e-05

0.00205078 8.36692e-06
0.0020752 1.46744e-05

0.0020752 8.2119e-06
0.00209961 1.19325e-05

0.00209961 1.38608e-05
0.00212402 1.38029e-05

0.00212402 1.37146e-05
0.00214844 6.35426e-06

0.00214844 5.71035e-06
0.00217285 1.32358e-05

0.00217285 1.45009e-05
0.00219727 1.45034e-05

0.00219727 1.36408e-05
0.00222168 5.30855e-06

0.00222168 5.27025e-06
0.00224609 1.39379e-05

0.00224609 1.45601e-05
0.00227051 1.46327e-05

0.00227051 1.43875e-05
0.00229492 4.91671e-06

0.00229492 5.99261e-06
0.00231934 1.20942e-05

0.00231934 9.8486e-06
0.00234375 1.62516e-05

0.00234375 1.66353e-05
0.00236816 9.91758e-06

0.00236816 1.21359e-05
0.00239258 5.11719e-06

0.00239258 5.47689e-06
0.00241699 1.34144e-05

0.00241699 1.0236e-05
0.00244141 1.58035e-05

0.00244141 1.61613e-05
0.00246582 1.01228e-05

0.00246582 1.20744e-05
0.00249023 5.99443e-06

0.00249023 6.24984e-06
0.00251465 1.32351e-05

0.00251465 1.05322e-05
0.00253906 1.54549e-05

0.00253906 1.57133e-05
0.00256348 1.03244e-05

0.00256348 1.20127e-05
0.00258789 6.84358e-06

0.00258789 7.00716e-06
0.0026123 1.31115e-05

0.0026123 1.09206e-05
0.00263672 1.5023e-05

0.00263672 1.51453e-05
0.00266113 1.04396e-05

0.00266113 1.15636e-05
0.00268555 8.15845e-06

0.00268555 7.5015e-06
0.00270996 1.40578e-05

0.00270996 1.39143e-05
0.00273438 1.3925e-05

0.00273437 1.34734e-05
0.00275879 8.10029e-06

0.00275879 8.91564e-06
0.0027832 1.21692e-05

0.0027832 1.11661e-05
0.00280762 1.43737e-05

0.00280762 1.44797e-05
0.00283203 1.0876e-05

0.00283203 1.16734e-05
0.00285645 9.09288e-06

0.00285645 8.55398e-06
0.00288086 1.36623e-05

0.00288086 1.36226e-05
0.00290527 1.35888e-05

0.00290527 1.2894e-05
0.00292969 9.27668e-06

0.00292969 9.49428e-06
0.0029541 1.3069e-05

0.0029541 1.34091e-05
0.00297852 1.33522e-05

0.00297852 1.27697e-05
0.00300293 9.71697e-06

0.00300293 9.83125e-06
0.00302734 1.2989e-05

0.00302734 1.33323e-05
0.00305176 1.32372e-05

0.00305176 1.27929e-05
0.00307617 9.89931e-06

0.00307617 1.03932e-05
0.00310059 1.24318e-05

0.00310059 1.20174e-05
0.003125 1.32811e-05

0.0015625 0.00169533
0.00159298 0.00170898

0.00159294 0.00170898
0.00161133 0.00171721

0.00161133 0.0017172
0.00163574 0.00172811

0.00163574 0.00172809
0.00164762 0.0017334

0.00164756 0.0017334
0.00166016 0.00173903

0.00166016 0.00173901
0.00168457 0.00174992

0.00168457 0.00174991
0.00170225 0.00175781

0.00170221 0.00175781
0.00170898 0.00176084

0.00170898 0.00176084
0.0017334 0.00177173

0.0017334 0.00177173
0.00175699 0.00178223

0.00175692 0.00178223
0.00175781 0.00178262

0.00175781 0.00178262
0.00180664 0.00180417

0.00180664 0.00180413
0.0018124 0.00180664

0.00181228 0.00180664
0.00183105 0.00181485

0.00183105 0.00181484
0.00185547 0.00182546

0.00185547 0.00182545
0.00186844 0.00183105

0.00186838 0.00183105
0.00187988 0.00183603

0.00187988 0.00183601
0.0019043 0.00184652

0.0019043 0.00184651
0.00192522 0.00185547

0.00192519 0.00185547
0.00192871 0.00185698

0.00192871 0.00185697
0.00195312 0.00186736

0.00195312 0.00186736
0.00197754 0.00187768

0.00197754 0.00187764
0.0019829 0.00187988

0.00198273 0.00187988
0.00200195 0.00188794

0.00200195 0.00188794
0.00204161 0.0019043

0.00204157 0.0019043
0.00205078 0.00190807

0.00205078 0.00190806
0.0020752 0.00191797

0.0020752 0.00191796
0.00209961 0.00192778

0.00209961 0.00192775
0.00210203 0.00192871

0.00210191 0.00192871
0.00212402 0.00193753

0.00212402 0.00193752
0.00214844 0.00194716

0.00214844 0.00194715
0.0021637 0.00195312

0.00216365 0.00195312
0.00217285 0.00195673

0.00217285 0.00195671
0.00219727 0.00196617

0.00219727 0.00196621
0.00224609 0.00198476

0.00224609 0.00198476
0.00229264 0.00200195

0.00229267 0.00200195
0.00229492 0.00200278

0.00229492 0.00200277
0.00231934 0.00201158

0.00231934 0.00201158
0.00234375 0.00202026

0.00234375 0.00202026
0.00236117 0.00202637

0.00236112 0.00202637
0.00236816 0.00202884

0.00236816 0.00202883
0.00239258 0.00203727

0.00239258 0.00203727
0.00241699 0.00204558

0.00241699 0.00204558
0.00243248 0.00205078

0.00243242 0.00205078
0.00244141 0.0020538

0.00244141 0.00205379
0.00246582 0.00206187

0.00246582 0.00206187
0.00249023 0.0020698

0.00249023 0.00206984
0.00253906 0.00208523

0.00253906 0.00208521
0.00258664 0.00209961

0.0025867 0.00209961
0.00258789 0.00209997

0.00258789 0.00209996
0.0026123 0.00210713

0.0026123 0.00210712
0.00263672 0.00211413

0.00263672 0.00211413
0.00266113 0.00212099

0.00266113 0.00212097
0.00267221 0.00212402

0.00267212 0.00212402
0.00268555 0.00212772

0.00268555 0.00212771
0.00270996 0.00213428

0.00270996 0.00213428
0.00273438 0.00214071

0.00273437 0.0021407
0.00275879 0.00214699

0.00275879 0.00214697
0.00276464 0.00214844

0.00276449 0.00214844
0.0027832 0.00215315

0.0027832 0.00215314
0.00280762 0.00215913

0.00280762 0.00215913
0.00283203 0.00216496

0.00283203 0.00216501
0.00288086 0.00217615

0.00288086 0.00217615
0.00292969 0.00218658

0.00292969 0.00218657
0.00297852 0.0021963

0.00297852 0.00219623
0.00298409 0.00219727

0.00298381 0.00219727
0.00300293 0.00220088

0.00300293 0.00220087
0.00302734 0.0022053

0.00302734 0.0022053
0.00305176 0.00220956

0.00305176 0.00220956
0.00307617 0.00221364

0.00307617 0.00221364
0.00310059 0.00221753

0.00310059 0.00221753
0.003125 0.00222125

0.003125 1.22527e-05
0.00314941 1.22621e-05

0.00314941 1.23782e-05
0.00317383 1.29332e-05

0.00317383 1.25327e-05
0.00319824 1.27429e-05

0.00319824 1.26493e-05
0.00322266 1.29534e-05

0.00322266 1.27525e-05
0.00324707 1.29474e-05

0.00324707 1.28402e-05
0.00327148 1.30363e-05

0.00327148 1.29124e-05
0.0032959 1.30644e-05

0.0032959 1.29716e-05
0.00332031 1.31206e-05

0.00332031 1.30253e-05
0.00334473 1.31638e-05

0.00334473 1.30769e-05
0.00336914 1.32135e-05

0.00336914 1.31288e-05
0.00339355 1.32563e-05

0.00339355 1.31772e-05
0.00341797 1.32969e-05

0.00341797 1.32213e-05
0.00344238 1.3337e-05

0.00344238 1.32639e-05
0.0034668 1.33781e-05

0.0034668 1.33093e-05
0.00349121 1.3415e-05

0.00349121 1.33543e-05
0.00351563 1.34419e-05

0.00351563 1.3389e-05
0.00354004 1.34634e-05

0.00354004 1.34083e-05
0.00356445 1.34969e-05

0.00356445 1.34244e-05
0.00358887 1.35582e-05

0.00358887 1.34624e-05
0.00361328 1.36401e-05

0.00361328 1.35298e-05
0.0036377 1.37158e-05

0.0036377 1.36049e-05
0.00366211 1.37743e-05

0.00366211 1.36599e-05
0.00368652 1.38391e-05

0.00368652 1.37017e-05
0.00371094 1.39467e-05

0.00371094 1.37664e-05
0.00373535 1.41028e-05

0.00373535 1.38922e-05
0.00375977 1.42687e-05

0.00375977 1.40597e-05
0.00378418 1.43885e-05

0.00378418 1.41806e-05
0.00380859 1.44908e-05

0.00380859 1.42636e-05
0.00383301 1.46704e-05

0.00383301 1.44567e-05
0.00385742 1.48582e-05

0.00385742 1.4623e-05
0.00388184 1.49532e-05

0.00388184 1.47189e-05
0.00390625 1.51293e-05

0.00390625 1.48591e-05
0.00393066 1.53868e-05

0.00393066 1.50897e-05
0.00395508 1.56308e-05

0.00395508 1.53137e-05
0.00397949 1.58397e-05

0.00397949 1.54723e-05
0.00400391 1.61433e-05

0.00400391 1.57384e-05
0.00402832 1.65757e-05

0.00402832 1.61813e-05
0.00405273 1.69129e-05

0.00405273 1.63203e-05
0.00407715 1.73136e-05

0.00407715 1.68231e-05
0.00410156 1.8106e-05

0.00410156 1.7381e-05
0.00412598 1.86977e-05

0.00412598 1.86432e-05
0.00415039 1.88857e-05

0.00415039 1.85966e-05
0.0041748 1.7967e-05

0.0041748 1.64042e-05
0.00419922 1.98655e-05

0.00419922 2.17467e-05
0.00422363 2.17396e-05

0.00422363 2.05184e-05
0.00424805 1.57371e-05

0.00424805 1.6141e-05
0.00427246 1.77828e-05

0.00427246 1.95253e-05
0.00429688 1.99486e-05

0.00429688 1.90881e-05
0.00432129 1.56824e-05

0.00432129 1.66885e-05
0.0043457 1.61875e-05

0.0043457 1.6913e-05
0.00437012 1.69382e-05

0.00437012 1.70869e-05
0.00439453 1.58352e-05

0.00439453 1.642e-05
0.00441895 1.51871e-05

0.00441895 1.57237e-05
0.00444336 1.50619e-05

0.00444336 1.51424e-05
0.00446777 1.53472e-05

0.00446777 1.58278e-05
0.00449219 1.53014e-05

0.00449219 1.54068e-05
0.0045166 1.42036e-05

0.0045166 1.46029e-05
0.00454102 1.45629e-05

0.00454102 1.45853e-05
0.00456543 1.49609e-05

0.00456543 1.49998e-05
0.00458984 1.47714e-05

0.00458984 1.47333e-05
0.00461426 1.44441e-05

0.00461426 1.40951e-05
0.00463867 1.52124e-05

0.00463867 1.49547e-05
0.00466309 1.60346e-05

0.00466309 1.55023e-05
0.0046875 1.56099e-05

0.003125 0.00222122
0.00312814 0.00222168

0.0031279 0.00222168
0.00314941 0.0022248

0.00314941 0.0022248
0.00317383 0.00222817

0.00317383 0.00222817
0.00319824 0.00223135

0.00319824 0.00223136
0.00322266 0.00223436

0.00322266 0.00223436
0.00324707 0.00223719

0.00324707 0.00223719
0.00327148 0.00223984

0.00327148 0.00223984
0.0032959 0.0022423

0.0032959 0.0022423
0.00332031 0.00224457

0.00332031 0.00224457
0.00333803 0.00224609

0.00333795 0.00224609
0.00334473 0.00224668

0.00334473 0.00224667
0.00336914 0.00224858

0.00336914 0.00224859
0.00339355 0.00225031

0.00339355 0.00225031
0.00341797 0.00225185

0.00341797 0.00225186
0.00344238 0.0022532

0.00344238 0.0022532
0.0034668 0.00225436

0.0034668 0.00225436
0.00349121 0.00225531

0.00349121 0.00225531
0.00351563 0.00225606

0.00351563 0.00225607
0.00354004 0.00225662

0.00354004 0.00225662
0.00356445 0.00225697

0.00356445 0.00225697
0.00358887 0.00225711

0.00358887 0.00225711
0.00361328 0.00225705

0.00361328 0.00225705
0.0036377 0.00225678

0.0036377 0.00225678
0.00366211 0.0022563

0.00366211 0.0022563
0.00368652 0.00225561

0.00368652 0.00225561
0.00371094 0.00225469

0.00371094 0.0022547
0.00373535 0.00225357

0.00373535 0.00225357
0.00375977 0.00225222

0.00375977 0.00225222
0.00378418 0.00225065

0.00378418 0.00225064
0.00380859 0.00224885

0.00385742 0.00224461
0.00384125 0.00224609

0.00385742 0.0022446
0.00388184 0.00224213

0.00388184 0.00224213
0.00390625 0.00223942

0.00380859 0.00224885
0.00383301 0.00224684

0.00383301 0.00224683
0.00384102 0.00224609

0.00390625 0.00223943
0.00393066 0.00223648

0.00393066 0.00223648
0.00395508 0.00223329

0.00395508 0.00223329
0.00397949 0.00222985

0.00397949 0.00222986
0.00400391 0.00222617

0.00400391 0.00222617
0.00402832 0.00222223

0.00405273 0.00221805
0.0040316 0.00222168

0.00402832 0.00222222
0.00403146 0.00222168

0.00405273 0.00221804
0.00407715 0.00221358

0.00407715 0.00221358
0.00410156 0.00220886

0.00410156 0.00220886
0.00412598 0.00220386

0.00412598 0.00220386
0.00415039 0.00219859

0.00419922 0.00218723
0.00415655 0.00219727

0.00415039 0.0021986
0.00415626 0.00219727

0.00419922 0.00218718
0.00424805 0.00217447

0.00424805 0.00217449
0.00429688 0.00216059

0.0043457 0.00214549
0.00433623 0.00214844

0.0043457 0.00214544
0.00439453 0.00212897

0.00441895 0.00212021
0.00440827 0.00212402

0.00439453 0.0021289
0.00440818 0.00212402

0.00441895 0.00212019
0.00444336 0.00211109

0.00449219 0.00209195
0.00447286 0.00209961

0.00444336 0.00211108
0.00446777 0.00210164

0.00446777 0.00210156
0.00447259 0.00209961

0.00429688 0.00216051
0.00432129 0.0021531

0.00432129 0.00215307
0.0043359 0.00214844

0.00458984 0.00204849
0.00458489 0.00205078

0.00449219 0.00209188
0.00454102 0.00207094

0.00454102 0.00207094
0.00458464 0.00205078

0.00458984 0.00204844
0.00463867 0.00202413

0.0046875 0.00199808
0.00468029 0.00200195

0.00463867 0.00202398
0.00466309 0.00201114

0.00466309 0.00201111
0.0046799 0.00200195

0.0046875 1.55507e-05
0.00471191 1.56214e-05

0.00471191 1.49864e-05
0.00473633 1.62464e-05

0.00473633 1.56083e-05
0.00476074 1.77485e-05

0.00476074 1.64871e-05
0.00478516 1.86339e-05

0.00478516 1.766e-05
0.00480957 1.98323e-05

0.00480957 1.86932e-05
0.00483398 2.07724e-05

0.00483398 1.96847e-05
0.0048584 2.1966e-05

0.0048584 2.11965e-05
0.00488281 2.28318e-05

0.00488281 2.16146e-05
0.00490723 2.33056e-05

0.00490606 2.44141e-05
0.00490723 2.44544e-05

0.00490723 2.35542e-05
0.00493164 2.38561e-05

0.00493164 2.12161e-05
0.00495605 2.43002e-05

0.00495414 2.44141e-05
0.00495605 2.4636e-05

0.00495605 2.22169e-05
0.00496032 2.44141e-05

0.00495857 2.44141e-05
0.00498047 3.58618e-05

0.00498047 3.905e-05
0.00499326 4.88281e-05

0.00499351 4.88281e-05
0.00500488 5.75253e-05

0.00500488 5.75875e-05
0.00502538 7.32422e-05

0.00502553 7.32422e-05
0.0050293 7.60951e-05

0.0050293 7.61332e-05
0.00505371 9.50429e-05

0.00505371 9.51205e-05
0.00505695 9.76563e-05

0.00505714 9.76563e-05
0.00507813 0.000114462

0.00507813 0.000114595
0.00508723 0.00012207

0.00508725 0.00012207
0.00510254 0.000134889

0.00510254 0.000135104
0.0051156 0.000146484

0.00511559 0.000146484
0.00512695 0.000156669

0.00512695 0.000156831
0.00514203 0.000170898

0.00514207 0.000170898
0.00515137 0.000179894

0.00515137 0.000179974
0.00516662 0.000195313

0.00516673 0.000195313
0.00517578 0.000204779

0.00517578 0.000204805
0.00518951 0.000219727

0.00518971 0.000219727
0.0052002 0.000231663

0.0052002 0.000231626
0.00521088 0.000244141

0.00521118 0.000244141
0.00522461 0.000260798

0.00522461 0.00026069
0.00523087 0.000268555

0.00523103 0.000268555
0.00524902 0.00029209

0.00524902 0.000292273
0.00524954 0.000292969

0.00524966 0.000292969
0.00526707 0.000317383

0.00526708 0.000317383
0.00527344 0.00032692

0.00527344 0.000326989
0.0052833 0.000341797

0.00528333 0.000341797
0.00529785 0.000365185

0.00529785 0.000365465
0.0052983 0.000366211

0.00529845 0.000366211
0.00531257 0.000390625

0.00531274 0.000390625
0.00532227 0.000408906

0.00532227 0.000408683
0.00532569 0.000415039

0.00532571 0.000415039
0.00533795 0.000439453

0.00533795 0.000439453
0.00534668 0.000458235

0.00534668 0.000458309
0.00534926 0.000463867

0.00534928 0.000463867
0.00535978 0.000488281

0.00535978 0.000488281
0.00536947 0.000512695

0.00536946 0.000512695
0.00537109 0.00051719

0.00537109 0.000517204
0.00537835 0.000537109

0.00537834 0.000537109
0.0053865 0.000561523

0.0053865 0.000561523
0.00539397 0.000585937

0.00539413 0.000585937
0.00540697 0.000634766

0.00540694 0.000634766
0.00541705 0.000683594

0.00541698 0.000683594
0.00541992 0.000702689

0.00541992 0.000702144
0.0054209 0.000708008

0.00542091 0.000708008
0.00542435 0.000732422

0.00542435 0.000732422
0.0054272 0.000756836

0.0054272 0.000756836
0.00542944 0.00078125

0.00542944 0.00078125
0.00543108 0.000805664

0.00543108 0.000805664
0.00543213 0.000830078

0.00543213 0.000830078
0.0054326 0.000854492

0.0054326 0.000854492
0.00543249 0.000878906

0.00543249 0.000878906
0.00543181 0.00090332

0.00543181 0.00090332
0.00543057 0.000927734

0.0054307 0.000927734
0.00542655 0.000976562

0.00541992 0.00102674
0.00541147 0.00107422

0.00542657 0.000976563
0.00542016 0.00102539

0.00541992 0.00102683
0.00542018 0.00102539

0.00541146 0.00107422
0.00540048 0.00112305

0.00540049 0.00112305
0.00538722 0.00117187

0.00527344 0.00143476
0.00525678 0.00146484

0.00522461 0.00151427
0.00519063 0.0015625

0.00525642 0.00146484
0.00522509 0.00151367

0.00522461 0.00151411
0.00522491 0.00151367

0.00537109 0.00122034
0.0053541 0.00126953

0.00535415 0.00126953
0.0053107 0.00136719

0.00538726 0.00117188
0.0053716 0.0012207

0.00537109 0.00122234
0.0053717 0.0012207

0.00531046 0.00136719
0.00528492 0.00141602

0.00527344 0.00143511
0.00528457 0.00141602

0.00478516 0.00193962
0.00476347 0.00195312

0.00478516 0.00193946
0.00483398 0.00190674

0.00488281 0.00187152
0.00483755 0.0019043

0.00483398 0.0019067
0.00483747 0.0019043

0.0050293 0.00174665
0.00501757 0.00175781

0.00507813 0.00169724
0.00506691 0.00170898

0.0050293 0.00174656
0.00506689 0.00170898

0.00493164 0.00183344
0.00490354 0.00185547

0.00498047 0.00179188
0.00496333 0.00180664

0.00493164 0.00183297
0.00496308 0.00180664

0.00488281 0.00187102
0.00490332 0.00185547

0.00498047 0.00179158
0.00501749 0.00175781

0.0046875 0.00199801
0.00473633 0.0019698

0.00473633 0.00196967
0.0047629 0.00195312

0.00512695 0.00164322
0.00511255 0.00166016

0.00517578 0.00158183
0.00515309 0.00161133

0.00512695 0.00164251
0.00515281 0.00161133

0.00507813 0.00169727
0.00511193 0.00166016

0.00517578 0.00158245
0.00519062 0.0015625

