7.17423e-05 0
7.32422e-05 4.41602e-06

7.32422e-05 1.27265e-06
9.58578e-05 2.44141e-05

9.6544e-05 2.44141e-05
9.76563e-05 2.47933e-05

9.76563e-05 1.41524e-05
0.00012207 1.47399e-05

0.00012207 1.40436e-05
0.000146484 1.42636e-05

0.000146484 1.45391e-05
0.000170898 1.46978e-05

0.000170898 1.4405e-05
0.000195313 1.41522e-05

0.000195313 1.40301e-05
0.000219727 1.48092e-05

0.000219727 1.46328e-05
0.000244141 1.51585e-05

0.000244141 1.52786e-05
0.000268555 1.44083e-05

0.000268555 1.47062e-05
0.000292969 1.36883e-05

0.000292969 1.39339e-05
0.000317383 1.41607e-05

0.000317383 1.42433e-05
0.000341797 1.4502e-05

0.000341797 1.46393e-05
0.000366211 1.38583e-05

0.000366211 1.41339e-05
0.000390625 1.34036e-05

0.000390625 1.35771e-05
0.000415039 1.38141e-05

0.000415039 1.38583e-05
0.000439453 1.40359e-05

0.000439453 1.41541e-05
0.000463867 1.3506e-05

0.000463867 1.37344e-05
0.000488281 1.31851e-05

0.000488281 1.33084e-05
0.000512695 1.35391e-05

0.000512695 1.35448e-05
0.000537109 1.37146e-05

0.000537109 1.3789e-05
0.000561523 1.331e-05

0.000561523 1.34969e-05
0.000585937 1.30561e-05

0.000585938 1.31591e-05
0.000610352 1.3298e-05

0.000610352 1.33088e-05
0.000634766 1.34457e-05

0.000634766 1.35256e-05
0.00065918 1.31308e-05

0.00065918 1.32231e-05
0.000683594 1.29585e-05

0.000683594 1.2974e-05
0.000708008 1.33019e-05

0.000708008 1.31551e-05
0.000732422 1.34983e-05

0.000732422 1.34658e-05
0.000756836 1.33085e-05

0.000756836 1.32975e-05
0.00078125 1.3127e-05

0.00078125 1.30446e-05
0.000805664 1.34826e-05

0.000805664 1.3333e-05
0.000830078 1.37287e-05

0.000830078 1.35338e-05
0.000854492 1.35755e-05

0.000854492 1.3633e-05
0.000878906 1.34904e-05

0.000878906 1.33526e-05
0.00090332 1.35459e-05

0.00090332 1.34218e-05
0.000927734 1.39875e-05

0.000927734 1.37588e-05
0.000952148 1.39852e-05

0.000952148 1.39696e-05
0.000976562 1.37817e-05

0.000976562 1.3629e-05
0.00100098 1.3831e-05

0.00100098 1.36581e-05
0.00102539 1.43986e-05

0.00102539 1.41902e-05
0.0010498 1.44039e-05

0.0010498 1.41119e-05
0.00107422 1.42764e-05

0.00107422 1.42117e-05
0.00109863 1.4639e-05

0.00109863 1.43241e-05
0.00112305 1.4736e-05

0.00112305 1.45427e-05
0.00114746 1.49631e-05

0.00114746 1.45482e-05
0.00117187 1.5188e-05

0.00117188 1.52083e-05
0.00119629 1.53417e-05

0.00119629 1.5241e-05
0.0012207 1.47153e-05

0.0012207 1.43055e-05
0.00124512 1.53821e-05

0.00124512 1.53513e-05
0.00126953 1.63848e-05

0.00126953 1.59916e-05
0.00129395 1.54543e-05

0.00129395 1.61609e-05
0.00131836 1.46548e-05

0.00131836 1.40959e-05
0.00134277 1.48411e-05

0.00134277 1.63762e-05
0.00136719 1.56679e-05

0.0013916 7.64657e-07
0.00136986 2.44141e-05

0.0013916 3.89546e-06
0.00139292 0

0.00146288 0
0.00146484 5.77613e-06

0.00146484 4.37514e-06
0.00148434 2.44141e-05

0.00148498 2.44141e-05
0.00148926 2.59231e-05

0.00148926 1.71898e-05
0.00151367 1.76791e-05

0.00150701 2.44141e-05
0.00151367 2.44648e-05

0.00151367 1.69295e-05
0.00153809 1.68872e-05

0.00152962 2.44141e-05
0.00153809 2.44617e-05

0.0015625 6.06392e-06
0.0015436 2.44141e-05

0.00153809 2.65e-05
0.00154422 2.44141e-05

0 0.00312309
0.000390625 0.00311206

0.000390625 0.00311235
0.00078125 0.00307867

0.00078125 0.00307931
0.00117187 0.00302114

0.00117188 0.0030222
0.0015625 0.00293614

0.0015625 6.52118e-06
0.00156482 0

0.00165637 0
0.00166016 9.24831e-06

0.00166016 1.03597e-05
0.00167543 2.44141e-05

0.00167468 2.44141e-05
0.00168457 2.80009e-05

0.00168457 1.82433e-05
0.00170898 1.85718e-05

0.00169612 2.44141e-05
0.00170898 2.45045e-05

0.0017334 1.1196e-05
0.00171832 2.44141e-05

0.00170898 2.80195e-05
0.00171923 2.44141e-05

0.0017334 1.19201e-05
0.00173848 0

0.00180035 0
0.00180664 1.41944e-05

0.00180664 9.42994e-06
0.00183105 1.278e-05

0.00183105 6.36321e-06
0.0018546 0

0.00185547 2.94718e-08
0.00187988 1.74952e-05

0.00187988 9.41513e-06
0.0019043 1.15396e-05

0.0019043 9.40807e-06
0.00192871 1.04156e-05

0.00192871 9.9123e-06
0.00195312 1.218e-05

0.00195312 9.52625e-06
0.00197754 1.29759e-05

0.00197754 1.35984e-05
0.00200195 1.29022e-05

0.00200195 1.52659e-05
0.00202637 6.31345e-06

0.00202637 6.79606e-06
0.00205078 9.23111e-06

0.00205078 9.6619e-06
0.0020752 1.4504e-05

0.0020752 9.87821e-06
0.00209961 1.18395e-05

0.00209961 1.33454e-05
0.00212402 1.33455e-05

0.00212402 1.2993e-05
0.00214844 8.72487e-06

0.00214844 8.33647e-06
0.00217285 1.30231e-05

0.00217285 1.38915e-05
0.00219727 1.37162e-05

0.00219727 1.31436e-05
0.00222168 7.98222e-06

0.00222168 7.8762e-06
0.00224609 1.33152e-05

0.00224609 1.39151e-05
0.00227051 1.39998e-05

0.00227051 1.38449e-05
0.00229492 7.4601e-06

0.00229492 8.18694e-06
0.00231934 1.18347e-05

0.00231934 1.06198e-05
0.00234375 1.50174e-05

0.00234375 1.50547e-05
0.00236816 1.08001e-05

0.00236816 1.25035e-05
0.00239258 7.47975e-06

0.00239258 7.48731e-06
0.00241699 1.24829e-05

0.00241699 1.07162e-05
0.00244141 1.51163e-05

0.00244141 1.51137e-05
0.00246582 1.07115e-05

0.00246582 1.24734e-05
0.00249023 7.50132e-06

0.00249023 7.502e-06
0.00251465 1.25002e-05

0.00251465 1.07326e-05
0.00253906 1.5098e-05

0.00253906 1.50942e-05
0.00256348 1.07177e-05

0.00256348 1.24462e-05
0.00258789 7.56069e-06

0.00258789 7.55152e-06
0.0026123 1.25301e-05

0.0026123 1.08547e-05
0.00263672 1.49996e-05

0.00263672 1.49411e-05
0.00266113 1.06516e-05

0.00266113 1.18908e-05
0.00268555 8.27082e-06

0.00268555 7.48899e-06
0.00270996 1.37939e-05

0.00270996 1.38919e-05
0.00273438 1.40771e-05

0.00273437 1.3821e-05
0.00275879 7.71171e-06

0.00275879 8.48119e-06
0.0027832 1.18655e-05

0.0027832 1.08155e-05
0.00280762 1.4775e-05

0.00280762 1.47691e-05
0.00283203 1.08283e-05

0.00283203 1.19571e-05
0.00285645 8.40637e-06

0.00285645 7.66286e-06
0.00288086 1.36843e-05

0.00288086 1.38255e-05
0.00290527 1.40106e-05

0.00290527 1.35802e-05
0.00292969 8.01607e-06

0.00292969 8.73187e-06
0.0029541 1.21238e-05

0.0029541 1.14701e-05
0.00297852 1.42491e-05

0.00297852 1.19896e-05
0.00300293 1.25398e-05

0.00300293 1.24547e-05
0.00302734 1.40251e-05

0.00302734 1.29192e-05
0.00305176 1.38456e-05

0.00305176 1.33694e-05
0.00307617 1.44746e-05

0.00307617 1.37664e-05
0.00310059 1.46717e-05

0.00310059 1.41553e-05
0.003125 1.50975e-05

0.00175781 0.00288004
0.00157931 0.00292969

0.0015625 0.00293443
0.00157956 0.00292969

0.00175781 0.00288056
0.00195312 0.00281749

0.00234375 0.00265937
0.00217248 0.00273438

0.00195312 0.00281784
0.00214844 0.00274434

0.00214844 0.00274397
0.00217035 0.00273438

0.00292969 0.00231052
0.00288382 0.00234375

0.003125 0.00214724
0.00312369 0.00214844

0.00302734 0.00223271
0.00301063 0.00224609

0.00297852 0.00227068
0.00294766 0.00229492

0.00292969 0.00230942
0.00294837 0.00229492

0.00300293 0.00225158
0.00297906 0.00227051

0.00297852 0.00227154
0.0029798 0.00227051

0.00300293 0.00224717
0.00300431 0.00224609

0.00307617 0.00218786
0.00306542 0.00219727

0.00302734 0.00223224
0.00306846 0.00219727

0.00307617 0.00219013
0.0031228 0.00214844

0.00244141 0.0026115
0.00238975 0.00263672

0.00234375 0.00265766
0.00238663 0.00263672

0.00244141 0.00261101
0.00253906 0.00255976

0.00273438 0.00244642
0.00257804 0.00253906

0.00253906 0.00255908
0.00257342 0.00253906

0.00283203 0.00237968
0.00273972 0.00244141

0.00273438 0.0024443
0.00273886 0.00244141

0.00283203 0.00237892
0.00288095 0.00234375

0.003125 1.45383e-05
0.00314941 1.54034e-05

0.00314941 1.49016e-05
0.00317383 1.57663e-05

0.00317383 1.5282e-05
0.00319824 1.6108e-05

0.00319824 1.56862e-05
0.00322266 1.63973e-05

0.00322266 1.57415e-05
0.00324707 1.68933e-05

0.00324707 1.65103e-05
0.00327148 1.76412e-05

0.00327148 1.66284e-05
0.0032959 1.81011e-05

0.0032959 1.77974e-05
0.00332031 1.9181e-05

0.00332031 1.83757e-05
0.00334473 1.91153e-05

0.00334473 1.92985e-05
0.00336914 1.91592e-05

0.00336914 1.24537e-05
0.00339299 2.44141e-05

0.00339038 2.44141e-05
0.00339355 2.57262e-05

0.00339355 2.77359e-05
0.00341738 4.88281e-05

0.0034174 4.88281e-05
0.00341797 4.93763e-05

0.00341797 4.97561e-05
0.00344159 7.32422e-05

0.00344164 7.32422e-05
0.00344238 7.40054e-05

0.00344238 7.41604e-05
0.00346436 9.76563e-05

0.0034649 9.76563e-05
0.0034668 9.9784e-05

0.0034668 0.000100585
0.00348564 0.00012207

0.00348542 0.00012207
0.00349121 0.00012898

0.00349121 0.000128607
0.00350592 0.000146484

0.0035061 0.000146484
0.00351563 0.000158938

0.00351563 0.000159344
0.00354267 0.000195313

0.00354296 0.000195313
0.00356445 0.000227571

0.00356445 0.000229096
0.00357429 0.000244141

0.00357503 0.000244141
0.00360385 0.000292969

0.00360462 0.000292969
0.00361328 0.000310425

0.00361328 0.000311931
0.00362886 0.000341797

0.00362908 0.000341797
0.00365168 0.000390625

0.00365234 0.000390625
0.00368975 0.000488281

0.00368957 0.000488281
0.00371094 0.000563869

0.00371094 0.000565736
0.00371665 0.000585938

0.00371686 0.000585937
0.00373566 0.000683594

0.00373529 0.000683594
0.00374642 0.00078125

0.00374841 0.00078125
0.00374889 0.000976562

0.00374859 0.000976562
0.00372045 0.00117188

0.00371094 0.00120628
0.00366453 0.00136719

0.00366461 0.00136719
0.00357912 0.0015625

0.00371094 0.00120093
0.00371821 0.00117187

0.00332031 0.001943
0.00331179 0.00195312

0.00351563 0.00167301
0.00346208 0.00175781

0.00339355 0.00185247
0.00339131 0.00185547

0.00341797 0.00182003
0.00340998 0.00183105

0.00339355 0.00185228
0.00340939 0.00183105

0.00336914 0.00188346
0.00335287 0.0019043

0.00332031 0.00194378
0.00335311 0.0019043

0.00336914 0.00188413
0.00339137 0.00185547

0.00346133 0.00175781
0.00342723 0.00180664

0.00341797 0.00181881
0.00342662 0.00180664

0.003125 0.00214743
0.00322266 0.00205222

0.00331329 0.00195313
0.00322411 0.00205078

0.00322266 0.0020536
0.00322539 0.00205078

0.00357705 0.0015625
0.00352315 0.00166016

0.00351563 0.00167029
0.00352177 0.00166016

