7.14199e-05 0
7.32422e-05 5.31234e-06

7.32422e-05 5.87104e-07
9.59903e-05 2.44141e-05

9.6668e-05 2.44141e-05
9.76563e-05 2.4759e-05

9.76563e-05 1.41148e-05
0.00012207 1.52559e-05

0.000119929 2.44141e-05
0.00012207 2.44527e-05

0.00012207 1.42023e-05
0.000146484 1.42016e-05

0.000146484 1.45791e-05
0.000170898 1.47917e-05

0.000170898 1.44423e-05
0.000195313 1.42979e-05

0.000195313 1.45461e-05
0.000219727 1.45959e-05

0.000219727 1.44925e-05
0.000244141 1.43264e-05

0.000244141 1.42179e-05
0.000268555 1.46618e-05

0.000268555 1.48729e-05
0.000292969 1.46496e-05

0.000292969 1.47472e-05
0.000317383 1.37776e-05

0.000317383 1.41218e-05
0.000341797 1.38839e-05

0.000341797 1.39839e-05
0.000366211 1.41748e-05

0.000366211 1.43089e-05
0.000390625 1.39904e-05

0.000390625 1.41759e-05
0.000415039 1.34939e-05

0.000415039 1.37316e-05
0.000439453 1.35349e-05

0.000439453 1.36181e-05
0.000463867 1.37574e-05

0.000463867 1.38496e-05
0.000488281 1.36252e-05

0.000488281 1.37519e-05
0.000512695 1.32885e-05

0.000512695 1.34505e-05
0.000537109 1.33387e-05

0.000537109 1.33834e-05
0.000561523 1.34927e-05

0.000561523 1.35601e-05
0.000585937 1.33896e-05

0.000585938 1.3538e-05
0.000610352 1.30881e-05

0.000610352 1.31131e-05
0.000634766 1.31823e-05

0.000634766 1.32769e-05
0.00065918 1.34493e-05

0.00065918 1.344e-05
0.000683594 1.31057e-05

0.000683594 1.31394e-05
0.000708008 1.31027e-05

0.000708008 1.30949e-05
0.000732422 1.33979e-05

0.000732422 1.3299e-05
0.000756836 1.33813e-05

0.000756836 1.32896e-05
0.00078125 1.33229e-05

0.00078125 1.3298e-05
0.000805664 1.34308e-05

0.000805664 1.33373e-05
0.000830078 1.3469e-05

0.000830078 1.33665e-05
0.000854492 1.35551e-05

0.000854492 1.34348e-05
0.000878906 1.3649e-05

0.000878906 1.35402e-05
0.00090332 1.36982e-05

0.00090332 1.35771e-05
0.000927734 1.37415e-05

0.000927734 1.36508e-05
0.000952148 1.38331e-05

0.000952148 1.36743e-05
0.000976562 1.39179e-05

0.000976562 1.38019e-05
0.00100098 1.40496e-05

0.00100098 1.38458e-05
0.00102539 1.41226e-05

0.00102539 1.39821e-05
0.0010498 1.4293e-05

0.0010498 1.40806e-05
0.00107422 1.43674e-05

0.00107422 1.41719e-05
0.00109863 1.45491e-05

0.00109863 1.43404e-05
0.00112305 1.46994e-05

0.00112305 1.43267e-05
0.00114746 1.49633e-05

0.00114746 1.4791e-05
0.00117187 1.52716e-05

0.00117188 1.48566e-05
0.00119629 1.52174e-05

0.00119629 1.52205e-05
0.0012207 1.54376e-05

0.0012207 1.52975e-05
0.00124512 1.51376e-05

0.00124512 1.48673e-05
0.00126953 1.55249e-05

0.00126953 1.55396e-05
0.00129395 1.59977e-05

0.00129395 1.61687e-05
0.00131836 1.5003e-05

0.00131836 1.46568e-05
0.00134277 1.49157e-05

0.0013416 2.44141e-05
0.00134277 2.44193e-05

0.00134277 1.63421e-05
0.00136719 1.52576e-05

0.00134277 2.44764e-05
0.0013463 2.44141e-05

0.0013916 8.10511e-07
0.00136981 2.44141e-05

0.00136719 2.52614e-05
0.00136954 2.44141e-05

0.0013916 3.31492e-06
0.00139271 0

0.0014629 0
0.00146484 5.7138e-06

0.00146484 4.10345e-06
0.00148429 2.44141e-05

0.00148562 2.44141e-05
0.00148926 2.57224e-05

0.00148926 1.75285e-05
0.00151367 1.80941e-05

0.00151367 1.7207e-05
0.00153809 1.6573e-05

0.0015625 5.92087e-06
0.00154336 2.44141e-05

0.00153809 2.60541e-05
0.00154294 2.44141e-05

0 0.0031232
0.000390625 0.00311217

0.000390625 0.00311245
0.00078125 0.00307877

0.00078125 0.00307941
0.00117187 0.00302122

0.00117188 0.00302228
0.0015625 0.00293621

0.0015625 7.22906e-06
0.00156507 0

0.00165636 0
0.00166016 9.26433e-06

0.00166016 1.03816e-05
0.00167541 2.44141e-05

0.00167465 2.44141e-05
0.00168457 2.80107e-05

0.00168457 1.82497e-05
0.00170898 1.85658e-05

0.00169588 2.44141e-05
0.00170898 2.4502e-05

0.0017334 1.11962e-05
0.00171833 2.44141e-05

0.00170898 2.80142e-05
0.0017192 2.44141e-05

0.0017334 1.18705e-05
0.00173846 0

0.00179976 0
0.00180664 1.48979e-05

0.00180664 9.59732e-06
0.00183105 1.2166e-05

0.00183105 6.11279e-06
0.00185537 0

0.00185558 0
0.00187988 1.75392e-05

0.00187988 9.41813e-06
0.0019043 1.15882e-05

0.0019043 9.41562e-06
0.00192871 1.03892e-05

0.00192871 9.91263e-06
0.00195312 1.21933e-05

0.00195312 9.53064e-06
0.00197754 1.29681e-05

0.00197754 1.35959e-05
0.00200195 1.29031e-05

0.00200195 1.52635e-05
0.00202637 6.31699e-06

0.00202637 6.80354e-06
0.00205078 9.22822e-06

0.00205078 9.63924e-06
0.0020752 1.45168e-05

0.0020752 9.89768e-06
0.00209961 1.18686e-05

0.00209961 1.33682e-05
0.00212402 1.33278e-05

0.00212402 1.30586e-05
0.00214844 8.65437e-06

0.00214844 8.25469e-06
0.00217285 1.29496e-05

0.00217285 1.37663e-05
0.00219727 1.38257e-05

0.00219727 1.32147e-05
0.00222168 8.06885e-06

0.00222168 7.94017e-06
0.00224609 1.32348e-05

0.00224609 1.39007e-05
0.00227051 1.39998e-05

0.00227051 1.38402e-05
0.00229492 7.46766e-06

0.00229492 8.18856e-06
0.00231934 1.18344e-05

0.00231934 1.06208e-05
0.00234375 1.50175e-05

0.00234375 1.50543e-05
0.00236816 1.08008e-05

0.00236816 1.25045e-05
0.00239258 7.481e-06

0.00239258 7.48887e-06
0.00241699 1.24817e-05

0.00241699 1.07161e-05
0.00244141 1.51154e-05

0.00244141 1.51127e-05
0.00246582 1.07116e-05

0.00246582 1.24724e-05
0.00249023 7.50302e-06

0.00249023 7.50341e-06
0.00251465 1.25009e-05

0.00251465 1.07345e-05
0.00253906 1.50962e-05

0.00253906 1.50914e-05
0.00256348 1.07178e-05

0.00256348 1.24402e-05
0.00258789 7.57087e-06

0.00258789 7.56206e-06
0.0026123 1.25344e-05

0.0026123 1.08604e-05
0.00263672 1.49931e-05

0.00263672 1.49337e-05
0.00266113 1.06584e-05

0.00266113 1.18975e-05
0.00268555 8.28121e-06

0.00268555 7.49749e-06
0.00270996 1.37874e-05

0.00270996 1.38937e-05
0.00273438 1.40758e-05

0.00273437 1.38359e-05
0.00275879 7.69461e-06

0.00275879 8.46378e-06
0.0027832 1.18468e-05

0.0027832 1.07901e-05
0.00280762 1.47929e-05

0.00280762 1.47958e-05
0.00283203 1.08211e-05

0.00283203 1.19791e-05
0.00285645 8.3329e-06

0.00285645 7.58687e-06
0.00288086 1.36739e-05

0.00288086 1.38133e-05
0.00290527 1.40352e-05

0.00290527 1.35122e-05
0.00292969 8.04708e-06

0.00292969 8.71114e-06
0.0029541 1.2276e-05

0.0029541 1.15925e-05
0.00297852 1.43203e-05

0.00297852 1.21024e-05
0.00300293 1.25132e-05

0.00300293 1.25174e-05
0.00302734 1.39655e-05

0.00302734 1.29144e-05
0.00305176 1.37627e-05

0.00305176 1.33175e-05
0.00307617 1.44112e-05

0.00307617 1.36991e-05
0.00310059 1.46274e-05

0.00310059 1.41008e-05
0.003125 1.50671e-05

0.00175781 0.0028801
0.00157953 0.00292969

0.0015625 0.00293449
0.00157978 0.00292969

0.00175781 0.00288061
0.00195312 0.00281753

0.00234375 0.00265937
0.00217252 0.00273438

0.00195312 0.00281787
0.00214844 0.00274436

0.00214844 0.00274399
0.00217039 0.00273438

0.00292969 0.00231045
0.00288373 0.00234375

0.003125 0.00214715
0.00312359 0.00214844

0.00302734 0.00223258
0.00301048 0.00224609

0.00297852 0.00227059
0.00294756 0.00229492

0.00292969 0.00230935
0.00294828 0.00229492

0.00300293 0.00225149
0.00297896 0.00227051

0.00297852 0.00227144
0.00297968 0.00227051

0.00300293 0.00224709
0.00300421 0.00224609

0.00307617 0.00218775
0.0030653 0.00219727

0.00302734 0.00223215
0.00306835 0.00219727

0.00307617 0.00219003
0.00312268 0.00214844

0.00244141 0.00261149
0.00238975 0.00263672

0.00234375 0.00265766
0.00238663 0.00263672

0.00244141 0.002611
0.00253906 0.00255974

0.00273438 0.00244637
0.002578 0.00253906

0.00253906 0.00255905
0.00257337 0.00253906

0.00283203 0.00237962
0.00273965 0.00244141

0.00273438 0.00244425
0.0027388 0.00244141

0.00283203 0.00237885
0.00288085 0.00234375

0.003125 1.44863e-05
0.00314941 1.53775e-05

0.00314941 1.48479e-05
0.00317383 1.57743e-05

0.00317383 1.5229e-05
0.00319824 1.61844e-05

0.00319824 1.56731e-05
0.00322266 1.65889e-05

0.00322266 1.60567e-05
0.00324707 1.69693e-05

0.00324707 1.63877e-05
0.00327148 1.75218e-05

0.00327148 1.69527e-05
0.0032959 1.81788e-05

0.0032959 1.75965e-05
0.00332031 1.86639e-05

0.00332031 1.79638e-05
0.00334473 1.92794e-05

0.00334473 1.93881e-05
0.00336914 1.95034e-05

0.00336914 1.2894e-05
0.00339326 2.44141e-05

0.0033918 2.44141e-05
0.00339355 2.50994e-05

0.00339355 2.71275e-05
0.00341797 4.84786e-05

0.00341779 4.88281e-05
0.00341797 4.90059e-05

0.00341797 4.85479e-05
0.00341826 4.88281e-05

0.00341797 4.91848e-05
0.0034419 7.32422e-05

0.00344191 7.32422e-05
0.00344238 7.37339e-05

0.00344238 7.38713e-05
0.00346449 9.76563e-05

0.00346505 9.76563e-05
0.0034668 9.96135e-05

0.0034668 0.000100079
0.00350621 0.000146484

0.00350616 0.000146484
0.00351563 0.000158887

0.00351563 0.000159085
0.00354252 0.000195313

0.00354297 0.000195313
0.00356445 0.000227582

0.00356445 0.000229143
0.00357425 0.000244141

0.00357501 0.000244141
0.0036038 0.000292969

0.00360458 0.000292969
0.00361328 0.000310509

0.00361328 0.000312029
0.0036288 0.000341797

0.00362903 0.000341797
0.00365162 0.000390625

0.00365229 0.000390625
0.00368969 0.000488281

0.00368952 0.000488281
0.00371094 0.000564063

0.00371094 0.000565955
0.00371659 0.000585938

0.0037168 0.000585937
0.0037356 0.000683594

0.00373523 0.000683594
0.00374636 0.00078125

0.00374835 0.00078125
0.00374882 0.000976562

0.00374852 0.000976562
0.00372036 0.00117188

0.00371094 0.00120595
0.00366443 0.00136719

0.00366451 0.00136719
0.00357901 0.0015625

0.00371094 0.00120051
0.0037181 0.00117187

0.00332031 0.00194289
0.00331169 0.00195312

0.00351563 0.00167283
0.00346197 0.00175781

0.00339355 0.00185231
0.00339119 0.00185547

0.00341797 0.00181976
0.00340979 0.00183105

0.00339355 0.00185211
0.00340926 0.00183105

0.00336914 0.0018833
0.00335276 0.0019043

0.00332031 0.00194363
0.00335298 0.0019043

0.00336914 0.00188397
0.00339124 0.00185547

0.00346121 0.00175781
0.00342711 0.00180664

0.00341797 0.00181871
0.00342655 0.00180664

0.003125 0.00214732
0.00322266 0.0020521

0.00331317 0.00195313
0.00322399 0.00205078

0.00322266 0.0020535
0.00322529 0.00205078

0.00357694 0.0015625
0.00352304 0.00166016

0.00351563 0.00167002
0.0035216 0.00166016

