7.12666e-05 0
7.32422e-05 5.73385e-06

7.32422e-05 7.6604e-07
9.6004e-05 2.44141e-05

9.64664e-05 2.44141e-05
9.76563e-05 2.4826e-05

9.76563e-05 1.44009e-05
0.00012207 1.49017e-05

0.000117328 2.44141e-05
0.00012207 2.44509e-05

0.00012207 1.36954e-05
0.000146484 1.38638e-05

0.000146484 1.42956e-05
0.000170898 1.52714e-05

0.000170898 1.48275e-05
0.000195313 1.42745e-05

0.000195313 1.45096e-05
0.000219727 1.41781e-05

0.000219727 1.39951e-05
0.000244141 1.4586e-05

0.000244141 1.4575e-05
0.000268555 1.50443e-05

0.000268555 1.51924e-05
0.000292969 1.41394e-05

0.000292969 1.44552e-05
0.000317383 1.3493e-05

0.000317383 1.36708e-05
0.000341797 1.41754e-05

0.000341797 1.43477e-05
0.000366211 1.43747e-05

0.000366211 1.43825e-05
0.000390625 1.35056e-05

0.000390625 1.37943e-05
0.000415039 1.35886e-05

0.000415039 1.36976e-05
0.000439453 1.38808e-05

0.000439453 1.38414e-05
0.000463867 1.38172e-05

0.000463867 1.40594e-05
0.000488281 1.34825e-05

0.000488281 1.36827e-05
0.000512695 1.31131e-05

0.000512695 1.32335e-05
0.000537109 1.34698e-05

0.000537109 1.34627e-05
0.000561523 1.36794e-05

0.000561523 1.37527e-05
0.000585937 1.32702e-05

0.000585938 1.3452e-05
0.000610352 1.2981e-05

0.000610352 1.31071e-05
0.000634766 1.32326e-05

0.000634766 1.32277e-05
0.00065918 1.33864e-05

0.00065918 1.34049e-05
0.000683594 1.31649e-05

0.000683594 1.32217e-05
0.000708008 1.3045e-05

0.000708008 1.30051e-05
0.000732422 1.33103e-05

0.000732422 1.32105e-05
0.000756836 1.34962e-05

0.000756836 1.33592e-05
0.00078125 1.33715e-05

0.00078125 1.33495e-05
0.000805664 1.33752e-05

0.000805664 1.32995e-05
0.000830078 1.34687e-05

0.000830078 1.33912e-05
0.000854492 1.35812e-05

0.000854492 1.34483e-05
0.000878906 1.35994e-05

0.000878906 1.35082e-05
0.00090332 1.36876e-05

0.00090332 1.35486e-05
0.000927734 1.37655e-05

0.000927734 1.36795e-05
0.000952148 1.384e-05

0.000952148 1.36852e-05
0.000976562 1.38697e-05

0.000976562 1.37727e-05
0.00100098 1.40249e-05

0.00100098 1.38195e-05
0.00102539 1.41179e-05

0.00102539 1.39017e-05
0.0010498 1.43518e-05

0.0010498 1.41187e-05
0.00107422 1.45136e-05

0.00107422 1.41302e-05
0.00109863 1.47402e-05

0.00109863 1.47384e-05
0.00112305 1.48597e-05

0.00112305 1.46096e-05
0.00114746 1.44548e-05

0.00114746 1.41557e-05
0.00117187 1.51949e-05

0.00117188 1.48194e-05
0.00119629 1.59266e-05

0.00119629 1.58127e-05
0.0012207 1.53828e-05

0.0012207 1.516e-05
0.00124512 1.48631e-05

0.00124512 1.51779e-05
0.00126953 1.55232e-05

0.00126953 1.52176e-05
0.00129395 1.53807e-05

0.00129395 1.55986e-05
0.00131836 1.5376e-05

0.00131836 1.4707e-05
0.00134277 1.55183e-05

0.00134277 1.71373e-05
0.00136719 1.52083e-05

0.0013916 9.57218e-08
0.0013697 2.44141e-05

0.0013916 4.4334e-06
0.00139311 0

0.00146285 0
0.00146484 5.85814e-06

0.00146484 4.15159e-06
0.00148424 2.44141e-05

0.00148552 2.44141e-05
0.00148926 2.5765e-05

0.00148926 1.76682e-05
0.00151367 1.80779e-05

0.00151367 1.71254e-05
0.00153809 1.64445e-05

0.0015625 6.0018e-06
0.00154333 2.44141e-05

0.00153809 2.6004e-05
0.00154282 2.44141e-05

0 0.00312332
0.000390625 0.00311228

0.000390625 0.00311257
0.00078125 0.00307887

0.00078125 0.00307951
0.00117187 0.00302131

0.00117188 0.00302237
0.0015625 0.00293627

0.0015625 7.24839e-06
0.00156509 0

0.00165637 0
0.00166016 9.2363e-06

0.00166016 1.03455e-05
0.00167542 2.44141e-05

0.00167467 2.44141e-05
0.00168457 2.8013e-05

0.00168457 1.8276e-05
0.00170898 1.86104e-05

0.00169614 2.44141e-05
0.00170898 2.4506e-05

0.0017334 1.1195e-05
0.00171834 2.44141e-05

0.00170898 2.80321e-05
0.00171924 2.44141e-05

0.0017334 1.19324e-05
0.00173849 0

0.00180014 0
0.00180664 1.44658e-05

0.00180664 9.57279e-06
0.00183105 1.25906e-05

0.00183105 6.34319e-06
0.00185448 0

0.00185553 0
0.00187988 1.75261e-05

0.00187988 9.40265e-06
0.0019043 1.1557e-05

0.0019043 9.40291e-06
0.00192871 1.04127e-05

0.00192871 9.91582e-06
0.00195312 1.2184e-05

0.00195312 9.52473e-06
0.00197754 1.29699e-05

0.00197754 1.35949e-05
0.00200195 1.29072e-05

0.00200195 1.52688e-05
0.00202637 6.31437e-06

0.00202637 6.80364e-06
0.00205078 9.2218e-06

0.00205078 9.63389e-06
0.0020752 1.45174e-05

0.0020752 9.89478e-06
0.00209961 1.18711e-05

0.00209961 1.3369e-05
0.00212402 1.3329e-05

0.00212402 1.30594e-05
0.00214844 8.65364e-06

0.00214844 8.24912e-06
0.00217285 1.29552e-05

0.00217285 1.37737e-05
0.00219727 1.38331e-05

0.00219727 1.32121e-05
0.00222168 8.07136e-06

0.00222168 7.95242e-06
0.00224609 1.32415e-05

0.00224609 1.3914e-05
0.00227051 1.39818e-05

0.00227051 1.38295e-05
0.00229492 7.45532e-06

0.00229492 8.17882e-06
0.00231934 1.1842e-05

0.00231934 1.06177e-05
0.00234375 1.50165e-05

0.00234375 1.50533e-05
0.00236816 1.08019e-05

0.00236816 1.25046e-05
0.00239258 7.48016e-06

0.00239258 7.48765e-06
0.00241699 1.2482e-05

0.00241699 1.07158e-05
0.00244141 1.51166e-05

0.00244141 1.51138e-05
0.00246582 1.07117e-05

0.00246582 1.24722e-05
0.00249023 7.50273e-06

0.00249023 7.50327e-06
0.00251465 1.25021e-05

0.00251465 1.07356e-05
0.00253906 1.50965e-05

0.00253906 1.50913e-05
0.00256348 1.0718e-05

0.00256348 1.2441e-05
0.00258789 7.57146e-06

0.00258789 7.56324e-06
0.0026123 1.25329e-05

0.0026123 1.08613e-05
0.00263672 1.49903e-05

0.00263672 1.4931e-05
0.00266113 1.06552e-05

0.00266113 1.18909e-05
0.00268555 8.28626e-06

0.00268555 7.50033e-06
0.00270996 1.37927e-05

0.00270996 1.39025e-05
0.00273438 1.40699e-05

0.00273437 1.38298e-05
0.00275879 7.68889e-06

0.00275879 8.45824e-06
0.0027832 1.18571e-05

0.0027832 1.08042e-05
0.00280762 1.47861e-05

0.00280762 1.47859e-05
0.00283203 1.08078e-05

0.00283203 1.18782e-05
0.00285645 8.43835e-06

0.00285645 7.71742e-06
0.00288086 1.37573e-05

0.00288086 1.39358e-05
0.00290527 1.38928e-05

0.00290527 1.34363e-05
0.00292969 7.98064e-06

0.00292969 8.67744e-06
0.0029541 1.23235e-05

0.0029541 1.15387e-05
0.00297852 1.43226e-05

0.00297852 1.20976e-05
0.00300293 1.26064e-05

0.00300293 1.25795e-05
0.00302734 1.39892e-05

0.00302734 1.30022e-05
0.00305176 1.37143e-05

0.00305176 1.33498e-05
0.00307617 1.42653e-05

0.00307617 1.362e-05
0.00310059 1.44719e-05

0.00310059 1.39384e-05
0.003125 1.49878e-05

0.00175781 0.00288014
0.00157975 0.00292969

0.0015625 0.00293455
0.00157999 0.00292969

0.00175781 0.00288065
0.00195312 0.00281756

0.00234375 0.00265935
0.00217253 0.00273438

0.00195312 0.0028179
0.00214844 0.00274436

0.00214844 0.00274399
0.00217038 0.00273438

0.00292969 0.00231037
0.00288363 0.00234375

0.003125 0.00214714
0.00312358 0.00214844

0.00302734 0.00223249
0.00301036 0.00224609

0.00297852 0.00227051
0.00294746 0.00229492

0.00292969 0.00230928
0.00294819 0.00229492

0.00300293 0.00225143
0.00297887 0.00227051

0.00297852 0.00227135
0.00297957 0.00227051

0.00300293 0.00224702
0.00300412 0.00224609

0.00307617 0.00218769
0.00306522 0.00219727

0.00302734 0.0022321
0.00306831 0.00219727

0.00307617 0.00218998
0.00312265 0.00214844

0.00244141 0.00261145
0.00238969 0.00263672

0.00234375 0.00265763
0.00238656 0.00263672

0.00244141 0.00261097
0.00253906 0.00255969

0.00273438 0.0024463
0.00257791 0.00253906

0.00253906 0.00255899
0.00257326 0.00253906

0.00283203 0.00237954
0.00273954 0.00244141

0.00273438 0.00244418
0.00273867 0.00244141

0.00283203 0.00237876
0.00288072 0.00234375

0.003125 1.43533e-05
0.00314941 1.53962e-05

0.00314941 1.47995e-05
0.00317383 1.5822e-05

0.00317383 1.5226e-05
0.00319824 1.62331e-05

0.00319824 1.56351e-05
0.00322266 1.67174e-05

0.00322266 1.61127e-05
0.00324707 1.72605e-05

0.00324707 1.67956e-05
0.00327148 1.76498e-05

0.00327148 1.68172e-05
0.0032959 1.81567e-05

0.0032959 1.78845e-05
0.00332031 1.91474e-05

0.00332031 1.82113e-05
0.00334473 1.92883e-05

0.00334473 1.95303e-05
0.00336914 1.96557e-05

0.00336914 1.30371e-05
0.00339304 2.44141e-05

0.00339085 2.44141e-05
0.00339355 2.54738e-05

0.00339355 2.73085e-05
0.00341797 4.87264e-05

0.00341767 4.88281e-05
0.00341797 4.91187e-05

0.00341797 4.94617e-05
0.00344159 7.32422e-05

0.00344166 7.32422e-05
0.00344238 7.39979e-05

0.00344238 7.417e-05
0.00346418 9.76563e-05

0.0034647 9.76563e-05
0.0034668 0.000100013

0.0034668 0.000100786
0.00348537 0.00012207

0.00348517 0.00012207
0.00349121 0.000129304

0.00349121 0.000128956
0.0035056 0.000146484

0.00350584 0.000146484
0.00351563 0.000159307

0.00351563 0.00015975
0.00354235 0.000195313

0.00354266 0.000195313
0.00356445 0.000228009

0.00356445 0.000229625
0.00357394 0.000244141

0.00357473 0.000244141
0.00360357 0.000292969

0.00360435 0.000292969
0.00361328 0.000310946

0.00361328 0.000312461
0.0036286 0.000341797

0.00362884 0.000341797
0.00365146 0.000390625

0.00365213 0.000390625
0.00368959 0.000488281

0.00368941 0.000488281
0.00371094 0.000564336

0.00371094 0.000566273
0.0037165 0.000585938

0.00371673 0.000585937
0.00373555 0.000683594

0.00373518 0.000683594
0.00374633 0.00078125

0.00374832 0.00078125
0.0037488 0.000976562

0.00374849 0.000976562
0.00372033 0.00117188

0.00371094 0.00120582
0.00366439 0.00136719

0.00366446 0.00136719
0.00357899 0.0015625

0.00371094 0.00120033
0.00371806 0.00117187

0.00332031 0.00194308
0.00331195 0.00195312

0.00351563 0.00167281
0.00346201 0.00175781

0.00341797 0.00181909
0.00339196 0.00185547

0.00332031 0.00194439
0.00339229 0.00185547

0.00346126 0.00175781
0.00342723 0.00180664

0.00341797 0.00181886
0.0034266 0.00180664

0.003125 0.0021473
0.00322266 0.00205216

0.00331338 0.00195313
0.00322405 0.00205078

0.00322266 0.00205353
0.00322532 0.00205078

0.00357692 0.0015625
0.00352304 0.00166016

0.00351563 0.00167005
0.00352162 0.00166016

