7.16801e-05 0
7.32422e-05 4.58774e-06

7.32422e-05 1.1425e-06
9.58286e-05 2.44141e-05

9.76563e-05 1.44081e-05
0.00012207 1.47524e-05

0.00012207 1.38691e-05
0.000146484 1.39628e-05

0.000146484 1.43791e-05
0.000170898 1.49273e-05

0.000170898 1.44475e-05
0.000195313 1.42464e-05

0.000195313 1.45257e-05
0.000219727 1.4463e-05

0.000219727 1.40982e-05
0.000244141 1.44969e-05

0.000244141 1.48611e-05
0.000268555 1.4758e-05

0.000268555 1.46314e-05
0.000292969 1.38001e-05

0.000292969 1.41962e-05
0.000317383 1.41199e-05

0.000317383 1.42279e-05
0.000341797 1.40854e-05

0.000341797 1.41518e-05
0.000366211 1.39443e-05

0.000366211 1.41087e-05
0.000390625 1.38858e-05

0.000390625 1.40282e-05
0.000415039 1.37275e-05

0.000415039 1.38681e-05
0.000439453 1.36706e-05

0.000439453 1.38169e-05
0.000463867 1.36414e-05

0.000463867 1.37492e-05
0.000488281 1.35264e-05

0.000488281 1.36571e-05
0.000512695 1.34693e-05

0.000512695 1.35642e-05
0.000537109 1.34332e-05

0.000537109 1.35587e-05
0.000561523 1.33743e-05

0.000561523 1.34266e-05
0.000585937 1.33e-05

0.000585938 1.34357e-05
0.000610352 1.33122e-05

0.000610352 1.33595e-05
0.000634766 1.31869e-05

0.000634766 1.3304e-05
0.00065918 1.31933e-05

0.00065918 1.32023e-05
0.000683594 1.31841e-05

0.000683594 1.31792e-05
0.000708008 1.32919e-05

0.000708008 1.32513e-05
0.000732422 1.3298e-05

0.000732422 1.33004e-05
0.000756836 1.32384e-05

0.000756836 1.31827e-05
0.00078125 1.32768e-05

0.00078125 1.31392e-05
0.000805664 1.35359e-05

0.000805664 1.34619e-05
0.000830078 1.35761e-05

0.000830078 1.33837e-05
0.000854492 1.34592e-05

0.000854492 1.34839e-05
0.000878906 1.36652e-05

0.000878906 1.34905e-05
0.00090332 1.36204e-05

0.00090332 1.35516e-05
0.000927734 1.37905e-05

0.000927734 1.36433e-05
0.000952148 1.38241e-05

0.000952148 1.36717e-05
0.000976562 1.39416e-05

0.000976562 1.37484e-05
0.00100098 1.41264e-05

0.00100098 1.40604e-05
0.00102539 1.41288e-05

0.00102539 1.38307e-05
0.0010498 1.41489e-05

0.0010498 1.39142e-05
0.00107422 1.47651e-05

0.00107422 1.44918e-05
0.00109863 1.48195e-05

0.00109863 1.47488e-05
0.00112305 1.44519e-05

0.00112305 1.43131e-05
0.00114746 1.45258e-05

0.00114746 1.40958e-05
0.00117187 1.54428e-05

0.00117188 1.54997e-05
0.00119629 1.55266e-05

0.00119629 1.49924e-05
0.0012207 1.45908e-05

0.0012207 1.44235e-05
0.00124512 1.59417e-05

0.00124512 1.60594e-05
0.00126953 1.60617e-05

0.00126953 1.55887e-05
0.00129395 1.47804e-05

0.00129395 1.54856e-05
0.00131836 1.52713e-05

0.00131836 1.46712e-05
0.00134277 1.53411e-05

0.00134277 1.66874e-05
0.00136719 1.51913e-05

0.0013916 6.16177e-07
0.00136976 2.44141e-05

0.00136719 2.45126e-05
0.00136746 2.44141e-05

0.0013916 4.0244e-06
0.00139296 0

0.00146282 0
0.00146484 5.94397e-06

0.00146484 4.50607e-06
0.00148426 2.44141e-05

0.00148481 2.44141e-05
0.00148926 2.59828e-05

0.00148926 1.72441e-05
0.00151367 1.77037e-05

0.00150899 2.44141e-05
0.00151367 2.4446e-05

0.00151367 1.70872e-05
0.00153809 1.68563e-05

0.0015625 5.93942e-06
0.00154343 2.44141e-05

0.00153809 2.61387e-05
0.00154316 2.44141e-05

0 0.00312334
0.000390625 0.0031123

0.000390625 0.00311258
0.00078125 0.00307889

0.00078125 0.00307953
0.00117187 0.00302132

0.00117188 0.00302238
0.0015625 0.00293627

0.0015625 7.17516e-06
0.00156506 0

0.00165639 0
0.00166016 9.19626e-06

0.00166016 1.03218e-05
0.00167543 2.44141e-05

0.00167469 2.44141e-05
0.00168457 2.80101e-05

0.00168457 1.82756e-05
0.00170898 1.86235e-05

0.00169634 2.44141e-05
0.00170898 2.45087e-05

0.0017334 1.11951e-05
0.00171834 2.44141e-05

0.00170898 2.80395e-05
0.00171926 2.44141e-05

0.0017334 1.19403e-05
0.00173849 0

0.00180066 0
0.00180664 1.37358e-05

0.00180664 8.74685e-06
0.00183105 1.32825e-05

0.00183105 6.58223e-06
0.00185547 1.32521e-07

0.00185547 3.04904e-07
0.00187988 1.70717e-05

0.00187988 9.3684e-06
0.0019043 1.16512e-05

0.0019043 9.45032e-06
0.00192871 1.03967e-05

0.00192871 9.91861e-06
0.00195312 1.21709e-05

0.00195312 9.52905e-06
0.00197754 1.29791e-05

0.00197754 1.35935e-05
0.00200195 1.29052e-05

0.00200195 1.5277e-05
0.00202637 6.31867e-06

0.00202637 6.81921e-06
0.00205078 9.1967e-06

0.00205078 9.56297e-06
0.0020752 1.45564e-05

0.0020752 9.95093e-06
0.00209961 1.1938e-05

0.00209961 1.34547e-05
0.00212402 1.32307e-05

0.00212402 1.2927e-05
0.00214844 8.66572e-06

0.00214844 8.29065e-06
0.00217285 1.30859e-05

0.00217285 1.38977e-05
0.00219727 1.37157e-05

0.00219727 1.31313e-05
0.00222168 8.0024e-06

0.00222168 7.90541e-06
0.00224609 1.33277e-05

0.00224609 1.39424e-05
0.00227051 1.39658e-05

0.00227051 1.3825e-05
0.00229492 7.43943e-06

0.00229492 8.16877e-06
0.00231934 1.18529e-05

0.00231934 1.06203e-05
0.00234375 1.50175e-05

0.00234375 1.50546e-05
0.00236816 1.07997e-05

0.00236816 1.25032e-05
0.00239258 7.48035e-06

0.00239258 7.4874e-06
0.00241699 1.24834e-05

0.00241699 1.0717e-05
0.00244141 1.51163e-05

0.00244141 1.51133e-05
0.00246582 1.07116e-05

0.00246582 1.24719e-05
0.00249023 7.50435e-06

0.00249023 7.50461e-06
0.00251465 1.25021e-05

0.00251465 1.07363e-05
0.00253906 1.50957e-05

0.00253906 1.50907e-05
0.00256348 1.07181e-05

0.00256348 1.24402e-05
0.00258789 7.57324e-06

0.00258789 7.56352e-06
0.0026123 1.25349e-05

0.0026123 1.08621e-05
0.00263672 1.49931e-05

0.00263672 1.49346e-05
0.00266113 1.06573e-05

0.00266113 1.18935e-05
0.00268555 8.28423e-06

0.00268555 7.50132e-06
0.00270996 1.37915e-05

0.00270996 1.39003e-05
0.00273438 1.40698e-05

0.00273437 1.38291e-05
0.00275879 7.69223e-06

0.00275879 8.45928e-06
0.0027832 1.18583e-05

0.0027832 1.08017e-05
0.00280762 1.4792e-05

0.00280762 1.47891e-05
0.00283203 1.08194e-05

0.00283203 1.19635e-05
0.00285645 8.36528e-06

0.00285645 7.62948e-06
0.00288086 1.36767e-05

0.00288086 1.3819e-05
0.00290527 1.40037e-05

0.00290527 1.34621e-05
0.00292969 8.09252e-06

0.00292969 8.73779e-06
0.0029541 1.23395e-05

0.0029541 1.16233e-05
0.00297852 1.43411e-05

0.00297852 1.21758e-05
0.00300293 1.25272e-05

0.00300293 1.25838e-05
0.00302734 1.38691e-05

0.00302734 1.29066e-05
0.00305176 1.36238e-05

0.00305176 1.32227e-05
0.00307617 1.42781e-05

0.00307617 1.35613e-05
0.00310059 1.4549e-05

0.00310059 1.39483e-05
0.003125 1.50728e-05

0.00175781 0.00288014
0.00157976 0.00292969

0.0015625 0.00293456
0.00157999 0.00292969

0.00175781 0.00288065
0.00195312 0.00281755

0.00234375 0.00265934
0.0021725 0.00273438

0.00195312 0.00281789
0.00214844 0.00274435

0.00214844 0.00274398
0.00217036 0.00273438

0.00292969 0.00231037
0.00288363 0.00234375

0.003125 0.00214717
0.00312361 0.00214844

0.00302734 0.00223251
0.00301037 0.00224609

0.00297852 0.00227052
0.00294746 0.00229492

0.00292969 0.00230928
0.00294819 0.00229492

0.00300293 0.00225144
0.00297888 0.00227051

0.00297852 0.00227135
0.00297957 0.00227051

0.00300293 0.00224702
0.00300412 0.00224609

0.00307617 0.0021877
0.00306523 0.00219727

0.00302734 0.00223211
0.00306833 0.00219727

0.00307617 0.00219
0.00312268 0.00214844

0.00244141 0.00261144
0.00238966 0.00263672

0.00234375 0.00265762
0.00238653 0.00263672

0.00244141 0.00261095
0.00253906 0.00255967

0.00273438 0.00244629
0.00257788 0.00253906

0.00253906 0.00255897
0.00257323 0.00253906

0.00283203 0.00237953
0.00273953 0.00244141

0.00273438 0.00244416
0.00273865 0.00244141

0.00283203 0.00237875
0.00288071 0.00234375

0.003125 1.43902e-05
0.00314941 1.55017e-05

0.00314941 1.49107e-05
0.00317383 1.5926e-05

0.00317383 1.53766e-05
0.00319824 1.62226e-05

0.00319824 1.56972e-05
0.00322266 1.65986e-05

0.00322266 1.60772e-05
0.00324707 1.71144e-05

0.00324707 1.65705e-05
0.00327148 1.76067e-05

0.00327148 1.70049e-05
0.0032959 1.81201e-05

0.0032959 1.76079e-05
0.00332031 1.87123e-05

0.00332031 1.77616e-05
0.00334473 1.95512e-05

0.00334473 1.98636e-05
0.00336914 2.00358e-05

0.00336914 1.30859e-05
0.0033933 2.44141e-05

0.00339132 2.44141e-05
0.00339355 2.52967e-05

0.00339355 2.7644e-05
0.00341764 4.88281e-05

0.00341747 4.88281e-05
0.00341797 4.93025e-05

0.00341797 4.96271e-05
0.00344165 7.32422e-05

0.00344169 7.32422e-05
0.00344238 7.39598e-05

0.00344238 7.4114e-05
0.00346432 9.76563e-05

0.00346486 9.76563e-05
0.0034668 9.98261e-05

0.0034668 0.000100649
0.00348552 0.00012207

0.00348532 0.00012207
0.00349121 0.000129123

0.00349121 0.000128756
0.00350577 0.000146484

0.00350599 0.000146484
0.00351563 0.000159118

0.00351563 0.000159556
0.00354248 0.000195313

0.00354279 0.000195313
0.00356445 0.000227854

0.00356445 0.000229465
0.00357404 0.000244141

0.00357482 0.000244141
0.00360363 0.000292969

0.0036044 0.000292969
0.00361328 0.000310867

0.00361328 0.000312373
0.00362863 0.000341797

0.00362886 0.000341797
0.00365146 0.000390625

0.00365212 0.000390625
0.00368953 0.000488281

0.00368936 0.000488281
0.00371094 0.000564583

0.00371094 0.000566493
0.00371644 0.000585938

0.00371666 0.000585937
0.00373547 0.000683594

0.0037351 0.000683594
0.00374625 0.00078125

0.00374824 0.00078125
0.00374873 0.000976562

0.00374843 0.000976562
0.00372028 0.00117188

0.00371094 0.0012057
0.00366437 0.00136719

0.00366444 0.00136719
0.003579 0.0015625

0.00371094 0.00120018
0.00371802 0.00117187

0.00332031 0.00194314
0.003312 0.00195312

0.00351563 0.00167285
0.00346206 0.00175781

0.00341797 0.00181917
0.00339203 0.00185547

0.00332031 0.00194449
0.00339237 0.00185547

0.0034613 0.00175781
0.00342729 0.00180664

0.00341797 0.00181892
0.00342664 0.00180664

0.003125 0.00214733
0.00322266 0.00205221

0.00331345 0.00195313
0.0032241 0.00205078

0.00322266 0.00205356
0.00322535 0.00205078

0.00357693 0.0015625
0.00352307 0.00166016

0.00351563 0.00167011
0.00352165 0.00166016

