7.14432e-05 0
7.32422e-05 5.25216e-06

7.32422e-05 1.27273e-06
9.59174e-05 2.44141e-05

9.66071e-05 2.44141e-05
9.76563e-05 2.47709e-05

9.76563e-05 1.44216e-05
0.00012207 1.45315e-05

0.000114606 2.44141e-05
0.00012207 2.44262e-05

0.00012207 1.35206e-05
0.000146484 1.39887e-05

0.000146484 1.43603e-05
0.000170898 1.53203e-05

0.000170898 1.48278e-05
0.000195313 1.42007e-05

0.000195313 1.45084e-05
0.000219727 1.41753e-05

0.000219727 1.41476e-05
0.000244141 1.43584e-05

0.000244141 1.42861e-05
0.000268555 1.47279e-05

0.000268555 1.47685e-05
0.000292969 1.44356e-05

0.000292969 1.47012e-05
0.000317383 1.3786e-05

0.000317383 1.39711e-05
0.000341797 1.3809e-05

0.000341797 1.40091e-05
0.000366211 1.42296e-05

0.000366211 1.42578e-05
0.000390625 1.38606e-05

0.000390625 1.40678e-05
0.000415039 1.35629e-05

0.000415039 1.37331e-05
0.000439453 1.36219e-05

0.000439453 1.36547e-05
0.000463867 1.38093e-05

0.000463867 1.39073e-05
0.000488281 1.36796e-05

0.000488281 1.3825e-05
0.000512695 1.32979e-05

0.000512695 1.34757e-05
0.000537109 1.33294e-05

0.000537109 1.33942e-05
0.000561523 1.35137e-05

0.000561523 1.36071e-05
0.000585937 1.33735e-05

0.000585938 1.34885e-05
0.000610352 1.30768e-05

0.000610352 1.31687e-05
0.000634766 1.32134e-05

0.000634766 1.32529e-05
0.00065918 1.3377e-05

0.00065918 1.33917e-05
0.000683594 1.31704e-05

0.000683594 1.32095e-05
0.000708008 1.30999e-05

0.000708008 1.31156e-05
0.000732422 1.32885e-05

0.000732422 1.32007e-05
0.000756836 1.33581e-05

0.000756836 1.3257e-05
0.00078125 1.33751e-05

0.00078125 1.32921e-05
0.000805664 1.34385e-05

0.000805664 1.33336e-05
0.000830078 1.35122e-05

0.000830078 1.34114e-05
0.000854492 1.3581e-05

0.000854492 1.3469e-05
0.000878906 1.36268e-05

0.000878906 1.35006e-05
0.00090332 1.37255e-05

0.00090332 1.3716e-05
0.000927734 1.37144e-05

0.000927734 1.35544e-05
0.000952148 1.36693e-05

0.000952148 1.34729e-05
0.000976562 1.41294e-05

0.000976562 1.39183e-05
0.00100098 1.42971e-05

0.00100098 1.418e-05
0.00102539 1.40027e-05

0.00102539 1.38522e-05
0.0010498 1.40908e-05

0.0010498 1.38496e-05
0.00107422 1.46999e-05

0.00107422 1.44437e-05
0.00109863 1.48264e-05

0.00109863 1.4654e-05
0.00112305 1.4503e-05

0.00112305 1.46165e-05
0.00114746 1.44132e-05

0.00114746 1.38655e-05
0.00117187 1.49695e-05

0.00117188 1.46728e-05
0.00119629 1.61281e-05

0.00119629 1.57637e-05
0.0012207 1.54891e-05

0.0012207 1.53471e-05
0.00124512 1.49902e-05

0.00124512 1.51399e-05
0.00126953 1.55156e-05

0.00126953 1.53268e-05
0.00129395 1.56394e-05

0.00129395 1.59844e-05
0.00131836 1.51993e-05

0.00131836 1.48489e-05
0.00134277 1.47989e-05

0.00134277 1.60419e-05
0.00136719 1.50588e-05

0.0013916 1.24444e-06
0.0013697 2.44141e-05

0.0013916 4.40583e-06
0.0013931 0

0.00146281 0
0.00146484 5.9286e-06

0.00146484 4.91462e-06
0.00148422 2.44141e-05

0.00148476 2.44141e-05
0.00148926 2.59738e-05

0.00148926 1.68682e-05
0.00151367 1.75088e-05

0.00150894 2.44141e-05
0.00151367 2.44626e-05

0.00151367 1.74105e-05
0.00153809 1.72335e-05

0.0015625 5.42638e-06
0.00154335 2.44141e-05

0.00153809 2.61002e-05
0.00154294 2.44141e-05

0 0.00312335
0.000390625 0.00311231

0.000390625 0.0031126
0.00078125 0.0030789

0.00078125 0.00307954
0.00117187 0.00302133

0.00117188 0.00302239
0.0015625 0.00293627

0.0015625 7.14405e-06
0.00156501 0

0.00165637 0
0.00166016 9.2541e-06

0.00166016 1.03464e-05
0.00167542 2.44141e-05

0.00167465 2.44141e-05
0.00168457 2.80191e-05

0.00168457 1.82789e-05
0.00170898 1.86064e-05

0.00169599 2.44141e-05
0.00170898 2.45052e-05

0.0017334 1.11747e-05
0.00171834 2.44141e-05

0.00170898 2.80387e-05
0.00171925 2.44141e-05

0.0017334 1.18667e-05
0.00173845 0

0.00180016 0
0.00180664 1.43354e-05

0.00180664 8.50227e-06
0.00183105 1.28433e-05

0.00183105 6.35444e-06
0.00185547 6.21421e-07

0.00185547 3.32723e-07
0.00187988 1.6901e-05

0.00187988 9.36594e-06
0.0019043 1.1765e-05

0.0019043 9.48549e-06
0.00192871 1.03466e-05

0.00192871 9.9167e-06
0.00195312 1.21889e-05

0.00195312 9.54189e-06
0.00197754 1.29756e-05

0.00197754 1.35926e-05
0.00200195 1.29028e-05

0.00200195 1.52706e-05
0.00202637 6.33231e-06

0.00202637 6.80924e-06
0.00205078 9.22343e-06

0.00205078 9.66254e-06
0.0020752 1.4506e-05

0.0020752 9.87985e-06
0.00209961 1.18463e-05

0.00209961 1.33454e-05
0.00212402 1.33554e-05

0.00212402 1.30637e-05
0.00214844 8.67568e-06

0.00214844 8.27162e-06
0.00217285 1.29532e-05

0.00217285 1.37911e-05
0.00219727 1.38157e-05

0.00219727 1.31791e-05
0.00222168 8.07849e-06

0.00222168 7.96789e-06
0.00224609 1.32761e-05

0.00224609 1.39516e-05
0.00227051 1.3948e-05

0.00227051 1.38102e-05
0.00229492 7.42896e-06

0.00229492 8.15817e-06
0.00231934 1.18652e-05

0.00231934 1.06214e-05
0.00234375 1.50173e-05

0.00234375 1.50559e-05
0.00236816 1.07986e-05

0.00236816 1.25024e-05
0.00239258 7.47884e-06

0.00239258 7.48568e-06
0.00241699 1.24848e-05

0.00241699 1.07174e-05
0.00244141 1.51172e-05

0.00244141 1.51139e-05
0.00246582 1.07115e-05

0.00246582 1.24718e-05
0.00249023 7.50469e-06

0.00249023 7.5051e-06
0.00251465 1.25025e-05

0.00251465 1.07367e-05
0.00253906 1.50956e-05

0.00253906 1.50904e-05
0.00256348 1.07187e-05

0.00256348 1.24387e-05
0.00258789 7.57621e-06

0.00258789 7.56689e-06
0.0026123 1.25366e-05

0.0026123 1.08636e-05
0.00263672 1.49919e-05

0.00263672 1.49338e-05
0.00266113 1.06601e-05

0.00266113 1.18966e-05
0.00268555 8.2858e-06

0.00268555 7.50327e-06
0.00270996 1.37892e-05

0.00270996 1.38994e-05
0.00273438 1.40704e-05

0.00273437 1.38303e-05
0.00275879 7.69264e-06

0.00275879 8.4615e-06
0.0027832 1.18547e-05

0.0027832 1.07991e-05
0.00280762 1.47889e-05

0.00280762 1.47898e-05
0.00283203 1.08156e-05

0.00283203 1.19474e-05
0.00285645 8.37083e-06

0.00285645 7.64306e-06
0.00288086 1.36861e-05

0.00288086 1.38268e-05
0.00290527 1.3982e-05

0.00290527 1.3372e-05
0.00292969 8.16582e-06

0.00292969 8.84386e-06
0.0029541 1.24152e-05

0.0029541 1.1712e-05
0.00297852 1.42133e-05

0.00297852 1.21642e-05
0.00300293 1.24315e-05

0.00300293 1.24977e-05
0.00302734 1.37978e-05

0.00302734 1.2802e-05
0.00305176 1.3633e-05

0.00305176 1.3148e-05
0.00307617 1.43577e-05

0.00307617 1.35584e-05
0.00310059 1.46883e-05

0.00310059 1.40549e-05
0.003125 1.51978e-05

0.00175781 0.00288014
0.00157976 0.00292969

0.0015625 0.00293455
0.00157999 0.00292969

0.00175781 0.00288065
0.00195312 0.00281755

0.00234375 0.00265932
0.00217248 0.00273438

0.00195312 0.00281789
0.00214844 0.00274434

0.00214844 0.00274397
0.00217033 0.00273438

0.00292969 0.00231038
0.00288363 0.00234375

0.003125 0.0021472
0.00312365 0.00214844

0.00302734 0.00223252
0.00301039 0.00224609

0.00297852 0.00227052
0.00294747 0.00229492

0.00292969 0.00230928
0.0029482 0.00229492

0.00300293 0.00225145
0.00297889 0.00227051

0.00297852 0.00227135
0.00297957 0.00227051

0.00300293 0.00224705
0.00300415 0.00224609

0.00307617 0.00218771
0.00306524 0.00219727

0.00302734 0.00223213
0.00306835 0.00219727

0.00307617 0.00219002
0.00312272 0.00214844

0.00244141 0.00261143
0.00238964 0.00263672

0.00234375 0.0026576
0.0023865 0.00263672

0.00244141 0.00261094
0.00253906 0.00255966

0.00273438 0.00244628
0.00257786 0.00253906

0.00253906 0.00255896
0.0025732 0.00253906

0.00283203 0.00237953
0.00273951 0.00244141

0.00273438 0.00244415
0.00273864 0.00244141

0.00283203 0.00237874
0.00288071 0.00234375

0.003125 1.45532e-05
0.00314941 1.55165e-05

0.00314941 1.49802e-05
0.00317383 1.58538e-05

0.00317383 1.5364e-05
0.00319824 1.61761e-05

0.00319824 1.57547e-05
0.00322266 1.64781e-05

0.00322266 1.58131e-05
0.00324707 1.69993e-05

0.00324707 1.66164e-05
0.00327148 1.7758e-05

0.00327148 1.68111e-05
0.0032959 1.8129e-05

0.0032959 1.78636e-05
0.00332031 1.90509e-05

0.00332031 1.83157e-05
0.00334473 1.89926e-05

0.00334473 1.92185e-05
0.00336914 1.90497e-05

0.00336914 1.23614e-05
0.00339326 2.44141e-05

0.00339081 2.44141e-05
0.00339355 2.55367e-05

0.00339355 2.74346e-05
0.0034177 4.88281e-05

0.00341749 4.88281e-05
0.00341797 4.92943e-05

0.00341797 4.95811e-05
0.0034416 7.32422e-05

0.00344167 7.32422e-05
0.00344238 7.398e-05

0.00344238 7.41604e-05
0.00346426 9.76563e-05

0.0034648 9.76563e-05
0.0034668 9.98992e-05

0.0034668 0.000100405
0.00350596 0.000146484

0.00350594 0.000146484
0.00351563 0.00015918

0.00351563 0.000159623
0.00354243 0.000195313

0.00354275 0.000195313
0.00356445 0.000227911

0.00356445 0.000229545
0.00357398 0.000244141

0.00357479 0.000244141
0.00360359 0.000292969

0.00360437 0.000292969
0.00361328 0.000310937

0.00361328 0.000312449
0.00362859 0.000341797

0.00362882 0.000341797
0.00365142 0.000390625

0.00365208 0.000390625
0.0036895 0.000488281

0.00368932 0.000488281
0.00371094 0.000564731

0.00371094 0.000566643
0.00371639 0.000585938

0.00371662 0.000585937
0.00373542 0.000683594

0.00373505 0.000683594
0.0037462 0.00078125

0.00374819 0.00078125
0.00374868 0.000976562

0.00374837 0.000976562
0.00372024 0.00117188

0.00371094 0.00120556
0.00366435 0.00136719

0.00366442 0.00136719
0.003579 0.0015625

0.00371094 0.00120002
0.00371798 0.00117187

0.00332031 0.00194321
0.00331206 0.00195312

0.00351563 0.00167289
0.0034621 0.00175781

0.00341797 0.00181925
0.00339209 0.00185547

0.00332031 0.00194459
0.00339244 0.00185547

0.00346135 0.00175781
0.00342734 0.00180664

0.00341797 0.00181898
0.00342668 0.00180664

0.003125 0.00214736
0.00322266 0.00205226

0.00331352 0.00195313
0.00322415 0.00205078

0.00322266 0.00205359
0.00322538 0.00205078

0.00357694 0.0015625
0.00352309 0.00166016

0.00351563 0.00167016
0.00352169 0.00166016

