7.18119e-05 0
7.32422e-05 4.21239e-06

7.32422e-05 3.19882e-07
9.58516e-05 2.44141e-05

9.76563e-05 1.43433e-05
0.00012207 1.5391e-05

0.00012207 1.42052e-05
0.000146484 1.39423e-05

0.000146484 1.47756e-05
0.000170898 1.45447e-05

0.000170898 1.37953e-05
0.000195313 1.39909e-05

0.000195313 1.43494e-05
0.000219727 1.52767e-05

0.000219727 1.49842e-05
0.000244141 1.42744e-05

0.000244141 1.44788e-05
0.000268555 1.40169e-05

0.000268555 1.40834e-05
0.000292969 1.44512e-05

0.000292969 1.44186e-05
0.000317383 1.46529e-05

0.000317383 1.48734e-05
0.000341797 1.40309e-05

0.000341797 1.42851e-05
0.000366211 1.34677e-05

0.000366211 1.37363e-05
0.000390625 1.39174e-05

0.000390625 1.39403e-05
0.000415039 1.40873e-05

0.000415039 1.4247e-05
0.000439453 1.36307e-05

0.000439453 1.38284e-05
0.000463867 1.32661e-05

0.000463867 1.34447e-05
0.000488281 1.35953e-05

0.000488281 1.36147e-05
0.000512695 1.3703e-05

0.000512695 1.38146e-05
0.000537109 1.33565e-05

0.000537109 1.35655e-05
0.000561523 1.30748e-05

0.000561523 1.31623e-05
0.000585937 1.32926e-05

0.000585938 1.33513e-05
0.000610352 1.34782e-05

0.000610352 1.34967e-05
0.000634766 1.31431e-05

0.000634766 1.33166e-05
0.00065918 1.29991e-05

0.00065918 1.29931e-05
0.000683594 1.31896e-05

0.000683594 1.31397e-05
0.000708008 1.34585e-05

0.000708008 1.33636e-05
0.000732422 1.32806e-05

0.000732422 1.32985e-05
0.000756836 1.31791e-05

0.000756836 1.30934e-05
0.00078125 1.3378e-05

0.00078125 1.32244e-05
0.000805664 1.36663e-05

0.000805664 1.36273e-05
0.000830078 1.34918e-05

0.000830078 1.34076e-05
0.000854492 1.32838e-05

0.000854492 1.32141e-05
0.000878906 1.37234e-05

0.000878906 1.34595e-05
0.00090332 1.3983e-05

0.00090332 1.39227e-05
0.000927734 1.37979e-05

0.000927734 1.36996e-05
0.000952148 1.35553e-05

0.000952148 1.33837e-05
0.000976562 1.41208e-05

0.000976562 1.40585e-05
0.00100098 1.43099e-05

0.00100098 1.40558e-05
0.00102539 1.38335e-05

0.00102539 1.37294e-05
0.0010498 1.42986e-05

0.0010498 1.39664e-05
0.00107422 1.47989e-05

0.00107422 1.47614e-05
0.00109863 1.45726e-05

0.00109863 1.43753e-05
0.00112305 1.40912e-05

0.00112305 1.39205e-05
0.00114746 1.49669e-05

0.00114746 1.44916e-05
0.00117187 1.56376e-05

0.00117188 1.54946e-05
0.00119629 1.52689e-05

0.00119629 1.49762e-05
0.0012207 1.47789e-05

0.0012207 1.44406e-05
0.00124512 1.59978e-05

0.00124512 1.64141e-05
0.00126953 1.59562e-05

0.00126953 1.52154e-05
0.00129395 1.44424e-05

0.00129395 1.53919e-05
0.00131836 1.56827e-05

0.00131836 1.45996e-05
0.00134277 1.55423e-05

0.00134277 1.73433e-05
0.00136719 1.53276e-05

0.00139139 0
0.00136976 2.44141e-05

0.0013916 3.4926e-06
0.00139278 0

0.00146276 0
0.00146484 6.10932e-06

0.00146484 4.57357e-06
0.00148421 2.44141e-05

0.00148506 2.44141e-05
0.00148926 2.59018e-05

0.00148926 1.73131e-05
0.00151367 1.77902e-05

0.00151367 1.7265e-05
0.00153809 1.67997e-05

0.0015625 5.71189e-06
0.00154332 2.44141e-05

0.00153809 2.5988e-05
0.0015427 2.44141e-05

0 0.00312341
0.000390625 0.00311236

0.000390625 0.00311265
0.00078125 0.00307894

0.00078125 0.00307957
0.00117187 0.00302134

0.00117188 0.00302239
0.0015625 0.00293626

0.0015625 7.2209e-06
0.00156506 0

0.00165635 0
0.00166016 9.28392e-06

0.00166016 1.03722e-05
0.0016754 2.44141e-05

0.00167463 2.44141e-05
0.00168457 2.80248e-05

0.00168457 1.82776e-05
0.00170898 1.85915e-05

0.00169578 2.44141e-05
0.00170898 2.45023e-05

0.0017334 1.11746e-05
0.00171834 2.44141e-05

0.00170898 2.80341e-05
0.00171924 2.44141e-05

0.0017334 1.18315e-05
0.00173844 0

0.00179984 0
0.00180664 1.4696e-05

0.00180664 8.58278e-06
0.00183105 1.2542e-05

0.00183105 6.24663e-06
0.00185547 7.26034e-07

0.00185547 2.79808e-07
0.00187988 1.69062e-05

0.00187988 9.36814e-06
0.0019043 1.17939e-05

0.0019043 9.4852e-06
0.00192871 1.03279e-05

0.00192871 9.91505e-06
0.00195312 1.22008e-05

0.00195312 9.54558e-06
0.00197754 1.29688e-05

0.00197754 1.35913e-05
0.00200195 1.2901e-05

0.00200195 1.52623e-05
0.00202637 6.33684e-06

0.00202637 6.82431e-06
0.00205078 9.22008e-06

0.00205078 9.62042e-06
0.0020752 1.45247e-05

0.0020752 9.92082e-06
0.00209961 1.1892e-05

0.00209961 1.33918e-05
0.00212402 1.32954e-05

0.00212402 1.30258e-05
0.00214844 8.65949e-06

0.00214844 8.26757e-06
0.00217285 1.29767e-05

0.00217285 1.37931e-05
0.00219727 1.37919e-05

0.00219727 1.31e-05
0.00222168 8.14272e-06

0.00222168 8.04746e-06
0.00224609 1.33468e-05

0.00224609 1.40533e-05
0.00227051 1.38406e-05

0.00227051 1.3744e-05
0.00229492 7.36496e-06

0.00229492 8.10809e-06
0.00231934 1.19339e-05

0.00231934 1.06308e-05
0.00234375 1.50141e-05

0.00234375 1.50591e-05
0.00236816 1.07994e-05

0.00236816 1.25035e-05
0.00239258 7.47998e-06

0.00239258 7.48828e-06
0.00241699 1.24854e-05

0.00241699 1.072e-05
0.00244141 1.51151e-05

0.00244141 1.51119e-05
0.00246582 1.07104e-05

0.00246582 1.24669e-05
0.00249023 7.51137e-06

0.00249023 7.51109e-06
0.00251465 1.25063e-05

0.00251465 1.07429e-05
0.00253906 1.50902e-05

0.00253906 1.50842e-05
0.00256348 1.07195e-05

0.00256348 1.24326e-05
0.00258789 7.59235e-06

0.00258789 7.58461e-06
0.0026123 1.25374e-05

0.0026123 1.08719e-05
0.00263672 1.49764e-05

0.00263672 1.4917e-05
0.00266113 1.06634e-05

0.00266113 1.18959e-05
0.00268555 8.30679e-06

0.00268555 7.5206e-06
0.00270996 1.37823e-05

0.00270996 1.38982e-05
0.00273438 1.40649e-05

0.00273437 1.38166e-05
0.00275879 7.71102e-06

0.00275879 8.47735e-06
0.0027832 1.18694e-05

0.0027832 1.08249e-05
0.00280762 1.47697e-05

0.00280762 1.4758e-05
0.00283203 1.08192e-05

0.00283203 1.19449e-05
0.00285645 8.42672e-06

0.00285645 7.68416e-06
0.00288086 1.3681e-05

0.00288086 1.38084e-05
0.00290527 1.40073e-05

0.00290527 1.35591e-05
0.00292969 8.07388e-06

0.00292969 8.76559e-06
0.0029541 1.21596e-05

0.0029541 1.15285e-05
0.00297852 1.42403e-05

0.00297852 1.20425e-05
0.00300293 1.24732e-05

0.00300293 1.24522e-05
0.00302734 1.39114e-05

0.00302734 1.28442e-05
0.00305176 1.37401e-05

0.00305176 1.32403e-05
0.00307617 1.44349e-05

0.00307617 1.36642e-05
0.00310059 1.47194e-05

0.00310059 1.41522e-05
0.003125 1.5162e-05

0.00175781 0.00288011
0.00157969 0.00292969

0.0015625 0.00293453
0.00157991 0.00292969

0.00175781 0.00288062
0.00195312 0.00281751

0.00234375 0.00265929
0.00217239 0.00273438

0.00195312 0.00281785
0.00214844 0.0027443

0.00214844 0.00274393
0.00217024 0.00273438

0.00292969 0.0023105
0.00288377 0.00234375

0.003125 0.00214745
0.00312392 0.00214844

0.00302734 0.00223272
0.00301062 0.00224609

0.00297852 0.00227066
0.00294762 0.00229492

0.00292969 0.0023094
0.00294836 0.00229492

0.00300293 0.00225161
0.00297907 0.00227051

0.00297852 0.00227141
0.00297964 0.00227051

0.00300293 0.00224754
0.00300478 0.00224609

0.00307617 0.00218787
0.00306542 0.00219727

0.00302734 0.0022323
0.00306858 0.00219727

0.00307617 0.00219023
0.00312299 0.00214844

0.00244141 0.00261141
0.00238958 0.00263672

0.00234375 0.00265757
0.00238644 0.00263672

0.00244141 0.00261092
0.00253906 0.00255965

0.00273438 0.00244632
0.00257786 0.00253906

0.00253906 0.00255897
0.00257323 0.00253906

0.00283203 0.00237961
0.00273958 0.00244141

0.00273438 0.0024442
0.00273872 0.00244141

0.00283203 0.00237882
0.00288084 0.00234375

0.003125 1.45911e-05
0.00314941 1.54055e-05

0.00314941 1.49332e-05
0.00317383 1.57148e-05

0.00317383 1.52287e-05
0.00319824 1.60762e-05

0.00319824 1.5521e-05
0.00322266 1.65775e-05

0.00322266 1.5954e-05
0.00324707 1.72067e-05

0.00324707 1.6624e-05
0.00327148 1.77457e-05

0.00327148 1.71701e-05
0.0032959 1.80912e-05

0.0032959 1.74894e-05
0.00332031 1.86539e-05

0.00332031 1.7904e-05
0.00334473 1.96645e-05

0.00334473 1.95127e-05
0.00336914 2.01517e-05

0.00336914 1.36932e-05
0.00339202 2.44141e-05

0.00339067 2.44141e-05
0.00339355 2.55276e-05

0.00339355 2.75806e-05
0.00341797 4.86775e-05

0.00341751 4.88281e-05
0.00341797 4.92722e-05

0.00341797 4.86202e-05
0.00341818 4.88281e-05

0.00341797 4.94419e-05
0.00344175 7.32422e-05

0.00344179 7.32422e-05
0.00344238 7.38556e-05

0.00344238 7.39962e-05
0.0034644 9.76563e-05

0.00346493 9.76563e-05
0.0034668 9.97529e-05

0.0034668 0.000100253
0.00350602 0.000146484

0.003506 0.000146484
0.00351563 0.000159134

0.00351563 0.00015962
0.00354237 0.000195313

0.00354269 0.000195313
0.00356445 0.000228057

0.00356445 0.000229704
0.00357386 0.000244141

0.00357467 0.000244141
0.00360343 0.000292969

0.0036042 0.000292969
0.00361328 0.000311305

0.00361328 0.000312779
0.0036284 0.000341797

0.00362864 0.000341797
0.00365121 0.000390625

0.00365187 0.000390625
0.00368927 0.000488281

0.00368909 0.000488281
0.00371094 0.000565562

0.00371094 0.000567458
0.00371616 0.000585938

0.00371639 0.000585937
0.0037352 0.000683594

0.00373483 0.000683594
0.003746 0.00078125

0.00374798 0.00078125
0.00374852 0.000976562

0.00374821 0.000976562
0.00372014 0.00117188

0.00371094 0.00120527
0.00366434 0.00136719

0.00366441 0.00136719
0.0035791 0.0015625

0.00371094 0.00119966
0.00371788 0.00117187

0.00332031 0.00194352
0.00331232 0.00195312

0.00351563 0.00167317
0.00346233 0.00175781

0.00341797 0.00181965
0.00339241 0.00185547

0.00332031 0.00194501
0.00339276 0.00185547

0.00346158 0.00175781
0.0034276 0.00180664

0.00341797 0.00181931
0.0034269 0.00180664

0.003125 0.0021476
0.00322266 0.00205257

0.00331385 0.00195313
0.00322445 0.00205078

0.00322266 0.00205379
0.00322558 0.00205078

0.00357704 0.0015625
0.00352325 0.00166016

0.00351563 0.00167052
0.0035219 0.00166016

