7.15686e-05 0
7.32422e-05 4.90075e-06

7.32422e-05 6.44915e-07
9.58918e-05 2.44141e-05

9.67278e-05 2.44141e-05
9.76563e-05 2.47388e-05

9.76563e-05 1.45355e-05
0.00012207 1.49566e-05

0.000118013 2.44141e-05
0.00012207 2.44408e-05

0.00012207 1.36686e-05
0.000146484 1.37632e-05

0.000146484 1.42752e-05
0.000170898 1.53656e-05

0.000170898 1.48959e-05
0.000195313 1.42608e-05

0.000195313 1.44962e-05
0.000219727 1.41336e-05

0.000219727 1.40089e-05
0.000244141 1.45785e-05

0.000244141 1.45522e-05
0.000268555 1.49746e-05

0.000268555 1.51079e-05
0.000292969 1.41538e-05

0.000292969 1.44457e-05
0.000317383 1.35692e-05

0.000317383 1.37914e-05
0.000341797 1.41157e-05

0.000341797 1.41333e-05
0.000366211 1.43789e-05

0.000366211 1.45146e-05
0.000390625 1.37722e-05

0.000390625 1.40288e-05
0.000415039 1.33433e-05

0.000415039 1.3526e-05
0.000439453 1.37285e-05

0.000439453 1.37531e-05
0.000463867 1.3922e-05

0.000463867 1.40333e-05
0.000488281 1.34752e-05

0.000488281 1.36832e-05
0.000512695 1.31572e-05

0.000512695 1.32981e-05
0.000537109 1.34352e-05

0.000537109 1.34546e-05
0.000561523 1.35868e-05

0.000561523 1.3663e-05
0.000585937 1.32648e-05

0.000585938 1.34146e-05
0.000610352 1.3043e-05

0.000610352 1.31349e-05
0.000634766 1.32539e-05

0.000634766 1.32717e-05
0.00065918 1.3358e-05

0.00065918 1.33767e-05
0.000683594 1.31372e-05

0.000683594 1.31863e-05
0.000708008 1.30969e-05

0.000708008 1.30336e-05
0.000732422 1.33516e-05

0.000732422 1.32784e-05
0.000756836 1.34641e-05

0.000756836 1.33718e-05
0.00078125 1.32835e-05

0.00078125 1.32565e-05
0.000805664 1.33574e-05

0.000805664 1.31882e-05
0.000830078 1.36141e-05

0.000830078 1.35211e-05
0.000854492 1.37177e-05

0.000854492 1.35587e-05
0.000878906 1.35344e-05

0.000878906 1.34949e-05
0.00090332 1.37078e-05

0.00090332 1.36158e-05
0.000927734 1.37939e-05

0.000927734 1.35996e-05
0.000952148 1.38693e-05

0.000952148 1.37737e-05
0.000976562 1.40416e-05

0.000976562 1.38209e-05
0.00100098 1.40541e-05

0.00100098 1.39084e-05
0.00102539 1.42627e-05

0.00102539 1.40804e-05
0.0010498 1.43394e-05

0.0010498 1.41744e-05
0.00107422 1.43984e-05

0.00107422 1.42258e-05
0.00109863 1.45436e-05

0.00109863 1.43863e-05
0.00112305 1.46863e-05

0.00112305 1.44182e-05
0.00114746 1.4827e-05

0.00114746 1.46028e-05
0.00117187 1.51244e-05

0.00117188 1.4769e-05
0.00119629 1.53223e-05

0.00119629 1.53769e-05
0.0012207 1.5261e-05

0.0012207 1.4717e-05
0.00124512 1.51824e-05

0.00124512 1.55208e-05
0.00126953 1.58914e-05

0.00126953 1.53069e-05
0.00129395 1.52161e-05

0.00129395 1.57933e-05
0.00131836 1.54656e-05

0.00131836 1.49003e-05
0.00134277 1.50721e-05

0.00134277 1.62973e-05
0.00136719 1.52495e-05

0.0013916 1.29211e-06
0.00136986 2.44141e-05

0.0013916 4.27326e-06
0.00139305 0

0.0014629 0
0.00146484 5.694e-06

0.00146484 4.58247e-06
0.00148412 2.44141e-05

0.00148503 2.44141e-05
0.00148926 2.59208e-05

0.00148926 1.74659e-05
0.00151367 1.78166e-05

0.00151367 1.72654e-05
0.00153809 1.66501e-05

0.0015625 5.65928e-06
0.00154323 2.44141e-05

0.00153809 2.60325e-05
0.00154286 2.44141e-05

0 0.00312341
0.000390625 0.00311236

0.000390625 0.00311265
0.00078125 0.00307893

0.00078125 0.00307956
0.00117187 0.00302132

0.00117188 0.00302237
0.0015625 0.00293623

0.0015625 7.34487e-06
0.00156509 0

0.00165637 0
0.00166016 9.23893e-06

0.00166016 1.0354e-05
0.0016754 2.44141e-05

0.00167466 2.44141e-05
0.00168457 2.80213e-05

0.00168457 1.82916e-05
0.00170898 1.86237e-05

0.00169608 2.44141e-05
0.00170898 2.45058e-05

0.0017334 1.11932e-05
0.00171836 2.44141e-05

0.00170898 2.80415e-05
0.00171925 2.44141e-05

0.0017334 1.188e-05
0.00173846 0

0.00180029 0
0.00180664 1.41778e-05

0.00180664 8.36974e-06
0.00183105 1.30494e-05

0.00183105 6.49929e-06
0.00185547 6.18447e-07

0.00185547 3.83484e-07
0.00187988 1.67937e-05

0.00187988 9.34789e-06
0.0019043 1.18001e-05

0.0019043 9.49313e-06
0.00192871 1.03392e-05

0.00192871 9.91649e-06
0.00195312 1.21894e-05

0.00195312 9.54244e-06
0.00197754 1.29762e-05

0.00197754 1.35921e-05
0.00200195 1.29037e-05

0.00200195 1.52645e-05
0.00202637 6.34142e-06

0.00202637 6.8195e-06
0.00205078 9.22874e-06

0.00205078 9.6678e-06
0.0020752 1.44996e-05

0.0020752 9.8863e-06
0.00209961 1.18427e-05

0.00209961 1.33442e-05
0.00212402 1.33424e-05

0.00212402 1.29873e-05
0.00214844 8.73925e-06

0.00214844 8.35892e-06
0.00217285 1.30196e-05

0.00217285 1.39013e-05
0.00219727 1.36839e-05

0.00219727 1.30263e-05
0.00222168 8.06227e-06

0.00222168 7.98365e-06
0.00224609 1.34225e-05

0.00224609 1.40615e-05
0.00227051 1.38446e-05

0.00227051 1.37493e-05
0.00229492 7.36558e-06

0.00229492 8.11297e-06
0.00231934 1.19329e-05

0.00231934 1.06325e-05
0.00234375 1.50122e-05

0.00234375 1.50565e-05
0.00236816 1.08012e-05

0.00236816 1.25045e-05
0.00239258 7.4842e-06

0.00239258 7.49263e-06
0.00241699 1.24833e-05

0.00241699 1.07203e-05
0.00244141 1.5113e-05

0.00244141 1.51098e-05
0.00246582 1.07116e-05

0.00246582 1.24667e-05
0.00249023 7.51424e-06

0.00249023 7.51502e-06
0.00251465 1.25045e-05

0.00251465 1.07416e-05
0.00253906 1.50878e-05

0.00253906 1.5083e-05
0.00256348 1.07211e-05

0.00256348 1.24374e-05
0.00258789 7.5876e-06

0.00258789 7.5795e-06
0.0026123 1.25324e-05

0.0026123 1.08662e-05
0.00263672 1.49808e-05

0.00263672 1.49221e-05
0.00266113 1.06609e-05

0.00266113 1.18911e-05
0.00268555 8.30068e-06

0.00268555 7.51842e-06
0.00270996 1.37864e-05

0.00270996 1.38908e-05
0.00273438 1.40681e-05

0.00273437 1.38189e-05
0.00275879 7.72499e-06

0.00275879 8.49273e-06
0.0027832 1.18614e-05

0.0027832 1.08164e-05
0.00280762 1.47674e-05

0.00280762 1.47641e-05
0.00283203 1.08289e-05

0.00283203 1.1956e-05
0.00285645 8.40888e-06

0.00285645 7.66358e-06
0.00288086 1.36835e-05

0.00288086 1.3823e-05
0.00290527 1.40127e-05

0.00290527 1.35748e-05
0.00292969 8.0278e-06

0.00292969 8.7369e-06
0.0029541 1.21376e-05

0.0029541 1.14993e-05
0.00297852 1.42398e-05

0.00297852 1.19893e-05
0.00300293 1.25091e-05

0.00300293 1.24361e-05
0.00302734 1.40211e-05

0.00302734 1.29143e-05
0.00305176 1.38382e-05

0.00305176 1.3372e-05
0.00307617 1.44447e-05

0.00307617 1.37489e-05
0.00310059 1.46258e-05

0.00310059 1.4124e-05
0.003125 1.50546e-05

0.00175781 0.00288008
0.00157959 0.00292969

0.0015625 0.00293451
0.00157982 0.00292969

0.00175781 0.00288059
0.00195312 0.00281749

0.00234375 0.00265931
0.00217237 0.00273438

0.00195312 0.00281783
0.00214844 0.00274429

0.00214844 0.00274392
0.00217024 0.00273438

0.00292969 0.00231063
0.00288394 0.00234375

0.003125 0.00214764
0.00312412 0.00214844

0.00302734 0.0022329
0.00301084 0.00224609

0.00297852 0.0022708
0.00294779 0.00229492

0.00292969 0.00230953
0.00294854 0.00229492

0.00300293 0.00225175
0.00297925 0.00227051

0.00297852 0.00227149
0.00297974 0.00227051

0.00300293 0.00224791
0.00300525 0.00224609

0.00307617 0.002188
0.00306557 0.00219727

0.00302734 0.00223245
0.00306877 0.00219727

0.00307617 0.0021904
0.00312319 0.00214844

0.00244141 0.00261143
0.00238963 0.00263672

0.00234375 0.00265759
0.00238649 0.00263672

0.00244141 0.00261095
0.00253906 0.0025597

0.00273438 0.0024464
0.00257794 0.00253906

0.00253906 0.00255903
0.00257334 0.00253906

0.00283203 0.00237971
0.0027397 0.00244141

0.00273438 0.0024443
0.00273887 0.00244141

0.00283203 0.00237893
0.002881 0.00234375

0.003125 1.45005e-05
0.00314941 1.53553e-05

0.00314941 1.48602e-05
0.00317383 1.57126e-05

0.00317383 1.52035e-05
0.00319824 1.60756e-05

0.00319824 1.55586e-05
0.00322266 1.65048e-05

0.00322266 1.5896e-05
0.00324707 1.70411e-05

0.00324707 1.62857e-05
0.00327148 1.78426e-05

0.00327148 1.69753e-05
0.0032959 1.88748e-05

0.0032959 1.89021e-05
0.00332031 1.89526e-05

0.00332031 1.69594e-05
0.00334473 1.89917e-05

0.00334473 2.04129e-05
0.00336914 2.15064e-05

0.00336914 1.35634e-05
0.00339343 2.44141e-05

0.00338999 2.44141e-05
0.00339355 2.58396e-05

0.00339355 2.38171e-05
0.00339411 2.44141e-05

0.00339355 2.85772e-05
0.00341645 4.88281e-05

0.00341686 4.88281e-05
0.00341797 4.98735e-05

0.00341797 5.03287e-05
0.00344125 7.32422e-05

0.00344126 7.32422e-05
0.00344238 7.43952e-05

0.00344238 7.45611e-05
0.00346405 9.76563e-05

0.00346457 9.76563e-05
0.0034668 0.000100146

0.0034668 0.00010094
0.00348534 0.00012207

0.00348513 0.00012207
0.00349121 0.00012932

0.00349121 0.000128948
0.00350563 0.000146484

0.00350587 0.000146484
0.00351563 0.00015926

0.00351563 0.000159754
0.00354234 0.000195313

0.00354266 0.000195313
0.00356445 0.000228054

0.00356445 0.000229726
0.00357386 0.000244141

0.00357469 0.000244141
0.00360348 0.000292969

0.00360425 0.000292969
0.00361328 0.000311199

0.00361328 0.000312691
0.00362845 0.000341797

0.00362869 0.000341797
0.00365126 0.000390625

0.00365191 0.000390625
0.00368929 0.000488281

0.0036891 0.000488281
0.00371094 0.000565603

0.00371094 0.000567442
0.00371616 0.000585938

0.00371637 0.000585937
0.00373516 0.000683594

0.0037348 0.000683594
0.00374594 0.00078125

0.00374792 0.00078125
0.00374844 0.000976562

0.00374814 0.000976562
0.00372008 0.00117188

0.00371094 0.00120508
0.00366432 0.00136719

0.00366439 0.00136719
0.00357915 0.0015625

0.00371094 0.00119941
0.00371781 0.00117187

0.00332031 0.00194369
0.00331246 0.00195312

0.00351563 0.00167332
0.00346246 0.00175781

0.00341797 0.00181989
0.00339259 0.00185547

0.00332031 0.00194525
0.00339293 0.00185547

0.00346171 0.00175781
0.00342775 0.00180664

0.00341797 0.00181947
0.003427 0.00180664

0.003125 0.00214779
0.00322266 0.00205277

0.00331404 0.00195313
0.00322466 0.00205078

0.00322266 0.00205394
0.00322572 0.00205078

0.00357709 0.0015625
0.00352334 0.00166016

0.00351563 0.0016707
0.00352201 0.00166016

