7.14826e-05 0
7.32422e-05 5.14061e-06

7.32422e-05 1.37877e-06
9.59732e-05 2.44141e-05

9.71231e-05 2.44141e-05
9.76563e-05 2.45941e-05

9.76563e-05 1.42171e-05
0.00012207 1.44599e-05

0.000118634 2.44141e-05
0.00012207 2.44271e-05

0.00012207 1.36398e-05
0.000146484 1.41152e-05

0.000146484 1.42912e-05
0.000170898 1.51238e-05

0.000170898 1.47541e-05
0.000195313 1.43158e-05

0.000195313 1.45371e-05
0.000219727 1.41821e-05

0.000219727 1.39631e-05
0.000244141 1.45492e-05

0.000244141 1.48713e-05
0.000268555 1.47712e-05

0.000268555 1.46055e-05
0.000292969 1.37481e-05

0.000292969 1.39929e-05
0.000317383 1.43073e-05

0.000317383 1.43984e-05
0.000341797 1.44437e-05

0.000341797 1.46031e-05
0.000366211 1.37679e-05

0.000366211 1.41337e-05
0.000390625 1.34182e-05

0.000390625 1.35351e-05
0.000415039 1.37537e-05

0.000415039 1.38415e-05
0.000439453 1.40387e-05

0.000439453 1.40671e-05
0.000463867 1.35196e-05

0.000463867 1.38036e-05
0.000488281 1.32536e-05

0.000488281 1.33414e-05
0.000512695 1.34309e-05

0.000512695 1.34792e-05
0.000537109 1.37097e-05

0.000537109 1.37959e-05
0.000561523 1.33171e-05

0.000561523 1.34379e-05
0.000585937 1.30456e-05

0.000585938 1.32021e-05
0.000610352 1.33398e-05

0.000610352 1.32765e-05
0.000634766 1.34067e-05

0.000634766 1.3524e-05
0.00065918 1.32075e-05

0.00065918 1.32604e-05
0.000683594 1.29631e-05

0.000683594 1.30194e-05
0.000708008 1.3284e-05

0.000708008 1.31469e-05
0.000732422 1.34574e-05

0.000732422 1.34473e-05
0.000756836 1.33065e-05

0.000756836 1.32679e-05
0.00078125 1.31316e-05

0.00078125 1.30755e-05
0.000805664 1.34809e-05

0.000805664 1.33033e-05
0.000830078 1.36856e-05

0.000830078 1.35381e-05
0.000854492 1.35801e-05

0.000854492 1.34816e-05
0.000878906 1.35694e-05

0.000878906 1.35082e-05
0.00090332 1.37401e-05

0.00090332 1.35911e-05
0.000927734 1.38049e-05

0.000927734 1.36791e-05
0.000952148 1.38892e-05

0.000952148 1.3746e-05
0.000976562 1.39662e-05

0.000976562 1.37733e-05
0.00100098 1.41284e-05

0.00100098 1.40327e-05
0.00102539 1.42214e-05

0.00102539 1.39444e-05
0.0010498 1.42474e-05

0.0010498 1.41866e-05
0.00107422 1.45365e-05

0.00107422 1.42967e-05
0.00109863 1.44414e-05

0.00109863 1.44482e-05
0.00112305 1.45024e-05

0.00112305 1.39286e-05
0.00114746 1.48948e-05

0.00114746 1.4623e-05
0.00117187 1.58722e-05

0.00117188 1.55727e-05
0.00119629 1.53094e-05

0.00119629 1.52101e-05
0.0012207 1.48454e-05

0.0012207 1.4462e-05
0.00124512 1.58162e-05

0.00124512 1.62567e-05
0.00126953 1.60719e-05

0.00126953 1.53274e-05
0.00129395 1.46356e-05

0.00129395 1.5634e-05
0.00131836 1.5529e-05

0.00131836 1.46564e-05
0.00134277 1.51316e-05

0.00134277 1.67649e-05
0.00136719 1.51941e-05

0.0013916 3.17617e-07
0.00136968 2.44141e-05

0.0013916 4.07908e-06
0.00139298 0

0.00146282 0
0.00146484 5.88468e-06

0.00146484 5.06221e-06
0.00148417 2.44141e-05

0.00148391 2.44141e-05
0.00148926 2.62593e-05

0.00148926 1.68163e-05
0.00151367 1.73244e-05

0.00150579 2.44141e-05
0.00151367 2.44684e-05

0.00151367 1.72811e-05
0.00153809 1.73085e-05

0.0015625 5.57566e-06
0.00154337 2.44141e-05

0.00153809 2.59471e-05
0.00154252 2.44141e-05

0 0.00312341
0.000390625 0.00311236

0.000390625 0.00311264
0.00078125 0.00307892

0.00078125 0.00307955
0.00117187 0.00302131

0.00117188 0.00302236
0.0015625 0.00293622

0.0015625 7.41143e-06
0.00156512 0

0.00165637 0
0.00166016 9.24344e-06

0.00166016 1.03497e-05
0.00167541 2.44141e-05

0.00167467 2.44141e-05
0.00168457 2.80126e-05

0.00168457 1.82768e-05
0.00170898 1.86221e-05

0.00169637 2.44141e-05
0.00170898 2.45076e-05

0.0017334 1.12191e-05
0.00171836 2.44141e-05

0.00170898 2.80387e-05
0.00171926 2.44141e-05

0.0017334 1.19658e-05
0.0017385 0

0.00180029 0
0.00180664 1.42986e-05

0.00180664 9.53419e-06
0.00183105 1.28258e-05

0.00183105 6.52099e-06
0.00185417 0

0.00185547 7.23309e-09
0.00187988 1.7448e-05

0.00187988 9.3808e-06
0.0019043 1.15652e-05

0.0019043 9.39872e-06
0.00192871 1.04175e-05

0.00192871 9.91619e-06
0.00195312 1.21797e-05

0.00195312 9.51851e-06
0.00197754 1.29708e-05

0.00197754 1.35951e-05
0.00200195 1.29118e-05

0.00200195 1.52609e-05
0.00202637 6.32272e-06

0.00202637 6.80955e-06
0.00205078 9.23647e-06

0.00205078 9.65918e-06
0.0020752 1.45036e-05

0.0020752 9.89238e-06
0.00209961 1.18494e-05

0.00209961 1.33511e-05
0.00212402 1.33323e-05

0.00212402 1.29812e-05
0.00214844 8.73586e-06

0.00214844 8.35381e-06
0.00217285 1.30261e-05

0.00217285 1.38947e-05
0.00219727 1.36956e-05

0.00219727 1.30509e-05
0.00222168 8.06349e-06

0.00222168 7.98224e-06
0.00224609 1.33978e-05

0.00224609 1.40413e-05
0.00227051 1.38589e-05

0.00227051 1.37593e-05
0.00229492 7.37578e-06

0.00229492 8.11845e-06
0.00231934 1.19195e-05

0.00231934 1.06288e-05
0.00234375 1.50138e-05

0.00234375 1.50557e-05
0.00236816 1.08004e-05

0.00236816 1.25026e-05
0.00239258 7.48447e-06

0.00239258 7.49304e-06
0.00241699 1.24841e-05

0.00241699 1.07196e-05
0.00244141 1.51125e-05

0.00244141 1.51086e-05
0.00246582 1.07142e-05

0.00246582 1.24701e-05
0.00249023 7.51441e-06

0.00249023 7.51505e-06
0.00251465 1.25018e-05

0.00251465 1.07396e-05
0.00253906 1.50899e-05

0.00253906 1.5084e-05
0.00256348 1.0723e-05

0.00256348 1.24388e-05
0.00258789 7.58719e-06

0.00258789 7.57849e-06
0.0026123 1.25337e-05

0.0026123 1.08677e-05
0.00263672 1.49834e-05

0.00263672 1.49219e-05
0.00266113 1.06636e-05

0.00266113 1.18972e-05
0.00268555 8.30158e-06

0.00268555 7.51931e-06
0.00270996 1.37812e-05

0.00270996 1.38878e-05
0.00273438 1.40704e-05

0.00273437 1.38256e-05
0.00275879 7.72123e-06

0.00275879 8.48974e-06
0.0027832 1.18513e-05

0.0027832 1.08025e-05
0.00280762 1.47743e-05

0.00280762 1.47752e-05
0.00283203 1.08314e-05

0.00283203 1.19705e-05
0.00285645 8.37594e-06

0.00285645 7.63076e-06
0.00288086 1.36764e-05

0.00288086 1.38285e-05
0.00290527 1.4013e-05

0.00290527 1.35296e-05
0.00292969 8.02576e-06

0.00292969 8.68572e-06
0.0029541 1.22508e-05

0.0029541 1.15576e-05
0.00297852 1.4346e-05

0.00297852 1.21172e-05
0.00300293 1.2527e-05

0.00300293 1.25573e-05
0.00302734 1.39151e-05

0.00302734 1.29119e-05
0.00305176 1.36633e-05

0.00305176 1.32386e-05
0.00307617 1.43335e-05

0.00307617 1.35908e-05
0.00310059 1.46278e-05

0.00310059 1.40339e-05
0.003125 1.51407e-05

0.00175781 0.00288008
0.00157955 0.00292969

0.0015625 0.0029345
0.0015798 0.00292969

0.00175781 0.00288059
0.00195312 0.00281749

0.00234375 0.00265934
0.00217242 0.00273438

0.00195312 0.00281783
0.00214844 0.00274431

0.00214844 0.00274395
0.0021703 0.00273438

0.00292969 0.00231075
0.00288408 0.00234375

0.003125 0.00214778
0.00312428 0.00214844

0.00302734 0.00223304
0.00301101 0.00224609

0.00297852 0.00227092
0.00294793 0.00229492

0.00292969 0.00230964
0.00294868 0.00229492

0.00300293 0.00225187
0.00297939 0.00227051

0.00297852 0.00227156
0.00297984 0.00227051

0.00300293 0.00224817
0.0030056 0.00224609

0.00307617 0.0021881
0.00306569 0.00219727

0.00302734 0.00223257
0.00306892 0.00219727

0.00307617 0.00219053
0.00312335 0.00214844

0.00244141 0.00261148
0.0023897 0.00263672

0.00234375 0.00265763
0.00238658 0.00263672

0.00244141 0.00261099
0.00253906 0.00255975

0.00273438 0.00244648
0.00257804 0.00253906

0.00253906 0.0025591
0.00257346 0.00253906

0.00283203 0.00237981
0.00273982 0.00244141

0.00273438 0.00244439
0.00273901 0.00244141

0.00283203 0.00237903
0.00288114 0.00234375

0.003125 1.45209e-05
0.00314941 1.5459e-05

0.00314941 1.49612e-05
0.00317383 1.57483e-05

0.00317383 1.52411e-05
0.00319824 1.60574e-05

0.00319824 1.54383e-05
0.00322266 1.66689e-05

0.00322266 1.60392e-05
0.00324707 1.74263e-05

0.00324707 1.69776e-05
0.00327148 1.76612e-05

0.00327148 1.65532e-05
0.0032959 1.81954e-05

0.0032959 1.84332e-05
0.00332031 1.93886e-05

0.00332031 1.82096e-05
0.00334473 1.84499e-05

0.00334473 1.88896e-05
0.00336914 1.94127e-05

0.00336914 1.2867e-05
0.00339278 2.44141e-05

0.00339082 2.44141e-05
0.00339355 2.54898e-05

0.00339355 2.42271e-05
0.00339374 2.44141e-05

0.00339355 2.70076e-05
0.00341797 4.84651e-05

0.00341764 4.88281e-05
0.00341797 4.91547e-05

0.00341797 4.85011e-05
0.0034183 4.88281e-05

0.00341797 4.93521e-05
0.00344135 7.32422e-05

0.00344149 7.32422e-05
0.00344238 7.41906e-05

0.00344238 7.44989e-05
0.00346364 9.76563e-05

0.00346419 9.76563e-05
0.0034668 0.000100619

0.0034668 0.000101113
0.00350507 0.000146484

0.00350515 0.000146484
0.00351563 0.000160282

0.00351563 0.000160751
0.00354154 0.000195313

0.00354188 0.000195313
0.00356445 0.000229183

0.00356445 0.000230892
0.00357308 0.000244141

0.00357396 0.000244141
0.00360282 0.000292969

0.00360358 0.000292969
0.00361328 0.000312474

0.00361328 0.000313921
0.00362786 0.000341797

0.00362812 0.000341797
0.00365078 0.000390625

0.00365145 0.000390625
0.00368898 0.000488281

0.00368879 0.000488281
0.00371094 0.00056633

0.00371094 0.000568313
0.00371594 0.000585938

0.00371619 0.000585937
0.00373507 0.000683594

0.0037347 0.000683594
0.00374591 0.00078125

0.0037479 0.00078125
0.00374851 0.000976562

0.00374819 0.000976562
0.00372017 0.00117188

0.00371094 0.00120537
0.00366442 0.00136719

0.00366449 0.00136719
0.00357927 0.0015625

0.00371094 0.00119979
0.0037179 0.00117187

0.00332031 0.00194382
0.00331257 0.00195312

0.00351563 0.00167352
0.00346259 0.00175781

0.00341797 0.00182009
0.00339274 0.00185547

0.00332031 0.00194544
0.00339307 0.00185547

0.00346184 0.00175781
0.00342788 0.00180664

0.00341797 0.00181963
0.00342711 0.00180664

0.003125 0.00214793
0.00322266 0.00205292

0.00331419 0.00195313
0.00322481 0.00205078

0.00322266 0.00205406
0.00322584 0.00205078

0.00357721 0.0015625
0.00352347 0.00166016

0.00351563 0.00167094
0.00352216 0.00166016

