7.16357e-05 0
7.32422e-05 4.71105e-06

7.32422e-05 7.99915e-07
9.59203e-05 2.44141e-05

9.74472e-05 2.44141e-05
9.76563e-05 2.44866e-05

9.76563e-05 1.44315e-05
0.00012207 1.48e-05

0.00012056 2.44141e-05
0.00012207 2.44228e-05

0.00012207 1.36097e-05
0.000146484 1.38512e-05

0.000146484 1.43032e-05
0.000170898 1.53036e-05

0.000170898 1.47709e-05
0.000195313 1.42703e-05

0.000195313 1.4582e-05
0.000219727 1.42285e-05

0.000219727 1.40284e-05
0.000244141 1.44571e-05

0.000244141 1.45402e-05
0.000268555 1.49451e-05

0.000268555 1.49527e-05
0.000292969 1.41773e-05

0.000292969 1.45466e-05
0.000317383 1.37105e-05

0.000317383 1.38359e-05
0.000341797 1.39987e-05

0.000341797 1.41685e-05
0.000366211 1.43385e-05

0.000366211 1.44163e-05
0.000390625 1.36805e-05

0.000390625 1.39673e-05
0.000415039 1.34137e-05

0.000415039 1.35387e-05
0.000439453 1.37258e-05

0.000439453 1.37557e-05
0.000463867 1.39053e-05

0.000463867 1.40187e-05
0.000488281 1.34706e-05

0.000488281 1.3663e-05
0.000512695 1.31787e-05

0.000512695 1.32948e-05
0.000537109 1.34806e-05

0.000537109 1.34939e-05
0.000561523 1.36205e-05

0.000561523 1.36958e-05
0.000585937 1.32663e-05

0.000585938 1.34362e-05
0.000610352 1.30476e-05

0.000610352 1.31569e-05
0.000634766 1.3241e-05

0.000634766 1.32219e-05
0.00065918 1.33835e-05

0.00065918 1.34319e-05
0.000683594 1.32005e-05

0.000683594 1.31975e-05
0.000708008 1.30724e-05

0.000708008 1.30551e-05
0.000732422 1.33969e-05

0.000732422 1.33335e-05
0.000756836 1.34308e-05

0.000756836 1.33095e-05
0.00078125 1.32841e-05

0.00078125 1.32664e-05
0.000805664 1.34608e-05

0.000805664 1.3357e-05
0.000830078 1.35205e-05

0.000830078 1.34183e-05
0.000854492 1.35487e-05

0.000854492 1.34404e-05
0.000878906 1.36292e-05

0.000878906 1.35144e-05
0.00090332 1.3732e-05

0.00090332 1.36027e-05
0.000927734 1.37905e-05

0.000927734 1.36512e-05
0.000952148 1.38761e-05

0.000952148 1.37634e-05
0.000976562 1.39682e-05

0.000976562 1.37824e-05
0.00100098 1.40548e-05

0.00100098 1.38912e-05
0.00102539 1.42553e-05

0.00102539 1.39959e-05
0.0010498 1.44007e-05

0.0010498 1.43843e-05
0.00107422 1.43907e-05

0.00107422 1.40611e-05
0.00109863 1.43455e-05

0.00109863 1.41173e-05
0.00112305 1.51036e-05

0.00112305 1.47704e-05
0.00114746 1.52094e-05

0.00114746 1.51638e-05
0.00117187 1.47708e-05

0.00117188 1.4531e-05
0.00119629 1.48093e-05

0.00119629 1.44257e-05
0.0012207 1.59611e-05

0.0012207 1.58059e-05
0.00124512 1.60923e-05

0.00124512 1.60352e-05
0.00126953 1.48406e-05

0.00126953 1.48402e-05
0.00129395 1.5043e-05

0.00129395 1.55101e-05
0.00131836 1.57032e-05

0.00131836 1.52157e-05
0.00134277 1.49905e-05

0.00134277 1.60537e-05
0.00136719 1.47817e-05

0.00134277 2.44617e-05
0.00134502 2.44141e-05

0.0013916 1.38676e-06
0.00136964 2.44141e-05

0.00136719 2.47946e-05
0.00136828 2.44141e-05

0.0013916 4.69184e-06
0.0013932 0

0.00146298 0
0.00146484 5.50542e-06

0.00146484 4.22155e-06
0.00148422 2.44141e-05

0.00148504 2.44141e-05
0.00148926 2.59286e-05

0.00148926 1.74928e-05
0.00151367 1.80278e-05

0.00151367 1.72422e-05
0.00153809 1.66541e-05

0.0015625 5.87837e-06
0.00154338 2.44141e-05

0.00153809 2.60634e-05
0.00154294 2.44141e-05

0 0.00312333
0.000390625 0.00311228

0.000390625 0.00311257
0.00078125 0.00307885

0.00078125 0.00307949
0.00117187 0.00302125

0.00117188 0.00302229
0.0015625 0.00293617

0.0015625 7.16269e-06
0.00156505 0

0.0016564 0
0.00166016 9.18558e-06

0.00166016 1.03107e-05
0.00167541 2.44141e-05

0.0016747 2.44141e-05
0.00168457 2.80142e-05

0.00168457 1.83106e-05
0.00170898 1.86759e-05

0.00169654 2.44141e-05
0.00170898 2.45121e-05

0.0017334 1.12193e-05
0.00171837 2.44141e-05

0.00170898 2.80514e-05
0.00171927 2.44141e-05

0.0017334 1.19973e-05
0.00173852 0

0.00180063 0
0.00180664 1.38278e-05

0.00180664 9.12846e-06
0.00183105 1.32782e-05

0.00183105 6.72056e-06
0.00185468 0

0.00185547 1.97382e-07
0.00187988 1.72019e-05

0.00187988 9.35462e-06
0.0019043 1.16048e-05

0.0019043 9.41497e-06
0.00192871 1.0416e-05

0.00192871 9.91599e-06
0.00195312 1.21738e-05

0.00195312 9.52115e-06
0.00197754 1.29766e-05

0.00197754 1.3594e-05
0.00200195 1.29112e-05

0.00200195 1.52631e-05
0.00202637 6.32932e-06

0.00202637 6.81118e-06
0.00205078 9.23611e-06

0.00205078 9.67149e-06
0.0020752 1.44987e-05

0.0020752 9.88561e-06
0.00209961 1.1837e-05

0.00209961 1.334e-05
0.00212402 1.33426e-05

0.00212402 1.29846e-05
0.00214844 8.74154e-06

0.00214844 8.36102e-06
0.00217285 1.30199e-05

0.00217285 1.38981e-05
0.00219727 1.36845e-05

0.00219727 1.30309e-05
0.00222168 8.06524e-06

0.00222168 7.98439e-06
0.00224609 1.34167e-05

0.00224609 1.40573e-05
0.00227051 1.38479e-05

0.00227051 1.37516e-05
0.00229492 7.36843e-06

0.00229492 8.11493e-06
0.00231934 1.19301e-05

0.00231934 1.06317e-05
0.00234375 1.50125e-05

0.00234375 1.50558e-05
0.00236816 1.08025e-05

0.00236816 1.25054e-05
0.00239258 7.48537e-06

0.00239258 7.49416e-06
0.00241699 1.24823e-05

0.00241699 1.07196e-05
0.00244141 1.51129e-05

0.00244141 1.51093e-05
0.00246582 1.07134e-05

0.00246582 1.24702e-05
0.00249023 7.51285e-06

0.00249023 7.51329e-06
0.00251465 1.25019e-05

0.00251465 1.07392e-05
0.00253906 1.50907e-05

0.00253906 1.50852e-05
0.00256348 1.07217e-05

0.00256348 1.24394e-05
0.00258789 7.58374e-06

0.00258789 7.57409e-06
0.0026123 1.25338e-05

0.0026123 1.08661e-05
0.00263672 1.49869e-05

0.00263672 1.49267e-05
0.00266113 1.06613e-05

0.00266113 1.18957e-05
0.00268555 8.29551e-06

0.00268555 7.5135e-06
0.00270996 1.37848e-05

0.00270996 1.38923e-05
0.00273438 1.40693e-05

0.00273437 1.38217e-05
0.00275879 7.71533e-06

0.00275879 8.48094e-06
0.0027832 1.18622e-05

0.0027832 1.08153e-05
0.00280762 1.47758e-05

0.00280762 1.47661e-05
0.00283203 1.08287e-05

0.00283203 1.19564e-05
0.00285645 8.41208e-06

0.00285645 7.67504e-06
0.00288086 1.36767e-05

0.00288086 1.37981e-05
0.00290527 1.40179e-05

0.00290527 1.35706e-05
0.00292969 8.07717e-06

0.00292969 8.81612e-06
0.0029541 1.20977e-05

0.0029541 1.14693e-05
0.00297852 1.41713e-05

0.00297852 1.19476e-05
0.00300293 1.25326e-05

0.00300293 1.24086e-05
0.00302734 1.4039e-05

0.00302734 1.29171e-05
0.00305176 1.38821e-05

0.00305176 1.33871e-05
0.00307617 1.44823e-05

0.00307617 1.37715e-05
0.00310059 1.46876e-05

0.00310059 1.41734e-05
0.003125 1.51229e-05

0.00175781 0.00288005
0.0015794 0.00292969

0.0015625 0.00293446
0.00157967 0.00292969

0.00175781 0.00288056
0.00195312 0.00281748

0.00234375 0.00265937
0.00217244 0.00273438

0.00195312 0.00281782
0.00214844 0.00274432

0.00214844 0.00274396
0.00217034 0.00273438

0.00292969 0.00231086
0.00288423 0.00234375

0.003125 0.00214791
0.00312442 0.00214844

0.00302734 0.00223318
0.00301119 0.00224609

0.00297852 0.00227103
0.00294806 0.00229492

0.00292969 0.00230974
0.00294882 0.00229492

0.00300293 0.00225199
0.00297953 0.00227051

0.00297852 0.00227165
0.00297994 0.00227051

0.00300293 0.00224834
0.00300582 0.00224609

0.00307617 0.00218818
0.00306577 0.00219727

0.00302734 0.00223269
0.00306906 0.00219727

0.00307617 0.00219066
0.00312349 0.00214844

0.00244141 0.00261152
0.00238978 0.00263672

0.00234375 0.00265766
0.00238666 0.00263672

0.00244141 0.00261103
0.00253906 0.00255981

0.00273438 0.00244656
0.00257815 0.00253906

0.00253906 0.00255917
0.00257359 0.00253906

0.00283203 0.0023799
0.00273995 0.00244141

0.00273438 0.00244448
0.00273916 0.00244141

0.00283203 0.00237913
0.00288127 0.00234375

0.003125 1.45766e-05
0.00314941 1.53996e-05

0.00314941 1.49194e-05
0.00317383 1.5724e-05

0.00317383 1.52462e-05
0.00319824 1.60766e-05

0.00319824 1.56208e-05
0.00322266 1.64438e-05

0.00322266 1.59448e-05
0.00324707 1.68189e-05

0.00324707 1.63849e-05
0.00327148 1.72456e-05

0.00327148 1.64778e-05
0.0032959 1.78648e-05

0.0032959 1.7481e-05
0.00332031 1.87737e-05

0.00332031 1.78362e-05
0.00334473 1.90431e-05

0.00334473 1.90948e-05
0.00336914 1.95736e-05

0.00336914 1.29896e-05
0.00339273 2.44141e-05

0.00339111 2.44141e-05
0.00339355 2.53745e-05

0.00339355 2.71918e-05
0.00341797 4.861e-05

0.00341775 4.88281e-05
0.00341797 4.90436e-05

0.00341797 4.87656e-05
0.00341803 4.88281e-05

0.00341797 4.94513e-05
0.0034415 7.32422e-05

0.00344165 7.32422e-05
0.00344238 7.40045e-05

0.00344238 7.42457e-05
0.00346407 9.76563e-05

0.00346466 9.76563e-05
0.0034668 0.000100068

0.0034668 0.000100637
0.00350563 0.000146484

0.00350566 0.000146484
0.00351563 0.000159589

0.00351563 0.000160075
0.00354204 0.000195313

0.00354237 0.000195313
0.00356445 0.00022853

0.00356445 0.000230212
0.00357352 0.000244141

0.00357436 0.000244141
0.00360314 0.000292969

0.0036039 0.000292969
0.00361328 0.000311896

0.00361328 0.000313349
0.00362811 0.000341797

0.00362835 0.000341797
0.00365094 0.000390625

0.0036516 0.000390625
0.003689 0.000488281

0.00368881 0.000488281
0.00371094 0.000566521

0.00371094 0.000568377
0.0037159 0.000585938

0.00371613 0.000585937
0.00373495 0.000683594

0.00373458 0.000683594
0.00374576 0.00078125

0.00374774 0.00078125
0.00374832 0.000976562

0.00374801 0.000976562
0.00372001 0.00117188

0.00371094 0.00120484
0.0036643 0.00136719

0.00366439 0.00136719
0.00357923 0.0015625

0.00371094 0.00119912
0.00371773 0.00117187

0.00332031 0.00194387
0.00331261 0.00195312

0.00351563 0.00167352
0.00346262 0.00175781

0.00341797 0.00182019
0.00339283 0.00185547

0.00332031 0.00194556
0.00339314 0.00185547

0.00346187 0.00175781
0.00342793 0.00180664

0.00341797 0.00181963
0.00342711 0.00180664

0.003125 0.00214806
0.00322266 0.00205304

0.00331428 0.00195313
0.00322493 0.00205078

0.00322266 0.00205416
0.00322594 0.00205078

0.00357717 0.0015625
0.00352346 0.00166016

0.00351563 0.00167093
0.00352215 0.00166016

