7.1643e-05 0
7.32422e-05 4.69015e-06

7.32422e-05 8.18686e-07
9.60118e-05 2.44141e-05

9.76563e-05 1.40827e-05
0.00012207 1.4857e-05

0.00012207 1.37125e-05
0.000146484 1.43013e-05

0.000146484 1.47506e-05
0.000170898 1.51123e-05

0.000170898 1.46166e-05
0.000195313 1.39716e-05

0.000195313 1.44254e-05
0.000219727 1.4417e-05

0.000219727 1.40882e-05
0.000244141 1.44869e-05

0.000244141 1.45062e-05
0.000268555 1.49647e-05

0.000268555 1.50902e-05
0.000292969 1.42162e-05

0.000292969 1.44765e-05
0.000317383 1.36083e-05

0.000317383 1.38497e-05
0.000341797 1.41121e-05

0.000341797 1.41474e-05
0.000366211 1.43404e-05

0.000366211 1.45099e-05
0.000390625 1.37503e-05

0.000390625 1.40014e-05
0.000415039 1.33215e-05

0.000415039 1.35207e-05
0.000439453 1.3717e-05

0.000439453 1.37113e-05
0.000463867 1.39049e-05

0.000463867 1.40205e-05
0.000488281 1.3508e-05

0.000488281 1.36962e-05
0.000512695 1.31536e-05

0.000512695 1.33015e-05
0.000537109 1.34273e-05

0.000537109 1.34324e-05
0.000561523 1.36019e-05

0.000561523 1.36662e-05
0.000585937 1.33121e-05

0.000585938 1.34756e-05
0.000610352 1.3039e-05

0.000610352 1.31215e-05
0.000634766 1.32227e-05

0.000634766 1.3272e-05
0.00065918 1.33889e-05

0.00065918 1.34051e-05
0.000683594 1.31085e-05

0.000683594 1.3126e-05
0.000708008 1.31059e-05

0.000708008 1.30587e-05
0.000732422 1.3426e-05

0.000732422 1.33412e-05
0.000756836 1.34221e-05

0.000756836 1.33076e-05
0.00078125 1.3295e-05

0.00078125 1.32821e-05
0.000805664 1.34628e-05

0.000805664 1.33409e-05
0.000830078 1.35255e-05

0.000830078 1.34394e-05
0.000854492 1.35764e-05

0.000854492 1.34456e-05
0.000878906 1.36228e-05

0.000878906 1.35353e-05
0.00090332 1.37429e-05

0.00090332 1.35827e-05
0.000927734 1.37947e-05

0.000927734 1.37079e-05
0.000952148 1.38877e-05

0.000952148 1.37019e-05
0.000976562 1.39462e-05

0.000976562 1.38129e-05
0.00100098 1.41525e-05

0.00100098 1.39549e-05
0.00102539 1.42111e-05

0.00102539 1.4027e-05
0.0010498 1.43324e-05

0.0010498 1.41967e-05
0.00107422 1.44427e-05

0.00107422 1.41235e-05
0.00109863 1.46203e-05

0.00109863 1.46385e-05
0.00112305 1.47847e-05

0.00112305 1.44337e-05
0.00114746 1.45426e-05

0.00114746 1.42288e-05
0.00117187 1.53683e-05

0.00117188 1.51225e-05
0.00119629 1.57052e-05

0.00119629 1.54748e-05
0.0012207 1.50915e-05

0.0012207 1.51875e-05
0.00124512 1.5001e-05

0.00124512 1.45868e-05
0.00126953 1.56709e-05

0.00126953 1.5766e-05
0.00129395 1.62387e-05

0.00129395 1.62456e-05
0.00131836 1.48211e-05

0.00131836 1.47368e-05
0.00134277 1.48614e-05

0.00134277 1.6072e-05
0.00136719 1.52015e-05

0.0013916 1.33153e-06
0.00136975 2.44141e-05

0.0013916 4.7459e-06
0.00139322 0

0.00146298 0
0.00146484 5.47967e-06

0.00146484 4.47966e-06
0.00148416 2.44141e-05

0.00148437 2.44141e-05
0.00148926 2.61532e-05

0.00148926 1.72127e-05
0.00151367 1.79256e-05

0.00150666 2.44141e-05
0.00151367 2.44939e-05

0.00151367 1.75777e-05
0.00153809 1.69302e-05

0.00151367 2.4463e-05
0.00151809 2.44141e-05

0.0015625 5.43321e-06
0.00154324 2.44141e-05

0.00153809 2.57966e-05
0.00154209 2.44141e-05

0 0.00312325
0.000390625 0.0031122

0.000390625 0.00311249
0.00078125 0.00307878

0.00078125 0.00307941
0.00117187 0.00302119

0.00117188 0.00302223
0.0015625 0.00293613

0.0015625 7.53264e-06
0.00156516 0

0.00165636 0
0.00166016 9.25626e-06

0.00166016 1.03537e-05
0.0016754 2.44141e-05

0.00167467 2.44141e-05
0.00168457 2.8018e-05

0.00168457 1.82966e-05
0.00170898 1.86427e-05

0.00169632 2.44141e-05
0.00170898 2.4508e-05

0.0017334 1.12222e-05
0.00171837 2.44141e-05

0.00170898 2.80419e-05
0.00171925 2.44141e-05

0.0017334 1.19405e-05
0.00173849 0

0.00179984 0
0.00180664 1.48555e-05

0.00180664 9.76351e-06
0.00183105 1.23807e-05

0.00183105 6.40274e-06
0.00185427 0

0.00185564 0
0.00187988 1.75105e-05

0.00187988 9.37335e-06
0.0019043 1.1602e-05

0.0019043 9.39777e-06
0.00192871 1.04001e-05

0.00192871 9.91662e-06
0.00195312 1.21901e-05

0.00195312 9.51886e-06
0.00197754 1.29638e-05

0.00197754 1.35939e-05
0.00200195 1.29145e-05

0.00200195 1.52583e-05
0.00202637 6.32386e-06

0.00202637 6.81365e-06
0.00205078 9.23767e-06

0.00205078 9.64847e-06
0.0020752 1.451e-05

0.0020752 9.9022e-06
0.00209961 1.18666e-05

0.00209961 1.33644e-05
0.00212402 1.33255e-05

0.00212402 1.30413e-05
0.00214844 8.67587e-06

0.00214844 8.28551e-06
0.00217285 1.29585e-05

0.00217285 1.37833e-05
0.00219727 1.37896e-05

0.00219727 1.31013e-05
0.00222168 8.15113e-06

0.00222168 8.0495e-06
0.00224609 1.33413e-05

0.00224609 1.40487e-05
0.00227051 1.38457e-05

0.00227051 1.37481e-05
0.00229492 7.3704e-06

0.00229492 8.1119e-06
0.00231934 1.19305e-05

0.00231934 1.06322e-05
0.00234375 1.50143e-05

0.00234375 1.50573e-05
0.00236816 1.08001e-05

0.00236816 1.25028e-05
0.00239258 7.48524e-06

0.00239258 7.49444e-06
0.00241699 1.24843e-05

0.00241699 1.07205e-05
0.00244141 1.51114e-05

0.00244141 1.5108e-05
0.00246582 1.07138e-05

0.00246582 1.24684e-05
0.00249023 7.51632e-06

0.00249023 7.51653e-06
0.00251465 1.25033e-05

0.00251465 1.0742e-05
0.00253906 1.50883e-05

0.00253906 1.50823e-05
0.00256348 1.07224e-05

0.00256348 1.24347e-05
0.00258789 7.59353e-06

0.00258789 7.58383e-06
0.0026123 1.25376e-05

0.0026123 1.0872e-05
0.00263672 1.49813e-05

0.00263672 1.49219e-05
0.00266113 1.0665e-05

0.00266113 1.18991e-05
0.00268555 8.30323e-06

0.00268555 7.52055e-06
0.00270996 1.37806e-05

0.00270996 1.3893e-05
0.00273438 1.40671e-05

0.00273437 1.38253e-05
0.00275879 7.71059e-06

0.00275879 8.47923e-06
0.0027832 1.18532e-05

0.0027832 1.08011e-05
0.00280762 1.47784e-05

0.00280762 1.47889e-05
0.00283203 1.08161e-05

0.00283203 1.18902e-05
0.00285645 8.4224e-06

0.00285645 7.69349e-06
0.00288086 1.376e-05

0.00288086 1.39585e-05
0.00290527 1.38977e-05

0.00290527 1.34756e-05
0.00292969 7.89616e-06

0.00292969 8.58748e-06
0.0029541 1.22995e-05

0.0029541 1.15164e-05
0.00297852 1.43675e-05

0.00297852 1.2066e-05
0.00300293 1.26098e-05

0.00300293 1.25595e-05
0.00302734 1.40807e-05

0.00302734 1.30189e-05
0.00305176 1.38335e-05

0.00305176 1.34282e-05
0.00307617 1.44154e-05

0.00307617 1.37649e-05
0.00310059 1.45822e-05

0.00310059 1.41277e-05
0.003125 1.49841e-05

0.00175781 0.00288002
0.00157927 0.00292969

0.0015625 0.00293443
0.00157955 0.00292969

0.00175781 0.00288053
0.00195312 0.00281747

0.00234375 0.00265938
0.00217244 0.00273438

0.00195312 0.0028178
0.00214844 0.00274432

0.00214844 0.00274397
0.00217035 0.00273438

0.00292969 0.0023109
0.00288429 0.00234375

0.003125 0.00214792
0.00312444 0.00214844

0.00302734 0.00223323
0.00301125 0.00224609

0.00297852 0.00227105
0.0029481 0.00229492

0.00292969 0.00230978
0.00294886 0.00229492

0.00300293 0.00225202
0.00297957 0.00227051

0.00297852 0.00227168
0.00297998 0.00227051

0.00300293 0.00224832
0.00300579 0.00224609

0.00307617 0.00218818
0.00306578 0.00219727

0.00302734 0.00223272
0.0030691 0.00219727

0.00307617 0.00219068
0.00312352 0.00214844

0.00244141 0.00261154
0.00238981 0.00263672

0.00234375 0.00265767
0.00238669 0.00263672

0.00244141 0.00261105
0.00253906 0.00255984

0.00273438 0.00244659
0.00257819 0.00253906

0.00253906 0.00255919
0.00257363 0.00253906

0.00283203 0.00237993
0.00273999 0.00244141

0.00273438 0.00244451
0.0027392 0.00244141

0.00283203 0.00237916
0.00288131 0.00234375

0.003125 1.44721e-05
0.00314941 1.52345e-05

0.00314941 1.47444e-05
0.00317383 1.56047e-05

0.00317383 1.50686e-05
0.00319824 1.60657e-05

0.00319824 1.55171e-05
0.00322266 1.65292e-05

0.00322266 1.59409e-05
0.00324707 1.6964e-05

0.00324707 1.6441e-05
0.00327148 1.74456e-05

0.00327148 1.68466e-05
0.0032959 1.7916e-05

0.0032959 1.73865e-05
0.00332031 1.85345e-05

0.00332031 1.78373e-05
0.00334473 1.91764e-05

0.00334473 1.91865e-05
0.00336914 1.94129e-05

0.00336914 1.27711e-05
0.00339302 2.44141e-05

0.00339179 2.44141e-05
0.00339355 2.51145e-05

0.00339355 2.72503e-05
0.00341797 4.87395e-05

0.00341762 4.88281e-05
0.00341797 4.91684e-05

0.00341797 4.94429e-05
0.0034416 7.32422e-05

0.00344169 7.32422e-05
0.00344238 7.39686e-05

0.00344238 7.41635e-05
0.0034642 9.76563e-05

0.0034648 9.76563e-05
0.0034668 9.99007e-05

0.0034668 0.000100442
0.00350586 0.000146484

0.00350586 0.000146484
0.00351563 0.000159311

0.00351563 0.000159802
0.00354225 0.000195313

0.00354258 0.000195313
0.00356445 0.000228213

0.00356445 0.000229917
0.00357372 0.000244141

0.00357456 0.000244141
0.00360332 0.000292969

0.00360409 0.000292969
0.00361328 0.000311517

0.00361328 0.000313012
0.00362828 0.000341797

0.00362852 0.000341797
0.00365109 0.000390625

0.00365176 0.000390625
0.00368913 0.000488281

0.00368894 0.000488281
0.00371094 0.00056614

0.00371094 0.000567961
0.00371602 0.000585938

0.00371623 0.000585937
0.00373503 0.000683594

0.00373466 0.000683594
0.00374581 0.00078125

0.00374779 0.00078125
0.00374833 0.000976562

0.00374803 0.000976562
0.00372 0.00117188

0.00371094 0.00120479
0.00366428 0.00136719

0.00366436 0.00136719
0.00357921 0.0015625

0.00371094 0.00119904
0.00371771 0.00117187

0.00332031 0.00194383
0.00331257 0.00195312

0.00351563 0.0016735
0.00346261 0.00175781

0.00341797 0.00182021
0.00339284 0.00185547

0.00332031 0.00194556
0.00339314 0.00185547

0.00346186 0.00175781
0.00342792 0.00180664

0.00341797 0.00181956
0.00342706 0.00180664

0.003125 0.00214808
0.00322266 0.00205306

0.00331429 0.00195313
0.00322494 0.00205078

0.00322266 0.00205419
0.00322597 0.00205078

0.00357714 0.0015625
0.00352344 0.00166016

0.00351563 0.0016709
0.00352213 0.00166016

