7.1634e-05 0
7.32422e-05 4.71196e-06

7.3498e-05 0
9.59193e-05 2.44141e-05

9.73292e-05 2.44141e-05
9.76563e-05 2.45328e-05

9.76563e-05 1.4346e-05
0.00012207 1.58243e-05

0.00012207 1.44754e-05
0.000146484 1.37302e-05

0.000146484 1.4457e-05
0.000170898 1.45372e-05

0.000170898 1.39148e-05
0.000195313 1.44161e-05

0.000195313 1.47717e-05
0.000219727 1.50127e-05

0.000219727 1.46367e-05
0.000244141 1.40778e-05

0.000244141 1.44695e-05
0.000268555 1.44289e-05

0.000268555 1.43737e-05
0.000292969 1.4277e-05

0.000292969 1.45149e-05
0.000317383 1.42318e-05

0.000317383 1.42441e-05
0.000341797 1.39646e-05

0.000341797 1.43258e-05
0.000366211 1.39877e-05

0.000366211 1.39082e-05
0.000390625 1.37811e-05

0.000390625 1.41655e-05
0.000415039 1.39541e-05

0.000415039 1.40035e-05
0.000439453 1.33646e-05

0.000439453 1.35396e-05
0.000463867 1.36202e-05

0.000463867 1.36947e-05
0.000488281 1.37936e-05

0.000488281 1.38885e-05
0.000512695 1.34192e-05

0.000512695 1.36313e-05
0.000537109 1.31593e-05

0.000537109 1.32452e-05
0.000561523 1.33696e-05

0.000561523 1.34241e-05
0.000585937 1.35482e-05

0.000585938 1.35857e-05
0.000610352 1.32111e-05

0.000610352 1.33823e-05
0.000634766 1.30427e-05

0.000634766 1.3092e-05
0.00065918 1.32135e-05

0.00065918 1.32066e-05
0.000683594 1.33938e-05

0.000683594 1.34008e-05
0.000708008 1.31759e-05

0.000708008 1.32022e-05
0.000732422 1.30724e-05

0.000732422 1.29996e-05
0.000756836 1.33901e-05

0.000756836 1.32218e-05
0.00078125 1.36173e-05

0.00078125 1.35405e-05
0.000805664 1.34273e-05

0.000805664 1.34143e-05
0.000830078 1.32586e-05

0.000830078 1.31569e-05
0.000854492 1.35832e-05

0.000854492 1.3431e-05
0.000878906 1.38673e-05

0.000878906 1.36583e-05
0.00090332 1.37294e-05

0.00090332 1.36528e-05
0.000927734 1.37517e-05

0.000927734 1.36487e-05
0.000952148 1.38872e-05

0.000952148 1.38119e-05
0.000976562 1.39516e-05

0.000976562 1.37581e-05
0.00100098 1.39891e-05

0.00100098 1.38831e-05
0.00102539 1.42316e-05

0.00102539 1.39476e-05
0.0010498 1.43339e-05

0.0010498 1.4197e-05
0.00107422 1.45157e-05

0.00107422 1.426e-05
0.00109863 1.45196e-05

0.00109863 1.43124e-05
0.00112305 1.48092e-05

0.00112305 1.45038e-05
0.00114746 1.50667e-05

0.00114746 1.50916e-05
0.00117187 1.49391e-05

0.00117188 1.45398e-05
0.00119629 1.47831e-05

0.00119629 1.45109e-05
0.0012207 1.59154e-05

0.0012207 1.55909e-05
0.00124512 1.60684e-05

0.00124512 1.61421e-05
0.00126953 1.50991e-05

0.00126953 1.50123e-05
0.00129395 1.48808e-05

0.00129395 1.54678e-05
0.00131836 1.55543e-05

0.00131836 1.45824e-05
0.00134277 1.54547e-05

0.00134277 1.71207e-05
0.00136719 1.53735e-05

0.0013916 1.14841e-07
0.00136979 2.44141e-05

0.0013916 3.82036e-06
0.00139289 0

0.00146292 0
0.00146484 5.58356e-06

0.00146484 5.03246e-06
0.00148411 2.44141e-05

0.00148413 2.44141e-05
0.00148926 2.61957e-05

0.00148926 1.68725e-05
0.00151367 1.74772e-05

0.00151118 2.44141e-05
0.00151367 2.44365e-05

0.00151367 1.74881e-05
0.00153809 1.73008e-05

0.0015625 5.40984e-06
0.00154332 2.44141e-05

0.00153809 2.6e-05
0.00154265 2.44141e-05

0 0.00312317
0.000390625 0.00311212

0.000390625 0.00311241
0.00078125 0.0030787

0.00078125 0.00307934
0.00117187 0.00302113

0.00117188 0.00302218
0.0015625 0.00293609

0.0015625 7.55825e-06
0.00156516 0

0.00165633 0
0.00166016 9.32012e-06

0.00166016 1.04046e-05
0.00167536 2.44141e-05

0.00167462 2.44141e-05
0.00168457 2.80339e-05

0.00168457 1.83084e-05
0.00170898 1.86336e-05

0.00169597 2.44141e-05
0.00170898 2.45044e-05

0.0017334 1.12231e-05
0.0017184 2.44141e-05

0.00170898 2.80486e-05
0.00171926 2.44141e-05

0.0017334 1.18297e-05
0.00173844 0

0.0017993 0
0.00180664 1.5277e-05

0.00180664 8.73035e-06
0.00183105 1.20762e-05

0.00183105 6.1602e-06
0.00185547 8.65005e-07

0.00185547 1.8632e-07
0.00187988 1.68672e-05

0.00187988 9.35661e-06
0.0019043 1.18711e-05

0.0019043 9.48603e-06
0.00192871 1.02895e-05

0.00192871 9.91436e-06
0.00195312 1.22229e-05

0.00195312 9.54801e-06
0.00197754 1.29556e-05

0.00197754 1.35855e-05
0.00200195 1.29082e-05

0.00200195 1.5256e-05
0.00202637 6.34975e-06

0.00202637 6.82822e-06
0.00205078 9.236e-06

0.00205078 9.66142e-06
0.0020752 1.45052e-05

0.0020752 9.89918e-06
0.00209961 1.18631e-05

0.00209961 1.33611e-05
0.00212402 1.33365e-05

0.00212402 1.30613e-05
0.00214844 8.66846e-06

0.00214844 8.26882e-06
0.00217285 1.29485e-05

0.00217285 1.37825e-05
0.00219727 1.38099e-05

0.00219727 1.3123e-05
0.00222168 8.13082e-06

0.00222168 8.03188e-06
0.00224609 1.33267e-05

0.00224609 1.40259e-05
0.00227051 1.3869e-05

0.00227051 1.37596e-05
0.00229492 7.38842e-06

0.00229492 8.1286e-06
0.00231934 1.19169e-05

0.00231934 1.06312e-05
0.00234375 1.50106e-05

0.00234375 1.5054e-05
0.00236816 1.08025e-05

0.00236816 1.25037e-05
0.00239258 7.48742e-06

0.00239258 7.4954e-06
0.00241699 1.24837e-05

0.00241699 1.07217e-05
0.00244141 1.51117e-05

0.00244141 1.51085e-05
0.00246582 1.07124e-05

0.00246582 1.24665e-05
0.00249023 7.51735e-06

0.00249023 7.51762e-06
0.00251465 1.25049e-05

0.00251465 1.07436e-05
0.00253906 1.50866e-05

0.00253906 1.5081e-05
0.00256348 1.07221e-05

0.00256348 1.24377e-05
0.00258789 7.59199e-06

0.00258789 7.58317e-06
0.0026123 1.25316e-05

0.0026123 1.08672e-05
0.00263672 1.49801e-05

0.00263672 1.49211e-05
0.00266113 1.06628e-05

0.00266113 1.18926e-05
0.00268555 8.30284e-06

0.00268555 7.51855e-06
0.00270996 1.37876e-05

0.00270996 1.38992e-05
0.00273438 1.40657e-05

0.00273437 1.38358e-05
0.00275879 7.69489e-06

0.00275879 8.46334e-06
0.0027832 1.18438e-05

0.0027832 1.0785e-05
0.00280762 1.47946e-05

0.00280762 1.48023e-05
0.00283203 1.08198e-05

0.00283203 1.19678e-05
0.00285645 8.3309e-06

0.00285645 7.59779e-06
0.00288086 1.36796e-05

0.00288086 1.38289e-05
0.00290527 1.39997e-05

0.00290527 1.3382e-05
0.00292969 8.12493e-06

0.00292969 8.79204e-06
0.0029541 1.24286e-05

0.0029541 1.16759e-05
0.00297852 1.42957e-05

0.00297852 1.21574e-05
0.00300293 1.25645e-05

0.00300293 1.25772e-05
0.00302734 1.39611e-05

0.00302734 1.296e-05
0.00305176 1.37364e-05

0.00305176 1.33354e-05
0.00307617 1.43437e-05

0.00307617 1.36803e-05
0.00310059 1.4534e-05

0.00310059 1.40344e-05
0.003125 1.49631e-05

0.00175781 0.00287999
0.00157913 0.00292969

0.0015625 0.0029344
0.00157943 0.00292969

0.00175781 0.0028805
0.00195312 0.00281745

0.00234375 0.00265938
0.00217242 0.00273438

0.00195312 0.00281779
0.00214844 0.00274431

0.00214844 0.00274395
0.00217032 0.00273438

0.00292969 0.00231091
0.0028843 0.00234375

0.003125 0.0021479
0.00312441 0.00214844

0.00302734 0.00223324
0.00301127 0.00224609

0.00297852 0.00227105
0.0029481 0.00229492

0.00292969 0.00230978
0.00294887 0.00229492

0.00300293 0.00225202
0.00297957 0.00227051

0.00297852 0.00227169
0.00297999 0.00227051

0.00300293 0.00224828
0.00300574 0.00224609

0.00307617 0.00218817
0.00306577 0.00219727

0.00302734 0.00223273
0.00306911 0.00219727

0.00307617 0.00219069
0.00312352 0.00214844

0.00244141 0.00261154
0.00238981 0.00263672

0.00234375 0.00265767
0.00238668 0.00263672

0.00244141 0.00261105
0.00253906 0.00255984

0.00273438 0.00244659
0.00257819 0.00253906

0.00253906 0.00255919
0.00257362 0.00253906

0.00283203 0.00237994
0.00274 0.00244141

0.00273438 0.0024445
0.00273919 0.00244141

0.00283203 0.00237916
0.00288131 0.00234375

0.003125 1.43961e-05
0.00314941 1.52877e-05

0.00314941 1.47907e-05
0.00317383 1.5653e-05

0.00317383 1.51331e-05
0.00319824 1.59834e-05

0.00319824 1.54019e-05
0.00322266 1.64881e-05

0.00322266 1.59025e-05
0.00324707 1.71109e-05

0.00324707 1.65662e-05
0.00327148 1.75013e-05

0.00327148 1.67203e-05
0.0032959 1.8028e-05

0.0032959 1.76407e-05
0.00332031 1.89288e-05

0.00332031 1.80281e-05
0.00334473 1.92736e-05

0.00334473 1.94417e-05
0.00336914 1.96189e-05

0.00336914 1.28143e-05
0.00339277 2.44141e-05

0.00339104 2.44141e-05
0.00339355 2.54406e-05

0.00339355 2.78237e-05
0.00341728 4.88281e-05

0.00341712 4.88281e-05
0.00341797 4.96479e-05

0.00341797 4.99294e-05
0.00344135 7.32422e-05

0.00344142 7.32422e-05
0.00344238 7.42428e-05

0.00344238 7.44117e-05
0.00346411 9.76563e-05

0.0034647 9.76563e-05
0.0034668 9.9998e-05

0.0034668 0.000100549
0.00350595 0.000146484

0.00350595 0.000146484
0.00351563 0.000159151

0.00351563 0.000159665
0.00354242 0.000195313

0.00354276 0.000195313
0.00356445 0.000227906

0.00356445 0.000229628
0.00357393 0.000244141

0.00357477 0.000244141
0.00360355 0.000292969

0.00360433 0.000292969
0.00361328 0.000311042

0.00361328 0.000312568
0.00362851 0.000341797

0.00362875 0.000341797
0.00365131 0.000390625

0.00365197 0.000390625
0.00368932 0.000488281

0.00368913 0.000488281
0.00371094 0.000565551

0.00371094 0.000567301
0.0037162 0.000585938

0.00371639 0.000585937
0.00373516 0.000683594

0.0037348 0.000683594
0.00374592 0.00078125

0.0037479 0.00078125
0.00374841 0.000976562

0.00374811 0.000976562
0.00372006 0.00117188

0.00371094 0.001205
0.00366432 0.00136719

0.00366441 0.00136719
0.00357923 0.0015625

0.00371094 0.00119931
0.00371778 0.00117187

0.00332031 0.0019438
0.00331255 0.00195312

0.00351563 0.00167353
0.00346263 0.00175781

0.00341797 0.00182024
0.00339286 0.00185547

0.00332031 0.00194558
0.00339315 0.00185547

0.00346187 0.00175781
0.00342794 0.00180664

0.00341797 0.00181954
0.00342704 0.00180664

0.003125 0.00214808
0.00322266 0.00205306

0.0033143 0.00195313
0.00322495 0.00205078

0.00322266 0.00205421
0.00322598 0.00205078

0.00357717 0.0015625
0.00352347 0.00166016

0.00351563 0.00167093
0.00352215 0.00166016

