7.16661e-05 0
7.32422e-05 4.6238e-06

7.32422e-05 3.16531e-07
9.59106e-05 2.44141e-05

9.76563e-05 1.43234e-05
0.00012207 1.53393e-05

0.00012207 1.41058e-05
0.000146484 1.39264e-05

0.00012207 2.44166e-05
0.000122954 2.44141e-05

0.000146484 1.44823e-05
0.000170898 1.48986e-05

0.000170898 1.44907e-05
0.000195313 1.41978e-05

0.000195313 1.44787e-05
0.000219727 1.44397e-05

0.000219727 1.41231e-05
0.000244141 1.4504e-05

0.000244141 1.46237e-05
0.000268555 1.48964e-05

0.000268555 1.49105e-05
0.000292969 1.41512e-05

0.000292969 1.45386e-05
0.000317383 1.37792e-05

0.000317383 1.39873e-05
0.000341797 1.38968e-05

0.000341797 1.40761e-05
0.000366211 1.41031e-05

0.000366211 1.4095e-05
0.000390625 1.38305e-05

0.000390625 1.40167e-05
0.000415039 1.37588e-05

0.000415039 1.3878e-05
0.000439453 1.36566e-05

0.000439453 1.38224e-05
0.000463867 1.36197e-05

0.000463867 1.37144e-05
0.000488281 1.35169e-05

0.000488281 1.36651e-05
0.000512695 1.34829e-05

0.000512695 1.35923e-05
0.000537109 1.3369e-05

0.000537109 1.34046e-05
0.000561523 1.34145e-05

0.000561523 1.35779e-05
0.000585937 1.33979e-05

0.000585938 1.34929e-05
0.000610352 1.30624e-05

0.000610352 1.31548e-05
0.000634766 1.31954e-05

0.000634766 1.32246e-05
0.00065918 1.33894e-05

0.00065918 1.33978e-05
0.000683594 1.31913e-05

0.000683594 1.3261e-05
0.000708008 1.30538e-05

0.000708008 1.29719e-05
0.000732422 1.33187e-05

0.000732422 1.31942e-05
0.000756836 1.36212e-05

0.000756836 1.35435e-05
0.00078125 1.337e-05

0.00078125 1.3339e-05
0.000805664 1.32225e-05

0.000805664 1.3165e-05
0.000830078 1.35785e-05

0.000830078 1.33515e-05
0.000854492 1.38153e-05

0.000854492 1.37776e-05
0.000878906 1.36531e-05

0.000878906 1.35686e-05
0.00090332 1.34129e-05

0.00090332 1.33098e-05
0.000927734 1.389e-05

0.000927734 1.36103e-05
0.000952148 1.42364e-05

0.000952148 1.4157e-05
0.000976562 1.3992e-05

0.000976562 1.3913e-05
0.00100098 1.3682e-05

0.00100098 1.35249e-05
0.00102539 1.42736e-05

0.00102539 1.3993e-05
0.0010498 1.47462e-05

0.0010498 1.45574e-05
0.00107422 1.44159e-05

0.00107422 1.44059e-05
0.00109863 1.41107e-05

0.00109863 1.37832e-05
0.00112305 1.47283e-05

0.00112305 1.44787e-05
0.00114746 1.55289e-05

0.00114746 1.52742e-05
0.00117187 1.494e-05

0.00117188 1.49145e-05
0.00119629 1.4546e-05

0.00119629 1.40495e-05
0.0012207 1.55673e-05

0.0012207 1.5339e-05
0.00124512 1.66218e-05

0.00124512 1.65736e-05
0.00126953 1.52385e-05

0.00126953 1.50772e-05
0.00129395 1.46002e-05

0.00129395 1.5423e-05
0.00131836 1.55933e-05

0.00131836 1.44782e-05
0.00134277 1.5482e-05

0.00134277 1.72115e-05
0.00136719 1.54995e-05

0.0013916 2.72181e-08
0.00136985 2.44141e-05

0.0013916 3.53826e-06
0.0013928 0

0.00146319 0
0.00146484 4.92013e-06

0.00146484 4.21467e-06
0.00148411 2.44141e-05

0.00148402 2.44141e-05
0.00148926 2.6305e-05

0.00148926 1.77111e-05
0.00151367 1.78543e-05

0.00148926 2.44563e-05
0.00150351 2.44141e-05

0.00151367 1.68607e-05
0.00153809 1.64297e-05

0.00151367 2.44248e-05
0.0015156 2.44141e-05

0.0015625 6.24325e-06
0.00154343 2.44141e-05

0.00153809 2.62553e-05
0.00154361 2.44141e-05

0 0.00312264
0.000390625 0.00311161

0.000390625 0.0031119
0.00078125 0.00307823

0.00078125 0.00307887
0.00117187 0.00302073

0.00117188 0.00302177
0.0015625 0.00293577

0.0015625 7.14956e-06
0.00156506 0

0.00165635 0
0.00166016 9.27803e-06

0.00166016 1.03598e-05
0.00167535 2.44141e-05

0.00167462 2.44141e-05
0.00168457 2.80509e-05

0.00168457 1.83636e-05
0.00170898 1.87204e-05

0.00169642 2.44141e-05
0.00170898 2.45105e-05

0.0017334 1.124e-05
0.00171844 2.44141e-05

0.00170898 2.80827e-05
0.00171932 2.44141e-05

0.0017334 1.19102e-05
0.00173848 0

0.00179984 0
0.00180664 1.46773e-05

0.00180664 8.10243e-06
0.00183105 1.28758e-05

0.00183105 6.64351e-06
0.00185547 9.38872e-07

0.00185547 4.01993e-07
0.00187988 1.64487e-05

0.00187988 9.2898e-06
0.0019043 1.20025e-05

0.0019043 9.52144e-06
0.00192871 1.02633e-05

0.00192871 9.91272e-06
0.00195312 1.22202e-05

0.00195312 9.55034e-06
0.00197754 1.29616e-05

0.00197754 1.35845e-05
0.00200195 1.29102e-05

0.00200195 1.52618e-05
0.00202637 6.35605e-06

0.00202637 6.83206e-06
0.00205078 9.23083e-06

0.00205078 9.67523e-06
0.0020752 1.44943e-05

0.0020752 9.88895e-06
0.00209961 1.18412e-05

0.00209961 1.33403e-05
0.00212402 1.33432e-05

0.00212402 1.29833e-05
0.00214844 8.75065e-06

0.00214844 8.37477e-06
0.00217285 1.30183e-05

0.00217285 1.38945e-05
0.00219727 1.36781e-05

0.00219727 1.30335e-05
0.00222168 8.07109e-06

0.00222168 7.98487e-06
0.00224609 1.34102e-05

0.00224609 1.40502e-05
0.00227051 1.38543e-05

0.00227051 1.37549e-05
0.00229492 7.37712e-06

0.00229492 8.12226e-06
0.00231934 1.19263e-05

0.00231934 1.06338e-05
0.00234375 1.50103e-05

0.00234375 1.5053e-05
0.00236816 1.08032e-05

0.00236816 1.25036e-05
0.00239258 7.49173e-06

0.00239258 7.50045e-06
0.00241699 1.24825e-05

0.00241699 1.07226e-05
0.00244141 1.51084e-05

0.00244141 1.51044e-05
0.00246582 1.07148e-05

0.00246582 1.24665e-05
0.00249023 7.52346e-06

0.00249023 7.52316e-06
0.00251465 1.25037e-05

0.00251465 1.07459e-05
0.00253906 1.50836e-05

0.00253906 1.50767e-05
0.00256348 1.07237e-05

0.00256348 1.2433e-05
0.00258789 7.60372e-06

0.00258789 7.59561e-06
0.0026123 1.25341e-05

0.0026123 1.08741e-05
0.00263672 1.49708e-05

0.00263672 1.49112e-05
0.00266113 1.06663e-05

0.00266113 1.18956e-05
0.00268555 8.31527e-06

0.00268555 7.53545e-06
0.00270996 1.3774e-05

0.00270996 1.38724e-05
0.00273438 1.40703e-05

0.00273437 1.38028e-05
0.00275879 7.77369e-06

0.00275879 8.53854e-06
0.0027832 1.18717e-05

0.0027832 1.08449e-05
0.00280762 1.47353e-05

0.00280762 1.47305e-05
0.00283203 1.08395e-05

0.00283203 1.18808e-05
0.00285645 8.53877e-06

0.00285645 7.80639e-06
0.00288086 1.37497e-05

0.00288086 1.39425e-05
0.00290527 1.38911e-05

0.00290527 1.36105e-05
0.00292969 7.87636e-06

0.00292969 8.59658e-06
0.0029541 1.20751e-05

0.0029541 1.14035e-05
0.00297852 1.42875e-05

0.00297852 1.19919e-05
0.00300293 1.24807e-05

0.00300293 1.24369e-05
0.00302734 1.3928e-05

0.00302734 1.28336e-05
0.00305176 1.37519e-05

0.00305176 1.32504e-05
0.00307617 1.44591e-05

0.00307617 1.36999e-05
0.00310059 1.47077e-05

0.00310059 1.41456e-05
0.003125 1.51298e-05

0.00175781 0.00287972
0.001578 0.00292969

0.0015625 0.0029341
0.00157837 0.00292969

0.00175781 0.00288024
0.00195312 0.00281723

0.00234375 0.00265928
0.00217207 0.00273438

0.00195312 0.00281757
0.00214844 0.00274415

0.00214844 0.00274378
0.00216994 0.00273438

0.00292969 0.00231108
0.0028845 0.00234375

0.003125 0.00214813
0.00312466 0.00214844

0.00302734 0.00223353
0.00301161 0.00224609

0.00297852 0.00227121
0.00294828 0.00229492

0.00292969 0.00230994
0.00294907 0.00229492

0.00300293 0.0022522
0.00297978 0.00227051

0.00297852 0.00227183
0.00298017 0.00227051

0.00300293 0.00224835
0.00300584 0.00224609

0.00307617 0.00218831
0.00306593 0.00219727

0.00302734 0.00223293
0.00306938 0.00219727

0.00307617 0.00219092
0.00312383 0.00214844

0.00244141 0.00261148
0.00238964 0.00263672

0.00234375 0.00265755
0.00238647 0.00263672

0.00244141 0.00261098
0.00253906 0.0025598

0.00273438 0.00244663
0.00257816 0.00253906

0.00253906 0.00255914
0.00257356 0.00253906

0.00283203 0.00238003
0.00274007 0.00244141

0.00273438 0.00244451
0.0027392 0.00244141

0.00283203 0.00237922
0.00288142 0.00234375

0.003125 1.45379e-05
0.00314941 1.54411e-05

0.00314941 1.49209e-05
0.00317383 1.5834e-05

0.00317383 1.52583e-05
0.00319824 1.62542e-05

0.00319824 1.61958e-05
0.00322266 1.62758e-05

0.00322266 1.55056e-05
0.00324707 1.61468e-05

0.00324707 1.52758e-05
0.00327148 1.83283e-05

0.00327148 1.79713e-05
0.0032959 1.9357e-05

0.0032959 1.84851e-05
0.00332031 1.7855e-05

0.00332031 1.76653e-05
0.00334473 1.84064e-05

0.00334473 1.83507e-05
0.00336914 1.94698e-05

0.00336914 1.30629e-05
0.00339198 2.44141e-05

0.00339002 2.44141e-05
0.00339355 2.58026e-05

0.00339355 2.71437e-05
0.00341797 4.82061e-05

0.00341797 4.82451e-05
0.00341857 4.88281e-05

0.00341797 4.90182e-05
0.00344197 7.32422e-05

0.00344192 7.32422e-05
0.00344238 7.37238e-05

0.00344238 7.38575e-05
0.00346435 9.76563e-05

0.00346489 9.76563e-05
0.0034668 9.9812e-05

0.0034668 0.000100279
0.00350591 0.000146484

0.00350599 0.000146484
0.00351563 0.000159116

0.00351563 0.000159654
0.00354239 0.000195313

0.00354277 0.000195313
0.00356445 0.000227871

0.00356445 0.000229717
0.00357387 0.000244141

0.00357477 0.000244141
0.00360358 0.000292969

0.00360439 0.000292969
0.00361328 0.000310887

0.00361328 0.000312462
0.00362859 0.000341797

0.00362884 0.000341797
0.00365146 0.000390625

0.00365212 0.000390625
0.00368957 0.000488281

0.00368939 0.000488281
0.00371094 0.000564407

0.00371094 0.000566249
0.00371651 0.000585938

0.00371672 0.000585937
0.00373556 0.000683594

0.00373519 0.000683594
0.00374637 0.00078125

0.00374835 0.00078125
0.00374894 0.000976562

0.00374863 0.000976562
0.00372062 0.00117188

0.00371094 0.00120699
0.0036649 0.00136719

0.00366496 0.00136719
0.00357975 0.0015625

0.00371094 0.00120186
0.00371841 0.00117187

0.00332031 0.00194403
0.00331274 0.00195312

0.00351563 0.00167432
0.0034631 0.00175781

0.00341797 0.00182097
0.00339338 0.00185547

0.00332031 0.00194609
0.0033936 0.00185547

0.00346234 0.00175781
0.00342839 0.00180664

0.00341797 0.00181993
0.00342731 0.00180664

0.003125 0.00214835
0.00322266 0.00205341

0.0033147 0.00195313
0.0032253 0.00205078

0.00322266 0.00205454
0.00322631 0.00205078

0.00357769 0.0015625
0.00352396 0.00166016

0.00351563 0.00167183
0.00352271 0.00166016

