7.14906e-05 0
7.32422e-05 5.1198e-06

7.32422e-05 1.80682e-06
9.59033e-05 2.44141e-05

9.76563e-05 1.40073e-05
0.00012207 1.4471e-05

0.00012207 1.41697e-05
0.000146484 1.43921e-05

0.000146484 1.46044e-05
0.000170898 1.42215e-05

0.000170898 1.37491e-05
0.000195313 1.42159e-05

0.000195313 1.43758e-05
0.000219727 1.51787e-05

0.000219727 1.49443e-05
0.000244141 1.42958e-05

0.000244141 1.44572e-05
0.000268555 1.40652e-05

0.000268555 1.42772e-05
0.000292969 1.43479e-05

0.000292969 1.42673e-05
0.000317383 1.43656e-05

0.000317383 1.46087e-05
0.000341797 1.41704e-05

0.000341797 1.44154e-05
0.000366211 1.35345e-05

0.000366211 1.3671e-05
0.000390625 1.37597e-05

0.000390625 1.38859e-05
0.000415039 1.41983e-05

0.000415039 1.4292e-05
0.000439453 1.36143e-05

0.000439453 1.38488e-05
0.000463867 1.32087e-05

0.000463867 1.33677e-05
0.000488281 1.35862e-05

0.000488281 1.35998e-05
0.000512695 1.37808e-05

0.000512695 1.3878e-05
0.000537109 1.33452e-05

0.000537109 1.35355e-05
0.000561523 1.30563e-05

0.000561523 1.31552e-05
0.000585937 1.33685e-05

0.000585938 1.33559e-05
0.000610352 1.35462e-05

0.000610352 1.36073e-05
0.000634766 1.31946e-05

0.000634766 1.33707e-05
0.00065918 1.29295e-05

0.00065918 1.29371e-05
0.000683594 1.3229e-05

0.000683594 1.3241e-05
0.000708008 1.34792e-05

0.000708008 1.32848e-05
0.000732422 1.32264e-05

0.000732422 1.33484e-05
0.000756836 1.3287e-05

0.000756836 1.31799e-05
0.00078125 1.32423e-05

0.00078125 1.31373e-05
0.000805664 1.35884e-05

0.000805664 1.34793e-05
0.000830078 1.36017e-05

0.000830078 1.34103e-05
0.000854492 1.34957e-05

0.000854492 1.351e-05
0.000878906 1.36971e-05

0.000878906 1.35087e-05
0.00090332 1.36746e-05

0.00090332 1.36335e-05
0.000927734 1.38205e-05

0.000927734 1.36347e-05
0.000952148 1.38284e-05

0.000952148 1.37611e-05
0.000976562 1.39842e-05

0.000976562 1.37732e-05
0.00100098 1.40274e-05

0.00100098 1.39281e-05
0.00102539 1.42042e-05

0.00102539 1.39377e-05
0.0010498 1.42863e-05

0.0010498 1.41035e-05
0.00107422 1.45679e-05

0.00107422 1.42222e-05
0.00109863 1.47279e-05

0.00109863 1.47749e-05
0.00112305 1.46977e-05

0.00112305 1.42889e-05
0.00114746 1.45382e-05

0.00114746 1.42928e-05
0.00117187 1.55781e-05

0.00117188 1.51889e-05
0.00119629 1.5735e-05

0.00119629 1.55103e-05
0.0012207 1.52739e-05

0.0012207 1.54633e-05
0.00124512 1.50636e-05

0.00124512 1.47337e-05
0.00126953 1.53851e-05

0.00126953 1.5238e-05
0.00129395 1.63772e-05

0.00129395 1.66451e-05
0.00131836 1.54244e-05

0.00131836 1.51184e-05
0.00134277 1.44087e-05

0.00134277 1.58891e-05
0.00136719 1.49961e-05

0.00134277 2.44609e-05
0.00134595 2.44141e-05

0.0013916 1.34256e-06
0.00136963 2.44141e-05

0.00136719 2.486e-05
0.00136846 2.44141e-05

0.0013916 4.88235e-06
0.00139327 0

0.00146271 0
0.00146484 6.22673e-06

0.00146484 4.80218e-06
0.00148426 2.44141e-05

0.00148493 2.44141e-05
0.00148926 2.59228e-05

0.00148926 1.70187e-05
0.00151367 1.75355e-05

0.00150723 2.44141e-05
0.00151367 2.44664e-05

0.00151367 1.71664e-05
0.00153809 1.71127e-05

0.00152942 2.44141e-05
0.00153809 2.44508e-05

0.0015625 5.77722e-06
0.00154349 2.44141e-05

0.00153809 2.62996e-05
0.00154357 2.44141e-05

0 0.00312255
0.000390625 0.00311152

0.000390625 0.00311181
0.00078125 0.00307815

0.00078125 0.00307879
0.00117187 0.00302065

0.00117188 0.0030217
0.0015625 0.00293572

0.0015625 6.95537e-06
0.00156496 0

0.0016564 0
0.00166016 9.18511e-06

0.00166016 1.0316e-05
0.00167537 2.44141e-05

0.00167466 2.44141e-05
0.00168457 2.80426e-05

0.00168457 1.83706e-05
0.00170898 1.87439e-05

0.00169672 2.44141e-05
0.00170898 2.45123e-05

0.0017334 1.12528e-05
0.00171842 2.44141e-05

0.00170898 2.80701e-05
0.0017193 2.44141e-05

0.0017334 1.20762e-05
0.00173856 0

0.00180059 0
0.00180664 1.39052e-05

0.00180664 9.18901e-06
0.00183105 1.34071e-05

0.00183105 6.9978e-06
0.00185418 0

0.00185547 1.6754e-07
0.00187988 1.70727e-05

0.00187988 9.28046e-06
0.0019043 1.16714e-05

0.0019043 9.40514e-06
0.00192871 1.04127e-05

0.00192871 9.91565e-06
0.00195312 1.21736e-05

0.00195312 9.5112e-06
0.00197754 1.29727e-05

0.00197754 1.35894e-05
0.00200195 1.29219e-05

0.00200195 1.52597e-05
0.00202637 6.33922e-06

0.00202637 6.82247e-06
0.00205078 9.24212e-06

0.00205078 9.67928e-06
0.0020752 1.44932e-05

0.0020752 9.88821e-06
0.00209961 1.18377e-05

0.00209961 1.33399e-05
0.00212402 1.33427e-05

0.00212402 1.29863e-05
0.00214844 8.74323e-06

0.00214844 8.36129e-06
0.00217285 1.30193e-05

0.00217285 1.38883e-05
0.00219727 1.3697e-05

0.00219727 1.31033e-05
0.00222168 8.0221e-06

0.00222168 7.92253e-06
0.00224609 1.33426e-05

0.00224609 1.39521e-05
0.00227051 1.39486e-05

0.00227051 1.38122e-05
0.00229492 7.44833e-06

0.00229492 8.17787e-06
0.00231934 1.18628e-05

0.00231934 1.06277e-05
0.00234375 1.50088e-05

0.00234375 1.50482e-05
0.00236816 1.08047e-05

0.00236816 1.25023e-05
0.00239258 7.49457e-06

0.00239258 7.50219e-06
0.00241699 1.24823e-05

0.00241699 1.07228e-05
0.00244141 1.51079e-05

0.00244141 1.51042e-05
0.00246582 1.07157e-05

0.00246582 1.24662e-05
0.00249023 7.52478e-06

0.00249023 7.52548e-06
0.00251465 1.25037e-05

0.00251465 1.07458e-05
0.00253906 1.50821e-05

0.00253906 1.50758e-05
0.00256348 1.07251e-05

0.00256348 1.24331e-05
0.00258789 7.60505e-06

0.00258789 7.59639e-06
0.0026123 1.25349e-05

0.0026123 1.08737e-05
0.00263672 1.49731e-05

0.00263672 1.49123e-05
0.00266113 1.06708e-05

0.00266113 1.18993e-05
0.00268555 8.31683e-06

0.00268555 7.54006e-06
0.00270996 1.37717e-05

0.00270996 1.38686e-05
0.00273438 1.40713e-05

0.00273437 1.38075e-05
0.00275879 7.77755e-06

0.00275879 8.5448e-06
0.0027832 1.18606e-05

0.0027832 1.08318e-05
0.00280762 1.47356e-05

0.00280762 1.47419e-05
0.00283203 1.084e-05

0.00283203 1.18966e-05
0.00285645 8.49669e-06

0.00285645 7.75532e-06
0.00288086 1.37477e-05

0.00288086 1.39468e-05
0.00290527 1.39128e-05

0.00290527 1.36221e-05
0.00292969 7.83515e-06

0.00292969 8.55859e-06
0.0029541 1.20786e-05

0.0029541 1.13863e-05
0.00297852 1.43213e-05

0.00297852 1.19651e-05
0.00300293 1.25414e-05

0.00300293 1.24572e-05
0.00302734 1.40469e-05

0.00302734 1.29254e-05
0.00305176 1.38445e-05

0.00305176 1.33913e-05
0.00307617 1.44668e-05

0.00307617 1.37974e-05
0.00310059 1.46008e-05

0.00310059 1.4141e-05
0.003125 1.49649e-05

0.00175781 0.00287968
0.0015778 0.00292969

0.0015625 0.00293404
0.00157818 0.00292969

0.00175781 0.00288019
0.00195312 0.00281719

0.00234375 0.00265926
0.00217201 0.00273438

0.00195312 0.00281753
0.00214844 0.00274412

0.00214844 0.00274375
0.00216988 0.00273438

0.00292969 0.00231111
0.00288454 0.00234375

0.003125 0.00214817
0.00312471 0.00214844

0.00302734 0.00223358
0.00301168 0.00224609

0.00297852 0.00227124
0.00294832 0.00229492

0.00292969 0.00230997
0.00294911 0.00229492

0.00300293 0.00225224
0.00297982 0.00227051

0.00297852 0.00227186
0.0029802 0.00227051

0.00300293 0.00224837
0.00300587 0.00224609

0.00307617 0.00218834
0.00306596 0.00219727

0.00302734 0.00223297
0.00306943 0.00219727

0.00307617 0.00219097
0.00312389 0.00214844

0.00244141 0.00261147
0.00238962 0.00263672

0.00234375 0.00265754
0.00238645 0.00263672

0.00244141 0.00261097
0.00253906 0.0025598

0.00273438 0.00244665
0.00257816 0.00253906

0.00253906 0.00255914
0.00257356 0.00253906

0.00283203 0.00238005
0.00274009 0.00244141

0.00273438 0.00244452
0.00273921 0.00244141

0.00283203 0.00237925
0.00288146 0.00234375

0.003125 1.44308e-05
0.00314941 1.5276e-05

0.00314941 1.4754e-05
0.00317383 1.57252e-05

0.00317383 1.51851e-05
0.00319824 1.61392e-05

0.00319824 1.56155e-05
0.00322266 1.64951e-05

0.00322266 1.58609e-05
0.00324707 1.70057e-05

0.00324707 1.65196e-05
0.00327148 1.76544e-05

0.00327148 1.68219e-05
0.0032959 1.81548e-05

0.0032959 1.78027e-05
0.00332031 1.89348e-05

0.00332031 1.80302e-05
0.00334473 1.91982e-05

0.00334473 1.92684e-05
0.00336914 1.98051e-05

0.00336914 1.34036e-05
0.00339257 2.44141e-05

0.00339129 2.44141e-05
0.00339355 2.52741e-05

0.00339355 2.69486e-05
0.00341797 4.8264e-05

0.0034176 4.88281e-05
0.00341797 4.91961e-05

0.00341797 4.94368e-05
0.00344144 7.32422e-05

0.00344167 7.32422e-05
0.00344238 7.3986e-05

0.00344238 7.41576e-05
0.00346428 9.76563e-05

0.00346481 9.76563e-05
0.0034668 9.98839e-05

0.0034668 0.000100676
0.00348552 0.00012207

0.0034853 0.00012207
0.00349121 0.000129121

0.00349121 0.000128769
0.00350578 0.000146484

0.00350607 0.000146484
0.00351563 0.000158982

0.00351563 0.000159531
0.00354253 0.000195313

0.00354292 0.000195313
0.00356445 0.000227627

0.00356445 0.000229492
0.00357403 0.000244141

0.00357493 0.000244141
0.00360375 0.000292969

0.00360455 0.000292969
0.00361328 0.000310565

0.00361328 0.000312161
0.00362874 0.000341797

0.00362899 0.000341797
0.00365159 0.000390625

0.00365225 0.000390625
0.00368968 0.000488281

0.0036895 0.000488281
0.00371094 0.000564053

0.00371094 0.000565866
0.00371662 0.000585938

0.00371681 0.000585937
0.00373564 0.000683594

0.00373527 0.000683594
0.00374645 0.00078125

0.00374843 0.00078125
0.00374901 0.000976562

0.0037487 0.000976562
0.00372069 0.00117188

0.00371094 0.00120726
0.00366497 0.00136719

0.00366504 0.00136719
0.00357983 0.0015625

0.00371094 0.0012022
0.0037185 0.00117187

0.00332031 0.00194407
0.00331277 0.00195312

0.00351563 0.00167444
0.00346318 0.00175781

0.00341797 0.00182108
0.00339346 0.00185547

0.00332031 0.00194618
0.00339367 0.00185547

0.00346242 0.00175781
0.00342846 0.00180664

0.00341797 0.00181999
0.00342735 0.00180664

0.003125 0.00214841
0.00322266 0.00205347

0.00331477 0.00195313
0.00322536 0.00205078

0.00322266 0.0020546
0.00322637 0.00205078

0.00357777 0.0015625
0.00352404 0.00166016

0.00351563 0.00167196
0.00352279 0.00166016

