7.17268e-05 0
7.32422e-05 4.4542e-06

7.32422e-05 4.97765e-07
9.57569e-05 2.44141e-05

9.76563e-05 1.46511e-05
0.00012207 1.52811e-05

0.00012207 1.41235e-05
0.000146484 1.3633e-05

0.000146484 1.44479e-05
0.000170898 1.47168e-05

0.000170898 1.38959e-05
0.000195313 1.428e-05

0.000195313 1.48273e-05
0.000219727 1.4942e-05

0.000219727 1.45743e-05
0.000244141 1.37834e-05

0.000244141 1.39164e-05
0.000268555 1.46108e-05

0.000268555 1.47438e-05
0.000292969 1.47029e-05

0.000292969 1.4698e-05
0.000317383 1.37647e-05

0.000317383 1.40796e-05
0.000341797 1.39099e-05

0.000341797 1.41015e-05
0.000366211 1.41001e-05

0.000366211 1.41171e-05
0.000390625 1.38702e-05

0.000390625 1.40602e-05
0.000415039 1.3764e-05

0.000415039 1.39685e-05
0.000439453 1.35693e-05

0.000439453 1.37134e-05
0.000463867 1.35106e-05

0.000463867 1.36522e-05
0.000488281 1.35833e-05

0.000488281 1.36788e-05
0.000512695 1.3443e-05

0.000512695 1.35215e-05
0.000537109 1.33651e-05

0.000537109 1.34642e-05
0.000561523 1.34272e-05

0.000561523 1.34431e-05
0.000585937 1.33892e-05

0.000585938 1.35606e-05
0.000610352 1.3252e-05

0.000610352 1.33558e-05
0.000634766 1.30263e-05

0.000634766 1.31104e-05
0.00065918 1.32256e-05

0.00065918 1.31955e-05
0.000683594 1.33527e-05

0.000683594 1.33358e-05
0.000708008 1.32278e-05

0.000708008 1.32623e-05
0.000732422 1.31295e-05

0.000732422 1.30067e-05
0.000756836 1.33652e-05

0.000756836 1.32709e-05
0.00078125 1.364e-05

0.00078125 1.35439e-05
0.000805664 1.33679e-05

0.000805664 1.33111e-05
0.000830078 1.33417e-05

0.000830078 1.32347e-05
0.000854492 1.3722e-05

0.000854492 1.35828e-05
0.000878906 1.37881e-05

0.000878906 1.36548e-05
0.00090332 1.36073e-05

0.00090332 1.35284e-05
0.000927734 1.37716e-05

0.000927734 1.36874e-05
0.000952148 1.39384e-05

0.000952148 1.3725e-05
0.000976562 1.39528e-05

0.000976562 1.38168e-05
0.00100098 1.4154e-05

0.00100098 1.39755e-05
0.00102539 1.4217e-05

0.00102539 1.40323e-05
0.0010498 1.431e-05

0.0010498 1.41024e-05
0.00107422 1.45205e-05

0.00107422 1.42767e-05
0.00109863 1.47198e-05

0.00109863 1.46871e-05
0.00112305 1.46374e-05

0.00112305 1.43377e-05
0.00114746 1.45798e-05

0.00114746 1.42738e-05
0.00117187 1.54369e-05

0.00117188 1.51056e-05
0.00119629 1.57041e-05

0.00119629 1.55393e-05
0.0012207 1.51687e-05

0.0012207 1.511e-05
0.00124512 1.50802e-05

0.00124512 1.47436e-05
0.00126953 1.59148e-05

0.00126953 1.59443e-05
0.00129395 1.62237e-05

0.00129395 1.63457e-05
0.00131836 1.47939e-05

0.00131836 1.46109e-05
0.00134277 1.49301e-05

0.00134191 2.44141e-05
0.00134277 2.44188e-05

0.00134277 1.63617e-05
0.00136719 1.53088e-05

0.00134277 2.44307e-05
0.00134371 2.44141e-05

0.0013916 8.64452e-07
0.0013698 2.44141e-05

0.00136719 2.47161e-05
0.00136803 2.44141e-05

0.0013916 3.62722e-06
0.00139283 0

0.00146274 0
0.00146484 6.12635e-06

0.00146484 4.86193e-06
0.00148415 2.44141e-05

0.00148475 2.44141e-05
0.00148926 2.59933e-05

0.00148926 1.72225e-05
0.00151367 1.75457e-05

0.00150977 2.44141e-05
0.00151367 2.44305e-05

0.00151367 1.71408e-05
0.00153809 1.69233e-05

0.00151367 2.44248e-05
0.00151899 2.44141e-05

0.0015625 5.83109e-06
0.00154336 2.44141e-05

0.00153809 2.60371e-05
0.00154285 2.44141e-05

0 0.00312237
0.000390625 0.00311135

0.000390625 0.00311164
0.00078125 0.00307799

0.00078125 0.00307863
0.00117187 0.00302052

0.00117188 0.00302157
0.0015625 0.00293561

0.0015625 7.47699e-06
0.00156516 0

0.00165634 0
0.00166016 9.30578e-06

0.00166016 1.03708e-05
0.00167534 2.44141e-05

0.0016746 2.44141e-05
0.00168457 2.80604e-05

0.00168457 1.83799e-05
0.00170898 1.87347e-05

0.00169637 2.44141e-05
0.00170898 2.451e-05

0.0017334 1.12462e-05
0.00171846 2.44141e-05

0.00170898 2.80864e-05
0.00171932 2.44141e-05

0.0017334 1.18878e-05
0.00173847 0

0.00179917 0
0.00180664 1.53799e-05

0.00180664 8.41211e-06
0.00183105 1.22016e-05

0.00183105 6.41863e-06
0.00185547 1.0474e-06

0.00185547 2.44865e-07
0.00187988 1.65318e-05

0.00187988 9.29451e-06
0.0019043 1.20364e-05

0.0019043 9.50674e-06
0.00192871 1.0234e-05

0.00192871 9.91229e-06
0.00195312 1.22425e-05

0.00195312 9.54843e-06
0.00197754 1.29457e-05

0.00197754 1.35811e-05
0.00200195 1.29172e-05

0.00200195 1.52514e-05
0.00202637 6.36248e-06

0.00202637 6.84388e-06
0.00205078 9.2401e-06

0.00205078 9.66746e-06
0.0020752 1.44966e-05

0.0020752 9.90316e-06
0.00209961 1.18629e-05

0.00209961 1.3355e-05
0.00212402 1.33344e-05

0.00212402 1.30614e-05
0.00214844 8.67737e-06

0.00214844 8.27436e-06
0.00217285 1.2945e-05

0.00217285 1.37695e-05
0.00219727 1.38213e-05

0.00219727 1.31966e-05
0.00222168 8.0919e-06

0.00222168 7.9714e-06
0.00224609 1.325e-05

0.00224609 1.39228e-05
0.00227051 1.3969e-05

0.00227051 1.3819e-05
0.00229492 7.46424e-06

0.00229492 8.18826e-06
0.00231934 1.18516e-05

0.00231934 1.06265e-05
0.00234375 1.5008e-05

0.00234375 1.50455e-05
0.00236816 1.08068e-05

0.00236816 1.25015e-05
0.00239258 7.49978e-06

0.00239258 7.5074e-06
0.00241699 1.24825e-05

0.00241699 1.0725e-05
0.00244141 1.51052e-05

0.00244141 1.51011e-05
0.00246582 1.07179e-05

0.00246582 1.24651e-05
0.00249023 7.53225e-06

0.00249023 7.53274e-06
0.00251465 1.25042e-05

0.00251465 1.07492e-05
0.00253906 1.50787e-05

0.00253906 1.50719e-05
0.00256348 1.07279e-05

0.00256348 1.24308e-05
0.00258789 7.61592e-06

0.00258789 7.60682e-06
0.0026123 1.2537e-05

0.0026123 1.08811e-05
0.00263672 1.49669e-05

0.00263672 1.49051e-05
0.00266113 1.06732e-05

0.00266113 1.18996e-05
0.00268555 8.33036e-06

0.00268555 7.55001e-06
0.00270996 1.37711e-05

0.00270996 1.38817e-05
0.00273438 1.4062e-05

0.00273437 1.3814e-05
0.00275879 7.75011e-06

0.00275879 8.51639e-06
0.0027832 1.18564e-05

0.0027832 1.08189e-05
0.00280762 1.47527e-05

0.00280762 1.47564e-05
0.00283203 1.08318e-05

0.00283203 1.18755e-05
0.00285645 8.49229e-06

0.00285645 7.77953e-06
0.00288086 1.37505e-05

0.00288086 1.39263e-05
0.00290527 1.38791e-05

0.00290527 1.34226e-05
0.00292969 8.0438e-06

0.00292969 8.80452e-06
0.0029541 1.22591e-05

0.0029541 1.15523e-05
0.00297852 1.41247e-05

0.00297852 1.20088e-05
0.00300293 1.24574e-05

0.00300293 1.24081e-05
0.00302734 1.3887e-05

0.00302734 1.28223e-05
0.00305176 1.37361e-05

0.00305176 1.32411e-05
0.00307617 1.43895e-05

0.00307617 1.36462e-05
0.00310059 1.46387e-05

0.00310059 1.40657e-05
0.003125 1.51011e-05

0.00175781 0.00287959
0.00157743 0.00292969

0.0015625 0.00293395
0.00157783 0.00292969

0.00175781 0.0028801
0.00195312 0.00281713

0.00234375 0.00265925
0.00217192 0.00273438

0.00195312 0.00281746
0.00214844 0.00274408

0.00214844 0.00274371
0.00216978 0.00273438

0.00292969 0.00231121
0.00288467 0.00234375

0.003125 0.0021483
0.00312485 0.00214844

0.00302734 0.00223374
0.00301186 0.00224609

0.00297852 0.00227133
0.00294843 0.00229492

0.00292969 0.00231007
0.00294923 0.00229492

0.00300293 0.00225235
0.00297995 0.00227051

0.00297852 0.00227195
0.00298031 0.00227051

0.00300293 0.00224847
0.00300599 0.00224609

0.00307617 0.00218842
0.00306606 0.00219727

0.00302734 0.00223308
0.00306958 0.00219727

0.00307617 0.0021911
0.00312405 0.00214844

0.00244141 0.00261147
0.0023896 0.00263672

0.00234375 0.00265752
0.00238642 0.00263672

0.00244141 0.00261097
0.00253906 0.00255981

0.00273438 0.0024467
0.00257819 0.00253906

0.00253906 0.00255915
0.00257359 0.00253906

0.00283203 0.00238012
0.00274017 0.00244141

0.00273438 0.00244455
0.00273927 0.00244141

0.00283203 0.00237931
0.00288155 0.00234375

0.003125 1.44857e-05
0.00314941 1.54468e-05

0.00314941 1.49159e-05
0.00317383 1.58226e-05

0.00317383 1.53323e-05
0.00319824 1.61212e-05

0.00319824 1.56439e-05
0.00322266 1.6449e-05

0.00322266 1.57446e-05
0.00324707 1.71216e-05

0.00324707 1.66701e-05
0.00327148 1.79121e-05

0.00327148 1.68626e-05
0.0032959 1.83305e-05

0.0032959 1.85693e-05
0.00332031 1.88669e-05

0.00332031 1.7498e-05
0.00334473 1.8288e-05

0.00334473 1.91071e-05
0.00336914 1.99091e-05

0.00336914 1.27052e-05
0.00339316 2.44141e-05

0.00339045 2.44141e-05
0.00339355 2.56723e-05

0.00339355 2.41204e-05
0.00339383 2.44141e-05

0.00339355 2.75574e-05
0.00341747 4.88281e-05

0.00341727 4.88281e-05
0.00341797 4.95032e-05

0.00341797 4.98894e-05
0.00344113 7.32422e-05

0.00344126 7.32422e-05
0.00344238 7.44166e-05

0.00344238 7.46906e-05
0.00346372 9.76563e-05

0.00346428 9.76563e-05
0.0034668 0.000100485

0.0034668 0.000101253
0.00348501 0.00012207

0.00348481 0.00012207
0.00349121 0.000129717

0.00349121 0.000129387
0.00350528 0.000146484

0.00350563 0.000146484
0.00351563 0.000159544

0.00351563 0.000160118
0.00354215 0.000195313

0.00354255 0.000195313
0.00356445 0.000228096

0.00356445 0.000229993
0.00357371 0.000244141

0.00357465 0.000244141
0.00360356 0.000292969

0.00360437 0.000292969
0.00361328 0.000310874

0.00361328 0.000312476
0.00362863 0.000341797

0.00362888 0.000341797
0.00365156 0.000390625

0.00365222 0.000390625
0.00368977 0.000488281

0.00368958 0.000488281
0.00371094 0.000563555

0.00371094 0.000565432
0.00371675 0.000585938

0.00371696 0.000585937
0.00373584 0.000683594

0.00373547 0.000683594
0.00374667 0.00078125

0.00374865 0.00078125
0.00374926 0.000976562

0.00374895 0.000976562
0.00372096 0.00117188

0.00371094 0.00120818
0.00366524 0.00136719

0.0036653 0.00136719
0.00358007 0.0015625

0.00371094 0.00120338
0.00371879 0.00117187

0.00332031 0.00194421
0.00331288 0.00195312

0.00351563 0.00167481
0.0034634 0.00175781

0.00341797 0.00182142
0.0033937 0.00185547

0.00332031 0.00194642
0.00339389 0.00185547

0.00346264 0.00175781
0.00342867 0.00180664

0.00341797 0.00182019
0.00342751 0.00180664

0.00322266 0.00205365
0.00312512 0.00214844

0.00331496 0.00195313
0.00322554 0.00205078

0.00322266 0.00205477
0.00322654 0.00205078

0.00357801 0.0015625
0.00352427 0.00166016

0.00351563 0.00167237
0.00352305 0.00166016

