7.12586e-05 0
7.32422e-05 5.75954e-06

7.32422e-05 2.16682e-06
9.59003e-05 2.44141e-05

9.76563e-05 1.42603e-05
0.00012207 1.40843e-05

0.00012207 1.39821e-05
0.000146484 1.39279e-05

0.000146484 1.36596e-05
0.000170898 1.46017e-05

0.000170898 1.42776e-05
0.000195313 1.50963e-05

0.000195313 1.51136e-05
0.000219727 1.44508e-05

0.000219727 1.45578e-05
0.000244141 1.37589e-05

0.000244141 1.3888e-05
0.000268555 1.44273e-05

0.000268555 1.43765e-05
0.000292969 1.47805e-05

0.000292969 1.49062e-05
0.000317383 1.40467e-05

0.000317383 1.43227e-05
0.000341797 1.34863e-05

0.000341797 1.37087e-05
0.000366211 1.39625e-05

0.000366211 1.39727e-05
0.000390625 1.42223e-05

0.000390625 1.43419e-05
0.000415039 1.37114e-05

0.000415039 1.39255e-05
0.000439453 1.33093e-05

0.000439453 1.34502e-05
0.000463867 1.36806e-05

0.000463867 1.37043e-05
0.000488281 1.38738e-05

0.000488281 1.3982e-05
0.000512695 1.34026e-05

0.000512695 1.36233e-05
0.000537109 1.30921e-05

0.000537109 1.32203e-05
0.000561523 1.33851e-05

0.000561523 1.34001e-05
0.000585937 1.35557e-05

0.000585938 1.36326e-05
0.000610352 1.32009e-05

0.000610352 1.33698e-05
0.000634766 1.29556e-05

0.000634766 1.30297e-05
0.00065918 1.32058e-05

0.00065918 1.31663e-05
0.000683594 1.34125e-05

0.000683594 1.33771e-05
0.000708008 1.32146e-05

0.000708008 1.31777e-05
0.000732422 1.31657e-05

0.000732422 1.31146e-05
0.000756836 1.34599e-05

0.000756836 1.33665e-05
0.00078125 1.34783e-05

0.00078125 1.33458e-05
0.000805664 1.33919e-05

0.000805664 1.33851e-05
0.000830078 1.35273e-05

0.000830078 1.33797e-05
0.000854492 1.35667e-05

0.000854492 1.34924e-05
0.000878906 1.36957e-05

0.000878906 1.35396e-05
0.00090332 1.37081e-05

0.00090332 1.36175e-05
0.000927734 1.38217e-05

0.000927734 1.36681e-05
0.000952148 1.38853e-05

0.000952148 1.37764e-05
0.000976562 1.39899e-05

0.000976562 1.37824e-05
0.00100098 1.40946e-05

0.00100098 1.39992e-05
0.00102539 1.42435e-05

0.00102539 1.39861e-05
0.0010498 1.42665e-05

0.0010498 1.42945e-05
0.00107422 1.43825e-05

0.00107422 1.40757e-05
0.00109863 1.4314e-05

0.00109863 1.40471e-05
0.00112305 1.50024e-05

0.00112305 1.48081e-05
0.00114746 1.50997e-05

0.00114746 1.47615e-05
0.00117187 1.47593e-05

0.00117188 1.46497e-05
0.00119629 1.52545e-05

0.00119629 1.44739e-05
0.0012207 1.60367e-05

0.0012207 1.60987e-05
0.00124512 1.64399e-05

0.00124512 1.6426e-05
0.00126953 1.46746e-05

0.00126953 1.43807e-05
0.00129395 1.51854e-05

0.00129395 1.61889e-05
0.00131836 1.62595e-05

0.00131836 1.5248e-05
0.00134277 1.44377e-05

0.00134277 1.60675e-05
0.00136719 1.50211e-05

0.0013916 1.1534e-06
0.00136971 2.44141e-05

0.0013916 3.71038e-06
0.00139286 0

0.00146282 0
0.00146484 5.92403e-06

0.00146484 4.5388e-06
0.00148419 2.44141e-05

0.00148491 2.44141e-05
0.00148926 2.59592e-05

0.00148926 1.74038e-05
0.00151367 1.77685e-05

0.0015078 2.44141e-05
0.00151367 2.4444e-05

0.00151367 1.71032e-05
0.00153809 1.67518e-05

0.0015625 5.98832e-06
0.00154339 2.44141e-05

0.00153809 2.6089e-05
0.00154304 2.44141e-05

0 0.00312231
0.000390625 0.00311129

0.000390625 0.00311157
0.00078125 0.00307794

0.00078125 0.00307857
0.00117187 0.00302047

0.00117188 0.00302152
0.0015625 0.00293557

0.0015625 7.47324e-06
0.00156517 0

0.00165644 0
0.00166016 9.09129e-06

0.00166016 1.02917e-05
0.00167536 2.44141e-05

0.00167464 2.44141e-05
0.00168457 2.80581e-05

0.00168457 1.83908e-05
0.00170898 1.87717e-05

0.00169686 2.44141e-05
0.00170898 2.45131e-05

0.0017334 1.12559e-05
0.00171843 2.44141e-05

0.00170898 2.80824e-05
0.00171933 2.44141e-05

0.0017334 1.21254e-05
0.00173859 0

0.00180077 0
0.00180664 1.35897e-05

0.00180664 8.30158e-06
0.00183105 1.38238e-05

0.00183105 7.20487e-06
0.00185547 2.02083e-07

0.00185547 4.46466e-07
0.00187988 1.65245e-05

0.00187988 9.23807e-06
0.0019043 1.1882e-05

0.0019043 9.48328e-06
0.00192871 1.03407e-05

0.00192871 9.91078e-06
0.00195312 1.21792e-05

0.00195312 9.52412e-06
0.00197754 1.29791e-05

0.00197754 1.35867e-05
0.00200195 1.29186e-05

0.00200195 1.52595e-05
0.00202637 6.35765e-06

0.00202637 6.84263e-06
0.00205078 9.23269e-06

0.00205078 9.66149e-06
0.0020752 1.44987e-05

0.0020752 9.90656e-06
0.00209961 1.18591e-05

0.00209961 1.3359e-05
0.00212402 1.33169e-05

0.00212402 1.2967e-05
0.00214844 8.74308e-06

0.00214844 8.36492e-06
0.00217285 1.30344e-05

0.00217285 1.39031e-05
0.00219727 1.36781e-05

0.00219727 1.30243e-05
0.00222168 8.0751e-06

0.00222168 7.99721e-06
0.00224609 1.34215e-05

0.00224609 1.4062e-05
0.00227051 1.38387e-05

0.00227051 1.37436e-05
0.00229492 7.37525e-06

0.00229492 8.12232e-06
0.00231934 1.19359e-05

0.00231934 1.06376e-05
0.00234375 1.50049e-05

0.00234375 1.50483e-05
0.00236816 1.08056e-05

0.00236816 1.25015e-05
0.00239258 7.50144e-06

0.00239258 7.50996e-06
0.00241699 1.2483e-05

0.00241699 1.07268e-05
0.00244141 1.51031e-05

0.00244141 1.50988e-05
0.00246582 1.07181e-05

0.00246582 1.24636e-05
0.00249023 7.53686e-06

0.00249023 7.53706e-06
0.00251465 1.25043e-05

0.00251465 1.07513e-05
0.00253906 1.50756e-05

0.00253906 1.50686e-05
0.00256348 1.07287e-05

0.00256348 1.24297e-05
0.00258789 7.62151e-06

0.00258789 7.6126e-06
0.0026123 1.25358e-05

0.0026123 1.08817e-05
0.00263672 1.49633e-05

0.00263672 1.49026e-05
0.00266113 1.06745e-05

0.00266113 1.18995e-05
0.00268555 8.33254e-06

0.00268555 7.55229e-06
0.00270996 1.37702e-05

0.00270996 1.38816e-05
0.00273438 1.40604e-05

0.00273437 1.38069e-05
0.00275879 7.7566e-06

0.00275879 8.52022e-06
0.0027832 1.18669e-05

0.0027832 1.08306e-05
0.00280762 1.47502e-05

0.00280762 1.47418e-05
0.00283203 1.08436e-05

0.00283203 1.1966e-05
0.00285645 8.44351e-06

0.00285645 7.69827e-06
0.00288086 1.3666e-05

0.00288086 1.38006e-05
0.00290527 1.40202e-05

0.00290527 1.36169e-05
0.00292969 8.04324e-06

0.00292969 8.75402e-06
0.0029541 1.20685e-05

0.0029541 1.14622e-05
0.00297852 1.42251e-05

0.00297852 1.19875e-05
0.00300293 1.24814e-05

0.00300293 1.24263e-05
0.00302734 1.39421e-05

0.00302734 1.28565e-05
0.00305176 1.3761e-05

0.00305176 1.32791e-05
0.00307617 1.44143e-05

0.00307617 1.36847e-05
0.00310059 1.46429e-05

0.00310059 1.41091e-05
0.003125 1.50696e-05

0.00175781 0.00287955
0.00157728 0.00292969

0.0015625 0.00293391
0.0015777 0.00292969

0.00175781 0.00288007
0.00195312 0.0028171

0.00234375 0.00265923
0.00217187 0.00273438

0.00195312 0.00281744
0.00214844 0.00274406

0.00214844 0.00274369
0.00216974 0.00273438

0.00292969 0.00231125
0.00288471 0.00234375

0.00302734 0.0022338
0.00301193 0.00224609

0.00297852 0.00227136
0.00294847 0.00229492

0.00292969 0.0023101
0.00294928 0.00229492

0.00300293 0.00225239
0.00297999 0.00227051

0.00297852 0.00227198
0.00298035 0.00227051

0.00300293 0.00224848
0.00300601 0.00224609

0.00307617 0.00218845
0.00306609 0.00219727

0.00302734 0.00223312
0.00306963 0.00219727

0.00307617 0.00219114
0.0031241 0.00214844

0.00244141 0.00261146
0.00238959 0.00263672

0.00234375 0.00265751
0.0023864 0.00263672

0.00244141 0.00261097
0.00253906 0.00255981

0.00273438 0.00244671
0.0025782 0.00253906

0.00253906 0.00255915
0.0025736 0.00253906

0.00283203 0.00238014
0.00274019 0.00244141

0.00273438 0.00244456
0.00273929 0.00244141

0.00283203 0.00237933
0.00288158 0.00234375

0.003125 1.44975e-05
0.00314941 1.53585e-05

0.00314941 1.48429e-05
0.00317383 1.57402e-05

0.00317383 1.51989e-05
0.00319824 1.61564e-05

0.00319824 1.56073e-05
0.00322266 1.66167e-05

0.00322266 1.60469e-05
0.00324707 1.70854e-05

0.00324707 1.6534e-05
0.00327148 1.75701e-05

0.00327148 1.69891e-05
0.0032959 1.80729e-05

0.0032959 1.73967e-05
0.00332031 1.8785e-05

0.00332031 1.80647e-05
0.00334473 1.97503e-05

0.00334473 1.96951e-05
0.00336914 1.98578e-05

0.00336914 1.3306e-05
0.00339273 2.44141e-05

0.00339119 2.44141e-05
0.00339355 2.53352e-05

0.00339355 2.74947e-05
0.00341797 4.87714e-05

0.00341752 4.88281e-05
0.00341797 4.92583e-05

0.00341797 4.86744e-05
0.00341813 4.88281e-05

0.00341797 4.94408e-05
0.00344176 7.32422e-05

0.00344179 7.32422e-05
0.00344238 7.38539e-05

0.00344238 7.4e-05
0.00346442 9.76563e-05

0.00346502 9.76563e-05
0.0034668 9.96464e-05

0.0034668 0.000100207
0.00350614 0.000146484

0.00350617 0.000146484
0.00351563 0.000158869

0.00351563 0.00015943
0.00354257 0.000195313

0.00354295 0.000195313
0.00356445 0.000227613

0.00356445 0.000229481
0.00357403 0.000244141

0.00357493 0.000244141
0.00360373 0.000292969

0.00360453 0.000292969
0.00361328 0.000310597

0.00361328 0.000312176
0.00362874 0.000341797

0.00362898 0.000341797
0.00365159 0.000390625

0.00365225 0.000390625
0.0036897 0.000488281

0.00368952 0.000488281
0.00371094 0.000563869

0.00371094 0.000565704
0.00371667 0.000585938

0.00371687 0.000585937
0.00373574 0.000683594

0.00373537 0.000683594
0.00374658 0.00078125

0.00374857 0.00078125
0.00374921 0.000976562

0.0037489 0.000976562
0.00372095 0.00117188

0.00371094 0.00120819
0.00366527 0.00136719

0.00366532 0.00136719
0.00358012 0.0015625

0.00371094 0.00120339
0.00371879 0.00117187

0.00332031 0.00194424
0.00331291 0.00195312

0.00351563 0.0016749
0.00346346 0.00175781

0.00341797 0.00182152
0.00339378 0.00185547

0.00332031 0.0019465
0.00339395 0.00185547

0.00346269 0.00175781
0.00342873 0.00180664

0.00341797 0.00182024
0.00342755 0.00180664

0.00322266 0.00205371
0.00312517 0.00214844

0.00331502 0.00195313
0.0032256 0.00205078

0.00322266 0.00205483
0.0032266 0.00205078

0.00357805 0.0015625
0.00352432 0.00166016

0.00351563 0.00167246
0.0035231 0.00166016

