0 7.16041e-05
0.00012207 7.15722e-05

0.00012207 7.15305e-05
0.000244141 7.1596e-05

0.000244141 7.16917e-05
0.000366211 7.15873e-05

0.000366211 7.14733e-05
0.000488281 7.149e-05

0.000488281 7.16491e-05
0.000610352 7.1656e-05

0.000610352 7.14504e-05
0.000732422 7.15236e-05

0.000732422 7.17236e-05
0.000854492 7.16961e-05

0.000854492 7.14384e-05
0.000976562 7.14925e-05

0 0.00123441
0.00012207 0.00123448

0.00012207 0.0012345
0.000244141 0.00123468

0.000244141 0.00123467
0.000366211 0.00123494

0.000366211 0.00123495
0.000488281 0.0012353

0.000488281 0.00123529
0.000610352 0.00123571

0.000610352 0.00123571
0.000732422 0.00123621

0.000732422 0.00123621
0.000854492 0.00123676

0.000854492 0.00123677
0.000976562 0.00123735

0.000976562 7.21958e-05
0.00109863 7.13084e-05

0.00109863 6.86712e-05
0.0012207 7.28748e-05

0.0012207 9.16578e-05
0.00134277 5.84663e-05

0.00134277 6.63601e-05
0.00146484 2.67087e-05

0.00146484 2.71062e-05
0.00158691 7.54996e-05

0.00158691 0.000116487
0.00170898 3.61714e-05

0.00170898 5.88102e-05
0.00173136 0

0.000976562 0.00123736
0.00109863 0.00123793

0.00109863 0.00123794
0.0012207 0.00123846

0.0012207 0.00123848
0.00134277 0.00123889

0.00134277 0.00123891
0.00146484 0.00123915

0.00146484 0.00123916
0.00158691 0.00123916

0.00158691 0.00123918
0.00170898 0.00123888

0.00170898 0.0012389
0.00183105 0.00123825

0.00183105 0.00123826
0.00195312 0.00123721

0.00195592 0
0.0020752 0.000105392

0.0020752 0.000108599
0.00217185 0

0.00195312 0.00123721
0.0020752 0.00123574

0.0020752 0.00123573
0.00219727 0.00123384

0.00219727 0.00123383
0.00231934 0.00123153

0.00231934 0.00123153
0.00244141 0.00122887

0.00244141 0.00122886
0.00256348 0.00122586

0.00256348 0.00122586
0.00268555 0.0012225

0.00280762 0.0012188
0.00274472 0.0012207

0.00280762 0.0012188
0.00292969 0.00121475

0.00268555 0.00122251
0.00274503 0.0012207

0.00292969 0.00121475
0.00305176 0.00121036

0.00305176 0.00121036
0.00317383 0.00120561

0.00317383 0.00120561
0.0032959 0.00120049

0.0032959 0.0012005
0.00341797 0.00119501

0.00341797 0.00119501
0.00354004 0.00118915

0.00354004 0.00118916
0.00366211 0.00118293

0.00366211 0.00118293
0.00378418 0.00117634

0.00378418 0.00117634
0.00390625 0.00116939

0.00390625 0.00116939
0.00402832 0.00116207

0.00402832 0.00116207
0.00415039 0.00115438

0.00415039 0.00115437
0.00427246 0.00114635

0.00427246 0.00114636
0.00439453 0.00113801

0.00439453 0.00113801
0.0045166 0.0011293

0.0045166 0.00112931
0.00463867 0.00112022

0.00463867 0.00112024
0.00476074 0.00111074

0.00476074 0.00111074
0.00488281 0.00110078

0.00544273 0
0.00549316 9.0235e-05

0.00549316 9.24303e-05
0.00552828 0.00012207

0.00561523 0.000120072
0.00568306 0.00012207

0.00566487 0.00012207
0.0057373 0.000123185

0.0057373 0.000119597
0.00581923 0.00012207

0.00580815 0.00012207
0.00585938 0.000123621

0.00500488 0.00109034
0.00490787 0.00109863

0.00488281 0.00110079
0.00490808 0.00109863

0.00500488 0.00109032
0.00512695 0.00107945

0.00512695 0.00107945
0.00524902 0.00106819

0.00524902 0.00106816
0.00537109 0.0010566

0.00537109 0.00105654
0.00549316 0.00104484

0.00549316 0.00104479
0.00561523 0.00103319

0.00561523 0.00103313
0.0057373 0.00102187

0.0057373 0.00102187
0.00585938 0.00101106

0.00598145 0.000113149
0.00596671 0.00012207

0.00585938 0.000145903
0.00593794 0.00012207

0.00606929 0
0.00598861 0.00012207

0.00634766 0.00096956
0.00626765 0.000976562

0.00646535 0
0.00646973 1.30348e-05

0.00646973 1.55197e-06
0.00656904 0.00012207

0.0065918 8.75707e-05
0.00671387 0.000111981

0.00671387 9.73049e-05
0.00683594 9.7602e-05

0.00634766 0.000969524
0.00646973 0.000958537

0.00646973 0.000958475
0.0065918 0.000947399

0.0065918 0.000947295
0.00671387 0.000936462

0.00671387 0.000936339
0.00683594 0.000926202

0.00585938 0.00101109
0.00598145 0.00100067

0.00598145 0.00100074
0.00610352 0.000990502

0.00610352 0.000990578
0.00622559 0.000980222

0.00622559 0.000980272
0.00626796 0.000976562

0.00683594 9.99149e-05
0.00695801 0.000100231

0.00695801 9.78184e-05
0.00708008 9.77211e-05

0.00708008 9.97901e-05
0.00720215 0.000100161

0.00720215 9.80937e-05
0.00732422 9.81881e-05

0.00683594 0.000926109
0.00695801 0.0009171

0.00695801 0.000917036
0.00708008 0.00090947

0.00708008 0.000909451
0.00720215 0.000903493

0.00720215 0.000903495
0.00732422 0.00089918

0.00732422 9.99852e-05
0.00744629 0.000100155

0.00744629 9.82253e-05
0.00756836 9.83963e-05

0.00756836 0.0001
0.00769043 0.000100482

0.00769043 9.86778e-05
0.0078125 9.89066e-05

0.00732422 0.000899202
0.00744629 0.000896482

0.00744629 0.00089651
0.00756836 0.000895284

0.00756836 0.000895318
0.00769043 0.000895461

0.00769043 0.000895496
0.0078125 0.000896871

0.0078125 0.000100447
0.00793457 0.000100493

0.00793457 9.86118e-05
0.00805664 9.9066e-05

0.00805664 9.99944e-05
0.00817871 0.000101854

0.00817871 0.000100423
0.00830078 0.000100974

0.0078125 0.000896914
0.00793457 0.000899367

0.00793457 0.000899418
0.00805664 0.000902761

0.00805664 0.000902833
0.00817871 0.000906822

0.00817871 0.00090692
0.00830078 0.000911215

0.00830078 0.00010047
0.00842285 0.00010248

0.00842285 0.00010201
0.00854492 0.000103407

0.00854492 0.000102759
0.00866699 0.000102986

0.00866699 0.000102829
0.00878906 0.000103042

0.00830078 0.000911352
0.00842285 0.000915483

0.00842285 0.000915673
0.00854492 0.000918986

0.00854492 0.000919247
0.00866699 0.000920841

0.00866699 0.00092118
0.00878906 0.000919857

0.00878906 0.000103005
0.00891113 0.000103167

0.00891113 0.000102768
0.0090332 0.000103426

0.0090332 0.000103874
0.00915527 0.000103613

0.00915527 9.82937e-05
0.00927734 0.00010738

0.00878906 0.000920266
0.00891113 0.000914527

0.00891113 0.000915014
0.0090332 0.000903069

0.0090332 0.000904241
0.00915527 0.000882773

0.00927734 0.000845457
0.00924655 0.000854492

0.00915527 0.00088472
0.00925828 0.000854492

0.00927734 9.88647e-05
0.00937456 0.00012207

0.00939941 0.00011682
0.00941104 0.00012207

0.00941451 0.00012207
0.00952148 0.000168418

0.00952148 0.000164297
0.00961429 0.000244141

0.00961725 0.000244141
0.00964355 0.000288853

0.00964355 0.000283806
0.00968518 0.000366211

0.00967684 0.000366211
0.00967345 0.000488281

0.00952148 0.000712808
0.00949512 0.000732422

0.00927734 0.00084893
0.00939941 0.000794796

0.00939941 0.00080035
0.00949838 0.000732422

0.00964355 0.00055493
0.00961816 0.000610352

0.00952148 0.000719691
0.00961959 0.000610352

0.00964355 0.000555058
0.00967357 0.000488281

