7.1601e-05 0
7.32422e-05 4.80612e-06

7.32422e-05 3.7013e-07
9.59603e-05 2.44141e-05

9.76563e-05 1.4223e-05
0.00012207 1.52922e-05

0.00012207 1.41728e-05
0.000146484 1.39399e-05

0.00012207 2.44173e-05
0.000122943 2.44141e-05

0.000146484 1.4408e-05
0.000170898 1.47417e-05

0.000170898 1.44139e-05
0.000195313 1.4223e-05

0.000195313 1.44413e-05
0.000219727 1.44081e-05

0.000219727 1.40698e-05
0.000244141 1.4515e-05

0.000244141 1.48377e-05
0.000268555 1.47141e-05

0.000268555 1.46476e-05
0.000292969 1.37412e-05

0.000292969 1.39176e-05
0.000317383 1.42177e-05

0.000317383 1.43934e-05
0.000341797 1.44606e-05

0.000341797 1.45283e-05
0.000366211 1.37117e-05

0.000366211 1.39532e-05
0.000390625 1.36416e-05

0.000390625 1.39027e-05
0.000415039 1.38643e-05

0.000415039 1.3914e-05
0.000439453 1.36229e-05

0.000439453 1.37785e-05
0.000463867 1.35506e-05

0.000463867 1.36907e-05
0.000488281 1.35059e-05

0.000488281 1.36123e-05
0.000512695 1.34423e-05

0.000512695 1.35427e-05
0.000537109 1.34027e-05

0.000537109 1.34916e-05
0.000561523 1.33569e-05

0.000561523 1.34706e-05
0.000585937 1.32772e-05

0.000585938 1.33883e-05
0.000610352 1.31779e-05

0.000610352 1.32122e-05
0.000634766 1.32301e-05

0.000634766 1.32639e-05
0.00065918 1.33283e-05

0.00065918 1.33987e-05
0.000683594 1.31369e-05

0.000683594 1.31259e-05
0.000708008 1.3088e-05

0.000708008 1.30503e-05
0.000732422 1.34308e-05

0.000732422 1.33082e-05
0.000756836 1.34561e-05

0.000756836 1.3399e-05
0.00078125 1.32975e-05

0.00078125 1.32677e-05
0.000805664 1.33487e-05

0.000805664 1.31963e-05
0.000830078 1.36184e-05

0.000830078 1.35229e-05
0.000854492 1.37129e-05

0.000854492 1.35601e-05
0.000878906 1.35357e-05

0.000878906 1.34917e-05
0.00090332 1.37078e-05

0.00090332 1.36145e-05
0.000927734 1.38028e-05

0.000927734 1.36214e-05
0.000952148 1.38596e-05

0.000952148 1.37432e-05
0.000976562 1.40323e-05

0.000976562 1.38413e-05
0.00100098 1.40777e-05

0.00100098 1.39136e-05
0.00102539 1.42226e-05

0.00102539 1.40914e-05
0.0010498 1.43026e-05

0.0010498 1.40562e-05
0.00107422 1.44069e-05

0.00107422 1.4263e-05
0.00109863 1.46781e-05

0.00109863 1.4352e-05
0.00112305 1.47654e-05

0.00112305 1.45946e-05
0.00114746 1.50057e-05

0.00114746 1.49372e-05
0.00117187 1.48433e-05

0.00117188 1.44936e-05
0.00119629 1.49547e-05

0.00119629 1.46271e-05
0.0012207 1.59037e-05

0.0012207 1.55336e-05
0.00124512 1.60426e-05

0.00124512 1.6047e-05
0.00126953 1.53531e-05

0.00126953 1.51904e-05
0.00129395 1.52036e-05

0.00129395 1.58032e-05
0.00131836 1.56193e-05

0.00131836 1.46686e-05
0.00134277 1.54156e-05

0.00134277 1.72683e-05
0.00136719 1.54217e-05

0.00139158 0
0.0013698 2.44141e-05

0.0013916 3.96205e-06
0.00139294 0

0.00146275 0
0.00146484 6.11205e-06

0.00146484 4.65444e-06
0.00148418 2.44141e-05

0.00148517 2.44141e-05
0.00148926 2.58615e-05

0.00148926 1.72679e-05
0.00151367 1.78385e-05

0.00151122 2.44141e-05
0.00151367 2.44369e-05

0.00151367 1.73358e-05
0.00153809 1.69971e-05

0.00151367 2.44174e-05
0.00151449 2.44141e-05

0.0015625 5.84377e-06
0.00154347 2.44141e-05

0.00153809 2.61416e-05
0.00154312 2.44141e-05

0 0.00312213
0.000390625 0.00311111

0.000390625 0.0031114
0.00078125 0.00307777

0.00078125 0.00307841
0.00117187 0.00302033

0.00117188 0.00302138
0.0015625 0.00293546

0.0015625 7.38012e-06
0.00156513 0

0.00165644 0
0.00166016 9.0925e-06

0.00166016 1.03105e-05
0.00167534 2.44141e-05

0.00167462 2.44141e-05
0.00168457 2.80667e-05

0.00168457 1.84039e-05
0.00170898 1.87705e-05

0.00169673 2.44141e-05
0.00170898 2.45092e-05

0.0017334 1.12656e-05
0.00171843 2.44141e-05

0.00170898 2.80637e-05
0.00171928 2.44141e-05

0.0017334 1.21653e-05
0.00173861 0

0.00180067 0
0.00180664 1.37917e-05

0.00180664 8.99187e-06
0.00183105 1.36491e-05

0.00183105 7.24666e-06
0.00185431 0

0.00185547 2.28132e-07
0.00187988 1.68529e-05

0.00187988 9.22411e-06
0.0019043 1.17635e-05

0.0019043 9.42075e-06
0.00192871 1.03949e-05

0.00192871 9.91357e-06
0.00195312 1.21741e-05

0.00195312 9.50942e-06
0.00197754 1.29753e-05

0.00197754 1.35864e-05
0.00200195 1.29292e-05

0.00200195 1.52569e-05
0.00202637 6.35629e-06

0.00202637 6.84508e-06
0.00205078 9.24048e-06

0.00205078 9.66843e-06
0.0020752 1.4494e-05

0.0020752 9.9059e-06
0.00209961 1.18573e-05

0.00209961 1.33518e-05
0.00212402 1.33248e-05

0.00212402 1.29855e-05
0.00214844 8.74205e-06

0.00214844 8.35785e-06
0.00217285 1.30172e-05

0.00217285 1.3876e-05
0.00219727 1.37081e-05

0.00219727 1.31208e-05
0.00222168 8.03027e-06

0.00222168 7.92696e-06
0.00224609 1.33229e-05

0.00224609 1.3935e-05
0.00227051 1.39606e-05

0.00227051 1.38168e-05
0.00229492 7.46742e-06

0.00229492 8.19416e-06
0.00231934 1.18548e-05

0.00231934 1.06302e-05
0.00234375 1.5003e-05

0.00234375 1.50409e-05
0.00236816 1.0809e-05

0.00236816 1.24989e-05
0.00239258 7.50994e-06

0.00239258 7.51756e-06
0.00241699 1.24834e-05

0.00241699 1.07299e-05
0.00244141 1.50988e-05

0.00244141 1.50941e-05
0.00246582 1.0721e-05

0.00246582 1.2462e-05
0.00249023 7.5472e-06

0.00249023 7.54773e-06
0.00251465 1.25042e-05

0.00251465 1.07552e-05
0.00253906 1.50696e-05

0.00253906 1.50625e-05
0.00256348 1.07325e-05

0.00256348 1.24286e-05
0.00258789 7.6334e-06

0.00258789 7.62419e-06
0.0026123 1.25352e-05

0.0026123 1.08852e-05
0.00263672 1.49583e-05

0.00263672 1.48987e-05
0.00266113 1.06785e-05

0.00266113 1.18999e-05
0.00268555 8.34082e-06

0.00268555 7.56179e-06
0.00270996 1.37689e-05

0.00270996 1.38807e-05
0.00273438 1.40586e-05

0.00273437 1.38154e-05
0.00275879 7.7551e-06

0.00275879 8.51965e-06
0.0027832 1.18525e-05

0.0027832 1.0814e-05
0.00280762 1.47557e-05

0.00280762 1.47595e-05
0.00283203 1.08388e-05

0.00283203 1.19556e-05
0.00285645 8.4142e-06

0.00285645 7.67242e-06
0.00288086 1.36856e-05

0.00288086 1.3838e-05
0.00290527 1.39963e-05

0.00290527 1.35268e-05
0.00292969 8.0443e-06

0.00292969 8.74534e-06
0.0029541 1.22077e-05

0.0029541 1.15653e-05
0.00297852 1.42257e-05

0.00297852 1.20546e-05
0.00300293 1.24223e-05

0.00300293 1.24206e-05
0.00302734 1.38778e-05

0.00302734 1.27934e-05
0.00305176 1.37449e-05

0.00305176 1.32331e-05
0.00307617 1.44563e-05

0.00307617 1.36822e-05
0.00310059 1.46982e-05

0.00310059 1.41275e-05
0.003125 1.51394e-05

0.00175781 0.00287947
0.0015769 0.00292969

0.0015625 0.00293381
0.00157735 0.00292969

0.00175781 0.00287998
0.00195312 0.00281703

0.00234375 0.00265921
0.00217177 0.00273438

0.00195312 0.00281737
0.00214844 0.00274401

0.00214844 0.00274364
0.00216963 0.00273438

0.00292969 0.00231131
0.00288479 0.00234375

0.003125 0.00214828
0.00312483 0.00214844

0.00302734 0.0022339
0.00301206 0.00224609

0.00297852 0.00227141
0.00294854 0.00229492

0.00292969 0.00231015
0.00294934 0.00229492

0.00300293 0.00225244
0.00298006 0.00227051

0.00297852 0.00227205
0.00298044 0.00227051

0.00300293 0.00224844
0.00300597 0.00224609

0.00307617 0.00218847
0.00306611 0.00219727

0.00302734 0.00223319
0.00306971 0.00219727

0.00307617 0.00219121
0.00312419 0.00214844

0.00244141 0.00261145
0.00238955 0.00263672

0.00234375 0.00265748
0.00238636 0.00263672

0.00244141 0.00261095
0.00253906 0.00255981

0.00273438 0.00244673
0.00257821 0.00253906

0.00253906 0.00255915
0.0025736 0.00253906

0.00283203 0.00238017
0.00274023 0.00244141

0.00273438 0.00244457
0.00273931 0.00244141

0.00283203 0.00237935
0.00288162 0.00234375

0.003125 1.45666e-05
0.00314941 1.5429e-05

0.00314941 1.4976e-05
0.00317383 1.5703e-05

0.00317383 1.52432e-05
0.00319824 1.5969e-05

0.00319824 1.54684e-05
0.00322266 1.64495e-05

0.00322266 1.58848e-05
0.00324707 1.70416e-05

0.00324707 1.64158e-05
0.00327148 1.75831e-05

0.00327148 1.69652e-05
0.0032959 1.8129e-05

0.0032959 1.76279e-05
0.00332031 1.86022e-05

0.00332031 1.78356e-05
0.00334473 1.91816e-05

0.00334473 1.87873e-05
0.00336914 2.01348e-05

0.00336914 1.40417e-05
0.00339088 2.44141e-05

0.00338959 2.44141e-05
0.00339355 2.59192e-05

0.00339355 2.74465e-05
0.00341797 4.81532e-05

0.00341772 4.88281e-05
0.00341797 4.90692e-05

0.00341797 4.83241e-05
0.00341849 4.88281e-05

0.00341797 4.9126e-05
0.00344208 7.32422e-05

0.00344216 7.32422e-05
0.00344238 7.34767e-05

0.00344238 7.36194e-05
0.00346476 9.76563e-05

0.00346524 9.76563e-05
0.0034668 9.94042e-05

0.0034668 0.000100132
0.00348592 0.00012207

0.00348568 0.00012207
0.00349121 0.000128703

0.00349121 0.000128395
0.00350605 0.000146484

0.00350637 0.000146484
0.00351563 0.000158614

0.00351563 0.000159164
0.00354276 0.000195313

0.00354316 0.000195313
0.00356445 0.000227301

0.00356445 0.000229203
0.00357422 0.000244141

0.00357512 0.000244141
0.00360394 0.000292969

0.00360475 0.000292969
0.00361328 0.00031015

0.00361328 0.000311778
0.00362895 0.000341797

0.00362919 0.000341797
0.0036518 0.000390625

0.00365246 0.000390625
0.00368991 0.000488281

0.00368974 0.000488281
0.00371094 0.00056315

0.00371094 0.00056499
0.00371687 0.000585938

0.00371707 0.000585937
0.00373592 0.000683594

0.00373555 0.000683594
0.00374674 0.00078125

0.00374872 0.00078125
0.00374933 0.000976562

0.00374903 0.000976562
0.00372105 0.00117188

0.00371094 0.00120855
0.00366536 0.00136719

0.00366541 0.00136719
0.00358019 0.0015625

0.00371094 0.00120381
0.00371889 0.00117187

0.00332031 0.00194424
0.0033129 0.00195312

0.00351563 0.00167503
0.00346354 0.00175781

0.00341797 0.00182168
0.00339389 0.00185547

0.00332031 0.00194661
0.00339403 0.00185547

0.00346277 0.00175781
0.00342881 0.00180664

0.00341797 0.00182022
0.00342753 0.00180664

0.00322266 0.00205379
0.00312524 0.00214844

0.0033151 0.00195313
0.00322568 0.00205078

0.00322266 0.00205494
0.0032267 0.00205078

0.00357813 0.0015625
0.0035244 0.00166016

0.00351563 0.00167258
0.00352318 0.00166016

