7.19277e-05 0
7.32422e-05 3.8832e-06

7.32422e-05 8.0752e-07
9.58073e-05 2.44141e-05

9.76563e-05 1.42951e-05
0.00012207 1.50611e-05

0.00012207 1.41414e-05
0.000146484 1.40595e-05

0.000146484 1.45016e-05
0.000170898 1.4726e-05

0.000170898 1.4366e-05
0.000195313 1.41877e-05

0.000195313 1.4528e-05
0.000219727 1.44189e-05

0.000219727 1.42659e-05
0.000244141 1.41167e-05

0.000244141 1.40751e-05
0.000268555 1.46387e-05

0.000268555 1.47584e-05
0.000292969 1.45097e-05

0.000292969 1.45946e-05
0.000317383 1.37266e-05

0.000317383 1.40411e-05
0.000341797 1.38781e-05

0.000341797 1.39411e-05
0.000366211 1.41302e-05

0.000366211 1.42566e-05
0.000390625 1.39524e-05

0.000390625 1.41205e-05
0.000415039 1.34854e-05

0.000415039 1.36539e-05
0.000439453 1.35954e-05

0.000439453 1.37966e-05
0.000463867 1.37217e-05

0.000463867 1.36948e-05
0.000488281 1.34426e-05

0.000488281 1.35652e-05
0.000512695 1.35779e-05

0.000512695 1.36996e-05
0.000537109 1.34566e-05

0.000537109 1.36039e-05
0.000561523 1.31801e-05

0.000561523 1.32588e-05
0.000585937 1.32768e-05

0.000585938 1.33505e-05
0.000610352 1.34596e-05

0.000610352 1.35057e-05
0.000634766 1.31891e-05

0.000634766 1.33494e-05
0.00065918 1.3e-05

0.00065918 1.30161e-05
0.000683594 1.31751e-05

0.000683594 1.31429e-05
0.000708008 1.34352e-05

0.000708008 1.33717e-05
0.000732422 1.32424e-05

0.000732422 1.32548e-05
0.000756836 1.3136e-05

0.000756836 1.30316e-05
0.00078125 1.34107e-05

0.00078125 1.32791e-05
0.000805664 1.36614e-05

0.000805664 1.34931e-05
0.000830078 1.35095e-05

0.000830078 1.34405e-05
0.000854492 1.35242e-05

0.000854492 1.34742e-05
0.000878906 1.36519e-05

0.000878906 1.35135e-05
0.00090332 1.37144e-05

0.00090332 1.36091e-05
0.000927734 1.38159e-05

0.000927734 1.36546e-05
0.000952148 1.38829e-05

0.000952148 1.37513e-05
0.000976562 1.40174e-05

0.000976562 1.38654e-05
0.00100098 1.40753e-05

0.00100098 1.38951e-05
0.00102539 1.41938e-05

0.00102539 1.40272e-05
0.0010498 1.43725e-05

0.0010498 1.41375e-05
0.00107422 1.44866e-05

0.00107422 1.42061e-05
0.00109863 1.47398e-05

0.00109863 1.47256e-05
0.00112305 1.47437e-05

0.00112305 1.44029e-05
0.00114746 1.45718e-05

0.00114746 1.42952e-05
0.00117187 1.54443e-05

0.00117188 1.51219e-05
0.00119629 1.57247e-05

0.00119629 1.5494e-05
0.0012207 1.5251e-05

0.0012207 1.52795e-05
0.00124512 1.51597e-05

0.00124512 1.47454e-05
0.00126953 1.57998e-05

0.00126953 1.58827e-05
0.00129395 1.63381e-05

0.00129395 1.64365e-05
0.00131836 1.4894e-05

0.00131836 1.46913e-05
0.00134277 1.49079e-05

0.00134277 1.64688e-05
0.00136719 1.52232e-05

0.0013916 6.83533e-07
0.00136971 2.44141e-05

0.0013916 4.18961e-06
0.00139302 0

0.00146272 0
0.00146484 6.18437e-06

0.00146484 4.72309e-06
0.00148416 2.44141e-05

0.00148491 2.44141e-05
0.00148926 2.59498e-05

0.00148926 1.73541e-05
0.00151367 1.76839e-05

0.00150784 2.44141e-05
0.00151367 2.44401e-05

0.00151367 1.71138e-05
0.00153809 1.68447e-05

0.00151367 2.44221e-05
0.00151634 2.44141e-05

0.0015625 5.98913e-06
0.00154342 2.44141e-05

0.00153809 2.60407e-05
0.00154288 2.44141e-05

0 0.00312208
0.000390625 0.00311106

0.000390625 0.00311135
0.00078125 0.00307773

0.00078125 0.00307837
0.00117187 0.00302029

0.00117188 0.00302134
0.0015625 0.00293543

0.0015625 7.41814e-06
0.00156515 0

0.00165636 0
0.00166016 9.25936e-06

0.00166016 1.03396e-05
0.00167535 2.44141e-05

0.00167463 2.44141e-05
0.00168457 2.8054e-05

0.00168457 1.83851e-05
0.00170898 1.87632e-05

0.00169675 2.44141e-05
0.00170898 2.45133e-05

0.0017334 1.12724e-05
0.00171846 2.44141e-05

0.00170898 2.80851e-05
0.00171933 2.44141e-05

0.0017334 1.20175e-05
0.00173854 0

0.00179939 0
0.00180664 1.54058e-05

0.00180664 1.00048e-05
0.00183105 1.21772e-05

0.00183105 6.69321e-06
0.00185372 0

0.00185585 0
0.00187988 1.73636e-05

0.00187988 9.25972e-06
0.0019043 1.17411e-05

0.0019043 9.38483e-06
0.00192871 1.03796e-05

0.00192871 9.92221e-06
0.00195312 1.22011e-05

0.00195312 9.50614e-06
0.00197754 1.29486e-05

0.00197754 1.35821e-05
0.00200195 1.29385e-05

0.00200195 1.52551e-05
0.00202637 6.34647e-06

0.00202637 6.84735e-06
0.00205078 9.23626e-06

0.00205078 9.62986e-06
0.0020752 1.45129e-05

0.0020752 9.93108e-06
0.00209961 1.18994e-05

0.00209961 1.33894e-05
0.00212402 1.32926e-05

0.00212402 1.30362e-05
0.00214844 8.66625e-06

0.00214844 8.26418e-06
0.00217285 1.29693e-05

0.00217285 1.37747e-05
0.00219727 1.38229e-05

0.00219727 1.31985e-05
0.00222168 8.09926e-06

0.00222168 7.98413e-06
0.00224609 1.32483e-05

0.00224609 1.39251e-05
0.00227051 1.39596e-05

0.00227051 1.38101e-05
0.00229492 7.46857e-06

0.00229492 8.19367e-06
0.00231934 1.18561e-05

0.00231934 1.06289e-05
0.00234375 1.50005e-05

0.00234375 1.50388e-05
0.00236816 1.08099e-05

0.00236816 1.24964e-05
0.00239258 7.51284e-06

0.00239258 7.52068e-06
0.00241699 1.24851e-05

0.00241699 1.07314e-05
0.00244141 1.50967e-05

0.00244141 1.50922e-05
0.00246582 1.07232e-05

0.00246582 1.24621e-05
0.00249023 7.55157e-06

0.00249023 7.55239e-06
0.00251465 1.25038e-05

0.00251465 1.0757e-05
0.00253906 1.50673e-05

0.00253906 1.50599e-05
0.00256348 1.0734e-05

0.00256348 1.24276e-05
0.00258789 7.63926e-06

0.00258789 7.63144e-06
0.0026123 1.2534e-05

0.0026123 1.08864e-05
0.00263672 1.49529e-05

0.00263672 1.48936e-05
0.00266113 1.06806e-05

0.00266113 1.18991e-05
0.00268555 8.34715e-06

0.00268555 7.56676e-06
0.00270996 1.37688e-05

0.00270996 1.38858e-05
0.00273438 1.40541e-05

0.00273437 1.38121e-05
0.00275879 7.75056e-06

0.00275879 8.51344e-06
0.0027832 1.18591e-05

0.0027832 1.08213e-05
0.00280762 1.47558e-05

0.00280762 1.47589e-05
0.00283203 1.08306e-05

0.00283203 1.18998e-05
0.00285645 8.46816e-06

0.00285645 7.73587e-06
0.00288086 1.37398e-05

0.00288086 1.39349e-05
0.00290527 1.39058e-05

0.00290527 1.35044e-05
0.00292969 7.93216e-06

0.00292969 8.61933e-06
0.0029541 1.22535e-05

0.0029541 1.15256e-05
0.00297852 1.43288e-05

0.00297852 1.20708e-05
0.00300293 1.25212e-05

0.00300293 1.25266e-05
0.00302734 1.39521e-05

0.00302734 1.29368e-05
0.00305176 1.36827e-05

0.00305176 1.33037e-05
0.00307617 1.42676e-05

0.00307617 1.36134e-05
0.00310059 1.44516e-05

0.00310059 1.39206e-05
0.003125 1.49389e-05

0.00175781 0.00287944
0.0015768 0.00292969

0.0015625 0.00293378
0.00157726 0.00292969

0.00175781 0.00287995
0.00195312 0.00281701

0.00234375 0.0026592
0.00217175 0.00273438

0.00195312 0.00281735
0.00214844 0.002744

0.00214844 0.00274362
0.0021696 0.00273438

0.00292969 0.00231134
0.00288483 0.00234375

0.003125 0.00214829
0.00312484 0.00214844

0.00302734 0.00223394
0.00301211 0.00224609

0.00297852 0.00227143
0.00294856 0.00229492

0.00292969 0.00231017
0.00294937 0.00229492

0.00300293 0.00225247
0.00298008 0.00227051

0.00297852 0.00227208
0.00298047 0.00227051

0.00300293 0.00224843
0.00300595 0.00224609

0.00307617 0.00218848
0.00306613 0.00219727

0.00302734 0.00223321
0.00306975 0.00219727

0.00307617 0.00219124
0.00312423 0.00214844

0.00244141 0.00261145
0.00238955 0.00263672

0.00234375 0.00265747
0.00238634 0.00263672

0.00244141 0.00261095
0.00253906 0.00255981

0.00273438 0.00244674
0.00257821 0.00253906

0.00253906 0.00255915
0.0025736 0.00253906

0.00283203 0.00238019
0.00274024 0.00244141

0.00273438 0.00244458
0.00273931 0.00244141

0.00283203 0.00237936
0.00288163 0.00234375

0.003125 1.42799e-05
0.00314941 1.53902e-05

0.00314941 1.47558e-05
0.00317383 1.59056e-05

0.00317383 1.52806e-05
0.00319824 1.63139e-05

0.00319824 1.57213e-05
0.00322266 1.67218e-05

0.00322266 1.61307e-05
0.00324707 1.72377e-05

0.00324707 1.66249e-05
0.00327148 1.78382e-05

0.00327148 1.70232e-05
0.0032959 1.86304e-05

0.0032959 1.88874e-05
0.00332031 1.87221e-05

0.00332031 1.71792e-05
0.00334473 1.81444e-05

0.00334473 1.93395e-05
0.00336914 2.02004e-05

0.00336914 1.27251e-05
0.00339355 2.42652e-05

0.00339095 2.44141e-05
0.00339355 2.54495e-05

0.00339355 2.36854e-05
0.00339424 2.44141e-05

0.00339355 2.74616e-05
0.00341778 4.88281e-05

0.00341763 4.88281e-05
0.00341797 4.91541e-05

0.00341797 4.94394e-05
0.00344183 7.32422e-05

0.00344181 7.32422e-05
0.00344238 7.384e-05

0.00344238 7.3966e-05
0.00346446 9.76563e-05

0.00346495 9.76563e-05
0.0034668 9.97266e-05

0.0034668 0.000100442
0.00348573 0.00012207

0.0034855 0.00012207
0.00349121 0.000128886

0.00349121 0.000128538
0.00350597 0.000146484

0.00350624 0.000146484
0.00351563 0.000158757

0.00351563 0.000159321
0.00354267 0.000195313

0.00354308 0.000195313
0.00356445 0.000227392

0.00356445 0.000229333
0.00357414 0.000244141

0.00357507 0.000244141
0.0036039 0.000292969

0.00360471 0.000292969
0.00361328 0.000310228

0.00361328 0.000311847
0.00362892 0.000341797

0.00362916 0.000341797
0.00365179 0.000390625

0.00365245 0.000390625
0.00368992 0.000488281

0.00368975 0.000488281
0.00371094 0.000563054

0.00371094 0.000564915
0.00371689 0.000585938

0.0037171 0.000585937
0.00373596 0.000683594

0.0037356 0.000683594
0.0037468 0.00078125

0.00374879 0.00078125
0.00374942 0.000976562

0.00374911 0.000976562
0.00372115 0.00117188

0.00371094 0.00120889
0.00366545 0.00136719

0.0036655 0.00136719
0.00358028 0.0015625

0.00371094 0.00120423
0.003719 0.00117187

0.00332031 0.00194425
0.00331291 0.00195312

0.00351563 0.00167515
0.00346361 0.00175781

0.00341797 0.0018218
0.00339397 0.00185547

0.00332031 0.00194668
0.0033941 0.00185547

0.00346284 0.00175781
0.00342887 0.00180664

0.00341797 0.00182025
0.00342756 0.00180664

0.00322266 0.00205384
0.00312528 0.00214844

0.00331516 0.00195313
0.00322573 0.00205078

0.00322266 0.002055
0.00322676 0.00205078

0.00357821 0.0015625
0.00352447 0.00166016

0.00351563 0.00167271
0.00352326 0.00166016

