7.15221e-05 0
7.32422e-05 5.02598e-06

7.32422e-05 3.22106e-07
9.59526e-05 2.44141e-05

9.72918e-05 2.44141e-05
9.76563e-05 2.45429e-05

9.76563e-05 1.42971e-05
0.00012207 1.53459e-05

0.00012207 1.42837e-05
0.000146484 1.37632e-05

0.000146484 1.4336e-05
0.000170898 1.44928e-05

0.000170898 1.3801e-05
0.000195313 1.44898e-05

0.000195313 1.50827e-05
0.000219727 1.48307e-05

0.000219727 1.42664e-05
0.000244141 1.36254e-05

0.000244141 1.40336e-05
0.000268555 1.48767e-05

0.000268555 1.47497e-05
0.000292969 1.4465e-05

0.000292969 1.46475e-05
0.000317383 1.38128e-05

0.000317383 1.4073e-05
0.000341797 1.38419e-05

0.000341797 1.40058e-05
0.000366211 1.40998e-05

0.000366211 1.40766e-05
0.000390625 1.39822e-05

0.000390625 1.42772e-05
0.000415039 1.36837e-05

0.000415039 1.38862e-05
0.000439453 1.3272e-05

0.000439453 1.34196e-05
0.000463867 1.36245e-05

0.000463867 1.36332e-05
0.000488281 1.38291e-05

0.000488281 1.3926e-05
0.000512695 1.34106e-05

0.000512695 1.35982e-05
0.000537109 1.30983e-05

0.000537109 1.32218e-05
0.000561523 1.33822e-05

0.000561523 1.33774e-05
0.000585937 1.35529e-05

0.000585938 1.36253e-05
0.000610352 1.32359e-05

0.000610352 1.33954e-05
0.000634766 1.29661e-05

0.000634766 1.30312e-05
0.00065918 1.32097e-05

0.00065918 1.31815e-05
0.000683594 1.34371e-05

0.000683594 1.33826e-05
0.000708008 1.32285e-05

0.000708008 1.32862e-05
0.000732422 1.3109e-05

0.000732422 1.29981e-05
0.000756836 1.33571e-05

0.000756836 1.32506e-05
0.00078125 1.36642e-05

0.00078125 1.35472e-05
0.000805664 1.34131e-05

0.000805664 1.34374e-05
0.000830078 1.32804e-05

0.000830078 1.31311e-05
0.000854492 1.35995e-05

0.000854492 1.34532e-05
0.000878906 1.39527e-05

0.000878906 1.38167e-05
0.00090332 1.36573e-05

0.00090332 1.36693e-05
0.000927734 1.34983e-05

0.000927734 1.32905e-05
0.000952148 1.39288e-05

0.000952148 1.3746e-05
0.000976562 1.43779e-05

0.000976562 1.41703e-05
0.00100098 1.40124e-05

0.00100098 1.39541e-05
0.00102539 1.39275e-05

0.00102539 1.37066e-05
0.0010498 1.44354e-05

0.0010498 1.42333e-05
0.00107422 1.47743e-05

0.00107422 1.45352e-05
0.00109863 1.44572e-05

0.00109863 1.42154e-05
0.00112305 1.46688e-05

0.00112305 1.46045e-05
0.00114746 1.51089e-05

0.00114746 1.47141e-05
0.00117187 1.4983e-05

0.00117188 1.49416e-05
0.00119629 1.52096e-05

0.00119629 1.44519e-05
0.0012207 1.56846e-05

0.0012207 1.60062e-05
0.00124512 1.62091e-05

0.00124512 1.59072e-05
0.00126953 1.45757e-05

0.00126953 1.42509e-05
0.00129395 1.57252e-05

0.00129395 1.65316e-05
0.00131836 1.64352e-05

0.00131836 1.54838e-05
0.00134277 1.43268e-05

0.00134277 1.60791e-05
0.00136719 1.49352e-05

0.0013916 1.15095e-06
0.00136968 2.44141e-05

0.00136719 2.45657e-05
0.00136762 2.44141e-05

0.0013916 3.86798e-06
0.00139291 0

0.00146279 0
0.00146484 5.96382e-06

0.00146484 4.93714e-06
0.00148409 2.44141e-05

0.00148467 2.44141e-05
0.00148926 2.60263e-05

0.00148926 1.72e-05
0.00151367 1.75963e-05

0.00151367 1.73288e-05
0.00153809 1.69898e-05

0.00151367 2.44298e-05
0.00151739 2.44141e-05

0.0015625 5.60104e-06
0.00154332 2.44141e-05

0.00153809 2.60844e-05
0.00154295 2.44141e-05

0 0.00312206
0.000390625 0.00311104

0.000390625 0.00311133
0.00078125 0.00307771

0.00078125 0.00307835
0.00117187 0.00302028

0.00117188 0.00302132
0.0015625 0.00293542

0.0015625 7.38109e-06
0.00156511 0

0.00165637 0
0.00166016 9.23508e-06

0.00166016 1.03445e-05
0.00167533 2.44141e-05

0.00167462 2.44141e-05
0.00168457 2.80619e-05

0.00168457 1.8408e-05
0.00170898 1.87759e-05

0.00169653 2.44141e-05
0.00170898 2.45131e-05

0.0017334 1.12519e-05
0.00171846 2.44141e-05

0.00170898 2.81032e-05
0.00171936 2.44141e-05

0.0017334 1.19887e-05
0.00173852 0

0.00180015 0
0.00180664 1.43195e-05

0.00180664 7.70301e-06
0.00183105 1.34428e-05

0.00183105 7.10142e-06
0.00185547 9.50156e-07

0.00185547 5.32981e-07
0.00187988 1.60885e-05

0.00187988 9.2196e-06
0.0019043 1.21384e-05

0.0019043 9.54505e-06
0.00192871 1.02292e-05

0.00192871 9.90971e-06
0.00195312 1.2224e-05

0.00195312 9.54941e-06
0.00197754 1.29596e-05

0.00197754 1.35767e-05
0.00200195 1.29172e-05

0.00200195 1.5253e-05
0.00202637 6.38138e-06

0.00202637 6.86008e-06
0.00205078 9.23426e-06

0.00205078 9.66706e-06
0.0020752 1.44952e-05

0.0020752 9.90948e-06
0.00209961 1.18669e-05

0.00209961 1.33581e-05
0.00212402 1.33271e-05

0.00212402 1.3043e-05
0.00214844 8.69234e-06

0.00214844 8.29908e-06
0.00217285 1.29561e-05

0.00217285 1.37776e-05
0.00219727 1.3796e-05

0.00219727 1.31095e-05
0.00222168 8.17023e-06

0.00222168 8.07151e-06
0.00224609 1.33292e-05

0.00224609 1.4043e-05
0.00227051 1.38384e-05

0.00227051 1.37387e-05
0.00229492 7.38742e-06

0.00229492 8.1269e-06
0.00231934 1.19332e-05

0.00231934 1.06395e-05
0.00234375 1.50021e-05

0.00234375 1.50435e-05
0.00236816 1.08057e-05

0.00236816 1.24954e-05
0.00239258 7.51358e-06

0.00239258 7.52209e-06
0.00241699 1.2486e-05

0.00241699 1.07332e-05
0.00244141 1.50944e-05

0.00244141 1.50897e-05
0.00246582 1.07227e-05

0.00246582 1.24606e-05
0.00249023 7.55556e-06

0.00249023 7.556e-06
0.00251465 1.25034e-05

0.00251465 1.07573e-05
0.00253906 1.50652e-05

0.00253906 1.5059e-05
0.00256348 1.0735e-05

0.00256348 1.24308e-05
0.00258789 7.63678e-06

0.00258789 7.62845e-06
0.0026123 1.25307e-05

0.0026123 1.08849e-05
0.00263672 1.49539e-05

0.00263672 1.48929e-05
0.00266113 1.06777e-05

0.00266113 1.18963e-05
0.00268555 8.34711e-06

0.00268555 7.56603e-06
0.00270996 1.37696e-05

0.00270996 1.38844e-05
0.00273438 1.40543e-05

0.00273437 1.3808e-05
0.00275879 7.7569e-06

0.00275879 8.52164e-06
0.0027832 1.18616e-05

0.0027832 1.08208e-05
0.00280762 1.47526e-05

0.00280762 1.47626e-05
0.00283203 1.08346e-05

0.00283203 1.18942e-05
0.00285645 8.46999e-06

0.00285645 7.75238e-06
0.00288086 1.37392e-05

0.00288086 1.39374e-05
0.00290527 1.38784e-05

0.00290527 1.33641e-05
0.00292969 8.04806e-06

0.00292969 8.75742e-06
0.0029541 1.23959e-05

0.0029541 1.16748e-05
0.00297852 1.41875e-05

0.00297852 1.21208e-05
0.00300293 1.23731e-05

0.00300293 1.24362e-05
0.00302734 1.37743e-05

0.00302734 1.27544e-05
0.00305176 1.36265e-05

0.00305176 1.3134e-05
0.00307617 1.4344e-05

0.00307617 1.35532e-05
0.00310059 1.46371e-05

0.00310059 1.40096e-05
0.003125 1.51409e-05

0.00175781 0.00287943
0.00157676 0.00292969

0.0015625 0.00293377
0.00157722 0.00292969

0.00175781 0.00287995
0.00195312 0.00281701

0.00234375 0.0026592
0.00217174 0.00273438

0.00195312 0.00281735
0.00214844 0.002744

0.00214844 0.00274362
0.0021696 0.00273438

0.00292969 0.00231137
0.00288486 0.00234375

0.00302734 0.00223398
0.00301216 0.00224609

0.00297852 0.00227146
0.00294859 0.00229492

0.00292969 0.0023102
0.0029494 0.00229492

0.00300293 0.00225249
0.00298011 0.00227051

0.00297852 0.0022721
0.0029805 0.00227051

0.00300293 0.00224845
0.00300597 0.00224609

0.00307617 0.0021885
0.00306614 0.00219727

0.00302734 0.00223324
0.00306978 0.00219727

0.00307617 0.00219127
0.00312426 0.00214844

0.00244141 0.00261146
0.00238955 0.00263672

0.00234375 0.00265747
0.00238635 0.00263672

0.00244141 0.00261096
0.00253906 0.00255982

0.00273438 0.00244676
0.00257822 0.00253906

0.00253906 0.00255916
0.00257361 0.00253906

0.00283203 0.00238021
0.00274026 0.00244141

0.00273438 0.00244459
0.00273933 0.00244141

0.00283203 0.00237938
0.00288166 0.00234375

0.003125 1.4458e-05
0.00314941 1.55316e-05

0.00314941 1.49325e-05
0.00317383 1.59776e-05

0.00317383 1.54481e-05
0.00319824 1.63044e-05

0.00319824 1.58624e-05
0.00322266 1.65303e-05

0.00322266 1.60227e-05
0.00324707 1.69105e-05

0.00324707 1.6374e-05
0.00327148 1.76217e-05

0.00327148 1.70137e-05
0.0032959 1.82392e-05

0.0032959 1.75523e-05
0.00332031 1.88001e-05

0.00332031 1.80374e-05
0.00334473 1.96977e-05

0.00334473 1.97998e-05
0.00336914 1.98731e-05

0.00336914 1.32185e-05
0.00339302 2.44141e-05

0.00339273 2.44141e-05
0.00339355 2.4737e-05

0.00339355 2.7271e-05
0.00341775 4.88281e-05

0.00341656 4.88281e-05
0.00341797 5.02304e-05

0.00341797 5.00764e-05
0.00344071 7.32422e-05

0.00344102 7.32422e-05
0.00344238 7.46628e-05

0.00344238 7.49998e-05
0.00346354 9.76563e-05

0.00346415 9.76563e-05
0.0034668 0.000100609

0.0034668 0.000101388
0.00348501 0.00012207

0.00348482 0.00012207
0.00349121 0.000129662

0.00349121 0.000129334
0.00350539 0.000146484

0.00350573 0.000146484
0.00351563 0.000159342

0.00351563 0.000159913
0.0035424 0.000195313

0.00354281 0.000195313
0.00356445 0.000227633

0.00356445 0.000229597
0.003574 0.000244141

0.00357495 0.000244141
0.00360389 0.000292969

0.00360471 0.000292969
0.00361328 0.000310184

0.00361328 0.000311828
0.00362897 0.000341797

0.00362921 0.000341797
0.00365188 0.000390625

0.00365254 0.000390625
0.00369006 0.000488281

0.00368988 0.000488281
0.00371094 0.000562566

0.00371094 0.000564389
0.00371705 0.000585938

0.00371723 0.000585937
0.0037361 0.000683594

0.00373573 0.000683594
0.00374692 0.00078125

0.0037489 0.00078125
0.00374951 0.000976562

0.0037492 0.000976562
0.00372122 0.00117188

0.00371094 0.00120915
0.00366552 0.00136719

0.00366557 0.00136719
0.00358034 0.0015625

0.00371094 0.00120456
0.00371908 0.00117187

0.00332031 0.00194429
0.00331294 0.00195312

0.00351563 0.00167524
0.00346367 0.00175781

0.00341797 0.00182188
0.00339403 0.00185547

0.00332031 0.00194674
0.00339415 0.00185547

0.0034629 0.00175781
0.00342892 0.00180664

0.00341797 0.0018203
0.0034276 0.00180664

0.00322266 0.00205388
0.00312531 0.00214844

0.0033152 0.00195313
0.00322577 0.00205078

0.00322266 0.00205505
0.00322681 0.00205078

0.00357827 0.0015625
0.00352453 0.00166016

0.00351563 0.00167281
0.00352332 0.00166016

