7.13918e-05 0
7.32422e-05 5.38996e-06

7.32422e-05 1.37309e-06
9.60258e-05 2.44141e-05

9.76563e-05 1.41365e-05
0.00012207 1.4479e-05

0.00012207 1.36628e-05
0.000146484 1.41888e-05

0.000146484 1.45469e-05
0.000170898 1.48856e-05

0.000170898 1.43716e-05
0.000195313 1.40123e-05

0.000195313 1.43927e-05
0.000219727 1.44754e-05

0.000219727 1.40672e-05
0.000244141 1.44462e-05

0.000244141 1.47739e-05
0.000268555 1.46911e-05

0.000268555 1.4645e-05
0.000292969 1.37374e-05

0.000292969 1.3925e-05
0.000317383 1.41238e-05

0.000317383 1.42203e-05
0.000341797 1.44694e-05

0.000341797 1.45643e-05
0.000366211 1.38717e-05

0.000366211 1.41007e-05
0.000390625 1.35189e-05

0.000390625 1.38416e-05
0.000415039 1.37108e-05

0.000415039 1.37752e-05
0.000439453 1.36477e-05

0.000439453 1.36703e-05
0.000463867 1.36909e-05

0.000463867 1.38181e-05
0.000488281 1.36357e-05

0.000488281 1.37961e-05
0.000512695 1.32927e-05

0.000512695 1.34209e-05
0.000537109 1.32881e-05

0.000537109 1.34042e-05
0.000561523 1.349e-05

0.000561523 1.34506e-05
0.000585937 1.33841e-05

0.000585938 1.35612e-05
0.000610352 1.32355e-05

0.000610352 1.33576e-05
0.000634766 1.30023e-05

0.000634766 1.30613e-05
0.00065918 1.32223e-05

0.00065918 1.3207e-05
0.000683594 1.33848e-05

0.000683594 1.32857e-05
0.000708008 1.32552e-05

0.000708008 1.33108e-05
0.000732422 1.32368e-05

0.000732422 1.31849e-05
0.000756836 1.32488e-05

0.000756836 1.312e-05
0.00078125 1.35202e-05

0.00078125 1.34236e-05
0.000805664 1.35934e-05

0.000805664 1.3474e-05
0.000830078 1.34156e-05

0.000830078 1.33859e-05
0.000854492 1.35452e-05

0.000854492 1.34783e-05
0.000878906 1.36459e-05

0.000878906 1.34984e-05
0.00090332 1.36807e-05

0.00090332 1.35796e-05
0.000927734 1.38157e-05

0.000927734 1.36306e-05
0.000952148 1.39015e-05

0.000952148 1.37938e-05
0.000976562 1.40094e-05

0.000976562 1.37801e-05
0.00100098 1.40787e-05

0.00100098 1.39955e-05
0.00102539 1.42634e-05

0.00102539 1.39706e-05
0.0010498 1.43003e-05

0.0010498 1.42191e-05
0.00107422 1.4551e-05

0.00107422 1.42743e-05
0.00109863 1.4516e-05

0.00109863 1.42933e-05
0.00112305 1.4858e-05

0.00112305 1.45945e-05
0.00114746 1.50961e-05

0.00114746 1.4754e-05
0.00117187 1.52089e-05

0.00117188 1.49382e-05
0.00119629 1.54981e-05

0.00119629 1.55017e-05
0.0012207 1.53918e-05

0.0012207 1.50489e-05
0.00124512 1.52036e-05

0.00124512 1.54726e-05
0.00126953 1.56798e-05

0.00126953 1.51576e-05
0.00129395 1.54432e-05

0.00129395 1.59146e-05
0.00131836 1.57213e-05

0.00131836 1.5115e-05
0.00134277 1.51582e-05

0.00134277 1.66671e-05
0.00136719 1.50418e-05

0.0013916 6.7162e-07
0.00136975 2.44141e-05

0.0013916 3.56209e-06
0.0013928 0

0.00146289 0
0.00146484 5.77054e-06

0.00146484 4.24918e-06
0.00148419 2.44141e-05

0.00148518 2.44141e-05
0.00148926 2.58843e-05

0.00148926 1.75848e-05
0.00151367 1.81041e-05

0.00151367 1.72835e-05
0.00153809 1.66287e-05

0.0015625 5.90597e-06
0.0015434 2.44141e-05

0.00153809 2.60745e-05
0.00154297 2.44141e-05

0 0.00312205
0.000390625 0.00311103

0.000390625 0.00311132
0.00078125 0.0030777

0.00078125 0.00307834
0.00117187 0.00302027

0.00117188 0.00302132
0.0015625 0.00293542

0.0015625 7.14174e-06
0.00156504 0

0.00165633 0
0.00166016 9.32973e-06

0.00166016 1.03842e-05
0.00167533 2.44141e-05

0.00167458 2.44141e-05
0.00168457 2.80698e-05

0.00168457 1.83908e-05
0.00170898 1.8752e-05

0.00169648 2.44141e-05
0.00170898 2.45109e-05

0.0017334 1.127e-05
0.00171849 2.44141e-05

0.00170898 2.80985e-05
0.00171935 2.44141e-05

0.0017334 1.19038e-05
0.00173848 0

0.00179896 0
0.00180664 1.55764e-05

0.00180664 8.33642e-06
0.00183105 1.21291e-05

0.00183105 6.52826e-06
0.00185547 1.14043e-06

0.00185547 2.32866e-07
0.00187988 1.63771e-05

0.00187988 9.26277e-06
0.0019043 1.21353e-05

0.0019043 9.51535e-06
0.00192871 1.01977e-05

0.00192871 9.91305e-06
0.00195312 1.22582e-05

0.00195312 9.54837e-06
0.00197754 1.29356e-05

0.00197754 1.35762e-05
0.00200195 1.29256e-05

0.00200195 1.52483e-05
0.00202637 6.37303e-06

0.00202637 6.86327e-06
0.00205078 9.23625e-06

0.00205078 9.64078e-06
0.0020752 1.45066e-05

0.0020752 9.93232e-06
0.00209961 1.18954e-05

0.00209961 1.33817e-05
0.00212402 1.32981e-05

0.00212402 1.30535e-05
0.00214844 8.6636e-06

0.00214844 8.25862e-06
0.00217285 1.29478e-05

0.00217285 1.37435e-05
0.00219727 1.38456e-05

0.00219727 1.32223e-05
0.00222168 8.12038e-06

0.00222168 7.99345e-06
0.00224609 1.32225e-05

0.00224609 1.39149e-05
0.00227051 1.3972e-05

0.00227051 1.38193e-05
0.00229492 7.4733e-06

0.00229492 8.19515e-06
0.00231934 1.1849e-05

0.00231934 1.06294e-05
0.00234375 1.50041e-05

0.00234375 1.50405e-05
0.00236816 1.08069e-05

0.00236816 1.24943e-05
0.00239258 7.51298e-06

0.00239258 7.52085e-06
0.00241699 1.24865e-05

0.00241699 1.07329e-05
0.00244141 1.50948e-05

0.00244141 1.50896e-05
0.00246582 1.07227e-05

0.00246582 1.24609e-05
0.00249023 7.55537e-06

0.00249023 7.55605e-06
0.00251465 1.25027e-05

0.00251465 1.07565e-05
0.00253906 1.5065e-05

0.00253906 1.50587e-05
0.00256348 1.07352e-05

0.00256348 1.24319e-05
0.00258789 7.63561e-06

0.00258789 7.62648e-06
0.0026123 1.25301e-05

0.0026123 1.08837e-05
0.00263672 1.49563e-05

0.00263672 1.48961e-05
0.00266113 1.06769e-05

0.00266113 1.18957e-05
0.00268555 8.34361e-06

0.00268555 7.56376e-06
0.00270996 1.37712e-05

0.00270996 1.38831e-05
0.00273438 1.40557e-05

0.00273437 1.38102e-05
0.00275879 7.75745e-06

0.00275879 8.52248e-06
0.0027832 1.18585e-05

0.0027832 1.08207e-05
0.00280762 1.47507e-05

0.00280762 1.47567e-05
0.00283203 1.08353e-05

0.00283203 1.18816e-05
0.00285645 8.48966e-06

0.00285645 7.78015e-06
0.00288086 1.37431e-05

0.00288086 1.39214e-05
0.00290527 1.3876e-05

0.00290527 1.3362e-05
0.00292969 8.10002e-06

0.00292969 8.86125e-06
0.0029541 1.23326e-05

0.0029541 1.16431e-05
0.00297852 1.40635e-05

0.00297852 1.20393e-05
0.00300293 1.23603e-05

0.00300293 1.23636e-05
0.00302734 1.37842e-05

0.00302734 1.27201e-05
0.00305176 1.36791e-05

0.00305176 1.31256e-05
0.00307617 1.44165e-05

0.00307617 1.35874e-05
0.00310059 1.47473e-05

0.00310059 1.4117e-05
0.003125 1.52234e-05

0.00175781 0.00287943
0.00157673 0.00292969

0.0015625 0.00293377
0.0015772 0.00292969

0.00175781 0.00287994
0.00195312 0.002817

0.00234375 0.0026592
0.00217173 0.00273438

0.00195312 0.00281734
0.00214844 0.00274399

0.00214844 0.00274362
0.00216959 0.00273438

0.00292969 0.00231137
0.00288486 0.00234375

0.00302734 0.00223399
0.00301217 0.00224609

0.00297852 0.00227146
0.00294859 0.00229492

0.00292969 0.0023102
0.0029494 0.00229492

0.00300293 0.00225249
0.00298012 0.00227051

0.00297852 0.00227211
0.00298051 0.00227051

0.00300293 0.00224844
0.00300596 0.00224609

0.00307617 0.00218849
0.00306614 0.00219727

0.00302734 0.00223325
0.00306979 0.00219727

0.00307617 0.00219128
0.00312427 0.00214844

0.00244141 0.00261145
0.00238955 0.00263672

0.00234375 0.00265747
0.00238634 0.00263672

0.00244141 0.00261095
0.00253906 0.00255981

0.00273438 0.00244676
0.00257822 0.00253906

0.00253906 0.00255915
0.00257361 0.00253906

0.00283203 0.00238021
0.00274026 0.00244141

0.00273438 0.00244459
0.00273933 0.00244141

0.00283203 0.00237938
0.00288166 0.00234375

0.003125 1.46e-05
0.00314941 1.5504e-05

0.00314941 1.49996e-05
0.00317383 1.58264e-05

0.00317383 1.5336e-05
0.00319824 1.61592e-05

0.00319824 1.56025e-05
0.00322266 1.66403e-05

0.00322266 1.60833e-05
0.00324707 1.72443e-05

0.00324707 1.67827e-05
0.00327148 1.75722e-05

0.00327148 1.6715e-05
0.0032959 1.80876e-05

0.0032959 1.79964e-05
0.00332031 1.90002e-05

0.00332031 1.80256e-05
0.00334473 1.87726e-05

0.00334473 1.92122e-05
0.00336914 1.92784e-05

0.00336914 1.24674e-05
0.00339355 2.44141e-05

0.00339118 2.44141e-05
0.00339355 2.53679e-05

0.00339355 2.71661e-05
0.00341797 4.87848e-05

0.00341769 4.88281e-05
0.00341797 4.91019e-05

0.00341797 4.94332e-05
0.00344159 7.32422e-05

0.00344169 7.32422e-05
0.00344238 7.39681e-05

0.00344238 7.41778e-05
0.00346416 9.76563e-05

0.00346466 9.76563e-05
0.0034668 0.000100063

0.0034668 0.000100516
0.00350584 0.000146484

0.0035059 0.000146484
0.00351563 0.000159203

0.00351563 0.000159754
0.00354238 0.000195313

0.00354279 0.000195313
0.00356445 0.000227768

0.00356445 0.00022972
0.00357389 0.000244141

0.00357483 0.000244141
0.00360371 0.000292969

0.00360452 0.000292969
0.00361328 0.000310589

0.00361328 0.000312184
0.00362877 0.000341797

0.00362901 0.000341797
0.00365168 0.000390625

0.00365235 0.000390625
0.00368989 0.000488281

0.00368971 0.000488281
0.00371094 0.000563049

0.00371094 0.000564939
0.0037169 0.000585938

0.00371711 0.000585937
0.00373601 0.000683594

0.00373564 0.000683594
0.00374687 0.00078125

0.00374885 0.00078125
0.00374951 0.000976562

0.0037492 0.000976562
0.00372123 0.00117188

0.00371094 0.00120919
0.00366554 0.00136719

0.00366559 0.00136719
0.00358035 0.0015625

0.00371094 0.00120461
0.00371909 0.00117187

0.00332031 0.00194429
0.00331294 0.00195312

0.00351563 0.00167527
0.00346368 0.00175781

0.00341797 0.0018219
0.00339405 0.00185547

0.00332031 0.00194675
0.00339416 0.00185547

0.00346291 0.00175781
0.00342894 0.00180664

0.00341797 0.00182031
0.0034276 0.00180664

0.00322266 0.00205389
0.00312532 0.00214844

0.00331521 0.00195313
0.00322578 0.00205078

0.00322266 0.00205506
0.00322682 0.00205078

0.00357829 0.0015625
0.00352455 0.00166016

0.00351563 0.00167283
0.00352333 0.00166016

