7.1661e-05 0
7.32422e-05 4.64336e-06

7.32422e-05 6.94209e-07
9.59204e-05 2.44141e-05

9.65384e-05 2.44141e-05
9.76563e-05 2.48037e-05

9.76563e-05 1.4307e-05
0.00012207 1.49774e-05

0.000119385 2.44141e-05
0.00012207 2.44422e-05

0.00012207 1.39392e-05
0.000146484 1.38974e-05

0.000146484 1.44465e-05
0.000170898 1.47738e-05

0.000170898 1.41847e-05
0.000195313 1.41642e-05

0.000195313 1.46498e-05
0.000219727 1.45383e-05

0.000219727 1.41675e-05
0.000244141 1.40065e-05

0.000244141 1.42985e-05
0.000268555 1.46379e-05

0.000268555 1.45105e-05
0.000292969 1.41953e-05

0.000292969 1.43265e-05
0.000317383 1.41159e-05

0.000317383 1.43095e-05
0.000341797 1.40686e-05

0.000341797 1.42174e-05
0.000366211 1.38525e-05

0.000366211 1.40271e-05
0.000390625 1.37913e-05

0.000390625 1.39528e-05
0.000415039 1.37583e-05

0.000415039 1.38613e-05
0.000439453 1.3663e-05

0.000439453 1.38267e-05
0.000463867 1.35862e-05

0.000463867 1.36589e-05
0.000488281 1.35057e-05

0.000488281 1.36936e-05
0.000512695 1.34915e-05

0.000512695 1.34709e-05
0.000537109 1.33947e-05

0.000537109 1.36268e-05
0.000561523 1.34459e-05

0.000561523 1.3511e-05
0.000585937 1.30886e-05

0.000585938 1.31747e-05
0.000610352 1.32825e-05

0.000610352 1.33292e-05
0.000634766 1.34269e-05

0.000634766 1.34587e-05
0.00065918 1.31407e-05

0.00065918 1.32632e-05
0.000683594 1.30316e-05

0.000683594 1.2995e-05
0.000708008 1.3271e-05

0.000708008 1.31596e-05
0.000732422 1.35329e-05

0.000732422 1.34749e-05
0.000756836 1.33337e-05

0.000756836 1.32968e-05
0.00078125 1.31899e-05

0.00078125 1.31025e-05
0.000805664 1.35507e-05

0.000805664 1.34858e-05
0.000830078 1.36553e-05

0.000830078 1.34789e-05
0.000854492 1.34238e-05

0.000854492 1.34032e-05
0.000878906 1.36566e-05

0.000878906 1.3542e-05
0.00090332 1.37355e-05

0.00090332 1.35788e-05
0.000927734 1.37688e-05

0.000927734 1.36865e-05
0.000952148 1.38751e-05

0.000952148 1.3694e-05
0.000976562 1.3937e-05

0.000976562 1.37902e-05
0.00100098 1.41387e-05

0.00100098 1.38903e-05
0.00102539 1.42719e-05

0.00102539 1.39971e-05
0.0010498 1.45195e-05

0.0010498 1.44351e-05
0.00107422 1.45416e-05

0.00107422 1.43796e-05
0.00109863 1.43044e-05

0.00109863 1.39617e-05
0.00112305 1.48966e-05

0.00112305 1.45716e-05
0.00114746 1.56004e-05

0.00114746 1.54809e-05
0.00117187 1.50593e-05

0.00117188 1.48741e-05
0.00119629 1.4603e-05

0.00119629 1.43465e-05
0.0012207 1.5751e-05

0.0012207 1.53033e-05
0.00124512 1.65034e-05

0.00124512 1.65961e-05
0.00126953 1.55637e-05

0.00126953 1.53328e-05
0.00129395 1.46956e-05

0.00129395 1.55724e-05
0.00131836 1.55146e-05

0.00131836 1.44927e-05
0.00134277 1.54394e-05

0.00134277 1.73515e-05
0.00136719 1.53336e-05

0.00139123 0
0.00136972 2.44141e-05

0.0013916 3.43174e-06
0.00139276 0

0.00146279 0
0.00146484 5.92971e-06

0.00146484 5.13292e-06
0.0014841 2.44141e-05

0.00148411 2.44141e-05
0.00148926 2.6196e-05

0.00148926 1.68405e-05
0.00151367 1.74596e-05

0.00151252 2.44141e-05
0.00151367 2.44248e-05

0.00151367 1.75662e-05
0.00153809 1.73342e-05

0.0015625 5.26547e-06
0.0015433 2.44141e-05

0.00153809 2.59567e-05
0.0015425 2.44141e-05

0 0.00312204
0.000390625 0.00311103

0.000390625 0.00311131
0.00078125 0.0030777

0.00078125 0.00307834
0.00117187 0.00302026

0.00117188 0.00302131
0.0015625 0.00293541

0.0015625 7.31242e-06
0.00156507 0

0.00165637 0
0.00166016 9.22984e-06

0.00166016 1.03674e-05
0.00167532 2.44141e-05

0.00167457 2.44141e-05
0.00168457 2.80795e-05

0.00168457 1.84044e-05
0.00170898 1.87618e-05

0.00169669 2.44141e-05
0.00170898 2.45064e-05

0.0017334 1.12949e-05
0.00171846 2.44141e-05

0.00170898 2.80644e-05
0.00171927 2.44141e-05

0.0017334 1.21006e-05
0.00173858 0

0.00179988 0
0.00180664 1.48715e-05

0.00180664 9.86474e-06
0.00183105 1.27447e-05

0.00183105 6.96386e-06
0.00185317 0

0.00185569 0
0.00187988 1.72749e-05

0.00187988 9.23174e-06
0.0019043 1.17131e-05

0.0019043 9.37625e-06
0.00192871 1.04086e-05

0.00192871 9.92268e-06
0.00195312 1.21867e-05

0.00195312 9.50187e-06
0.00197754 1.29556e-05

0.00197754 1.35835e-05
0.00200195 1.2937e-05

0.00200195 1.5248e-05
0.00202637 6.35247e-06

0.00202637 6.84651e-06
0.00205078 9.25102e-06

0.00205078 9.66635e-06
0.0020752 1.44933e-05

0.0020752 9.91166e-06
0.00209961 1.18665e-05

0.00209961 1.33584e-05
0.00212402 1.33207e-05

0.00212402 1.30446e-05
0.00214844 8.68358e-06

0.00214844 8.28823e-06
0.00217285 1.29502e-05

0.00217285 1.37746e-05
0.00219727 1.37952e-05

0.00219727 1.31077e-05
0.00222168 8.15826e-06

0.00222168 8.05465e-06
0.00224609 1.33326e-05

0.00224609 1.40352e-05
0.00227051 1.38556e-05

0.00227051 1.37489e-05
0.00229492 7.39732e-06

0.00229492 8.13826e-06
0.00231934 1.19262e-05

0.00231934 1.06399e-05
0.00234375 1.50015e-05

0.00234375 1.50446e-05
0.00236816 1.08082e-05

0.00236816 1.24981e-05
0.00239258 7.51209e-06

0.00239258 7.5219e-06
0.00241699 1.24847e-05

0.00241699 1.07322e-05
0.00244141 1.5095e-05

0.00244141 1.5091e-05
0.00246582 1.07218e-05

0.00246582 1.24608e-05
0.00249023 7.55206e-06

0.00249023 7.55289e-06
0.00251465 1.25032e-05

0.00251465 1.07553e-05
0.00253906 1.50666e-05

0.00253906 1.50608e-05
0.00256348 1.07341e-05

0.00256348 1.24333e-05
0.00258789 7.6304e-06

0.00258789 7.62249e-06
0.0026123 1.25282e-05

0.0026123 1.0881e-05
0.00263672 1.49564e-05

0.00263672 1.48966e-05
0.00266113 1.06735e-05

0.00266113 1.18922e-05
0.00268555 8.34016e-06

0.00268555 7.55951e-06
0.00270996 1.37735e-05

0.00270996 1.38821e-05
0.00273438 1.4057e-05

0.00273437 1.38073e-05
0.00275879 7.76154e-06

0.00275879 8.52392e-06
0.0027832 1.18652e-05

0.0027832 1.08371e-05
0.00280762 1.47429e-05

0.00280762 1.47328e-05
0.00283203 1.08353e-05

0.00283203 1.18663e-05
0.00285645 8.54508e-06

0.00285645 7.82883e-06
0.00288086 1.37502e-05

0.00288086 1.39102e-05
0.00290527 1.38879e-05

0.00290527 1.35385e-05
0.00292969 8.01045e-06

0.00292969 8.79993e-06
0.0029541 1.2072e-05

0.0029541 1.14272e-05
0.00297852 1.40892e-05

0.00297852 1.1906e-05
0.00300293 1.2465e-05

0.00300293 1.23499e-05
0.00302734 1.39339e-05

0.00302734 1.28168e-05
0.00305176 1.37937e-05

0.00305176 1.32631e-05
0.00307617 1.44508e-05

0.00307617 1.36962e-05
0.00310059 1.47052e-05

0.00310059 1.4132e-05
0.003125 1.51495e-05

0.00175781 0.00287942
0.00157671 0.00292969

0.0015625 0.00293376
0.00157717 0.00292969

0.00175781 0.00287993
0.00195312 0.00281699

0.00234375 0.00265919
0.00217171 0.00273438

0.00195312 0.00281733
0.00214844 0.00274398

0.00214844 0.00274361
0.00216957 0.00273438

0.00292969 0.00231138
0.00288487 0.00234375

0.00302734 0.00223401
0.00301219 0.00224609

0.00297852 0.00227146
0.0029486 0.00229492

0.00292969 0.00231021
0.00294941 0.00229492

0.00300293 0.0022525
0.00298012 0.00227051

0.00297852 0.00227212
0.00298053 0.00227051

0.00300293 0.00224842
0.00300594 0.00224609

0.00307617 0.00218849
0.00306614 0.00219727

0.00302734 0.00223326
0.0030698 0.00219727

0.00307617 0.00219128
0.00312428 0.00214844

0.00244141 0.00261145
0.00238953 0.00263672

0.00234375 0.00265746
0.00238633 0.00263672

0.00244141 0.00261095
0.00253906 0.00255981

0.00273438 0.00244676
0.00257822 0.00253906

0.00253906 0.00255915
0.0025736 0.00253906

0.00283203 0.00238021
0.00274026 0.00244141

0.00273438 0.00244459
0.00273933 0.00244141

0.00283203 0.00237938
0.00288166 0.00234375

0.003125 1.45257e-05
0.00314941 1.55011e-05

0.00314941 1.49308e-05
0.00317383 1.59517e-05

0.00317383 1.54075e-05
0.00319824 1.63413e-05

0.00319824 1.58709e-05
0.00322266 1.66292e-05

0.00322266 1.61618e-05
0.00324707 1.69313e-05

0.00324707 1.66261e-05
0.00327148 1.7267e-05

0.00327148 1.62518e-05
0.0032959 1.8024e-05

0.0032959 1.82145e-05
0.00332031 1.90591e-05

0.00332031 1.75115e-05
0.00334473 1.84337e-05

0.00334473 1.93172e-05
0.00336914 1.98008e-05

0.00336914 1.24514e-05
0.00339355 2.43743e-05

0.00339034 2.44141e-05
0.00339355 2.5734e-05

0.00339355 2.36955e-05
0.00339421 2.44141e-05

0.00339355 2.77654e-05
0.00341734 4.88281e-05

0.00341749 4.88281e-05
0.00341797 4.92854e-05

0.00341797 4.96465e-05
0.00344176 7.32422e-05

0.00344176 7.32422e-05
0.00344238 7.38876e-05

0.00344238 7.40417e-05
0.00346443 9.76563e-05

0.00346495 9.76563e-05
0.0034668 9.97341e-05

0.0034668 0.000100499
0.00348567 0.00012207

0.00348544 0.00012207
0.00349121 0.000128969

0.00349121 0.000128625
0.00350589 0.000146484

0.00350617 0.000146484
0.00351563 0.000158851

0.00351563 0.000159377
0.00354264 0.000195313

0.00354303 0.000195313
0.00356445 0.000227468

0.00356445 0.0002294
0.00357409 0.000244141

0.00357502 0.000244141
0.00360385 0.000292969

0.00360465 0.000292969
0.00361328 0.000310344

0.00361328 0.000311933
0.00362888 0.000341797

0.00362911 0.000341797
0.00365174 0.000390625

0.0036524 0.000390625
0.00368988 0.000488281

0.0036897 0.000488281
0.00371094 0.000563192

0.00371094 0.000565031
0.00371686 0.000585938

0.00371706 0.000585937
0.00373594 0.000683594

0.00373557 0.000683594
0.0037468 0.00078125

0.00374878 0.00078125
0.00374944 0.000976562

0.00374913 0.000976562
0.00372119 0.00117188

0.00371094 0.00120909
0.00366553 0.00136719

0.00366557 0.00136719
0.00358035 0.0015625

0.00371094 0.00120448
0.00371905 0.00117187

0.00332031 0.00194428
0.00331294 0.00195312

0.00351563 0.00167528
0.00346369 0.00175781

0.00341797 0.00182193
0.00339407 0.00185547

0.00332031 0.00194677
0.00339417 0.00185547

0.00346292 0.00175781
0.00342895 0.00180664

0.00341797 0.00182029
0.0034276 0.00180664

0.00322266 0.0020539
0.00312533 0.00214844

0.00331523 0.00195313
0.00322579 0.00205078

0.00322266 0.00205508
0.00322684 0.00205078

0.00357829 0.0015625
0.00352455 0.00166016

0.00351563 0.00167283
0.00352334 0.00166016

