7.17071e-05 0
7.32422e-05 4.51089e-06

7.32422e-05 9.61368e-07
9.58629e-05 2.44141e-05

9.76563e-05 1.43532e-05
0.00012207 1.48512e-05

0.00012207 1.39976e-05
0.000146484 1.38714e-05

0.000146484 1.4466e-05
0.000170898 1.4542e-05

0.000170898 1.38591e-05
0.000195313 1.4128e-05

0.000195313 1.43336e-05
0.000219727 1.50946e-05

0.000219727 1.4896e-05
0.000244141 1.42967e-05

0.000244141 1.4477e-05
0.000268555 1.39998e-05

0.000268555 1.40442e-05
0.000292969 1.4402e-05

0.000292969 1.44408e-05
0.000317383 1.45949e-05

0.000317383 1.48015e-05
0.000341797 1.38871e-05

0.000341797 1.41927e-05
0.000366211 1.34194e-05

0.000366211 1.36106e-05
0.000390625 1.39016e-05

0.000390625 1.39061e-05
0.000415039 1.41458e-05

0.000415039 1.42558e-05
0.000439453 1.36212e-05

0.000439453 1.38544e-05
0.000463867 1.32367e-05

0.000463867 1.33846e-05
0.000488281 1.35729e-05

0.000488281 1.35968e-05
0.000512695 1.37729e-05

0.000512695 1.38639e-05
0.000537109 1.33556e-05

0.000537109 1.35471e-05
0.000561523 1.307e-05

0.000561523 1.31844e-05
0.000585937 1.33383e-05

0.000585938 1.33663e-05
0.000610352 1.34746e-05

0.000610352 1.35605e-05
0.000634766 1.31202e-05

0.000634766 1.32485e-05
0.00065918 1.29529e-05

0.00065918 1.29694e-05
0.000683594 1.32862e-05

0.000683594 1.3169e-05
0.000708008 1.34882e-05

0.000708008 1.34342e-05
0.000732422 1.32845e-05

0.000732422 1.32705e-05
0.000756836 1.31688e-05

0.000756836 1.30786e-05
0.00078125 1.34926e-05

0.00078125 1.34361e-05
0.000805664 1.36059e-05

0.000805664 1.34207e-05
0.000830078 1.33996e-05

0.000830078 1.33996e-05
0.000854492 1.36115e-05

0.000854492 1.34824e-05
0.000878906 1.36503e-05

0.000878906 1.35516e-05
0.00090332 1.37082e-05

0.00090332 1.35583e-05
0.000927734 1.38077e-05

0.000927734 1.37255e-05
0.000952148 1.39075e-05

0.000952148 1.36978e-05
0.000976562 1.39421e-05

0.000976562 1.37988e-05
0.00100098 1.42042e-05

0.00100098 1.40108e-05
0.00102539 1.42486e-05

0.00102539 1.40679e-05
0.0010498 1.43016e-05

0.0010498 1.4067e-05
0.00107422 1.45549e-05

0.00107422 1.44391e-05
0.00109863 1.46948e-05

0.00109863 1.44462e-05
0.00112305 1.45804e-05

0.00112305 1.41111e-05
0.00114746 1.52362e-05

0.00114746 1.53217e-05
0.00117187 1.55262e-05

0.00117188 1.51477e-05
0.00119629 1.45366e-05

0.00119629 1.42181e-05
0.0012207 1.56281e-05

0.0012207 1.52873e-05
0.00124512 1.67341e-05

0.00124512 1.68183e-05
0.00126953 1.55213e-05

0.00126953 1.53156e-05
0.00129395 1.44659e-05

0.00129395 1.53481e-05
0.00131836 1.55667e-05

0.00131836 1.46248e-05
0.00134277 1.552e-05

0.00134277 1.71718e-05
0.00136719 1.52541e-05

0.0013916 0
0.00136973 2.44141e-05

0.0013916 4.00514e-06
0.00139296 0

0.00146275 0
0.00146484 6.0731e-06

0.00146484 4.96605e-06
0.00148419 2.44141e-05

0.00148475 2.44141e-05
0.00148926 2.59784e-05

0.00148926 1.69735e-05
0.00151367 1.74656e-05

0.00151367 1.73049e-05
0.00153809 1.7126e-05

0.0015625 5.55342e-06
0.00154332 2.44141e-05

0.00153809 2.59644e-05
0.00154259 2.44141e-05

0 0.00312203
0.000390625 0.00311101

0.000390625 0.0031113
0.00078125 0.00307768

0.00078125 0.00307832
0.00117187 0.00302025

0.00117188 0.0030213
0.0015625 0.0029354

0.0015625 7.35915e-06
0.0015651 0

0.00165633 0
0.00166016 9.31215e-06

0.00166016 1.03844e-05
0.00167529 2.44141e-05

0.00167455 2.44141e-05
0.00168457 2.80933e-05

0.00168457 1.8454e-05
0.00170898 1.88221e-05

0.00169653 2.44141e-05
0.00170898 2.45127e-05

0.0017334 1.1291e-05
0.00171852 2.44141e-05

0.00170898 2.81265e-05
0.0017194 2.44141e-05

0.0017334 1.19887e-05
0.00173853 0

0.00179927 0
0.00180664 1.52574e-05

0.00180664 7.87871e-06
0.00183105 1.26412e-05

0.00183105 6.85221e-06
0.00185547 1.2472e-06

0.00185547 3.92271e-07
0.00187988 1.60587e-05

0.00187988 9.21904e-06
0.0019043 1.22407e-05

0.0019043 9.54125e-06
0.00192871 1.01724e-05

0.00192871 9.91277e-06
0.00195312 1.22628e-05

0.00195312 9.55493e-06
0.00197754 1.29359e-05

0.00197754 1.35721e-05
0.00200195 1.29267e-05

0.00200195 1.52511e-05
0.00202637 6.38392e-06

0.00202637 6.85896e-06
0.00205078 9.24366e-06

0.00205078 9.69723e-06
0.0020752 1.44779e-05

0.0020752 9.88796e-06
0.00209961 1.18399e-05

0.00209961 1.33303e-05
0.00212402 1.33585e-05

0.00212402 1.30632e-05
0.00214844 8.7019e-06

0.00214844 8.3019e-06
0.00217285 1.29406e-05

0.00217285 1.37812e-05
0.00219727 1.37999e-05

0.00219727 1.31641e-05
0.00222168 8.10339e-06

0.00222168 7.98918e-06
0.00224609 1.32778e-05

0.00224609 1.39445e-05
0.00227051 1.39436e-05

0.00227051 1.37993e-05
0.00229492 7.46646e-06

0.00229492 8.19475e-06
0.00231934 1.18697e-05

0.00231934 1.06368e-05
0.00234375 1.49956e-05

0.00234375 1.50351e-05
0.00236816 1.08127e-05

0.00236816 1.24995e-05
0.00239258 7.52078e-06

0.00239258 7.52843e-06
0.00241699 1.24803e-05

0.00241699 1.07316e-05
0.00244141 1.50939e-05

0.00244141 1.50904e-05
0.00246582 1.07239e-05

0.00246582 1.24648e-05
0.00249023 7.5499e-06

0.00249023 7.55027e-06
0.00251465 1.25001e-05

0.00251465 1.07527e-05
0.00253906 1.50699e-05

0.00253906 1.50645e-05
0.00256348 1.07326e-05

0.00256348 1.24352e-05
0.00258789 7.62223e-06

0.00258789 7.61426e-06
0.0026123 1.2528e-05

0.0026123 1.08763e-05
0.00263672 1.49629e-05

0.00263672 1.49044e-05
0.00266113 1.06723e-05

0.00266113 1.1894e-05
0.00268555 8.3279e-06

0.00268555 7.54498e-06
0.00270996 1.37789e-05

0.00270996 1.38949e-05
0.00273438 1.40572e-05

0.00273437 1.38212e-05
0.00275879 7.72157e-06

0.00275879 8.48331e-06
0.0027832 1.18587e-05

0.0027832 1.08129e-05
0.00280762 1.47769e-05

0.00280762 1.47791e-05
0.00283203 1.08192e-05

0.00283203 1.18953e-05
0.00285645 8.4433e-06

0.00285645 7.71177e-06
0.00288086 1.37513e-05

0.00288086 1.39324e-05
0.00290527 1.39198e-05

0.00290527 1.35289e-05
0.00292969 7.91721e-06

0.00292969 8.61864e-06
0.0029541 1.22168e-05

0.0029541 1.15288e-05
0.00297852 1.42863e-05

0.00297852 1.20616e-05
0.00300293 1.24239e-05

0.00300293 1.24407e-05
0.00302734 1.38745e-05

0.00302734 1.27978e-05
0.00305176 1.37164e-05

0.00305176 1.3217e-05
0.00307617 1.44401e-05

0.00307617 1.36615e-05
0.00310059 1.46928e-05

0.00310059 1.40674e-05
0.003125 1.51896e-05

0.00175781 0.00287942
0.00157668 0.00292969

0.0015625 0.00293376
0.00157716 0.00292969

0.00175781 0.00287993
0.00195312 0.002817

0.00234375 0.00265922
0.00217175 0.00273438

0.00195312 0.00281734
0.00214844 0.002744

0.00214844 0.00274363
0.00216961 0.00273438

0.00292969 0.00231148
0.002885 0.00234375

0.00302734 0.00223415
0.00301237 0.00224609

0.00297852 0.00227155
0.0029487 0.00229492

0.00292969 0.00231029
0.00294951 0.00229492

0.00300293 0.00225259
0.00298023 0.00227051

0.00297852 0.00227223
0.00298067 0.00227051

0.00300293 0.00224844
0.00300597 0.00224609

0.00307617 0.00218851
0.00306617 0.00219727

0.00302734 0.00223336
0.00306993 0.00219727

0.00307617 0.00219138
0.0031244 0.00214844

0.00244141 0.00261148
0.0023896 0.00263672

0.00234375 0.00265749
0.00238639 0.00263672

0.00244141 0.00261098
0.00253906 0.00255985

0.00273438 0.00244682
0.00257829 0.00253906

0.00253906 0.00255919
0.00257368 0.00253906

0.00283203 0.00238028
0.00274035 0.00244141

0.00273438 0.00244465
0.00273942 0.00244141

0.00283203 0.00237944
0.00288174 0.00234375

0.003125 1.45178e-05
0.00314941 1.56294e-05

0.00314941 1.51972e-05
0.00317383 1.58908e-05

0.00317383 1.51341e-05
0.00319824 1.61839e-05

0.00319824 1.62562e-05
0.00322266 1.66467e-05

0.00322266 1.58185e-05
0.00324707 1.61878e-05

0.00324707 1.51781e-05
0.00327148 1.83828e-05

0.00327148 1.81985e-05
0.0032959 1.98082e-05

0.0032959 1.85921e-05
0.00332031 1.81852e-05

0.00332031 1.8401e-05
0.00334473 1.87919e-05

0.00334473 1.86805e-05
0.00336914 1.88786e-05

0.00336914 1.24974e-05
0.00339234 2.44141e-05

0.00339037 2.44141e-05
0.00339355 2.5726e-05

0.00339355 2.75039e-05
0.00341784 4.88281e-05

0.0034177 4.88281e-05
0.00341797 4.90896e-05

0.00341797 4.85879e-05
0.00341822 4.88281e-05

0.00341797 4.95131e-05
0.00344167 7.32422e-05

0.00344172 7.32422e-05
0.00344238 7.39371e-05

0.00344238 7.41153e-05
0.0034643 9.76563e-05

0.00346483 9.76563e-05
0.0034668 9.987e-05

0.0034668 0.000100611
0.00348555 0.00012207

0.00348533 0.00012207
0.00349121 0.000129114

0.00349121 0.000128787
0.00350575 0.000146484

0.00350601 0.000146484
0.00351563 0.00015906

0.00351563 0.0001595
0.00354255 0.000195313

0.00354292 0.000195313
0.00356445 0.000227628

0.00356445 0.000229528
0.00357401 0.000244141

0.00357492 0.000244141
0.00360376 0.000292969

0.00360454 0.000292969
0.00361328 0.000310557

0.00361328 0.00031209
0.0036288 0.000341797

0.00362903 0.000341797
0.00365166 0.000390625

0.00365232 0.000390625
0.00368981 0.000488281

0.00368964 0.000488281
0.00371094 0.000563399

0.00371094 0.000565236
0.00371681 0.000585938

0.00371701 0.000585937
0.00373589 0.000683594

0.00373553 0.000683594
0.00374676 0.00078125

0.00374874 0.00078125
0.00374942 0.000976562

0.00374912 0.000976562
0.00372121 0.00117188

0.00371094 0.00120916
0.00366557 0.00136719

0.00366561 0.00136719
0.00358042 0.0015625

0.00371094 0.00120455
0.00371907 0.00117187

0.00332031 0.0019443
0.00331295 0.00195312

0.00351563 0.00167541
0.00346378 0.00175781

0.00341797 0.00182213
0.00339422 0.00185547

0.00332031 0.00194691
0.00339428 0.00185547

0.00346301 0.00175781
0.00342904 0.00180664

0.00341797 0.00182027
0.00342758 0.00180664

0.00322266 0.00205402
0.00312543 0.00214844

0.00331533 0.00195313
0.00322591 0.00205078

0.00322266 0.00205524
0.00322699 0.00205078

0.003125 0.00214868
0.00312526 0.00214844

0.00357835 0.0015625
0.00352463 0.00166016

0.00351563 0.00167294
0.0035234 0.00166016

