7.12132e-05 0
7.32422e-05 5.71897e-06

7.96591e-05 0
9.76563e-05 2.00415e-05

9.76563e-05 2.66343e-06
0.00012207 1.58157e-05

0.00012207 1.61813e-05
0.000146484 1.3149e-05

0.000146484 1.48333e-05
0.000170642 0

0.000170898 2.17325e-06
0.000195313 1.22034e-05

0.000195313 9.12176e-06
0.000219727 1.47763e-05

0.000219727 1.03259e-05
0.000244141 1.0455e-05

0.000244141 1.08206e-05
0.000268555 1.32352e-05

0.000268555 1.14723e-05
0.000292969 1.23657e-05

0.000292969 1.19536e-05
0.000317383 1.32851e-05

0.000317383 1.2416e-05
0.000341797 1.32394e-05

0.000341797 1.28102e-05
0.000366211 1.35858e-05

0.000366211 1.31081e-05
0.000390625 1.36615e-05

0.000390625 1.33445e-05
0.000415039 1.3861e-05

0.000415039 1.35658e-05
0.000439453 1.39703e-05

0.000439453 1.37525e-05
0.000463867 1.40609e-05

0.000463867 1.38133e-05
0.000488281 1.4191e-05

0.000488281 1.41877e-05
0.000512695 1.42044e-05

0.000512695 1.39486e-05
0.000537109 1.40813e-05

0.000537109 1.38563e-05
0.000561523 1.47407e-05

0.000561523 1.45353e-05
0.000585937 1.48787e-05

0.000585938 1.46958e-05
0.000610352 1.44477e-05

0.000610352 1.43327e-05
0.000634766 1.46859e-05

0.000634766 1.41715e-05
0.00065918 1.55355e-05

0.00065918 1.56792e-05
0.000683594 1.55681e-05

0.000683594 1.52185e-05
0.000708008 1.43039e-05

0.000708008 1.45919e-05
0.000732422 1.51565e-05

0.000732422 1.51876e-05
0.000756836 1.52557e-05

0.000756836 1.52702e-05
0.00078125 1.45902e-05

0.00078125 1.49216e-05
0.000805664 1.44122e-05

0.000805664 1.46892e-05
0.000830078 1.43535e-05

0.000830078 1.45244e-05
0.000854492 1.42766e-05

0.000854492 1.44723e-05
0.000878906 1.41803e-05

0.000878906 1.43612e-05
0.00090332 1.39834e-05

0.00090332 1.41563e-05
0.000927734 1.39112e-05

0.000927734 1.40888e-05
0.000952148 1.38795e-05

0.000952148 1.40267e-05
0.000976562 1.37214e-05

0.000976562 1.39043e-05
0.00100098 1.36013e-05

0.00100098 1.3871e-05
0.00102539 1.34217e-05

0.00102539 1.36723e-05
0.0010498 1.31652e-05

0.0010498 1.36663e-05
0.00107422 1.2882e-05

0.00107422 1.31233e-05
0.00109863 1.25829e-05

0.00109863 1.35557e-05
0.00112305 1.22272e-05

0.00112305 1.1984e-05
0.00114746 1.18876e-05

0.00114746 1.43808e-05
0.00117187 1.12717e-05

0.00117188 1.19591e-05
0.00119629 7.87916e-06

0.00119629 6.96389e-06
0.0012207 1.38878e-05

0.0012207 1.42595e-05
0.00124512 1.40753e-05

0.00124512 1.39692e-05
0.00126953 6.63587e-06

0.00126953 7.29748e-06
0.00129395 1.21291e-05

0.00129395 1.19168e-05
0.00131836 1.43429e-05

0.00131836 1.35207e-05
0.00134277 9.03629e-06

0.00134277 1.17448e-05
0.00136719 8.88205e-06

0.00136719 2.10615e-05
0.00138957 0

0.0013916 9.90665e-06
0.00139544 0

0.00146203 0
0.00146484 7.91538e-06

0.00146484 1.14443e-06
0.00148744 2.44141e-05

0.0014889 2.44141e-05
0.00148926 2.45352e-05

0.00148926 1.41742e-05
0.00151367 1.62207e-05

0.00151367 1.61162e-05
0.00153809 1.44921e-05

0.0015625 1.24409e-06
0.00154029 2.44141e-05

0.00153809 2.46726e-05
0.00153883 2.44141e-05

0 0.00157713
4.88281e-05 0.0015777

4.88281e-05 0.00157767
9.76563e-05 0.00157943

9.76563e-05 0.00157946
0.000146484 0.0015824

0.000146484 0.00158241
0.000195313 0.00158643

0.000195313 0.00158639
0.000244141 0.00159155

0.000244141 0.00159164
0.000268555 0.00159467

0.000268555 0.00159467
0.000292969 0.00159796

0.000292969 0.00159789
0.000341797 0.00160531

0.000341797 0.00160537
0.000366211 0.0016095

0.000366211 0.00160953
0.000376151 0.00161133

0.00037633 0.00161133
0.000390625 0.00161392

0.000390625 0.00161393
0.000415039 0.00161863

0.000415039 0.00161863
0.000439453 0.00162361

0.000439453 0.00162361
0.000463867 0.00162884

0.000463867 0.00162884
0.000488281 0.00163431

0.000488281 0.0016343
0.000494434 0.00163574

0.00049436 0.00163574
0.000512695 0.00164004

0.000512695 0.00164004
0.000537109 0.001646

0.000537109 0.001646
0.000561523 0.00165221

0.000561523 0.0016522
0.000585937 0.00165865

0.000585937 0.00165861
0.000591534 0.00166016

0.000591355 0.00166016
0.000610352 0.00166535

0.000610352 0.00166534
0.000634766 0.0016722

0.000634766 0.0016722
0.00065918 0.00167926

0.00065918 0.00167926
0.00067703 0.00168457

0.000676999 0.00168457
0.000683594 0.00168653

0.000683594 0.00168654
0.000708008 0.00169399

0.000708008 0.00169398
0.000732422 0.00170158

0.000732422 0.00170156
0.000755639 0.00170898

0.000755649 0.00170898
0.000756836 0.00170936

0.000756836 0.00170935
0.00078125 0.00171723

0.00078125 0.00171723
0.000805664 0.00172523

0.000805664 0.00172522
0.000830078 0.00173335

0.000830078 0.00173331
0.000830329 0.0017334

0.000830217 0.0017334
0.000854492 0.00174161

0.000854492 0.00174161
0.000878906 0.00174998

0.000878906 0.00174998
0.000901376 0.00175781

0.00090136 0.00175781
0.00090332 0.0017585

0.00090332 0.0017585
0.000927734 0.00176713

0.000927734 0.00176713
0.000952148 0.00177587

0.000952148 0.00177586
0.000969734 0.00178223

0.000969688 0.00178223
0.000976562 0.00178471

0.000976563 0.00178472
0.00102539 0.00180255

0.00102539 0.00180256
0.00103647 0.00180664

0.0010364 0.00180664
0.0010498 0.00181158

0.0010498 0.00181156
0.00107422 0.00182057

0.00107422 0.00182056
0.00109863 0.00182959

0.00109863 0.00182957
0.00110264 0.00183105

0.00110255 0.00183105
0.00112305 0.00183867

0.00112305 0.00183866
0.00114746 0.00184776

0.00114746 0.00184776
0.00116804 0.00185547

0.00116801 0.00185547
0.00117187 0.00185692

0.00117188 0.00185692
0.00119629 0.0018661

0.00119629 0.00186609
0.0012207 0.00187529

0.0012207 0.00187532
0.00126953 0.00189368

0.00126953 0.00189369
0.00129793 0.0019043

0.00129786 0.0019043
0.00131836 0.00191195

0.00131836 0.00191194
0.00134277 0.001921

0.00134277 0.001921
0.00136361 0.00192871

0.00136359 0.00192871
0.00136719 0.00193004

0.00136719 0.00193004
0.0013916 0.00193905

0.0013916 0.00193905
0.00141602 0.00194804

0.00141602 0.00194803
0.00142987 0.00195312

0.00142981 0.00195312
0.00144043 0.00195703

0.00144043 0.00195702
0.00146484 0.00196596

0.00146484 0.00196596
0.00148926 0.00197487

0.00148926 0.00197484
0.00149672 0.00197754

0.00149656 0.00197754
0.00151367 0.00198373

0.00151367 0.00198375
0.0015625 0.00200115

0.0015625 5.96834e-06
0.00156456 0

0.00165508 0
0.00166016 1.20746e-05

0.00166016 1.06279e-05
0.00167605 2.44141e-05

0.00167484 2.44141e-05
0.00168457 2.77389e-05

0.00168457 1.81104e-05
0.00170898 1.77366e-05

0.00168457 2.45129e-05
0.00169653 2.44141e-05

0.0017334 9.59496e-06
0.00171748 2.44141e-05

0.00170898 2.76615e-05
0.00171805 2.44141e-05

0.0017334 7.49905e-06
0.00173638 0

0.00180494 0
0.00180664 4.56407e-06

0.00181839 0
0.00183105 1.05547e-05

0.00184404 0
0.00185547 1.01983e-05

0.00185732 0
0.00187988 1.53174e-05

0.00187988 5.97542e-06
0.0019043 9.87061e-06

0.0019043 6.81357e-06
0.00192871 1.07132e-05

0.00192871 7.8594e-06
0.00195312 1.17403e-05

0.00195312 7.3944e-06
0.00197754 1.4287e-05

0.00197754 1.60985e-05
0.00200195 1.2078e-05

0.00200195 1.57314e-05
0.00202637 7.61045e-07

0.00202637 2.54205e-06
0.00205078 1.0473e-05

0.00205078 8.37676e-06
0.0020752 1.52822e-05

0.0020752 8.799e-06
0.00209961 1.18513e-05

0.00209961 1.39147e-05
0.00212402 1.35979e-05

0.00212402 1.34311e-05
0.00214844 6.80444e-06

0.00214844 6.27474e-06
0.00217285 1.33147e-05

0.00217285 1.44503e-05
0.00219727 1.42552e-05

0.00219727 1.34907e-05
0.00222168 5.84213e-06

0.00222168 5.78987e-06
0.00224609 1.38312e-05

0.00224609 1.44525e-05
0.00227051 1.44888e-05

0.00227051 1.4258e-05
0.00229492 5.41123e-06

0.00229492 6.41373e-06
0.00231934 1.205e-05

0.00231934 1.00222e-05
0.00234375 1.60052e-05

0.00234375 1.63055e-05
0.00236816 1.00735e-05

0.00236816 1.21809e-05
0.00239258 5.62769e-06

0.00239258 5.89207e-06
0.00241699 1.32291e-05

0.00241699 1.03706e-05
0.00244141 1.56606e-05

0.00244141 1.59248e-05
0.00246582 1.02265e-05

0.00246582 1.21088e-05
0.00249023 6.38874e-06

0.00249023 6.5782e-06
0.00251465 1.31043e-05

0.00251465 1.06347e-05
0.00253906 1.53323e-05

0.00253906 1.5522e-05
0.00256348 1.04176e-05

0.00256348 1.20499e-05
0.00258789 7.15347e-06

0.00258789 7.27074e-06
0.0026123 1.30112e-05

0.0026123 1.09977e-05
0.00263672 1.49214e-05

0.00263672 1.49895e-05
0.00266113 1.05228e-05

0.00266113 1.16277e-05
0.00268555 8.37893e-06

0.00268555 7.70685e-06
0.00270996 1.39389e-05

0.00270996 1.38506e-05
0.00273438 1.39035e-05

0.00273437 1.34625e-05
0.00275879 8.25469e-06

0.00275879 9.04595e-06
0.0027832 1.21399e-05

0.0027832 1.11928e-05
0.00280762 1.4309e-05

0.00280762 1.43831e-05
0.00283203 1.0952e-05

0.00283203 1.17914e-05
0.00285645 9.16058e-06

0.00285645 8.59773e-06
0.00288086 1.35274e-05

0.00288086 1.3499e-05
0.00290527 1.36702e-05

0.00290527 1.29691e-05
0.00292969 9.38692e-06

0.00292969 9.56995e-06
0.0029541 1.29807e-05

0.0029541 1.34005e-05
0.00297852 1.33423e-05

0.00297852 1.27697e-05
0.00300293 9.70257e-06

0.00300293 9.83196e-06
0.00302734 1.29546e-05

0.00302734 1.32497e-05
0.00305176 1.32535e-05

0.00305176 1.2699e-05
0.00307617 1.00927e-05

0.00307617 1.05669e-05
0.00310059 1.25486e-05

0.00310059 1.20972e-05
0.003125 1.32478e-05

0.0015625 0.00200108
0.00156499 0.00200195

0.00156485 0.00200195
0.00158691 0.00200969

0.00158691 0.00200969
0.00161133 0.00201817

0.00161133 0.00201816
0.00163516 0.00202637

0.00163515 0.00202637
0.00163574 0.00202657

0.00163574 0.00202657
0.00166016 0.0020349

0.00166016 0.0020349
0.00168457 0.00204315

0.00168457 0.00204315
0.00170732 0.00205078

0.0017073 0.00205078
0.00170898 0.00205134

0.00170898 0.00205135
0.0017334 0.00205946

0.0017334 0.00205946
0.00175781 0.00206748

0.00175781 0.00206752
0.00180664 0.00208325

0.00180664 0.00208325
0.00185547 0.00209851

0.00185547 0.00209844
0.00185933 0.00209961

0.00185918 0.00209961
0.00187988 0.00210592

0.00187988 0.00210592
0.0019043 0.00211325

0.0019043 0.00211325
0.00192871 0.00212047

0.00192871 0.00212046
0.00194093 0.00212402

0.00194086 0.00212402
0.00195312 0.0021276

0.00195312 0.00212759
0.00197754 0.0021346

0.00197754 0.0021346
0.00200195 0.0021415

0.00200195 0.0021415
0.00202637 0.0021483

0.00202637 0.00214827
0.00202698 0.00214844

0.00202683 0.00214844
0.00205078 0.00215502

0.00205078 0.00215501
0.0020752 0.0021616

0.0020752 0.00216161
0.00209961 0.00216807

0.00209961 0.00216811
0.00214844 0.00218061

0.00214844 0.00218061
0.00219727 0.00219252

0.00219727 0.0021925
0.00221778 0.00219727

0.00221763 0.00219727
0.00222168 0.00219822

0.00222168 0.00219822
0.00224609 0.00220384

0.00224609 0.00220384
0.00227051 0.00220931

0.00227051 0.00220931
0.00229492 0.00221463

0.00229492 0.00221463
0.00231934 0.00221982

0.00231934 0.0022198
0.00232842 0.00222168

0.00232831 0.00222168
0.00234375 0.00222487

0.00234375 0.00222486
0.00236816 0.00222977

0.00236816 0.00222978
0.00239258 0.00223455

0.00239258 0.00223455
0.00241699 0.00223918

0.00241699 0.00223918
0.00244141 0.00224368

0.00244141 0.00224367
0.00245495 0.00224609

0.00245487 0.00224609
0.00246582 0.00224805

0.00246582 0.00224804
0.00249023 0.00225227

0.00249023 0.00225227
0.00251465 0.00225636

0.00251465 0.00225636
0.00253906 0.0022603

0.00253906 0.0022603
0.00256348 0.0022641

0.00256348 0.0022641
0.00258789 0.00226774

0.00258789 0.00226778
0.00263672 0.00227455

0.00263672 0.00227455
0.00268555 0.00228067

0.00268555 0.00228067
0.00273438 0.00228613

0.00273438 0.00228613
0.0027832 0.00229089

0.0027832 0.00229089
0.00283179 0.00229492

0.00283203 0.00229489
0.00283253 0.00229492

0.00283242 0.00229492
0.00285645 0.00229666

0.00285645 0.00229666
0.00288086 0.00229825

0.00288086 0.00229825
0.00290527 0.00229966

0.00290527 0.00229966
0.00292969 0.00230089

0.00292969 0.0023009
0.0029541 0.00230195

0.0029541 0.00230195
0.00297852 0.00230281

0.00297852 0.00230282
0.00300293 0.0023035

0.00300293 0.0023035
0.00302734 0.002304

0.00302734 0.002304
0.00305176 0.00230431

0.00305176 0.00230431
0.00307617 0.00230443

0.00307617 0.00230443
0.00310059 0.00230436

0.00310059 0.00230436
0.003125 0.00230409

0.003125 1.23341e-05
0.00314941 1.23283e-05

0.00314941 1.24641e-05
0.00317383 1.2873e-05

0.00317383 1.25237e-05
0.00319824 1.27e-05

0.00319824 1.26293e-05
0.00322266 1.29518e-05

0.00322266 1.27325e-05
0.00324707 1.29405e-05

0.00324707 1.28273e-05
0.00327148 1.30456e-05

0.00327148 1.29129e-05
0.0032959 1.30684e-05

0.0032959 1.2982e-05
0.00332031 1.31116e-05

0.00332031 1.30348e-05
0.00334473 1.31311e-05

0.00334473 1.30725e-05
0.00336914 1.31587e-05

0.00336914 1.31013e-05
0.00339355 1.31882e-05

0.00339355 1.31283e-05
0.00341797 1.32277e-05

0.00341797 1.31598e-05
0.00344238 1.32728e-05

0.00344238 1.31985e-05
0.0034668 1.33207e-05

0.0034668 1.32419e-05
0.00349121 1.33677e-05

0.00349121 1.3287e-05
0.00351563 1.34148e-05

0.00351563 1.33325e-05
0.00354004 1.34635e-05

0.00354004 1.33801e-05
0.00356445 1.35133e-05

0.00356445 1.34284e-05
0.00358887 1.35632e-05

0.00358887 1.34733e-05
0.00361328 1.3619e-05

0.00361328 1.35147e-05
0.0036377 1.36925e-05

0.0036377 1.35678e-05
0.00366211 1.37886e-05

0.00366211 1.36464e-05
0.00368652 1.38907e-05

0.00368652 1.37406e-05
0.00371094 1.39832e-05

0.00371094 1.38254e-05
0.00373535 1.4079e-05

0.00373535 1.3907e-05
0.00375977 1.42035e-05

0.00375977 1.40096e-05
0.00378418 1.43503e-05

0.00378418 1.4141e-05
0.00380859 1.44972e-05

0.00380859 1.42872e-05
0.00383301 1.46298e-05

0.00383301 1.44068e-05
0.00385742 1.47724e-05

0.00385742 1.448e-05
0.00388184 1.50199e-05

0.00388184 1.46481e-05
0.00390625 1.54026e-05

0.00390625 1.50163e-05
0.00393066 1.57232e-05

0.00393066 1.53726e-05
0.00395508 1.5863e-05

0.00395508 1.54633e-05
0.00397949 1.61118e-05

0.00397949 1.57716e-05
0.00400391 1.65861e-05

0.00400391 1.62778e-05
0.00402832 1.67353e-05

0.00402832 1.60676e-05
0.00405273 1.71117e-05

0.00405273 1.69995e-05
0.00407715 1.79282e-05

0.00407715 1.75386e-05
0.00410156 1.73901e-05

0.00410156 1.62066e-05
0.00412598 1.84383e-05

0.00412598 1.90876e-05
0.00415039 2.0214e-05

0.00415039 1.86313e-05
0.0041748 1.82664e-05

0.0041748 1.93771e-05
0.00419922 1.91947e-05

0.00419922 1.87959e-05
0.00422363 1.7737e-05

0.00422363 1.78264e-05
0.00424805 1.86276e-05

0.00424805 1.88806e-05
0.00427246 1.92546e-05

0.00427246 2.01394e-05
0.00429688 1.70625e-05

0.00429688 1.7429e-05
0.00432129 1.46316e-05

0.00432129 1.56609e-05
0.0043457 1.6445e-05

0.0043457 1.65686e-05
0.00437012 1.68807e-05

0.00437012 1.73043e-05
0.00439453 1.53629e-05

0.00439453 1.58903e-05
0.00441895 1.41445e-05

0.00441895 1.47087e-05
0.00444336 1.50388e-05

0.00444336 1.52703e-05
0.00446777 1.53058e-05

0.00446777 1.54533e-05
0.00449219 1.43526e-05

0.00449219 1.45788e-05
0.0045166 1.42094e-05

0.0045166 1.41424e-05
0.00454102 1.50753e-05

0.00454102 1.49645e-05
0.00456543 1.53203e-05

0.00456543 1.41166e-05
0.00458984 1.5682e-05

0.00458984 1.46159e-05
0.00461426 1.82932e-05

0.00461426 1.63926e-05
0.00463867 2.00357e-05

0.00463867 1.81805e-05
0.00466309 2.19875e-05

0.00466309 2.08041e-05
0.0046875 2.32384e-05

0.003125 0.0023041
0.00314941 0.00230364

0.00314941 0.00230364
0.00317383 0.00230298

0.00317383 0.00230298
0.00319824 0.00230212

0.00319824 0.00230212
0.00322266 0.00230106

0.00322266 0.00230106
0.00324707 0.0022998

0.00324707 0.0022998
0.00327148 0.00229833

0.00332031 0.00229481
0.00331873 0.00229492

0.00327148 0.00229833
0.0032959 0.00229665

0.0032959 0.00229665
0.00331816 0.00229492

0.00332031 0.0022948
0.00336914 0.00229036

0.00336914 0.00229037
0.00341797 0.00228504

0.00341797 0.00228504
0.0034668 0.00227878

0.0034668 0.00227879
0.00351563 0.00227158

0.00351563 0.00227159
0.00356445 0.00226341

0.00356445 0.0022634
0.00361328 0.00225424

0.00366211 0.00224414
0.00365273 0.00224609

0.00366211 0.00224409
0.00371094 0.00223286

0.00361328 0.00225424
0.00365239 0.00224609

0.00371094 0.00223287
0.00375977 0.00222055

0.00375977 0.00222055
0.00380859 0.00220712

0.00385742 0.00219259
0.00384182 0.00219727

0.00380859 0.00220705
0.00383301 0.00219993

0.00383301 0.00219986
0.00384149 0.00219727

0.00385742 0.00219254
0.00390625 0.00217661

0.00400391 0.00214097
0.00398428 0.00214844

0.00400391 0.00214086
0.00405273 0.00212084

0.00410156 0.00209949
0.00410128 0.00209961

0.00405273 0.00212081
0.00410104 0.00209961

0.00390625 0.00217661
0.00395508 0.00215939

0.00395508 0.00215936
0.00398378 0.00214844

0.00410156 0.0020995
0.00415039 0.00207649

0.00415039 0.00207641
0.00419922 0.00205173

0.00429688 0.00199739
0.0042021 0.00205078

0.00419922 0.00205189
0.00420128 0.00205078

0.00439453 0.00193463
0.00436625 0.00195312

0.00439453 0.00193409
0.00449219 0.0018603

0.0046875 0.00167387
0.00460821 0.00175781

0.00458984 0.0017755
0.00449903 0.00185547

0.00449219 0.00186021
0.00449807 0.00185547

0.00458984 0.00177452
0.00460712 0.00175781

0.00429687 0.00199688
0.0043457 0.00196647

0.0043457 0.00196606
0.00436503 0.00195312

0.0046875 2.17238e-05
0.00471191 2.33127e-05

0.00471191 1.80878e-05
0.00472461 2.44141e-05

0.00472347 2.44141e-05
0.00473633 3.08037e-05

0.00473633 3.54768e-05
0.0047505 4.88281e-05

0.00475138 4.88281e-05
0.00476074 5.84096e-05

0.00476074 5.91729e-05
0.00477422 7.32422e-05

0.0047747 7.32422e-05
0.00478516 8.46608e-05

0.00478516 8.48516e-05
0.00479658 9.76563e-05

0.00479694 9.76563e-05
0.00480957 0.000112589

0.00480957 0.000112733
0.00481729 0.00012207

0.00481758 0.00012207
0.00483398 0.000142816

0.00483398 0.000143079
0.00483659 0.000146484

0.00483682 0.000146484
0.00485478 0.000170898

0.0048548 0.000170898
0.0048584 0.000176201

0.0048584 0.000176238
0.00487147 0.000195313

0.0048715 0.000195313
0.00488281 0.000213034

0.00488281 0.000213152
0.00488696 0.000219727

0.00488703 0.000219727
0.00490155 0.000244141

0.00490155 0.000244141
0.00490723 0.000254375

0.00490723 0.000254443
0.00491505 0.000268555

0.00491506 0.000268555
0.00492769 0.000292969

0.00492775 0.000292969
0.00493164 0.000301303

0.00493164 0.000301203
0.00493946 0.000317383

0.00493946 0.000317383
0.00495046 0.000341797

0.00495045 0.000341797
0.00495605 0.000355173

0.00495605 0.000355218
0.00496066 0.000366211

0.00496066 0.000366211
0.00497016 0.000390625

0.00497016 0.000390625
0.00497894 0.000415039

0.00497893 0.000415039
0.00498047 0.000419682

0.00498047 0.000419685
0.00498703 0.000439453

0.00498702 0.000439453
0.00499451 0.000463867

0.00499452 0.000463867
0.0050014 0.000488281

0.00500154 0.000488281
0.0050135 0.000537109

0.00501349 0.000537109
0.0050231 0.000585938

0.00502309 0.000585937
0.0050293 0.000627155

0.0050293 0.000627756
0.00503027 0.000634766

0.00503026 0.000634766
0.00503313 0.00065918

0.00503314 0.00065918
0.00503549 0.000683594

0.00503549 0.000683594
0.00503733 0.000708008

0.00503732 0.000708008
0.00503864 0.000732422

0.00503864 0.000732422
0.00503945 0.000756836

0.00503945 0.000756836
0.00503975 0.00078125

0.00503975 0.00078125
0.00503955 0.000805664

0.00503956 0.000805664
0.00503887 0.000830078

0.00503899 0.000830078
0.00503617 0.000878906

0.0050293 0.000942852
0.00502459 0.000976562

0.00503619 0.000878906
0.0050314 0.000927734

0.0050293 0.000942805
0.0050314 0.000927734

0.00498047 0.00116242
0.0049778 0.00117188

0.00502454 0.000976563
0.00501575 0.00102539

0.00501574 0.00102539
0.00500509 0.00107422

0.00500517 0.00107422
0.00499252 0.00112305

0.00498047 0.0011628
0.00499254 0.00112305

0.00478516 0.00155039
0.00477687 0.0015625

0.00488281 0.00139314
0.0048425 0.00146484

0.00483398 0.00147718
0.00481057 0.00151367

0.00478516 0.00154997
0.00481055 0.00151367

0.00483398 0.0014783
0.00484248 0.00146484

0.00497822 0.00117187
0.00494212 0.00126953

0.00493164 0.00129238
0.00492029 0.00131836

0.00492037 0.00131836
0.0048966 0.00136719

0.00493164 0.00129302
0.0049419 0.00126953

0.00488281 0.00139337
0.00489682 0.00136719

0.00477757 0.0015625
0.00469967 0.00166016

0.0046875 0.00167317
0.00469891 0.00166016

