7.14816e-05 0
7.32422e-05 5.13568e-06

7.32422e-05 3.35048e-08
9.60715e-05 2.44141e-05

9.76563e-05 1.42218e-05
0.00012207 1.53344e-05

0.00012207 1.38945e-05
0.000146484 1.38504e-05

0.000146484 1.45303e-05
0.000170898 1.4957e-05

0.000170898 1.43349e-05
0.000195313 1.40807e-05

0.000195313 1.45928e-05
0.000219727 1.44938e-05

0.000219727 1.40141e-05
0.000244141 1.42461e-05

0.000244141 1.44118e-05
0.000268555 1.50392e-05

0.000268555 1.50849e-05
0.000292969 1.41727e-05

0.000292969 1.4445e-05
0.000317383 1.35615e-05

0.000317383 1.37728e-05
0.000341797 1.41198e-05

0.000341797 1.41435e-05
0.000366211 1.43953e-05

0.000366211 1.45203e-05
0.000390625 1.37617e-05

0.000390625 1.40363e-05
0.000415039 1.33376e-05

0.000415039 1.35364e-05
0.000439453 1.36938e-05

0.000439453 1.37216e-05
0.000463867 1.38875e-05

0.000463867 1.39959e-05
0.000488281 1.34834e-05

0.000488281 1.36664e-05
0.000512695 1.31771e-05

0.000512695 1.33068e-05
0.000537109 1.34514e-05

0.000537109 1.34765e-05
0.000561523 1.35791e-05

0.000561523 1.3673e-05
0.000585937 1.32362e-05

0.000585938 1.33982e-05
0.000610352 1.30175e-05

0.000610352 1.31066e-05
0.000634766 1.32511e-05

0.000634766 1.32459e-05
0.00065918 1.33785e-05

0.00065918 1.34184e-05
0.000683594 1.31316e-05

0.000683594 1.31935e-05
0.000708008 1.30161e-05

0.000708008 1.29385e-05
0.000732422 1.33566e-05

0.000732422 1.31906e-05
0.000756836 1.36218e-05

0.000756836 1.3547e-05
0.00078125 1.33771e-05

0.00078125 1.33776e-05
0.000805664 1.31861e-05

0.000805664 1.30874e-05
0.000830078 1.35579e-05

0.000830078 1.34082e-05
0.000854492 1.38435e-05

0.000854492 1.36711e-05
0.000878906 1.36185e-05

0.000878906 1.35335e-05
0.00090332 1.36399e-05

0.00090332 1.35814e-05
0.000927734 1.38667e-05

0.000927734 1.37114e-05
0.000952148 1.38891e-05

0.000952148 1.37488e-05
0.000976562 1.39669e-05

0.000976562 1.38904e-05
0.00100098 1.40406e-05

0.00100098 1.37999e-05
0.00102539 1.41445e-05

0.00102539 1.40735e-05
0.0010498 1.43857e-05

0.0010498 1.4092e-05
0.00107422 1.43354e-05

0.00107422 1.41735e-05
0.00109863 1.46651e-05

0.00109863 1.43409e-05
0.00112305 1.48605e-05

0.00112305 1.4519e-05
0.00114746 1.51489e-05

0.00114746 1.49052e-05
0.00117187 1.53177e-05

0.00117188 1.49203e-05
0.00119629 1.5426e-05

0.00119629 1.54279e-05
0.0012207 1.56372e-05

0.0012207 1.52306e-05
0.00124512 1.54678e-05

0.00124512 1.5733e-05
0.00126953 1.57335e-05

0.00126953 1.54059e-05
0.00129395 1.52934e-05

0.00129395 1.59782e-05
0.00131836 1.52976e-05

0.00131836 1.46117e-05
0.00134277 1.49464e-05

0.00134277 1.62632e-05
0.00136719 1.55712e-05

0.0013916 1.36267e-06
0.00136998 2.44141e-05

0.0013916 4.22837e-06
0.00139304 0

0.00146286 0
0.00146484 5.79907e-06

0.00146484 4.71467e-06
0.00148421 2.44141e-05

0.00148483 2.44141e-05
0.00148926 2.59661e-05

0.00148926 1.70898e-05
0.00151367 1.76303e-05

0.00150986 2.44141e-05
0.00151367 2.44462e-05

0.00151367 1.72586e-05
0.00153809 1.70434e-05

0.00153401 2.44141e-05
0.00153809 2.44205e-05

0.0015625 5.71081e-06
0.0015434 2.44141e-05

0.00153809 2.6194e-05
0.00154327 2.44141e-05

0 0.00312204
0.000390625 0.00311102

0.000390625 0.00311131
0.00078125 0.00307769

0.00078125 0.00307833
0.00117187 0.00302026

0.00117188 0.00302131
0.0015625 0.00293542

0.0015625 7.34607e-06
0.0015651 0

0.00165634 0
0.00166016 9.29695e-06

0.00166016 1.04013e-05
0.00167527 2.44141e-05

0.00167454 2.44141e-05
0.00168457 2.80968e-05

0.00168457 1.8449e-05
0.00170898 1.88172e-05

0.00169674 2.44141e-05
0.00170898 2.45095e-05

0.0017334 1.13241e-05
0.00171854 2.44141e-05

0.00170898 2.81008e-05
0.00171933 2.44141e-05

0.0017334 1.19902e-05
0.00173853 0

0.00179805 0
0.00180664 1.65025e-05

0.00180664 9.60194e-06
0.00183105 1.10721e-05

0.00183105 6.33263e-06
0.00185547 5.59227e-07

0.00185584 0
0.00187988 1.6906e-05

0.00187988 9.25495e-06
0.0019043 1.20524e-05

0.0019043 9.4451e-06
0.00192871 1.02149e-05

0.00192871 9.91219e-06
0.00195312 1.22654e-05

0.00195312 9.51945e-06
0.00197754 1.29183e-05

0.00197754 1.35687e-05
0.00200195 1.29512e-05

0.00200195 1.5249e-05
0.00202637 6.37021e-06

0.00202637 6.88399e-06
0.00205078 9.2265e-06

0.00205078 9.5909e-06
0.0020752 1.45214e-05

0.0020752 9.9623e-06
0.00209961 1.19545e-05

0.00209961 1.34511e-05
0.00212402 1.32353e-05

0.00212402 1.30033e-05
0.00214844 8.62791e-06

0.00214844 8.23874e-06
0.00217285 1.30002e-05

0.00217285 1.3776e-05
0.00219727 1.38167e-05

0.00219727 1.31911e-05
0.00222168 8.10214e-06

0.00222168 7.98691e-06
0.00224609 1.32538e-05

0.00224609 1.39234e-05
0.00227051 1.39612e-05

0.00227051 1.38101e-05
0.00229492 7.48135e-06

0.00229492 8.20537e-06
0.00231934 1.18567e-05

0.00231934 1.06353e-05
0.00234375 1.49956e-05

0.00234375 1.50341e-05
0.00236816 1.08128e-05

0.00236816 1.24986e-05
0.00239258 7.52179e-06

0.00239258 7.5294e-06
0.00241699 1.24807e-05

0.00241699 1.07322e-05
0.00244141 1.5093e-05

0.00244141 1.50894e-05
0.00246582 1.07244e-05

0.00246582 1.24631e-05
0.00249023 7.55324e-06

0.00249023 7.55378e-06
0.00251465 1.25016e-05

0.00251465 1.07552e-05
0.00253906 1.50672e-05

0.00253906 1.50612e-05
0.00256348 1.0734e-05

0.00256348 1.24336e-05
0.00258789 7.62998e-06

0.00258789 7.62157e-06
0.0026123 1.25285e-05

0.0026123 1.08792e-05
0.00263672 1.49596e-05

0.00263672 1.49018e-05
0.00266113 1.06747e-05

0.00266113 1.18955e-05
0.00268555 8.33234e-06

0.00268555 7.54797e-06
0.00270996 1.37786e-05

0.00270996 1.38988e-05
0.00273438 1.40563e-05

0.00273437 1.38342e-05
0.00275879 7.70478e-06

0.00275879 8.47146e-06
0.0027832 1.18394e-05

0.0027832 1.07843e-05
0.00280762 1.4789e-05

0.00280762 1.48014e-05
0.00283203 1.08174e-05

0.00283203 1.18991e-05
0.00285645 8.39242e-06

0.00285645 7.67324e-06
0.00288086 1.37503e-05

0.00288086 1.39306e-05
0.00290527 1.39096e-05

0.00290527 1.33755e-05
0.00292969 8.01978e-06

0.00292969 8.74706e-06
0.0029541 1.23832e-05

0.0029541 1.16244e-05
0.00297852 1.42138e-05

0.00297852 1.20928e-05
0.00300293 1.24802e-05

0.00300293 1.24617e-05
0.00302734 1.39126e-05

0.00302734 1.28336e-05
0.00305176 1.37987e-05

0.00305176 1.32835e-05
0.00307617 1.45063e-05

0.00307617 1.37475e-05
0.00310059 1.47329e-05

0.00310059 1.41826e-05
0.003125 1.5142e-05

0.00175781 0.00287943
0.00157675 0.00292969

0.0015625 0.00293378
0.00157723 0.00292969

0.00175781 0.00287995
0.00195312 0.00281701

0.00234375 0.00265923
0.00217178 0.00273438

0.00195312 0.00281735
0.00214844 0.00274401

0.00214844 0.00274364
0.00216964 0.00273438

0.00292969 0.00231147
0.00288499 0.00234375

0.003125 0.00214825
0.00312479 0.00214844

0.00302734 0.00223412
0.00301232 0.00224609

0.00297852 0.0022715
0.00294866 0.00229492

0.00292969 0.00231026
0.00294946 0.00229492

0.00300293 0.00225254
0.00298017 0.00227051

0.00297852 0.00227225
0.00298068 0.00227051

0.00300293 0.00224821
0.00300568 0.00224609

0.00307617 0.00218842
0.00306606 0.00219727

0.00302734 0.00223332
0.00306988 0.00219727

0.00307617 0.00219133
0.00312432 0.00214844

0.00244141 0.00261149
0.00238961 0.00263672

0.00234375 0.00265749
0.00238639 0.00263672

0.00244141 0.00261098
0.00253906 0.00255985

0.00273438 0.0024468
0.00257829 0.00253906

0.00253906 0.00255918
0.00257365 0.00253906

0.00283203 0.00238025
0.00274033 0.00244141

0.00273438 0.00244462
0.00273938 0.00244141

0.00283203 0.00237939
0.00288167 0.00234375

0.003125 1.45804e-05
0.00314941 1.54345e-05

0.00314941 1.49687e-05
0.00317383 1.57561e-05

0.00317383 1.52562e-05
0.00319824 1.60789e-05

0.00319824 1.5538e-05
0.00322266 1.65967e-05

0.00322266 1.6061e-05
0.00324707 1.71358e-05

0.00324707 1.65716e-05
0.00327148 1.75092e-05

0.00327148 1.68749e-05
0.0032959 1.80667e-05

0.0032959 1.76449e-05
0.00332031 1.87191e-05

0.00332031 1.79735e-05
0.00334473 1.90906e-05

0.00334473 1.9209e-05
0.00336914 1.93893e-05

0.00336914 1.2701e-05
0.00339296 2.44141e-05

0.00339182 2.44141e-05
0.00339355 2.51138e-05

0.00339355 2.74343e-05
0.00341783 4.88281e-05

0.00341766 4.88281e-05
0.00341797 4.91239e-05

0.00341797 4.95446e-05
0.00344162 7.32422e-05

0.0034417 7.32422e-05
0.00344238 7.3955e-05

0.00344238 7.41536e-05
0.00346429 9.76563e-05

0.00346483 9.76563e-05
0.0034668 9.98558e-05

0.0034668 0.000100317
0.00350609 0.000146484

0.00350606 0.000146484
0.00351563 0.00015899

0.00351563 0.000159262
0.00354243 0.000195313

0.00354296 0.000195313
0.00356445 0.000227557

0.00356445 0.000229467
0.00357405 0.000244141

0.00357497 0.000244141
0.00360381 0.000292969

0.0036046 0.000292969
0.00361328 0.000310433

0.00361328 0.000311983
0.00362886 0.000341797

0.00362909 0.000341797
0.00365173 0.000390625

0.00365239 0.000390625
0.00368989 0.000488281

0.00368971 0.000488281
0.00371094 0.000563141

0.00371094 0.000564984
0.00371688 0.000585938

0.00371708 0.000585937
0.00373596 0.000683594

0.00373559 0.000683594
0.00374681 0.00078125

0.0037488 0.00078125
0.00374945 0.000976562

0.00374914 0.000976562
0.0037212 0.00117188

0.00371094 0.00120909
0.00366552 0.00136719

0.00366556 0.00136719
0.00358034 0.0015625

0.00371094 0.00120444
0.00371905 0.00117187

0.00332031 0.00194414
0.00331282 0.00195312

0.00351563 0.00167528
0.0034637 0.00175781

0.00341797 0.00182207
0.00339417 0.00185547

0.00332031 0.00194681
0.0033942 0.00185547

0.00346292 0.00175781
0.00342895 0.00180664

0.00341797 0.00181999
0.00342738 0.00180664

0.00322266 0.00205393
0.00312536 0.00214844

0.00331525 0.00195313
0.00322583 0.00205078

0.00322266 0.00205523
0.00322699 0.00205078

0.003125 0.00214859
0.00312516 0.00214844

0.00357828 0.0015625
0.00352455 0.00166016

0.00351563 0.00167277
0.0035233 0.00166016

