7.17568e-05 0
7.32422e-05 4.37056e-06

7.32422e-05 7.66355e-07
9.58266e-05 2.44141e-05

9.71707e-05 2.44141e-05
9.76563e-05 2.45835e-05

9.76563e-05 1.43876e-05
0.00012207 1.50596e-05

0.000119888 2.44141e-05
0.00012207 2.44374e-05

0.00012207 1.39156e-05
0.000146484 1.40827e-05

0.000146484 1.463e-05
0.000170898 1.50806e-05

0.000170898 1.46477e-05
0.000195313 1.40652e-05

0.000195313 1.44584e-05
0.000219727 1.43303e-05

0.000219727 1.41101e-05
0.000244141 1.44018e-05

0.000244141 1.43988e-05
0.000268555 1.48482e-05

0.000268555 1.49932e-05
0.000292969 1.42319e-05

0.000292969 1.44334e-05
0.000317383 1.36104e-05

0.000317383 1.38309e-05
0.000341797 1.41214e-05

0.000341797 1.43242e-05
0.000366211 1.41657e-05

0.000366211 1.42196e-05
0.000390625 1.3489e-05

0.000390625 1.37715e-05
0.000415039 1.36084e-05

0.000415039 1.37416e-05
0.000439453 1.37222e-05

0.000439453 1.38099e-05
0.000463867 1.35409e-05

0.000463867 1.36359e-05
0.000488281 1.34268e-05

0.000488281 1.36035e-05
0.000512695 1.34375e-05

0.000512695 1.34912e-05
0.000537109 1.33269e-05

0.000537109 1.34696e-05
0.000561523 1.33303e-05

0.000561523 1.32955e-05
0.000585937 1.33189e-05

0.000585938 1.34903e-05
0.000610352 1.33439e-05

0.000610352 1.3386e-05
0.000634766 1.30151e-05

0.000634766 1.30875e-05
0.00065918 1.32102e-05

0.00065918 1.32086e-05
0.000683594 1.33693e-05

0.000683594 1.33282e-05
0.000708008 1.3202e-05

0.000708008 1.3241e-05
0.000732422 1.31543e-05

0.000732422 1.30183e-05
0.000756836 1.33868e-05

0.000756836 1.32606e-05
0.00078125 1.36687e-05

0.00078125 1.35621e-05
0.000805664 1.34406e-05

0.000805664 1.34657e-05
0.000830078 1.32848e-05

0.000830078 1.31488e-05
0.000854492 1.35891e-05

0.000854492 1.346e-05
0.000878906 1.39376e-05

0.000878906 1.37223e-05
0.00090332 1.37262e-05

0.00090332 1.37332e-05
0.000927734 1.36702e-05

0.000927734 1.3609e-05
0.000952148 1.37453e-05

0.000952148 1.34772e-05
0.000976562 1.41304e-05

0.000976562 1.4022e-05
0.00100098 1.43214e-05

0.00100098 1.39984e-05
0.00102539 1.40686e-05

0.00102539 1.39742e-05
0.0010498 1.44775e-05

0.0010498 1.42695e-05
0.00107422 1.45797e-05

0.00107422 1.43027e-05
0.00109863 1.46366e-05

0.00109863 1.44555e-05
0.00112305 1.4923e-05

0.00112305 1.47021e-05
0.00114746 1.49864e-05

0.00114746 1.47134e-05
0.00117187 1.51254e-05

0.00117188 1.50246e-05
0.00119629 1.53375e-05

0.00119629 1.50429e-05
0.0012207 1.53126e-05

0.0012207 1.46357e-05
0.00124512 1.61752e-05

0.00124512 1.65783e-05
0.00126953 1.64037e-05

0.00126953 1.56826e-05
0.00129395 1.48249e-05

0.00129395 1.57897e-05
0.00131836 1.57225e-05

0.00131836 1.47774e-05
0.00134277 1.56164e-05

0.00134277 1.74849e-05
0.00136719 1.5462e-05

0.00139148 0
0.00136988 2.44141e-05

0.0013916 3.27438e-06
0.0013927 0

0.00146266 0
0.00146484 6.29766e-06

0.00146484 4.92189e-06
0.00148399 2.44141e-05

0.00148474 2.44141e-05
0.00148926 2.60209e-05

0.00148926 1.74126e-05
0.00151367 1.78655e-05

0.00151367 1.74744e-05
0.00153809 1.70166e-05

0.00151367 2.44415e-05
0.00151777 2.44141e-05

0.0015625 5.78781e-06
0.00154347 2.44141e-05

0.00153809 2.6044e-05
0.00154281 2.44141e-05

0 0.0031221
0.000390625 0.00311108

0.000390625 0.00311137
0.00078125 0.00307775

0.00078125 0.00307839
0.00117187 0.00302031

0.00117188 0.00302135
0.0015625 0.00293545

0.0015625 7.40253e-06
0.00156514 0

0.00165646 0
0.00166016 9.04141e-06

0.00166016 1.03535e-05
0.00167524 2.44141e-05

0.00167448 2.44141e-05
0.00168457 2.81388e-05

0.00168457 1.85047e-05
0.00170898 1.88552e-05

0.00169667 2.44141e-05
0.00170898 2.45042e-05

0.0017334 1.13188e-05
0.00171848 2.44141e-05

0.00170898 2.81027e-05
0.00171936 2.44141e-05

0.0017334 1.23633e-05
0.00173871 0

0.00180081 0
0.00180664 1.35447e-05

0.00180664 7.64081e-06
0.00183105 1.45065e-05

0.00183105 8.10485e-06
0.00185547 3.83522e-07

0.00185547 6.19261e-07
0.00187988 1.56847e-05

0.00187988 9.05427e-06
0.0019043 1.22746e-05

0.0019043 9.5391e-06
0.00192871 1.02264e-05

0.00192871 9.90034e-06
0.00195312 1.22071e-05

0.00195312 9.52152e-06
0.00197754 1.29673e-05

0.00197754 1.35683e-05
0.00200195 1.29425e-05

0.00200195 1.52443e-05
0.00202637 6.41433e-06

0.00202637 6.89891e-06
0.00205078 9.24709e-06

0.00205078 9.69122e-06
0.0020752 1.44717e-05

0.0020752 9.91749e-06
0.00209961 1.18578e-05

0.00209961 1.33454e-05
0.00212402 1.33178e-05

0.00212402 1.29701e-05
0.00214844 8.76875e-06

0.00214844 8.39275e-06
0.00217285 1.30187e-05

0.00217285 1.38866e-05
0.00219727 1.36705e-05

0.00219727 1.30178e-05
0.00222168 8.10564e-06

0.00222168 8.0216e-06
0.00224609 1.34162e-05

0.00224609 1.40572e-05
0.00227051 1.38343e-05

0.00227051 1.37372e-05
0.00229492 7.40115e-06

0.00229492 8.1464e-06
0.00231934 1.19375e-05

0.00231934 1.06474e-05
0.00234375 1.49914e-05

0.00234375 1.5035e-05
0.00236816 1.08145e-05

0.00236816 1.24999e-05
0.00239258 7.5283e-06

0.00239258 7.53731e-06
0.00241699 1.24798e-05

0.00241699 1.07348e-05
0.00244141 1.50891e-05

0.00244141 1.50853e-05
0.00246582 1.07268e-05

0.00246582 1.24624e-05
0.00249023 7.56125e-06

0.00249023 7.56139e-06
0.00251465 1.25011e-05

0.00251465 1.07588e-05
0.00253906 1.5063e-05

0.00253906 1.50561e-05
0.00256348 1.07361e-05

0.00256348 1.24285e-05
0.00258789 7.6437e-06

0.00258789 7.63427e-06
0.0026123 1.25328e-05

0.0026123 1.08862e-05
0.00263672 1.49543e-05

0.00263672 1.48951e-05
0.00266113 1.06834e-05

0.00266113 1.19033e-05
0.00268555 8.34526e-06

0.00268555 7.56663e-06
0.00270996 1.37657e-05

0.00270996 1.38809e-05
0.00273438 1.40571e-05

0.00273437 1.38146e-05
0.00275879 7.7553e-06

0.00275879 8.52156e-06
0.0027832 1.18508e-05

0.0027832 1.08147e-05
0.00280762 1.47497e-05

0.00280762 1.47587e-05
0.00283203 1.08298e-05

0.00283203 1.18957e-05
0.00285645 8.4602e-06

0.00285645 7.71615e-06
0.00288086 1.37553e-05

0.00288086 1.3978e-05
0.00290527 1.38955e-05

0.00290527 1.35297e-05
0.00292969 7.83087e-06

0.00292969 8.50096e-06
0.0029541 1.22641e-05

0.0029541 1.15291e-05
0.00297852 1.43947e-05

0.00297852 1.20961e-05
0.00300293 1.2471e-05

0.00300293 1.25104e-05
0.00302734 1.3933e-05

0.00302734 1.28712e-05
0.00305176 1.37168e-05

0.00305176 1.32637e-05
0.00307617 1.44185e-05

0.00307617 1.36675e-05
0.00310059 1.46592e-05

0.00310059 1.40739e-05
0.003125 1.51457e-05

0.00175781 0.00287945
0.00157683 0.00292969

0.0015625 0.0029338
0.00157732 0.00292969

0.00175781 0.00287996
0.00195312 0.00281702

0.00234375 0.00265921
0.00217176 0.00273438

0.00195312 0.00281736
0.00214844 0.002744

0.00214844 0.00274363
0.00216963 0.00273438

0.00292969 0.0023115
0.00288504 0.00234375

0.003125 0.00214828
0.00312483 0.00214844

0.00302734 0.00223413
0.00301233 0.00224609

0.00297852 0.00227146
0.00294862 0.00229492

0.00292969 0.00231026
0.00294944 0.00229492

0.00300293 0.00225252
0.00298014 0.00227051

0.00297852 0.0022723
0.00298075 0.00227051

0.00300293 0.00224795
0.00300534 0.00224609

0.00307617 0.00218822
0.00306585 0.00219727

0.00302734 0.00223334
0.0030699 0.00219727

0.00307617 0.0021913
0.00312429 0.00214844

0.00244141 0.00261147
0.00238958 0.00263672

0.00234375 0.00265747
0.00238635 0.00263672

0.00244141 0.00261096
0.00253906 0.00255982

0.00273438 0.00244678
0.00257825 0.00253906

0.00253906 0.00255914
0.00257358 0.00253906

0.00283203 0.00238022
0.00274028 0.00244141

0.00273438 0.00244458
0.00273931 0.00244141

0.00283203 0.0023793
0.00288155 0.00234375

0.003125 1.44863e-05
0.00314941 1.55496e-05

0.00314941 1.49604e-05
0.00317383 1.6005e-05

0.00317383 1.54723e-05
0.00319824 1.63289e-05

0.00319824 1.58474e-05
0.00322266 1.66036e-05

0.00322266 1.59126e-05
0.00324707 1.72293e-05

0.00324707 1.67847e-05
0.00327148 1.80677e-05

0.00327148 1.69853e-05
0.0032959 1.85813e-05

0.0032959 1.88205e-05
0.00332031 1.91692e-05

0.00332031 1.78239e-05
0.00334473 1.84402e-05

0.00334473 1.92646e-05
0.00336914 1.99577e-05

0.00336914 1.28897e-05
0.00339299 2.44141e-05

0.00339046 2.44141e-05
0.00339355 2.56562e-05

0.00339355 2.42276e-05
0.00339373 2.44141e-05

0.00339355 2.76681e-05
0.0034176 4.88281e-05

0.00341751 4.88281e-05
0.00341797 4.92684e-05

0.00341797 4.96541e-05
0.00344159 7.32422e-05

0.00344162 7.32422e-05
0.00344238 7.40397e-05

0.00344238 7.42046e-05
0.00346423 9.76563e-05

0.00346472 9.76563e-05
0.0034668 9.99908e-05

0.0034668 0.00010071
0.00348548 0.00012207

0.00348527 0.00012207
0.00349121 0.000129174

0.00349121 0.000128842
0.00350572 0.000146484

0.00350599 0.000146484
0.00351563 0.000159062

0.00351563 0.000159552
0.00354254 0.000195313

0.00354295 0.000195313
0.00356445 0.000227536

0.00356445 0.000229551
0.003574 0.000244141

0.00357497 0.000244141
0.00360384 0.000292969

0.00360464 0.000292969
0.00361328 0.000310341

0.00361328 0.000311931
0.00362889 0.000341797

0.00362913 0.000341797
0.00365178 0.000390625

0.00365245 0.000390625
0.00368995 0.000488281

0.00368978 0.000488281
0.00371094 0.000562907

0.00371094 0.000564813
0.00371693 0.000585938

0.00371714 0.000585937
0.00373601 0.000683594

0.00373565 0.000683594
0.00374686 0.00078125

0.00374884 0.00078125
0.00374949 0.000976562

0.00374919 0.000976562
0.00372124 0.00117188

0.00371094 0.00120927
0.00366557 0.00136719

0.0036656 0.00136719
0.00358037 0.0015625

0.00371094 0.00120462
0.00371909 0.00117187

0.00332031 0.00194391
0.00331262 0.00195312

0.00351563 0.00167533
0.00346372 0.00175781

0.00341797 0.00182225
0.0033943 0.00185547

0.00332031 0.00194683
0.00339422 0.00185547

0.00346294 0.00175781
0.00342896 0.00180664

0.00341797 0.00181954
0.00342707 0.00180664

0.00322266 0.00205391
0.00312533 0.00214844

0.00331524 0.00195313
0.00322581 0.00205078

0.00322266 0.00205541
0.00322716 0.00205078

0.003125 0.0021486
0.00312518 0.00214844

0.00357831 0.0015625
0.00352457 0.00166016

0.00351563 0.00167269
0.00352325 0.00166016

