7.18071e-05 0
7.32422e-05 4.22793e-06

7.32422e-05 4.73179e-07
9.58374e-05 2.44141e-05

9.6964e-05 2.44141e-05
9.76563e-05 2.46586e-05

9.76563e-05 1.44858e-05
0.00012207 1.51478e-05

0.000118699 2.44141e-05
0.00012207 2.44493e-05

0.00012207 1.38002e-05
0.000146484 1.38998e-05

0.000146484 1.44597e-05
0.000170898 1.53318e-05

0.000170898 1.4848e-05
0.000195313 1.42376e-05

0.000195313 1.46284e-05
0.000219727 1.41898e-05

0.000219727 1.39755e-05
0.000244141 1.44208e-05

0.000244141 1.47552e-05
0.000268555 1.47629e-05

0.000268555 1.46581e-05
0.000292969 1.37504e-05

0.000292969 1.40868e-05
0.000317383 1.4013e-05

0.000317383 1.4141e-05
0.000341797 1.41537e-05

0.000341797 1.42421e-05
0.000366211 1.38773e-05

0.000366211 1.40346e-05
0.000390625 1.3701e-05

0.000390625 1.39042e-05
0.000415039 1.37086e-05

0.000415039 1.38621e-05
0.000439453 1.35788e-05

0.000439453 1.3586e-05
0.000463867 1.36025e-05

0.000463867 1.38299e-05
0.000488281 1.36356e-05

0.000488281 1.37045e-05
0.000512695 1.31947e-05

0.000512695 1.33234e-05
0.000537109 1.33906e-05

0.000537109 1.34345e-05
0.000561523 1.35633e-05

0.000561523 1.36563e-05
0.000585937 1.32469e-05

0.000585938 1.33848e-05
0.000610352 1.30138e-05

0.000610352 1.3118e-05
0.000634766 1.3248e-05

0.000634766 1.32426e-05
0.00065918 1.33436e-05

0.00065918 1.33743e-05
0.000683594 1.31379e-05

0.000683594 1.31011e-05
0.000708008 1.31434e-05

0.000708008 1.30998e-05
0.000732422 1.34734e-05

0.000732422 1.33263e-05
0.000756836 1.34599e-05

0.000756836 1.34285e-05
0.00078125 1.33397e-05

0.00078125 1.32747e-05
0.000805664 1.33818e-05

0.000805664 1.32664e-05
0.000830078 1.36581e-05

0.000830078 1.34999e-05
0.000854492 1.37327e-05

0.000854492 1.36599e-05
0.000878906 1.361e-05

0.000878906 1.36262e-05
0.00090332 1.35321e-05

0.00090332 1.32974e-05
0.000927734 1.38327e-05

0.000927734 1.36876e-05
0.000952148 1.42702e-05

0.000952148 1.40922e-05
0.000976562 1.39213e-05

0.000976562 1.39421e-05
0.00100098 1.37551e-05

0.00100098 1.34783e-05
0.00102539 1.42514e-05

0.00102539 1.40117e-05
0.0010498 1.48681e-05

0.0010498 1.46318e-05
0.00107422 1.44374e-05

0.00107422 1.44034e-05
0.00109863 1.41696e-05

0.00109863 1.38e-05
0.00112305 1.49024e-05

0.00112305 1.46153e-05
0.00114746 1.57083e-05

0.00114746 1.54573e-05
0.00117187 1.50336e-05

0.00117188 1.50354e-05
0.00119629 1.45887e-05

0.00119629 1.4101e-05
0.0012207 1.56611e-05

0.0012207 1.53945e-05
0.00124512 1.68146e-05

0.00124512 1.66638e-05
0.00126953 1.55489e-05

0.00126953 1.52214e-05
0.00129395 1.50557e-05

0.00129395 1.59019e-05
0.00131836 1.60288e-05

0.00131836 1.51005e-05
0.00134277 1.53926e-05

0.00134277 1.71452e-05
0.00136719 1.52853e-05

0.0013916 3.31202e-07
0.00136985 2.44141e-05

0.00136719 2.46037e-05
0.0013677 2.44141e-05

0.0013916 3.65679e-06
0.00139284 0

0.00146288 0
0.00146484 5.61901e-06

0.00146484 5.43157e-06
0.00148375 2.44141e-05

0.00148335 2.44141e-05
0.00148926 2.64895e-05

0.00148926 1.72995e-05
0.00151367 1.74263e-05

0.00148926 2.44542e-05
0.00149868 2.44141e-05

0.00151367 1.73902e-05
0.00153809 1.71431e-05

0.00151367 2.44334e-05
0.00152152 2.44141e-05

0.0015625 5.6706e-06
0.00154338 2.44141e-05

0.00153809 2.61338e-05
0.00154307 2.44141e-05

0 0.00312212
0.000390625 0.0031111

0.000390625 0.00311139
0.00078125 0.00307776

0.00078125 0.0030784
0.00117187 0.00302032

0.00117188 0.00302137
0.0015625 0.00293546

0.0015625 7.76326e-06
0.00156526 0

0.00165633 0
0.00166016 9.31448e-06

0.00166016 1.04218e-05
0.00167524 2.44141e-05

0.00167449 2.44141e-05
0.00168457 2.81217e-05

0.00168457 1.84777e-05
0.00170898 1.88426e-05

0.00169671 2.44141e-05
0.00170898 2.45082e-05

0.0017334 1.13488e-05
0.00171857 2.44141e-05

0.00170898 2.8111e-05
0.00171935 2.44141e-05

0.0017334 1.20335e-05
0.00173856 0

0.00179759 0
0.00180664 1.68846e-05

0.00180664 9.74979e-06
0.00183105 1.08541e-05

0.00183105 6.58418e-06
0.00185547 4.94456e-07

0.00185602 0
0.00187988 1.67328e-05

0.00187988 9.17001e-06
0.0019043 1.22053e-05

0.0019043 9.44254e-06
0.00192871 1.01737e-05

0.00192871 9.91759e-06
0.00195312 1.22845e-05

0.00195312 9.5089e-06
0.00197754 1.29004e-05

0.00197754 1.35589e-05
0.00200195 1.29753e-05

0.00200195 1.52386e-05
0.00202637 6.39694e-06

0.00202637 6.89794e-06
0.00205078 9.25897e-06

0.00205078 9.68584e-06
0.0020752 1.44674e-05

0.0020752 9.91791e-06
0.00209961 1.18699e-05

0.00209961 1.33569e-05
0.00212402 1.33122e-05

0.00212402 1.29748e-05
0.00214844 8.75379e-06

0.00214844 8.37696e-06
0.00217285 1.30177e-05

0.00217285 1.38777e-05
0.00219727 1.36853e-05

0.00219727 1.30356e-05
0.00222168 8.10251e-06

0.00222168 8.01945e-06
0.00224609 1.33971e-05

0.00224609 1.40362e-05
0.00227051 1.38461e-05

0.00227051 1.37405e-05
0.00229492 7.42067e-06

0.00229492 8.16285e-06
0.00231934 1.19281e-05

0.00231934 1.06469e-05
0.00234375 1.49856e-05

0.00234375 1.50315e-05
0.00236816 1.08176e-05

0.00236816 1.24995e-05
0.00239258 7.53138e-06

0.00239258 7.54007e-06
0.00241699 1.24803e-05

0.00241699 1.07363e-05
0.00244141 1.50883e-05

0.00244141 1.50856e-05
0.00246582 1.0727e-05

0.00246582 1.24609e-05
0.00249023 7.56302e-06

0.00249023 7.56349e-06
0.00251465 1.2503e-05

0.00251465 1.07608e-05
0.00253906 1.50617e-05

0.00253906 1.50553e-05
0.00256348 1.07367e-05

0.00256348 1.24264e-05
0.00258789 7.64815e-06

0.00258789 7.63931e-06
0.0026123 1.25346e-05

0.0026123 1.0891e-05
0.00263672 1.49491e-05

0.00263672 1.48901e-05
0.00266113 1.06819e-05

0.00266113 1.18996e-05
0.00268555 8.35384e-06

0.00268555 7.57169e-06
0.00270996 1.37683e-05

0.00270996 1.38902e-05
0.00273438 1.40516e-05

0.00273437 1.38212e-05
0.00275879 7.73651e-06

0.00275879 8.50027e-06
0.0027832 1.1848e-05

0.0027832 1.08047e-05
0.00280762 1.47673e-05

0.00280762 1.4774e-05
0.00283203 1.08272e-05

0.00283203 1.18948e-05
0.00285645 8.44414e-06

0.00285645 7.71685e-06
0.00288086 1.37504e-05

0.00288086 1.39288e-05
0.00290527 1.39162e-05

0.00290527 1.34974e-05
0.00292969 7.95287e-06

0.00292969 8.70167e-06
0.0029541 1.22051e-05

0.0029541 1.15073e-05
0.00297852 1.41988e-05

0.00297852 1.20021e-05
0.00300293 1.24614e-05

0.00300293 1.24111e-05
0.00302734 1.39281e-05

0.00302734 1.28191e-05
0.00305176 1.37933e-05

0.00305176 1.32598e-05
0.00307617 1.45071e-05

0.00307617 1.37139e-05
0.00310059 1.47828e-05

0.00310059 1.41831e-05
0.003125 1.52504e-05

0.00175781 0.00287946
0.00157687 0.00292969

0.0015625 0.00293381
0.00157736 0.00292969

0.00175781 0.00287997
0.00195312 0.00281703

0.00234375 0.00265922
0.00217178 0.00273438

0.00195312 0.00281737
0.00214844 0.00274401

0.00214844 0.00274365
0.00216965 0.00273438

0.00292969 0.00231152
0.00288506 0.00234375

0.003125 0.0021483
0.00312485 0.00214844

0.00302734 0.00223415
0.00301235 0.00224609

0.00297852 0.00227146
0.00294864 0.00229492

0.00292969 0.00231028
0.00294945 0.00229492

0.00300293 0.00225252
0.00298013 0.00227051

0.00297852 0.00227231
0.00298076 0.00227051

0.00300293 0.00224793
0.00300531 0.00224609

0.00307617 0.00218822
0.00306584 0.00219727

0.00302734 0.00223335
0.00306992 0.00219727

0.00307617 0.00219131
0.00312431 0.00214844

0.00244141 0.00261148
0.0023896 0.00263672

0.00234375 0.00265748
0.00238637 0.00263672

0.00244141 0.00261097
0.00253906 0.00255983

0.00273438 0.00244679
0.00257827 0.00253906

0.00253906 0.00255915
0.0025736 0.00253906

0.00283203 0.00238024
0.0027403 0.00244141

0.00273438 0.00244459
0.00273933 0.00244141

0.00283203 0.00237931
0.00288156 0.00234375

0.003125 1.46252e-05
0.00314941 1.55847e-05

0.00314941 1.50474e-05
0.00317383 1.59696e-05

0.00317383 1.54334e-05
0.00319824 1.6338e-05

0.00319824 1.5825e-05
0.00322266 1.67624e-05

0.00322266 1.62601e-05
0.00324707 1.71799e-05

0.00324707 1.66321e-05
0.00327148 1.76347e-05

0.00327148 1.70543e-05
0.0032959 1.8265e-05

0.0032959 1.77763e-05
0.00332031 1.88297e-05

0.00332031 1.80061e-05
0.00334473 1.94124e-05

0.00334473 1.91032e-05
0.00336914 2.03154e-05

0.00336914 1.42325e-05
0.00339093 2.44141e-05

0.00338993 2.44141e-05
0.00339355 2.57757e-05

0.00339355 2.74539e-05
0.00341797 4.81913e-05

0.00341767 4.88281e-05
0.00341797 4.91209e-05

0.00341797 4.84004e-05
0.00341841 4.88281e-05

0.00341797 4.92088e-05
0.00344193 7.32422e-05

0.00344201 7.32422e-05
0.00344238 7.36278e-05

0.00344238 7.37725e-05
0.00346458 9.76563e-05

0.00346502 9.76563e-05
0.0034668 9.96477e-05

0.0034668 0.000100348
0.0034857 0.00012207

0.00348547 0.00012207
0.00349121 0.000128962

0.00349121 0.000128645
0.00350582 0.000146484

0.00350609 0.000146484
0.00351563 0.000158978

0.00351563 0.000159443
0.00354254 0.000195313

0.00354295 0.000195313
0.00356445 0.000227603

0.00356445 0.000229582
0.00357397 0.000244141

0.00357492 0.000244141
0.00360375 0.000292969

0.00360454 0.000292969
0.00361328 0.000310553

0.00361328 0.000312106
0.00362879 0.000341797

0.00362903 0.000341797
0.00365167 0.000390625

0.00365233 0.000390625
0.00368984 0.000488281

0.00368967 0.000488281
0.00371094 0.000563249

0.00371094 0.000565187
0.00371682 0.000585938

0.00371705 0.000585937
0.00373594 0.000683594

0.00373558 0.000683594
0.00374681 0.00078125

0.00374879 0.00078125
0.00374947 0.000976562

0.00374916 0.000976562
0.00372123 0.00117188

0.00371094 0.00120925
0.00366557 0.00136719

0.00366561 0.00136719
0.00358038 0.0015625

0.00371094 0.00120459
0.00371908 0.00117187

0.00332031 0.00194391
0.00331262 0.00195312

0.00351563 0.00167535
0.00346373 0.00175781

0.00341797 0.00182229
0.00339433 0.00185547

0.00332031 0.00194685
0.00339424 0.00185547

0.00346295 0.00175781
0.00342897 0.00180664

0.00341797 0.00181953
0.00342705 0.00180664

0.00322266 0.00205393
0.00312535 0.00214844

0.00331526 0.00195313
0.00322583 0.00205078

0.00322266 0.00205544
0.00322719 0.00205078

0.003125 0.00214863
0.00312521 0.00214844

0.00357832 0.0015625
0.00352458 0.00166016

0.00351563 0.0016727
0.00352326 0.00166016

