7.15394e-05 0
7.32422e-05 4.97914e-06

7.32422e-05 5.83195e-07
9.59142e-05 2.44141e-05

9.73432e-05 2.44141e-05
9.76563e-05 2.45237e-05

9.76563e-05 1.43285e-05
0.00012207 1.519e-05

0.00012207 1.40822e-05
0.000146484 1.39542e-05

0.000146484 1.44567e-05
0.000170898 1.4861e-05

0.000170898 1.44698e-05
0.000195313 1.42033e-05

0.000195313 1.45215e-05
0.000219727 1.43757e-05

0.000219727 1.40413e-05
0.000244141 1.44032e-05

0.000244141 1.44755e-05
0.000268555 1.49912e-05

0.000268555 1.51068e-05
0.000292969 1.41589e-05

0.000292969 1.44643e-05
0.000317383 1.35016e-05

0.000317383 1.37598e-05
0.000341797 1.4021e-05

0.000341797 1.40753e-05
0.000366211 1.42895e-05

0.000366211 1.44253e-05
0.000390625 1.36848e-05

0.000390625 1.39432e-05
0.000415039 1.3291e-05

0.000415039 1.34466e-05
0.000439453 1.36865e-05

0.000439453 1.36898e-05
0.000463867 1.39018e-05

0.000463867 1.39931e-05
0.000488281 1.34578e-05

0.000488281 1.36596e-05
0.000512695 1.31332e-05

0.000512695 1.32655e-05
0.000537109 1.34113e-05

0.000537109 1.34352e-05
0.000561523 1.3571e-05

0.000561523 1.3646e-05
0.000585937 1.32301e-05

0.000585938 1.3405e-05
0.000610352 1.29927e-05

0.000610352 1.30632e-05
0.000634766 1.32165e-05

0.000634766 1.32179e-05
0.00065918 1.34008e-05

0.00065918 1.33713e-05
0.000683594 1.31733e-05

0.000683594 1.32383e-05
0.000708008 1.30936e-05

0.000708008 1.30125e-05
0.000732422 1.33235e-05

0.000732422 1.32249e-05
0.000756836 1.35563e-05

0.000756836 1.3395e-05
0.00078125 1.3424e-05

0.00078125 1.33835e-05
0.000805664 1.34402e-05

0.000805664 1.33725e-05
0.000830078 1.35296e-05

0.000830078 1.34262e-05
0.000854492 1.36285e-05

0.000854492 1.35247e-05
0.000878906 1.36763e-05

0.000878906 1.35621e-05
0.00090332 1.37175e-05

0.00090332 1.36095e-05
0.000927734 1.38232e-05

0.000927734 1.36795e-05
0.000952148 1.39203e-05

0.000952148 1.37748e-05
0.000976562 1.40208e-05

0.000976562 1.3884e-05
0.00100098 1.40892e-05

0.00100098 1.39125e-05
0.00102539 1.41966e-05

0.00102539 1.39776e-05
0.0010498 1.44325e-05

0.0010498 1.42943e-05
0.00107422 1.45212e-05

0.00107422 1.42095e-05
0.00109863 1.45564e-05

0.00109863 1.44985e-05
0.00112305 1.48651e-05

0.00112305 1.44876e-05
0.00114746 1.48632e-05

0.00114746 1.45832e-05
0.00117187 1.53858e-05

0.00117188 1.50233e-05
0.00119629 1.5642e-05

0.00119629 1.55384e-05
0.0012207 1.54636e-05

0.0012207 1.50557e-05
0.00124512 1.54838e-05

0.00124512 1.5791e-05
0.00126953 1.59346e-05

0.00126953 1.52009e-05
0.00129395 1.55832e-05

0.00129395 1.62027e-05
0.00131836 1.61789e-05

0.00131836 1.54584e-05
0.00134277 1.52847e-05

0.00134277 1.69843e-05
0.00136719 1.50985e-05

0.00134277 2.44351e-05
0.00134342 2.44141e-05

0.0013916 5.748e-07
0.00136985 2.44141e-05

0.00136719 2.45929e-05
0.00136768 2.44141e-05

0.0013916 3.32832e-06
0.00139272 0

0.00146265 0
0.00146484 6.30988e-06

0.00146484 4.99795e-06
0.00148396 2.44141e-05

0.00148469 2.44141e-05
0.00148926 2.60365e-05

0.00148926 1.7533e-05
0.00151367 1.77224e-05

0.00150563 2.44141e-05
0.00151367 2.44269e-05

0.00151367 1.71639e-05
0.00153809 1.69189e-05

0.00151367 2.44244e-05
0.00151856 2.44141e-05

0.0015625 6.17669e-06
0.00154354 2.44141e-05

0.00153809 2.62036e-05
0.00154335 2.44141e-05

0 0.00312212
0.000390625 0.00311111

0.000390625 0.00311139
0.00078125 0.00307777

0.00078125 0.00307841
0.00117187 0.00302033

0.00117188 0.00302137
0.0015625 0.00293546

0.0015625 7.73904e-06
0.00156529 0

0.00165648 0
0.00166016 8.99138e-06

0.00166016 1.03463e-05
0.00167523 2.44141e-05

0.00167449 2.44141e-05
0.00168457 2.81401e-05

0.00168457 1.8515e-05
0.00170898 1.8873e-05

0.00169678 2.44141e-05
0.00170898 2.45056e-05

0.0017334 1.13281e-05
0.0017185 2.44141e-05

0.00170898 2.81088e-05
0.00171937 2.44141e-05

0.0017334 1.23753e-05
0.00173872 0

0.00180076 0
0.00180664 1.35968e-05

0.00180664 7.43635e-06
0.00183105 1.45376e-05

0.00183105 8.15782e-06
0.00185547 5.41332e-07

0.00185547 6.59292e-07
0.00187988 1.55361e-05

0.00187988 9.0386e-06
0.0019043 1.23514e-05

0.0019043 9.55766e-06
0.00192871 1.01989e-05

0.00192871 9.89949e-06
0.00195312 1.22173e-05

0.00195312 9.52859e-06
0.00197754 1.29648e-05

0.00197754 1.35645e-05
0.00200195 1.29443e-05

0.00200195 1.52456e-05
0.00202637 6.42496e-06

0.00202637 6.90482e-06
0.00205078 9.2467e-06

0.00205078 9.70526e-06
0.0020752 1.44639e-05

0.0020752 9.90184e-06
0.00209961 1.18531e-05

0.00209961 1.33314e-05
0.00212402 1.33517e-05

0.00212402 1.30777e-05
0.00214844 8.70407e-06

0.00214844 8.29708e-06
0.00217285 1.29241e-05

0.00217285 1.37526e-05
0.00219727 1.38289e-05

0.00219727 1.3202e-05
0.00222168 8.1209e-06

0.00222168 8.00003e-06
0.00224609 1.32363e-05

0.00224609 1.39125e-05
0.00227051 1.39643e-05

0.00227051 1.38098e-05
0.00229492 7.49604e-06

0.00229492 8.21837e-06
0.00231934 1.18519e-05

0.00231934 1.06362e-05
0.00234375 1.49893e-05

0.00234375 1.50262e-05
0.00236816 1.08191e-05

0.00236816 1.24993e-05
0.00239258 7.53421e-06

0.00239258 7.54161e-06
0.00241699 1.24782e-05

0.00241699 1.07354e-05
0.00244141 1.50877e-05

0.00244141 1.50829e-05
0.00246582 1.07295e-05

0.00246582 1.24631e-05
0.00249023 7.56606e-06

0.00249023 7.5667e-06
0.00251465 1.24998e-05

0.00251465 1.07595e-05
0.00253906 1.50609e-05

0.00253906 1.50536e-05
0.00256348 1.0739e-05

0.00256348 1.24314e-05
0.00258789 7.64638e-06

0.00258789 7.63754e-06
0.0026123 1.2529e-05

0.0026123 1.08864e-05
0.00263672 1.49515e-05

0.00263672 1.48914e-05
0.00266113 1.0682e-05

0.00266113 1.18989e-05
0.00268555 8.35072e-06

0.00268555 7.56917e-06
0.00270996 1.37696e-05

0.00270996 1.38913e-05
0.00273438 1.4051e-05

0.00273437 1.38168e-05
0.00275879 7.73733e-06

0.00275879 8.50024e-06
0.0027832 1.1855e-05

0.0027832 1.08135e-05
0.00280762 1.47641e-05

0.00280762 1.47654e-05
0.00283203 1.08275e-05

0.00283203 1.18914e-05
0.00285645 8.46457e-06

0.00285645 7.7314e-06
0.00288086 1.3754e-05

0.00288086 1.39337e-05
0.00290527 1.39198e-05

0.00290527 1.35738e-05
0.00292969 7.89288e-06

0.00292969 8.65065e-06
0.0029541 1.21028e-05

0.0029541 1.14298e-05
0.00297852 1.42136e-05

0.00297852 1.19278e-05
0.00300293 1.24918e-05

0.00300293 1.23727e-05
0.00302734 1.40478e-05

0.00302734 1.28787e-05
0.00305176 1.39209e-05

0.00305176 1.3392e-05
0.00307617 1.45649e-05

0.00307617 1.38147e-05
0.00310059 1.47671e-05

0.00310059 1.42105e-05
0.003125 1.52361e-05

0.00175781 0.00287947
0.0015769 0.00292969

0.0015625 0.00293382
0.00157739 0.00292969

0.00175781 0.00287998
0.00195312 0.00281704

0.00234375 0.00265923
0.0021718 0.00273438

0.00195312 0.00281738
0.00214844 0.00274402

0.00214844 0.00274365
0.00216967 0.00273438

0.00292969 0.00231153
0.00288508 0.00234375

0.00302734 0.00223417
0.00301238 0.00224609

0.00297852 0.00227148
0.00294865 0.00229492

0.00292969 0.00231029
0.00294947 0.00229492

0.00300293 0.00225253
0.00298015 0.00227051

0.00297852 0.00227233
0.00298078 0.00227051

0.00300293 0.00224794
0.00300532 0.00224609

0.00307617 0.00218822
0.00306584 0.00219727

0.00302734 0.00223337
0.00306994 0.00219727

0.00307617 0.00219133
0.00312433 0.00214844

0.00244141 0.00261149
0.00238962 0.00263672

0.00234375 0.00265749
0.00238639 0.00263672

0.00244141 0.00261098
0.00253906 0.00255984

0.00273438 0.0024468
0.00257829 0.00253906

0.00253906 0.00255916
0.00257362 0.00253906

0.00283203 0.00238025
0.00274032 0.00244141

0.00273438 0.00244461
0.00273936 0.00244141

0.00283203 0.00237932
0.00288157 0.00234375

0.003125 1.46332e-05
0.00314941 1.55969e-05

0.00314941 1.50699e-05
0.00317383 1.5968e-05

0.00317383 1.54968e-05
0.00319824 1.62545e-05

0.00319824 1.58333e-05
0.00322266 1.65174e-05

0.00322266 1.59503e-05
0.00324707 1.70098e-05

0.00324707 1.65619e-05
0.00327148 1.77061e-05

0.00327148 1.6933e-05
0.0032959 1.81608e-05

0.0032959 1.78293e-05
0.00332031 1.88039e-05

0.00332031 1.79909e-05
0.00334473 1.90376e-05

0.00334473 1.91086e-05
0.00336914 1.96181e-05

0.00336914 1.31753e-05
0.00339265 2.44141e-05

0.00339132 2.44141e-05
0.00339355 2.52761e-05

0.00339355 2.69307e-05
0.00341797 4.83888e-05

0.00341753 4.88281e-05
0.00341797 4.92673e-05

0.00341797 4.95604e-05
0.00344123 7.32422e-05

0.00344152 7.32422e-05
0.00344238 7.41383e-05

0.00344238 7.43832e-05
0.00346403 9.76563e-05

0.00346453 9.76563e-05
0.0034668 0.000100211

0.0034668 0.000100928
0.00348527 0.00012207

0.00348506 0.00012207
0.00349121 0.000129437

0.00349121 0.000129099
0.0035055 0.000146484

0.00350578 0.000146484
0.00351563 0.00015935

0.00351563 0.00015983
0.00354233 0.000195313

0.00354273 0.000195313
0.00356445 0.000227857

0.00356445 0.000229861
0.00357379 0.000244141

0.00357477 0.000244141
0.00360366 0.000292969

0.00360445 0.000292969
0.00361328 0.000310719

0.00361328 0.000312273
0.00362872 0.000341797

0.00362896 0.000341797
0.00365163 0.000390625

0.00365229 0.000390625
0.00368983 0.000488281

0.00368966 0.000488281
0.00371094 0.00056324

0.00371094 0.000565189
0.00371683 0.000585938

0.00371705 0.000585937
0.00373595 0.000683594

0.00373558 0.000683594
0.00374682 0.00078125

0.0037488 0.00078125
0.00374947 0.000976562

0.00374916 0.000976562
0.00372124 0.00117188

0.00371094 0.00120927
0.00366558 0.00136719

0.00366561 0.00136719
0.00358039 0.0015625

0.00371094 0.00120461
0.00371909 0.00117187

0.00332031 0.00194391
0.00331263 0.00195312

0.00351563 0.00167537
0.00346375 0.00175781

0.00341797 0.00182233
0.00339435 0.00185547

0.00332031 0.00194687
0.00339426 0.00185547

0.00346297 0.00175781
0.00342899 0.00180664

0.00341797 0.00181953
0.00342706 0.00180664

0.00322266 0.00205395
0.00312536 0.00214844

0.00331528 0.00195313
0.00322585 0.00205078

0.00322266 0.00205546
0.00322721 0.00205078

0.003125 0.00214865
0.00312523 0.00214844

0.00357833 0.0015625
0.00352459 0.00166016

0.00351563 0.00167271
0.00352327 0.00166016

