7.18156e-05 0
7.32422e-05 4.20382e-06

7.32422e-05 2.81157e-07
9.58546e-05 2.44141e-05

9.68318e-05 2.44141e-05
9.76563e-05 2.47073e-05

9.76563e-05 1.43788e-05
0.00012207 1.53667e-05

0.00012207 1.41466e-05
0.000146484 1.38702e-05

0.000146484 1.4441e-05
0.000170898 1.48703e-05

0.000170898 1.44653e-05
0.000195313 1.42275e-05

0.000195313 1.4491e-05
0.000219727 1.44448e-05

0.000219727 1.41029e-05
0.000244141 1.45171e-05

0.000244141 1.46522e-05
0.000268555 1.49383e-05

0.000268555 1.50299e-05
0.000292969 1.40466e-05

0.000292969 1.44382e-05
0.000317383 1.35978e-05

0.000317383 1.37298e-05
0.000341797 1.40509e-05

0.000341797 1.42996e-05
0.000366211 1.42279e-05

0.000366211 1.42117e-05
0.000390625 1.34588e-05

0.000390625 1.37524e-05
0.000415039 1.36315e-05

0.000415039 1.36826e-05
0.000439453 1.38064e-05

0.000439453 1.38705e-05
0.000463867 1.36993e-05

0.000463867 1.39061e-05
0.000488281 1.33263e-05

0.000488281 1.3458e-05
0.000512695 1.3251e-05

0.000512695 1.33653e-05
0.000537109 1.3563e-05

0.000537109 1.36106e-05
0.000561523 1.33888e-05

0.000561523 1.35131e-05
0.000585937 1.30895e-05

0.000585938 1.32484e-05
0.000610352 1.31347e-05

0.000610352 1.31748e-05
0.000634766 1.32635e-05

0.000634766 1.32324e-05
0.00065918 1.32788e-05

0.00065918 1.32659e-05
0.000683594 1.32397e-05

0.000683594 1.32695e-05
0.000708008 1.32037e-05

0.000708008 1.31576e-05
0.000732422 1.32529e-05

0.000732422 1.31275e-05
0.000756836 1.34836e-05

0.000756836 1.34009e-05
0.00078125 1.35277e-05

0.00078125 1.34458e-05
0.000805664 1.3351e-05

0.000805664 1.33108e-05
0.000830078 1.34789e-05

0.000830078 1.34176e-05
0.000854492 1.36258e-05

0.000854492 1.3457e-05
0.000878906 1.36397e-05

0.000878906 1.35477e-05
0.00090332 1.37665e-05

0.00090332 1.35991e-05
0.000927734 1.38236e-05

0.000927734 1.37067e-05
0.000952148 1.3944e-05

0.000952148 1.3767e-05
0.000976562 1.40137e-05

0.000976562 1.38644e-05
0.00100098 1.4161e-05

0.00100098 1.39653e-05
0.00102539 1.42694e-05

0.00102539 1.40677e-05
0.0010498 1.44269e-05

0.0010498 1.42814e-05
0.00107422 1.45124e-05

0.00107422 1.42812e-05
0.00109863 1.45759e-05

0.00109863 1.43917e-05
0.00112305 1.48679e-05

0.00112305 1.45846e-05
0.00114746 1.50332e-05

0.00114746 1.47669e-05
0.00117187 1.52183e-05

0.00117188 1.50083e-05
0.00119629 1.53488e-05

0.00119629 1.53007e-05
0.0012207 1.52482e-05

0.0012207 1.43988e-05
0.00124512 1.58709e-05

0.00124512 1.64427e-05
0.00126953 1.66012e-05

0.00126953 1.57764e-05
0.00129395 1.4768e-05

0.00129395 1.57848e-05
0.00131836 1.55318e-05

0.00131836 1.46104e-05
0.00134277 1.5508e-05

0.00134277 1.70247e-05
0.00136719 1.58163e-05

0.0013916 8.15392e-07
0.00137013 2.44141e-05

0.0013916 3.54337e-06
0.0013928 0

0.00146288 0
0.00146484 5.74741e-06

0.00146484 4.52107e-06
0.00148404 2.44141e-05

0.001485 2.44141e-05
0.00148926 2.59518e-05

0.00148926 1.75503e-05
0.00151367 1.81495e-05

0.00151367 1.74698e-05
0.00153809 1.69425e-05

0.0015625 6.02249e-06
0.00154358 2.44141e-05

0.00153809 2.61897e-05
0.00154325 2.44141e-05

0 0.00312213
0.000390625 0.00311112

0.000390625 0.0031114
0.00078125 0.00307778

0.00078125 0.00307842
0.00117187 0.00302034

0.00117188 0.00302139
0.0015625 0.00293548

0.0015625 7.51008e-06
0.00156519 0

0.00165636 0
0.00166016 9.25657e-06

0.00166016 1.04117e-05
0.00167523 2.44141e-05

0.00167446 2.44141e-05
0.00168457 2.81391e-05

0.00168457 1.85016e-05
0.00170898 1.88688e-05

0.00169681 2.44141e-05
0.00170898 2.45074e-05

0.0017334 1.13621e-05
0.00171858 2.44141e-05

0.00170898 2.81132e-05
0.00171935 2.44141e-05

0.0017334 1.21033e-05
0.00173859 0

0.0017976 0
0.00180664 1.69081e-05

0.00180664 9.86489e-06
0.00183105 1.08753e-05

0.00183105 6.65971e-06
0.00185547 3.54789e-07

0.00185609 0
0.00187988 1.67644e-05

0.00187988 9.14659e-06
0.0019043 1.22029e-05

0.0019043 9.4355e-06
0.00192871 1.01875e-05

0.00192871 9.92067e-06
0.00195312 1.2279e-05

0.00195312 9.50562e-06
0.00197754 1.29003e-05

0.00197754 1.35568e-05
0.00200195 1.29785e-05

0.00200195 1.5238e-05
0.00202637 6.40117e-06

0.00202637 6.89692e-06
0.00205078 9.26529e-06

0.00205078 9.70571e-06
0.0020752 1.44598e-05

0.0020752 9.91037e-06
0.00209961 1.18505e-05

0.00209961 1.33354e-05
0.00212402 1.33295e-05

0.00212402 1.29759e-05
0.00214844 8.77713e-06

0.00214844 8.39976e-06
0.00217285 1.30148e-05

0.00217285 1.38883e-05
0.00219727 1.36706e-05

0.00219727 1.30157e-05
0.00222168 8.10867e-06

0.00222168 8.02895e-06
0.00224609 1.34163e-05

0.00224609 1.4059e-05
0.00227051 1.3825e-05

0.00227051 1.37277e-05
0.00229492 7.40324e-06

0.00229492 8.14892e-06
0.00231934 1.1943e-05

0.00231934 1.06491e-05
0.00234375 1.49859e-05

0.00234375 1.50319e-05
0.00236816 1.0816e-05

0.00236816 1.24976e-05
0.00239258 7.53321e-06

0.00239258 7.54217e-06
0.00241699 1.24812e-05

0.00241699 1.07372e-05
0.00244141 1.50862e-05

0.00244141 1.50832e-05
0.00246582 1.07286e-05

0.00246582 1.24625e-05
0.00249023 7.5655e-06

0.00249023 7.5664e-06
0.00251465 1.24997e-05

0.00251465 1.07582e-05
0.00253906 1.50611e-05

0.00253906 1.50562e-05
0.00256348 1.07379e-05

0.00256348 1.24335e-05
0.00258789 7.63844e-06

0.00258789 7.629e-06
0.0026123 1.25286e-05

0.0026123 1.08833e-05
0.00263672 1.49568e-05

0.00263672 1.48975e-05
0.00266113 1.0678e-05

0.00266113 1.18957e-05
0.00268555 8.34305e-06

0.00268555 7.56338e-06
0.00270996 1.37732e-05

0.00270996 1.38885e-05
0.00273438 1.40532e-05

0.00273437 1.38138e-05
0.00275879 7.74491e-06

0.00275879 8.51011e-06
0.0027832 1.18561e-05

0.0027832 1.0812e-05
0.00280762 1.47606e-05

0.00280762 1.47704e-05
0.00283203 1.08312e-05

0.00283203 1.19066e-05
0.00285645 8.44244e-06

0.00285645 7.69606e-06
0.00288086 1.37552e-05

0.00288086 1.39697e-05
0.00290527 1.39191e-05

0.00290527 1.36147e-05
0.00292969 7.76849e-06

0.00292969 8.45251e-06
0.0029541 1.2152e-05

0.0029541 1.14072e-05
0.00297852 1.44432e-05

0.00297852 1.204e-05
0.00300293 1.25823e-05

0.00300293 1.25523e-05
0.00302734 1.4051e-05

0.00302734 1.29528e-05
0.00305176 1.38096e-05

0.00305176 1.33405e-05
0.00307617 1.45261e-05

0.00307617 1.37771e-05
0.00310059 1.47829e-05

0.00310059 1.42345e-05
0.003125 1.52034e-05

0.00175781 0.00287948
0.00157694 0.00292969

0.0015625 0.00293383
0.00157744 0.00292969

0.00175781 0.00288
0.00195312 0.00281705

0.00234375 0.00265925
0.00217184 0.00273438

0.00195312 0.00281739
0.00214844 0.00274404

0.00214844 0.00274367
0.00216971 0.00273438

0.00292969 0.00231156
0.00288512 0.00234375

0.00302734 0.0022342
0.00301242 0.00224609

0.00297852 0.0022715
0.00294868 0.00229492

0.00292969 0.00231031
0.00294949 0.00229492

0.00300293 0.00225255
0.00298017 0.00227051

0.00297852 0.00227235
0.00298081 0.00227051

0.00300293 0.00224795
0.00300534 0.00224609

0.00307617 0.00218822
0.00306585 0.00219727

0.00302734 0.00223339
0.00306996 0.00219727

0.00307617 0.00219135
0.00312435 0.00214844

0.00244141 0.00261151
0.00238966 0.00263672

0.00234375 0.00265751
0.00238642 0.00263672

0.00244141 0.002611
0.00253906 0.00255986

0.00273438 0.00244682
0.00257832 0.00253906

0.00253906 0.00255918
0.00257365 0.00253906

0.00283203 0.00238027
0.00274035 0.00244141

0.00273438 0.00244463
0.00273939 0.00244141

0.00283203 0.00237934
0.00288159 0.00234375

0.003125 1.46317e-05
0.00314941 1.54833e-05

0.00314941 1.50053e-05
0.00317383 1.58337e-05

0.00317383 1.5304e-05
0.00319824 1.62056e-05

0.00319824 1.56204e-05
0.00322266 1.67727e-05

0.00322266 1.62259e-05
0.00324707 1.73265e-05

0.00324707 1.67646e-05
0.00327148 1.76407e-05

0.00327148 1.69716e-05
0.0032959 1.82263e-05

0.0032959 1.78425e-05
0.00332031 1.89892e-05

0.00332031 1.80907e-05
0.00334473 1.93986e-05

0.00334473 1.97407e-05
0.00336914 1.97067e-05

0.00336914 1.286e-05
0.00339331 2.44141e-05

0.00339134 2.44141e-05
0.00339355 2.53005e-05

0.00339355 2.75887e-05
0.00341758 4.88281e-05

0.00341748 4.88281e-05
0.00341797 4.9298e-05

0.00341797 4.97103e-05
0.00344149 7.32422e-05

0.00344158 7.32422e-05
0.00344238 7.40727e-05

0.00344238 7.42627e-05
0.00346419 9.76563e-05

0.00346473 9.76563e-05
0.0034668 9.99825e-05

0.0034668 0.000100781
0.00348543 0.00012207

0.00348522 0.00012207
0.00349121 0.000129225

0.00349121 0.000128865
0.0035057 0.000146484

0.00350594 0.000146484
0.00351563 0.000159147

0.00351563 0.000159612
0.00354248 0.000195313

0.00354287 0.000195313
0.00356445 0.000227686

0.00356445 0.000229669
0.00357392 0.000244141

0.00357487 0.000244141
0.00360372 0.000292969

0.00360451 0.000292969
0.00361328 0.000310617

0.00361328 0.000312158
0.00362877 0.000341797

0.003629 0.000341797
0.00365164 0.000390625

0.0036523 0.000390625
0.0036898 0.000488281

0.00368963 0.000488281
0.00371094 0.000563407

0.00371094 0.000565334
0.00371678 0.000585938

0.003717 0.000585937
0.00373589 0.000683594

0.00373553 0.000683594
0.00374676 0.00078125

0.00374874 0.00078125
0.00374942 0.000976562

0.00374911 0.000976562
0.0037212 0.00117188

0.00371094 0.00120915
0.00366556 0.00136719

0.00366559 0.00136719
0.00358038 0.0015625

0.00371094 0.00120446
0.00371904 0.00117187

0.00332031 0.00194391
0.00331263 0.00195312

0.00351563 0.00167537
0.00346376 0.00175781

0.00341797 0.00182235
0.00339437 0.00185547

0.00332031 0.00194689
0.00339427 0.00185547

0.00346297 0.00175781
0.00342899 0.00180664

0.00341797 0.0018195
0.00342703 0.00180664

0.00322266 0.00205397
0.00312538 0.00214844

0.00331529 0.00195313
0.00322587 0.00205078

0.00322266 0.00205549
0.00322724 0.00205078

0.003125 0.00214867
0.00312525 0.00214844

0.00357832 0.0015625
0.00352459 0.00166016

0.00351563 0.0016727
0.00352326 0.00166016

