7.16466e-05 0
7.32422e-05 4.67946e-06

7.32422e-05 5.08973e-07
9.59343e-05 2.44141e-05

9.74038e-05 2.44141e-05
9.76563e-05 2.45027e-05

9.76563e-05 1.42434e-05
0.00012207 1.51919e-05

0.000120423 2.44141e-05
0.00012207 2.44389e-05

0.00012207 1.40768e-05
0.000146484 1.40031e-05

0.000146484 1.45921e-05
0.000170898 1.47281e-05

0.000170898 1.40108e-05
0.000195313 1.42827e-05

0.000195313 1.47173e-05
0.000219727 1.50322e-05

0.000219727 1.47955e-05
0.000244141 1.39993e-05

0.000244141 1.44211e-05
0.000268555 1.40693e-05

0.000268555 1.39971e-05
0.000292969 1.42499e-05

0.000292969 1.43088e-05
0.000317383 1.45746e-05

0.000317383 1.47396e-05
0.000341797 1.39235e-05

0.000341797 1.41977e-05
0.000366211 1.34173e-05

0.000366211 1.36216e-05
0.000390625 1.38549e-05

0.000390625 1.3892e-05
0.000415039 1.40752e-05

0.000415039 1.41968e-05
0.000439453 1.35578e-05

0.000439453 1.37867e-05
0.000463867 1.32165e-05

0.000463867 1.33543e-05
0.000488281 1.35543e-05

0.000488281 1.35716e-05
0.000512695 1.37268e-05

0.000512695 1.38185e-05
0.000537109 1.33204e-05

0.000537109 1.35058e-05
0.000561523 1.30572e-05

0.000561523 1.3165e-05
0.000585937 1.33201e-05

0.000585938 1.33446e-05
0.000610352 1.34436e-05

0.000610352 1.35361e-05
0.000634766 1.30932e-05

0.000634766 1.31682e-05
0.00065918 1.29779e-05

0.00065918 1.2989e-05
0.000683594 1.33668e-05

0.000683594 1.32734e-05
0.000708008 1.34171e-05

0.000708008 1.33811e-05
0.000732422 1.31831e-05

0.000732422 1.31569e-05
0.000756836 1.32464e-05

0.000756836 1.31378e-05
0.00078125 1.3556e-05

0.00078125 1.34027e-05
0.000805664 1.36104e-05

0.000805664 1.35516e-05
0.000830078 1.34476e-05

0.000830078 1.34017e-05
0.000854492 1.34582e-05

0.000854492 1.33046e-05
0.000878906 1.37778e-05

0.000878906 1.36344e-05
0.00090332 1.39269e-05

0.00090332 1.38294e-05
0.000927734 1.36913e-05

0.000927734 1.36221e-05
0.000952148 1.3732e-05

0.000952148 1.35126e-05
0.000976562 1.4173e-05

0.000976562 1.39976e-05
0.00100098 1.4358e-05

0.00100098 1.41864e-05
0.00102539 1.40534e-05

0.00102539 1.3965e-05
0.0010498 1.41855e-05

0.0010498 1.38161e-05
0.00107422 1.47642e-05

0.00107422 1.46271e-05
0.00109863 1.50114e-05

0.00109863 1.47288e-05
0.00112305 1.44657e-05

0.00112305 1.44869e-05
0.00114746 1.47304e-05

0.00114746 1.4159e-05
0.00117187 1.54253e-05

0.00117188 1.53141e-05
0.00119629 1.59721e-05

0.00119629 1.54811e-05
0.0012207 1.52068e-05

0.0012207 1.52963e-05
0.00124512 1.55273e-05

0.00124512 1.54168e-05
0.00126953 1.56602e-05

0.00126953 1.49998e-05
0.00129395 1.62364e-05

0.00129395 1.68816e-05
0.00131836 1.63357e-05

0.00131836 1.57181e-05
0.00134277 1.45645e-05

0.00134277 1.63245e-05
0.00136719 1.49229e-05

0.00134277 2.44448e-05
0.00134409 2.44141e-05

0.0013916 1.07357e-06
0.00136978 2.44141e-05

0.00136719 2.49048e-05
0.00136856 2.44141e-05

0.0013916 3.2017e-06
0.00139268 0

0.00146258 0
0.00146484 6.47163e-06

0.00146484 5.30227e-06
0.00148405 2.44141e-05

0.00148471 2.44141e-05
0.00148926 2.59911e-05

0.00148926 1.68528e-05
0.00151367 1.75965e-05

0.00150959 2.44141e-05
0.00151367 2.44643e-05

0.00151367 1.7698e-05
0.00153809 1.75929e-05

0.00153378 2.44141e-05
0.00153809 2.44236e-05

0.0015625 5.51857e-06
0.00154353 2.44141e-05

0.00153809 2.60546e-05
0.00154273 2.44141e-05

0 0.00312214
0.000390625 0.00311112

0.000390625 0.00311141
0.00078125 0.00307779

0.00078125 0.00307843
0.00117187 0.00302035

0.00117188 0.00302139
0.0015625 0.00293549

0.0015625 7.53389e-06
0.00156517 0

0.00165634 0
0.00166016 9.29225e-06

0.00166016 1.04113e-05
0.00167522 2.44141e-05

0.00167448 2.44141e-05
0.00168457 2.81333e-05

0.00168457 1.85217e-05
0.00170898 1.88825e-05

0.00169655 2.44141e-05
0.00170898 2.45099e-05

0.0017334 1.1328e-05
0.00171856 2.44141e-05

0.00170898 2.81484e-05
0.00171944 2.44141e-05

0.0017334 1.21235e-05
0.00173859 0

0.00179942 0
0.00180664 1.5073e-05

0.00180664 7.03048e-06
0.00183105 1.33912e-05

0.00183105 7.65562e-06
0.00185547 1.53178e-06

0.00185547 6.13527e-07
0.00187988 1.52389e-05

0.00187988 9.07521e-06
0.0019043 1.26074e-05

0.0019043 9.59577e-06
0.00192871 1.00604e-05

0.00192871 9.90882e-06
0.00195312 1.23017e-05

0.00195312 9.56465e-06
0.00197754 1.29196e-05

0.00197754 1.35593e-05
0.00200195 1.29424e-05

0.00200195 1.5232e-05
0.00202637 6.43387e-06

0.00202637 6.91225e-06
0.00205078 9.25827e-06

0.00205078 9.71085e-06
0.0020752 1.44591e-05

0.0020752 9.91355e-06
0.00209961 1.18501e-05

0.00209961 1.33352e-05
0.00212402 1.33298e-05

0.00212402 1.29776e-05
0.00214844 8.77882e-06

0.00214844 8.40064e-06
0.00217285 1.30135e-05

0.00217285 1.38876e-05
0.00219727 1.36722e-05

0.00219727 1.30272e-05
0.00222168 8.09977e-06

0.00222168 8.01594e-06
0.00224609 1.3406e-05

0.00224609 1.40427e-05
0.00227051 1.38442e-05

0.00227051 1.37415e-05
0.00229492 7.4138e-06

0.00229492 8.15662e-06
0.00231934 1.19302e-05

0.00231934 1.06481e-05
0.00234375 1.49879e-05

0.00234375 1.50306e-05
0.00236816 1.08159e-05

0.00236816 1.24987e-05
0.00239258 7.53444e-06

0.00239258 7.54271e-06
0.00241699 1.24792e-05

0.00241699 1.07366e-05
0.00244141 1.50862e-05

0.00244141 1.50828e-05
0.00246582 1.07279e-05

0.00246582 1.24635e-05
0.00249023 7.56378e-06

0.00249023 7.564e-06
0.00251465 1.24984e-05

0.00251465 1.07566e-05
0.00253906 1.50627e-05

0.00253906 1.50576e-05
0.00256348 1.07368e-05

0.00256348 1.24352e-05
0.00258789 7.63361e-06

0.00258789 7.62374e-06
0.0026123 1.25273e-05

0.0026123 1.08807e-05
0.00263672 1.496e-05

0.00263672 1.49007e-05
0.00266113 1.06757e-05

0.00266113 1.18953e-05
0.00268555 8.33675e-06

0.00268555 7.55659e-06
0.00270996 1.37747e-05

0.00270996 1.38873e-05
0.00273438 1.40568e-05

0.00273437 1.38198e-05
0.00275879 7.73991e-06

0.00275879 8.50657e-06
0.0027832 1.18487e-05

0.0027832 1.07994e-05
0.00280762 1.47685e-05

0.00280762 1.47838e-05
0.00283203 1.0834e-05

0.00283203 1.19272e-05
0.00285645 8.40249e-06

0.00285645 7.6622e-06
0.00288086 1.37363e-05

0.00288086 1.39457e-05
0.00290527 1.3931e-05

0.00290527 1.35087e-05
0.00292969 7.86991e-06

0.00292969 8.56825e-06
0.0029541 1.22665e-05

0.0029541 1.15043e-05
0.00297852 1.4364e-05

0.00297852 1.20622e-05
0.00300293 1.25677e-05

0.00300293 1.25377e-05
0.00302734 1.40324e-05

0.00302734 1.2947e-05
0.00305176 1.38163e-05

0.00305176 1.33473e-05
0.00307617 1.45041e-05

0.00307617 1.37637e-05
0.00310059 1.47523e-05

0.00310059 1.42078e-05
0.003125 1.51861e-05

0.00175781 0.00287949
0.00157697 0.00292969

0.0015625 0.00293384
0.00157747 0.00292969

0.00175781 0.00288
0.00195312 0.00281706

0.00234375 0.00265926
0.00217186 0.00273438

0.00195312 0.0028174
0.00214844 0.00274405

0.00214844 0.00274368
0.00216974 0.00273438

0.00292969 0.00231157
0.00288514 0.00234375

0.00302734 0.00223421
0.00301243 0.00224609

0.00297852 0.0022715
0.00294868 0.00229492

0.00292969 0.00231032
0.0029495 0.00229492

0.00300293 0.00225255
0.00298018 0.00227051

0.00297852 0.00227236
0.00298082 0.00227051

0.00300293 0.00224791
0.00300529 0.00224609

0.00307617 0.0021882
0.00306583 0.00219727

0.00302734 0.0022334
0.00306997 0.00219727

0.00307617 0.00219135
0.00312435 0.00214844

0.00244141 0.00261152
0.00238968 0.00263672

0.00234375 0.00265752
0.00238645 0.00263672

0.00244141 0.00261101
0.00253906 0.00255987

0.00273438 0.00244683
0.00257834 0.00253906

0.00253906 0.00255919
0.00257367 0.00253906

0.00283203 0.00238027
0.00274036 0.00244141

0.00273438 0.00244464
0.0027394 0.00244141

0.00283203 0.00237934
0.00288159 0.00234375

0.003125 1.4589e-05
0.00314941 1.5495e-05

0.00314941 1.49473e-05
0.00317383 1.59364e-05

0.00317383 1.53775e-05
0.00319824 1.63757e-05

0.00319824 1.58368e-05
0.00322266 1.6778e-05

0.00322266 1.62265e-05
0.00324707 1.72024e-05

0.00324707 1.66775e-05
0.00327148 1.7721e-05

0.00327148 1.69786e-05
0.0032959 1.8411e-05

0.0032959 1.80429e-05
0.00332031 1.91398e-05

0.00332031 1.83824e-05
0.00334473 1.92011e-05

0.00334473 1.93733e-05
0.00336914 1.94467e-05

0.00336914 1.30682e-05
0.00339308 2.44141e-05

0.00339175 2.44141e-05
0.00339355 2.51065e-05

0.00339355 2.6923e-05
0.00341797 4.81804e-05

0.00341788 4.88281e-05
0.00341797 4.89101e-05

0.00341797 4.83073e-05
0.0034185 4.88281e-05

0.00341797 4.90486e-05
0.00344187 7.32422e-05

0.00344191 7.32422e-05
0.00344238 7.37395e-05

0.00344238 7.3889e-05
0.00346437 9.76563e-05

0.0034649 9.76563e-05
0.0034668 9.97853e-05

0.0034668 0.000100255
0.00350599 0.000146484

0.00350602 0.000146484
0.00351563 0.000159054

0.00351563 0.000159536
0.00354251 0.000195313

0.00354291 0.000195313
0.00356445 0.000227646

0.00356445 0.000229635
0.00357394 0.000244141

0.0035749 0.000244141
0.00360374 0.000292969

0.00360452 0.000292969
0.00361328 0.000310598

0.00361328 0.000312138
0.00362877 0.000341797

0.00362901 0.000341797
0.00365164 0.000390625

0.0036523 0.000390625
0.00368979 0.000488281

0.00368961 0.000488281
0.00371094 0.000563498

0.00371094 0.00056543
0.00371675 0.000585938

0.00371697 0.000585937
0.00373585 0.000683594

0.00373549 0.000683594
0.00374671 0.00078125

0.00374869 0.00078125
0.00374937 0.000976562

0.00374906 0.000976562
0.00372115 0.00117188

0.00371094 0.00120897
0.00366551 0.00136719

0.00366554 0.00136719
0.00358034 0.0015625

0.00371094 0.00120422
0.00371899 0.00117187

0.00332031 0.00194388
0.0033126 0.00195312

0.00351563 0.00167532
0.00346373 0.00175781

0.00341797 0.00182234
0.00339436 0.00185547

0.00332031 0.00194687
0.00339425 0.00185547

0.00346294 0.00175781
0.00342897 0.00180664

0.00341797 0.00181942
0.00342698 0.00180664

0.00322266 0.00205396
0.00312538 0.00214844

0.00331528 0.00195313
0.00322586 0.00205078

0.00322266 0.0020555
0.00322725 0.00205078

0.003125 0.00214866
0.00312524 0.00214844

0.00357828 0.0015625
0.00352456 0.00166016

0.00351563 0.00167263
0.00352322 0.00166016

