7.16954e-05 0
7.32422e-05 4.54796e-06

7.32422e-05 1.11762e-06
9.59084e-05 2.44141e-05

9.65456e-05 2.44141e-05
9.76563e-05 2.47944e-05

9.76563e-05 1.41273e-05
0.00012207 1.47926e-05

0.000121222 2.44141e-05
0.00012207 2.44229e-05

0.00012207 1.38994e-05
0.000146484 1.43347e-05

0.000146484 1.48527e-05
0.000170898 1.47508e-05

0.000170898 1.42314e-05
0.000195313 1.38418e-05

0.000195313 1.41192e-05
0.000219727 1.4874e-05

0.000219727 1.47864e-05
0.000244141 1.44751e-05

0.000244141 1.4609e-05
0.000268555 1.38911e-05

0.000268555 1.39186e-05
0.000292969 1.42215e-05

0.000292969 1.44048e-05
0.000317383 1.45657e-05

0.000317383 1.45433e-05
0.000341797 1.38482e-05

0.000341797 1.42797e-05
0.000366211 1.36123e-05

0.000366211 1.36383e-05
0.000390625 1.37367e-05

0.000390625 1.40185e-05
0.000415039 1.40221e-05

0.000415039 1.40285e-05
0.000439453 1.3352e-05

0.000439453 1.35084e-05
0.000463867 1.35178e-05

0.000463867 1.36275e-05
0.000488281 1.3767e-05

0.000488281 1.38368e-05
0.000512695 1.33971e-05

0.000512695 1.35976e-05
0.000537109 1.3145e-05

0.000537109 1.3222e-05
0.000561523 1.3349e-05

0.000561523 1.33836e-05
0.000585937 1.35442e-05

0.000585938 1.36068e-05
0.000610352 1.31993e-05

0.000610352 1.33617e-05
0.000634766 1.29713e-05

0.000634766 1.30622e-05
0.00065918 1.31804e-05

0.00065918 1.31473e-05
0.000683594 1.33557e-05

0.000683594 1.32784e-05
0.000708008 1.32652e-05

0.000708008 1.3234e-05
0.000732422 1.32499e-05

0.000732422 1.32029e-05
0.000756836 1.33638e-05

0.000756836 1.3277e-05
0.00078125 1.34405e-05

0.00078125 1.33412e-05
0.000805664 1.34639e-05

0.000805664 1.33827e-05
0.000830078 1.35145e-05

0.000830078 1.34008e-05
0.000854492 1.3598e-05

0.000854492 1.34872e-05
0.000878906 1.37008e-05

0.000878906 1.35647e-05
0.00090332 1.37511e-05

0.00090332 1.36513e-05
0.000927734 1.38149e-05

0.000927734 1.36732e-05
0.000952148 1.38878e-05

0.000952148 1.37523e-05
0.000976562 1.40373e-05

0.000976562 1.38665e-05
0.00100098 1.41269e-05

0.00100098 1.39463e-05
0.00102539 1.42415e-05

0.00102539 1.40075e-05
0.0010498 1.44407e-05

0.0010498 1.42266e-05
0.00107422 1.46352e-05

0.00107422 1.44139e-05
0.00109863 1.46774e-05

0.00109863 1.44725e-05
0.00112305 1.48078e-05

0.00112305 1.45221e-05
0.00114746 1.5106e-05

0.00114746 1.48337e-05
0.00117187 1.53934e-05

0.00117188 1.5014e-05
0.00119629 1.55359e-05

0.00119629 1.56647e-05
0.0012207 1.54348e-05

0.0012207 1.47611e-05
0.00124512 1.5403e-05

0.00124512 1.57636e-05
0.00126953 1.64191e-05

0.00126953 1.57953e-05
0.00129395 1.54948e-05

0.00129395 1.59394e-05
0.00131836 1.57247e-05

0.00131836 1.52597e-05
0.00134277 1.56624e-05

0.00134277 1.73781e-05
0.00136719 1.49779e-05

0.00139158 0
0.0013697 2.44141e-05

0.0013916 3.94419e-06
0.00139294 0

0.00146273 0
0.00146484 6.1008e-06

0.00146484 5.08284e-06
0.00148394 2.44141e-05

0.00148446 2.44141e-05
0.00148926 2.61114e-05

0.00148926 1.72733e-05
0.00151367 1.77786e-05

0.00150881 2.44141e-05
0.00151367 2.44505e-05

0.00151367 1.75884e-05
0.00153809 1.71831e-05

0.00151367 2.44278e-05
0.00151611 2.44141e-05

0.0015625 5.62159e-06
0.00154347 2.44141e-05

0.00153809 2.60864e-05
0.00154289 2.44141e-05

0 0.00312215
0.000390625 0.00311113

0.000390625 0.00311142
0.00078125 0.0030778

0.00078125 0.00307844
0.00117187 0.00302036

0.00117188 0.0030214
0.0015625 0.0029355

0.0015625 7.35707e-06
0.00156511 0

0.00165633 0
0.00166016 9.31837e-06

0.00166016 1.04222e-05
0.00167521 2.44141e-05

0.00167444 2.44141e-05
0.00168457 2.81481e-05

0.00168457 1.85309e-05
0.00170898 1.88858e-05

0.00169664 2.44141e-05
0.00170898 2.45052e-05

0.0017334 1.13479e-05
0.00171858 2.44141e-05

0.00170898 2.81163e-05
0.00171935 2.44141e-05

0.0017334 1.2103e-05
0.00173859 0

0.00179761 0
0.00180664 1.69285e-05

0.00180664 9.95435e-06
0.00183105 1.09009e-05

0.00183105 6.72677e-06
0.00185547 2.45887e-07

0.00185613 0
0.00187988 1.67861e-05

0.00187988 9.13376e-06
0.0019043 1.2202e-05

0.0019043 9.43094e-06
0.00192871 1.01938e-05

0.00192871 9.92317e-06
0.00195312 1.22748e-05

0.00195312 9.50105e-06
0.00197754 1.28984e-05

0.00197754 1.35555e-05
0.00200195 1.29811e-05

0.00200195 1.52396e-05
0.00202637 6.3982e-06

0.00202637 6.91756e-06
0.00205078 9.24109e-06

0.00205078 9.60614e-06
0.0020752 1.45083e-05

0.0020752 9.97697e-06
0.00209961 1.19594e-05

0.00209961 1.34509e-05
0.00212402 1.32259e-05

0.00212402 1.29892e-05
0.00214844 8.64936e-06

0.00214844 8.25923e-06
0.00217285 1.30121e-05

0.00217285 1.37841e-05
0.00219727 1.381e-05

0.00219727 1.3191e-05
0.00222168 8.11487e-06

0.00222168 8.00464e-06
0.00224609 1.32506e-05

0.00224609 1.39219e-05
0.00227051 1.39513e-05

0.00227051 1.38023e-05
0.00229492 7.49235e-06

0.00229492 8.21502e-06
0.00231934 1.18584e-05

0.00231934 1.06381e-05
0.00234375 1.49876e-05

0.00234375 1.50279e-05
0.00236816 1.08158e-05

0.00236816 1.24956e-05
0.00239258 7.53204e-06

0.00239258 7.53938e-06
0.00241699 1.24815e-05

0.00241699 1.07354e-05
0.00244141 1.5088e-05

0.00244141 1.50854e-05
0.00246582 1.07286e-05

0.00246582 1.24649e-05
0.00249023 7.56011e-06

0.00249023 7.56082e-06
0.00251465 1.2499e-05

0.00251465 1.0755e-05
0.00253906 1.50662e-05

0.00253906 1.50618e-05
0.00256348 1.07372e-05

0.00256348 1.24361e-05
0.00258789 7.62906e-06

0.00258789 7.61964e-06
0.0026123 1.25299e-05

0.0026123 1.08823e-05
0.00263672 1.49624e-05

0.00263672 1.49018e-05
0.00266113 1.06744e-05

0.00266113 1.18972e-05
0.00268555 8.33553e-06

0.00268555 7.55354e-06
0.00270996 1.3774e-05

0.00270996 1.38897e-05
0.00273438 1.40576e-05

0.00273437 1.38243e-05
0.00275879 7.7296e-06

0.00275879 8.50033e-06
0.0027832 1.18416e-05

0.0027832 1.07936e-05
0.00280762 1.47655e-05

0.00280762 1.47808e-05
0.00283203 1.08249e-05

0.00283203 1.19003e-05
0.00285645 8.41516e-06

0.00285645 7.68026e-06
0.00288086 1.37538e-05

0.00288086 1.39642e-05
0.00290527 1.39014e-05

0.00290527 1.3442e-05
0.00292969 7.9075e-06

0.00292969 8.62294e-06
0.0029541 1.23274e-05

0.0029541 1.15518e-05
0.00297852 1.43045e-05

0.00297852 1.20643e-05
0.00300293 1.25417e-05

0.00300293 1.25031e-05
0.00302734 1.40154e-05

0.00302734 1.29086e-05
0.00305176 1.3853e-05

0.00305176 1.33499e-05
0.00307617 1.45605e-05

0.00307617 1.38018e-05
0.00310059 1.47974e-05

0.00310059 1.42411e-05
0.003125 1.52268e-05

0.00175781 0.0028795
0.00157701 0.00292969

0.0015625 0.00293385
0.0015775 0.00292969

0.00175781 0.00288001
0.00195312 0.00281707

0.00234375 0.00265926
0.00217188 0.00273438

0.00195312 0.00281741
0.00214844 0.00274406

0.00214844 0.00274369
0.00216976 0.00273438

0.00292969 0.00231157
0.00288514 0.00234375

0.00302734 0.0022342
0.00301242 0.00224609

0.00297852 0.00227149
0.00294868 0.00229492

0.00292969 0.00231032
0.0029495 0.00229492

0.00300293 0.00225255
0.00298018 0.00227051

0.00297852 0.00227235
0.00298081 0.00227051

0.00300293 0.00224797
0.00300536 0.00224609

0.00307617 0.00218819
0.00306582 0.00219727

0.00302734 0.0022334
0.00306996 0.00219727

0.00307617 0.00219134
0.00312434 0.00214844

0.00244141 0.00261152
0.00238969 0.00263672

0.00234375 0.00265753
0.00238646 0.00263672

0.00244141 0.00261102
0.00253906 0.00255988

0.00273438 0.00244683
0.00257834 0.00253906

0.00253906 0.0025592
0.00257367 0.00253906

0.00283203 0.00238028
0.00274037 0.00244141

0.00273438 0.00244464
0.0027394 0.00244141

0.00283203 0.00237934
0.00288159 0.00234375

0.003125 1.4655e-05
0.00314941 1.55286e-05

0.00314941 1.50599e-05
0.00317383 1.58481e-05

0.00317383 1.53518e-05
0.00319824 1.61609e-05

0.00319824 1.56357e-05
0.00322266 1.66669e-05

0.00322266 1.61071e-05
0.00324707 1.72282e-05

0.00324707 1.65325e-05
0.00327148 1.78108e-05

0.00327148 1.7015e-05
0.0032959 1.87248e-05

0.0032959 1.89204e-05
0.00332031 1.87732e-05

0.00332031 1.71569e-05
0.00334473 1.82884e-05

0.00334473 1.95019e-05
0.00336914 2.04548e-05

0.00336914 1.29903e-05
0.00339355 2.43101e-05

0.00339104 2.44141e-05
0.00339355 2.53995e-05

0.00339355 2.37054e-05
0.00339423 2.44141e-05

0.00339355 2.74667e-05
0.00341784 4.88281e-05

0.00341755 4.88281e-05
0.00341797 4.92301e-05

0.00341797 4.8589e-05
0.00341822 4.88281e-05

0.00341797 4.9446e-05
0.00344177 7.32422e-05

0.00344175 7.32422e-05
0.00344238 7.38984e-05

0.00344238 7.40381e-05
0.00346437 9.76563e-05

0.00346489 9.76563e-05
0.0034668 9.9797e-05

0.0034668 0.000100532
0.00348564 0.00012207

0.00348542 0.00012207
0.00349121 0.000128993

0.00349121 0.000128643
0.00350587 0.000146484

0.00350612 0.000146484
0.00351563 0.000158921

0.00351563 0.000159423
0.0035426 0.000195313

0.003543 0.000195313
0.00356445 0.000227512

0.00356445 0.000229495
0.00357403 0.000244141

0.00357498 0.000244141
0.0036038 0.000292969

0.00360459 0.000292969
0.00361328 0.000310475

0.00361328 0.000312016
0.00362883 0.000341797

0.00362906 0.000341797
0.00365168 0.000390625

0.00365235 0.000390625
0.00368981 0.000488281

0.00368964 0.000488281
0.00371094 0.000563437

0.00371094 0.000565355
0.00371677 0.000585938

0.00371699 0.000585937
0.00373586 0.000683594

0.00373549 0.000683594
0.00374671 0.00078125

0.00374868 0.00078125
0.00374934 0.000976562

0.00374904 0.000976562
0.00372112 0.00117188

0.00371094 0.00120886
0.00366547 0.00136719

0.00366551 0.00136719
0.00358031 0.0015625

0.00371094 0.00120407
0.00371895 0.00117187

0.00332031 0.00194384
0.00331257 0.00195312

0.00351563 0.00167527
0.0034637 0.00175781

0.00341797 0.00182231
0.00339434 0.00185547

0.00332031 0.00194685
0.00339422 0.00185547

0.00346291 0.00175781
0.00342894 0.00180664

0.00341797 0.00181935
0.00342693 0.00180664

0.00322266 0.00205394
0.00312537 0.00214844

0.00331525 0.00195313
0.00322584 0.00205078

0.00322266 0.00205549
0.00322724 0.00205078

0.003125 0.00214864
0.00312522 0.00214844

0.00357825 0.0015625
0.00352452 0.00166016

0.00351563 0.00167257
0.00352318 0.00166016

