7.1564e-05 0
7.32422e-05 4.91466e-06

7.32422e-05 1.55195e-06
9.58365e-05 2.44141e-05

9.76563e-05 1.42638e-05
0.00012207 1.45828e-05

0.00012207 1.4136e-05
0.000146484 1.40286e-05

0.000146484 1.42507e-05
0.000170898 1.4429e-05

0.000170898 1.39154e-05
0.000195313 1.45266e-05

0.000195313 1.4868e-05
0.000219727 1.4773e-05

0.000219727 1.45421e-05
0.000244141 1.37493e-05

0.000244141 1.39087e-05
0.000268555 1.44916e-05

0.000268555 1.45893e-05
0.000292969 1.46118e-05

0.000292969 1.46353e-05
0.000317383 1.38004e-05

0.000317383 1.40329e-05
0.000341797 1.38689e-05

0.000341797 1.41537e-05
0.000366211 1.40302e-05

0.000366211 1.3994e-05
0.000390625 1.3719e-05

0.000390625 1.39726e-05
0.000415039 1.37931e-05

0.000415039 1.38738e-05
0.000439453 1.35679e-05

0.000439453 1.37698e-05
0.000463867 1.35367e-05

0.000463867 1.36663e-05
0.000488281 1.3428e-05

0.000488281 1.34852e-05
0.000512695 1.34685e-05

0.000512695 1.35913e-05
0.000537109 1.34783e-05

0.000537109 1.35999e-05
0.000561523 1.31874e-05

0.000561523 1.32853e-05
0.000585937 1.3181e-05

0.000585938 1.32683e-05
0.000610352 1.33676e-05

0.000610352 1.33265e-05
0.000634766 1.32841e-05

0.000634766 1.34428e-05
0.00065918 1.31316e-05

0.00065918 1.31506e-05
0.000683594 1.30099e-05

0.000683594 1.29942e-05
0.000708008 1.33778e-05

0.000708008 1.32691e-05
0.000732422 1.34447e-05

0.000732422 1.33763e-05
0.000756836 1.32509e-05

0.000756836 1.32243e-05
0.00078125 1.3307e-05

0.00078125 1.31734e-05
0.000805664 1.3574e-05

0.000805664 1.34713e-05
0.000830078 1.36461e-05

0.000830078 1.34526e-05
0.000854492 1.35525e-05

0.000854492 1.35375e-05
0.000878906 1.37276e-05

0.000878906 1.35571e-05
0.00090332 1.37305e-05

0.00090332 1.36775e-05
0.000927734 1.38467e-05

0.000927734 1.36875e-05
0.000952148 1.3854e-05

0.000952148 1.3762e-05
0.000976562 1.4013e-05

0.000976562 1.37583e-05
0.00100098 1.41636e-05

0.00100098 1.40633e-05
0.00102539 1.43316e-05

0.00102539 1.40459e-05
0.0010498 1.42901e-05

0.0010498 1.40758e-05
0.00107422 1.46986e-05

0.00107422 1.46544e-05
0.00109863 1.46611e-05

0.00109863 1.43186e-05
0.00112305 1.44665e-05

0.00112305 1.41722e-05
0.00114746 1.53784e-05

0.00114746 1.52961e-05
0.00117187 1.54426e-05

0.00117188 1.51402e-05
0.00119629 1.46522e-05

0.00119629 1.41801e-05
0.0012207 1.57572e-05

0.0012207 1.55077e-05
0.00124512 1.69135e-05

0.00124512 1.67175e-05
0.00126953 1.56605e-05

0.00126953 1.56592e-05
0.00129395 1.49185e-05

0.00129395 1.56182e-05
0.00131836 1.54993e-05

0.00131836 1.46678e-05
0.00134277 1.571e-05

0.00134277 1.72456e-05
0.00136719 1.56472e-05

0.0013916 4.88393e-07
0.00137002 2.44141e-05

0.0013916 3.89796e-06
0.00139292 0

0.0014628 0
0.00146484 5.88674e-06

0.00146484 5.0965e-06
0.00148398 2.44141e-05

0.00148437 2.44141e-05
0.00148926 2.61325e-05

0.00148926 1.71873e-05
0.00151367 1.76048e-05

0.00150912 2.44141e-05
0.00151367 2.44401e-05

0.00151367 1.7317e-05
0.00153809 1.72628e-05

0.00153164 2.44141e-05
0.00153809 2.44443e-05

0.0015625 5.93636e-06
0.00154362 2.44141e-05

0.00153809 2.63749e-05
0.00154375 2.44141e-05

0 0.00312215
0.000390625 0.00311114

0.000390625 0.00311142
0.00078125 0.0030778

0.00078125 0.00307844
0.00117187 0.00302036

0.00117188 0.00302141
0.0015625 0.0029355

0.0015625 7.4e-06
0.00156514 0

0.0016563 0
0.00166016 9.38052e-06

0.00166016 1.04442e-05
0.00167522 2.44141e-05

0.00167449 2.44141e-05
0.00168457 2.81243e-05

0.00168457 1.85054e-05
0.00170898 1.88723e-05

0.00169666 2.44141e-05
0.00170898 2.45107e-05

0.0017334 1.13528e-05
0.0017186 2.44141e-05

0.00170898 2.81441e-05
0.00171942 2.44141e-05

0.0017334 1.20097e-05
0.00173854 0

0.00179781 0
0.00180664 1.65316e-05

0.00180664 8.3305e-06
0.00183105 1.15243e-05

0.00183105 6.93405e-06
0.00185547 1.40015e-06

0.00185547 3.55584e-08
0.00187988 1.58587e-05

0.00187988 9.13317e-06
0.0019043 1.25545e-05

0.0019043 9.54334e-06
0.00192871 1.00341e-05

0.00192871 9.9161e-06
0.00195312 1.23284e-05

0.00195312 9.53962e-06
0.00197754 1.28865e-05

0.00197754 1.35534e-05
0.00200195 1.29692e-05

0.00200195 1.52304e-05
0.00202637 6.42109e-06

0.00202637 6.91276e-06
0.00205078 9.26551e-06

0.00205078 9.70439e-06
0.0020752 1.44582e-05

0.0020752 9.92087e-06
0.00209961 1.18575e-05

0.00209961 1.33377e-05
0.00212402 1.33204e-05

0.00212402 1.29741e-05
0.00214844 8.78152e-06

0.00214844 8.39548e-06
0.00217285 1.30201e-05

0.00217285 1.38777e-05
0.00219727 1.36972e-05

0.00219727 1.31131e-05
0.00222168 8.06168e-06

0.00222168 7.96303e-06
0.00224609 1.33213e-05

0.00224609 1.39389e-05
0.00227051 1.39387e-05

0.00227051 1.38001e-05
0.00229492 7.48395e-06

0.00229492 8.20906e-06
0.00231934 1.18626e-05

0.00231934 1.06376e-05
0.00234375 1.4989e-05

0.00234375 1.50287e-05
0.00236816 1.08158e-05

0.00236816 1.2496e-05
0.00239258 7.53125e-06

0.00239258 7.53844e-06
0.00241699 1.2482e-05

0.00241699 1.0736e-05
0.00244141 1.50887e-05

0.00244141 1.50851e-05
0.00246582 1.07287e-05

0.00246582 1.24652e-05
0.00249023 7.5616e-06

0.00249023 7.56187e-06
0.00251465 1.2499e-05

0.00251465 1.07562e-05
0.00253906 1.50657e-05

0.00253906 1.50599e-05
0.00256348 1.07379e-05

0.00256348 1.24346e-05
0.00258789 7.63459e-06

0.00258789 7.62381e-06
0.0026123 1.25318e-05

0.0026123 1.08842e-05
0.00263672 1.49632e-05

0.00263672 1.49029e-05
0.00266113 1.0679e-05

0.00266113 1.19029e-05
0.00268555 8.33597e-06

0.00268555 7.55419e-06
0.00270996 1.3772e-05

0.00270996 1.38971e-05
0.00273438 1.40537e-05

0.00273437 1.38263e-05
0.00275879 7.711e-06

0.00275879 8.47452e-06
0.0027832 1.18491e-05

0.0027832 1.07892e-05
0.00280762 1.4792e-05

0.00280762 1.47972e-05
0.00283203 1.0834e-05

0.00283203 1.19985e-05
0.00285645 8.32485e-06

0.00285645 7.58034e-06
0.00288086 1.36612e-05

0.00288086 1.38162e-05
0.00290527 1.40337e-05

0.00290527 1.35053e-05
0.00292969 8.02858e-06

0.00292969 8.69205e-06
0.0029541 1.22863e-05

0.0029541 1.15768e-05
0.00297852 1.43448e-05

0.00297852 1.21004e-05
0.00300293 1.25622e-05

0.00300293 1.25375e-05
0.00302734 1.4026e-05

0.00302734 1.29488e-05
0.00305176 1.38391e-05

0.00305176 1.33755e-05
0.00307617 1.45011e-05

0.00307617 1.37814e-05
0.00310059 1.47129e-05

0.00310059 1.41777e-05
0.003125 1.51513e-05

0.00175781 0.00287951
0.00157704 0.00292969

0.0015625 0.00293386
0.00157754 0.00292969

0.00175781 0.00288002
0.00195312 0.00281708

0.00234375 0.00265928
0.00217191 0.00273438

0.00195312 0.00281742
0.00214844 0.00274407

0.00214844 0.00274371
0.00216979 0.00273438

0.00292969 0.00231158
0.00288515 0.00234375

0.003125 0.00214828
0.00312483 0.00214844

0.00302734 0.0022342
0.00301242 0.00224609

0.00297852 0.00227149
0.00294868 0.00229492

0.00292969 0.00231032
0.0029495 0.00229492

0.00300293 0.00225255
0.00298017 0.00227051

0.00297852 0.00227236
0.00298082 0.00227051

0.00300293 0.00224791
0.00300529 0.00224609

0.00307617 0.00218817
0.00306579 0.00219727

0.00302734 0.00223339
0.00306996 0.00219727

0.00307617 0.00219134
0.00312433 0.00214844

0.00244141 0.00261154
0.00238972 0.00263672

0.00234375 0.00265754
0.00238648 0.00263672

0.00244141 0.00261103
0.00253906 0.00255989

0.00273438 0.00244684
0.00257836 0.00253906

0.00253906 0.0025592
0.00257369 0.00253906

0.00283203 0.00238028
0.00274038 0.00244141

0.00273438 0.00244464
0.00273941 0.00244141

0.00283203 0.00237933
0.00288158 0.00234375

0.003125 1.45595e-05
0.00314941 1.54928e-05

0.00314941 1.49695e-05
0.00317383 1.58923e-05

0.00317383 1.53566e-05
0.00319824 1.62502e-05

0.00319824 1.56738e-05
0.00322266 1.67313e-05

0.00322266 1.61096e-05
0.00324707 1.73728e-05

0.00324707 1.67771e-05
0.00327148 1.79406e-05

0.00327148 1.72882e-05
0.0032959 1.83961e-05

0.0032959 1.79016e-05
0.00332031 1.89787e-05

0.00332031 1.83487e-05
0.00334473 1.94896e-05

0.00334473 1.94886e-05
0.00336914 1.96735e-05

0.00336914 1.35451e-05
0.00339301 2.44141e-05

0.00339259 2.44141e-05
0.00339355 2.47676e-05

0.00339355 2.64396e-05
0.00341797 4.75221e-05

0.00341793 4.88281e-05
0.00341797 4.88645e-05

0.00341797 4.76126e-05
0.00341919 4.88281e-05

0.00341804 4.88281e-05
0.00344177 7.32422e-05

0.00344185 7.32422e-05
0.00344238 7.38066e-05

0.00344238 7.40107e-05
0.0034641 9.76563e-05

0.00346466 9.76563e-05
0.0034668 0.000100073

0.0034668 0.000100508
0.00350569 0.000146484

0.00350571 0.000146484
0.00351563 0.000159344

0.00351563 0.000159906
0.00352392 0.000170898

0.00352413 0.000170898
0.00354004 0.000192484

0.00354004 0.000192188
0.0035423 0.000195313

0.00354258 0.000195313
0.00355917 0.000219727

0.00355918 0.000219727
0.00356445 0.000227996

0.00356445 0.000229575
0.00357374 0.000244141

0.00357449 0.000244141
0.00358887 0.000267476

0.00358887 0.000267975
0.00358921 0.000268555

0.00358933 0.000268555
0.00360351 0.000292969

0.00360422 0.000292969
0.00361328 0.000310283

0.00361328 0.000312274
0.00362873 0.000341797

0.00362896 0.000341797
0.00365163 0.000390625

0.00365229 0.000390625
0.00368982 0.000488281

0.00368965 0.000488281
0.00371094 0.000563324

0.00371094 0.000565277
0.0037168 0.000585938

0.00371702 0.000585937
0.00373591 0.000683594

0.00373554 0.000683594
0.00374677 0.00078125

0.00374875 0.00078125
0.00374941 0.000976562

0.0037491 0.000976562
0.00372117 0.00117188

0.00371094 0.00120901
0.0036655 0.00136719

0.00366553 0.00136719
0.00358032 0.0015625

0.00371094 0.00120425
0.003719 0.00117187

0.00332031 0.00194381
0.00331254 0.00195312

0.00351563 0.00167527
0.0034637 0.00175781

0.00341797 0.00182232
0.00339435 0.00185547

0.00332031 0.00194684
0.00339422 0.00185547

0.00346291 0.00175781
0.00342893 0.00180664

0.00341797 0.00181929
0.00342688 0.00180664

0.00322266 0.00205393
0.00312536 0.00214844

0.00331525 0.00195313
0.00322583 0.00205078

0.00322266 0.0020555
0.00322725 0.00205078

0.003125 0.00214863
0.0031252 0.00214844

0.00357826 0.0015625
0.00352453 0.00166016

0.00351563 0.00167256
0.00352317 0.00166016

