7.1577e-05 0
7.32422e-05 4.87588e-06

7.32422e-05 1.05358e-06
9.59211e-05 2.44141e-05

9.76563e-05 1.4326e-05
0.00012207 1.47237e-05

0.00012207 1.36805e-05
0.000146484 1.40607e-05

0.000146484 1.46441e-05
0.000170898 1.49984e-05

0.000170898 1.44275e-05
0.000195313 1.38716e-05

0.000195313 1.42982e-05
0.000219727 1.44713e-05

0.000219727 1.39878e-05
0.000244141 1.45817e-05

0.000244141 1.49775e-05
0.000268555 1.47295e-05

0.000268555 1.45612e-05
0.000292969 1.36149e-05

0.000292969 1.40201e-05
0.000317383 1.42104e-05

0.000317383 1.41696e-05
0.000341797 1.43004e-05

0.000341797 1.45742e-05
0.000366211 1.38591e-05

0.000366211 1.40171e-05
0.000390625 1.33525e-05

0.000390625 1.35765e-05
0.000415039 1.38531e-05

0.000415039 1.39417e-05
0.000439453 1.38433e-05

0.000439453 1.39225e-05
0.000463867 1.3359e-05

0.000463867 1.35336e-05
0.000488281 1.34108e-05

0.000488281 1.36054e-05
0.000512695 1.34945e-05

0.000512695 1.34331e-05
0.000537109 1.33479e-05

0.000537109 1.35149e-05
0.000561523 1.34597e-05

0.000561523 1.35676e-05
0.000585937 1.31325e-05

0.000585938 1.32308e-05
0.000610352 1.31099e-05

0.000610352 1.32408e-05
0.000634766 1.32845e-05

0.000634766 1.31672e-05
0.00065918 1.32367e-05

0.00065918 1.33783e-05
0.000683594 1.32475e-05

0.000683594 1.31469e-05
0.000708008 1.3068e-05

0.000708008 1.30378e-05
0.000732422 1.34742e-05

0.000732422 1.33501e-05
0.000756836 1.34969e-05

0.000756836 1.34549e-05
0.00078125 1.32714e-05

0.00078125 1.32158e-05
0.000805664 1.33634e-05

0.000805664 1.32398e-05
0.000830078 1.37018e-05

0.000830078 1.35379e-05
0.000854492 1.3721e-05

0.000854492 1.36748e-05
0.000878906 1.35383e-05

0.000878906 1.34621e-05
0.00090332 1.35941e-05

0.00090332 1.34097e-05
0.000927734 1.39995e-05

0.000927734 1.38152e-05
0.000952148 1.41253e-05

0.000952148 1.40078e-05
0.000976562 1.3872e-05

0.000976562 1.38185e-05
0.00100098 1.39154e-05

0.00100098 1.36541e-05
0.00102539 1.43731e-05

0.00102539 1.42064e-05
0.0010498 1.46331e-05

0.0010498 1.4246e-05
0.00107422 1.44476e-05

0.00107422 1.44233e-05
0.00109863 1.47338e-05

0.00109863 1.43819e-05
0.00112305 1.48043e-05

0.00112305 1.46595e-05
0.00114746 1.51745e-05

0.00114746 1.50068e-05
0.00117187 1.50152e-05

0.00117188 1.47812e-05
0.00119629 1.50665e-05

0.00119629 1.44966e-05
0.0012207 1.59937e-05

0.0012207 1.58945e-05
0.00124512 1.64714e-05

0.00124512 1.612e-05
0.00126953 1.53684e-05

0.00126953 1.55015e-05
0.00129395 1.55673e-05

0.00129395 1.59336e-05
0.00131836 1.56673e-05

0.00131836 1.48946e-05
0.00134277 1.57201e-05

0.00134277 1.76398e-05
0.00136719 1.53795e-05

0.00139134 0
0.00136984 2.44141e-05

0.0013916 3.52864e-06
0.00139279 0

0.00146272 0
0.00146484 6.14162e-06

0.00146484 4.88856e-06
0.00148401 2.44141e-05

0.00148463 2.44141e-05
0.00148926 2.60576e-05

0.00148926 1.73667e-05
0.00151367 1.78316e-05

0.00151367 1.73964e-05
0.00153809 1.70802e-05

0.00151367 2.44197e-05
0.00151517 2.44141e-05

0.0015625 5.92078e-06
0.00154356 2.44141e-05

0.00153809 2.6127e-05
0.00154305 2.44141e-05

0 0.00312216
0.000390625 0.00311114

0.000390625 0.00311143
0.00078125 0.00307781

0.00078125 0.00307845
0.00117187 0.00302037

0.00117188 0.00302142
0.0015625 0.00293551

0.0015625 7.27023e-06
0.0015651 0

0.00165633 0
0.00166016 9.30603e-06

0.00166016 1.04237e-05
0.00167521 2.44141e-05

0.00167444 2.44141e-05
0.00168457 2.81488e-05

0.00168457 1.8521e-05
0.00170898 1.88806e-05

0.00169671 2.44141e-05
0.00170898 2.45058e-05

0.0017334 1.13611e-05
0.00171858 2.44141e-05

0.00170898 2.8116e-05
0.00171935 2.44141e-05

0.0017334 1.21187e-05
0.0017386 0

0.00179762 0
0.00180664 1.69406e-05

0.00180664 1.0009e-05
0.00183105 1.09385e-05

0.00183105 6.79658e-06
0.00185547 1.63218e-07

0.00185617 0
0.00187988 1.67923e-05

0.00187988 9.12685e-06
0.0019043 1.22119e-05

0.0019043 9.43091e-06
0.00192871 1.01927e-05

0.00192871 9.92552e-06
0.00195312 1.22743e-05

0.00195312 9.49756e-06
0.00197754 1.28974e-05

0.00197754 1.35595e-05
0.00200195 1.2982e-05

0.00200195 1.5233e-05
0.00202637 6.39629e-06

0.00202637 6.90635e-06
0.00205078 9.26293e-06

0.00205078 9.66653e-06
0.0020752 1.4476e-05

0.0020752 9.93918e-06
0.00209961 1.18963e-05

0.00209961 1.33774e-05
0.00212402 1.32897e-05

0.00212402 1.30155e-05
0.00214844 8.70397e-06

0.00214844 8.31474e-06
0.00217285 1.29724e-05

0.00217285 1.37805e-05
0.00219727 1.37802e-05

0.00219727 1.31039e-05
0.00222168 8.18289e-06

0.00222168 8.08236e-06
0.00224609 1.33277e-05

0.00224609 1.40347e-05
0.00227051 1.38394e-05

0.00227051 1.37362e-05
0.00229492 7.41167e-06

0.00229492 8.15011e-06
0.00231934 1.19307e-05

0.00231934 1.06452e-05
0.00234375 1.49907e-05

0.00234375 1.50346e-05
0.00236816 1.08132e-05

0.00236816 1.2495e-05
0.00239258 7.5296e-06

0.00239258 7.53902e-06
0.00241699 1.24838e-05

0.00241699 1.07372e-05
0.00244141 1.50864e-05

0.00244141 1.50839e-05
0.00246582 1.07276e-05

0.00246582 1.24624e-05
0.00249023 7.5637e-06

0.00249023 7.56409e-06
0.00251465 1.25002e-05

0.00251465 1.07579e-05
0.00253906 1.50625e-05

0.00253906 1.50578e-05
0.00256348 1.07368e-05

0.00256348 1.24311e-05
0.00258789 7.6384e-06

0.00258789 7.62978e-06
0.0026123 1.25311e-05

0.0026123 1.0884e-05
0.00263672 1.4956e-05

0.00263672 1.48993e-05
0.00266113 1.06777e-05

0.00266113 1.1898e-05
0.00268555 8.33784e-06

0.00268555 7.55414e-06
0.00270996 1.37756e-05

0.00270996 1.39011e-05
0.00273438 1.40517e-05

0.00273437 1.38236e-05
0.00275879 7.7092e-06

0.00275879 8.47413e-06
0.0027832 1.1853e-05

0.0027832 1.07944e-05
0.00280762 1.47875e-05

0.00280762 1.47989e-05
0.00283203 1.08226e-05

0.00283203 1.19232e-05
0.00285645 8.38527e-06

0.00285645 7.65887e-06
0.00288086 1.37299e-05

0.00288086 1.39225e-05
0.00290527 1.39233e-05

0.00290527 1.34054e-05
0.00292969 7.98455e-06

0.00292969 8.68389e-06
0.0029541 1.2376e-05

0.0029541 1.15944e-05
0.00297852 1.43026e-05

0.00297852 1.2092e-05
0.00300293 1.25738e-05

0.00300293 1.25336e-05
0.00302734 1.40328e-05

0.00302734 1.29605e-05
0.00305176 1.38464e-05

0.00305176 1.33941e-05
0.00307617 1.44793e-05

0.00307617 1.37735e-05
0.00310059 1.46782e-05

0.00310059 1.41459e-05
0.003125 1.51364e-05

0.00175781 0.00287952
0.00157707 0.00292969

0.0015625 0.00293387
0.00157757 0.00292969

0.00175781 0.00288003
0.00195312 0.00281709

0.00234375 0.00265928
0.00217192 0.00273438

0.00195312 0.00281743
0.00214844 0.00274408

0.00214844 0.00274371
0.00216981 0.00273438

0.00292969 0.00231159
0.00288516 0.00234375

0.003125 0.00214829
0.00312484 0.00214844

0.00302734 0.0022342
0.00301242 0.00224609

0.00297852 0.00227149
0.00294868 0.00229492

0.00292969 0.00231033
0.00294951 0.00229492

0.00300293 0.00225256
0.00298018 0.00227051

0.00297852 0.00227235
0.00298081 0.00227051

0.00300293 0.002248
0.0030054 0.00224609

0.00307617 0.00218817
0.00306579 0.00219727

0.00302734 0.0022334
0.00306997 0.00219727

0.00307617 0.00219134
0.00312434 0.00214844

0.00244141 0.00261154
0.00238973 0.00263672

0.00234375 0.00265755
0.0023865 0.00263672

0.00244141 0.00261104
0.00253906 0.00255989

0.00273438 0.00244684
0.00257837 0.00253906

0.00253906 0.00255921
0.00257369 0.00253906

0.00283203 0.00238028
0.00274038 0.00244141

0.00273438 0.00244465
0.00273942 0.00244141

0.00283203 0.00237934
0.00288159 0.00234375

0.003125 1.45416e-05
0.00314941 1.54931e-05

0.00314941 1.49216e-05
0.00317383 1.59222e-05

0.00317383 1.53188e-05
0.00319824 1.64023e-05

0.00319824 1.58896e-05
0.00322266 1.68332e-05

0.00322266 1.61882e-05
0.00324707 1.72151e-05

0.00324707 1.67191e-05
0.00327148 1.78842e-05

0.00327148 1.71597e-05
0.0032959 1.84422e-05

0.0032959 1.80368e-05
0.00332031 1.9069e-05

0.00332031 1.81746e-05
0.00334473 1.94919e-05

0.00334473 1.97651e-05
0.00336914 1.99753e-05

0.00336914 1.32729e-05
0.00339272 2.44141e-05

0.00339199 2.44141e-05
0.00339355 2.50339e-05

0.00339355 2.76416e-05
0.0034176 4.88281e-05

0.00341702 4.88281e-05
0.00341797 4.97472e-05

0.00341797 4.98453e-05
0.00344127 7.32422e-05

0.00344139 7.32422e-05
0.00344238 7.42759e-05

0.00344238 7.45045e-05
0.003464 9.76563e-05

0.00346456 9.76563e-05
0.0034668 0.000100157

0.0034668 0.000100611
0.00350595 0.000146484

0.0035059 0.000146484
0.00351563 0.000159195

0.00351563 0.000159549
0.00354257 0.000195313

0.00354266 0.000195313
0.00356445 0.000227977

0.00356445 0.000228673
0.00357457 0.000244141

0.00357495 0.000244141
0.0036038 0.000292969

0.00360459 0.000292969
0.00361328 0.000310471

0.00361328 0.000312012
0.00362884 0.000341797

0.00362907 0.000341797
0.0036517 0.000390625

0.00365236 0.000390625
0.00368984 0.000488281

0.00368967 0.000488281
0.00371094 0.000563312

0.00371094 0.000565237
0.00371681 0.000585938

0.00371702 0.000585937
0.0037359 0.000683594

0.00373553 0.000683594
0.00374675 0.00078125

0.00374873 0.00078125
0.0037494 0.000976562

0.00374909 0.000976562
0.00372116 0.00117188

0.00371094 0.00120901
0.00366551 0.00136719

0.00366554 0.00136719
0.00358032 0.0015625

0.00371094 0.00120426
0.003719 0.00117187

0.00332031 0.00194381
0.00331254 0.00195312

0.00351563 0.00167528
0.0034637 0.00175781

0.00341797 0.00182233
0.00339436 0.00185547

0.00332031 0.00194684
0.00339422 0.00185547

0.00346292 0.00175781
0.00342894 0.00180664

0.00341797 0.00181928
0.00342688 0.00180664

0.00322266 0.00205394
0.00312537 0.00214844

0.00331525 0.00195313
0.00322584 0.00205078

0.00322266 0.00205551
0.00322726 0.00205078

0.003125 0.00214863
0.00312521 0.00214844

0.00357826 0.0015625
0.00352453 0.00166016

0.00351563 0.00167257
0.00352318 0.00166016

