7.16229e-05 0
7.32422e-05 4.74355e-06

7.32422e-05 1.09983e-07
9.60316e-05 2.44141e-05

9.76563e-05 1.40896e-05
0.00012207 1.54092e-05

0.00012207 1.40066e-05
0.000146484 1.41764e-05

0.000146484 1.47735e-05
0.000170898 1.49934e-05

0.000170898 1.4584e-05
0.000195313 1.3948e-05

0.000195313 1.43335e-05
0.000219727 1.44296e-05

0.000219727 1.42139e-05
0.000244141 1.44688e-05

0.000244141 1.44615e-05
0.000268555 1.47028e-05

0.000268555 1.49337e-05
0.000292969 1.41314e-05

0.000292969 1.43233e-05
0.000317383 1.35791e-05

0.000317383 1.39464e-05
0.000341797 1.39726e-05

0.000341797 1.38948e-05
0.000366211 1.40476e-05

0.000366211 1.41967e-05
0.000390625 1.39559e-05

0.000390625 1.40979e-05
0.000415039 1.34769e-05

0.000415039 1.37016e-05
0.000439453 1.35138e-05

0.000439453 1.35897e-05
0.000463867 1.37048e-05

0.000463867 1.37851e-05
0.000488281 1.36019e-05

0.000488281 1.37548e-05
0.000512695 1.32669e-05

0.000512695 1.3403e-05
0.000537109 1.32639e-05

0.000537109 1.33715e-05
0.000561523 1.34465e-05

0.000561523 1.33869e-05
0.000585937 1.33895e-05

0.000585938 1.35693e-05
0.000610352 1.32526e-05

0.000610352 1.33353e-05
0.000634766 1.29796e-05

0.000634766 1.30971e-05
0.00065918 1.32111e-05

0.00065918 1.31222e-05
0.000683594 1.33566e-05

0.000683594 1.32895e-05
0.000708008 1.33577e-05

0.000708008 1.3305e-05
0.000732422 1.32728e-05

0.000732422 1.32403e-05
0.000756836 1.33601e-05

0.000756836 1.32927e-05
0.00078125 1.34593e-05

0.00078125 1.33249e-05
0.000805664 1.35188e-05

0.000805664 1.34342e-05
0.000830078 1.36023e-05

0.000830078 1.35869e-05
0.000854492 1.35047e-05

0.000854492 1.33655e-05
0.000878906 1.35497e-05

0.000878906 1.33919e-05
0.00090332 1.39721e-05

0.00090332 1.37805e-05
0.000927734 1.40017e-05

0.000927734 1.39464e-05
0.000952148 1.37516e-05

0.000952148 1.36587e-05
0.000976562 1.38291e-05

0.000976562 1.36089e-05
0.00100098 1.43465e-05

0.00100098 1.41467e-05
0.00102539 1.44692e-05

0.00102539 1.43464e-05
0.0010498 1.41095e-05

0.0010498 1.39906e-05
0.00107422 1.42571e-05

0.00107422 1.39137e-05
0.00109863 1.49563e-05

0.00109863 1.46824e-05
0.00112305 1.52151e-05

0.00112305 1.49617e-05
0.00114746 1.47694e-05

0.00114746 1.46657e-05
0.00117187 1.49196e-05

0.00117188 1.42956e-05
0.00119629 1.58481e-05

0.00119629 1.58559e-05
0.0012207 1.63164e-05

0.0012207 1.56948e-05
0.00124512 1.52375e-05

0.00124512 1.59152e-05
0.00126953 1.54742e-05

0.00126953 1.44933e-05
0.00129395 1.56929e-05

0.00129395 1.67193e-05
0.00131836 1.67206e-05

0.00131836 1.5653e-05
0.00134277 1.45355e-05

0.00134277 1.64522e-05
0.00136719 1.50751e-05

0.0013916 9.89878e-07
0.0013698 2.44141e-05

0.0013916 3.60499e-06
0.00139282 0

0.00146283 0
0.00146484 5.8835e-06

0.00146484 4.57934e-06
0.00148401 2.44141e-05

0.00148469 2.44141e-05
0.00148926 2.60605e-05

0.00148926 1.76579e-05
0.00151367 1.80506e-05

0.00151367 1.73098e-05
0.00153809 1.6794e-05

0.0015625 6.11712e-06
0.00154354 2.44141e-05

0.00153809 2.61473e-05
0.00154317 2.44141e-05

0 0.00312218
0.000390625 0.00311116

0.000390625 0.00311145
0.00078125 0.00307782

0.00078125 0.00307846
0.00117187 0.00302038

0.00117188 0.00302143
0.0015625 0.00293552

0.0015625 7.53576e-06
0.00156521 0

0.00165635 0
0.00166016 9.26831e-06

0.00166016 1.04038e-05
0.00167521 2.44141e-05

0.00167446 2.44141e-05
0.00168457 2.81473e-05

0.00168457 1.85405e-05
0.00170898 1.89039e-05

0.00169663 2.44141e-05
0.00170898 2.45097e-05

0.0017334 1.13342e-05
0.00171857 2.44141e-05

0.00170898 2.81556e-05
0.00171945 2.44141e-05

0.0017334 1.21574e-05
0.00173861 0

0.00179918 0
0.00180664 1.53018e-05

0.00180664 6.93041e-06
0.00183105 1.32917e-05

0.00183105 7.72487e-06
0.00185547 1.68624e-06

0.00185547 6.31685e-07
0.00187988 1.50762e-05

0.00187988 9.05413e-06
0.0019043 1.26987e-05

0.0019043 9.60608e-06
0.00192871 1.00252e-05

0.00192871 9.91223e-06
0.00195312 1.2317e-05

0.00195312 9.56529e-06
0.00197754 1.29082e-05

0.00197754 1.35552e-05
0.00200195 1.295e-05

0.00200195 1.52344e-05
0.00202637 6.4363e-06

0.00202637 6.92573e-06
0.00205078 9.2465e-06

0.00205078 9.67239e-06
0.0020752 1.4475e-05

0.0020752 9.93777e-06
0.00209961 1.18932e-05

0.00209961 1.33741e-05
0.00212402 1.32957e-05

0.00212402 1.30221e-05
0.00214844 8.70506e-06

0.00214844 8.30897e-06
0.00217285 1.29731e-05

0.00217285 1.37819e-05
0.00219727 1.37956e-05

0.00219727 1.31872e-05
0.00222168 8.11302e-06

0.00222168 7.99611e-06
0.00224609 1.32477e-05

0.00224609 1.39106e-05
0.00227051 1.39619e-05

0.00227051 1.38111e-05
0.00229492 7.50153e-06

0.00229492 8.2223e-06
0.00231934 1.1848e-05

0.00231934 1.06347e-05
0.00234375 1.49884e-05

0.00234375 1.50266e-05
0.00236816 1.08193e-05

0.00236816 1.24987e-05
0.00239258 7.53246e-06

0.00239258 7.5396e-06
0.00241699 1.24799e-05

0.00241699 1.0736e-05
0.00244141 1.50889e-05

0.00244141 1.50845e-05
0.00246582 1.07285e-05

0.00246582 1.24646e-05
0.00249023 7.56292e-06

0.00249023 7.5631e-06
0.00251465 1.24991e-05

0.00251465 1.07575e-05
0.00253906 1.5064e-05

0.00253906 1.50575e-05
0.00256348 1.07376e-05

0.00256348 1.24348e-05
0.00258789 7.63704e-06

0.00258789 7.62872e-06
0.0026123 1.25267e-05

0.0026123 1.08807e-05
0.00263672 1.49571e-05

0.00263672 1.48983e-05
0.00266113 1.06785e-05

0.00266113 1.18992e-05
0.00268555 8.33692e-06

0.00268555 7.5522e-06
0.00270996 1.37748e-05

0.00270996 1.39006e-05
0.00273438 1.40536e-05

0.00273437 1.38281e-05
0.00275879 7.70525e-06

0.00275879 8.47011e-06
0.0027832 1.18484e-05

0.0027832 1.07892e-05
0.00280762 1.47916e-05

0.00280762 1.48066e-05
0.00283203 1.08183e-05

0.00283203 1.19303e-05
0.00285645 8.36191e-06

0.00285645 7.6297e-06
0.00288086 1.37288e-05

0.00288086 1.39339e-05
0.00290527 1.39252e-05

0.00290527 1.34127e-05
0.00292969 7.93407e-06

0.00292969 8.56823e-06
0.0029541 1.24418e-05

0.0029541 1.16156e-05
0.00297852 1.44616e-05

0.00297852 1.21756e-05
0.00300293 1.26418e-05

0.00300293 1.26347e-05
0.00302734 1.40945e-05

0.00302734 1.30519e-05
0.00305176 1.38621e-05

0.00305176 1.34538e-05
0.00307617 1.44755e-05

0.00307617 1.37908e-05
0.00310059 1.46749e-05

0.00310059 1.4152e-05
0.003125 1.51554e-05

0.00175781 0.00287953
0.00157711 0.00292969

0.0015625 0.00293388
0.00157761 0.00292969

0.00175781 0.00288004
0.00195312 0.0028171

0.00234375 0.00265928
0.00217193 0.00273438

0.00195312 0.00281744
0.00214844 0.00274408

0.00214844 0.00274371
0.00216981 0.00273438

0.00292969 0.00231158
0.00288516 0.00234375

0.003125 0.00214823
0.00312477 0.00214844

0.00302734 0.00223416
0.00301237 0.00224609

0.00297852 0.00227146
0.00294865 0.00229492

0.00292969 0.00231032
0.00294948 0.00229492

0.00300293 0.00225253
0.00298014 0.00227051

0.00297852 0.00227233
0.00298079 0.00227051

0.00300293 0.00224792
0.0030053 0.00224609

0.00307617 0.00218811
0.00306573 0.00219727

0.00302734 0.00223338
0.00306994 0.00219727

0.00307617 0.00219131
0.0031243 0.00214844

0.00244141 0.00261154
0.00238973 0.00263672

0.00234375 0.00265754
0.00238649 0.00263672

0.00244141 0.00261103
0.00253906 0.00255989

0.00273438 0.00244683
0.00257836 0.00253906

0.00253906 0.0025592
0.00257367 0.00253906

0.00283203 0.00238027
0.00274036 0.00244141

0.00273438 0.00244463
0.00273938 0.00244141

0.00283203 0.0023793
0.00288154 0.00234375

0.003125 1.4568e-05
0.00314941 1.55026e-05

0.00314941 1.49773e-05
0.00317383 1.5865e-05

0.00317383 1.53445e-05
0.00319824 1.62209e-05

0.00319824 1.57146e-05
0.00322266 1.66392e-05

0.00322266 1.59445e-05
0.00324707 1.72553e-05

0.00324707 1.68018e-05
0.00327148 1.79414e-05

0.00327148 1.68959e-05
0.0032959 1.84515e-05

0.0032959 1.87589e-05
0.00332031 1.90261e-05

0.00332031 1.7649e-05
0.00334473 1.82328e-05

0.00334473 1.90965e-05
0.00336914 1.98562e-05

0.00336914 1.27639e-05
0.00339323 2.44141e-05

0.00339069 2.44141e-05
0.00339355 2.55586e-05

0.00339355 2.40723e-05
0.00339388 2.44141e-05

0.00339355 2.7413e-05
0.00341788 4.88281e-05

0.00341757 4.88281e-05
0.00341797 4.92177e-05

0.00341797 4.86614e-05
0.00341814 4.88281e-05

0.00341797 4.94886e-05
0.00344165 7.32422e-05

0.00344169 7.32422e-05
0.00344238 7.3969e-05

0.00344238 7.4135e-05
0.00346424 9.76563e-05

0.00346476 9.76563e-05
0.0034668 9.99477e-05

0.0034668 0.000100424
0.00350594 0.000146484

0.00350591 0.000146484
0.00351563 0.000159216

0.00351563 0.00015959
0.00354249 0.000195313

0.00354264 0.000195313
0.00356445 0.000228024

0.00356445 0.000228896
0.00357442 0.000244141

0.00357488 0.000244141
0.00360373 0.000292969

0.00360452 0.000292969
0.00361328 0.000310606

0.00361328 0.000312137
0.00362878 0.000341797

0.00362901 0.000341797
0.00365165 0.000390625

0.00365232 0.000390625
0.00368981 0.000488281

0.00368964 0.000488281
0.00371094 0.000563382

0.00371094 0.000565319
0.00371678 0.000585938

0.00371701 0.000585937
0.00373589 0.000683594

0.00373552 0.000683594
0.00374674 0.00078125

0.00374872 0.00078125
0.00374938 0.000976562

0.00374907 0.000976562
0.00372113 0.00117188

0.00371094 0.00120891
0.00366547 0.00136719

0.0036655 0.00136719
0.00358029 0.0015625

0.00371094 0.00120411
0.00371896 0.00117187

0.00332031 0.00194372
0.00331247 0.00195312

0.00351563 0.00167522
0.00346367 0.00175781

0.00341797 0.00182232
0.00339435 0.00185547

0.00332031 0.00194681
0.00339419 0.00185547

0.00346288 0.00175781
0.0034289 0.00180664

0.00341797 0.00181911
0.00342676 0.00180664

0.00322266 0.0020539
0.00312533 0.00214844

0.00331521 0.00195313
0.0032258 0.00205078

0.00322266 0.00205552
0.00322727 0.00205078

0.003125 0.00214858
0.00312515 0.00214844

0.00357823 0.0015625
0.00352449 0.00166016

0.00351563 0.00167247
0.00352312 0.00166016

