7.19619e-05 0
7.32422e-05 3.78517e-06

7.32422e-05 7.33168e-07
9.5811e-05 2.44141e-05

9.76563e-05 1.42983e-05
0.00012207 1.5092e-05

0.00012207 1.42831e-05
0.000146484 1.38882e-05

0.000146484 1.41963e-05
0.000170898 1.45766e-05

0.000170898 1.42765e-05
0.000195313 1.44891e-05

0.000195313 1.46011e-05
0.000219727 1.45069e-05

0.000219727 1.43935e-05
0.000244141 1.42235e-05

0.000244141 1.42724e-05
0.000268555 1.45682e-05

0.000268555 1.46821e-05
0.000292969 1.4401e-05

0.000292969 1.46176e-05
0.000317383 1.37802e-05

0.000317383 1.39977e-05
0.000341797 1.37859e-05

0.000341797 1.40044e-05
0.000366211 1.40693e-05

0.000366211 1.41007e-05
0.000390625 1.37818e-05

0.000390625 1.39442e-05
0.000415039 1.36443e-05

0.000415039 1.38233e-05
0.000439453 1.36069e-05

0.000439453 1.36738e-05
0.000463867 1.35906e-05

0.000463867 1.37451e-05
0.000488281 1.3561e-05

0.000488281 1.37232e-05
0.000512695 1.32676e-05

0.000512695 1.33261e-05
0.000537109 1.33086e-05

0.000537109 1.34003e-05
0.000561523 1.35649e-05

0.000561523 1.36277e-05
0.000585937 1.32485e-05

0.000585938 1.33958e-05
0.000610352 1.30148e-05

0.000610352 1.31236e-05
0.000634766 1.32012e-05

0.000634766 1.31887e-05
0.00065918 1.33337e-05

0.00065918 1.32691e-05
0.000683594 1.32653e-05

0.000683594 1.33031e-05
0.000708008 1.32139e-05

0.000708008 1.31554e-05
0.000732422 1.32499e-05

0.000732422 1.31291e-05
0.000756836 1.35245e-05

0.000756836 1.34217e-05
0.00078125 1.35595e-05

0.00078125 1.34634e-05
0.000805664 1.33924e-05

0.000805664 1.33458e-05
0.000830078 1.35311e-05

0.000830078 1.34816e-05
0.000854492 1.36468e-05

0.000854492 1.34635e-05
0.000878906 1.36577e-05

0.000878906 1.36106e-05
0.00090332 1.38062e-05

0.00090332 1.36242e-05
0.000927734 1.37891e-05

0.000927734 1.36937e-05
0.000952148 1.39706e-05

0.000952148 1.3792e-05
0.000976562 1.40392e-05

0.000976562 1.38645e-05
0.00100098 1.41756e-05

0.00100098 1.40091e-05
0.00102539 1.42987e-05

0.00102539 1.41011e-05
0.0010498 1.43863e-05

0.0010498 1.41754e-05
0.00107422 1.45766e-05

0.00107422 1.43122e-05
0.00109863 1.48057e-05

0.00109863 1.48074e-05
0.00112305 1.47297e-05

0.00112305 1.43424e-05
0.00114746 1.46512e-05

0.00114746 1.43671e-05
0.00117187 1.56657e-05

0.00117188 1.52756e-05
0.00119629 1.58488e-05

0.00119629 1.5649e-05
0.0012207 1.53486e-05

0.0012207 1.52808e-05
0.00124512 1.53361e-05

0.00124512 1.53081e-05
0.00126953 1.57826e-05

0.00126953 1.50497e-05
0.00129395 1.6372e-05

0.00129395 1.69956e-05
0.00131836 1.63938e-05

0.00131836 1.57406e-05
0.00134277 1.46248e-05

0.00134277 1.66428e-05
0.00136719 1.48324e-05

0.00134277 2.44571e-05
0.00134419 2.44141e-05

0.0013916 5.22796e-07
0.00136968 2.44141e-05

0.00136719 2.49115e-05
0.00136856 2.44141e-05

0.0013916 3.07298e-06
0.00139263 0

0.00146271 0
0.00146484 6.23392e-06

0.00146484 4.51849e-06
0.00148406 2.44141e-05

0.001485 2.44141e-05
0.00148926 2.59531e-05

0.00148926 1.76919e-05
0.00151367 1.81148e-05

0.00151367 1.73172e-05
0.00153809 1.67424e-05

0.00151367 2.44382e-05
0.00151642 2.44141e-05

0.0015625 6.11344e-06
0.00154353 2.44141e-05

0.00153809 2.61003e-05
0.00154304 2.44141e-05

0 0.00312218
0.000390625 0.00311116

0.000390625 0.00311145
0.00078125 0.00307783

0.00078125 0.00307846
0.00117187 0.00302039

0.00117188 0.00302143
0.0015625 0.00293552

0.0015625 7.42223e-06
0.00156517 0

0.0016563 0
0.00166016 9.38009e-06

0.00166016 1.04231e-05
0.00167522 2.44141e-05

0.00167445 2.44141e-05
0.00168457 2.81433e-05

0.00168457 1.85277e-05
0.00170898 1.88965e-05

0.00169659 2.44141e-05
0.00170898 2.45116e-05

0.0017334 1.13402e-05
0.0017186 2.44141e-05

0.00170898 2.81599e-05
0.00171946 2.44141e-05

0.0017334 1.20445e-05
0.00173856 0

0.00179766 0
0.00180664 1.66433e-05

0.00180664 8.33671e-06
0.00183105 1.14509e-05

0.00183105 6.97411e-06
0.00185547 1.44925e-06

0.00185547 3.23541e-08
0.00187988 1.57977e-05

0.00187988 9.1286e-06
0.0019043 1.25997e-05

0.0019043 9.55301e-06
0.00192871 1.00141e-05

0.00192871 9.91791e-06
0.00195312 1.23336e-05

0.00195312 9.53667e-06
0.00197754 1.2883e-05

0.00197754 1.35559e-05
0.00200195 1.29729e-05

0.00200195 1.52308e-05
0.00202637 6.41565e-06

0.00202637 6.90656e-06
0.00205078 9.27158e-06

0.00205078 9.72095e-06
0.0020752 1.44498e-05

0.0020752 9.90016e-06
0.00209961 1.18478e-05

0.00209961 1.3328e-05
0.00212402 1.33515e-05

0.00212402 1.30682e-05
0.00214844 8.71084e-06

0.00214844 8.30538e-06
0.00217285 1.29321e-05

0.00217285 1.37602e-05
0.00219727 1.382e-05

0.00219727 1.31869e-05
0.00222168 8.13042e-06

0.00222168 8.01392e-06
0.00224609 1.32508e-05

0.00224609 1.39296e-05
0.00227051 1.39459e-05

0.00227051 1.37996e-05
0.00229492 7.48695e-06

0.00229492 8.21082e-06
0.00231934 1.18627e-05

0.00231934 1.06387e-05
0.00234375 1.49887e-05

0.00234375 1.50281e-05
0.00236816 1.08167e-05

0.00236816 1.24967e-05
0.00239258 7.5333e-06

0.00239258 7.54081e-06
0.00241699 1.24811e-05

0.00241699 1.07364e-05
0.00244141 1.50874e-05

0.00244141 1.50845e-05
0.00246582 1.07284e-05

0.00246582 1.24635e-05
0.00249023 7.56299e-06

0.00249023 7.5634e-06
0.00251465 1.25002e-05

0.00251465 1.07575e-05
0.00253906 1.5064e-05

0.00253906 1.50589e-05
0.00256348 1.07376e-05

0.00256348 1.24341e-05
0.00258789 7.63577e-06

0.00258789 7.62658e-06
0.0026123 1.25297e-05

0.0026123 1.08834e-05
0.00263672 1.49587e-05

0.00263672 1.48991e-05
0.00266113 1.06777e-05

0.00266113 1.19004e-05
0.00268555 8.33759e-06

0.00268555 7.5528e-06
0.00270996 1.37735e-05

0.00270996 1.39012e-05
0.00273438 1.40525e-05

0.00273437 1.38268e-05
0.00275879 7.70359e-06

0.00275879 8.47052e-06
0.0027832 1.18477e-05

0.0027832 1.07813e-05
0.00280762 1.47947e-05

0.00280762 1.4808e-05
0.00283203 1.08314e-05

0.00283203 1.20121e-05
0.00285645 8.28899e-06

0.00285645 7.54728e-06
0.00288086 1.36475e-05

0.00288086 1.38075e-05
0.00290527 1.40338e-05

0.00290527 1.34038e-05
0.00292969 8.095e-06

0.00292969 8.73397e-06
0.0029541 1.24382e-05

0.0029541 1.16655e-05
0.00297852 1.43794e-05

0.00297852 1.21782e-05
0.00300293 1.26277e-05

0.00300293 1.2623e-05
0.00302734 1.40499e-05

0.00302734 1.3009e-05
0.00305176 1.38426e-05

0.00305176 1.34184e-05
0.00307617 1.44869e-05

0.00307617 1.3797e-05
0.00310059 1.46759e-05

0.00310059 1.41476e-05
0.003125 1.51272e-05

0.00175781 0.00287952
0.00157711 0.00292969

0.0015625 0.00293388
0.0015776 0.00292969

0.00175781 0.00288004
0.00195312 0.00281709

0.00234375 0.00265927
0.00217191 0.00273438

0.00195312 0.00281743
0.00214844 0.00274407

0.00214844 0.0027437
0.00216978 0.00273438

0.00292969 0.00231155
0.00288506 0.00234375

0.00302734 0.00223443
0.00301261 0.00224609

0.00297852 0.00227152
0.00294865 0.00229492

0.00292969 0.0023103
0.00294952 0.00229492

0.00300293 0.00225269
0.00298024 0.00227051

0.00297852 0.00227238
0.00298086 0.00227051

0.00300293 0.0022486
0.00300621 0.00224609

0.00307617 0.00218896
0.00306674 0.00219727

0.00302734 0.0022337
0.0030704 0.00219727

0.00307617 0.00219174
0.00312458 0.00214844

0.00244141 0.00261152
0.0023897 0.00263672

0.00234375 0.00265752
0.00238645 0.00263672

0.00244141 0.00261101
0.00253906 0.00255986

0.00273438 0.00244678
0.0025783 0.00253906

0.00253906 0.00255916
0.00257361 0.00253906

0.00283203 0.00238021
0.00274029 0.00244141

0.00273438 0.00244457
0.0027393 0.00244141

0.00283203 0.00237923
0.00288147 0.00234375

0.003125 1.45139e-05
0.00314941 1.55246e-05

0.00314941 1.49559e-05
0.00317383 1.59788e-05

0.00317383 1.54091e-05
0.00319824 1.63567e-05

0.00319824 1.58988e-05
0.00322266 1.66796e-05

0.00322266 1.61629e-05
0.00324707 1.69897e-05

0.00324707 1.62441e-05
0.00327148 1.78353e-05

0.00327148 1.7605e-05
0.0032959 1.85338e-05

0.0032959 1.80787e-05
0.00332031 1.78044e-05

0.00332031 1.64032e-05
0.00334473 1.91981e-05

0.00334473 2.04203e-05
0.00336914 2.10525e-05

0.00336914 1.32877e-05
0.00339355 2.35733e-05

0.00339275 2.44141e-05
0.00339355 2.47078e-05

0.00339355 2.67589e-05
0.00341797 4.85011e-05

0.00341749 4.88281e-05
0.00341797 4.93096e-05

0.00341797 4.95208e-05
0.00344127 7.32422e-05

0.00344153 7.32422e-05
0.00344238 7.41336e-05

0.00344238 7.43586e-05
0.00346409 9.76563e-05

0.00346466 9.76563e-05
0.0034668 0.000100056

0.0034668 0.000100822
0.00348541 0.00012207

0.00348521 0.00012207
0.00349121 0.000129251

0.00349121 0.000128934
0.00350564 0.000146484

0.00350589 0.000146484
0.00351563 0.000159222

0.00351563 0.000159602
0.00354251 0.000195313

0.00354266 0.000195313
0.00356445 0.000227975

0.00356445 0.000228865
0.00357445 0.000244141

0.00357491 0.000244141
0.00360376 0.000292969

0.00360455 0.000292969
0.00361328 0.00031055

0.00361328 0.000312086
0.0036288 0.000341797

0.00362903 0.000341797
0.00365167 0.000390625

0.00365233 0.000390625
0.00368981 0.000488281

0.00368964 0.000488281
0.00371094 0.000563414

0.00371094 0.000565338
0.00371678 0.000585938

0.003717 0.000585937
0.00373587 0.000683594

0.0037355 0.000683594
0.00374672 0.00078125

0.0037487 0.00078125
0.00374936 0.000976562

0.00374905 0.000976562
0.00372112 0.00117188

0.00371094 0.00120886
0.00366546 0.00136719

0.00366549 0.00136719
0.00358027 0.0015625

0.00371094 0.00120405
0.00371895 0.00117187

0.00332031 0.00194367
0.00331243 0.00195312

0.00351563 0.00167518
0.00346363 0.00175781

0.00341797 0.00182226
0.0033943 0.00185547

0.00332031 0.00194674
0.00339414 0.00185547

0.00346284 0.00175781
0.00342886 0.00180664

0.00341797 0.00181903
0.0034267 0.00180664

0.00322266 0.00205386
0.00312552 0.00214844

0.00331514 0.00195313
0.00322579 0.00205078

0.00322266 0.00205553
0.00322727 0.00205078

0.003125 0.00214869
0.00312528 0.00214844

0.00357821 0.0015625
0.00352447 0.00166016

0.00351563 0.00167242
0.00352309 0.00166016

