7.16634e-05 0
7.32422e-05 4.63555e-06

7.32422e-05 1.40117e-06
9.58303e-05 2.44141e-05

9.76563e-05 1.43258e-05
0.00012207 1.46028e-05

0.00012207 1.37538e-05
0.000146484 1.42112e-05

0.000146484 1.46714e-05
0.000170898 1.49723e-05

0.000170898 1.44966e-05
0.000195313 1.39438e-05

0.000195313 1.44382e-05
0.000219727 1.43352e-05

0.000219727 1.39608e-05
0.000244141 1.43189e-05

0.000244141 1.46394e-05
0.000268555 1.46947e-05

0.000268555 1.45481e-05
0.000292969 1.38185e-05

0.000292969 1.41587e-05
0.000317383 1.40371e-05

0.000317383 1.40456e-05
0.000341797 1.41334e-05

0.000341797 1.42573e-05
0.000366211 1.40738e-05

0.000366211 1.42942e-05
0.000390625 1.36023e-05

0.000390625 1.37532e-05
0.000415039 1.35256e-05

0.000415039 1.37462e-05
0.000439453 1.38083e-05

0.000439453 1.37991e-05
0.000463867 1.35728e-05

0.000463867 1.37236e-05
0.000488281 1.34925e-05

0.000488281 1.36411e-05
0.000512695 1.33874e-05

0.000512695 1.34978e-05
0.000537109 1.33438e-05

0.000537109 1.34585e-05
0.000561523 1.3344e-05

0.000561523 1.34107e-05
0.000585937 1.32633e-05

0.000585938 1.33539e-05
0.000610352 1.32337e-05

0.000610352 1.32726e-05
0.000634766 1.32269e-05

0.000634766 1.32619e-05
0.00065918 1.32595e-05

0.00065918 1.33059e-05
0.000683594 1.31902e-05

0.000683594 1.31751e-05
0.000708008 1.3179e-05

0.000708008 1.30795e-05
0.000732422 1.34223e-05

0.000732422 1.3358e-05
0.000756836 1.34933e-05

0.000756836 1.33727e-05
0.00078125 1.33267e-05

0.00078125 1.32838e-05
0.000805664 1.35003e-05

0.000805664 1.34017e-05
0.000830078 1.36147e-05

0.000830078 1.34813e-05
0.000854492 1.36167e-05

0.000854492 1.35195e-05
0.000878906 1.36974e-05

0.000878906 1.35753e-05
0.00090332 1.37874e-05

0.00090332 1.36761e-05
0.000927734 1.38578e-05

0.000927734 1.37201e-05
0.000952148 1.39155e-05

0.000952148 1.38012e-05
0.000976562 1.40279e-05

0.000976562 1.38391e-05
0.00100098 1.41409e-05

0.00100098 1.39921e-05
0.00102539 1.42989e-05

0.00102539 1.40808e-05
0.0010498 1.43727e-05

0.0010498 1.42035e-05
0.00107422 1.45417e-05

0.00107422 1.42859e-05
0.00109863 1.46982e-05

0.00109863 1.4445e-05
0.00112305 1.49538e-05

0.00112305 1.46772e-05
0.00114746 1.51238e-05

0.00114746 1.49978e-05
0.00117187 1.51274e-05

0.00117188 1.4866e-05
0.00119629 1.51474e-05

0.00119629 1.46446e-05
0.0012207 1.59445e-05

0.0012207 1.58428e-05
0.00124512 1.63607e-05

0.00124512 1.61535e-05
0.00126953 1.53298e-05

0.00126953 1.54255e-05
0.00129395 1.53615e-05

0.00129395 1.57464e-05
0.00131836 1.56282e-05

0.00131836 1.49183e-05
0.00134277 1.56685e-05

0.00134277 1.72897e-05
0.00136719 1.53673e-05

0.0013916 2.84493e-07
0.00136987 2.44141e-05

0.00136719 2.45925e-05
0.00136767 2.44141e-05

0.0013916 4.13673e-06
0.001393 0

0.00146296 0
0.00146484 5.55014e-06

0.00146484 4.30318e-06
0.00148406 2.44141e-05

0.00148468 2.44141e-05
0.00148926 2.60779e-05

0.00148926 1.76568e-05
0.00151367 1.82542e-05

0.00151367 1.74403e-05
0.00153809 1.67945e-05

0.0015625 6.02228e-06
0.00154357 2.44141e-05

0.00153809 2.61774e-05
0.00154323 2.44141e-05

0 0.00312217
0.000390625 0.00311116

0.000390625 0.00311144
0.00078125 0.00307782

0.00078125 0.00307846
0.00117187 0.00302037

0.00117188 0.00302142
0.0015625 0.0029355

0.0015625 7.19788e-06
0.00156508 0

0.00165634 0
0.00166016 9.2914e-06

0.00166016 1.04157e-05
0.00167521 2.44141e-05

0.00167443 2.44141e-05
0.00168457 2.81536e-05

0.00168457 1.85269e-05
0.00170898 1.88863e-05

0.00169663 2.44141e-05
0.00170898 2.45066e-05

0.0017334 1.13565e-05
0.00171858 2.44141e-05

0.00170898 2.81235e-05
0.00171938 2.44141e-05

0.0017334 1.21607e-05
0.00173862 0

0.00179754 0
0.00180664 1.70131e-05

0.00180664 1.00451e-05
0.00183105 1.09349e-05

0.00183105 6.87427e-06
0.00185547 1.38369e-07

0.00185619 0
0.00187988 1.67566e-05

0.00187988 9.12399e-06
0.0019043 1.22457e-05

0.0019043 9.43882e-06
0.00192871 1.01769e-05

0.00192871 9.9263e-06
0.00195312 1.22779e-05

0.00195312 9.49465e-06
0.00197754 1.28956e-05

0.00197754 1.35616e-05
0.00200195 1.29857e-05

0.00200195 1.52363e-05
0.00202637 6.39035e-06

0.00202637 6.90276e-06
0.00205078 9.26191e-06

0.00205078 9.67947e-06
0.0020752 1.44627e-05

0.0020752 9.92128e-06
0.00209961 1.18759e-05

0.00209961 1.33604e-05
0.00212402 1.33011e-05

0.00212402 1.29654e-05
0.00214844 8.7534e-06

0.00214844 8.37524e-06
0.00217285 1.30243e-05

0.00217285 1.38751e-05
0.00219727 1.36886e-05

0.00219727 1.30413e-05
0.00222168 8.10942e-06

0.00222168 8.02443e-06
0.00224609 1.33926e-05

0.00224609 1.40384e-05
0.00227051 1.38457e-05

0.00227051 1.37415e-05
0.00229492 7.41667e-06

0.00229492 8.15874e-06
0.00231934 1.19285e-05

0.00231934 1.06469e-05
0.00234375 1.49875e-05

0.00234375 1.50329e-05
0.00236816 1.0815e-05

0.00236816 1.24963e-05
0.00239258 7.53137e-06

0.00239258 7.5404e-06
0.00241699 1.24827e-05

0.00241699 1.07372e-05
0.00244141 1.50869e-05

0.00244141 1.50848e-05
0.00246582 1.07277e-05

0.00246582 1.24622e-05
0.00249023 7.56316e-06

0.00249023 7.56368e-06
0.00251465 1.25012e-05

0.00251465 1.07581e-05
0.00253906 1.50633e-05

0.00253906 1.50589e-05
0.00256348 1.07373e-05

0.00256348 1.24319e-05
0.00258789 7.63751e-06

0.00258789 7.62765e-06
0.0026123 1.25327e-05

0.0026123 1.0886e-05
0.00263672 1.49586e-05

0.00263672 1.49006e-05
0.00266113 1.06773e-05

0.00266113 1.18999e-05
0.00268555 8.33782e-06

0.00268555 7.55338e-06
0.00270996 1.37748e-05

0.00270996 1.39034e-05
0.00273438 1.40512e-05

0.00273437 1.38289e-05
0.00275879 7.69852e-06

0.00275879 8.46537e-06
0.0027832 1.18458e-05

0.0027832 1.07773e-05
0.00280762 1.4799e-05

0.00280762 1.48127e-05
0.00283203 1.08306e-05

0.00283203 1.20029e-05
0.00285645 8.29099e-06

0.00285645 7.56086e-06
0.00288086 1.36509e-05

0.00288086 1.37999e-05
0.00290527 1.40222e-05

0.00290527 1.3356e-05
0.00292969 8.15426e-06

0.00292969 8.81154e-06
0.0029541 1.2468e-05

0.0029541 1.16883e-05
0.00297852 1.43189e-05

0.00297852 1.21836e-05
0.00300293 1.26192e-05

0.00300293 1.26147e-05
0.00302734 1.40004e-05

0.00302734 1.29765e-05
0.00305176 1.38094e-05

0.00305176 1.3343e-05
0.00307617 1.45007e-05

0.00307617 1.37474e-05
0.00310059 1.47933e-05

0.00310059 1.42167e-05
0.003125 1.52606e-05

0.00175781 0.0028795
0.00157704 0.00292969

0.0015625 0.00293386
0.00157752 0.00292969

0.00175781 0.00288001
0.00195312 0.00281705

0.00234375 0.0026592
0.00217179 0.00273438

0.00195312 0.00281739
0.00214844 0.00274402

0.00214844 0.00274364
0.00216963 0.00273438

0.00292969 0.00231182
0.00288533 0.00234375

0.00302734 0.00223486
0.00301317 0.00224609

0.00297852 0.00227194
0.00294909 0.00229492

0.00292969 0.00231061
0.00295001 0.00229492

0.00300293 0.00225316
0.00298079 0.00227051

0.00297852 0.00227267
0.00298123 0.00227051

0.00300293 0.00224982
0.00300778 0.00224609

0.00307617 0.00218958
0.0030674 0.00219727

0.00302734 0.00223403
0.00307079 0.00219727

0.00307617 0.00219219
0.003125 0.00214853

0.00244141 0.00261144
0.00238954 0.00263672

0.00234375 0.00265745
0.00238628 0.00263672

0.00244141 0.00261093
0.00253906 0.00255977

0.00273438 0.00244675
0.00257812 0.00253906

0.00253906 0.00255907
0.00257347 0.00253906

0.00283203 0.00238032
0.00274027 0.00244141

0.00273438 0.00244459
0.00273933 0.00244141

0.00283203 0.00237937
0.00288178 0.00234375

0.003125 1.46681e-05
0.00314941 1.55504e-05

0.00314941 1.50774e-05
0.00317383 1.58557e-05

0.00317383 1.54024e-05
0.00319824 1.61298e-05

0.00319824 1.56799e-05
0.00322266 1.65064e-05

0.00322266 1.60059e-05
0.00324707 1.69806e-05

0.00324707 1.63868e-05
0.00327148 1.75576e-05

0.00327148 1.69484e-05
0.0032959 1.82128e-05

0.0032959 1.74495e-05
0.00332031 1.8923e-05

0.00332031 1.80083e-05
0.00334473 2.00904e-05

0.00334473 2.01141e-05
0.00336914 2.04226e-05

0.00336914 1.36846e-05
0.00339229 2.44141e-05

0.00339078 2.44141e-05
0.00339355 2.55086e-05

0.00339355 2.81011e-05
0.00341729 4.88281e-05

0.00341713 4.88281e-05
0.00341797 4.96296e-05

0.00341797 4.9932e-05
0.00344147 7.32422e-05

0.00344151 7.32422e-05
0.00344238 7.41489e-05

0.00344238 7.43103e-05
0.00346424 9.76563e-05

0.00346478 9.76563e-05
0.0034668 9.99055e-05

0.0034668 0.000100713
0.00348555 0.00012207

0.00348534 0.00012207
0.00349121 0.000129073

0.00349121 0.000128695
0.00350586 0.000146484

0.00350602 0.000146484
0.00351563 0.000159054

0.00351563 0.000159365
0.00354268 0.000195313

0.00354275 0.000195313
0.00356445 0.00022786

0.00356445 0.000228479
0.0035747 0.000244141

0.00357505 0.000244141
0.00360386 0.000292969

0.00360463 0.000292969
0.00361328 0.000310407

0.00361328 0.000311932
0.00362886 0.000341797

0.00362908 0.000341797
0.00365169 0.000390625

0.00365235 0.000390625
0.0036898 0.000488281

0.00368963 0.000488281
0.00371094 0.000563494

0.00371094 0.000565397
0.00371676 0.000585938

0.00371697 0.000585937
0.00373584 0.000683594

0.00373547 0.000683594
0.00374669 0.00078125

0.00374867 0.00078125
0.00374932 0.000976562

0.00374901 0.000976562
0.00372107 0.00117188

0.00371094 0.00120868
0.0036654 0.00136719

0.00366543 0.00136719
0.0035802 0.0015625

0.00371094 0.00120383
0.00371889 0.00117187

0.00332031 0.00194374
0.0033125 0.00195312

0.00351563 0.00167505
0.00346356 0.00175781

0.00341797 0.0018222
0.00339427 0.00185547

0.00332031 0.00194683
0.0033941 0.00185547

0.00346277 0.00175781
0.00342881 0.00180664

0.00341797 0.00181896
0.00342664 0.00180664

0.00322266 0.0020542
0.003126 0.00214844

0.00331521 0.00195313
0.00322605 0.00205078

0.00322266 0.00205574
0.00322747 0.00205078

0.003125 0.00214903
0.00312564 0.00214844

0.00357813 0.0015625
0.00352439 0.00166016

0.00351563 0.00167229
0.00352301 0.00166016

