7.19732e-05 0
7.32422e-05 3.75204e-06

7.32422e-05 1.83199e-07
9.58025e-05 2.44141e-05

9.72362e-05 2.44141e-05
9.76563e-05 2.45645e-05

9.76563e-05 1.46013e-05
0.00012207 1.52919e-05

0.000119675 2.44141e-05
0.00012207 2.44403e-05

0.00012207 1.38754e-05
0.000146484 1.36348e-05

0.000146484 1.4278e-05
0.000170898 1.52402e-05

0.000170898 1.47452e-05
0.000195313 1.42832e-05

0.000195313 1.45899e-05
0.000219727 1.41944e-05

0.000219727 1.42345e-05
0.000244141 1.41729e-05

0.000244141 1.40561e-05
0.000268555 1.46321e-05

0.000268555 1.48023e-05
0.000292969 1.45102e-05

0.000292969 1.45314e-05
0.000317383 1.36961e-05

0.000317383 1.40553e-05
0.000341797 1.39596e-05

0.000341797 1.41381e-05
0.000366211 1.39427e-05

0.000366211 1.40081e-05
0.000390625 1.37083e-05

0.000390625 1.39113e-05
0.000415039 1.37145e-05

0.000415039 1.37909e-05
0.000439453 1.36289e-05

0.000439453 1.37776e-05
0.000463867 1.36053e-05

0.000463867 1.36891e-05
0.000488281 1.34735e-05

0.000488281 1.35976e-05
0.000512695 1.34651e-05

0.000512695 1.35695e-05
0.000537109 1.33973e-05

0.000537109 1.34775e-05
0.000561523 1.33318e-05

0.000561523 1.34291e-05
0.000585937 1.33241e-05

0.000585938 1.34046e-05
0.000610352 1.32514e-05

0.000610352 1.33399e-05
0.000634766 1.31902e-05

0.000634766 1.32777e-05
0.00065918 1.31613e-05

0.00065918 1.31551e-05
0.000683594 1.3207e-05

0.000683594 1.31691e-05
0.000708008 1.33448e-05

0.000708008 1.32712e-05
0.000732422 1.33452e-05

0.000732422 1.32737e-05
0.000756836 1.33476e-05

0.000756836 1.32889e-05
0.00078125 1.3435e-05

0.00078125 1.33279e-05
0.000805664 1.35066e-05

0.000805664 1.34112e-05
0.000830078 1.35747e-05

0.000830078 1.34548e-05
0.000854492 1.36207e-05

0.000854492 1.35143e-05
0.000878906 1.3717e-05

0.000878906 1.35943e-05
0.00090332 1.37825e-05

0.00090332 1.37532e-05
0.000927734 1.37594e-05

0.000927734 1.36092e-05
0.000952148 1.3777e-05

0.000952148 1.35458e-05
0.000976562 1.42189e-05

0.000976562 1.40346e-05
0.00100098 1.43746e-05

0.00100098 1.4214e-05
0.00102539 1.40748e-05

0.00102539 1.39645e-05
0.0010498 1.42298e-05

0.0010498 1.38768e-05
0.00107422 1.48226e-05

0.00107422 1.45825e-05
0.00109863 1.51003e-05

0.00109863 1.48381e-05
0.00112305 1.46927e-05

0.00112305 1.47825e-05
0.00114746 1.46657e-05

0.00114746 1.4103e-05
0.00117187 1.524e-05

0.00117188 1.50184e-05
0.00119629 1.6284e-05

0.00119629 1.59328e-05
0.0012207 1.55429e-05

0.0012207 1.54944e-05
0.00124512 1.51432e-05

0.00124512 1.52797e-05
0.00126953 1.56031e-05

0.00126953 1.50641e-05
0.00129395 1.61191e-05

0.00129395 1.66695e-05
0.00131836 1.60275e-05

0.00131836 1.5433e-05
0.00134277 1.464e-05

0.00134277 1.62463e-05
0.00136719 1.51044e-05

0.00134277 2.44625e-05
0.0013453 2.44141e-05

0.0013916 1.29203e-06
0.0013698 2.44141e-05

0.00136719 2.48464e-05
0.00136841 2.44141e-05

0.0013916 4.38109e-06
0.00139309 0

0.00146302 0
0.00146484 5.35373e-06

0.00146484 4.49466e-06
0.00148403 2.44141e-05

0.00148424 2.44141e-05
0.00148926 2.62211e-05

0.00148926 1.74862e-05
0.00151367 1.8055e-05

0.00150706 2.44141e-05
0.00151367 2.44699e-05

0.00151367 1.73788e-05
0.00153809 1.69962e-05

0.00151367 2.44169e-05
0.00151423 2.44141e-05

0.0015625 6.14776e-06
0.00154362 2.44141e-05

0.00153809 2.61343e-05
0.0015431 2.44141e-05

0 0.00312214
0.000390625 0.00311112

0.000390625 0.00311141
0.00078125 0.00307777

0.00078125 0.00307841
0.00117187 0.00302031

0.00117188 0.00302136
0.0015625 0.00293543

0.0015625 7.59891e-06
0.00156524 0

0.00165636 0
0.00166016 9.25026e-06

0.00166016 1.04098e-05
0.00167521 2.44141e-05

0.00167445 2.44141e-05
0.00168457 2.81493e-05

0.00168457 1.8538e-05
0.00170898 1.88901e-05

0.00169661 2.44141e-05
0.00170898 2.45059e-05

0.0017334 1.13295e-05
0.00171856 2.44141e-05

0.00170898 2.81387e-05
0.00171941 2.44141e-05

0.0017334 1.21581e-05
0.00173861 0

0.00179919 0
0.00180664 1.52913e-05

0.00180664 6.83127e-06
0.00183105 1.33602e-05

0.00183105 7.78543e-06
0.00185547 1.74938e-06

0.00185547 6.74445e-07
0.00187988 1.49905e-05

0.00187988 9.04809e-06
0.0019043 1.27312e-05

0.0019043 9.61582e-06
0.00192871 1.00144e-05

0.00192871 9.91345e-06
0.00195312 1.23189e-05

0.00195312 9.56644e-06
0.00197754 1.29069e-05

0.00197754 1.35518e-05
0.00200195 1.29534e-05

0.00200195 1.5243e-05
0.00202637 6.43642e-06

0.00202637 6.92561e-06
0.00205078 9.23592e-06

0.00205078 9.66686e-06
0.0020752 1.44776e-05

0.0020752 9.93388e-06
0.00209961 1.18947e-05

0.00209961 1.33753e-05
0.00212402 1.32984e-05

0.00212402 1.30228e-05
0.00214844 8.70389e-06

0.00214844 8.31167e-06
0.00217285 1.29717e-05

0.00217285 1.37897e-05
0.00219727 1.3782e-05

0.00219727 1.31577e-05
0.00222168 8.11537e-06

0.00222168 8.00194e-06
0.00224609 1.32775e-05

0.00224609 1.39408e-05
0.00227051 1.39381e-05

0.00227051 1.37955e-05
0.00229492 7.48036e-06

0.00229492 8.20704e-06
0.00231934 1.18682e-05

0.00231934 1.06387e-05
0.00234375 1.49887e-05

0.00234375 1.5028e-05
0.00236816 1.08189e-05

0.00236816 1.24994e-05
0.00239258 7.53322e-06

0.00239258 7.54057e-06
0.00241699 1.24796e-05

0.00241699 1.07363e-05
0.00244141 1.50889e-05

0.00244141 1.50843e-05
0.00246582 1.07291e-05

0.00246582 1.24647e-05
0.00249023 7.56406e-06

0.00249023 7.56395e-06
0.00251465 1.24996e-05

0.00251465 1.07584e-05
0.00253906 1.50643e-05

0.00253906 1.50572e-05
0.00256348 1.07385e-05

0.00256348 1.2433e-05
0.00258789 7.64127e-06

0.00258789 7.63189e-06
0.0026123 1.25305e-05

0.0026123 1.08859e-05
0.00263672 1.49563e-05

0.00263672 1.48958e-05
0.00266113 1.06808e-05

0.00266113 1.19033e-05
0.00268555 8.34287e-06

0.00268555 7.55612e-06
0.00270996 1.3772e-05

0.00270996 1.39074e-05
0.00273438 1.40497e-05

0.00273437 1.38323e-05
0.00275879 7.68773e-06

0.00275879 8.45135e-06
0.0027832 1.18467e-05

0.0027832 1.07859e-05
0.00280762 1.47998e-05

0.00280762 1.4797e-05
0.00283203 1.08218e-05

0.00283203 1.19784e-05
0.00285645 8.33523e-06

0.00285645 7.609e-06
0.00288086 1.36568e-05

0.00288086 1.37854e-05
0.00290527 1.40129e-05

0.00290527 1.34089e-05
0.00292969 8.1628e-06

0.00292969 8.82932e-06
0.0029541 1.23693e-05

0.0029541 1.15926e-05
0.00297852 1.43235e-05

0.00297852 1.21352e-05
0.00300293 1.27131e-05

0.00300293 1.26332e-05
0.00302734 1.40903e-05

0.00302734 1.30751e-05
0.00305176 1.38666e-05

0.00305176 1.34581e-05
0.00307617 1.4438e-05

0.00307617 1.37743e-05
0.00310059 1.46547e-05

0.00310059 1.41056e-05
0.003125 1.5161e-05

0.00175781 0.00287941
0.00157674 0.00292969

0.0015625 0.00293377
0.00157722 0.00292969

0.00175781 0.00287993
0.00195312 0.00281698

0.00234375 0.00265921
0.00217167 0.00273438

0.00195312 0.00281731
0.00214844 0.00274397

0.00214844 0.0027436
0.00216957 0.00273438

0.00292969 0.00231208
0.00288576 0.00234375

0.00302734 0.00223474
0.0030131 0.00224609

0.00297852 0.00227205
0.00294932 0.00229492

0.00292969 0.00231082
0.00295021 0.00229492

0.00300293 0.00225316
0.0029809 0.00227051

0.00297852 0.00227274
0.00298131 0.00227051

0.00300293 0.00224986
0.00300781 0.00224609

0.00307617 0.00218946
0.00306724 0.00219727

0.00302734 0.00223383
0.00307048 0.00219727

0.00307617 0.00219198
0.003125 0.00214846

0.00244141 0.00261152
0.00238963 0.00263672

0.00234375 0.00265748
0.0023864 0.00263672

0.00244141 0.00261101
0.00253906 0.00255993

0.00273438 0.00244705
0.00257847 0.00253906

0.00253906 0.0025593
0.0025739 0.00253906

0.00283203 0.00238063
0.00274072 0.00244141

0.00273438 0.00244495
0.0027399 0.00244141

0.00283203 0.00237973
0.00288221 0.00234375

0.003125 1.45587e-05
0.00314941 1.55574e-05

0.00314941 1.51095e-05
0.00317383 1.57989e-05

0.00317383 1.5199e-05
0.00319824 1.60767e-05

0.00319824 1.57479e-05
0.00322266 1.6669e-05

0.00322266 1.58581e-05
0.00324707 1.70401e-05

0.00324707 1.66938e-05
0.00327148 1.78657e-05

0.00327148 1.66995e-05
0.0032959 1.83925e-05

0.0032959 1.82457e-05
0.00332031 1.96101e-05

0.00332031 1.91843e-05
0.00334473 1.86365e-05

0.00334473 1.8386e-05
0.00336914 1.83742e-05

0.00336914 1.24815e-05
0.00339183 2.44141e-05

0.00339035 2.44141e-05
0.00339355 2.57395e-05

0.00339355 2.73817e-05
0.00341797 4.86703e-05

0.0034177 4.88281e-05
0.00341797 4.90845e-05

0.00341797 4.83788e-05
0.00341844 4.88281e-05

0.00341797 4.92908e-05
0.00344183 7.32422e-05

0.00344185 7.32422e-05
0.00344238 7.38038e-05

0.00344238 7.39798e-05
0.0034643 9.76563e-05

0.00346483 9.76563e-05
0.0034668 9.98768e-05

0.0034668 0.000100675
0.00348542 0.00012207

0.00348522 0.00012207
0.00349121 0.000129264

0.00349121 0.000128907
0.00350561 0.000146484

0.00350581 0.000146484
0.00351563 0.00015939

0.00351563 0.000159712
0.00354236 0.000195313

0.00354247 0.000195313
0.00356445 0.000228306

0.00356445 0.000229002
0.00357434 0.000244141

0.00357472 0.000244141
0.00360355 0.000292969

0.00360433 0.000292969
0.00361328 0.000310987

0.00361328 0.000312489
0.00362859 0.000341797

0.00362883 0.000341797
0.00365146 0.000390625

0.00365212 0.000390625
0.00368962 0.000488281

0.00368945 0.000488281
0.00371094 0.000564052

0.00371094 0.000565997
0.00371659 0.000585938

0.00371682 0.000585937
0.00373571 0.000683594

0.00373534 0.000683594
0.00374657 0.00078125

0.00374855 0.00078125
0.00374923 0.000976562

0.00374892 0.000976562
0.00372101 0.00117188

0.00371094 0.00120849
0.00366538 0.00136719

0.00366541 0.00136719
0.00358026 0.0015625

0.00371094 0.00120361
0.00371883 0.00117187

0.00332031 0.00194405
0.00331276 0.00195312

0.00351563 0.00167528
0.00346377 0.00175781

0.00341797 0.00182257
0.00339456 0.00185547

0.00332031 0.0019472
0.00339439 0.00185547

0.00346298 0.00175781
0.00342906 0.00180664

0.00341797 0.00181936
0.00342693 0.00180664

0.00322266 0.00205443
0.00312599 0.00214844

0.00331554 0.00195313
0.00322629 0.00205078

0.00322266 0.00205591
0.00322763 0.00205078

0.003125 0.00214901
0.00312562 0.00214844

0.0035782 0.0015625
0.00352453 0.00166016

0.00351563 0.0016726
0.00352319 0.00166016

