7.15362e-05 0
7.32422e-05 4.98947e-06

7.32422e-05 6.96642e-07
9.59268e-05 2.44141e-05

9.70579e-05 2.44141e-05
9.76563e-05 2.46226e-05

9.76563e-05 1.43108e-05
0.00012207 1.5065e-05

0.000119492 2.44141e-05
0.00012207 2.44448e-05

0.00012207 1.39955e-05
0.000146484 1.39656e-05

0.000146484 1.46908e-05
0.000170898 1.46393e-05

0.000170898 1.3808e-05
0.000195313 1.40725e-05

0.000195313 1.47058e-05
0.000219727 1.50391e-05

0.000219727 1.45892e-05
0.000244141 1.38181e-05

0.000244141 1.41106e-05
0.000268555 1.44225e-05

0.000268555 1.43525e-05
0.000292969 1.45419e-05

0.000292969 1.47589e-05
0.000317383 1.4072e-05

0.000317383 1.43037e-05
0.000341797 1.3518e-05

0.000341797 1.36865e-05
0.000366211 1.39419e-05

0.000366211 1.40077e-05
0.000390625 1.42021e-05

0.000390625 1.43082e-05
0.000415039 1.36175e-05

0.000415039 1.38942e-05
0.000439453 1.32668e-05

0.000439453 1.33937e-05
0.000463867 1.35963e-05

0.000463867 1.36306e-05
0.000488281 1.38308e-05

0.000488281 1.39032e-05
0.000512695 1.33852e-05

0.000512695 1.35834e-05
0.000537109 1.3109e-05

0.000537109 1.32075e-05
0.000561523 1.3386e-05

0.000561523 1.33757e-05
0.000585937 1.35771e-05

0.000585938 1.36712e-05
0.000610352 1.32177e-05

0.000610352 1.3331e-05
0.000634766 1.29591e-05

0.000634766 1.30991e-05
0.00065918 1.32525e-05

0.00065918 1.31758e-05
0.000683594 1.33353e-05

0.000683594 1.3283e-05
0.000708008 1.32994e-05

0.000708008 1.32689e-05
0.000732422 1.3266e-05

0.000732422 1.32081e-05
0.000756836 1.33702e-05

0.000756836 1.32922e-05
0.00078125 1.34782e-05

0.00078125 1.33485e-05
0.000805664 1.35015e-05

0.000805664 1.34471e-05
0.000830078 1.35479e-05

0.000830078 1.34216e-05
0.000854492 1.35769e-05

0.000854492 1.34942e-05
0.000878906 1.37302e-05

0.000878906 1.35703e-05
0.00090332 1.37787e-05

0.00090332 1.36621e-05
0.000927734 1.38738e-05

0.000927734 1.37285e-05
0.000952148 1.39386e-05

0.000952148 1.37919e-05
0.000976562 1.40616e-05

0.000976562 1.38616e-05
0.00100098 1.4216e-05

0.00100098 1.40725e-05
0.00102539 1.43251e-05

0.00102539 1.40527e-05
0.0010498 1.44157e-05

0.0010498 1.4447e-05
0.00107422 1.45172e-05

0.00107422 1.4164e-05
0.00109863 1.44146e-05

0.00109863 1.41278e-05
0.00112305 1.52315e-05

0.00112305 1.49642e-05
0.00114746 1.53873e-05

0.00114746 1.50651e-05
0.00117187 1.49882e-05

0.00117188 1.49763e-05
0.00119629 1.52486e-05

0.00119629 1.45862e-05
0.0012207 1.59169e-05

0.0012207 1.60173e-05
0.00124512 1.64551e-05

0.00124512 1.63365e-05
0.00126953 1.49239e-05

0.00126953 1.44988e-05
0.00129395 1.55617e-05

0.00129395 1.65071e-05
0.00131836 1.65594e-05

0.00131836 1.56018e-05
0.00134277 1.45489e-05

0.00134277 1.63132e-05
0.00136719 1.49615e-05

0.0013916 1.09957e-06
0.00136971 2.44141e-05

0.0013916 4.26626e-06
0.00139305 0

0.0014627 0
0.00146484 6.12758e-06

0.00146484 5.4396e-06
0.00148388 2.44141e-05

0.001484 2.44141e-05
0.00148926 2.62456e-05

0.00148926 1.71529e-05
0.00151367 1.73869e-05

0.00149927 2.44141e-05
0.00151367 2.44425e-05

0.00151367 1.72673e-05
0.00153809 1.73288e-05

0.00152789 2.44141e-05
0.00153809 2.44766e-05

0.0015625 5.8128e-06
0.00154359 2.44141e-05

0.00153809 2.64709e-05
0.00154402 2.44141e-05

0 0.00312213
0.000390625 0.00311111

0.000390625 0.0031114
0.00078125 0.00307776

0.00078125 0.0030784
0.00117187 0.0030203

0.00117188 0.00302134
0.0015625 0.00293541

0.0015625 7.2761e-06
0.00156508 0

0.00165628 0
0.00166016 9.42836e-06

0.00166016 1.04488e-05
0.00167522 2.44141e-05

0.00167449 2.44141e-05
0.00168457 2.8126e-05

0.00168457 1.85113e-05
0.00170898 1.88816e-05

0.00169659 2.44141e-05
0.00170898 2.45127e-05

0.0017334 1.13515e-05
0.00171861 2.44141e-05

0.00170898 2.81578e-05
0.00171945 2.44141e-05

0.0017334 1.19815e-05
0.00173853 0

0.00179761 0
0.00180664 1.66672e-05

0.00180664 8.25768e-06
0.00183105 1.14668e-05

0.00183105 7.01461e-06
0.00185547 1.52084e-06

0.00185547 6.66412e-08
0.00187988 1.57142e-05

0.00187988 9.11751e-06
0.0019043 1.26306e-05

0.0019043 9.55705e-06
0.00192871 1.00054e-05

0.00192871 9.91976e-06
0.00195312 1.23372e-05

0.00195312 9.53796e-06
0.00197754 1.28793e-05

0.00197754 1.35489e-05
0.00200195 1.2979e-05

0.00200195 1.52386e-05
0.00202637 6.42287e-06

0.00202637 6.91487e-06
0.00205078 9.25875e-06

0.00205078 9.7136e-06
0.0020752 1.44495e-05

0.0020752 9.89716e-06
0.00209961 1.18535e-05

0.00209961 1.33315e-05
0.00212402 1.33517e-05

0.00212402 1.30673e-05
0.00214844 8.71015e-06

0.00214844 8.31371e-06
0.00217285 1.29274e-05

0.00217285 1.37624e-05
0.00219727 1.37991e-05

0.00219727 1.31069e-05
0.00222168 8.18308e-06

0.00222168 8.0821e-06
0.00224609 1.33249e-05

0.00224609 1.40322e-05
0.00227051 1.38417e-05

0.00227051 1.37351e-05
0.00229492 7.41607e-06

0.00229492 8.1546e-06
0.00231934 1.19318e-05

0.00231934 1.06474e-05
0.00234375 1.49884e-05

0.00234375 1.50319e-05
0.00236816 1.08158e-05

0.00236816 1.24977e-05
0.00239258 7.53355e-06

0.00239258 7.54194e-06
0.00241699 1.24814e-05

0.00241699 1.07377e-05
0.00244141 1.50868e-05

0.00244141 1.5084e-05
0.00246582 1.0728e-05

0.00246582 1.24621e-05
0.00249023 7.56507e-06

0.00249023 7.56501e-06
0.00251465 1.25014e-05

0.00251465 1.07598e-05
0.00253906 1.50625e-05

0.00253906 1.50569e-05
0.00256348 1.07375e-05

0.00256348 1.24309e-05
0.00258789 7.64232e-06

0.00258789 7.6334e-06
0.0026123 1.25314e-05

0.0026123 1.08872e-05
0.00263672 1.49536e-05

0.00263672 1.48949e-05
0.00266113 1.06787e-05

0.00266113 1.18998e-05
0.00268555 8.34385e-06

0.00268555 7.55616e-06
0.00270996 1.37745e-05

0.00270996 1.39107e-05
0.00273438 1.40473e-05

0.00273437 1.38293e-05
0.00275879 7.68554e-06

0.00275879 8.44897e-06
0.0027832 1.18515e-05

0.0027832 1.07896e-05
0.00280762 1.47996e-05

0.00280762 1.4799e-05
0.00283203 1.08173e-05

0.00283203 1.19795e-05
0.00285645 8.32941e-06

0.00285645 7.60036e-06
0.00288086 1.36559e-05

0.00288086 1.37925e-05
0.00290527 1.40089e-05

0.00290527 1.338e-05
0.00292969 8.16698e-06

0.00292969 8.7976e-06
0.0029541 1.24458e-05

0.0029541 1.16707e-05
0.00297852 1.43625e-05

0.00297852 1.22122e-05
0.00300293 1.26387e-05

0.00300293 1.26267e-05
0.00302734 1.40026e-05

0.00302734 1.29788e-05
0.00305176 1.38433e-05

0.00305176 1.33773e-05
0.00307617 1.45289e-05

0.00307617 1.38162e-05
0.00310059 1.47543e-05

0.00310059 1.42327e-05
0.003125 1.51389e-05

0.00175781 0.0028794
0.00157669 0.00292969

0.0015625 0.00293376
0.00157717 0.00292969

0.00175781 0.00287992
0.00195312 0.00281698

0.00234375 0.00265925
0.00217172 0.00273438

0.00195312 0.00281731
0.00214844 0.00274398

0.00214844 0.00274363
0.00216963 0.00273438

0.00292969 0.00231207
0.00288576 0.00234375

0.00302734 0.00223467
0.00301302 0.00224609

0.00297852 0.00227201
0.00294929 0.00229492

0.00292969 0.0023108
0.00295017 0.00229492

0.00300293 0.00225311
0.00298085 0.00227051

0.00297852 0.00227271
0.00298127 0.00227051

0.00300293 0.00224979
0.00300771 0.00224609

0.00307617 0.00218941
0.00306719 0.00219727

0.00302734 0.00223377
0.00307041 0.00219727

0.00307617 0.00219192
0.00312496 0.00214844

0.00244141 0.00261156
0.00238971 0.00263672

0.00234375 0.00265752
0.0023865 0.00263672

0.00244141 0.00261105
0.00253906 0.00255998

0.00273438 0.00244709
0.00257856 0.00253906

0.00253906 0.00255936
0.00257399 0.00253906

0.00283203 0.00238065
0.00274078 0.00244141

0.00273438 0.00244499
0.00273996 0.00244141

0.00283203 0.00237974
0.0028822 0.00234375

0.003125 1.45767e-05
0.00314941 1.54456e-05

0.00314941 1.49533e-05
0.00317383 1.58445e-05

0.00317383 1.53299e-05
0.00319824 1.61905e-05

0.00319824 1.56298e-05
0.00322266 1.66499e-05

0.00322266 1.61159e-05
0.00324707 1.72069e-05

0.00324707 1.67315e-05
0.00327148 1.75321e-05

0.00327148 1.68939e-05
0.0032959 1.79228e-05

0.0032959 1.74656e-05
0.00332031 1.87665e-05

0.00332031 1.7861e-05
0.00334473 1.95251e-05

0.00334473 1.91622e-05
0.00336914 2.0398e-05

0.00336914 1.43134e-05
0.00339106 2.44141e-05

0.00338997 2.44141e-05
0.00339355 2.57431e-05

0.00339355 2.73586e-05
0.00341797 4.79372e-05

0.00341797 4.81474e-05
0.00341868 4.88281e-05

0.00341797 4.88863e-05
0.00344222 7.32422e-05

0.00344221 7.32422e-05
0.00344238 7.34245e-05

0.00344238 7.35662e-05
0.00346465 9.76563e-05

0.00346514 9.76563e-05
0.0034668 9.95332e-05

0.0034668 0.000100257
0.00348573 0.00012207

0.00348549 0.00012207
0.00349121 0.000128972

0.00349121 0.000128631
0.0035058 0.000146484

0.00350603 0.000146484
0.00351563 0.00015912

0.00351563 0.000159472
0.00352424 0.000170898

0.00352443 0.000170898
0.00354004 0.000192315

0.00354004 0.00019193
0.00354245 0.000195313

0.00354262 0.000195313
0.00356445 0.000228141

0.00356445 0.000228849
0.00357443 0.000244141

0.00357481 0.000244141
0.00360362 0.000292969

0.0036044 0.000292969
0.00361328 0.00031087

0.00361328 0.00031237
0.00362864 0.000341797

0.00362887 0.000341797
0.00365148 0.000390625

0.00365214 0.000390625
0.0036896 0.000488281

0.00368943 0.000488281
0.00371094 0.000564174

0.00371094 0.000566097
0.00371656 0.000585938

0.00371678 0.000585937
0.00373566 0.000683594

0.00373529 0.000683594
0.00374652 0.00078125

0.0037485 0.00078125
0.00374918 0.000976562

0.00374887 0.000976562
0.00372098 0.00117188

0.00371094 0.00120839
0.00366538 0.00136719

0.00366541 0.00136719
0.00358028 0.0015625

0.00371094 0.0012035
0.0037188 0.00117187

0.00332031 0.00194406
0.00331276 0.00195312

0.00351563 0.00167533
0.0034638 0.00175781

0.00341797 0.00182262
0.0033946 0.00185547

0.00332031 0.00194722
0.00339441 0.00185547

0.00346301 0.00175781
0.00342909 0.00180664

0.00341797 0.00181939
0.00342695 0.00180664

0.00322266 0.00205441
0.00312594 0.00214844

0.00331556 0.00195313
0.00322629 0.00205078

0.00322266 0.00205589
0.00322763 0.00205078

0.003125 0.00214896
0.00312557 0.00214844

0.00357822 0.0015625
0.00352455 0.00166016

0.00351563 0.00167265
0.00352322 0.00166016

