7.12277e-05 0
7.32422e-05 5.76016e-06

7.51083e-05 0
9.76563e-05 2.09296e-05

9.76563e-05 4.87437e-06
0.00012207 1.33477e-05

0.00012207 1.64499e-05
0.000146484 1.27053e-05

0.000146484 1.39466e-05
0.000170315 0

0.000170898 2.09023e-06
0.000195313 1.31022e-05

0.000195313 9.34548e-06
0.000219727 1.44624e-05

0.000219727 1.0387e-05
0.000244141 1.06641e-05

0.000244141 1.09103e-05
0.000268555 1.32384e-05

0.000268555 1.15609e-05
0.000292969 1.2458e-05

0.000292969 1.20501e-05
0.000317383 1.32932e-05

0.000317383 1.2474e-05
0.000341797 1.32493e-05

0.000341797 1.28256e-05
0.000366211 1.36103e-05

0.000366211 1.31138e-05
0.000390625 1.37393e-05

0.000390625 1.35626e-05
0.000415039 1.37914e-05

0.000415039 1.349e-05
0.000439453 1.3703e-05

0.000439453 1.34982e-05
0.000463867 1.4174e-05

0.000463867 1.39441e-05
0.000488281 1.42708e-05

0.000488281 1.41587e-05
0.000512695 1.40144e-05

0.000512695 1.38651e-05
0.000537109 1.4128e-05

0.000537109 1.37904e-05
0.000561523 1.47873e-05

0.000561523 1.48176e-05
0.000585937 1.47367e-05

0.000585938 1.43714e-05
0.000610352 1.40781e-05

0.000610352 1.39749e-05
0.000634766 1.51169e-05

0.000634766 1.46081e-05
0.00065918 1.56642e-05

0.00065918 1.55963e-05
0.000683594 1.52324e-05

0.000683594 1.52906e-05
0.000708008 1.43775e-05

0.000708008 1.45316e-05
0.000732422 1.48073e-05

0.000732422 1.48234e-05
0.000756836 1.52907e-05

0.000756836 1.53598e-05
0.00078125 1.47426e-05

0.00078125 1.50524e-05
0.000805664 1.40554e-05

0.000805664 1.43402e-05
0.000830078 1.4172e-05

0.000830078 1.43852e-05
0.000854492 1.44586e-05

0.000854492 1.45047e-05
0.000878906 1.41227e-05

0.000878906 1.42965e-05
0.00090332 1.39509e-05

0.00090332 1.41989e-05
0.000927734 1.38942e-05

0.000927734 1.40761e-05
0.000952148 1.37045e-05

0.000952148 1.39255e-05
0.000976562 1.36034e-05

0.000976562 1.37867e-05
0.00100098 1.35095e-05

0.00100098 1.37597e-05
0.00102539 1.33558e-05

0.00102539 1.35757e-05
0.0010498 1.31236e-05

0.0010498 1.36264e-05
0.00107422 1.28288e-05

0.00107422 1.30543e-05
0.00109863 1.24998e-05

0.00109863 1.35526e-05
0.00112305 1.21211e-05

0.00112305 1.18329e-05
0.00114746 1.1757e-05

0.00114746 1.45064e-05
0.00117187 1.10653e-05

0.00117188 1.17328e-05
0.00119629 7.44501e-06

0.00119629 6.47887e-06
0.0012207 1.41432e-05

0.0012207 1.42358e-05
0.00124512 1.42451e-05

0.00124512 1.4164e-05
0.00126953 6.47063e-06

0.00126953 7.13679e-06
0.00129395 1.20067e-05

0.00129395 1.18208e-05
0.00131836 1.44803e-05

0.00131836 1.36084e-05
0.00134277 8.95976e-06

0.00134277 1.17399e-05
0.00136719 8.72806e-06

0.00136719 2.09733e-05
0.0013895 0

0.0013916 9.90164e-06
0.00139544 0

0.00146221 0
0.00146484 7.47565e-06

0.00146484 1.28261e-06
0.00148729 2.44141e-05

0.00148833 2.44141e-05
0.00148926 2.4734e-05

0.00148926 1.43499e-05
0.00151367 1.61215e-05

0.00151367 1.60026e-05
0.00153809 1.44359e-05

0.00151367 2.44203e-05
0.00151391 2.44141e-05

0.0015625 1.43692e-06
0.00154028 2.44141e-05

0 0.00182795
4.88281e-05 0.00182849

4.88281e-05 0.0018285
9.76563e-05 0.00183013

9.76563e-05 0.00183011
0.000146484 0.00183285

0.000146484 0.0018329
0.000195313 0.00183666

0.000195313 0.00183662
0.000244141 0.00184138

0.000244141 0.00184142
0.000292969 0.00184715

0.000292969 0.00184714
0.000341797 0.00185381

0.000341797 0.00185381
0.000352472 0.00185547

0.000352227 0.00185547
0.000366211 0.00185758

0.000366211 0.00185755
0.000390625 0.00186148

0.000390625 0.00186148
0.000415039 0.00186563

0.000415039 0.00186563
0.000439453 0.00187001

0.000439453 0.00187002
0.000463867 0.00187461

0.000463867 0.0018746
0.000488281 0.00187938

0.000488281 0.00187934
0.000537109 0.00188945

0.000537109 0.00188951
0.000561523 0.00189484

0.000561523 0.00189484
0.000585937 0.00190034

0.000585937 0.00190031
0.00060288 0.0019043

0.000602837 0.0019043
0.000610352 0.00190604

0.000610352 0.00190602
0.000634766 0.00191185

0.000634766 0.00191186
0.00065918 0.00191783

0.00065918 0.00191783
0.000683594 0.00192391

0.000683594 0.00192391
0.000702481 0.00192871

0.000702448 0.00192871
0.000708008 0.00193012

0.000708008 0.00193012
0.000732422 0.00193645

0.000732422 0.00193646
0.000756836 0.00194291

0.000756836 0.00194291
0.00078125 0.00194948

0.00078125 0.00194947
0.000794554 0.00195312

0.000794487 0.00195312
0.000805664 0.00195618

0.000805664 0.00195616
0.000830078 0.00196292

0.000830078 0.00196292
0.000854492 0.00196976

0.000854492 0.00196976
0.000878906 0.00197668

0.000878906 0.00197669
0.000927734 0.00199071

0.000927734 0.00199074
0.000966394 0.00200195

0.000966361 0.00200195
0.000976562 0.00200491

0.000976562 0.00200491
0.00100098 0.00201201

0.00100098 0.00201201
0.00102539 0.00201912

0.00102539 0.00201912
0.0010498 0.00202624

0.0010498 0.00202621
0.00105034 0.00202637

0.00105022 0.00202637
0.00107422 0.00203339

0.00107422 0.00203339
0.00109863 0.00204054

0.00109863 0.00204054
0.00112305 0.00204772

0.00112305 0.00204771
0.00113348 0.00205078

0.00113341 0.00205078
0.00114746 0.00205492

0.00114746 0.00205491
0.00117187 0.00206209

0.00117188 0.00206209
0.00119629 0.00206927

0.00119629 0.00206927
0.00121646 0.0020752

0.00121638 0.0020752
0.0012207 0.00207647

0.0012207 0.00207648
0.00126953 0.00209067

0.00126953 0.00209066
0.00130082 0.00209961

0.00130073 0.00209961
0.00131836 0.00210463

0.00131836 0.00210462
0.00134277 0.00211151

0.00134277 0.00211151
0.00136719 0.00211835

0.00136719 0.00211835
0.0013876 0.00212402

0.00138758 0.00212402
0.0013916 0.00212514

0.0013916 0.00212514
0.00141602 0.00213187

0.00141602 0.00213187
0.00144043 0.00213857

0.00144043 0.00213857
0.00146484 0.00214521

0.00146484 0.00214521
0.00147686 0.00214844

0.00147679 0.00214844
0.00148926 0.0021518

0.00148926 0.0021518
0.00151367 0.00215833

0.00151367 0.00215833
0.00153809 0.0021648

0.00153809 0.0021648
0.0015625 0.0021712

0.0015625 6.03238e-06
0.00156458 0

0.0016551 0
0.00166016 1.20338e-05

0.00166016 1.06334e-05
0.00167603 2.44141e-05

0.00167483 2.44141e-05
0.00168457 2.77501e-05

0.00168457 1.81234e-05
0.00170898 1.77514e-05

0.00168457 2.45134e-05
0.00169667 2.44141e-05

0.0017334 9.60896e-06
0.0017175 2.44141e-05

0.00170898 2.76748e-05
0.00171808 2.44141e-05

0.0017334 7.52116e-06
0.00173639 0

0.00180494 0
0.00180664 4.56383e-06

0.0018184 0
0.00183105 1.05577e-05

0.00184418 0
0.00185547 1.03312e-05

0.00185735 0
0.00187988 1.56684e-05

0.00187988 6.09525e-06
0.0019043 1.02926e-05

0.0019043 7.25586e-06
0.00192871 1.09589e-05

0.00192871 8.31611e-06
0.00195312 1.1757e-05

0.00195312 8.04547e-06
0.00197754 1.39441e-05

0.00197754 1.52556e-05
0.00200195 1.21861e-05

0.00200195 1.60905e-05
0.00202637 1.92266e-06

0.00202637 3.12573e-06
0.00205078 9.5809e-06

0.00205078 8.47345e-06
0.0020752 1.5478e-05

0.0020752 8.82913e-06
0.00209961 1.16306e-05

0.00209961 1.3738e-05
0.00212402 1.3746e-05

0.00212402 1.34264e-05
0.00214844 7.04386e-06

0.00214844 6.55246e-06
0.00217285 1.32437e-05

0.00217285 1.43776e-05
0.00219727 1.41897e-05

0.00219727 1.34512e-05
0.00222168 6.0974e-06

0.00222168 6.03475e-06
0.00224609 1.37521e-05

0.00224609 1.43696e-05
0.00227051 1.44447e-05

0.00227051 1.42112e-05
0.00229492 5.67537e-06

0.00229492 6.6373e-06
0.00231934 1.20103e-05

0.00231934 1.01057e-05
0.00234375 1.58822e-05

0.00234375 1.61368e-05
0.00236816 1.01544e-05

0.00236816 1.22055e-05
0.00239258 5.88704e-06

0.00239258 6.1048e-06
0.00241699 1.31368e-05

0.00241699 1.04367e-05
0.00244141 1.55861e-05

0.00244141 1.58039e-05
0.00246582 1.02837e-05

0.00246582 1.21341e-05
0.00249023 6.58427e-06

0.00249023 6.74115e-06
0.00251465 1.30345e-05

0.00251465 1.06814e-05
0.00253906 1.5274e-05

0.00253906 1.54308e-05
0.00256348 1.04638e-05

0.00256348 1.2072e-05
0.00258789 7.2975e-06

0.00258789 7.39405e-06
0.0026123 1.29603e-05

0.0026123 1.10324e-05
0.00263672 1.48715e-05

0.00263672 1.49225e-05
0.00266113 1.05495e-05

0.00266113 1.15741e-05
0.00268555 8.54066e-06

0.00268555 7.87967e-06
0.00270996 1.39664e-05

0.00270996 1.39528e-05
0.00273438 1.37683e-05

0.00273437 1.33695e-05
0.00275879 8.22751e-06

0.00275879 9.02732e-06
0.0027832 1.22233e-05

0.0027832 1.12256e-05
0.00280762 1.42814e-05

0.00280762 1.43472e-05
0.00283203 1.09749e-05

0.00283203 1.18167e-05
0.00285645 9.21564e-06

0.00285645 8.64978e-06
0.00288086 1.34928e-05

0.00288086 1.34802e-05
0.00290527 1.36662e-05

0.00290527 1.29743e-05
0.00292969 9.41919e-06

0.00292969 9.59958e-06
0.0029541 1.29602e-05

0.0029541 1.33648e-05
0.00297852 1.33523e-05

0.00297852 1.28078e-05
0.00300293 9.73525e-06

0.00300293 9.86552e-06
0.00302734 1.2885e-05

0.00302734 1.31601e-05
0.00305176 1.32781e-05

0.00305176 1.26889e-05
0.00307617 1.02204e-05

0.00307617 1.06672e-05
0.00310059 1.25529e-05

0.00310059 1.21283e-05
0.003125 1.32191e-05

0.0015625 0.00217124
0.00161133 0.00218372

0.00161133 0.00218373
0.00166016 0.00219579

0.00166016 0.00219575
0.00166649 0.00219727

0.0016664 0.00219727
0.00168457 0.00220164

0.00168457 0.00220164
0.00170898 0.00220741

0.00170898 0.00220741
0.0017334 0.00221308

0.0017334 0.00221308
0.00175781 0.00221864

0.00175781 0.00221863
0.00177146 0.00222168

0.00177139 0.00222168
0.00178223 0.0022241

0.00178223 0.00222409
0.00180664 0.00222945

0.00180664 0.00222945
0.00183105 0.00223472

0.00183105 0.00223472
0.00185547 0.00223988

0.00185547 0.0022399
0.0018857 0.00224609

0.00188556 0.00224609
0.0019043 0.0022499

0.0019043 0.00224988
0.00192871 0.00225473

0.00192871 0.00225474
0.00195312 0.00225947

0.00195312 0.00225951
0.00200195 0.00226861

0.00200195 0.00226861
0.00205078 0.00227718

0.00205078 0.00227718
0.00209961 0.0022852

0.00209961 0.00228521
0.00214844 0.00229264

0.00214844 0.00229262
0.00216486 0.00229492

0.00216472 0.00229492
0.00217285 0.00229609

0.00217285 0.00229609
0.00219727 0.00229945

0.00219727 0.00229945
0.00222168 0.00230266

0.00222168 0.00230266
0.00224609 0.00230572

0.00224609 0.00230572
0.00227051 0.00230863

0.00227051 0.00230863
0.00229492 0.00231139

0.00229492 0.00231139
0.00231934 0.00231401

0.00231934 0.00231401
0.00234375 0.00231647

0.00234375 0.00231647
0.00236816 0.00231878

0.00236816 0.00231877
0.00237458 0.00231934

0.00237438 0.00231934
0.00239258 0.00232095

0.00239258 0.00232094
0.00241699 0.00232296

0.00241699 0.00232296
0.00244141 0.00232482

0.00244141 0.00232482
0.00246582 0.00232653

0.00246582 0.00232653
0.00249023 0.00232809

0.00249023 0.00232809
0.00251465 0.00232949

0.00251465 0.0023295
0.00253906 0.00233074

0.00253906 0.00233074
0.00256348 0.00233183

0.00256348 0.00233183
0.00258789 0.00233276

0.00258789 0.00233276
0.0026123 0.00233353

0.0026123 0.00233353
0.00263672 0.00233413

0.00263672 0.00233413
0.00266113 0.00233458

0.00266113 0.00233459
0.00268555 0.00233486

0.00268555 0.0023349
0.00273438 0.00233495

0.00273438 0.00233495
0.0027832 0.0023343

0.0027832 0.0023343
0.00283203 0.00233294

0.00283203 0.00233294
0.00288086 0.00233085

0.00288086 0.00233086
0.00292969 0.00232802

0.00292969 0.00232802
0.00297852 0.00232442

0.00297852 0.00232442
0.00302734 0.00232003

0.00302734 0.00232004
0.00307617 0.00231485

0.00307617 0.0023148
0.00310059 0.0023119

0.00310059 0.0023119
0.003125 0.00230879

0.003125 1.23248e-05
0.00314941 1.23639e-05

0.00314941 1.24839e-05
0.00317383 1.29171e-05

0.00317383 1.25766e-05
0.00319824 1.27081e-05

0.00319824 1.26612e-05
0.00322266 1.29221e-05

0.00322266 1.27442e-05
0.00324707 1.29043e-05

0.00324707 1.28128e-05
0.00327148 1.2995e-05

0.00327148 1.28777e-05
0.0032959 1.30275e-05

0.0032959 1.2939e-05
0.00332031 1.30807e-05

0.00332031 1.29952e-05
0.00334473 1.31114e-05

0.00334473 1.30416e-05
0.00336914 1.31437e-05

0.00336914 1.30782e-05
0.00339355 1.31744e-05

0.00339355 1.31095e-05
0.00341797 1.32138e-05

0.00341797 1.31426e-05
0.00344238 1.32599e-05

0.00344238 1.31814e-05
0.0034668 1.33111e-05

0.0034668 1.32264e-05
0.00349121 1.33637e-05

0.00349121 1.32765e-05
0.00351563 1.34155e-05

0.00351563 1.33309e-05
0.00354004 1.34617e-05

0.00354004 1.3386e-05
0.00356445 1.34973e-05

0.00356445 1.34329e-05
0.00358887 1.3523e-05

0.00358887 1.34621e-05
0.00361328 1.35538e-05

0.00361328 1.34757e-05
0.0036377 1.36155e-05

0.0036377 1.35012e-05
0.00366211 1.37216e-05

0.00366211 1.35661e-05
0.00368652 1.3853e-05

0.00368652 1.36702e-05
0.00371094 1.39822e-05

0.00371094 1.3779e-05
0.00373535 1.41113e-05

0.00373535 1.38769e-05
0.00375977 1.42817e-05

0.00375977 1.39994e-05
0.00378418 1.45138e-05

0.00378418 1.42191e-05
0.00380859 1.47412e-05

0.00380859 1.44979e-05
0.00383301 1.48406e-05

0.00383301 1.45574e-05
0.00385742 1.49509e-05

0.00385742 1.46939e-05
0.00388184 1.52803e-05

0.00388184 1.49517e-05
0.00390625 1.55169e-05

0.00390625 1.5181e-05
0.00393066 1.57333e-05

0.00393066 1.5468e-05
0.00395508 1.59334e-05

0.00395508 1.55425e-05
0.00397949 1.61689e-05

0.00397949 1.60729e-05
0.00400391 1.64173e-05

0.00400391 1.60291e-05
0.00402832 1.62888e-05

0.00402832 1.50682e-05
0.00405273 1.78831e-05

0.00405273 1.83169e-05
0.00407715 1.92183e-05

0.00407715 1.8116e-05
0.00410156 1.65918e-05

0.00410156 1.61055e-05
0.00412598 1.84841e-05

0.00412598 1.84894e-05
0.00415039 2.08703e-05

0.00415039 2.08849e-05
0.0041748 1.84664e-05

0.0041748 1.80861e-05
0.00419922 1.64366e-05

0.00419922 1.7544e-05
0.00422363 1.85531e-05

0.00422363 1.81659e-05
0.00424805 1.83298e-05

0.00424805 1.90774e-05
0.00427246 1.73453e-05

0.00427246 1.79788e-05
0.00429688 1.51478e-05

0.00429688 1.58598e-05
0.00432129 1.53863e-05

0.00432129 1.59702e-05
0.0043457 1.63295e-05

0.0043457 1.62054e-05
0.00437012 1.56672e-05

0.00437012 1.6034e-05
0.00439453 1.53296e-05

0.00439453 1.5369e-05
0.00441895 1.52988e-05

0.00441895 1.45072e-05
0.00444336 1.67375e-05

0.00444336 1.59618e-05
0.00446777 1.8595e-05

0.00446777 1.67674e-05
0.00449219 1.93851e-05

0.00449219 1.90846e-05
0.0045166 2.07076e-05

0.0045166 1.66308e-05
0.00454102 2.27676e-05

0.00454102 1.85201e-05
0.00454989 2.44141e-05

0.00454518 2.44141e-05
0.00456543 3.73899e-05

0.00456543 4.09652e-05
0.00457428 4.88281e-05

0.00457569 4.88281e-05
0.00458984 6.12077e-05

0.00458984 6.16424e-05
0.00460274 7.32422e-05

0.00460331 7.32422e-05
0.00461426 8.36659e-05

0.00461426 8.40216e-05
0.00462762 9.76563e-05

0.00462795 9.76563e-05
0.00463867 0.000109573

0.00463867 0.000109771
0.00464919 0.00012207

0.0046495 0.00012207
0.00466309 0.00013927

0.00466309 0.000139473
0.00466838 0.000146484

0.00466859 0.000146484
0.00468594 0.000170898

0.00468589 0.000170898
0.0046875 0.000173402

0.0046875 0.00132153
0.00466414 0.00136719

0.00458984 0.00148591
0.00453482 0.0015625

0.00463867 0.00141011
0.00463523 0.00141602

0.0046352 0.00141602
0.00460412 0.00146484

0.00463867 0.00141015
0.00466376 0.00136719

0.00458984 0.0014861
0.00460437 0.00146484

0.003125 0.00230879
0.00314941 0.00230547

0.00314941 0.00230547
0.00317383 0.00230193

0.00322266 0.00229425
0.00321843 0.00229492

0.00317383 0.00230193
0.00319824 0.00229817

0.00319824 0.00229817
0.00321806 0.00229492

0.00322266 0.00229423
0.00327148 0.00228551

0.00327148 0.00228551
0.00332031 0.00227584

0.00332031 0.00227586
0.00336914 0.00226521

0.00336914 0.00226521
0.00341797 0.00225355

0.00351563 0.00222739
0.00344742 0.00224609

0.00341797 0.00225354
0.00344673 0.00224609

0.00351563 0.00222699
0.00361328 0.0021958

0.00361328 0.00219576
0.00366211 0.00217865

0.00366211 0.00217857
0.00371094 0.00216018

0.00380859 0.00211995
0.00374093 0.00214844

0.00380859 0.00211946
0.00390625 0.00207269

0.00371094 0.00216017
0.0037402 0.00214844

0.00419922 0.00189155
0.00411168 0.00195312

0.00429688 0.00181333
0.00424477 0.00185547

0.00419922 0.00188993
0.00424368 0.00185547

0.00400391 0.00202041
0.00394827 0.00205078

0.00390625 0.00207249
0.00394811 0.00205078

0.00400391 0.0020197
0.00410156 0.0019592

0.00410156 0.00195878
0.00411011 0.00195313

0.00439453 0.00172179
0.0043575 0.00175781

0.00449219 0.00161416
0.00445314 0.00166016

0.00439453 0.00172123
0.00445231 0.00166016

0.00429688 0.00181175
0.00435688 0.00175781

0.00449219 0.00161477
0.00453427 0.0015625

0.0046875 0.000173449
0.00470164 0.000195313

0.00470164 0.000195313
0.00471191 0.000212658

0.00471191 0.000212829
0.00471599 0.000219727

0.00471603 0.000219727
0.00472933 0.000244141

0.00472945 0.000244141
0.00473633 0.000258322

0.00473633 0.000258179
0.00474154 0.000268555

0.00474156 0.000268555
0.00475289 0.000292969

0.00475289 0.000292969
0.00476074 0.000311332

0.00476074 0.000311463
0.00476327 0.000317383

0.0047633 0.000317383
0.00477291 0.000341797

0.0047729 0.000341797
0.00478173 0.000366211

0.00478172 0.000366211
0.00478516 0.000376579

0.00478516 0.00037663
0.00478979 0.000390625

0.00478979 0.000390625
0.00479717 0.000415039

0.00479717 0.000415039
0.00480385 0.000439453

0.00480397 0.000439453
0.00481551 0.000488281

0.00481552 0.000488281
0.00482464 0.000537109

0.0048246 0.000537109
0.00483137 0.000585938

0.00483135 0.000585937
0.00483398 0.000614081

0.00483398 0.000613274
0.00483575 0.000634766

0.00483575 0.000634766
0.00483725 0.00065918

0.00483725 0.00065918
0.00483823 0.000683594

0.00483823 0.000683594
0.0048387 0.000708008

0.0048387 0.000708008
0.00483867 0.000732422

0.00483867 0.000732422
0.00483815 0.000756836

0.00483814 0.000756836
0.00483712 0.00078125

0.00483398 0.000825189
0.00483363 0.000830078

0.00483373 0.000830078
0.00482826 0.000878906

0.00483712 0.00078125
0.00483561 0.000805664

0.00483398 0.000825456
0.00483561 0.000805664

0.00482824 0.000878906
0.00482084 0.000927734

0.00482085 0.000927734
0.00481154 0.000976562

0.00478516 0.00108135
0.0047549 0.00117188

0.00481155 0.000976563
0.00480029 0.00102539

0.00480033 0.00102539
0.00478705 0.00107422

0.00478516 0.00108111
0.00478746 0.00107422

0.00473633 0.00121754
0.00473507 0.0012207

0.00473503 0.0012207
0.00471349 0.00126953

0.00473633 0.00121754
0.00475447 0.00117188

0.00471358 0.00126953
0.00468979 0.00131836

0.0046875 0.00132282
0.00468987 0.00131836

