7.14498e-05 0
7.32422e-05 5.2373e-06

7.32422e-05 1.02641e-06
9.60159e-05 2.44141e-05

9.6077e-05 2.44141e-05
9.76563e-05 2.49543e-05

9.76563e-05 1.40943e-05
0.00012207 1.47688e-05

0.000118902 2.44141e-05
0.00012207 2.4447e-05

0.00012207 1.3948e-05
0.000146484 1.41139e-05

0.000146484 1.43223e-05
0.000170898 1.48006e-05

0.000170898 1.44454e-05
0.000195313 1.43683e-05

0.000195313 1.45467e-05
0.000219727 1.44545e-05

0.000219727 1.44548e-05
0.000244141 1.42136e-05

0.000244141 1.44257e-05
0.000268555 1.41969e-05

0.000268555 1.42672e-05
0.000292969 1.40444e-05

0.000292969 1.40148e-05
0.000317383 1.42625e-05

0.000317383 1.44734e-05
0.000341797 1.42223e-05

0.000341797 1.43098e-05
0.000366211 1.35782e-05

0.000366211 1.38631e-05
0.000390625 1.37133e-05

0.000390625 1.37634e-05
0.000415039 1.38982e-05

0.000415039 1.40247e-05
0.000439453 1.37554e-05

0.000439453 1.39215e-05
0.000463867 1.33339e-05

0.000463867 1.34627e-05
0.000488281 1.34415e-05

0.000488281 1.35148e-05
0.000512695 1.37094e-05

0.000512695 1.37991e-05
0.000537109 1.33934e-05

0.000537109 1.3538e-05
0.000561523 1.30866e-05

0.000561523 1.31889e-05
0.000585937 1.33444e-05

0.000585938 1.33758e-05
0.000610352 1.34751e-05

0.000610352 1.35342e-05
0.000634766 1.3144e-05

0.000634766 1.32982e-05
0.00065918 1.29854e-05

0.00065918 1.29802e-05
0.000683594 1.32475e-05

0.000683594 1.31647e-05
0.000708008 1.35037e-05

0.000708008 1.34244e-05
0.000732422 1.32952e-05

0.000732422 1.33039e-05
0.000756836 1.31764e-05

0.000756836 1.30797e-05
0.00078125 1.34551e-05

0.00078125 1.32986e-05
0.000805664 1.3728e-05

0.000805664 1.36362e-05
0.000830078 1.35304e-05

0.000830078 1.34825e-05
0.000854492 1.33878e-05

0.000854492 1.3242e-05
0.000878906 1.37851e-05

0.000878906 1.37217e-05
0.00090332 1.39538e-05

0.00090332 1.37185e-05
0.000927734 1.36564e-05

0.000927734 1.36581e-05
0.000952148 1.39241e-05

0.000952148 1.37354e-05
0.000976562 1.40402e-05

0.000976562 1.3845e-05
0.00100098 1.42e-05

0.00100098 1.39885e-05
0.00102539 1.43307e-05

0.00102539 1.41216e-05
0.0010498 1.44525e-05

0.0010498 1.42425e-05
0.00107422 1.45931e-05

0.00107422 1.43535e-05
0.00109863 1.47731e-05

0.00109863 1.44876e-05
0.00112305 1.5016e-05

0.00112305 1.4943e-05
0.00114746 1.50356e-05

0.00114746 1.47925e-05
0.00117187 1.48617e-05

0.00117188 1.43049e-05
0.00119629 1.57865e-05

0.00119629 1.59963e-05
0.0012207 1.6125e-05

0.0012207 1.55757e-05
0.00124512 1.47348e-05

0.00124512 1.46034e-05
0.00126953 1.61005e-05

0.00126953 1.61984e-05
0.00129395 1.66585e-05

0.00129395 1.66093e-05
0.00131836 1.48982e-05

0.00131836 1.48069e-05
0.00134277 1.5111e-05

0.00134131 2.44141e-05
0.00134277 2.44218e-05

0.00134277 1.6657e-05
0.00136719 1.53611e-05

0.00134277 2.44646e-05
0.00134508 2.44141e-05

0.0013916 7.28225e-07
0.00136989 2.44141e-05

0.00136719 2.47995e-05
0.00136825 2.44141e-05

0.0013916 3.32968e-06
0.00139272 0

0.00146277 0
0.00146484 6.05284e-06

0.00146484 4.59858e-06
0.0014841 2.44141e-05

0.00148525 2.44141e-05
0.00148926 2.58497e-05

0.00148926 1.72215e-05
0.00151367 1.82624e-05

0.00151314 2.44141e-05
0.00151367 2.4424e-05

0.00151367 1.79867e-05
0.00153809 1.72717e-05

0.0015625 5.39566e-06
0.00154349 2.44141e-05

0.00153809 2.60548e-05
0.00154273 2.44141e-05

0 0.00312207
0.000390625 0.00311105

0.000390625 0.00311133
0.00078125 0.0030777

0.00078125 0.00307833
0.00117187 0.00302025

0.00117188 0.00302129
0.0015625 0.0029354

0.0015625 7.30541e-06
0.00156508 0

0.00165633 0
0.00166016 9.322e-06

0.00166016 1.0432e-05
0.0016752 2.44141e-05

0.00167447 2.44141e-05
0.00168457 2.81383e-05

0.00168457 1.85364e-05
0.00170898 1.8895e-05

0.00169647 2.44141e-05
0.00170898 2.45103e-05

0.0017334 1.1342e-05
0.00171858 2.44141e-05

0.00170898 2.81579e-05
0.00171946 2.44141e-05

0.0017334 1.214e-05
0.0017386 0

0.00179922 0
0.00180664 1.52545e-05

0.00180664 6.73744e-06
0.00183105 1.34589e-05

0.00183105 7.86635e-06
0.00185547 1.78744e-06

0.00185547 7.18265e-07
0.00187988 1.49029e-05

0.00187988 9.03707e-06
0.0019043 1.27579e-05

0.0019043 9.61948e-06
0.00192871 1.00067e-05

0.00192871 9.91488e-06
0.00195312 1.23204e-05

0.00195312 9.56612e-06
0.00197754 1.29032e-05

0.00197754 1.35474e-05
0.00200195 1.2956e-05

0.00200195 1.52432e-05
0.00202637 6.44152e-06

0.00202637 6.93358e-06
0.00205078 9.23055e-06

0.00205078 9.66217e-06
0.0020752 1.44734e-05

0.0020752 9.93523e-06
0.00209961 1.18957e-05

0.00209961 1.33808e-05
0.00212402 1.32832e-05

0.00212402 1.29615e-05
0.00214844 8.74039e-06

0.00214844 8.36218e-06
0.00217285 1.30308e-05

0.00217285 1.38786e-05
0.00219727 1.36913e-05

0.00219727 1.30391e-05
0.00222168 8.10411e-06

0.00222168 8.02207e-06
0.00224609 1.33976e-05

0.00224609 1.40414e-05
0.00227051 1.38445e-05

0.00227051 1.37402e-05
0.00229492 7.41511e-06

0.00229492 8.15863e-06
0.00231934 1.19303e-05

0.00231934 1.06474e-05
0.00234375 1.49864e-05

0.00234375 1.50304e-05
0.00236816 1.0817e-05

0.00236816 1.24986e-05
0.00239258 7.53428e-06

0.00239258 7.54247e-06
0.00241699 1.24802e-05

0.00241699 1.07375e-05
0.00244141 1.50867e-05

0.00244141 1.50831e-05
0.00246582 1.07282e-05

0.00246582 1.2463e-05
0.00249023 7.56533e-06

0.00249023 7.56555e-06
0.00251465 1.24995e-05

0.00251465 1.07579e-05
0.00253906 1.50624e-05

0.00253906 1.50575e-05
0.00256348 1.07377e-05

0.00256348 1.24365e-05
0.00258789 7.63433e-06

0.00258789 7.62452e-06
0.0026123 1.25263e-05

0.0026123 1.08808e-05
0.00263672 1.496e-05

0.00263672 1.49015e-05
0.00266113 1.06746e-05

0.00266113 1.18949e-05
0.00268555 8.33501e-06

0.00268555 7.54907e-06
0.00270996 1.37806e-05

0.00270996 1.39106e-05
0.00273438 1.40488e-05

0.00273437 1.38266e-05
0.00275879 7.68947e-06

0.00275879 8.4539e-06
0.0027832 1.18553e-05

0.0027832 1.07975e-05
0.00280762 1.47925e-05

0.00280762 1.47967e-05
0.00283203 1.08087e-05

0.00283203 1.18923e-05
0.00285645 8.41044e-06

0.00285645 7.71155e-06
0.00288086 1.37271e-05

0.00288086 1.38923e-05
0.00290527 1.38806e-05

0.00290527 1.32503e-05
0.00292969 8.17253e-06

0.00292969 8.86537e-06
0.0029541 1.25284e-05

0.0029541 1.16906e-05
0.00297852 1.42405e-05

0.00297852 1.21574e-05
0.00300293 1.26505e-05

0.00300293 1.25834e-05
0.00302734 1.40356e-05

0.00302734 1.29919e-05
0.00305176 1.38965e-05

0.00305176 1.34213e-05
0.00307617 1.4536e-05

0.00307617 1.38372e-05
0.00310059 1.47465e-05

0.00310059 1.42496e-05
0.003125 1.51293e-05

0.00175781 0.00287942
0.00157666 0.00292969

0.0015625 0.00293376
0.00157719 0.00292969

0.00175781 0.00287994
0.00195312 0.00281703

0.00234375 0.00265935
0.00217193 0.00273438

0.00195312 0.00281737
0.00214844 0.00274407

0.00214844 0.00274373
0.00216987 0.00273438

0.00292969 0.00231198
0.00288567 0.00234375

0.003125 0.00214828
0.00312483 0.00214844

0.00302734 0.00223447
0.00301278 0.00224609

0.00297852 0.00227187
0.00294915 0.00229492

0.00292969 0.00231069
0.00295001 0.00229492

0.00300293 0.00225295
0.00298067 0.00227051

0.00297852 0.00227261
0.00298115 0.00227051

0.00300293 0.00224956
0.00300741 0.00224609

0.00307617 0.00218928
0.00306704 0.00219727

0.00302734 0.00223361
0.00307021 0.00219727

0.00307617 0.00219175
0.00312479 0.00214844

0.00244141 0.00261166
0.00238992 0.00263672

0.00234375 0.00265763
0.00238672 0.00263672

0.00244141 0.00261116
0.00253906 0.00256007

0.00273438 0.00244712
0.0025787 0.00253906

0.00253906 0.00255943
0.0025741 0.00253906

0.00283203 0.00238061
0.0027408 0.00244141

0.00273438 0.00244499
0.00273996 0.00244141

0.00283203 0.00237969
0.00288209 0.00234375

0.003125 1.45982e-05
0.00314941 1.53949e-05

0.00314941 1.4873e-05
0.00317383 1.58117e-05

0.00317383 1.52814e-05
0.00319824 1.62871e-05

0.00319824 1.59181e-05
0.00322266 1.65e-05

0.00322266 1.56048e-05
0.00324707 1.69886e-05

0.00324707 1.71561e-05
0.00327148 1.7766e-05

0.00327148 1.687e-05
0.0032959 1.68572e-05

0.0032959 1.53879e-05
0.00332031 1.95102e-05

0.00332031 2.0138e-05
0.00334473 2.17749e-05

0.00334473 2.01916e-05
0.00336914 1.79803e-05

0.00336914 1.26141e-05
0.00339268 2.44141e-05

0.00339137 2.44141e-05
0.00339355 2.5305e-05

0.00339355 2.74306e-05
0.00341773 4.88281e-05

0.00341738 4.88281e-05
0.00341797 4.9402e-05

0.00341797 4.97651e-05
0.00344139 7.32422e-05

0.00344156 7.32422e-05
0.00344238 7.40879e-05

0.00344238 7.42619e-05
0.00346428 9.76563e-05

0.00346481 9.76563e-05
0.0034668 9.98854e-05

0.0034668 0.000100657
0.00348556 0.00012207

0.00348533 0.00012207
0.00349121 0.000129099

0.00349121 0.000128757
0.00350579 0.000146484

0.00350603 0.000146484
0.00351563 0.000159056

0.00351563 0.000159438
0.00354261 0.000195313

0.00354273 0.000195313
0.00356445 0.000227916

0.00356445 0.000228723
0.00357453 0.000244141

0.00357496 0.000244141
0.00360378 0.000292969

0.00360455 0.000292969
0.00361328 0.000310556

0.00361328 0.000312062
0.0036288 0.000341797

0.00362902 0.000341797
0.00365163 0.000390625

0.00365229 0.000390625
0.00368973 0.000488281

0.00368955 0.000488281
0.00371094 0.000563806

0.00371094 0.000565671
0.00371668 0.000585938

0.00371688 0.000585937
0.00373574 0.000683594

0.00373537 0.000683594
0.00374658 0.00078125

0.00374856 0.00078125
0.00374921 0.000976562

0.00374891 0.000976562
0.003721 0.00117188

0.00371094 0.00120849
0.00366541 0.00136719

0.00366544 0.00136719
0.00358033 0.0015625

0.00371094 0.00120362
0.00371883 0.00117187

0.00332031 0.00194401
0.00331271 0.00195312

0.00351563 0.0016754
0.00346383 0.00175781

0.00341797 0.00182267
0.00339462 0.00185547

0.00332031 0.00194719
0.00339443 0.00185547

0.00346305 0.00175781
0.00342911 0.00180664

0.00341797 0.00181936
0.00342694 0.00180664

0.00322266 0.00205431
0.00312579 0.00214844

0.00331553 0.00195313
0.0032262 0.00205078

0.00322266 0.00205582
0.00322756 0.00205078

0.003125 0.00214881
0.00312541 0.00214844

0.00357827 0.0015625
0.0035246 0.00166016

0.00351563 0.00167272
0.00352327 0.00166016

