7.142e-05 0
7.32422e-05 5.30987e-06

7.32422e-05 7.72198e-07
9.59418e-05 2.44141e-05

9.76563e-05 1.42246e-05
0.00012207 1.51469e-05

0.00012207 1.43047e-05
0.000146484 1.39757e-05

0.000146484 1.45099e-05
0.000170898 1.4346e-05

0.000170898 1.38495e-05
0.000195313 1.41758e-05

0.000195313 1.42933e-05
0.000219727 1.50717e-05

0.000219727 1.49431e-05
0.000244141 1.4315e-05

0.000244141 1.45126e-05
0.000268555 1.38555e-05

0.000268555 1.40376e-05
0.000292969 1.41958e-05

0.000292969 1.42762e-05
0.000317383 1.43369e-05

0.000317383 1.43609e-05
0.000341797 1.39668e-05

0.000341797 1.42094e-05
0.000366211 1.37944e-05

0.000366211 1.3964e-05
0.000390625 1.3729e-05

0.000390625 1.39124e-05
0.000415039 1.3735e-05

0.000415039 1.38248e-05
0.000439453 1.36008e-05

0.000439453 1.37935e-05
0.000463867 1.3518e-05

0.000463867 1.35866e-05
0.000488281 1.34289e-05

0.000488281 1.35262e-05
0.000512695 1.35518e-05

0.000512695 1.35553e-05
0.000537109 1.34979e-05

0.000537109 1.3694e-05
0.000561523 1.32992e-05

0.000561523 1.34316e-05
0.000585937 1.30421e-05

0.000585938 1.31513e-05
0.000610352 1.32763e-05

0.000610352 1.32803e-05
0.000634766 1.33743e-05

0.000634766 1.33533e-05
0.00065918 1.32107e-05

0.00065918 1.32988e-05
0.000683594 1.3149e-05

0.000683594 1.31352e-05
0.000708008 1.32125e-05

0.000708008 1.31011e-05
0.000732422 1.34583e-05

0.000732422 1.3374e-05
0.000756836 1.34923e-05

0.000756836 1.34175e-05
0.00078125 1.33147e-05

0.00078125 1.33017e-05
0.000805664 1.34143e-05

0.000805664 1.32236e-05
0.000830078 1.36732e-05

0.000830078 1.35994e-05
0.000854492 1.37789e-05

0.000854492 1.3618e-05
0.000878906 1.35455e-05

0.000878906 1.34939e-05
0.00090332 1.37765e-05

0.00090332 1.37107e-05
0.000927734 1.38745e-05

0.000927734 1.36458e-05
0.000952148 1.38706e-05

0.000952148 1.38188e-05
0.000976562 1.41056e-05

0.000976562 1.38369e-05
0.00100098 1.41154e-05

0.00100098 1.40428e-05
0.00102539 1.43081e-05

0.00102539 1.40186e-05
0.0010498 1.43431e-05

0.0010498 1.42375e-05
0.00107422 1.46181e-05

0.00107422 1.43366e-05
0.00109863 1.46229e-05

0.00109863 1.44022e-05
0.00112305 1.49073e-05

0.00112305 1.46057e-05
0.00114746 1.5163e-05

0.00114746 1.48539e-05
0.00117187 1.53616e-05

0.00117188 1.50118e-05
0.00119629 1.55941e-05

0.00119629 1.56791e-05
0.0012207 1.55113e-05

0.0012207 1.48445e-05
0.00124512 1.5479e-05

0.00124512 1.59601e-05
0.00126953 1.63054e-05

0.00126953 1.56134e-05
0.00129395 1.53031e-05

0.00129395 1.60212e-05
0.00131836 1.57113e-05

0.00131836 1.50155e-05
0.00134277 1.53732e-05

0.00134277 1.69566e-05
0.00136719 1.53856e-05

0.0013916 6.66696e-07
0.00136994 2.44141e-05

0.0013916 3.60381e-06
0.00139282 0

0.00146279 0
0.00146484 5.97619e-06

0.00146484 4.60081e-06
0.001484 2.44141e-05

0.00148489 2.44141e-05
0.00148926 2.59929e-05

0.00148926 1.76744e-05
0.00151367 1.8092e-05

0.00151367 1.74036e-05
0.00153809 1.67656e-05

0.0015625 5.95368e-06
0.00154348 2.44141e-05

0.00153809 2.61224e-05
0.00154308 2.44141e-05

0 0.00312197
0.000390625 0.00311096

0.000390625 0.00311125
0.00078125 0.00307764

0.00078125 0.00307827
0.00117187 0.00302022

0.00117188 0.00302127
0.0015625 0.00293542

0.0015625 7.37566e-06
0.00156514 0

0.00165632 0
0.00166016 9.34151e-06

0.00166016 1.0439e-05
0.0016752 2.44141e-05

0.00167442 2.44141e-05
0.00168457 2.81553e-05

0.00168457 1.85352e-05
0.00170898 1.88952e-05

0.0016966 2.44141e-05
0.00170898 2.45081e-05

0.0017334 1.13563e-05
0.00171861 2.44141e-05

0.00170898 2.81494e-05
0.00171943 2.44141e-05

0.0017334 1.20682e-05
0.00173857 0

0.00179766 0
0.00180664 1.66051e-05

0.00180664 7.94201e-06
0.00183105 1.16832e-05

0.00183105 7.18867e-06
0.00185547 1.68964e-06

0.00185547 1.78487e-07
0.00187988 1.54655e-05

0.00187988 9.08919e-06
0.0019043 1.27258e-05

0.0019043 9.57998e-06
0.00192871 9.97821e-06

0.00192871 9.92326e-06
0.00195312 1.23441e-05

0.00195312 9.54266e-06
0.00197754 1.28749e-05

0.00197754 1.35464e-05
0.00200195 1.29807e-05

0.00200195 1.52447e-05
0.00202637 6.42261e-06

0.00202637 6.92032e-06
0.00205078 9.24481e-06

0.00205078 9.69279e-06
0.0020752 1.44546e-05

0.0020752 9.90771e-06
0.00209961 1.18638e-05

0.00209961 1.33454e-05
0.00212402 1.3322e-05

0.00212402 1.29933e-05
0.00214844 8.7473e-06

0.00214844 8.35848e-06
0.00217285 1.30038e-05

0.00217285 1.38595e-05
0.00219727 1.37189e-05

0.00219727 1.31264e-05
0.00222168 8.04839e-06

0.00222168 7.9425e-06
0.00224609 1.33139e-05

0.00224609 1.39286e-05
0.00227051 1.39624e-05

0.00227051 1.38118e-05
0.00229492 7.49016e-06

0.00229492 8.21673e-06
0.00231934 1.18572e-05

0.00231934 1.06406e-05
0.00234375 1.49895e-05

0.00234375 1.50287e-05
0.00236816 1.08154e-05

0.00236816 1.24964e-05
0.00239258 7.53376e-06

0.00239258 7.54142e-06
0.00241699 1.24806e-05

0.00241699 1.07364e-05
0.00244141 1.50863e-05

0.00244141 1.50839e-05
0.00246582 1.07275e-05

0.00246582 1.24631e-05
0.00249023 7.56219e-06

0.00249023 7.56234e-06
0.00251465 1.24997e-05

0.00251465 1.07566e-05
0.00253906 1.5064e-05

0.00253906 1.50595e-05
0.00256348 1.07364e-05

0.00256348 1.24336e-05
0.00258789 7.63328e-06

0.00258789 7.62408e-06
0.0026123 1.25299e-05

0.0026123 1.08813e-05
0.00263672 1.49604e-05

0.00263672 1.49035e-05
0.00266113 1.06759e-05

0.00266113 1.18979e-05
0.00268555 8.33149e-06

0.00268555 7.54746e-06
0.00270996 1.37779e-05

0.00270996 1.3904e-05
0.00273438 1.40526e-05

0.00273437 1.38221e-05
0.00275879 7.7035e-06

0.00275879 8.46775e-06
0.0027832 1.18588e-05

0.0027832 1.08028e-05
0.00280762 1.47865e-05

0.00280762 1.47869e-05
0.00283203 1.08217e-05

0.00283203 1.19582e-05
0.00285645 8.37216e-06

0.00285645 7.66314e-06
0.00288086 1.3657e-05

0.00288086 1.3791e-05
0.00290527 1.3964e-05

0.00290527 1.32701e-05
0.00292969 8.28245e-06

0.00292969 8.92799e-06
0.0029541 1.25397e-05

0.0029541 1.17357e-05
0.00297852 1.42797e-05

0.00297852 1.22208e-05
0.00300293 1.2664e-05

0.00300293 1.26474e-05
0.00302734 1.39879e-05

0.00302734 1.30222e-05
0.00305176 1.37836e-05

0.00305176 1.3369e-05
0.00307617 1.43891e-05

0.00307617 1.37091e-05
0.00310059 1.4638e-05

0.00310059 1.4091e-05
0.003125 1.51085e-05

0.00175781 0.00287947
0.00157676 0.00292969

0.0015625 0.0029338
0.00157731 0.00292969

0.00175781 0.00287998
0.00195312 0.00281709

0.00234375 0.00265938
0.00217204 0.00273438

0.00195312 0.00281743
0.00214844 0.00274412

0.00214844 0.00274378
0.00216997 0.00273438

0.00292969 0.00231184
0.0028855 0.00234375

0.003125 0.00214814
0.00312467 0.00214844

0.00302734 0.00223428
0.00301255 0.00224609

0.00297852 0.00227172
0.00294897 0.00229492

0.00292969 0.00231055
0.00294982 0.00229492

0.00300293 0.00225279
0.00298047 0.00227051

0.00297852 0.00227251
0.00298102 0.00227051

0.00300293 0.0022493
0.00300706 0.00224609

0.00307617 0.00218915
0.00306688 0.00219727

0.00302734 0.00223345
0.00307003 0.00219727

0.00307617 0.00219159
0.00312461 0.00214844

0.00244141 0.00261167
0.00238996 0.00263672

0.00234375 0.00265765
0.00238674 0.00263672

0.00244141 0.00261116
0.00253906 0.00256004

0.00273438 0.00244704
0.00257864 0.00253906

0.00253906 0.00255938
0.002574 0.00253906

0.00283203 0.0023805
0.00274068 0.00244141

0.00273438 0.00244489
0.0027398 0.00244141

0.00283203 0.00237955
0.00288189 0.00234375

0.003125 1.44821e-05
0.00314941 1.54865e-05

0.00314941 1.49277e-05
0.00317383 1.59171e-05

0.00317383 1.53541e-05
0.00319824 1.62801e-05

0.00319824 1.56891e-05
0.00322266 1.67557e-05

0.00322266 1.61472e-05
0.00324707 1.73809e-05

0.00324707 1.74647e-05
0.00327148 1.72408e-05

0.00327148 1.62782e-05
0.0032959 1.68341e-05

0.0032959 1.56884e-05
0.00332031 2.00546e-05

0.00332031 2.01022e-05
0.00334473 2.17399e-05

0.00334473 2.05285e-05
0.00336914 1.84897e-05

0.00336914 1.27353e-05
0.00339239 2.44141e-05

0.00339098 2.44141e-05
0.00339355 2.54973e-05

0.00339355 2.83162e-05
0.00341663 4.88281e-05

0.00341693 4.88281e-05
0.00341797 4.98218e-05

0.00341797 5.02862e-05
0.00344122 7.32422e-05

0.00344131 7.32422e-05
0.00344238 7.4348e-05

0.00344238 7.4521e-05
0.00346412 9.76563e-05

0.00346461 9.76563e-05
0.0034668 0.0001001

0.0034668 0.000100588
0.00350604 0.000146484

0.00350601 0.000146484
0.00351563 0.000159048

0.00351563 0.000159511
0.0035426 0.000195313

0.00354278 0.000195313
0.00356445 0.000227795

0.00356445 0.00022875
0.00357453 0.000244141

0.00357502 0.000244141
0.00360388 0.000292969

0.00360466 0.000292969
0.00361328 0.00031032

0.00361328 0.000311846
0.00362893 0.000341797

0.00362915 0.000341797
0.00365177 0.000390625

0.00365243 0.000390625
0.0036899 0.000488281

0.00368972 0.000488281
0.00371094 0.000563186

0.00371094 0.000565046
0.00371686 0.000585938

0.00371706 0.000585937
0.00373592 0.000683594

0.00373555 0.000683594
0.00374676 0.00078125

0.00374874 0.00078125
0.00374939 0.000976562

0.00374909 0.000976562
0.00372117 0.00117188

0.00371094 0.00120904
0.00366554 0.00136719

0.00366557 0.00136719
0.0035804 0.0015625

0.00371094 0.00120431
0.00371901 0.00117187

0.00332031 0.00194389
0.00331262 0.00195312

0.00351563 0.00167546
0.00346384 0.00175781

0.00341797 0.00182267
0.00339461 0.00185547

0.00332031 0.0019471
0.00339439 0.00185547

0.00346305 0.00175781
0.00342909 0.00180664

0.00341797 0.00181924
0.00342686 0.00180664

0.00322266 0.00205418
0.00312562 0.00214844

0.00331545 0.00195313
0.00322607 0.00205078

0.00322266 0.00205573
0.00322747 0.00205078

0.003125 0.00214864
0.00312522 0.00214844

0.00357834 0.0015625
0.00352464 0.00166016

0.00351563 0.00167276
0.0035233 0.00166016

