7.13533e-05 0
7.32422e-05 5.49364e-06

7.32422e-05 5.86263e-07
9.60516e-05 2.44141e-05

9.68179e-05 2.44141e-05
9.76563e-05 2.47059e-05

9.76563e-05 1.4169e-05
0.00012207 1.50857e-05

0.00012207 1.39228e-05
0.000146484 1.4062e-05

0.000146484 1.46518e-05
0.000170898 1.4821e-05

0.000170898 1.43838e-05
0.000195313 1.38671e-05

0.000195313 1.42671e-05
0.000219727 1.4397e-05

0.000219727 1.40544e-05
0.000244141 1.43989e-05

0.000244141 1.44556e-05
0.000268555 1.47483e-05

0.000268555 1.48451e-05
0.000292969 1.40707e-05

0.000292969 1.43278e-05
0.000317383 1.366e-05

0.000317383 1.38924e-05
0.000341797 1.39951e-05

0.000341797 1.4104e-05
0.000366211 1.40406e-05

0.000366211 1.40729e-05
0.000390625 1.37177e-05

0.000390625 1.39331e-05
0.000415039 1.36715e-05

0.000415039 1.37957e-05
0.000439453 1.36006e-05

0.000439453 1.36933e-05
0.000463867 1.36192e-05

0.000463867 1.3684e-05
0.000488281 1.36018e-05

0.000488281 1.37928e-05
0.000512695 1.33973e-05

0.000512695 1.35593e-05
0.000537109 1.31413e-05

0.000537109 1.3228e-05
0.000561523 1.33505e-05

0.000561523 1.33751e-05
0.000585937 1.35039e-05

0.000585938 1.35647e-05
0.000610352 1.3202e-05

0.000610352 1.33572e-05
0.000634766 1.29932e-05

0.000634766 1.30475e-05
0.00065918 1.31939e-05

0.00065918 1.31466e-05
0.000683594 1.34144e-05

0.000683594 1.33493e-05
0.000708008 1.32796e-05

0.000708008 1.32513e-05
0.000732422 1.32085e-05

0.000732422 1.31888e-05
0.000756836 1.3378e-05

0.000756836 1.32717e-05
0.00078125 1.34628e-05

0.00078125 1.33433e-05
0.000805664 1.35023e-05

0.000805664 1.34063e-05
0.000830078 1.35612e-05

0.000830078 1.3444e-05
0.000854492 1.36296e-05

0.000854492 1.35215e-05
0.000878906 1.37207e-05

0.000878906 1.35772e-05
0.00090332 1.37926e-05

0.00090332 1.36689e-05
0.000927734 1.38955e-05

0.000927734 1.37445e-05
0.000952148 1.39662e-05

0.000952148 1.38369e-05
0.000976562 1.40632e-05

0.000976562 1.38341e-05
0.00100098 1.42213e-05

0.00100098 1.42384e-05
0.00102539 1.42565e-05

0.00102539 1.39447e-05
0.0010498 1.41387e-05

0.0010498 1.39032e-05
0.00107422 1.48922e-05

0.00107422 1.48186e-05
0.00109863 1.4822e-05

0.00109863 1.45701e-05
0.00112305 1.42308e-05

0.00112305 1.39941e-05
0.00114746 1.51075e-05

0.00114746 1.46645e-05
0.00117187 1.59238e-05

0.00117188 1.57802e-05
0.00119629 1.54099e-05

0.00119629 1.51461e-05
0.0012207 1.48206e-05

0.0012207 1.45956e-05
0.00124512 1.60532e-05

0.00124512 1.58254e-05
0.00126953 1.6603e-05

0.00126953 1.62765e-05
0.00129395 1.57261e-05

0.00129395 1.65051e-05
0.00131836 1.49622e-05

0.00131836 1.41849e-05
0.00134277 1.51987e-05

0.00134277 1.71673e-05
0.00136719 1.60081e-05

0.0013916 1.95602e-07
0.00137003 2.44141e-05

0.00136719 2.476e-05
0.00136811 2.44141e-05

0.0013916 3.53907e-06
0.0013928 0

0.001463 0
0.00146484 5.38214e-06

0.00146484 4.83492e-06
0.00148388 2.44141e-05

0.00148387 2.44141e-05
0.00148926 2.6343e-05

0.00148926 1.76554e-05
0.00151367 1.77192e-05

0.00148926 2.44639e-05
0.00150152 2.44141e-05

0.00151367 1.70505e-05
0.00153809 1.67657e-05

0.00151367 2.4449e-05
0.00152544 2.44141e-05

0.0015625 6.23886e-06
0.00154355 2.44141e-05

0.00153809 2.62095e-05
0.0015434 2.44141e-05

0 0.00312192
0.000390625 0.00311091

0.000390625 0.0031112
0.00078125 0.00307761

0.00078125 0.00307825
0.00117187 0.00302022

0.00117188 0.00302127
0.0015625 0.00293543

0.0015625 7.41878e-06
0.00156517 0

0.00165633 0
0.00166016 9.30709e-06

0.00166016 1.04454e-05
0.00167518 2.44141e-05

0.0016744 2.44141e-05
0.00168457 2.81671e-05

0.00168457 1.85458e-05
0.00170898 1.8894e-05

0.00169652 2.44141e-05
0.00170898 2.45038e-05

0.0017334 1.13678e-05
0.0017186 2.44141e-05

0.00170898 2.81238e-05
0.00171937 2.44141e-05

0.0017334 1.21295e-05
0.00173861 0

0.00179697 0
0.00180664 1.73062e-05

0.00180664 9.64676e-06
0.00183105 1.06233e-05

0.00183105 6.8747e-06
0.00185547 7.13581e-07

0.00185609 0
0.00187988 1.63612e-05

0.00187988 9.11389e-06
0.0019043 1.247e-05

0.0019043 9.48602e-06
0.00192871 1.00655e-05

0.00192871 9.92097e-06
0.00195312 1.2319e-05

0.00195312 9.5049e-06
0.00197754 1.28759e-05

0.00197754 1.35486e-05
0.00200195 1.2997e-05

0.00200195 1.52492e-05
0.00202637 6.40017e-06

0.00202637 6.90073e-06
0.00205078 9.25444e-06

0.00205078 9.70521e-06
0.0020752 1.44546e-05

0.0020752 9.89365e-06
0.00209961 1.18526e-05

0.00209961 1.33349e-05
0.00212402 1.33479e-05

0.00212402 1.30613e-05
0.00214844 8.70208e-06

0.00214844 8.30579e-06
0.00217285 1.29342e-05

0.00217285 1.37641e-05
0.00219727 1.38009e-05

0.00219727 1.31111e-05
0.00222168 8.17794e-06

0.00222168 8.07664e-06
0.00224609 1.33227e-05

0.00224609 1.40346e-05
0.00227051 1.38414e-05

0.00227051 1.37351e-05
0.00229492 7.40502e-06

0.00229492 8.14422e-06
0.00231934 1.19332e-05

0.00231934 1.06447e-05
0.00234375 1.49926e-05

0.00234375 1.5036e-05
0.00236816 1.08116e-05

0.00236816 1.24948e-05
0.00239258 7.52747e-06

0.00239258 7.5363e-06
0.00241699 1.24846e-05

0.00241699 1.0737e-05
0.00244141 1.5088e-05

0.00244141 1.50847e-05
0.00246582 1.07272e-05

0.00246582 1.24633e-05
0.00249023 7.56248e-06

0.00249023 7.56273e-06
0.00251465 1.24997e-05

0.00251465 1.07569e-05
0.00253906 1.50639e-05

0.00253906 1.50589e-05
0.00256348 1.0737e-05

0.00256348 1.24346e-05
0.00258789 7.63392e-06

0.00258789 7.62518e-06
0.0026123 1.25282e-05

0.0026123 1.08811e-05
0.00263672 1.49589e-05

0.00263672 1.49004e-05
0.00266113 1.06763e-05

0.00266113 1.18982e-05
0.00268555 8.3346e-06

0.00268555 7.55143e-06
0.00270996 1.37744e-05

0.00270996 1.38962e-05
0.00273438 1.40543e-05

0.00273437 1.38145e-05
0.00275879 7.72446e-06

0.00275879 8.48783e-06
0.0027832 1.18644e-05

0.0027832 1.08193e-05
0.00280762 1.47688e-05

0.00280762 1.47629e-05
0.00283203 1.08264e-05

0.00283203 1.19468e-05
0.00285645 8.42082e-06

0.00285645 7.71165e-06
0.00288086 1.3656e-05

0.00288086 1.3771e-05
0.00290527 1.39695e-05

0.00290527 1.33445e-05
0.00292969 8.29004e-06

0.00292969 8.972e-06
0.0029541 1.23937e-05

0.0029541 1.16614e-05
0.00297852 1.41877e-05

0.00297852 1.21131e-05
0.00300293 1.2626e-05

0.00300293 1.25417e-05
0.00302734 1.4021e-05

0.00302734 1.29789e-05
0.00305176 1.38751e-05

0.00305176 1.33968e-05
0.00307617 1.44893e-05

0.00307617 1.37804e-05
0.00310059 1.47313e-05

0.00310059 1.42005e-05
0.003125 1.51693e-05

0.00175781 0.00287947
0.00157678 0.00292969

0.0015625 0.0029338
0.00157732 0.00292969

0.00175781 0.00287999
0.00195312 0.00281708

0.00234375 0.00265934
0.00217199 0.00273438

0.00195312 0.00281742
0.00214844 0.0027441

0.00214844 0.00274375
0.00216989 0.00273438

0.00292969 0.00231176
0.0028854 0.00234375

0.003125 0.00214807
0.0031246 0.00214844

0.00302734 0.00223419
0.00301243 0.00224609

0.00297852 0.00227162
0.00294886 0.00229492

0.00292969 0.00231047
0.0029497 0.00229492

0.00300293 0.0022527
0.00298036 0.00227051

0.00297852 0.00227246
0.00298095 0.00227051

0.00300293 0.0022491
0.00300682 0.00224609

0.00307617 0.00218906
0.00306677 0.00219727

0.00302734 0.00223337
0.00306994 0.00219727

0.00307617 0.0021915
0.00312452 0.00214844

0.00244141 0.00261162
0.00238987 0.00263672

0.00234375 0.00265761
0.00238664 0.00263672

0.00244141 0.00261111
0.00253906 0.00255998

0.00273438 0.00244696
0.00257853 0.00253906

0.00253906 0.0025593
0.00257386 0.00253906

0.00283203 0.00238041
0.00274056 0.00244141

0.00273438 0.00244479
0.00273964 0.00244141

0.00283203 0.00237944
0.00288174 0.00234375

0.003125 1.46063e-05
0.00314941 1.54572e-05

0.00314941 1.49578e-05
0.00317383 1.58092e-05

0.00317383 1.52972e-05
0.00319824 1.61971e-05

0.00319824 1.56413e-05
0.00322266 1.66749e-05

0.00322266 1.61036e-05
0.00324707 1.72174e-05

0.00324707 1.67339e-05
0.00327148 1.76095e-05

0.00327148 1.68736e-05
0.0032959 1.80848e-05

0.0032959 1.78076e-05
0.00332031 1.88665e-05

0.00332031 1.79878e-05
0.00334473 1.90723e-05

0.00334473 1.93567e-05
0.00336914 1.94863e-05

0.00336914 1.27418e-05
0.00339328 2.44141e-05

0.00339159 2.44141e-05
0.00339355 2.51964e-05

0.00339355 2.72986e-05
0.00341797 4.87815e-05

0.00341776 4.88281e-05
0.00341797 4.90293e-05

0.00341797 4.94073e-05
0.00344173 7.32422e-05

0.00344178 7.32422e-05
0.00344238 7.38715e-05

0.00344238 7.4012e-05
0.00346439 9.76563e-05

0.00346493 9.76563e-05
0.0034668 9.9752e-05

0.0034668 0.000100249
0.00350611 0.000146484

0.00350612 0.000146484
0.00351563 0.000158942

0.00351563 0.000159414
0.00354261 0.000195313

0.00354282 0.000195313
0.00356445 0.00022778

0.00356445 0.000228839
0.00357446 0.000244141

0.00357499 0.000244141
0.00360382 0.000292969

0.0036046 0.000292969
0.00361328 0.000310449

0.00361328 0.000311966
0.00362886 0.000341797

0.00362908 0.000341797
0.00365171 0.000390625

0.00365237 0.000390625
0.00368985 0.000488281

0.00368968 0.000488281
0.00371094 0.000563281

0.00371094 0.00056517
0.00371682 0.000585938

0.00371704 0.000585937
0.00373592 0.000683594

0.00373555 0.000683594
0.00374678 0.00078125

0.00374876 0.00078125
0.00374944 0.000976562

0.00374913 0.000976562
0.00372123 0.00117188

0.00371094 0.00120926
0.0036656 0.00136719

0.00366563 0.00136719
0.00358045 0.0015625

0.00371094 0.00120459
0.00371908 0.00117187

0.00332031 0.00194382
0.00331255 0.00195312

0.00351563 0.00167551
0.00346385 0.00175781

0.00341797 0.00182269
0.00339462 0.00185547

0.00332031 0.00194706
0.00339439 0.00185547

0.00346306 0.00175781
0.00342909 0.00180664

0.00341797 0.00181916
0.0034268 0.00180664

0.00322266 0.00205411
0.00312553 0.00214844

0.00331541 0.00195313
0.00322601 0.00205078

0.00322266 0.0020557
0.00322744 0.00205078

0.00357839 0.0015625
0.00352467 0.00166016

0.00351563 0.00167279
0.00352332 0.00166016

