7.16665e-05 0
7.32422e-05 4.62045e-06

7.35714e-05 0
9.58652e-05 2.44141e-05

9.76563e-05 1.47078e-05
0.00012207 1.56847e-05

0.00012207 1.42104e-05
0.000146484 1.31868e-05

0.000146484 1.39893e-05
0.000170898 1.48101e-05

0.000170898 1.40745e-05
0.000195313 1.45965e-05

0.000195313 1.49938e-05
0.000219727 1.46307e-05

0.000219727 1.43848e-05
0.000244141 1.3711e-05

0.000244141 1.39441e-05
0.000268555 1.46281e-05

0.000268555 1.46885e-05
0.000292969 1.44758e-05

0.000292969 1.44939e-05
0.000317383 1.3744e-05

0.000317383 1.40725e-05
0.000341797 1.39283e-05

0.000341797 1.40656e-05
0.000366211 1.39513e-05

0.000366211 1.40859e-05
0.000390625 1.37402e-05

0.000390625 1.38579e-05
0.000415039 1.36342e-05

0.000415039 1.38163e-05
0.000439453 1.36729e-05

0.000439453 1.36982e-05
0.000463867 1.35789e-05

0.000463867 1.36856e-05
0.000488281 1.36254e-05

0.000488281 1.38141e-05
0.000512695 1.33734e-05

0.000512695 1.35255e-05
0.000537109 1.31335e-05

0.000537109 1.32328e-05
0.000561523 1.33814e-05

0.000561523 1.33693e-05
0.000585937 1.35064e-05

0.000585938 1.35972e-05
0.000610352 1.32177e-05

0.000610352 1.33433e-05
0.000634766 1.2979e-05

0.000634766 1.3058e-05
0.00065918 1.3231e-05

0.00065918 1.3147e-05
0.000683594 1.34244e-05

0.000683594 1.34226e-05
0.000708008 1.32681e-05

0.000708008 1.31812e-05
0.000732422 1.3166e-05

0.000732422 1.30913e-05
0.000756836 1.35774e-05

0.000756836 1.35376e-05
0.00078125 1.35179e-05

0.00078125 1.33928e-05
0.000805664 1.3247e-05

0.000805664 1.31931e-05
0.000830078 1.36491e-05

0.000830078 1.34104e-05
0.000854492 1.38996e-05

0.000854492 1.38458e-05
0.000878906 1.37247e-05

0.000878906 1.36454e-05
0.00090332 1.34834e-05

0.00090332 1.33644e-05
0.000927734 1.39647e-05

0.000927734 1.37022e-05
0.000952148 1.43266e-05

0.000952148 1.42149e-05
0.000976562 1.40662e-05

0.000976562 1.40315e-05
0.00100098 1.37692e-05

0.00100098 1.35583e-05
0.00102539 1.43225e-05

0.00102539 1.41939e-05
0.0010498 1.47809e-05

0.0010498 1.44892e-05
0.00107422 1.43102e-05

0.00107422 1.43458e-05
0.00109863 1.43474e-05

0.00109863 1.38403e-05
0.00112305 1.49617e-05

0.00112305 1.42936e-05
0.00114746 1.61876e-05

0.00114746 1.52872e-05
0.00117187 1.66621e-05

0.00117188 1.59599e-05
0.00119629 1.69102e-05

0.00119629 1.60231e-05
0.0012207 1.76303e-05

0.0012207 1.78476e-05
0.00124512 1.80074e-05

0.00124512 1.71459e-05
0.00126953 1.68116e-05

0.00126953 1.72597e-05
0.00129395 1.79608e-05

0.00129395 1.72367e-05
0.00131836 1.80579e-05

0.0013176 2.44141e-05
0.00131836 2.44266e-05

0.00131836 1.94279e-05
0.00134277 1.73857e-05

0.00131836 2.45429e-05
0.00132169 2.44141e-05

0.00136719 2.71996e-06
0.00134749 2.44141e-05

0.00134277 2.57448e-05
0.00134633 2.44141e-05

0.00136719 4.8829e-06
0.00136884 0

0.00146222 0
0.00146484 7.3968e-06

0.00146484 5.75124e-06
0.00148396 2.44141e-05

0.00148434 2.44141e-05
0.00148926 2.60982e-05

0.00148926 1.69453e-05
0.00151367 1.72898e-05

0.00150594 2.44141e-05
0.00151367 2.44482e-05

0.00151367 1.75224e-05
0.00153809 1.74451e-05

0.00152846 2.44141e-05
0.00153809 2.44588e-05

0.0015625 5.24862e-06
0.00154353 2.44141e-05

0.00153809 2.64545e-05
0.00154387 2.44141e-05

0 0.00312201
0.000390625 0.003111

0.000390625 0.00311129
0.00078125 0.00307769

0.00078125 0.00307833
0.00117187 0.00302028

0.00117188 0.00302133
0.0015625 0.00293545

0.0015625 5.98894e-06
0.00156458 0

0.0016563 0
0.00166016 9.38951e-06

0.00166016 1.04434e-05
0.00167519 2.44141e-05

0.00167442 2.44141e-05
0.00168457 2.81599e-05

0.00168457 1.85573e-05
0.00170898 1.89179e-05

0.00169654 2.44141e-05
0.00170898 2.45093e-05

0.0017334 1.13593e-05
0.00171861 2.44141e-05

0.00170898 2.81639e-05
0.00171947 2.44141e-05

0.0017334 1.21311e-05
0.0017386 0

0.00179984 0
0.00180664 1.4622e-05

0.00180664 6.23247e-06
0.00183105 1.43456e-05

0.00183105 8.40838e-06
0.00185547 1.80916e-06

0.00185547 9.98138e-07
0.00187988 1.44892e-05

0.00187988 8.98168e-06
0.0019043 1.28435e-05

0.0019043 9.64958e-06
0.00192871 9.99155e-06

0.00192871 9.90845e-06
0.00195312 1.23058e-05

0.00195312 9.55949e-06
0.00197754 1.29144e-05

0.00197754 1.35445e-05
0.00200195 1.29601e-05

0.00200195 1.52561e-05
0.00202637 6.44228e-06

0.00202637 6.93497e-06
0.00205078 9.21449e-06

0.00205078 9.65021e-06
0.0020752 1.44797e-05

0.0020752 9.93143e-06
0.00209961 1.1905e-05

0.00209961 1.33869e-05
0.00212402 1.32889e-05

0.00212402 1.3029e-05
0.00214844 8.67786e-06

0.00214844 8.28554e-06
0.00217285 1.2964e-05

0.00217285 1.37782e-05
0.00219727 1.37909e-05

0.00219727 1.31009e-05
0.00222168 8.16548e-06

0.00222168 8.06688e-06
0.00224609 1.33362e-05

0.00224609 1.40389e-05
0.00227051 1.38431e-05

0.00227051 1.37362e-05
0.00229492 7.40407e-06

0.00229492 8.14594e-06
0.00231934 1.19342e-05

0.00231934 1.06443e-05
0.00234375 1.49925e-05

0.00234375 1.50368e-05
0.00236816 1.08141e-05

0.00236816 1.24985e-05
0.00239258 7.52494e-06

0.00239258 7.53512e-06
0.00241699 1.24818e-05

0.00241699 1.07344e-05
0.00244141 1.50892e-05

0.00244141 1.50864e-05
0.00246582 1.07262e-05

0.00246582 1.24614e-05
0.00249023 7.5597e-06

0.00249023 7.5611e-06
0.00251465 1.25015e-05

0.00251465 1.07566e-05
0.00253906 1.50633e-05

0.00253906 1.50585e-05
0.00256348 1.07371e-05

0.00256348 1.2435e-05
0.00258789 7.63335e-06

0.00258789 7.62641e-06
0.0026123 1.25257e-05

0.0026123 1.08807e-05
0.00263672 1.49541e-05

0.00263672 1.48951e-05
0.00266113 1.06735e-05

0.00266113 1.18923e-05
0.00268555 8.33975e-06

0.00268555 7.55654e-06
0.00270996 1.37746e-05

0.00270996 1.3888e-05
0.00273438 1.40559e-05

0.00273437 1.38116e-05
0.00275879 7.74589e-06

0.00275879 8.51002e-06
0.0027832 1.18619e-05

0.0027832 1.08114e-05
0.00280762 1.47678e-05

0.00280762 1.47709e-05
0.00283203 1.08489e-05

0.00283203 1.19782e-05
0.00285645 8.39655e-06

0.00285645 7.7088e-06
0.00288086 1.36224e-05

0.00288086 1.37386e-05
0.00290527 1.39624e-05

0.00290527 1.31759e-05
0.00292969 8.45586e-06

0.00292969 9.14921e-06
0.0029541 1.25782e-05

0.0029541 1.18327e-05
0.00297852 1.40584e-05

0.00297852 1.2183e-05
0.00300293 1.25292e-05

0.00300293 1.24892e-05
0.00302734 1.38826e-05

0.00302734 1.28644e-05
0.00305176 1.38292e-05

0.00305176 1.33235e-05
0.00307617 1.44649e-05

0.00307617 1.3746e-05
0.00310059 1.46725e-05

0.00310059 1.41223e-05
0.003125 1.51064e-05

0.00175781 0.00287947
0.00157685 0.00292969

0.0015625 0.00293381
0.00157737 0.00292969

0.00175781 0.00287998
0.00195312 0.00281706

0.00234375 0.00265928
0.00217189 0.00273438

0.00195312 0.0028174
0.00214844 0.00274406

0.00214844 0.0027437
0.00216977 0.00273438

0.00292969 0.00231167
0.00288528 0.00234375

0.003125 0.00214799
0.00312451 0.00214844

0.00302734 0.00223408
0.00301229 0.00224609

0.00297852 0.00227152
0.00294873 0.00229492

0.00292969 0.00231037
0.00294957 0.00229492

0.00300293 0.0022526
0.00298022 0.00227051

0.00297852 0.0022724
0.00298089 0.00227051

0.00300293 0.00224887
0.00300651 0.00224609

0.00307617 0.00218895
0.00306665 0.00219727

0.00302734 0.00223328
0.00306983 0.00219727

0.00307617 0.0021914
0.00312441 0.00214844

0.00244141 0.00261155
0.00238974 0.00263672

0.00234375 0.00265754
0.00238649 0.00263672

0.00244141 0.00261104
0.00253906 0.0025599

0.00273438 0.00244687
0.0025784 0.00253906

0.00253906 0.00255921
0.00257369 0.00253906

0.00283203 0.00238031
0.00274042 0.00244141

0.00273438 0.00244468
0.00273947 0.00244141

0.00283203 0.00237933
0.00288158 0.00234375

0.003125 1.44877e-05
0.00314941 1.55012e-05

0.00314941 1.49084e-05
0.00317383 1.59822e-05

0.00317383 1.53996e-05
0.00319824 1.64009e-05

0.00319824 1.58753e-05
0.00322266 1.67531e-05

0.00322266 1.6218e-05
0.00324707 1.71454e-05

0.00324707 1.6782e-05
0.00327148 1.7539e-05

0.00327148 1.64496e-05
0.0032959 1.83275e-05

0.0032959 1.8581e-05
0.00332031 1.93764e-05

0.00332031 1.79975e-05
0.00334473 1.83706e-05

0.00334473 1.9213e-05
0.00336914 1.94906e-05

0.00336914 1.2393e-05
0.00339349 2.44141e-05

0.00339035 2.44141e-05
0.00339355 2.57296e-05

0.00339355 2.37972e-05
0.00339413 2.44141e-05

0.00339355 2.76179e-05
0.00341755 4.88281e-05

0.00341759 4.88281e-05
0.00341797 4.91892e-05

0.00341797 4.95305e-05
0.0034418 7.32422e-05

0.00344178 7.32422e-05
0.00344238 7.38655e-05

0.00344238 7.40114e-05
0.00346441 9.76563e-05

0.00346492 9.76563e-05
0.0034668 9.97644e-05

0.0034668 0.000100526
0.00348562 0.00012207

0.00348539 0.00012207
0.00349121 0.000129033

0.00349121 0.00012869
0.00350583 0.000146484

0.0035061 0.000146484
0.00351563 0.000158974

0.00351563 0.000159441
0.00354258 0.000195313

0.00354281 0.000195313
0.00356445 0.000227791

0.00356445 0.00022898
0.00357437 0.000244141

0.00357496 0.000244141
0.0036038 0.000292969

0.00360457 0.000292969
0.00361328 0.000310496

0.00361328 0.000312005
0.00362884 0.000341797

0.00362907 0.000341797
0.0036517 0.000390625

0.00365237 0.000390625
0.00368986 0.000488281

0.00368969 0.000488281
0.00371094 0.000563215

0.00371094 0.000565102
0.00371685 0.000585938

0.00371706 0.000585937
0.00373595 0.000683594

0.00373558 0.000683594
0.00374682 0.00078125

0.0037488 0.00078125
0.00374949 0.000976562

0.00374918 0.000976562
0.00372127 0.00117188

0.00371094 0.00120941
0.00366563 0.00136719

0.00366566 0.00136719
0.00358045 0.0015625

0.00371094 0.00120479
0.00371913 0.00117187

0.00332031 0.00194371
0.00331245 0.00195312

0.00351563 0.00167548
0.00346382 0.00175781

0.00341797 0.00182267
0.0033946 0.00185547

0.00332031 0.00194698
0.00339434 0.00185547

0.00346303 0.00175781
0.00342905 0.00180664

0.00341797 0.00181899
0.00342668 0.00180664

0.00322266 0.00205402
0.00312543 0.00214844

0.00331534 0.00195313
0.00322592 0.00205078

0.00322266 0.00205566
0.0032274 0.00205078

0.00357839 0.0015625
0.00352465 0.00166016

0.00351563 0.00167274
0.00352329 0.00166016

