7.15528e-05 0
7.32422e-05 4.94447e-06

7.32422e-05 1.33224e-06
9.59736e-05 2.44141e-05

9.76563e-05 1.41658e-05
0.00012207 1.45005e-05

0.00012207 1.36549e-05
0.000146484 1.41964e-05

0.000146484 1.47518e-05
0.000170898 1.47565e-05

0.000170898 1.41578e-05
0.000195313 1.37008e-05

0.000195313 1.39907e-05
0.000219727 1.48062e-05

0.000219727 1.46092e-05
0.000244141 1.45251e-05

0.000244141 1.46539e-05
0.000268555 1.40102e-05

0.000268555 1.41235e-05
0.000292969 1.40037e-05

0.000292969 1.42309e-05
0.000317383 1.42477e-05

0.000317383 1.42121e-05
0.000341797 1.3941e-05

0.000341797 1.41505e-05
0.000366211 1.39105e-05

0.000366211 1.40239e-05
0.000390625 1.3762e-05

0.000390625 1.39501e-05
0.000415039 1.37129e-05

0.000415039 1.38364e-05
0.000439453 1.35916e-05

0.000439453 1.36587e-05
0.000463867 1.36373e-05

0.000463867 1.38095e-05
0.000488281 1.35865e-05

0.000488281 1.37108e-05
0.000512695 1.32533e-05

0.000512695 1.33919e-05
0.000537109 1.33291e-05

0.000537109 1.338e-05
0.000561523 1.34921e-05

0.000561523 1.35272e-05
0.000585937 1.33582e-05

0.000585938 1.3507e-05
0.000610352 1.31175e-05

0.000610352 1.322e-05
0.000634766 1.30992e-05

0.000634766 1.31414e-05
0.00065918 1.33089e-05

0.00065918 1.31911e-05
0.000683594 1.337e-05

0.000683594 1.34026e-05
0.000708008 1.33073e-05

0.000708008 1.32891e-05
0.000732422 1.31336e-05

0.000732422 1.30515e-05
0.000756836 1.34333e-05

0.000756836 1.32844e-05
0.00078125 1.36928e-05

0.00078125 1.3608e-05
0.000805664 1.34763e-05

0.000805664 1.34767e-05
0.000830078 1.33063e-05

0.000830078 1.31729e-05
0.000854492 1.36614e-05

0.000854492 1.3493e-05
0.000878906 1.40099e-05

0.000878906 1.39004e-05
0.00090332 1.37063e-05

0.00090332 1.36666e-05
0.000927734 1.35449e-05

0.000927734 1.3455e-05
0.000952148 1.39699e-05

0.000952148 1.39466e-05
0.000976562 1.40386e-05

0.000976562 1.37481e-05
0.00100098 1.38163e-05

0.00100098 1.37999e-05
0.00102539 1.42888e-05

0.00102539 1.38771e-05
0.0010498 1.44354e-05

0.0010498 1.39854e-05
0.00107422 1.49699e-05

0.00107422 1.4134e-05
0.00109863 1.57391e-05

0.00109863 1.47651e-05
0.00112305 1.68265e-05

0.00112305 1.59621e-05
0.00114746 1.74709e-05

0.00114746 1.64306e-05
0.00117187 1.78964e-05

0.00117188 1.73707e-05
0.00119629 1.88299e-05

0.00119629 1.80351e-05
0.0012207 1.91592e-05

0.0012207 1.83427e-05
0.00124512 2.01061e-05

0.00124512 2.03516e-05
0.00126953 2.03695e-05

0.00126953 1.98953e-05
0.00129395 1.85892e-05

0.00129395 1.94644e-05
0.00131836 1.86112e-05

0.00129395 2.45672e-05
0.00130455 2.44141e-05

0.00134277 7.14262e-06
0.00132543 2.44141e-05

0.00131836 2.65962e-05
0.00132412 2.44141e-05

0.00134277 8.63428e-06
0.00134606 0

0.001462 0
0.00146484 7.94658e-06

0.00146484 5.94721e-06
0.00148389 2.44141e-05

0.00148416 2.44141e-05
0.00148926 2.61592e-05

0.00148926 1.72076e-05
0.00151367 1.713e-05

0.00148926 2.44209e-05
0.00149061 2.44141e-05

0.00151367 1.7287e-05
0.00153809 1.71602e-05

0.00153282 2.44141e-05
0.00153809 2.44265e-05

0.0015625 5.49098e-06
0.00154335 2.44141e-05

0.00153809 2.61001e-05
0.00154296 2.44141e-05

0 0.0031222
0.000390625 0.00311119

0.000390625 0.00311147
0.00078125 0.00307785

0.00078125 0.00307851
0.00117187 0.00302042

0.00117188 0.00302144
0.0015625 0.0029355

0.0015625 6.95597e-06
0.00156495 0

0.00165628 0
0.00166016 9.42408e-06

0.00166016 1.0461e-05
0.00167519 2.44141e-05

0.00167441 2.44141e-05
0.00168457 2.81577e-05

0.00168457 1.8539e-05
0.00170898 1.8906e-05

0.00169678 2.44141e-05
0.00170898 2.4507e-05

0.0017334 1.14068e-05
0.00171863 2.44141e-05

0.00170898 2.81238e-05
0.00171937 2.44141e-05

0.0017334 1.21427e-05
0.00173862 0

0.00179839 0
0.00180664 1.65309e-05

0.00180664 1.03893e-05
0.00183105 1.20597e-05

0.00183105 7.72143e-06
0.00185286 0

0.00185623 0
0.00187988 1.67757e-05

0.00187988 9.0273e-06
0.0019043 1.22051e-05

0.0019043 9.40556e-06
0.00192871 1.02483e-05

0.00192871 9.93846e-06
0.00195312 1.22458e-05

0.00195312 9.47382e-06
0.00197754 1.29019e-05

0.00197754 1.35559e-05
0.00200195 1.30044e-05

0.00200195 1.52623e-05
0.00202637 6.3819e-06

0.00202637 6.89551e-06
0.00205078 9.23954e-06

0.00205078 9.67662e-06
0.0020752 1.44657e-05

0.0020752 9.89902e-06
0.00209961 1.18717e-05

0.00209961 1.33571e-05
0.00212402 1.33268e-05

0.00212402 1.3049e-05
0.00214844 8.68158e-06

0.00214844 8.2833e-06
0.00217285 1.29516e-05

0.00217285 1.37819e-05
0.00219727 1.37986e-05

0.00219727 1.31119e-05
0.00222168 8.14534e-06

0.00222168 8.04629e-06
0.00224609 1.33315e-05

0.00224609 1.403e-05
0.00227051 1.3859e-05

0.00227051 1.37452e-05
0.00229492 7.40308e-06

0.00229492 8.14521e-06
0.00231934 1.19282e-05

0.00231934 1.06431e-05
0.00234375 1.49953e-05

0.00234375 1.504e-05
0.00236816 1.08093e-05

0.00236816 1.24939e-05
0.00239258 7.52115e-06

0.00239258 7.53156e-06
0.00241699 1.24858e-05

0.00241699 1.07345e-05
0.00244141 1.50892e-05

0.00244141 1.50885e-05
0.00246582 1.07245e-05

0.00246582 1.24603e-05
0.00249023 7.55596e-06

0.00249023 7.55773e-06
0.00251465 1.25029e-05

0.00251465 1.07556e-05
0.00253906 1.50644e-05

0.00253906 1.50613e-05
0.00256348 1.07352e-05

0.00256348 1.24316e-05
0.00258789 7.63088e-06

0.00258789 7.62296e-06
0.0026123 1.25315e-05

0.0026123 1.08818e-05
0.00263672 1.49585e-05

0.00263672 1.49011e-05
0.00266113 1.06754e-05

0.00266113 1.18955e-05
0.00268555 8.33552e-06

0.00268555 7.55638e-06
0.00270996 1.37735e-05

0.00270996 1.38854e-05
0.00273438 1.40559e-05

0.00273437 1.38032e-05
0.00275879 7.75679e-06

0.00275879 8.51839e-06
0.0027832 1.18732e-05

0.0027832 1.0841e-05
0.00280762 1.47466e-05

0.00280762 1.47331e-05
0.00283203 1.08382e-05

0.00283203 1.19411e-05
0.00285645 8.48007e-06

0.00285645 7.77513e-06
0.00288086 1.36457e-05

0.00288086 1.37561e-05
0.00290527 1.39569e-05

0.00290527 1.33655e-05
0.00292969 8.32547e-06

0.00292969 9.02686e-06
0.0029541 1.23246e-05

0.0029541 1.16258e-05
0.00297852 1.4124e-05

0.00297852 1.20724e-05
0.00300293 1.26056e-05

0.00300293 1.24951e-05
0.00302734 1.39943e-05

0.00302734 1.29321e-05
0.00305176 1.38844e-05

0.00305176 1.33732e-05
0.00307617 1.45206e-05

0.00307617 1.37978e-05
0.00310059 1.47602e-05

0.00310059 1.42112e-05
0.003125 1.5186e-05

0.00175781 0.00287951
0.00157706 0.00292969

0.0015625 0.00293386
0.00157754 0.00292969

0.00175781 0.00288002
0.00195312 0.00281707

0.00234375 0.00265924
0.00217185 0.00273438

0.00195312 0.00281741
0.00214844 0.00274404

0.00214844 0.00274367
0.0021697 0.00273438

0.00292969 0.00231158
0.00288515 0.00234375

0.003125 0.00214789
0.0031244 0.00214844

0.00302734 0.00223395
0.00301212 0.00224609

0.00297852 0.00227142
0.00294861 0.00229492

0.00292969 0.00231028
0.00294945 0.00229492

0.00300293 0.00225249
0.0029801 0.00227051

0.00297852 0.00227233
0.00298079 0.00227051

0.00300293 0.00224872
0.00300632 0.00224609

0.00307617 0.00218885
0.00306654 0.00219727

0.00302734 0.00223317
0.0030697 0.00219727

0.00307617 0.00219129
0.00312428 0.00214844

0.00244141 0.0026115
0.00238965 0.00263672

0.00234375 0.0026575
0.00238639 0.00263672

0.00244141 0.00261099
0.00253906 0.00255984

0.00273438 0.00244679
0.0025783 0.00253906

0.00253906 0.00255914
0.00257357 0.00253906

0.00283203 0.00238023
0.0027403 0.00244141

0.00273438 0.0024446
0.00273934 0.00244141

0.00283203 0.00237923
0.00288145 0.00234375

0.003125 1.45963e-05
0.00314941 1.55252e-05

0.00314941 1.50171e-05
0.00317383 1.59091e-05

0.00317383 1.54254e-05
0.00319824 1.62014e-05

0.00319824 1.57042e-05
0.00322266 1.65616e-05

0.00322266 1.606e-05
0.00324707 1.70806e-05

0.00324707 1.65398e-05
0.00327148 1.75746e-05

0.00327148 1.66966e-05
0.0032959 1.83715e-05

0.0032959 1.86883e-05
0.00332031 1.86644e-05

0.00332031 1.67614e-05
0.00334473 1.82595e-05

0.00334473 1.96837e-05
0.00336914 2.06653e-05

0.00336914 1.28453e-05
0.00339355 2.40851e-05

0.00339098 2.44141e-05
0.00339355 2.54338e-05

0.00339355 2.36844e-05
0.00339423 2.44141e-05

0.00339355 2.75882e-05
0.00341745 4.88281e-05

0.00341734 4.88281e-05
0.00341797 4.94385e-05

0.00341797 4.97455e-05
0.00344149 7.32422e-05

0.00344154 7.32422e-05
0.00344238 7.41192e-05

0.00344238 7.42933e-05
0.00346419 9.76563e-05

0.00346476 9.76563e-05
0.0034668 9.99397e-05

0.0034668 0.000100439
0.00350604 0.000146484

0.00350604 0.000146484
0.00351563 0.000159024

0.00351563 0.000159493
0.00354259 0.000195313

0.00354282 0.000195313
0.00356445 0.000227756

0.00356445 0.000228985
0.00357437 0.000244141

0.00357498 0.000244141
0.00360382 0.000292969

0.0036046 0.000292969
0.00361328 0.000310444

0.00361328 0.000311953
0.00362887 0.000341797

0.00362909 0.000341797
0.00365171 0.000390625

0.00365238 0.000390625
0.00368985 0.000488281

0.00368967 0.000488281
0.00371094 0.000563325

0.00371094 0.000565176
0.00371682 0.000585938

0.00371702 0.000585937
0.0037359 0.000683594

0.00373553 0.000683594
0.00374675 0.00078125

0.00374873 0.00078125
0.00374939 0.000976562

0.00374909 0.000976562
0.00372116 0.00117188

0.00371094 0.001209
0.0036655 0.00136719

0.00366554 0.00136719
0.00358033 0.0015625

0.00371094 0.0012043
0.00371901 0.00117187

0.00332031 0.00194358
0.00331235 0.00195312

0.00351563 0.00167528
0.0034637 0.00175781

0.00341797 0.0018225
0.00339447 0.00185547

0.00332031 0.00194683
0.00339422 0.00185547

0.00346291 0.00175781
0.00342893 0.00180664

0.00341797 0.00181877
0.00342652 0.00180664

0.00322266 0.00205389
0.0031253 0.00214844

0.00331522 0.00195313
0.00322579 0.00205078

0.00322266 0.00205555
0.0032273 0.00205078

0.00357826 0.0015625
0.00352453 0.00166016

0.00351563 0.00167253
0.00352316 0.00166016

