7.1521e-05 0
7.32422e-05 5.03305e-06

7.32422e-05 8.71603e-07
9.59489e-05 2.44141e-05

9.68779e-05 2.44141e-05
9.76563e-05 2.4683e-05

9.76563e-05 1.44234e-05
0.00012207 1.47393e-05

0.000117404 2.44141e-05
0.00012207 2.4437e-05

0.00012207 1.36613e-05
0.000146484 1.37594e-05

0.000146484 1.42592e-05
0.000170898 1.50567e-05

0.000170898 1.45759e-05
0.000195313 1.40941e-05

0.000195313 1.44408e-05
0.000219727 1.41173e-05

0.000219727 1.38302e-05
0.000244141 1.43365e-05

0.000244141 1.44518e-05
0.000268555 1.4896e-05

0.000268555 1.47974e-05
0.000292969 1.40712e-05

0.000292969 1.44632e-05
0.000317383 1.37416e-05

0.000317383 1.37624e-05
0.000341797 1.39926e-05

0.000341797 1.42322e-05
0.000366211 1.43254e-05

0.000366211 1.43416e-05
0.000390625 1.35569e-05

0.000390625 1.38429e-05
0.000415039 1.35179e-05

0.000415039 1.36372e-05
0.000439453 1.37729e-05

0.000439453 1.38849e-05
0.000463867 1.36792e-05

0.000463867 1.38007e-05
0.000488281 1.33016e-05

0.000488281 1.34777e-05
0.000512695 1.33465e-05

0.000512695 1.343e-05
0.000537109 1.34793e-05

0.000537109 1.34586e-05
0.000561523 1.3438e-05

0.000561523 1.34674e-05
0.000585937 1.34117e-05

0.000585938 1.35951e-05
0.000610352 1.32199e-05

0.000610352 1.33256e-05
0.000634766 1.30062e-05

0.000634766 1.30826e-05
0.00065918 1.32708e-05

0.00065918 1.32315e-05
0.000683594 1.33719e-05

0.000683594 1.33389e-05
0.000708008 1.32179e-05

0.000708008 1.32597e-05
0.000732422 1.31683e-05

0.000732422 1.30548e-05
0.000756836 1.33701e-05

0.000756836 1.31977e-05
0.00078125 1.36874e-05

0.00078125 1.36275e-05
0.000805664 1.35151e-05

0.000805664 1.34867e-05
0.000830078 1.32328e-05

0.000830078 1.31732e-05
0.000854492 1.35971e-05

0.000854492 1.34546e-05
0.000878906 1.38876e-05

0.000878906 1.38244e-05
0.00090332 1.35896e-05

0.00090332 1.36246e-05
0.000927734 1.33676e-05

0.000927734 1.32874e-05
0.000952148 1.37461e-05

0.000952148 1.36128e-05
0.000976562 1.40604e-05

0.000976562 1.3803e-05
0.00100098 1.39032e-05

0.00100098 1.34496e-05
0.00102539 1.43752e-05

0.00102539 1.34827e-05
0.0010498 1.56451e-05

0.0010498 1.46582e-05
0.00107422 1.6632e-05

0.00107422 1.56219e-05
0.00109863 1.68525e-05

0.00109863 1.61443e-05
0.00112305 1.73253e-05

0.00112305 1.63098e-05
0.00114746 1.83262e-05

0.00114746 1.81276e-05
0.00117187 1.91982e-05

0.00117188 1.7893e-05
0.00119629 1.88779e-05

0.00119629 1.83373e-05
0.0012207 2.09583e-05

0.0012207 1.94071e-05
0.00124512 2.26059e-05

0.00124512 2.26075e-05
0.00126953 2.30851e-05

0.00126766 2.44141e-05
0.00126953 2.44329e-05

0.00126953 2.21189e-05
0.00129395 2.08226e-05

0.00126953 2.458e-05
0.00127742 2.44141e-05

0.00131836 1.32994e-05
0.00130459 2.44141e-05

0.00129395 2.75249e-05
0.00130242 2.44141e-05

0.00131836 1.87392e-05
0.00132769 0

0.00146216 0
0.00146484 7.55406e-06

0.00146484 5.64919e-06
0.00148394 2.44141e-05

0.00148455 2.44141e-05
0.00148926 2.60428e-05

0.00148926 1.71402e-05
0.00151367 1.74687e-05

0.00151367 1.76142e-05
0.00153809 1.72614e-05

0.0015625 5.30145e-06
0.00154337 2.44141e-05

0.00153809 2.59663e-05
0.00154252 2.44141e-05

0 0.00312238
0.000390625 0.00311136

0.000390625 0.00311163
0.00078125 0.003078

0.00078125 0.00307867
0.00117187 0.00302054

0.00117188 0.00302155
0.0015625 0.00293555

0.0015625 6.87826e-06
0.00156491 0

0.00165631 0
0.00166016 9.35639e-06

0.00166016 1.0433e-05
0.00167519 2.44141e-05

0.00167439 2.44141e-05
0.00168457 2.81751e-05

0.00168457 1.85694e-05
0.00170898 1.89196e-05

0.0016964 2.44141e-05
0.00170898 2.4507e-05

0.0017334 1.13462e-05
0.00171859 2.44141e-05

0.00170898 2.81635e-05
0.00171947 2.44141e-05

0.0017334 1.21979e-05
0.00173863 0

0.00180007 0
0.00180664 1.4361e-05

0.00180664 6.09769e-06
0.00183105 1.46503e-05

0.00183105 8.55415e-06
0.00185547 1.81887e-06

0.00185547 1.12304e-06
0.00187988 1.43832e-05

0.00187988 8.97731e-06
0.0019043 1.28379e-05

0.0019043 9.65988e-06
0.00192871 9.99976e-06

0.00192871 9.9081e-06
0.00195312 1.22939e-05

0.00195312 9.55515e-06
0.00197754 1.29235e-05

0.00197754 1.35478e-05
0.00200195 1.29619e-05

0.00200195 1.52624e-05
0.00202637 6.43866e-06

0.00202637 6.9309e-06
0.00205078 9.21151e-06

0.00205078 9.67252e-06
0.0020752 1.4461e-05

0.0020752 9.9017e-06
0.00209961 1.18755e-05

0.00209961 1.33601e-05
0.00212402 1.33165e-05

0.00212402 1.29837e-05
0.00214844 8.73591e-06

0.00214844 8.35003e-06
0.00217285 1.30208e-05

0.00217285 1.38772e-05
0.00219727 1.37126e-05

0.00219727 1.3131e-05
0.00222168 8.02022e-06

0.00222168 7.9155e-06
0.00224609 1.33157e-05

0.00224609 1.39243e-05
0.00227051 1.39743e-05

0.00227051 1.38216e-05
0.00229492 7.47678e-06

0.00229492 8.20312e-06
0.00231934 1.18513e-05

0.00231934 1.06337e-05
0.00234375 1.50002e-05

0.00234375 1.50384e-05
0.00236816 1.0809e-05

0.00236816 1.24944e-05
0.00239258 7.51846e-06

0.00239258 7.52698e-06
0.00241699 1.24854e-05

0.00241699 1.07334e-05
0.00244141 1.50924e-05

0.00244141 1.509e-05
0.00246582 1.07237e-05

0.00246582 1.24622e-05
0.00249023 7.55298e-06

0.00249023 7.55354e-06
0.00251465 1.25025e-05

0.00251465 1.0755e-05
0.00253906 1.50679e-05

0.00253906 1.50635e-05
0.00256348 1.07338e-05

0.00256348 1.24319e-05
0.00258789 7.62864e-06

0.00258789 7.61957e-06
0.0026123 1.25332e-05

0.0026123 1.08845e-05
0.00263672 1.49597e-05

0.00263672 1.48989e-05
0.00266113 1.0674e-05

0.00266113 1.18973e-05
0.00268555 8.33847e-06

0.00268555 7.55843e-06
0.00270996 1.37692e-05

0.00270996 1.38803e-05
0.00273438 1.40575e-05

0.00273437 1.37963e-05
0.00275879 7.77031e-06

0.00275879 8.53643e-06
0.0027832 1.18747e-05

0.0027832 1.08458e-05
0.00280762 1.47301e-05

0.00280762 1.47301e-05
0.00283203 1.08321e-05

0.00283203 1.18616e-05
0.00285645 8.5461e-06

0.00285645 7.84635e-06
0.00288086 1.37341e-05

0.00288086 1.39192e-05
0.00290527 1.38293e-05

0.00290527 1.33341e-05
0.00292969 8.12537e-06

0.00292969 8.82877e-06
0.0029541 1.23855e-05

0.0029541 1.16076e-05
0.00297852 1.42079e-05

0.00297852 1.2071e-05
0.00300293 1.26054e-05

0.00300293 1.24919e-05
0.00302734 1.40658e-05

0.00302734 1.29626e-05
0.00305176 1.39643e-05

0.00305176 1.34536e-05
0.00307617 1.45874e-05

0.00307617 1.3885e-05
0.00310059 1.47705e-05

0.00310059 1.42863e-05
0.003125 1.51425e-05

0.00175781 0.00287953
0.00157724 0.00292969

0.0015625 0.0029339
0.00157768 0.00292969

0.00175781 0.00288004
0.00195312 0.00281707

0.00234375 0.0026592
0.00217179 0.00273438

0.00195312 0.00281741
0.00214844 0.00274402

0.00214844 0.00274364
0.00216964 0.00273438

0.00292969 0.00231148
0.00288502 0.00234375

0.003125 0.00214778
0.00312427 0.00214844

0.00302734 0.00223381
0.00301195 0.00224609

0.00297852 0.00227132
0.00294849 0.00229492

0.00292969 0.00231019
0.00294932 0.00229492

0.00300293 0.00225239
0.00297997 0.00227051

0.00297852 0.00227225
0.00298069 0.00227051

0.00300293 0.00224858
0.00300613 0.00224609

0.00307617 0.00218876
0.00306644 0.00219727

0.00302734 0.00223307
0.00306957 0.00219727

0.00307617 0.00219117
0.00312414 0.00214844

0.00244141 0.00261145
0.00238955 0.00263672

0.00234375 0.00265745
0.0023863 0.00263672

0.00244141 0.00261094
0.00253906 0.00255979

0.00273438 0.00244672
0.00257819 0.00253906

0.00253906 0.00255907
0.00257346 0.00253906

0.00283203 0.00238014
0.00274018 0.00244141

0.00273438 0.00244452
0.00273921 0.00244141

0.00283203 0.00237914
0.00288132 0.00234375

0.003125 1.46373e-05
0.00314941 1.53921e-05

0.00314941 1.49381e-05
0.00317383 1.57291e-05

0.00317383 1.52265e-05
0.00319824 1.61282e-05

0.00319824 1.55874e-05
0.00322266 1.66259e-05

0.00322266 1.60761e-05
0.00324707 1.71072e-05

0.00324707 1.65217e-05
0.00327148 1.75593e-05

0.00327148 1.69164e-05
0.0032959 1.82001e-05

0.0032959 1.77013e-05
0.00332031 1.88484e-05

0.00332031 1.8123e-05
0.00334473 1.92741e-05

0.00334473 1.94455e-05
0.00336914 1.94063e-05

0.00336914 1.28372e-05
0.00339345 2.44141e-05

0.00339177 2.44141e-05
0.00339355 2.51064e-05

0.00339355 2.69947e-05
0.00341797 4.83792e-05

0.00341784 4.88281e-05
0.00341797 4.89488e-05

0.00341797 4.84138e-05
0.00341839 4.88281e-05

0.00341797 4.91322e-05
0.00344186 7.32422e-05

0.0034419 7.32422e-05
0.00344238 7.37505e-05

0.00344238 7.39149e-05
0.00346439 9.76563e-05

0.00346496 9.76563e-05
0.0034668 9.97241e-05

0.0034668 0.000100216
0.00350605 0.000146484

0.00350606 0.000146484
0.00351563 0.000159027

0.00351563 0.000159272
0.00354237 0.000195313

0.00354278 0.000195313
0.00356445 0.000227846

0.00356445 0.000229092
0.00357429 0.000244141

0.00357491 0.000244141
0.00360373 0.000292969

0.00360451 0.000292969
0.00361328 0.000310632

0.00361328 0.000312129
0.00362877 0.000341797

0.003629 0.000341797
0.00365163 0.000390625

0.00365229 0.000390625
0.00368977 0.000488281

0.00368959 0.000488281
0.00371094 0.000563594

0.00371094 0.000565456
0.00371674 0.000585938

0.00371695 0.000585937
0.00373583 0.000683594

0.00373546 0.000683594
0.00374668 0.00078125

0.00374866 0.00078125
0.00374931 0.000976562

0.003749 0.000976562
0.00372106 0.00117188

0.00371094 0.00120864
0.00366539 0.00136719

0.00366544 0.00136719
0.00358021 0.0015625

0.00371094 0.00120387
0.0037189 0.00117187

0.00332031 0.00194346
0.00331225 0.00195312

0.00351563 0.00167509
0.00346357 0.00175781

0.00341797 0.00182232
0.00339435 0.00185547

0.00332031 0.00194668
0.0033941 0.00185547

0.00346278 0.00175781
0.00342881 0.00180664

0.00341797 0.00181857
0.00342637 0.00180664

0.00322266 0.00205376
0.00312518 0.00214844

0.00331509 0.00195313
0.00322566 0.00205078

0.00322266 0.00205544
0.00322719 0.00205078

0.00357815 0.0015625
0.00352441 0.00166016

0.00351563 0.00167234
0.00352304 0.00166016

