7.15826e-05 0
7.32422e-05 4.85847e-06

7.32422e-05 6.23107e-07
9.59965e-05 2.44141e-05

9.76563e-05 1.4056e-05
0.00012207 1.51462e-05

0.00012207 1.43377e-05
0.000146484 1.40048e-05

0.000146484 1.45389e-05
0.000170898 1.41426e-05

0.000170898 1.36939e-05
0.000195313 1.40348e-05

0.000195313 1.42063e-05
0.000219727 1.50028e-05

0.000219727 1.47427e-05
0.000244141 1.4238e-05

0.000244141 1.44047e-05
0.000268555 1.40078e-05

0.000268555 1.40072e-05
0.000292969 1.43547e-05

0.000292969 1.43782e-05
0.000317383 1.45755e-05

0.000317383 1.47702e-05
0.000341797 1.39014e-05

0.000341797 1.42002e-05
0.000366211 1.34024e-05

0.000366211 1.36039e-05
0.000390625 1.38549e-05

0.000390625 1.38873e-05
0.000415039 1.4094e-05

0.000415039 1.42159e-05
0.000439453 1.35565e-05

0.000439453 1.37963e-05
0.000463867 1.31901e-05

0.000463867 1.33359e-05
0.000488281 1.35376e-05

0.000488281 1.35456e-05
0.000512695 1.37382e-05

0.000512695 1.38129e-05
0.000537109 1.33462e-05

0.000537109 1.35125e-05
0.000561523 1.30819e-05

0.000561523 1.3171e-05
0.000585937 1.33597e-05

0.000585938 1.33576e-05
0.000610352 1.35114e-05

0.000610352 1.35777e-05
0.000634766 1.31777e-05

0.000634766 1.33341e-05
0.00065918 1.29524e-05

0.00065918 1.29621e-05
0.000683594 1.32432e-05

0.000683594 1.31853e-05
0.000708008 1.35057e-05

0.000708008 1.34413e-05
0.000732422 1.32287e-05

0.000732422 1.32306e-05
0.000756836 1.31515e-05

0.000756836 1.3071e-05
0.00078125 1.34846e-05

0.00078125 1.32985e-05
0.000805664 1.3685e-05

0.000805664 1.36415e-05
0.000830078 1.34822e-05

0.000830078 1.34973e-05
0.000854492 1.32513e-05

0.000854492 1.31891e-05
0.000878906 1.3574e-05

0.000878906 1.34701e-05
0.00090332 1.3844e-05

0.00090332 1.37116e-05
0.000927734 1.36064e-05

0.000927734 1.36053e-05
0.000952148 1.3552e-05

0.000952148 1.35145e-05
0.000976562 1.37242e-05

0.000976562 1.33907e-05
0.00100098 1.4079e-05

0.00100098 1.33834e-05
0.00102539 1.48934e-05

0.00102539 1.39832e-05
0.0010498 1.58334e-05

0.0010498 1.46181e-05
0.00107422 1.66697e-05

0.00107422 1.56419e-05
0.00109863 1.76964e-05

0.00109863 1.65901e-05
0.00112305 1.84281e-05

0.00112305 1.75275e-05
0.00114746 1.93301e-05

0.00114746 1.85042e-05
0.00117187 2.01192e-05

0.00117188 1.88533e-05
0.00119629 2.12343e-05

0.00119629 2.01027e-05
0.0012207 2.32827e-05

0.0012207 2.40021e-05
0.00124512 2.24455e-05

0.00124512 2.05306e-05
0.00126953 1.97415e-05

0.00126953 2.36592e-05
0.00129395 2.11303e-05

0.00126953 2.4855e-05
0.00127838 2.44141e-05

0.00131836 4.65655e-06
0.0013013 2.44141e-05

0.00129395 2.6475e-05
0.00129849 2.44141e-05

0.00131836 6.5021e-06
0.00132071 0

0.00146225 0
0.00146484 7.61531e-06

0.00146484 5.67606e-06
0.00148394 2.44141e-05

0.00148434 2.44141e-05
0.00148926 2.61096e-05

0.00148926 1.70005e-05
0.00151367 1.74706e-05

0.00151367 1.77574e-05
0.00153809 1.74103e-05

0.0015625 5.11721e-06
0.00154338 2.44141e-05

0.00153809 2.59942e-05
0.00154255 2.44141e-05

0 0.0031225
0.000390625 0.00311147

0.000390625 0.00311174
0.00078125 0.0030781

0.00078125 0.00307877
0.00117187 0.00302062

0.00117188 0.00302161
0.0015625 0.00293558

0.0015625 6.61331e-06
0.00156481 0

0.00165621 0
0.00166016 9.57256e-06

0.00166016 1.0507e-05
0.00167518 2.44141e-05

0.00167443 2.44141e-05
0.00168457 2.81472e-05

0.00168457 1.85415e-05
0.00170898 1.8899e-05

0.00169621 2.44141e-05
0.00170898 2.45119e-05

0.0017334 1.13739e-05
0.00171865 2.44141e-05

0.00170898 2.81735e-05
0.00171948 2.44141e-05

0.0017334 1.19423e-05
0.00173852 0

0.00179837 0
0.00180664 1.60027e-05

0.00180664 6.81394e-06
0.00183105 1.28637e-05

0.00183105 7.80783e-06
0.00185547 2.13628e-06

0.00185547 7.15195e-07
0.00187988 1.47046e-05

0.00187988 9.02761e-06
0.0019043 1.28933e-05

0.0019043 9.63465e-06
0.00192871 9.94642e-06

0.00192871 9.92912e-06
0.00195312 1.23466e-05

0.00195312 9.55906e-06
0.00197754 1.28794e-05

0.00197754 1.3548e-05
0.00200195 1.29744e-05

0.00200195 1.52524e-05
0.00202637 6.42511e-06

0.00202637 6.91787e-06
0.00205078 9.23579e-06

0.00205078 9.70651e-06
0.0020752 1.44438e-05

0.0020752 9.87756e-06
0.00209961 1.18503e-05

0.00209961 1.3331e-05
0.00212402 1.33592e-05

0.00212402 1.30677e-05
0.00214844 8.69761e-06

0.00214844 8.29451e-06
0.00217285 1.2939e-05

0.00217285 1.3782e-05
0.00219727 1.38058e-05

0.00219727 1.31709e-05
0.00222168 8.09439e-06

0.00222168 7.98055e-06
0.00224609 1.3274e-05

0.00224609 1.39419e-05
0.00227051 1.39483e-05

0.00227051 1.38003e-05
0.00229492 7.46277e-06

0.00229492 8.19126e-06
0.00231934 1.18701e-05

0.00231934 1.06365e-05
0.00234375 1.49974e-05

0.00234375 1.50394e-05
0.00236816 1.08078e-05

0.00236816 1.2493e-05
0.00239258 7.51717e-06

0.00239258 7.52584e-06
0.00241699 1.24869e-05

0.00241699 1.07336e-05
0.00244141 1.50924e-05

0.00244141 1.50915e-05
0.00246582 1.07225e-05

0.00246582 1.24604e-05
0.00249023 7.55165e-06

0.00249023 7.55273e-06
0.00251465 1.25044e-05

0.00251465 1.07556e-05
0.00253906 1.50672e-05

0.00253906 1.50639e-05
0.00256348 1.07328e-05

0.00256348 1.24293e-05
0.00258789 7.62947e-06

0.00258789 7.62133e-06
0.0026123 1.25348e-05

0.0026123 1.08846e-05
0.00263672 1.49579e-05

0.00263672 1.48996e-05
0.00266113 1.06741e-05

0.00266113 1.18959e-05
0.00268555 8.33754e-06

0.00268555 7.55863e-06
0.00270996 1.37704e-05

0.00270996 1.38788e-05
0.00273438 1.40579e-05

0.00273437 1.37979e-05
0.00275879 7.77252e-06

0.00275879 8.5384e-06
0.0027832 1.18719e-05

0.0027832 1.08382e-05
0.00280762 1.47358e-05

0.00280762 1.47325e-05
0.00283203 1.0847e-05

0.00283203 1.19667e-05
0.00285645 8.45332e-06

0.00285645 7.72596e-06
0.00288086 1.36423e-05

0.00288086 1.37785e-05
0.00290527 1.3986e-05

0.00290527 1.34675e-05
0.00292969 8.17998e-06

0.00292969 8.85259e-06
0.0029541 1.22579e-05

0.0029541 1.15411e-05
0.00297852 1.42762e-05

0.00297852 1.20635e-05
0.00300293 1.26879e-05

0.00300293 1.25655e-05
0.00302734 1.41214e-05

0.00302734 1.3047e-05
0.00305176 1.39372e-05

0.00305176 1.34852e-05
0.00307617 1.45223e-05

0.00307617 1.38538e-05
0.00310059 1.47101e-05

0.00310059 1.42256e-05
0.003125 1.51203e-05

0.00175781 0.00287956
0.00157736 0.00292969

0.0015625 0.00293393
0.00157779 0.00292969

0.00175781 0.00288006
0.00195312 0.00281707

0.00234375 0.00265918
0.00217177 0.00273438

0.00195312 0.00281741
0.00214844 0.00274401

0.00214844 0.00274363
0.00216961 0.00273438

0.00292969 0.00231141
0.00288493 0.00234375

0.003125 0.0021477
0.0031242 0.00214844

0.00302734 0.00223372
0.00301184 0.00224609

0.00297852 0.00227126
0.00294841 0.00229492

0.00292969 0.00231013
0.00294924 0.00229492

0.00300293 0.00225232
0.00297989 0.00227051

0.00297852 0.00227219
0.00298062 0.00227051

0.00300293 0.00224849
0.00300603 0.00224609

0.00307617 0.00218871
0.00306637 0.00219727

0.00302734 0.002233
0.00306949 0.00219727

0.00307617 0.0021911
0.00312405 0.00214844

0.00244141 0.00261142
0.0023895 0.00263672

0.00234375 0.00265743
0.00238624 0.00263672

0.00244141 0.00261091
0.00253906 0.00255975

0.00273438 0.00244667
0.00257812 0.00253906

0.00253906 0.00255904
0.00257339 0.00253906

0.00283203 0.00238008
0.00274011 0.00244141

0.00273438 0.00244447
0.00273914 0.00244141

0.00283203 0.00237908
0.00288124 0.00234375

0.003125 1.45822e-05
0.00314941 1.5414e-05

0.00314941 1.49174e-05
0.00317383 1.5792e-05

0.00317383 1.5283e-05
0.00319824 1.61805e-05

0.00319824 1.56305e-05
0.00322266 1.66215e-05

0.00322266 1.59251e-05
0.00324707 1.72864e-05

0.00324707 1.73356e-05
0.00327148 1.73961e-05

0.00327148 1.65019e-05
0.0032959 1.6822e-05

0.0032959 1.58583e-05
0.00332031 1.94709e-05

0.00332031 1.96661e-05
0.00334473 2.07816e-05

0.00334473 1.94682e-05
0.00336914 1.80919e-05

0.00336914 1.27093e-05
0.00339242 2.44141e-05

0.00339174 2.44141e-05
0.00339355 2.51384e-05

0.00339355 2.70089e-05
0.00341797 4.83872e-05

0.00341773 4.88281e-05
0.00341797 4.90611e-05

0.00341797 4.93136e-05
0.00344169 7.32422e-05

0.00344183 7.32422e-05
0.00344238 7.38163e-05

0.00344238 7.39599e-05
0.00346446 9.76563e-05

0.00346498 9.76563e-05
0.0034668 9.96986e-05

0.0034668 0.000100461
0.00348568 0.00012207

0.00348545 0.00012207
0.00349121 0.000128958

0.00349121 0.00012861
0.00350589 0.000146484

0.00350614 0.000146484
0.00351563 0.000158916

0.00351563 0.000159383
0.00354261 0.000195313

0.00354285 0.000195313
0.00356445 0.000227761

0.00356445 0.000229018
0.00357433 0.000244141

0.00357496 0.000244141
0.00360376 0.000292969

0.00360453 0.000292969
0.00361328 0.000310595

0.00361328 0.000312085
0.00362878 0.000341797

0.00362901 0.000341797
0.00365162 0.000390625

0.00365228 0.000390625
0.00368974 0.000488281

0.00368956 0.000488281
0.00371094 0.000563743

0.00371094 0.000565582
0.0037167 0.000585938

0.00371691 0.000585937
0.00373577 0.000683594

0.00373541 0.000683594
0.00374662 0.00078125

0.0037486 0.00078125
0.00374925 0.000976562

0.00374894 0.000976562
0.003721 0.00117188

0.00371094 0.00120839
0.00366532 0.00136719

0.00366536 0.00136719
0.00358014 0.0015625

0.00371094 0.00120358
0.00371883 0.00117187

0.00332031 0.00194338
0.00331219 0.00195312

0.00351563 0.00167497
0.00346349 0.00175781

0.00341797 0.00182221
0.00339426 0.00185547

0.00332031 0.00194658
0.00339402 0.00185547

0.00346271 0.00175781
0.00342873 0.00180664

0.00341797 0.00181845
0.00342628 0.00180664

0.00322266 0.00205367
0.0031251 0.00214844

0.00331501 0.00195313
0.00322558 0.00205078

0.00322266 0.00205536
0.00322712 0.00205078

0.00357808 0.0015625
0.00352434 0.00166016

0.00351563 0.00167221
0.00352296 0.00166016

