7.16666e-05 0
7.32422e-05 4.62614e-06

7.32422e-05 1.43158e-06
9.59143e-05 2.44141e-05

9.76563e-05 1.40345e-05
0.00012207 1.46224e-05

0.00012207 1.41621e-05
0.000146484 1.42319e-05

0.000146484 1.45763e-05
0.000170898 1.41895e-05

0.000170898 1.36785e-05
0.000195313 1.41148e-05

0.000195313 1.42987e-05
0.000219727 1.51449e-05

0.000219727 1.48602e-05
0.000244141 1.4271e-05

0.000244141 1.46514e-05
0.000268555 1.38573e-05

0.000268555 1.38624e-05
0.000292969 1.40325e-05

0.000292969 1.43306e-05
0.000317383 1.44407e-05

0.000317383 1.42135e-05
0.000341797 1.38522e-05

0.000341797 1.42528e-05
0.000366211 1.39605e-05

0.000366211 1.38864e-05
0.000390625 1.37319e-05

0.000390625 1.40741e-05
0.000415039 1.39041e-05

0.000415039 1.39705e-05
0.000439453 1.33903e-05

0.000439453 1.36408e-05
0.000463867 1.34676e-05

0.000463867 1.34292e-05
0.000488281 1.36746e-05

0.000488281 1.37876e-05
0.000512695 1.36853e-05

0.000512695 1.37671e-05
0.000537109 1.31845e-05

0.000537109 1.32914e-05
0.000561523 1.33225e-05

0.000561523 1.34123e-05
0.000585937 1.35849e-05

0.000585938 1.36341e-05
0.000610352 1.32331e-05

0.000610352 1.33554e-05
0.000634766 1.30552e-05

0.000634766 1.30996e-05
0.00065918 1.33325e-05

0.00065918 1.33666e-05
0.000683594 1.33812e-05

0.000683594 1.33897e-05
0.000708008 1.30636e-05

0.000708008 1.31561e-05
0.000732422 1.31201e-05

0.000732422 1.32239e-05
0.000756836 1.31775e-05

0.000756836 1.31709e-05
0.00078125 1.30387e-05

0.00078125 1.3189e-05
0.000805664 1.30227e-05

0.000805664 1.31405e-05
0.000830078 1.28315e-05

0.000830078 1.29839e-05
0.000854492 1.27894e-05

0.000854492 1.32833e-05
0.000878906 1.24146e-05

0.000878906 1.29883e-05
0.00090332 1.15784e-05

0.00090332 1.09861e-05
0.000927734 1.28132e-05

0.000927734 1.10958e-05
0.000952148 1.59457e-05

0.000952148 1.32772e-05
0.000976562 1.77326e-05

0.000976562 1.54279e-05
0.00100098 1.91336e-05

0.00100098 1.72688e-05
0.00102539 2.07298e-05

0.00102539 1.89643e-05
0.0010498 2.25193e-05

0.0010498 2.11707e-05
0.00107422 2.3938e-05

0.00107422 2.29171e-05
0.00109863 2.4101e-05

0.00109863 2.31638e-05
0.00112305 2.43127e-05

0.00112305 2.43691e-05
0.00112369 2.44141e-05

0.00112672 2.44141e-05
0.00114746 2.55655e-05

0.00114746 2.55776e-05
0.00117187 2.73208e-05

0.00117188 2.81882e-05
0.00119629 2.85897e-05

0.00119629 2.92366e-05
0.0012207 2.52678e-05

0.00124512 1.07641e-05
0.00123072 2.44141e-05

0.0012207 2.56042e-05
0.00122324 2.44141e-05

0.00124512 2.04528e-05
0.00125544 0

0.0014622 0
0.00146484 7.45513e-06

0.00146484 5.66783e-06
0.00148391 2.44141e-05

0.00148463 2.44141e-05
0.00148926 2.60167e-05

0.00148926 1.71879e-05
0.00151367 1.74602e-05

0.00151367 1.76825e-05
0.00153809 1.71215e-05

0.00151367 2.44396e-05
0.00151659 2.44141e-05

0.0015625 5.00038e-06
0.00154322 2.44141e-05

0.00153809 2.60154e-05
0.00154266 2.44141e-05

0 0.00312362
0.000390625 0.00311253

0.000390625 0.00311279
0.00078125 0.00307902

0.00078125 0.00307974
0.00117187 0.00302133

0.00117188 0.00302226
0.0015625 0.00293592

0.0015625 6.67605e-06
0.00156481 0

0.00165624 0
0.00166016 9.5001e-06

0.00166016 1.04807e-05
0.00167519 2.44141e-05

0.00167443 2.44141e-05
0.00168457 2.81487e-05

0.00168457 1.85284e-05
0.00170898 1.89057e-05

0.00169669 2.44141e-05
0.00170898 2.45122e-05

0.0017334 1.14106e-05
0.00171866 2.44141e-05

0.00170898 2.81529e-05
0.00171943 2.44141e-05

0.0017334 1.20323e-05
0.00173856 0

0.00179701 0
0.00180664 1.74427e-05

0.00180664 1.01605e-05
0.00183105 1.08035e-05

0.00183105 7.21083e-06
0.00185547 1.63365e-07

0.00185624 0
0.00187988 1.65097e-05

0.00187988 9.10869e-06
0.0019043 1.24404e-05

0.0019043 9.47563e-06
0.00192871 1.00915e-05

0.00192871 9.93575e-06
0.00195312 1.23107e-05

0.00195312 9.49604e-06
0.00197754 1.28738e-05

0.00197754 1.3552e-05
0.00200195 1.30086e-05

0.00200195 1.5277e-05
0.00202637 6.37214e-06

0.00202637 6.90761e-06
0.00205078 9.20102e-06

0.00205078 9.5799e-06
0.0020752 1.45102e-05

0.0020752 9.94939e-06
0.00209961 1.19619e-05

0.00209961 1.34594e-05
0.00212402 1.32302e-05

0.00212402 1.30011e-05
0.00214844 8.60693e-06

0.00214844 8.21385e-06
0.00217285 1.30085e-05

0.00217285 1.37917e-05
0.00219727 1.38167e-05

0.00219727 1.31786e-05
0.00222168 8.07709e-06

0.00222168 7.96772e-06
0.00224609 1.32768e-05

0.00224609 1.39492e-05
0.00227051 1.39495e-05

0.00227051 1.38022e-05
0.00229492 7.44275e-06

0.00229492 8.17376e-06
0.00231934 1.18727e-05

0.00231934 1.06308e-05
0.00234375 1.50067e-05

0.00234375 1.50505e-05
0.00236816 1.08017e-05

0.00236816 1.2492e-05
0.00239258 7.49914e-06

0.00239258 7.50885e-06
0.00241699 1.2492e-05

0.00241699 1.07299e-05
0.00244141 1.51003e-05

0.00244141 1.50998e-05
0.00246582 1.07175e-05

0.00246582 1.24585e-05
0.00249023 7.54019e-06

0.00249023 7.54204e-06
0.00251465 1.25093e-05

0.00251465 1.07547e-05
0.00253906 1.50715e-05

0.00253906 1.50678e-05
0.00256348 1.07301e-05

0.00256348 1.24255e-05
0.00258789 7.62775e-06

0.00258789 7.62001e-06
0.0026123 1.25402e-05

0.0026123 1.08881e-05
0.00263672 1.49571e-05

0.00263672 1.48984e-05
0.00266113 1.06741e-05

0.00266113 1.18958e-05
0.00268555 8.34175e-06

0.00268555 7.56064e-06
0.00270996 1.37718e-05

0.00270996 1.38863e-05
0.00273438 1.40551e-05

0.00273437 1.38126e-05
0.00275879 7.74747e-06

0.00275879 8.51342e-06
0.0027832 1.18566e-05

0.0027832 1.08107e-05
0.00280762 1.47603e-05

0.00280762 1.47635e-05
0.00283203 1.08436e-05

0.00283203 1.19819e-05
0.00285645 8.38931e-06

0.00285645 7.68068e-06
0.00288086 1.36268e-05

0.00288086 1.37593e-05
0.00290527 1.39772e-05

0.00290527 1.32651e-05
0.00292969 8.33514e-06

0.00292969 8.9967e-06
0.0029541 1.25169e-05

0.0029541 1.17362e-05
0.00297852 1.42176e-05

0.00297852 1.21807e-05
0.00300293 1.2662e-05

0.00300293 1.26138e-05
0.00302734 1.4012e-05

0.00302734 1.30289e-05
0.00305176 1.38169e-05

0.00305176 1.34032e-05
0.00307617 1.43856e-05

0.00307617 1.37207e-05
0.00310059 1.46107e-05

0.00310059 1.40891e-05
0.003125 1.50803e-05

0.00175781 0.00287977
0.00157859 0.00292969

0.0015625 0.00293427
0.00157894 0.00292969

0.00175781 0.00288027
0.00195312 0.00281714

0.00234375 0.00265896
0.00217155 0.00273438

0.00195312 0.00281748
0.00214844 0.00274394

0.00214844 0.00274353
0.00216935 0.00273438

0.00292969 0.00231079
0.00288411 0.00234375

0.003125 0.00214699
0.00312341 0.00214844

0.00302734 0.00223286
0.00301077 0.00224609

0.00297852 0.00227064
0.00294766 0.00229492

0.00292969 0.00230955
0.00294848 0.00229492

0.00300293 0.0022517
0.00297913 0.00227051

0.00297852 0.00227164
0.00297993 0.00227051

0.00300293 0.00224774
0.00300505 0.00224609

0.00307617 0.00218818
0.00306575 0.00219727

0.00302734 0.00223236
0.00306871 0.00219727

0.00307617 0.00219041
0.00312324 0.00214844

0.00244141 0.00261112
0.00238896 0.00263672

0.00234375 0.00265722
0.00238576 0.00263672

0.00244141 0.00261063
0.00253906 0.00255942

0.00273438 0.0024462
0.0025775 0.00253906

0.00253906 0.00255867
0.00257275 0.00253906

0.00283203 0.00237955
0.0027394 0.00244141

0.00273438 0.00244403
0.00273846 0.00244141

0.00283203 0.00237853
0.00288048 0.00234375

0.003125 1.4485e-05
0.00314941 1.54241e-05

0.00314941 1.48587e-05
0.00317383 1.58453e-05

0.00317383 1.52829e-05
0.00319824 1.62816e-05

0.00319824 1.57365e-05
0.00322266 1.66891e-05

0.00322266 1.60944e-05
0.00324707 1.71565e-05

0.00324707 1.67017e-05
0.00327148 1.76567e-05

0.00327148 1.69031e-05
0.0032959 1.81342e-05

0.0032959 1.77024e-05
0.00332031 1.90287e-05

0.00332031 1.83844e-05
0.00334473 1.93001e-05

0.00334473 1.92144e-05
0.00336914 1.93483e-05

0.00336914 1.30668e-05
0.00339262 2.44141e-05

0.00339141 2.44141e-05
0.00339355 2.52493e-05

0.00339355 2.71064e-05
0.00341797 4.83885e-05

0.0034177 4.88281e-05
0.00341797 4.90856e-05

0.00341797 4.8367e-05
0.00341844 4.88281e-05

0.00341797 4.92395e-05
0.00344173 7.32422e-05

0.00344177 7.32422e-05
0.00344238 7.38865e-05

0.00344238 7.40362e-05
0.00346429 9.76563e-05

0.00346485 9.76563e-05
0.0034668 9.98402e-05

0.0034668 0.000100321
0.00350596 0.000146484

0.00350594 0.000146484
0.00351563 0.000159193

0.00351563 0.000159393
0.00354227 0.000195313

0.00354267 0.000195313
0.00356445 0.000228034

0.00356445 0.000229343
0.00357411 0.000244141

0.00357477 0.000244141
0.00360357 0.000292969

0.00360431 0.000292969
0.00361328 0.000311052

0.00361328 0.000312462
0.00362858 0.000341797

0.0036288 0.000341797
0.00365139 0.000390625

0.00365205 0.000390625
0.00368947 0.000488281

0.00368928 0.000488281
0.00371094 0.000564821

0.00371094 0.00056656
0.00371642 0.000585938

0.0037166 0.000585937
0.00373544 0.000683594

0.00373507 0.000683594
0.00374625 0.00078125

0.00374823 0.00078125
0.00374881 0.000976562

0.0037485 0.000976562
0.00372048 0.00117188

0.00371094 0.00120645
0.00366471 0.00136719

0.00366478 0.00136719
0.00357951 0.0015625

0.00371094 0.00120128
0.00371827 0.00117187

0.00332031 0.00194268
0.0033116 0.00195312

0.00351563 0.00167388
0.00346279 0.00175781

0.00341797 0.00182118
0.0033935 0.00185547

0.00332031 0.00194566
0.00339331 0.00185547

0.00346201 0.00175781
0.00342804 0.00180664

0.00341797 0.00181734
0.00342547 0.00180664

0.003125 0.00214779
0.00322266 0.00205288

0.00331427 0.00195313
0.0032248 0.00205078

0.00322266 0.00205465
0.00322642 0.00205078

0.00357745 0.0015625
0.00352368 0.00166016

0.00351563 0.00167115
0.0035223 0.00166016

