7.14905e-05 0
7.32422e-05 5.1191e-06

7.32422e-05 6.30239e-07
9.60274e-05 2.44141e-05

9.64677e-05 2.44141e-05
9.76563e-05 2.48275e-05

9.76563e-05 1.42276e-05
0.00012207 1.49266e-05

0.000118921 2.44141e-05
0.00012207 2.44483e-05

0.00012207 1.37837e-05
0.000146484 1.39289e-05

0.000146484 1.44397e-05
0.000170898 1.49419e-05

0.000170898 1.43935e-05
0.000195313 1.41075e-05

0.000195313 1.44301e-05
0.000219727 1.45012e-05

0.000219727 1.4089e-05
0.000244141 1.45236e-05

0.000244141 1.49271e-05
0.000268555 1.46911e-05

0.000268555 1.45962e-05
0.000292969 1.36423e-05

0.000292969 1.4064e-05
0.000317383 1.40666e-05

0.000317383 1.40416e-05
0.000341797 1.42009e-05

0.000341797 1.43063e-05
0.000366211 1.40701e-05

0.000366211 1.42732e-05
0.000390625 1.36051e-05

0.000390625 1.37873e-05
0.000415039 1.35721e-05

0.000415039 1.37562e-05
0.000439453 1.37986e-05

0.000439453 1.38221e-05
0.000463867 1.36008e-05

0.000463867 1.37103e-05
0.000488281 1.35133e-05

0.000488281 1.36573e-05
0.000512695 1.34725e-05

0.000512695 1.35653e-05
0.000537109 1.33847e-05

0.000537109 1.35148e-05
0.000561523 1.33492e-05

0.000561523 1.3432e-05
0.000585937 1.32751e-05

0.000585938 1.33729e-05
0.000610352 1.3262e-05

0.000610352 1.33454e-05
0.000634766 1.32004e-05

0.000634766 1.32916e-05
0.00065918 1.31333e-05

0.00065918 1.32575e-05
0.000683594 1.30598e-05

0.000683594 1.31559e-05
0.000708008 1.29849e-05

0.000708008 1.31923e-05
0.000732422 1.28806e-05

0.000732422 1.30494e-05
0.000756836 1.26489e-05

0.000756836 1.28453e-05
0.00078125 1.26646e-05

0.00078125 1.37373e-05
0.000805664 1.1709e-05

0.000805664 1.30686e-05
0.000830078 9.69506e-06

0.000830078 8.06235e-06
0.000854492 1.31384e-05

0.000854492 1.09126e-05
0.000878906 1.83988e-05

0.000878906 1.45585e-05
0.00090332 1.81437e-05

0.00090332 1.61159e-05
0.000927734 1.9579e-05

0.000927734 1.81238e-05
0.000952148 2.13673e-05

0.000952148 1.98809e-05
0.000976562 2.23009e-05

0.000976562 2.11973e-05
0.00100098 2.31339e-05

0.00100098 2.23156e-05
0.00102539 2.37393e-05

0.00102539 2.31977e-05
0.0010498 2.39809e-05

0.0010498 2.32378e-05
0.00107422 2.4382e-05

0.00107256 2.44141e-05
0.00107422 2.4464e-05

0.00107422 2.43666e-05
0.00107568 2.44141e-05

0.00107422 2.48097e-05
0.00109863 2.53018e-05

0.00109863 2.4306e-05
0.00110168 2.44141e-05

0.00109993 2.44141e-05
0.00112305 2.52345e-05

0.00112305 2.57268e-05
0.00114746 2.78479e-05

0.00114746 2.91394e-05
0.00117187 2.89366e-05

0.00119629 2.30998e-05
0.00119311 2.44141e-05

0.00117188 2.94114e-05
0.00119194 2.44141e-05

0.0012207 1.98845e-06
0.00120318 2.44141e-05

0.00119629 2.80704e-05
0.00120306 2.44141e-05

0.0012207 1.3784e-06
0.00122115 0

0.00146227 0
0.00146484 7.31407e-06

0.00146484 5.47388e-06
0.00148405 2.44141e-05

0.00148444 2.44141e-05
0.00148926 2.60752e-05

0.00148926 1.70346e-05
0.00151367 1.73952e-05

0.00151 2.44141e-05
0.00151367 2.44313e-05

0.00151367 1.74121e-05
0.00153809 1.73005e-05

0.00153635 2.44141e-05
0.00153809 2.44195e-05

0.0015625 5.48941e-06
0.00154349 2.44141e-05

0.00153809 2.6234e-05
0.0015433 2.44141e-05

0 0.00312491
0.000390625 0.00311376

0.000390625 0.00311401
0.00078125 0.00308006

0.00078125 0.00308078
0.00117187 0.00302209

0.00117188 0.00302299
0.0015625 0.00293632

0.0015625 6.57209e-06
0.00156481 0

0.0016564 0
0.00166016 9.16886e-06

0.00166016 1.04126e-05
0.00167517 2.44141e-05

0.00167429 2.44141e-05
0.00168457 2.82171e-05

0.00168457 1.85864e-05
0.00170898 1.89199e-05

0.00169689 2.44141e-05
0.00170898 2.44932e-05

0.0017334 1.1391e-05
0.00171856 2.44141e-05

0.00170898 2.80821e-05
0.00171927 2.44141e-05

0.0017334 1.24055e-05
0.00173874 0

0.00179946 0
0.00180664 1.5507e-05

0.00180664 9.98569e-06
0.00183105 1.34709e-05

0.00183105 8.47303e-06
0.00185226 0

0.00185579 0
0.00187988 1.64281e-05

0.00187988 8.97769e-06
0.0019043 1.22477e-05

0.0019043 9.43591e-06
0.00192871 1.02757e-05

0.00192871 9.94908e-06
0.00195312 1.2226e-05

0.00195312 9.48109e-06
0.00197754 1.29184e-05

0.00197754 1.3552e-05
0.00200195 1.30129e-05

0.00200195 1.52948e-05
0.00202637 6.38914e-06

0.00202637 6.91698e-06
0.00205078 9.18655e-06

0.00205078 9.6258e-06
0.0020752 1.44749e-05

0.0020752 9.8966e-06
0.00209961 1.19079e-05

0.00209961 1.33937e-05
0.00212402 1.32994e-05

0.00212402 1.30335e-05
0.00214844 8.64623e-06

0.00214844 8.24934e-06
0.00217285 1.29762e-05

0.00217285 1.3793e-05
0.00219727 1.38067e-05

0.00219727 1.31862e-05
0.00222168 8.05762e-06

0.00222168 7.94033e-06
0.00224609 1.32668e-05

0.00224609 1.3931e-05
0.00227051 1.39714e-05

0.00227051 1.38198e-05
0.00229492 7.44147e-06

0.00229492 8.16844e-06
0.00231934 1.18571e-05

0.00231934 1.06223e-05
0.00234375 1.50181e-05

0.00234375 1.50583e-05
0.00236816 1.07987e-05

0.00236816 1.24939e-05
0.00239258 7.48572e-06

0.00239258 7.49649e-06
0.00241699 1.24932e-05

0.00241699 1.07257e-05
0.00244141 1.51069e-05

0.00244141 1.51051e-05
0.00246582 1.07154e-05

0.00246582 1.24594e-05
0.00249023 7.53164e-06

0.00249023 7.5341e-06
0.00251465 1.25106e-05

0.00251465 1.07524e-05
0.00253906 1.50758e-05

0.00253906 1.50713e-05
0.00256348 1.07288e-05

0.00256348 1.24278e-05
0.00258789 7.62109e-06

0.00258789 7.6137e-06
0.0026123 1.25391e-05

0.0026123 1.08852e-05
0.00263672 1.49605e-05

0.00263672 1.49012e-05
0.00266113 1.0672e-05

0.00266113 1.18931e-05
0.00268555 8.33871e-06

0.00268555 7.55659e-06
0.00270996 1.37767e-05

0.00270996 1.38954e-05
0.00273438 1.40514e-05

0.00273437 1.3811e-05
0.00275879 7.73259e-06

0.00275879 8.49735e-06
0.0027832 1.18644e-05

0.0027832 1.08194e-05
0.00280762 1.47628e-05

0.00280762 1.47611e-05
0.00283203 1.08296e-05

0.00283203 1.19478e-05
0.00285645 8.42054e-06

0.00285645 7.72119e-06
0.00288086 1.36463e-05

0.00288086 1.37581e-05
0.00290527 1.39572e-05

0.00290527 1.32483e-05
0.00292969 8.38677e-06

0.00292969 9.05078e-06
0.0029541 1.2521e-05

0.0029541 1.17861e-05
0.00297852 1.41468e-05

0.00297852 1.21985e-05
0.00300293 1.25376e-05

0.00300293 1.25279e-05
0.00302734 1.38765e-05

0.00302734 1.28667e-05
0.00305176 1.3788e-05

0.00305176 1.32792e-05
0.00307617 1.4477e-05

0.00307617 1.37292e-05
0.00310059 1.47349e-05

0.00310059 1.41684e-05
0.003125 1.51532e-05

0.00175781 0.00288002
0.00158 0.00292969

0.0015625 0.00293466
0.00158031 0.00292969

0.00175781 0.00288052
0.00195312 0.00281722

0.00234375 0.00265872
0.00217132 0.00273438

0.00195312 0.00281756
0.00214844 0.00274385

0.00214844 0.00274344
0.00216911 0.00273438

0.00292969 0.00231006
0.00288316 0.00234375

0.003125 0.00214612
0.00312247 0.00214844

0.00302734 0.00223187
0.00300954 0.00224609

0.00297852 0.00226994
0.0029468 0.00229492

0.00292969 0.00230888
0.00294762 0.00229492

0.00297852 0.0022703
0.00300293 0.00225098

0.00297852 0.00227097
0.0029791 0.00227051

0.00300293 0.00224692
0.00300398 0.00224609

0.00307617 0.00218754
0.00306501 0.00219727

0.00302734 0.00223161
0.0030678 0.00219727

0.00307617 0.00218962
0.0031223 0.00214844

0.00244141 0.00261079
0.00238835 0.00263672

0.00234375 0.002657
0.00238524 0.00263672

0.00244141 0.00261032
0.00253906 0.00255903

0.00273438 0.00244566
0.00257679 0.00253906

0.00253906 0.00255827
0.00257205 0.00253906

0.00283203 0.00237894
0.00273858 0.00244141

0.00273438 0.0024436
0.00273778 0.00244141

0.00283203 0.00237791
0.00287962 0.00234375

0.003125 1.45487e-05
0.00314941 1.54905e-05

0.00314941 1.49478e-05
0.00317383 1.59204e-05

0.00317383 1.53937e-05
0.00319824 1.62847e-05

0.00319824 1.57374e-05
0.00322266 1.66714e-05

0.00322266 1.59661e-05
0.00324707 1.73679e-05

0.00324707 1.74427e-05
0.00327148 1.75318e-05

0.00327148 1.66992e-05
0.0032959 1.68011e-05

0.0032959 1.55882e-05
0.00332031 1.95771e-05

0.00332031 1.98158e-05
0.00334473 2.15945e-05

0.00334473 2.02531e-05
0.00336914 1.84694e-05

0.00336914 1.30022e-05
0.00339272 2.44141e-05

0.0033914 2.44141e-05
0.00339355 2.52614e-05

0.00339355 2.72608e-05
0.00341797 4.86165e-05

0.00341775 4.88281e-05
0.00341797 4.90436e-05

0.00341797 4.93801e-05
0.00344169 7.32422e-05

0.00344173 7.32422e-05
0.00344238 7.39226e-05

0.00344238 7.40521e-05
0.00346431 9.76563e-05

0.00346482 9.76563e-05
0.0034668 9.98783e-05

0.0034668 0.000100623
0.00348551 0.00012207

0.0034853 0.00012207
0.00349121 0.000129169

0.00349121 0.000128814
0.00350569 0.000146484

0.00350589 0.000146484
0.00351563 0.000159288

0.00351563 0.000159596
0.00354242 0.000195313

0.00354252 0.000195313
0.00356445 0.000228302

0.00356445 0.000229047
0.00357429 0.000244141

0.00357469 0.000244141
0.00360346 0.000292969

0.00360418 0.000292969
0.00361328 0.000311337

0.00361328 0.000312673
0.00362845 0.000341797

0.00362866 0.000341797
0.00365122 0.000390625

0.00365188 0.000390625
0.00368924 0.000488281

0.00368904 0.000488281
0.00371094 0.000565862

0.00371094 0.000567478
0.00371615 0.000585938

0.00371631 0.000585937
0.00373508 0.000683594

0.00373472 0.000683594
0.00374584 0.00078125

0.00374782 0.00078125
0.00374827 0.000976562

0.00374797 0.000976562
0.00371984 0.00117188

0.00371094 0.00120408
0.00366397 0.00136719

0.00366408 0.00136719
0.00357876 0.0015625

0.00371094 0.00119846
0.00371759 0.00117187

0.00332031 0.00194184
0.00331091 0.00195312

0.00351563 0.0016726
0.00346196 0.00175781

0.00341797 0.00181996
0.0033926 0.00185547

0.00332031 0.00194461
0.00339249 0.00185547

0.0034612 0.00175781
0.00342723 0.00180664

0.00341797 0.00181605
0.00342456 0.00180664

0.003125 0.00214695
0.00322266 0.00205198

0.0033134 0.00195313
0.00322391 0.00205078

0.00322266 0.00205384
0.00322563 0.00205078

0.0035767 0.0015625
0.00352291 0.00166016

0.00351563 0.00166989
0.00352153 0.00166016

