7.15669e-05 0
7.32422e-05 4.90303e-06

7.32422e-05 7.49289e-07
9.5893e-05 2.44141e-05

9.76563e-05 1.45247e-05
0.00012207 1.48895e-05

0.00012207 1.36398e-05
0.000146484 1.37962e-05

0.000146484 1.43543e-05
0.000170898 1.53032e-05

0.000170898 1.4793e-05
0.000195313 1.41419e-05

0.000195313 1.45276e-05
0.000219727 1.40973e-05

0.000219727 1.39226e-05
0.000244141 1.43399e-05

0.000244141 1.4335e-05
0.000268555 1.49419e-05

0.000268555 1.50414e-05
0.000292969 1.41826e-05

0.000292969 1.43664e-05
0.000317383 1.35546e-05

0.000317383 1.39247e-05
0.000341797 1.40463e-05

0.000341797 1.39875e-05
0.000366211 1.41195e-05

0.000366211 1.42517e-05
0.000390625 1.39218e-05

0.000390625 1.41005e-05
0.000415039 1.35016e-05

0.000415039 1.36808e-05
0.000439453 1.35879e-05

0.000439453 1.37877e-05
0.000463867 1.36754e-05

0.000463867 1.36721e-05
0.000488281 1.34291e-05

0.000488281 1.36391e-05
0.000512695 1.34632e-05

0.000512695 1.35044e-05
0.000537109 1.3337e-05

0.000537109 1.3487e-05
0.000561523 1.33693e-05

0.000561523 1.34475e-05
0.000585937 1.32215e-05

0.000585938 1.33567e-05
0.000610352 1.31704e-05

0.000610352 1.33177e-05
0.000634766 1.30814e-05

0.000634766 1.31878e-05
0.00065918 1.29988e-05

0.00065918 1.32554e-05
0.000683594 1.2873e-05

0.000683594 1.29822e-05
0.000708008 1.2661e-05

0.000708008 1.31008e-05
0.000732422 1.25755e-05

0.000732422 1.3202e-05
0.000756836 1.17102e-05

0.000756836 1.3505e-05
0.00078125 1.01518e-05

0.00078125 8.89846e-06
0.000805664 1.17613e-05

0.000805664 9.72824e-06
0.000830078 1.75338e-05

0.000830078 1.3962e-05
0.000854492 1.81304e-05

0.000854492 1.5616e-05
0.000878906 1.88098e-05

0.000878906 1.76139e-05
0.00090332 2.05441e-05

0.00090332 1.8853e-05
0.000927734 2.14331e-05

0.000927734 1.99288e-05
0.000952148 2.33894e-05

0.000952148 2.25963e-05
0.000974497 2.44141e-05

0.000969377 2.44141e-05
0.000976562 2.47068e-05

0.00100098 2.25844e-05
0.000980361 2.44141e-05

0.000976562 2.45336e-05
0.000979254 2.44141e-05

0.00100098 2.07565e-05
0.00102539 2.20773e-05

0.00101858 2.44141e-05
0.00102539 2.46995e-05

0.00102539 2.34221e-05
0.00103406 2.44141e-05

0.00102539 2.51566e-05
0.0010498 2.65824e-05

0.0010498 2.38279e-05
0.00107182 2.44141e-05

0.00105588 2.44141e-05
0.00107422 2.48364e-05

0.00107422 2.43398e-05
0.00107489 2.44141e-05

0.00107422 2.55349e-05
0.00109863 2.81032e-05

0.00109863 2.90844e-05
0.00112305 2.98056e-05

0.00112305 2.84264e-05
0.00114746 2.80947e-05

0.00114746 3.12048e-05
0.00117187 2.63586e-05

0.00119629 3.41551e-06
0.0011805 2.44141e-05

0.00117188 2.96321e-05
0.00118073 2.44141e-05

0.00119629 5.97892e-07
0.00119649 0

0.00146262 0
0.00146484 6.34963e-06

0.00146484 5.46965e-06
0.00148384 2.44141e-05

0.00148327 2.44141e-05
0.00148926 2.65003e-05

0.00148926 1.71974e-05
0.00151367 1.73514e-05

0.00148926 2.44715e-05
0.00150457 2.44141e-05

0.00151367 1.73719e-05
0.00153809 1.71637e-05

0.00152271 2.44141e-05
0.00153809 2.44603e-05

0.0015625 5.37588e-06
0.00154348 2.44141e-05

0.00153809 2.65137e-05
0.00154411 2.44141e-05

0.000390625 0.00311458
2.70751e-05 0.003125

0.000390625 0.00311484
0.00078125 0.00308076

0.00078125 0.00308146
0.00117187 0.00302259

0.00117188 0.0030235
0.0015625 0.00293662

0.0015625 6.00033e-06
0.00156459 0

0.00165622 0
0.00166016 9.55229e-06

0.00166016 1.05159e-05
0.00167516 2.44141e-05

0.00167441 2.44141e-05
0.00168457 2.81542e-05

0.00168457 1.85418e-05
0.00170898 1.89154e-05

0.00169664 2.44141e-05
0.00170898 2.4512e-05

0.0017334 1.14232e-05
0.00171869 2.44141e-05

0.00170898 2.81692e-05
0.00171947 2.44141e-05

0.0017334 1.19661e-05
0.00173853 0

0.00179643 0
0.00180664 1.75248e-05

0.00180664 8.94252e-06
0.00183105 1.06502e-05

0.00183105 7.16487e-06
0.00185547 1.45181e-06

0.00185574 0
0.00187988 1.56827e-05

0.00187988 9.12023e-06
0.0019043 1.28302e-05

0.0019043 9.59938e-06
0.00192871 9.90844e-06

0.00192871 9.93812e-06
0.00195312 1.23637e-05

0.00195312 9.52154e-06
0.00197754 1.28503e-05

0.00197754 1.35344e-05
0.00200195 1.30214e-05

0.00200195 1.52867e-05
0.00202637 6.40456e-06

0.00202637 6.91777e-06
0.00205078 9.20174e-06

0.00205078 9.66894e-06
0.0020752 1.44564e-05

0.0020752 9.87751e-06
0.00209961 1.18712e-05

0.00209961 1.33557e-05
0.00212402 1.3337e-05

0.00212402 1.30601e-05
0.00214844 8.66379e-06

0.00214844 8.25872e-06
0.00217285 1.29507e-05

0.00217285 1.37862e-05
0.00219727 1.38148e-05

0.00219727 1.31878e-05
0.00222168 8.0597e-06

0.00222168 7.94176e-06
0.00224609 1.32666e-05

0.00224609 1.3936e-05
0.00227051 1.39687e-05

0.00227051 1.38188e-05
0.00229492 7.43347e-06

0.00229492 8.16141e-06
0.00231934 1.18596e-05

0.00231934 1.06217e-05
0.00234375 1.50201e-05

0.00234375 1.50596e-05
0.00236816 1.07962e-05

0.00236816 1.24931e-05
0.00239258 7.48306e-06

0.00239258 7.49318e-06
0.00241699 1.24939e-05

0.00241699 1.07247e-05
0.00244141 1.51085e-05

0.00244141 1.51074e-05
0.00246582 1.07139e-05

0.00246582 1.24587e-05
0.00249023 7.52803e-06

0.00249023 7.53108e-06
0.00251465 1.25115e-05

0.00251465 1.07512e-05
0.00253906 1.50768e-05

0.00253906 1.50728e-05
0.00256348 1.0728e-05

0.00256348 1.24293e-05
0.00258789 7.61624e-06

0.00258789 7.61016e-06
0.0026123 1.25366e-05

0.0026123 1.08806e-05
0.00263672 1.49618e-05

0.00263672 1.49039e-05
0.00266113 1.06707e-05

0.00266113 1.1892e-05
0.00268555 8.33168e-06

0.00268555 7.55102e-06
0.00270996 1.37774e-05

0.00270996 1.38907e-05
0.00273438 1.40541e-05

0.00273437 1.38028e-05
0.00275879 7.74602e-06

0.00275879 8.51091e-06
0.0027832 1.18734e-05

0.0027832 1.08377e-05
0.00280762 1.47466e-05

0.00280762 1.47429e-05
0.00283203 1.08248e-05

0.00283203 1.18675e-05
0.00285645 8.52195e-06

0.00285645 7.8237e-06
0.00288086 1.37288e-05

0.00288086 1.38948e-05
0.00290527 1.38509e-05

0.00290527 1.3341e-05
0.00292969 8.1525e-06

0.00292969 8.85548e-06
0.0029541 1.23754e-05

0.0029541 1.15997e-05
0.00297852 1.42077e-05

0.00297852 1.20818e-05
0.00300293 1.26226e-05

0.00300293 1.25191e-05
0.00302734 1.40399e-05

0.00302734 1.29706e-05
0.00305176 1.39077e-05

0.00305176 1.34213e-05
0.00307617 1.45228e-05

0.00307617 1.38154e-05
0.00310059 1.47371e-05

0.00310059 1.42021e-05
0.003125 1.51822e-05

0.00175781 0.00288019
0.001581 0.00292969

0.0015625 0.00293495
0.00158129 0.00292969

0.00175781 0.00288069
0.00195312 0.00281728

0.00234375 0.00265856
0.00217117 0.00273438

0.00195312 0.00281762
0.00214844 0.0027438

0.00214844 0.00274339
0.00216897 0.00273438

0.00292969 0.00230956
0.0028825 0.00234375

0.003125 0.00214555
0.00312183 0.00214844

0.00302734 0.00223121
0.00300873 0.00224609

0.00297852 0.00226947
0.0029462 0.00229492

0.00292969 0.00230843
0.00294703 0.00229492

0.00297852 0.00226982
0.00300293 0.00225049

0.00300293 0.00224636
0.00300327 0.00224609

0.00307617 0.00218711
0.00306451 0.00219727

0.00302734 0.00223111
0.00306721 0.00219727

0.00307617 0.00218909
0.00312169 0.00214844

0.00244141 0.00261055
0.00238793 0.00263672

0.00234375 0.00265685
0.0023849 0.00263672

0.00244141 0.00261011
0.00253906 0.00255877

0.00273438 0.00244529
0.0025763 0.00253906

0.00253906 0.002558
0.00257157 0.00253906

0.00283203 0.00237852
0.00273802 0.00244141

0.00273438 0.00244333
0.00273736 0.00244141

0.00283203 0.00237748
0.00287904 0.00234375

0 0.00312576
2.66462e-05 0.003125

0.003125 1.46424e-05
0.00314941 1.54817e-05

0.00314941 1.50206e-05
0.00317383 1.57435e-05

0.00317383 1.51957e-05
0.00319824 1.61424e-05

0.00319824 1.56937e-05
0.00322266 1.66968e-05

0.00322266 1.60154e-05
0.00324707 1.70926e-05

0.00324707 1.66932e-05
0.00327148 1.76528e-05

0.00327148 1.68938e-05
0.0032959 1.80051e-05

0.0032959 1.78717e-05
0.00332031 1.8608e-05

0.00332031 1.75379e-05
0.00334473 1.88105e-05

0.00334473 1.92359e-05
0.00336914 1.9789e-05

0.00336914 1.29454e-05
0.00339338 2.44141e-05

0.0033923 2.44141e-05
0.00339355 2.49005e-05

0.00339355 2.41897e-05
0.00339378 2.44141e-05

0.00339355 2.69483e-05
0.00341797 4.84859e-05

0.00341755 4.88281e-05
0.00341797 4.9239e-05

0.00341797 4.94703e-05
0.00344145 7.32422e-05

0.00344167 7.32422e-05
0.00344238 7.39858e-05

0.00344238 7.41543e-05
0.00346426 9.76563e-05

0.00346476 9.76563e-05
0.0034668 9.99368e-05

0.0034668 0.00010071
0.00348545 0.00012207

0.00348525 0.00012207
0.00349121 0.000129223

0.00349121 0.000128852
0.00350566 0.000146484

0.00350582 0.000146484
0.00351563 0.00015938

0.00351563 0.000159685
0.00354234 0.000195313

0.00354245 0.000195313
0.00356445 0.000228421

0.00356445 0.000229223
0.00357417 0.000244141

0.0035746 0.000244141
0.00360335 0.000292969

0.00360406 0.000292969
0.00361328 0.000311603

0.00361328 0.0003129
0.00362832 0.000341797

0.00362852 0.000341797
0.00365107 0.000390625

0.00365173 0.000390625
0.00368904 0.000488281

0.00368883 0.000488281
0.00371094 0.000566689

0.00371094 0.000568223
0.00371593 0.000585938

0.00371608 0.000585937
0.00373481 0.000683594

0.00373445 0.000683594
0.00374553 0.00078125

0.00374751 0.00078125
0.00374789 0.000976562

0.00374758 0.000976562
0.00371937 0.00117188

0.00371094 0.00120232
0.00366342 0.00136719

0.00366355 0.00136719
0.00357822 0.0015625

0.00371094 0.00119635
0.00371707 0.00117187

0.00332031 0.00194125
0.00331042 0.00195312

0.00351563 0.00167168
0.00346137 0.00175781

0.00341797 0.0018191
0.00339198 0.00185547

0.00332031 0.00194391
0.00339192 0.00185547

0.00346063 0.00175781
0.00342666 0.00180664

0.00341797 0.00181514
0.00342392 0.00180664

0.003125 0.00214639
0.00322266 0.0020514

0.00331283 0.00195313
0.00322334 0.00205078

0.00322266 0.00205336
0.00322516 0.00205078

0.00357615 0.0015625
0.00352235 0.00166016

0.00351563 0.001669
0.00352097 0.00166016

