7.16743e-05 0
7.32422e-05 4.60135e-06

7.32422e-05 5.73019e-07
9.60179e-05 2.44141e-05

9.76563e-05 1.41847e-05
0.00012207 1.49246e-05

0.00012207 1.36355e-05
0.000146484 1.40883e-05

0.000146484 1.451e-05
0.000170898 1.53063e-05

0.000170898 1.48277e-05
0.000195313 1.41609e-05

0.000195313 1.45495e-05
0.000219727 1.42058e-05

0.000219727 1.39523e-05
0.000244141 1.4497e-05

0.000244141 1.48588e-05
0.000268555 1.47538e-05

0.000268555 1.45858e-05
0.000292969 1.36973e-05

0.000292969 1.41776e-05
0.000317383 1.40471e-05

0.000317383 1.39401e-05
0.000341797 1.4142e-05

0.000341797 1.44023e-05
0.000366211 1.41338e-05

0.000366211 1.41837e-05
0.000390625 1.34848e-05

0.000390625 1.37899e-05
0.000415039 1.36835e-05

0.000415039 1.37165e-05
0.000439453 1.3792e-05

0.000439453 1.39143e-05
0.000463867 1.36727e-05

0.000463867 1.38355e-05
0.000488281 1.33107e-05

0.000488281 1.34577e-05
0.000512695 1.33504e-05

0.000512695 1.35455e-05
0.000537109 1.34428e-05

0.000537109 1.34251e-05
0.000561523 1.32325e-05

0.000561523 1.34267e-05
0.000585937 1.32801e-05

0.000585938 1.33228e-05
0.000610352 1.31215e-05

0.000610352 1.32878e-05
0.000634766 1.31277e-05

0.000634766 1.33003e-05
0.00065918 1.29134e-05

0.00065918 1.3048e-05
0.000683594 1.28144e-05

0.000683594 1.33393e-05
0.000708008 1.25432e-05

0.000708008 1.2395e-05
0.000732422 1.23546e-05

0.000732422 1.43651e-05
0.000756836 1.14616e-05

0.000756836 1.18088e-05
0.00078125 9.08372e-06

0.00078125 7.18835e-06
0.000805664 1.52865e-05

0.000805664 1.26377e-05
0.000830078 1.9037e-05

0.000830078 1.57437e-05
0.000854492 1.70994e-05

0.000854492 1.60886e-05
0.000878906 1.80196e-05

0.000878906 1.54684e-05
0.00090332 2.10007e-05

0.00090332 2.16447e-05
0.000927734 2.3528e-05

0.000927734 1.99312e-05
0.000952148 2.03043e-05

0.000952148 2.08665e-05
0.000972169 2.44141e-05

0.000976562 2.36779e-05
0.000986293 2.44141e-05

0.000981592 2.44141e-05
0.00100098 2.53032e-05

0.00100098 2.49754e-05
0.00102539 2.5423e-05

0.0010498 2.43516e-05
0.00104623 2.44141e-05

0.00102539 2.5724e-05
0.0010498 2.53161e-05

0.0010498 2.43018e-05
0.00106613 2.44141e-05

0.00106714 2.44141e-05
0.00107422 2.44621e-05

0.00107422 2.47984e-05
0.00109863 2.68946e-05

0.00109863 2.76646e-05
0.00112305 2.94871e-05

0.00112305 2.97513e-05
0.00114746 2.92317e-05

0.00117187 2.39116e-05
0.00117088 2.44141e-05

0.00114746 3.11988e-05
0.00117001 2.44141e-05

0.0011953 0
0.00117753 2.44141e-05

0.00117188 2.71266e-05
0.0011766 2.44141e-05

0.00146224 0
0.00146484 7.33733e-06

0.00146484 5.69588e-06
0.00148394 2.44141e-05

0.00148458 2.44141e-05
0.00148926 2.60265e-05

0.00148926 1.70901e-05
0.00151367 1.73435e-05

0.00150913 2.44141e-05
0.00151367 2.44267e-05

0.00151367 1.75111e-05
0.00153809 1.72559e-05

0.00151367 2.44319e-05
0.00151953 2.44141e-05

0.0015625 5.36084e-06
0.00154332 2.44141e-05

0.00153809 2.59453e-05
0.00154248 2.44141e-05

0.000390625 0.00311479
3.46581e-05 0.003125

0.000390625 0.00311504
0.00078125 0.00308094

0.00078125 0.00308163
0.00117187 0.00302272

0.00117188 0.00302363
0.0015625 0.0029367

0.0015625 7.24105e-06
0.00156505 0

0.00165633 0
0.00166016 9.30524e-06

0.00166016 1.04362e-05
0.00167517 2.44141e-05

0.00167437 2.44141e-05
0.00168457 2.81836e-05

0.00168457 1.85692e-05
0.00170898 1.89425e-05

0.00169674 2.44141e-05
0.00170898 2.45087e-05

0.0017334 1.14199e-05
0.00171864 2.44141e-05

0.00170898 2.81397e-05
0.00171941 2.44141e-05

0.0017334 1.22619e-05
0.00173868 0

0.00179802 0
0.00180664 1.6882e-05

0.00180664 1.04634e-05
0.00183105 1.19689e-05

0.00183105 7.94687e-06
0.00185302 0

0.00185628 0
0.00187988 1.66159e-05

0.00187988 9.0213e-06
0.0019043 1.2363e-05

0.0019043 9.45315e-06
0.00192871 1.01927e-05

0.00192871 9.95364e-06
0.00195312 1.22677e-05

0.00195312 9.48727e-06
0.00197754 1.28905e-05

0.00197754 1.35451e-05
0.00200195 1.30229e-05

0.00200195 1.52932e-05
0.00202637 6.3915e-06

0.00202637 6.90776e-06
0.00205078 9.20221e-06

0.00205078 9.68339e-06
0.0020752 1.44459e-05

0.0020752 9.85903e-06
0.00209961 1.18479e-05

0.00209961 1.3339e-05
0.00212402 1.33491e-05

0.00212402 1.29905e-05
0.00214844 8.7299e-06

0.00214844 8.34704e-06
0.00217285 1.30187e-05

0.00217285 1.39053e-05
0.00219727 1.3686e-05

0.00219727 1.30438e-05
0.00222168 8.02959e-06

0.00222168 7.94471e-06
0.00224609 1.34102e-05

0.00224609 1.40432e-05
0.00227051 1.3873e-05

0.00227051 1.37643e-05
0.00229492 7.3622e-06

0.00229492 8.10924e-06
0.00231934 1.19225e-05

0.00231934 1.06273e-05
0.00234375 1.50204e-05

0.00234375 1.5066e-05
0.00236816 1.07951e-05

0.00236816 1.24943e-05
0.00239258 7.47719e-06

0.00239258 7.48873e-06
0.00241699 1.24959e-05

0.00241699 1.07249e-05
0.00244141 1.51107e-05

0.00244141 1.51095e-05
0.00246582 1.07122e-05

0.00246582 1.24588e-05
0.00249023 7.52519e-06

0.00249023 7.52752e-06
0.00251465 1.25126e-05

0.00251465 1.07512e-05
0.00253906 1.50791e-05

0.00253906 1.50753e-05
0.00256348 1.07264e-05

0.00256348 1.24297e-05
0.00258789 7.61276e-06

0.00258789 7.605e-06
0.0026123 1.25387e-05

0.0026123 1.08826e-05
0.00263672 1.49649e-05

0.00263672 1.49052e-05
0.00266113 1.06679e-05

0.00266113 1.18917e-05
0.00268555 8.33137e-06

0.00268555 7.55032e-06
0.00270996 1.37768e-05

0.00270996 1.3889e-05
0.00273438 1.40551e-05

0.00273437 1.38011e-05
0.00275879 7.75004e-06

0.00275879 8.51716e-06
0.0027832 1.18727e-05

0.0027832 1.08358e-05
0.00280762 1.47428e-05

0.00280762 1.47445e-05
0.00283203 1.08259e-05

0.00283203 1.18684e-05
0.00285645 8.515e-06

0.00285645 7.81102e-06
0.00288086 1.37356e-05

0.00288086 1.39152e-05
0.00290527 1.38487e-05

0.00290527 1.33538e-05
0.00292969 8.10326e-06

0.00292969 8.79275e-06
0.0029541 1.23862e-05

0.0029541 1.15935e-05
0.00297852 1.42631e-05

0.00297852 1.20987e-05
0.00300293 1.26389e-05

0.00300293 1.25474e-05
0.00302734 1.4061e-05

0.00302734 1.29957e-05
0.00305176 1.39087e-05

0.00305176 1.34465e-05
0.00307617 1.45128e-05

0.00307617 1.383e-05
0.00310059 1.46955e-05

0.00310059 1.41792e-05
0.003125 1.51311e-05

0.00175781 0.00288024
0.00158126 0.00292969

0.0015625 0.00293503
0.00158156 0.00292969

0.00175781 0.00288074
0.00195312 0.0028173

0.00234375 0.00265853
0.00217114 0.00273438

0.00195312 0.00281764
0.00214844 0.00274379

0.00214844 0.00274339
0.00216894 0.00273438

0.00292969 0.00230944
0.00288235 0.00234375

0.003125 0.0021454
0.00312168 0.00214844

0.00302734 0.00223106
0.00300854 0.00224609

0.00297852 0.00226935
0.00294606 0.00229492

0.00292969 0.00230832
0.00294689 0.00229492

0.00297852 0.0022697
0.00300293 0.00225037

0.00300293 0.00224623
0.0030031 0.00224609

0.00307617 0.002187
0.00306438 0.00219727

0.00302734 0.00223099
0.00306706 0.00219727

0.00307617 0.00218896
0.00312154 0.00214844

0.00244141 0.0026105
0.00238784 0.00263672

0.00234375 0.00265682
0.00238483 0.00263672

0.00244141 0.00261006
0.00253906 0.00255871

0.00273438 0.0024452
0.00257618 0.00253906

0.00253906 0.00255794
0.00257146 0.00253906

0.00283203 0.00237842
0.00273789 0.00244141

0.00273438 0.00244328
0.00273728 0.00244141

0.00283203 0.00237738
0.0028789 0.00234375

0 0.00312598
3.41152e-05 0.003125

0.003125 1.4565e-05
0.00314941 1.54837e-05

0.00314941 1.49929e-05
0.00317383 1.58255e-05

0.00317383 1.5308e-05
0.00319824 1.61405e-05

0.00319824 1.55599e-05
0.00322266 1.66903e-05

0.00322266 1.60535e-05
0.00324707 1.7392e-05

0.00324707 1.74302e-05
0.00327148 1.72658e-05

0.00327148 1.63653e-05
0.0032959 1.6775e-05

0.0032959 1.5862e-05
0.00332031 1.95972e-05

0.00332031 1.96988e-05
0.00334473 2.08143e-05

0.00334473 1.95418e-05
0.00336914 1.81485e-05

0.00336914 1.27502e-05
0.00339244 2.44141e-05

0.0033916 2.44141e-05
0.00339355 2.51894e-05

0.00339355 2.70473e-05
0.00341797 4.8387e-05

0.00341778 4.88281e-05
0.00341797 4.90161e-05

0.00341797 4.87541e-05
0.00341804 4.88281e-05

0.00341797 4.92482e-05
0.00344175 7.32422e-05

0.00344182 7.32422e-05
0.00344238 7.38309e-05

0.00344238 7.39578e-05
0.00346438 9.76563e-05

0.00346487 9.76563e-05
0.0034668 9.98257e-05

0.0034668 0.000100542
0.00348554 0.00012207

0.00348531 0.00012207
0.00349121 0.000129179

0.00349121 0.000128835
0.00350565 0.000146484

0.00350587 0.000146484
0.00351563 0.000159337

0.00351563 0.000159635
0.00354235 0.000195313

0.00354246 0.000195313
0.00356445 0.000228427

0.00356445 0.000229239
0.00357415 0.000244141

0.00357459 0.000244141
0.00360332 0.000292969

0.00360403 0.000292969
0.00361328 0.000311674

0.00361328 0.000312959
0.00362828 0.000341797

0.00362849 0.000341797
0.00365102 0.000390625

0.00365168 0.000390625
0.00368899 0.000488281

0.00368878 0.000488281
0.00371094 0.000566925

0.00371094 0.000568437
0.00371587 0.000585938

0.00371601 0.000585937
0.00373474 0.000683594

0.00373437 0.000683594
0.00374544 0.00078125

0.00374742 0.00078125
0.00374779 0.000976562

0.00374748 0.000976562
0.00371924 0.00117188

0.00371094 0.00120186
0.00366327 0.00136719

0.00366342 0.00136719
0.00357808 0.0015625

0.00371094 0.00119581
0.00371694 0.00117187

0.00332031 0.0019411
0.0033103 0.00195312

0.00351563 0.00167145
0.00346123 0.00175781

0.00341797 0.00181889
0.00339182 0.00185547

0.00332031 0.00194373
0.00339178 0.00185547

0.00346049 0.00175781
0.00342652 0.00180664

0.00341797 0.00181492
0.00342376 0.00180664

0.003125 0.00214625
0.00322266 0.00205125

0.00331269 0.00195313
0.00322319 0.00205078

0.00322266 0.00205324
0.00322505 0.00205078

0.00357601 0.0015625
0.00352221 0.00166016

0.00351563 0.00166877
0.00352084 0.00166016

