7.16041e-05 0
7.32422e-05 4.80579e-06

7.32422e-05 5.09873e-07
9.59115e-05 2.44141e-05

9.61395e-05 2.44141e-05
9.76563e-05 2.49468e-05

9.76563e-05 1.42874e-05
0.00012207 1.52162e-05

0.000120362 2.44141e-05
0.00012207 2.44389e-05

0.00012207 1.38943e-05
0.000146484 1.41907e-05

0.000146484 1.48155e-05
0.000170898 1.51565e-05

0.000170898 1.45938e-05
0.000195313 1.40343e-05

0.000195313 1.46484e-05
0.000219727 1.44351e-05

0.000219727 1.41989e-05
0.000244141 1.40941e-05

0.000244141 1.43749e-05
0.000268555 1.45447e-05

0.000268555 1.44273e-05
0.000292969 1.41317e-05

0.000292969 1.43583e-05
0.000317383 1.40991e-05

0.000317383 1.42597e-05
0.000341797 1.38972e-05

0.000341797 1.40611e-05
0.000366211 1.38386e-05

0.000366211 1.39857e-05
0.000390625 1.38317e-05

0.000390625 1.39638e-05
0.000415039 1.37022e-05

0.000415039 1.38606e-05
0.000439453 1.35618e-05

0.000439453 1.37261e-05
0.000463867 1.34923e-05

0.000463867 1.36439e-05
0.000488281 1.34308e-05

0.000488281 1.3565e-05
0.000512695 1.33385e-05

0.000512695 1.35123e-05
0.000537109 1.32296e-05

0.000537109 1.34467e-05
0.000561523 1.30441e-05

0.000561523 1.32573e-05
0.000585937 1.29026e-05

0.000585938 1.34346e-05
0.000610352 1.25488e-05

0.000610352 1.24612e-05
0.000634766 1.24524e-05

0.000634766 1.42992e-05
0.00065918 1.16719e-05

0.00065918 1.24963e-05
0.000683594 8.89316e-06

0.000683594 7.78383e-06
0.000708008 1.37459e-05

0.000708008 1.1769e-05
0.000732422 1.72271e-05

0.000732422 1.33807e-05
0.000756836 1.6286e-05

0.000756836 1.52153e-05
0.00078125 1.86271e-05

0.00078125 1.67577e-05
0.000805664 1.91148e-05

0.000805664 1.8048e-05
0.000830078 2.04307e-05

0.000830078 1.92199e-05
0.000854492 2.1418e-05

0.000854492 2.03691e-05
0.000878906 2.25059e-05

0.000878906 2.15691e-05
0.00090332 2.33423e-05

0.00090332 2.24924e-05
0.000927734 2.39289e-05

0.000927734 2.32597e-05
0.000949845 2.44141e-05

0.000950327 2.44141e-05
0.000952148 2.4466e-05

0.000952148 2.41333e-05
0.000960017 2.44141e-05

0.000956425 2.44141e-05
0.000976562 2.49791e-05

0.000976562 2.3543e-05
0.00098499 2.44141e-05

0.00097915 2.44141e-05
0.00100098 2.665e-05

0.00100098 2.81495e-05
0.00102539 3.10581e-05

0.00102539 3.06776e-05
0.0010498 3.14831e-05

0.0010498 3.12286e-05
0.00107422 3.12012e-05

0.00107422 3.20169e-05
0.00109863 3.00342e-05

0.00112305 2.38756e-05
0.00112173 2.44141e-05

0.00109863 3.05206e-05
0.00112142 2.44141e-05

0.00114746 3.83022e-06
0.00113099 2.44141e-05

0.00112305 2.79563e-05
0.00112952 2.44141e-05

0.00114746 8.36029e-06
0.00115046 0

0.00146208 0
0.00146484 7.74014e-06

0.00146484 5.91376e-06
0.00148402 2.44141e-05

0.00148455 2.44141e-05
0.00148926 2.60081e-05

0.00148926 1.67722e-05
0.00151367 1.71373e-05

0.00150513 2.44141e-05
0.00151367 2.44571e-05

0.00151367 1.75097e-05
0.00153809 1.75628e-05

0.00152726 2.44141e-05
0.00153809 2.44652e-05

0.0015625 5.20842e-06
0.00154344 2.44141e-05

0.00153809 2.62207e-05
0.0015432 2.44141e-05

0.000390625 0.00311656
9.80332e-05 0.003125

0.000390625 0.00311681
0.00078125 0.00308247

0.00078125 0.00308311
0.00117187 0.00302387

0.00117188 0.00302482
0.0015625 0.0029375

0.0015625 6.61003e-06
0.00156481 0

0.00165625 0
0.00166016 9.48716e-06

0.00166016 1.05023e-05
0.00167514 2.44141e-05

0.00167432 2.44141e-05
0.00168457 2.81993e-05

0.00168457 1.85877e-05
0.00170898 1.89321e-05

0.00169654 2.44141e-05
0.00170898 2.45018e-05

0.0017334 1.14044e-05
0.00171867 2.44141e-05

0.00170898 2.81439e-05
0.00171939 2.44141e-05

0.0017334 1.2066e-05
0.00173858 0

0.00179622 0
0.00180664 1.77345e-05

0.00180664 9.32682e-06
0.00183105 1.0514e-05

0.00183105 7.32243e-06
0.00185547 1.15236e-06

0.00185597 0
0.00187988 1.57662e-05

0.00187988 9.09563e-06
0.0019043 1.28542e-05

0.0019043 9.58264e-06
0.00192871 9.90322e-06

0.00192871 9.94315e-06
0.00195312 1.2371e-05

0.00195312 9.51435e-06
0.00197754 1.28377e-05

0.00197754 1.35238e-05
0.00200195 1.30364e-05

0.00200195 1.52915e-05
0.00202637 6.41393e-06

0.00202637 6.95483e-06
0.00205078 9.16994e-06

0.00205078 9.57667e-06
0.0020752 1.44883e-05

0.0020752 9.93344e-06
0.00209961 1.19691e-05

0.00209961 1.34584e-05
0.00212402 1.32349e-05

0.00212402 1.3003e-05
0.00214844 8.60381e-06

0.00214844 8.20711e-06
0.00217285 1.30128e-05

0.00217285 1.37983e-05
0.00219727 1.38232e-05

0.00219727 1.31941e-05
0.00222168 8.05914e-06

0.00222168 7.94861e-06
0.00224609 1.32687e-05

0.00224609 1.39483e-05
0.00227051 1.39581e-05

0.00227051 1.38126e-05
0.00229492 7.41775e-06

0.00229492 8.14884e-06
0.00231934 1.18661e-05

0.00231934 1.06184e-05
0.00234375 1.50225e-05

0.00234375 1.50656e-05
0.00236816 1.07913e-05

0.00236816 1.24906e-05
0.00239258 7.47118e-06

0.00239258 7.4812e-06
0.00241699 1.24985e-05

0.00241699 1.07235e-05
0.00244141 1.51128e-05

0.00244141 1.51121e-05
0.00246582 1.0709e-05

0.00246582 1.24565e-05
0.00249023 7.52102e-06

0.00249023 7.52387e-06
0.00251465 1.25146e-05

0.00251465 1.07508e-05
0.00253906 1.50788e-05

0.00253906 1.50756e-05
0.00256348 1.07242e-05

0.00256348 1.24282e-05
0.00258789 7.61081e-06

0.00258789 7.60467e-06
0.0026123 1.25373e-05

0.0026123 1.08786e-05
0.00263672 1.49633e-05

0.00263672 1.4907e-05
0.00266113 1.06671e-05

0.00266113 1.18872e-05
0.00268555 8.32773e-06

0.00268555 7.54359e-06
0.00270996 1.37862e-05

0.00270996 1.39047e-05
0.00273438 1.4052e-05

0.00273437 1.38259e-05
0.00275879 7.70251e-06

0.00275879 8.46766e-06
0.0027832 1.18531e-05

0.0027832 1.07996e-05
0.00280762 1.4785e-05

0.00280762 1.47837e-05
0.00283203 1.08203e-05

0.00283203 1.19545e-05
0.00285645 8.37455e-06

0.00285645 7.67459e-06
0.00288086 1.36485e-05

0.00288086 1.37585e-05
0.00290527 1.39685e-05

0.00290527 1.32471e-05
0.00292969 8.35807e-06

0.00292969 9.00635e-06
0.0029541 1.25468e-05

0.0029541 1.17333e-05
0.00297852 1.42562e-05

0.00297852 1.22216e-05
0.00300293 1.27238e-05

0.00300293 1.26663e-05
0.00302734 1.40266e-05

0.00302734 1.30643e-05
0.00305176 1.38355e-05

0.00305176 1.34456e-05
0.00307617 1.43879e-05

0.00307617 1.3769e-05
0.00310059 1.45576e-05

0.00310059 1.40646e-05
0.003125 1.49914e-05

0.00175781 0.00288078
0.00158395 0.00292969

0.0015625 0.00293582
0.0015843 0.00292969

0.00175781 0.00288128
0.00195312 0.00281761

0.00234375 0.00265839
0.00217129 0.00273438

0.00195312 0.00281795
0.00214844 0.00274389

0.00214844 0.0027435
0.00216915 0.00273438

0.00292969 0.00230853
0.00288118 0.00234375

0.003125 0.00214423
0.00312039 0.00214844

0.00302734 0.00222986
0.00300707 0.00224609

0.00297852 0.00226846
0.00294496 0.00229492

0.00292969 0.00230753
0.00294587 0.00229492

0.00297852 0.00226881
0.00300293 0.00224944

0.00300293 0.00224621
0.00300308 0.00224609

0.00307617 0.0021861
0.00306333 0.00219727

0.00302734 0.00223004
0.00306592 0.00219727

0.00307617 0.00218792
0.00312031 0.00214844

0.00244141 0.0026102
0.00238736 0.00263672

0.00234375 0.00265674
0.00238455 0.00263672

0.00244141 0.00260981
0.00253906 0.00255836

0.00273438 0.0024446
0.00257549 0.00253906

0.00253906 0.00255758
0.00257081 0.00253906

0.00283203 0.00237771
0.00273698 0.00244141

0.00273438 0.00244305
0.00273692 0.00244141

0.00283203 0.00237667
0.0028779 0.00234375

0 0.00312779
9.66409e-05 0.003125

0.003125 1.44034e-05
0.00314941 1.53941e-05

0.00314941 1.48508e-05
0.00317383 1.58191e-05

0.00317383 1.53122e-05
0.00319824 1.61055e-05

0.00319824 1.56463e-05
0.00322266 1.63833e-05

0.00322266 1.5844e-05
0.00324707 1.68636e-05

0.00324707 1.63413e-05
0.00327148 1.75162e-05

0.00327148 1.69571e-05
0.0032959 1.79209e-05

0.0032959 1.73065e-05
0.00332031 1.8384e-05

0.00332031 1.75528e-05
0.00334473 1.94325e-05

0.00334473 1.947e-05
0.00336914 1.99798e-05

0.00336914 1.32703e-05
0.00339292 2.44141e-05

0.00339152 2.44141e-05
0.00339355 2.51996e-05

0.00339355 2.72177e-05
0.00341797 4.86102e-05

0.00341768 4.88281e-05
0.00341797 4.91154e-05

0.00341797 4.87521e-05
0.00341805 4.88281e-05

0.00341797 4.94731e-05
0.00344147 7.32422e-05

0.00344157 7.32422e-05
0.00344238 7.40948e-05

0.00344238 7.42748e-05
0.00346404 9.76563e-05

0.00346457 9.76563e-05
0.0034668 0.000100167

0.0034668 0.000100656
0.00350559 0.000146484

0.00350553 0.000146484
0.00351563 0.000159805

0.00351563 0.000160123
0.00354196 0.000195313

0.0035421 0.000195313
0.00356445 0.000229017

0.00356445 0.000229966
0.00357365 0.000244141

0.00357416 0.000244141
0.00360285 0.000292969

0.00360353 0.000292969
0.00361328 0.000312718

0.00361328 0.000313904
0.00362777 0.000341797

0.00362797 0.000341797
0.00365046 0.000390625

0.00365112 0.000390625
0.00368834 0.000488281

0.00368811 0.000488281
0.00371094 0.000569527

0.00371094 0.00057085
0.00371518 0.000585938

0.00371528 0.000585937
0.00373393 0.000683594

0.00373357 0.000683594
0.00374457 0.00078125

0.00374655 0.00078125
0.00374677 0.000976562

0.00374646 0.000976562
0.00371807 0.00117188

0.00371094 0.00119748
0.00366196 0.00136719

0.00366219 0.00136719
0.00357686 0.0015625

0.00371094 0.00119054
0.00371563 0.00117187

0.00332031 0.00193974
0.00330918 0.00195312

0.00351563 0.00166943
0.00345995 0.00175781

0.00341797 0.00181702
0.00339047 0.00185547

0.00332031 0.00194223
0.00339056 0.00185547

0.00345925 0.00175781
0.00342529 0.00180664

0.00341797 0.00181293
0.00342238 0.00180664

0.00322266 0.00204991
0.00322182 0.00205078

0.003125 0.00214511
0.00322185 0.00205078

0.00322266 0.00205002
0.00331144 0.00195313

0.00322266 0.00205229
0.00322412 0.00205078

0.00357479 0.0015625
0.00352098 0.00166016

0.00351563 0.00166682
0.00351964 0.00166016

