7.15829e-05 0
7.32422e-05 4.85797e-06

7.32422e-05 5.35631e-07
9.57867e-05 2.44141e-05

9.76563e-05 1.43871e-05
0.00012207 1.55309e-05

0.00012207 1.4536e-05
0.000146484 1.40411e-05

0.000146484 1.47021e-05
0.000170898 1.44306e-05

0.000170898 1.38474e-05
0.000195313 1.43036e-05

0.000195313 1.4769e-05
0.000219727 1.50818e-05

0.000219727 1.47745e-05
0.000244141 1.38741e-05

0.000244141 1.42319e-05
0.000268555 1.41981e-05

0.000268555 1.43834e-05
0.000292969 1.42124e-05

0.000292969 1.42874e-05
0.000317383 1.38769e-05

0.000317383 1.40473e-05
0.000341797 1.39157e-05

0.000341797 1.41194e-05
0.000366211 1.38435e-05

0.000366211 1.39161e-05
0.000390625 1.36272e-05

0.000390625 1.38435e-05
0.000415039 1.36834e-05

0.000415039 1.38595e-05
0.000439453 1.34436e-05

0.000439453 1.36449e-05
0.000463867 1.32628e-05

0.000463867 1.36358e-05
0.000488281 1.31047e-05

0.000488281 1.32713e-05
0.000512695 1.28639e-05

0.000512695 1.364e-05
0.000537109 1.25155e-05

0.000537109 1.25674e-05
0.000561523 1.19865e-05

0.000561523 1.41802e-05
0.000585937 1.11773e-05

0.000585938 1.06244e-05
0.000610352 9.99792e-06

0.000610352 8.62091e-06
0.000634766 1.59567e-05

0.000634766 1.32261e-05
0.00065918 1.74583e-05

0.00065918 1.45031e-05
0.000683594 1.68526e-05

0.000683594 1.61273e-05
0.000708008 1.86692e-05

0.000708008 1.72256e-05
0.000732422 1.88867e-05

0.000732422 1.80825e-05
0.000756836 2.00048e-05

0.000756836 1.88914e-05
0.00078125 2.10655e-05

0.00078125 2.00378e-05
0.000805664 2.23978e-05

0.000805664 2.12126e-05
0.000830078 2.34643e-05

0.000830078 2.27074e-05
0.000854492 2.42315e-05

0.000854492 2.34968e-05
0.000878906 2.42279e-05

0.000877923 2.44141e-05
0.000878906 2.4429e-05

0.000878906 2.36899e-05
0.000894047 2.44141e-05

0.000897892 2.44141e-05
0.00090332 2.46124e-05

0.00090332 2.51182e-05
0.000927734 2.61744e-05

0.000927734 2.57761e-05
0.000952148 2.68717e-05

0.000952148 2.70652e-05
0.000976562 2.86096e-05

0.000976562 2.88005e-05
0.00100098 3.0025e-05

0.00100098 3.00194e-05
0.00102539 3.05532e-05

0.00102539 3.08708e-05
0.0010498 3.00899e-05

0.0010498 2.89605e-05
0.00107422 2.84883e-05

0.00107422 3.31688e-05
0.00109863 2.59028e-05

0.00112079 0
0.00110432 2.44141e-05

0.00109863 2.73913e-05
0.00110312 2.44141e-05

0.00146227 0
0.00146484 7.2984e-06

0.00146484 5.52978e-06
0.00148397 2.44141e-05

0.00148453 2.44141e-05
0.00148926 2.60502e-05

0.00148926 1.72384e-05
0.00151367 1.73541e-05

0.00148926 2.44201e-05
0.00149197 2.44141e-05

0.00151367 1.72626e-05
0.00153809 1.70888e-05

0.00152926 2.44141e-05
0.00153809 2.4426e-05

0.0015625 5.669e-06
0.0015434 2.44141e-05

0.00153809 2.60211e-05
0.00154275 2.44141e-05

0.000390625 0.00311787
0.000143959 0.003125

0.000390625 0.00311814
0.00078125 0.00308369

0.00078125 0.00308428
0.00117187 0.0030249

0.00117188 0.00302589
0.0015625 0.00293839

0.0015625 7.06493e-06
0.001565 0

0.00165641 0
0.00166016 9.15077e-06

0.00166016 1.03922e-05
0.00167516 2.44141e-05

0.00167429 2.44141e-05
0.00168457 2.82277e-05

0.00168457 1.8628e-05
0.00170898 1.89611e-05

0.00169663 2.44141e-05
0.00170898 2.44955e-05

0.0017334 1.13698e-05
0.00171856 2.44141e-05

0.00170898 2.8105e-05
0.00171931 2.44141e-05

0.0017334 1.24525e-05
0.00173876 0

0.00179888 0
0.00180664 1.61711e-05

0.00180664 1.00859e-05
0.00183105 1.32746e-05

0.00183105 8.89436e-06
0.00185229 0

0.00185604 0
0.00187988 1.61181e-05

0.00187988 8.86378e-06
0.0019043 1.25319e-05

0.0019043 9.46374e-06
0.00192871 1.01938e-05

0.00192871 9.95994e-06
0.00195312 1.22624e-05

0.00195312 9.48708e-06
0.00197754 1.2889e-05

0.00197754 1.35232e-05
0.00200195 1.30439e-05

0.00200195 1.53079e-05
0.00202637 6.43187e-06

0.00202637 6.96107e-06
0.00205078 9.16323e-06

0.00205078 9.62827e-06
0.0020752 1.4459e-05

0.0020752 9.89797e-06
0.00209961 1.19052e-05

0.00209961 1.33879e-05
0.00212402 1.32855e-05

0.00212402 1.29625e-05
0.00214844 8.70537e-06

0.00214844 8.3211e-06
0.00217285 1.30415e-05

0.00217285 1.39057e-05
0.00219727 1.36907e-05

0.00219727 1.30376e-05
0.00222168 8.03828e-06

0.00222168 7.95595e-06
0.00224609 1.34205e-05

0.00224609 1.40668e-05
0.00227051 1.38546e-05

0.00227051 1.37575e-05
0.00229492 7.33409e-06

0.00229492 8.08489e-06
0.00231934 1.19326e-05

0.00231934 1.06211e-05
0.00234375 1.50293e-05

0.00234375 1.50757e-05
0.00236816 1.0791e-05

0.00236816 1.24992e-05
0.00239258 7.45675e-06

0.00239258 7.46773e-06
0.00241699 1.24959e-05

0.00241699 1.07182e-05
0.00244141 1.51228e-05

0.00244141 1.51205e-05
0.00246582 1.07048e-05

0.00246582 1.24607e-05
0.00249023 7.50459e-06

0.00249023 7.5061e-06
0.00251465 1.25149e-05

0.00251465 1.07456e-05
0.00253906 1.50903e-05

0.00253906 1.50852e-05
0.00256348 1.07194e-05

0.00256348 1.24291e-05
0.00258789 7.59673e-06

0.00258789 7.58845e-06
0.0026123 1.25427e-05

0.0026123 1.08802e-05
0.00263672 1.49724e-05

0.00263672 1.49113e-05
0.00266113 1.06624e-05

0.00266113 1.18909e-05
0.00268555 8.32226e-06

0.00268555 7.5396e-06
0.00270996 1.37795e-05

0.00270996 1.38907e-05
0.00273438 1.40583e-05

0.00273437 1.38007e-05
0.00275879 7.74442e-06

0.00275879 8.50934e-06
0.0027832 1.18797e-05

0.0027832 1.08485e-05
0.00280762 1.4742e-05

0.00280762 1.47227e-05
0.00283203 1.08293e-05

0.00283203 1.19078e-05
0.00285645 8.51997e-06

0.00285645 7.83197e-06
0.00288086 1.36545e-05

0.00288086 1.37418e-05
0.00290527 1.39256e-05

0.00290527 1.32972e-05
0.00292969 8.43662e-06

0.00292969 9.15226e-06
0.0029541 1.23664e-05

0.0029541 1.16799e-05
0.00297852 1.40242e-05

0.00297852 1.20679e-05
0.00300293 1.25737e-05

0.00300293 1.24521e-05
0.00302734 1.39522e-05

0.00302734 1.29023e-05
0.00305176 1.3874e-05

0.00305176 1.33718e-05
0.00307617 1.44625e-05

0.00307617 1.37874e-05
0.00310059 1.46399e-05

0.00310059 1.41316e-05
0.003125 1.50278e-05

0.00175781 0.00288151
0.00158697 0.00292969

0.0015625 0.00293674
0.0015875 0.00292969

0.00175781 0.00288202
0.00195312 0.0028182

0.00234375 0.00265865
0.00217223 0.00273438

0.00195312 0.00281855
0.00214844 0.00274432

0.00214844 0.00274398
0.0021702 0.00273438

0.00292969 0.00230798
0.00288054 0.00234375

0.003125 0.00214329
0.00311938 0.00214844

0.00302734 0.00222909
0.00300615 0.00224609

0.00297852 0.00226789
0.00294428 0.00229492

0.00292969 0.0023071
0.00294531 0.00229492

0.00297852 0.00226824
0.00300293 0.00224883

0.00300293 0.00224661
0.00300358 0.00224609

0.00307617 0.0021854
0.00306253 0.00219727

0.00302734 0.0022294
0.00306513 0.00219727

0.00307617 0.00218717
0.00311939 0.00214844

0.00244141 0.00261032
0.0023877 0.00263672

0.00234375 0.00265705
0.00238511 0.00263672

0.00244141 0.00260996
0.00253906 0.0025584

0.00273438 0.0024444
0.00257548 0.00253906

0.00253906 0.00255765
0.00257087 0.00253906

0.00283203 0.00237736
0.00273667 0.00244141

0.00273438 0.00244327
0.00273725 0.00244141

0.00283203 0.00237635
0.00287741 0.00234375

0 0.00312911
0.000142136 0.003125

0.003125 1.44772e-05
0.00314941 1.53768e-05

0.00314941 1.49214e-05
0.00317383 1.57057e-05

0.00317383 1.50747e-05
0.00319824 1.60887e-05

0.00319824 1.57465e-05
0.00322266 1.66157e-05

0.00322266 1.58105e-05
0.00324707 1.68789e-05

0.00324707 1.66062e-05
0.00327148 1.7682e-05

0.00327148 1.65636e-05
0.0032959 1.81226e-05

0.0032959 1.79884e-05
0.00332031 1.93e-05

0.00332031 1.87397e-05
0.00334473 1.85699e-05

0.00334473 1.83968e-05
0.00336914 1.85519e-05

0.00336914 1.24126e-05
0.00339211 2.44141e-05

0.00339042 2.44141e-05
0.00339355 2.57095e-05

0.00339355 2.73295e-05
0.00341797 4.87638e-05

0.00341763 4.88281e-05
0.00341797 4.91601e-05

0.00341797 4.86107e-05
0.00341819 4.88281e-05

0.00341797 4.94192e-05
0.00344158 7.32422e-05

0.00344161 7.32422e-05
0.00344238 7.40509e-05

0.00344238 7.4231e-05
0.00346399 9.76563e-05

0.00346454 9.76563e-05
0.0034668 0.000100221

0.0034668 0.000100745
0.00350536 0.000146484

0.00350534 0.000146484
0.00351563 0.000160135

0.00351563 0.000160502
0.00354157 0.000195313

0.00354175 0.000195313
0.00356445 0.000229655

0.00356445 0.000230776
0.00357309 0.000244141

0.00357369 0.000244141
0.00360228 0.000292969

0.00360295 0.000292969
0.00361328 0.00031395

0.00361328 0.00031509
0.00362711 0.000341797

0.00362733 0.000341797
0.00364975 0.000390625

0.00365041 0.000390625
0.00368751 0.000488281

0.00368727 0.000488281
0.00371094 0.000572811

0.00371094 0.000573981
0.00371429 0.000585938

0.00371437 0.000585937
0.00373294 0.000683594

0.00373258 0.000683594
0.00374352 0.00078125

0.0037455 0.00078125
0.00374563 0.000976562

0.00374532 0.000976562
0.0037169 0.00117188

0.00371094 0.0011934
0.00366074 0.00136719

0.00366097 0.00136719
0.0035756 0.0015625

0.00371094 0.00118475
0.00371465 0.00117187

0.00332031 0.00193841
0.0033081 0.00195312

0.00351563 0.0016674
0.0034587 0.00175781

0.00341797 0.00181522
0.00338919 0.00185547

0.00332031 0.00194088
0.00338942 0.00185547

0.00345802 0.00175781
0.00342411 0.00180664

0.00341797 0.001811
0.00342103 0.00180664

0.00322266 0.00204866
0.00322061 0.00205078

0.003125 0.00214423
0.00322078 0.00205078

0.00322266 0.00204889
0.00331032 0.00195313

0.00322266 0.00205159
0.00322344 0.00205078

0.00357354 0.0015625
0.00351973 0.00166016

0.00351563 0.00166486
0.00351844 0.00166016

