7.15238e-05 0
7.32422e-05 5.02496e-06

7.32422e-05 1.22928e-06
9.58862e-05 2.44141e-05

9.76563e-05 1.43304e-05
0.00012207 1.47048e-05

0.00012207 1.36852e-05
0.000146484 1.42182e-05

0.000146484 1.47588e-05
0.000170898 1.51112e-05

0.000170898 1.46701e-05
0.000195313 1.3792e-05

0.000195313 1.39581e-05
0.000219727 1.45297e-05

0.000219727 1.46488e-05
0.000244141 1.47092e-05

0.000244141 1.47628e-05
0.000268555 1.38206e-05

0.000268555 1.4044e-05
0.000292969 1.3842e-05

0.000292969 1.41411e-05
0.000317383 1.41317e-05

0.000317383 1.40764e-05
0.000341797 1.37952e-05

0.000341797 1.40738e-05
0.000366211 1.37695e-05

0.000366211 1.39325e-05
0.000390625 1.34781e-05

0.000390625 1.37125e-05
0.000415039 1.34493e-05

0.000415039 1.37815e-05
0.000439453 1.32383e-05

0.000439453 1.34397e-05
0.000463867 1.29245e-05

0.000463867 1.37035e-05
0.000488281 1.25705e-05

0.000488281 1.27635e-05
0.000512695 1.19971e-05

0.000512695 1.4037e-05
0.000537109 1.118e-05

0.000537109 1.05218e-05
0.000561523 1.04861e-05

0.000561523 9.00339e-06
0.000585937 1.61686e-05

0.000585938 1.34413e-05
0.000610352 1.75817e-05

0.000610352 1.49271e-05
0.000634766 1.69789e-05

0.000634766 1.61699e-05
0.00065918 1.84805e-05

0.00065918 1.70919e-05
0.000683594 1.91503e-05

0.000683594 1.82154e-05
0.000708008 2.05351e-05

0.000708008 1.93515e-05
0.000732422 2.15302e-05

0.000732422 2.04693e-05
0.000756836 2.26387e-05

0.000756836 2.17198e-05
0.00078125 2.35007e-05

0.00078125 2.29293e-05
0.000805664 2.37405e-05

0.000805664 2.31175e-05
0.000830078 2.37255e-05

0.000830078 2.27329e-05
0.000845341 2.44141e-05

0.000846802 2.44141e-05
0.000854492 2.51047e-05

0.000854492 2.657e-05
0.000878906 2.90439e-05

0.000878906 2.81846e-05
0.00090332 2.97059e-05

0.00090332 2.9839e-05
0.000927734 3.18604e-05

0.000927734 3.20503e-05
0.000952148 3.39259e-05

0.000952148 3.41009e-05
0.000976562 3.5101e-05

0.000976562 3.52716e-05
0.00100098 3.47048e-05

0.00100098 3.50346e-05
0.00102539 3.19e-05

0.00102539 3.2839e-05
0.0010498 2.45987e-05

0.00107422 3.14875e-06
0.00105678 2.44141e-05

0.0010498 2.64968e-05
0.00105375 2.44141e-05

0.00107422 1.79711e-05
0.00108222 0

0.00146233 0
0.00146484 7.1671e-06

0.00146484 5.34997e-06
0.00148402 2.44141e-05

0.00148478 2.44141e-05
0.00148926 2.59729e-05

0.00148926 1.71809e-05
0.00151367 1.75505e-05

0.00151367 1.75383e-05
0.00153809 1.71024e-05

0.0015625 5.31202e-06
0.0015433 2.44141e-05

0.00153809 2.60404e-05
0.00154276 2.44141e-05

0.000390625 0.00311846
0.000164474 0.003125

0.000390625 0.00311874
0.00078125 0.00308423

0.00078125 0.0030848
0.00117187 0.00302533

0.00117188 0.00302634
0.0015625 0.00293874

0.0015625 6.96729e-06
0.00156494 0

0.00165626 0
0.00166016 9.45667e-06

0.00166016 1.04689e-05
0.00167516 2.44141e-05

0.00167438 2.44141e-05
0.00168457 2.81817e-05

0.00168457 1.85968e-05
0.00170898 1.89625e-05

0.00169657 2.44141e-05
0.00170898 2.4511e-05

0.0017334 1.1382e-05
0.00171866 2.44141e-05

0.00170898 2.81974e-05
0.00171953 2.44141e-05

0.0017334 1.21146e-05
0.0017386 0

0.00179894 0
0.00180664 1.5453e-05

0.00180664 5.23558e-06
0.00183105 1.44652e-05

0.00183105 9.19675e-06
0.00185547 2.7631e-06

0.00185547 1.32884e-06
0.00187988 1.32589e-05

0.00187988 8.84097e-06
0.0019043 1.34501e-05

0.0019043 9.74444e-06
0.00192871 9.79666e-06

0.00192871 9.95793e-06
0.00195312 1.23929e-05

0.00195312 9.58197e-06
0.00197754 1.28403e-05

0.00197754 1.35011e-05
0.00200195 1.30189e-05

0.00200195 1.52932e-05
0.00202637 6.4889e-06

0.00202637 7.01412e-06
0.00205078 9.13939e-06

0.00205078 9.57967e-06
0.0020752 1.44698e-05

0.0020752 9.9354e-06
0.00209961 1.19705e-05

0.00209961 1.34562e-05
0.00212402 1.32201e-05

0.00212402 1.29421e-05
0.00214844 8.65157e-06

0.00214844 8.27271e-06
0.00217285 1.30612e-05

0.00217285 1.38819e-05
0.00219727 1.37176e-05

0.00219727 1.30484e-05
0.00222168 8.06643e-06

0.00222168 7.98377e-06
0.00224609 1.34106e-05

0.00224609 1.40772e-05
0.00227051 1.3841e-05

0.00227051 1.37494e-05
0.00229492 7.32789e-06

0.00229492 8.07789e-06
0.00231934 1.19415e-05

0.00231934 1.06257e-05
0.00234375 1.50289e-05

0.00234375 1.50741e-05
0.00236816 1.07883e-05

0.00236816 1.24986e-05
0.00239258 7.46023e-06

0.00239258 7.47018e-06
0.00241699 1.24939e-05

0.00241699 1.07178e-05
0.00244141 1.51209e-05

0.00244141 1.51197e-05
0.00246582 1.07037e-05

0.00246582 1.24595e-05
0.00249023 7.50378e-06

0.00249023 7.50535e-06
0.00251465 1.25147e-05

0.00251465 1.07454e-05
0.00253906 1.50887e-05

0.00253906 1.50838e-05
0.00256348 1.07174e-05

0.00256348 1.24272e-05
0.00258789 7.59668e-06

0.00258789 7.59109e-06
0.0026123 1.25396e-05

0.0026123 1.0876e-05
0.00263672 1.4967e-05

0.00263672 1.49081e-05
0.00266113 1.06623e-05

0.00266113 1.18877e-05
0.00268555 8.32109e-06

0.00268555 7.54061e-06
0.00270996 1.37782e-05

0.00270996 1.3875e-05
0.00273438 1.40656e-05

0.00273437 1.38005e-05
0.00275879 7.77547e-06

0.00275879 8.53795e-06
0.0027832 1.18753e-05

0.0027832 1.08437e-05
0.00280762 1.47415e-05

0.00280762 1.47324e-05
0.00283203 1.08519e-05

0.00283203 1.19568e-05
0.00285645 8.47904e-06

0.00285645 7.76738e-06
0.00288086 1.36447e-05

0.00288086 1.37741e-05
0.00290527 1.39639e-05

0.00290527 1.34233e-05
0.00292969 8.24426e-06

0.00292969 8.92003e-06
0.0029541 1.22924e-05

0.0029541 1.15872e-05
0.00297852 1.42196e-05

0.00297852 1.20925e-05
0.00300293 1.26256e-05

0.00300293 1.25555e-05
0.00302734 1.39922e-05

0.00302734 1.2995e-05
0.00305176 1.37747e-05

0.00305176 1.33631e-05
0.00307617 1.4332e-05

0.00307617 1.36624e-05
0.00310059 1.45676e-05

0.00310059 1.40209e-05
0.003125 1.50739e-05

0.00175781 0.00288178
0.00158813 0.00292969

0.0015625 0.00293711
0.00158878 0.00292969

0.00175781 0.00288229
0.00195312 0.00281841

0.00234375 0.00265871
0.00217251 0.00273438

0.00195312 0.00281875
0.00214844 0.00274445

0.00214844 0.00274416
0.00217057 0.00273438

0.00292969 0.00230791
0.00288042 0.00234375

0.003125 0.00214302
0.00311909 0.00214844

0.00302734 0.00222894
0.00300633 0.00224609

0.00297852 0.00226789
0.00294424 0.00229492

0.00292969 0.00230711
0.00294534 0.00229492

0.00297852 0.00226813
0.00300619 0.00224609

0.00307617 0.00218529
0.00306245 0.00219727

0.00302734 0.00222934
0.00306497 0.00219727

0.00307617 0.00218702
0.00311913 0.00214844

0.00244141 0.00261031
0.00238774 0.00263672

0.00234375 0.00265717
0.00238531 0.00263672

0.00244141 0.00260999
0.00253906 0.0025584

0.00273438 0.00244434
0.00257544 0.00253906

0.00253906 0.0025577
0.00257095 0.00253906

0.00283203 0.00237732
0.0027366 0.00244141

0.00273438 0.00244349
0.00273759 0.00244141

0.00283203 0.00237636
0.00287743 0.00234375

0 0.00312969
0.000162272 0.003125

0.003125 1.44522e-05
0.00314941 1.54502e-05

0.00314941 1.48987e-05
0.00317383 1.58262e-05

0.00317383 1.53284e-05
0.00319824 1.61292e-05

0.00319824 1.56545e-05
0.00322266 1.64451e-05

0.00322266 1.58728e-05
0.00324707 1.6972e-05

0.00324707 1.63863e-05
0.00327148 1.76924e-05

0.00327148 1.69573e-05
0.0032959 1.83176e-05

0.0032959 1.79165e-05
0.00332031 1.87872e-05

0.00332031 1.79523e-05
0.00334473 1.90545e-05

0.00334473 1.93932e-05
0.00336914 1.9515e-05

0.00336914 1.27421e-05
0.00339342 2.44141e-05

0.0033916 2.44141e-05
0.00339355 2.51885e-05

0.00339355 2.71533e-05
0.00341797 4.87772e-05

0.00341767 4.88281e-05
0.00341797 4.9122e-05

0.00341797 4.87926e-05
0.00341801 4.88281e-05

0.00341797 4.95104e-05
0.00344133 7.32422e-05

0.00344142 7.32422e-05
0.00344238 7.42604e-05

0.00344238 7.44857e-05
0.00346371 9.76563e-05

0.00346427 9.76563e-05
0.0034668 0.000100525

0.0034668 0.000101063
0.00350504 0.000146484

0.00350504 0.000146484
0.00351563 0.000160557

0.00351563 0.000160915
0.00354124 0.000195313

0.00354143 0.000195313
0.00356445 0.000230158

0.00356445 0.000231375
0.00357269 0.000244141

0.00357334 0.000244141
0.00360192 0.000292969

0.00360259 0.000292969
0.00361328 0.000314687

0.00361328 0.000315827
0.00362672 0.000341797

0.00362696 0.000341797
0.00364937 0.000390625

0.00365003 0.000390625
0.00368712 0.000488281

0.00368686 0.000488281
0.00371094 0.000574305

0.00371094 0.000575431
0.00371388 0.000585938

0.00371395 0.000585937
0.00373251 0.000683594

0.00373215 0.000683594
0.00374307 0.00078125

0.00374505 0.00078125
0.00374518 0.000976562

0.00374488 0.000976562
0.00371648 0.00117188

0.00371094 0.00119201
0.00366031 0.00136719

0.00366052 0.00136719
0.00357508 0.0015625

0.00371094 0.0011833
0.00371424 0.00117187

0.00332031 0.00193779
0.0033076 0.00195312

0.00351563 0.00166652
0.00345814 0.00175781

0.00341797 0.00181442
0.00338862 0.00185547

0.00332031 0.0019403
0.0033889 0.00185547

0.00345748 0.00175781
0.00342358 0.00180664

0.00341797 0.00181007
0.00342037 0.00180664

0.00322266 0.00204813
0.0032201 0.00205078

0.003125 0.00214397
0.00322037 0.00205078

0.00322266 0.00204845
0.00330983 0.00195313

0.00322266 0.00205118
0.00322305 0.00205078

0.00357301 0.0015625
0.0035192 0.00166016

0.00351563 0.001664
0.00351792 0.00166016

