7.16179e-05 0
7.32422e-05 4.76169e-06

7.32422e-05 8.15368e-07
9.58386e-05 2.44141e-05

9.7198e-05 2.44141e-05
9.76563e-05 2.45736e-05

9.76563e-05 1.43147e-05
0.00012207 1.51571e-05

0.000119918 2.44141e-05
0.00012207 2.4443e-05

0.00012207 1.42197e-05
0.000146484 1.40814e-05

0.000146484 1.45278e-05
0.000170898 1.4727e-05

0.000170898 1.43702e-05
0.000195313 1.42448e-05

0.000195313 1.46706e-05
0.000219727 1.43864e-05

0.000219727 1.41806e-05
0.000244141 1.39885e-05

0.000244141 1.42341e-05
0.000268555 1.45236e-05

0.000268555 1.44803e-05
0.000292969 1.41408e-05

0.000292969 1.44848e-05
0.000317383 1.37435e-05

0.000317383 1.38752e-05
0.000341797 1.36067e-05

0.000341797 1.39055e-05
0.000366211 1.39159e-05

0.000366211 1.39675e-05
0.000390625 1.35302e-05

0.000390625 1.38005e-05
0.000415039 1.33641e-05

0.000415039 1.36275e-05
0.000439453 1.32227e-05

0.000439453 1.37395e-05
0.000463867 1.28314e-05

0.000463867 1.28991e-05
0.000488281 1.26425e-05

0.000488281 1.43821e-05
0.000512695 1.18249e-05

0.000512695 1.2572e-05
0.000537109 9.47794e-06

0.000537109 8.49032e-06
0.000561523 1.38047e-05

0.000561523 1.21995e-05
0.000585937 1.67892e-05

0.000585938 1.34366e-05
0.000610352 1.57155e-05

0.000610352 1.47271e-05
0.000634766 1.79959e-05

0.000634766 1.61739e-05
0.00065918 1.87592e-05

0.00065918 1.75952e-05
0.000683594 2.00789e-05

0.000683594 1.89221e-05
0.000708008 2.09785e-05

0.000708008 1.9999e-05
0.000732422 2.17879e-05

0.000732422 2.09318e-05
0.000756836 2.25464e-05

0.000756836 2.17873e-05
0.00078125 2.32288e-05

0.00078125 2.25697e-05
0.000805664 2.37916e-05

0.000805664 2.34579e-05
0.000830078 2.40018e-05

0.000830078 2.22223e-05
0.000847793 2.44141e-05

0.000844797 2.44141e-05
0.000854492 2.54777e-05

0.000854492 2.74152e-05
0.000878906 3.07583e-05

0.000878906 2.97744e-05
0.00090332 3.12579e-05

0.00090332 3.13363e-05
0.000927734 3.27712e-05

0.000927734 3.28712e-05
0.000952148 3.39007e-05

0.000952148 3.40555e-05
0.000976562 3.41701e-05

0.000976562 3.4049e-05
0.00100098 3.31813e-05

0.00100098 3.36115e-05
0.00102539 3.11436e-05

0.00102539 3.27179e-05
0.0010498 2.46407e-05

0.00107422 2.84754e-07
0.0010567 2.44141e-05

0.0010498 2.80687e-05
0.00105601 2.44141e-05

0.00107422 1.39553e-07
0.00107426 0

0.00146271 0
0.00146484 6.12347e-06

0.00146484 5.35883e-06
0.00148389 2.44141e-05

0.00148332 2.44141e-05
0.00148926 2.6483e-05

0.00148926 1.71551e-05
0.00151367 1.73766e-05

0.00148926 2.44604e-05
0.00150643 2.44141e-05

0.00151367 1.73914e-05
0.00153809 1.7145e-05

0.00151952 2.44141e-05
0.00153809 2.44563e-05

0.0015625 5.30746e-06
0.00154345 2.44141e-05

0.00153809 2.64709e-05
0.00154398 2.44141e-05

0.000390625 0.00311853
0.000166978 0.003125

0.000390625 0.00311881
0.00078125 0.00308429

0.00078125 0.00308486
0.00117187 0.00302537

0.00117188 0.00302638
0.0015625 0.00293877

0.0015625 5.95289e-06
0.00156457 0

0.00165621 0
0.00166016 9.5554e-06

0.00166016 1.05242e-05
0.00167514 2.44141e-05

0.0016744 2.44141e-05
0.00168457 2.81647e-05

0.00168457 1.85776e-05
0.00170898 1.89449e-05

0.00169634 2.44141e-05
0.00170898 2.45132e-05

0.0017334 1.14174e-05
0.00171871 2.44141e-05

0.00170898 2.81865e-05
0.00171949 2.44141e-05

0.0017334 1.19808e-05
0.00173854 0

0.00179713 0
0.00180664 1.68992e-05

0.00180664 6.74393e-06
0.00183105 1.23907e-05

0.00183105 8.40125e-06
0.00185547 2.47669e-06

0.00185547 6.23527e-07
0.00187988 1.4019e-05

0.00187988 8.90398e-06
0.0019043 1.33985e-05

0.0019043 9.71025e-06
0.00192871 9.76296e-06

0.00192871 9.95684e-06
0.00195312 1.24058e-05

0.00195312 9.54654e-06
0.00197754 1.28211e-05

0.00197754 1.35028e-05
0.00200195 1.30466e-05

0.00200195 1.52935e-05
0.00202637 6.46851e-06

0.00202637 6.99189e-06
0.00205078 9.16729e-06

0.00205078 9.64087e-06
0.0020752 1.44428e-05

0.0020752 9.89371e-06
0.00209961 1.19125e-05

0.00209961 1.33873e-05
0.00212402 1.32977e-05

0.00212402 1.30424e-05
0.00214844 8.64522e-06

0.00214844 8.23823e-06
0.00217285 1.29676e-05

0.00217285 1.37906e-05
0.00219727 1.38187e-05

0.00219727 1.31885e-05
0.00222168 8.05466e-06

0.00222168 7.93828e-06
0.00224609 1.3271e-05

0.00224609 1.39444e-05
0.00227051 1.39662e-05

0.00227051 1.3822e-05
0.00229492 7.41657e-06

0.00229492 8.14567e-06
0.00231934 1.18595e-05

0.00231934 1.06155e-05
0.00234375 1.50292e-05

0.00234375 1.50702e-05
0.00236816 1.07897e-05

0.00236816 1.24976e-05
0.00239258 7.45941e-06

0.00239258 7.4687e-06
0.00241699 1.24936e-05

0.00241699 1.07159e-05
0.00244141 1.5122e-05

0.00244141 1.51202e-05
0.00246582 1.07054e-05

0.00246582 1.24613e-05
0.00249023 7.50245e-06

0.00249023 7.50493e-06
0.00251465 1.25136e-05

0.00251465 1.07431e-05
0.00253906 1.50903e-05

0.00253906 1.50857e-05
0.00256348 1.07192e-05

0.00256348 1.24321e-05
0.00258789 7.59072e-06

0.00258789 7.58294e-06
0.0026123 1.25392e-05

0.0026123 1.08737e-05
0.00263672 1.49766e-05

0.00263672 1.49167e-05
0.00266113 1.06617e-05

0.00266113 1.18891e-05
0.00268555 8.31375e-06

0.00268555 7.5372e-06
0.00270996 1.37796e-05

0.00270996 1.38726e-05
0.00273438 1.4067e-05

0.00273437 1.38002e-05
0.00275879 7.77884e-06

0.00275879 8.54572e-06
0.0027832 1.18704e-05

0.0027832 1.08422e-05
0.00280762 1.47307e-05

0.00280762 1.47243e-05
0.00283203 1.08487e-05

0.00283203 1.19528e-05
0.00285645 8.4793e-06

0.00285645 7.75916e-06
0.00288086 1.36479e-05

0.00288086 1.37927e-05
0.00290527 1.39554e-05

0.00290527 1.34008e-05
0.00292969 8.22511e-06

0.00292969 8.87254e-06
0.0029541 1.2358e-05

0.0029541 1.16425e-05
0.00297852 1.42662e-05

0.00297852 1.2167e-05
0.00300293 1.25662e-05

0.00300293 1.25619e-05
0.00302734 1.39018e-05

0.00302734 1.29039e-05
0.00305176 1.37374e-05

0.00305176 1.32814e-05
0.00307617 1.44048e-05

0.00307617 1.36885e-05
0.00310059 1.46454e-05

0.00310059 1.40976e-05
0.003125 1.50719e-05

0.00175781 0.0028818
0.00158823 0.00292969

0.0015625 0.00293714
0.00158889 0.00292969

0.00175781 0.00288232
0.00195312 0.00281842

0.00234375 0.00265871
0.00217252 0.00273438

0.00195312 0.00281876
0.00214844 0.00274446

0.00214844 0.00274417
0.0021706 0.00273438

0.00292969 0.0023079
0.0028804 0.00234375

0.003125 0.002143
0.00311907 0.00214844

0.00302734 0.00222893
0.00300632 0.00224609

0.00297852 0.00226788
0.00294422 0.00229492

0.00292969 0.0023071
0.00294534 0.00229492

0.00297852 0.00226812
0.00300617 0.00224609

0.00307617 0.00218528
0.00306244 0.00219727

0.00302734 0.00222932
0.00306495 0.00219727

0.00307617 0.00218701
0.00311911 0.00214844

0.00244141 0.00261031
0.00238773 0.00263672

0.00234375 0.00265718
0.00238533 0.00263672

0.00244141 0.00260999
0.00253906 0.0025584

0.00273438 0.00244434
0.00257544 0.00253906

0.00253906 0.00255771
0.00257096 0.00253906

0.00283203 0.00237732
0.00273659 0.00244141

0.00273438 0.00244352
0.00273764 0.00244141

0.00283203 0.00237636
0.00287743 0.00234375

0 0.00312976
0.000164692 0.003125

0.003125 1.44881e-05
0.00314941 1.53962e-05

0.00314941 1.48986e-05
0.00317383 1.57537e-05

0.00317383 1.52478e-05
0.00319824 1.6067e-05

0.00319824 1.5505e-05
0.00322266 1.65491e-05

0.00322266 1.5956e-05
0.00324707 1.71915e-05

0.00324707 1.666e-05
0.00327148 1.76317e-05

0.00327148 1.70117e-05
0.0032959 1.79493e-05

0.0032959 1.73919e-05
0.00332031 1.86959e-05

0.00332031 1.80033e-05
0.00334473 1.95336e-05

0.00334473 1.95631e-05
0.00336914 1.95853e-05

0.00336914 1.30355e-05
0.00339331 2.44141e-05

0.00339204 2.44141e-05
0.00339355 2.49976e-05

0.00339355 2.70058e-05
0.00341797 4.84358e-05

0.00341777 4.88281e-05
0.00341797 4.90219e-05

0.00341797 4.85043e-05
0.0034183 4.88281e-05

0.00341797 4.92568e-05
0.00344154 7.32422e-05

0.00344161 7.32422e-05
0.00344238 7.40572e-05

0.00344238 7.42723e-05
0.00346386 9.76563e-05

0.00346444 9.76563e-05
0.0034668 0.000100338

0.0034668 0.000100871
0.00350512 0.000146484

0.00350511 0.000146484
0.00351563 0.000160484

0.00351563 0.000160851
0.00354125 0.000195313

0.00354144 0.000195313
0.00356445 0.000230193

0.00356445 0.000231407
0.00357266 0.000244141

0.00357331 0.000244141
0.00360187 0.000292969

0.00360253 0.000292969
0.00361328 0.000314822

0.00361328 0.000315948
0.00362665 0.000341797

0.00362689 0.000341797
0.0036493 0.000390625

0.00364995 0.000390625
0.00368703 0.000488281

0.00368678 0.000488281
0.00371094 0.0005746

0.00371094 0.000575729
0.00371379 0.000585938

0.00371387 0.000585937
0.00373244 0.000683594

0.00373207 0.000683594
0.003743 0.00078125

0.00374498 0.00078125
0.00374512 0.000976562

0.00374482 0.000976562
0.00371643 0.00117188

0.00371094 0.00119182
0.00366026 0.00136719

0.00366046 0.00136719
0.00357503 0.0015625

0.00371094 0.0011831
0.00371418 0.00117187

0.00332031 0.00193773
0.00330755 0.00195312

0.00351563 0.00166644
0.00345809 0.00175781

0.00341797 0.00181435
0.00338857 0.00185547

0.00332031 0.00194025
0.00338886 0.00185547

0.00345743 0.00175781
0.00342353 0.00180664

0.00341797 0.00180998
0.00342031 0.00180664

0.00322266 0.00204809
0.00322006 0.00205078

0.003125 0.00214394
0.00322034 0.00205078

0.00322266 0.00204842
0.00330979 0.00195313

0.00322266 0.00205113
0.003223 0.00205078

0.00357296 0.0015625
0.00351915 0.00166016

0.00351563 0.00166392
0.00351788 0.00166016

