7.16843e-05 0
7.32422e-05 4.5745e-06

7.32422e-05 6.84419e-07
9.57916e-05 2.44141e-05

9.76563e-05 1.43938e-05
0.00012207 1.5294e-05

0.00012207 1.44232e-05
0.000146484 1.38962e-05

0.000146484 1.44324e-05
0.000170898 1.44267e-05

0.000170898 1.41184e-05
0.000195313 1.41921e-05

0.000195313 1.42742e-05
0.000219727 1.47001e-05

0.000219727 1.46461e-05
0.000244141 1.43346e-05

0.000244141 1.46369e-05
0.000268555 1.38464e-05

0.000268555 1.39344e-05
0.000292969 1.38191e-05

0.000292969 1.41634e-05
0.000317383 1.41431e-05

0.000317383 1.40575e-05
0.000341797 1.3665e-05

0.000341797 1.39863e-05
0.000366211 1.37229e-05

0.000366211 1.38375e-05
0.000390625 1.34878e-05

0.000390625 1.38433e-05
0.000415039 1.3343e-05

0.000415039 1.35307e-05
0.000439453 1.30549e-05

0.000439453 1.38e-05
0.000463867 1.26921e-05

0.000463867 1.28174e-05
0.000488281 1.21864e-05

0.000488281 1.41859e-05
0.000512695 1.14266e-05

0.000512695 1.1133e-05
0.000537109 1.01956e-05

0.000537109 9.02283e-06
0.000561523 1.54032e-05

0.000561523 1.29753e-05
0.000585937 1.70856e-05

0.000585938 1.42017e-05
0.000610352 1.67035e-05

0.000610352 1.57193e-05
0.000634766 1.86538e-05

0.000634766 1.70204e-05
0.00065918 1.93339e-05

0.00065918 1.8302e-05
0.000683594 2.06849e-05

0.000683594 1.94995e-05
0.000708008 2.16207e-05

0.000708008 2.06524e-05
0.000732422 2.25769e-05

0.000732422 2.16938e-05
0.000756836 2.32753e-05

0.000756836 2.2583e-05
0.00078125 2.38093e-05

0.00078125 2.32557e-05
0.000805664 2.4166e-05

0.000805664 2.39725e-05
0.000830078 2.42404e-05

0.000830078 2.27825e-05
0.000845797 2.44141e-05

0.000845 2.44141e-05
0.000854492 2.53395e-05

0.000854492 2.71059e-05
0.000878906 3.0628e-05

0.000878906 3.01401e-05
0.00090332 3.20858e-05

0.00090332 3.20904e-05
0.000927734 3.34262e-05

0.000927734 3.34527e-05
0.000952148 3.41167e-05

0.000952148 3.41109e-05
0.000976562 3.40617e-05

0.000976562 3.42007e-05
0.00100098 3.31722e-05

0.00100098 3.36487e-05
0.00102539 3.04098e-05

0.0010498 2.11781e-05
0.00104542 2.44141e-05

0.00102539 3.2622e-05
0.00104374 2.44141e-05

0.0010678 0
0.00105219 2.44141e-05

0.0010498 2.4598e-05
0.00105007 2.44141e-05

0.00146233 0
0.00146484 7.18411e-06

0.00146484 5.23806e-06
0.00148404 2.44141e-05

0.00148473 2.44141e-05
0.00148926 2.59955e-05

0.00148926 1.72545e-05
0.00151367 1.76172e-05

0.00151367 1.75114e-05
0.00153809 1.70159e-05

0.0015625 5.34657e-06
0.00154331 2.44141e-05

0.00153809 2.60254e-05
0.00154273 2.44141e-05

0.000390625 0.00311864
0.000170933 0.003125

0.000390625 0.00311892
0.00078125 0.00308439

0.00078125 0.00308494
0.00117187 0.00302543

0.00117188 0.00302645
0.0015625 0.00293881

0.0015625 6.79586e-06
0.00156488 0

0.00165637 0
0.00166016 9.22625e-06

0.00166016 1.04363e-05
0.00167514 2.44141e-05

0.00167432 2.44141e-05
0.00168457 2.82089e-05

0.00168457 1.85973e-05
0.00170898 1.89606e-05

0.00169689 2.44141e-05
0.00170898 2.45032e-05

0.0017334 1.14393e-05
0.00171863 2.44141e-05

0.00170898 2.81263e-05
0.00171937 2.44141e-05

0.0017334 1.23896e-05
0.00173874 0

0.00179853 0
0.00180664 1.65137e-05

0.00180664 1.01047e-05
0.00183105 1.30948e-05

0.00183105 9.0391e-06
0.00185246 0

0.00185616 0
0.00187988 1.59677e-05

0.00187988 8.8232e-06
0.0019043 1.26612e-05

0.0019043 9.47065e-06
0.00192871 1.01401e-05

0.00192871 9.95874e-06
0.00195312 1.22838e-05

0.00195312 9.48268e-06
0.00197754 1.28725e-05

0.00197754 1.35116e-05
0.00200195 1.30595e-05

0.00200195 1.53135e-05
0.00202637 6.44142e-06

0.00202637 6.9664e-06
0.00205078 9.16186e-06

0.00205078 9.65593e-06
0.0020752 1.44403e-05

0.0020752 9.8718e-06
0.00209961 1.18789e-05

0.00209961 1.33575e-05
0.00212402 1.33223e-05

0.00212402 1.29931e-05
0.00214844 8.71109e-06

0.00214844 8.31942e-06
0.00217285 1.30155e-05

0.00217285 1.38938e-05
0.00219727 1.37075e-05

0.00219727 1.30433e-05
0.00222168 8.04328e-06

0.00222168 7.96088e-06
0.00224609 1.34177e-05

0.00224609 1.40726e-05
0.00227051 1.3851e-05

0.00227051 1.37551e-05
0.00229492 7.32594e-06

0.00229492 8.0778e-06
0.00231934 1.19368e-05

0.00231934 1.06211e-05
0.00234375 1.50313e-05

0.00234375 1.5078e-05
0.00236816 1.07886e-05

0.00236816 1.24995e-05
0.00239258 7.4524e-06

0.00239258 7.4633e-06
0.00241699 1.24956e-05

0.00241699 1.07162e-05
0.00244141 1.51247e-05

0.00244141 1.5122e-05
0.00246582 1.07034e-05

0.00246582 1.24618e-05
0.00249023 7.49992e-06

0.00249023 7.50173e-06
0.00251465 1.25135e-05

0.00251465 1.07423e-05
0.00253906 1.50923e-05

0.00253906 1.50875e-05
0.00256348 1.07178e-05

0.00256348 1.24308e-05
0.00258789 7.58902e-06

0.00258789 7.58053e-06
0.0026123 1.25417e-05

0.0026123 1.08747e-05
0.00263672 1.49785e-05

0.00263672 1.49185e-05
0.00266113 1.06616e-05

0.00266113 1.1891e-05
0.00268555 8.31195e-06

0.00268555 7.53524e-06
0.00270996 1.37789e-05

0.00270996 1.38717e-05
0.00273438 1.40692e-05

0.00273437 1.38062e-05
0.00275879 7.77422e-06

0.00275879 8.54119e-06
0.0027832 1.18636e-05

0.0027832 1.0833e-05
0.00280762 1.47375e-05

0.00280762 1.47362e-05
0.00283203 1.08465e-05

0.00283203 1.19532e-05
0.00285645 8.45795e-06

0.00285645 7.74376e-06
0.00288086 1.3649e-05

0.00288086 1.37749e-05
0.00290527 1.39684e-05

0.00290527 1.33793e-05
0.00292969 8.27374e-06

0.00292969 8.96176e-06
0.0029541 1.23437e-05

0.0029541 1.1642e-05
0.00297852 1.41703e-05

0.00297852 1.21055e-05
0.00300293 1.25692e-05

0.00300293 1.25205e-05
0.00302734 1.39351e-05

0.00302734 1.29216e-05
0.00305176 1.37672e-05

0.00305176 1.33124e-05
0.00307617 1.43845e-05

0.00307617 1.36732e-05
0.00310059 1.46314e-05

0.00310059 1.40569e-05
0.003125 1.51248e-05

0.00175781 0.00288183
0.00158837 0.00292969

0.0015625 0.00293719
0.00158907 0.00292969

0.00175781 0.00288235
0.00195312 0.00281844

0.00234375 0.00265872
0.00217254 0.00273438

0.00195312 0.00281878
0.00214844 0.00274447

0.00214844 0.0027442
0.00217066 0.00273438

0.00292969 0.00230787
0.00288037 0.00234375

0.003125 0.00214296
0.00311903 0.00214844

0.00302734 0.00222891
0.0030063 0.00224609

0.00297852 0.00226786
0.0029442 0.00229492

0.00292969 0.0023071
0.00294534 0.00229492

0.00297852 0.0022681
0.00300615 0.00224609

0.00307617 0.00218527
0.00306243 0.00219727

0.00302734 0.0022293
0.00306492 0.00219727

0.00307617 0.00218698
0.00311907 0.00214844

0.00244141 0.0026103
0.00238772 0.00263672

0.00234375 0.0026572
0.00238537 0.00263672

0.00244141 0.00260999
0.00253906 0.00255841

0.00273438 0.00244433
0.00257543 0.00253906

0.00253906 0.00255772
0.00257099 0.00253906

0.00283203 0.00237731
0.00273658 0.00244141

0.00273438 0.00244358
0.00273772 0.00244141

0.00283203 0.00237636
0.00287744 0.00234375

0 0.00312988
0.000168501 0.003125

0.003125 1.4523e-05
0.00314941 1.54827e-05

0.00314941 1.50337e-05
0.00317383 1.57196e-05

0.00317383 1.50984e-05
0.00319824 1.6056e-05

0.00319824 1.58038e-05
0.00322266 1.65899e-05

0.00322266 1.56055e-05
0.00324707 1.69279e-05

0.00324707 1.70022e-05
0.00327148 1.77792e-05

0.00327148 1.72673e-05
0.0032959 1.67097e-05

0.0032959 1.50201e-05
0.00332031 1.87223e-05

0.00332031 1.92407e-05
0.00334473 2.19468e-05

0.00334473 2.07245e-05
0.00336914 1.84299e-05

0.00336914 1.2438e-05
0.00339355 2.41504e-05

0.00339246 2.44141e-05
0.00339355 2.48519e-05

0.00339355 2.72457e-05
0.00341768 4.88281e-05

0.00341749 4.88281e-05
0.00341797 4.92948e-05

0.00341797 4.9674e-05
0.00344129 7.32422e-05

0.0034414 7.32422e-05
0.00344238 7.42745e-05

0.00344238 7.44744e-05
0.00346379 9.76563e-05

0.00346434 9.76563e-05
0.0034668 0.000100455

0.0034668 0.000101296
0.00348479 0.00012207

0.00348461 0.00012207
0.00349121 0.000130069

0.00349121 0.000129685
0.00350486 0.000146484

0.00350509 0.000146484
0.00351563 0.0001605

0.00351563 0.00016086
0.00354127 0.000195313

0.00354146 0.000195313
0.00356445 0.000230152

0.00356445 0.000231373
0.00357268 0.000244141

0.00357334 0.000244141
0.00360189 0.000292969

0.00360256 0.000292969
0.00361328 0.000314777

0.00361328 0.000315909
0.00362666 0.000341797

0.0036269 0.000341797
0.0036493 0.000390625

0.00364995 0.000390625
0.00368701 0.000488281

0.00368675 0.000488281
0.00371094 0.000574777

0.00371094 0.000575865
0.00371375 0.000585938

0.00371382 0.000585937
0.00373237 0.000683594

0.00373201 0.000683594
0.00374293 0.00078125

0.0037449 0.00078125
0.00374503 0.000976562

0.00374473 0.000976562
0.00371634 0.00117188

0.00371094 0.00119149
0.00366017 0.00136719

0.00366037 0.00136719
0.00357494 0.0015625

0.00371094 0.00118276
0.00371408 0.00117187

0.00332031 0.00193764
0.00330748 0.00195312

0.00351563 0.00166631
0.00345801 0.00175781

0.00341797 0.00181424
0.0033885 0.00185547

0.00332031 0.00194019
0.0033888 0.00185547

0.00345736 0.00175781
0.00342346 0.00180664

0.00341797 0.00180984
0.00342022 0.00180664

0.00322266 0.00204801
0.00321999 0.00205078

0.003125 0.00214391
0.00322029 0.00205078

0.00322266 0.00204837
0.00330973 0.00195313

0.00322266 0.00205103
0.00322289 0.00205078

0.00357288 0.0015625
0.00351907 0.00166016

0.00351563 0.00166381
0.00351781 0.00166016

