7.17857e-05 0
7.32422e-05 4.2866e-06

7.32422e-05 3.35147e-07
9.59678e-05 2.44141e-05

9.75615e-05 2.44141e-05
9.76563e-05 2.44475e-05

9.76563e-05 1.40738e-05
0.00012207 1.53076e-05

0.00012207 1.42559e-05
0.000146484 1.40707e-05

0.000146484 1.44554e-05
0.000170898 1.46348e-05

0.000170898 1.43037e-05
0.000195313 1.43048e-05

0.000195313 1.47552e-05
0.000219727 1.43365e-05

0.000219727 1.40719e-05
0.000244141 1.38807e-05

0.000244141 1.43825e-05
0.000268555 1.44122e-05

0.000268555 1.42305e-05
0.000292969 1.37681e-05

0.000292969 1.41821e-05
0.000317383 1.38999e-05

0.000317383 1.39848e-05
0.000341797 1.35834e-05

0.000341797 1.38338e-05
0.000366211 1.36417e-05

0.000366211 1.39069e-05
0.000390625 1.33733e-05

0.000390625 1.3524e-05
0.000415039 1.31594e-05

0.000415039 1.38538e-05
0.000439453 1.28918e-05

0.000439453 1.29209e-05
0.000463867 1.23772e-05

0.000463867 1.43204e-05
0.000488281 1.16583e-05

0.000488281 1.15699e-05
0.000512695 1.01315e-05

0.000512695 9.16182e-06
0.000537109 1.49802e-05

0.000537109 1.28235e-05
0.000561523 1.679e-05

0.000561523 1.39032e-05
0.000585937 1.63945e-05

0.000585938 1.53781e-05
0.000610352 1.84546e-05

0.000610352 1.67166e-05
0.000634766 1.92047e-05

0.000634766 1.81097e-05
0.00065918 2.0629e-05

0.00065918 1.93617e-05
0.000683594 2.15983e-05

0.000683594 2.05862e-05
0.000708008 2.26258e-05

0.000708008 2.17411e-05
0.000732422 2.3298e-05

0.000732422 2.26282e-05
0.000756836 2.36977e-05

0.000756836 2.29628e-05
0.00078125 2.42152e-05

0.00078125 2.40375e-05
0.000791473 2.44141e-05

0.00078782 2.44141e-05
0.000805664 2.48521e-05

0.000805664 2.32937e-05
0.000815474 2.44141e-05

0.000813966 2.44141e-05
0.000830078 2.62281e-05

0.000830078 2.80996e-05
0.000854492 3.18861e-05

0.000854492 3.1321e-05
0.000878906 3.34e-05

0.000878906 3.34331e-05
0.00090332 3.48686e-05

0.00090332 3.49489e-05
0.000927734 3.55142e-05

0.000927734 3.55285e-05
0.000952148 3.50345e-05

0.000952148 3.53233e-05
0.000976562 3.31639e-05

0.000976562 3.21892e-05
0.00100098 2.97362e-05

0.00100098 3.28924e-05
0.00102539 2.57827e-05

0.0010498 9.81264e-07
0.00103286 2.44141e-05

0.00102539 2.8097e-05
0.00103152 2.44141e-05

0.0010498 6.62131e-07
0.00105002 0

0.00146255 0
0.00146484 6.61567e-06

0.00146484 4.93859e-06
0.00148402 2.44141e-05

0.00148467 2.44141e-05
0.00148926 2.60436e-05

0.00148926 1.75036e-05
0.00151367 1.77743e-05

0.00151367 1.73665e-05
0.00153809 1.67792e-05

0.0015625 5.57014e-06
0.00154336 2.44141e-05

0.00153809 2.61887e-05
0.00154326 2.44141e-05

0.000390625 0.00311883
0.000177712 0.003125

0.000390625 0.00311912
0.00078125 0.00308454

0.00078125 0.00308508
0.00117187 0.00302552

0.00117188 0.00302654
0.0015625 0.00293886

0.0015625 6.64083e-06
0.00156483 0

0.00165628 0
0.00166016 9.42282e-06

0.00166016 1.04901e-05
0.00167513 2.44141e-05

0.00167436 2.44141e-05
0.00168457 2.81886e-05

0.00168457 1.85977e-05
0.00170898 1.89646e-05

0.00169672 2.44141e-05
0.00170898 2.45087e-05

0.0017334 1.14185e-05
0.00171869 2.44141e-05

0.00170898 2.81791e-05
0.00171948 2.44141e-05

0.0017334 1.20844e-05
0.00173859 0

0.00179816 0
0.00180664 1.61149e-05

0.00180664 5.60626e-06
0.00183105 1.37272e-05

0.00183105 9.02263e-06
0.00185547 2.79531e-06

0.00185547 1.10771e-06
0.00187988 1.33436e-05

0.00187988 8.82819e-06
0.0019043 1.35273e-05

0.0019043 9.74562e-06
0.00192871 9.7524e-06

0.00192871 9.95446e-06
0.00195312 1.24088e-05

0.00195312 9.56976e-06
0.00197754 1.2831e-05

0.00197754 1.35012e-05
0.00200195 1.30343e-05

0.00200195 1.52966e-05
0.00202637 6.4842e-06

0.00202637 6.9989e-06
0.00205078 9.15855e-06

0.00205078 9.64222e-06
0.0020752 1.44439e-05

0.0020752 9.89948e-06
0.00209961 1.19048e-05

0.00209961 1.33806e-05
0.00212402 1.32891e-05

0.00212402 1.29699e-05
0.00214844 8.71331e-06

0.00214844 8.32744e-06
0.00217285 1.30308e-05

0.00217285 1.38973e-05
0.00219727 1.36931e-05

0.00219727 1.30445e-05
0.00222168 8.04151e-06

0.00222168 7.95361e-06
0.00224609 1.34121e-05

0.00224609 1.40598e-05
0.00227051 1.38633e-05

0.00227051 1.37647e-05
0.00229492 7.33722e-06

0.00229492 8.08546e-06
0.00231934 1.19274e-05

0.00231934 1.06214e-05
0.00234375 1.50326e-05

0.00234375 1.50776e-05
0.00236816 1.07885e-05

0.00236816 1.25011e-05
0.00239258 7.45275e-06

0.00239258 7.46356e-06
0.00241699 1.24934e-05

0.00241699 1.07143e-05
0.00244141 1.51254e-05

0.00244141 1.51228e-05
0.00246582 1.0704e-05

0.00246582 1.24634e-05
0.00249023 7.49684e-06

0.00249023 7.49868e-06
0.00251465 1.25128e-05

0.00251465 1.07407e-05
0.00253906 1.50947e-05

0.00253906 1.50892e-05
0.00256348 1.07177e-05

0.00256348 1.24302e-05
0.00258789 7.58777e-06

0.00258789 7.57941e-06
0.0026123 1.25438e-05

0.0026123 1.08762e-05
0.00263672 1.49791e-05

0.00263672 1.49179e-05
0.00266113 1.06623e-05

0.00266113 1.18937e-05
0.00268555 8.31253e-06

0.00268555 7.53477e-06
0.00270996 1.37767e-05

0.00270996 1.38722e-05
0.00273438 1.40699e-05

0.00273437 1.38067e-05
0.00275879 7.7714e-06

0.00275879 8.53975e-06
0.0027832 1.18625e-05

0.0027832 1.08361e-05
0.00280762 1.4732e-05

0.00280762 1.47311e-05
0.00283203 1.08365e-05

0.00283203 1.18752e-05
0.00285645 8.52925e-06

0.00285645 7.82631e-06
0.00288086 1.37245e-05

0.00288086 1.38978e-05
0.00290527 1.38558e-05

0.00290527 1.33469e-05
0.00292969 8.14742e-06

0.00292969 8.85058e-06
0.0029541 1.23742e-05

0.0029541 1.1609e-05
0.00297852 1.42035e-05

0.00297852 1.21008e-05
0.00300293 1.25788e-05

0.00300293 1.25263e-05
0.00302734 1.39495e-05

0.00302734 1.29278e-05
0.00305176 1.37792e-05

0.00305176 1.33235e-05
0.00307617 1.44034e-05

0.00307617 1.3707e-05
0.00310059 1.46292e-05

0.00310059 1.41056e-05
0.003125 1.5051e-05

0.00175781 0.00288186
0.00158853 0.00292969

0.0015625 0.00293726
0.00158929 0.00292969

0.00175781 0.00288237
0.00195312 0.00281845

0.00234375 0.0026587
0.00217252 0.00273438

0.00195312 0.00281879
0.00214844 0.00274447

0.00214844 0.00274421
0.0021707 0.00273438

0.00292969 0.0023078
0.00288028 0.00234375

0.003125 0.00214288
0.00311894 0.00214844

0.00302734 0.00222885
0.00300623 0.00224609

0.00297852 0.0022678
0.00294412 0.00229492

0.00292969 0.00230706
0.00294529 0.00229492

0.00297852 0.00226804
0.00300607 0.00224609

0.00307617 0.00218523
0.00306239 0.00219727

0.00302734 0.00222923
0.00306483 0.00219727

0.00307617 0.00218691
0.00311899 0.00214844

0.00244141 0.00261027
0.00238765 0.00263672

0.00234375 0.0026572
0.00238538 0.00263672

0.00244141 0.00260997
0.00253906 0.00255838

0.00273438 0.00244429
0.00257538 0.00253906

0.00253906 0.00255772
0.00257099 0.00253906

0.00283203 0.00237727
0.00273652 0.00244141

0.00273438 0.00244362
0.0027378 0.00244141

0.00283203 0.00237634
0.00287741 0.00234375

0 0.00313007
0.000174994 0.003125

0.003125 1.44872e-05
0.00314941 1.53527e-05

0.00314941 1.48363e-05
0.00317383 1.57314e-05

0.00317383 1.5163e-05
0.00319824 1.61715e-05

0.00319824 1.55958e-05
0.00322266 1.67003e-05

0.00322266 1.61704e-05
0.00324707 1.71126e-05

0.00324707 1.65684e-05
0.00327148 1.74369e-05

0.00327148 1.67195e-05
0.0032959 1.81785e-05

0.0032959 1.78783e-05
0.00332031 1.8928e-05

0.00332031 1.80362e-05
0.00334473 1.8947e-05

0.00334473 1.92457e-05
0.00336914 1.93822e-05

0.00336914 1.27245e-05
0.00339336 2.44141e-05

0.00339184 2.44141e-05
0.00339355 2.50889e-05

0.00339355 2.70075e-05
0.00341797 4.85571e-05

0.00341777 4.88281e-05
0.00341797 4.90185e-05

0.00341797 4.85679e-05
0.00341823 4.88281e-05

0.00341797 4.93484e-05
0.00344147 7.32422e-05

0.00344153 7.32422e-05
0.00344238 7.41405e-05

0.00344238 7.43128e-05
0.00346386 9.76563e-05

0.00346441 9.76563e-05
0.0034668 0.000100362

0.0034668 0.000100893
0.00350514 0.000146484

0.00350513 0.000146484
0.00351563 0.000160454

0.00351563 0.000160819
0.00354128 0.000195313

0.00354147 0.000195313
0.00356445 0.000230158

0.00356445 0.000231416
0.00357265 0.000244141

0.00357332 0.000244141
0.00360185 0.000292969

0.00360252 0.000292969
0.00361328 0.000314877

0.00361328 0.000316015
0.0036266 0.000341797

0.00362685 0.000341797
0.00364923 0.000390625

0.00364989 0.000390625
0.00368692 0.000488281

0.00368666 0.000488281
0.00371094 0.000575131

0.00371094 0.000576195
0.00371366 0.000585938

0.00371372 0.000585937
0.00373226 0.000683594

0.0037319 0.000683594
0.00374281 0.00078125

0.00374478 0.00078125
0.0037449 0.000976562

0.00374459 0.000976562
0.0037162 0.00117188

0.00371094 0.00119101
0.00366003 0.00136719

0.00366024 0.00136719
0.00357481 0.0015625

0.00371094 0.00118226
0.00371394 0.00117187

0.00332031 0.00193749
0.00330736 0.00195312

0.00351563 0.0016661
0.00345789 0.00175781

0.00341797 0.00181407
0.00338837 0.00185547

0.00332031 0.00194006
0.00338869 0.00185547

0.00345723 0.00175781
0.00342335 0.00180664

0.00341797 0.00180962
0.00342006 0.00180664

0.00322266 0.00204788
0.00321986 0.00205078

0.003125 0.00214383
0.00322019 0.00205078

0.00322266 0.00204826
0.00330963 0.00195313

0.00357275 0.0015625
0.00351894 0.00166016

0.00351563 0.00166363
0.0035177 0.00166016

