7.17921e-05 0
7.32422e-05 4.27229e-06

7.32422e-05 5.30752e-07
9.60289e-05 2.44141e-05

9.65624e-05 2.44141e-05
9.76563e-05 2.47961e-05

9.76563e-05 1.40471e-05
0.00012207 1.49601e-05

0.000121212 2.44141e-05
0.00012207 2.44263e-05

0.00012207 1.3851e-05
0.000146484 1.40935e-05

0.000146484 1.47309e-05
0.000170898 1.46548e-05

0.000170898 1.42724e-05
0.000195313 1.35531e-05

0.000195313 1.38866e-05
0.000219727 1.43863e-05

0.000219727 1.43239e-05
0.000244141 1.42723e-05

0.000244141 1.44863e-05
0.000268555 1.37064e-05

0.000268555 1.38159e-05
0.000292969 1.35836e-05

0.000292969 1.39759e-05
0.000317383 1.38653e-05

0.000317383 1.39325e-05
0.000341797 1.33004e-05

0.000341797 1.35646e-05
0.000366211 1.33341e-05

0.000366211 1.38929e-05
0.000390625 1.30003e-05

0.000390625 1.31147e-05
0.000415039 1.24886e-05

0.000415039 1.42301e-05
0.000439453 1.17732e-05

0.000439453 1.16692e-05
0.000463867 1.05843e-05

0.000463867 9.48824e-06
0.000488281 1.51062e-05

0.000488281 1.29593e-05
0.000512695 1.70781e-05

0.000512695 1.43199e-05
0.000537109 1.67852e-05

0.000537109 1.58358e-05
0.000561523 1.84609e-05

0.000561523 1.69277e-05
0.000585937 1.90398e-05

0.000585938 1.77867e-05
0.000610352 2.06829e-05

0.000610352 2.06391e-05
0.000634766 2.11209e-05

0.000634766 2.02534e-05
0.00065918 1.91798e-05

0.00065918 1.68991e-05
0.000683594 2.22638e-05

0.000670929 2.44141e-05
0.000683594 2.61482e-05

0.000683594 2.30102e-05
0.000706336 2.44141e-05

0.000683594 2.66897e-05
0.000708008 2.74231e-05

0.000708008 2.20163e-05
0.000732422 2.02413e-05

0.000708008 2.54415e-05
0.000725555 2.44141e-05

0.000732422 2.07719e-05
0.000750449 2.44141e-05

0.000743744 2.44141e-05
0.000756836 2.6182e-05

0.000756836 2.41972e-05
0.000759975 2.44141e-05

0.000756836 2.75808e-05
0.00078125 2.86303e-05

0.00078125 2.41239e-05
0.000793193 2.44141e-05

0.00078125 2.54203e-05
0.000805664 2.60065e-05

0.000805664 2.76278e-05
0.000830078 3.09004e-05

0.000830078 3.08847e-05
0.000854492 3.34904e-05

0.000854492 3.35153e-05
0.000878906 3.54358e-05

0.000878906 3.54975e-05
0.00090332 3.65596e-05

0.00090332 3.66804e-05
0.000927734 3.65192e-05

0.000927734 3.64008e-05
0.000952148 3.50115e-05

0.000952148 3.56323e-05
0.000976562 3.20103e-05

0.00100098 2.41097e-05
0.00100039 2.44141e-05

0.000976562 3.2748e-05
0.0010003 2.44141e-05

0.00102539 1.38137e-06
0.00100812 2.44141e-05

0.00100098 2.78149e-05
0.00100689 2.44141e-05

0.00102539 7.56816e-06
0.00102795 0

0.00146244 0
0.00146484 6.85169e-06

0.00146484 5.48245e-06
0.00148406 2.44141e-05

0.00148472 2.44141e-05
0.00148926 2.5975e-05

0.00148926 1.68435e-05
0.00151367 1.739e-05

0.00151367 1.77426e-05
0.00153809 1.73053e-05

0.0015625 4.81064e-06
0.00154319 2.44141e-05

0.00153809 2.59593e-05
0.00154247 2.44141e-05

0.000390625 0.00311897
0.000182655 0.003125

0.000390625 0.00311925
0.00078125 0.00308464

0.00078125 0.00308515
0.00117187 0.00302557

0.00117188 0.00302662
0.0015625 0.00293894

0.0015625 6.62466e-06
0.00156478 0

0.00165625 0
0.00166016 9.48289e-06

0.00166016 1.05081e-05
0.00167513 2.44141e-05

0.00167433 2.44141e-05
0.00168457 2.81969e-05

0.00168457 1.85892e-05
0.00170898 1.89412e-05

0.00169658 2.44141e-05
0.00170898 2.45042e-05

0.0017334 1.14154e-05
0.00171869 2.44141e-05

0.00170898 2.81554e-05
0.00171942 2.44141e-05

0.0017334 1.20381e-05
0.00173857 0

0.00179576 0
0.00180664 1.77279e-05

0.00180664 8.05335e-06
0.00183105 1.07317e-05

0.00183105 7.60009e-06
0.00185547 2.32574e-06

0.00185885 0
0.00187988 1.7328e-05

0.00187988 1.44433e-05
0.0019043 1.43016e-05

0.0019043 1.1893e-05
0.00192871 2.86607e-06

0.00192871 4.26939e-06
0.00195312 1.49286e-05

0.00195312 1.09207e-05
0.00197754 1.54056e-05

0.00197754 1.48303e-05
0.00200195 1.03066e-05

0.00200195 1.41375e-05
0.00202637 6.20148e-06

0.00202637 6.27308e-06
0.00205078 9.97243e-06

0.00205078 9.78487e-06
0.0020752 1.44463e-05

0.0020752 9.91323e-06
0.00209961 1.18347e-05

0.00209961 1.33603e-05
0.00212402 1.33483e-05

0.00212402 1.30819e-05
0.00214844 8.65021e-06

0.00214844 8.24727e-06
0.00217285 1.29338e-05

0.00217285 1.37794e-05
0.00219727 1.38199e-05

0.00219727 1.31309e-05
0.00222168 8.10424e-06

0.00222168 7.99891e-06
0.00224609 1.33278e-05

0.00224609 1.40374e-05
0.00227051 1.38771e-05

0.00227051 1.37666e-05
0.00229492 7.34506e-06

0.00229492 8.08915e-06
0.00231934 1.19216e-05

0.00231934 1.06208e-05
0.00234375 1.50319e-05

0.00234375 1.50769e-05
0.00236816 1.07865e-05

0.00236816 1.24972e-05
0.00239258 7.45402e-06

0.00239258 7.46513e-06
0.00241699 1.24955e-05

0.00241699 1.07156e-05
0.00244141 1.51224e-05

0.00244141 1.51218e-05
0.00246582 1.07028e-05

0.00246582 1.24581e-05
0.00249023 7.5006e-06

0.00249023 7.50309e-06
0.00251465 1.25166e-05

0.00251465 1.07453e-05
0.00253906 1.50888e-05

0.00253906 1.50837e-05
0.00256348 1.07174e-05

0.00256348 1.24245e-05
0.00258789 7.59951e-06

0.00258789 7.59382e-06
0.0026123 1.25427e-05

0.0026123 1.08776e-05
0.00263672 1.49669e-05

0.00263672 1.49082e-05
0.00266113 1.06664e-05

0.00266113 1.18918e-05
0.00268555 8.32297e-06

0.00268555 7.54271e-06
0.00270996 1.3777e-05

0.00270996 1.38791e-05
0.00273438 1.40643e-05

0.00273437 1.38097e-05
0.00275879 7.7598e-06

0.00275879 8.52736e-06
0.0027832 1.18604e-05

0.0027832 1.08264e-05
0.00280762 1.47439e-05

0.00280762 1.47434e-05
0.00283203 1.08385e-05

0.00283203 1.19544e-05
0.00285645 8.4376e-06

0.00285645 7.71141e-06
0.00288086 1.36578e-05

0.00288086 1.37917e-05
0.00290527 1.39806e-05

0.00290527 1.34101e-05
0.00292969 8.21334e-06

0.00292969 8.88756e-06
0.0029541 1.23396e-05

0.0029541 1.16601e-05
0.00297852 1.42023e-05

0.00297852 1.2122e-05
0.00300293 1.24916e-05

0.00300293 1.24822e-05
0.00302734 1.38922e-05

0.00302734 1.28575e-05
0.00305176 1.37579e-05

0.00305176 1.32855e-05
0.00307617 1.44081e-05

0.00307617 1.36947e-05
0.00310059 1.46114e-05

0.00310059 1.40674e-05
0.003125 1.50456e-05

0.00175781 0.0028819
0.00158872 0.00292969

0.0015625 0.00293736
0.00158965 0.00292969

0.00175781 0.00288242
0.00195312 0.00281849

0.00234375 0.00265872
0.0021726 0.00273438

0.00195312 0.00281883
0.00214844 0.00274451

0.00214844 0.00274431
0.00217091 0.00273438

0.00292969 0.00230757
0.00288002 0.00234375

0.003125 0.00214268
0.00311872 0.00214844

0.00302734 0.00222864
0.00300594 0.00224609

0.00297852 0.00226756
0.00294384 0.00229492

0.00292969 0.00230692
0.00294509 0.00229492

0.00297852 0.00226776
0.00300566 0.00224609

0.00302734 0.00222917
0.0031193 0.00214844

0.00244141 0.00261025
0.00238762 0.00263672

0.00234375 0.00265729
0.00238555 0.00263672

0.00244141 0.00260999
0.00253906 0.00255839

0.00273438 0.00244423
0.00257537 0.00253906

0.00253906 0.00255778
0.00257109 0.00253906

0.00283203 0.00237716
0.00273644 0.00244141

0.00273438 0.00244373
0.00273796 0.00244141

0.00283203 0.00237628
0.00287728 0.00234375

0 0.0031302
0.000179319 0.003125

0.003125 1.44286e-05
0.00314941 1.5432e-05

0.00314941 1.48659e-05
0.00317383 1.58855e-05

0.00317383 1.53551e-05
0.00319824 1.62168e-05

0.00319824 1.57287e-05
0.00322266 1.65066e-05

0.00322266 1.59311e-05
0.00324707 1.70107e-05

0.00324707 1.65313e-05
0.00327148 1.76541e-05

0.00327148 1.68065e-05
0.0032959 1.82254e-05

0.0032959 1.78627e-05
0.00332031 1.90575e-05

0.00332031 1.83251e-05
0.00334473 1.90934e-05

0.00334473 1.92106e-05
0.00336914 1.92463e-05

0.00336914 1.2796e-05
0.00339302 2.44141e-05

0.00339185 2.44141e-05
0.00339355 2.50848e-05

0.00339355 2.70645e-05
0.00341797 4.85418e-05

0.0034176 4.88281e-05
0.00341797 4.91882e-05

0.00341797 4.84048e-05
0.0034184 4.88281e-05

0.00341797 4.93214e-05
0.0034415 7.32422e-05

0.00344158 7.32422e-05
0.00344238 7.40911e-05

0.00344238 7.43154e-05
0.00346382 9.76563e-05

0.00346436 9.76563e-05
0.0034668 0.000100428

0.0034668 0.000100952
0.00350506 0.000146484

0.00350508 0.000146484
0.00351563 0.000160526

0.00351563 0.000160713
0.00354103 0.000195313

0.00354142 0.000195313
0.00356445 0.000230206

0.00356445 0.000231518
0.00357259 0.000244141

0.00357329 0.000244141
0.00360185 0.000292969

0.00360253 0.000292969
0.00361328 0.00031484

0.00361328 0.00031601
0.00362662 0.000341797

0.00362687 0.000341797
0.00364927 0.000390625

0.00364993 0.000390625
0.00368699 0.000488281

0.00368673 0.000488281
0.00371094 0.000574814

0.00371094 0.000575874
0.00371375 0.000585938

0.00371381 0.000585937
0.00373236 0.000683594

0.003732 0.000683594
0.00374292 0.00078125

0.00374489 0.00078125
0.003745 0.000976562

0.0037447 0.000976562
0.00371627 0.00117188

0.00371094 0.00119121
0.00366003 0.00136719

0.00366025 0.00136719
0.0035747 0.0015625

0.00371094 0.00118282
0.0037141 0.00117187

0.00332031 0.00193695
0.00330694 0.00195312

0.00351563 0.00166577
0.00345755 0.00175781

0.00341797 0.00181339
0.0033878 0.00185547

0.00332031 0.0019393
0.00338797 0.00185547

0.0034569 0.00175781
0.00342293 0.00180664

0.00341797 0.00180901
0.00341964 0.00180664

0.003125 0.00214668
0.00331182 0.00195312

0.00357264 0.0015625
0.00351874 0.00166016

0.00351563 0.00166339
0.00351756 0.00166016

