7.14086e-05 0
7.32422e-05 5.34466e-06

7.32422e-05 1.64891e-06
9.61338e-05 2.44141e-05

9.76563e-05 1.38209e-05
0.00012207 1.4234e-05

0.00012207 1.40112e-05
0.000146484 1.41014e-05

0.000146484 1.42735e-05
0.000170898 1.39199e-05

0.000170898 1.37684e-05
0.000195313 1.3803e-05

0.000195313 1.40983e-05
0.000219727 1.41478e-05

0.000219727 1.39763e-05
0.000244141 1.36706e-05

0.000244141 1.40668e-05
0.000268555 1.37148e-05

0.000268555 1.38316e-05
0.000292969 1.32851e-05

0.000292969 1.36218e-05
0.000317383 1.33465e-05

0.000317383 1.36771e-05
0.000341797 1.30344e-05

0.000341797 1.3508e-05
0.000366211 1.25265e-05

0.000366211 1.35936e-05
0.000390625 1.1723e-05

0.000390625 1.15651e-05
0.000415039 1.19116e-05

0.000415039 1.0968e-05
0.000439453 1.48125e-05

0.000439453 1.27822e-05
0.000463867 1.6152e-05

0.000463867 1.39523e-05
0.000488281 1.71058e-05

0.000488281 1.55629e-05
0.000512695 1.87698e-05

0.000512695 1.71899e-05
0.000537109 1.98567e-05

0.000537109 1.86703e-05
0.000561523 2.09959e-05

0.000561523 1.99111e-05
0.000585937 2.17869e-05

0.000585938 2.0929e-05
0.000610352 2.24888e-05

0.000610352 2.17426e-05
0.000634766 2.3075e-05

0.000634766 2.24254e-05
0.00065918 2.36572e-05

0.00065918 2.30622e-05
0.000683594 2.4219e-05

0.000683594 2.39822e-05
0.000708008 2.44138e-05

0.000707186 2.44141e-05
0.000708008 2.44229e-05

0.000708008 2.31475e-05
0.000724774 2.44141e-05

0.000721117 2.44141e-05
0.000732422 2.52181e-05

0.000732422 2.54316e-05
0.000756836 2.99097e-05

0.000756836 3.07358e-05
0.00078125 3.55071e-05

0.00078125 3.54915e-05
0.000805664 3.89353e-05

0.000805664 3.89685e-05
0.000830078 4.10496e-05

0.000830078 4.10994e-05
0.000854492 4.16518e-05

0.000854492 4.17193e-05
0.000878906 4.05084e-05

0.000878906 4.0721e-05
0.00090332 3.71863e-05

0.00090332 3.62951e-05
0.000927734 3.17938e-05

0.000927734 3.47854e-05
0.000952148 2.51169e-05

0.000974625 0
0.000958222 2.44141e-05

0.000952148 2.81669e-05
0.000957772 2.44141e-05

0.000976562 3.59758e-06
0.000977728 0

0.00146234 0
0.00146484 7.14113e-06

0.00146484 5.39001e-06
0.0014841 2.44141e-05

0.00148465 2.44141e-05
0.00148926 2.60002e-05

0.00148926 1.69821e-05
0.00151367 1.73859e-05

0.0015077 2.44141e-05
0.00151367 2.44483e-05

0.00151367 1.75004e-05
0.00153809 1.71757e-05

0.00151367 2.44407e-05
0.00151989 2.44141e-05

0.0015625 5.16615e-06
0.00154327 2.44141e-05

0.00153809 2.59895e-05
0.0015426 2.44141e-05

0.000390625 0.00311936
0.000196272 0.003125

0.000390625 0.00311965
0.00078125 0.00308497

0.00078125 0.00308545
0.00117187 0.00302579

0.00117188 0.00302685
0.0015625 0.0029391

0.0015625 6.66071e-06
0.00156482 0

0.0016563 0
0.00166016 9.37715e-06

0.00166016 1.04809e-05
0.00167514 2.44141e-05

0.00167433 2.44141e-05
0.00168457 2.81973e-05

0.00168457 1.85711e-05
0.00170898 1.89392e-05

0.00169677 2.44141e-05
0.00170898 2.45062e-05

0.0017334 1.14445e-05
0.00171868 2.44141e-05

0.00170898 2.81393e-05
0.00171939 2.44141e-05

0.0017334 1.2137e-05
0.00173862 0

0.00179581 0
0.00180664 1.78806e-05

0.00180664 9.43461e-06
0.00183105 9.97764e-06

0.00183105 5.17541e-06
0.00185547 3.16607e-06

0.00185709 0
0.00187988 1.92057e-05

0.00187988 1.46573e-05
0.0019043 1.42065e-05

0.0019043 1.38531e-05
0.00192871 3.50447e-06

0.00192871 4.50249e-06
0.00195312 1.29169e-05

0.00195312 9.87038e-06
0.00197754 1.6515e-05

0.00197754 1.63402e-05
0.00200195 9.8202e-06

0.00200195 1.41786e-05
0.00202637 3.61629e-06

0.00202637 4.13123e-06
0.00205078 1.09493e-05

0.00205078 9.52308e-06
0.0020752 1.50208e-05

0.0020752 9.86535e-06
0.00209961 1.16465e-05

0.00209961 1.34368e-05
0.00212402 1.34029e-05

0.00212402 1.30477e-05
0.00214844 8.41942e-06

0.00214844 8.06317e-06
0.00217285 1.30342e-05

0.00217285 1.38134e-05
0.00219727 1.38522e-05

0.00219727 1.31286e-05
0.00222168 8.02042e-06

0.00222168 7.93972e-06
0.00224609 1.33608e-05

0.00224609 1.40509e-05
0.00227051 1.38843e-05

0.00227051 1.37683e-05
0.00229492 7.30868e-06

0.00229492 8.06073e-06
0.00231934 1.19299e-05

0.00231934 1.06151e-05
0.00234375 1.50428e-05

0.00234375 1.50863e-05
0.00236816 1.07786e-05

0.00236816 1.24935e-05
0.00239258 7.44037e-06

0.00239258 7.45209e-06
0.00241699 1.25011e-05

0.00241699 1.07137e-05
0.00244141 1.51267e-05

0.00244141 1.51256e-05
0.00246582 1.06996e-05

0.00246582 1.24573e-05
0.00249023 7.49461e-06

0.00249023 7.49749e-06
0.00251465 1.2518e-05

0.00251465 1.07434e-05
0.00253906 1.50909e-05

0.00253906 1.50858e-05
0.00256348 1.07163e-05

0.00256348 1.24226e-05
0.00258789 7.59744e-06

0.00258789 7.59068e-06
0.0026123 1.25471e-05

0.0026123 1.08786e-05
0.00263672 1.49711e-05

0.00263672 1.49134e-05
0.00266113 1.06678e-05

0.00266113 1.18949e-05
0.00268555 8.31892e-06

0.00268555 7.54133e-06
0.00270996 1.37762e-05

0.00270996 1.3879e-05
0.00273438 1.40636e-05

0.00273437 1.38019e-05
0.00275879 7.76463e-06

0.00275879 8.53183e-06
0.0027832 1.18704e-05

0.0027832 1.08361e-05
0.00280762 1.47393e-05

0.00280762 1.47388e-05
0.00283203 1.08397e-05

0.00283203 1.18887e-05
0.00285645 8.51563e-06

0.00285645 7.80842e-06
0.00288086 1.37213e-05

0.00288086 1.38835e-05
0.00290527 1.38861e-05

0.00290527 1.34024e-05
0.00292969 8.13076e-06

0.00292969 8.89036e-06
0.0029541 1.22585e-05

0.0029541 1.15643e-05
0.00297852 1.40837e-05

0.00297852 1.19865e-05
0.00300293 1.24964e-05

0.00300293 1.23968e-05
0.00302734 1.39541e-05

0.00302734 1.28594e-05
0.00305176 1.38323e-05

0.00305176 1.33298e-05
0.00307617 1.44494e-05

0.00307617 1.37278e-05
0.00310059 1.4655e-05

0.00310059 1.41124e-05
0.003125 1.51069e-05

0.00175781 0.00288202
0.00158927 0.00292969

0.0015625 0.00293756
0.00159035 0.00292969

0.00175781 0.00288254
0.00195312 0.00281856

0.00234375 0.00265867
0.00217261 0.00273438

0.00195312 0.00281891
0.00214844 0.00274453

0.00214844 0.00274436
0.00217101 0.00273438

0.00292969 0.00230723
0.00287956 0.00234375

0.003125 0.00214229
0.00311829 0.00214844

0.00302734 0.00222836
0.00300558 0.00224609

0.00297852 0.00226728
0.00294346 0.00229492

0.00292969 0.00230666
0.00294477 0.00229492

0.00297852 0.00226745
0.0030053 0.00224609

0.00302734 0.0022289
0.00311904 0.00214844

0.00244141 0.00261012
0.00238739 0.00263672

0.00234375 0.00265728
0.00238551 0.00263672

0.00244141 0.0026099
0.00253906 0.00255826

0.00273438 0.002444
0.00257509 0.00253906

0.00253906 0.00255769
0.00257092 0.00253906

0.00283203 0.00237691
0.00273611 0.00244141

0.00273438 0.00244364
0.00273782 0.00244141

0.00283203 0.00237606
0.00287699 0.00234375

0 0.00313058
0.000192415 0.003125

0.003125 1.4537e-05
0.00314941 1.54317e-05

0.00314941 1.49446e-05
0.00317383 1.57385e-05

0.00317383 1.52026e-05
0.00319824 1.60953e-05

0.00319824 1.55091e-05
0.00322266 1.67037e-05

0.00322266 1.61187e-05
0.00324707 1.72854e-05

0.00324707 1.66464e-05
0.00327148 1.76906e-05

0.00327148 1.70087e-05
0.0032959 1.83547e-05

0.0032959 1.79051e-05
0.00332031 1.90418e-05

0.00332031 1.82638e-05
0.00334473 1.93728e-05

0.00334473 1.95521e-05
0.00336914 1.96127e-05

0.00336914 1.31225e-05
0.00339312 2.44141e-05

0.00339203 2.44141e-05
0.00339355 2.50012e-05

0.00339355 2.70445e-05
0.00341797 4.845e-05

0.00341763 4.88281e-05
0.00341797 4.91592e-05

0.00341797 4.83093e-05
0.0034185 4.88281e-05

0.00341797 4.9298e-05
0.0034415 7.32422e-05

0.00344156 7.32422e-05
0.00344238 7.41071e-05

0.00344238 7.4321e-05
0.00346384 9.76563e-05

0.0034644 9.76563e-05
0.0034668 0.000100375

0.0034668 0.000100885
0.00350515 0.000146484

0.00350511 0.000146484
0.00351563 0.000160482

0.00351563 0.000160575
0.00354115 0.000195313

0.00354142 0.000195313
0.00356445 0.000230216

0.00356445 0.000230981
0.00357294 0.000244141

0.00357337 0.000244141
0.00360193 0.000292969

0.00360261 0.000292969
0.00361328 0.000314677

0.00361328 0.000315848
0.0036267 0.000341797

0.00362694 0.000341797
0.00364933 0.000390625

0.00364999 0.000390625
0.00368703 0.000488281

0.00368678 0.000488281
0.00371094 0.000574725

0.00371094 0.000575723
0.00371379 0.000585938

0.00371384 0.000585937
0.00373237 0.000683594

0.003732 0.000683594
0.0037429 0.00078125

0.00374487 0.00078125
0.00374492 0.000976562

0.00374462 0.000976562
0.00371612 0.00117188

0.00371094 0.00119067
0.00365978 0.00136719

0.00366 0.00136719
0.00357432 0.0015625

0.00371094 0.00118217
0.00371392 0.00117187

0.00332031 0.00193648
0.00330658 0.00195312

0.00351563 0.00166503
0.00345704 0.00175781

0.00341797 0.00181261
0.00338723 0.00185547

0.00332031 0.00193868
0.00338737 0.00185547

0.0034564 0.00175781
0.00342241 0.00180664

0.00341797 0.00180815
0.00341903 0.00180664

0.003125 0.00214649
0.0033115 0.00195312

0.00357226 0.0015625
0.00351829 0.00166016

0.00351563 0.00166268
0.00351713 0.00166016

