7.17924e-05 0
7.32422e-05 4.27146e-06

7.32422e-05 3.96038e-07
9.60964e-05 2.44141e-05

9.64825e-05 2.44141e-05
9.76563e-05 2.4825e-05

9.76563e-05 1.40983e-05
0.00012207 1.48173e-05

0.00012207 1.37948e-05
0.000146484 1.3652e-05

0.000146484 1.42653e-05
0.000170898 1.44307e-05

0.000170898 1.39507e-05
0.000195313 1.37503e-05

0.000195313 1.42842e-05
0.000219727 1.41041e-05

0.000219727 1.39289e-05
0.000244141 1.34968e-05

0.000244141 1.39995e-05
0.000268555 1.3734e-05

0.000268555 1.3767e-05
0.000292969 1.32603e-05

0.000292969 1.37041e-05
0.000317383 1.32769e-05

0.000317383 1.33985e-05
0.000341797 1.30023e-05

0.000341797 1.40652e-05
0.000366211 1.23414e-05

0.000366211 1.30832e-05
0.000390625 1.08891e-05

0.000390625 1.03245e-05
0.000415039 1.31515e-05

0.000415039 1.17078e-05
0.000439453 1.60743e-05

0.000439453 1.35076e-05
0.000463867 1.64676e-05

0.000463867 1.50066e-05
0.000488281 1.76407e-05

0.000488281 1.61771e-05
0.000512695 1.84705e-05

0.000512695 1.73288e-05
0.000537109 1.9669e-05

0.000537109 1.85402e-05
0.000561523 2.07878e-05

0.000561523 1.97017e-05
0.000585937 2.17914e-05

0.000585938 2.07174e-05
0.000610352 2.27901e-05

0.000610352 2.18643e-05
0.000634766 2.37741e-05

0.000634766 2.33166e-05
0.00065918 2.40106e-05

0.00065918 2.33403e-05
0.000683594 2.36858e-05

0.000682147 2.44141e-05
0.000683594 2.44279e-05

0.000683594 2.25381e-05
0.000697337 2.44141e-05

0.000697916 2.44141e-05
0.000708008 2.56054e-05

0.000708008 2.73954e-05
0.000732422 3.11594e-05

0.000732422 3.0161e-05
0.000756836 3.31594e-05

0.000756836 3.34121e-05
0.00078125 3.71364e-05

0.00078125 3.74282e-05
0.000805664 4.07895e-05

0.000805664 4.09484e-05
0.000830078 4.30453e-05

0.000830078 4.31337e-05
0.000854492 4.34717e-05

0.000854492 4.35816e-05
0.000878906 4.1764e-05

0.000878906 4.20205e-05
0.00090332 3.73147e-05

0.00090332 3.84684e-05
0.000927734 2.8054e-05

0.000952148 6.77106e-06
0.000936713 2.44141e-05

0.000927734 2.46623e-05
0.000928165 2.44141e-05

0.000952148 2.20534e-05
0.0009635 0

0.00146242 0
0.00146484 6.90236e-06

0.00146484 5.41278e-06
0.0014841 2.44141e-05

0.00148461 2.44141e-05
0.00148926 2.60105e-05

0.00148926 1.68739e-05
0.00151367 1.73542e-05

0.00151104 2.44141e-05
0.00151367 2.44328e-05

0.00151367 1.75549e-05
0.00153809 1.72849e-05

0.0015625 5.09614e-06
0.00154329 2.44141e-05

0.00153809 2.59999e-05
0.00154261 2.44141e-05

0.000390625 0.00311945
0.000199295 0.003125

0.000390625 0.00311974
0.00078125 0.00308504

0.00078125 0.00308551
0.00117187 0.00302583

0.00117188 0.0030269
0.0015625 0.00293913

0.0015625 6.57862e-06
0.00156479 0

0.00165634 0
0.00166016 9.29269e-06

0.00166016 1.04479e-05
0.00167515 2.44141e-05

0.00167431 2.44141e-05
0.00168457 2.82095e-05

0.00168457 1.8599e-05
0.00170898 1.89515e-05

0.00169679 2.44141e-05
0.00170898 2.4501e-05

0.0017334 1.14182e-05
0.00171863 2.44141e-05

0.00170898 2.81247e-05
0.00171936 2.44141e-05

0.0017334 1.23059e-05
0.0017387 0

0.0017973 0
0.00180664 1.73647e-05

0.00180664 1.03625e-05
0.00183105 1.13036e-05

0.00183105 5.60358e-06
0.00185547 1.77394e-06

0.00185684 0
0.00187988 1.98937e-05

0.00187988 1.4819e-05
0.0019043 1.36912e-05

0.0019043 1.3788e-05
0.00192871 3.55759e-06

0.00192871 4.38352e-06
0.00195312 1.28865e-05

0.00195312 9.81763e-06
0.00197754 1.6621e-05

0.00197754 1.6454e-05
0.00200195 9.76762e-06

0.00200195 1.42134e-05
0.00202637 3.41475e-06

0.00202637 3.98688e-06
0.00205078 1.0966e-05

0.00205078 9.39325e-06
0.0020752 1.5098e-05

0.0020752 9.89512e-06
0.00209961 1.17213e-05

0.00209961 1.35402e-05
0.00212402 1.3309e-05

0.00212402 1.29795e-05
0.00214844 8.3319e-06

0.00214844 7.98735e-06
0.00217285 1.31145e-05

0.00217285 1.3841e-05
0.00219727 1.38555e-05

0.00219727 1.31211e-05
0.00222168 8.00006e-06

0.00222168 7.93695e-06
0.00224609 1.3379e-05

0.00224609 1.40681e-05
0.00227051 1.38656e-05

0.00227051 1.37547e-05
0.00229492 7.28977e-06

0.00229492 8.04466e-06
0.00231934 1.1944e-05

0.00231934 1.06162e-05
0.00234375 1.5043e-05

0.00234375 1.50885e-05
0.00236816 1.0773e-05

0.00236816 1.24889e-05
0.00239258 7.43685e-06

0.00239258 7.44738e-06
0.00241699 1.25052e-05

0.00241699 1.07147e-05
0.00244141 1.51273e-05

0.00244141 1.51269e-05
0.00246582 1.06975e-05

0.00246582 1.24554e-05
0.00249023 7.49378e-06

0.00249023 7.49617e-06
0.00251465 1.25201e-05

0.00251465 1.07449e-05
0.00253906 1.50907e-05

0.00253906 1.50861e-05
0.00256348 1.07147e-05

0.00256348 1.24205e-05
0.00258789 7.59851e-06

0.00258789 7.59312e-06
0.0026123 1.25471e-05

0.0026123 1.088e-05
0.00263672 1.49657e-05

0.00263672 1.49075e-05
0.00266113 1.06663e-05

0.00266113 1.18925e-05
0.00268555 8.32406e-06

0.00268555 7.54368e-06
0.00270996 1.37755e-05

0.00270996 1.3879e-05
0.00273438 1.4063e-05

0.00273437 1.37985e-05
0.00275879 7.76893e-06

0.00275879 8.5324e-06
0.0027832 1.18781e-05

0.0027832 1.08435e-05
0.00280762 1.47426e-05

0.00280762 1.47403e-05
0.00283203 1.08429e-05

0.00283203 1.18869e-05
0.00285645 8.52849e-06

0.00285645 7.8206e-06
0.00288086 1.37291e-05

0.00288086 1.38988e-05
0.00290527 1.38814e-05

0.00290527 1.34741e-05
0.00292969 8.05203e-06

0.00292969 8.78786e-06
0.0029541 1.21953e-05

0.0029541 1.1488e-05
0.00297852 1.41864e-05

0.00297852 1.20079e-05
0.00300293 1.25447e-05

0.00300293 1.24493e-05
0.00302734 1.39668e-05

0.00302734 1.28921e-05
0.00305176 1.38171e-05

0.00305176 1.33447e-05
0.00307617 1.44304e-05

0.00307617 1.37461e-05
0.00310059 1.46027e-05

0.00310059 1.40742e-05
0.003125 1.50294e-05

0.00175781 0.00288203
0.00158936 0.00292969

0.0015625 0.00293759
0.00159045 0.00292969

0.00175781 0.00288256
0.00195312 0.00281857

0.00234375 0.00265865
0.00217258 0.00273438

0.00195312 0.00281892
0.00214844 0.00274452

0.00214844 0.00274436
0.002171 0.00273438

0.00292969 0.00230717
0.00287949 0.00234375

0.003125 0.00214223
0.00311822 0.00214844

0.00302734 0.00222831
0.00300552 0.00224609

0.00297852 0.00226723
0.00294341 0.00229492

0.00292969 0.00230662
0.00294472 0.00229492

0.00297852 0.00226741
0.00300525 0.00224609

0.00302734 0.00222886
0.00311899 0.00214844

0.00244141 0.00261009
0.00238734 0.00263672

0.00234375 0.00265727
0.00238548 0.00263672

0.00244141 0.00260987
0.00253906 0.00255823

0.00273438 0.00244396
0.00257504 0.00253906

0.00253906 0.00255767
0.00257088 0.00253906

0.00283203 0.00237686
0.00273605 0.00244141

0.00273438 0.00244362
0.00273779 0.00244141

0.00283203 0.00237603
0.00287694 0.00234375

0 0.00313067
0.000195335 0.003125

0.003125 1.4401e-05
0.00314941 1.54661e-05

0.00314941 1.48952e-05
0.00317383 1.59487e-05

0.00317383 1.54038e-05
0.00319824 1.62353e-05

0.00319824 1.56857e-05
0.00322266 1.65931e-05

0.00322266 1.60851e-05
0.00324707 1.71577e-05

0.00324707 1.66446e-05
0.00327148 1.75818e-05

0.00327148 1.67435e-05
0.0032959 1.82483e-05

0.0032959 1.78927e-05
0.00332031 1.92376e-05

0.00332031 1.84235e-05
0.00334473 1.92581e-05

0.00334473 1.92423e-05
0.00336914 1.95571e-05

0.00336914 1.33012e-05
0.00339234 2.44141e-05

0.00339127 2.44141e-05
0.00339355 2.52967e-05

0.00339355 2.71247e-05
0.00341797 4.84317e-05

0.00341757 4.88281e-05
0.00341797 4.92179e-05

0.00341797 4.84464e-05
0.00341836 4.88281e-05

0.00341797 4.93825e-05
0.0034414 7.32422e-05

0.00344147 7.32422e-05
0.00344238 7.42067e-05

0.00344238 7.44021e-05
0.00346378 9.76563e-05

0.00346436 9.76563e-05
0.0034668 0.000100422

0.0034668 0.000100947
0.00350514 0.000146484

0.00350511 0.000146484
0.00351563 0.000160473

0.00351563 0.000160782
0.00354133 0.000195313

0.00354144 0.000195313
0.00356445 0.000230176

0.00356445 0.000230951
0.00357296 0.000244141

0.0035734 0.000244141
0.00360195 0.000292969

0.00360263 0.000292969
0.00361328 0.000314633

0.00361328 0.000315803
0.00362672 0.000341797

0.00362696 0.000341797
0.00364935 0.000390625

0.00365001 0.000390625
0.00368704 0.000488281

0.00368678 0.000488281
0.00371094 0.000574742

0.00371094 0.000575721
0.00371379 0.000585938

0.00371383 0.000585937
0.00373235 0.000683594

0.00373199 0.000683594
0.00374288 0.00078125

0.00374485 0.00078125
0.00374489 0.000976562

0.00374459 0.000976562
0.00371608 0.00117188

0.00371094 0.00119052
0.00365973 0.00136719

0.00365995 0.00136719
0.00357426 0.0015625

0.00371094 0.001182
0.00371387 0.00117187

0.00332031 0.00193643
0.00330653 0.00195312

0.00351563 0.00166493
0.00345698 0.00175781

0.00341797 0.00181252
0.00338716 0.00185547

0.00332031 0.00193861
0.0033873 0.00185547

0.00345633 0.00175781
0.00342235 0.00180664

0.00341797 0.00180804
0.00341896 0.00180664

0.003125 0.00214644
0.00331145 0.00195312

0.0035722 0.0015625
0.00351823 0.00166016

0.00351563 0.00166259
0.00351708 0.00166016

