7.11961e-05 0
7.32422e-05 5.92325e-06

7.32422e-05 1.02964e-06
9.61735e-05 2.44141e-05

9.66965e-05 2.44141e-05
9.76563e-05 2.47402e-05

9.76563e-05 1.41391e-05
0.00012207 1.45234e-05

0.00012207 1.38987e-05
0.000146484 1.35552e-05

0.000146484 1.38381e-05
0.000170898 1.43006e-05

0.000170898 1.42052e-05
0.000195313 1.39553e-05

0.000195313 1.41871e-05
0.000219727 1.35688e-05

0.000219727 1.36819e-05
0.000244141 1.35425e-05

0.000244141 1.38012e-05
0.000268555 1.37459e-05

0.000268555 1.37743e-05
0.000292969 1.33674e-05

0.000292969 1.38554e-05
0.000317383 1.30873e-05

0.000317383 1.32984e-05
0.000341797 1.27207e-05

0.000341797 1.3957e-05
0.000366211 1.21568e-05

0.000366211 1.2273e-05
0.000390625 1.12449e-05

0.000390625 1.04695e-05
0.000415039 1.42702e-05

0.000415039 1.2641e-05
0.000439453 1.61595e-05

0.000439453 1.37531e-05
0.000463867 1.63903e-05

0.000463867 1.51171e-05
0.000488281 1.80868e-05

0.000488281 1.64663e-05
0.000512695 1.90312e-05

0.000512695 1.78489e-05
0.000537109 2.03414e-05

0.000537109 1.91511e-05
0.000561523 2.13313e-05

0.000561523 2.03393e-05
0.000585937 2.22113e-05

0.000585938 2.13489e-05
0.000610352 2.28774e-05

0.000610352 2.21203e-05
0.000634766 2.34875e-05

0.000634766 2.26735e-05
0.00065918 2.42872e-05

0.00065918 2.38627e-05
0.000669045 2.44141e-05

0.000667544 2.44141e-05
0.000683594 2.51135e-05

0.000683594 2.27801e-05
0.000693538 2.44141e-05

0.000686567 2.44141e-05
0.000708008 2.78913e-05

0.000708008 2.99378e-05
0.000732422 3.49503e-05

0.000732422 3.40228e-05
0.000756836 3.7244e-05

0.000756836 3.73768e-05
0.00078125 4.03959e-05

0.00078125 4.05553e-05
0.000805664 4.27877e-05

0.000805664 4.291e-05
0.000830078 4.37925e-05

0.000830078 4.38883e-05
0.000854492 4.29847e-05

0.000854492 4.30889e-05
0.000878906 3.99991e-05

0.000878906 4.02842e-05
0.00090332 3.42296e-05

0.00090332 3.64427e-05
0.000923701 2.44141e-05

0.000943797 0
0.000928549 2.44141e-05

0.000952148 1.5467e-05
0.00096056 0

0.00146232 0
0.00146484 7.15715e-06

0.00146484 5.62433e-06
0.001484 2.44141e-05

0.00148441 2.44141e-05
0.00148926 2.6078e-05

0.00148926 1.71441e-05
0.00151367 1.71179e-05

0.00148926 2.44235e-05
0.00149161 2.44141e-05

0.00151367 1.71512e-05
0.00153809 1.70473e-05

0.0015342 2.44141e-05
0.00153809 2.44239e-05

0.0015625 5.52809e-06
0.00154328 2.44141e-05

0.00153809 2.60631e-05
0.0015429 2.44141e-05

0.000390625 0.00311955
0.00020286 0.003125

0.000390625 0.00311984
0.00078125 0.00308512

0.00078125 0.00308558
0.00117187 0.00302587

0.00117188 0.00302695
0.0015625 0.00293916

0.0015625 7.09449e-06
0.001565 0

0.00165647 0
0.00166016 8.99612e-06

0.00166016 1.0384e-05
0.00167514 2.44141e-05

0.0016743 2.44141e-05
0.00168457 2.82275e-05

0.00168457 1.86154e-05
0.00170898 1.8956e-05

0.00169687 2.44141e-05
0.00170898 2.44962e-05

0.0017334 1.14035e-05
0.00171855 2.44141e-05

0.00170898 2.81053e-05
0.00171934 2.44141e-05

0.0017334 1.26198e-05
0.00173885 0

0.00180097 0
0.00180664 1.34203e-05

0.00180664 7.852e-06
0.00183105 1.54276e-05

0.00183105 7.45774e-06
0.00185547 1.75056e-06

0.00185584 0
0.00187988 1.8872e-05

0.00187988 1.48433e-05
0.0019043 1.40644e-05

0.0019043 1.41073e-05
0.00192871 3.47594e-06

0.00192871 4.40232e-06
0.00195312 1.27195e-05

0.00195312 9.75563e-06
0.00197754 1.67194e-05

0.00197754 1.6511e-05
0.00200195 9.77206e-06

0.00200195 1.42906e-05
0.00202637 3.29399e-06

0.00202637 3.86774e-06
0.00205078 1.09623e-05

0.00205078 9.44258e-06
0.0020752 1.50951e-05

0.0020752 9.80019e-06
0.00209961 1.16145e-05

0.00209961 1.34376e-05
0.00212402 1.34347e-05

0.00212402 1.30436e-05
0.00214844 8.36726e-06

0.00214844 8.02087e-06
0.00217285 1.30558e-05

0.00217285 1.38339e-05
0.00219727 1.38497e-05

0.00219727 1.31071e-05
0.00222168 7.99073e-06

0.00222168 7.9207e-06
0.00224609 1.33926e-05

0.00224609 1.40822e-05
0.00227051 1.38644e-05

0.00227051 1.37547e-05
0.00229492 7.26663e-06

0.00229492 8.02544e-06
0.00231934 1.19516e-05

0.00231934 1.06136e-05
0.00234375 1.50522e-05

0.00234375 1.5095e-05
0.00236816 1.0771e-05

0.00236816 1.24902e-05
0.00239258 7.43027e-06

0.00239258 7.44244e-06
0.00241699 1.25061e-05

0.00241699 1.07129e-05
0.00244141 1.51297e-05

0.00244141 1.51282e-05
0.00246582 1.06975e-05

0.00246582 1.24561e-05
0.00249023 7.49188e-06

0.00249023 7.49439e-06
0.00251465 1.25202e-05

0.00251465 1.07439e-05
0.00253906 1.50925e-05

0.00253906 1.50874e-05
0.00256348 1.07154e-05

0.00256348 1.24222e-05
0.00258789 7.59649e-06

0.00258789 7.58924e-06
0.0026123 1.25487e-05

0.0026123 1.08815e-05
0.00263672 1.49705e-05

0.00263672 1.49102e-05
0.00266113 1.06664e-05

0.00266113 1.18949e-05
0.00268555 8.32376e-06

0.00268555 7.545e-06
0.00270996 1.37734e-05

0.00270996 1.38764e-05
0.00273438 1.40633e-05

0.00273437 1.37967e-05
0.00275879 7.77375e-06

0.00275879 8.54029e-06
0.0027832 1.18754e-05

0.0027832 1.08424e-05
0.00280762 1.47341e-05

0.00280762 1.47255e-05
0.00283203 1.0852e-05

0.00283203 1.19666e-05
0.00285645 8.47109e-06

0.00285645 7.73177e-06
0.00288086 1.36537e-05

0.00288086 1.3798e-05
0.00290527 1.39976e-05

0.00290527 1.35708e-05
0.00292969 8.08344e-06

0.00292969 8.76686e-06
0.0029541 1.21356e-05

0.0029541 1.14887e-05
0.00297852 1.42691e-05

0.00297852 1.20432e-05
0.00300293 1.25416e-05

0.00300293 1.2503e-05
0.00302734 1.39444e-05

0.00302734 1.29046e-05
0.00305176 1.3729e-05

0.00305176 1.32617e-05
0.00307617 1.43943e-05

0.00307617 1.365e-05
0.00310059 1.46891e-05

0.00310059 1.4108e-05
0.003125 1.51596e-05

0.00175781 0.00288204
0.00158944 0.00292969

0.0015625 0.00293762
0.00159054 0.00292969

0.00175781 0.00288257
0.00195312 0.00281856

0.00234375 0.00265862
0.00217254 0.00273438

0.00195312 0.00281891
0.00214844 0.0027445

0.00214844 0.00274435
0.00217098 0.00273438

0.00292969 0.00230711
0.00287941 0.00234375

0.003125 0.00214216
0.00311815 0.00214844

0.00302734 0.00222826
0.00300545 0.00224609

0.00297852 0.00226719
0.00294334 0.00229492

0.00292969 0.00230658
0.00294466 0.00229492

0.00297852 0.00226735
0.00300519 0.00224609

0.00302734 0.00222881
0.00311893 0.00214844

0.00244141 0.00261005
0.00238726 0.00263672

0.00234375 0.00265725
0.00238544 0.00263672

0.00244141 0.00260984
0.00253906 0.0025582

0.00273438 0.00244391
0.00257497 0.00253906

0.00253906 0.00255764
0.00257084 0.00253906

0.00283203 0.00237682
0.00273598 0.00244141

0.00273438 0.00244359
0.00273775 0.00244141

0.00283203 0.00237599
0.00287689 0.00234375

0 0.00313077
0.000198785 0.003125

0.003125 1.45372e-05
0.00314941 1.54802e-05

0.00314941 1.49415e-05
0.00317383 1.58727e-05

0.00317383 1.53708e-05
0.00319824 1.62134e-05

0.00319824 1.57141e-05
0.00322266 1.65525e-05

0.00322266 1.59614e-05
0.00324707 1.71016e-05

0.00324707 1.65778e-05
0.00327148 1.7755e-05

0.00327148 1.69694e-05
0.0032959 1.82955e-05

0.0032959 1.7969e-05
0.00332031 1.89305e-05

0.00332031 1.80297e-05
0.00334473 1.9155e-05

0.00334473 1.94517e-05
0.00336914 1.96984e-05

0.00336914 1.30033e-05
0.00339308 2.44141e-05

0.00339131 2.44141e-05
0.00339355 2.5295e-05

0.00339355 2.7253e-05
0.00341797 4.87609e-05

0.00341764 4.88281e-05
0.00341797 4.91518e-05

0.00341797 4.8783e-05
0.00341801 4.88281e-05

0.00341797 4.95248e-05
0.00344137 7.32422e-05

0.00344144 7.32422e-05
0.00344238 7.42301e-05

0.00344238 7.44174e-05
0.00346379 9.76563e-05

0.00346433 9.76563e-05
0.0034668 0.000100456

0.0034668 0.000100983
0.00350512 0.000146484

0.00350509 0.000146484
0.00351563 0.000160489

0.00351563 0.000160799
0.00354132 0.000195313

0.00354142 0.000195313
0.00356445 0.0002302

0.00356445 0.000230989
0.00357293 0.000244141

0.00357338 0.000244141
0.00360194 0.000292969

0.00360262 0.000292969
0.00361328 0.000314665

0.00361328 0.000315832
0.0036267 0.000341797

0.00362695 0.000341797
0.00364934 0.000390625

0.00364999 0.000390625
0.00368703 0.000488281

0.00368677 0.000488281
0.00371094 0.000574789

0.00371094 0.000575761
0.00371378 0.000585938

0.00371382 0.000585937
0.00373234 0.000683594

0.00373197 0.000683594
0.00374286 0.00078125

0.00374483 0.00078125
0.00374486 0.000976562

0.00374456 0.000976562
0.00371604 0.00117188

0.00371094 0.00119037
0.00365967 0.00136719

0.0036599 0.00136719
0.0035742 0.0015625

0.00371094 0.00118182
0.00371382 0.00117187

0.00332031 0.00193637
0.00330649 0.00195312

0.00351563 0.00166483
0.00345691 0.00175781

0.00341797 0.00181242
0.00338709 0.00185547

0.00332031 0.00193853
0.00338723 0.00185547

0.00345626 0.00175781
0.00342229 0.00180664

0.00341797 0.00180794
0.00341889 0.00180664

0.003125 0.00214639
0.00331139 0.00195312

0.00357214 0.0015625
0.00351817 0.00166016

0.00351563 0.0016625
0.00351703 0.00166016

