0 6.8289e-05
0.00012207 6.83056e-05

0.00012207 6.82984e-05
0.000244141 6.8321e-05

0.000244141 6.81654e-05
0.000366211 6.84629e-05

0.000366211 6.79157e-05
0.000488281 6.91479e-05

0 0.000939302
0.00012207 0.000939513

0.00012207 0.00093952
0.000244141 0.00094014

0.000244141 0.000940145
0.000366211 0.000941152

0.000366211 0.000941157
0.000488281 0.000942533

0.000488281 6.87697e-05
0.000610352 6.97065e-05

0.000610352 6.8733e-05
0.000732422 6.97439e-05

0.000732422 6.99976e-05
0.000854492 7.0012e-05

0.000854492 6.85169e-05
0.000976562 6.99819e-05

0.000488281 0.000942537
0.000610352 0.000944262

0.000610352 0.000944271
0.000732422 0.000946316

0.000732422 0.000946329
0.000854492 0.000948652

0.000854492 0.000948665
0.000976562 0.000951215

0.000976562 7.10919e-05
0.00109863 7.11549e-05

0.00109863 6.92188e-05
0.0012207 6.93766e-05

0.0012207 7.12788e-05
0.00134277 7.12102e-05

0.00134277 6.92162e-05
0.00146484 6.92741e-05

0.000976562 0.00095123
0.00109863 0.000953953

0.00109863 0.000953966
0.0012207 0.000956809

0.0012207 0.000956822
0.00134277 0.00095973

0.00134277 0.000959739
0.00146484 0.000962669

0.00146484 7.53911e-05
0.00158691 6.71868e-05

0.00170898 1.17511e-06
0.00158987 0.00012207

0.00158691 0.000122205
0.00158731 0.00012207

0.00170898 4.71037e-05
0.00172635 0

0.00146484 0.000962671
0.00158691 0.000965601

0.00158691 0.000965613
0.00170898 0.000968514

0.00170898 0.000968533
0.00183105 0.000971342

0.00183105 0.000971349
0.00195312 0.000974016

0.00202126 0
0.0020752 9.89537e-05

0.0020752 8.91042e-05
0.00219727 4.85518e-05

0.00219727 5.05479e-05
0.00221552 0

0.00195312 0.00097401
0.0020752 0.000976535

0.0020752 0.000976529
0.00207689 0.000976562

0.00207701 0.000976562
0.00219727 0.000978938

0.00219727 0.000978946
0.00231934 0.000981243

0.00231934 0.000981243
0.00244141 0.000983405

0.00244141 0.000983395
0.00256348 0.000985442

0.00256348 0.000985431
0.00268555 0.000987408

0.00268555 0.000987399
0.00280762 0.000989346

0.00280762 0.00098934
0.00292969 0.000991289

0.00292969 0.000991286
0.00305176 0.000993257

0.00305176 0.000993256
0.00317383 0.000995258

0.00317383 0.000995258
0.0032959 0.000997293

0.0032959 0.000997295
0.00341797 0.000999358

0.00341797 0.00099936
0.00354004 0.00100144

0.00354004 0.00100145
0.00366211 0.00100354

0.00366211 0.00100354
0.00378418 0.00100561

0.00378418 0.00100562
0.00390625 0.00100766

0.00390625 0.00100767
0.00402832 0.00100964

0.00402832 0.00100965
0.00415039 0.00101153

0.00415039 0.00101154
0.00427246 0.00101328

0.00427246 0.00101329
0.00439453 0.00101486

0.00439453 0.00101487
0.0045166 0.00101621

0.0045166 0.00101622
0.00463867 0.00101727

0.00463867 0.00101728
0.00476074 0.00101799

0.00476074 0.001018
0.00488281 0.0010183

0.0055093 0
0.00559571 0.00012207

0.00560555 0.00012207
0.00561523 0.000127757

0.00561523 0.000118312
0.00562185 0.00012207

0.00564374 0.00012207
0.0057373 0.00015246

0.0057373 0.000141247
0.00585938 0.000143257

0.00488281 0.00101831
0.00500488 0.00101814

0.00500488 0.00101815
0.00512695 0.00101746

0.00512695 0.00101748
0.00524902 0.00101621

0.00524902 0.00101622
0.00537109 0.00101435

0.00537109 0.00101434
0.00549316 0.00101185

0.00549316 0.00101184
0.00561523 0.00100877

0.00561523 0.00100874
0.0057373 0.00100514

0.0057373 0.0010051
0.00585938 0.00100108

0.00598145 0.000121725
0.00598067 0.00012207

0.00585938 0.000153445
0.0059805 0.00012207

0.00610347 0
0.00601296 0.00012207

0.00598145 0.000139657
0.00601264 0.00012207

0.00682498 0
0.00683594 3.16838e-05

0.00585938 0.00100103
0.00598145 0.00099677

0.00598145 0.000996705
0.00610352 0.000992453

0.00610352 0.000992371
0.00622559 0.000988419

0.00622559 0.000988329
0.00634766 0.000985021

0.00634766 0.000984922
0.00646973 0.000982638

0.00646973 0.000982521
0.0065918 0.000981694

0.0065918 0.000981551
0.00671387 0.000982704

0.00671387 0.000982536
0.00683594 0.000986291

0.00683594 7.27387e-06
0.00693403 0.00012207

0.00695801 9.43789e-05
0.00708008 0.000106423

0.00708008 8.74095e-05
0.00720215 8.84748e-05

0.00720215 9.44938e-05
0.00732422 0.000108438

0.00732422 9.84952e-05
0.00744629 0.000105278

0.00744629 0.000103832
0.00756836 0.000112666

0.00756836 0.000108794
0.00769043 0.000112647

0.00769043 0.000111417
0.0078125 0.000112787

0.00683594 0.00098612
0.00695801 0.000993154

0.00695801 0.000993023
0.00708008 0.00100394

0.00708008 0.00100381
0.00720215 0.00101911

0.00720215 0.00101903
0.00732422 0.00103913

0.00732422 0.00103905
0.00744629 0.0010643

0.00744629 0.00106411
0.00756836 0.00109507

0.00756836 0.00109502
0.00758032 0.00109863

0.00757983 0.00109863
0.00769043 0.00113202

0.00769043 0.00113234
0.0078125 0.00117425

0.0078125 0.000111758
0.00793457 0.000112423

0.00793457 0.000112445
0.00805664 0.000113091

0.00805664 0.000112554
0.00817871 0.000112919

0.00817871 0.000112867
0.00830078 0.0001134

0.00830078 0.000112946
0.00842285 0.000113593

0.00842285 0.00011359
0.00854492 0.000113973

0.00854492 0.000113278
0.00866699 0.000114027

0.00866699 0.000113992
0.00878906 0.000115068

0.0078125 0.00117435
0.00793457 0.00122042

0.00793457 0.00122008
0.00793612 0.0012207

0.00793351 0.0012207
0.00793457 0.0012211

0.00793457 0.00122112
0.00805664 0.00126974

0.00805664 0.00127025
0.00817871 0.00131898

0.00817871 0.00131909
0.00824068 0.00134277

0.00823828 0.00134277
0.00830078 0.00136666

0.00830078 0.0013668
0.00842285 0.00140906

0.00842285 0.00140947
0.00854492 0.00144532

0.00854492 0.00144555
0.00862978 0.00146484

0.00862698 0.00146484
0.00866699 0.00147394

0.00866699 0.00147394
0.00878906 0.00149189

0.00878906 0.000111584
0.00891113 0.000117873

0.00891113 0.000113986
0.00898392 0.00012207

0.00894964 0.00012207
0.0090332 0.000128838

0.0090332 0.000130106
0.00915527 0.000138898

0.00915527 0.000134655
0.00927734 0.000144465

0.00927734 0.000136953
0.00939941 0.000171293

0.00939941 0.00016926
0.00951667 0.000244141

0.00951669 0.000244141
0.00952148 0.000247407

0.00952148 0.00024789
0.00963741 0.000366211

0.00963554 0.000366211
0.00964355 0.00037817

0.00964355 0.000379276
0.00971393 0.000488281

0.00971233 0.000488281
0.00975825 0.000610352

0.00975703 0.000610352
0.00976562 0.000665815

0.00976562 0.000876731
0.00974179 0.000976562

0.00927734 0.00143839
0.00919121 0.00146484

0.00878906 0.00149216
0.00891113 0.00149888

0.00891113 0.0014993
0.0090332 0.00149343

0.0090332 0.00149375
0.00915527 0.00147383

0.00915527 0.00147351
0.00918348 0.00146484

0.00927734 0.00143834
0.00939941 0.00137927

0.00952148 0.00129657
0.00945795 0.00134277

0.00939941 0.00137842
0.00945169 0.00134277

0.00964355 0.00116074
0.00959842 0.0012207

0.00974292 0.000976562
0.00968675 0.00109863

0.00964355 0.00116206
0.00968817 0.00109863

0.00952148 0.00129233
0.00959519 0.0012207

0.00976562 0.000666407
0.00977586 0.000732422

0.00977564 0.000732422
0.00977062 0.000854492

0.00976562 0.000877709
0.00977117 0.000854492

