7.16998e-05 0
7.32422e-05 4.53003e-06

7.32422e-05 8.19059e-07
9.61299e-05 2.44141e-05

9.75687e-05 2.44141e-05
9.76563e-05 2.44442e-05

9.76563e-05 1.4147e-05
0.00012207 1.44044e-05

0.00012207 1.36376e-05
0.000146484 1.34605e-05

0.000146484 1.38383e-05
0.000170898 1.44447e-05

0.000170898 1.41503e-05
0.000195313 1.38724e-05

0.000195313 1.42398e-05
0.000219727 1.36175e-05

0.000219727 1.36492e-05
0.000244141 1.34318e-05

0.000244141 1.3771e-05
0.000268555 1.37613e-05

0.000268555 1.39201e-05
0.000292969 1.31465e-05

0.000292969 1.34452e-05
0.000317383 1.29456e-05

0.000317383 1.39483e-05
0.000341797 1.2394e-05

0.000341797 1.29958e-05
0.000366211 1.12035e-05

0.000366211 1.07223e-05
0.000390625 1.32054e-05

0.000390625 1.18852e-05
0.000415039 1.56919e-05

0.000415039 1.32584e-05
0.000439453 1.63166e-05

0.000439453 1.47062e-05
0.000463867 1.78515e-05

0.000463867 1.62074e-05
0.000488281 1.89434e-05

0.000488281 1.76586e-05
0.000512695 2.0154e-05

0.000512695 1.89627e-05
0.000537109 2.1179e-05

0.000537109 2.01048e-05
0.000561523 2.21406e-05

0.000561523 2.11818e-05
0.000585937 2.30315e-05

0.000585938 2.20027e-05
0.000610352 2.3942e-05

0.000610352 2.32699e-05
0.000627328 2.44141e-05

0.000626952 2.44141e-05
0.000634766 2.47859e-05

0.000634766 2.23455e-05
0.00064596 2.44141e-05

0.00063982 2.44141e-05
0.00065918 2.78338e-05

0.00065918 2.95652e-05
0.000683594 3.58362e-05

0.000683594 3.52719e-05
0.000708008 4.04031e-05

0.000708008 4.06556e-05
0.000732422 4.52706e-05

0.000732422 4.54485e-05
0.000756836 4.86864e-05

0.000756836 4.86437e-05
0.000760139 4.88281e-05

0.000757904 4.88281e-05
0.00078125 5.01318e-05

0.000830078 4.61076e-05
0.00081037 4.88281e-05

0.00078125 5.02084e-05
0.000805664 4.93797e-05

0.000805664 4.94172e-05
0.000809932 4.88281e-05

0.000830078 4.64702e-05
0.000854492 3.9638e-05

0.000854492 4.34646e-05
0.000878906 2.47698e-05

0.00088975 0
0.000879391 2.44141e-05

0.00090332 3.3006e-06
0.000908406 0

0.000927734 2.30121e-06
0.000952148 4.75294e-06

0.000952148 8.15729e-06
0.000955811 0

0.00146247 0
0.00146484 6.77353e-06

0.00146484 5.46723e-06
0.00148398 2.44141e-05

0.00148345 2.44141e-05
0.00148926 2.64166e-05

0.00148926 1.71127e-05
0.00151367 1.71655e-05

0.00148926 2.44763e-05
0.00150249 2.44141e-05

0.00151367 1.71737e-05
0.00153809 1.70503e-05

0.00152395 2.44141e-05
0.00153809 2.44685e-05

0.0015625 5.36508e-06
0.00154336 2.44141e-05

0.00153809 2.64402e-05
0.00154395 2.44141e-05

0.000390625 0.00311984
0.000213352 0.003125

0.000390625 0.00312011
0.00078125 0.00308534

0.00078125 0.0030858
0.00117187 0.00302602

0.00117188 0.00302708
0.0015625 0.00293921

0.0015625 6.1405e-06
0.00156463 0

0.00165621 0
0.00166016 9.57565e-06

0.00166016 1.05166e-05
0.00167516 2.44141e-05

0.0016744 2.44141e-05
0.00168457 2.8163e-05

0.00168457 1.85663e-05
0.00170898 1.8928e-05

0.00169627 2.44141e-05
0.00170898 2.45127e-05

0.0017334 1.13942e-05
0.00171868 2.44141e-05

0.00170898 2.81925e-05
0.00171952 2.44141e-05

0.0017334 1.19874e-05
0.00173854 0

0.00179819 0
0.00180664 1.59562e-05

0.00180664 5.74946e-06
0.00183105 1.3011e-05

0.00183105 5.83946e-06
0.00185547 5.02837e-06

0.00185553 0
0.00187988 1.81574e-05

0.00187988 1.50093e-05
0.0019043 1.50277e-05

0.0019043 1.48269e-05
0.00192871 3.30867e-06

0.00192871 4.54583e-06
0.00195312 1.23987e-05

0.00195312 9.73644e-06
0.00197754 1.6825e-05

0.00197754 1.65908e-05
0.00200195 9.67727e-06

0.00200195 1.43547e-05
0.00202637 3.09347e-06

0.00202637 3.65865e-06
0.00205078 1.09579e-05

0.00205078 9.38794e-06
0.0020752 1.51588e-05

0.0020752 9.741e-06
0.00209961 1.15749e-05

0.00209961 1.34305e-05
0.00212402 1.34718e-05

0.00212402 1.30607e-05
0.00214844 8.30959e-06

0.00214844 7.95625e-06
0.00217285 1.30648e-05

0.00217285 1.38469e-05
0.00219727 1.38803e-05

0.00219727 1.32003e-05
0.00222168 7.86513e-06

0.00222168 7.78104e-06
0.00224609 1.33204e-05

0.00224609 1.39536e-05
0.00227051 1.40119e-05

0.00227051 1.38432e-05
0.00229492 7.33649e-06

0.00229492 8.07807e-06
0.00231934 1.18679e-05

0.00231934 1.06049e-05
0.00234375 1.50631e-05

0.00234375 1.50981e-05
0.00236816 1.07609e-05

0.00236816 1.24819e-05
0.00239258 7.42464e-06

0.00239258 7.43439e-06
0.00241699 1.25126e-05

0.00241699 1.07142e-05
0.00244141 1.51306e-05

0.00244141 1.51297e-05
0.00246582 1.06941e-05

0.00246582 1.24523e-05
0.00249023 7.49174e-06

0.00249023 7.49434e-06
0.00251465 1.25231e-05

0.00251465 1.0746e-05
0.00253906 1.509e-05

0.00253906 1.50853e-05
0.00256348 1.07142e-05

0.00256348 1.24164e-05
0.00258789 7.60347e-06

0.00258789 7.59724e-06
0.0026123 1.25517e-05

0.0026123 1.08839e-05
0.00263672 1.49648e-05

0.00263672 1.49082e-05
0.00266113 1.0669e-05

0.00266113 1.18949e-05
0.00268555 8.3265e-06

0.00268555 7.54909e-06
0.00270996 1.37728e-05

0.00270996 1.38745e-05
0.00273438 1.40627e-05

0.00273437 1.37975e-05
0.00275879 7.77816e-06

0.00275879 8.54551e-06
0.0027832 1.18715e-05

0.0027832 1.08362e-05
0.00280762 1.47346e-05

0.00280762 1.47379e-05
0.00283203 1.08497e-05

0.00283203 1.19542e-05
0.00285645 8.45876e-06

0.00285645 7.72445e-06
0.00288086 1.36725e-05

0.00288086 1.38267e-05
0.00290527 1.39773e-05

0.00290527 1.35156e-05
0.00292969 8.0842e-06

0.00292969 8.80113e-06
0.0029541 1.21815e-05

0.0029541 1.15338e-05
0.00297852 1.41868e-05

0.00297852 1.20013e-05
0.00300293 1.2492e-05

0.00300293 1.2424e-05
0.00302734 1.39739e-05

0.00302734 1.28716e-05
0.00305176 1.3822e-05

0.00305176 1.33273e-05
0.00307617 1.44666e-05

0.00307617 1.3732e-05
0.00310059 1.46835e-05

0.00310059 1.4125e-05
0.003125 1.51485e-05

0.00175781 0.00288207
0.00158963 0.00292969

0.0015625 0.00293769
0.00159077 0.00292969

0.00175781 0.0028826
0.00195312 0.00281856

0.00234375 0.00265855
0.00217244 0.00273438

0.00195312 0.00281891
0.00214844 0.00274447

0.00214844 0.00274432
0.00217091 0.00273438

0.00292969 0.00230696
0.00287921 0.00234375

0.003125 0.00214198
0.00311795 0.00214844

0.00302734 0.00222812
0.00300528 0.00224609

0.00297852 0.00226706
0.00294317 0.00229492

0.00292969 0.00230645
0.0029445 0.00229492

0.00297852 0.00226722
0.00300502 0.00224609

0.00302734 0.00222867
0.00311878 0.00214844

0.00244141 0.00260995
0.00238708 0.00263672

0.00234375 0.0026572
0.00238533 0.00263672

0.00244141 0.00260976
0.00253906 0.00255811

0.00273438 0.00244379
0.0025748 0.00253906

0.00253906 0.00255757
0.00257071 0.00253906

0.00283203 0.0023767
0.00273581 0.00244141

0.00273438 0.00244352
0.00273763 0.00244141

0.00283203 0.00237588
0.00287674 0.00234375

0 0.00313107
0.000208823 0.003125

0.003125 1.45384e-05
0.00314941 1.55122e-05

0.00314941 1.49987e-05
0.00317383 1.58736e-05

0.00317383 1.53877e-05
0.00319824 1.61358e-05

0.00319824 1.56334e-05
0.00322266 1.65267e-05

0.00322266 1.59856e-05
0.00324707 1.71107e-05

0.00324707 1.65807e-05
0.00327148 1.76156e-05

0.00327148 1.69251e-05
0.0032959 1.81e-05

0.0032959 1.76708e-05
0.00332031 1.87825e-05

0.00332031 1.81156e-05
0.00334473 1.91128e-05

0.00334473 1.92196e-05
0.00336914 1.92281e-05

0.00336914 1.27066e-05
0.00339335 2.44141e-05

0.00339171 2.44141e-05
0.00339355 2.51375e-05

0.00339355 2.69023e-05
0.00341797 4.83881e-05

0.00341779 4.88281e-05
0.00341797 4.90027e-05

0.00341797 4.86025e-05
0.0034182 4.88281e-05

0.00341797 4.91971e-05
0.00344159 7.32422e-05

0.00344166 7.32422e-05
0.00344238 7.40088e-05

0.00344238 7.42071e-05
0.00346391 9.76563e-05

0.00346448 9.76563e-05
0.0034668 0.000100303

0.0034668 0.000101125
0.00348488 0.00012207

0.0034847 0.00012207
0.00349121 0.000129992

0.00349121 0.000129613
0.00350489 0.000146484

0.00350509 0.000146484
0.00351563 0.000160539

0.00351563 0.000160842
0.00354124 0.000195313

0.00354136 0.000195313
0.00356445 0.000230332

0.00356445 0.000231132
0.00357283 0.000244141

0.00357328 0.000244141
0.00360181 0.000292969

0.00360248 0.000292969
0.00361328 0.000314946

0.00361328 0.000316085
0.00362657 0.000341797

0.00362681 0.000341797
0.00364919 0.000390625

0.00364985 0.000390625
0.00368688 0.000488281

0.00368663 0.000488281
0.00371094 0.000575279

0.00371094 0.000576253
0.00371364 0.000585938

0.00371369 0.000585937
0.00373221 0.000683594

0.00373185 0.000683594
0.00374273 0.00078125

0.00374471 0.00078125
0.00374474 0.000976562

0.00374444 0.000976562
0.00371591 0.00117188

0.00371094 0.00118992
0.00365954 0.00136719

0.00365976 0.00136719
0.00357405 0.0015625

0.00371094 0.00118135
0.00371368 0.00117187

0.00332031 0.00193621
0.00330636 0.00195312

0.00351563 0.00166457
0.00345674 0.00175781

0.00341797 0.00181218
0.00338692 0.00185547

0.00332031 0.00193833
0.00338707 0.00185547

0.0034561 0.00175781
0.00342213 0.00180664

0.00341797 0.00180767
0.00341869 0.00180664

0.003125 0.00214625
0.00331124 0.00195312

0.00357199 0.0015625
0.00351801 0.00166016

0.00351563 0.00166227
0.00351688 0.00166016

