7.15609e-05 0
7.32422e-05 4.91572e-06

7.32422e-05 1.34931e-07
9.62215e-05 2.44141e-05

9.76563e-05 1.4103e-05
0.00012207 1.48476e-05

0.00012207 1.37772e-05
0.000146484 1.33269e-05

0.000146484 1.41589e-05
0.000170898 1.41067e-05

0.000170898 1.36292e-05
0.000195313 1.3396e-05

0.000195313 1.39121e-05
0.000219727 1.40026e-05

0.000219727 1.38627e-05
0.000244141 1.32985e-05

0.000244141 1.37495e-05
0.000268555 1.33231e-05

0.000268555 1.35116e-05
0.000292969 1.30219e-05

0.000292969 1.39484e-05
0.000317383 1.24121e-05

0.000317383 1.29557e-05
0.000341797 1.14045e-05

0.000341797 1.08965e-05
0.000366211 1.33601e-05

0.000366211 1.18628e-05
0.000390625 1.58817e-05

0.000390625 1.3158e-05
0.000415039 1.71368e-05

0.000415039 1.50494e-05
0.000439453 1.93632e-05

0.000439453 1.74071e-05
0.000463867 2.09869e-05

0.000463867 1.94221e-05
0.000488281 2.21501e-05

0.000488281 2.07888e-05
0.000512695 2.30611e-05

0.000512695 2.19114e-05
0.000537109 2.42057e-05

0.000537109 2.17523e-05
0.000548568 2.44141e-05

0.000547197 2.44141e-05
0.000561523 2.73442e-05

0.000561523 2.85681e-05
0.000585937 3.7522e-05

0.000585938 3.81591e-05
0.000610352 4.69549e-05

0.000610352 4.7197e-05
0.000616017 4.88281e-05

0.000616359 4.88281e-05
0.000634766 5.41279e-05

0.000634766 5.42484e-05
0.00065918 5.89835e-05

0.00065918 5.90819e-05
0.000683594 6.11316e-05

0.000683594 6.12095e-05
0.000708008 6.02212e-05

0.000708008 6.04418e-05
0.000732422 5.58185e-05

0.000756836 4.71385e-05
0.000752575 4.88281e-05

0.000756836 4.80751e-05
0.00078125 2.94588e-05

0.000732422 5.61755e-05
0.00075095 4.88281e-05

0.000801188 0
0.000789288 2.44141e-05

0.00078125 2.79196e-05
0.000784707 2.44141e-05

0.00088749 0
0.00090332 9.24347e-06

0.00090332 1.03869e-05
0.00091013 0

0.00146213 0
0.00146484 7.67266e-06

0.00146484 5.63024e-06
0.00148407 2.44141e-05

0.00148465 2.44141e-05
0.00148926 2.59898e-05

0.00148926 1.70315e-05
0.00151367 1.72462e-05

0.001508 2.44141e-05
0.00151367 2.4426e-05

0.00151367 1.73783e-05
0.00153809 1.71599e-05

0.00151367 2.44259e-05
0.00151965 2.44141e-05

0.0015625 5.27824e-06
0.00154328 2.44141e-05

0.00153809 2.60697e-05
0.00154286 2.44141e-05

0.000390625 0.00312066
0.000242384 0.003125

0.000390625 0.00312088
0.00078125 0.00308595

0.00078125 0.00308641
0.00117187 0.0030264

0.00117188 0.00302744
0.0015625 0.00293936

0.0015625 6.80972e-06
0.00156488 0

0.00165629 0
0.00166016 9.39751e-06

0.00166016 1.04689e-05
0.00167515 2.44141e-05

0.00167433 2.44141e-05
0.00168457 2.8197e-05

0.00168457 1.85874e-05
0.00170898 1.89465e-05

0.00169669 2.44141e-05
0.00170898 2.45047e-05

0.0017334 1.14149e-05
0.00171866 2.44141e-05

0.00170898 2.81422e-05
0.00171939 2.44141e-05

0.0017334 1.21641e-05
0.00173863 0

0.00179302 0
0.00180664 1.52093e-05

0.00181206 0
0.00183105 1.29319e-05

0.00183105 3.30982e-06
0.00185547 1.607e-05

0.00185547 8.24774e-06
0.00187988 1.42343e-05

0.00187988 1.65106e-05
0.0019043 1.03218e-05

0.0019043 1.21207e-05
0.00192871 2.67681e-06

0.00192871 3.05002e-06
0.00195312 1.42729e-05

0.00195312 9.74128e-06
0.00197754 1.66811e-05

0.00197754 1.67341e-05
0.00200195 9.74653e-06

0.00200195 1.45045e-05
0.00202637 2.70278e-06

0.00202637 3.41942e-06
0.00205078 1.09358e-05

0.00205078 9.15268e-06
0.0020752 1.52736e-05

0.0020752 9.73543e-06
0.00209961 1.1693e-05

0.00209961 1.35899e-05
0.00212402 1.33549e-05

0.00212402 1.30014e-05
0.00214844 8.11762e-06

0.00214844 7.77553e-06
0.00217285 1.31602e-05

0.00217285 1.38768e-05
0.00219727 1.39164e-05

0.00219727 1.32072e-05
0.00222168 7.78127e-06

0.00222168 7.715e-06
0.00224609 1.33491e-05

0.00224609 1.39777e-05
0.00227051 1.40196e-05

0.00227051 1.38428e-05
0.00229492 7.27738e-06

0.00229492 8.03169e-06
0.00231934 1.18842e-05

0.00231934 1.05959e-05
0.00234375 1.5081e-05

0.00234375 1.51175e-05
0.00236816 1.07467e-05

0.00236816 1.24748e-05
0.00239258 7.39702e-06

0.00239258 7.40937e-06
0.00241699 1.25243e-05

0.00241699 1.07099e-05
0.00244141 1.5139e-05

0.00244141 1.51387e-05
0.00246582 1.06886e-05

0.00246582 1.24486e-05
0.00249023 7.48045e-06

0.00249023 7.48509e-06
0.00251465 1.2529e-05

0.00251465 1.07445e-05
0.00253906 1.50929e-05

0.00253906 1.50895e-05
0.00256348 1.07127e-05

0.00256348 1.24167e-05
0.00258789 7.59695e-06

0.00258789 7.59175e-06
0.0026123 1.25528e-05

0.0026123 1.08828e-05
0.00263672 1.49664e-05

0.00263672 1.49079e-05
0.00266113 1.06682e-05

0.00266113 1.18924e-05
0.00268555 8.32898e-06

0.00268555 7.55102e-06
0.00270996 1.37755e-05

0.00270996 1.38792e-05
0.00273438 1.40599e-05

0.00273437 1.38041e-05
0.00275879 7.76615e-06

0.00275879 8.53441e-06
0.0027832 1.18635e-05

0.0027832 1.08253e-05
0.00280762 1.47418e-05

0.00280762 1.47433e-05
0.00283203 1.08481e-05

0.00283203 1.19676e-05
0.00285645 8.43285e-06

0.00285645 7.68879e-06
0.00288086 1.36678e-05

0.00288086 1.38171e-05
0.00290527 1.40069e-05

0.00290527 1.35815e-05
0.00292969 8.0307e-06

0.00292969 8.74395e-06
0.0029541 1.21147e-05

0.0029541 1.14733e-05
0.00297852 1.42366e-05

0.00297852 1.19638e-05
0.00300293 1.25464e-05

0.00300293 1.24287e-05
0.00302734 1.40866e-05

0.00302734 1.29531e-05
0.00305176 1.39208e-05

0.00305176 1.34625e-05
0.00307617 1.44824e-05

0.00307617 1.38209e-05
0.00310059 1.46011e-05

0.00310059 1.4103e-05
0.003125 1.50558e-05

0.00175781 0.00288216
0.00159019 0.00292969

0.0015625 0.00293787
0.00159136 0.00292969

0.00175781 0.00288268
0.00195312 0.00281856

0.00234375 0.00265839
0.00217223 0.00273438

0.00195312 0.00281891
0.00214844 0.00274439

0.00214844 0.00274426
0.00217075 0.00273438

0.00292969 0.0023066
0.00287874 0.00234375

0.003125 0.00214157
0.00311751 0.00214844

0.00302734 0.00222777
0.00300485 0.00224609

0.00297852 0.00226674
0.00294276 0.00229492

0.00292969 0.00230615
0.00294412 0.00229492

0.00297852 0.00226688
0.00300463 0.00224609

0.00302734 0.00222834
0.00311838 0.00214844

0.00244141 0.00260974
0.00238669 0.00263672

0.00234375 0.00265708
0.00238505 0.00263672

0.00244141 0.00260957
0.00253906 0.0025579

0.00273438 0.00244351
0.00257441 0.00253906

0.00253906 0.00255739
0.00257039 0.00253906

0.00283203 0.00237641
0.00273541 0.00244141

0.00273438 0.00244331
0.0027373 0.00244141

0.00283203 0.0023756
0.00287637 0.00234375

0 0.00313193
0.000236861 0.003125

0.003125 1.44572e-05
0.00314941 1.54827e-05

0.00314941 1.49273e-05
0.00317383 1.59099e-05

0.00317383 1.53192e-05
0.00319824 1.62737e-05

0.00319824 1.62308e-05
0.00322266 1.62551e-05

0.00322266 1.55072e-05
0.00324707 1.61282e-05

0.00324707 1.52289e-05
0.00327148 1.83535e-05

0.00327148 1.79393e-05
0.0032959 1.95087e-05

0.0032959 1.86303e-05
0.00332031 1.80628e-05

0.00332031 1.79241e-05
0.00334473 1.83887e-05

0.00334473 1.82767e-05
0.00336914 1.93456e-05

0.00336914 1.3141e-05
0.00339182 2.44141e-05

0.00339009 2.44141e-05
0.00339355 2.57606e-05

0.00339355 2.69345e-05
0.00341797 4.80202e-05

0.00341797 4.80583e-05
0.00341875 4.88281e-05

0.00341797 4.89862e-05
0.00344169 7.32422e-05

0.00344167 7.32422e-05
0.00344238 7.40046e-05

0.00344238 7.41779e-05
0.00346381 9.76563e-05

0.00346437 9.76563e-05
0.0034668 0.00010043

0.0034668 0.000101223
0.00348474 0.00012207

0.00348456 0.00012207
0.00349121 0.00013018

0.00349121 0.000129807
0.00350471 0.000146484

0.00350493 0.000146484
0.00351563 0.000160771

0.00351563 0.000161061
0.00354105 0.000195313

0.00354117 0.000195313
0.00356445 0.000230636

0.00356445 0.000231457
0.00357261 0.000244141

0.00357308 0.000244141
0.00360161 0.000292969

0.00360227 0.000292969
0.00361328 0.000315392

0.00361328 0.000316477
0.00362636 0.000341797

0.0036266 0.000341797
0.00364897 0.000390625

0.00364963 0.000390625
0.00368664 0.000488281

0.00368638 0.000488281
0.00371094 0.000576253

0.00371094 0.00057715
0.00371339 0.000585938

0.00371341 0.000585937
0.00373192 0.000683594

0.00373156 0.000683594
0.00374242 0.00078125

0.0037444 0.00078125
0.0037444 0.000976562

0.0037441 0.000976562
0.00371556 0.00117188

0.00371094 0.00118864
0.00365915 0.00136719

0.00365939 0.00136719
0.00357368 0.0015625

0.00371094 0.00118007
0.00371332 0.00117187

0.00332031 0.00193584
0.00330606 0.00195312

0.00351563 0.00166395
0.00345635 0.00175781

0.00341797 0.00181159
0.0033865 0.00185547

0.00332031 0.00193785
0.00338667 0.00185547

0.00345571 0.00175781
0.00342174 0.00180664

0.00341797 0.00180704
0.00341825 0.00180664

0.003125 0.00214587
0.00331085 0.00195312

0.00357161 0.0015625
0.00351763 0.00166016

0.00351563 0.00166166
0.00351652 0.00166016

