7.14831e-05 0
7.32422e-05 5.13611e-06

7.32422e-05 8.542e-07
9.62103e-05 2.44141e-05

9.70176e-05 2.44141e-05
9.76563e-05 2.46324e-05

9.76563e-05 1.40689e-05
0.00012207 1.43855e-05

0.000119019 2.44141e-05
0.00012207 2.44289e-05

0.00012207 1.36994e-05
0.000146484 1.34448e-05

0.000146484 1.41225e-05
0.000170898 1.39472e-05

0.000170898 1.35106e-05
0.000195313 1.33699e-05

0.000195313 1.39055e-05
0.000219727 1.39536e-05

0.000219727 1.38255e-05
0.000244141 1.3127e-05

0.000244141 1.36463e-05
0.000268555 1.31773e-05

0.000268555 1.3339e-05
0.000292969 1.29293e-05

0.000292969 1.40463e-05
0.000317383 1.21867e-05

0.000317383 1.23168e-05
0.000341797 1.13516e-05

0.000341797 1.0191e-05
0.000366211 1.4744e-05

0.000366211 1.241e-05
0.000390625 1.77016e-05

0.000390625 1.46327e-05
0.000415039 1.88757e-05

0.000415039 1.69828e-05
0.000439453 2.09533e-05

0.000439453 1.91163e-05
0.000463867 2.23332e-05

0.000463867 2.07445e-05
0.000488281 2.36255e-05

0.000488281 2.21791e-05
0.000506565 2.44141e-05

0.000506708 2.44141e-05
0.000512695 2.48805e-05

0.000512695 2.35822e-05
0.000516435 2.44141e-05

0.000517372 2.44141e-05
0.000537109 2.84665e-05

0.000537109 2.87964e-05
0.000561523 3.85225e-05

0.000561523 4.04086e-05
0.000581778 4.88281e-05

0.000582424 4.88281e-05
0.000585937 5.02885e-05

0.000585938 5.03382e-05
0.000610352 5.75742e-05

0.000610352 5.76361e-05
0.000634766 6.21891e-05

0.000634766 6.22638e-05
0.00065918 6.38603e-05

0.00065918 6.3926e-05
0.000683594 6.22848e-05

0.000732422 4.75381e-05
0.00072953 4.88281e-05

0.000683594 6.25056e-05
0.000708008 5.70537e-05

0.000708008 5.74969e-05
0.00072744 4.88281e-05

0.000732422 4.85462e-05
0.000756836 2.74481e-05

0.00077202 0
0.000761622 2.44141e-05

0.000756836 2.5484e-05
0.000757757 2.44141e-05

0.000877601 0
0.000878906 3.73802e-06

0.000878906 4.1491e-06
0.00090332 4.30495e-06

0.00090332 4.05178e-06
0.000904747 0

0.00146259 0
0.00146484 6.45138e-06

0.00146484 5.44308e-06
0.00148393 2.44141e-05

0.00148333 2.44141e-05
0.00148926 2.64644e-05

0.00148926 1.70989e-05
0.00151367 1.72499e-05

0.00148926 2.44682e-05
0.00150425 2.44141e-05

0.00151367 1.73189e-05
0.00153809 1.71151e-05

0.00152109 2.44141e-05
0.00153809 2.44595e-05

0.0015625 5.26486e-06
0.00154337 2.44141e-05

0.00153809 2.64335e-05
0.0015439 2.44141e-05

0.000390625 0.003121
0.000254369 0.003125

0.000390625 0.0031212
0.00078125 0.00308619

0.00078125 0.00308666
0.00117187 0.00302656

0.00117188 0.00302758
0.0015625 0.00293942

0.0015625 6.18526e-06
0.00156465 0

0.00165627 0
0.00166016 9.45216e-06

0.00166016 1.04856e-05
0.00167516 2.44141e-05

0.00167436 2.44141e-05
0.00168457 2.81817e-05

0.00168457 1.85715e-05
0.00170898 1.89336e-05

0.0016966 2.44141e-05
0.00170898 2.45077e-05

0.0017334 1.14175e-05
0.00171866 2.44141e-05

0.00170898 2.81567e-05
0.00171944 2.44141e-05

0.0017334 1.21586e-05
0.00173863 0

0.00179313 0
0.00180664 1.53413e-05

0.00181183 0
0.00183105 1.31313e-05

0.00183105 4.01129e-06
0.00185547 1.55747e-05

0.00185547 7.50364e-06
0.00187988 1.4061e-05

0.00187988 1.66241e-05
0.0019043 1.10548e-05

0.0019043 1.23901e-05
0.00192871 2.2148e-06

0.00192871 2.99446e-06
0.00195312 1.43688e-05

0.00195312 9.73028e-06
0.00197754 1.66293e-05

0.00197754 1.66675e-05
0.00200195 9.78913e-06

0.00200195 1.45739e-05
0.00202637 2.71709e-06

0.00202637 3.40034e-06
0.00205078 1.08656e-05

0.00205078 9.18222e-06
0.0020752 1.52718e-05

0.0020752 9.66985e-06
0.00209961 1.16186e-05

0.00209961 1.35171e-05
0.00212402 1.34375e-05

0.00212402 1.30495e-05
0.00214844 8.13422e-06

0.00214844 7.78091e-06
0.00217285 1.3119e-05

0.00217285 1.38732e-05
0.00219727 1.3927e-05

0.00219727 1.32119e-05
0.00222168 7.75952e-06

0.00222168 7.69143e-06
0.00224609 1.33504e-05

0.00224609 1.39779e-05
0.00227051 1.40294e-05

0.00227051 1.38498e-05
0.00229492 7.26104e-06

0.00229492 8.01634e-06
0.00231934 1.18832e-05

0.00231934 1.05924e-05
0.00234375 1.50901e-05

0.00234375 1.51233e-05
0.00236816 1.07408e-05

0.00236816 1.24729e-05
0.00239258 7.38916e-06

0.00239258 7.40136e-06
0.00241699 1.25271e-05

0.00241699 1.07089e-05
0.00244141 1.51416e-05

0.00244141 1.51405e-05
0.00246582 1.0686e-05

0.00246582 1.24475e-05
0.00249023 7.47748e-06

0.00249023 7.48186e-06
0.00251465 1.25301e-05

0.00251465 1.0744e-05
0.00253906 1.50939e-05

0.00253906 1.50903e-05
0.00256348 1.07117e-05

0.00256348 1.24159e-05
0.00258789 7.59589e-06

0.00258789 7.5905e-06
0.0026123 1.25539e-05

0.0026123 1.08842e-05
0.00263672 1.49658e-05

0.00263672 1.49071e-05
0.00266113 1.06661e-05

0.00266113 1.18903e-05
0.00268555 8.33039e-06

0.00268555 7.55127e-06
0.00270996 1.37767e-05

0.00270996 1.38816e-05
0.00273438 1.40583e-05

0.00273437 1.38046e-05
0.00275879 7.76161e-06

0.00275879 8.52932e-06
0.0027832 1.1864e-05

0.0027832 1.08229e-05
0.00280762 1.47463e-05

0.00280762 1.47493e-05
0.00283203 1.0847e-05

0.00283203 1.19801e-05
0.00285645 8.41288e-06

0.00285645 7.66276e-06
0.00288086 1.36618e-05

0.00288086 1.38114e-05
0.00290527 1.40252e-05

0.00290527 1.36201e-05
0.00292969 7.9923e-06

0.00292969 8.67059e-06
0.0029541 1.21091e-05

0.0029541 1.1431e-05
0.00297852 1.43578e-05

0.00297852 1.20409e-05
0.00300293 1.26155e-05

0.00300293 1.25601e-05
0.00302734 1.40264e-05

0.00302734 1.29645e-05
0.00305176 1.37856e-05

0.00305176 1.33346e-05
0.00307617 1.44615e-05

0.00307617 1.37455e-05
0.00310059 1.47094e-05

0.00310059 1.41878e-05
0.003125 1.51086e-05

0.00175781 0.00288219
0.00159039 0.00292969

0.0015625 0.00293793
0.00159157 0.00292969

0.00175781 0.00288271
0.00195312 0.00281855

0.00234375 0.00265832
0.00217213 0.00273438

0.00195312 0.0028189
0.00214844 0.00274435

0.00214844 0.00274423
0.00217067 0.00273438

0.00292969 0.00230645
0.00287854 0.00234375

0.003125 0.0021414
0.00311732 0.00214844

0.00302734 0.00222763
0.00300467 0.00224609

0.00297852 0.00226661
0.00294259 0.00229492

0.00292969 0.00230602
0.00294395 0.00229492

0.00297852 0.00226674
0.00300446 0.00224609

0.00302734 0.0022282
0.00311821 0.00214844

0.00244141 0.00260965
0.00238652 0.00263672

0.00234375 0.00265702
0.00238493 0.00263672

0.00244141 0.00260949
0.00253906 0.00255781

0.00273438 0.0024434
0.00257424 0.00253906

0.00253906 0.0025573
0.00257025 0.00253906

0.00283203 0.00237629
0.00273524 0.00244141

0.00273438 0.00244321
0.00273716 0.00244141

0.00283203 0.00237549
0.00287621 0.00234375

0 0.00313229
0.000248439 0.003125

0.003125 1.45401e-05
0.00314941 1.53854e-05

0.00314941 1.48588e-05
0.00317383 1.58206e-05

0.00317383 1.53114e-05
0.00319824 1.6227e-05

0.00319824 1.57875e-05
0.00322266 1.64671e-05

0.00322266 1.58855e-05
0.00324707 1.68479e-05

0.00324707 1.63587e-05
0.00327148 1.76266e-05

0.00327148 1.67233e-05
0.0032959 1.83607e-05

0.0032959 1.81771e-05
0.00332031 1.8967e-05

0.00332031 1.77693e-05
0.00334473 1.88895e-05

0.00334473 1.95753e-05
0.00336914 1.98091e-05

0.00336914 1.2731e-05
0.00339355 2.43441e-05

0.00339104 2.44141e-05
0.00339355 2.54128e-05

0.00339355 2.73357e-05
0.00341771 4.88281e-05

0.0034174 4.88281e-05
0.00341797 4.93877e-05

0.00341797 4.97023e-05
0.00344121 7.32422e-05

0.00344129 7.32422e-05
0.00344238 7.43875e-05

0.00344238 7.45898e-05
0.00346364 9.76563e-05

0.00346417 9.76563e-05
0.0034668 0.000100654

0.0034668 0.000101446
0.00348462 0.00012207

0.00348445 0.00012207
0.00349121 0.000130292

0.00349121 0.000129929
0.00350464 0.000146484

0.00350488 0.000146484
0.00351563 0.000160804

0.00351563 0.00016111
0.00354106 0.000195313

0.00354117 0.000195313
0.00356445 0.00023063

0.00356445 0.000231452
0.00357261 0.000244141

0.00357309 0.000244141
0.00360161 0.000292969

0.00360226 0.000292969
0.00361328 0.000315418

0.00361328 0.000316485
0.00362635 0.000341797

0.00362659 0.000341797
0.00364895 0.000390625

0.00364961 0.000390625
0.00368659 0.000488281

0.00368632 0.000488281
0.00371094 0.000576508

0.00371094 0.000577356
0.00371333 0.000585938

0.00371334 0.000585937
0.00373183 0.000683594

0.00373147 0.000683594
0.00374232 0.00078125

0.0037443 0.00078125
0.00374428 0.000976562

0.00374398 0.000976562
0.00371542 0.00117188

0.00371094 0.00118816
0.003659 0.00136719

0.00365925 0.00136719
0.00357352 0.0015625

0.00371094 0.00117958
0.00371317 0.00117187

0.00332031 0.00193568
0.00330593 0.00195312

0.00351563 0.0016637
0.00345619 0.00175781

0.00341797 0.00181136
0.00338633 0.00185547

0.00332031 0.00193766
0.00338651 0.00185547

0.00345555 0.00175781
0.00342159 0.00180664

0.00341797 0.00180679
0.00341808 0.00180664

0.003125 0.00214571
0.00331069 0.00195312

0.00357146 0.0015625
0.00351747 0.00166016

0.00351563 0.00166142
0.00351638 0.00166016

