7.11746e-05 0
7.32422e-05 5.97925e-06

7.32422e-05 2.0213e-06
9.69504e-05 2.44141e-05

9.76563e-05 1.36871e-05
0.00012207 1.21742e-05

0.00012207 1.28706e-05
0.000146484 1.20692e-05

0.000146484 1.05268e-05
0.000170898 1.42348e-05

0.000170898 1.14042e-05
0.000195313 1.88364e-05

0.000195313 1.56551e-05
0.000219727 2.15297e-05

0.000219727 1.87578e-05
0.000244141 2.3232e-05

0.000244141 2.15004e-05
0.000266787 2.44141e-05

0.000266166 2.44141e-05
0.000268555 2.45731e-05

0.000268555 2.32671e-05
0.000285034 2.44141e-05

0.000277876 2.44141e-05
0.000292969 2.51193e-05

0.000292969 2.26196e-05
0.000299349 2.44141e-05

0.00030291 2.44141e-05
0.000317383 2.837e-05

0.000317383 3.04423e-05
0.000341797 4.47401e-05

0.000341797 4.74829e-05
0.000344072 4.88281e-05

0.000345522 4.88281e-05
0.000366211 6.1059e-05

0.000366211 6.11799e-05
0.000390625 7.17348e-05

0.000390625 7.15148e-05
0.000396936 7.32422e-05

0.00039597 7.32422e-05
0.000415039 7.8462e-05

0.000415039 7.83979e-05
0.000439453 8.12481e-05

0.000439453 8.13693e-05
0.000463867 8.01466e-05

0.000463867 8.04169e-05
0.000488281 7.43383e-05

0.000537109 3.9219e-05
0.000530264 4.88281e-05

0.000512695 6.23297e-05
0.000491927 7.32422e-05

0.000512695 6.20612e-05
0.000528341 4.88281e-05

0.000549182 0
0.00054497 2.44141e-05

0.000537109 3.95317e-05
0.000546441 2.44141e-05

0.000876933 0
0.000878906 5.34543e-06

0.000878906 4.03665e-06
0.00090332 3.99853e-06

0.00090332 5.2959e-06
0.000905272 0

0.0014623 0
0.00146484 7.26635e-06

0.00146484 5.37298e-06
0.00148413 2.44141e-05

0.00148438 2.44141e-05
0.00148926 2.60895e-05

0.00148926 1.69397e-05
0.00151367 1.73666e-05

0.00151367 1.7481e-05
0.00153809 1.72111e-05

0.00151367 2.44168e-05
0.00151456 2.44141e-05

0.0015625 5.21241e-06
0.00154326 2.44141e-05

0.00153809 2.60231e-05
0.00154271 2.44141e-05

0.000390625 0.00312415
0.000362354 0.003125

0.000390625 0.00312411
0.00078125 0.00308844

0.00078125 0.00308888
0.00117187 0.00302796

0.00117188 0.00302895
0.0015625 0.00293994

0.0015625 6.96473e-06
0.00156493 0

0.00165625 0
0.00166016 9.49796e-06

0.00166016 1.04817e-05
0.00167516 2.44141e-05

0.00167435 2.44141e-05
0.00168457 2.8187e-05

0.00168457 1.85873e-05
0.00170898 1.89523e-05

0.00169659 2.44141e-05
0.00170898 2.45087e-05

0.0017334 1.14013e-05
0.00171868 2.44141e-05

0.00170898 2.81699e-05
0.00171945 2.44141e-05

0.0017334 1.20511e-05
0.00173857 0

0.00179368 0
0.00180664 1.59876e-05

0.00180983 0
0.00183105 1.36359e-05

0.00183105 5.13023e-06
0.00185547 1.44443e-05

0.00185547 7.15192e-06
0.00187988 1.38597e-05

0.00187988 1.59981e-05
0.0019043 1.176e-05

0.0019043 1.29831e-05
0.00192871 2.69321e-06

0.00192871 3.34627e-06
0.00195312 1.37109e-05

0.00195312 9.70168e-06
0.00197754 1.6766e-05

0.00197754 1.66501e-05
0.00200195 9.69946e-06

0.00200195 1.48749e-05
0.00202637 2.43702e-06

0.00202637 3.08784e-06
0.00205078 1.05853e-05

0.00205078 8.87915e-06
0.0020752 1.54998e-05

0.0020752 9.57844e-06
0.00209961 1.16578e-05

0.00209961 1.3642e-05
0.00212402 1.34027e-05

0.00212402 1.30486e-05
0.00214844 7.87301e-06

0.00214844 7.52507e-06
0.00217285 1.3188e-05

0.00217285 1.38975e-05
0.00219727 1.40019e-05

0.00219727 1.32598e-05
0.00222168 7.59206e-06

0.00222168 7.53076e-06
0.00224609 1.33654e-05

0.00224609 1.39894e-05
0.00227051 1.40898e-05

0.00227051 1.38939e-05
0.00229492 7.13681e-06

0.00229492 7.90063e-06
0.00231934 1.18825e-05

0.00231934 1.05642e-05
0.00234375 1.51594e-05

0.00234375 1.51824e-05
0.00236816 1.06932e-05

0.00236816 1.24609e-05
0.00239258 7.30264e-06

0.00239258 7.31534e-06
0.00241699 1.25547e-05

0.00241699 1.06946e-05
0.00244141 1.51762e-05

0.00244141 1.5171e-05
0.00246582 1.06615e-05

0.00246582 1.24418e-05
0.00249023 7.43153e-06

0.00249023 7.43597e-06
0.00251465 1.25438e-05

0.00251465 1.07352e-05
0.00253906 1.51134e-05

0.00253906 1.51076e-05
0.00256348 1.06994e-05

0.00256348 1.2418e-05
0.00258789 7.56571e-06

0.00258789 7.55933e-06
0.0026123 1.25575e-05

0.0026123 1.08749e-05
0.00263672 1.49826e-05

0.00263672 1.49232e-05
0.00266113 1.06568e-05

0.00266113 1.1886e-05
0.00268555 8.30886e-06

0.00268555 7.5267e-06
0.00270996 1.37902e-05

0.00270996 1.39005e-05
0.00273438 1.40582e-05

0.00273437 1.38227e-05
0.00275879 7.70689e-06

0.00275879 8.47558e-06
0.0027832 1.18555e-05

0.0027832 1.08022e-05
0.00280762 1.47778e-05

0.00280762 1.47763e-05
0.00283203 1.0825e-05

0.00283203 1.19498e-05
0.00285645 8.39055e-06

0.00285645 7.66369e-06
0.00288086 1.36794e-05

0.00288086 1.38117e-05
0.00290527 1.39887e-05

0.00290527 1.34462e-05
0.00292969 8.13497e-06

0.00292969 8.81568e-06
0.0029541 1.2307e-05

0.0029541 1.15949e-05
0.00297852 1.42613e-05

0.00297852 1.2126e-05
0.00300293 1.25465e-05

0.00300293 1.25217e-05
0.00302734 1.3918e-05

0.00302734 1.28898e-05
0.00305176 1.37694e-05

0.00305176 1.32931e-05
0.00307617 1.44374e-05

0.00307617 1.37165e-05
0.00310059 1.46692e-05

0.00310059 1.41423e-05
0.003125 1.50673e-05

0.00175781 0.00288229
0.00159197 0.00292969

0.0015625 0.00293846
0.00159318 0.00292969

0.00175781 0.00288281
0.00195312 0.00281831

0.00234375 0.00265751
0.00217083 0.00273438

0.00195312 0.00281868
0.00214844 0.00274383

0.00214844 0.00274379
0.00216962 0.00273438

0.00292969 0.0023049
0.00287649 0.00234375

0.003125 0.00213969
0.00311545 0.00214844

0.00302734 0.00222611
0.00300278 0.00224609

0.00297852 0.00226521
0.00294079 0.00229492

0.00292969 0.00230466
0.00294221 0.00229492

0.00297852 0.00226525
0.00300271 0.00224609

0.00302734 0.00222671
0.00311647 0.00214844

0.00244141 0.00260865
0.00238461 0.00263672

0.00234375 0.00265634
0.00238345 0.00263672

0.00244141 0.00260857
0.00253906 0.0025568

0.00273438 0.00244213
0.0025724 0.00253906

0.00253906 0.00255639
0.00256868 0.00253906

0.00273438 0.00244077
0.00283203 0.002375

0.00273438 0.00244214
0.00273551 0.00244141

0.00283203 0.00237422
0.00287451 0.00234375

0 0.0031356
0.000352707 0.003125

0.003125 1.44953e-05
0.00314941 1.53637e-05

0.00314941 1.48273e-05
0.00317383 1.57999e-05

0.00317383 1.52736e-05
0.00319824 1.62135e-05

0.00319824 1.57002e-05
0.00322266 1.65417e-05

0.00322266 1.58871e-05
0.00324707 1.70815e-05

0.00324707 1.6606e-05
0.00327148 1.77979e-05

0.00327148 1.70031e-05
0.0032959 1.81945e-05

0.0032959 1.78438e-05
0.00332031 1.8862e-05

0.00332031 1.80541e-05
0.00334473 1.91707e-05

0.00334473 1.921e-05
0.00336914 1.9729e-05

0.00336914 1.33777e-05
0.0033926 2.44141e-05

0.0033913 2.44141e-05
0.00339355 2.52667e-05

0.00339355 2.67808e-05
0.00341797 4.82118e-05

0.00341758 4.88281e-05
0.00341797 4.92149e-05

0.00341797 4.95039e-05
0.00344107 7.32422e-05

0.00344134 7.32422e-05
0.00344238 7.43436e-05

0.00344238 7.4572e-05
0.00346361 9.76563e-05

0.00346413 9.76563e-05
0.0034668 0.000100703

0.0034668 0.000101485
0.00348453 0.00012207

0.00348435 0.00012207
0.00349121 0.000130452

0.00349121 0.000130092
0.00350446 0.000146484

0.00350473 0.000146484
0.00351563 0.000161075

0.00351563 0.000161385
0.00354077 0.000195313

0.00354088 0.000195313
0.00356445 0.000231162

0.00356445 0.000232005
0.00357223 0.000244141

0.00357272 0.000244141
0.00360116 0.000292969

0.00360177 0.000292969
0.00361328 0.000316486

0.00361328 0.000317394
0.00362585 0.000341797

0.00362607 0.000341797
0.00364837 0.000390625

0.00364903 0.000390625
0.00368592 0.000488281

0.00368564 0.000488281
0.00371094 0.000579254

0.00371094 0.000579882
0.00371262 0.000585938

0.00371258 0.000585937
0.00373099 0.000683594

0.00373063 0.000683594
0.0037414 0.00078125

0.00374337 0.00078125
0.00374321 0.000976562

0.0037429 0.000976562
0.00371423 0.00117188

0.00371094 0.00118385
0.00365767 0.00136719

0.00365796 0.00136719
0.00357216 0.0015625

0.00371094 0.00117526
0.00371192 0.00117187

0.00332031 0.00193415
0.00330468 0.00195312

0.00351563 0.00166146
0.00345477 0.00175781

0.00341797 0.00180928
0.00338481 0.00185547

0.00332031 0.00193573
0.003385 0.00185547

0.00345415 0.00175781
0.0034202 0.00180664

0.003125 0.00214405
0.00330907 0.00195312

0.0035701 0.0015625
0.00351609 0.00166016

