7.32422e-05 1.89546e-06
9.76563e-05 2.36887e-06

0.000121078 0
0.00012207 1.36496e-06

0.00012207 2.83504e-06
0.000146484 8.74383e-06

0.000170898 1.9608e-05
0.000160286 2.44141e-05

0.000170898 4.55072e-05
0.000170762 4.88281e-05

0.000195313 6.78733e-06
0.000190586 2.44141e-05

0.000183016 2.44141e-05
0.000178669 4.88281e-05

0.000180676 4.88281e-05
0.000188849 7.32422e-05

0.000188823 7.32422e-05
0.000195313 8.31168e-05

0.000195313 9.22667e-06
0.000197814 0

0.000195313 8.38113e-05
0.000206528 9.76563e-05

0.000206771 9.76563e-05
0.000219727 0.000108485

0.000219727 0.000108323
0.000244141 0.000120891

0.000244141 0.000120274
0.000253982 0.00012207

0.000254144 0.00012207
0.000268555 0.000124701

0.000268555 0.000124649
0.000292969 0.000122394

0.000341797 9.68823e-05
0.000341091 9.76563e-05

0.000357854 0
0.000360249 2.44141e-05

0.000363566 2.44141e-05
0.000364119 4.88281e-05

0.000364211 4.88281e-05
0.000356103 7.32422e-05

0.000341797 9.28926e-05
0.000356311 7.32422e-05

0.000317383 0.000113187
0.000294753 0.00012207

0.000292969 0.000122697
0.000294566 0.00012207

0.000317383 0.000113809
0.000337663 9.76563e-05

0.000876958 0
0.000878906 5.28896e-06

0.000878906 4.03098e-06
0.00090332 4.01851e-06

0.00090332 5.27256e-06
0.000905261 0

0.00146241 0
0.00146484 6.93715e-06

0.00146484 5.4553e-06
0.00148404 2.44141e-05

0.00148427 2.44141e-05
0.00148926 2.6132e-05

0.00148926 1.70742e-05
0.00151367 1.726e-05

0.00151367 1.72706e-05
0.00153809 1.71172e-05

0.0015625 5.44979e-06
0.00154332 2.44141e-05

0.00153809 2.61256e-05
0.00154305 2.44141e-05

0.00078125 0.0030902
0.000404386 0.003125

0.00078125 0.00309063
0.00117187 0.00302922

0.00117188 0.00303022
0.0015625 0.00294059

0.0015625 6.90183e-06
0.00156492 0

0.00165627 0
0.00166016 9.4575e-06

0.00166016 1.04611e-05
0.00167516 2.44141e-05

0.00167435 2.44141e-05
0.00168457 2.81929e-05

0.00168457 1.85989e-05
0.00170898 1.89633e-05

0.00169658 2.44141e-05
0.00170898 2.45087e-05

0.0017334 1.13812e-05
0.00171867 2.44141e-05

0.00170898 2.81763e-05
0.00171946 2.44141e-05

0.0017334 1.20395e-05
0.00173856 0

0.00179407 0
0.00180664 1.64854e-05

0.00180842 0
0.00183105 1.42197e-05

0.00183105 6.25471e-06
0.00185547 1.37112e-05

0.00185547 7.14867e-06
0.00187988 1.35522e-05

0.00187988 1.5628e-05
0.0019043 1.213e-05

0.0019043 1.33428e-05
0.00192871 2.94029e-06

0.00192871 3.48754e-06
0.00195312 1.33161e-05

0.00195312 9.64076e-06
0.00197754 1.68987e-05

0.00197754 1.67014e-05
0.00200195 9.63723e-06

0.00200195 1.51209e-05
0.00202637 2.11562e-06

0.00202637 2.76158e-06
0.00205078 1.04356e-05

0.00205078 8.74729e-06
0.0020752 1.56131e-05

0.0020752 9.40387e-06
0.00209961 1.15631e-05

0.00209961 1.35951e-05
0.00212402 1.3519e-05

0.00212402 1.31284e-05
0.00214844 7.73875e-06

0.00214844 7.36269e-06
0.00217285 1.31739e-05

0.00217285 1.39335e-05
0.00219727 1.40699e-05

0.00219727 1.32664e-05
0.00222168 7.45129e-06

0.00222168 7.41254e-06
0.00224609 1.34235e-05

0.00224609 1.40663e-05
0.00227051 1.40818e-05

0.00227051 1.38976e-05
0.00229492 6.95905e-06

0.00229492 7.74652e-06
0.00231934 1.19202e-05

0.00231934 1.05279e-05
0.00234375 1.52262e-05

0.00234375 1.52464e-05
0.00236816 1.0647e-05

0.00236816 1.24551e-05
0.00239258 7.19569e-06

0.00239258 7.20795e-06
0.00241699 1.25828e-05

0.00241699 1.06734e-05
0.00244141 1.52246e-05

0.00244141 1.52131e-05
0.00246582 1.06318e-05

0.00246582 1.24405e-05
0.00249023 7.36562e-06

0.00249023 7.36959e-06
0.00251465 1.25591e-05

0.00251465 1.07213e-05
0.00253906 1.51449e-05

0.00253906 1.51345e-05
0.00256348 1.06814e-05

0.00256348 1.24182e-05
0.00258789 7.52368e-06

0.00258789 7.51584e-06
0.0026123 1.25675e-05

0.0026123 1.08669e-05
0.00263672 1.50052e-05

0.00263672 1.49417e-05
0.00266113 1.06457e-05

0.00266113 1.18893e-05
0.00268555 8.28064e-06

0.00268555 7.49786e-06
0.00270996 1.37924e-05

0.00270996 1.38967e-05
0.00273438 1.40696e-05

0.00273437 1.38182e-05
0.00275879 7.7051e-06

0.00275879 8.47529e-06
0.0027832 1.18662e-05

0.0027832 1.08081e-05
0.00280762 1.47798e-05

0.00280762 1.47783e-05
0.00283203 1.08299e-05

0.00283203 1.19805e-05
0.00285645 8.36994e-06

0.00285645 7.6274e-06
0.00288086 1.36625e-05

0.00288086 1.38122e-05
0.00290527 1.40168e-05

0.00290527 1.35267e-05
0.00292969 8.03845e-06

0.00292969 8.68001e-06
0.0029541 1.22625e-05

0.0029541 1.153e-05
0.00297852 1.44073e-05

0.00297852 1.2133e-05
0.00300293 1.26434e-05

0.00300293 1.26376e-05
0.00302734 1.40116e-05

0.00302734 1.30319e-05
0.00305176 1.37108e-05

0.00305176 1.33496e-05
0.00307617 1.42987e-05

0.00307617 1.36437e-05
0.00310059 1.45272e-05

0.00310059 1.39897e-05
0.003125 1.50217e-05

0.00175781 0.00288252
0.00159383 0.00292969

0.0015625 0.00293912
0.0015953 0.00292969

0.00175781 0.00288305
0.00195312 0.00281821

0.00234375 0.00265679
0.00216978 0.00273438

0.00195312 0.00281857
0.00214844 0.00274341

0.00214844 0.00274349
0.00216888 0.00273438

0.00292969 0.00230338
0.00287449 0.00234375

0.003125 0.00213793
0.00311354 0.00214844

0.00302734 0.00222461
0.00300092 0.00224609

0.00297852 0.00226384
0.00293904 0.00229492

0.00292969 0.00230332
0.0029405 0.00229492

0.00297852 0.00226384
0.00300095 0.00224609

0.00302734 0.00222524
0.00311475 0.00214844

0.00244141 0.00260772
0.00238288 0.00263672

0.00234375 0.00265577
0.00238221 0.00263672

0.00244141 0.00260773
0.00253906 0.00255586

0.00273438 0.0024409
0.00257067 0.00253906

0.00253906 0.00255555
0.00256724 0.00253906

0.00273438 0.00243959
0.00283203 0.00237373

0.00283203 0.00237302
0.00287288 0.00234375

0 0.00313804
0.000390625 0.00312612

0.000390625 0.00312612
0.000402723 0.003125

0.003125 1.43952e-05
0.00314941 1.54102e-05

0.00314941 1.4862e-05
0.00317383 1.58024e-05

0.00317383 1.52718e-05
0.00319824 1.61066e-05

0.00319824 1.55461e-05
0.00322266 1.65488e-05

0.00322266 1.59432e-05
0.00324707 1.71973e-05

0.00324707 1.6606e-05
0.00327148 1.77619e-05

0.00327148 1.69893e-05
0.0032959 1.83162e-05

0.0032959 1.78172e-05
0.00332031 1.9122e-05

0.00332031 1.84619e-05
0.00334473 1.94531e-05

0.00334473 1.93795e-05
0.00336914 1.95421e-05

0.00336914 1.35153e-05
0.00339289 2.44141e-05

0.00339229 2.44141e-05
0.00339355 2.48757e-05

0.00339355 2.6348e-05
0.00341797 4.74913e-05

0.0034179 4.88281e-05
0.00341797 4.88928e-05

0.00341797 4.75928e-05
0.0034192 4.88281e-05

0.00341801 4.88281e-05
0.00344152 7.32422e-05

0.0034416 7.32422e-05
0.00344238 7.40871e-05

0.00344238 7.42977e-05
0.00346359 9.76563e-05

0.00346417 9.76563e-05
0.0034668 0.000100672

0.0034668 0.000101182
0.0035046 0.000146484

0.00350466 0.000146484
0.00351563 0.000161194

0.00351563 0.000161531
0.00354064 0.000195313

0.00354078 0.000195313
0.00356445 0.000231328

0.00356445 0.000232234
0.00357208 0.000244141

0.0035726 0.000244141
0.00360102 0.000292969

0.00360162 0.000292969
0.00361328 0.000316812

0.00361328 0.000317661
0.0036257 0.000341797

0.00362591 0.000341797
0.00364818 0.000390625

0.00364884 0.000390625
0.00368566 0.000488281

0.00368537 0.000488281
0.00371094 0.000580487

0.00371094 0.000580944
0.00371232 0.000585938

0.00371224 0.000585937
0.00373056 0.000683594

0.0037302 0.000683594
0.00374089 0.00078125

0.00374286 0.00078125
0.00374252 0.000976562

0.00374222 0.000976562
0.00371337 0.00117188

0.00371094 0.00118073
0.00365658 0.00136719

0.00365692 0.00136719
0.00357092 0.0015625

0.00332031 0.00193247
0.00330331 0.00195312

0.00351563 0.00165908
0.00351503 0.00166016

0.00351509 0.00166016
0.00345328 0.00175781

0.00341797 0.00180702
0.00338314 0.00185547

0.00332031 0.00193373
0.00338337 0.00185547

0.00345268 0.00175781
0.00341866 0.00180664

0.003125 0.0021424
0.00330739 0.00195312

0.00351563 0.00165856
0.00356886 0.0015625

