9.50915e-05 0
9.76563e-05 5.80928e-06

9.76563e-05 1.54286e-06
0.00012207 1.60244e-06

0.000142815 0
0.000146484 4.10168e-06

0.00016215 0
0.000170898 2.12493e-05

0.000195313 1.54094e-05
0.000193039 2.44141e-05

0.000192067 2.44141e-05
0.000186935 4.88281e-05

0.000187508 4.88281e-05
0.000190978 7.32422e-05

0.000190591 7.32422e-05
0.000195313 8.30796e-05

0.000207185 0
0.000200282 2.44141e-05

0.000195313 2.56024e-05
0.000195655 2.44141e-05

0.000195313 8.34277e-05
0.000202483 9.76563e-05

0.000201742 9.76563e-05
0.000219727 0.000116789

0.000219727 0.000116205
0.000229465 0.00012207

0.000230293 0.00012207
0.000244141 0.000129818

0.000244141 0.000129496
0.000268555 0.000134552

0.000268555 0.000134463
0.000292969 0.000131957

0.000345915 0
0.000349798 2.44141e-05

0.00035363 2.44141e-05
0.000357614 4.88281e-05

0.000357598 4.88281e-05
0.000354052 7.32422e-05

0.000354742 7.32422e-05
0.000342318 9.76563e-05

0.000317383 0.000121933
0.000317077 0.00012207

0.000292969 0.000132493
0.000316122 0.00012207

0.000341797 9.94897e-05
0.000318343 0.00012207

0.000317383 0.000122485
0.000318006 0.00012207

0.000341797 9.89666e-05
0.000342791 9.76563e-05

0.000877036 0
0.000878906 5.11271e-06

0.000878906 3.86829e-06
0.00090332 4.16932e-06

0.00090332 5.505e-06
0.000905366 0

0.00146275 0
0.00146484 5.99728e-06

0.00146484 5.47454e-06
0.00148383 2.44141e-05

0.00148311 2.44141e-05
0.00148926 2.65502e-05

0.00148926 1.71747e-05
0.00151367 1.72607e-05

0.00148926 2.44762e-05
0.00150178 2.44141e-05

0.00151367 1.72526e-05
0.00153809 1.71766e-05

0.00152569 2.44141e-05
0.00153809 2.44767e-05

0.0015625 5.50034e-06
0.00154352 2.44141e-05

0.00153809 2.65424e-05
0.00154421 2.44141e-05

0.000390625 0.00312207
0.000290446 0.003125

0.000390625 0.00312238
0.00078125 0.00308755

0.00078125 0.00308816
0.00117187 0.00302817

0.00117188 0.00302915
0.0015625 0.00294082

0.0015625 6.02909e-06
0.00156461 0

0.00165622 0
0.00166016 9.53177e-06

0.00166016 1.05468e-05
0.00167509 2.44141e-05

0.00167434 2.44141e-05
0.00168457 2.8199e-05

0.00168457 1.8625e-05
0.00170898 1.89835e-05

0.00169654 2.44141e-05
0.00170898 2.45075e-05

0.0017334 1.14419e-05
0.00171875 2.44141e-05

0.00170898 2.81847e-05
0.00171946 2.44141e-05

0.0017334 1.19562e-05
0.00173853 0

0.00179443 0
0.00180664 1.71383e-05

0.00180664 1.01068e-07
0.00183105 1.4971e-05

0.00183105 7.77376e-06
0.00185547 1.28441e-05

0.00185547 7.28112e-06
0.00187988 1.30999e-05

0.00187988 1.50043e-05
0.0019043 1.26901e-05

0.0019043 1.38859e-05
0.00192871 3.55007e-06

0.00192871 3.91665e-06
0.00195312 1.26155e-05

0.00195312 9.57347e-06
0.00197754 1.70187e-05

0.00197754 1.67058e-05
0.00200195 9.58578e-06

0.00200195 1.55317e-05
0.00202637 1.68955e-06

0.00202637 2.32124e-06
0.00205078 1.01375e-05

0.00205078 8.48158e-06
0.0020752 1.58312e-05

0.0020752 9.17961e-06
0.00209961 1.14821e-05

0.00209961 1.36088e-05
0.00212402 1.36235e-05

0.00212402 1.32107e-05
0.00214844 7.47026e-06

0.00214844 7.08496e-06
0.00217285 1.31826e-05

0.00217285 1.39754e-05
0.00219727 1.41431e-05

0.00219727 1.32255e-05
0.00222168 7.26411e-06

0.00222168 7.24595e-06
0.00224609 1.35553e-05

0.00224609 1.42402e-05
0.00227051 1.4034e-05

0.00227051 1.39084e-05
0.00229492 6.61733e-06

0.00229492 7.43779e-06
0.00231934 1.20002e-05

0.00231934 1.04678e-05
0.00234375 1.53675e-05

0.00234375 1.53758e-05
0.00236816 1.05539e-05

0.00236816 1.24555e-05
0.00239258 6.98494e-06

0.00239258 7.00083e-06
0.00241699 1.26224e-05

0.00241699 1.0619e-05
0.00244141 1.53165e-05

0.00244141 1.53015e-05
0.00246582 1.05662e-05

0.00246582 1.24365e-05
0.00249023 7.20724e-06

0.00249023 7.21241e-06
0.00251465 1.25896e-05

0.00251465 1.06804e-05
0.00253906 1.52142e-05

0.00253906 1.52007e-05
0.00256348 1.06319e-05

0.00256348 1.24189e-05
0.00258789 7.40124e-06

0.00258789 7.39476e-06
0.0026123 1.25837e-05

0.0026123 1.08291e-05
0.00263672 1.50603e-05

0.00263672 1.49963e-05
0.00266113 1.06067e-05

0.00266113 1.1872e-05
0.00268555 8.19432e-06

0.00268555 7.4133e-06
0.00270996 1.38226e-05

0.00270996 1.38849e-05
0.00273438 1.41032e-05

0.00273437 1.38321e-05
0.00275879 7.69814e-06

0.00275879 8.47573e-06
0.0027832 1.18591e-05

0.0027832 1.08051e-05
0.00280762 1.47803e-05

0.00280762 1.47822e-05
0.00283203 1.08233e-05

0.00283203 1.19626e-05
0.00285645 8.37269e-06

0.00285645 7.62885e-06
0.00288086 1.36836e-05

0.00288086 1.38421e-05
0.00290527 1.39995e-05

0.00290527 1.3509e-05
0.00292969 8.01517e-06

0.00292969 8.65736e-06
0.0029541 1.22952e-05

0.0029541 1.15728e-05
0.00297852 1.43914e-05

0.00297852 1.21443e-05
0.00300293 1.25639e-05

0.00300293 1.25855e-05
0.00302734 1.39627e-05

0.00302734 1.2944e-05
0.00305176 1.37286e-05

0.00305176 1.32819e-05
0.00307617 1.44188e-05

0.00307617 1.36642e-05
0.00310059 1.47231e-05

0.00310059 1.41485e-05
0.003125 1.51978e-05

0.00175781 0.00288334
0.00159492 0.00292969

0.0015625 0.00293963
0.00159746 0.00292969

0.00175781 0.00288395
0.00195312 0.00281956

0.00234375 0.00265867
0.00217355 0.00273438

0.00195312 0.00281988
0.00214844 0.00274504

0.00214844 0.00274529
0.00217298 0.00273438

0.00292969 0.00230526
0.00287707 0.00234375

0.003125 0.00213932
0.00311508 0.00214844

0.00302734 0.00222652
0.00300333 0.00224609

0.00297852 0.00226576
0.00294144 0.00229492

0.00292969 0.00230525
0.00294302 0.00229492

0.00297852 0.00226583
0.00300338 0.00224609

0.00302734 0.00222725
0.0031169 0.00214844

0.00244141 0.00260955
0.00238651 0.00263672

0.00234375 0.00265781
0.00238638 0.00263672

0.00244141 0.00260966
0.00253906 0.00255783

0.00273438 0.00244292
0.00257398 0.00253906

0.00253906 0.00255774
0.00257092 0.00253906

0.00283203 0.00237573
0.00273465 0.00244141

0.00273438 0.00244289
0.00273666 0.00244141

0.00283203 0.00237527
0.00287585 0.00234375

0 0.00313354
0.000292118 0.003125

0.003125 1.46177e-05
0.00314941 1.54478e-05

0.00314941 1.4936e-05
0.00317383 1.57725e-05

0.00317383 1.52552e-05
0.00319824 1.62146e-05

0.00319824 1.5768e-05
0.00322266 1.6591e-05

0.00322266 1.58943e-05
0.00324707 1.70264e-05

0.00324707 1.6778e-05
0.00327148 1.76308e-05

0.00327148 1.65776e-05
0.0032959 1.79294e-05

0.0032959 1.79466e-05
0.00332031 1.90538e-05

0.00332031 1.81648e-05
0.00334473 1.85373e-05

0.00334473 1.8673e-05
0.00336914 1.90725e-05

0.00336914 1.25991e-05
0.00339269 2.44141e-05

0.0033906 2.44141e-05
0.00339355 2.55985e-05

0.00339355 2.4311e-05
0.00339366 2.44141e-05

0.00339355 2.69861e-05
0.00341797 4.86636e-05

0.00341742 4.88281e-05
0.00341797 4.93747e-05

0.00341797 4.96912e-05
0.00344098 7.32422e-05

0.00344125 7.32422e-05
0.00344238 7.444e-05

0.00344238 7.47163e-05
0.0034635 9.76563e-05

0.00346407 9.76563e-05
0.0034668 0.000100772

0.0034668 0.00010162
0.00348445 0.00012207

0.00348428 0.00012207
0.00349121 0.000130508

0.00349121 0.000130126
0.00350446 0.000146484

0.00350473 0.000146484
0.00351563 0.000161063

0.00351563 0.000161468
0.00354072 0.000195313

0.0035409 0.000195313
0.00356445 0.000231139

0.00356445 0.000232237
0.00357208 0.000244141

0.00357269 0.000244141
0.00360113 0.000292969

0.00360176 0.000292969
0.00361328 0.000316517

0.00361328 0.000317464
0.00362581 0.000341797

0.00362604 0.000341797
0.00364832 0.000390625

0.00364898 0.000390625
0.00368583 0.000488281

0.00368555 0.000488281
0.00371094 0.000579702

0.00371094 0.000580259
0.00371251 0.000585938

0.00371246 0.000585937
0.00373083 0.000683594

0.00373047 0.000683594
0.00374121 0.00078125

0.00374319 0.00078125
0.00374297 0.000976562

0.00374267 0.000976562
0.00371394 0.00117188

0.00371094 0.00118262
0.00365727 0.00136719

0.00365762 0.00136719
0.0035718 0.0015625

0.00371094 0.00117945
0.00371314 0.00117187

0.00332031 0.00193419
0.00330475 0.00195312

0.00351563 0.00166088
0.0034544 0.00175781

0.00341797 0.00180868
0.00338442 0.00185547

0.00332031 0.0019355
0.00338467 0.00185547

0.00345381 0.00175781
0.00341986 0.00180664

0.00341797 0.00180858
0.00341935 0.00180664

0.003125 0.00214435
0.00330899 0.00195312

0.00356974 0.0015625
0.00351573 0.00166016

0.00351563 0.00166091
0.00351607 0.00166016

