9.51287e-05 0
9.76563e-05 5.75807e-06

9.76563e-05 1.51733e-06
0.00012207 1.63697e-06

0.000142825 0
0.000146484 4.05921e-06

0.0001625 0
0.000170898 2.20055e-05

0.000195313 1.51928e-05
0.000192987 2.44141e-05

0.000191976 2.44141e-05
0.000186839 4.88281e-05

0.000187409 4.88281e-05
0.000190869 7.32422e-05

0.000190475 7.32422e-05
0.000195313 8.33184e-05

0.000207085 0
0.000200193 2.44141e-05

0.000195313 2.55375e-05
0.000195636 2.44141e-05

0.000195313 8.36558e-05
0.000202359 9.76563e-05

0.000201613 9.76563e-05
0.000219727 0.000116912

0.000219727 0.000116313
0.000229321 0.00012207

0.000230113 0.00012207
0.000244141 0.000129906

0.000244141 0.000129567
0.000268555 0.000134585

0.000268555 0.000134499
0.000292969 0.000131955

0.00034576 0
0.000349647 2.44141e-05

0.000353481 2.44141e-05
0.000357475 4.88281e-05

0.000357459 4.88281e-05
0.000353927 7.32422e-05

0.000354615 7.32422e-05
0.000342211 9.76563e-05

0.000317383 0.000121867
0.000316934 0.00012207

0.000292969 0.000132495
0.000316016 0.00012207

0.000341797 9.93746e-05
0.000318273 0.00012207

0.000317383 0.000122439
0.000317936 0.00012207

0.000341797 9.88459e-05
0.000342697 9.76563e-05

0.00087702 0
0.000878906 5.14938e-06

0.000878906 3.9194e-06
0.00090332 4.12738e-06

0.00090332 5.42235e-06
0.000905328 0

0.00146275 0
0.00146484 6.00187e-06

0.00146484 5.50029e-06
0.00148381 2.44141e-05

0.00148311 2.44141e-05
0.00148926 2.65539e-05

0.00148926 1.71806e-05
0.00151367 1.7268e-05

0.00148926 2.44762e-05
0.00150178 2.44141e-05

0.00151367 1.72735e-05
0.00153809 1.71928e-05

0.00152564 2.44141e-05
0.00153809 2.44766e-05

0.0015625 5.49665e-06
0.00154353 2.44141e-05

0.00153809 2.65496e-05
0.00154422 2.44141e-05

0.000390625 0.00312083
0.000247118 0.003125

0.000390625 0.00312115
0.00078125 0.00308655

0.00078125 0.00308718
0.00117187 0.00302751

0.00117188 0.00302849
0.0015625 0.00294053

0.0015625 6.04524e-06
0.00156461 0

0.00165625 0
0.00166016 9.48662e-06

0.00166016 1.05333e-05
0.00167509 2.44141e-05

0.00167431 2.44141e-05
0.00168457 2.82154e-05

0.00168457 1.86426e-05
0.00170898 1.89972e-05

0.00169655 2.44141e-05
0.00170898 2.45055e-05

0.0017334 1.14404e-05
0.00171874 2.44141e-05

0.00170898 2.81823e-05
0.00171946 2.44141e-05

0.0017334 1.20268e-05
0.00173857 0

0.00179396 0
0.00180664 1.72902e-05

0.00180664 2.94765e-07
0.00183105 1.46738e-05

0.00183105 7.74503e-06
0.00185547 1.29323e-05

0.00185547 7.34004e-06
0.00187988 1.30625e-05

0.00187988 1.49131e-05
0.0019043 1.27275e-05

0.0019043 1.393e-05
0.00192871 3.68838e-06

0.00192871 4.01829e-06
0.00195312 1.25177e-05

0.00195312 9.58104e-06
0.00197754 1.70049e-05

0.00197754 1.66706e-05
0.00200195 9.59319e-06

0.00200195 1.56027e-05
0.00202637 1.66953e-06

0.00202637 2.29074e-06
0.00205078 1.00564e-05

0.00205078 8.42722e-06
0.0020752 1.58708e-05

0.0020752 9.15758e-06
0.00209961 1.14808e-05

0.00209961 1.36191e-05
0.00212402 1.36231e-05

0.00212402 1.32123e-05
0.00214844 7.43125e-06

0.00214844 7.0393e-06
0.00217285 1.31966e-05

0.00217285 1.39938e-05
0.00219727 1.41538e-05

0.00219727 1.32401e-05
0.00222168 7.20751e-06

0.00222168 7.18786e-06
0.00224609 1.35638e-05

0.00224609 1.42436e-05
0.00227051 1.4061e-05

0.00227051 1.39323e-05
0.00229492 6.57545e-06

0.00229492 7.40059e-06
0.00231934 1.19932e-05

0.00231934 1.04531e-05
0.00234375 1.53934e-05

0.00234375 1.54003e-05
0.00236816 1.0538e-05

0.00236816 1.24577e-05
0.00239258 6.94118e-06

0.00239258 6.95766e-06
0.00241699 1.26295e-05

0.00241699 1.06069e-05
0.00244141 1.53369e-05

0.00244141 1.53216e-05
0.00246582 1.05523e-05

0.00246582 1.24369e-05
0.00249023 7.1711e-06

0.00249023 7.17652e-06
0.00251465 1.25961e-05

0.00251465 1.06707e-05
0.00253906 1.5231e-05

0.00253906 1.52173e-05
0.00256348 1.06206e-05

0.00256348 1.24195e-05
0.00258789 7.37142e-06

0.00258789 7.36555e-06
0.0026123 1.25882e-05

0.0026123 1.08221e-05
0.00263672 1.50721e-05

0.00263672 1.50066e-05
0.00266113 1.05956e-05

0.00266113 1.18673e-05
0.00268555 8.17644e-06

0.00268555 7.39176e-06
0.00270996 1.38307e-05

0.00270996 1.38897e-05
0.00273438 1.41091e-05

0.00273437 1.38431e-05
0.00275879 7.67518e-06

0.00275879 8.45237e-06
0.0027832 1.18542e-05

0.0027832 1.07967e-05
0.00280762 1.47961e-05

0.00280762 1.47904e-05
0.00283203 1.08184e-05

0.00283203 1.19629e-05
0.00285645 8.36217e-06

0.00285645 7.62703e-06
0.00288086 1.3677e-05

0.00288086 1.38065e-05
0.00290527 1.40151e-05

0.00290527 1.34958e-05
0.00292969 8.08885e-06

0.00292969 8.78469e-06
0.0029541 1.22438e-05

0.0029541 1.15432e-05
0.00297852 1.4266e-05

0.00297852 1.2044e-05
0.00300293 1.26013e-05

0.00300293 1.251e-05
0.00302734 1.40729e-05

0.00302734 1.2987e-05
0.00305176 1.38923e-05

0.00305176 1.34401e-05
0.00307617 1.44808e-05

0.00307617 1.3822e-05
0.00310059 1.46371e-05

0.00310059 1.41756e-05
0.003125 1.50143e-05

0.00175781 0.00288325
0.00159403 0.00292969

0.0015625 0.0029394
0.00159675 0.00292969

0.00175781 0.00288387
0.00195312 0.00281966

0.00234375 0.0026591
0.00217422 0.00273438

0.00195312 0.00281999
0.00214844 0.00274532

0.00214844 0.00274559
0.0021737 0.00273438

0.00292969 0.00230602
0.00287808 0.00234375

0.003125 0.00214007
0.00311589 0.00214844

0.00302734 0.00222734
0.00300433 0.00224609

0.00297852 0.00226652
0.00294239 0.00229492

0.00292969 0.00230599
0.002944 0.00229492

0.00297852 0.00226664
0.00300433 0.00224609

0.00302734 0.00222806
0.00311784 0.00214844

0.00244141 0.00261004
0.00238742 0.00263672

0.00234375 0.00265826
0.00238735 0.00263672

0.00244141 0.00261016
0.00253906 0.00255839

0.00273438 0.00244359
0.00257496 0.00253906

0.00253906 0.00255835
0.00257197 0.00253906

0.00283203 0.00237644
0.00273563 0.00244141

0.00273438 0.00244355
0.00273769 0.00244141

0.00283203 0.00237605
0.0028769 0.00234375

0 0.00313224
0.000249257 0.003125

0.003125 1.44985e-05
0.00314941 1.52962e-05

0.00314941 1.48267e-05
0.00317383 1.56623e-05

0.00317383 1.51533e-05
0.00319824 1.60328e-05

0.00319824 1.54745e-05
0.00322266 1.65137e-05

0.00322266 1.58817e-05
0.00324707 1.71231e-05

0.00324707 1.64399e-05
0.00327148 1.77894e-05

0.00327148 1.699e-05
0.0032959 1.85388e-05

0.0032959 1.85867e-05
0.00332031 1.86568e-05

0.00332031 1.70304e-05
0.00334473 1.86378e-05

0.00334473 1.97362e-05
0.00336914 2.07221e-05

0.00336914 1.3226e-05
0.00339355 2.43563e-05

0.00339086 2.44141e-05
0.00339355 2.54611e-05

0.00339355 2.37462e-05
0.0033942 2.44141e-05

0.00339355 2.75503e-05
0.00341766 4.88281e-05

0.0034174 4.88281e-05
0.00341797 4.93833e-05

0.00341797 4.87764e-05
0.00341802 4.88281e-05

0.00341797 4.96566e-05
0.00344136 7.32422e-05

0.00344139 7.32422e-05
0.00344238 7.42894e-05

0.00344238 7.44916e-05
0.00346372 9.76563e-05

0.00346432 9.76563e-05
0.0034668 0.000100477

0.0034668 0.00010137
0.00348467 0.00012207

0.0034845 0.00012207
0.00349121 0.00013024

0.00349121 0.000129861
0.00350468 0.000146484

0.00350494 0.000146484
0.00351563 0.000160779

0.00351563 0.000161203
0.00354092 0.000195313

0.0035411 0.000195313
0.00356445 0.000230828

0.00356445 0.00023196
0.00357227 0.000244141

0.00357289 0.000244141
0.00360133 0.000292969

0.00360196 0.000292969
0.00361328 0.000316101

0.00361328 0.000317086
0.003626 0.000341797

0.00362624 0.000341797
0.00364853 0.000390625

0.00364918 0.000390625
0.00368603 0.000488281

0.00368575 0.000488281
0.00371094 0.000578911

0.00371094 0.000579466
0.00371274 0.000585938

0.00371268 0.000585937
0.00373107 0.000683594

0.00373071 0.000683594
0.00374148 0.00078125

0.00374346 0.00078125
0.0037433 0.000976562

0.003743 0.000976562
0.00371434 0.00117188

0.00371094 0.00118401
0.00365775 0.00136719

0.0036581 0.00136719
0.00357238 0.0015625

0.00371094 0.00118141
0.00371371 0.00117187

0.00332031 0.00193509
0.00330549 0.00195312

0.00351563 0.00166187
0.00345508 0.00175781

0.00341797 0.00180967
0.00338515 0.00185547

0.00332031 0.00193645
0.00338541 0.00185547

0.00345449 0.00175781
0.00342057 0.00180664

0.00341797 0.00180954
0.00342003 0.00180664

0.003125 0.00214522
0.00330981 0.00195312

0.00357031 0.0015625
0.00351636 0.00166016

0.00351563 0.00166193
0.00351668 0.00166016

