9.51465e-05 0
9.76563e-05 5.73342e-06

9.76563e-05 1.50388e-06
0.00012207 1.65468e-06

0.00014283 0
0.000146484 4.04046e-06

0.000162674 0
0.000170898 2.24158e-05

0.000195313 1.5096e-05
0.000192964 2.44141e-05

0.000191925 2.44141e-05
0.000186788 4.88281e-05

0.000187357 4.88281e-05
0.000190816 7.32422e-05

0.000190418 7.32422e-05
0.000195313 8.343e-05

0.000207028 0
0.000200141 2.44141e-05

0.000195313 2.54831e-05
0.00019562 2.44141e-05

0.000195313 8.37622e-05
0.000202305 9.76563e-05

0.000201556 9.76563e-05
0.000219727 0.000116961

0.000219727 0.000116355
0.000229271 0.00012207

0.000230044 0.00012207
0.000244141 0.000129937

0.000244141 0.00012959
0.000268555 0.00013459

0.000268555 0.000134504
0.000292969 0.000131943

0.000345694 0
0.000349582 2.44141e-05

0.000353416 2.44141e-05
0.000357412 4.88281e-05

0.000357396 4.88281e-05
0.000353866 7.32422e-05

0.000354554 7.32422e-05
0.000342153 9.76563e-05

0.000317383 0.000121821
0.000316833 0.00012207

0.000292969 0.000132484
0.000315939 0.00012207

0.000341797 9.93102e-05
0.000318226 0.00012207

0.000317383 0.000122406
0.000317886 0.00012207

0.000341797 9.87816e-05
0.000342648 9.76563e-05

0.000877009 0
0.000878906 5.17395e-06

0.000878906 3.94093e-06
0.00090332 4.10715e-06

0.00090332 5.39231e-06
0.000905314 0

0.00146275 0
0.00146484 5.99586e-06

0.00146484 5.50104e-06
0.00148382 2.44141e-05

0.00148311 2.44141e-05
0.00148926 2.65498e-05

0.00148926 1.71719e-05
0.00151367 1.72621e-05

0.00148926 2.44759e-05
0.00150186 2.44141e-05

0.00151367 1.72757e-05
0.00153809 1.71928e-05

0.00152558 2.44141e-05
0.00153809 2.44762e-05

0.0015625 5.48098e-06
0.00154352 2.44141e-05

0.00153809 2.65461e-05
0.00154421 2.44141e-05

0.000390625 0.00312022
0.000225666 0.003125

0.000390625 0.00312054
0.00078125 0.00308604

0.00078125 0.00308668
0.00117187 0.00302716

0.00117188 0.00302814
0.0015625 0.00294035

0.0015625 6.03975e-06
0.00156461 0

0.00165626 0
0.00166016 9.45019e-06

0.00166016 1.05239e-05
0.00167509 2.44141e-05

0.0016743 2.44141e-05
0.00168457 2.82212e-05

0.00168457 1.86465e-05
0.00170898 1.89986e-05

0.00169656 2.44141e-05
0.00170898 2.45042e-05

0.0017334 1.14394e-05
0.00171873 2.44141e-05

0.00170898 2.81762e-05
0.00171944 2.44141e-05

0.0017334 1.20724e-05
0.00173859 0

0.0017936 0
0.00180664 1.73745e-05

0.00180664 4.00934e-07
0.00183105 1.44285e-05

0.00183105 7.69484e-06
0.00185547 1.30077e-05

0.00185547 7.34845e-06
0.00187988 1.3039e-05

0.00187988 1.48696e-05
0.0019043 1.27558e-05

0.0019043 1.39475e-05
0.00192871 3.74642e-06

0.00192871 4.06543e-06
0.00195312 1.24793e-05

0.00195312 9.58726e-06
0.00197754 1.69941e-05

0.00197754 1.6648e-05
0.00200195 9.60046e-06

0.00200195 1.56438e-05
0.00202637 1.66305e-06

0.00202637 2.287e-06
0.00205078 9.99868e-06

0.00205078 8.34932e-06
0.0020752 1.59225e-05

0.0020752 9.19093e-06
0.00209961 1.15267e-05

0.00209961 1.36723e-05
0.00212402 1.35636e-05

0.00212402 1.31835e-05
0.00214844 7.39195e-06

0.00214844 6.99818e-06
0.00217285 1.32304e-05

0.00217285 1.40038e-05
0.00219727 1.41616e-05

0.00219727 1.32541e-05
0.00222168 7.18343e-06

0.00222168 7.1656e-06
0.00224609 1.35596e-05

0.00224609 1.42414e-05
0.00227051 1.40706e-05

0.00227051 1.394e-05
0.00229492 6.55696e-06

0.00229492 7.38447e-06
0.00231934 1.19884e-05

0.00231934 1.04419e-05
0.00234375 1.54036e-05

0.00234375 1.54118e-05
0.00236816 1.05326e-05

0.00236816 1.24597e-05
0.00239258 6.91671e-06

0.00239258 6.93311e-06
0.00241699 1.26342e-05

0.00241699 1.06006e-05
0.00244141 1.53502e-05

0.00244141 1.53343e-05
0.00246582 1.05459e-05

0.00246582 1.24395e-05
0.00249023 7.15003e-06

0.00249023 7.15549e-06
0.00251465 1.25996e-05

0.00251465 1.06653e-05
0.00253906 1.52429e-05

0.00253906 1.52284e-05
0.00256348 1.0615e-05

0.00256348 1.24179e-05
0.00258789 7.35707e-06

0.00258789 7.35039e-06
0.0026123 1.25963e-05

0.0026123 1.08234e-05
0.00263672 1.50806e-05

0.00263672 1.50136e-05
0.00266113 1.05923e-05

0.00266113 1.18713e-05
0.00268555 8.16785e-06

0.00268555 7.38262e-06
0.00270996 1.38293e-05

0.00270996 1.38891e-05
0.00273438 1.41127e-05

0.00273437 1.38409e-05
0.00275879 7.67247e-06

0.00275879 8.45352e-06
0.0027832 1.18558e-05

0.0027832 1.07992e-05
0.00280762 1.47891e-05

0.00280762 1.47927e-05
0.00283203 1.08053e-05

0.00283203 1.18849e-05
0.00285645 8.41789e-06

0.00285645 7.69573e-06
0.00288086 1.37531e-05

0.00288086 1.39491e-05
0.00290527 1.38823e-05

0.00290527 1.3385e-05
0.00292969 7.97409e-06

0.00292969 8.64339e-06
0.0029541 1.242e-05

0.0029541 1.15917e-05
0.00297852 1.438e-05

0.00297852 1.21453e-05
0.00300293 1.26409e-05

0.00300293 1.26295e-05
0.00302734 1.40338e-05

0.00302734 1.3044e-05
0.00305176 1.37537e-05

0.00305176 1.33916e-05
0.00307617 1.43179e-05

0.00307617 1.36791e-05
0.00310059 1.45149e-05

0.00310059 1.40029e-05
0.003125 1.49972e-05

0.00175781 0.00288317
0.00159345 0.00292969

0.0015625 0.00293924
0.00159625 0.00292969

0.00175781 0.00288379
0.00195312 0.00281967

0.00234375 0.00265928
0.00217446 0.00273438

0.00195312 0.00282
0.00214844 0.00274542

0.00214844 0.0027457
0.00217397 0.00273438

0.00292969 0.00230639
0.00287856 0.00234375

0.003125 0.00214045
0.00311631 0.00214844

0.00302734 0.00222774
0.00300482 0.00224609

0.00297852 0.0022669
0.00294285 0.00229492

0.00292969 0.00230635
0.00294447 0.00229492

0.00297852 0.00226704
0.0030048 0.00224609

0.00302734 0.00222846
0.0031183 0.00214844

0.00244141 0.00261025
0.0023878 0.00263672

0.00234375 0.00265844
0.00238775 0.00263672

0.00244141 0.00261038
0.00253906 0.00255864

0.00273438 0.00244391
0.00257539 0.00253906

0.00253906 0.00255862
0.00257244 0.00253906

0.00283203 0.00237677
0.00273609 0.00244141

0.00273438 0.00244386
0.00273817 0.00244141

0.00283203 0.00237641
0.00287739 0.00234375

0 0.0031316
0.000227996 0.003125

0.003125 1.43854e-05
0.00314941 1.53827e-05

0.00314941 1.48121e-05
0.00317383 1.58105e-05

0.00317383 1.5243e-05
0.00319824 1.61942e-05

0.00319824 1.56524e-05
0.00322266 1.66033e-05

0.00322266 1.60239e-05
0.00324707 1.70889e-05

0.00324707 1.63999e-05
0.00327148 1.77848e-05

0.00327148 1.69644e-05
0.0032959 1.87425e-05

0.0032959 1.89479e-05
0.00332031 1.87147e-05

0.00332031 1.71854e-05
0.00334473 1.80558e-05

0.00334473 1.92752e-05
0.00336914 2.01282e-05

0.00336914 1.28016e-05
0.00339355 2.4115e-05

0.00339158 2.44141e-05
0.00339355 2.51727e-05

0.00339355 2.35988e-05
0.00339434 2.44141e-05

0.00339355 2.68508e-05
0.00341797 4.84342e-05

0.00341769 4.88281e-05
0.00341797 4.9104e-05

0.00341797 4.80573e-05
0.00341875 4.88281e-05

0.00341797 4.92053e-05
0.00344148 7.32422e-05

0.00344153 7.32422e-05
0.00344238 7.41484e-05

0.00344238 7.43735e-05
0.00346366 9.76563e-05

0.00346426 9.76563e-05
0.0034668 0.000100566

0.0034668 0.000101131
0.00350478 0.000146484

0.00350486 0.000146484
0.00351563 0.000160871

0.00351563 0.000161319
0.00354084 0.000195313

0.00354104 0.000195313
0.00356445 0.000230892

0.00356445 0.000232063
0.0035722 0.000244141

0.00357284 0.000244141
0.00360131 0.000292969

0.00360195 0.000292969
0.00361328 0.000316104

0.00361328 0.000317119
0.003626 0.000341797

0.00362624 0.000341797
0.00364856 0.000390625

0.00364921 0.000390625
0.00368612 0.000488281

0.00368584 0.000488281
0.00371094 0.000578473

0.00371094 0.000579074
0.00371285 0.000585938

0.0037128 0.000585937
0.00373122 0.000683594

0.00373086 0.000683594
0.00374165 0.00078125

0.00374363 0.00078125
0.00374352 0.000976562

0.00374321 0.000976562
0.00371459 0.00117188

0.00371094 0.00118486
0.00365803 0.00136719

0.00365838 0.00136719
0.0035727 0.0015625

0.00371094 0.00118249
0.00371402 0.00117187

0.00332031 0.00193556
0.00330587 0.00195312

0.00351563 0.00166242
0.00345545 0.00175781

0.00341797 0.0018102
0.00338554 0.00185547

0.00332031 0.00193695
0.0033858 0.00185547

0.00345486 0.00175781
0.00342094 0.00180664

0.00341797 0.00181005
0.00342039 0.00180664

0.003125 0.00214566
0.00331024 0.00195312

0.00357064 0.0015625
0.0035167 0.00166016

0.00351563 0.0016625
0.00351701 0.00166016

