9.51551e-05 0
9.76563e-05 5.72145e-06

9.76563e-05 1.49715e-06
0.00012207 1.66347e-06

0.000142832 0
0.000146484 4.03159e-06

0.000162762 0
0.000170898 2.26314e-05

0.000195313 1.50497e-05
0.000192952 2.44141e-05

0.000191898 2.44141e-05
0.000186762 4.88281e-05

0.00018733 4.88281e-05
0.000190788 7.32422e-05

0.00019039 7.32422e-05
0.000195313 8.34871e-05

0.000206998 0
0.000200114 2.44141e-05

0.000195313 2.54481e-05
0.00019561 2.44141e-05

0.000195313 8.3817e-05
0.000202277 9.76563e-05

0.000201527 9.76563e-05
0.000219727 0.000116986

0.000219727 0.000116376
0.000229246 0.00012207

0.00023001 0.00012207
0.000244141 0.000129952

0.000244141 0.000129601
0.000268555 0.000134592

0.000268555 0.000134507
0.000292969 0.000131936

0.000345661 0
0.000349549 2.44141e-05

0.000353383 2.44141e-05
0.00035738 4.88281e-05

0.000357364 4.88281e-05
0.000353834 7.32422e-05

0.000354523 7.32422e-05
0.000342124 9.76563e-05

0.000317383 0.0001218
0.000316787 0.00012207

0.000292969 0.000132478
0.000315899 0.00012207

0.000341797 9.92772e-05
0.000318202 0.00012207

0.000317383 0.000122388
0.00031786 0.00012207

0.000341797 9.87478e-05
0.000342622 9.76563e-05

0.000876564 0
0.000878906 6.12793e-06

0.000878906 4.6746e-06
0.00090332 3.34682e-06

0.00090332 4.3875e-06
0.000904885 0

0.00146275 0
0.00146484 6.01223e-06

0.00146484 5.32599e-06
0.00148386 2.44141e-05

0.00148333 2.44141e-05
0.00148926 2.64886e-05

0.00148926 1.71973e-05
0.00151367 1.74547e-05

0.00148926 2.44565e-05
0.00150873 2.44141e-05

0.00151367 1.74287e-05
0.00153809 1.7172e-05

0.00151857 2.44141e-05
0.00153809 2.44569e-05

0.0015625 5.37852e-06
0.0015435 2.44141e-05

0.00153809 2.64877e-05
0.00154402 2.44141e-05

0.000390625 0.00311993
0.000215141 0.003125

0.000390625 0.00312025
0.00078125 0.00308579

0.00078125 0.00308643
0.00117187 0.00302698

0.00117188 0.00302796
0.0015625 0.00294025

0.0015625 6.00344e-06
0.00156459 0

0.00165626 0
0.00166016 9.44863e-06

0.00166016 1.0534e-05
0.00167508 2.44141e-05

0.0016743 2.44141e-05
0.00168457 2.82184e-05

0.00168457 1.86348e-05
0.00170898 1.89837e-05

0.00169654 2.44141e-05
0.00170898 2.45034e-05

0.0017334 1.14474e-05
0.00171873 2.44141e-05

0.00170898 2.81686e-05
0.00171943 2.44141e-05

0.0017334 1.20862e-05
0.0017386 0

0.0017934 0
0.00180664 1.74149e-05

0.00180664 4.54543e-07
0.00183105 1.42883e-05

0.00183105 7.66237e-06
0.00185547 1.30517e-05

0.00185547 7.34903e-06
0.00187988 1.30263e-05

0.00187988 1.48469e-05
0.0019043 1.27725e-05

0.0019043 1.39558e-05
0.00192871 3.7758e-06

0.00192871 4.08992e-06
0.00195312 1.24612e-05

0.00195312 9.59352e-06
0.00197754 1.6986e-05

0.00197754 1.66332e-05
0.00200195 9.60188e-06

0.00200195 1.56603e-05
0.00202637 1.66697e-06

0.00202637 2.27705e-06
0.00205078 9.98241e-06

0.00205078 8.36252e-06
0.0020752 1.5922e-05

0.0020752 9.16833e-06
0.00209961 1.15029e-05

0.00209961 1.36474e-05
0.00212402 1.35973e-05

0.00212402 1.32046e-05
0.00214844 7.4011e-06

0.00214844 7.00246e-06
0.00217285 1.3216e-05

0.00217285 1.40038e-05
0.00219727 1.41706e-05

0.00219727 1.3328e-05
0.00222168 7.11137e-06

0.00222168 7.07499e-06
0.00224609 1.34927e-05

0.00224609 1.41322e-05
0.00227051 1.41836e-05

0.00227051 1.4009e-05
0.00229492 6.62727e-06

0.00229492 7.43679e-06
0.00231934 1.19151e-05

0.00231934 1.04344e-05
0.00234375 1.54104e-05

0.00234375 1.54127e-05
0.00236816 1.0528e-05

0.00236816 1.24574e-05
0.00239258 6.91198e-06

0.00239258 6.92714e-06
0.00241699 1.26353e-05

0.00241699 1.05988e-05
0.00244141 1.53519e-05

0.00244141 1.53361e-05
0.00246582 1.05434e-05

0.00246582 1.24376e-05
0.00249023 7.14653e-06

0.00249023 7.15204e-06
0.00251465 1.26014e-05

0.00251465 1.06654e-05
0.00253906 1.52428e-05

0.00253906 1.52282e-05
0.00256348 1.06132e-05

0.00256348 1.24129e-05
0.00258789 7.36039e-06

0.00258789 7.35459e-06
0.0026123 1.25995e-05

0.0026123 1.08227e-05
0.00263672 1.50793e-05

0.00263672 1.50171e-05
0.00266113 1.05958e-05

0.00266113 1.18731e-05
0.00268555 8.1636e-06

0.00268555 7.38038e-06
0.00270996 1.38315e-05

0.00270996 1.38912e-05
0.00273438 1.41135e-05

0.00273437 1.38497e-05
0.00275879 7.66177e-06

0.00275879 8.44334e-06
0.0027832 1.18464e-05

0.0027832 1.07861e-05
0.00280762 1.4799e-05

0.00280762 1.48007e-05
0.00283203 1.08074e-05

0.00283203 1.19603e-05
0.00285645 8.33108e-06

0.00285645 7.59358e-06
0.00288086 1.36805e-05

0.00288086 1.38246e-05
0.00290527 1.40017e-05

0.00290527 1.33998e-05
0.00292969 8.11219e-06

0.00292969 8.74634e-06
0.0029541 1.24358e-05

0.0029541 1.16722e-05
0.00297852 1.43693e-05

0.00297852 1.22138e-05
0.00300293 1.25793e-05

0.00300293 1.26318e-05
0.00302734 1.39195e-05

0.00302734 1.29548e-05
0.00305176 1.36759e-05

0.00305176 1.32684e-05
0.00307617 1.43406e-05

0.00307617 1.36251e-05
0.00310059 1.46174e-05

0.00310059 1.40642e-05
0.003125 1.5079e-05

0.00175781 0.00288312
0.00159315 0.00292969

0.0015625 0.00293916
0.00159598 0.00292969

0.00175781 0.00288374
0.00195312 0.00281967

0.00234375 0.00265936
0.00217457 0.00273438

0.00195312 0.00282
0.00214844 0.00274546

0.00214844 0.00274575
0.00217409 0.00273438

0.00292969 0.00230658
0.0028788 0.00234375

0.003125 0.00214065
0.00311653 0.00214844

0.00302734 0.00222794
0.00300507 0.00224609

0.00297852 0.00226708
0.00294308 0.00229492

0.00292969 0.00230653
0.00294471 0.00229492

0.00297852 0.00226724
0.00300504 0.00224609

0.00302734 0.00222866
0.00311854 0.00214844

0.00244141 0.00261035
0.00238797 0.00263672

0.00234375 0.00265853
0.00238794 0.00263672

0.00244141 0.00261048
0.00253906 0.00255876

0.00273438 0.00244406
0.0025756 0.00253906

0.00253906 0.00255875
0.00257267 0.00253906

0.00283203 0.00237694
0.00273632 0.00244141

0.00273438 0.00244401
0.0027384 0.00244141

0.00283203 0.0023766
0.00287764 0.00234375

0 0.00313129
0.000217558 0.003125

0.003125 1.44864e-05
0.00314941 1.53685e-05

0.00314941 1.48442e-05
0.00317383 1.57375e-05

0.00317383 1.5191e-05
0.00319824 1.61564e-05

0.00319824 1.55796e-05
0.00322266 1.66564e-05

0.00322266 1.60949e-05
0.00324707 1.715e-05

0.00324707 1.6628e-05
0.00327148 1.75222e-05

0.00327148 1.66461e-05
0.0032959 1.82647e-05

0.0032959 1.79571e-05
0.00332031 1.93145e-05

0.00332031 1.8277e-05
0.00334473 1.93486e-05

0.00334473 1.96301e-05
0.00336914 1.97849e-05

0.00336914 1.32069e-05
0.00339297 2.44141e-05

0.00339119 2.44141e-05
0.00339355 2.5332e-05

0.00339355 2.72093e-05
0.00341797 4.87276e-05

0.00341745 4.88281e-05
0.00341797 4.93352e-05

0.00341797 4.85401e-05
0.00341826 4.88281e-05

0.00341797 4.96023e-05
0.00344113 7.32422e-05

0.00344123 7.32422e-05
0.00344238 7.44608e-05

0.00344238 7.47012e-05
0.00346345 9.76563e-05

0.00346404 9.76563e-05
0.0034668 0.000100807

0.0034668 0.000101646
0.00348442 0.00012207

0.00348425 0.00012207
0.00349121 0.00013053

0.00349121 0.000130178
0.00350444 0.000146484

0.00350478 0.000146484
0.00351563 0.00016094

0.00351563 0.000161418
0.00354083 0.000195313

0.00354103 0.000195313
0.00356445 0.000230836

0.00356445 0.000232015
0.00357225 0.000244141

0.00357289 0.000244141
0.0036014 0.000292969

0.00360205 0.000292969
0.00361328 0.000315873

0.00361328 0.000316916
0.00362612 0.000341797

0.00362636 0.000341797
0.00364869 0.000390625

0.00364935 0.000390625
0.00368626 0.000488281

0.00368598 0.000488281
0.00371094 0.000577969

0.00371094 0.000578534
0.003713 0.000585938

0.00371294 0.000585937
0.00373136 0.000683594

0.00373099 0.000683594
0.00374179 0.00078125

0.00374376 0.00078125
0.00374365 0.000976562

0.00374335 0.000976562
0.00371473 0.00117188

0.00371094 0.00118537
0.00365819 0.00136719

0.00365854 0.00136719
0.00357288 0.0015625

0.00371094 0.00118311
0.0037142 0.00117187

0.00332031 0.00193581
0.00330608 0.00195312

0.00351563 0.00166272
0.00345565 0.00175781

0.00341797 0.00181049
0.00338575 0.00185547

0.00332031 0.00193721
0.00338601 0.00185547

0.00345506 0.00175781
0.00342115 0.00180664

0.00341797 0.00181033
0.00342059 0.00180664

0.003125 0.00214589
0.00331046 0.00195312

0.00357082 0.0015625
0.00351689 0.00166016

0.00351563 0.00166281
0.0035172 0.00166016

