7.12323e-05 0
7.32422e-05 5.77319e-06

7.38748e-05 0
9.76563e-05 2.19566e-05

9.76563e-05 7.19221e-06
0.00012207 1.27226e-05

0.00012207 1.5367e-05
0.000146484 1.27674e-05

0.000146484 1.28949e-05
0.000170898 3.72598e-06

0.000170898 3.31104e-06
0.000195313 1.48645e-05

0.000195313 1.48608e-05
0.000219727 1.47939e-05

0.000219727 1.31494e-05
0.000244141 4.93889e-06

0.000244141 6.5484e-06
0.000268555 1.34813e-05

0.000268555 1.14484e-05
0.000292969 1.46107e-05

0.000292969 1.20268e-05
0.000317383 1.21624e-05

0.000317383 1.24308e-05
0.000341797 1.38146e-05

0.000341797 1.2826e-05
0.000366211 1.33055e-05

0.000366211 1.31537e-05
0.000390625 1.37821e-05

0.000390625 1.33952e-05
0.000415039 1.36549e-05

0.000415039 1.34998e-05
0.000439453 1.38203e-05

0.000439453 1.36046e-05
0.000463867 1.39234e-05

0.000463867 1.37508e-05
0.000488281 1.40489e-05

0.000488281 1.38475e-05
0.000512695 1.41327e-05

0.000512695 1.40698e-05
0.000537109 1.41659e-05

0.000537109 1.39606e-05
0.000561523 1.41675e-05

0.000561523 1.38286e-05
0.000585937 1.47264e-05

0.000585938 1.46522e-05
0.000610352 1.48827e-05

0.000610352 1.44695e-05
0.000634766 1.44524e-05

0.000634766 1.44819e-05
0.00065918 1.50258e-05

0.00065918 1.49436e-05
0.000683594 1.48527e-05

0.000683594 1.44959e-05
0.000708008 1.48648e-05

0.000708008 1.51873e-05
0.000732422 1.52077e-05

0.000732422 1.52592e-05
0.000756836 1.41349e-05

0.000756836 1.43946e-05
0.00078125 1.41927e-05

0.00078125 1.44931e-05
0.000805664 1.45823e-05

0.000805664 1.45908e-05
0.000830078 1.4137e-05

0.000830078 1.43256e-05
0.000854492 1.40378e-05

0.000854492 1.42444e-05
0.000878906 1.40366e-05

0.000878906 1.4196e-05
0.00090332 1.38468e-05

0.00090332 1.40671e-05
0.000927734 1.36794e-05

0.000927734 1.38704e-05
0.000952148 1.35849e-05

0.000952148 1.37744e-05
0.000976562 1.35435e-05

0.000976562 1.37029e-05
0.00100098 1.34083e-05

0.00100098 1.36804e-05
0.00102539 1.32012e-05

0.00102539 1.34449e-05
0.0010498 1.29644e-05

0.0010498 1.35077e-05
0.00107422 1.26794e-05

0.00107422 1.29034e-05
0.00109863 1.23296e-05

0.00109863 1.34889e-05
0.00112305 1.18987e-05

0.00112305 1.15849e-05
0.00114746 1.14966e-05

0.00114746 1.45728e-05
0.00117187 1.06981e-05

0.00117188 1.11751e-05
0.00119629 7.0476e-06

0.00119629 6.00558e-06
0.0012207 1.46248e-05

0.0012207 1.42891e-05
0.00124512 1.42978e-05

0.00124512 1.42441e-05
0.00126953 6.39799e-06

0.00126953 7.06587e-06
0.00129395 1.19942e-05

0.00129395 1.18388e-05
0.00131836 1.45317e-05

0.00131836 1.35756e-05
0.00134277 8.95272e-06

0.00134277 1.16848e-05
0.00136719 8.87942e-06

0.00136719 2.10458e-05
0.00138963 0

0.0013916 9.9081e-06
0.00139544 0

0.00146232 0
0.00146484 7.19142e-06

0.00146484 1.21881e-06
0.00148721 2.44141e-05

0.00148839 2.44141e-05
0.00148926 2.47148e-05

0.00148926 1.44298e-05
0.00151367 1.62234e-05

0.00151319 2.44141e-05
0.00151367 2.44286e-05

0.00151367 1.60209e-05
0.00153809 1.448e-05

0.00151367 2.44821e-05
0.00151634 2.44141e-05

0.0015625 1.62776e-06
0.00154031 2.44141e-05

0.00153809 2.50093e-05
0.00153983 2.44141e-05

0 0.00239025
4.88281e-05 0.00239039

4.88281e-05 0.00239037
9.76563e-05 0.00239083

9.76563e-05 0.00239085
0.000146484 0.00239162

0.000146484 0.0023916
0.000190821 0.00239258

0.000191011 0.00239258
0.000195313 0.00239268

0.000195313 0.00239271
0.000244141 0.00239406

0.000244141 0.00239407
0.000268555 0.00239483

0.000268555 0.00239483
0.000292969 0.00239565

0.000292969 0.00239564
0.000341797 0.00239746

0.000341797 0.00239747
0.000390625 0.00239953

0.000390625 0.00239954
0.000439453 0.00240179

0.000439453 0.0024018
0.000488281 0.0024042

0.000488281 0.0024042
0.000537109 0.00240677

0.000537109 0.00240678
0.000585938 0.00240949

0.000585937 0.00240949
0.000634766 0.00241231

0.000634766 0.00241231
0.000683594 0.00241522

0.000683594 0.00241522
0.000732422 0.0024182

0.000732422 0.0024182
0.00078125 0.00242122

0.00078125 0.00242122
0.000830078 0.00242427

0.000830078 0.00242428
0.000878906 0.00242732

0.000878906 0.00242732
0.000927734 0.00243032

0.000927734 0.00243032
0.000976562 0.00243328

0.000976563 0.0024333
0.00102539 0.0024362

0.00102539 0.00243621
0.00107422 0.00243899

0.00107422 0.00243898
0.00111886 0.00244141

0.00111878 0.00244141
0.00112305 0.00244164

0.00112305 0.00244164
0.00114746 0.00244292

0.00114746 0.00244292
0.00117187 0.00244416

0.00117188 0.00244417
0.0012207 0.00244653

0.0012207 0.00244653
0.00126953 0.00244873

0.00126953 0.00244874
0.00131836 0.00245075

0.00131836 0.00245075
0.00136719 0.00245254

0.00136719 0.00245255
0.00141602 0.0024541

0.00141602 0.0024541
0.00146484 0.00245539

0.00146484 0.00245539
0.00151367 0.00245642

0.00151367 0.00245642
0.0015625 0.00245715

0.0015625 6.62951e-06
0.0015648 0

0.00165525 0
0.00166016 1.17174e-05

0.00166016 1.06357e-05
0.00167597 2.44141e-05

0.00167479 2.44141e-05
0.00168457 2.77689e-05

0.00168457 1.8102e-05
0.00170898 1.77134e-05

0.00168457 2.45198e-05
0.00169678 2.44141e-05

0.0017334 9.65787e-06
0.00171746 2.44141e-05

0.00170898 2.76553e-05
0.00171807 2.44141e-05

0.0017334 7.91524e-06
0.00173656 0

0.00180494 0
0.00180664 4.56145e-06

0.00181857 0
0.00183105 1.05869e-05

0.00184489 0
0.00185547 1.11526e-05

0.00185599 0
0.00187988 1.68773e-05

0.00187988 7.86578e-06
0.0019043 1.01171e-05

0.0019043 8.04154e-06
0.00192871 1.06663e-05

0.00192871 8.82224e-06
0.00195312 1.18882e-05

0.00195312 8.61801e-06
0.00197754 1.35342e-05

0.00197754 1.44583e-05
0.00200195 1.24203e-05

0.00200195 1.63968e-05
0.00202637 3.10073e-06

0.00202637 3.91883e-06
0.00205078 8.70893e-06

0.00205078 8.38815e-06
0.0020752 1.56055e-05

0.0020752 8.98293e-06
0.00209961 1.16511e-05

0.00209961 1.37113e-05
0.00212402 1.36568e-05

0.00212402 1.33732e-05
0.00214844 7.18948e-06

0.00214844 6.72194e-06
0.00217285 1.31828e-05

0.00217285 1.41762e-05
0.00219727 1.42167e-05

0.00219727 1.33209e-05
0.00222168 6.63735e-06

0.00222168 6.60152e-06
0.00224609 1.3705e-05

0.00224609 1.44196e-05
0.00227051 1.41877e-05

0.00227051 1.40311e-05
0.00229492 5.96663e-06

0.00229492 6.89239e-06
0.00231934 1.2073e-05

0.00231934 1.02491e-05
0.00234375 1.568e-05

0.00234375 1.5856e-05
0.00236816 1.03004e-05

0.00236816 1.22706e-05
0.00239258 6.31406e-06

0.00239258 6.45743e-06
0.00241699 1.29691e-05

0.00241699 1.05361e-05
0.00244141 1.54669e-05

0.00244141 1.55995e-05
0.00246582 1.03853e-05

0.00246582 1.21893e-05
0.00249023 6.90347e-06

0.00249023 7.00567e-06
0.00251465 1.29107e-05

0.00251465 1.07525e-05
0.00253906 1.5182e-05

0.00253906 1.52723e-05
0.00256348 1.05469e-05

0.00256348 1.21243e-05
0.00258789 7.53675e-06

0.00258789 7.59696e-06
0.0026123 1.28607e-05

0.0026123 1.10689e-05
0.00263672 1.48051e-05

0.00263672 1.48109e-05
0.00266113 1.06278e-05

0.00266113 1.16502e-05
0.00268555 8.67922e-06

0.00268555 8.01159e-06
0.00270996 1.38588e-05

0.00270996 1.38659e-05
0.00273438 1.37861e-05

0.00273437 1.33763e-05
0.00275879 8.38627e-06

0.00275879 9.16535e-06
0.0027832 1.21829e-05

0.0027832 1.12594e-05
0.00280762 1.4208e-05

0.00280762 1.4249e-05
0.00283203 1.10268e-05

0.00283203 1.17762e-05
0.00285645 9.41457e-06

0.00285645 8.86927e-06
0.00288086 1.35036e-05

0.00288086 1.3561e-05
0.00290527 1.3515e-05

0.00290527 1.28626e-05
0.00292969 9.4482e-06

0.00292969 9.65553e-06
0.0029541 1.3021e-05

0.0029541 1.33361e-05
0.00297852 1.33081e-05

0.00297852 1.27425e-05
0.00300293 9.89627e-06

0.00300293 1.00629e-05
0.00302734 1.28943e-05

0.00302734 1.31565e-05
0.00305176 1.31493e-05

0.00305176 1.2574e-05
0.00307617 1.03734e-05

0.00307617 1.07882e-05
0.00310059 1.26443e-05

0.00310059 1.21816e-05
0.003125 1.31776e-05

0.0015625 0.00245715
0.00161133 0.00245758

0.00161133 0.00245759
0.00166016 0.00245771

0.00166016 0.0024577
0.00170898 0.0024575

0.00170898 0.00245752
0.00175781 0.00245697

0.00175781 0.00245696
0.00180664 0.00245604

0.00180664 0.00245605
0.00185547 0.00245476

0.00185547 0.00245476
0.0019043 0.00245307

0.0019043 0.00245308
0.00195312 0.002451

0.00195312 0.00245099
0.00200195 0.00244849

0.00200195 0.00244851
0.00205078 0.00244555

0.00214844 0.00243838
0.00210817 0.00244141

0.00205078 0.00244553
0.00209961 0.00244212

0.00209961 0.00244205
0.00210773 0.00244141

0.00214844 0.00243838
0.00224609 0.00242908

0.00224609 0.00242897
0.00229492 0.00242355

0.00229492 0.00242354
0.00234375 0.00241759

0.00283203 0.00232554
0.00275778 0.00234375

0.00283203 0.00232543
0.00292969 0.00229836

0.00292969 0.00229845
0.00302734 0.00226819

0.003125 0.00223467
0.00309201 0.00224609

0.00302734 0.00226815
0.00309106 0.00224609

0.00234375 0.00241761
0.00239258 0.00241112

0.00239258 0.00241112
0.00244141 0.00240407

0.00244141 0.00240406
0.00249023 0.00239645

0.00253906 0.00238832
0.00251366 0.00239258

0.00249023 0.00239643
0.00251318 0.00239258

0.00253906 0.00238827
0.00258789 0.00237947

0.00258789 0.00237949
0.00263672 0.00237006

0.00263672 0.00237007
0.00268555 0.00235996

0.00268555 0.00235997
0.00273438 0.00234916

0.00273438 0.00234917
0.00275734 0.00234375

0.003125 1.23901e-05
0.00314941 1.23878e-05

0.00314941 1.25046e-05
0.00317383 1.28516e-05

0.00317383 1.25517e-05
0.00319824 1.27035e-05

0.00319824 1.26403e-05
0.00322266 1.2926e-05

0.00322266 1.27309e-05
0.00324707 1.29225e-05

0.00324707 1.28186e-05
0.00327148 1.30163e-05

0.00327148 1.29006e-05
0.0032959 1.30315e-05

0.0032959 1.29646e-05
0.00332031 1.30558e-05

0.00332031 1.30066e-05
0.00334473 1.30551e-05

0.00334473 1.30258e-05
0.00336914 1.30637e-05

0.00336914 1.303e-05
0.00339355 1.30857e-05

0.00339355 1.30345e-05
0.00341797 1.31345e-05

0.00341797 1.30563e-05
0.00344238 1.32024e-05

0.00344238 1.31046e-05
0.0034668 1.32739e-05

0.0034668 1.31697e-05
0.00349121 1.33328e-05

0.00349121 1.32332e-05
0.00351563 1.33813e-05

0.00351563 1.3283e-05
0.00354004 1.34348e-05

0.00354004 1.33246e-05
0.00356445 1.35115e-05

0.00356445 1.33714e-05
0.00358887 1.36203e-05

0.00358887 1.3448e-05
0.00361328 1.37552e-05

0.00361328 1.35777e-05
0.0036377 1.38705e-05

0.0036377 1.37025e-05
0.00366211 1.39395e-05

0.00366211 1.37503e-05
0.00368652 1.40558e-05

0.00368652 1.3926e-05
0.00371094 1.41806e-05

0.00371094 1.39231e-05
0.00373535 1.42731e-05

0.00373535 1.41297e-05
0.00375977 1.45177e-05

0.00375977 1.43117e-05
0.00378418 1.449e-05

0.00378418 1.43064e-05
0.00380859 1.46212e-05

0.00380859 1.44932e-05
0.00383301 1.48068e-05

0.00383301 1.45181e-05
0.00385742 1.49103e-05

0.00385742 1.47934e-05
0.00388184 1.51391e-05

0.00388184 1.48886e-05
0.00390625 1.51029e-05

0.00390625 1.50232e-05
0.00393066 1.5261e-05

0.00393066 1.50904e-05
0.00395508 1.52938e-05

0.00395508 1.51356e-05
0.00397949 1.54863e-05

0.00397949 1.49717e-05
0.00400391 1.59996e-05

0.00400391 1.52954e-05
0.00402832 1.70801e-05

0.00402832 1.59317e-05
0.00405273 1.8204e-05

0.00405273 1.69739e-05
0.00407715 1.96608e-05

0.00407715 1.83709e-05
0.00410156 2.11386e-05

0.00410156 1.99401e-05
0.00412598 2.22302e-05

0.00412598 2.1177e-05
0.00415039 2.29128e-05

0.00415039 2.10999e-05
0.00417386 2.44141e-05

0.00417558 2.44141e-05
0.00419922 2.88684e-05

0.00419922 2.4468e-05
0.00422363 3.95771e-05

0.00422363 4.40148e-05
0.00422832 4.88281e-05

0.00422874 4.88281e-05
0.00424805 7.01242e-05

0.00424805 7.17154e-05
0.00424937 7.32422e-05

0.00425064 7.32422e-05
0.00427089 9.76563e-05

0.00427085 9.76563e-05
0.00427246 9.97242e-05

0.00427246 9.98025e-05
0.00428949 0.00012207

0.00428949 0.00012207
0.00429688 0.000132488

0.00429688 0.000132588
0.00430672 0.000146484

0.00430676 0.000146484
0.00432129 0.000168465

0.00432129 0.00016865
0.00432271 0.000170898

0.00432285 0.000170898
0.0043379 0.000195313

0.00433804 0.000195313
0.0043457 0.000209089

0.0043457 0.000208946
0.00435191 0.000219727

0.00435193 0.000219727
0.00436501 0.000244141

0.004365 0.000244141
0.00437012 0.000254408

0.00437012 0.00025445
0.00437714 0.000268555

0.00437715 0.000268555
0.00438842 0.000292969

0.00438842 0.000292969
0.00439453 0.000307306

0.00439453 0.000307342
0.00439881 0.000317383

0.00439881 0.000317383
0.00440841 0.000341797

0.00440839 0.000341797
0.00441724 0.000366211

0.0044172 0.000366211
0.00441895 0.000371456

0.00441895 0.000371328
0.00442538 0.000390625

0.00442558 0.000390625
0.00443968 0.000439453

0.00443959 0.000439453
0.00444336 0.000455749

0.00444336 0.000455514
0.0044454 0.000463867

0.00444541 0.000463867
0.00445071 0.000488281

0.00445072 0.000488281
0.00445539 0.000512695

0.00445539 0.000512695
0.00445943 0.000537109

0.00445943 0.000537109
0.00446286 0.000561523

0.00446285 0.000561523
0.00446568 0.000585937

0.00446568 0.000585938
0.00446777 0.00060881

0.00446777 0.000608801
0.00446792 0.000610352

0.00446791 0.000610352
0.00446957 0.000634766

0.00446957 0.000634766
0.00447065 0.00065918

0.00447065 0.00065918
0.00447117 0.000683594

0.0044713 0.000683594
0.00447071 0.000732422

0.00447072 0.000732422
0.00446795 0.00078125

0.00429688 0.00131758
0.00426873 0.00136719

0.00419922 0.00147051
0.0041276 0.0015625

0.00424805 0.00139865
0.00423691 0.00141602

0.00423695 0.00141602
0.00420292 0.00146484

0.00424805 0.00139882
0.00426834 0.00136719

0.00419922 0.00147009
0.00420304 0.00146484

0.00446793 0.00078125
0.00446302 0.000830078

0.00446303 0.000830078
0.00445601 0.000878906

0.00444336 0.000942828
0.00443556 0.000976562

0.00445601 0.000878906
0.00444686 0.000927734

0.00444336 0.000942957
0.00444688 0.000927734

0.00439453 0.00110796
0.00437013 0.00117188

0.00443555 0.000976563
0.00442218 0.00102539

0.00442218 0.00102539
0.00440674 0.00107422

0.00439453 0.00110862
0.00440686 0.00107422

0.0043457 0.00122469
0.00432353 0.00126953

0.00436962 0.00117188
0.00434768 0.0012207

0.0043457 0.00122388
0.00434727 0.0012207

0.00432361 0.00126953
0.00429711 0.00131836

0.00429687 0.00131884
0.00429715 0.00131836

0.003125 0.00223448
0.00322266 0.00219695

0.00322266 0.00219705
0.00332031 0.00215557

0.00351563 0.00205892
0.00333869 0.00214844

0.00332031 0.00215588
0.003336 0.00214844

0.00371094 0.00193718
0.00368545 0.00195312

0.00371094 0.00193637
0.00380859 0.00186546

0.00385742 0.00182699
0.00382114 0.00185547

0.00390625 0.00178625
0.0038817 0.00180664

0.00385742 0.00182657
0.00388194 0.00180664

0.00380859 0.00186494
0.00382103 0.00185547

0.00361328 0.00199983
0.00352712 0.00205078

0.00351563 0.00205707
0.00352645 0.00205078

0.00361328 0.00199984
0.0036847 0.00195313

0.00400391 0.00169714
0.00393858 0.00175781

0.00410156 0.00159215
0.00404051 0.00166016

0.00400391 0.00169609
0.00403936 0.00166016

0.00390625 0.00178588
0.00393844 0.00175781

0.00410156 0.00159242
0.00412708 0.0015625

