9.5164e-05 0
9.76563e-05 5.709e-06

9.76563e-05 1.4901e-06
0.00012207 1.67264e-06

0.000142834 0
0.000146484 4.02245e-06

0.000162849 0
0.000170898 2.28469e-05

0.000195313 1.50023e-05
0.000192941 2.44141e-05

0.000191872 2.44141e-05
0.000186736 4.88281e-05

0.000187304 4.88281e-05
0.000190762 7.32422e-05

0.000190362 7.32422e-05
0.000195313 8.35417e-05

0.000206969 0
0.000200088 2.44141e-05

0.000195313 2.54261e-05
0.000195603 2.44141e-05

0.000195313 8.38693e-05
0.000202251 9.76563e-05

0.000201499 9.76563e-05
0.000219727 0.000117009

0.000219727 0.000116396
0.000229222 0.00012207

0.000229977 0.00012207
0.000244141 0.000129967

0.000244141 0.000129612
0.000268555 0.000134594

0.000268555 0.00013451
0.000292969 0.00013193

0.000345633 0
0.000349521 2.44141e-05

0.000353355 2.44141e-05
0.000357353 4.88281e-05

0.000357336 4.88281e-05
0.000353807 7.32422e-05

0.000354495 7.32422e-05
0.000342098 9.76563e-05

0.000317383 0.000121781
0.000316747 0.00012207

0.000292969 0.000132473
0.000315864 0.00012207

0.000341797 9.92484e-05
0.00031818 0.00012207

0.000317383 0.000122375
0.00031784 0.00012207

0.000341797 9.87207e-05
0.000342601 9.76563e-05

0.000876985 0
0.000878906 5.22877e-06

0.000878906 3.98215e-06
0.00090332 4.06608e-06

0.00090332 5.33902e-06
0.000905291 0

0.00146275 0
0.00146484 6.00043e-06

0.00146484 5.51015e-06
0.00148381 2.44141e-05

0.00148311 2.44141e-05
0.00148926 2.65532e-05

0.00148926 1.71779e-05
0.00151367 1.7265e-05

0.00148926 2.44763e-05
0.00150179 2.44141e-05

0.00151367 1.72786e-05
0.00153809 1.71975e-05

0.00152564 2.44141e-05
0.00153809 2.44766e-05

0.0015625 5.48958e-06
0.00154353 2.44141e-05

0.00153809 2.65505e-05
0.00154423 2.44141e-05

0.000390625 0.00311963
0.000204676 0.003125

0.000390625 0.00311995
0.00078125 0.00308554

0.00078125 0.00308619
0.00117187 0.0030268

0.00117188 0.00302778
0.0015625 0.00294015

0.0015625 6.04854e-06
0.00156461 0

0.00165628 0
0.00166016 9.41066e-06

0.00166016 1.05138e-05
0.00167509 2.44141e-05

0.00167429 2.44141e-05
0.00168457 2.82231e-05

0.00168457 1.8646e-05
0.00170898 1.89964e-05

0.00169659 2.44141e-05
0.00170898 2.45033e-05

0.0017334 1.14379e-05
0.00171872 2.44141e-05

0.00170898 2.81708e-05
0.00171944 2.44141e-05

0.0017334 1.21259e-05
0.00173861 0

0.00179318 0
0.00180664 1.74515e-05

0.00180664 5.0449e-07
0.00183105 1.41409e-05

0.00183105 7.62525e-06
0.00185547 1.31005e-05

0.00185547 7.34822e-06
0.00187988 1.30127e-05

0.00187988 1.48224e-05
0.0019043 1.27913e-05

0.0019043 1.39658e-05
0.00192871 3.80612e-06

0.00192871 4.11537e-06
0.00195312 1.24409e-05

0.00195312 9.59673e-06
0.00197754 1.69804e-05

0.00197754 1.66217e-05
0.00200195 9.60622e-06

0.00200195 1.56759e-05
0.00202637 1.66954e-06

0.00202637 2.26563e-06
0.00205078 9.97225e-06

0.00205078 8.38352e-06
0.0020752 1.59196e-05

0.0020752 9.14629e-06
0.00209961 1.14737e-05

0.00209961 1.36275e-05
0.00212402 1.36244e-05

0.00212402 1.32154e-05
0.00214844 7.40059e-06

0.00214844 6.99764e-06
0.00217285 1.32127e-05

0.00217285 1.40168e-05
0.00219727 1.41703e-05

0.00219727 1.33098e-05
0.00222168 7.10384e-06

0.00222168 7.0732e-06
0.00224609 1.35212e-05

0.00224609 1.41656e-05
0.00227051 1.41655e-05

0.00227051 1.39991e-05
0.00229492 6.59513e-06

0.00229492 7.41407e-06
0.00231934 1.19335e-05

0.00231934 1.04325e-05
0.00234375 1.54152e-05

0.00234375 1.54196e-05
0.00236816 1.05261e-05

0.00236816 1.24603e-05
0.00239258 6.89997e-06

0.00239258 6.91558e-06
0.00241699 1.26365e-05

0.00241699 1.05955e-05
0.00244141 1.53586e-05

0.00244141 1.53424e-05
0.00246582 1.054e-05

0.00246582 1.2438e-05
0.00249023 7.1367e-06

0.00249023 7.14237e-06
0.00251465 1.26038e-05

0.00251465 1.0664e-05
0.00253906 1.52473e-05

0.00253906 1.52314e-05
0.00256348 1.06105e-05

0.00256348 1.24132e-05
0.00258789 7.35541e-06

0.00258789 7.35128e-06
0.0026123 1.25982e-05

0.0026123 1.08205e-05
0.00263672 1.50778e-05

0.00263672 1.50136e-05
0.00266113 1.05946e-05

0.00266113 1.18721e-05
0.00268555 8.1647e-06

0.00268555 7.37811e-06
0.00270996 1.38319e-05

0.00270996 1.38941e-05
0.00273438 1.4114e-05

0.00273437 1.38547e-05
0.00275879 7.6516e-06

0.00275879 8.43116e-06
0.0027832 1.18447e-05

0.0027832 1.07793e-05
0.00280762 1.48121e-05

0.00280762 1.48157e-05
0.00283203 1.08055e-05

0.00283203 1.19566e-05
0.00285645 8.31782e-06

0.00285645 7.5954e-06
0.00288086 1.36813e-05

0.00288086 1.38086e-05
0.00290527 1.39969e-05

0.00290527 1.33222e-05
0.00292969 8.20753e-06

0.00292969 8.87672e-06
0.0029541 1.24882e-05

0.0029541 1.17473e-05
0.00297852 1.4232e-05

0.00297852 1.21815e-05
0.00300293 1.25084e-05

0.00300293 1.25338e-05
0.00302734 1.38999e-05

0.00302734 1.28948e-05
0.00305176 1.37385e-05

0.00305176 1.32915e-05
0.00307617 1.43789e-05

0.00307617 1.36652e-05
0.00310059 1.46048e-05

0.00310059 1.40674e-05
0.003125 1.50572e-05

0.00175781 0.00288306
0.00159282 0.00292969

0.0015625 0.00293907
0.00159569 0.00292969

0.00175781 0.00288369
0.00195312 0.00281966

0.00234375 0.00265943
0.00217465 0.00273438

0.00195312 0.00281999
0.00214844 0.00274549

0.00214844 0.00274578
0.00217418 0.00273438

0.00292969 0.00230675
0.00287902 0.00234375

0.003125 0.00214085
0.00311674 0.00214844

0.00302734 0.00222814
0.00300531 0.00224609

0.00297852 0.00226727
0.0029433 0.00229492

0.00292969 0.0023067
0.00294493 0.00229492

0.00297852 0.00226743
0.00300526 0.00224609

0.00302734 0.00222886
0.00311878 0.00214844

0.00244141 0.00261044
0.00238813 0.00263672

0.00234375 0.0026586
0.00238811 0.00263672

0.00244141 0.00261057
0.00253906 0.00255887

0.00273438 0.00244421
0.0025758 0.00253906

0.00253906 0.00255888
0.00257288 0.00253906

0.00283203 0.0023771
0.00273653 0.00244141

0.00273438 0.00244415
0.00273862 0.00244141

0.00283203 0.00237677
0.00287788 0.00234375

0 0.00313098
0.000207173 0.003125

0.003125 1.44741e-05
0.00314941 1.53684e-05

0.00314941 1.48169e-05
0.00317383 1.57655e-05

0.00317383 1.51916e-05
0.00319824 1.62366e-05

0.00319824 1.57354e-05
0.00322266 1.66421e-05

0.00322266 1.59377e-05
0.00324707 1.709e-05

0.00324707 1.67037e-05
0.00327148 1.77646e-05

0.00327148 1.68532e-05
0.0032959 1.81586e-05

0.0032959 1.78862e-05
0.00332031 1.91039e-05

0.00332031 1.83041e-05
0.00334473 1.91424e-05

0.00334473 1.93408e-05
0.00336914 1.93259e-05

0.00336914 1.26508e-05
0.00339292 2.44141e-05

0.00339072 2.44141e-05
0.00339355 2.55718e-05

0.00339355 2.75519e-05
0.00341747 4.88281e-05

0.00341731 4.88281e-05
0.00341797 4.94698e-05

0.00341797 4.98918e-05
0.00344108 7.32422e-05

0.0034412 7.32422e-05
0.00344238 7.44844e-05

0.00344238 7.47177e-05
0.00346355 9.76563e-05

0.0034641 9.76563e-05
0.0034668 0.000100727

0.0034668 0.000101576
0.00348452 0.00012207

0.00348436 0.00012207
0.00349121 0.000130386

0.00349121 0.00013001
0.00350458 0.000146484

0.00350488 0.000146484
0.00351563 0.000160821

0.00351563 0.000161305
0.00354089 0.000195313

0.00354109 0.000195313
0.00356445 0.000230779

0.00356445 0.00023196
0.00357228 0.000244141

0.00357292 0.000244141
0.00360141 0.000292969

0.00360206 0.000292969
0.00361328 0.000315852

0.00361328 0.000316896
0.00362612 0.000341797

0.00362637 0.000341797
0.0036487 0.000390625

0.00364935 0.000390625
0.00368629 0.000488281

0.00368601 0.000488281
0.00371094 0.000577786

0.00371094 0.000578389
0.00371304 0.000585938

0.00371299 0.000585937
0.00373143 0.000683594

0.00373107 0.000683594
0.00374188 0.00078125

0.00374386 0.00078125
0.00374378 0.000976562

0.00374347 0.000976562
0.00371488 0.00117188

0.00371094 0.00118587
0.00365835 0.00136719

0.0036587 0.00136719
0.00357306 0.0015625

0.00371094 0.00118371
0.00371437 0.00117187

0.00332031 0.00193606
0.00330628 0.00195312

0.00351563 0.00166302
0.00345584 0.00175781

0.00341797 0.00181077
0.00338596 0.00185547

0.00332031 0.00193747
0.00338622 0.00185547

0.00345525 0.00175781
0.00342135 0.00180664

0.00341797 0.00181061
0.00342078 0.00180664

0.003125 0.00214611
0.00331068 0.00195312

0.003571 0.0015625
0.00351708 0.00166016

0.00351563 0.00166311
0.00351738 0.00166016

