9.51726e-05 0
9.76563e-05 5.69696e-06

9.76563e-05 1.48297e-06
0.00012207 1.68183e-06

0.000142835 0
0.000146484 4.01406e-06

0.000162936 0
0.000170898 2.30694e-05

0.000195313 1.49586e-05
0.000192931 2.44141e-05

0.000191845 2.44141e-05
0.000186709 4.88281e-05

0.000187276 4.88281e-05
0.000190735 7.32422e-05

0.000190333 7.32422e-05
0.000195313 8.35991e-05

0.000206939 0
0.000200061 2.44141e-05

0.000195313 2.53933e-05
0.000195594 2.44141e-05

0.000195313 8.39243e-05
0.000202223 9.76563e-05

0.00020147 9.76563e-05
0.000219727 0.000117034

0.000219727 0.000116416
0.000229197 0.00012207

0.000229942 0.00012207
0.000244141 0.000129982

0.000244141 0.000129624
0.000268555 0.000134595

0.000268555 0.000134512
0.000292969 0.000131924

0.0003456 0
0.000349489 2.44141e-05

0.000353323 2.44141e-05
0.000357321 4.88281e-05

0.000357304 4.88281e-05
0.000353776 7.32422e-05

0.000354464 7.32422e-05
0.000342068 9.76563e-05

0.000317383 0.000121762
0.000316704 0.00012207

0.000292969 0.000132467
0.000315825 0.00012207

0.000341797 9.92152e-05
0.000318156 0.00012207

0.000317383 0.000122357
0.000317813 0.00012207

0.000341797 9.86863e-05
0.000342574 9.76563e-05

0.000876544 0
0.000878906 6.16913e-06

0.000878906 4.70682e-06
0.00090332 3.3118e-06

0.00090332 4.341e-06
0.000904867 0

0.00146275 0
0.00146484 6.00999e-06

0.00146484 5.32517e-06
0.00148385 2.44141e-05

0.00148333 2.44141e-05
0.00148926 2.64904e-05

0.00148926 1.72029e-05
0.00151367 1.74619e-05

0.00148926 2.44563e-05
0.00150877 2.44141e-05

0.00151367 1.74304e-05
0.00153809 1.7176e-05

0.00151881 2.44141e-05
0.00153809 2.44572e-05

0.0015625 5.39235e-06
0.00154351 2.44141e-05

0.00153809 2.64896e-05
0.00154403 2.44141e-05

0.000390625 0.00311934
0.000194358 0.003125

0.000390625 0.00311966
0.00078125 0.00308529

0.00078125 0.00308594
0.00117187 0.00302661

0.00117188 0.0030276
0.0015625 0.00294005

0.0015625 6.02196e-06
0.0015646 0

0.00165628 0
0.00166016 9.40414e-06

0.00166016 1.0528e-05
0.00167508 2.44141e-05

0.00167429 2.44141e-05
0.00168457 2.82211e-05

0.00168457 1.86357e-05
0.00170898 1.8984e-05

0.00169659 2.44141e-05
0.00170898 2.45024e-05

0.0017334 1.14541e-05
0.00171872 2.44141e-05

0.00170898 2.81615e-05
0.00171942 2.44141e-05

0.0017334 1.21432e-05
0.00173863 0

0.00179296 0
0.00180664 1.7484e-05

0.00180664 5.50947e-07
0.00183105 1.39922e-05

0.00183105 7.58794e-06
0.00185547 1.31506e-05

0.00185547 7.34545e-06
0.00187988 1.29974e-05

0.00187988 1.4796e-05
0.0019043 1.2813e-05

0.0019043 1.39765e-05
0.00192871 3.83827e-06

0.00192871 4.14242e-06
0.00195312 1.24205e-05

0.00195312 9.60404e-06
0.00197754 1.69719e-05

0.00197754 1.66057e-05
0.00200195 9.60709e-06

0.00200195 1.56869e-05
0.00202637 1.68056e-06

0.00202637 2.26605e-06
0.00205078 9.9545e-06

0.00205078 8.39306e-06
0.0020752 1.59149e-05

0.0020752 9.12361e-06
0.00209961 1.14584e-05

0.00209961 1.36129e-05
0.00212402 1.36512e-05

0.00212402 1.32327e-05
0.00214844 7.39933e-06

0.00214844 7.00176e-06
0.00217285 1.31958e-05

0.00217285 1.40008e-05
0.00219727 1.41751e-05

0.00219727 1.33333e-05
0.00222168 7.09506e-06

0.00222168 7.05451e-06
0.00224609 1.34917e-05

0.00224609 1.41283e-05
0.00227051 1.41965e-05

0.00227051 1.4022e-05
0.00229492 6.61534e-06

0.00229492 7.42313e-06
0.00231934 1.19085e-05

0.00231934 1.04294e-05
0.00234375 1.54227e-05

0.00234375 1.54222e-05
0.00236816 1.05209e-05

0.00236816 1.24589e-05
0.00239258 6.8958e-06

0.00239258 6.91127e-06
0.00241699 1.26365e-05

0.00241699 1.05933e-05
0.00244141 1.53589e-05

0.00244141 1.53427e-05
0.00246582 1.05381e-05

0.00246582 1.24365e-05
0.00249023 7.13405e-06

0.00249023 7.13974e-06
0.00251465 1.26044e-05

0.00251465 1.06632e-05
0.00253906 1.52469e-05

0.00253906 1.52309e-05
0.00256348 1.06091e-05

0.00256348 1.2413e-05
0.00258789 7.35354e-06

0.00258789 7.34907e-06
0.0026123 1.25972e-05

0.0026123 1.08175e-05
0.00263672 1.50796e-05

0.00263672 1.5017e-05
0.00266113 1.05943e-05

0.00266113 1.18702e-05
0.00268555 8.16044e-06

0.00268555 7.37472e-06
0.00270996 1.38359e-05

0.00270996 1.38979e-05
0.00273438 1.41131e-05

0.00273437 1.38586e-05
0.00275879 7.64194e-06

0.00275879 8.42106e-06
0.0027832 1.18426e-05

0.0027832 1.07802e-05
0.00280762 1.48136e-05

0.00280762 1.48158e-05
0.00283203 1.07928e-05

0.00283203 1.18707e-05
0.00285645 8.39116e-06

0.00285645 7.69397e-06
0.00288086 1.37538e-05

0.00288086 1.39036e-05
0.00290527 1.38828e-05

0.00290527 1.32433e-05
0.00292969 8.17653e-06

0.00292969 8.90074e-06
0.0029541 1.25181e-05

0.0029541 1.17176e-05
0.00297852 1.41536e-05

0.00297852 1.21398e-05
0.00300293 1.2533e-05

0.00300293 1.25188e-05
0.00302734 1.38979e-05

0.00302734 1.28864e-05
0.00305176 1.37474e-05

0.00305176 1.32824e-05
0.00307617 1.43965e-05

0.00307617 1.36885e-05
0.00310059 1.46231e-05

0.00310059 1.409e-05
0.003125 1.50364e-05

0.00175781 0.002883
0.00159248 0.00292969

0.0015625 0.00293897
0.00159538 0.00292969

0.00175781 0.00288363
0.00195312 0.00281964

0.00234375 0.0026595
0.00217472 0.00273438

0.00195312 0.00281997
0.00214844 0.00274552

0.00214844 0.00274582
0.00217426 0.00273438

0.00292969 0.00230693
0.00287925 0.00234375

0.003125 0.00214104
0.00311695 0.00214844

0.00302734 0.00222833
0.00300555 0.00224609

0.00297852 0.00226745
0.00294352 0.00229492

0.00292969 0.00230688
0.00294516 0.00229492

0.00297852 0.00226762
0.00300549 0.00224609

0.00302734 0.00222905
0.00311901 0.00214844

0.00244141 0.00261052
0.00238828 0.00263672

0.00234375 0.00265867
0.00238827 0.00263672

0.00244141 0.00261065
0.00253906 0.00255898

0.00273438 0.00244435
0.00257599 0.00253906

0.00253906 0.00255899
0.00257308 0.00253906

0.00283203 0.00237726
0.00273673 0.00244141

0.00273438 0.00244429
0.00273883 0.00244141

0.00283203 0.00237694
0.00287812 0.00234375

0 0.00313068
0.000196929 0.003125

0.003125 1.44265e-05
0.00314941 1.5389e-05

0.00314941 1.48045e-05
0.00317383 1.58916e-05

0.00317383 1.53365e-05
0.00319824 1.63023e-05

0.00319824 1.58102e-05
0.00322266 1.65518e-05

0.00322266 1.59781e-05
0.00324707 1.69701e-05

0.00324707 1.65201e-05
0.00327148 1.76354e-05

0.00327148 1.69085e-05
0.0032959 1.81148e-05

0.0032959 1.78261e-05
0.00332031 1.86463e-05

0.00332031 1.77254e-05
0.00334473 1.89173e-05

0.00334473 1.92519e-05
0.00336914 1.96043e-05

0.00336914 1.28216e-05
0.00339333 2.44141e-05

0.00339281 2.44141e-05
0.00339355 2.47079e-05

0.00339355 2.69021e-05
0.00341797 4.87853e-05

0.00341685 4.88281e-05
0.00341797 4.99577e-05

0.00341797 4.99182e-05
0.00344058 7.32422e-05

0.0034409 7.32422e-05
0.00344238 7.48056e-05

0.00344238 7.51668e-05
0.00346308 9.76563e-05

0.00346372 9.76563e-05
0.0034668 0.000101153

0.0034668 0.000102016
0.00348417 0.00012207

0.00348404 0.00012207
0.00349121 0.000130764

0.00349121 0.000130436
0.00350426 0.000146484

0.00350462 0.000146484
0.00351563 0.000161127

0.00351563 0.000161618
0.00354073 0.000195313

0.00354095 0.000195313
0.00356445 0.000230907

0.00356445 0.00023212
0.00357219 0.000244141

0.00357286 0.000244141
0.00360141 0.000292969

0.00360206 0.000292969
0.00361328 0.000315816

0.00361328 0.000316889
0.00362615 0.000341797

0.0036264 0.000341797
0.00364876 0.000390625

0.00364941 0.000390625
0.00368638 0.000488281

0.0036861 0.000488281
0.00371094 0.000577405

0.00371094 0.000578006
0.00371315 0.000585938

0.0037131 0.000585937
0.00373155 0.000683594

0.00373119 0.000683594
0.00374201 0.00078125

0.00374398 0.00078125
0.00374392 0.000976562

0.00374361 0.000976562
0.00371504 0.00117188

0.00371094 0.00118642
0.00365852 0.00136719

0.00365888 0.00136719
0.00357325 0.0015625

0.00371094 0.00118435
0.00371455 0.00117187

0.00332031 0.00193631
0.00330649 0.00195312

0.00351563 0.00166333
0.00345605 0.00175781

0.00341797 0.00181106
0.00338617 0.00185547

0.00332031 0.00193774
0.00338643 0.00185547

0.00345546 0.00175781
0.00342156 0.00180664

0.00341797 0.00181089
0.00342098 0.00180664

0.003125 0.00214633
0.00331091 0.00195312

0.00357119 0.0015625
0.00351728 0.00166016

0.00351563 0.00166343
0.00351757 0.00166016

