9.52163e-05 0
9.76563e-05 5.63492e-06

9.76563e-05 1.44758e-06
0.00012207 1.72734e-06

0.000142844 0
0.000146484 3.96906e-06

0.000163373 0
0.000170898 2.4253e-05

0.000195313 1.47219e-05
0.000192875 2.44141e-05

0.000191711 2.44141e-05
0.00018658 4.88281e-05

0.000187143 4.88281e-05
0.000190602 7.32422e-05

0.000190194 7.32422e-05
0.000195313 8.38739e-05

0.000206789 0
0.000199927 2.44141e-05

0.000195313 2.53029e-05
0.000195567 2.44141e-05

0.000195313 8.41883e-05
0.00020209 9.76563e-05

0.000201332 9.76563e-05
0.000219727 0.00011715

0.000219727 0.000116516
0.000229076 0.00012207

0.000229778 0.00012207
0.000244141 0.000130054

0.000244141 0.000129678
0.000268555 0.000134605

0.000268555 0.000134525
0.000292969 0.000131895

0.000345458 0
0.000349348 2.44141e-05

0.000353183 2.44141e-05
0.000357184 4.88281e-05

0.000357167 4.88281e-05
0.000353642 7.32422e-05

0.000354329 7.32422e-05
0.000341939 9.76563e-05

0.000317383 0.000121683
0.000316535 0.00012207

0.000292969 0.00013244
0.000315651 0.00012207

0.000341797 9.90714e-05
0.00031805 0.00012207

0.000317383 0.000122292
0.000317714 0.00012207

0.000341797 9.85498e-05
0.00034247 9.76563e-05

0.000876623 0
0.000878906 6.00761e-06

0.000878906 4.5591e-06
0.00090332 3.46131e-06

0.00090332 4.57934e-06
0.000904964 0

0.00146275 0
0.00146484 6.00842e-06

0.00146484 5.48764e-06
0.00148382 2.44141e-05

0.00148312 2.44141e-05
0.00148926 2.6547e-05

0.00148926 1.71834e-05
0.00151367 1.72613e-05

0.00148926 2.44766e-05
0.00150163 2.44141e-05

0.00151367 1.72568e-05
0.00153809 1.71732e-05

0.00152562 2.44141e-05
0.00153809 2.44764e-05

0.0015625 5.4943e-06
0.00154352 2.44141e-05

0.00153809 2.65496e-05
0.00154423 2.44141e-05

0.000390625 0.00311795
0.00014473 0.003125

0.000390625 0.00311826
0.00078125 0.00308408

0.00078125 0.00308473
0.00117187 0.00302568

0.00117188 0.00302667
0.0015625 0.00293947

0.0015625 6.02607e-06
0.0015646 0

0.00165635 0
0.00166016 9.25416e-06

0.00166016 1.04897e-05
0.00167508 2.44141e-05

0.00167425 2.44141e-05
0.00168457 2.82452e-05

0.00168457 1.8661e-05
0.00170898 1.89987e-05

0.00169662 2.44141e-05
0.00170898 2.44982e-05

0.0017334 1.14429e-05
0.00171868 2.44141e-05

0.00170898 2.81526e-05
0.00171941 2.44141e-05

0.0017334 1.23427e-05
0.00173872 0

0.00179202 0
0.00180664 1.75588e-05

0.00180664 6.60366e-07
0.00183105 1.33792e-05

0.00183105 7.42867e-06
0.00185547 1.34061e-05

0.00185547 7.33771e-06
0.00187988 1.28999e-05

0.00187988 1.46353e-05
0.0019043 1.29504e-05

0.0019043 1.40367e-05
0.00192871 4.05014e-06

0.00192871 4.32836e-06
0.00195312 1.2297e-05

0.00195312 9.64675e-06
0.00197754 1.69154e-05

0.00197754 1.65094e-05
0.00200195 9.63221e-06

0.00200195 1.57786e-05
0.00202637 1.73563e-06

0.00202637 2.28469e-06
0.00205078 9.80968e-06

0.00205078 8.32775e-06
0.0020752 1.59672e-05

0.0020752 9.10611e-06
0.00209961 1.14633e-05

0.00209961 1.36272e-05
0.00212402 1.36516e-05

0.00212402 1.32425e-05
0.00214844 7.35875e-06

0.00214844 6.95681e-06
0.00217285 1.32013e-05

0.00217285 1.40093e-05
0.00219727 1.41898e-05

0.00219727 1.33391e-05
0.00222168 7.05793e-06

0.00222168 7.02223e-06
0.00224609 1.35002e-05

0.00224609 1.41375e-05
0.00227051 1.42002e-05

0.00227051 1.4031e-05
0.00229492 6.57507e-06

0.00229492 7.38398e-06
0.00231934 1.19096e-05

0.00231934 1.04172e-05
0.00234375 1.54443e-05

0.00234375 1.5443e-05
0.00236816 1.05061e-05

0.00236816 1.24618e-05
0.00239258 6.85625e-06

0.00239258 6.87053e-06
0.00241699 1.26421e-05

0.00241699 1.05811e-05
0.00244141 1.53802e-05

0.00244141 1.53639e-05
0.00246582 1.05259e-05

0.00246582 1.24403e-05
0.00249023 7.09545e-06

0.00249023 7.10166e-06
0.00251465 1.26091e-05

0.00251465 1.06514e-05
0.00253906 1.52666e-05

0.00253906 1.52504e-05
0.00256348 1.05974e-05

0.00256348 1.24146e-05
0.00258789 7.31898e-06

0.00258789 7.31232e-06
0.0026123 1.26057e-05

0.0026123 1.08116e-05
0.00263672 1.50998e-05

0.00263672 1.50354e-05
0.00266113 1.05827e-05

0.00266113 1.18688e-05
0.00268555 8.13638e-06

0.00268555 7.35067e-06
0.00270996 1.3843e-05

0.00270996 1.39014e-05
0.00273438 1.4118e-05

0.00273437 1.38492e-05
0.00275879 7.6364e-06

0.00275879 8.4182e-06
0.0027832 1.18594e-05

0.0027832 1.08043e-05
0.00280762 1.47991e-05

0.00280762 1.4787e-05
0.00283203 1.07842e-05

0.00283203 1.18481e-05
0.00285645 8.45168e-06

0.00285645 7.73858e-06
0.00288086 1.37669e-05

0.00288086 1.3906e-05
0.00290527 1.38926e-05

0.00290527 1.34314e-05
0.00292969 8.05605e-06

0.00292969 8.78383e-06
0.0029541 1.22751e-05

0.0029541 1.15356e-05
0.00297852 1.4211e-05

0.00297852 1.20376e-05
0.00300293 1.25705e-05

0.00300293 1.24813e-05
0.00302734 1.40034e-05

0.00302734 1.29364e-05
0.00305176 1.38404e-05

0.00305176 1.33753e-05
0.00307617 1.44405e-05

0.00307617 1.37546e-05
0.00310059 1.46336e-05

0.00310059 1.41171e-05
0.003125 1.5064e-05

0.00175781 0.00288262
0.00159054 0.00292969

0.0015625 0.00293843
0.00159357 0.00292969

0.00175781 0.00288324
0.00195312 0.00281946

0.00234375 0.00265971
0.00217481 0.00273438

0.00195312 0.00281979
0.00214844 0.00274554

0.00214844 0.00274586
0.00217442 0.00273438

0.00292969 0.00230771
0.00288024 0.00234375

0.003125 0.00214196
0.00311794 0.00214844

0.00302734 0.00222923
0.00300664 0.00224609

0.00297852 0.00226825
0.00294451 0.00229492

0.00292969 0.00230763
0.00294616 0.00229492

0.00297852 0.00226847
0.00300651 0.00224609

0.00302734 0.00222992
0.00312008 0.00214844

0.00244141 0.00261082
0.00238878 0.00263672

0.00234375 0.0026589
0.00238883 0.00263672

0.00244141 0.00261097
0.00253906 0.00255939

0.00273438 0.00244494
0.00257672 0.00253906

0.00253906 0.00255946
0.0025739 0.00253906

0.00283203 0.00237794
0.0027376 0.00244141

0.00273438 0.00244487
0.00273974 0.00244141

0.00283203 0.00237768
0.00287915 0.00234375

0 0.00312923
0.000147583 0.003125

0.003125 1.44935e-05
0.00314941 1.54027e-05

0.00314941 1.49175e-05
0.00317383 1.57486e-05

0.00317383 1.52736e-05
0.00319824 1.60129e-05

0.00319824 1.54861e-05
0.00322266 1.64436e-05

0.00322266 1.58193e-05
0.00324707 1.71419e-05

0.00324707 1.64786e-05
0.00327148 1.78377e-05

0.00327148 1.71598e-05
0.0032959 1.83453e-05

0.0032959 1.78035e-05
0.00332031 1.88103e-05

0.00332031 1.8128e-05
0.00334473 1.93875e-05

0.00334473 1.95802e-05
0.00336914 1.95526e-05

0.00336914 1.29879e-05
0.00339347 2.44141e-05

0.00339188 2.44141e-05
0.00339355 2.50579e-05

0.00339355 2.69312e-05
0.00341797 4.83757e-05

0.00341783 4.88281e-05
0.00341797 4.89649e-05

0.00341797 4.84832e-05
0.00341832 4.88281e-05

0.00341797 4.92188e-05
0.00344156 7.32422e-05

0.00344164 7.32422e-05
0.00344238 7.40263e-05

0.00344238 7.42407e-05
0.00346389 9.76563e-05

0.00346448 9.76563e-05
0.0034668 0.000100289

0.0034668 0.000100854
0.00350512 0.000146484

0.00350516 0.000146484
0.00351563 0.000160445

0.00351563 0.000160887
0.00354121 0.000195313

0.0035414 0.000195313
0.00356445 0.000230291

0.00356445 0.00023135
0.00357269 0.000244141

0.00357326 0.000244141
0.00360177 0.000292969

0.00360243 0.000292969
0.00361328 0.000315071

0.00361328 0.000316167
0.00362652 0.000341797

0.00362676 0.000341797
0.00364913 0.000390625

0.00364978 0.000390625
0.00368678 0.000488281

0.00368651 0.000488281
0.00371094 0.000575805

0.00371094 0.000576435
0.00371359 0.000585938

0.00371355 0.000585937
0.00373204 0.000683594

0.00373168 0.000683594
0.00374255 0.00078125

0.00374452 0.00078125
0.00374454 0.000976562

0.00374424 0.000976562
0.00371575 0.00117188

0.00371094 0.00118891
0.00365932 0.00136719

0.00365968 0.00136719
0.00357413 0.0015625

0.00371094 0.00118718
0.00371537 0.00117187

0.00332031 0.00193751
0.00330747 0.00195312

0.00351563 0.00166481
0.00345701 0.00175781

0.00341797 0.00181243
0.00338718 0.00185547

0.00332031 0.00193898
0.00338743 0.00185547

0.00345642 0.00175781
0.00342253 0.00180664

0.00341797 0.00181223
0.00342193 0.00180664

0.003125 0.00214734
0.00331196 0.00195312

0.00357207 0.0015625
0.00351821 0.00166016

0.00351563 0.00166493
0.00351847 0.00166016

