9.52435e-05 0
9.76563e-05 5.59582e-06

9.76563e-05 1.42405e-06
0.00012207 1.75707e-06

0.000142847 0
0.000146484 3.94122e-06

0.00016363 0
0.000170724 2.44141e-05

0.000170885 2.44141e-05
0.000170898 2.4566e-05

0.000195313 1.4561e-05
0.000192837 2.44141e-05

0.000191635 2.44141e-05
0.000186505 4.88281e-05

0.000187068 4.88281e-05
0.000190527 7.32422e-05

0.000190115 7.32422e-05
0.000195313 8.40289e-05

0.000206702 0
0.000199851 2.44141e-05

0.000195313 2.52655e-05
0.000195556 2.44141e-05

0.000195313 8.43376e-05
0.000202016 9.76563e-05

0.000201253 9.76563e-05
0.000219727 0.000117215

0.000219727 0.00011657
0.00022901 0.00012207

0.000229688 0.00012207
0.000244141 0.000130092

0.000244141 0.000129707
0.000268555 0.000134609

0.000268555 0.000134531
0.000292969 0.000131876

0.00034538 0
0.00034927 2.44141e-05

0.000353104 2.44141e-05
0.000357106 4.88281e-05

0.000357089 4.88281e-05
0.000353566 7.32422e-05

0.000354252 7.32422e-05
0.000341864 9.76563e-05

0.000317383 0.00012164
0.000316445 0.00012207

0.000292969 0.000132423
0.000315548 0.00012207

0.000341797 9.89884e-05
0.000317987 0.00012207

0.000317383 0.000122255
0.000317658 0.00012207

0.000341797 9.84717e-05
0.000342411 9.76563e-05

0.000877032 0
0.000878906 5.12279e-06

0.000878906 3.89317e-06
0.00090332 4.15105e-06

0.00090332 5.46062e-06
0.000905346 0

0.00146277 0
0.00146484 5.97047e-06

0.00146484 5.34671e-06
0.00148385 2.44141e-05

0.00148332 2.44141e-05
0.00148926 2.64881e-05

0.00148926 1.71742e-05
0.00151367 1.74375e-05

0.00148926 2.4456e-05
0.00150915 2.44141e-05

0.00151367 1.74406e-05
0.00153809 1.71905e-05

0.00151897 2.44141e-05
0.00153809 2.44573e-05

0.0015625 5.3532e-06
0.00154349 2.44141e-05

0.00153809 2.64847e-05
0.00154401 2.44141e-05

0.000390625 0.00311718
0.000117206 0.003125

0.000390625 0.00311749
0.00078125 0.00308339

0.00078125 0.00308404
0.00117187 0.00302513

0.00117188 0.00302613
0.0015625 0.0029391

0.0015625 6.04443e-06
0.0015646 0

0.00165637 0
0.00166016 9.22029e-06

0.00166016 1.04812e-05
0.00167507 2.44141e-05

0.00167426 2.44141e-05
0.00168457 2.82438e-05

0.00168457 1.86692e-05
0.00170898 1.90084e-05

0.0016967 2.44141e-05
0.00170898 2.44981e-05

0.0017334 1.14448e-05
0.00171867 2.44141e-05

0.00170898 2.81511e-05
0.00171941 2.44141e-05

0.0017334 1.23945e-05
0.00173874 0

0.00179169 0
0.00180664 1.75626e-05

0.00180664 6.69584e-07
0.00183105 1.31708e-05

0.00183105 7.37048e-06
0.00185547 1.35131e-05

0.00185547 7.34816e-06
0.00187988 1.28498e-05

0.00187988 1.45295e-05
0.0019043 1.30269e-05

0.0019043 1.40676e-05
0.00192871 4.2103e-06

0.00192871 4.46924e-06
0.00195312 1.22135e-05

0.00195312 9.67578e-06
0.00197754 1.68693e-05

0.00197754 1.64425e-05
0.00200195 9.65639e-06

0.00200195 1.58356e-05
0.00202637 1.78149e-06

0.00202637 2.30582e-06
0.00205078 9.71705e-06

0.00205078 8.27032e-06
0.0020752 1.60205e-05

0.0020752 9.13341e-06
0.00209961 1.14841e-05

0.00209961 1.36576e-05
0.00212402 1.36115e-05

0.00212402 1.32228e-05
0.00214844 7.33442e-06

0.00214844 6.92631e-06
0.00217285 1.32249e-05

0.00217285 1.40301e-05
0.00219727 1.41875e-05

0.00219727 1.33296e-05
0.00222168 7.03002e-06

0.00222168 6.99634e-06
0.00224609 1.35268e-05

0.00224609 1.41677e-05
0.00227051 1.4196e-05

0.00227051 1.4031e-05
0.00229492 6.52996e-06

0.00229492 7.34992e-06
0.00231934 1.19236e-05

0.00231934 1.04094e-05
0.00234375 1.54579e-05

0.00234375 1.54598e-05
0.00236816 1.04973e-05

0.00236816 1.24631e-05
0.00239258 6.82715e-06

0.00239258 6.8432e-06
0.00241699 1.2648e-05

0.00241699 1.05744e-05
0.00244141 1.53923e-05

0.00244141 1.53754e-05
0.00246582 1.05174e-05

0.00246582 1.24395e-05
0.00249023 7.07567e-06

0.00249023 7.08198e-06
0.00251465 1.26139e-05

0.00251465 1.06473e-05
0.00253906 1.52749e-05

0.00253906 1.52583e-05
0.00256348 1.05909e-05

0.00256348 1.24143e-05
0.00258789 7.30492e-06

0.00258789 7.30155e-06
0.0026123 1.26045e-05

0.0026123 1.08044e-05
0.00263672 1.51007e-05

0.00263672 1.50367e-05
0.00266113 1.05788e-05

0.00266113 1.1865e-05
0.00268555 8.12821e-06

0.00268555 7.34106e-06
0.00270996 1.38465e-05

0.00270996 1.38997e-05
0.00273438 1.4122e-05

0.00273437 1.38497e-05
0.00275879 7.63735e-06

0.00275879 8.41761e-06
0.0027832 1.18621e-05

0.0027832 1.07985e-05
0.00280762 1.48109e-05

0.00280762 1.4808e-05
0.00283203 1.07911e-05

0.00283203 1.18827e-05
0.00285645 8.40188e-06

0.00285645 7.68291e-06
0.00288086 1.37528e-05

0.00288086 1.39139e-05
0.00290527 1.39106e-05

0.00290527 1.34046e-05
0.00292969 8.02683e-06

0.00292969 8.70972e-06
0.0029541 1.23765e-05

0.0029541 1.16174e-05
0.00297852 1.42955e-05

0.00297852 1.21348e-05
0.00300293 1.25189e-05

0.00300293 1.25255e-05
0.00302734 1.39204e-05

0.00302734 1.28831e-05
0.00305176 1.37547e-05

0.00305176 1.32901e-05
0.00307617 1.44345e-05

0.00307617 1.37164e-05
0.00310059 1.46472e-05

0.00310059 1.4124e-05
0.003125 1.50446e-05

0.00175781 0.00288236
0.0015893 0.00292969

0.0015625 0.00293808
0.00159239 0.00292969

0.00175781 0.00288298
0.00195312 0.0028193

0.00234375 0.00265977
0.00217473 0.00273438

0.00195312 0.00281963
0.00214844 0.00274549

0.00214844 0.00274582
0.00217436 0.00273438

0.00292969 0.0023081
0.00288074 0.00234375

0.003125 0.00214247
0.00311849 0.00214844

0.00302734 0.0022297
0.00300721 0.00224609

0.00297852 0.00226868
0.00294501 0.00229492

0.00292969 0.00230801
0.00294668 0.00229492

0.00297852 0.00226892
0.00300704 0.00224609

0.00302734 0.00223038
0.00312066 0.00214844

0.00244141 0.00261093
0.00238894 0.00263672

0.00234375 0.00265897
0.00238901 0.00263672

0.00244141 0.00261108
0.00253906 0.00255956

0.00273438 0.00244522
0.00257704 0.00253906

0.00253906 0.00255966
0.00257427 0.00253906

0.00283203 0.00237827
0.00273802 0.00244141

0.00273438 0.00244514
0.00274016 0.00244141

0.00283203 0.00237806
0.00287967 0.00234375

0 0.00312844
0.00012017 0.003125

0.003125 1.44659e-05
0.00314941 1.53623e-05

0.00314941 1.48386e-05
0.00317383 1.57919e-05

0.00317383 1.5269e-05
0.00319824 1.61537e-05

0.00319824 1.56101e-05
0.00322266 1.65376e-05

0.00322266 1.59113e-05
0.00324707 1.71421e-05

0.00324707 1.64592e-05
0.00327148 1.79173e-05

0.00327148 1.70811e-05
0.0032959 1.87117e-05

0.0032959 1.89284e-05
0.00332031 1.86436e-05

0.00332031 1.70299e-05
0.00334473 1.81946e-05

0.00334473 1.94985e-05
0.00336914 2.0403e-05

0.00336914 1.27219e-05
0.00339355 2.42487e-05

0.00339079 2.44141e-05
0.00339355 2.55269e-05

0.00339355 2.36474e-05
0.00339426 2.44141e-05

0.00339355 2.77181e-05
0.0034173 4.88281e-05

0.00341733 4.88281e-05
0.00341797 4.94452e-05

0.00341797 4.97667e-05
0.00344143 7.32422e-05

0.00344147 7.32422e-05
0.00344238 7.41973e-05

0.00344238 7.44075e-05
0.00346392 9.76563e-05

0.0034645 9.76563e-05
0.0034668 0.000100254

0.0034668 0.00010112
0.00348498 0.00012207

0.00348479 0.00012207
0.00349121 0.000129832

0.00349121 0.000129457
0.00350507 0.000146484

0.00350533 0.000146484
0.00351563 0.000160174

0.00351563 0.000160627
0.00354145 0.000195313

0.00354163 0.000195313
0.00356445 0.000229892

0.00356445 0.000230985
0.00357294 0.000244141

0.00357353 0.000244141
0.00360207 0.000292969

0.00360274 0.000292969
0.00361328 0.000314418

0.00361328 0.000315556
0.00362684 0.000341797

0.00362708 0.000341797
0.00364946 0.000390625

0.00365011 0.000390625
0.00368714 0.000488281

0.00368687 0.000488281
0.00371094 0.000574436

0.00371094 0.000575056
0.00371398 0.000585938

0.00371393 0.000585937
0.00373245 0.000683594

0.00373209 0.000683594
0.00374298 0.00078125

0.00374495 0.00078125
0.00374501 0.000976562

0.00374471 0.000976562
0.00371626 0.00117188

0.00371094 0.00119066
0.00365986 0.00136719

0.00366021 0.00136719
0.00357469 0.0015625

0.00371094 0.00118907
0.00371591 0.00117187

0.00332031 0.00193821
0.00330803 0.00195312

0.00351563 0.00166571
0.00345759 0.00175781

0.00341797 0.00181324
0.00338777 0.00185547

0.00332031 0.00193968
0.00338801 0.00185547

0.00345699 0.00175781
0.00342311 0.00180664

0.00341797 0.00181301
0.00342248 0.00180664

0.003125 0.00214789
0.00331255 0.00195312

0.00357263 0.0015625
0.00351877 0.00166016

0.00351563 0.00166584
0.00351902 0.00166016

