9.52703e-05 0
9.76563e-05 5.55679e-06

9.76563e-05 1.40028e-06
0.00012207 1.78687e-06

0.00014285 0
0.000146484 3.91372e-06

0.000163877 0
0.000170512 2.44141e-05

0.000170869 2.44141e-05
0.000170898 2.47617e-05

0.000195313 1.43996e-05
0.0001928 2.44141e-05

0.00019156 2.44141e-05
0.000186434 4.88281e-05

0.000186995 4.88281e-05
0.000190455 7.32422e-05

0.000190039 7.32422e-05
0.000195313 8.41772e-05

0.000206617 0
0.000199777 2.44141e-05

0.000195313 2.52265e-05
0.000195545 2.44141e-05

0.000195313 8.44805e-05
0.000201945 9.76563e-05

0.000201179 9.76563e-05
0.000219727 0.000117276

0.000219727 0.000116621
0.000228948 0.00012207

0.000229603 0.00012207
0.000244141 0.000130128

0.000244141 0.000129733
0.000268555 0.00013461

0.000268555 0.000134534
0.000292969 0.000131855

0.000345298 0
0.000349188 2.44141e-05

0.000353023 2.44141e-05
0.000357025 4.88281e-05

0.000357008 4.88281e-05
0.000353485 7.32422e-05

0.000341797 9.7633e-05
0.000354171 7.32422e-05

0.000317383 0.000121595
0.000316349 0.00012207

0.000292969 0.000132402
0.000315437 0.00012207

0.000341797 9.89001e-05
0.00031792 0.00012207

0.000317383 0.000122215
0.000317599 0.00012207

0.000341797 9.83886e-05
0.000342347 9.76563e-05

0.000876579 0
0.000878906 6.09863e-06

0.000878906 4.65022e-06
0.00090332 3.37254e-06

0.00090332 4.42455e-06
0.0009049 0

0.00146274 0
0.00146484 6.01299e-06

0.00146484 5.47616e-06
0.00148382 2.44141e-05

0.00148311 2.44141e-05
0.00148926 2.65534e-05

0.00148926 1.71964e-05
0.00151367 1.72796e-05

0.00148926 2.44762e-05
0.00150166 2.44141e-05

0.00151367 1.72579e-05
0.00153809 1.71763e-05

0.00152561 2.44141e-05
0.00153809 2.44769e-05

0.0015625 5.52301e-06
0.00154354 2.44141e-05

0.00153809 2.65516e-05
0.00154424 2.44141e-05

0.000390625 0.00311647
9.18104e-05 0.003125

0.000390625 0.00311678
0.00078125 0.00308275

0.00078125 0.0030834
0.00117187 0.00302461

0.00117188 0.00302562
0.0015625 0.00293874

0.0015625 6.04282e-06
0.00156461 0

0.0016564 0
0.00166016 9.15815e-06

0.00166016 1.04765e-05
0.00167507 2.44141e-05

0.00167425 2.44141e-05
0.00168457 2.82499e-05

0.00168457 1.86697e-05
0.00170898 1.90031e-05

0.00169672 2.44141e-05
0.00170898 2.44961e-05

0.0017334 1.14478e-05
0.00171865 2.44141e-05

0.00170898 2.81463e-05
0.00171941 2.44141e-05

0.0017334 1.248e-05
0.00173879 0

0.0017915 0
0.00180664 1.75599e-05

0.00180664 6.50204e-07
0.00183105 1.30759e-05

0.00183105 7.36303e-06
0.00185547 1.35868e-05

0.00185547 7.36971e-06
0.00187988 1.27969e-05

0.00187988 1.44422e-05
0.0019043 1.30886e-05

0.0019043 1.40796e-05
0.00192871 4.35601e-06

0.00192871 4.60563e-06
0.00195312 1.21507e-05

0.00195312 9.70507e-06
0.00197754 1.68138e-05

0.00197754 1.63747e-05
0.00200195 9.68508e-06

0.00200195 1.58765e-05
0.00202637 1.84165e-06

0.00202637 2.35367e-06
0.00205078 9.62638e-06

0.00205078 8.21461e-06
0.0020752 1.60516e-05

0.0020752 9.15063e-06
0.00209961 1.15157e-05

0.00209961 1.36941e-05
0.00212402 1.35708e-05

0.00212402 1.32007e-05
0.00214844 7.30447e-06

0.00214844 6.89393e-06
0.00217285 1.32527e-05

0.00217285 1.40446e-05
0.00219727 1.41903e-05

0.00219727 1.33271e-05
0.00222168 7.0125e-06

0.00222168 6.98355e-06
0.00224609 1.35404e-05

0.00224609 1.41855e-05
0.00227051 1.41899e-05

0.00227051 1.40325e-05
0.00229492 6.49732e-06

0.00229492 7.32205e-06
0.00231934 1.19293e-05

0.00231934 1.03999e-05
0.00234375 1.54707e-05

0.00234375 1.54723e-05
0.00236816 1.04917e-05

0.00236816 1.24659e-05
0.00239258 6.80379e-06

0.00239258 6.8202e-06
0.00241699 1.26519e-05

0.00241699 1.05684e-05
0.00244141 1.54044e-05

0.00244141 1.53876e-05
0.00246582 1.051e-05

0.00246582 1.24394e-05
0.00249023 7.05605e-06

0.00249023 7.06278e-06
0.00251465 1.26188e-05

0.00251465 1.06428e-05
0.00253906 1.52844e-05

0.00253906 1.5268e-05
0.00256348 1.05853e-05

0.00256348 1.24138e-05
0.00258789 7.29015e-06

0.00258789 7.28576e-06
0.0026123 1.26104e-05

0.0026123 1.08042e-05
0.00263672 1.5109e-05

0.00263672 1.50443e-05
0.00266113 1.05729e-05

0.00266113 1.1863e-05
0.00268555 8.12025e-06

0.00268555 7.33302e-06
0.00270996 1.38503e-05

0.00270996 1.39e-05
0.00273438 1.41251e-05

0.00273437 1.38561e-05
0.00275879 7.63071e-06

0.00275879 8.41365e-06
0.0027832 1.1854e-05

0.0027832 1.07925e-05
0.00280762 1.48102e-05

0.00280762 1.48054e-05
0.00283203 1.07868e-05

0.00283203 1.18666e-05
0.00285645 8.41055e-06

0.00285645 7.69599e-06
0.00288086 1.37625e-05

0.00288086 1.39178e-05
0.00290527 1.38974e-05

0.00290527 1.33759e-05
0.00292969 8.05509e-06

0.00292969 8.75227e-06
0.0029541 1.23924e-05

0.0029541 1.16147e-05
0.00297852 1.42696e-05

0.00297852 1.21334e-05
0.00300293 1.25489e-05

0.00300293 1.2562e-05
0.00302734 1.38994e-05

0.00302734 1.29313e-05
0.00305176 1.36535e-05

0.00305176 1.32494e-05
0.00307617 1.42685e-05

0.00307617 1.35521e-05
0.00310059 1.45596e-05

0.00310059 1.39384e-05
0.003125 1.51313e-05

0.00175781 0.00288209
0.00158808 0.00292969

0.0015625 0.00293774
0.00159121 0.00292969

0.00175781 0.00288271
0.00195312 0.00281913

0.00234375 0.0026598
0.0021746 0.00273438

0.00195312 0.00281946
0.00214844 0.00274542

0.00214844 0.00274576
0.00217426 0.00273438

0.00292969 0.00230849
0.00288122 0.00234375

0.003125 0.00214299
0.00311906 0.00214844

0.00302734 0.00223017
0.00300778 0.00224609

0.00297852 0.00226909
0.00294551 0.00229492

0.00292969 0.00230838
0.00294719 0.00229492

0.00297852 0.00226936
0.00300757 0.00224609

0.00302734 0.00223084
0.00312125 0.00214844

0.00244141 0.00261102
0.00238906 0.00263672

0.00234375 0.00265901
0.00238915 0.00263672

0.00244141 0.00261117
0.00253906 0.00255971

0.00273438 0.00244549
0.00257732 0.00253906

0.00253906 0.00255984
0.0025746 0.00253906

0.00283203 0.0023786
0.00273841 0.00244141

0.00273438 0.00244539
0.00274056 0.00244141

0.00283203 0.00237841
0.00288017 0.00234375

0 0.00312771
9.48589e-05 0.003125

0.003125 1.44256e-05
0.00314941 1.55795e-05

0.00314941 1.49865e-05
0.00317383 1.59743e-05

0.00317383 1.5427e-05
0.00319824 1.62451e-05

0.00319824 1.56742e-05
0.00322266 1.67016e-05

0.00322266 1.61883e-05
0.00324707 1.73061e-05

0.00324707 1.68449e-05
0.00327148 1.75727e-05

0.00327148 1.67733e-05
0.0032959 1.80845e-05

0.0032959 1.78697e-05
0.00332031 1.90735e-05

0.00332031 1.8002e-05
0.00334473 1.92555e-05

0.00334473 1.96613e-05
0.00336914 1.9789e-05

0.00336914 1.25816e-05
0.00339269 2.44141e-05

0.00339021 2.44141e-05
0.00339355 2.58542e-05

0.00339355 2.85929e-05
0.0034159 4.88281e-05

0.00341621 4.88281e-05
0.00341797 5.05261e-05

0.00341797 5.09357e-05
0.00344033 7.32422e-05

0.00344051 7.32422e-05
0.00344238 7.51843e-05

0.00344238 7.55211e-05
0.00346303 9.76563e-05

0.00346361 9.76563e-05
0.0034668 0.000101249

0.0034668 0.000102065
0.00348427 0.00012207

0.00348411 0.00012207
0.00349121 0.000130614

0.00349121 0.000130229
0.00350451 0.000146484

0.00350478 0.000146484
0.00351563 0.000160796

0.00351563 0.00016116
0.00354122 0.000195313

0.00354135 0.000195313
0.00356445 0.000230124

0.00356445 0.00023095
0.00357299 0.000244141

0.00357346 0.000244141
0.00360215 0.000292969

0.00360284 0.000292969
0.00361328 0.000314129

0.00361328 0.00031532
0.00362702 0.000341797

0.00362726 0.000341797
0.00364972 0.000390625

0.00365038 0.000390625
0.00368752 0.000488281

0.00368724 0.000488281
0.00371094 0.000572865

0.00371094 0.000573559
0.00371441 0.000585938

0.00371438 0.000585937
0.00373295 0.000683594

0.00373259 0.000683594
0.00374351 0.00078125

0.00374548 0.00078125
0.00374559 0.000976562

0.00374529 0.000976562
0.00371687 0.00117188

0.00371094 0.00119278
0.00366049 0.00136719

0.00366085 0.00136719
0.00357533 0.0015625

0.00371094 0.00119129
0.00371655 0.00117187

0.00332031 0.00193895
0.00330863 0.00195312

0.00351563 0.00166673
0.00345823 0.00175781

0.00341797 0.00181413
0.00338841 0.00185547

0.00332031 0.00194044
0.00338864 0.00185547

0.00345763 0.00175781
0.00342375 0.00180664

0.00341797 0.00181388
0.00342309 0.00180664

0.00331319 0.00195312
0.00312501 0.00214844

0.00357327 0.0015625
0.00351942 0.00166016

0.00351563 0.00166687
0.00351964 0.00166016

