9.52877e-05 0
9.76563e-05 5.53133e-06

9.76563e-05 1.38401e-06
0.00012207 1.80704e-06

0.000142851 0
0.000146484 3.89705e-06

0.00016403 0
0.000170379 2.44141e-05

0.000170859 2.44141e-05
0.000170898 2.49014e-05

0.000195313 1.43028e-05
0.000192778 2.44141e-05

0.000191511 2.44141e-05
0.000186387 4.88281e-05

0.000186946 4.88281e-05
0.000190407 7.32422e-05

0.000189988 7.32422e-05
0.000195313 8.42764e-05

0.000206562 0
0.000199728 2.44141e-05

0.000195313 2.52103e-05
0.00019554 2.44141e-05

0.000195313 8.45765e-05
0.000201896 9.76563e-05

0.000201129 9.76563e-05
0.000219727 0.000117318

0.000219727 0.000116657
0.000228904 0.00012207

0.000229544 0.00012207
0.000244141 0.000130153

0.000244141 0.000129753
0.000268555 0.000134614

0.000268555 0.000134538
0.000292969 0.000131845

0.000341797 9.75593e-05
0.000341748 9.76563e-05

0.000345247 0
0.000349138 2.44141e-05

0.000352974 2.44141e-05
0.000356976 4.88281e-05

0.000356959 4.88281e-05
0.000353437 7.32422e-05

0.000341797 9.7542e-05
0.000354122 7.32422e-05

0.000317383 0.000121571
0.000316299 0.00012207

0.000292969 0.000132393
0.000315376 0.00012207

0.000341797 9.88489e-05
0.000317882 0.00012207

0.000317383 0.000122197
0.000317571 0.00012207

0.000341797 9.83426e-05
0.000342312 9.76563e-05

0.000876547 0
0.000878906 6.16303e-06

0.000878906 4.70497e-06
0.00090332 3.31521e-06

0.00090332 4.33963e-06
0.000904866 0

0.00146274 0
0.00146484 6.01916e-06

0.00146484 5.47531e-06
0.00148381 2.44141e-05

0.00148311 2.44141e-05
0.00148926 2.65542e-05

0.00148926 1.72002e-05
0.00151367 1.72946e-05

0.00148926 2.4475e-05
0.0015018 2.44141e-05

0.00151367 1.72704e-05
0.00153809 1.71876e-05

0.00152561 2.44141e-05
0.00153809 2.44767e-05

0.0015625 5.53315e-06
0.00154355 2.44141e-05

0.00153809 2.65535e-05
0.00154424 2.44141e-05

0.000390625 0.00311602
7.58294e-05 0.003125

0.000390625 0.00311633
0.00078125 0.00308234

0.00078125 0.003083
0.00117187 0.00302428

0.00117188 0.00302528
0.0015625 0.0029385

0.0015625 6.05972e-06
0.00156462 0

0.0016564 0
0.00166016 9.13724e-06

0.00166016 1.04753e-05
0.00167506 2.44141e-05

0.00167425 2.44141e-05
0.00168457 2.82531e-05

0.00168457 1.86778e-05
0.00170898 1.90111e-05

0.00169675 2.44141e-05
0.00170898 2.44958e-05

0.0017334 1.14527e-05
0.00171865 2.44141e-05

0.00170898 2.8147e-05
0.00171941 2.44141e-05

0.0017334 1.25149e-05
0.0017388 0

0.00179143 0
0.00180664 1.75666e-05

0.00180664 6.5843e-07
0.00183105 1.30415e-05

0.00183105 7.36717e-06
0.00185547 1.36076e-05

0.00185547 7.38325e-06
0.00187988 1.27758e-05

0.00187988 1.43959e-05
0.0019043 1.31173e-05

0.0019043 1.40789e-05
0.00192871 4.44432e-06

0.00192871 4.68952e-06
0.00195312 1.21201e-05

0.00195312 9.73124e-06
0.00197754 1.67705e-05

0.00197754 1.63214e-05
0.00200195 9.69863e-06

0.00200195 1.58986e-05
0.00202637 1.89247e-06

0.00202637 2.37426e-06
0.00205078 9.57968e-06

0.00205078 8.23844e-06
0.0020752 1.60437e-05

0.0020752 9.11698e-06
0.00209961 1.14813e-05

0.00209961 1.36595e-05
0.00212402 1.36168e-05

0.00212402 1.32264e-05
0.00214844 7.31608e-06

0.00214844 6.90607e-06
0.00217285 1.3229e-05

0.00217285 1.40377e-05
0.00219727 1.41917e-05

0.00219727 1.33349e-05
0.00222168 7.00384e-06

0.00222168 6.96777e-06
0.00224609 1.35332e-05

0.00224609 1.41778e-05
0.00227051 1.42036e-05

0.00227051 1.40446e-05
0.00229492 6.49078e-06

0.00229492 7.31247e-06
0.00231934 1.19223e-05

0.00231934 1.03972e-05
0.00234375 1.54807e-05

0.00234375 1.54804e-05
0.00236816 1.04837e-05

0.00236816 1.24658e-05
0.00239258 6.79031e-06

0.00239258 6.80664e-06
0.00241699 1.26533e-05

0.00241699 1.05635e-05
0.00244141 1.54099e-05

0.00244141 1.53922e-05
0.00246582 1.05065e-05

0.00246582 1.24404e-05
0.00249023 7.04534e-06

0.00249023 7.05247e-06
0.00251465 1.26188e-05

0.00251465 1.06384e-05
0.00253906 1.52887e-05

0.00253906 1.52717e-05
0.00256348 1.05824e-05

0.00256348 1.24169e-05
0.00258789 7.27871e-06

0.00258789 7.27516e-06
0.0026123 1.26069e-05

0.0026123 1.0797e-05
0.00263672 1.51133e-05

0.00263672 1.50481e-05
0.00266113 1.05693e-05

0.00266113 1.18605e-05
0.00268555 8.11112e-06

0.00268555 7.32278e-06
0.00270996 1.38544e-05

0.00270996 1.3901e-05
0.00273438 1.41284e-05

0.00273437 1.38603e-05
0.00275879 7.62333e-06

0.00275879 8.40595e-06
0.0027832 1.18525e-05

0.0027832 1.07893e-05
0.00280762 1.48169e-05

0.00280762 1.4806e-05
0.00283203 1.07902e-05

0.00283203 1.19196e-05
0.00285645 8.36362e-06

0.00285645 7.64341e-06
0.00288086 1.37041e-05

0.00288086 1.38048e-05
0.00290527 1.39897e-05

0.00290527 1.33783e-05
0.00292969 8.21797e-06

0.00292969 8.95182e-06
0.0029541 1.23411e-05

0.0029541 1.16914e-05
0.00297852 1.40668e-05

0.00297852 1.20666e-05
0.00300293 1.23805e-05

0.00300293 1.23573e-05
0.00302734 1.38331e-05

0.00302734 1.27328e-05
0.00305176 1.37968e-05

0.00305176 1.32192e-05
0.00307617 1.45257e-05

0.00307617 1.37269e-05
0.00310059 1.47742e-05

0.00310059 1.42033e-05
0.003125 1.51733e-05

0.00175781 0.00288191
0.00158726 0.00292969

0.0015625 0.00293751
0.00159042 0.00292969

0.00175781 0.00288252
0.00195312 0.002819

0.00234375 0.00265981
0.00217447 0.00273438

0.00195312 0.00281933
0.00214844 0.00274536

0.00214844 0.00274571
0.00217416 0.00273438

0.00292969 0.00230873
0.00288152 0.00234375

0.003125 0.00214333
0.00311943 0.00214844

0.00302734 0.00223047
0.00300814 0.00224609

0.00297852 0.00226936
0.00294582 0.00229492

0.00292969 0.00230862
0.00294751 0.00229492

0.00297852 0.00226963
0.00300791 0.00224609

0.00302734 0.00223112
0.00312163 0.00214844

0.00244141 0.00261106
0.0023891 0.00263672

0.00234375 0.00265902
0.00238921 0.00263672

0.00244141 0.00261122
0.00253906 0.00255979

0.00273438 0.00244564
0.00257747 0.00253906

0.00253906 0.00255994
0.00257478 0.00253906

0.00283203 0.00237879
0.00273864 0.00244141

0.00273438 0.00244554
0.0027408 0.00244141

0.00283203 0.00237863
0.00288049 0.00234375

0 0.00312725
7.89196e-05 0.003125

0.003125 1.46076e-05
0.00314941 1.54471e-05

0.00314941 1.49406e-05
0.00317383 1.58144e-05

0.00317383 1.52797e-05
0.00319824 1.62435e-05

0.00319824 1.57419e-05
0.00322266 1.6674e-05

0.00322266 1.60861e-05
0.00324707 1.70853e-05

0.00324707 1.66234e-05
0.00327148 1.76068e-05

0.00327148 1.6966e-05
0.0032959 1.804e-05

0.0032959 1.76319e-05
0.00332031 1.86589e-05

0.00332031 1.78358e-05
0.00334473 1.9198e-05

0.00334473 1.94107e-05
0.00336914 1.96044e-05

0.00336914 1.27899e-05
0.00339312 2.44141e-05

0.00339245 2.44141e-05
0.00339355 2.48585e-05

0.00339355 2.72735e-05
0.00341747 4.88281e-05

0.00341661 4.88281e-05
0.00341797 5.0194e-05

0.00341797 5.02889e-05
0.00344034 7.32422e-05

0.00344073 7.32422e-05
0.00344238 7.49803e-05

0.00344238 7.5405e-05
0.00346296 9.76563e-05

0.00346357 9.76563e-05
0.0034668 0.000101313

0.0034668 0.000102141
0.00348413 0.00012207

0.003484 0.00012207
0.00349121 0.000130773

0.00349121 0.000130422
0.00350432 0.000146484

0.00350464 0.000146484
0.00351563 0.000161019

0.00351563 0.000161434
0.00354099 0.000195313

0.00354114 0.000195313
0.00356445 0.000230434

0.00356445 0.000231313
0.00357275 0.000244141

0.00357326 0.000244141
0.00360198 0.000292969

0.00360267 0.000292969
0.00361328 0.000314444

0.00361328 0.000315647
0.00362687 0.000341797

0.00362712 0.000341797
0.00364963 0.000390625

0.00365029 0.000390625
0.00368752 0.000488281

0.00368725 0.000488281
0.00371094 0.000572578

0.00371094 0.00057338
0.00371447 0.000585938

0.00371446 0.000585937
0.00373311 0.000683594

0.00373274 0.000683594
0.00374373 0.00078125

0.00374571 0.00078125
0.00374592 0.000976562

0.00374561 0.000976562
0.00371725 0.00117188

0.00371094 0.00119413
0.00366092 0.00136719

0.00366127 0.00136719
0.00357578 0.0015625

0.00371094 0.00119273
0.00371697 0.00117187

0.00332031 0.00193943
0.00330902 0.00195312

0.00351563 0.00166743
0.00345866 0.00175781

0.00341797 0.00181473
0.00338884 0.00185547

0.00332031 0.00194095
0.00338906 0.00185547

0.00345807 0.00175781
0.00342418 0.00180664

0.00341797 0.00181447
0.00342351 0.00180664

0.00331361 0.00195312
0.00312536 0.00214844

0.00357371 0.0015625
0.00351985 0.00166016

0.00351563 0.00166756
0.00352006 0.00166016

