9.53063e-05 0
9.76563e-05 5.50391e-06

9.76563e-05 1.36716e-06
0.00012207 1.82795e-06

0.000142852 0
0.000146484 3.87831e-06

0.000164184 0
0.00017025 2.44141e-05

0.000170851 2.44141e-05
0.000170898 2.50342e-05

0.000195313 1.41919e-05
0.000192752 2.44141e-05

0.000191464 2.44141e-05
0.000186342 4.88281e-05

0.0001869 4.88281e-05
0.000190362 7.32422e-05

0.000189941 7.32422e-05
0.000195313 8.43685e-05

0.000206507 0
0.000199681 2.44141e-05

0.000195313 2.51969e-05
0.000195536 2.44141e-05

0.000195313 8.46656e-05
0.000201852 9.76563e-05

0.000201082 9.76563e-05
0.000219727 0.000117355

0.000219727 0.000116688
0.000228868 0.00012207

0.000229493 0.00012207
0.000244141 0.000130174

0.000244141 0.000129768
0.000268555 0.000134614

0.000268555 0.000134539
0.000292969 0.00013183

0.000341797 9.74801e-05
0.000341707 9.76563e-05

0.000345198 0
0.00034909 2.44141e-05

0.000352925 2.44141e-05
0.000356928 4.88281e-05

0.000356911 4.88281e-05
0.000353389 7.32422e-05

0.000341797 9.74467e-05
0.000354074 7.32422e-05

0.000317383 0.000121544
0.000316242 0.00012207

0.000292969 0.000132378
0.000315305 0.00012207

0.000341797 9.8795e-05
0.00031784 0.00012207

0.000317383 0.000122176
0.00031754 0.00012207

0.000341797 9.82975e-05
0.000342278 9.76563e-05

0.000877093 0
0.000878906 4.97958e-06

0.000878906 3.68233e-06
0.00090332 4.32117e-06

0.00090332 5.79181e-06
0.0009055 0

0.00146275 0
0.00146484 6.00716e-06

0.00146484 5.47286e-06
0.00148381 2.44141e-05

0.00148311 2.44141e-05
0.00148926 2.65571e-05

0.00148926 1.72053e-05
0.00151367 1.72956e-05

0.00148926 2.44758e-05
0.00150179 2.44141e-05

0.00151367 1.72667e-05
0.00153809 1.71839e-05

0.00152562 2.44141e-05
0.00153809 2.44766e-05

0.0015625 5.53991e-06
0.00154355 2.44141e-05

0.00153809 2.6553e-05
0.00154424 2.44141e-05

0.000390625 0.0031156
6.04736e-05 0.003125

0.000390625 0.0031159
0.00078125 0.00308195

0.00078125 0.0030826
0.00117187 0.00302395

0.00117188 0.00302496
0.0015625 0.00293826

0.0015625 6.06204e-06
0.00156462 0

0.00165641 0
0.00166016 9.12477e-06

0.00166016 1.04748e-05
0.00167506 2.44141e-05

0.00167425 2.44141e-05
0.00168457 2.82526e-05

0.00168457 1.86746e-05
0.00170898 1.90075e-05

0.00169676 2.44141e-05
0.00170898 2.44955e-05

0.0017334 1.14545e-05
0.00171865 2.44141e-05

0.00170898 2.81443e-05
0.00171941 2.44141e-05

0.0017334 1.25247e-05
0.00173881 0

0.00179138 0
0.00180664 1.75742e-05

0.00180664 6.63856e-07
0.00183105 1.30246e-05

0.00183105 7.3768e-06
0.00185547 1.36267e-05

0.00185547 7.40392e-06
0.00187988 1.27575e-05

0.00187988 1.43613e-05
0.0019043 1.31346e-05

0.0019043 1.40725e-05
0.00192871 4.51877e-06

0.00192871 4.76093e-06
0.00195312 1.20991e-05

0.00195312 9.75184e-06
0.00197754 1.67341e-05

0.00197754 1.62801e-05
0.00200195 9.71524e-06

0.00200195 1.59262e-05
0.00202637 1.92563e-06

0.00202637 2.3842e-06
0.00205078 9.53814e-06

0.00205078 8.25188e-06
0.0020752 1.60459e-05

0.0020752 9.09262e-06
0.00209961 1.14565e-05

0.00209961 1.36356e-05
0.00212402 1.36536e-05

0.00212402 1.32496e-05
0.00214844 7.32296e-06

0.00214844 6.91247e-06
0.00217285 1.32107e-05

0.00217285 1.40336e-05
0.00219727 1.41965e-05

0.00219727 1.33451e-05
0.00222168 6.99366e-06

0.00222168 6.95547e-06
0.00224609 1.35232e-05

0.00224609 1.41652e-05
0.00227051 1.4215e-05

0.00227051 1.40552e-05
0.00229492 6.48998e-06

0.00229492 7.30719e-06
0.00231934 1.19121e-05

0.00231934 1.03926e-05
0.00234375 1.54883e-05

0.00234375 1.54864e-05
0.00236816 1.04778e-05

0.00236816 1.24651e-05
0.00239258 6.77888e-06

0.00239258 6.7946e-06
0.00241699 1.26557e-05

0.00241699 1.05609e-05
0.00244141 1.54147e-05

0.00244141 1.53974e-05
0.00246582 1.05011e-05

0.00246582 1.24399e-05
0.00249023 7.03459e-06

0.00249023 7.04103e-06
0.00251465 1.26207e-05

0.00251465 1.06355e-05
0.00253906 1.52935e-05

0.00253906 1.52773e-05
0.00256348 1.05772e-05

0.00256348 1.24145e-05
0.00258789 7.26929e-06

0.00258789 7.26452e-06
0.0026123 1.26119e-05

0.0026123 1.08003e-05
0.00263672 1.51149e-05

0.00263672 1.50519e-05
0.00266113 1.05573e-05

0.00266113 1.17762e-05
0.00268555 8.181e-06

0.00268555 7.41194e-06
0.00270996 1.39332e-05

0.00270996 1.40316e-05
0.00273438 1.39993e-05

0.00273437 1.37755e-05
0.00275879 7.52597e-06

0.00275879 8.32404e-06
0.0027832 1.19499e-05

0.0027832 1.08168e-05
0.00280762 1.48155e-05

0.00280762 1.48003e-05
0.00283203 1.07756e-05

0.00283203 1.18418e-05
0.00285645 8.45586e-06

0.00285645 7.74234e-06
0.00288086 1.37797e-05

0.00288086 1.39093e-05
0.00290527 1.3902e-05

0.00290527 1.35063e-05
0.00292969 8.00592e-06

0.00292969 8.76321e-06
0.0029541 1.21573e-05

0.0029541 1.14547e-05
0.00297852 1.41814e-05

0.00297852 1.19891e-05
0.00300293 1.2532e-05

0.00300293 1.24335e-05
0.00302734 1.39516e-05

0.00302734 1.28548e-05
0.00305176 1.38213e-05

0.00305176 1.32892e-05
0.00307617 1.45151e-05

0.00307617 1.37638e-05
0.00310059 1.47669e-05

0.00310059 1.42265e-05
0.003125 1.51423e-05

0.00175781 0.00288171
0.00158642 0.00292969

0.0015625 0.00293727
0.00158961 0.00292969

0.00175781 0.00288233
0.00195312 0.00281886

0.00234375 0.00265979
0.00217431 0.00273438

0.00195312 0.0028192
0.00214844 0.00274528

0.00214844 0.00274563
0.00217402 0.00273438

0.00292969 0.00230894
0.00288177 0.00234375

0.003125 0.00214364
0.00311976 0.00214844

0.00302734 0.00223074
0.00300846 0.00224609

0.00297852 0.00226958
0.00294609 0.00229492

0.00292969 0.00230882
0.00294779 0.00229492

0.00297852 0.00226987
0.0030082 0.00224609

0.00302734 0.00223137
0.00312197 0.00214844

0.00244141 0.00261107
0.00238909 0.00263672

0.00234375 0.00265901
0.00238922 0.00263672

0.00244141 0.00261123
0.00253906 0.00255984

0.00273438 0.00244577
0.00257758 0.00253906

0.00253906 0.00256001
0.00257492 0.00253906

0.00283203 0.00237896
0.00273883 0.00244141

0.00273438 0.00244567
0.002741 0.00244141

0.00283203 0.00237881
0.00288076 0.00234375

0 0.00312681
6.35935e-05 0.003125

0.003125 1.45666e-05
0.00314941 1.54303e-05

0.00314941 1.49045e-05
0.00317383 1.58812e-05

0.00317383 1.53623e-05
0.00319824 1.62777e-05

0.00319824 1.57925e-05
0.00322266 1.65734e-05

0.00322266 1.60932e-05
0.00324707 1.69264e-05

0.00324707 1.6429e-05
0.00327148 1.74415e-05

0.00327148 1.67543e-05
0.0032959 1.81407e-05

0.0032959 1.76652e-05
0.00332031 1.88587e-05

0.00332031 1.80298e-05
0.00334473 1.92313e-05

0.00334473 1.94519e-05
0.00336914 1.9475e-05

0.00336914 1.27234e-05
0.00339328 2.44141e-05

0.00339135 2.44141e-05
0.00339355 2.52945e-05

0.00339355 2.73517e-05
0.00341782 4.88281e-05

0.00341762 4.88281e-05
0.00341797 4.91637e-05

0.00341797 4.95954e-05
0.00344139 7.32422e-05

0.00344154 7.32422e-05
0.00344238 7.41253e-05

0.00344238 7.44088e-05
0.00346386 9.76563e-05

0.00346446 9.76563e-05
0.0034668 0.000100303

0.0034668 0.000100873
0.00350527 0.000146484

0.00350527 0.000146484
0.00351563 0.000160234

0.00351563 0.000160651
0.00354146 0.000195313

0.00354161 0.000195313
0.00356445 0.000229867

0.00356445 0.000230736
0.00357312 0.000244141

0.0035736 0.000244141
0.00360222 0.000292969

0.0036029 0.000292969
0.00361328 0.00031402

0.00361328 0.000315223
0.00362706 0.000341797

0.0036273 0.000341797
0.00364976 0.000390625

0.00365042 0.000390625
0.00368759 0.000488281

0.00368733 0.000488281
0.00371094 0.000572328

0.00371094 0.000573126
0.00371454 0.000585938

0.00371453 0.000585937
0.00373318 0.000683594

0.00373281 0.000683594
0.00374383 0.00078125

0.00374581 0.00078125
0.00374609 0.000976562

0.00374578 0.000976562
0.00371749 0.00117188

0.00371094 0.001195
0.00366122 0.00136719

0.00366157 0.00136719
0.00357612 0.0015625

0.00371094 0.00119367
0.00371723 0.00117187

0.00332031 0.00193986
0.00330937 0.00195312

0.00351563 0.00166799
0.00345902 0.00175781

0.00341797 0.00181524
0.00338921 0.00185547

0.00332031 0.00194139
0.00338942 0.00185547

0.00345843 0.00175781
0.00342454 0.00180664

0.00341797 0.00181496
0.00342386 0.00180664

0.00331397 0.00195312
0.00312568 0.00214844

0.00357405 0.0015625
0.00352021 0.00166016

0.00351563 0.00166813
0.00352041 0.00166016

