9.54069e-05 0
9.76563e-05 5.3511e-06

9.76563e-05 1.27446e-06
0.00012207 1.94157e-06

0.000142855 0
0.000146484 3.77539e-06

0.000164975 0
0.000169601 2.44141e-05

0.000170817 2.44141e-05
0.000170898 2.58447e-05

0.000195313 1.35967e-05
0.000192619 2.44141e-05

0.000191216 2.44141e-05
0.000186102 4.88281e-05

0.000186655 4.88281e-05
0.000190118 7.32422e-05

0.000189686 7.32422e-05
0.000195313 8.48661e-05

0.000206211 0
0.00019943 2.44141e-05

0.000195313 2.51528e-05
0.000195522 2.44141e-05

0.000195313 8.5148e-05
0.000201611 9.76563e-05

0.00020083 9.76563e-05
0.000219727 0.000117562

0.000219727 0.000116861
0.000228653 0.00012207

0.000229204 0.00012207
0.000244141 0.000130293

0.000244141 0.000129859
0.000268555 0.000134622

0.000268555 0.000134553
0.000292969 0.000131765

0.000341797 9.70606e-05
0.000341495 9.76563e-05

0.000344935 0
0.000348827 2.44141e-05

0.000352662 2.44141e-05
0.000356667 4.88281e-05

0.00035665 4.88281e-05
0.00035313 7.32422e-05

0.000341797 9.69466e-05
0.000353812 7.32422e-05

0.000317383 0.000121418
0.000315984 0.00012207

0.000292969 0.000132313
0.000314955 0.00012207

0.000341797 9.85156e-05
0.000317627 0.00012207

0.000317383 0.000122124
0.000317463 0.00012207

0.000341797 9.8095e-05
0.000342125 9.76563e-05

0.000876555 0
0.000878906 6.14693e-06

0.000878906 4.68872e-06
0.00090332 3.33115e-06

0.00090332 4.36815e-06
0.000904878 0

0.00146275 0
0.00146484 6.00618e-06

0.00146484 5.34144e-06
0.00148384 2.44141e-05

0.00148331 2.44141e-05
0.00148926 2.64953e-05

0.00148926 1.72083e-05
0.00151367 1.74719e-05

0.00148926 2.44559e-05
0.00150896 2.44141e-05

0.00151367 1.74475e-05
0.00153809 1.7192e-05

0.00151881 2.44141e-05
0.00153809 2.44573e-05

0.0015625 5.39767e-06
0.00154352 2.44141e-05

0.00153809 2.6495e-05
0.00154404 2.44141e-05

0 0.00312477
0.000390625 0.0031137

0.000390625 0.00311399
0.00078125 0.00308018

0.00078125 0.00308083
0.00117187 0.00302243

0.00117188 0.00302346
0.0015625 0.00293711

0.0015625 6.0467e-06
0.00156461 0

0.00165642 0
0.00166016 9.11307e-06

0.00166016 1.0474e-05
0.00167506 2.44141e-05

0.00167424 2.44141e-05
0.00168457 2.82583e-05

0.00168457 1.86854e-05
0.00170898 1.90144e-05

0.00169672 2.44141e-05
0.00170898 2.44948e-05

0.0017334 1.14515e-05
0.00171864 2.44141e-05

0.00170898 2.81484e-05
0.00171942 2.44141e-05

0.0017334 1.256e-05
0.00173882 0

0.00179127 0
0.00180664 1.76835e-05

0.00180664 8.4081e-07
0.00183105 1.30097e-05

0.00183105 7.48157e-06
0.00185547 1.36079e-05

0.00185547 7.5028e-06
0.00187988 1.27263e-05

0.00187988 1.42736e-05
0.0019043 1.3162e-05

0.0019043 1.4036e-05
0.00192871 4.76784e-06

0.00192871 5.00495e-06
0.00195312 1.20427e-05

0.00195312 9.82895e-06
0.00197754 1.65972e-05

0.00197754 1.61256e-05
0.00200195 9.77494e-06

0.00200195 1.60047e-05
0.00202637 2.0713e-06

0.00202637 2.48123e-06
0.00205078 9.36163e-06

0.00205078 8.18637e-06
0.0020752 1.60936e-05

0.0020752 9.10437e-06
0.00209961 1.14821e-05

0.00209961 1.36648e-05
0.00212402 1.3626e-05

0.00212402 1.32418e-05
0.00214844 7.29393e-06

0.00214844 6.87584e-06
0.00217285 1.32305e-05

0.00217285 1.4066e-05
0.00219727 1.41922e-05

0.00219727 1.33352e-05
0.00222168 6.93815e-06

0.00222168 6.90337e-06
0.00224609 1.35582e-05

0.00224609 1.41994e-05
0.00227051 1.42162e-05

0.00227051 1.40666e-05
0.00229492 6.41739e-06

0.00229492 7.24542e-06
0.00231934 1.19221e-05

0.00231934 1.03722e-05
0.00234375 1.55209e-05

0.00234375 1.55217e-05
0.00236816 1.04602e-05

0.00236816 1.24735e-05
0.00239258 6.71327e-06

0.00239258 6.7306e-06
0.00241699 1.26646e-05

0.00241699 1.05415e-05
0.00244141 1.54482e-05

0.00244141 1.54317e-05
0.00246582 1.04811e-05

0.00246582 1.24409e-05
0.00249023 6.97656e-06

0.00249023 6.98435e-06
0.00251465 1.26342e-05

0.00251465 1.0623e-05
0.00253906 1.53204e-05

0.00253906 1.53031e-05
0.00256348 1.05603e-05

0.00256348 1.24116e-05
0.00258789 7.23035e-06

0.00258789 7.22804e-06
0.0026123 1.26225e-05

0.0026123 1.07884e-05
0.00263672 1.51335e-05

0.00263672 1.50687e-05
0.00266113 1.05552e-05

0.00266113 1.18544e-05
0.00268555 8.08331e-06

0.00268555 7.29147e-06
0.00270996 1.38705e-05

0.00270996 1.39216e-05
0.00273438 1.41283e-05

0.00273437 1.38755e-05
0.00275879 7.56501e-06

0.00275879 8.34966e-06
0.0027832 1.18486e-05

0.0027832 1.07623e-05
0.00280762 1.48562e-05

0.00280762 1.48498e-05
0.00283203 1.07738e-05

0.00283203 1.19447e-05
0.00285645 8.27115e-06

0.00285645 7.52413e-06
0.00288086 1.37208e-05

0.00288086 1.38316e-05
0.00290527 1.40482e-05

0.00290527 1.35581e-05
0.00292969 7.97816e-06

0.00292969 8.67948e-06
0.0029541 1.22038e-05

0.0029541 1.15105e-05
0.00297852 1.43145e-05

0.00297852 1.2035e-05
0.00300293 1.25671e-05

0.00300293 1.2489e-05
0.00302734 1.4074e-05

0.00302734 1.29609e-05
0.00305176 1.39047e-05

0.00305176 1.34534e-05
0.00307617 1.45046e-05

0.00307617 1.38484e-05
0.00310059 1.46138e-05

0.00310059 1.41482e-05
0.003125 1.50016e-05

0.00175781 0.00288078
0.00158244 0.00292969

0.0015625 0.00293616
0.00158571 0.00292969

0.00175781 0.00288138
0.00195312 0.00281815

0.00234375 0.00265961
0.00217336 0.00273438

0.00195312 0.00281849
0.00214844 0.00274483

0.00214844 0.00274521
0.00217313 0.00273438

0.00292969 0.00230976
0.00288276 0.00234375

0.003125 0.00214498
0.00312121 0.00214844

0.00302734 0.00223182
0.00300975 0.00224609

0.00297852 0.0022705
0.00294717 0.00229492

0.00292969 0.0023096
0.00294888 0.00229492

0.00297852 0.00227082
0.00300937 0.00224609

0.00302734 0.00223237
0.00312333 0.00214844

0.00244141 0.00261105
0.00238887 0.00263672

0.00234375 0.00265885
0.00238904 0.00263672

0.00244141 0.00261121
0.00253906 0.00255998

0.00273438 0.00244623
0.00257791 0.00253906

0.00253906 0.00256022
0.00257537 0.00253906

0.00283203 0.0023796
0.00273953 0.00244141

0.00273438 0.00244609
0.00274169 0.00244141

0.00283203 0.00237952
0.00288181 0.00234375

0.003125 1.44467e-05
0.00314941 1.53739e-05

0.00314941 1.48552e-05
0.00317383 1.58068e-05

0.00317383 1.52511e-05
0.00319824 1.6162e-05

0.00319824 1.55696e-05
0.00322266 1.66559e-05

0.00322266 1.60342e-05
0.00324707 1.7295e-05

0.00324707 1.73436e-05
0.00327148 1.71783e-05

0.00327148 1.63293e-05
0.0032959 1.66942e-05

0.0032959 1.56904e-05
0.00332031 1.95079e-05

0.00332031 1.94528e-05
0.00334473 2.10734e-05

0.00334473 1.99121e-05
0.00336914 1.85274e-05

0.00336914 1.28117e-05
0.00339252 2.44141e-05

0.00339139 2.44141e-05
0.00339355 2.52898e-05

0.00339355 2.74645e-05
0.00341771 4.88281e-05

0.00341728 4.88281e-05
0.00341797 4.9496e-05

0.00341797 4.98316e-05
0.00344125 7.32422e-05

0.00344143 7.32422e-05
0.00344238 7.42309e-05

0.00344238 7.44125e-05
0.00346408 9.76563e-05

0.0034646 9.76563e-05
0.0034668 0.000100124

0.0034668 0.000100903
0.00348532 0.00012207

0.00348512 0.00012207
0.00349121 0.000129363

0.00349121 0.000128982
0.00350557 0.000146484

0.00350576 0.000146484
0.00351563 0.000159457

0.00351563 0.0001598
0.00354227 0.000195313

0.00354234 0.000195313
0.00356445 0.000228604

0.00356445 0.000229169
0.0035742 0.000244141

0.00357452 0.000244141
0.00360325 0.000292969

0.00360398 0.000292969
0.00361328 0.000311771

0.00361328 0.000313119
0.0036282 0.000341797

0.00362842 0.000341797
0.00365094 0.000390625

0.0036516 0.000390625
0.00368887 0.000488281

0.00368862 0.000488281
0.00371094 0.000567583

0.00371094 0.00056838
0.00371588 0.000585938

0.00371586 0.000585937
0.00373455 0.000683594

0.00373419 0.000683594
0.00374523 0.00078125

0.00374721 0.00078125
0.00374754 0.000976562

0.00374724 0.000976562
0.003719 0.00117188

0.00371094 0.00120026
0.00366277 0.00136719

0.00366312 0.00136719
0.00357769 0.0015625

0.00371094 0.00119893
0.00371874 0.00117187

0.00332031 0.00194171
0.00331088 0.00195312

0.00351563 0.00167049
0.00346059 0.00175781

0.00341797 0.00181744
0.0033908 0.00185547

0.00332031 0.00194321
0.00339095 0.00185547

0.00345999 0.00175781
0.00342609 0.00180664

0.00341797 0.00181703
0.00342532 0.00180664

0.0033155 0.00195312
0.00312694 0.00214844

0.00357563 0.0015625
0.00352178 0.00166016

0.00351563 0.00167061
0.00352193 0.00166016

