9.54799e-05 0
9.76563e-05 5.2362e-06

9.76563e-05 1.20429e-06
0.00012207 2.02593e-06

0.000142853 0
0.000146484 3.70166e-06

0.000165492 0
0.000169192 2.44141e-05

0.000170898 4.69264e-05
0.000170796 4.88281e-05

0.000195313 1.31833e-05
0.000192528 2.44141e-05

0.000191044 2.44141e-05
0.000185938 4.88281e-05

0.000170855 4.88281e-05
0.000170898 4.90101e-05

0.000186486 4.88281e-05
0.000189951 7.32422e-05

0.00018951 7.32422e-05
0.000195313 8.52076e-05

0.000206002 0
0.000199255 2.44141e-05

0.000195313 2.51367e-05
0.000195516 2.44141e-05

0.000195313 8.5478e-05
0.000201446 9.76563e-05

0.000200656 9.76563e-05
0.000219727 0.000117703

0.000219727 0.000116979
0.000228505 0.00012207

0.000229005 0.00012207
0.000244141 0.000130375

0.000244141 0.000129922
0.000268555 0.000134628

0.000268555 0.000134563
0.000292969 0.000131721

0.000341797 9.67841e-05
0.000341355 9.76563e-05

0.00034476 0
0.000348653 2.44141e-05

0.000352488 2.44141e-05
0.000356494 4.88281e-05

0.000356477 4.88281e-05
0.00035296 7.32422e-05

0.000341797 9.66143e-05
0.000353638 7.32422e-05

0.000317383 0.00012134
0.000315826 0.00012207

0.000292969 0.000132268
0.000314723 0.00012207

0.000341797 9.83327e-05
0.000317487 0.00012207

0.000341797 9.79915e-05
0.000342047 9.76563e-05

0.000877022 0
0.000878906 5.14418e-06

0.000878906 3.91378e-06
0.00090332 4.13232e-06

0.00090332 5.43085e-06
0.000905332 0

0.00146272 0
0.00146484 6.06951e-06

0.00146484 5.51526e-06
0.0014838 2.44141e-05

0.00148309 2.44141e-05
0.00148926 2.65612e-05

0.00148926 1.7186e-05
0.00151367 1.72919e-05

0.00148926 2.44749e-05
0.00150207 2.44141e-05

0.00151367 1.73077e-05
0.00153809 1.72145e-05

0.00152546 2.44141e-05
0.00153809 2.44754e-05

0.0015625 5.49521e-06
0.00154354 2.44141e-05

0.00153809 2.65533e-05
0.00154423 2.44141e-05

0 0.00312382
0.000390625 0.00311277

0.000390625 0.00311306
0.00078125 0.00307932

0.00078125 0.00307996
0.00117187 0.00302168

0.00117188 0.00302271
0.0015625 0.00293652

0.0015625 6.11756e-06
0.00156464 0

0.00165642 0
0.00166016 9.10789e-06

0.00166016 1.04576e-05
0.00167505 2.44141e-05

0.00167423 2.44141e-05
0.00168457 2.8268e-05

0.00168457 1.87073e-05
0.00170898 1.90377e-05

0.00169676 2.44141e-05
0.00170898 2.44953e-05

0.0017334 1.144e-05
0.00171864 2.44141e-05

0.00170898 2.81641e-05
0.00171946 2.44141e-05

0.0017334 1.26098e-05
0.00173885 0

0.00179121 0
0.00180664 1.7777e-05

0.00180664 1.00067e-06
0.00183105 1.30076e-05

0.00183105 7.56367e-06
0.00185547 1.35735e-05

0.00185547 7.57077e-06
0.00187988 1.27208e-05

0.00187988 1.42421e-05
0.0019043 1.31619e-05

0.0019043 1.40202e-05
0.00192871 4.88491e-06

0.00192871 5.11759e-06
0.00195312 1.20155e-05

0.00195312 9.86081e-06
0.00197754 1.65382e-05

0.00197754 1.60609e-05
0.00200195 9.80586e-06

0.00200195 1.60352e-05
0.00202637 2.13898e-06

0.00202637 2.5415e-06
0.00205078 9.27861e-06

0.00205078 8.14162e-06
0.0020752 1.61095e-05

0.0020752 9.11465e-06
0.00209961 1.15117e-05

0.00209961 1.36929e-05
0.00212402 1.35951e-05

0.00212402 1.32346e-05
0.00214844 7.26401e-06

0.00214844 6.84341e-06
0.00217285 1.32409e-05

0.00217285 1.40769e-05
0.00219727 1.41898e-05

0.00219727 1.33298e-05
0.00222168 6.90367e-06

0.00222168 6.8697e-06
0.00224609 1.35729e-05

0.00224609 1.42018e-05
0.00227051 1.4227e-05

0.00227051 1.4079e-05
0.00229492 6.39719e-06

0.00229492 7.22753e-06
0.00231934 1.19166e-05

0.00231934 1.03611e-05
0.00234375 1.55352e-05

0.00234375 1.55389e-05
0.00236816 1.04525e-05

0.00236816 1.24814e-05
0.00239258 6.67609e-06

0.00239258 6.69379e-06
0.00241699 1.26662e-05

0.00241699 1.05277e-05
0.00244141 1.54691e-05

0.00244141 1.54526e-05
0.00246582 1.04703e-05

0.00246582 1.24483e-05
0.00249023 6.93477e-06

0.00249023 6.94369e-06
0.00251465 1.26356e-05

0.00251465 1.0606e-05
0.00253906 1.53431e-05

0.00253906 1.53267e-05
0.00256348 1.05491e-05

0.00256348 1.24247e-05
0.00258789 7.17743e-06

0.00258789 7.1749e-06
0.0026123 1.26202e-05

0.0026123 1.07677e-05
0.00263672 1.51631e-05

0.00263672 1.50966e-05
0.00266113 1.05372e-05

0.00266113 1.18502e-05
0.00268555 8.03683e-06

0.00268555 7.24184e-06
0.00270996 1.38865e-05

0.00270996 1.39291e-05
0.00273438 1.41423e-05

0.00273437 1.38891e-05
0.00275879 7.52632e-06

0.00275879 8.31373e-06
0.0027832 1.18467e-05

0.0027832 1.07533e-05
0.00280762 1.48764e-05

0.00280762 1.48664e-05
0.00283203 1.0757e-05

0.00283203 1.19297e-05
0.00285645 8.25416e-06

0.00285645 7.52023e-06
0.00288086 1.37253e-05

0.00288086 1.38238e-05
0.00290527 1.40296e-05

0.00290527 1.34573e-05
0.00292969 8.06497e-06

0.00292969 8.7322e-06
0.0029541 1.23493e-05

0.0029541 1.15964e-05
0.00297852 1.43526e-05

0.00297852 1.21633e-05
0.00300293 1.25963e-05

0.00300293 1.26102e-05
0.00302734 1.39419e-05

0.00302734 1.29513e-05
0.00305176 1.37087e-05

0.00305176 1.32873e-05
0.00307617 1.43768e-05

0.00307617 1.36817e-05
0.00310059 1.46189e-05

0.00310059 1.41089e-05
0.003125 1.5006e-05

0.00175781 0.00288029
0.00158038 0.00292969

0.0015625 0.00293558
0.00158368 0.00292969

0.00175781 0.00288088
0.00195312 0.00281775

0.00234375 0.00265946
0.00217275 0.00273438

0.00195312 0.0028181
0.00214844 0.00274455

0.00214844 0.00274494
0.00217255 0.00273438

0.00292969 0.00231011
0.00288318 0.00234375

0.003125 0.00214566
0.00312196 0.00214844

0.00302734 0.00223232
0.00301035 0.00224609

0.00297852 0.00227091
0.00294764 0.00229492

0.00292969 0.00230994
0.00294936 0.00229492

0.00297852 0.00227124
0.0030099 0.00224609

0.00302734 0.00223283
0.00312399 0.00214844

0.00244141 0.00261097
0.00238863 0.00263672

0.00234375 0.00265871
0.00238882 0.00263672

0.00244141 0.00261114
0.00253906 0.00255999

0.00273438 0.00244639
0.00257796 0.00253906

0.00253906 0.00256026
0.00257548 0.00253906

0.00283203 0.00237986
0.00273978 0.00244141

0.00273438 0.00244624
0.00274193 0.00244141

0.00283203 0.00237982
0.00288226 0.00234375

0.003125 1.44419e-05
0.00314941 1.52826e-05

0.00314941 1.47453e-05
0.00317383 1.57361e-05

0.00317383 1.51762e-05
0.00319824 1.61995e-05

0.00319824 1.56204e-05
0.00322266 1.66139e-05

0.00322266 1.59817e-05
0.00324707 1.71433e-05

0.00324707 1.65848e-05
0.00327148 1.7756e-05

0.00327148 1.6982e-05
0.0032959 1.83358e-05

0.0032959 1.78774e-05
0.00332031 1.90868e-05

0.00332031 1.84101e-05
0.00334473 1.93265e-05

0.00334473 1.93692e-05
0.00336914 1.94277e-05

0.00336914 1.30481e-05
0.00339281 2.44141e-05

0.00339124 2.44141e-05
0.00339355 2.53177e-05

0.00339355 2.71744e-05
0.00341797 4.84936e-05

0.00341777 4.88281e-05
0.00341797 4.90239e-05

0.00341797 4.8716e-05
0.00341808 4.88281e-05

0.00341797 4.92866e-05
0.00344173 7.32422e-05

0.00344178 7.32422e-05
0.00344238 7.38746e-05

0.00344238 7.40403e-05
0.00346429 9.76563e-05

0.00346483 9.76563e-05
0.0034668 9.98654e-05

0.0034668 0.000100324
0.00350596 0.000146484

0.00350592 0.000146484
0.00351563 0.000159252

0.00351563 0.000159621
0.00354241 0.000195313

0.00354252 0.000195313
0.00356445 0.000228274

0.00356445 0.000228984
0.00357434 0.000244141

0.00357472 0.000244141
0.00360351 0.000292969

0.00360426 0.000292969
0.00361328 0.000311176

0.00361328 0.000312567
0.00362852 0.000341797

0.00362874 0.000341797
0.00365132 0.000390625

0.00365198 0.000390625
0.00368936 0.000488281

0.00368912 0.000488281
0.00371094 0.000565524

0.00371094 0.000566447
0.00371644 0.000585938

0.00371645 0.000585937
0.00373523 0.000683594

0.00373486 0.000683594
0.00374597 0.00078125

0.00374796 0.00078125
0.00374839 0.000976562

0.00374808 0.000976562
0.0037199 0.00117188

0.00371094 0.00120341
0.0036637 0.00136719

0.00366404 0.00136719
0.0035786 0.0015625

0.00371094 0.00120203
0.00371964 0.00117187

0.00332031 0.00194265
0.00331164 0.00195312

0.00351563 0.00167191
0.00346146 0.00175781

0.00341797 0.00181864
0.00339166 0.00185547

0.00332031 0.00194417
0.00339176 0.00185547

0.00346085 0.00175781
0.00342693 0.00180664

0.00341797 0.00181813
0.0034261 0.00180664

0.0033163 0.00195312
0.00312756 0.00214844

0.00357654 0.0015625
0.00352267 0.00166016

0.00351563 0.001672
0.00352279 0.00166016

