9.54889e-05 0
9.76563e-05 5.22174e-06

9.76563e-05 1.19523e-06
0.00012207 2.03669e-06

0.000142852 0
0.000146484 3.69293e-06

0.000165557 0
0.00016914 2.44141e-05

0.000170898 4.68799e-05
0.000170793 4.88281e-05

0.000195313 1.31345e-05
0.000192517 2.44141e-05

0.000191021 2.44141e-05
0.000185915 4.88281e-05

0.000170849 4.88281e-05
0.000170898 4.90316e-05

0.000186463 4.88281e-05
0.000189927 7.32422e-05

0.000189485 7.32422e-05
0.000195313 8.5258e-05

0.000205974 0
0.000199231 2.44141e-05

0.000195313 2.51328e-05
0.000195515 2.44141e-05

0.000195313 8.55275e-05
0.000201421 9.76563e-05

0.00020063 9.76563e-05
0.000219727 0.000117726

0.000219727 0.000117
0.000228476 0.00012207

0.00022897 0.00012207
0.000244141 0.00013039

0.000244141 0.000129935
0.000268555 0.000134634

0.000268555 0.000134569
0.000292969 0.00013172

0.000341797 9.67521e-05
0.000341338 9.76563e-05

0.000344738 0
0.00034863 2.44141e-05

0.000352466 2.44141e-05
0.000356473 4.88281e-05

0.000356455 4.88281e-05
0.000352939 7.32422e-05

0.000341797 9.6578e-05
0.000353617 7.32422e-05

0.000317383 0.000121337
0.00031582 0.00012207

0.000292969 0.000132268
0.000314703 0.00012207

0.000341797 9.83131e-05
0.000317474 0.00012207

0.000341797 9.79806e-05
0.000342039 9.76563e-05

0.000876581 0
0.000878906 6.09456e-06

0.000878906 4.64602e-06
0.00090332 3.3766e-06

0.00090332 4.43193e-06
0.000904903 0

0.00146275 0
0.00146484 6.02261e-06

0.00146484 5.35546e-06
0.00148383 2.44141e-05

0.00148331 2.44141e-05
0.00148926 2.64976e-05

0.00148926 1.72129e-05
0.00151367 1.74739e-05

0.00148926 2.44564e-05
0.00150877 2.44141e-05

0.00151367 1.74554e-05
0.00153809 1.7197e-05

0.00151872 2.44141e-05
0.00153809 2.44571e-05

0.0015625 5.39518e-06
0.00154352 2.44141e-05

0.00153809 2.64985e-05
0.00154404 2.44141e-05

0 0.00312373
0.000390625 0.00311268

0.000390625 0.00311297
0.00078125 0.00307924

0.00078125 0.00307988
0.00117187 0.0030216

0.00117188 0.00302264
0.0015625 0.00293647

0.0015625 6.03867e-06
0.00156461 0

0.00165642 0
0.00166016 9.1077e-06

0.00166016 1.0472e-05
0.00167505 2.44141e-05

0.00167423 2.44141e-05
0.00168457 2.82652e-05

0.00168457 1.86926e-05
0.00170898 1.902e-05

0.00169672 2.44141e-05
0.00170898 2.44943e-05

0.0017334 1.14509e-05
0.00171864 2.44141e-05

0.00170898 2.8153e-05
0.00171943 2.44141e-05

0.0017334 1.25899e-05
0.00173884 0

0.0017912 0
0.00180664 1.77895e-05

0.00180664 1.02224e-06
0.00183105 1.30062e-05

0.00183105 7.57572e-06
0.00185547 1.35681e-05

0.00185547 7.57807e-06
0.00187988 1.27185e-05

0.00187988 1.42378e-05
0.0019043 1.31619e-05

0.0019043 1.40174e-05
0.00192871 4.89823e-06

0.00192871 5.13065e-06
0.00195312 1.20129e-05

0.00195312 9.86437e-06
0.00197754 1.65307e-05

0.00197754 1.6053e-05
0.00200195 9.80981e-06

0.00200195 1.60398e-05
0.00202637 2.14602e-06

0.00202637 2.54776e-06
0.00205078 9.26798e-06

0.00205078 8.1372e-06
0.0020752 1.61103e-05

0.0020752 9.11188e-06
0.00209961 1.15147e-05

0.00209961 1.36945e-05
0.00212402 1.35972e-05

0.00212402 1.32342e-05
0.00214844 7.26518e-06

0.00214844 6.84708e-06
0.00217285 1.32419e-05

0.00217285 1.40767e-05
0.00219727 1.41884e-05

0.00219727 1.32726e-05
0.00222168 6.96409e-06

0.00222168 6.9485e-06
0.00224609 1.3624e-05

0.00224609 1.4297e-05
0.00227051 1.41246e-05

0.00227051 1.40223e-05
0.00229492 6.31996e-06

0.00229492 7.16369e-06
0.00231934 1.19775e-05

0.00231934 1.03599e-05
0.00234375 1.55376e-05

0.00234375 1.55417e-05
0.00236816 1.04517e-05

0.00236816 1.24815e-05
0.00239258 6.67229e-06

0.00239258 6.69027e-06
0.00241699 1.26677e-05

0.00241699 1.05277e-05
0.00244141 1.54708e-05

0.00244141 1.54548e-05
0.00246582 1.04685e-05

0.00246582 1.24487e-05
0.00249023 6.93066e-06

0.00249023 6.93906e-06
0.00251465 1.26363e-05

0.00251465 1.06053e-05
0.00253906 1.53456e-05

0.00253906 1.53296e-05
0.00256348 1.05466e-05

0.00256348 1.24216e-05
0.00258789 7.17523e-06

0.00258789 7.17051e-06
0.0026123 1.26266e-05

0.0026123 1.07704e-05
0.00263672 1.5168e-05

0.00263672 1.51039e-05
0.00266113 1.05362e-05

0.00266113 1.1852e-05
0.00268555 8.03068e-06

0.00268555 7.23763e-06
0.00270996 1.38878e-05

0.00270996 1.39302e-05
0.00273438 1.4143e-05

0.00273437 1.38922e-05
0.00275879 7.51983e-06

0.00275879 8.30842e-06
0.0027832 1.18431e-05

0.0027832 1.07483e-05
0.00280762 1.48789e-05

0.00280762 1.48711e-05
0.00283203 1.07525e-05

0.00283203 1.19255e-05
0.00285645 8.24478e-06

0.00285645 7.51482e-06
0.00288086 1.37264e-05

0.00288086 1.38204e-05
0.00290527 1.40249e-05

0.00290527 1.34006e-05
0.00292969 8.11552e-06

0.00292969 8.79233e-06
0.0029541 1.24086e-05

0.0029541 1.16746e-05
0.00297852 1.4279e-05

0.00297852 1.21457e-05
0.00300293 1.25324e-05

0.00300293 1.25406e-05
0.00302734 1.39503e-05

0.00302734 1.29454e-05
0.00305176 1.37412e-05

0.00305176 1.33338e-05
0.00307617 1.43255e-05

0.00307617 1.36493e-05
0.00310059 1.45291e-05

0.00310059 1.39878e-05
0.003125 1.50292e-05

0.00175781 0.00288024
0.00158018 0.00292969

0.0015625 0.00293553
0.00158348 0.00292969

0.00175781 0.00288083
0.00195312 0.00281772

0.00234375 0.00265945
0.00217269 0.00273438

0.00195312 0.00281806
0.00214844 0.00274453

0.00214844 0.00274491
0.0021725 0.00273438

0.00292969 0.00231015
0.00288322 0.00234375

0.003125 0.00214573
0.00312203 0.00214844

0.00302734 0.00223238
0.00301042 0.00224609

0.00297852 0.00227095
0.00294769 0.00229492

0.00292969 0.00230997
0.00294941 0.00229492

0.00297852 0.00227128
0.00300995 0.00224609

0.00302734 0.00223287
0.00312406 0.00214844

0.00244141 0.00261096
0.0023886 0.00263672

0.00234375 0.00265869
0.0023888 0.00263672

0.00244141 0.00261113
0.00253906 0.00255999

0.00273438 0.00244641
0.00257796 0.00253906

0.00253906 0.00256027
0.00257549 0.00253906

0.00283203 0.00237989
0.00273981 0.00244141

0.00273438 0.00244626
0.00274196 0.00244141

0.00283203 0.00237985
0.0028823 0.00234375

0.003125 1.43931e-05
0.00314941 1.54354e-05

0.00314941 1.48227e-05
0.00317383 1.58933e-05

0.00317383 1.53028e-05
0.00319824 1.6322e-05

0.00319824 1.59215e-05
0.00322266 1.6554e-05

0.00322266 1.56848e-05
0.00324707 1.70566e-05

0.00324707 1.72205e-05
0.00327148 1.77446e-05

0.00327148 1.67901e-05
0.0032959 1.69273e-05

0.0032959 1.56702e-05
0.00332031 1.95525e-05

0.00332031 2.02387e-05
0.00334473 2.11964e-05

0.00334473 1.96065e-05
0.00336914 1.75316e-05

0.00336914 1.23436e-05
0.00339253 2.44141e-05

0.00339196 2.44141e-05
0.00339355 2.50687e-05

0.00339355 2.71804e-05
0.00341797 4.86619e-05

0.00341778 4.88281e-05
0.00341797 4.90072e-05

0.00341797 4.93456e-05
0.00344172 7.32422e-05

0.00344176 7.32422e-05
0.00344238 7.38926e-05

0.00344238 7.40229e-05
0.00346434 9.76563e-05

0.00346484 9.76563e-05
0.0034668 9.98606e-05

0.0034668 0.000100589
0.00348554 0.00012207

0.00348532 0.00012207
0.00349121 0.000129137

0.00349121 0.000128781
0.00350573 0.000146484

0.00350596 0.000146484
0.00351563 0.00015918

0.00351563 0.000159554
0.00354247 0.000195313

0.00354259 0.000195313
0.00356445 0.000228179

0.00356445 0.000228913
0.00357439 0.000244141

0.00357478 0.000244141
0.00360356 0.000292969

0.00360431 0.000292969
0.00361328 0.000311063

0.00361328 0.000312466
0.00362857 0.000341797

0.00362879 0.000341797
0.00365137 0.000390625

0.00365202 0.000390625
0.0036894 0.000488281

0.00368916 0.000488281
0.00371094 0.000565394

0.00371094 0.000566318
0.00371648 0.000585938

0.00371648 0.000585937
0.00373526 0.000683594

0.00373489 0.000683594
0.00374601 0.00078125

0.003748 0.00078125
0.00374844 0.000976562

0.00374814 0.000976562
0.00371997 0.00117188

0.00371094 0.00120366
0.00366378 0.00136719

0.00366412 0.00136719
0.00357869 0.0015625

0.00371094 0.00120228
0.00371971 0.00117187

0.00332031 0.00194274
0.00331172 0.00195312

0.00351563 0.00167204
0.00346154 0.00175781

0.00341797 0.00181876
0.00339175 0.00185547

0.00332031 0.00194426
0.00339184 0.00185547

0.00346094 0.00175781
0.00342701 0.00180664

0.00341797 0.00181824
0.00342617 0.00180664

0.00331638 0.00195312
0.00312762 0.00214844

0.00357662 0.0015625
0.00352276 0.00166016

0.00351563 0.00167213
0.00352287 0.00166016

