9.55172e-05 0
9.76563e-05 5.17601e-06

9.76563e-05 1.16729e-06
0.00012207 2.06986e-06

0.000142849 0
0.000146484 3.66437e-06

0.000165736 0
0.000169004 2.44141e-05

0.000170898 4.67823e-05
0.000170785 4.88281e-05

0.000195313 1.29749e-05
0.000192483 2.44141e-05

0.000190962 2.44141e-05
0.000185859 4.88281e-05

0.00017084 4.88281e-05
0.000170898 4.90703e-05

0.000186405 4.88281e-05
0.000189871 7.32422e-05

0.000189425 7.32422e-05
0.000195313 8.53731e-05

0.000205899 0
0.00019917 2.44141e-05

0.000195313 2.51235e-05
0.000195512 2.44141e-05

0.000195313 8.56375e-05
0.000201367 9.76563e-05

0.000200572 9.76563e-05
0.000219727 0.000117771

0.000219727 0.000117036
0.000228433 0.00012207

0.000228908 0.00012207
0.000244141 0.000130414

0.000244141 0.000129952
0.000268555 0.000134631

0.000268555 0.000134568
0.000292969 0.000131699

0.000341797 9.66498e-05
0.000341287 9.76563e-05

0.000344676 0
0.000348569 2.44141e-05

0.000352404 2.44141e-05
0.00035641 4.88281e-05

0.000356393 4.88281e-05
0.000352877 7.32422e-05

0.000341797 9.64522e-05
0.000353553 7.32422e-05

0.000317383 0.000121305
0.000315755 0.00012207

0.000292969 0.000132246
0.00031461 0.00012207

0.000341797 9.82442e-05
0.000317419 0.00012207

0.000341797 9.79475e-05
0.000342014 9.76563e-05

0.000876993 0
0.000878906 5.21201e-06

0.000878906 3.9721e-06
0.00090332 4.07707e-06

0.00090332 5.35001e-06
0.000905295 0

0.00146274 0
0.00146484 6.01004e-06

0.00146484 5.54061e-06
0.00148377 2.44141e-05

0.00148307 2.44141e-05
0.00148926 2.65683e-05

0.00148926 1.72012e-05
0.00151367 1.72951e-05

0.00148926 2.4476e-05
0.0015018 2.44141e-05

0.00151367 1.73121e-05
0.00153809 1.72285e-05

0.00152564 2.44141e-05
0.00153809 2.44769e-05

0.0015625 5.51854e-06
0.00154356 2.44141e-05

0.00153809 2.65634e-05
0.00154425 2.44141e-05

0 0.00312349
0.000390625 0.00311244

0.000390625 0.00311273
0.00078125 0.00307902

0.00078125 0.00307966
0.00117187 0.00302141

0.00117188 0.00302245
0.0015625 0.00293632

0.0015625 6.09747e-06
0.00156463 0

0.00165643 0
0.00166016 9.082e-06

0.00166016 1.04605e-05
0.00167505 2.44141e-05

0.00167423 2.44141e-05
0.00168457 2.82704e-05

0.00168457 1.87098e-05
0.00170898 1.90385e-05

0.00169676 2.44141e-05
0.00170898 2.44944e-05

0.0017334 1.14453e-05
0.00171864 2.44141e-05

0.00170898 2.81579e-05
0.00171944 2.44141e-05

0.0017334 1.26028e-05
0.00173884 0

0.00179117 0
0.00180664 1.78244e-05

0.00180664 1.08584e-06
0.00183105 1.29971e-05

0.00183105 7.60024e-06
0.00185547 1.35555e-05

0.00185547 7.60141e-06
0.00187988 1.27191e-05

0.00187988 1.42272e-05
0.0019043 1.31603e-05

0.0019043 1.401e-05
0.00192871 4.94058e-06

0.00192871 5.16984e-06
0.00195312 1.20061e-05

0.00195312 9.87904e-06
0.00197754 1.65098e-05

0.00197754 1.60291e-05
0.00200195 9.82005e-06

0.00200195 1.60511e-05
0.00202637 2.17296e-06

0.00202637 2.5563e-06
0.00205078 9.25124e-06

0.00205078 8.16373e-06
0.0020752 1.6103e-05

0.0020752 9.09404e-06
0.00209961 1.1485e-05

0.00209961 1.3673e-05
0.00212402 1.36205e-05

0.00212402 1.32411e-05
0.00214844 7.26946e-06

0.00214844 6.85382e-06
0.00217285 1.32321e-05

0.00217285 1.40725e-05
0.00219727 1.41833e-05

0.00219727 1.3268e-05
0.00222168 6.9644e-06

0.00222168 6.94181e-06
0.00224609 1.3629e-05

0.00224609 1.43055e-05
0.00227051 1.41265e-05

0.00227051 1.40285e-05
0.00229492 6.30335e-06

0.00229492 7.14701e-06
0.00231934 1.19798e-05

0.00231934 1.03587e-05
0.00234375 1.55483e-05

0.00234375 1.55511e-05
0.00236816 1.04443e-05

0.00236816 1.24828e-05
0.00239258 6.6582e-06

0.00239258 6.67673e-06
0.00241699 1.26685e-05

0.00241699 1.05222e-05
0.00244141 1.54768e-05

0.00244141 1.54616e-05
0.00246582 1.04636e-05

0.00246582 1.24499e-05
0.00249023 6.91526e-06

0.00249023 6.92351e-06
0.00251465 1.26377e-05

0.00251465 1.06003e-05
0.00253906 1.53528e-05

0.00253906 1.53371e-05
0.00256348 1.05406e-05

0.00256348 1.24223e-05
0.00258789 7.1594e-06

0.00258789 7.15759e-06
0.0026123 1.2625e-05

0.0026123 1.07627e-05
0.00263672 1.517e-05

0.00263672 1.51066e-05
0.00266113 1.053e-05

0.00266113 1.18467e-05
0.00268555 8.02036e-06

0.00268555 7.22427e-06
0.00270996 1.3894e-05

0.00270996 1.39342e-05
0.00273438 1.41454e-05

0.00273437 1.38876e-05
0.00275879 7.5152e-06

0.00275879 8.30354e-06
0.0027832 1.18547e-05

0.0027832 1.07626e-05
0.00280762 1.48759e-05

0.00280762 1.48653e-05
0.00283203 1.07429e-05

0.00283203 1.18284e-05
0.00285645 8.34867e-06

0.00285645 7.64904e-06
0.00288086 1.3806e-05

0.00288086 1.39219e-05
0.00290527 1.3897e-05

0.00290527 1.3316e-05
0.00292969 8.10565e-06

0.00292969 8.87562e-06
0.0029541 1.24028e-05

0.0029541 1.16493e-05
0.00297852 1.4093e-05

0.00297852 1.20361e-05
0.00300293 1.24883e-05

0.00300293 1.24124e-05
0.00302734 1.39545e-05

0.00302734 1.28709e-05
0.00305176 1.38426e-05

0.00305176 1.33394e-05
0.00307617 1.44549e-05

0.00307617 1.37398e-05
0.00310059 1.46597e-05

0.00310059 1.41367e-05
0.003125 1.50871e-05

0.00175781 0.00288011
0.00157965 0.00292969

0.0015625 0.00293538
0.00158296 0.00292969

0.00175781 0.0028807
0.00195312 0.00281762

0.00234375 0.00265941
0.00217254 0.00273438

0.00195312 0.00281796
0.00214844 0.00274446

0.00214844 0.00274485
0.00217235 0.00273438

0.00292969 0.00231025
0.00288334 0.00234375

0.003125 0.00214591
0.00312223 0.00214844

0.00302734 0.00223252
0.00301059 0.00224609

0.00297852 0.00227107
0.00294783 0.00229492

0.00292969 0.00231007
0.00294955 0.00229492

0.00297852 0.0022714
0.0030101 0.00224609

0.00302734 0.002233
0.00312424 0.00214844

0.00244141 0.00261095
0.00238855 0.00263672

0.00234375 0.00265866
0.00238875 0.00263672

0.00244141 0.00261112
0.00253906 0.00256

0.00273438 0.00244646
0.00257798 0.00253906

0.00253906 0.00256028
0.00257552 0.00253906

0.00283203 0.00237997
0.00273989 0.00244141

0.00273438 0.0024463
0.00274203 0.00244141

0.00283203 0.00237993
0.00288243 0.00234375

0.003125 1.45404e-05
0.00314941 1.53742e-05

0.00314941 1.48979e-05
0.00317383 1.5688e-05

0.00317383 1.51456e-05
0.00319824 1.60886e-05

0.00319824 1.54692e-05
0.00322266 1.67292e-05

0.00322266 1.60496e-05
0.00324707 1.74052e-05

0.00324707 1.73996e-05
0.00327148 1.7275e-05

0.00327148 1.64594e-05
0.0032959 1.67639e-05

0.0032959 1.57335e-05
0.00332031 1.95079e-05

0.00332031 1.96249e-05
0.00334473 2.10383e-05

0.00334473 1.97073e-05
0.00336914 1.83609e-05

0.00336914 1.30372e-05
0.00339248 2.44141e-05

0.00339211 2.44141e-05
0.00339355 2.49743e-05

0.00339355 2.68308e-05
0.00341797 4.8088e-05

0.00341781 4.88281e-05
0.00341797 4.89876e-05

0.00341797 4.82923e-05
0.00341851 4.88281e-05

0.00341797 4.91237e-05
0.00344171 7.32422e-05

0.00344179 7.32422e-05
0.00344238 7.38585e-05

0.00344238 7.40004e-05
0.00346431 9.76563e-05

0.00346485 9.76563e-05
0.0034668 9.98502e-05

0.0034668 0.000100287
0.00350601 0.000146484

0.00350599 0.000146484
0.00351563 0.00015913

0.00351563 0.000159502
0.00354254 0.000195313

0.00354266 0.000195313
0.00356445 0.000228032

0.00356445 0.000228766
0.0035745 0.000244141

0.00357488 0.000244141
0.00360369 0.000292969

0.00360444 0.000292969
0.00361328 0.000310801

0.00361328 0.000312224
0.0036287 0.000341797

0.00362892 0.000341797
0.0036515 0.000390625

0.00365216 0.000390625
0.00368955 0.000488281

0.00368931 0.000488281
0.00371094 0.000564856

0.00371094 0.000565793
0.00371663 0.000585938

0.00371663 0.000585937
0.00373541 0.000683594

0.00373505 0.000683594
0.00374617 0.00078125

0.00374815 0.00078125
0.00374862 0.000976562

0.00374831 0.000976562
0.00372016 0.00117188

0.00371094 0.00120435
0.00366399 0.00136719

0.00366433 0.00136719
0.00357891 0.0015625

0.00371094 0.00120294
0.00371989 0.00117187

0.00332031 0.00194298
0.00331191 0.00195312

0.00351563 0.0016724
0.00346176 0.00175781

0.00341797 0.00181908
0.00339198 0.00185547

0.00332031 0.00194452
0.00339206 0.00185547

0.00346116 0.00175781
0.00342723 0.00180664

0.00341797 0.00181851
0.00342636 0.00180664

0.0033166 0.00195312
0.00312779 0.00214844

0.00357684 0.0015625
0.00352298 0.00166016

0.00351563 0.00167248
0.00352309 0.00166016

