9.5545e-05 0
9.76563e-05 5.13062e-06

9.76563e-05 1.13888e-06
0.00012207 2.10332e-06

0.000142847 0
0.000146484 3.63769e-06

0.000165913 0
0.000168869 2.44141e-05

0.000170898 4.66584e-05
0.000170775 4.88281e-05

0.000195313 1.28249e-05
0.000192451 2.44141e-05

0.0001909 2.44141e-05
0.000185799 4.88281e-05

0.000170831 4.88281e-05
0.000170898 4.9111e-05

0.000186343 4.88281e-05
0.000189808 7.32422e-05

0.000189359 7.32422e-05
0.000195313 8.55022e-05

0.000205823 0
0.000199106 2.44141e-05

0.000195313 2.51093e-05
0.000195508 2.44141e-05

0.000195313 8.57621e-05
0.000201303 9.76563e-05

0.000200505 9.76563e-05
0.000219727 0.000117827

0.000219727 0.000117084
0.000228369 0.00012207

0.000228827 0.00012207
0.000244141 0.000130448

0.000244141 0.000129979
0.000268555 0.000134638

0.000268555 0.000134577
0.000292969 0.000131689

0.000341797 9.65524e-05
0.000341237 9.76563e-05

0.000344612 0
0.000348506 2.44141e-05

0.000352341 2.44141e-05
0.000356349 4.88281e-05

0.000356332 4.88281e-05
0.000352817 7.32422e-05

0.000341797 9.63391e-05
0.000353492 7.32422e-05

0.000317383 0.000121286
0.00031572 0.00012207

0.000292969 0.000132234
0.000314537 0.00012207

0.000317383 0.000122062
0.000341797 9.81833e-05

0.000341797 9.79138e-05
0.000341989 9.76563e-05

0.000876548 0
0.000878906 6.16091e-06

0.000878906 4.70234e-06
0.00090332 3.31761e-06

0.00090332 4.34478e-06
0.000904868 0

0.00146275 0
0.00146484 6.02268e-06

0.00146484 5.35194e-06
0.00148383 2.44141e-05

0.00148331 2.44141e-05
0.00148926 2.64997e-05

0.00148926 1.72199e-05
0.00151367 1.74857e-05

0.00148926 2.44558e-05
0.00150901 2.44141e-05

0.00151367 1.74582e-05
0.00153809 1.72037e-05

0.00151904 2.44141e-05
0.00153809 2.44576e-05

0.0015625 5.41567e-06
0.00154353 2.44141e-05

0.00153809 2.65009e-05
0.00154405 2.44141e-05

0 0.0031233
0.000390625 0.00311226

0.000390625 0.00311255
0.00078125 0.00307884

0.00078125 0.00307948
0.00117187 0.00302126

0.00117188 0.0030223
0.0015625 0.0029362

0.0015625 6.05707e-06
0.00156461 0

0.00165642 0
0.00166016 9.09546e-06

0.00166016 1.04739e-05
0.00167505 2.44141e-05

0.00167423 2.44141e-05
0.00168457 2.8264e-05

0.00168457 1.86926e-05
0.00170898 1.90221e-05

0.00169676 2.44141e-05
0.00170898 2.44944e-05

0.0017334 1.14588e-05
0.00171865 2.44141e-05

0.00170898 2.81486e-05
0.00171942 2.44141e-05

0.0017334 1.25851e-05
0.00173884 0

0.00179114 0
0.00180664 1.78583e-05

0.00180664 1.14324e-06
0.00183105 1.29948e-05

0.00183105 7.63312e-06
0.00185547 1.35417e-05

0.00185547 7.62181e-06
0.00187988 1.27137e-05

0.00187988 1.4215e-05
0.0019043 1.31629e-05

0.0019043 1.40043e-05
0.00192871 4.97991e-06

0.00192871 5.20939e-06
0.00195312 1.19969e-05

0.00195312 9.8911e-06
0.00197754 1.64859e-05

0.00197754 1.60021e-05
0.00200195 9.82936e-06

0.00200195 1.60615e-05
0.00202637 2.19949e-06

0.00202637 2.57617e-06
0.00205078 9.22133e-06

0.00205078 8.15322e-06
0.0020752 1.61063e-05

0.0020752 9.09204e-06
0.00209961 1.14899e-05

0.00209961 1.36698e-05
0.00212402 1.36252e-05

0.00212402 1.32472e-05
0.00214844 7.27637e-06

0.00214844 6.85918e-06
0.00217285 1.32269e-05

0.00217285 1.40711e-05
0.00219727 1.41862e-05

0.00219727 1.32686e-05
0.00222168 6.96967e-06

0.00222168 6.9506e-06
0.00224609 1.36258e-05

0.00224609 1.43106e-05
0.00227051 1.41134e-05

0.00227051 1.40219e-05
0.00229492 6.29131e-06

0.00229492 7.13439e-06
0.00231934 1.19835e-05

0.00231934 1.03532e-05
0.00234375 1.55515e-05

0.00234375 1.55554e-05
0.00236816 1.04416e-05

0.00236816 1.24843e-05
0.00239258 6.64583e-06

0.00239258 6.66396e-06
0.00241699 1.26696e-05

0.00241699 1.05177e-05
0.00244141 1.54837e-05

0.00244141 1.54687e-05
0.00246582 1.04596e-05

0.00246582 1.2452e-05
0.00249023 6.90107e-06

0.00249023 6.90977e-06
0.00251465 1.26384e-05

0.00251465 1.05949e-05
0.00253906 1.53599e-05

0.00253906 1.53443e-05
0.00256348 1.05365e-05

0.00256348 1.24211e-05
0.00258789 7.14762e-06

0.00258789 7.14395e-06
0.0026123 1.26317e-05

0.0026123 1.07612e-05
0.00263672 1.51809e-05

0.00263672 1.51183e-05
0.00266113 1.05292e-05

0.00266113 1.1852e-05
0.00268555 8.00636e-06

0.00268555 7.21333e-06
0.00270996 1.38939e-05

0.00270996 1.39306e-05
0.00273438 1.4151e-05

0.00273437 1.38884e-05
0.00275879 7.51577e-06

0.00275879 8.30407e-06
0.0027832 1.18555e-05

0.0027832 1.07687e-05
0.00280762 1.48717e-05

0.00280762 1.48514e-05
0.00283203 1.07441e-05

0.00283203 1.18978e-05
0.00285645 8.30135e-06

0.00285645 7.56459e-06
0.00288086 1.37441e-05

0.00288086 1.38353e-05
0.00290527 1.40133e-05

0.00290527 1.35073e-05
0.00292969 8.04098e-06

0.00292969 8.73104e-06
0.0029541 1.22564e-05

0.0029541 1.15579e-05
0.00297852 1.42921e-05

0.00297852 1.2085e-05
0.00300293 1.25349e-05

0.00300293 1.25057e-05
0.00302734 1.39682e-05

0.00302734 1.29032e-05
0.00305176 1.37988e-05

0.00305176 1.33327e-05
0.00307617 1.44579e-05

0.00307617 1.37608e-05
0.00310059 1.46417e-05

0.00310059 1.41461e-05
0.003125 1.50126e-05

0.00175781 0.00288001
0.00157924 0.00292969

0.0015625 0.00293527
0.00158255 0.00292969

0.00175781 0.0028806
0.00195312 0.00281754

0.00234375 0.00265939
0.00217243 0.00273438

0.00195312 0.00281788
0.00214844 0.00274441

0.00214844 0.00274479
0.00217224 0.00273438

0.00292969 0.00231033
0.00288344 0.00234375

0.003125 0.00214606
0.00312239 0.00214844

0.00302734 0.00223264
0.00301073 0.00224609

0.00297852 0.00227116
0.00294793 0.00229492

0.00292969 0.00231015
0.00294966 0.00229492

0.00297852 0.00227149
0.00301021 0.00224609

0.00302734 0.0022331
0.00312438 0.00214844

0.00244141 0.00261094
0.00238851 0.00263672

0.00234375 0.00265864
0.00238871 0.00263672

0.00244141 0.00261111
0.00253906 0.00256001

0.00273438 0.0024465
0.00257801 0.00253906

0.00253906 0.0025603
0.00257556 0.00253906

0.00283203 0.00238003
0.00273995 0.00244141

0.00273438 0.00244634
0.00274209 0.00244141

0.00283203 0.00238
0.00288254 0.00234375

0.003125 1.4458e-05
0.00314941 1.53228e-05

0.00314941 1.47961e-05
0.00317383 1.5771e-05

0.00317383 1.52264e-05
0.00319824 1.61824e-05

0.00319824 1.56708e-05
0.00322266 1.65356e-05

0.00322266 1.60201e-05
0.00324707 1.69089e-05

0.00324707 1.63627e-05
0.00327148 1.74441e-05

0.00327148 1.67409e-05
0.0032959 1.81883e-05

0.0032959 1.7716e-05
0.00332031 1.88622e-05

0.00332031 1.80219e-05
0.00334473 1.91809e-05

0.00334473 1.933e-05
0.00336914 1.95662e-05

0.00336914 1.2964e-05
0.003393 2.44141e-05

0.00339141 2.44141e-05
0.00339355 2.52562e-05

0.00339355 2.72401e-05
0.00341797 4.85898e-05

0.00341772 4.88281e-05
0.00341797 4.90661e-05

0.00341797 4.93056e-05
0.00344181 7.32422e-05

0.00344184 7.32422e-05
0.00344238 7.38041e-05

0.00344238 7.39314e-05
0.00346445 9.76563e-05

0.00346498 9.76563e-05
0.0034668 9.96931e-05

0.0034668 0.000100171
0.00350615 0.000146484

0.00350609 0.000146484
0.00351563 0.000158991

0.00351563 0.000159344
0.00354265 0.000195313

0.00354277 0.000195313
0.00356445 0.000227879

0.00356445 0.000228657
0.00357457 0.000244141

0.00357498 0.000244141
0.00360378 0.000292969

0.00360453 0.000292969
0.00361328 0.000310607

0.00361328 0.00031203
0.0036288 0.000341797

0.00362901 0.000341797
0.0036516 0.000390625

0.00365226 0.000390625
0.00368966 0.000488281

0.00368942 0.000488281
0.00371094 0.000564422

0.00371094 0.000565383
0.00371675 0.000585938

0.00371675 0.000585937
0.00373554 0.000683594

0.00373518 0.000683594
0.00374631 0.00078125

0.00374829 0.00078125
0.00374876 0.000976562

0.00374846 0.000976562
0.00372031 0.00117188

0.00371094 0.0012049
0.00366415 0.00136719

0.00366449 0.00136719
0.00357907 0.0015625

0.00371094 0.00120344
0.00372004 0.00117187

0.00332031 0.00194315
0.00331205 0.00195312

0.00351563 0.00167266
0.00346193 0.00175781

0.00341797 0.00181932
0.00339215 0.00185547

0.00332031 0.00194471
0.00339222 0.00185547

0.00346132 0.00175781
0.00342739 0.00180664

0.00341797 0.0018187
0.0034265 0.00180664

0.00331676 0.00195312
0.00312793 0.00214844

0.003577 0.0015625
0.00352314 0.00166016

0.00351563 0.00167273
0.00352324 0.00166016

