9.55724e-05 0
9.76563e-05 5.0854e-06

9.76563e-05 1.11093e-06
0.00012207 2.13607e-06

0.000142843 0
0.000146484 3.61069e-06

0.00016608 0
0.000168744 2.44141e-05

0.000170898 4.65676e-05
0.000170767 4.88281e-05

0.000195313 1.26765e-05
0.00019242 2.44141e-05

0.000190842 2.44141e-05
0.000185744 4.88281e-05

0.000170824 4.88281e-05
0.000170898 4.91399e-05

0.000186286 4.88281e-05
0.000189752 7.32422e-05

0.0001893 7.32422e-05
0.000195313 8.56161e-05

0.000205749 0
0.000199046 2.44141e-05

0.000195313 2.50972e-05
0.000195504 2.44141e-05

0.000195313 8.58708e-05
0.000201249 9.76563e-05

0.000200447 9.76563e-05
0.000219727 0.000117873

0.000219727 0.000117121
0.000228324 0.00012207

0.000228763 0.00012207
0.000244141 0.000130472

0.000244141 0.000129998
0.000268555 0.000134637

0.000268555 0.000134577
0.000292969 0.00013167

0.000341797 9.64518e-05
0.000341186 9.76563e-05

0.000344551 0
0.000348444 2.44141e-05

0.00035228 2.44141e-05
0.000356288 4.88281e-05

0.000356271 4.88281e-05
0.000352756 7.32422e-05

0.000341797 9.62178e-05
0.00035343 7.32422e-05

0.000317383 0.000121257
0.000315662 0.00012207

0.000292969 0.000132214
0.000314449 0.00012207

0.000317383 0.000122011
0.000341797 9.81173e-05

0.000341797 9.78779e-05
0.000341962 9.76563e-05

0.000876614 0
0.000878906 6.0258e-06

0.000878906 4.55139e-06
0.00090332 3.45954e-06

0.00090332 4.61684e-06
0.00090498 0

0.00146274 0
0.00146484 6.02612e-06

0.00146484 5.52635e-06
0.00148378 2.44141e-05

0.0014831 2.44141e-05
0.00148926 2.65595e-05

0.00148926 1.72034e-05
0.00151367 1.72998e-05

0.00148926 2.4475e-05
0.00150181 2.44141e-05

0.00151367 1.73079e-05
0.00153809 1.72179e-05

0.0015255 2.44141e-05
0.00153809 2.44765e-05

0.0015625 5.5162e-06
0.00154356 2.44141e-05

0.00153809 2.65618e-05
0.00154425 2.44141e-05

0 0.00312315
0.000390625 0.00311211

0.000390625 0.0031124
0.00078125 0.00307871

0.00078125 0.00307935
0.00117187 0.00302114

0.00117188 0.00302219
0.0015625 0.00293611

0.0015625 6.08158e-06
0.00156463 0

0.00165643 0
0.00166016 9.07398e-06

0.00166016 1.04598e-05
0.00167505 2.44141e-05

0.00167422 2.44141e-05
0.00168457 2.8271e-05

0.00168457 1.87058e-05
0.00170898 1.90308e-05

0.00169677 2.44141e-05
0.00170898 2.4493e-05

0.0017334 1.14421e-05
0.00171864 2.44141e-05

0.00170898 2.8151e-05
0.00171942 2.44141e-05

0.0017334 1.26047e-05
0.00173885 0

0.00179112 0
0.00180664 1.78916e-05

0.00180664 1.20407e-06
0.00183105 1.29891e-05

0.00183105 7.65702e-06
0.00185547 1.35277e-05

0.00185547 7.64292e-06
0.00187988 1.27159e-05

0.00187988 1.42056e-05
0.0019043 1.31623e-05

0.0019043 1.39991e-05
0.00192871 5.01915e-06

0.00192871 5.24591e-06
0.00195312 1.19898e-05

0.00195312 9.90522e-06
0.00197754 1.64664e-05

0.00197754 1.59811e-05
0.00200195 9.83625e-06

0.00200195 1.60653e-05
0.00202637 2.22709e-06

0.00202637 2.5857e-06
0.00205078 9.21248e-06

0.00205078 8.17875e-06
0.0020752 1.61003e-05

0.0020752 9.0819e-06
0.00209961 1.14666e-05

0.00209961 1.36541e-05
0.00212402 1.36423e-05

0.00212402 1.32511e-05
0.00214844 7.28205e-06

0.00214844 6.86782e-06
0.00217285 1.32201e-05

0.00217285 1.40665e-05
0.00219727 1.41818e-05

0.00219727 1.32625e-05
0.00222168 6.97772e-06

0.00222168 6.95457e-06
0.00224609 1.36299e-05

0.00224609 1.43232e-05
0.00227051 1.41049e-05

0.00227051 1.4024e-05
0.00229492 6.26914e-06

0.00229492 7.10835e-06
0.00231934 1.19904e-05

0.00231934 1.03535e-05
0.00234375 1.55661e-05

0.00234375 1.55669e-05
0.00236816 1.04305e-05

0.00236816 1.24833e-05
0.00239258 6.63173e-06

0.00239258 6.65023e-06
0.00241699 1.26721e-05

0.00241699 1.0513e-05
0.00244141 1.54889e-05

0.00244141 1.54744e-05
0.00246582 1.04553e-05

0.00246582 1.24521e-05
0.00249023 6.88868e-06

0.00249023 6.89697e-06
0.00251465 1.26408e-05

0.00251465 1.05918e-05
0.00253906 1.53659e-05

0.00253906 1.53502e-05
0.00256348 1.05322e-05

0.00256348 1.24194e-05
0.00258789 7.13894e-06

0.00258789 7.13801e-06
0.0026123 1.26328e-05

0.0026123 1.07592e-05
0.00263672 1.51789e-05

0.00263672 1.51158e-05
0.00266113 1.05258e-05

0.00266113 1.18502e-05
0.00268555 8.00427e-06

0.00268555 7.20836e-06
0.00270996 1.38935e-05

0.00270996 1.39283e-05
0.00273438 1.41538e-05

0.00273437 1.38834e-05
0.00275879 7.52228e-06

0.00275879 8.31235e-06
0.0027832 1.18605e-05

0.0027832 1.07662e-05
0.00280762 1.48732e-05

0.00280762 1.4867e-05
0.00283203 1.07489e-05

0.00283203 1.18506e-05
0.00285645 8.33188e-06

0.00285645 7.61693e-06
0.00288086 1.38002e-05

0.00288086 1.39384e-05
0.00290527 1.39155e-05

0.00290527 1.34047e-05
0.00292969 7.9817e-06

0.00292969 8.71345e-06
0.0029541 1.23515e-05

0.0029541 1.15842e-05
0.00297852 1.42398e-05

0.00297852 1.20557e-05
0.00300293 1.25373e-05

0.00300293 1.24885e-05
0.00302734 1.4003e-05

0.00302734 1.29368e-05
0.00305176 1.38135e-05

0.00305176 1.33696e-05
0.00307617 1.44119e-05

0.00307617 1.37305e-05
0.00310059 1.45942e-05

0.00310059 1.40805e-05
0.003125 1.50399e-05

0.00175781 0.00287994
0.00157893 0.00292969

0.0015625 0.00293518
0.00158224 0.00292969

0.00175781 0.00288052
0.00195312 0.00281748

0.00234375 0.00265937
0.00217234 0.00273438

0.00195312 0.00281782
0.00214844 0.00274437

0.00214844 0.00274475
0.00217215 0.00273438

0.00292969 0.00231038
0.00288351 0.00234375

0.003125 0.00214616
0.0031225 0.00214844

0.00302734 0.00223272
0.00301083 0.00224609

0.00297852 0.00227122
0.002948 0.00229492

0.00292969 0.00231021
0.00294974 0.00229492

0.00297852 0.00227156
0.00301029 0.00224609

0.00302734 0.00223317
0.00312448 0.00214844

0.00244141 0.00261093
0.00238848 0.00263672

0.00234375 0.00265862
0.00238869 0.00263672

0.00244141 0.0026111
0.00253906 0.00256001

0.00273438 0.00244653
0.00257802 0.00253906

0.00253906 0.00256031
0.00257558 0.00253906

0.00283203 0.00238007
0.00274 0.00244141

0.00273438 0.00244636
0.00274213 0.00244141

0.00283203 0.00238005
0.00288261 0.00234375

0.003125 1.44661e-05
0.00314941 1.53835e-05

0.00314941 1.48892e-05
0.00317383 1.57271e-05

0.00317383 1.52673e-05
0.00319824 1.59818e-05

0.00319824 1.55117e-05
0.00322266 1.63237e-05

0.00322266 1.5685e-05
0.00324707 1.69786e-05

0.00324707 1.6486e-05
0.00327148 1.76688e-05

0.00327148 1.6736e-05
0.0032959 1.81211e-05

0.0032959 1.76631e-05
0.00332031 1.91524e-05

0.00332031 1.85356e-05
0.00334473 1.92967e-05

0.00334473 1.91576e-05
0.00336914 1.91801e-05

0.00336914 1.29352e-05
0.00339253 2.44141e-05

0.00339114 2.44141e-05
0.00339355 2.53697e-05

0.00339355 2.72344e-05
0.00341797 4.85353e-05

0.00341775 4.88281e-05
0.00341797 4.90377e-05

0.00341797 4.85079e-05
0.0034183 4.88281e-05

0.00341797 4.92999e-05
0.00344178 7.32422e-05

0.00344182 7.32422e-05
0.00344238 7.38336e-05

0.00344238 7.39765e-05
0.00346442 9.76563e-05

0.00346501 9.76563e-05
0.0034668 9.96571e-05

0.0034668 0.000100478
0.0034857 0.00012207

0.00348548 0.00012207
0.00349121 0.000128926

0.00349121 0.000128565
0.00350594 0.000146484

0.00350614 0.000146484
0.00351563 0.000158912

0.00351563 0.000159275
0.00354272 0.000195313

0.00354285 0.000195313
0.00356445 0.000227736

0.00356445 0.000228575
0.00357463 0.000244141

0.00357506 0.000244141
0.00360388 0.000292969

0.00360464 0.000292969
0.00361328 0.000310397

0.00361328 0.000311844
0.0036289 0.000341797

0.00362911 0.000341797
0.0036517 0.000390625

0.00365237 0.000390625
0.00368977 0.000488281

0.00368953 0.000488281
0.00371094 0.000564027

0.00371094 0.000564997
0.00371685 0.000585938

0.00371686 0.000585937
0.00373566 0.000683594

0.00373529 0.000683594
0.00374642 0.00078125

0.00374841 0.00078125
0.00374888 0.000976562

0.00374858 0.000976562
0.00372043 0.00117188

0.00371094 0.00120532
0.00366428 0.00136719

0.00366461 0.00136719
0.00357919 0.0015625

0.00371094 0.00120382
0.00372014 0.00117187

0.00332031 0.00194327
0.00331214 0.00195312

0.00351563 0.00167285
0.00346205 0.00175781

0.00341797 0.00181949
0.00339228 0.00185547

0.00332031 0.00194485
0.00339233 0.00185547

0.00346144 0.00175781
0.00342751 0.00180664

0.00341797 0.00181883
0.00342658 0.00180664

0.00331687 0.00195312
0.00312802 0.00214844

0.00357712 0.0015625
0.00352326 0.00166016

0.00351563 0.00167291
0.00352336 0.00166016

