9.55819e-05 0
9.76563e-05 5.06964e-06

9.76563e-05 1.10086e-06
0.00012207 2.14782e-06

0.000142841 0
0.000146484 3.60197e-06

0.000166134 0
0.000168704 2.44141e-05

0.000170898 4.65289e-05
0.000170764 4.88281e-05

0.000195313 1.26273e-05
0.000192409 2.44141e-05

0.000190823 2.44141e-05
0.000185725 4.88281e-05

0.000170822 4.88281e-05
0.000170898 4.91496e-05

0.000186267 4.88281e-05
0.000189733 7.32422e-05

0.00018928 7.32422e-05
0.000195313 8.56548e-05

0.000205725 0
0.000199026 2.44141e-05

0.000195313 2.50944e-05
0.000195503 2.44141e-05

0.000195313 8.59081e-05
0.000201231 9.76563e-05

0.000200428 9.76563e-05
0.000219727 0.000117889

0.000219727 0.000117134
0.000228307 0.00012207

0.000228741 0.00012207
0.000244141 0.000130481

0.000244141 0.000130005
0.000268555 0.000134639

0.000268555 0.000134579
0.000292969 0.000131666

0.000341797 9.64248e-05
0.000341173 9.76563e-05

0.000344534 0
0.000348427 2.44141e-05

0.000352263 2.44141e-05
0.000356271 4.88281e-05

0.000356254 4.88281e-05
0.00035274 7.32422e-05

0.000341797 9.61858e-05
0.000353413 7.32422e-05

0.000317383 0.000121251
0.00031565 0.00012207

0.000292969 0.00013221
0.000314427 0.00012207

0.000317383 0.000121998
0.000341797 9.81002e-05

0.000341797 9.7869e-05
0.000341955 9.76563e-05

0.000877041 0
0.000878906 5.10012e-06

0.000878906 3.84323e-06
0.00090332 4.18838e-06

0.00090332 5.54782e-06
0.000905386 0

0.00146275 0
0.00146484 6.00502e-06

0.00146484 5.37032e-06
0.00148382 2.44141e-05

0.00148329 2.44141e-05
0.00148926 2.65046e-05

0.00148926 1.72132e-05
0.00151367 1.74809e-05

0.00148926 2.44562e-05
0.00150914 2.44141e-05

0.00151367 1.74699e-05
0.00153809 1.72183e-05

0.00151919 2.44141e-05
0.00153809 2.44579e-05

0.0015625 5.40647e-06
0.00154354 2.44141e-05

0.00153809 2.6502e-05
0.00154405 2.44141e-05

0 0.00312311
0.000390625 0.00311208

0.000390625 0.00311237
0.00078125 0.00307867

0.00078125 0.00307931
0.00117187 0.00302111

0.00117188 0.00302216
0.0015625 0.00293609

0.0015625 6.0713e-06
0.00156462 0

0.00165642 0
0.00166016 9.10168e-06

0.00166016 1.04662e-05
0.00167506 2.44141e-05

0.00167425 2.44141e-05
0.00168457 2.8258e-05

0.00168457 1.86917e-05
0.00170898 1.90253e-05

0.00169678 2.44141e-05
0.00170898 2.44959e-05

0.0017334 1.14523e-05
0.00171865 2.44141e-05

0.00170898 2.81535e-05
0.00171943 2.44141e-05

0.0017334 1.25774e-05
0.00173883 0

0.00179111 0
0.00180664 1.79031e-05

0.00180664 1.22502e-06
0.00183105 1.29879e-05

0.00183105 7.66788e-06
0.00185547 1.35202e-05

0.00185547 7.64687e-06
0.00187988 1.27148e-05

0.00187988 1.42004e-05
0.0019043 1.31651e-05

0.0019043 1.39989e-05
0.00192871 5.03229e-06

0.00192871 5.25965e-06
0.00195312 1.19848e-05

0.00195312 9.90704e-06
0.00197754 1.64593e-05

0.00197754 1.59736e-05
0.00200195 9.84029e-06

0.00200195 1.60655e-05
0.00202637 2.2369e-06

0.00202637 2.59649e-06
0.00205078 9.20429e-06

0.00205078 8.17727e-06
0.0020752 1.60955e-05

0.0020752 9.07714e-06
0.00209961 1.1469e-05

0.00209961 1.36514e-05
0.00212402 1.36475e-05

0.00212402 1.32555e-05
0.00214844 7.28553e-06

0.00214844 6.86085e-06
0.00217285 1.32269e-05

0.00217285 1.40842e-05
0.00219727 1.41919e-05

0.00219727 1.33464e-05
0.00222168 6.88378e-06

0.00222168 6.84444e-06
0.00224609 1.35656e-05

0.00224609 1.42069e-05
0.00227051 1.42358e-05

0.00227051 1.40967e-05
0.00229492 6.35201e-06

0.00229492 7.18057e-06
0.00231934 1.19112e-05

0.00231934 1.03449e-05
0.00234375 1.55643e-05

0.00234375 1.55651e-05
0.00236816 1.04324e-05

0.00236816 1.24841e-05
0.00239258 6.62652e-06

0.00239258 6.64434e-06
0.00241699 1.26724e-05

0.00241699 1.0511e-05
0.00244141 1.54923e-05

0.00244141 1.54771e-05
0.00246582 1.04541e-05

0.00246582 1.24524e-05
0.00249023 6.88481e-06

0.00249023 6.89371e-06
0.00251465 1.26415e-05

0.00251465 1.05909e-05
0.00253906 1.53669e-05

0.00253906 1.5351e-05
0.00256348 1.05311e-05

0.00256348 1.24201e-05
0.00258789 7.13605e-06

0.00258789 7.13453e-06
0.0026123 1.26325e-05

0.0026123 1.07588e-05
0.00263672 1.51801e-05

0.00263672 1.51233e-05
0.00266113 1.05165e-05

0.00266113 1.17551e-05
0.00268555 8.07936e-06

0.00268555 7.30945e-06
0.00270996 1.3984e-05

0.00270996 1.40718e-05
0.00273438 1.40103e-05

0.00273437 1.37925e-05
0.00275879 7.41822e-06

0.00275879 8.23185e-06
0.0027832 1.19573e-05

0.0027832 1.07778e-05
0.00280762 1.48702e-05

0.00280762 1.48685e-05
0.00283203 1.07461e-05

0.00283203 1.18491e-05
0.00285645 8.33564e-06

0.00285645 7.61937e-06
0.00288086 1.38023e-05

0.00288086 1.39428e-05
0.00290527 1.39143e-05

0.00290527 1.34209e-05
0.00292969 7.96249e-06

0.00292969 8.68365e-06
0.0029541 1.23431e-05

0.0029541 1.15606e-05
0.00297852 1.42837e-05

0.00297852 1.20872e-05
0.00300293 1.25594e-05

0.00300293 1.25236e-05
0.00302734 1.39759e-05

0.00302734 1.29231e-05
0.00305176 1.3793e-05

0.00305176 1.33472e-05
0.00307617 1.44315e-05

0.00307617 1.37605e-05
0.00310059 1.45932e-05

0.00310059 1.4112e-05
0.003125 1.49579e-05

0.00175781 0.00287992
0.00157884 0.00292969

0.0015625 0.00293515
0.00158216 0.00292969

0.00175781 0.0028805
0.00195312 0.00281746

0.00234375 0.00265937
0.00217232 0.00273438

0.00195312 0.0028178
0.00214844 0.00274436

0.00214844 0.00274474
0.00217213 0.00273438

0.00292969 0.0023104
0.00288352 0.00234375

0.003125 0.00214619
0.00312253 0.00214844

0.00302734 0.00223274
0.00301086 0.00224609

0.00297852 0.00227124
0.00294802 0.00229492

0.00292969 0.00231022
0.00294976 0.00229492

0.00297852 0.00227157
0.00301031 0.00224609

0.00302734 0.00223319
0.0031245 0.00214844

0.00244141 0.00261093
0.00238848 0.00263672

0.00234375 0.00265861
0.00238868 0.00263672

0.00244141 0.0026111
0.00253906 0.00256001

0.00273438 0.00244654
0.00257803 0.00253906

0.00253906 0.00256031
0.00257559 0.00253906

0.00283203 0.00238008
0.00274001 0.00244141

0.00273438 0.00244637
0.00274214 0.00244141

0.00283203 0.00238006
0.00288263 0.00234375

0.003125 1.43902e-05
0.00314941 1.53054e-05

0.00314941 1.47574e-05
0.00317383 1.57997e-05

0.00317383 1.5279e-05
0.00319824 1.61563e-05

0.00319824 1.56799e-05
0.00322266 1.63802e-05

0.00322266 1.57837e-05
0.00324707 1.68775e-05

0.00324707 1.64257e-05
0.00327148 1.75968e-05

0.00327148 1.67104e-05
0.0032959 1.81179e-05

0.0032959 1.76438e-05
0.00332031 1.90768e-05

0.00332031 1.84198e-05
0.00334473 1.9264e-05

0.00334473 1.91268e-05
0.00336914 1.92823e-05

0.00336914 1.30114e-05
0.00339246 2.44141e-05

0.00339083 2.44141e-05
0.00339355 2.54864e-05

0.00339355 2.72447e-05
0.00341797 4.84901e-05

0.00341776 4.88281e-05
0.00341797 4.9033e-05

0.00341797 4.87637e-05
0.00341804 4.88281e-05

0.00341797 4.92715e-05
0.00344185 7.32422e-05

0.00344188 7.32422e-05
0.00344238 7.37638e-05

0.00344238 7.38664e-05
0.00346452 9.76563e-05

0.00346507 9.76563e-05
0.0034668 9.95949e-05

0.0034668 0.000100106
0.00350622 0.000146484

0.00350615 0.000146484
0.00351563 0.000158898

0.00351563 0.000159239
0.00354274 0.000195313

0.00354287 0.000195313
0.00356445 0.000227726

0.00356445 0.000228577
0.00357463 0.000244141

0.00357506 0.000244141
0.00360388 0.000292969

0.00360464 0.000292969
0.00361328 0.00031039

0.00361328 0.000311839
0.00362891 0.000341797

0.00362912 0.000341797
0.00365172 0.000390625

0.00365238 0.000390625
0.00368978 0.000488281

0.00368955 0.000488281
0.00371094 0.000563942

0.00371094 0.000564928
0.00371688 0.000585938

0.00371689 0.000585937
0.00373569 0.000683594

0.00373532 0.000683594
0.00374645 0.00078125

0.00374844 0.00078125
0.00374891 0.000976562

0.00374861 0.000976562
0.00372047 0.00117188

0.00371094 0.00120544
0.00366431 0.00136719

0.00366465 0.00136719
0.00357922 0.0015625

0.00371094 0.00120392
0.00372018 0.00117187

0.00332031 0.00194329
0.00331217 0.00195312

0.00351563 0.0016729
0.00346208 0.00175781

0.00341797 0.00181954
0.00339231 0.00185547

0.00332031 0.00194489
0.00339236 0.00185547

0.00346147 0.00175781
0.00342754 0.00180664

0.00341797 0.00181886
0.0034266 0.00180664

0.0033169 0.00195312
0.00312804 0.00214844

0.00357716 0.0015625
0.00352329 0.00166016

0.00351563 0.00167295
0.00352339 0.00166016

