9.55913e-05 0
9.76563e-05 5.05385e-06

9.76563e-05 1.09147e-06
0.00012207 2.15876e-06

0.00014284 0
0.000146484 3.592e-06

0.000166192 0
0.000168663 2.44141e-05

0.000170898 4.65142e-05
0.000170762 4.88281e-05

0.000195313 1.25735e-05
0.000192398 2.44141e-05

0.000190804 2.44141e-05
0.000185707 4.88281e-05

0.000170821 4.88281e-05
0.000170898 4.91546e-05

0.000186249 4.88281e-05
0.000189715 7.32422e-05

0.000189261 7.32422e-05
0.000195313 8.56912e-05

0.0002057 0
0.000199006 2.44141e-05

0.000195313 2.50852e-05
0.0001955 2.44141e-05

0.000195313 8.59429e-05
0.000201213 9.76563e-05

0.000200409 9.76563e-05
0.000219727 0.000117903

0.000219727 0.000117145
0.000228293 0.00012207

0.000228721 0.00012207
0.000244141 0.000130488

0.000244141 0.00013001
0.000268555 0.000134637

0.000268555 0.000134578
0.000292969 0.000131658

0.000341797 9.63848e-05
0.000341152 9.76563e-05

0.00034451 0
0.000348404 2.44141e-05

0.00035224 2.44141e-05
0.000356248 4.88281e-05

0.00035623 4.88281e-05
0.000352716 7.32422e-05

0.000341797 9.61385e-05
0.000353388 7.32422e-05

0.000317383 0.000121237
0.000315623 0.00012207

0.000292969 0.000132202
0.000314392 0.00012207

0.000317383 0.000121978
0.000341797 9.80745e-05

0.000341797 9.78552e-05
0.000341945 9.76563e-05

0.000876615 0
0.000878906 6.02446e-06

0.000878906 4.56902e-06
0.00090332 3.4492e-06

0.00090332 4.56943e-06
0.00090496 0

0.00146274 0
0.00146484 6.02785e-06

0.00146484 5.52143e-06
0.00148378 2.44141e-05

0.00148309 2.44141e-05
0.00148926 2.65631e-05

0.00148926 1.72169e-05
0.00151367 1.73093e-05

0.00148926 2.44758e-05
0.0015018 2.44141e-05

0.00151367 1.73058e-05
0.00153809 1.72126e-05

0.00152546 2.44141e-05
0.00153809 2.44763e-05

0.0015625 5.53088e-06
0.00154356 2.44141e-05

0.00153809 2.65643e-05
0.00154426 2.44141e-05

0 0.00312308
0.000390625 0.00311204

0.000390625 0.00311233
0.00078125 0.00307865

0.00078125 0.00307928
0.00117187 0.00302109

0.00117188 0.00302214
0.0015625 0.00293607

0.0015625 6.07557e-06
0.00156463 0

0.00165643 0
0.00166016 9.08074e-06

0.00166016 1.04658e-05
0.00167505 2.44141e-05

0.00167422 2.44141e-05
0.00168457 2.82696e-05

0.00168457 1.86993e-05
0.00170898 1.90252e-05

0.00169673 2.44141e-05
0.00170898 2.44937e-05

0.0017334 1.14477e-05
0.00171864 2.44141e-05

0.00170898 2.81523e-05
0.00171943 2.44141e-05

0.0017334 1.26018e-05
0.00173884 0

0.0017911 0
0.00180664 1.79122e-05

0.00180664 1.23902e-06
0.00183105 1.29876e-05

0.00183105 7.67454e-06
0.00185547 1.35217e-05

0.00185547 7.65885e-06
0.00187988 1.27144e-05

0.00187988 1.41989e-05
0.0019043 1.31615e-05

0.0019043 1.39967e-05
0.00192871 5.0431e-06

0.00192871 5.26902e-06
0.00195312 1.19826e-05

0.00195312 9.90641e-06
0.00197754 1.64579e-05

0.00197754 1.59758e-05
0.00200195 9.84527e-06

0.00200195 1.60684e-05
0.00202637 2.23471e-06

0.00202637 2.59846e-06
0.00205078 9.20269e-06

0.00205078 8.17476e-06
0.0020752 1.60953e-05

0.0020752 9.0784e-06
0.00209961 1.14704e-05

0.00209961 1.36519e-05
0.00212402 1.36444e-05

0.00212402 1.32536e-05
0.00214844 7.28539e-06

0.00214844 6.86594e-06
0.00217285 1.32219e-05

0.00217285 1.40804e-05
0.00219727 1.41799e-05

0.00219727 1.32747e-05
0.00222168 6.94468e-06

0.00222168 6.91764e-06
0.00224609 1.36295e-05

0.00224609 1.43094e-05
0.00227051 1.41354e-05

0.00227051 1.40402e-05
0.00229492 6.27478e-06

0.00229492 7.12023e-06
0.00231934 1.19763e-05

0.00231934 1.03461e-05
0.00234375 1.55661e-05

0.00234375 1.55707e-05
0.00236816 1.04337e-05

0.00236816 1.2487e-05
0.00239258 6.61979e-06

0.00239258 6.63912e-06
0.00241699 1.26738e-05

0.00241699 1.0511e-05
0.00244141 1.54954e-05

0.00244141 1.54803e-05
0.00246582 1.04513e-05

0.00246582 1.24516e-05
0.00249023 6.88072e-06

0.00249023 6.88957e-06
0.00251465 1.26431e-05

0.00251465 1.05907e-05
0.00253906 1.53683e-05

0.00253906 1.53526e-05
0.00256348 1.0529e-05

0.00256348 1.24189e-05
0.00258789 7.13374e-06

0.00258789 7.13165e-06
0.0026123 1.26343e-05

0.0026123 1.07585e-05
0.00263672 1.5182e-05

0.00263672 1.51231e-05
0.00266113 1.05187e-05

0.00266113 1.17642e-05
0.00268555 8.07446e-06

0.00268555 7.30295e-06
0.00270996 1.39763e-05

0.00270996 1.40604e-05
0.00273438 1.40222e-05

0.00273437 1.38089e-05
0.00275879 7.41883e-06

0.00275879 8.22777e-06
0.0027832 1.19409e-05

0.0027832 1.07745e-05
0.00280762 1.48748e-05

0.00280762 1.48674e-05
0.00283203 1.07355e-05

0.00283203 1.18368e-05
0.00285645 8.3386e-06

0.00285645 7.61833e-06
0.00288086 1.3811e-05

0.00288086 1.3955e-05
0.00290527 1.39056e-05

0.00290527 1.34064e-05
0.00292969 7.95639e-06

0.00292969 8.67073e-06
0.0029541 1.23716e-05

0.0029541 1.15797e-05
0.00297852 1.42967e-05

0.00297852 1.20929e-05
0.00300293 1.25646e-05

0.00300293 1.25464e-05
0.00302734 1.39851e-05

0.00302734 1.29608e-05
0.00305176 1.3748e-05

0.00305176 1.3326e-05
0.00307617 1.43623e-05

0.00307617 1.36711e-05
0.00310059 1.45991e-05

0.00310059 1.40757e-05
0.003125 1.50489e-05

0.00175781 0.0028799
0.00157878 0.00292969

0.0015625 0.00293514
0.0015821 0.00292969

0.00175781 0.00288049
0.00195312 0.00281745

0.00234375 0.00265936
0.00217231 0.00273438

0.00195312 0.00281779
0.00214844 0.00274435

0.00214844 0.00274474
0.00217212 0.00273438

0.00292969 0.00231042
0.00288355 0.00234375

0.003125 0.00214621
0.00312256 0.00214844

0.00302734 0.00223277
0.00301089 0.00224609

0.00297852 0.00227126
0.00294804 0.00229492

0.00292969 0.00231024
0.00294978 0.00229492

0.00297852 0.00227159
0.00301033 0.00224609

0.00302734 0.0022332
0.00312452 0.00214844

0.00244141 0.00261093
0.00238848 0.00263672

0.00234375 0.00265861
0.00238868 0.00263672

0.00244141 0.0026111
0.00253906 0.00256002

0.00273438 0.00244655
0.00257804 0.00253906

0.00253906 0.00256031
0.0025756 0.00253906

0.00283203 0.00238009
0.00274002 0.00244141

0.00273438 0.00244638
0.00274216 0.00244141

0.00283203 0.00238008
0.00288265 0.00234375

0.003125 1.44801e-05
0.00314941 1.53359e-05

0.00314941 1.4829e-05
0.00317383 1.56893e-05

0.00317383 1.5178e-05
0.00319824 1.6072e-05

0.00319824 1.55681e-05
0.00322266 1.64768e-05

0.00322266 1.57827e-05
0.00324707 1.70578e-05

0.00324707 1.65952e-05
0.00327148 1.77488e-05

0.00327148 1.67058e-05
0.0032959 1.8285e-05

0.0032959 1.85536e-05
0.00332031 1.88463e-05

0.00332031 1.73999e-05
0.00334473 1.81716e-05

0.00334473 1.9088e-05
0.00336914 1.98553e-05

0.00336914 1.24788e-05
0.0033933 2.44141e-05

0.00339035 2.44141e-05
0.00339355 2.57379e-05

0.00339355 2.40229e-05
0.00339392 2.44141e-05

0.00339355 2.78375e-05
0.0034172 4.88281e-05

0.00341727 4.88281e-05
0.00341797 4.94933e-05

0.00341797 4.98292e-05
0.00344155 7.32422e-05

0.00344157 7.32422e-05
0.00344238 7.40877e-05

0.00344238 7.42339e-05
0.00346429 9.76563e-05

0.00346484 9.76563e-05
0.0034668 9.98519e-05

0.0034668 0.000100347
0.00350616 0.000146484

0.00350609 0.000146484
0.00351563 0.000158956

0.00351563 0.000159333
0.00354271 0.000195313

0.00354286 0.000195313
0.00356445 0.000227693

0.00356445 0.000228579
0.00357464 0.000244141

0.00357509 0.000244141
0.00360393 0.000292969

0.0036047 0.000292969
0.00361328 0.000310272

0.00361328 0.000311735
0.00362897 0.000341797

0.00362917 0.000341797
0.00365177 0.000390625

0.00365243 0.000390625
0.00368984 0.000488281

0.0036896 0.000488281
0.00371094 0.000563765

0.00371094 0.000564748
0.00371693 0.000585938

0.00371694 0.000585937
0.00373573 0.000683594

0.00373536 0.000683594
0.0037465 0.00078125

0.00374848 0.00078125
0.00374895 0.000976562

0.00374865 0.000976562
0.00372051 0.00117188

0.00371094 0.00120558
0.00366435 0.00136719

0.00366469 0.00136719
0.00357926 0.0015625

0.00371094 0.00120404
0.00372021 0.00117187

0.00332031 0.00194332
0.00331219 0.00195312

0.00351563 0.00167296
0.00346211 0.00175781

0.00341797 0.00181959
0.00339235 0.00185547

0.00332031 0.00194493
0.0033924 0.00185547

0.00346151 0.00175781
0.00342758 0.00180664

0.00341797 0.0018189
0.00342663 0.00180664

0.00331693 0.00195312
0.00312806 0.00214844

0.00357719 0.0015625
0.00352333 0.00166016

0.00351563 0.00167301
0.00352342 0.00166016

