9.56482e-05 0
9.76563e-05 4.95722e-06

9.76563e-05 1.03173e-06
0.00012207 2.22783e-06

0.000142829 0
0.000146484 3.53611e-06

0.000166513 0
0.000168433 2.44141e-05

0.000170898 4.63671e-05
0.000170747 4.88281e-05

0.000195313 1.22681e-05
0.000192335 2.44141e-05

0.000190693 2.44141e-05
0.000185601 4.88281e-05

0.000170813 4.88281e-05
0.000170898 4.91908e-05

0.000186139 4.88281e-05
0.000189607 7.32422e-05

0.000189147 7.32422e-05
0.000195313 8.59132e-05

0.000205555 0
0.000198889 2.44141e-05

0.000195313 2.507e-05
0.000195495 2.44141e-05

0.000195313 8.61564e-05
0.000201106 9.76563e-05

0.000200296 9.76563e-05
0.000219727 0.000117994

0.000219727 0.000117221
0.000228195 0.00012207

0.000228591 0.00012207
0.000244141 0.00013054

0.000244141 0.000130051
0.000268555 0.000134641

0.000268555 0.000134584
0.000292969 0.00013163

0.000341797 9.62033e-05
0.000341061 9.76563e-05

0.000344396 0
0.000348289 2.44141e-05

0.000352126 2.44141e-05
0.000356135 4.88281e-05

0.000356117 4.88281e-05
0.000352605 7.32422e-05

0.000341797 9.59205e-05
0.000353274 7.32422e-05

0.000317383 0.000121187
0.000315525 0.00012207

0.000292969 0.000132171
0.000314243 0.00012207

0.000317383 0.00012189
0.000341797 9.79576e-05

0.000341797 9.78011e-05
0.000341904 9.76563e-05

0.000876569 0
0.000878906 6.11892e-06

0.000878906 4.66566e-06
0.00090332 3.35563e-06

0.00090332 4.40292e-06
0.000904892 0

0.00146273 0
0.00146484 6.04338e-06

0.00146484 5.51172e-06
0.00148377 2.44141e-05

0.00148308 2.44141e-05
0.00148926 2.65719e-05

0.00148926 1.72383e-05
0.00151367 1.73375e-05

0.00148926 2.44755e-05
0.00150187 2.44141e-05

0.00151367 1.73128e-05
0.00153809 1.72186e-05

0.00152545 2.44141e-05
0.00153809 2.44764e-05

0.0015625 5.56779e-06
0.00154359 2.44141e-05

0.00153809 2.65684e-05
0.00154427 2.44141e-05

0 0.00312298
0.000390625 0.00311194

0.000390625 0.00311223
0.00078125 0.00307856

0.00078125 0.00307919
0.00117187 0.00302102

0.00117188 0.00302207
0.0015625 0.00293603

0.0015625 6.08432e-06
0.00156463 0

0.00165643 0
0.00166016 9.08716e-06

0.00166016 1.04781e-05
0.00167504 2.44141e-05

0.00167422 2.44141e-05
0.00168457 2.82713e-05

0.00168457 1.87024e-05
0.00170898 1.90301e-05

0.00169676 2.44141e-05
0.00170898 2.44937e-05

0.0017334 1.14645e-05
0.00171865 2.44141e-05

0.00170898 2.81517e-05
0.00171943 2.44141e-05

0.0017334 1.26053e-05
0.00173885 0

0.00179106 0
0.00180664 1.79769e-05

0.00180664 1.35157e-06
0.00183105 1.29854e-05

0.00183105 7.73168e-06
0.00185547 1.34932e-05

0.00185547 7.69909e-06
0.00187988 1.27105e-05

0.00187988 1.41784e-05
0.0019043 1.31624e-05

0.0019043 1.39875e-05
0.00192871 5.11536e-06

0.00192871 5.3382e-06
0.00195312 1.19665e-05

0.00195312 9.92714e-06
0.00197754 1.64211e-05

0.00197754 1.59353e-05
0.00200195 9.86339e-06

0.00200195 1.60797e-05
0.00202637 2.28432e-06

0.00202637 2.63516e-06
0.00205078 9.164e-06

0.00205078 8.17149e-06
0.0020752 1.60963e-05

0.0020752 9.07898e-06
0.00209961 1.1472e-05

0.00209961 1.3653e-05
0.00212402 1.36425e-05

0.00212402 1.32526e-05
0.00214844 7.28471e-06

0.00214844 6.86957e-06
0.00217285 1.32182e-05

0.00217285 1.40731e-05
0.00219727 1.41754e-05

0.00219727 1.32579e-05
0.00222168 6.96519e-06

0.00222168 6.94088e-06
0.00224609 1.36376e-05

0.00224609 1.43263e-05
0.00227051 1.41089e-05

0.00227051 1.40293e-05
0.00229492 6.25913e-06

0.00229492 7.10153e-06
0.00231934 1.19871e-05

0.00231934 1.03453e-05
0.00234375 1.55719e-05

0.00234375 1.55772e-05
0.00236816 1.04283e-05

0.00236816 1.24898e-05
0.00239258 6.60662e-06

0.00239258 6.62568e-06
0.00241699 1.2673e-05

0.00241699 1.05045e-05
0.00244141 1.55027e-05

0.00244141 1.54886e-05
0.00246582 1.04464e-05

0.00246582 1.2452e-05
0.00249023 6.86419e-06

0.00249023 6.8734e-06
0.00251465 1.26464e-05

0.00251465 1.05869e-05
0.00253906 1.53753e-05

0.00253906 1.5359e-05
0.00256348 1.05238e-05

0.00256348 1.24144e-05
0.00258789 7.12649e-06

0.00258789 7.12659e-06
0.0026123 1.26389e-05

0.0026123 1.0757e-05
0.00263672 1.51819e-05

0.00263672 1.51238e-05
0.00266113 1.05192e-05

0.00266113 1.17733e-05
0.00268555 8.06344e-06

0.00268555 7.28786e-06
0.00270996 1.39699e-05

0.00270996 1.40528e-05
0.00273438 1.40351e-05

0.00273437 1.38191e-05
0.00275879 7.41474e-06

0.00275879 8.22143e-06
0.0027832 1.19345e-05

0.0027832 1.07719e-05
0.00280762 1.48826e-05

0.00280762 1.48763e-05
0.00283203 1.07277e-05

0.00283203 1.18103e-05
0.00285645 8.34875e-06

0.00285645 7.64283e-06
0.00288086 1.38306e-05

0.00288086 1.3952e-05
0.00290527 1.38907e-05

0.00290527 1.33935e-05
0.00292969 7.99754e-06

0.00292969 8.73571e-06
0.0029541 1.23505e-05

0.0029541 1.15714e-05
0.00297852 1.42302e-05

0.00297852 1.20795e-05
0.00300293 1.25391e-05

0.00300293 1.25032e-05
0.00302734 1.39351e-05

0.00302734 1.29199e-05
0.00305176 1.37349e-05

0.00305176 1.33115e-05
0.00307617 1.43216e-05

0.00307617 1.36498e-05
0.00310059 1.45234e-05

0.00310059 1.40128e-05
0.003125 1.49676e-05

0.00175781 0.00287987
0.00157862 0.00292969

0.0015625 0.00293509
0.00158194 0.00292969

0.00175781 0.00288045
0.00195312 0.00281743

0.00234375 0.00265938
0.00217231 0.00273438

0.00195312 0.00281778
0.00214844 0.00274435

0.00214844 0.00274473
0.0021721 0.00273438

0.00292969 0.00231046
0.00288361 0.00234375

0.003125 0.00214632
0.00312267 0.00214844

0.00302734 0.00223284
0.00301097 0.00224609

0.00297852 0.0022713
0.0029481 0.00229492

0.00292969 0.00231028
0.00294984 0.00229492

0.00297852 0.00227163
0.00301037 0.00224609

0.00302734 0.00223324
0.00312457 0.00214844

0.00244141 0.00261095
0.00238851 0.00263672

0.00234375 0.00265862
0.00238871 0.00263672

0.00244141 0.00261112
0.00253906 0.00256005

0.00273438 0.00244659
0.0025781 0.00253906

0.00253906 0.00256034
0.00257564 0.00253906

0.00283203 0.00238014
0.00274009 0.00244141

0.00273438 0.00244641
0.0027422 0.00244141

0.00283203 0.00238013
0.00288271 0.00234375

0.003125 1.43814e-05
0.00314941 1.53017e-05

0.00314941 1.47085e-05
0.00317383 1.57649e-05

0.00317383 1.51484e-05
0.00319824 1.62954e-05

0.00319824 1.57616e-05
0.00322266 1.6682e-05

0.00322266 1.59474e-05
0.00324707 1.71225e-05

0.00324707 1.68593e-05
0.00327148 1.77208e-05

0.00327148 1.65238e-05
0.0032959 1.81565e-05

0.0032959 1.81679e-05
0.00332031 1.95704e-05

0.00332031 1.84211e-05
0.00334473 1.90642e-05

0.00334473 1.92537e-05
0.00336914 1.97709e-05

0.00336914 1.32703e-05
0.00339197 2.44141e-05

0.00338983 2.44141e-05
0.00339355 2.59079e-05

0.00339355 2.77406e-05
0.00341761 4.88281e-05

0.00341707 4.88281e-05
0.00341797 4.96989e-05

0.00341797 4.99391e-05
0.00344126 7.32422e-05

0.00344144 7.32422e-05
0.00344238 7.4215e-05

0.00344238 7.44121e-05
0.00346417 9.76563e-05

0.00346467 9.76563e-05
0.0034668 0.000100031

0.0034668 0.000100778
0.0034855 0.00012207

0.00348528 0.00012207
0.00349121 0.000129133

0.00349121 0.000128764
0.00350581 0.000146484

0.00350603 0.000146484
0.00351563 0.000159035

0.00351563 0.000159466
0.00354262 0.000195313

0.00354281 0.000195313
0.00356445 0.00022775

0.00356445 0.000228757
0.00357452 0.000244141

0.00357503 0.000244141
0.00360387 0.000292969

0.00360463 0.000292969
0.00361328 0.000310386

0.00361328 0.000311842
0.00362892 0.000341797

0.00362913 0.000341797
0.00365174 0.000390625

0.00365241 0.000390625
0.00368985 0.000488281

0.00368962 0.000488281
0.00371094 0.000563615

0.00371094 0.000564672
0.00371695 0.000585938

0.00371698 0.000585937
0.0037358 0.000683594

0.00373543 0.000683594
0.00374659 0.00078125

0.00374858 0.00078125
0.00374909 0.000976562

0.00374879 0.000976562
0.00372067 0.00117188

0.00371094 0.00120616
0.00366453 0.00136719

0.00366486 0.00136719
0.00357943 0.0015625

0.00371094 0.00120453
0.00372035 0.00117187

0.00332031 0.00194341
0.00331226 0.00195312

0.00351563 0.00167322
0.00346227 0.00175781

0.00341797 0.00181981
0.00339251 0.00185547

0.00332031 0.00194506
0.00339254 0.00185547

0.00346166 0.00175781
0.00342772 0.00180664

0.00341797 0.00181902
0.00342672 0.00180664

0.00331701 0.00195312
0.00312809 0.00214844

0.00357737 0.0015625
0.00352349 0.00166016

0.00351563 0.00167326
0.00352358 0.00166016

