9.59069e-05 0
9.76563e-05 4.48838e-06

9.76563e-05 7.36971e-07
0.00012207 2.55764e-06

0.000142733 0
0.000146484 3.29301e-06

0.000168508 0
0.000166876 2.44141e-05

0.000170898 4.5682e-05
0.000170671 4.88281e-05

0.000195313 1.09833e-05
0.000192082 2.44141e-05

0.000190251 2.44141e-05
0.000185181 4.88281e-05

0.000170796 4.88281e-05
0.000170898 4.92758e-05

0.000185702 4.88281e-05
0.000189173 7.32422e-05

0.00018869 7.32422e-05
0.000195313 8.67956e-05

0.00020494 0
0.000198407 2.44141e-05

0.000195313 2.50028e-05
0.000195473 2.44141e-05

0.000195313 8.70056e-05
0.000200681 9.76563e-05

0.000199842 9.76563e-05
0.000219727 0.000118357

0.000219727 0.000117519
0.000227801 0.00012207

0.000228071 0.00012207
0.000244141 0.000130742

0.000244141 0.000130212
0.000268555 0.000134658

0.000268555 0.000134611
0.000292969 0.000131518

0.000341797 9.54771e-05
0.000340694 9.76563e-05

0.000343949 0
0.000347844 2.44141e-05

0.00035168 2.44141e-05
0.000355694 4.88281e-05

0.000355677 4.88281e-05
0.000352171 7.32422e-05

0.000341797 9.50637e-05
0.000352822 7.32422e-05

0.000317383 0.000120966
0.000315098 0.00012207

0.000292969 0.000132048
0.000313667 0.00012207

0.000317383 0.000121545
0.000341644 9.76563e-05

0.000876959 0
0.000878906 5.28786e-06

0.000878906 4.02575e-06
0.00090332 4.02208e-06

0.00090332 5.28304e-06
0.000905266 0

0.00146274 0
0.00146484 6.03093e-06

0.00146484 5.43811e-06
0.00148377 2.44141e-05

0.00148325 2.44141e-05
0.00148926 2.65213e-05

0.00148926 1.72421e-05
0.00151367 1.75112e-05

0.00148926 2.44568e-05
0.0015089 2.44141e-05

0.00151367 1.75234e-05
0.00153809 1.72648e-05

0.00151914 2.44141e-05
0.00153809 2.44579e-05

0.0015625 5.42433e-06
0.00154357 2.44141e-05

0.00153809 2.65218e-05
0.00154409 2.44141e-05

0 0.0031238
0.000390625 0.00311275

0.000390625 0.00311305
0.00078125 0.00307931

0.00078125 0.00307994
0.00117187 0.00302168

0.00117188 0.00302275
0.0015625 0.00293658

0.0015625 6.10922e-06
0.00156463 0

0.00165644 0
0.00166016 9.05459e-06

0.00166016 1.04678e-05
0.00167503 2.44141e-05

0.0016742 2.44141e-05
0.00168457 2.82856e-05

0.00168457 1.87316e-05
0.00170898 1.90567e-05

0.00169679 2.44141e-05
0.00170898 2.44927e-05

0.0017334 1.14596e-05
0.00171865 2.44141e-05

0.00170898 2.81599e-05
0.00171944 2.44141e-05

0.0017334 1.26524e-05
0.00173887 0

0.0017909 0
0.00180664 1.82298e-05

0.00180664 1.79116e-06
0.00183105 1.29921e-05

0.00183105 7.95278e-06
0.00185547 1.33784e-05

0.00185547 7.85784e-06
0.00187988 1.2704e-05

0.00187988 1.41045e-05
0.0019043 1.31634e-05

0.0019043 1.3948e-05
0.00192871 5.40025e-06

0.00192871 5.61396e-06
0.00195312 1.19103e-05

0.00195312 1.00051e-05
0.00197754 1.6279e-05

0.00197754 1.57918e-05
0.00200195 9.94072e-06

0.00200195 1.60923e-05
0.00202637 2.49564e-06

0.00202637 2.80651e-06
0.00205078 9.04721e-06

0.00205078 8.18481e-06
0.0020752 1.6074e-05

0.0020752 9.08855e-06
0.00209961 1.14839e-05

0.00209961 1.36588e-05
0.00212402 1.36315e-05

0.00212402 1.32522e-05
0.00214844 7.28458e-06

0.00214844 6.85762e-06
0.00217285 1.32262e-05

0.00217285 1.40873e-05
0.00219727 1.41862e-05

0.00219727 1.33635e-05
0.00222168 6.85093e-06

0.00222168 6.79965e-06
0.00224609 1.3555e-05

0.00224609 1.4195e-05
0.00227051 1.42635e-05

0.00227051 1.41347e-05
0.00229492 6.31134e-06

0.00229492 7.13424e-06
0.00231934 1.1885e-05

0.00231934 1.03168e-05
0.00234375 1.56041e-05

0.00234375 1.56024e-05
0.00236816 1.04101e-05

0.00236816 1.24984e-05
0.00239258 6.54669e-06

0.00239258 6.56401e-06
0.00241699 1.2676e-05

0.00241699 1.0481e-05
0.00244141 1.55355e-05

0.00244141 1.55221e-05
0.00246582 1.04273e-05

0.00246582 1.24621e-05
0.00249023 6.79505e-06

0.00249023 6.80512e-06
0.00251465 1.2651e-05

0.00251465 1.05616e-05
0.00253906 1.54115e-05

0.00253906 1.53964e-05
0.00256348 1.05027e-05

0.00256348 1.24238e-05
0.00258789 7.05171e-06

0.00258789 7.05206e-06
0.0026123 1.26458e-05

0.0026123 1.0734e-05
0.00263672 1.52198e-05

0.00263672 1.51609e-05
0.00266113 1.04938e-05

0.00266113 1.17625e-05
0.00268555 8.00824e-06

0.00268555 7.23186e-06
0.00270996 1.3993e-05

0.00270996 1.40615e-05
0.00273438 1.40478e-05

0.00273437 1.383e-05
0.00275879 7.3765e-06

0.00275879 8.18938e-06
0.0027832 1.1933e-05

0.0027832 1.07548e-05
0.00280762 1.49042e-05

0.00280762 1.49012e-05
0.00283203 1.07201e-05

0.00283203 1.1844e-05
0.00285645 8.27643e-06

0.00285645 7.54042e-06
0.00288086 1.38319e-05

0.00288086 1.39632e-05
0.00290527 1.39554e-05

0.00290527 1.35224e-05
0.00292969 7.8394e-06

0.00292969 8.58835e-06
0.0029541 1.22334e-05

0.0029541 1.15189e-05
0.00297852 1.42616e-05

0.00297852 1.20238e-05
0.00300293 1.2424e-05

0.00300293 1.24361e-05
0.00302734 1.38961e-05

0.00302734 1.28272e-05
0.00305176 1.36863e-05

0.00305176 1.32263e-05
0.00307617 1.43604e-05

0.00307617 1.36159e-05
0.00310059 1.45992e-05

0.00310059 1.40281e-05
0.003125 1.50771e-05

0.00175781 0.00288032
0.00158054 0.00292969

0.0015625 0.00293552
0.00158345 0.00292969

0.00175781 0.00288091
0.00195312 0.00281779

0.00234375 0.00265952
0.00217287 0.00273438

0.00195312 0.00281814
0.00214844 0.0027446

0.00214844 0.00274492
0.00217252 0.00273438

0.00292969 0.00231014
0.00288324 0.00234375

0.003125 0.00214615
0.0031225 0.00214844

0.00302734 0.0022325
0.00301058 0.00224609

0.00297852 0.0022709
0.00294765 0.00229492

0.00292969 0.00230999
0.00294939 0.00229492

0.00297852 0.00227116
0.00300977 0.00224609

0.00302734 0.00223279
0.00312392 0.00214844

0.00244141 0.00261103
0.00238876 0.00263672

0.00234375 0.00265874
0.00238888 0.00263672

0.00244141 0.00261119
0.00253906 0.00256005

0.00273438 0.00244646
0.00257809 0.00253906

0.00253906 0.00256026
0.00257547 0.00253906

0.00283203 0.0023799
0.00273987 0.00244141

0.00273438 0.0024462
0.00274187 0.00244141

0.00283203 0.00237986
0.00288229 0.00234375

0.003125 1.44718e-05
0.00314941 1.54092e-05

0.00314941 1.48731e-05
0.00317383 1.57616e-05

0.00317383 1.51048e-05
0.00319824 1.62624e-05

0.00319824 1.57584e-05
0.00322266 1.68677e-05

0.00322266 1.60961e-05
0.00324707 1.72394e-05

0.00324707 1.69467e-05
0.00327148 1.77715e-05

0.00327148 1.68294e-05
0.0032959 1.80565e-05

0.0032959 1.79679e-05
0.00332031 1.91224e-05

0.00332031 1.81891e-05
0.00334473 1.90023e-05

0.00334473 1.9305e-05
0.00336914 1.94115e-05

0.00336914 1.27422e-05
0.00339311 2.44141e-05

0.0033914 2.44141e-05
0.00339355 2.52743e-05

0.00339355 2.72445e-05
0.00341788 4.88281e-05

0.00341731 4.88281e-05
0.00341797 4.94753e-05

0.00341797 4.97545e-05
0.00344125 7.32422e-05

0.00344149 7.32422e-05
0.00344238 7.41721e-05

0.00344238 7.43843e-05
0.00346409 9.76563e-05

0.00346461 9.76563e-05
0.0034668 0.000100113

0.0034668 0.000100898
0.00348532 0.00012207

0.00348513 0.00012207
0.00349121 0.000129355

0.00349121 0.000128989
0.00350557 0.000146484

0.00350575 0.000146484
0.00351563 0.000159464

0.00351563 0.000159796
0.00354229 0.000195313

0.00354238 0.000195313
0.00356445 0.000228471

0.00356445 0.000229107
0.00357426 0.000244141

0.00357462 0.000244141
0.00360341 0.000292969

0.00360415 0.000292969
0.00361328 0.000311387

0.00361328 0.00031277
0.00362842 0.000341797

0.00362864 0.000341797
0.00365123 0.000390625

0.00365188 0.000390625
0.00368928 0.000488281

0.00368906 0.000488281
0.00371094 0.000565683

0.00371094 0.000566888
0.00371632 0.000585938

0.00371639 0.000585937
0.00373519 0.000683594

0.00373482 0.000683594
0.00374596 0.00078125

0.00374795 0.00078125
0.00374844 0.000976562

0.00374814 0.000976562
0.00372 0.00117188

0.00371094 0.00120392
0.00366387 0.00136719

0.00366418 0.00136719
0.00357875 0.0015625

0.00371094 0.00120172
0.00371954 0.00117187

0.00332031 0.00194252
0.00331153 0.00195312

0.00351563 0.00167214
0.00346159 0.00175781

0.00341797 0.00181897
0.00339189 0.00185547

0.00332031 0.00194425
0.00339189 0.00185547

0.00346098 0.00175781
0.00342704 0.00180664

0.00341797 0.0018177
0.00342578 0.00180664

0.0033163 0.00195312
0.0031275 0.00214844

0.00357668 0.0015625
0.00352281 0.00166016

0.00351563 0.0016721
0.00352286 0.00166016

