9.59367e-05 0
9.76563e-05 4.43104e-06

9.76563e-05 7.00845e-07
0.00012207 2.597e-06

0.000142717 0
0.000146484 3.26557e-06

0.000168547 0
0.000166889 2.44141e-05

0.000170898 4.56878e-05
0.000170668 4.88281e-05

0.000195313 1.08431e-05
0.000192056 2.44141e-05

0.000190209 2.44141e-05
0.000185141 4.88281e-05

0.000170798 4.88281e-05
0.000170898 4.92678e-05

0.000185661 4.88281e-05
0.000189133 7.32422e-05

0.000188647 7.32422e-05
0.000195313 8.68761e-05

0.000204877 0
0.000198359 2.44141e-05

0.000195313 2.49852e-05
0.000195468 2.44141e-05

0.000195313 8.7083e-05
0.000200643 9.76563e-05

0.000199801 9.76563e-05
0.000219727 0.000118388

0.000219727 0.000117545
0.000227769 0.00012207

0.000228027 0.00012207
0.000244141 0.000130757

0.000244141 0.000130224
0.000268555 0.000134656

0.000268555 0.00013461
0.000292969 0.000131503

0.000341797 9.5395e-05
0.000340652 9.76563e-05

0.000343904 0
0.0003478 2.44141e-05

0.000351636 2.44141e-05
0.000355649 4.88281e-05

0.000355632 4.88281e-05
0.000352126 7.32422e-05

0.000341797 9.49742e-05
0.000352776 7.32422e-05

0.000317383 0.000120939
0.000315044 0.00012207

0.000292969 0.000132032
0.000313604 0.00012207

0.000317383 0.000121507
0.000341596 9.76563e-05

0.000877042 0
0.000878906 5.09875e-06

0.000878906 3.85956e-06
0.00090332 4.17858e-06

0.00090332 5.51473e-06
0.00090537 0

0.00146273 0
0.00146484 6.04696e-06

0.00146484 5.55558e-06
0.00148374 2.44141e-05

0.00148304 2.44141e-05
0.00148926 2.65872e-05

0.00148926 1.72477e-05
0.00151367 1.73587e-05

0.00148926 2.44753e-05
0.00150204 2.44141e-05

0.00151367 1.73562e-05
0.00153809 1.72608e-05

0.0015255 2.44141e-05
0.00153809 2.44763e-05

0.0015625 5.57683e-06
0.00154361 2.44141e-05

0.00153809 2.65776e-05
0.00154428 2.44141e-05

0 0.00312395
0.000390625 0.00311289

0.000390625 0.00311319
0.00078125 0.00307944

0.00078125 0.00308007
0.00117187 0.00302179

0.00117188 0.00302286
0.0015625 0.00293667

0.0015625 6.12688e-06
0.00156465 0

0.00165644 0
0.00166016 9.06161e-06

0.00166016 1.04718e-05
0.00167502 2.44141e-05

0.0016742 2.44141e-05
0.00168457 2.82846e-05

0.00168457 1.87311e-05
0.00170898 1.90579e-05

0.00169681 2.44141e-05
0.00170898 2.4493e-05

0.0017334 1.14656e-05
0.00171866 2.44141e-05

0.00170898 2.81588e-05
0.00171943 2.44141e-05

0.0017334 1.26456e-05
0.00173887 0

0.00179089 0
0.00180664 1.82538e-05

0.00180664 1.83092e-06
0.00183105 1.29955e-05

0.00183105 7.97445e-06
0.00185547 1.33703e-05

0.00185547 7.87771e-06
0.00187988 1.27021e-05

0.00187988 1.40969e-05
0.0019043 1.31603e-05

0.0019043 1.39402e-05
0.00192871 5.43165e-06

0.00192871 5.6444e-06
0.00195312 1.19067e-05

0.00195312 1.00123e-05
0.00197754 1.62637e-05

0.00197754 1.57804e-05
0.00200195 9.95047e-06

0.00200195 1.60929e-05
0.00202637 2.51433e-06

0.00202637 2.8376e-06
0.00205078 9.0245e-06

0.00205078 8.15561e-06
0.0020752 1.60742e-05

0.0020752 9.10056e-06
0.00209961 1.15117e-05

0.00209961 1.3674e-05
0.00212402 1.36087e-05

0.00212402 1.32427e-05
0.00214844 7.28421e-06

0.00214844 6.85282e-06
0.00217285 1.32361e-05

0.00217285 1.40993e-05
0.00219727 1.41831e-05

0.00219727 1.33543e-05
0.00222168 6.84537e-06

0.00222168 6.79897e-06
0.00224609 1.35697e-05

0.00224609 1.42105e-05
0.00227051 1.42537e-05

0.00227051 1.41271e-05
0.00229492 6.29911e-06

0.00229492 7.12752e-06
0.00231934 1.18951e-05

0.00231934 1.03162e-05
0.00234375 1.56033e-05

0.00234375 1.56059e-05
0.00236816 1.04101e-05

0.00236816 1.24999e-05
0.00239258 6.53918e-06

0.00239258 6.5571e-06
0.00241699 1.26773e-05

0.00241699 1.04795e-05
0.00244141 1.55391e-05

0.00244141 1.55261e-05
0.00246582 1.04245e-05

0.00246582 1.24619e-05
0.00249023 6.78859e-06

0.00249023 6.79856e-06
0.00251465 1.2653e-05

0.00251465 1.0561e-05
0.00253906 1.5414e-05

0.00253906 1.53991e-05
0.00256348 1.04996e-05

0.00256348 1.24231e-05
0.00258789 7.04694e-06

0.00258789 7.04743e-06
0.0026123 1.26463e-05

0.0026123 1.07312e-05
0.00263672 1.52221e-05

0.00263672 1.5165e-05
0.00266113 1.0492e-05

0.00266113 1.17635e-05
0.00268555 7.999e-06

0.00268555 7.22215e-06
0.00270996 1.39942e-05

0.00270996 1.40602e-05
0.00273438 1.40523e-05

0.00273437 1.3832e-05
0.00275879 7.37373e-06

0.00275879 8.18409e-06
0.0027832 1.19357e-05

0.0027832 1.07578e-05
0.00280762 1.491e-05

0.00280762 1.4898e-05
0.00283203 1.07254e-05

0.00283203 1.18888e-05
0.00285645 8.24998e-06

0.00285645 7.50475e-06
0.00288086 1.37868e-05

0.00288086 1.38701e-05
0.00290527 1.40424e-05

0.00290527 1.36222e-05
0.00292969 7.90142e-06

0.00292969 8.66762e-06
0.0029541 1.20818e-05

0.0029541 1.14627e-05
0.00297852 1.41947e-05

0.00297852 1.19544e-05
0.00300293 1.23911e-05

0.00300293 1.23525e-05
0.00302734 1.39047e-05

0.00302734 1.27738e-05
0.00305176 1.37631e-05

0.00305176 1.32375e-05
0.00307617 1.44655e-05

0.00307617 1.36968e-05
0.00310059 1.46898e-05

0.00310059 1.41332e-05
0.003125 1.51115e-05

0.00175781 0.00288039
0.00158084 0.00292969

0.0015625 0.00293559
0.00158369 0.00292969

0.00175781 0.00288098
0.00195312 0.00281784

0.00234375 0.00265953
0.00217295 0.00273438

0.00195312 0.00281819
0.00214844 0.00274464

0.00214844 0.00274495
0.00217257 0.00273438

0.00292969 0.00231008
0.00288317 0.00234375

0.003125 0.00214612
0.00312246 0.00214844

0.00302734 0.00223244
0.00301051 0.00224609

0.00297852 0.00227084
0.00294757 0.00229492

0.00292969 0.00230993
0.00294932 0.00229492

0.00297852 0.00227108
0.00300968 0.00224609

0.00302734 0.00223272
0.00312382 0.00214844

0.00244141 0.00261104
0.00238878 0.00263672

0.00234375 0.00265875
0.0023889 0.00263672

0.00244141 0.0026112
0.00253906 0.00256004

0.00273438 0.00244643
0.00257807 0.00253906

0.00253906 0.00256024
0.00257543 0.00253906

0.00283203 0.00237985
0.00273982 0.00244141

0.00273438 0.00244616
0.0027418 0.00244141

0.00283203 0.00237981
0.00288222 0.00234375

0.003125 1.45313e-05
0.00314941 1.54157e-05

0.00314941 1.49211e-05
0.00317383 1.57706e-05

0.00317383 1.5256e-05
0.00319824 1.61141e-05

0.00319824 1.55765e-05
0.00322266 1.65866e-05

0.00322266 1.60026e-05
0.00324707 1.71444e-05

0.00324707 1.65516e-05
0.00327148 1.76801e-05

0.00327148 1.70751e-05
0.0032959 1.81808e-05

0.0032959 1.74787e-05
0.00332031 1.88833e-05

0.00332031 1.80781e-05
0.00334473 1.99785e-05

0.00334473 1.98437e-05
0.00336914 2.03191e-05

0.00336914 1.38448e-05
0.00339199 2.44141e-05

0.00339054 2.44141e-05
0.00339355 2.55781e-05

0.00339355 2.77767e-05
0.0034179 4.88281e-05

0.0034174 4.88281e-05
0.00341797 4.93786e-05

0.00341797 4.87805e-05
0.00341802 4.88281e-05

0.00341797 4.96004e-05
0.00344167 7.32422e-05

0.0034417 7.32422e-05
0.00344238 7.3948e-05

0.00344238 7.40913e-05
0.00346437 9.76563e-05

0.00346493 9.76563e-05
0.0034668 9.97454e-05

0.0034668 0.000100254
0.0035061 0.000146484

0.003506 0.000146484
0.00351563 0.000159143

0.00351563 0.000159491
0.00354249 0.000195313

0.00354259 0.000195313
0.00356445 0.000228199

0.00356445 0.000228889
0.0035744 0.000244141

0.00357477 0.000244141
0.00360352 0.000292969

0.00360425 0.000292969
0.00361328 0.000311218

0.00361328 0.000312587
0.00362848 0.000341797

0.0036287 0.000341797
0.00365125 0.000390625

0.00365191 0.000390625
0.00368925 0.000488281

0.00368903 0.000488281
0.00371094 0.000565915

0.00371094 0.000567079
0.00371626 0.000585938

0.00371632 0.000585937
0.00373509 0.000683594

0.00373473 0.000683594
0.00374585 0.00078125

0.00374783 0.00078125
0.00374829 0.000976562

0.00374799 0.000976562
0.00371984 0.00117188

0.00371094 0.00120337
0.00366371 0.00136719

0.00366402 0.00136719
0.00357859 0.0015625

0.00371094 0.00120111
0.00371936 0.00117187

0.00332031 0.00194237
0.0033114 0.00195312

0.00351563 0.0016719
0.00346145 0.00175781

0.00341797 0.00181879
0.00339176 0.00185547

0.00332031 0.0019441
0.00339175 0.00185547

0.00346083 0.00175781
0.0034269 0.00180664

0.00341797 0.00181745
0.0034256 0.00180664

0.00331618 0.00195312
0.00312741 0.00214844

0.00357652 0.0015625
0.00352266 0.00166016

0.00351563 0.00167184
0.0035227 0.00166016

