9.59458e-05 0
9.76563e-05 4.41354e-06

9.76563e-05 6.89938e-07
0.00012207 2.60882e-06

0.000142711 0
0.000146484 3.25687e-06

0.000168559 0
0.000166893 2.44141e-05

0.000170898 4.56907e-05
0.000170667 4.88281e-05

0.000195313 1.08013e-05
0.000192048 2.44141e-05

0.000190195 2.44141e-05
0.000185129 4.88281e-05

0.000170798 4.88281e-05
0.000170898 4.92659e-05

0.000185648 4.88281e-05
0.000189121 7.32422e-05

0.000188635 7.32422e-05
0.000195313 8.68999e-05

0.000204856 0
0.000198343 2.44141e-05

0.000195313 2.49776e-05
0.000195466 2.44141e-05

0.000195313 8.71054e-05
0.000200632 9.76563e-05

0.000199789 9.76563e-05
0.000219727 0.000118397

0.000219727 0.000117551
0.000227762 0.00012207

0.000228016 0.00012207
0.000244141 0.00013076

0.000244141 0.000130226
0.000268555 0.000134654

0.000268555 0.000134608
0.000292969 0.000131496

0.000341797 9.53609e-05
0.000340635 9.76563e-05

0.000343886 0
0.000347782 2.44141e-05

0.000351618 2.44141e-05
0.000355632 4.88281e-05

0.000355614 4.88281e-05
0.000352108 7.32422e-05

0.000341797 9.49378e-05
0.000352758 7.32422e-05

0.000317383 0.000120925
0.000315018 0.00012207

0.000292969 0.000132025
0.000313577 0.00012207

0.000317383 0.000121491
0.000341577 9.76563e-05

0.000876608 0
0.000878906 6.03853e-06

0.000878906 4.58624e-06
0.00090332 3.43358e-06

0.00090332 4.53748e-06
0.000904947 0

0.00146273 0
0.00146484 6.05698e-06

0.00146484 5.42863e-06
0.00148376 2.44141e-05

0.00148325 2.44141e-05
0.00148926 2.65227e-05

0.00148926 1.72606e-05
0.00151367 1.7529e-05

0.00148926 2.44566e-05
0.00150876 2.44141e-05

0.00151367 1.75238e-05
0.00153809 1.72578e-05

0.00151875 2.44141e-05
0.00153809 2.44573e-05

0.0015625 5.44227e-06
0.00154358 2.44141e-05

0.00153809 2.6526e-05
0.0015441 2.44141e-05

0 0.003124
0.000390625 0.00311294

0.000390625 0.00311324
0.00078125 0.00307949

0.00078125 0.00308012
0.00117187 0.00302183

0.00117188 0.0030229
0.0015625 0.0029367

0.0015625 6.09987e-06
0.00156463 0

0.00165644 0
0.00166016 9.05185e-06

0.00166016 1.04751e-05
0.00167502 2.44141e-05

0.00167418 2.44141e-05
0.00168457 2.82912e-05

0.00168457 1.87338e-05
0.00170898 1.90543e-05

0.00169672 2.44141e-05
0.00170898 2.44917e-05

0.0017334 1.14624e-05
0.00171865 2.44141e-05

0.00170898 2.81596e-05
0.00171944 2.44141e-05

0.0017334 1.26654e-05
0.00173888 0

0.00179089 0
0.00180664 1.8261e-05

0.00180664 1.84132e-06
0.00183105 1.29996e-05

0.00183105 7.98199e-06
0.00185547 1.33694e-05

0.00185547 7.88542e-06
0.00187988 1.27025e-05

0.00187988 1.4097e-05
0.0019043 1.31595e-05

0.0019043 1.39395e-05
0.00192871 5.43914e-06

0.00192871 5.65184e-06
0.00195312 1.19055e-05

0.00195312 1.0014e-05
0.00197754 1.62608e-05

0.00197754 1.57766e-05
0.00200195 9.95479e-06

0.00200195 1.60931e-05
0.00202637 2.52291e-06

0.00202637 2.84918e-06
0.00205078 9.0178e-06

0.00205078 8.1462e-06
0.0020752 1.60767e-05

0.0020752 9.10833e-06
0.00209961 1.15231e-05

0.00209961 1.36908e-05
0.00212402 1.35906e-05

0.00212402 1.3227e-05
0.00214844 7.2736e-06

0.00214844 6.84286e-06
0.00217285 1.32547e-05

0.00217285 1.41121e-05
0.00219727 1.41786e-05

0.00219727 1.3339e-05
0.00222168 6.84661e-06

0.00222168 6.80486e-06
0.00224609 1.35915e-05

0.00224609 1.42367e-05
0.00227051 1.42376e-05

0.00227051 1.41184e-05
0.00229492 6.27903e-06

0.00229492 7.11447e-06
0.00231934 1.19095e-05

0.00231934 1.03154e-05
0.00234375 1.56053e-05

0.00234375 1.56085e-05
0.00236816 1.0413e-05

0.00236816 1.25035e-05
0.00239258 6.53616e-06

0.00239258 6.55553e-06
0.00241699 1.26766e-05

0.00241699 1.04789e-05
0.00244141 1.55411e-05

0.00244141 1.55279e-05
0.00246582 1.0424e-05

0.00246582 1.24623e-05
0.00249023 6.78613e-06

0.00249023 6.79675e-06
0.00251465 1.2653e-05

0.00251465 1.056e-05
0.00253906 1.54147e-05

0.00253906 1.54001e-05
0.00256348 1.04988e-05

0.00256348 1.2422e-05
0.00258789 7.04557e-06

0.00258789 7.04531e-06
0.0026123 1.26488e-05

0.0026123 1.07314e-05
0.00263672 1.52248e-05

0.00263672 1.51685e-05
0.00266113 1.0493e-05

0.00266113 1.17655e-05
0.00268555 7.99598e-06

0.00268555 7.22058e-06
0.00270996 1.39943e-05

0.00270996 1.40601e-05
0.00273438 1.40531e-05

0.00273437 1.38314e-05
0.00275879 7.37408e-06

0.00275879 8.18535e-06
0.0027832 1.19362e-05

0.0027832 1.07618e-05
0.00280762 1.4905e-05

0.00280762 1.48961e-05
0.00283203 1.07164e-05

0.00283203 1.18165e-05
0.00285645 8.31348e-06

0.00285645 7.58145e-06
0.00288086 1.38553e-05

0.00288086 1.39744e-05
0.00290527 1.39438e-05

0.00290527 1.36021e-05
0.00292969 7.79331e-06

0.00292969 8.58197e-06
0.0029541 1.2089e-05

0.0029541 1.14146e-05
0.00297852 1.42119e-05

0.00297852 1.19207e-05
0.00300293 1.24271e-05

0.00300293 1.23538e-05
0.00302734 1.39684e-05

0.00302734 1.28282e-05
0.00305176 1.3804e-05

0.00305176 1.33119e-05
0.00307617 1.44406e-05

0.00307617 1.37258e-05
0.00310059 1.46088e-05

0.00310059 1.40802e-05
0.003125 1.50411e-05

0.00175781 0.00288042
0.00158096 0.00292969

0.0015625 0.00293562
0.00158379 0.00292969

0.00175781 0.002881
0.00195312 0.00281787

0.00234375 0.00265955
0.00217299 0.00273438

0.00195312 0.00281821
0.00214844 0.00274465

0.00214844 0.00274497
0.00217261 0.00273438

0.00292969 0.00231008
0.00288316 0.00234375

0.003125 0.00214611
0.00312245 0.00214844

0.00302734 0.00223243
0.00301049 0.00224609

0.00297852 0.00227083
0.00294756 0.00229492

0.00292969 0.00230993
0.0029493 0.00229492

0.00297852 0.00227107
0.00300966 0.00224609

0.00302734 0.0022327
0.00312379 0.00214844

0.00244141 0.00261104
0.0023888 0.00263672

0.00234375 0.00265876
0.00238891 0.00263672

0.00244141 0.0026112
0.00253906 0.00256004

0.00273438 0.00244643
0.00257807 0.00253906

0.00253906 0.00256025
0.00257543 0.00253906

0.00283203 0.00237985
0.00273982 0.00244141

0.00273438 0.00244616
0.0027418 0.00244141

0.00283203 0.0023798
0.0028822 0.00234375

0.003125 1.4431e-05
0.00314941 1.54312e-05

0.00314941 1.48817e-05
0.00317383 1.58728e-05

0.00317383 1.53433e-05
0.00319824 1.61818e-05

0.00319824 1.5652e-05
0.00322266 1.65451e-05

0.00322266 1.59792e-05
0.00324707 1.7119e-05

0.00324707 1.65673e-05
0.00327148 1.76943e-05

0.00327148 1.69797e-05
0.0032959 1.82238e-05

0.0032959 1.76547e-05
0.00332031 1.90075e-05

0.00332031 1.82119e-05
0.00334473 1.96962e-05

0.00334473 1.97606e-05
0.00336914 1.98702e-05

0.00336914 1.32414e-05
0.0033926 2.44141e-05

0.00339155 2.44141e-05
0.00339355 2.52132e-05

0.00339355 2.76913e-05
0.00341747 4.88281e-05

0.0034168 4.88281e-05
0.00341797 4.99689e-05

0.00341797 4.99716e-05
0.00344106 7.32422e-05

0.00344118 7.32422e-05
0.00344238 7.44994e-05

0.00344238 7.47414e-05
0.00346371 9.76563e-05

0.00346427 9.76563e-05
0.0034668 0.000100483

0.0034668 0.00010098
0.00350555 0.000146484

0.00350553 0.000146484
0.00351563 0.000159703

0.00351563 0.000160057
0.00354217 0.000195313

0.00354229 0.000195313
0.00356445 0.000228537

0.00356445 0.00022927
0.00357417 0.000244141

0.00357457 0.000244141
0.00360341 0.000292969

0.00360416 0.000292969
0.00361328 0.00031135

0.00361328 0.000312748
0.00362844 0.000341797

0.00362866 0.000341797
0.00365126 0.000390625

0.00365192 0.000390625
0.00368932 0.000488281

0.00368909 0.000488281
0.00371094 0.000565671

0.00371094 0.000566838
0.00371633 0.000585938

0.00371639 0.000585937
0.00373515 0.000683594

0.00373479 0.000683594
0.00374589 0.00078125

0.00374787 0.00078125
0.0037483 0.000976562

0.00374801 0.000976562
0.00371984 0.00117188

0.00371094 0.00120335
0.00366369 0.00136719

0.003664 0.00136719
0.00357857 0.0015625

0.00371094 0.00120105
0.00371935 0.00117187

0.00332031 0.00194233
0.00331137 0.00195312

0.00351563 0.00167187
0.00346142 0.00175781

0.00341797 0.00181876
0.00339174 0.00185547

0.00332031 0.00194407
0.00339173 0.00185547

0.00346081 0.00175781
0.00342687 0.00180664

0.00341797 0.00181741
0.00342557 0.00180664

0.00331615 0.00195312
0.00312739 0.00214844

0.0035765 0.0015625
0.00352263 0.00166016

0.00351563 0.0016718
0.00352268 0.00166016

