9.59556e-05 0
9.76563e-05 4.39438e-06

9.76563e-05 6.77687e-07
0.00012207 2.62212e-06

0.000142705 0
0.000146484 3.2483e-06

0.000168572 0
0.000166897 2.44141e-05

0.000170898 4.56784e-05
0.000170665 4.88281e-05

0.000195313 1.07581e-05
0.00019204 2.44141e-05

0.000190182 2.44141e-05
0.000185115 4.88281e-05

0.000170798 4.88281e-05
0.000170898 4.92677e-05

0.000185635 4.88281e-05
0.000189107 7.32422e-05

0.00018862 7.32422e-05
0.000195313 8.69284e-05

0.000204836 0
0.000198328 2.44141e-05

0.000195313 2.49853e-05
0.000195468 2.44141e-05

0.000195313 8.7133e-05
0.000200618 9.76563e-05

0.000199774 9.76563e-05
0.000219727 0.000118409

0.000219727 0.000117561
0.000227747 0.00012207

0.000227998 0.00012207
0.000244141 0.000130767

0.000244141 0.000130232
0.000268555 0.000134655

0.000268555 0.00013461
0.000292969 0.000131494

0.000341797 9.53431e-05
0.000340626 9.76563e-05

0.000343875 0
0.00034777 2.44141e-05

0.000351606 2.44141e-05
0.00035562 4.88281e-05

0.000355603 4.88281e-05
0.000352098 7.32422e-05

0.000341797 9.49184e-05
0.000352747 7.32422e-05

0.000317383 0.000120921
0.000315011 0.00012207

0.000292969 0.000132023
0.000313565 0.00012207

0.000317383 0.000121484
0.000341567 9.76563e-05

0.000877033 0
0.000878906 5.11996e-06

0.000878906 3.8833e-06
0.00090332 4.15798e-06

0.00090332 5.47895e-06
0.000905354 0

0.00146273 0
0.00146484 6.04285e-06

0.00146484 5.56489e-06
0.00148373 2.44141e-05

0.00148303 2.44141e-05
0.00148926 2.65884e-05

0.00148926 1.72455e-05
0.00151367 1.73537e-05

0.00148926 2.44756e-05
0.00150198 2.44141e-05

0.00151367 1.73574e-05
0.00153809 1.72648e-05

0.00152555 2.44141e-05
0.00153809 2.44766e-05

0.0015625 5.57407e-06
0.00154361 2.44141e-05

0.00153809 2.65787e-05
0.00154428 2.44141e-05

0 0.00312405
0.000390625 0.00311299

0.000390625 0.00311328
0.00078125 0.00307953

0.00078125 0.00308016
0.00117187 0.00302187

0.00117188 0.00302294
0.0015625 0.00293673

0.0015625 6.12972e-06
0.00156465 0

0.00165644 0
0.00166016 9.05891e-06

0.00166016 1.0473e-05
0.00167502 2.44141e-05

0.0016742 2.44141e-05
0.00168457 2.82854e-05

0.00168457 1.87319e-05
0.00170898 1.90582e-05

0.00169679 2.44141e-05
0.00170898 2.44929e-05

0.0017334 1.14667e-05
0.00171866 2.44141e-05

0.00170898 2.81592e-05
0.00171944 2.44141e-05

0.0017334 1.26486e-05
0.00173887 0

0.00179088 0
0.00180664 1.82701e-05

0.00180664 1.85804e-06
0.00183105 1.29995e-05

0.00183105 7.99123e-06
0.00185547 1.3362e-05

0.00185547 7.88702e-06
0.00187988 1.27014e-05

0.00187988 1.40923e-05
0.0019043 1.31627e-05

0.0019043 1.39384e-05
0.00192871 5.45063e-06

0.00192871 5.66335e-06
0.00195312 1.19036e-05

0.00195312 1.00197e-05
0.00197754 1.62531e-05

0.00197754 1.57668e-05
0.00200195 9.95643e-06

0.00200195 1.60958e-05
0.00202637 2.53355e-06

0.00202637 2.85921e-06
0.00205078 9.00478e-06

0.00205078 8.13153e-06
0.0020752 1.60838e-05

0.0020752 9.11756e-06
0.00209961 1.15353e-05

0.00209961 1.3697e-05
0.00212402 1.35817e-05

0.00212402 1.32286e-05
0.00214844 7.27357e-06

0.00214844 6.85573e-06
0.00217285 1.32375e-05

0.00217285 1.40855e-05
0.00219727 1.41662e-05

0.00219727 1.32587e-05
0.00222168 6.94118e-06

0.00222168 6.91099e-06
0.00224609 1.3646e-05

0.00224609 1.434e-05
0.00227051 1.41146e-05

0.00227051 1.40501e-05
0.00229492 6.20627e-06

0.00229492 7.04864e-06
0.00231934 1.19819e-05

0.00231934 1.03246e-05
0.00234375 1.56063e-05

0.00234375 1.56097e-05
0.00236816 1.04093e-05

0.00236816 1.25039e-05
0.00239258 6.53892e-06

0.00239258 6.55769e-06
0.00241699 1.26743e-05

0.00241699 1.0478e-05
0.00244141 1.55401e-05

0.00244141 1.55271e-05
0.00246582 1.04243e-05

0.00246582 1.24637e-05
0.00249023 6.78463e-06

0.00249023 6.79472e-06
0.00251465 1.26516e-05

0.00251465 1.05583e-05
0.00253906 1.54164e-05

0.00253906 1.54012e-05
0.00256348 1.04988e-05

0.00256348 1.24236e-05
0.00258789 7.0423e-06

0.00258789 7.0429e-06
0.0026123 1.2647e-05

0.0026123 1.07295e-05
0.00263672 1.52249e-05

0.00263672 1.51677e-05
0.00266113 1.04916e-05

0.00266113 1.1765e-05
0.00268555 7.99437e-06

0.00268555 7.21753e-06
0.00270996 1.39943e-05

0.00270996 1.40588e-05
0.00273438 1.40553e-05

0.00273437 1.38326e-05
0.00275879 7.37464e-06

0.00275879 8.18593e-06
0.0027832 1.19354e-05

0.0027832 1.07603e-05
0.00280762 1.49067e-05

0.00280762 1.48903e-05
0.00283203 1.07265e-05

0.00283203 1.18943e-05
0.00285645 8.25539e-06

0.00285645 7.49949e-06
0.00288086 1.37849e-05

0.00288086 1.38689e-05
0.00290527 1.40598e-05

0.00290527 1.37226e-05
0.00292969 7.81898e-06

0.00292969 8.56684e-06
0.0029541 1.19818e-05

0.0029541 1.13609e-05
0.00297852 1.42975e-05

0.00297852 1.19393e-05
0.00300293 1.24694e-05

0.00300293 1.24211e-05
0.00302734 1.39673e-05

0.00302734 1.28639e-05
0.00305176 1.37358e-05

0.00305176 1.32718e-05
0.00307617 1.43935e-05

0.00307617 1.36613e-05
0.00310059 1.46263e-05

0.00310059 1.40662e-05
0.003125 1.50931e-05

0.00175781 0.00288044
0.00158105 0.00292969

0.0015625 0.00293564
0.00158387 0.00292969

0.00175781 0.00288103
0.00195312 0.00281788

0.00234375 0.00265955
0.00217301 0.00273438

0.00195312 0.00281823
0.00214844 0.00274466

0.00214844 0.00274497
0.00217262 0.00273438

0.00292969 0.00231006
0.00288313 0.00234375

0.003125 0.00214609
0.00312243 0.00214844

0.00302734 0.00223241
0.00301047 0.00224609

0.00297852 0.0022708
0.00294753 0.00229492

0.00292969 0.00230991
0.00294927 0.00229492

0.00297852 0.00227104
0.00300962 0.00224609

0.00302734 0.00223268
0.00312376 0.00214844

0.00244141 0.00261105
0.00238881 0.00263672

0.00234375 0.00265876
0.00238892 0.00263672

0.00244141 0.00261121
0.00253906 0.00256004

0.00273438 0.00244642
0.00257807 0.00253906

0.00253906 0.00256024
0.00257542 0.00253906

0.00283203 0.00237983
0.0027398 0.00244141

0.00273438 0.00244615
0.00274178 0.00244141

0.00283203 0.00237979
0.00288218 0.00234375

0.003125 1.44731e-05
0.00314941 1.54484e-05

0.00314941 1.49024e-05
0.00317383 1.58517e-05

0.00317383 1.53017e-05
0.00319824 1.62132e-05

0.00319824 1.56706e-05
0.00322266 1.66529e-05

0.00322266 1.61166e-05
0.00324707 1.71339e-05

0.00324707 1.65482e-05
0.00327148 1.76226e-05

0.00327148 1.69987e-05
0.0032959 1.82592e-05

0.0032959 1.78764e-05
0.00332031 1.87261e-05

0.00332031 1.77104e-05
0.00334473 1.92345e-05

0.00334473 1.95844e-05
0.00336914 2.00663e-05

0.00336914 1.32502e-05
0.0033931 2.44141e-05

0.00339146 2.44141e-05
0.00339355 2.5222e-05

0.00339355 2.72777e-05
0.00341797 4.87061e-05

0.00341769 4.88281e-05
0.00341797 4.90979e-05

0.00341797 4.9516e-05
0.00344146 7.32422e-05

0.00344156 7.32422e-05
0.00344238 7.40991e-05

0.00344238 7.42924e-05
0.00346404 9.76563e-05

0.00346456 9.76563e-05
0.0034668 0.000100179

0.0034668 0.000100943
0.0034852 0.00012207

0.00348499 0.00012207
0.00349121 0.000129552

0.00349121 0.000129197
0.00350537 0.000146484

0.00350561 0.000146484
0.00351563 0.000159658

0.00351563 0.000159999
0.00354213 0.000195313

0.00354225 0.000195313
0.00356445 0.000228672

0.00356445 0.000229415
0.00357405 0.000244141

0.00357446 0.000244141
0.00360327 0.000292969

0.00360401 0.000292969
0.00361328 0.000311665

0.00361328 0.000313033
0.00362829 0.000341797

0.00362851 0.000341797
0.00365111 0.000390625

0.00365177 0.000390625
0.00368918 0.000488281

0.00368896 0.000488281
0.00371094 0.00056605

0.00371094 0.000567267
0.00371622 0.000585938

0.00371629 0.000585937
0.00373508 0.000683594

0.00373471 0.000683594
0.00374584 0.00078125

0.00374782 0.00078125
0.00374827 0.000976562

0.00374797 0.000976562
0.00371981 0.00117188

0.00371094 0.00120324
0.00366366 0.00136719

0.00366397 0.00136719
0.00357853 0.0015625

0.00371094 0.00120092
0.00371931 0.00117187

0.00332031 0.00194228
0.00331133 0.00195312

0.00351563 0.0016718
0.00346138 0.00175781

0.00341797 0.0018187
0.00339169 0.00185547

0.00332031 0.00194402
0.00339169 0.00185547

0.00346077 0.00175781
0.00342683 0.00180664

0.00341797 0.00181733
0.00342552 0.00180664

0.00331611 0.00195312
0.00312735 0.00214844

0.00357646 0.0015625
0.00352259 0.00166016

0.00351563 0.00167174
0.00352263 0.00166016

