9.59651e-05 0
9.76563e-05 4.37594e-06

9.76563e-05 6.66245e-07
0.00012207 2.63446e-06

0.000142699 0
0.000146484 3.23907e-06

0.000168585 0
0.000166902 2.44141e-05

0.000170898 4.56897e-05
0.000170665 4.88281e-05

0.000195313 1.07131e-05
0.000192032 2.44141e-05

0.000190168 2.44141e-05
0.000185103 4.88281e-05

0.000170799 4.88281e-05
0.000170898 4.92633e-05

0.000185622 4.88281e-05
0.000189095 7.32422e-05

0.000188608 7.32422e-05
0.000195313 8.69517e-05

0.000204815 0
0.000198312 2.44141e-05

0.000195313 2.49752e-05
0.000195465 2.44141e-05

0.000195313 8.71551e-05
0.000200607 9.76563e-05

0.000199762 9.76563e-05
0.000219727 0.000118417

0.000219727 0.000117567
0.000227741 0.00012207

0.000227988 0.00012207
0.000244141 0.00013077

0.000244141 0.000130234
0.000268555 0.000134652

0.000268555 0.000134607
0.000292969 0.000131487

0.000341797 9.53062e-05
0.000340607 9.76563e-05

0.000343856 0
0.000347752 2.44141e-05

0.000351588 2.44141e-05
0.000355602 4.88281e-05

0.000355584 4.88281e-05
0.000352078 7.32422e-05

0.000341797 9.48798e-05
0.000352727 7.32422e-05

0.000317383 0.000120907
0.000314982 0.00012207

0.000292969 0.000132015
0.000313537 0.00012207

0.000317383 0.000121467
0.000341546 9.76563e-05

0.000876603 0
0.000878906 6.0495e-06

0.000878906 4.60579e-06
0.00090332 3.41763e-06

0.00090332 4.49594e-06
0.00090493 0

0.00146273 0
0.00146484 6.05637e-06

0.00146484 5.41807e-06
0.00148377 2.44141e-05

0.00148325 2.44141e-05
0.00148926 2.65226e-05

0.00148926 1.72627e-05
0.00151367 1.75298e-05

0.00148926 2.44568e-05
0.0015087 2.44141e-05

0.00151367 1.75157e-05
0.00153809 1.72514e-05

0.00151884 2.44141e-05
0.00153809 2.44575e-05

0.0015625 5.45012e-06
0.00154358 2.44141e-05

0.00153809 2.65245e-05
0.0015441 2.44141e-05

0 0.00312409
0.000390625 0.00311304

0.000390625 0.00311333
0.00078125 0.00307957

0.00078125 0.0030802
0.00117187 0.00302191

0.00117188 0.00302297
0.0015625 0.00293675

0.0015625 6.09438e-06
0.00156463 0

0.00165644 0
0.00166016 9.05519e-06

0.00166016 1.04781e-05
0.00167502 2.44141e-05

0.00167418 2.44141e-05
0.00168457 2.82901e-05

0.00168457 1.87318e-05
0.00170898 1.9053e-05

0.00169675 2.44141e-05
0.00170898 2.44917e-05

0.0017334 1.14667e-05
0.00171866 2.44141e-05

0.00170898 2.81578e-05
0.00171944 2.44141e-05

0.0017334 1.26612e-05
0.00173888 0

0.00179088 0
0.00180664 1.8278e-05

0.00180664 1.87147e-06
0.00183105 1.29997e-05

0.00183105 7.99718e-06
0.00185547 1.33598e-05

0.00185547 7.89403e-06
0.00187988 1.27013e-05

0.00187988 1.40899e-05
0.0019043 1.31612e-05

0.0019043 1.39362e-05
0.00192871 5.46094e-06

0.00192871 5.673e-06
0.00195312 1.19018e-05

0.00195312 1.00217e-05
0.00197754 1.62485e-05

0.00197754 1.57631e-05
0.00200195 9.95961e-06

0.00200195 1.61001e-05
0.00202637 2.53552e-06

0.00202637 2.85527e-06
0.00205078 9.00435e-06

0.00205078 8.13368e-06
0.0020752 1.60918e-05

0.0020752 9.12569e-06
0.00209961 1.15314e-05

0.00209961 1.36986e-05
0.00212402 1.35754e-05

0.00212402 1.32241e-05
0.00214844 7.27202e-06

0.00214844 6.83996e-06
0.00217285 1.32534e-05

0.00217285 1.41079e-05
0.00219727 1.41789e-05

0.00219727 1.3344e-05
0.00222168 6.84325e-06

0.00222168 6.80012e-06
0.00224609 1.35834e-05

0.00224609 1.42225e-05
0.00227051 1.42466e-05

0.00227051 1.41233e-05
0.00229492 6.29237e-06

0.00229492 7.12393e-06
0.00231934 1.19014e-05

0.00231934 1.03169e-05
0.00234375 1.56033e-05

0.00234375 1.56061e-05
0.00236816 1.04121e-05

0.00236816 1.25044e-05
0.00239258 6.53713e-06

0.00239258 6.55466e-06
0.00241699 1.26743e-05

0.00241699 1.04774e-05
0.00244141 1.55425e-05

0.00244141 1.55289e-05
0.00246582 1.04234e-05

0.00246582 1.24644e-05
0.00249023 6.78198e-06

0.00249023 6.79192e-06
0.00251465 1.2652e-05

0.00251465 1.05581e-05
0.00253906 1.54179e-05

0.00253906 1.54024e-05
0.00256348 1.04975e-05

0.00256348 1.24237e-05
0.00258789 7.04039e-06

0.00258789 7.04063e-06
0.0026123 1.26473e-05

0.0026123 1.07279e-05
0.00263672 1.52272e-05

0.00263672 1.51711e-05
0.00266113 1.04917e-05

0.00266113 1.17651e-05
0.00268555 7.99036e-06

0.00268555 7.21506e-06
0.00270996 1.39956e-05

0.00270996 1.40581e-05
0.00273438 1.40563e-05

0.00273437 1.38344e-05
0.00275879 7.37386e-06

0.00275879 8.18379e-06
0.0027832 1.19347e-05

0.0027832 1.07598e-05
0.00280762 1.49097e-05

0.00280762 1.48941e-05
0.00283203 1.07247e-05

0.00283203 1.19083e-05
0.00285645 8.23645e-06

0.00285645 7.47412e-06
0.00288086 1.37753e-05

0.00288086 1.38624e-05
0.00290527 1.40752e-05

0.00290527 1.37261e-05
0.00292969 7.80993e-06

0.00292969 8.53051e-06
0.0029541 1.20119e-05

0.0029541 1.14032e-05
0.00297852 1.43327e-05

0.00297852 1.19757e-05
0.00300293 1.24231e-05

0.00300293 1.24122e-05
0.00302734 1.39399e-05

0.00302734 1.28341e-05
0.00305176 1.3727e-05

0.00305176 1.32592e-05
0.00307617 1.43989e-05

0.00307617 1.36544e-05
0.00310059 1.46206e-05

0.00310059 1.40468e-05
0.003125 1.51067e-05

0.00175781 0.00288047
0.00158115 0.00292969

0.0015625 0.00293566
0.00158394 0.00292969

0.00175781 0.00288105
0.00195312 0.0028179

0.00234375 0.00265955
0.00217303 0.00273438

0.00195312 0.00281824
0.00214844 0.00274467

0.00214844 0.00274498
0.00217264 0.00273438

0.00292969 0.00231003
0.0028831 0.00234375

0.003125 0.00214608
0.00312242 0.00214844

0.00302734 0.00223238
0.00301044 0.00224609

0.00297852 0.00227078
0.0029475 0.00229492

0.00292969 0.00230989
0.00294924 0.00229492

0.00297852 0.00227101
0.00300959 0.00224609

0.00302734 0.00223265
0.00312372 0.00214844

0.00244141 0.00261105
0.00238881 0.00263672

0.00234375 0.00265877
0.00238892 0.00263672

0.00244141 0.0026112
0.00253906 0.00256003

0.00273438 0.00244641
0.00257806 0.00253906

0.00253906 0.00256023
0.0025754 0.00253906

0.00283203 0.00237981
0.00273978 0.00244141

0.00273438 0.00244613
0.00274175 0.00244141

0.00283203 0.00237977
0.00288215 0.00234375

0.003125 1.4463e-05
0.00314941 1.54986e-05

0.00314941 1.49433e-05
0.00317383 1.59059e-05

0.00317383 1.53883e-05
0.00319824 1.6193e-05

0.00319824 1.56861e-05
0.00322266 1.65501e-05

0.00322266 1.60012e-05
0.00324707 1.71039e-05

0.00324707 1.65316e-05
0.00327148 1.77021e-05

0.00327148 1.69784e-05
0.0032959 1.83139e-05

0.0032959 1.78682e-05
0.00332031 1.8948e-05

0.00332031 1.827e-05
0.00334473 1.91804e-05

0.00334473 1.93259e-05
0.00336914 1.9311e-05

0.00336914 1.27762e-05
0.00339312 2.44141e-05

0.00339158 2.44141e-05
0.00339355 2.51948e-05

0.00339355 2.71963e-05
0.00341797 4.86495e-05

0.00341766 4.88281e-05
0.00341797 4.9124e-05

0.00341797 4.85144e-05
0.00341829 4.88281e-05

0.00341797 4.93443e-05
0.00344168 7.32422e-05

0.00344174 7.32422e-05
0.00344238 7.39152e-05

0.00344238 7.41094e-05
0.00346421 9.76563e-05

0.00346477 9.76563e-05
0.0034668 9.99416e-05

0.0034668 0.000100727
0.00348541 0.00012207

0.0034852 0.00012207
0.00349121 0.000129297

0.00349121 0.000128929
0.00350558 0.000146484

0.00350577 0.000146484
0.00351563 0.000159464

0.00351563 0.00015982
0.00354222 0.000195313

0.00354235 0.000195313
0.00356445 0.000228561

0.00356445 0.000229321
0.00357411 0.000244141

0.00357452 0.000244141
0.00360329 0.000292969

0.00360403 0.000292969
0.00361328 0.00031165

0.00361328 0.000313008
0.00362828 0.000341797

0.0036285 0.000341797
0.00365107 0.000390625

0.00365173 0.000390625
0.00368911 0.000488281

0.00368889 0.000488281
0.00371094 0.000566336

0.00371094 0.000567541
0.00371613 0.000585938

0.0037162 0.000585937
0.00373499 0.000683594

0.00373462 0.000683594
0.00374575 0.00078125

0.00374774 0.00078125
0.00374821 0.000976562

0.00374791 0.000976562
0.00371975 0.00117188

0.00371094 0.00120306
0.00366361 0.00136719

0.00366392 0.00136719
0.00357848 0.0015625

0.00371094 0.00120072
0.00371926 0.00117187

0.00332031 0.00194223
0.00331129 0.00195312

0.00351563 0.00167172
0.00346133 0.00175781

0.00341797 0.00181863
0.00339165 0.00185547

0.00332031 0.00194397
0.00339164 0.00185547

0.00346072 0.00175781
0.00342678 0.00180664

0.00341797 0.00181725
0.00342546 0.00180664

0.00331607 0.00195312
0.00312732 0.00214844

0.00357641 0.0015625
0.00352255 0.00166016

0.00351563 0.00167166
0.00352258 0.00166016

