9.59942e-05 0
9.76563e-05 4.31857e-06

9.76563e-05 6.29919e-07
0.00012207 2.6736e-06

0.000142681 0
0.000146484 3.21282e-06

0.000168623 0
0.000166915 2.44141e-05

0.000170898 4.56805e-05
0.000170661 4.88281e-05

0.000195313 1.05828e-05
0.000192008 2.44141e-05

0.000190127 2.44141e-05
0.000185064 4.88281e-05

0.000170799 4.88281e-05
0.000170898 4.92651e-05

0.000185581 4.88281e-05
0.000189054 7.32422e-05

0.000188565 7.32422e-05
0.000195313 8.70349e-05

0.000204753 0
0.000198265 2.44141e-05

0.000195313 2.49816e-05
0.000195467 2.44141e-05

0.000195313 8.72356e-05
0.000200566 9.76563e-05

0.000199719 9.76563e-05
0.000219727 0.000118452

0.000219727 0.000117596
0.000227701 0.00012207

0.000227937 0.00012207
0.000244141 0.00013079

0.000244141 0.00013025
0.000268555 0.000134656

0.000268555 0.000134611
0.000292969 0.000131478

0.000341797 9.52384e-05
0.000340573 9.76563e-05

0.000343818 0
0.000347713 2.44141e-05

0.000351549 2.44141e-05
0.000355564 4.88281e-05

0.000355547 4.88281e-05
0.000352042 7.32422e-05

0.000341797 9.48079e-05
0.000352689 7.32422e-05

0.000317383 0.000120887
0.000314944 0.00012207

0.000292969 0.000132005
0.000313491 0.00012207

0.000317383 0.000121439
0.000341508 9.76563e-05

0.000877005 0
0.000878906 5.1835e-06

0.000878906 3.94655e-06
0.00090332 4.10098e-06

0.00090332 5.38628e-06
0.000905312 0

0.00146272 0
0.00146484 6.04602e-06

0.00146484 5.58436e-06
0.00148372 2.44141e-05

0.00148303 2.44141e-05
0.00148926 2.65883e-05

0.00148926 1.7248e-05
0.00151367 1.73583e-05

0.00148926 2.44754e-05
0.00150204 2.44141e-05

0.00151367 1.7375e-05
0.00153809 1.72757e-05

0.00152546 2.44141e-05
0.00153809 2.44761e-05

0.0015625 5.5638e-06
0.00154361 2.44141e-05

0.00153809 2.6583e-05
0.00154429 2.44141e-05

0 0.00312423
0.000390625 0.00311317

0.000390625 0.00311346
0.00078125 0.0030797

0.00078125 0.00308032
0.00117187 0.00302201

0.00117188 0.00302308
0.0015625 0.00293684

0.0015625 6.13683e-06
0.00156465 0

0.00165645 0
0.00166016 9.0431e-06

0.00166016 1.04667e-05
0.00167502 2.44141e-05

0.00167419 2.44141e-05
0.00168457 2.82916e-05

0.00168457 1.8742e-05
0.00170898 1.9066e-05

0.00169679 2.44141e-05
0.00170898 2.44922e-05

0.0017334 1.14604e-05
0.00171866 2.44141e-05

0.00170898 2.81624e-05
0.00171944 2.44141e-05

0.0017334 1.26668e-05
0.00173888 0

0.00179087 0
0.00180664 1.83011e-05

0.00180664 1.91141e-06
0.00183105 1.30044e-05

0.00183105 8.01484e-06
0.00185547 1.33509e-05

0.00185547 7.91366e-06
0.00187988 1.27042e-05

0.00187988 1.40847e-05
0.0019043 1.31574e-05

0.0019043 1.39306e-05
0.00192871 5.49046e-06

0.00192871 5.70085e-06
0.00195312 1.18979e-05

0.00195312 1.00282e-05
0.00197754 1.62365e-05

0.00197754 1.57552e-05
0.00200195 9.9683e-06

0.00200195 1.60931e-05
0.00202637 2.5579e-06

0.00202637 2.86237e-06
0.00205078 9.01842e-06

0.00205078 8.21219e-06
0.0020752 1.60422e-05

0.0020752 9.06362e-06
0.00209961 1.14681e-05

0.00209961 1.36338e-05
0.00212402 1.3661e-05

0.00212402 1.32652e-05
0.00214844 7.30209e-06

0.00214844 6.86923e-06
0.00217285 1.32188e-05

0.00217285 1.41055e-05
0.00219727 1.41799e-05

0.00219727 1.33398e-05
0.00222168 6.84666e-06

0.00222168 6.80349e-06
0.00224609 1.35874e-05

0.00224609 1.42293e-05
0.00227051 1.42413e-05

0.00227051 1.412e-05
0.00229492 6.28705e-06

0.00229492 7.12117e-06
0.00231934 1.1905e-05

0.00231934 1.03146e-05
0.00234375 1.56036e-05

0.00234375 1.56095e-05
0.00236816 1.04129e-05

0.00236816 1.25066e-05
0.00239258 6.52948e-06

0.00239258 6.54784e-06
0.00241699 1.26752e-05

0.00241699 1.04743e-05
0.00244141 1.55477e-05

0.00244141 1.5535e-05
0.00246582 1.04226e-05

0.00246582 1.24669e-05
0.00249023 6.77201e-06

0.00249023 6.78273e-06
0.00251465 1.26535e-05

0.00251465 1.05547e-05
0.00253906 1.54246e-05

0.00253906 1.54098e-05
0.00256348 1.04961e-05

0.00256348 1.24246e-05
0.00258789 7.03065e-06

0.00258789 7.0305e-06
0.0026123 1.26524e-05

0.0026123 1.07311e-05
0.00263672 1.5232e-05

0.00263672 1.51667e-05
0.00266113 1.04935e-05

0.00266113 1.18244e-05
0.00268555 7.94621e-06

0.00268555 7.15233e-06
0.00270996 1.39387e-05

0.00270996 1.39729e-05
0.00273438 1.41432e-05

0.00273437 1.38882e-05
0.00275879 7.43225e-06

0.00275879 8.23404e-06
0.0027832 1.18728e-05

0.0027832 1.07429e-05
0.00280762 1.49091e-05

0.00280762 1.48961e-05
0.00283203 1.07305e-05

0.00283203 1.19078e-05
0.00285645 8.22523e-06

0.00285645 7.46441e-06
0.00288086 1.37809e-05

0.00288086 1.38671e-05
0.00290527 1.40766e-05

0.00290527 1.3711e-05
0.00292969 7.81658e-06

0.00292969 8.58768e-06
0.0029541 1.19864e-05

0.0029541 1.13892e-05
0.00297852 1.42358e-05

0.00297852 1.18963e-05
0.00300293 1.24141e-05

0.00300293 1.23337e-05
0.00302734 1.40024e-05

0.00302734 1.2826e-05
0.00305176 1.38459e-05

0.00305176 1.33396e-05
0.00307617 1.44936e-05

0.00307617 1.37705e-05
0.00310059 1.46464e-05

0.00310059 1.41373e-05
0.003125 1.50576e-05

0.00175781 0.00288053
0.00158144 0.00292969

0.0015625 0.00293573
0.00158418 0.00292969

0.00175781 0.00288112
0.00195312 0.00281795

0.00234375 0.00265957
0.00217311 0.00273438

0.00195312 0.0028183
0.00214844 0.00274471

0.00214844 0.00274501
0.0021727 0.00273438

0.00292969 0.00230998
0.00288305 0.00234375

0.003125 0.00214604
0.00312238 0.00214844

0.00302734 0.00223233
0.00301037 0.00224609

0.00297852 0.00227072
0.00294743 0.00229492

0.00292969 0.00230984
0.00294918 0.00229492

0.00297852 0.00227094
0.0030095 0.00224609

0.00302734 0.00223259
0.00312363 0.00214844

0.00244141 0.00261105
0.00238884 0.00263672

0.00234375 0.00265878
0.00238894 0.00263672

0.00244141 0.00261121
0.00253906 0.00256003

0.00273438 0.00244638
0.00257805 0.00253906

0.00253906 0.00256022
0.00257537 0.00253906

0.00283203 0.00237978
0.00273974 0.00244141

0.00273438 0.0024461
0.0027417 0.00244141

0.00283203 0.00237972
0.00288208 0.00234375

0.003125 1.44845e-05
0.00314941 1.53986e-05

0.00314941 1.4847e-05
0.00317383 1.58412e-05

0.00317383 1.5296e-05
0.00319824 1.62542e-05

0.00319824 1.58687e-05
0.00322266 1.64696e-05

0.00322266 1.55619e-05
0.00324707 1.70452e-05

0.00324707 1.71986e-05
0.00327148 1.78246e-05

0.00327148 1.68789e-05
0.0032959 1.68943e-05

0.0032959 1.5481e-05
0.00332031 1.95712e-05

0.00332031 2.02922e-05
0.00334473 2.16227e-05

0.00334473 1.99726e-05
0.00336914 1.77407e-05

0.00336914 1.2393e-05
0.00339234 2.44141e-05

0.00339126 2.44141e-05
0.00339355 2.53793e-05

0.00339355 2.77546e-05
0.00341725 4.88281e-05

0.00341711 4.88281e-05
0.00341797 4.96599e-05

0.00341797 4.99763e-05
0.00344119 7.32422e-05

0.00344129 7.32422e-05
0.00344238 7.43747e-05

0.00344238 7.45815e-05
0.0034639 9.76563e-05

0.00346444 9.76563e-05
0.0034668 0.000100303

0.0034668 0.000100788
0.0035057 0.000146484

0.00350567 0.000146484
0.00351563 0.000159556

0.00351563 0.000159947
0.0035422 0.000195313

0.00354234 0.000195313
0.00356445 0.000228527

0.00356445 0.000229357
0.0035741 0.000244141

0.00357454 0.000244141
0.00360334 0.000292969

0.00360408 0.000292969
0.00361328 0.000311524

0.00361328 0.000312905
0.00362834 0.000341797

0.00362856 0.000341797
0.00365114 0.000390625

0.0036518 0.000390625
0.00368917 0.000488281

0.00368894 0.000488281
0.00371094 0.00056624

0.00371094 0.000567412
0.00371617 0.000585938

0.00371622 0.000585937
0.00373498 0.000683594

0.00373461 0.000683594
0.00374571 0.00078125

0.00374769 0.00078125
0.00374811 0.000976562

0.00374781 0.000976562
0.00371963 0.00117188

0.00371094 0.00120263
0.00366348 0.00136719

0.00366379 0.00136719
0.00357835 0.0015625

0.00371094 0.00120022
0.00371911 0.00117187

0.00332031 0.0019421
0.00331118 0.00195312

0.00351563 0.00167153
0.00346121 0.00175781

0.00341797 0.00181848
0.00339154 0.00185547

0.00332031 0.00194384
0.00339153 0.00185547

0.0034606 0.00175781
0.00342667 0.00180664

0.00341797 0.00181704
0.00342531 0.00180664

0.00331596 0.00195312
0.00312724 0.00214844

0.00357629 0.0015625
0.00352242 0.00166016

0.00351563 0.00167145
0.00352246 0.00166016

