9.60231e-05 0
9.76563e-05 4.26101e-06

9.76563e-05 5.93428e-07
0.00012207 2.71273e-06

0.000142661 0
0.000146484 3.18699e-06

0.000168662 0
0.000166927 2.44141e-05

0.000170898 4.56772e-05
0.000170658 4.88281e-05

0.000195313 1.04563e-05
0.000191985 2.44141e-05

0.000190084 2.44141e-05
0.000185023 4.88281e-05

0.000170799 4.88281e-05
0.000170898 4.92667e-05

0.000185539 4.88281e-05
0.000189011 7.32422e-05

0.00018852 7.32422e-05
0.000195313 8.7122e-05

0.000204689 0
0.000198216 2.44141e-05

0.000195313 2.49779e-05
0.000195465 2.44141e-05

0.000195313 8.73212e-05
0.000200523 9.76563e-05

0.000199673 9.76563e-05
0.000219727 0.00011849

0.000219727 0.000117629
0.000227653 0.00012207

0.000227881 0.00012207
0.000244141 0.000130813

0.000244141 0.00013027
0.000268555 0.000134663

0.000268555 0.00013462
0.000292969 0.000131475

0.000341797 9.51783e-05
0.000340543 9.76563e-05

0.000343779 0
0.000347675 2.44141e-05

0.000351512 2.44141e-05
0.000355528 4.88281e-05

0.000355511 4.88281e-05
0.000352008 7.32422e-05

0.000341797 9.47462e-05
0.000352654 7.32422e-05

0.000317383 0.000120873
0.000314919 0.00012207

0.000292969 0.000132001
0.000313457 0.00012207

0.000317383 0.000121416
0.000341476 9.76563e-05

0.000877045 0
0.000878906 5.09023e-06

0.000878906 3.82065e-06
0.00090332 4.20515e-06

0.00090332 5.58672e-06
0.000905404 0

0.00146237 0
0.00146484 6.98915e-06

0.00146484 5.69737e-06
0.00148383 2.44141e-05

0.00148431 2.44141e-05
0.00148926 2.61329e-05

0.00148926 1.7174e-05
0.00151367 1.74293e-05

0.00150822 2.44141e-05
0.00151367 2.44281e-05

0.00151367 1.75409e-05
0.00153809 1.73269e-05

0.00151367 2.44263e-05
0.00152028 2.44141e-05

0.0015625 5.50874e-06
0.00154347 2.44141e-05

0.00153809 2.61099e-05
0.00154294 2.44141e-05

0 0.00312437
0.000390625 0.0031133

0.000390625 0.0031136
0.00078125 0.00307982

0.00078125 0.00308044
0.00117187 0.00302212

0.00117188 0.00302318
0.0015625 0.00293692

0.0015625 7.12656e-06
0.00156502 0

0.00165646 0
0.00166016 9.0043e-06

0.00166016 1.04539e-05
0.00167501 2.44141e-05

0.00167417 2.44141e-05
0.00168457 2.83046e-05

0.00168457 1.87601e-05
0.00170898 1.90872e-05

0.00169685 2.44141e-05
0.00170898 2.44928e-05

0.0017334 1.14611e-05
0.00171866 2.44141e-05

0.00170898 2.81758e-05
0.00171947 2.44141e-05

0.0017334 1.27165e-05
0.0017389 0

0.00179086 0
0.00180664 1.83254e-05

0.00180664 1.95131e-06
0.00183105 1.3011e-05

0.00183105 8.04352e-06
0.00185547 1.33363e-05

0.00185547 7.92463e-06
0.00187988 1.26993e-05

0.00187988 1.40758e-05
0.0019043 1.31624e-05

0.0019043 1.39308e-05
0.00192871 5.51417e-06

0.00192871 5.72562e-06
0.00195312 1.18893e-05

0.00195312 1.00341e-05
0.00197754 1.62215e-05

0.00197754 1.57357e-05
0.00200195 9.97525e-06

0.00200195 1.60965e-05
0.00202637 2.58076e-06

0.00202637 2.8787e-06
0.00205078 9.00203e-06

0.00205078 8.19729e-06
0.0020752 1.60557e-05

0.0020752 9.08761e-06
0.00209961 1.14788e-05

0.00209961 1.3646e-05
0.00212402 1.36323e-05

0.00212402 1.32481e-05
0.00214844 7.3005e-06

0.00214844 6.87176e-06
0.00217285 1.32225e-05

0.00217285 1.41004e-05
0.00219727 1.41655e-05

0.00219727 1.33285e-05
0.00222168 6.85182e-06

0.00222168 6.79547e-06
0.00224609 1.35985e-05

0.00224609 1.4243e-05
0.00227051 1.42465e-05

0.00227051 1.41284e-05
0.00229492 6.27032e-06

0.00229492 7.10971e-06
0.00231934 1.19059e-05

0.00231934 1.03111e-05
0.00234375 1.56113e-05

0.00234375 1.56134e-05
0.00236816 1.04135e-05

0.00236816 1.25104e-05
0.00239258 6.52464e-06

0.00239258 6.54505e-06
0.00241699 1.26728e-05

0.00241699 1.04728e-05
0.00244141 1.55476e-05

0.00244141 1.55337e-05
0.00246582 1.04198e-05

0.00246582 1.2465e-05
0.00249023 6.77125e-06

0.00249023 6.7816e-06
0.00251465 1.26528e-05

0.00251465 1.05543e-05
0.00253906 1.5422e-05

0.00253906 1.54065e-05
0.00256348 1.04936e-05

0.00256348 1.24252e-05
0.00258789 7.02906e-06

0.00258789 7.03406e-06
0.0026123 1.26417e-05

0.0026123 1.07216e-05
0.00263672 1.52213e-05

0.00263672 1.51598e-05
0.00266113 1.04881e-05

0.00266113 1.18255e-05
0.00268555 7.93056e-06

0.00268555 7.1281e-06
0.00270996 1.39345e-05

0.00270996 1.3954e-05
0.00273438 1.41659e-05

0.00273437 1.39067e-05
0.00275879 7.44138e-06

0.00275879 8.22607e-06
0.0027832 1.18689e-05

0.0027832 1.07471e-05
0.00280762 1.49392e-05

0.00280762 1.49306e-05
0.00283203 1.07233e-05

0.00283203 1.18529e-05
0.00285645 8.25548e-06

0.00285645 7.51648e-06
0.00288086 1.38524e-05

0.00288086 1.3999e-05
0.00290527 1.39652e-05

0.00290527 1.36592e-05
0.00292969 7.66415e-06

0.00292969 8.40282e-06
0.0029541 1.21032e-05

0.0029541 1.14118e-05
0.00297852 1.4363e-05

0.00297852 1.19693e-05
0.00300293 1.24229e-05

0.00300293 1.24084e-05
0.00302734 1.39916e-05

0.00302734 1.28424e-05
0.00305176 1.37941e-05

0.00305176 1.32998e-05
0.00307617 1.44967e-05

0.00307617 1.3748e-05
0.00310059 1.46972e-05

0.00310059 1.41864e-05
0.003125 1.5087e-05

0.00175781 0.0028806
0.00158173 0.00292969

0.0015625 0.0029358
0.00158441 0.00292969

0.00175781 0.00288118
0.00195312 0.002818

0.00234375 0.00265959
0.00217319 0.00273438

0.00195312 0.00281835
0.00214844 0.00274475

0.00214844 0.00274504
0.00217276 0.00273438

0.00292969 0.00230994
0.002883 0.00234375

0.003125 0.00214601
0.00312234 0.00214844

0.00302734 0.00223228
0.00301032 0.00224609

0.00297852 0.00227067
0.00294737 0.00229492

0.00292969 0.0023098
0.00294912 0.00229492

0.00297852 0.00227088
0.00300942 0.00224609

0.00302734 0.00223253
0.00312355 0.00214844

0.00244141 0.00261107
0.00238887 0.00263672

0.00234375 0.0026588
0.00238896 0.00263672

0.00244141 0.00261122
0.00253906 0.00256003

0.00273438 0.00244637
0.00257805 0.00253906

0.00253906 0.00256021
0.00257535 0.00253906

0.00283203 0.00237975
0.00273971 0.00244141

0.00273438 0.00244607
0.00274166 0.00244141

0.00283203 0.00237969
0.00288203 0.00234375

0.003125 1.45583e-05
0.00314941 1.5324e-05

0.00314941 1.48715e-05
0.00317383 1.56519e-05

0.00317383 1.51507e-05
0.00319824 1.60328e-05

0.00319824 1.54762e-05
0.00322266 1.65515e-05

0.00322266 1.59322e-05
0.00324707 1.7135e-05

0.00324707 1.65163e-05
0.00327148 1.76851e-05

0.00327148 1.70465e-05
0.0032959 1.82025e-05

0.0032959 1.74768e-05
0.00332031 1.8952e-05

0.00332031 1.81922e-05
0.00334473 2.00035e-05

0.00334473 1.98958e-05
0.00336914 2.01558e-05

0.00336914 1.37362e-05
0.00339238 2.44141e-05

0.00339102 2.44141e-05
0.00339355 2.538e-05

0.00339355 2.74852e-05
0.00341797 4.86677e-05

0.00341753 4.88281e-05
0.00341797 4.9253e-05

0.00341797 4.85795e-05
0.00341823 4.88281e-05

0.00341797 4.94754e-05
0.00344158 7.32422e-05

0.00344167 7.32422e-05
0.00344238 7.39825e-05

0.00344238 7.42012e-05
0.00346413 9.76563e-05

0.00346468 9.76563e-05
0.0034668 0.000100041

0.0034668 0.000100553
0.00350571 0.000146484

0.00350568 0.000146484
0.00351563 0.000159593

0.00351563 0.000159983
0.0035421 0.000195313

0.00354226 0.000195313
0.00356445 0.000228711

0.00356445 0.000229527
0.00357397 0.000244141

0.0035744 0.000244141
0.00360315 0.000292969

0.00360387 0.000292969
0.00361328 0.000311975

0.00361328 0.00031331
0.00362812 0.000341797

0.00362836 0.000341797
0.00365092 0.000390625

0.00365157 0.000390625
0.00368893 0.000488281

0.00368871 0.000488281
0.00371094 0.000566976

0.00371094 0.000568212
0.00371594 0.000585938

0.00371603 0.000585937
0.00373482 0.000683594

0.00373445 0.000683594
0.00374558 0.00078125

0.00374757 0.00078125
0.00374804 0.000976562

0.00374773 0.000976562
0.00371957 0.00117188

0.00371094 0.00120243
0.00366343 0.00136719

0.00366373 0.00136719
0.00357829 0.0015625

0.00371094 0.00119997
0.00371904 0.00117187

0.00332031 0.00194198
0.00331108 0.00195312

0.00351563 0.00167142
0.00346114 0.00175781

0.00341797 0.00181838
0.00339146 0.00185547

0.00332031 0.00194374
0.00339146 0.00185547

0.00346053 0.00175781
0.00342659 0.00180664

0.00341797 0.00181689
0.00342521 0.00180664

0.00331587 0.00195312
0.00312716 0.00214844

0.00357622 0.0015625
0.00352235 0.00166016

0.00351563 0.00167133
0.00352238 0.00166016

