9.60621e-05 0
9.76563e-05 4.18243e-06

9.76563e-05 5.43558e-07
0.00012207 2.76584e-06

0.000142633 0
0.000146484 3.15223e-06

0.000168713 0
0.000166945 2.44141e-05

0.000170898 4.56938e-05
0.000170654 4.88281e-05

0.000195313 1.02882e-05
0.000191955 2.44141e-05

0.000190031 2.44141e-05
0.000184972 4.88281e-05

0.0001708 4.88281e-05
0.000170898 4.92604e-05

0.000185487 4.88281e-05
0.00018896 7.32422e-05

0.000188466 7.32422e-05
0.000195313 8.72267e-05

0.000204608 0
0.000198154 2.44141e-05

0.000195313 2.49638e-05
0.000195461 2.44141e-05

0.000195313 8.74222e-05
0.000200472 9.76563e-05

0.000199619 9.76563e-05
0.000219727 0.000118533

0.000219727 0.000117666
0.000227603 0.00012207

0.000227818 0.00012207
0.000244141 0.000130836

0.000244141 0.000130289
0.000268555 0.000134665

0.000268555 0.000134623
0.000292969 0.000131461

0.000341797 9.50787e-05
0.000340492 9.76563e-05

0.000343727 0
0.000347624 2.44141e-05

0.00035146 2.44141e-05
0.000355476 4.88281e-05

0.000355459 4.88281e-05
0.000351956 7.32422e-05

0.000341797 9.46438e-05
0.0003526 7.32422e-05

0.000317383 0.000120843
0.000314863 0.00012207

0.000292969 0.000131986
0.00031339 0.00012207

0.000317383 0.000121375
0.000341422 9.76563e-05

0.000877031 0
0.000878906 5.12402e-06

0.000878906 3.89394e-06
0.00090332 4.15023e-06

0.00090332 5.45976e-06
0.000905345 0

0.00146272 0
0.00146484 6.04615e-06

0.00146484 5.56885e-06
0.00148373 2.44141e-05

0.00148303 2.44141e-05
0.00148926 2.65892e-05

0.00148926 1.72487e-05
0.00151367 1.73613e-05

0.00148926 2.44752e-05
0.00150206 2.44141e-05

0.00151367 1.73673e-05
0.00153809 1.72701e-05

0.00152547 2.44141e-05
0.00153809 2.44762e-05

0.0015625 5.57305e-06
0.00154362 2.44141e-05

0.00153809 2.65801e-05
0.00154428 2.44141e-05

0 0.00312453
0.000390625 0.00311346

0.000390625 0.00311375
0.00078125 0.00307996

0.00078125 0.00308059
0.00117187 0.00302224

0.00117188 0.00302331
0.0015625 0.00293701

0.0015625 6.13435e-06
0.00156465 0

0.00165644 0
0.00166016 9.04815e-06

0.00166016 1.04774e-05
0.001675 2.44141e-05

0.00167417 2.44141e-05
0.00168457 2.8301e-05

0.00168457 1.87562e-05
0.00170898 1.90798e-05

0.00169681 2.44141e-05
0.00170898 2.44919e-05

0.0017334 1.14748e-05
0.00171867 2.44141e-05

0.00170898 2.81675e-05
0.00171945 2.44141e-05

0.0017334 1.26915e-05
0.00173889 0

0.00179084 0
0.00180664 1.8356e-05

0.00180664 2.00439e-06
0.00183105 1.30116e-05

0.00183105 8.06976e-06
0.00185547 1.33231e-05

0.00185547 7.9439e-06
0.00187988 1.26985e-05

0.00187988 1.40679e-05
0.0019043 1.31614e-05

0.0019043 1.39263e-05
0.00192871 5.54565e-06

0.00192871 5.75554e-06
0.00195312 1.18836e-05

0.00195312 1.00423e-05
0.00197754 1.62068e-05

0.00197754 1.57223e-05
0.00200195 9.98353e-06

0.00200195 1.61003e-05
0.00202637 2.59869e-06

0.00202637 2.91367e-06
0.00205078 8.96906e-06

0.00205078 8.13507e-06
0.0020752 1.60764e-05

0.0020752 9.12192e-06
0.00209961 1.15397e-05

0.00209961 1.36968e-05
0.00212402 1.35784e-05

0.00212402 1.32294e-05
0.00214844 7.27736e-06

0.00214844 6.85053e-06
0.00217285 1.32423e-05

0.00217285 1.40925e-05
0.00219727 1.4178e-05

0.00219727 1.33583e-05
0.00222168 6.84767e-06

0.00222168 6.79501e-06
0.00224609 1.35607e-05

0.00224609 1.41971e-05
0.00227051 1.42652e-05

0.00227051 1.41404e-05
0.00229492 6.3062e-06

0.00229492 7.13016e-06
0.00231934 1.18803e-05

0.00231934 1.03097e-05
0.00234375 1.56098e-05

0.00234375 1.56109e-05
0.00236816 1.04094e-05

0.00236816 1.25094e-05
0.00239258 6.52197e-06

0.00239258 6.53916e-06
0.00241699 1.2672e-05

0.00241699 1.04688e-05
0.00244141 1.55522e-05

0.00244141 1.55399e-05
0.00246582 1.04182e-05

0.00246582 1.24711e-05
0.00249023 6.75549e-06

0.00249023 6.76607e-06
0.00251465 1.26503e-05

0.00251465 1.05441e-05
0.00253906 1.54341e-05

0.00253906 1.54214e-05
0.00256348 1.04902e-05

0.00256348 1.24365e-05
0.00258789 6.99527e-06

0.00258789 6.9935e-06
0.0026123 1.26468e-05

0.0026123 1.07174e-05
0.00263672 1.52505e-05

0.00263672 1.51894e-05
0.00266113 1.0469e-05

0.00266113 1.17487e-05
0.00268555 7.96748e-06

0.00268555 7.19043e-06
0.00270996 1.40129e-05

0.00270996 1.40644e-05
0.00273438 1.40581e-05

0.00273437 1.38342e-05
0.00275879 7.36061e-06

0.00275879 8.17842e-06
0.0027832 1.19341e-05

0.0027832 1.07435e-05
0.00280762 1.49165e-05

0.00280762 1.4915e-05
0.00283203 1.07285e-05

0.00283203 1.19195e-05
0.00285645 8.19273e-06

0.00285645 7.43254e-06
0.00288086 1.37801e-05

0.00288086 1.38977e-05
0.00290527 1.4057e-05

0.00290527 1.36055e-05
0.00292969 7.82143e-06

0.00292969 8.54713e-06
0.0029541 1.21789e-05

0.0029541 1.15095e-05
0.00297852 1.43159e-05

0.00297852 1.2016e-05
0.00300293 1.24195e-05

0.00300293 1.24433e-05
0.00302734 1.3939e-05

0.00302734 1.28516e-05
0.00305176 1.37027e-05

0.00305176 1.32459e-05
0.00307617 1.43813e-05

0.00307617 1.36298e-05
0.00310059 1.46308e-05

0.00310059 1.40733e-05
0.003125 1.51026e-05

0.00175781 0.00288068
0.00158206 0.00292969

0.0015625 0.00293587
0.00158469 0.00292969

0.00175781 0.00288126
0.00195312 0.00281806

0.00234375 0.00265961
0.00217327 0.00273438

0.00195312 0.00281841
0.00214844 0.00274478

0.00214844 0.00274507
0.00217282 0.00273438

0.00292969 0.00230987
0.00288291 0.00234375

0.003125 0.00214595
0.00312228 0.00214844

0.00302734 0.00223221
0.00301023 0.00224609

0.00297852 0.00227059
0.00294728 0.00229492

0.00292969 0.00230974
0.00294903 0.00229492

0.00297852 0.00227079
0.00300931 0.00224609

0.00302734 0.00223244
0.00312343 0.00214844

0.00244141 0.00261107
0.0023889 0.00263672

0.00234375 0.00265881
0.00238897 0.00263672

0.00244141 0.00261122
0.00253906 0.00256001

0.00273438 0.00244633
0.00257802 0.00253906

0.00253906 0.00256018
0.0025753 0.00253906

0.00283203 0.00237969
0.00273966 0.00244141

0.00273438 0.00244603
0.00274158 0.00244141

0.00283203 0.00237963
0.00288194 0.00234375

0.003125 1.45162e-05
0.00314941 1.53818e-05

0.00314941 1.48777e-05
0.00317383 1.57112e-05

0.00317383 1.51397e-05
0.00319824 1.61508e-05

0.00319824 1.5516e-05
0.00322266 1.68053e-05

0.00322266 1.61198e-05
0.00324707 1.74505e-05

0.00324707 1.74544e-05
0.00327148 1.73053e-05

0.00327148 1.64882e-05
0.0032959 1.68045e-05

0.0032959 1.57619e-05
0.00332031 1.95883e-05

0.00332031 1.97386e-05
0.00334473 2.11217e-05

0.00334473 1.9654e-05
0.00336914 1.84624e-05

0.00336914 1.32991e-05
0.0033919 2.44141e-05

0.00339246 2.44141e-05
0.00339355 2.48376e-05

0.00339355 2.69798e-05
0.00341797 4.81228e-05

0.00341775 4.88281e-05
0.00341797 4.90413e-05

0.00341797 4.82636e-05
0.00341854 4.88281e-05

0.00341797 4.91574e-05
0.0034417 7.32422e-05

0.00344175 7.32422e-05
0.00344238 7.39066e-05

0.00344238 7.40312e-05
0.00346424 9.76563e-05

0.0034648 9.76563e-05
0.0034668 9.99125e-05

0.0034668 0.000100691
0.00348541 0.00012207

0.0034852 0.00012207
0.00349121 0.000129296

0.00349121 0.000128935
0.00350557 0.000146484

0.00350579 0.000146484
0.00351563 0.000159452

0.00351563 0.000159833
0.00354219 0.000195313

0.00354235 0.000195313
0.00356445 0.000228598

0.00356445 0.000229497
0.00357398 0.000244141

0.00357446 0.000244141
0.0036032 0.000292969

0.00360393 0.000292969
0.00361328 0.00031187

0.00361328 0.000313213
0.00362816 0.000341797

0.00362838 0.000341797
0.00365092 0.000390625

0.00365158 0.000390625
0.0036889 0.000488281

0.00368867 0.000488281
0.00371094 0.000567238

0.00371094 0.000568447
0.00371587 0.000585938

0.00371594 0.000585937
0.00373469 0.000683594

0.00373433 0.000683594
0.00374542 0.00078125

0.00374741 0.00078125
0.00374783 0.000976562

0.00374753 0.000976562
0.00371936 0.00117188

0.00371094 0.00120172
0.00366323 0.00136719

0.00366353 0.00136719
0.0035781 0.0015625

0.00371094 0.00119918
0.00371881 0.00117187

0.00332031 0.0019418
0.00331094 0.00195312

0.00351563 0.00167114
0.00346097 0.00175781

0.00341797 0.00181817
0.00339131 0.00185547

0.00332031 0.00194357
0.0033913 0.00185547

0.00346036 0.00175781
0.00342643 0.00180664

0.00341797 0.00181661
0.00342501 0.00180664

0.00331573 0.00195312
0.00312705 0.00214844

0.00357603 0.0015625
0.00352217 0.00166016

0.00351563 0.00167103
0.0035222 0.00166016

