9.61308e-05 0
9.76563e-05 4.04065e-06

9.76563e-05 4.54153e-07
0.00012207 2.86013e-06

0.000142576 0
0.000146484 3.09019e-06

0.000168803 0
0.000166978 2.44141e-05

0.000170898 4.57715e-05
0.000170653 4.88281e-05

0.000195313 9.99833e-06
0.000191904 2.44141e-05

0.000189943 2.44141e-05
0.000184889 4.88281e-05

0.000170806 4.88281e-05
0.000170898 4.92375e-05

0.000185402 4.88281e-05
0.000188875 7.32422e-05

0.000188377 7.32422e-05
0.000195313 8.73965e-05

0.000204468 0
0.00019805 2.44141e-05

0.000195313 2.49549e-05
0.000195458 2.44141e-05

0.000195313 8.7587e-05
0.000200389 9.76563e-05

0.00019953 9.76563e-05
0.000219727 0.000118602

0.000219727 0.000117724
0.000227523 0.00012207

0.000227719 0.00012207
0.000244141 0.000130873

0.000244141 0.00013032
0.000268555 0.000134669

0.000268555 0.000134628
0.000292969 0.00013144

0.000341797 9.49189e-05
0.000340412 9.76563e-05

0.000343639 0
0.000347536 2.44141e-05

0.000351373 2.44141e-05
0.00035539 4.88281e-05

0.000355373 4.88281e-05
0.000351872 7.32422e-05

0.000341797 9.4481e-05
0.000352513 7.32422e-05

0.000317383 0.000120794
0.000314769 0.00012207

0.000292969 0.000131962
0.000313284 0.00012207

0.000317383 0.000121309
0.000341336 9.76563e-05

0.000876561 0
0.000878906 6.13502e-06

0.000878906 4.68676e-06
0.00090332 3.33676e-06

0.00090332 4.36097e-06
0.000904875 0

0.0014623 0
0.00146484 7.16644e-06

0.00146484 5.70992e-06
0.00148389 2.44141e-05

0.00148439 2.44141e-05
0.00148926 2.60958e-05

0.00148926 1.72182e-05
0.00151367 1.72656e-05

0.00148926 2.44178e-05
0.00149037 2.44141e-05

0.00151367 1.72561e-05
0.00153809 1.71845e-05

0.00153721 2.44141e-05
0.00153809 2.44171e-05

0.0015625 5.70608e-06
0.00154345 2.44141e-05

0.00153809 2.61734e-05
0.00154319 2.44141e-05

0 0.00312477
0.000390625 0.00311369

0.000390625 0.00311399
0.00078125 0.00308017

0.00078125 0.0030808
0.00117187 0.00302242

0.00117188 0.00302348
0.0015625 0.00293714

0.0015625 7.2272e-06
0.00156506 0

0.00165647 0
0.00166016 8.99295e-06

0.00166016 1.04587e-05
0.00167499 2.44141e-05

0.00167413 2.44141e-05
0.00168457 2.83282e-05

0.00168457 1.8799e-05
0.00170898 1.91165e-05

0.00169679 2.44141e-05
0.00170898 2.44903e-05

0.0017334 1.14597e-05
0.00171866 2.44141e-05

0.00170898 2.81904e-05
0.0017195 2.44141e-05

0.0017334 1.27802e-05
0.00173893 0

0.00179083 0
0.00180664 1.84038e-05

0.00180664 2.08054e-06
0.00183105 1.30317e-05

0.00183105 8.11876e-06
0.00185547 1.33044e-05

0.00185547 7.98465e-06
0.00187988 1.26953e-05

0.00187988 1.40554e-05
0.0019043 1.3156e-05

0.0019043 1.39134e-05
0.00192871 5.60461e-06

0.00192871 5.81266e-06
0.00195312 1.18766e-05

0.00195312 1.00593e-05
0.00197754 1.61759e-05

0.00197754 1.56932e-05
0.00200195 1.00011e-05

0.00200195 1.60958e-05
0.00202637 2.65002e-06

0.00202637 2.95354e-06
0.00205078 8.95503e-06

0.00205078 8.16261e-06
0.0020752 1.60552e-05

0.0020752 9.11041e-06
0.00209961 1.15245e-05

0.00209961 1.36851e-05
0.00212402 1.35901e-05

0.00212402 1.32341e-05
0.00214844 7.27662e-06

0.00214844 6.8483e-06
0.00217285 1.32379e-05

0.00217285 1.41059e-05
0.00219727 1.41652e-05

0.00219727 1.3269e-05
0.00222168 6.89558e-06

0.00222168 6.86286e-06
0.00224609 1.36534e-05

0.00224609 1.43241e-05
0.00227051 1.41547e-05

0.00227051 1.40831e-05
0.00229492 6.20711e-06

0.00229492 7.05349e-06
0.00231934 1.19551e-05

0.00231934 1.03102e-05
0.00234375 1.56172e-05

0.00234375 1.56213e-05
0.00236816 1.04079e-05

0.00236816 1.25173e-05
0.00239258 6.50514e-06

0.00239258 6.52386e-06
0.00241699 1.26703e-05

0.00241699 1.04626e-05
0.00244141 1.55615e-05

0.00244141 1.55492e-05
0.00246582 1.04119e-05

0.00246582 1.24724e-05
0.00249023 6.73707e-06

0.00249023 6.74736e-06
0.00251465 1.26532e-05

0.00251465 1.05395e-05
0.00253906 1.54426e-05

0.00253906 1.54291e-05
0.00256348 1.04836e-05

0.00256348 1.24386e-05
0.00258789 6.97862e-06

0.00258789 6.97821e-06
0.0026123 1.26449e-05

0.0026123 1.07058e-05
0.00263672 1.52592e-05

0.00263672 1.52021e-05
0.00266113 1.04651e-05

0.00266113 1.17347e-05
0.00268555 7.95724e-06

0.00268555 7.18474e-06
0.00270996 1.40332e-05

0.00270996 1.40919e-05
0.00273438 1.40398e-05

0.00273437 1.38192e-05
0.00275879 7.32868e-06

0.00275879 8.14824e-06
0.0027832 1.19604e-05

0.0027832 1.07568e-05
0.00280762 1.49215e-05

0.00280762 1.49049e-05
0.00283203 1.07248e-05

0.00283203 1.19026e-05
0.00285645 8.23543e-06

0.00285645 7.4798e-06
0.00288086 1.37853e-05

0.00288086 1.38752e-05
0.00290527 1.40633e-05

0.00290527 1.37077e-05
0.00292969 7.81079e-06

0.00292969 8.56733e-06
0.0029541 1.20008e-05

0.0029541 1.1381e-05
0.00297852 1.42775e-05

0.00297852 1.1942e-05
0.00300293 1.24329e-05

0.00300293 1.23878e-05
0.00302734 1.39458e-05

0.00302734 1.28158e-05
0.00305176 1.37632e-05

0.00305176 1.32499e-05
0.00307617 1.44706e-05

0.00307617 1.36987e-05
0.00310059 1.4721e-05

0.00310059 1.41681e-05
0.003125 1.51417e-05

0.00175781 0.00288078
0.00158252 0.00292969

0.0015625 0.00293598
0.00158506 0.00292969

0.00175781 0.00288136
0.00195312 0.00281814

0.00234375 0.00265961
0.00217335 0.00273438

0.00195312 0.00281848
0.00214844 0.00274482

0.00214844 0.00274509
0.00217286 0.00273438

0.00292969 0.00230975
0.00288276 0.00234375

0.003125 0.00214584
0.00312215 0.00214844

0.00302734 0.00223209
0.00301009 0.00224609

0.00297852 0.00227045
0.00294712 0.00229492

0.00292969 0.00230963
0.00294887 0.00229492

0.00297852 0.00227063
0.00300911 0.00224609

0.00302734 0.00223229
0.00312323 0.00214844

0.00244141 0.00261106
0.00238889 0.00263672

0.00234375 0.00265881
0.00238895 0.00263672

0.00244141 0.00261121
0.00253906 0.00255998

0.00273438 0.00244625
0.00257795 0.00253906

0.00253906 0.00256013
0.0025752 0.00253906

0.00283203 0.00237959
0.00273954 0.00244141

0.00273438 0.00244594
0.00274144 0.00244141

0.00283203 0.00237952
0.00288178 0.00234375

0.003125 1.45668e-05
0.00314941 1.54083e-05

0.00314941 1.48914e-05
0.00317383 1.57965e-05

0.00317383 1.51984e-05
0.00319824 1.62947e-05

0.00319824 1.62173e-05
0.00322266 1.63602e-05

0.00322266 1.56027e-05
0.00324707 1.61409e-05

0.00324707 1.53173e-05
0.00327148 1.82127e-05

0.00327148 1.79093e-05
0.0032959 1.92073e-05

0.0032959 1.83403e-05
0.00332031 1.77388e-05

0.00332031 1.73985e-05
0.00334473 1.85258e-05

0.00334473 1.88591e-05
0.00336914 1.94711e-05

0.00336914 1.25239e-05
0.00339323 2.44141e-05

0.00339099 2.44141e-05
0.00339355 2.54457e-05

0.00339355 2.39504e-05
0.003394 2.44141e-05

0.00339355 2.7171e-05
0.00341792 4.88281e-05

0.00341738 4.88281e-05
0.00341797 4.94061e-05

0.00341797 4.96974e-05
0.00344127 7.32422e-05

0.00344149 7.32422e-05
0.00344238 7.41721e-05

0.00344238 7.43943e-05
0.00346406 9.76563e-05

0.0034646 9.76563e-05
0.0034668 0.000100129

0.0034668 0.0001009
0.00348529 0.00012207

0.00348507 0.00012207
0.00349121 0.000129436

0.00349121 0.000129089
0.00350547 0.000146484

0.00350572 0.000146484
0.00351563 0.000159513

0.00351563 0.000159941
0.00354214 0.000195313

0.00354232 0.000195313
0.00356445 0.000228618

0.00356445 0.000229638
0.00357389 0.000244141

0.00357442 0.000244141
0.00360317 0.000292969

0.0036039 0.000292969
0.00361328 0.000311922

0.00361328 0.000313283
0.00362812 0.000341797

0.00362835 0.000341797
0.00365089 0.000390625

0.00365155 0.000390625
0.00368887 0.000488281

0.00368864 0.000488281
0.00371094 0.000567393

0.00371094 0.000568616
0.00371582 0.000585938

0.0037159 0.000585937
0.00373462 0.000683594

0.00373426 0.000683594
0.00374533 0.00078125

0.00374731 0.00078125
0.00374769 0.000976562

0.00374739 0.000976562
0.00371918 0.00117188

0.00371094 0.00120106
0.00366301 0.00136719

0.0036633 0.00136719
0.00357786 0.0015625

0.00371094 0.00119834
0.00371857 0.00117187

0.00332031 0.00194151
0.0033107 0.00195312

0.00351563 0.00167074
0.00346073 0.00175781

0.00341797 0.00181785
0.00339108 0.00185547

0.00332031 0.0019433
0.00339107 0.00185547

0.00346011 0.00175781
0.00342619 0.00180664

0.00341797 0.00181615
0.00342468 0.00180664

0.00331551 0.00195312
0.00312688 0.00214844

0.00357579 0.0015625
0.00352193 0.00166016

0.00351563 0.00167061
0.00352194 0.00166016

