9.61693e-05 0
9.76563e-05 3.95969e-06

9.76563e-05 4.03343e-07
0.00012207 2.9131e-06

0.000142538 0
0.000146484 3.05418e-06

0.000168857 0
0.000166998 2.44141e-05

0.000170898 4.58233e-05
0.000170653 4.88281e-05

0.000195313 9.8462e-06
0.000191879 2.44141e-05

0.000189893 2.44141e-05
0.000184841 4.88281e-05

0.000170809 4.88281e-05
0.000170898 4.92263e-05

0.000185353 4.88281e-05
0.000188825 7.32422e-05

0.000188325 7.32422e-05
0.000195313 8.74986e-05

0.000204385 0
0.000197988 2.44141e-05

0.000195313 2.49643e-05
0.00019546 2.44141e-05

0.000195313 8.76869e-05
0.000200338 9.76563e-05

0.000199477 9.76563e-05
0.000219727 0.000118647

0.000219727 0.000117763
0.000227466 0.00012207

0.000227653 0.00012207
0.000244141 0.0001309

0.000244141 0.000130343
0.000268555 0.000134676

0.000268555 0.000134637
0.000292969 0.000131434

0.000341797 9.48453e-05
0.000340375 9.76563e-05

0.000343596 0
0.000347494 2.44141e-05

0.00035133 2.44141e-05
0.000355349 4.88281e-05

0.000355331 4.88281e-05
0.000351833 7.32422e-05

0.000341797 9.44064e-05
0.000352472 7.32422e-05

0.000317383 0.000120776
0.000314737 0.00012207

0.000292969 0.000131956
0.000313242 0.00012207

0.000317383 0.000121281
0.000341298 9.76563e-05

0.000877045 0
0.000878906 5.09121e-06

0.000878906 3.86347e-06
0.00090332 4.1782e-06

0.00090332 5.5028e-06
0.000905365 0

0.00146238 0
0.00146484 7.01835e-06

0.00146484 5.41934e-06
0.00148399 2.44141e-05

0.00148422 2.44141e-05
0.00148926 2.61612e-05

0.00148926 1.70971e-05
0.00151367 1.74557e-05

0.00150544 2.44141e-05
0.00151367 2.44511e-05

0.00151367 1.74863e-05
0.00153809 1.72304e-05

0.00151367 2.44418e-05
0.00152402 2.44141e-05

0.0015625 5.40694e-06
0.00154341 2.44141e-05

0.00153809 2.61173e-05
0.00154297 2.44141e-05

0 0.00312488
0.000390625 0.0031138

0.000390625 0.00311409
0.00078125 0.00308027

0.00078125 0.0030809
0.00117187 0.0030225

0.00117188 0.00302357
0.0015625 0.0029372

0.0015625 6.82532e-06
0.0015649 0

0.00165645 0
0.00166016 9.03285e-06

0.00166016 1.04583e-05
0.00167498 2.44141e-05

0.00167411 2.44141e-05
0.00168457 2.83371e-05

0.00168457 1.88229e-05
0.00170898 1.91361e-05

0.00169673 2.44141e-05
0.00170898 2.449e-05

0.0017334 1.14494e-05
0.00171866 2.44141e-05

0.00170898 2.82049e-05
0.00171954 2.44141e-05

0.0017334 1.28184e-05
0.00173895 0

0.00179083 0
0.00180664 1.84328e-05

0.00180664 2.13055e-06
0.00183105 1.30442e-05

0.00183105 8.14523e-06
0.00185547 1.32872e-05

0.00185547 8.00382e-06
0.00187988 1.26991e-05

0.00187988 1.40507e-05
0.0019043 1.31541e-05

0.0019043 1.39123e-05
0.00192871 5.63185e-06

0.00192871 5.83897e-06
0.00195312 1.1869e-05

0.00195312 1.00628e-05
0.00197754 1.61655e-05

0.00197754 1.56865e-05
0.00200195 1.00087e-05

0.00200195 1.6096e-05
0.00202637 2.66128e-06

0.00202637 2.95513e-06
0.00205078 8.95998e-06

0.00205078 8.19878e-06
0.0020752 1.60371e-05

0.0020752 9.08703e-06
0.00209961 1.14931e-05

0.00209961 1.3647e-05
0.00212402 1.36335e-05

0.00212402 1.32565e-05
0.00214844 7.30598e-06

0.00214844 6.8691e-06
0.00217285 1.32216e-05

0.00217285 1.40995e-05
0.00219727 1.41846e-05

0.00219727 1.33634e-05
0.00222168 6.83973e-06

0.00222168 6.79028e-06
0.00224609 1.35627e-05

0.00224609 1.42023e-05
0.00227051 1.42652e-05

0.00227051 1.41431e-05
0.00229492 6.29375e-06

0.00229492 7.1205e-06
0.00231934 1.18794e-05

0.00231934 1.03026e-05
0.00234375 1.56152e-05

0.00234375 1.56174e-05
0.00236816 1.04084e-05

0.00236816 1.25168e-05
0.00239258 6.50302e-06

0.00239258 6.52035e-06
0.00241699 1.26695e-05

0.00241699 1.04597e-05
0.00244141 1.5564e-05

0.00244141 1.55521e-05
0.00246582 1.04117e-05

0.00246582 1.2476e-05
0.00249023 6.72893e-06

0.00249023 6.73921e-06
0.00251465 1.26519e-05

0.00251465 1.0536e-05
0.00253906 1.54477e-05

0.00253906 1.54337e-05
0.00256348 1.04807e-05

0.00256348 1.24372e-05
0.00258789 6.97192e-06

0.00258789 6.97555e-06
0.0026123 1.26444e-05

0.0026123 1.07032e-05
0.00263672 1.52545e-05

0.00263672 1.51915e-05
0.00266113 1.04682e-05

0.00266113 1.18066e-05
0.00268555 7.897e-06

0.00268555 7.09954e-06
0.00270996 1.39627e-05

0.00270996 1.39746e-05
0.00273438 1.41588e-05

0.00273437 1.38939e-05
0.00275879 7.4163e-06

0.00275879 8.21328e-06
0.0027832 1.1885e-05

0.0027832 1.07486e-05
0.00280762 1.49325e-05

0.00280762 1.49231e-05
0.00283203 1.07223e-05

0.00283203 1.18552e-05
0.00285645 8.25768e-06

0.00285645 7.51527e-06
0.00288086 1.38454e-05

0.00288086 1.39888e-05
0.00290527 1.39713e-05

0.00290527 1.36508e-05
0.00292969 7.68642e-06

0.00292969 8.4321e-06
0.0029541 1.21036e-05

0.0029541 1.14e-05
0.00297852 1.43569e-05

0.00297852 1.19641e-05
0.00300293 1.24667e-05

0.00300293 1.24438e-05
0.00302734 1.40065e-05

0.00302734 1.28923e-05
0.00305176 1.3757e-05

0.00305176 1.33166e-05
0.00307617 1.44025e-05

0.00307617 1.37027e-05
0.00310059 1.45831e-05

0.00310059 1.40859e-05
0.003125 1.4996e-05

0.00175781 0.00288083
0.00158274 0.00292969

0.0015625 0.00293603
0.00158524 0.00292969

0.00175781 0.00288141
0.00195312 0.00281817

0.00234375 0.00265962
0.0021734 0.00273438

0.00195312 0.00281851
0.00214844 0.00274484

0.00214844 0.0027451
0.00217289 0.00273438

0.00292969 0.00230971
0.00288271 0.00234375

0.003125 0.00214577
0.00312209 0.00214844

0.00302734 0.00223205
0.00301004 0.00224609

0.00297852 0.0022704
0.00294706 0.00229492

0.00292969 0.00230959
0.00294882 0.00229492

0.00297852 0.00227057
0.00300904 0.00224609

0.00302734 0.00223224
0.00312315 0.00214844

0.00244141 0.00261106
0.0023889 0.00263672

0.00234375 0.00265881
0.00238895 0.00263672

0.00244141 0.00261121
0.00253906 0.00255997

0.00273438 0.00244623
0.00257794 0.00253906

0.00253906 0.00256011
0.00257516 0.00253906

0.00283203 0.00237956
0.00273951 0.00244141

0.00273438 0.00244591
0.0027414 0.00244141

0.00283203 0.00237949
0.00288173 0.00234375

0.003125 1.44379e-05
0.00314941 1.52913e-05

0.00314941 1.47654e-05
0.00317383 1.57032e-05

0.00317383 1.51124e-05
0.00319824 1.61784e-05

0.00319824 1.55782e-05
0.00322266 1.67146e-05

0.00322266 1.60753e-05
0.00324707 1.72198e-05

0.00324707 1.65478e-05
0.00327148 1.78273e-05

0.00327148 1.72226e-05
0.0032959 1.84788e-05

0.0032959 1.79363e-05
0.00332031 1.88845e-05

0.00332031 1.81883e-05
0.00334473 1.94096e-05

0.00334473 1.87703e-05
0.00336914 2.04932e-05

0.00336914 1.49394e-05
0.00338975 2.44141e-05

0.0033882 2.44141e-05
0.00339355 2.63533e-05

0.00339355 2.71544e-05
0.00341797 4.74444e-05

0.00341797 4.81328e-05
0.00341868 4.88281e-05

0.00341797 4.88281e-05
0.00344201 7.32422e-05

0.00344211 7.32422e-05
0.00344238 7.35267e-05

0.00344238 7.37274e-05
0.00346439 9.76563e-05

0.00346485 9.76563e-05
0.0034668 9.98694e-05

0.0034668 0.000100552
0.0034854 0.00012207

0.00348519 0.00012207
0.00349121 0.00012936

0.00349121 0.000129048
0.00350542 0.000146484

0.00350572 0.000146484
0.00351563 0.00015958

0.00351563 0.000160009
0.00354201 0.000195313

0.00354223 0.000195313
0.00356445 0.000228798

0.00356445 0.000229883
0.00357372 0.000244141

0.00357429 0.000244141
0.00360303 0.000292969

0.00360376 0.000292969
0.00361328 0.000312194

0.00361328 0.000313549
0.00362799 0.000341797

0.00362822 0.000341797
0.00365078 0.000390625

0.00365144 0.000390625
0.00368879 0.000488281

0.00368856 0.000488281
0.00371094 0.000567588

0.00371094 0.000568865
0.00371575 0.000585938

0.00371584 0.000585937
0.00373459 0.000683594

0.00373422 0.000683594
0.00374531 0.00078125

0.00374729 0.00078125
0.00374768 0.000976562

0.00374737 0.000976562
0.00371915 0.00117188

0.00371094 0.00120098
0.00366298 0.00136719

0.00366327 0.00136719
0.00357782 0.0015625

0.00371094 0.00119818
0.00371853 0.00117187

0.00332031 0.0019414
0.00331061 0.00195312

0.00351563 0.00167067
0.00346068 0.00175781

0.00341797 0.00181778
0.00339103 0.00185547

0.00332031 0.00194323
0.00339102 0.00185547

0.00346007 0.00175781
0.00342613 0.00180664

0.00341797 0.00181602
0.00342459 0.00180664

0.00331544 0.00195312
0.00312681 0.00214844

0.00357575 0.0015625
0.00352188 0.00166016

0.00351563 0.00167053
0.00352189 0.00166016

