9.61785e-05 0
9.76563e-05 3.94002e-06

9.76563e-05 3.90882e-07
0.00012207 2.92603e-06

0.000142529 0
0.000146484 3.04557e-06

0.00016887 0
0.000167003 2.44141e-05

0.000170898 4.5833e-05
0.000170653 4.88281e-05

0.000195313 9.81439e-06
0.000191874 2.44141e-05

0.000189881 2.44141e-05
0.000184831 4.88281e-05

0.00017081 4.88281e-05
0.000170898 4.92236e-05

0.000185342 4.88281e-05
0.000188815 7.32422e-05

0.000188313 7.32422e-05
0.000195313 8.75208e-05

0.000204365 0
0.000197973 2.44141e-05

0.000195313 2.49648e-05
0.00019546 2.44141e-05

0.000195313 8.77072e-05
0.000200328 9.76563e-05

0.000199465 9.76563e-05
0.000219727 0.000118656

0.000219727 0.00011777
0.000227457 0.00012207

0.000227641 0.00012207
0.000244141 0.000130904

0.000244141 0.000130346
0.000268555 0.000134675

0.000268555 0.000134636
0.000292969 0.000131429

0.000341797 9.48136e-05
0.000340359 9.76563e-05

0.000343582 0
0.000347479 2.44141e-05

0.000351316 2.44141e-05
0.000355334 4.88281e-05

0.000355316 4.88281e-05
0.000351817 7.32422e-05

0.000341797 9.43756e-05
0.000352456 7.32422e-05

0.000317383 0.000120766
0.000314718 0.00012207

0.000292969 0.00013195
0.00031322 0.00012207

0.000317383 0.000121267
0.000341281 9.76563e-05

0.000876632 0
0.000878906 5.98762e-06

0.000878906 4.51073e-06
0.00090332 3.49813e-06

0.00090332 4.68566e-06
0.000905009 0

0.00146232 0
0.00146484 7.16728e-06

0.00146484 5.55712e-06
0.00148401 2.44141e-05

0.00148413 2.44141e-05
0.00148926 2.61757e-05

0.00148926 1.70316e-05
0.00151367 1.72667e-05

0.00151367 1.73434e-05
0.00153809 1.72407e-05

0.0015625 5.46075e-06
0.00154337 2.44141e-05

0.00153809 2.62073e-05
0.00154326 2.44141e-05

0 0.00312491
0.000390625 0.00311383

0.000390625 0.00311412
0.00078125 0.0030803

0.00078125 0.00308093
0.00117187 0.00302252

0.00117188 0.00302359
0.0015625 0.00293722

0.0015625 7.09477e-06
0.00156499 0

0.00165647 0
0.00166016 8.99733e-06

0.00166016 1.04611e-05
0.00167496 2.44141e-05

0.00167407 2.44141e-05
0.00168457 2.83559e-05

0.00168457 1.88411e-05
0.00170898 1.91528e-05

0.0016968 2.44141e-05
0.00170898 2.44888e-05

0.0017334 1.14618e-05
0.00171867 2.44141e-05

0.00170898 2.82148e-05
0.00171956 2.44141e-05

0.0017334 1.28718e-05
0.00173897 0

0.00179083 0
0.00180664 1.84354e-05

0.00180664 2.1299e-06
0.00183105 1.30493e-05

0.00183105 8.14818e-06
0.00185547 1.32961e-05

0.00185547 8.01827e-06
0.00187988 1.26984e-05

0.00187988 1.40518e-05
0.0019043 1.31483e-05

0.0019043 1.39122e-05
0.00192871 5.6366e-06

0.00192871 5.84147e-06
0.00195312 1.18669e-05

0.00195312 1.00574e-05
0.00197754 1.6171e-05

0.00197754 1.56959e-05
0.00200195 1.00153e-05

0.00200195 1.60999e-05
0.00202637 2.65158e-06

0.00202637 2.9615e-06
0.00205078 8.95467e-06

0.00205078 8.17477e-06
0.0020752 1.60429e-05

0.0020752 9.09981e-06
0.00209961 1.15142e-05

0.00209961 1.36678e-05
0.00212402 1.36063e-05

0.00212402 1.32439e-05
0.00214844 7.28977e-06

0.00214844 6.85522e-06
0.00217285 1.32303e-05

0.00217285 1.41092e-05
0.00219727 1.41697e-05

0.00219727 1.33291e-05
0.00222168 6.8363e-06

0.00222168 6.78869e-06
0.00224609 1.36005e-05

0.00224609 1.42327e-05
0.00227051 1.42498e-05

0.00227051 1.41344e-05
0.00229492 6.27777e-06

0.00229492 7.11429e-06
0.00231934 1.18946e-05

0.00231934 1.03034e-05
0.00234375 1.56139e-05

0.00234375 1.56211e-05
0.00236816 1.0412e-05

0.00236816 1.25233e-05
0.00239258 6.49514e-06

0.00239258 6.51374e-06
0.00241699 1.26674e-05

0.00241699 1.04568e-05
0.00244141 1.55694e-05

0.00244141 1.55576e-05
0.00246582 1.04085e-05

0.00246582 1.24767e-05
0.00249023 6.71925e-06

0.00249023 6.73009e-06
0.00251465 1.26533e-05

0.00251465 1.05321e-05
0.00253906 1.54528e-05

0.00253906 1.54399e-05
0.00256348 1.04785e-05

0.00256348 1.24487e-05
0.00258789 6.95046e-06

0.00258789 6.95216e-06
0.0026123 1.26375e-05

0.0026123 1.06927e-05
0.00263672 1.52686e-05

0.00263672 1.5203e-05
0.00266113 1.04577e-05

0.00266113 1.18039e-05
0.00268555 7.87547e-06

0.00268555 7.07981e-06
0.00270996 1.39647e-05

0.00270996 1.39584e-05
0.00273438 1.41716e-05

0.00273437 1.3886e-05
0.00275879 7.44563e-06

0.00275879 8.24345e-06
0.0027832 1.1891e-05

0.0027832 1.07599e-05
0.00280762 1.49184e-05

0.00280762 1.49088e-05
0.00283203 1.07412e-05

0.00283203 1.18815e-05
0.00285645 8.2699e-06

0.00285645 7.52406e-06
0.00288086 1.38211e-05

0.00288086 1.39838e-05
0.00290527 1.39743e-05

0.00290527 1.36373e-05
0.00292969 7.69502e-06

0.00292969 8.431e-06
0.0029541 1.21292e-05

0.0029541 1.14142e-05
0.00297852 1.43737e-05

0.00297852 1.19898e-05
0.00300293 1.24736e-05

0.00300293 1.24613e-05
0.00302734 1.39948e-05

0.00302734 1.2908e-05
0.00305176 1.37333e-05

0.00305176 1.33311e-05
0.00307617 1.43352e-05

0.00307617 1.36755e-05
0.00310059 1.44756e-05

0.00310059 1.39767e-05
0.003125 1.49226e-05

0.00175781 0.00288085
0.0015828 0.00292969

0.0015625 0.00293605
0.00158529 0.00292969

0.00175781 0.00288143
0.00195312 0.00281818

0.00234375 0.00265963
0.00217342 0.00273438

0.00195312 0.00281853
0.00214844 0.00274485

0.00214844 0.00274511
0.0021729 0.00273438

0.00292969 0.00230971
0.00288271 0.00234375

0.003125 0.00214576
0.00312207 0.00214844

0.00302734 0.00223205
0.00301004 0.00224609

0.00297852 0.0022704
0.00294705 0.00229492

0.00292969 0.00230959
0.00294881 0.00229492

0.00297852 0.00227056
0.00300903 0.00224609

0.00302734 0.00223223
0.00312315 0.00214844

0.00244141 0.00261106
0.00238892 0.00263672

0.00234375 0.00265882
0.00238896 0.00263672

0.00244141 0.00261121
0.00253906 0.00255997

0.00273438 0.00244623
0.00257794 0.00253906

0.00253906 0.00256011
0.00257517 0.00253906

0.00283203 0.00237956
0.00273951 0.00244141

0.00273438 0.00244591
0.00274139 0.00244141

0.00283203 0.00237948
0.00288172 0.00234375

0.003125 1.42879e-05
0.00314941 1.5356e-05

0.00314941 1.47101e-05
0.00317383 1.59219e-05

0.00317383 1.52934e-05
0.00319824 1.63787e-05

0.00319824 1.58436e-05
0.00322266 1.66628e-05

0.00322266 1.59136e-05
0.00324707 1.72104e-05

0.00324707 1.69523e-05
0.00327148 1.79199e-05

0.00327148 1.67055e-05
0.0032959 1.82391e-05

0.0032959 1.83258e-05
0.00332031 1.95327e-05

0.00332031 1.85291e-05
0.00334473 1.88293e-05

0.00334473 1.90784e-05
0.00336914 1.93804e-05

0.00336914 1.28226e-05
0.00339225 2.44141e-05

0.00339 2.44141e-05
0.00339355 2.58725e-05

0.00339355 2.77147e-05
0.00341735 4.88281e-05

0.00341689 4.88281e-05
0.00341797 4.98754e-05

0.00341797 5.01151e-05
0.00344096 7.32422e-05

0.0034412 7.32422e-05
0.00344238 7.44748e-05

0.00344238 7.47331e-05
0.00346377 9.76563e-05

0.00346427 9.76563e-05
0.0034668 0.000100499

0.0034668 0.000101243
0.00348502 0.00012207

0.00348482 0.00012207
0.00349121 0.000129726

0.00349121 0.000129355
0.00350526 0.000146484

0.00350553 0.000146484
0.00351563 0.000159755

0.00351563 0.000160238
0.00354195 0.000195313

0.00354217 0.000195313
0.00356445 0.000228802

0.00356445 0.000229934
0.00357371 0.000244141

0.0035743 0.000244141
0.00360307 0.000292969

0.00360381 0.000292969
0.00361328 0.000312094

0.00361328 0.000313467
0.00362804 0.000341797

0.00362827 0.000341797
0.00365083 0.000390625

0.00365149 0.000390625
0.00368883 0.000488281

0.0036886 0.000488281
0.00371094 0.0005675

0.00371094 0.000568758
0.00371578 0.000585938

0.00371586 0.000585937
0.0037346 0.000683594

0.00373423 0.000683594
0.00374531 0.00078125

0.00374729 0.00078125
0.00374768 0.000976562

0.00374738 0.000976562
0.00371916 0.00117188

0.00371094 0.001201
0.00366299 0.00136719

0.00366328 0.00136719
0.00357782 0.0015625

0.00371094 0.00119819
0.00371853 0.00117187

0.00332031 0.00194139
0.0033106 0.00195312

0.00351563 0.00167069
0.00346068 0.00175781

0.00341797 0.00181779
0.00339104 0.00185547

0.00332031 0.00194323
0.00339103 0.00185547

0.00346007 0.00175781
0.00342614 0.00180664

0.00341797 0.00181602
0.00342459 0.00180664

0.00331544 0.00195312
0.0031268 0.00214844

0.00357576 0.0015625
0.00352189 0.00166016

0.00351563 0.00167054
0.0035219 0.00166016

