7.09278e-05 0
7.32422e-05 6.58332e-06

7.32673e-05 0
9.76563e-05 2.2857e-05

9.76563e-05 9.37789e-06
0.00012207 1.25609e-05

0.00012207 1.46968e-05
0.000146484 1.2205e-05

0.000146484 1.24157e-05
0.000170898 6.30923e-06

0.000170898 5.73058e-06
0.000195313 1.41487e-05

0.000195313 1.42613e-05
0.000219727 1.44898e-05

0.000219727 1.39393e-05
0.000244141 6.24433e-06

0.000244141 7.31235e-06
0.000268555 1.21341e-05

0.000268555 1.11795e-05
0.000292969 1.45897e-05

0.000292969 1.18383e-05
0.000317383 1.20243e-05

0.000317383 1.22953e-05
0.000341797 1.37265e-05

0.000341797 1.27044e-05
0.000366211 1.31466e-05

0.000366211 1.3e-05
0.000390625 1.36519e-05

0.000390625 1.32098e-05
0.000415039 1.35841e-05

0.000415039 1.33846e-05
0.000439453 1.38165e-05

0.000439453 1.35339e-05
0.000463867 1.39007e-05

0.000463867 1.38616e-05
0.000488281 1.38894e-05

0.000488281 1.36358e-05
0.000512695 1.38406e-05

0.000512695 1.36859e-05
0.000537109 1.43749e-05

0.000537109 1.41091e-05
0.000561523 1.44221e-05

0.000561523 1.4373e-05
0.000585937 1.41735e-05

0.000585938 1.40375e-05
0.000610352 1.41836e-05

0.000610352 1.38661e-05
0.000634766 1.49073e-05

0.000634766 1.4804e-05
0.00065918 1.50611e-05

0.00065918 1.48279e-05
0.000683594 1.43586e-05

0.000683594 1.44963e-05
0.000708008 1.46167e-05

0.000708008 1.46652e-05
0.000732422 1.47132e-05

0.000732422 1.48254e-05
0.000756836 1.43643e-05

0.000756836 1.44709e-05
0.00078125 1.41748e-05

0.00078125 1.42976e-05
0.000805664 1.44264e-05

0.000805664 1.46115e-05
0.000830078 1.42364e-05

0.000830078 1.44305e-05
0.000854492 1.37069e-05

0.000854492 1.39378e-05
0.000878906 1.37952e-05

0.000878906 1.40272e-05
0.00090332 1.38929e-05

0.00090332 1.39249e-05
0.000927734 1.36044e-05

0.000927734 1.37878e-05
0.000952148 1.36492e-05

0.000952148 1.38121e-05
0.000976562 1.35096e-05

0.000976562 1.37034e-05
0.00100098 1.32832e-05

0.00100098 1.36105e-05
0.00102539 1.30915e-05

0.00102539 1.33597e-05
0.0010498 1.28712e-05

0.0010498 1.34288e-05
0.00107422 1.25718e-05

0.00107422 1.28044e-05
0.00109863 1.22183e-05

0.00109863 1.33938e-05
0.00112305 1.17967e-05

0.00112305 1.14725e-05
0.00114746 1.1407e-05

0.00114746 1.45313e-05
0.00117187 1.05733e-05

0.00117188 1.09378e-05
0.00119629 7.02147e-06

0.00119629 5.96197e-06
0.0012207 1.4771e-05

0.0012207 1.42589e-05
0.00124512 1.42802e-05

0.00124512 1.41212e-05
0.00126953 6.6405e-06

0.00126953 7.30657e-06
0.00129395 1.2095e-05

0.00129395 1.20063e-05
0.00131836 1.43743e-05

0.00131836 1.34159e-05
0.00134277 9.04494e-06

0.00134277 1.16112e-05
0.00136719 9.26813e-06

0.00136719 2.12487e-05
0.00138991 0

0.0013916 9.92288e-06
0.00139543 0

0.00146229 0
0.00146484 7.27626e-06

0.00146484 1.27615e-06
0.00148717 2.44141e-05

0.00148787 2.44141e-05
0.00148926 2.48925e-05

0.00148926 1.44075e-05
0.00151367 1.63353e-05

0.00151346 2.44141e-05
0.00151367 2.44208e-05

0.00151367 1.62736e-05
0.00153809 1.45619e-05

0.0015625 1.39237e-06
0.00154033 2.44141e-05

0.00153809 2.47094e-05
0.00153894 2.44141e-05

0 0.00271594
4.88281e-05 0.00271586

4.88281e-05 0.00271587
9.76563e-05 0.00271562

9.76563e-05 0.00271562
0.000146484 0.0027152

0.000146484 0.00271521
0.000195313 0.00271462

0.000195313 0.00271461
0.000244141 0.00271384

0.000244141 0.00271384
0.000292969 0.0027129

0.000292969 0.00271295
0.000390625 0.00271056

0.000390625 0.00271052
0.000439453 0.00270907

0.000439453 0.00270907
0.000488281 0.00270745

0.000488281 0.00270745
0.000537109 0.00270566

0.000537109 0.00270566
0.000585938 0.00270367

0.000585937 0.00270367
0.000634766 0.0027015

0.000634766 0.0027015
0.000683594 0.00269915

0.000683594 0.00269916
0.000732422 0.00269662

0.000732422 0.00269661
0.00078125 0.00269388

0.00078125 0.00269389
0.000830078 0.00269096

0.000830078 0.00269095
0.000878906 0.00268781

0.000927734 0.00268446
0.000911912 0.00268555

0.000878906 0.0026878
0.00090332 0.00268615

0.00090332 0.00268614
0.000911826 0.00268555

0.000927734 0.00268447
0.000976562 0.00268091

0.000976563 0.00268091
0.00102539 0.00267712

0.00102539 0.00267712
0.00107422 0.00267312

0.00107422 0.00267312
0.00112305 0.0026689

0.00112305 0.0026689
0.00117187 0.00266446

0.00117188 0.00266446
0.0012207 0.00265979

0.0012207 0.00265979
0.00126953 0.00265488

0.00126953 0.00265487
0.00131836 0.00264971

0.00131836 0.00264971
0.00136719 0.00264429

0.00146484 0.0026327
0.00143171 0.00263672

0.00136719 0.00264429
0.00141602 0.00263862

0.00141602 0.0026386
0.00143176 0.00263672

0.00146484 0.00263271
0.00151367 0.00262654

0.00151367 0.00262654
0.0015625 0.0026201

0.0015625 6.57519e-06
0.00156479 0

0.00165528 0
0.00166016 1.1628e-05

0.00166016 1.06612e-05
0.00167597 2.44141e-05

0.00167485 2.44141e-05
0.00168457 2.77417e-05

0.00168457 1.80213e-05
0.00170898 1.76775e-05

0.00168457 2.45102e-05
0.0016973 2.44141e-05

0.0017334 9.76616e-06
0.00171749 2.44141e-05

0.00170898 2.76717e-05
0.00171816 2.44141e-05

0.0017334 8.08762e-06
0.00173664 0

0.00180494 0
0.00180664 4.5576e-06

0.00181972 0
0.00183105 1.1478e-05

0.00184343 0
0.00185547 1.23119e-05

0.00185547 7.30831e-07
0.00187988 1.6394e-05

0.00187988 8.45775e-06
0.0019043 1.02325e-05

0.0019043 8.3609e-06
0.00192871 1.05427e-05

0.00192871 9.04394e-06
0.00195312 1.19548e-05

0.00195312 8.84624e-06
0.00197754 1.33603e-05

0.00197754 1.41385e-05
0.00200195 1.25357e-05

0.00200195 1.64541e-05
0.00202637 3.65889e-06

0.00202637 4.38315e-06
0.00205078 8.37495e-06

0.00205078 8.29909e-06
0.0020752 1.56034e-05

0.0020752 9.10459e-06
0.00209961 1.17758e-05

0.00209961 1.37857e-05
0.00212402 1.3507e-05

0.00212402 1.32521e-05
0.00214844 7.263e-06

0.00214844 6.81373e-06
0.00217285 1.32514e-05

0.00217285 1.41458e-05
0.00219727 1.41904e-05

0.00219727 1.33759e-05
0.00222168 6.74821e-06

0.00222168 6.70321e-06
0.00224609 1.35904e-05

0.00224609 1.4239e-05
0.00227051 1.42752e-05

0.00227051 1.40587e-05
0.00229492 6.28322e-06

0.00229492 7.16538e-06
0.00231934 1.19711e-05

0.00231934 1.03213e-05
0.00234375 1.55651e-05

0.00234375 1.56981e-05
0.00236816 1.03823e-05

0.00236816 1.22924e-05
0.00239258 6.56107e-06

0.00239258 6.6695e-06
0.00241699 1.2889e-05

0.00241699 1.05975e-05
0.00244141 1.5385e-05

0.00244141 1.54799e-05
0.00246582 1.04486e-05

0.00246582 1.22118e-05
0.00249023 7.09704e-06

0.00249023 7.17507e-06
0.00251465 1.28476e-05

0.00251465 1.07967e-05
0.00253906 1.51161e-05

0.00253906 1.51802e-05
0.00256348 1.06001e-05

0.00256348 1.21465e-05
0.00258789 7.68159e-06

0.00258789 7.72278e-06
0.0026123 1.28163e-05

0.0026123 1.1102e-05
0.00263672 1.47604e-05

0.00263672 1.47403e-05
0.00266113 1.0678e-05

0.00266113 1.17402e-05
0.00268555 8.73267e-06

0.00268555 8.0576e-06
0.00270996 1.37405e-05

0.00270996 1.37082e-05
0.00273438 1.3876e-05

0.00273437 1.34155e-05
0.00275879 8.60934e-06

0.00275879 9.35913e-06
0.0027832 1.21153e-05

0.0027832 1.13008e-05
0.00280762 1.4126e-05

0.00280762 1.41479e-05
0.00283203 1.109e-05

0.00283203 1.18153e-05
0.00285645 9.55051e-06

0.00285645 9.00774e-06
0.00288086 1.34345e-05

0.00288086 1.35066e-05
0.00290527 1.34953e-05

0.00290527 1.28669e-05
0.00292969 9.56006e-06

0.00292969 9.7613e-06
0.0029541 1.29701e-05

0.0029541 1.32804e-05
0.00297852 1.32847e-05

0.00297852 1.27197e-05
0.00300293 1.00176e-05

0.00300293 1.02161e-05
0.00302734 1.28407e-05

0.00302734 1.3069e-05
0.00305176 1.30724e-05

0.00305176 1.24408e-05
0.00307617 1.06206e-05

0.00307617 1.09714e-05
0.00310059 1.27837e-05

0.00310059 1.22901e-05
0.003125 1.31469e-05

0.0015625 0.0026201
0.00161133 0.00261336

0.00161133 0.00261337
0.00166016 0.00260632

0.00166016 0.00260633
0.00170898 0.00259894

0.00170898 0.00259891
0.0017334 0.00259509

0.0017334 0.00259509
0.00175781 0.0025912

0.00180664 0.00258319
0.00177806 0.00258789

0.00175781 0.0025912
0.00177814 0.00258789

0.00180664 0.00258319
0.00185547 0.00257481

0.00185547 0.00257481
0.0019043 0.00256605

0.0019043 0.00256606
0.00195312 0.00255689

0.00205078 0.00253742
0.0020427 0.00253906

0.00205078 0.00253738
0.00209961 0.0025271

0.00209961 0.0025271
0.00214844 0.00251644

0.00195312 0.00255687
0.00200195 0.00254731

0.00200195 0.00254731
0.00204251 0.00253906

0.00214844 0.00251646
0.00219727 0.00250536

0.00219727 0.00250537
0.00224609 0.00249379

0.00229492 0.00248174
0.00226046 0.00249023

0.00224609 0.00249375
0.00226049 0.00249023

0.00229492 0.00248177
0.00234375 0.00246929

0.00283203 0.00231186
0.00274759 0.00234375

0.00288086 0.00229214
0.00287392 0.00229492

0.00283203 0.0023117
0.00287387 0.00229492

0.00288086 0.00229211
0.00292969 0.0022717

0.00302734 0.00222861
0.00298816 0.00224609

0.00292969 0.0022717
0.00297852 0.00225049

0.00297852 0.00225037
0.0029879 0.00224609

0.00302734 0.0022285
0.003125 0.00218104

0.00234375 0.00246931
0.00239258 0.00245627

0.00239258 0.00245628
0.00244141 0.00244263

0.00249023 0.0024284
0.00244551 0.00244141

0.00249023 0.00242842
0.00253906 0.00241368

0.00244141 0.00244259
0.00244547 0.00244141

0.00253906 0.00241369
0.00258789 0.00239836

0.00263672 0.00238244
0.00260568 0.00239258

0.00258789 0.00239834
0.00260554 0.00239258

0.00263672 0.00238243
0.00268555 0.00236584

0.00268555 0.00236587
0.00273438 0.00234855

0.00273438 0.0023486
0.00274749 0.00234375

0.003125 1.24476e-05
0.00314941 1.24719e-05

0.00314941 1.2582e-05
0.00317383 1.28884e-05

0.00317383 1.26508e-05
0.00319824 1.26921e-05

0.00319824 1.26814e-05
0.00322266 1.28462e-05

0.00322266 1.27123e-05
0.00324707 1.28601e-05

0.00324707 1.276e-05
0.00327148 1.29742e-05

0.00327148 1.28395e-05
0.0032959 1.3034e-05

0.0032959 1.29218e-05
0.00332031 1.30873e-05

0.00332031 1.29777e-05
0.00334473 1.31309e-05

0.00334473 1.30334e-05
0.00336914 1.31942e-05

0.00336914 1.31063e-05
0.00339355 1.32325e-05

0.00339355 1.31301e-05
0.00341797 1.32789e-05

0.00341797 1.32136e-05
0.00344238 1.334e-05

0.00344238 1.33047e-05
0.0034668 1.32875e-05

0.0034668 1.32341e-05
0.00349121 1.32945e-05

0.00349121 1.31416e-05
0.00351563 1.35383e-05

0.00351563 1.33392e-05
0.00354004 1.37689e-05

0.00354004 1.37197e-05
0.00356445 1.3595e-05

0.00356445 1.35328e-05
0.00358887 1.33902e-05

0.00358887 1.34069e-05
0.00361328 1.3697e-05

0.00361328 1.35688e-05
0.0036377 1.37837e-05

0.0036377 1.38172e-05
0.00366211 1.36072e-05

0.00366211 1.37574e-05
0.00368652 1.32818e-05

0.00368652 1.34003e-05
0.00371094 1.33214e-05

0.00371094 1.34109e-05
0.00373535 1.35127e-05

0.00373535 1.35293e-05
0.00375977 1.33418e-05

0.00375977 1.33217e-05
0.00378418 1.33271e-05

0.00378418 1.23935e-05
0.00380859 1.44855e-05

0.00380859 1.25997e-05
0.00383301 1.71969e-05

0.00383301 1.48344e-05
0.00385742 1.96357e-05

0.00385742 1.76219e-05
0.00388184 2.11916e-05

0.00388184 1.90844e-05
0.00390625 2.25249e-05

0.00390625 1.93339e-05
0.00392172 2.44141e-05

0.00392663 2.44141e-05
0.00393066 2.54398e-05

0.00393066 2.5996e-05
0.00395508 4.0472e-05

0.00395508 4.30452e-05
0.00396264 4.88281e-05

0.00396403 4.88281e-05
0.00397949 6.11744e-05

0.00397949 6.17515e-05
0.00399285 7.32422e-05

0.00399326 7.32422e-05
0.00400391 8.30361e-05

0.00400391 8.33707e-05
0.00401817 9.76563e-05

0.00401844 9.76563e-05
0.00402832 0.000108481

0.00402832 0.000108697
0.00403982 0.00012207

0.00404013 0.00012207
0.00405273 0.000138028

0.00405273 0.000138206
0.00405899 0.000146484

0.00405919 0.000146484
0.00407648 0.000170898

0.00407645 0.000170898
0.00407715 0.000171991

0.00407715 0.000172065
0.0040921 0.000195313

0.0040921 0.000195313
0.00410156 0.000211388

0.00410156 0.000211569
0.00410636 0.000219727

0.00410639 0.000219727
0.00411958 0.000244141

0.00411959 0.000244141
0.00412598 0.000256986

0.00412598 0.000257105
0.00413167 0.000268555

0.00413168 0.000268555
0.00414287 0.000292969

0.00414302 0.000292969
0.00415039 0.000311129

0.00415039 0.000310933
0.00415311 0.000317383

0.00415314 0.000317383
0.0041626 0.000341797

0.0041626 0.000341797
0.00417127 0.000366211

0.00417127 0.000366211
0.0041748 0.000377081

0.0041748 0.000377145
0.00417918 0.000390625

0.00417918 0.000390625
0.00418641 0.000415039

0.0041864 0.000415039
0.00419295 0.000439453

0.00419294 0.000439453
0.00419884 0.000463867

0.00419883 0.000463867
0.00419922 0.000465672

0.00419922 0.000465668
0.00420409 0.000488281

0.00420409 0.000488281
0.00420874 0.000512695

0.00420874 0.000512695
0.0042128 0.000537109

0.0042128 0.000537109
0.00421628 0.000561523

0.00421628 0.000561523
0.00421919 0.000585937

0.00421931 0.000585937
0.00422349 0.000634766

0.00422348 0.000634766
0.0042255 0.000683594

0.00422548 0.000683594
0.00422539 0.000732422

0.00422538 0.000732422
0.00422325 0.00078125

0.00419922 0.000954113
0.00419504 0.000976562

0.00422324 0.00078125
0.00421912 0.000830078

0.00421912 0.000830078
0.004213 0.000878906

0.004213 0.000878906
0.0042049 0.000927734

0.00419922 0.000955377
0.00420493 0.000927734

0.00419529 0.000976562
0.00416916 0.00107422

0.00415039 0.00112927
0.00413453 0.00117187

0.00416875 0.00107422
0.00415269 0.00112305

0.00415039 0.00112829
0.00415234 0.00112305

0.00410156 0.00124767
0.00409199 0.00126953

0.00405273 0.00134467
0.00404034 0.00136719

0.00409183 0.00126953
0.00406723 0.00131836

0.00405273 0.00134482
0.0040673 0.00131836

0.00400391 0.00142639
0.0039799 0.00146484

0.00395508 0.00149969
0.00394542 0.00151367

0.00394542 0.00151367
0.00390857 0.0015625

0.00395508 0.00149993
0.00397962 0.00146484

0.0040404 0.00136719
0.00401115 0.00141602

0.00400391 0.00142752
0.0040112 0.00141602

0.0041345 0.00117188
0.00411423 0.0012207

0.00410156 0.00124839
0.00411427 0.0012207

0.00351563 0.00194133
0.00349914 0.00195312

0.00322266 0.0021296
0.00318721 0.00214844

0.00322266 0.00212942
0.00332031 0.00207255

0.003125 0.00218082
0.00317383 0.00215563

0.00317383 0.00215543
0.00318671 0.00214844

0.00341797 0.0020106
0.0033553 0.00205078

0.00332031 0.00207236
0.00335423 0.00205078

0.0034668 0.00197598
0.00342937 0.00200195

0.00341797 0.00201013
0.00343011 0.00200195

0.0034668 0.00197593
0.00349823 0.00195312

0.00356445 0.00190348
0.00356341 0.0019043

0.00351563 0.00194079
0.00356338 0.0019043

0.00356445 0.00190349
0.00361328 0.00186418

0.00371094 0.00177874
0.00362438 0.00185547

0.00361328 0.00186434
0.00362393 0.00185547

0.00380859 0.00167985
0.00373298 0.00175781

0.00385742 0.00162481
0.00382667 0.00166016

0.00390625 0.00156539
0.003869 0.00161133

0.00385742 0.00162451
0.00386856 0.00161133

0.00380859 0.00167978
0.00382654 0.00166016

0.00371094 0.00177822
0.00373229 0.00175781

0.00390625 0.00156549
0.0039086 0.0015625

