9.62679e-05 0
9.76563e-05 3.74634e-06

9.76563e-05 2.69288e-07
0.00012207 3.05165e-06

0.000142433 0
0.000146484 2.96547e-06

0.000169186 0
0.00016685 2.44141e-05

0.000170898 4.60134e-05
0.00017066 4.88281e-05

0.000195313 9.46432e-06
0.000191816 2.44141e-05

0.000189777 2.44141e-05
0.000184733 4.88281e-05

0.000170823 4.88281e-05
0.000170898 4.91673e-05

0.000185242 4.88281e-05
0.000188716 7.32422e-05

0.000188211 7.32422e-05
0.000195313 8.77155e-05

0.00020419 0
0.000197845 2.44141e-05

0.000195313 2.48981e-05
0.000195441 2.44141e-05

0.000195313 8.78992e-05
0.000200232 9.76563e-05

0.000199364 9.76563e-05
0.000219727 0.000118733

0.000219727 0.000117838
0.000227362 0.00012207

0.00022753 0.00012207
0.000244141 0.000130944

0.000244141 0.000130381
0.000268555 0.000134679

0.000268555 0.000134642
0.000292969 0.000131405

0.000341797 9.46464e-05
0.000340275 9.76563e-05

0.000343492 0
0.000347389 2.44141e-05

0.000351226 2.44141e-05
0.000355245 4.88281e-05

0.000355228 4.88281e-05
0.000351729 7.32422e-05

0.000341797 9.42017e-05
0.000352365 7.32422e-05

0.000317383 0.000120711
0.000314615 0.00012207

0.000292969 0.000131923
0.000313105 0.00012207

0.000317383 0.000121195
0.00034119 9.76563e-05

0.000876598 0
0.000878906 6.05926e-06

0.000878906 4.59664e-06
0.00090332 3.41972e-06

0.00090332 4.53013e-06
0.000904944 0

0.00146234 0
0.00146484 7.12757e-06

0.00146484 5.44451e-06
0.00148409 2.44141e-05

0.00148442 2.44141e-05
0.00148926 2.60752e-05

0.00148926 1.68791e-05
0.00151367 1.73964e-05

0.0015077 2.44141e-05
0.00151367 2.44601e-05

0.00151367 1.75532e-05
0.00153809 1.73994e-05

0.00153044 2.44141e-05
0.00153809 2.44351e-05

0.0015625 5.2418e-06
0.00154343 2.44141e-05

0.00153809 2.62966e-05
0.00154344 2.44141e-05

0.000390625 0.00311399
2.43171e-06 0.003125

0.000390625 0.00311428
0.00078125 0.00308044

0.00078125 0.00308107
0.00117187 0.00302264

0.00117188 0.0030237
0.0015625 0.00293731

0.0015625 6.59942e-06
0.0015648 0

0.00165648 0
0.00166016 8.97439e-06

0.00166016 1.04578e-05
0.00167497 2.44141e-05

0.00167407 2.44141e-05
0.00168457 2.83536e-05

0.00168457 1.88316e-05
0.00170898 1.91387e-05

0.00169675 2.44141e-05
0.00170898 2.44874e-05

0.0017334 1.14561e-05
0.00171866 2.44141e-05

0.00170898 2.8201e-05
0.00171953 2.44141e-05

0.0017334 1.28591e-05
0.00173897 0

0.0017908 0
0.00180664 1.84966e-05

0.00180664 2.23671e-06
0.00183105 1.30583e-05

0.00183105 8.20542e-06
0.00185547 1.32612e-05

0.00185547 8.05096e-06
0.00187988 1.26955e-05

0.00187988 1.40316e-05
0.0019043 1.31512e-05

0.0019043 1.38989e-05
0.00192871 5.70912e-06

0.00192871 5.91393e-06
0.00195312 1.18572e-05

0.00195312 1.00852e-05
0.00197754 1.61249e-05

0.00197754 1.56474e-05
0.00200195 1.00292e-05

0.00200195 1.60896e-05
0.00202637 2.72751e-06

0.00202637 3.01165e-06
0.00205078 8.93523e-06

0.00205078 8.187e-06
0.0020752 1.60441e-05

0.0020752 9.1212e-06
0.00209961 1.15205e-05

0.00209961 1.36683e-05
0.00212402 1.36022e-05

0.00212402 1.32409e-05
0.00214844 7.31439e-06

0.00214844 6.88867e-06
0.00217285 1.32214e-05

0.00217285 1.40968e-05
0.00219727 1.41562e-05

0.00219727 1.3265e-05
0.00222168 6.92367e-06

0.00222168 6.88789e-06
0.00224609 1.36453e-05

0.00224609 1.43368e-05
0.00227051 1.41297e-05

0.00227051 1.40725e-05
0.00229492 6.18436e-06

0.00229492 7.02652e-06
0.00231934 1.19654e-05

0.00231934 1.03059e-05
0.00234375 1.56269e-05

0.00234375 1.56327e-05
0.00236816 1.03981e-05

0.00236816 1.2517e-05
0.00239258 6.48365e-06

0.00239258 6.50168e-06
0.00241699 1.26748e-05

0.00241699 1.04558e-05
0.00244141 1.55725e-05

0.00244141 1.5561e-05
0.00246582 1.04059e-05

0.00246582 1.24784e-05
0.00249023 6.71195e-06

0.00249023 6.72113e-06
0.00251465 1.26542e-05

0.00251465 1.05312e-05
0.00253906 1.54579e-05

0.00253906 1.54441e-05
0.00256348 1.04743e-05

0.00256348 1.24318e-05
0.00258789 6.96065e-06

0.00258789 6.95954e-06
0.0026123 1.266e-05

0.0026123 1.0709e-05
0.00263672 1.52686e-05

0.00263672 1.52037e-05
0.00266113 1.04699e-05

0.00266113 1.18202e-05
0.00268555 7.88609e-06

0.00268555 7.09417e-06
0.00270996 1.39529e-05

0.00270996 1.39563e-05
0.00273438 1.41714e-05

0.00273437 1.3902e-05
0.00275879 7.43488e-06

0.00275879 8.23451e-06
0.0027832 1.18667e-05

0.0027832 1.07527e-05
0.00280762 1.49085e-05

0.00280762 1.48946e-05
0.00283203 1.07121e-05

0.00283203 1.1828e-05
0.00285645 8.29422e-06

0.00285645 7.53907e-06
0.00288086 1.3858e-05

0.00288086 1.39969e-05
0.00290527 1.3966e-05

0.00290527 1.36903e-05
0.00292969 7.66514e-06

0.00292969 8.4472e-06
0.0029541 1.20182e-05

0.0029541 1.13658e-05
0.00297852 1.42767e-05

0.00297852 1.18724e-05
0.00300293 1.24096e-05

0.00300293 1.23285e-05
0.00302734 1.40517e-05

0.00302734 1.2847e-05
0.00305176 1.38763e-05

0.00305176 1.33629e-05
0.00307617 1.45313e-05

0.00307617 1.37984e-05
0.00310059 1.46958e-05

0.00310059 1.42073e-05
0.003125 1.50857e-05

0.00175781 0.00288092
0.0015831 0.00292969

0.0015625 0.00293612
0.00158554 0.00292969

0.00175781 0.00288149
0.00195312 0.00281823

0.00234375 0.00265964
0.00217349 0.00273438

0.00195312 0.00281858
0.00214844 0.00274488

0.00214844 0.00274513
0.00217293 0.00273438

0.00292969 0.00230964
0.00288263 0.00234375

0.003125 0.00214563
0.00312193 0.00214844

0.00302734 0.00223201
0.00300999 0.00224609

0.00297852 0.00227033
0.00294697 0.00229492

0.00292969 0.00230954
0.00294873 0.00229492

0.00297852 0.00227047
0.00300891 0.00224609

0.00302734 0.00223216
0.00312306 0.00214844

0.00244141 0.00261106
0.00238893 0.00263672

0.00234375 0.00265882
0.00238896 0.00263672

0.00244141 0.00261121
0.00253906 0.00255996

0.00273438 0.0024462
0.00257791 0.00253906

0.00253906 0.00256007
0.0025751 0.00253906

0.00283203 0.00237951
0.00273945 0.00244141

0.00273438 0.00244585
0.00274131 0.00244141

0.00283203 0.00237943
0.00288164 0.00234375

0.003125 1.45572e-05
0.00314941 1.53401e-05

0.00314941 1.48553e-05
0.00317383 1.57168e-05

0.00317383 1.51866e-05
0.00319824 1.61501e-05

0.00319824 1.56172e-05
0.00322266 1.66054e-05

0.00322266 1.60354e-05
0.00324707 1.70397e-05

0.00324707 1.64479e-05
0.00327148 1.75903e-05

0.00327148 1.7026e-05
0.0032959 1.81761e-05

0.0032959 1.75827e-05
0.00332031 1.86647e-05

0.00332031 1.80015e-05
0.00334473 1.93432e-05

0.00334473 1.94812e-05
0.00336914 1.94495e-05

0.00336914 1.27686e-05
0.00339339 2.44141e-05

0.00339177 2.44141e-05
0.00339355 2.51203e-05

0.00339355 2.7219e-05
0.00341797 4.87145e-05

0.00341768 4.88281e-05
0.00341797 4.91065e-05

0.00341797 4.87355e-05
0.00341806 4.88281e-05

0.00341797 4.93655e-05
0.00344168 7.32422e-05

0.00344172 7.32422e-05
0.00344238 7.39358e-05

0.00344238 7.41096e-05
0.00346422 9.76563e-05

0.00346479 9.76563e-05
0.0034668 9.99142e-05

0.0034668 0.00010071
0.00348542 0.00012207

0.00348521 0.00012207
0.00349121 0.000129295

0.00349121 0.00012892
0.00350557 0.000146484

0.00350576 0.000146484
0.00351563 0.000159516

0.00351563 0.000159878
0.00354213 0.000195313

0.00354224 0.000195313
0.00356445 0.000228802

0.00356445 0.00022951
0.00357396 0.000244141

0.00357435 0.000244141
0.00360305 0.000292969

0.00360377 0.000292969
0.00361328 0.000312204

0.00361328 0.000313544
0.00362796 0.000341797

0.00362819 0.000341797
0.00365071 0.000390625

0.00365137 0.000390625
0.00368865 0.000488281

0.00368842 0.000488281
0.00371094 0.000568209

0.00371094 0.00056948
0.00371557 0.000585938

0.00371566 0.000585937
0.00373439 0.000683594

0.00373402 0.000683594
0.0037451 0.00078125

0.00374708 0.00078125
0.00374746 0.000976562

0.00374716 0.000976562
0.00371896 0.00117188

0.00371094 0.00120037
0.00366282 0.00136719

0.00366311 0.00136719
0.00357767 0.0015625

0.00371094 0.00119737
0.00371829 0.00117187

0.00332031 0.00194119
0.00331044 0.00195312

0.00351563 0.00167045
0.00346054 0.00175781

0.00341797 0.00181763
0.00339092 0.00185547

0.00332031 0.00194309
0.0033909 0.00185547

0.00345993 0.00175781
0.003426 0.00180664

0.00341797 0.00181569
0.00342435 0.00180664

0.00331533 0.00195312
0.00312672 0.00214844

0.0035756 0.0015625
0.00352174 0.00166016

0.00351563 0.00167028
0.00352173 0.00166016

