9.63993e-05 0
9.76563e-05 3.44968e-06

9.76563e-05 8.4615e-08
0.00012207 3.2387e-06

0.000142255 0
0.000146484 2.84383e-06

0.00016963 0
0.000166655 2.44141e-05

0.000170898 4.63385e-05
0.000170678 4.88281e-05

0.000195313 8.98517e-06
0.000191743 2.44141e-05

0.000189647 2.44141e-05
0.000184612 4.88281e-05

0.000170843 4.88281e-05
0.000170898 4.90783e-05

0.000185119 4.88281e-05
0.000188594 7.32422e-05

0.000188083 7.32422e-05
0.000195313 8.79591e-05

0.000203948 0
0.000197672 2.44141e-05

0.000195313 2.48879e-05
0.000195437 2.44141e-05

0.000195313 8.81377e-05
0.000200112 9.76563e-05

0.000199238 9.76563e-05
0.000219727 0.000118831

0.000219727 0.000117924
0.00022724 0.00012207

0.00022739 0.00012207
0.000244141 0.000130993

0.000244141 0.000130424
0.000268555 0.000134682

0.000268555 0.000134648
0.000292969 0.000131372

0.000341797 9.44099e-05
0.000340155 9.76563e-05

0.000343365 0
0.000347263 2.44141e-05

0.0003511 2.44141e-05
0.000355121 4.88281e-05

0.000355103 4.88281e-05
0.000351607 7.32422e-05

0.000341797 9.39631e-05
0.000352237 7.32422e-05

0.000317383 0.000120634
0.000314472 0.00012207

0.000292969 0.000131886
0.000312952 0.00012207

0.000317383 0.000121097
0.000341065 9.76563e-05

0.000876621 0
0.000878906 6.01171e-06

0.000878906 4.54829e-06
0.00090332 3.46649e-06

0.00090332 4.61154e-06
0.000904978 0

0.00146255 0
0.00146484 6.53295e-06

0.00146484 5.44242e-06
0.00148392 2.44141e-05

0.00148409 2.44141e-05
0.00148926 2.621e-05

0.00148926 1.7232e-05
0.00151367 1.73284e-05

0.00148926 2.44303e-05
0.00149424 2.44141e-05

0.00151367 1.7332e-05
0.00153809 1.69772e-05

0.00151367 2.44321e-05
0.00151751 2.44141e-05

0.0015625 5.35533e-06
0.00154325 2.44141e-05

0.00153809 2.60198e-05
0.00154275 2.44141e-05

0.000390625 0.00311407
5.54995e-06 0.003125

0.000390625 0.00311436
0.00078125 0.00308052

0.00078125 0.00308115
0.00117187 0.00302271

0.00117188 0.00302377
0.0015625 0.00293737

0.0015625 6.83732e-06
0.00156489 0

0.00165651 0
0.00166016 8.91204e-06

0.00166016 1.04544e-05
0.00167495 2.44141e-05

0.00167404 2.44141e-05
0.00168457 2.83708e-05

0.00168457 1.88501e-05
0.00170898 1.915e-05

0.0016968 2.44141e-05
0.00170898 2.44841e-05

0.0017334 1.14576e-05
0.00171866 2.44141e-05

0.00170898 2.81956e-05
0.00171951 2.44141e-05

0.0017334 1.28857e-05
0.00173898 0

0.00179076 0
0.00180664 1.85686e-05

0.00180664 2.3562e-06
0.00183105 1.30753e-05

0.00183105 8.27309e-06
0.00185547 1.32328e-05

0.00185547 8.10497e-06
0.00187988 1.26924e-05

0.00187988 1.40103e-05
0.0019043 1.31489e-05

0.0019043 1.38859e-05
0.00192871 5.79668e-06

0.00192871 5.99864e-06
0.00195312 1.18429e-05

0.00195312 1.01008e-05
0.00197754 1.60894e-05

0.00197754 1.5623e-05
0.00200195 1.00603e-05

0.00200195 1.60752e-05
0.00202637 2.79169e-06

0.00202637 3.07265e-06
0.00205078 8.93187e-06

0.00205078 8.22834e-06
0.0020752 1.60073e-05

0.0020752 9.11006e-06
0.00209961 1.15073e-05

0.00209961 1.3646e-05
0.00212402 1.3625e-05

0.00212402 1.32499e-05
0.00214844 7.34003e-06

0.00214844 6.91434e-06
0.00217285 1.32096e-05

0.00217285 1.41015e-05
0.00219727 1.41454e-05

0.00219727 1.32643e-05
0.00222168 6.91775e-06

0.00222168 6.87686e-06
0.00224609 1.36464e-05

0.00224609 1.43352e-05
0.00227051 1.41376e-05

0.00227051 1.408e-05
0.00229492 6.17956e-06

0.00229492 7.0231e-06
0.00231934 1.19601e-05

0.00231934 1.03001e-05
0.00234375 1.56323e-05

0.00234375 1.56393e-05
0.00236816 1.03973e-05

0.00236816 1.252e-05
0.00239258 6.47031e-06

0.00239258 6.48935e-06
0.00241699 1.26765e-05

0.00241699 1.04526e-05
0.00244141 1.5579e-05

0.00244141 1.55671e-05
0.00246582 1.04018e-05

0.00246582 1.24788e-05
0.00249023 6.70143e-06

0.00249023 6.7113e-06
0.00251465 1.26556e-05

0.00251465 1.05265e-05
0.00253906 1.54633e-05

0.00253906 1.54508e-05
0.00256348 1.04725e-05

0.00256348 1.24429e-05
0.00258789 6.93897e-06

0.00258789 6.93422e-06
0.0026123 1.26558e-05

0.0026123 1.06992e-05
0.00263672 1.52875e-05

0.00263672 1.52224e-05
0.00266113 1.04596e-05

0.00266113 1.18163e-05
0.00268555 7.86093e-06

0.00268555 7.06964e-06
0.00270996 1.39643e-05

0.00270996 1.39633e-05
0.00273438 1.41751e-05

0.00273437 1.39085e-05
0.00275879 7.41063e-06

0.00275879 8.21218e-06
0.0027832 1.18658e-05

0.0027832 1.0755e-05
0.00280762 1.49111e-05

0.00280762 1.48829e-05
0.00283203 1.06989e-05

0.00283203 1.18007e-05
0.00285645 8.32665e-06

0.00285645 7.57312e-06
0.00288086 1.38689e-05

0.00288086 1.39827e-05
0.00290527 1.39632e-05

0.00290527 1.37549e-05
0.00292969 7.66075e-06

0.00292969 8.42662e-06
0.0029541 1.1936e-05

0.0029541 1.12991e-05
0.00297852 1.43215e-05

0.00297852 1.18837e-05
0.00300293 1.24372e-05

0.00300293 1.2344e-05
0.00302734 1.40373e-05

0.00302734 1.28435e-05
0.00305176 1.38774e-05

0.00305176 1.336e-05
0.00307617 1.45419e-05

0.00307617 1.38125e-05
0.00310059 1.47001e-05

0.00310059 1.41993e-05
0.003125 1.50868e-05

0.00175781 0.00288097
0.00158332 0.00292969

0.0015625 0.00293617
0.00158573 0.00292969

0.00175781 0.00288155
0.00195312 0.00281828

0.00234375 0.00265968
0.0021736 0.00273438

0.00195312 0.00281863
0.00214844 0.00274493

0.00214844 0.00274515
0.00217299 0.00273438

0.00292969 0.00230966
0.00288266 0.00234375

0.003125 0.00214555
0.00312184 0.00214844

0.00302734 0.00223208
0.00301007 0.00224609

0.00297852 0.00227034
0.00294699 0.00229492

0.00292969 0.00230957
0.00294876 0.00229492

0.00297852 0.00227045
0.00300889 0.00224609

0.00302734 0.00223217
0.00312307 0.00214844

0.00244141 0.00261111
0.00238902 0.00263672

0.00234375 0.00265886
0.00238903 0.00263672

0.00244141 0.00261125
0.00253906 0.00255999

0.00273438 0.00244623
0.00257798 0.00253906

0.00253906 0.00256009
0.00257512 0.00253906

0.00283203 0.00237953
0.0027395 0.00244141

0.00273438 0.00244587
0.00274132 0.00244141

0.00283203 0.00237945
0.00288166 0.00234375

0 0.00312516
5.49965e-06 0.003125

0.003125 1.45517e-05
0.00314941 1.53789e-05

0.00314941 1.4919e-05
0.00317383 1.572e-05

0.00317383 1.52436e-05
0.00319824 1.60266e-05

0.00319824 1.55322e-05
0.00322266 1.64447e-05

0.00322266 1.59268e-05
0.00324707 1.69391e-05

0.00324707 1.63303e-05
0.00327148 1.7464e-05

0.00327148 1.67474e-05
0.0032959 1.82145e-05

0.0032959 1.78159e-05
0.00332031 1.87892e-05

0.00332031 1.79967e-05
0.00334473 1.88929e-05

0.00334473 1.90529e-05
0.00336914 1.93448e-05

0.00336914 1.27658e-05
0.00339299 2.44141e-05

0.00339184 2.44141e-05
0.00339355 2.50909e-05

0.00339355 2.70918e-05
0.00341797 4.85734e-05

0.00341764 4.88281e-05
0.00341797 4.91546e-05

0.00341797 4.86298e-05
0.00341817 4.88281e-05

0.00341797 4.93584e-05
0.00344154 7.32422e-05

0.00344166 7.32422e-05
0.00344238 7.40068e-05

0.00344238 7.42383e-05
0.003464 9.76563e-05

0.00346458 9.76563e-05
0.0034668 0.000100166

0.0034668 0.000100703
0.00350545 0.000146484

0.00350541 0.000146484
0.00351563 0.000160005

0.00351563 0.000160351
0.00354175 0.000195313

0.00354189 0.000195313
0.00356445 0.000229342

0.00356445 0.00023022
0.00357348 0.000244141

0.00357396 0.000244141
0.00360267 0.000292969

0.00360338 0.000292969
0.00361328 0.00031299

0.00361328 0.000314268
0.0036276 0.000341797

0.00362784 0.000341797
0.00365037 0.000390625

0.00365103 0.000390625
0.00368835 0.000488281

0.00368813 0.000488281
0.00371094 0.000569109

0.00371094 0.00057044
0.00371531 0.000585938

0.00371542 0.000585937
0.00373419 0.000683594

0.00373382 0.000683594
0.00374495 0.00078125

0.00374694 0.00078125
0.00374741 0.000976562

0.00374711 0.000976562
0.00371897 0.00117188

0.00371094 0.00120046
0.00366289 0.00136719

0.00366317 0.00136719
0.00357775 0.0015625

0.00371094 0.00119733
0.00371827 0.00117187

0.00332031 0.00194113
0.00331039 0.00195312

0.00351563 0.00167059
0.00346063 0.00175781

0.00341797 0.00181778
0.00339103 0.00185547

0.00332031 0.00194318
0.00339099 0.00185547

0.00346001 0.00175781
0.00342608 0.00180664

0.00341797 0.00181566
0.00342433 0.00180664

0.00331536 0.00195312
0.00312672 0.00214844

0.00357568 0.0015625
0.00352182 0.00166016

0.00351563 0.00167039
0.00352181 0.00166016

