9.64306e-05 0
9.76563e-05 3.377e-06

9.76563e-05 3.96377e-08
0.00012207 3.2836e-06

0.000142206 0
0.000146484 2.81461e-06

0.000169729 0
0.000166616 2.44141e-05

0.000170898 4.64252e-05
0.000170684 4.88281e-05

0.000195313 8.86872e-06
0.000191725 2.44141e-05

0.00018962 2.44141e-05
0.000184588 4.88281e-05

0.000170848 4.88281e-05
0.000170898 4.9057e-05

0.000185095 4.88281e-05
0.000188571 7.32422e-05

0.000188059 7.32422e-05
0.000195313 8.80055e-05

0.000203895 0
0.000197636 2.44141e-05

0.000195313 2.4881e-05
0.000195435 2.44141e-05

0.000195313 8.8183e-05
0.00020009 9.76563e-05

0.000199214 9.76563e-05
0.000219727 0.000118848

0.000219727 0.000117938
0.000227221 0.00012207

0.000227366 0.00012207
0.000244141 0.000131001

0.000244141 0.00013043
0.000268555 0.00013468

0.000268555 0.000134646
0.000292969 0.000131362

0.000341797 9.43566e-05
0.000340128 9.76563e-05

0.00034334 0
0.000347238 2.44141e-05

0.000351074 2.44141e-05
0.000355094 4.88281e-05

0.000355077 4.88281e-05
0.00035158 7.32422e-05

0.000341797 9.39086e-05
0.00035221 7.32422e-05

0.000317383 0.000120611
0.000314428 0.00012207

0.000292969 0.000131875
0.000312914 0.00012207

0.000317383 0.000121073
0.000341037 9.76563e-05

0.00087704 0
0.000878906 5.10254e-06

0.000878906 3.86119e-06
0.00090332 4.17653e-06

0.00090332 5.51356e-06
0.00090537 0

0.0014628 0
0.00146484 5.88813e-06

0.00146484 5.37267e-06
0.00148395 2.44141e-05

0.00148321 2.44141e-05
0.00148926 2.65037e-05

0.00148926 1.70604e-05
0.00151367 1.71188e-05

0.00148926 2.4477e-05
0.00150147 2.44141e-05

0.00151367 1.71181e-05
0.00153809 1.70764e-05

0.00152607 2.44141e-05
0.00153809 2.44778e-05

0.0015625 5.39093e-06
0.00154339 2.44141e-05

0.00153809 2.64921e-05
0.0015441 2.44141e-05

0.000390625 0.00311407
5.41877e-06 0.003125

0.000390625 0.00311436
0.00078125 0.00308052

0.00078125 0.00308115
0.00117187 0.00302271

0.00117188 0.00302377
0.0015625 0.00293736

0.0015625 5.97098e-06
0.00156457 0

0.00165647 0
0.00166016 8.98935e-06

0.00166016 1.04968e-05
0.00167494 2.44141e-05

0.00167408 2.44141e-05
0.00168457 2.83502e-05

0.00168457 1.88308e-05
0.00170898 1.91438e-05

0.00169687 2.44141e-05
0.00170898 2.44876e-05

0.0017334 1.15065e-05
0.00171871 2.44141e-05

0.00170898 2.81885e-05
0.00171949 2.44141e-05

0.0017334 1.28256e-05
0.00173896 0

0.00179073 0
0.00180664 1.85884e-05

0.00180664 2.39589e-06
0.00183105 1.30574e-05

0.00183105 8.28735e-06
0.00185547 1.32195e-05

0.00185547 8.10164e-06
0.00187988 1.26889e-05

0.00187988 1.40004e-05
0.0019043 1.31588e-05

0.0019043 1.38851e-05
0.00192871 5.81603e-06

0.00192871 6.01986e-06
0.00195312 1.18388e-05

0.00195312 1.01086e-05
0.00197754 1.60757e-05

0.00197754 1.56055e-05
0.00200195 1.0066e-05

0.00200195 1.60705e-05
0.00202637 2.82138e-06

0.00202637 3.10766e-06
0.00205078 8.91102e-06

0.00205078 8.19269e-06
0.0020752 1.60191e-05

0.0020752 9.1417e-06
0.00209961 1.15463e-05

0.00209961 1.36812e-05
0.00212402 1.35788e-05

0.00212402 1.3228e-05
0.00214844 7.32611e-06

0.00214844 6.8959e-06
0.00217285 1.3233e-05

0.00217285 1.41004e-05
0.00219727 1.41605e-05

0.00219727 1.33635e-05
0.00222168 6.8449e-06

0.00222168 6.78404e-06
0.00224609 1.35544e-05

0.00224609 1.41963e-05
0.00227051 1.42717e-05

0.00227051 1.41581e-05
0.00229492 6.28086e-06

0.00229492 7.10208e-06
0.00231934 1.18676e-05

0.00231934 1.02922e-05
0.00234375 1.56319e-05

0.00234375 1.56326e-05
0.00236816 1.03977e-05

0.00236816 1.25201e-05
0.00239258 6.47272e-06

0.00239258 6.48959e-06
0.00241699 1.2673e-05

0.00241699 1.04492e-05
0.00244141 1.55801e-05

0.00244141 1.55689e-05
0.00246582 1.04024e-05

0.00246582 1.24819e-05
0.00249023 6.69457e-06

0.00249023 6.70474e-06
0.00251465 1.26542e-05

0.00251465 1.05233e-05
0.00253906 1.54671e-05

0.00253906 1.5454e-05
0.00256348 1.04702e-05

0.00256348 1.2441e-05
0.00258789 6.93438e-06

0.00258789 6.93472e-06
0.0026123 1.26542e-05

0.0026123 1.06981e-05
0.00263672 1.52781e-05

0.00263672 1.52164e-05
0.00266113 1.04512e-05

0.00266113 1.17419e-05
0.00268555 7.92488e-06

0.00268555 7.14594e-06
0.00270996 1.40305e-05

0.00270996 1.40765e-05
0.00273438 1.40652e-05

0.00273437 1.38373e-05
0.00275879 7.32392e-06

0.00275879 8.14624e-06
0.0027832 1.19427e-05

0.0027832 1.07474e-05
0.00280762 1.49239e-05

0.00280762 1.49178e-05
0.00283203 1.07055e-05

0.00283203 1.18334e-05
0.00285645 8.25859e-06

0.00285645 7.49986e-06
0.00288086 1.38686e-05

0.00288086 1.40354e-05
0.00290527 1.39536e-05

0.00290527 1.36816e-05
0.00292969 7.57674e-06

0.00292969 8.26972e-06
0.0029541 1.21412e-05

0.0029541 1.14029e-05
0.00297852 1.45065e-05

0.00297852 1.20467e-05
0.00300293 1.24635e-05

0.00300293 1.2514e-05
0.00302734 1.39724e-05

0.00302734 1.28807e-05
0.00305176 1.37016e-05

0.00305176 1.32593e-05
0.00307617 1.44303e-05

0.00307617 1.36832e-05
0.00310059 1.46628e-05

0.00310059 1.4128e-05
0.003125 1.50808e-05

0.00175781 0.00288097
0.00158332 0.00292969

0.0015625 0.00293617
0.00158572 0.00292969

0.00175781 0.00288155
0.00195312 0.00281828

0.00234375 0.00265968
0.0021736 0.00273438

0.00195312 0.00281863
0.00214844 0.00274493

0.00214844 0.00274515
0.00217299 0.00273438

0.00292969 0.00230966
0.00288266 0.00234375

0.003125 0.00214553
0.00312182 0.00214844

0.00302734 0.00223209
0.00301009 0.00224609

0.00297852 0.00227034
0.00294699 0.00229492

0.00292969 0.00230957
0.00294877 0.00229492

0.00297852 0.00227045
0.00300889 0.00224609

0.00302734 0.00223218
0.00312307 0.00214844

0.00244141 0.00261111
0.00238903 0.00263672

0.00234375 0.00265886
0.00238903 0.00263672

0.00244141 0.00261125
0.00253906 0.00255999

0.00273438 0.00244623
0.00257798 0.00253906

0.00253906 0.00256009
0.00257512 0.00253906

0.00283203 0.00237953
0.0027395 0.00244141

0.00273438 0.00244586
0.00274132 0.00244141

0.00283203 0.00237945
0.00288166 0.00234375

0 0.00312515
5.365e-06 0.003125

0.003125 1.45087e-05
0.00314941 1.53545e-05

0.00314941 1.48744e-05
0.00317383 1.57148e-05

0.00317383 1.52376e-05
0.00319824 1.60289e-05

0.00319824 1.5518e-05
0.00322266 1.64224e-05

0.00322266 1.58367e-05
0.00324707 1.70102e-05

0.00324707 1.63485e-05
0.00327148 1.77018e-05

0.00327148 1.68471e-05
0.0032959 1.85186e-05

0.0032959 1.86888e-05
0.00332031 1.86038e-05

0.00332031 1.70564e-05
0.00334473 1.81409e-05

0.00334473 1.92876e-05
0.00336914 2.01739e-05

0.00336914 1.26567e-05
0.00339355 2.42638e-05

0.00339109 2.44141e-05
0.00339355 2.53986e-05

0.00339355 2.36652e-05
0.00339425 2.44141e-05

0.00339355 2.7452e-05
0.00341764 4.88281e-05

0.00341749 4.88281e-05
0.00341797 4.92891e-05

0.00341797 4.86887e-05
0.00341811 4.88281e-05

0.00341797 4.95984e-05
0.00344151 7.32422e-05

0.00344154 7.32422e-05
0.00344238 7.41285e-05

0.00344238 7.43186e-05
0.00346404 9.76563e-05

0.00346467 9.76563e-05
0.0034668 0.000100054

0.0034668 0.00010092
0.00348524 0.00012207

0.00348503 0.00012207
0.00349121 0.000129501

0.00349121 0.000129131
0.0035054 0.000146484

0.00350561 0.000146484
0.00351563 0.000159694

0.00351563 0.000160054
0.00354202 0.000195313

0.00354216 0.000195313
0.00356445 0.000228909

0.00356445 0.00022982
0.00357376 0.000244141

0.00357424 0.000244141
0.00360295 0.000292969

0.00360366 0.000292969
0.00361328 0.000312427

0.00361328 0.000313733
0.00362787 0.000341797

0.0036281 0.000341797
0.00365062 0.000390625

0.00365127 0.000390625
0.00368855 0.000488281

0.00368832 0.000488281
0.00371094 0.000568595

0.00371094 0.000569847
0.00371547 0.000585938

0.00371555 0.000585937
0.00373427 0.000683594

0.00373391 0.000683594
0.00374498 0.00078125

0.00374696 0.00078125
0.00374735 0.000976562

0.00374705 0.000976562
0.00371887 0.00117188

0.00371094 0.00120008
0.00366275 0.00136719

0.00366304 0.00136719
0.00357762 0.0015625

0.00371094 0.00119686
0.00371814 0.00117187

0.00332031 0.00194106
0.00331034 0.00195312

0.00351563 0.00167041
0.00346053 0.00175781

0.00341797 0.00181767
0.00339095 0.00185547

0.00332031 0.00194311
0.00339091 0.00185547

0.00345992 0.00175781
0.00342599 0.00180664

0.00341797 0.00181548
0.0034242 0.00180664

0.00331533 0.00195312
0.00312674 0.00214844

0.00357556 0.0015625
0.00352171 0.00166016

0.00351563 0.00167021
0.00352169 0.00166016

