9.65767e-05 0
9.76563e-05 3.02653e-06

9.88607e-05 0
0.00012207 3.49172e-06

0.000141938 0
0.000146484 2.67683e-06

0.000170173 0
0.00016645 2.44141e-05

0.000170898 4.67948e-05
0.000170709 4.88281e-05

0.000195313 8.33002e-06
0.000191646 2.44141e-05

0.000189502 2.44141e-05
0.000184479 4.88281e-05

0.000170862 4.88281e-05
0.000170898 4.8994e-05

0.000184984 4.88281e-05
0.000188461 7.32422e-05

0.000187945 7.32422e-05
0.000195313 8.82209e-05

0.000203654 0
0.000197472 2.44141e-05

0.000195313 2.48455e-05
0.000195424 2.44141e-05

0.000195313 8.8397e-05
0.000199983 9.76563e-05

0.000199102 9.76563e-05
0.000219727 0.000118932

0.000219727 0.000118013
0.000227116 0.00012207

0.000227248 0.00012207
0.000244141 0.00013104

0.000244141 0.000130464
0.000268555 0.000134677

0.000268555 0.000134646
0.000292969 0.000131326

0.000341797 9.41201e-05
0.000340009 9.76563e-05

0.000343218 0
0.000347117 2.44141e-05

0.000350954 2.44141e-05
0.000354975 4.88281e-05

0.000354957 4.88281e-05
0.000351461 7.32422e-05

0.000341797 9.36756e-05
0.000352086 7.32422e-05

0.000317383 0.000120521
0.00031426 0.00012207

0.000292969 0.000131836
0.000312762 0.00012207

0.000317383 0.00012098
0.00034091 9.76563e-05

0.000876613 0
0.000878906 6.02777e-06

0.000878906 4.57132e-06
0.00090332 3.4466e-06

0.00090332 4.56657e-06
0.000904959 0

0.00146278 0
0.00146484 5.92602e-06

0.00146484 5.39997e-06
0.00148392 2.44141e-05

0.00148321 2.44141e-05
0.00148926 2.65071e-05

0.00148926 1.7096e-05
0.00151367 1.71523e-05

0.00148926 2.44769e-05
0.00150142 2.44141e-05

0.00151367 1.71478e-05
0.00153809 1.70888e-05

0.00152584 2.44141e-05
0.00153809 2.44772e-05

0.0015625 5.40973e-06
0.00154342 2.44141e-05

0.00153809 2.65095e-05
0.00154415 2.44141e-05

0.000390625 0.003114
2.90195e-06 0.003125

0.000390625 0.00311429
0.00078125 0.00308046

0.00078125 0.00308108
0.00117187 0.00302266

0.00117188 0.00302371
0.0015625 0.00293732

0.0015625 5.96963e-06
0.00156458 0

0.00165648 0
0.00166016 8.95961e-06

0.00166016 1.04963e-05
0.00167494 2.44141e-05

0.00167407 2.44141e-05
0.00168457 2.83546e-05

0.00168457 1.88279e-05
0.00170898 1.91335e-05

0.00169679 2.44141e-05
0.00170898 2.44856e-05

0.0017334 1.14999e-05
0.0017187 2.44141e-05

0.00170898 2.81817e-05
0.00171947 2.44141e-05

0.0017334 1.28272e-05
0.00173896 0

0.0017907 0
0.00180664 1.86572e-05

0.00180664 2.51187e-06
0.00183105 1.30718e-05

0.00183105 8.34745e-06
0.00185547 1.31933e-05

0.00185547 8.15506e-06
0.00187988 1.26891e-05

0.00187988 1.39801e-05
0.0019043 1.31545e-05

0.0019043 1.38675e-05
0.00192871 5.90706e-06

0.00192871 6.1095e-06
0.00195312 1.18279e-05

0.00195312 1.01289e-05
0.00197754 1.60332e-05

0.00197754 1.55757e-05
0.00200195 1.00951e-05

0.00200195 1.60455e-05
0.00202637 2.89942e-06

0.00202637 3.2e-06
0.00205078 8.89206e-06

0.00205078 8.14539e-06
0.0020752 1.60302e-05

0.0020752 9.21344e-06
0.00209961 1.16294e-05

0.00209961 1.37626e-05
0.00212402 1.34841e-05

0.00212402 1.31771e-05
0.00214844 7.30137e-06

0.00214844 6.88292e-06
0.00217285 1.32752e-05

0.00217285 1.41085e-05
0.00219727 1.41414e-05

0.00219727 1.32675e-05
0.00222168 6.93423e-06

0.00222168 6.8968e-06
0.00224609 1.36408e-05

0.00224609 1.43321e-05
0.00227051 1.41328e-05

0.00227051 1.4078e-05
0.00229492 6.1937e-06

0.00229492 7.03401e-06
0.00231934 1.1958e-05

0.00231934 1.03039e-05
0.00234375 1.56277e-05

0.00234375 1.56356e-05
0.00236816 1.03992e-05

0.00236816 1.25224e-05
0.00239258 6.47437e-06

0.00239258 6.49213e-06
0.00241699 1.26729e-05

0.00241699 1.04517e-05
0.00244141 1.55794e-05

0.00244141 1.55681e-05
0.00246582 1.04017e-05

0.00246582 1.24777e-05
0.00249023 6.70059e-06

0.00249023 6.71057e-06
0.00251465 1.26577e-05

0.00251465 1.0529e-05
0.00253906 1.54622e-05

0.00253906 1.54487e-05
0.00256348 1.04712e-05

0.00256348 1.24328e-05
0.00258789 6.95179e-06

0.00258789 6.95333e-06
0.0026123 1.2658e-05

0.0026123 1.07015e-05
0.00263672 1.52708e-05

0.00263672 1.52145e-05
0.00266113 1.04628e-05

0.00266113 1.17581e-05
0.00268555 7.92083e-06

0.00268555 7.13815e-06
0.00270996 1.40233e-05

0.00270996 1.40841e-05
0.00273438 1.40699e-05

0.00273437 1.38543e-05
0.00275879 7.28805e-06

0.00275879 8.10602e-06
0.0027832 1.19362e-05

0.0027832 1.07366e-05
0.00280762 1.4951e-05

0.00280762 1.49384e-05
0.00283203 1.06877e-05

0.00283203 1.18163e-05
0.00285645 8.24195e-06

0.00285645 7.52175e-06
0.00288086 1.38529e-05

0.00288086 1.39485e-05
0.00290527 1.39505e-05

0.00290527 1.34367e-05
0.00292969 7.94067e-06

0.00292969 8.69033e-06
0.0029541 1.23295e-05

0.0029541 1.1612e-05
0.00297852 1.41989e-05

0.00297852 1.21067e-05
0.00300293 1.23424e-05

0.00300293 1.24499e-05
0.00302734 1.36855e-05

0.00302734 1.27256e-05
0.00305176 1.34594e-05

0.00305176 1.29903e-05
0.00307617 1.4204e-05

0.00307617 1.33714e-05
0.00310059 1.46125e-05

0.00310059 1.39246e-05
0.003125 1.51721e-05

0.00175781 0.00288094
0.00158316 0.00292969

0.0015625 0.00293612
0.00158556 0.00292969

0.00175781 0.00288151
0.00195312 0.00281825

0.00234375 0.00265967
0.00217355 0.00273438

0.00195312 0.00281859
0.00214844 0.0027449

0.00214844 0.00274511
0.00217289 0.00273438

0.00292969 0.00230966
0.00288266 0.00234375

0.003125 0.00214546
0.00312175 0.00214844

0.00302734 0.00223214
0.00301015 0.00224609

0.00297852 0.00227034
0.00294698 0.00229492

0.00292969 0.00230958
0.00294877 0.00229492

0.00297852 0.00227042
0.00300886 0.00224609

0.00302734 0.00223218
0.00312308 0.00214844

0.00244141 0.00261109
0.00238899 0.00263672

0.00234375 0.00265883
0.00238898 0.00263672

0.00244141 0.00261124
0.00253906 0.00255997

0.00273438 0.00244623
0.00257797 0.00253906

0.00253906 0.00256006
0.00257507 0.00253906

0.00283203 0.00237953
0.00273949 0.00244141

0.00273438 0.00244584
0.00274129 0.00244141

0.00283203 0.00237945
0.00288166 0.00234375

0.003125 1.44475e-05
0.00314941 1.55147e-05

0.00314941 1.48455e-05
0.00317383 1.59976e-05

0.00317383 1.53194e-05
0.00319824 1.65864e-05

0.00319824 1.65388e-05
0.00322266 1.65135e-05

0.00322266 1.56777e-05
0.00324707 1.61832e-05

0.00324707 1.54635e-05
0.00327148 1.84912e-05

0.00327148 1.7968e-05
0.0032959 1.95689e-05

0.0032959 1.88286e-05
0.00332031 1.83211e-05

0.00332031 1.79703e-05
0.00334473 1.85518e-05

0.00334473 1.90889e-05
0.00336914 1.92238e-05

0.00336914 1.17713e-05
0.0033927 2.44141e-05

0.00338936 2.44141e-05
0.00339355 2.63351e-05

0.00339355 2.42574e-05
0.00339369 2.44141e-05

0.00339355 2.9074e-05
0.00341513 4.88281e-05

0.00341593 4.88281e-05
0.00341797 5.07631e-05

0.00341797 5.12676e-05
0.00344031 7.32422e-05

0.00344048 7.32422e-05
0.00344238 7.51932e-05

0.00344238 7.55004e-05
0.00346322 9.76563e-05

0.00346374 9.76563e-05
0.0034668 0.000101075

0.0034668 0.000101588
0.00350523 0.000146484

0.00350518 0.000146484
0.00351563 0.000160172

0.00351563 0.000160535
0.00354183 0.000195313

0.00354192 0.000195313
0.00356445 0.000229099

0.00356445 0.00022973
0.00357385 0.000244141

0.00357422 0.000244141
0.00360305 0.000292969

0.00360377 0.000292969
0.00361328 0.000312138

0.00361328 0.000313467
0.00362806 0.000341797

0.00362828 0.000341797
0.00365086 0.000390625

0.00365152 0.000390625
0.00368888 0.000488281

0.00368864 0.000488281
0.00371094 0.000567358

0.00371094 0.00056866
0.00371581 0.000585938

0.0037159 0.000585937
0.00373463 0.000683594

0.00373426 0.000683594
0.00374532 0.00078125

0.00374729 0.00078125
0.00374763 0.000976562

0.00374733 0.000976562
0.00371908 0.00117188

0.00371094 0.0012008
0.00366291 0.00136719

0.00366318 0.00136719
0.00357771 0.0015625

0.00371094 0.00119731
0.00371828 0.00117187

0.00332031 0.001941
0.00331028 0.00195312

0.00351563 0.00167053
0.00346059 0.00175781

0.00341797 0.00181777
0.00339102 0.00185547

0.00332031 0.00194316
0.00339096 0.00185547

0.00345997 0.00175781
0.00342604 0.00180664

0.00341797 0.00181536
0.00342411 0.00180664

0.00331535 0.00195312
0.00312674 0.00214844

0.00357565 0.0015625
0.00352178 0.00166016

0.00351563 0.00167028
0.00352174 0.00166016

