0 7.02236e-05
0.00012207 6.99936e-05

0.00012207 6.99201e-05
0.000244141 6.99451e-05

0.000244141 7.01526e-05
0.000366211 7.01028e-05

0.000366211 6.98118e-05
0.000488281 6.99771e-05

0 0.000960403
0.00012207 0.00096064

0.00012207 0.000960644
0.000244141 0.000961346

0.000244141 0.000961349
0.000366211 0.000962505

0.000366211 0.000962507
0.000488281 0.000964108

0.000488281 7.03193e-05
0.000610352 7.0189e-05

0.000610352 6.97625e-05
0.000732422 6.9827e-05

0.000732422 7.03266e-05
0.000854492 7.02804e-05

0.000854492 6.96804e-05
0.000976562 6.98384e-05

0.000488281 0.000964111
0.000610352 0.000966146

0.000610352 0.000966148
0.000732422 0.000968606

0.000732422 0.000968602
0.000854492 0.000971489

0.000854492 0.000971481
0.000976562 0.00097482

0.000976562 7.04256e-05
0.00109863 7.04231e-05

0.00109863 6.95944e-05
0.0012207 6.99206e-05

0.0012207 7.34453e-05
0.00134277 6.79034e-05

0.00134277 6.55076e-05
0.00146484 6.56334e-05

0.000976562 0.000974821
0.00103199 0.000976562

0.00146484 7.50457e-05
0.00158691 6.64902e-05

0.00170445 0
0.00158807 0.00012207

0.00158691 0.000122204
0.0015873 0.00012207

0.00170898 4.70069e-05
0.00172643 0

0.00103288 0.000976562
0.00109863 0.000978629

0.00109863 0.00097862
0.0012207 0.000983026

0.0012207 0.000983004
0.00134277 0.000988067

0.00134277 0.000988053
0.00146484 0.000993846

0.00146484 0.000993838
0.00158691 0.00100041

0.00158691 0.00100041
0.00170898 0.00100776

0.00170898 0.00100777
0.00183105 0.0010159

0.00183105 0.00101588
0.00195312 0.00102479

0.0020187 0
0.0020752 0.000100639

0.0020752 9.10976e-05
0.00219727 4.50544e-05

0.00219727 4.41096e-05
0.00221321 0

0.00195312 0.00102476
0.0020752 0.00103451

0.0020752 0.00103449
0.00219727 0.00104516

0.00219727 0.00104514
0.00231934 0.00105682

0.00231934 0.00105677
0.00244141 0.00106962

0.00244141 0.00106954
0.00256348 0.00108382

0.00256348 0.00108368
0.00267629 0.00109863

0.00267651 0.00109863
0.00268555 0.00109983

0.00268555 0.00109984
0.00280762 0.00111823

0.00280762 0.00111822
0.00292969 0.00113886

0.00292969 0.00113875
0.00305176 0.0011619

0.00305176 0.00116187
0.00317383 0.00118779

0.00317383 0.00118737
0.0032959 0.00121694

0.0032959 0.00121694
0.00330946 0.0012207

0.00330906 0.0012207
0.00341797 0.00125092

0.00341797 0.00125108
0.00354004 0.00128871

0.00354004 0.00128846
0.00366211 0.00133001

0.00366211 0.00132968
0.00369694 0.00134277

0.00369559 0.00134277
0.00378418 0.00137608

0.00378418 0.00137613
0.00390625 0.00142594

0.00390625 0.00142562
0.00399551 0.00146484

0.00399415 0.00146484
0.00402832 0.00147986

0.00402832 0.00148003
0.00415039 0.00153664

0.00415039 0.00153641
0.00425558 0.00158691

0.00425408 0.00158691
0.00427246 0.00159574

0.00427246 0.00159593
0.00439453 0.00165518

0.00439453 0.00165489
0.00450701 0.00170898

0.00450521 0.00170898
0.0045166 0.00171446

0.0045166 0.0017146
0.00463867 0.00177134

0.00463867 0.00177099
0.00476074 0.00182462

0.00476074 0.0018234
0.00477959 0.00183105

0.00477382 0.00183105
0.00488281 0.00187534

0.00549333 0
0.00558401 0.00012207

0.00559396 0.00012207
0.00561523 0.000134122

0.00561523 0.000121647
0.00561618 0.00012207

0.00561523 0.000122424
0.0057373 0.00015414

0.0057373 0.000143172
0.00585938 0.00013892

0.00488281 0.00187491
0.00500488 0.00191908

0.00500488 0.00191886
0.00511175 0.00195312

0.00510885 0.00195312
0.00512695 0.00195893

0.00512695 0.00195879
0.00524902 0.00199177

0.00524902 0.00199154
0.00537109 0.0020175

0.00537109 0.00201765
0.00549316 0.00203674

0.00549316 0.00203684
0.00561523 0.00204855

0.00561523 0.00204866
0.0057373 0.00205259

0.0057373 0.00205273
0.00585938 0.00204839

0.00598145 0.000118188
0.00597493 0.00012207

0.00585938 0.000147403
0.00593464 0.00012207

0.00608352 0
0.00599704 0.00012207

0.00598145 0.000124491
0.00598566 0.00012207

0.00634766 0.00193645
0.00630252 0.00195312

0.00634766 0.00193548
0.00646973 0.00187607

0.0065918 0.00180289
0.00654675 0.00183105

0.00646973 0.00187517
0.00654031 0.00183105

0.00671387 0.00170622
0.00671068 0.00170898

0.00683594 0.00158005
0.00683023 0.00158691

0.00671387 0.00170625
0.00683178 0.00158691

0.0065918 0.00180158
0.00670828 0.00170898

0.00715816 0
0.00715352 0.00012207

0.00714863 0.00012207
0.00714451 0.000244141

0.00714653 0.000244141
0.00714869 0.000366211

0.00714959 0.000366211
0.00715218 0.000488281

0.00715277 0.000488281
0.00715278 0.000610352

0.00715326 0.000610352
0.00714855 0.000732422

0.00714898 0.000732422
0.00713771 0.000854492

0.0071381 0.000854492
0.00711861 0.000976562

0.00708008 0.00112866
0.00704885 0.0012207

0.00695801 0.00140537
0.00692285 0.00146484

0.00704918 0.0012207
0.00699389 0.00134277

0.00695801 0.0014052
0.00699487 0.00134277

0.00711908 0.000976562
0.00708963 0.00109863

0.00708008 0.00112746
0.00708986 0.00109863

0.00683594 0.00157966
0.00692405 0.00146484

0.00585938 0.00204858
0.00598145 0.00203532

0.00598145 0.00203553
0.00610352 0.00201255

0.00610352 0.00201263
0.00622559 0.00197933

0.00622559 0.00197893
0.00629544 0.00195312

