9.68312e-05 0
9.76563e-05 2.37521e-06

0.000101064 0
0.00012207 3.83214e-06

0.000141241 0
0.000146484 2.41031e-06

0.000170898 1.54099e-07
0.000166196 2.44141e-05

0.000170898 4.73002e-05
0.000170747 4.88281e-05

0.000195313 7.43252e-06
0.000191524 2.44141e-05

0.000189313 2.44141e-05
0.000184305 4.88281e-05

0.000170877 4.88281e-05
0.000170898 4.89289e-05

0.000184806 4.88281e-05
0.000188284 7.32422e-05

0.000187761 7.32422e-05
0.000195313 8.85725e-05

0.000203237 0
0.000197193 2.44141e-05

0.000195313 2.47859e-05
0.000195407 2.44141e-05

0.000195313 8.87508e-05
0.000199805 9.76563e-05

0.000198917 9.76563e-05
0.000219727 0.000119075

0.000219727 0.000118145
0.000226921 0.00012207

0.000227043 0.00012207
0.000244141 0.000131113

0.000244141 0.00013053
0.000268555 0.000134687

0.000268555 0.000134659
0.000292969 0.000131285

0.000341797 9.37975e-05
0.000339847 9.76563e-05

0.000343049 0
0.000346948 2.44141e-05

0.000350785 2.44141e-05
0.000354807 4.88281e-05

0.00035479 4.88281e-05
0.000351298 7.32422e-05

0.000341797 9.33567e-05
0.000351916 7.32422e-05

0.000317383 0.000120404
0.000314045 0.00012207

0.000292969 0.000131792
0.000312569 0.00012207

0.000317383 0.000120863
0.000340734 9.76563e-05

0.000877038 0
0.000878906 5.10902e-06

0.000878906 3.87504e-06
0.00090332 4.16613e-06

0.00090332 5.48946e-06
0.000905359 0

0.0014628 0
0.00146484 5.90503e-06

0.00146484 5.25907e-06
0.00148394 2.44141e-05

0.00148341 2.44141e-05
0.00148926 2.64514e-05

0.00148926 1.71007e-05
0.00151367 1.7356e-05

0.00148926 2.44553e-05
0.00150935 2.44141e-05

0.00151367 1.7355e-05
0.00153809 1.71155e-05

0.00151894 2.44141e-05
0.00153809 2.4457e-05

0.0015625 5.27556e-06
0.0015434 2.44141e-05

0.00153809 2.64479e-05
0.00154393 2.44141e-05

0 0.00312478
0.000390625 0.0031137

0.000390625 0.00311399
0.00078125 0.00308017

0.00078125 0.0030808
0.00117187 0.0030224

0.00117188 0.00302346
0.0015625 0.0029371

0.0015625 5.98478e-06
0.00156458 0

0.00165648 0
0.00166016 8.96622e-06

0.00166016 1.04973e-05
0.00167493 2.44141e-05

0.00167408 2.44141e-05
0.00168457 2.8354e-05

0.00168457 1.88375e-05
0.00170898 1.91458e-05

0.00169684 2.44141e-05
0.00170898 2.44862e-05

0.0017334 1.15043e-05
0.0017187 2.44141e-05

0.00170898 2.81843e-05
0.00171948 2.44141e-05

0.0017334 1.28305e-05
0.00173896 0

0.00179064 0
0.00180664 1.87714e-05

0.00180664 2.70208e-06
0.00183105 1.31019e-05

0.00183105 8.45937e-06
0.00185547 1.31408e-05

0.00185547 8.23088e-06
0.00187988 1.26812e-05

0.00187988 1.39421e-05
0.0019043 1.31585e-05

0.0019043 1.38444e-05
0.00192871 6.05115e-06

0.00192871 6.25348e-06
0.00195312 1.18078e-05

0.00195312 1.01606e-05
0.00197754 1.59642e-05

0.00197754 1.55233e-05
0.00200195 1.01431e-05

0.00200195 1.59754e-05
0.00202637 3.06114e-06

0.00202637 3.32706e-06
0.00205078 8.93803e-06

0.00205078 8.31722e-06
0.0020752 1.59132e-05

0.0020752 9.1712e-06
0.00209961 1.15397e-05

0.00209961 1.36407e-05
0.00212402 1.35934e-05

0.00212402 1.32305e-05
0.00214844 7.41854e-06

0.00214844 6.99053e-06
0.00217285 1.3203e-05

0.00217285 1.40965e-05
0.00219727 1.41234e-05

0.00219727 1.32593e-05
0.00222168 6.96987e-06

0.00222168 6.92481e-06
0.00224609 1.36323e-05

0.00224609 1.43292e-05
0.00227051 1.41234e-05

0.00227051 1.40744e-05
0.00229492 6.20801e-06

0.00229492 7.04461e-06
0.00231934 1.19548e-05

0.00231934 1.0306e-05
0.00234375 1.56217e-05

0.00234375 1.56284e-05
0.00236816 1.04027e-05

0.00236816 1.25225e-05
0.00239258 6.48462e-06

0.00239258 6.50164e-06
0.00241699 1.26693e-05

0.00241699 1.04528e-05
0.00244141 1.55755e-05

0.00244141 1.55643e-05
0.00246582 1.04047e-05

0.00246582 1.24813e-05
0.00249023 6.70323e-06

0.00249023 6.71254e-06
0.00251465 1.26531e-05

0.00251465 1.05262e-05
0.00253906 1.54638e-05

0.00253906 1.54509e-05
0.00256348 1.04721e-05

0.00256348 1.24415e-05
0.00258789 6.93988e-06

0.00258789 6.94012e-06
0.0026123 1.26522e-05

0.0026123 1.06938e-05
0.00263672 1.52808e-05

0.00263672 1.52251e-05
0.00266113 1.04561e-05

0.00266113 1.17565e-05
0.00268555 7.90239e-06

0.00268555 7.11916e-06
0.00270996 1.40288e-05

0.00270996 1.40837e-05
0.00273438 1.40767e-05

0.00273437 1.3863e-05
0.00275879 7.27563e-06

0.00275879 8.09701e-06
0.0027832 1.19273e-05

0.0027832 1.0719e-05
0.00280762 1.49626e-05

0.00280762 1.49592e-05
0.00283203 1.06873e-05

0.00283203 1.18312e-05
0.00285645 8.19281e-06

0.00285645 7.43536e-06
0.00288086 1.38883e-05

0.00288086 1.40177e-05
0.00290527 1.39961e-05

0.00290527 1.37253e-05
0.00292969 7.56917e-06

0.00292969 8.34207e-06
0.0029541 1.20255e-05

0.0029541 1.13523e-05
0.00297852 1.43545e-05

0.00297852 1.1908e-05
0.00300293 1.23982e-05

0.00300293 1.2379e-05
0.00302734 1.40018e-05

0.00302734 1.28488e-05
0.00305176 1.37545e-05

0.00305176 1.3281e-05
0.00307617 1.44266e-05

0.00307617 1.36683e-05
0.00310059 1.4661e-05

0.00310059 1.40959e-05
0.003125 1.51517e-05

0.00175781 0.00288076
0.00158242 0.00292969

0.0015625 0.00293591
0.00158481 0.00292969

0.00175781 0.00288133
0.00195312 0.0028181

0.00234375 0.00265959
0.0021733 0.00273438

0.00195312 0.00281844
0.00214844 0.00274478

0.00214844 0.00274497
0.00217258 0.00273438

0.00292969 0.00230975
0.00288276 0.00234375

0.003125 0.00214552
0.00312181 0.00214844

0.00302734 0.00223236
0.00301041 0.00224609

0.00297852 0.00227044
0.00294709 0.00229492

0.00292969 0.00230968
0.00294891 0.00229492

0.00297852 0.00227049
0.00300895 0.00224609

0.00302734 0.00223231
0.00312328 0.00214844

0.00244141 0.00261104
0.00238887 0.00263672

0.00234375 0.00265875
0.00238884 0.00263672

0.00244141 0.00261118
0.00253906 0.00255994

0.00273438 0.00244625
0.00257794 0.00253906

0.00253906 0.00256001
0.00257501 0.00253906

0.00283203 0.00237959
0.00273954 0.00244141

0.00273438 0.00244585
0.0027413 0.00244141

0.00283203 0.00237952
0.00288177 0.00234375

0.003125 1.45432e-05
0.00314941 1.54703e-05

0.00314941 1.49696e-05
0.00317383 1.57975e-05

0.00317383 1.5304e-05
0.00319824 1.60993e-05

0.00319824 1.55693e-05
0.00322266 1.65628e-05

0.00322266 1.60436e-05
0.00324707 1.7107e-05

0.00324707 1.66492e-05
0.00327148 1.74065e-05

0.00327148 1.66517e-05
0.0032959 1.79032e-05

0.0032959 1.75726e-05
0.00332031 1.88687e-05

0.00332031 1.76121e-05
0.00334473 1.95008e-05

0.00334473 1.99093e-05
0.00336914 2.03094e-05

0.00336914 1.34173e-05
0.00339346 2.44141e-05

0.0033913 2.44141e-05
0.00339355 2.52686e-05

0.00339355 2.71527e-05
0.00341797 4.8613e-05

0.00341738 4.88281e-05
0.00341797 4.94094e-05

0.00341797 4.95844e-05
0.00344138 7.32422e-05

0.00344159 7.32422e-05
0.00344238 7.40629e-05

0.00344238 7.42492e-05
0.0034642 9.76563e-05

0.00346474 9.76563e-05
0.0034668 9.99675e-05

0.0034668 0.000100754
0.00348542 0.00012207

0.00348521 0.00012207
0.00349121 0.000129261

0.00349121 0.000128915
0.00350562 0.000146484

0.00350587 0.000146484
0.00351563 0.000159314

0.00351563 0.000159744
0.0035423 0.000195313

0.00354245 0.000195313
0.00356445 0.000228427

0.00356445 0.000229303
0.00357412 0.000244141

0.00357458 0.000244141
0.00360332 0.000292969

0.00360405 0.000292969
0.00361328 0.000311628

0.00361328 0.000312995
0.00362826 0.000341797

0.00362848 0.000341797
0.00365102 0.000390625

0.00365167 0.000390625
0.00368897 0.000488281

0.00368876 0.000488281
0.00371094 0.000566999

0.00371094 0.000568379
0.00371589 0.000585938

0.003716 0.000585937
0.00373472 0.000683594

0.00373436 0.000683594
0.00374543 0.00078125

0.00374742 0.00078125
0.00374779 0.000976562

0.00374749 0.000976562
0.00371928 0.00117188

0.00371094 0.00120158
0.00366316 0.00136719

0.00366341 0.00136719
0.00357796 0.0015625

0.00371094 0.00119776
0.00371841 0.00117187

0.00332031 0.00194106
0.00331033 0.00195312

0.00351563 0.00167092
0.00346083 0.00175781

0.00341797 0.0018182
0.00339133 0.00185547

0.00332031 0.00194347
0.00339121 0.00185547

0.00346021 0.00175781
0.00342628 0.00180664

0.00341797 0.0018154
0.00342413 0.00180664

0.0033156 0.00195312
0.00312693 0.00214844

0.00357589 0.0015625
0.00352202 0.00166016

0.00351563 0.00167062
0.00352195 0.00166016

