9.69005e-05 0
9.76563e-05 2.18954e-06

0.000101594 0
0.00012207 3.9198e-06

0.000140977 0
0.000146484 2.3283e-06

0.000170898 1.15512e-06
0.000166139 2.44141e-05

0.000170898 4.7434e-05
0.000170758 4.88281e-05

0.000195313 7.21328e-06
0.000191497 2.44141e-05

0.00018927 2.44141e-05
0.000184266 4.88281e-05

0.000170879 4.88281e-05
0.000170898 4.89193e-05

0.000184765 4.88281e-05
0.000188244 7.32422e-05

0.000187719 7.32422e-05
0.000195313 8.86494e-05

0.000203126 0
0.000197121 2.44141e-05

0.000195313 2.47736e-05
0.000195403 2.44141e-05

0.000195313 8.8828e-05
0.000199767 9.76563e-05

0.000198877 9.76563e-05
0.000219727 0.000119104

0.000219727 0.000118171
0.000226883 0.00012207

0.000227004 0.00012207
0.000244141 0.000131124

0.000244141 0.00013054
0.000268555 0.000134684

0.000268555 0.000134657
0.000292969 0.000131269

0.000341797 9.37005e-05
0.000339798 9.76563e-05

0.000343 0
0.0003469 2.44141e-05

0.000350737 2.44141e-05
0.00035476 4.88281e-05

0.000354742 4.88281e-05
0.00035125 7.32422e-05

0.000341797 9.32645e-05
0.000351867 7.32422e-05

0.000317383 0.000120368
0.000313978 0.00012207

0.000292969 0.000131774
0.000312507 0.00012207

0.000317383 0.000120826
0.000340682 9.76563e-05

0.00087657 0
0.000878906 6.11711e-06

0.000878906 4.66568e-06
0.00090332 3.35628e-06

0.00090332 4.40097e-06
0.000904891 0

0.00146278 0
0.00146484 5.93151e-06

0.00146484 5.38404e-06
0.00148392 2.44141e-05

0.00148319 2.44141e-05
0.00148926 2.6515e-05

0.00148926 1.71119e-05
0.00151367 1.71748e-05

0.00148926 2.44765e-05
0.00150145 2.44141e-05

0.00151367 1.71493e-05
0.00153809 1.70905e-05

0.00152582 2.44141e-05
0.00153809 2.44774e-05

0.0015625 5.44234e-06
0.00154344 2.44141e-05

0.00153809 2.65096e-05
0.00154415 2.44141e-05

0 0.0031247
0.000390625 0.00311363

0.000390625 0.00311392
0.00078125 0.00308011

0.00078125 0.00308074
0.00117187 0.00302235

0.00117188 0.00302341
0.0015625 0.00293707

0.0015625 5.98497e-06
0.00156458 0

0.00165648 0
0.00166016 8.96545e-06

0.00166016 1.05034e-05
0.00167493 2.44141e-05

0.00167407 2.44141e-05
0.00168457 2.83551e-05

0.00168457 1.88312e-05
0.00170898 1.91386e-05

0.00169684 2.44141e-05
0.00170898 2.44859e-05

0.0017334 1.15104e-05
0.00171871 2.44141e-05

0.00170898 2.81827e-05
0.00171948 2.44141e-05

0.0017334 1.28321e-05
0.00173897 0

0.00179064 0
0.00180664 1.8798e-05

0.00180664 2.74367e-06
0.00183105 1.31156e-05

0.00183105 8.4867e-06
0.00185547 1.31325e-05

0.00185547 8.25679e-06
0.00187988 1.26791e-05

0.00187988 1.39331e-05
0.0019043 1.31552e-05

0.0019043 1.3837e-05
0.00192871 6.08941e-06

0.00192871 6.29113e-06
0.00195312 1.18022e-05

0.00195312 1.0167e-05
0.00197754 1.59465e-05

0.00197754 1.55106e-05
0.00200195 1.01571e-05

0.00200195 1.59608e-05
0.00202637 3.09854e-06

0.00202637 3.36863e-06
0.00205078 8.93645e-06

0.00205078 8.31224e-06
0.0020752 1.59081e-05

0.0020752 9.19424e-06
0.00209961 1.15635e-05

0.00209961 1.36615e-05
0.00212402 1.3566e-05

0.00212402 1.32149e-05
0.00214844 7.41781e-06

0.00214844 6.98813e-06
0.00217285 1.32188e-05

0.00217285 1.40945e-05
0.00219727 1.41327e-05

0.00219727 1.33649e-05
0.00222168 6.89254e-06

0.00222168 6.82211e-06
0.00224609 1.35317e-05

0.00224609 1.41734e-05
0.00227051 1.42751e-05

0.00227051 1.41604e-05
0.00229492 6.32915e-06

0.00229492 7.14272e-06
0.00231934 1.18514e-05

0.00231934 1.02977e-05
0.00234375 1.56174e-05

0.00234375 1.56204e-05
0.00236816 1.04084e-05

0.00236816 1.25257e-05
0.00239258 6.48777e-06

0.00239258 6.50315e-06
0.00241699 1.26648e-05

0.00241699 1.04508e-05
0.00244141 1.5577e-05

0.00244141 1.5565e-05
0.00246582 1.04056e-05

0.00246582 1.24842e-05
0.00249023 6.69967e-06

0.00249023 6.7088e-06
0.00251465 1.26514e-05

0.00251465 1.05237e-05
0.00253906 1.54671e-05

0.00253906 1.54536e-05
0.00256348 1.04715e-05

0.00256348 1.24468e-05
0.00258789 6.93101e-06

0.00258789 6.93115e-06
0.0026123 1.26484e-05

0.0026123 1.06869e-05
0.00263672 1.5288e-05

0.00263672 1.52324e-05
0.00266113 1.04544e-05

0.00266113 1.17564e-05
0.00268555 7.89091e-06

0.00268555 7.10862e-06
0.00270996 1.40329e-05

0.00270996 1.40853e-05
0.00273438 1.40795e-05

0.00273437 1.38712e-05
0.00275879 7.26231e-06

0.00275879 8.08136e-06
0.0027832 1.1923e-05

0.0027832 1.07128e-05
0.00280762 1.49751e-05

0.00280762 1.49716e-05
0.00283203 1.06796e-05

0.00283203 1.18206e-05
0.00285645 8.18356e-06

0.00285645 7.43914e-06
0.00288086 1.38923e-05

0.00288086 1.40171e-05
0.00290527 1.39747e-05

0.00290527 1.3599e-05
0.00292969 7.67532e-06

0.00292969 8.46573e-06
0.0029541 1.21533e-05

0.0029541 1.14724e-05
0.00297852 1.4244e-05

0.00297852 1.19469e-05
0.00300293 1.23168e-05

0.00300293 1.23099e-05
0.00302734 1.3914e-05

0.00302734 1.27449e-05
0.00305176 1.37798e-05

0.00305176 1.32566e-05
0.00307617 1.44794e-05

0.00307617 1.37137e-05
0.00310059 1.46536e-05

0.00310059 1.40987e-05
0.003125 1.5096e-05

0.00175781 0.00288073
0.0015823 0.00292969

0.0015625 0.00293588
0.00158469 0.00292969

0.00175781 0.0028813
0.00195312 0.00281808

0.00234375 0.0026596
0.0021733 0.00273438

0.00195312 0.00281843
0.00214844 0.00274478

0.00214844 0.00274496
0.00217256 0.00273438

0.00292969 0.0023098
0.00288282 0.00234375

0.003125 0.00214556
0.00312185 0.00214844

0.00302734 0.00223244
0.0030105 0.00224609

0.00297852 0.00227048
0.00294715 0.00229492

0.00292969 0.00230972
0.00294896 0.00229492

0.00297852 0.00227053
0.00300899 0.00224609

0.00302734 0.00223236
0.00312334 0.00214844

0.00244141 0.00261106
0.0023889 0.00263672

0.00234375 0.00265876
0.00238886 0.00263672

0.00244141 0.0026112
0.00253906 0.00255997

0.00273438 0.0024463
0.00257799 0.00253906

0.00253906 0.00256003
0.00257504 0.00253906

0.00283203 0.00237963
0.00273959 0.00244141

0.00273438 0.00244588
0.00274135 0.00244141

0.00283203 0.00237956
0.00288182 0.00234375

0.003125 1.44797e-05
0.00314941 1.54769e-05

0.00314941 1.4929e-05
0.00317383 1.58986e-05

0.00317383 1.53846e-05
0.00319824 1.62029e-05

0.00319824 1.57318e-05
0.00322266 1.65062e-05

0.00322266 1.59474e-05
0.00324707 1.70043e-05

0.00324707 1.66087e-05
0.00327148 1.75382e-05

0.00327148 1.67156e-05
0.0032959 1.7961e-05

0.0032959 1.75283e-05
0.00332031 1.89998e-05

0.00332031 1.83332e-05
0.00334473 1.92632e-05

0.00334473 1.90374e-05
0.00336914 1.93508e-05

0.00336914 1.33055e-05
0.00339252 2.44141e-05

0.00339144 2.44141e-05
0.00339355 2.52078e-05

0.00339355 2.65931e-05
0.00341797 4.77494e-05

0.00341797 4.81671e-05
0.00341863 4.88281e-05

0.00341797 4.893e-05
0.00344165 7.32422e-05

0.00344178 7.32422e-05
0.00344238 7.38825e-05

0.00344238 7.41149e-05
0.00346397 9.76563e-05

0.00346451 9.76563e-05
0.0034668 0.000100254

0.0034668 0.000100723
0.00350537 0.000146484

0.00350546 0.000146484
0.00351563 0.000159892

0.00351563 0.00016036
0.0035418 0.000195313

0.00354201 0.000195313
0.00356445 0.000229062

0.00356445 0.000230081
0.0035736 0.000244141

0.00357415 0.000244141
0.00360294 0.000292969

0.00360368 0.000292969
0.00361328 0.000312334

0.00361328 0.000313701
0.00362793 0.000341797

0.00362817 0.000341797
0.00365077 0.000390625

0.00365143 0.000390625
0.00368884 0.000488281

0.00368863 0.000488281
0.00371094 0.000567209

0.00371094 0.000568704
0.00371581 0.000585938

0.00371595 0.000585937
0.00373474 0.000683594

0.00373437 0.000683594
0.0037455 0.00078125

0.00374749 0.00078125
0.00374794 0.000976562

0.00374763 0.000976562
0.00371945 0.00117188

0.00371094 0.0012022
0.00366335 0.00136719

0.00366359 0.00136719
0.00357814 0.0015625

0.00371094 0.00119835
0.00371857 0.00117187

0.00332031 0.00194113
0.00331038 0.00195312

0.00351563 0.00167119
0.00346099 0.00175781

0.00341797 0.00181842
0.00339149 0.00185547

0.00332031 0.00194362
0.00339136 0.00185547

0.00346037 0.00175781
0.00342642 0.00180664

0.00341797 0.00181556
0.00342425 0.00180664

0.00331569 0.00195312
0.00312698 0.00214844

0.00357607 0.0015625
0.00352219 0.00166016

0.00351563 0.00167089
0.00352212 0.00166016

